<?xml version="1.0" encoding="UTF-8"?>
<testsuites>
  <testsuite name="listing_adal02" timestamp="2024-11-06T22:02:28Z" hostname="69151beefe4f" tests="1" skipped="0" failures="0" errors="0" time="0.259">
    <testcase time="0.258999999999999" classname="listing_adal02" name="ADAL02_listing_is_produced_correctly"/>
  </testsuite>
  <testsuite name="listing_ael01" timestamp="2024-11-06T22:02:29Z" hostname="69151beefe4f" tests="1" skipped="0" failures="0" errors="0" time="0.198">
    <testcase time="0.198" classname="listing_ael01" name="AEL01_listing_is_produced_correctly"/>
  </testsuite>
  <testsuite name="listing_ael01_nollt" timestamp="2024-11-06T22:02:29Z" hostname="69151beefe4f" tests="1" skipped="0" failures="0" errors="0" time="0.072">
    <testcase time="0.0720000000000001" classname="listing_ael01_nollt" name="AEL01_NOLLT_listing_is_produced_correctly"/>
  </testsuite>
  <testsuite name="listing_ael02" timestamp="2024-11-06T22:02:29Z" hostname="69151beefe4f" tests="1" skipped="0" failures="0" errors="0" time="0.29">
    <testcase time="0.29" classname="listing_ael02" name="AEL02_listing_is_produced_correctly"/>
  </testsuite>
  <testsuite name="listing_ael02_ed" timestamp="2024-11-06T22:02:29Z" hostname="69151beefe4f" tests="1" skipped="0" failures="0" errors="0" time="0.331">
    <testcase time="0.331" classname="listing_ael02_ed" name="AEL02_ED_listing_is_produced_correctly"/>
  </testsuite>
  <testsuite name="listing_ael03" timestamp="2024-11-06T22:02:29Z" hostname="69151beefe4f" tests="1" skipped="0" failures="0" errors="0" time="0.279">
    <testcase time="0.279" classname="listing_ael03" name="AEL03_listing_is_produced_correctly"/>
  </testsuite>
  <testsuite name="listing_ael04" timestamp="2024-11-06T22:02:30Z" hostname="69151beefe4f" tests="1" skipped="0" failures="0" errors="0" time="0.205">
    <testcase time="0.205" classname="listing_ael04" name="AEL04_listing_is_produced_correctly"/>
  </testsuite>
  <testsuite name="listing_cml01" timestamp="2024-11-06T22:02:30Z" hostname="69151beefe4f" tests="1" skipped="0" failures="0" errors="0" time="0.301">
    <testcase time="0.301" classname="listing_cml01" name="CML01_listing_is_produced_correctly"/>
  </testsuite>
  <testsuite name="listing_cml02a_gl" timestamp="2024-11-06T22:02:30Z" hostname="69151beefe4f" tests="1" skipped="0" failures="0" errors="0" time="0.074">
    <testcase time="0.0739999999999998" classname="listing_cml02a_gl" name="CML02A_GL_listing_is_produced_correctly"/>
  </testsuite>
  <testsuite name="listing_cml02b_gl" timestamp="2024-11-06T22:02:30Z" hostname="69151beefe4f" tests="1" skipped="0" failures="0" errors="0" time="0.09">
    <testcase time="0.0900000000000007" classname="listing_cml02b_gl" name="CML02B_GL_listing_is_produced_correctly"/>
  </testsuite>
  <testsuite name="listing_dsl01" timestamp="2024-11-06T22:02:30Z" hostname="69151beefe4f" tests="1" skipped="0" failures="0" errors="0" time="0.162">
    <testcase time="0.162" classname="listing_dsl01" name="DSL01_listing_is_produced_correctly"/>
  </testsuite>
  <testsuite name="listing_dsl02" timestamp="2024-11-06T22:02:31Z" hostname="69151beefe4f" tests="1" skipped="0" failures="0" errors="0" time="0.079">
    <testcase time="0.0790000000000006" classname="listing_dsl02" name="DSL02_listing_is_produced_correctly"/>
  </testsuite>
  <testsuite name="listing_dsur4" timestamp="2024-11-06T22:02:31Z" hostname="69151beefe4f" tests="1" skipped="0" failures="0" errors="0" time="0.111">
    <testcase time="0.110999999999999" classname="listing_dsur4" name="DSUR4_listing_is_produced_correctly"/>
  </testsuite>
  <testsuite name="listing_egl01" timestamp="2024-11-06T22:02:31Z" hostname="69151beefe4f" tests="1" skipped="0" failures="0" errors="0" time="0.479">
    <testcase time="0.479000000000001" classname="listing_egl01" name="EGL01_listing_is_produced_correctly"/>
  </testsuite>
  <testsuite name="listing_exl01" timestamp="2024-11-06T22:02:31Z" hostname="69151beefe4f" tests="1" skipped="0" failures="0" errors="0" time="0.226">
    <testcase time="0.225999999999999" classname="listing_exl01" name="EXL01_listing_is_produced_correctly"/>
  </testsuite>
  <testsuite name="listing_lbl01" timestamp="2024-11-06T22:02:31Z" hostname="69151beefe4f" tests="1" skipped="0" failures="0" errors="0" time="0.525">
    <testcase time="0.525" classname="listing_lbl01" name="LBL01_listing_is_produced_correctly"/>
  </testsuite>
  <testsuite name="listing_lbl01_rls" timestamp="2024-11-06T22:02:32Z" hostname="69151beefe4f" tests="1" skipped="0" failures="0" errors="0" time="0.512">
    <testcase time="0.512" classname="listing_lbl01_rls" name="LBL01_RLS_listing_is_produced_correctly"/>
  </testsuite>
  <testsuite name="listing_lbl02a" timestamp="2024-11-06T22:02:33Z" hostname="69151beefe4f" tests="1" skipped="0" failures="0" errors="0" time="0.251">
    <testcase time="0.250999999999999" classname="listing_lbl02a" name="LBL02A_listing_is_produced_correctly"/>
  </testsuite>
  <testsuite name="listing_lbl02a_rls" timestamp="2024-11-06T22:02:33Z" hostname="69151beefe4f" tests="1" skipped="0" failures="1" errors="0" time="0.899">
    <testcase time="0.899000000000001" classname="listing_lbl02a_rls" name="LBL02A_RLS_listing_is_produced_correctly">
      <failure type="failure" message="Snapshot of code has changed: ('test-listing_lbl02a_rls.R:79:3')">Snapshot of code has changed:
old[9:15] vs new[9:15]
                                                                     Study   Last Dose of              from       Reference     Reference     Change     Abnormality
    Treatment          Lab Test (Unit)           Center/Patient ID    Day     Study Drug    Result   Baseline       Range         Range     Dec./Inc.       Flag    
    ————————————————————————————————————————————————————————————————————————————————————————————————————————————————————————————————————————————————————————————————
-    Placebo    Alanine Aminotransferase (U/L)       701/1015         -7          0          27.0        0.0     10.0 -  29.0    6 - 34     40% / 40%               
+    Placebo    Alanine Aminotransferase (U/L)       701/1015         -7          0          27.0         NA     10.0 -  29.0    6 - 34     40% / 40%               
                                                                      15          22         41.0       51.9     10.0 -  29.0    6 - 34     40% / 40%        HH     
                                                                      29          14         18.0      -33.3     10.0 -  29.0    6 - 34     40% / 40%               
                                                                      42          13         26.0       -3.7     10.0 -  29.0    6 - 34     40% / 40%               

old[19:32] vs new[19:32]
                                                                      140         14         21.0      -22.2     10.0 -  29.0    6 - 34     40% / 40%               
                                                                      168         28         23.0      -14.8     10.0 -  29.0    6 - 34     40% / 40%               
                                                                      182         14         23.0      -14.8     10.0 -  29.0    6 - 34     40% / 40%               
-                                                    701/1023         -14         0          23.0        0.0     10.0 -  29.0    6 - 43     40% / 40%               
+                                                    701/1023         -14         0          23.0         NA     10.0 -  29.0    6 - 43     40% / 40%               
                                                                      23          37         30.0       30.4     10.0 -  29.0    6 - 43     40% / 40%               
                                                                      29          6          38.0       65.2     10.0 -  29.0    6 - 43     40% / 40%               
-                                                    701/1047         -21         0          22.0        0.0     10.0 -  29.0    6 - 32     40% / 40%               
+                                                    701/1047         -21         0          22.0         NA     10.0 -  29.0    6 - 32     40% / 40%               
                                                                      14          35         16.0      -27.3     10.0 -  29.0    6 - 32     40% / 40%               
                                                                      27          13         20.0       -9.1     10.0 -  29.0    6 - 32     40% / 40%               
                                                                      55          28         17.0      -22.7     10.0 -  29.0    6 - 32     40% / 40%               
-                                                    701/1118         -13         0          15.0        0.0     10.0 -  29.0    6 - 43     40% / 40%               
+                                                    701/1118         -13         0          15.0         NA     10.0 -  29.0    6 - 43     40% / 40%               
                                                                      15          28          7.0      -53.3     10.0 -  29.0    6 - 43     40% / 40%               
                                                                      29          14         15.0        0.0     10.0 -  29.0    6 - 43     40% / 40%               
                                                                      43          14         11.0      -26.7     10.0 -  29.0    6 - 43     40% / 40%               

old[36:42] vs new[36:42]
                                                                      141         28         13.0      -13.3     10.0 -  29.0    6 - 43     40% / 40%               
                                                                      169         28         13.0      -13.3     10.0 -  29.0    6 - 43     40% / 40%               
                                                                      182         13         10.0      -33.3     10.0 -  29.0    6 - 43     40% / 40%               
-                                                    701/1130         -6          0          15.0        0.0     10.0 -  29.0    6 - 35     40% / 40%               
+                                                    701/1130         -6          0          15.0         NA     10.0 -  29.0    6 - 35     40% / 40%               
                                                                      15          21         14.0       -6.7     10.0 -  29.0    6 - 35     40% / 40%               
                                                                      29          14         18.0       20.0     10.0 -  29.0    6 - 35     40% / 40%               
                                                                      43          14         13.0      -13.3     10.0 -  29.0    6 - 35     40% / 40%               

old[46:52] vs new[46:52]
                                                                      138         25         11.0      -26.7     10.0 -  29.0    6 - 35     40% / 40%               
                                                                      169         31         13.0      -13.3     10.0 -  29.0    6 - 35     40% / 40%               
                                                                      183         14         10.0      -33.3     10.0 -  29.0    6 - 35     40% / 40%               
-                                                    701/1153         -17         0          13.0        0.0     10.0 -  29.0    6 - 32     40% / 40%               
+                                                    701/1153         -17         0          13.0         NA     10.0 -  29.0    6 - 32     40% / 40%               
                                                                      16          33         14.0        7.7     10.0 -  29.0    6 - 32     40% / 40%               
                                                                      27          11         14.0        7.7     10.0 -  29.0    6 - 32     40% / 40%               
                                                                      43          16         14.0        7.7     10.0 -  29.0    6 - 32     40% / 40%               

old[56:62] vs new[56:62]
                                                                      142         34         14.0        7.7     10.0 -  29.0    6 - 32     40% / 40%               
                                                                      170         28         13.0        0.0     10.0 -  29.0    6 - 32     40% / 40%               
                                                                      191         21         14.0        7.7     10.0 -  29.0    6 - 32     40% / 40%               
-                                                    701/1203         -8          0          13.0        0.0     10.0 -  29.0    6 - 32     40% / 40%               
+                                                    701/1203         -8          0          13.0         NA     10.0 -  29.0    6 - 32     40% / 40%               
                                                                      22          30         14.0        7.7     10.0 -  29.0    6 - 32     40% / 40%               
                                                                      29          7          10.0      -23.1     10.0 -  29.0    6 - 32     40% / 40%               
    ————————————————————————————————————————————————————————————————————————————————————————————————————————————————————————————————————————————————————————————————

* Run `testthat::snapshot_accept('listing_lbl02a_rls')` to accept the change.
* Run `testthat::snapshot_review('listing_lbl02a_rls')` to interactively review the change.</failure>
    </testcase>
  </testsuite>
  <testsuite name="listing_lbl02b" timestamp="2024-11-06T22:02:34Z" hostname="69151beefe4f" tests="1" skipped="0" failures="0" errors="0" time="0.283">
    <testcase time="0.282999999999999" classname="listing_lbl02b" name="LBL02B_listing_is_produced_correctly"/>
  </testsuite>
  <testsuite name="listing_mhl01" timestamp="2024-11-06T22:02:34Z" hostname="69151beefe4f" tests="1" skipped="0" failures="0" errors="0" time="0.253">
    <testcase time="0.253" classname="listing_mhl01" name="MHL01_listing_is_produced_correctly"/>
  </testsuite>
  <testsuite name="listing_oncl01" timestamp="2024-11-06T22:02:34Z" hostname="69151beefe4f" tests="1" skipped="0" failures="0" errors="0" time="0.243">
    <testcase time="0.243" classname="listing_oncl01" name="ONCL01_listing_is_produced_correctly"/>
  </testsuite>
  <testsuite name="listing_pkcl01" timestamp="2024-11-06T22:02:34Z" hostname="69151beefe4f" tests="1" skipped="0" failures="0" errors="0" time="0.178">
    <testcase time="0.177999999999999" classname="listing_pkcl01" name="PKCL01_listing_is_produced_correctly"/>
  </testsuite>
  <testsuite name="listing_pkcl02" timestamp="2024-11-06T22:02:35Z" hostname="69151beefe4f" tests="1" skipped="0" failures="0" errors="0" time="0.207">
    <testcase time="0.207000000000001" classname="listing_pkcl02" name="PKCL02_listing_is_produced_correctly"/>
  </testsuite>
  <testsuite name="listing_pkpl01" timestamp="2024-11-06T22:02:35Z" hostname="69151beefe4f" tests="1" skipped="0" failures="0" errors="0" time="0.234">
    <testcase time="0.234" classname="listing_pkpl01" name="PKPL01_listing_is_produced_correctly"/>
  </testsuite>
  <testsuite name="listing_pkpl02" timestamp="2024-11-06T22:02:35Z" hostname="69151beefe4f" tests="1" skipped="0" failures="0" errors="0" time="0.151">
    <testcase time="0.151" classname="listing_pkpl02" name="PKPL02_listing_is_produced_correctly"/>
  </testsuite>
  <testsuite name="listing_pkpl04" timestamp="2024-11-06T22:02:35Z" hostname="69151beefe4f" tests="1" skipped="0" failures="0" errors="0" time="0.204">
    <testcase time="0.204000000000001" classname="listing_pkpl04" name="PKPL04_listing_is_produced_correctly"/>
  </testsuite>
  <testsuite name="listing_vsl01" timestamp="2024-11-06T22:02:35Z" hostname="69151beefe4f" tests="1" skipped="0" failures="0" errors="0" time="0.436">
    <testcase time="0.436" classname="listing_vsl01" name="VSL01_listing_is_produced_correctly"/>
  </testsuite>
  <testsuite name="pagination_listing" timestamp="2024-11-06T22:02:36Z" hostname="69151beefe4f" tests="13" skipped="0" failures="0" errors="0" time="5.725">
    <testcase time="0.0299999999999994" classname="pagination_listing" name="Direct_pagination_works_fine"/>
    <testcase time="0.955" classname="pagination_listing" name="Direct_pagination_works_fine"/>
    <testcase time="0.00300000000000011" classname="pagination_listing" name="Direct_pagination_works_fine"/>
    <testcase time="0.882" classname="pagination_listing" name="Direct_pagination_works_fine"/>
    <testcase time="1.21" classname="pagination_listing" name="Direct_pagination_works_fine"/>
    <testcase time="1.298" classname="pagination_listing" name="pagination_counts_the_right_number_of_lines_when_wrapping_on_keycols_is_present"/>
    <testcase time="0.00600000000000023" classname="pagination_listing" name="pagination_counts_the_right_number_of_lines_when_wrapping_on_keycols_is_present"/>
    <testcase time="0.00499999999999901" classname="pagination_listing" name="pagination_counts_the_right_number_of_lines_when_wrapping_on_keycols_is_present"/>
    <testcase time="0.00400000000000134" classname="pagination_listing" name="pagination_counts_the_right_number_of_lines_when_wrapping_on_keycols_is_present"/>
    <testcase time="1.32" classname="pagination_listing" name="pagination_counts_the_right_number_of_lines_when_wrapping_on_keycols_is_present"/>
    <testcase time="0.00499999999999901" classname="pagination_listing" name="pagination_counts_the_right_number_of_lines_when_wrapping_on_keycols_is_present"/>
    <testcase time="0.00400000000000134" classname="pagination_listing" name="pagination_counts_the_right_number_of_lines_when_wrapping_on_keycols_is_present"/>
    <testcase time="0.00300000000000011" classname="pagination_listing" name="pagination_counts_the_right_number_of_lines_when_wrapping_on_keycols_is_present"/>
  </testsuite>
  <testsuite name="pagination_table" timestamp="2024-11-06T22:02:43Z" hostname="69151beefe4f" tests="30" skipped="0" failures="0" errors="0" time="14.307">
    <testcase time="1.836" classname="pagination_table" name="Direct_pagination_with_standard_values"/>
    <testcase time="0.00399999999999778" classname="pagination_table" name="Direct_pagination_with_standard_values"/>
    <testcase time="0.00300000000000011" classname="pagination_table" name="Direct_pagination_with_standard_values"/>
    <testcase time="1.298" classname="pagination_table" name="Pagination_with_specific_column_widths_and_minimum_lines_per_page"/>
    <testcase time="0.00300000000000011" classname="pagination_table" name="Pagination_with_specific_column_widths_and_minimum_lines_per_page"/>
    <testcase time="0.131" classname="pagination_table" name="Pagination_with_specific_column_widths_and_minimum_lines_per_page"/>
    <testcase time="1.011" classname="pagination_table" name="Pagination_works_also_if_table_is_decorated"/>
    <testcase time="0.741" classname="pagination_table" name="Pagination_works_also_if_table_is_decorated"/>
    <testcase time="0.786000000000001" classname="pagination_table" name="Pagination_works_also_if_table_is_decorated"/>
    <testcase time="0.640999999999998" classname="pagination_table" name="Pagination_works_also_if_table_is_decorated"/>
    <testcase time="1.305" classname="pagination_table" name="Pagination_works_also_if_table_is_decorated"/>
    <testcase time="0.303000000000001" classname="pagination_table" name="Pagination_works_also_if_table_is_decorated"/>
    <testcase time="0.00300000000000011" classname="pagination_table" name="Pagination_works_also_if_table_is_decorated"/>
    <testcase time="0.0249999999999986" classname="pagination_table" name="Pagination_works_also_if_table_is_decorated"/>
    <testcase time="0.145" classname="pagination_table" name="Pagination_works_also_if_table_is_decorated"/>
    <testcase time="0.0920000000000023" classname="pagination_table" name="Pagination_works_also_if_table_is_decorated"/>
    <testcase time="0.689" classname="pagination_table" name="Pagination_works_for_page_types"/>
    <testcase time="0.0839999999999996" classname="pagination_table" name="Pagination_works_for_page_types"/>
    <testcase time="0.689999999999998" classname="pagination_table" name="Pagination_works_for_page_types"/>
    <testcase time="0.0820000000000007" classname="pagination_table" name="Pagination_works_for_page_types"/>
    <testcase time="0.655000000000001" classname="pagination_table" name="Pagination_works_for_page_types"/>
    <testcase time="0.401" classname="pagination_table" name="Pagination_works_for_page_types"/>
    <testcase time="0.698" classname="pagination_table" name="Pagination_works_for_page_width_and_height"/>
    <testcase time="0.129999999999999" classname="pagination_table" name="Pagination_works_for_page_width_and_height"/>
    <testcase time="0.777000000000001" classname="pagination_table" name="Pagination_works_for_page_types"/>
    <testcase time="0.161000000000001" classname="pagination_table" name="Pagination_works_for_page_types"/>
    <testcase time="0.852999999999998" classname="pagination_table" name="AET04_variant_2_page_by_pagination_tests"/>
    <testcase time="0.609999999999999" classname="pagination_table" name="AET04_variant_2_page_by_pagination_tests"/>
    <testcase time="0.00200000000000244" classname="pagination_table" name="AET04_variant_2_page_by_pagination_tests"/>
    <testcase time="0.147999999999996" classname="pagination_table" name="AET04_variant_2_page_by_pagination_tests"/>
  </testsuite>
  <testsuite name="table_adat03" timestamp="2024-11-06T22:02:56Z" hostname="69151beefe4f" tests="2" skipped="0" failures="0" errors="0" time="0.542">
    <testcase time="0.408000000000001" classname="table_adat03" name="ADAT03_is_produced_correctly"/>
    <testcase time="0.134" classname="table_adat03" name="ADAT03_is_produced_correctly"/>
  </testsuite>
  <testsuite name="table_aet01" timestamp="2024-11-06T22:02:56Z" hostname="69151beefe4f" tests="8" skipped="0" failures="0" errors="0" time="1.722">
    <testcase time="0.344999999999999" classname="table_aet01" name="Safety_Summary_Variant_1_works_as_expected"/>
    <testcase time="0.0990000000000038" classname="table_aet01" name="Safety_Summary_Variant_1_works_as_expected"/>
    <testcase time="0.317" classname="table_aet01" name="Safety_Summary_Variant_2_with_Medical_Concepts_Section_works_as_expected"/>
    <testcase time="0.134999999999998" classname="table_aet01" name="Safety_Summary_Variant_2_with_Medical_Concepts_Section_works_as_expected"/>
    <testcase time="0.254000000000005" classname="table_aet01" name="Safety_Summary_Variant_3_with_Modified_Rows_works_as_expected"/>
    <testcase time="0.0989999999999966" classname="table_aet01" name="Safety_Summary_Variant_3_with_Modified_Rows_works_as_expected"/>
    <testcase time="0.344000000000001" classname="table_aet01" name="Safety_Summary_Variant_4_with_Rows_Counting_Events_and_Additional_Sections_works_as_expected"/>
    <testcase time="0.128999999999998" classname="table_aet01" name="Safety_Summary_Variant_4_with_Rows_Counting_Events_and_Additional_Sections_works_as_expected"/>
  </testsuite>
  <testsuite name="table_aet01_aesi" timestamp="2024-11-06T22:02:58Z" hostname="69151beefe4f" tests="8" skipped="0" failures="2" errors="0" time="2.652">
    <testcase time="0.262" classname="table_aet01_aesi" name="AET01_AESI_Variant_1_works_as_expected"/>
    <testcase time="0.106999999999999" classname="table_aet01_aesi" name="AET01_AESI_Variant_1_works_as_expected"/>
    <testcase time="0.440000000000005" classname="table_aet01_aesi" name="AET01_AESI_Variant_2_works_as_expected"/>
    <testcase time="0.161999999999999" classname="table_aet01_aesi" name="AET01_AESI_Variant_2_works_as_expected">
      <failure type="failure" message="Snapshot of code has changed: ('test-table_aet01_aesi.R:181:3')">Snapshot of code has changed:
old vs new
  Code
    res
  Output
-                                                                                       Placebo     Xanomeline High Dose   Xanomeline Low Dose
+                                                                                     Placebo     Xanomeline High Dose   Xanomeline Low Dose
-                                                                                        (N=86)            (N=72)                (N=96)       
+                                                                                      (N=86)            (N=72)                (N=96)       
-   ——————————————————————————————————————————————————————————————————————————————————————————————————————————————————————————————————————————
+   ————————————————————————————————————————————————————————————————————————————————————————————————————————————————————————————————————————
-   Total number of patients with at least one AE                                      37 (43.0%)        61 (84.7%)            64 (66.7%)     
+   Total number of patients with at least one AE                                    37 (43.0%)        61 (84.7%)            64 (66.7%)     
-   Total number of AEs                                                                    75               197                    181        
+   Total number of AEs                                                                  75               197                    181        
-   Total number of patients with at least one AE by worst grade                                                                              
+   Total number of patients with at least one AE by worst grade                                                                            
-     Grade 1                                                                          16 (18.6%)        28 (38.9%)            30 (31.2%)     
+     Grade 1                                                                        16 (18.6%)        28 (38.9%)            30 (31.2%)     
-     Grade 2                                                                          13 (15.1%)        19 (26.4%)            18 (18.8%)     
+     Grade 2                                                                        13 (15.1%)        19 (26.4%)            18 (18.8%)     
-     Grade 3                                                                           2 (2.3%)          7 (9.7%)              5 (5.2%)      
+     Grade 3                                                                         2 (2.3%)          7 (9.7%)              5 (5.2%)      
-     Grade 4                                                                           5 (5.8%)          6 (8.3%)              9 (9.4%)      
+     Grade 4                                                                         5 (5.8%)          6 (8.3%)              9 (9.4%)      
-     Grade 5 (fatal outcome)                                                           1 (1.2%)          1 (1.4%)              2 (2.1%)      
+     Grade 5 (fatal outcome)                                                         1 (1.2%)          1 (1.4%)              2 (2.1%)      
-   Total number of patients with study drug withdrawn due to AE                           0                 0                      0         
+   Total number of patients with study drug withdrawn due to AE                         0                 0                      0         
-   Total number of patients with dose modified/interrupted due to AE                      0                 0                      0         
+   Total number of patients with dose modified/interrupted due to AE                    0                 0                      0         
-   Total number of patients with treatment received for AE                            37 (43.0%)        61 (84.7%)            64 (66.7%)     
+   Total number of patients with treatment received for AE                          37 (43.0%)        61 (84.7%)            64 (66.7%)     
-   Total number of patients with all non-fatal AEs resolved                            7 (8.1%)          1 (1.4%)              4 (4.2%)      
+   Total number of patients with all non-fatal AEs resolved                          7 (8.1%)          1 (1.4%)              4 (4.2%)      
-     No. of patients with study drug withdrawn due to resolved AE                         0                 0                      0         
+   No. of patients with study drug withdrawn due to resolved AE                         0                 0                      0         
-     No. of patients with dose modified/interrupted due to resolved AE                    0                 0                      0         
+   No. of patients with dose modified/interrupted due to resolved AE                    0                 0                      0         
-     No. of patients with treatment received for resolved AE                           7 (8.1%)          1 (1.4%)              4 (4.2%)      
+   No. of patients with treatment received for resolved AE                           7 (8.1%)          1 (1.4%)              4 (4.2%)      
-   Total number of patients with at least one unresolved or ongoing non-fatal AE      30 (34.9%)        60 (83.3%)            60 (62.5%)     
+   Total number of patients with at least one unresolved or ongoing non-fatal AE    30 (34.9%)        60 (83.3%)            60 (62.5%)     
-     No. of patients with study drug withdrawn due to unresolved or ongoing AE            0                 0                      0         
+   No. of patients with study drug withdrawn due to unresolved or ongoing AE            0                 0                      0         
-     No. of patients with dose modified/interrupted due to unresolved or ongoing AE       0                 0                      0         
+   No. of patients with dose modified/interrupted due to unresolved or ongoing AE       0                 0                      0         
-     No. of patients with treatment received for unresolved or ongoing AE             30 (34.9%)        60 (83.3%)            60 (62.5%)     
+   No. of patients with treatment received for unresolved or ongoing AE             30 (34.9%)        60 (83.3%)            60 (62.5%)     
-   Total number of patients with at least one serious AE                                  0                 0                      0         
+   Total number of patients with at least one serious AE                                0                 0                      0         
-     No. of patients with study drug withdrawn due to serious AE                          0                 0                      0         
+   No. of patients with study drug withdrawn due to serious AE                          0                 0                      0         
-     No. of patients with treatment received for serious AE                               0                 0                      0         
+   No. of patients with treatment received for serious AE                               0                 0                      0         
-     No. of patients with dose modified/interrupted due to serious AE                     0                 0                      0         
+   No. of patients with dose modified/interrupted due to serious AE                     0                 0                      0         
-   Total number of patients with at least one related AE                                  0                 0                      0         
+   Total number of patients with at least one related AE                                0                 0                      0         
-     No. of patients with study drug withdrawn due to related AE                          0                 0                      0         
+   No. of patients with study drug withdrawn due to related AE                          0                 0                      0         
-     No. of patients with dose modified/interrupted due to related AE                     0                 0                      0         
+   No. of patients with dose modified/interrupted due to related AE                     0                 0                      0         
-     No. of patients with treatment received for related AE                               0                 0                      0         
+   No. of patients with treatment received for related AE                               0                 0                      0         
-     No. of patients with serious, related AE                                             0                 0                      0         
+   No. of patients with serious, related AE                                             0                 0                      0         

* Run `testthat::snapshot_accept('table_aet01_aesi')` to accept the change.
* Run `testthat::snapshot_review('table_aet01_aesi')` to interactively review the change.</failure>
    </testcase>
    <testcase time="0.658999999999999" classname="table_aet01_aesi" name="AET01_AESI_Variant_3_works_as_expected"/>
    <testcase time="0.238" classname="table_aet01_aesi" name="AET01_AESI_Variant_3_works_as_expected">
      <failure type="failure" message="Snapshot of code has changed: ('test-table_aet01_aesi.R:410:3')">Snapshot of code has changed:
old vs new
  Code
    res
  Output
-                                                                                                         Placebo     Xanomeline High Dose   Xanomeline Low Dose
+                                                                                                       Placebo     Xanomeline High Dose   Xanomeline Low Dose
-                                                                                                          (N=86)            (N=72)                (N=96)       
+                                                                                                        (N=86)            (N=72)                (N=96)       
-   ————————————————————————————————————————————————————————————————————————————————————————————————————————————————————————————————————————————————————————————
+   ——————————————————————————————————————————————————————————————————————————————————————————————————————————————————————————————————————————————————————————
-   Total number of patients with at least one AE                                                        37 (43.0%)        61 (84.7%)            64 (66.7%)     
+   Total number of patients with at least one AE                                                      37 (43.0%)        61 (84.7%)            64 (66.7%)     
-   Total number of AEs                                                                                      75               197                    181        
+   Total number of AEs                                                                                    75               197                    181        
-   Total number of patients with at least one AE by worst grade                                                                                                
+   Total number of patients with at least one AE by worst grade                                                                                              
-     Grade 1                                                                                            16 (18.6%)        28 (38.9%)            30 (31.2%)     
+     Grade 1                                                                                          16 (18.6%)        28 (38.9%)            30 (31.2%)     
-     Grade 2                                                                                            13 (15.1%)        19 (26.4%)            18 (18.8%)     
+     Grade 2                                                                                          13 (15.1%)        19 (26.4%)            18 (18.8%)     
-     Grade 3                                                                                             2 (2.3%)          7 (9.7%)              5 (5.2%)      
+     Grade 3                                                                                           2 (2.3%)          7 (9.7%)              5 (5.2%)      
-     Grade 4                                                                                             5 (5.8%)          6 (8.3%)              9 (9.4%)      
+     Grade 4                                                                                           5 (5.8%)          6 (8.3%)              9 (9.4%)      
-     Grade 5 (fatal outcome)                                                                             1 (1.2%)          1 (1.4%)              2 (2.1%)      
+     Grade 5 (fatal outcome)                                                                           1 (1.2%)          1 (1.4%)              2 (2.1%)      
-   Total number of patients with study drug 1 withdrawn due to AE                                           0                 0                      0         
+   Total number of patients with study drug 1 withdrawn due to AE                                         0                 0                      0         
-   Total number of patients with study drug 2 withdrawn due to AE                                           0                 0                      0         
+   Total number of patients with study drug 2 withdrawn due to AE                                         0                 0                      0         
-   Total number of patients with dose of study drug 1 modified/interrupted due to AE                        0                 0                      0         
+   Total number of patients with dose of study drug 1 modified/interrupted due to AE                      0                 0                      0         
-   Total number of patients with dose of study drug 2 modified/interrupted due to AE                        0                 0                      0         
+   Total number of patients with dose of study drug 2 modified/interrupted due to AE                      0                 0                      0         
-   Total number of patients with treatment received for AE                                              37 (43.0%)        61 (84.7%)            64 (66.7%)     
+   Total number of patients with treatment received for AE                                            37 (43.0%)        61 (84.7%)            64 (66.7%)     
-   Total number of patients with all non-fatal AEs resolved                                              7 (8.1%)          1 (1.4%)              4 (4.2%)      
+   Total number of patients with all non-fatal AEs resolved                                            7 (8.1%)          1 (1.4%)              4 (4.2%)      
-     No. of patients with study drug 1 withdrawn due to resolved AE                                         0                 0                      0         
+   No. of patients with study drug 1 withdrawn due to resolved AE                                         0                 0                      0         
-     No. of patients with study drug 2 withdrawn due to resolved AE                                         0                 0                      0         
+   No. of patients with study drug 2 withdrawn due to resolved AE                                         0                 0                      0         
-     No. of patients with dose of study drug 1 modified/interrupted due to resolved AE                      0                 0                      0         
+   No. of patients with dose of study drug 1 modified/interrupted due to resolved AE                      0                 0                      0         
-     No. of patients with dose of study drug 2 modified/interrupted due to resolved AE                      0                 0                      0         
+   No. of patients with dose of study drug 2 modified/interrupted due to resolved AE                      0                 0                      0         
-     No. of patients with treatment received for resolved AE                                             7 (8.1%)          1 (1.4%)              4 (4.2%)      
+   No. of patients with treatment received for resolved AE                                             7 (8.1%)          1 (1.4%)              4 (4.2%)      
-   Total number of patients with at least one non-fatal unresolved or ongoing AE                        30 (34.9%)        60 (83.3%)            60 (62.5%)     
+   Total number of patients with at least one non-fatal unresolved or ongoing AE                      30 (34.9%)        60 (83.3%)            60 (62.5%)     
-     No. of patients with study drug 1 withdrawn due to unresolved or ongoing AE                            0                 0                      0         
+   No. of patients with study drug 1 withdrawn due to unresolved or ongoing AE                            0                 0                      0         
-     No. of patients with study drug 2 withdrawn due to unresolved or ongoing AE                            0                 0                      0         
+   No. of patients with study drug 2 withdrawn due to unresolved or ongoing AE                            0                 0                      0         
-     No. of patients with dose of study drug 1 modified/interrupted due to unresolved or ongoing AE         0                 0                      0         
+   No. of patients with dose of study drug 1 modified/interrupted due to unresolved or ongoing AE         0                 0                      0         
-     No. of patients with dose of study drug 2 modified/interrupted due to unresolved or ongoing AE         0                 0                      0         
+   No. of patients with dose of study drug 2 modified/interrupted due to unresolved or ongoing AE         0                 0                      0         
-     No. of patients with treatment received for unresolved or ongoing AE                               30 (34.9%)        60 (83.3%)            60 (62.5%)     
+   No. of patients with treatment received for unresolved or ongoing AE                               30 (34.9%)        60 (83.3%)            60 (62.5%)     
-   Total number of patients with at least one serious AE                                                    0                 0                      0         
+   Total number of patients with at least one serious AE                                                  0                 0                      0         
-     No. of patients with study drug 1 withdrawn due to serious AE                                          0                 0                      0         
+   No. of patients with study drug 1 withdrawn due to serious AE                                          0                 0                      0         
-     No. of patients with study drug 2 withdrawn due to serious AE                                          0                 0                      0         
+   No. of patients with study drug 2 withdrawn due to serious AE                                          0                 0                      0         
-     No. of patients with dose of study drug 1 modified/interrupted due to serious AE                       0                 0                      0         
+   No. of patients with dose of study drug 1 modified/interrupted due to serious AE                       0                 0                      0         
-     No. of patients with dose of study drug 2 modified/interrupted due to serious AE                       0                 0                      0         
+   No. of patients with dose of study drug 2 modified/interrupted due to serious AE                       0                 0                      0         
-     No. of patients with treatment received for serious AE                                                 0                 0                      0         
+   No. of patients with treatment received for serious AE                                                 0                 0                      0         
-   Total number of patients with at least one AE related to study drug 1                                    0                 0                      0         
+   Total number of patients with at least one AE related to study drug 1                                  0                 0                      0         
-     No. of patients with study drug 1 withdrawn due to AE related to study drug 1                          0                 0                      0         
+   No. of patients with study drug 1 withdrawn due to AE related to study drug 1                          0                 0                      0         
-     No. of patients with study drug 1 withdrawn due to AE related to study drug 2                          0                 0                      0         
+   No. of patients with study drug 1 withdrawn due to AE related to study drug 2                          0                 0                      0         
-     No. of patients with dose of study drug 1 modified/interrupted due to AE related to study drug 1       0                 0                      0         
+   No. of patients with dose of study drug 1 modified/interrupted due to AE related to study drug 1       0                 0                      0         
-     No. of patients with dose of study drug 1 modified/interrupted due to AE related to study drug 2       0                 0                      0         
+   No. of patients with dose of study drug 1 modified/interrupted due to AE related to study drug 2       0                 0                      0         
-     No. of patients with treatment received for AE related to study drug 1                                 0                 0                      0         
+   No. of patients with treatment received for AE related to study drug 1                                 0                 0                      0         
-     No. of patients with serious AE related to study drug 1                                                0                 0                      0         
+   No. of patients with serious AE related to study drug 1                                                0                 0                      0         
-   Total number of patients with at least one AE related to study drug 2                                    0                 0                      0         
+   Total number of patients with at least one AE related to study drug 2                                  0                 0                      0         
-     No. of patients with study drug 2 withdrawn due to AE related to study drug 1                          0                 0                      0         
+   No. of patients with study drug 2 withdrawn due to AE related to study drug 1                          0                 0                      0         
-     No. of patients with study drug 2 withdrawn due to AE related to study drug 2                          0                 0                      0         
+   No. of patients with study drug 2 withdrawn due to AE related to study drug 2                          0                 0                      0         
-     No. of patients with dose of study drug 2 modified/interrupted due to AE related to study drug 1       0                 0                      0         
+   No. of patients with dose of study drug 2 modified/interrupted due to AE related to study drug 1       0                 0                      0         
-     No. of patients with dose of study drug 2 modified/interrupted due to AE related to study drug 2       0                 0                      0         
+   No. of patients with dose of study drug 2 modified/interrupted due to AE related to study drug 2       0                 0                      0         
-     No. of patients with treatment received for AE related to study drug 2                                 0                 0                      0         
+   No. of patients with treatment received for AE related to study drug 2                                 0                 0                      0         
-     No. of patients with serious AE related to study drug 2                                                0                 0                      0         
+   No. of patients with serious AE related to study drug 2                                                0                 0                      0         

* Run `testthat::snapshot_accept('table_aet01_aesi')` to accept the change.
* Run `testthat::snapshot_review('table_aet01_aesi')` to interactively review the change.</failure>
    </testcase>
    <testcase time="0.561" classname="table_aet01_aesi" name="AET01_AESI_Variant_4_works_as_expected"/>
    <testcase time="0.222999999999999" classname="table_aet01_aesi" name="AET01_AESI_Variant_4_works_as_expected"/>
  </testsuite>
  <testsuite name="table_aet02" timestamp="2024-11-06T22:03:01Z" hostname="69151beefe4f" tests="26" skipped="0" failures="0" errors="0" time="8.305">
    <testcase time="0.547000000000004" classname="table_aet02" name="AET02_variant_1_is_produced_correctly"/>
    <testcase time="0.202999999999996" classname="table_aet02" name="AET02_variant_1_is_produced_correctly"/>
    <testcase time="0.450000000000003" classname="table_aet02" name="AET02_variant_1_is_produced_correctly"/>
    <testcase time="0.103999999999999" classname="table_aet02" name="AET02_variant_1_is_produced_correctly"/>
    <testcase time="0.883000000000003" classname="table_aet02" name="AET02_variant_2_is_produced_correctly"/>
    <testcase time="0.183999999999997" classname="table_aet02" name="AET02_variant_2_is_produced_correctly"/>
    <testcase time="0.899000000000001" classname="table_aet02" name="AET02_variant_3_is_produced_correctly"/>
    <testcase time="0.286999999999999" classname="table_aet02" name="AET02_variant_3_is_produced_correctly"/>
    <testcase time="0.119" classname="table_aet02" name="AET02_variant_4_is_produced_correctly"/>
    <testcase time="0.097999999999999" classname="table_aet02" name="AET02_variant_4_is_produced_correctly"/>
    <testcase time="0.385000000000005" classname="table_aet02" name="AET02_variant_5_is_produced_correctly"/>
    <testcase time="0.155999999999999" classname="table_aet02" name="AET02_variant_5_is_produced_correctly"/>
    <testcase time="0.393999999999998" classname="table_aet02" name="AET02_variant_6_is_produced_correctly"/>
    <testcase time="0.097999999999999" classname="table_aet02" name="AET02_variant_6_is_produced_correctly"/>
    <testcase time="0.905000000000001" classname="table_aet02" name="AET02_variant_7_is_produced_correctly"/>
    <testcase time="0.143999999999998" classname="table_aet02" name="AET02_variant_7_is_produced_correctly"/>
    <testcase time="0.392000000000003" classname="table_aet02" name="AET02_variant_8_is_produced_correctly"/>
    <testcase time="0.0749999999999957" classname="table_aet02" name="AET02_variant_8_is_produced_correctly"/>
    <testcase time="0.407000000000004" classname="table_aet02" name="AET02_variant_9_is_produced_correctly"/>
    <testcase time="0.100000000000001" classname="table_aet02" name="AET02_variant_9_is_produced_correctly"/>
    <testcase time="0.406999999999996" classname="table_aet02" name="AET02_variant_10_is_produced_correctly"/>
    <testcase time="0.0859999999999985" classname="table_aet02" name="AET02_variant_10_is_produced_correctly"/>
    <testcase time="0.407000000000004" classname="table_aet02" name="AET02_variant_11_is_produced_correctly"/>
    <testcase time="0.0850000000000009" classname="table_aet02" name="AET02_variant_11_is_produced_correctly"/>
    <testcase time="0.397999999999996" classname="table_aet02" name="AET02_variant_12_is_produced_correctly"/>
    <testcase time="0.0920000000000059" classname="table_aet02" name="AET02_variant_12_is_produced_correctly"/>
  </testsuite>
  <testsuite name="table_aet02_smq" timestamp="2024-11-06T22:03:09Z" hostname="69151beefe4f" tests="4" skipped="0" failures="0" errors="0" time="0.433">
    <testcase time="0.116999999999997" classname="table_aet02_smq" name="AET02SMQ_variant_1_is_produced_correctly"/>
    <testcase time="0.070999999999998" classname="table_aet02_smq" name="AET02SMQ_variant_1_is_produced_correctly"/>
    <testcase time="0.152999999999999" classname="table_aet02_smq" name="AET02SMQ_variant_2_is_produced_correctly"/>
    <testcase time="0.0919999999999987" classname="table_aet02_smq" name="AET02SMQ_variant_2_is_produced_correctly"/>
  </testsuite>
  <testsuite name="table_aet03" timestamp="2024-11-06T22:03:10Z" hostname="69151beefe4f" tests="6" skipped="0" failures="0" errors="0" time="4.919">
    <testcase time="1.116" classname="table_aet03" name="AET03_variant_1_is_produced_correctly"/>
    <testcase time="0.427999999999997" classname="table_aet03" name="AET03_variant_1_is_produced_correctly"/>
    <testcase time="1.38200000000001" classname="table_aet03" name="AET03_variant_1_is_produced_correctly"/>
    <testcase time="0.687999999999995" classname="table_aet03" name="AET03_variant_1_is_produced_correctly"/>
    <testcase time="1.094" classname="table_aet03" name="AET03_variant_1_is_produced_correctly"/>
    <testcase time="0.210999999999999" classname="table_aet03" name="AET03_variant_1_is_produced_correctly"/>
  </testsuite>
  <testsuite name="table_aet04" timestamp="2024-11-06T22:03:15Z" hostname="69151beefe4f" tests="30" skipped="0" failures="0" errors="0" time="12.486">
    <testcase time="0.756" classname="table_aet04" name="AET04_variant_1_is_produced_correctly"/>
    <testcase time="0.318000000000005" classname="table_aet04" name="AET04_variant_1_is_produced_correctly"/>
    <testcase time="0.775999999999996" classname="table_aet04" name="AET04_variant_1_is_produced_correctly"/>
    <testcase time="0.0570000000000022" classname="table_aet04" name="AET04_variant_1_is_produced_correctly"/>
    <testcase time="0.0390000000000015" classname="table_aet04" name="AET04_variant_1_is_produced_correctly"/>
    <testcase time="0.684999999999995" classname="table_aet04" name="AET04_variant_2_is_produced_correctly_Fill_in_of_Treatment_Groups_"/>
    <testcase time="0.302" classname="table_aet04" name="AET04_variant_2_is_produced_correctly_Fill_in_of_Treatment_Groups_"/>
    <testcase time="0.719999999999999" classname="table_aet04" name="AET04_variant_2_is_produced_correctly_Fill_in_of_Treatment_Groups_"/>
    <testcase time="0.0400000000000063" classname="table_aet04" name="AET04_variant_2_is_produced_correctly_Fill_in_of_Treatment_Groups_"/>
    <testcase time="0.0529999999999973" classname="table_aet04" name="AET04_variant_2_is_produced_correctly_Fill_in_of_Treatment_Groups_"/>
    <testcase time="0.701999999999998" classname="table_aet04" name="AET04_variant_3_is_produced_correctly_Fill_in_of_Grades_"/>
    <testcase time="0.558" classname="table_aet04" name="AET04_variant_3_is_produced_correctly_Fill_in_of_Grades_"/>
    <testcase time="0.75" classname="table_aet04" name="AET04_variant_3_is_produced_correctly_Fill_in_of_Grades_"/>
    <testcase time="0.0410000000000039" classname="table_aet04" name="AET04_variant_3_is_produced_correctly_Fill_in_of_Grades_"/>
    <testcase time="0.0449999999999946" classname="table_aet04" name="AET04_variant_3_is_produced_correctly_Fill_in_of_Grades_"/>
    <testcase time="0.650000000000006" classname="table_aet04" name="AET04_variant_4_is_produced_correctly_Collapsing_of_Grades_grades_1_2_grades_3_4_5_"/>
    <testcase time="0.305" classname="table_aet04" name="AET04_variant_4_is_produced_correctly_Collapsing_of_Grades_grades_1_2_grades_3_4_5_"/>
    <testcase time="0.720999999999997" classname="table_aet04" name="AET04_variant_4_is_produced_correctly_Collapsing_of_Grades_grades_1_2_grades_3_4_5_"/>
    <testcase time="0.701999999999998" classname="table_aet04" name="AET04_variant_6_is_produced_correctly_with_an_Incidence_Rate_of_at_Least_5_totals_restricted_"/>
    <testcase time="0.307000000000002" classname="table_aet04" name="AET04_variant_6_is_produced_correctly_with_an_Incidence_Rate_of_at_Least_5_totals_restricted_"/>
    <testcase time="0.738" classname="table_aet04" name="AET04_variant_6_is_produced_correctly_with_an_Incidence_Rate_of_at_Least_5_totals_restricted_"/>
    <testcase time="0.0100000000000051" classname="table_aet04" name="AET04_variant_8_is_produced_correctly_with_an_Incidence_Rate_of_at_Least_X_Patients_"/>
    <testcase time="0.317999999999998" classname="table_aet04" name="AET04_variant_8_is_produced_correctly_with_an_Incidence_Rate_of_at_Least_X_Patients_"/>
    <testcase time="0.744" classname="table_aet04" name="AET04_variant_8_is_produced_correctly_with_an_Incidence_Rate_of_at_Least_X_Patients_"/>
    <testcase time="0.0129999999999981" classname="table_aet04" name="AET04_variant_9_is_produced_correctly_with_a_Difference_in_Incidence_Rate_of_at_Least_X_"/>
    <testcase time="0.311" classname="table_aet04" name="AET04_variant_9_is_produced_correctly_with_a_Difference_in_Incidence_Rate_of_at_Least_X_"/>
    <testcase time="0.75" classname="table_aet04" name="AET04_variant_9_is_produced_correctly_with_a_Difference_in_Incidence_Rate_of_at_Least_X_"/>
    <testcase time="0.00999999999999801" classname="table_aet04" name="AET04_variant_11_is_produced_correctly_with_Incidence_Rate_of_at_Least_X_all_SOCs_w_o_preferred_terms_removed_"/>
    <testcase time="0.312000000000005" classname="table_aet04" name="AET04_variant_11_is_produced_correctly_with_Incidence_Rate_of_at_Least_X_all_SOCs_w_o_preferred_terms_removed_"/>
    <testcase time="0.752999999999993" classname="table_aet04" name="AET04_variant_11_is_produced_correctly_with_Incidence_Rate_of_at_Least_X_all_SOCs_w_o_preferred_terms_removed_"/>
  </testsuite>
  <testsuite name="table_aet04_pi" timestamp="2024-11-06T22:03:27Z" hostname="69151beefe4f" tests="18" skipped="0" failures="0" errors="0" time="6.637">
    <testcase time="0.563000000000002" classname="table_aet04_pi" name="AET04_PI_full_table_is_produced_correctly"/>
    <testcase time="0.241" classname="table_aet04_pi" name="AET04_PI_full_table_is_produced_correctly"/>
    <testcase time="0.596000000000004" classname="table_aet04_pi" name="AET04_PI_variant_1_is_produced_correctly"/>
    <testcase time="0.188999999999993" classname="table_aet04_pi" name="AET04_PI_variant_1_is_produced_correctly"/>
    <testcase time="0.587000000000003" classname="table_aet04_pi" name="AET04_PI_variant_2_is_produced_correctly"/>
    <testcase time="0.122" classname="table_aet04_pi" name="AET04_PI_variant_2_is_produced_correctly"/>
    <testcase time="0.597999999999999" classname="table_aet04_pi" name="AET04_PI_variant_3_is_produced_correctly"/>
    <testcase time="0.14200000000001" classname="table_aet04_pi" name="AET04_PI_variant_3_is_produced_correctly"/>
    <testcase time="0.597999999999999" classname="table_aet04_pi" name="AET04_PI_variant_4_is_produced_correctly"/>
    <testcase time="0.108999999999995" classname="table_aet04_pi" name="AET04_PI_variant_4_is_produced_correctly"/>
    <testcase time="0.591999999999999" classname="table_aet04_pi" name="AET04_PI_variant_5_is_produced_correctly"/>
    <testcase time="0.161000000000001" classname="table_aet04_pi" name="AET04_PI_variant_5_is_produced_correctly"/>
    <testcase time="0.748000000000005" classname="table_aet04_pi" name="AET04_PI_variant_6_is_produced_correctly"/>
    <testcase time="0.161000000000001" classname="table_aet04_pi" name="AET04_PI_variant_6_is_produced_correctly"/>
    <testcase time="0.753" classname="table_aet04_pi" name="AET04_PI_variant_7_is_produced_correctly"/>
    <testcase time="0.162999999999997" classname="table_aet04_pi" name="AET04_PI_variant_7_is_produced_correctly"/>
    <testcase time="0.176999999999992" classname="table_aet04_pi" name="AET04_PI_variant_8_is_produced_correctly"/>
    <testcase time="0.137" classname="table_aet04_pi" name="AET04_PI_variant_8_is_produced_correctly"/>
  </testsuite>
  <testsuite name="table_aet05" timestamp="2024-11-06T22:03:34Z" hostname="69151beefe4f" tests="4" skipped="0" failures="0" errors="0" time="0.287">
    <testcase time="0.0949999999999989" classname="table_aet05" name="AET05_variant_1_is_produced_correctly"/>
    <testcase time="0.0600000000000023" classname="table_aet05" name="AET05_variant_1_is_produced_correctly"/>
    <testcase time="0.070999999999998" classname="table_aet05" name="AET05_variant_2_is_produced_correctly"/>
    <testcase time="0.061000000000007" classname="table_aet05" name="AET05_variant_2_is_produced_correctly"/>
  </testsuite>
  <testsuite name="table_aet05_all" timestamp="2024-11-06T22:03:34Z" hostname="69151beefe4f" tests="4" skipped="0" failures="0" errors="0" time="0.307">
    <testcase time="0.117000000000004" classname="table_aet05_all" name="AET05_ALL_variant_1_is_produced_correctly"/>
    <testcase time="0.0599999999999881" classname="table_aet05_all" name="AET05_ALL_variant_1_is_produced_correctly"/>
    <testcase time="0.0700000000000074" classname="table_aet05_all" name="AET05_ALL_variant_2_is_produced_correctly"/>
    <testcase time="0.0600000000000023" classname="table_aet05_all" name="AET05_ALL_variant_2_is_produced_correctly"/>
  </testsuite>
  <testsuite name="table_aet06" timestamp="2024-11-06T22:03:34Z" hostname="69151beefe4f" tests="6" skipped="0" failures="0" errors="0" time="3.912">
    <testcase time="0.61099999999999" classname="table_aet06" name="AET06_variant_1_is_produced_correctly"/>
    <testcase time="0.229000000000013" classname="table_aet06" name="AET06_variant_1_is_produced_correctly"/>
    <testcase time="1.214" classname="table_aet06" name="AET06_variant_3_is_produced_correctly"/>
    <testcase time="0.324999999999989" classname="table_aet06" name="AET06_variant_3_is_produced_correctly"/>
    <testcase time="1.15600000000001" classname="table_aet06" name="AET06_variant_5_is_produced_correctly"/>
    <testcase time="0.376999999999995" classname="table_aet06" name="AET06_variant_5_is_produced_correctly"/>
  </testsuite>
  <testsuite name="table_aet06_smq" timestamp="2024-11-06T22:03:38Z" hostname="69151beefe4f" tests="4" skipped="0" failures="0" errors="0" time="0.961">
    <testcase time="0.335000000000008" classname="table_aet06_smq" name="AET06_SMQ_variant_1_is_produced_correctly"/>
    <testcase time="0.137999999999991" classname="table_aet06_smq" name="AET06_SMQ_variant_1_is_produced_correctly"/>
    <testcase time="0.350000000000009" classname="table_aet06_smq" name="AET06_SMQ_variant_2_is_produced_correctly"/>
    <testcase time="0.137999999999991" classname="table_aet06_smq" name="AET06_SMQ_variant_2_is_produced_correctly"/>
  </testsuite>
  <testsuite name="table_aet07" timestamp="2024-11-06T22:03:39Z" hostname="69151beefe4f" tests="4" skipped="0" failures="0" errors="0" time="0.191">
    <testcase time="0.0500000000000114" classname="table_aet07" name="AET07_variant_1_is_produced_correctly"/>
    <testcase time="0.0529999999999973" classname="table_aet07" name="AET07_variant_1_is_produced_correctly"/>
    <testcase time="0.0459999999999923" classname="table_aet07" name="AET07_variant_2_is_produced_correctly"/>
    <testcase time="0.0420000000000016" classname="table_aet07" name="AET07_variant_2_is_produced_correctly"/>
  </testsuite>
  <testsuite name="table_aet09" timestamp="2024-11-06T22:03:39Z" hostname="69151beefe4f" tests="4" skipped="0" failures="0" errors="0" time="1.871">
    <testcase time="0.51400000000001" classname="table_aet09" name="AET09_variant_1_is_produced_correctly_AE_related_to_study_drug"/>
    <testcase time="0.184999999999988" classname="table_aet09" name="AET09_variant_1_is_produced_correctly_AE_related_to_study_drug"/>
    <testcase time="0.881" classname="table_aet09" name="AET09_variant_2_is_produced_correctly_AE_related_to_study_drug_including_high_level_terms_"/>
    <testcase time="0.291000000000011" classname="table_aet09" name="AET09_variant_2_is_produced_correctly_AE_related_to_study_drug_including_high_level_terms_"/>
  </testsuite>
  <testsuite name="table_aet09_smq" timestamp="2024-11-06T22:03:41Z" hostname="69151beefe4f" tests="4" skipped="0" failures="0" errors="0" time="0.487">
    <testcase time="0.11399999999999" classname="table_aet09_smq" name="AET09_variant_1_AEs_related_to_study_drug_by_SMQ_is_produced_correctly"/>
    <testcase time="0.0739999999999981" classname="table_aet09_smq" name="AET09_variant_1_AEs_related_to_study_drug_by_SMQ_is_produced_correctly"/>
    <testcase time="0.207000000000008" classname="table_aet09_smq" name="AET09_variant_2_AEs_related_to_study_drug_by_SMQ_with_customized_queries_is_produced_correctly"/>
    <testcase time="0.0919999999999987" classname="table_aet09_smq" name="AET09_variant_2_AEs_related_to_study_drug_by_SMQ_with_customized_queries_is_produced_correctly"/>
  </testsuite>
  <testsuite name="table_aet10" timestamp="2024-11-06T22:03:42Z" hostname="69151beefe4f" tests="2" skipped="0" failures="0" errors="0" time="0.161">
    <testcase time="0.105999999999995" classname="table_aet10" name="AET10_default_variant_is_produced_correctly"/>
    <testcase time="0.0550000000000068" classname="table_aet10" name="AET10_default_variant_is_produced_correctly"/>
  </testsuite>
  <testsuite name="table_aovt01" timestamp="2024-11-06T22:03:42Z" hostname="69151beefe4f" tests="4" skipped="0" failures="0" errors="0" time="1.176">
    <testcase time="0.358000000000004" classname="table_aovt01" name="AOVT01_variant_with_single_endpoint_is_produced_correctly"/>
    <testcase time="0.0929999999999893" classname="table_aovt01" name="AOVT01_variant_with_single_endpoint_is_produced_correctly"/>
    <testcase time="0.568000000000012" classname="table_aovt01" name="AOVT01_variant_with_multiple_endpoints_is_produced_correctly"/>
    <testcase time="0.156999999999996" classname="table_aovt01" name="AOVT01_variant_with_multiple_endpoints_is_produced_correctly"/>
  </testsuite>
  <testsuite name="table_aovt02" timestamp="2024-11-06T22:03:43Z" hostname="69151beefe4f" tests="2" skipped="0" failures="0" errors="0" time="0.393">
    <testcase time="0.311999999999998" classname="table_aovt02" name="AOVT02_is_produced_correctly"/>
    <testcase time="0.0810000000000031" classname="table_aovt02" name="AOVT02_is_produced_correctly"/>
  </testsuite>
  <testsuite name="table_aovt03" timestamp="2024-11-06T22:03:43Z" hostname="69151beefe4f" tests="2" skipped="0" failures="0" errors="0" time="0.889">
    <testcase time="0.712999999999994" classname="table_aovt03" name="AOVT03_is_produced_correctly"/>
    <testcase time="0.176000000000002" classname="table_aovt03" name="AOVT03_is_produced_correctly"/>
  </testsuite>
  <testsuite name="table_cfbt01" timestamp="2024-11-06T22:03:44Z" hostname="69151beefe4f" tests="2" skipped="0" failures="0" errors="0" time="0.644">
    <testcase time="0.409000000000006" classname="table_cfbt01" name="CFBT01_default_variant_is_produced_correctly"/>
    <testcase time="0.234999999999999" classname="table_cfbt01" name="CFBT01_default_variant_is_produced_correctly"/>
  </testsuite>
  <testsuite name="table_cmht01" timestamp="2024-11-06T22:03:45Z" hostname="69151beefe4f" tests="4" skipped="0" failures="0" errors="0" time="1.737">
    <testcase time="0.405999999999992" classname="table_cmht01" name="CMHT01_variant_1_is_produced_correctly"/>
    <testcase time="0.085000000000008" classname="table_cmht01" name="CMHT01_variant_1_is_produced_correctly"/>
    <testcase time="0.966999999999999" classname="table_cmht01" name="CMHT01_variant_2_is_produced_correctly"/>
    <testcase time="0.278999999999996" classname="table_cmht01" name="CMHT01_variant_2_is_produced_correctly"/>
  </testsuite>
  <testsuite name="table_cmt01" timestamp="2024-11-06T22:03:47Z" hostname="69151beefe4f" tests="8" skipped="0" failures="0" errors="0" time="1.579">
    <testcase time="0.287000000000006" classname="table_cmt01" name="CMT01_default_variant_Concomitant_medications_is_produced_correctly"/>
    <testcase time="0.128" classname="table_cmt01" name="CMT01_default_variant_Concomitant_medications_is_produced_correctly"/>
    <testcase time="0.218999999999994" classname="table_cmt01" name="CMT01_variant_1_prior_medications_is_produced_correctly"/>
    <testcase time="0.114999999999995" classname="table_cmt01" name="CMT01_variant_1_prior_medications_is_produced_correctly"/>
    <testcase time="0.27300000000001" classname="table_cmt01" name="CMT01_variant_3_Concomitant_medications_is_produced_correctly"/>
    <testcase time="0.119" classname="table_cmt01" name="CMT01_variant_3_Concomitant_medications_is_produced_correctly"/>
    <testcase time="0.308999999999997" classname="table_cmt01" name="CMT01_variant_4_Concomitant_medications_is_produced_correctly"/>
    <testcase time="0.128999999999991" classname="table_cmt01" name="CMT01_variant_4_Concomitant_medications_is_produced_correctly"/>
  </testsuite>
  <testsuite name="table_cmt01a" timestamp="2024-11-06T22:03:48Z" hostname="69151beefe4f" tests="8" skipped="0" failures="0" errors="0" time="3.014">
    <testcase time="0.601000000000013" classname="table_cmt01a" name="CMT01A_variant_1_is_produced_correctly"/>
    <testcase time="0.188999999999993" classname="table_cmt01a" name="CMT01A_variant_1_is_produced_correctly"/>
    <testcase time="0.558999999999997" classname="table_cmt01a" name="CMT01A_variant_2_is_produced_correctly"/>
    <testcase time="0.194000000000003" classname="table_cmt01a" name="CMT01A_variant_2_is_produced_correctly"/>
    <testcase time="0.566999999999993" classname="table_cmt01a" name="CMT01A_variant_3_is_produced_correctly"/>
    <testcase time="0.198000000000008" classname="table_cmt01a" name="CMT01A_variant_3_is_produced_correctly"/>
    <testcase time="0.542000000000002" classname="table_cmt01a" name="CMT01A_variant_4_is_produced_correctly"/>
    <testcase time="0.164000000000001" classname="table_cmt01a" name="CMT01A_variant_4_is_produced_correctly"/>
  </testsuite>
  <testsuite name="table_cmt01b" timestamp="2024-11-06T22:03:51Z" hostname="69151beefe4f" tests="6" skipped="0" failures="0" errors="0" time="3.378">
    <testcase time="0.947000000000003" classname="table_cmt01b" name="CMT01B_variant_1_is_produced_correctly"/>
    <testcase time="0.515000000000001" classname="table_cmt01b" name="CMT01B_variant_1_is_produced_correctly"/>
    <testcase time="0.563999999999993" classname="table_cmt01b" name="CMT01B_variant_2_is_produced_correctly"/>
    <testcase time="0.207999999999998" classname="table_cmt01b" name="CMT01B_variant_2_is_produced_correctly"/>
    <testcase time="0.864000000000004" classname="table_cmt01b" name="CMT01B_variant_4_is_produced_correctly"/>
    <testcase time="0.280000000000001" classname="table_cmt01b" name="CMT01B_variant_4_is_produced_correctly"/>
  </testsuite>
  <testsuite name="table_cmt02_pt" timestamp="2024-11-06T22:03:55Z" hostname="69151beefe4f" tests="2" skipped="0" failures="0" errors="0" time="0.28">
    <testcase time="0.195999999999998" classname="table_cmt02_pt" name="CMT02_PT_default_variant_is_produced_correctly"/>
    <testcase time="0.0840000000000032" classname="table_cmt02_pt" name="CMT02_PT_default_variant_is_produced_correctly"/>
  </testsuite>
  <testsuite name="table_coxt01" timestamp="2024-11-06T22:03:55Z" hostname="69151beefe4f" tests="8" skipped="0" failures="0" errors="0" time="1.657">
    <testcase time="0.253" classname="table_coxt01" name="1._Cox_Regression"/>
    <testcase time="0.070999999999998" classname="table_coxt01" name="1._Cox_Regression"/>
    <testcase time="0.346000000000004" classname="table_coxt01" name="2._Cox_Regression_with_Interaction_Term_"/>
    <testcase time="0.0959999999999894" classname="table_coxt01" name="2._Cox_Regression_with_Interaction_Term_"/>
    <testcase time="0.338999999999999" classname="table_coxt01" name="3._Cox_Regression_specifying_covariates_"/>
    <testcase time="0.111000000000004" classname="table_coxt01" name="3._Cox_Regression_specifying_covariates_"/>
    <testcase time="0.337000000000003" classname="table_coxt01" name="4._Cox_Regression_setting_strata_ties_and_alpha_level_"/>
    <testcase time="0.103999999999999" classname="table_coxt01" name="4._Cox_Regression_setting_strata_ties_and_alpha_level_"/>
  </testsuite>
  <testsuite name="table_coxt02" timestamp="2024-11-06T22:03:57Z" hostname="69151beefe4f" tests="4" skipped="0" failures="0" errors="0" time="0.637">
    <testcase time="0.260000000000005" classname="table_coxt02" name="COXT02_default_variant_1_is_produced_correctly"/>
    <testcase time="0.0749999999999886" classname="table_coxt02" name="COXT02_default_variant_1_is_produced_correctly"/>
    <testcase time="0.236000000000004" classname="table_coxt02" name="COXT02_variant_5_is_produced_correctly"/>
    <testcase time="0.0660000000000025" classname="table_coxt02" name="COXT02_variant_5_is_produced_correctly"/>
  </testsuite>
  <testsuite name="table_disclosures" timestamp="2024-11-06T22:03:57Z" hostname="69151beefe4f" tests="12" skipped="0" failures="0" errors="0" time="1.789">
    <testcase time="0.168999999999997" classname="table_disclosures" name="Patient_Disposition_table_is_produced_correctly"/>
    <testcase time="0.0859999999999985" classname="table_disclosures" name="Patient_Disposition_table_is_produced_correctly"/>
    <testcase time="0.186999999999998" classname="table_disclosures" name="Demographic_table_is_produced_correctly"/>
    <testcase time="0.147000000000006" classname="table_disclosures" name="Demographic_table_is_produced_correctly"/>
    <testcase time="0.0829999999999984" classname="table_disclosures" name="Enrollment_by_Country_Table_is_produced_correctly"/>
    <testcase time="0.0879999999999939" classname="table_disclosures" name="Enrollment_by_Country_Table_is_produced_correctly"/>
    <testcase time="0.0810000000000031" classname="table_disclosures" name="Death_table_is_produced_correctly"/>
    <testcase time="0.054000000000002" classname="table_disclosures" name="Death_table_is_produced_correctly"/>
    <testcase time="0.289000000000001" classname="table_disclosures" name="Table_of_Serious_Adverse_Events_is_produced_correctly_for_one_specific_treatment_arm_"/>
    <testcase time="0.0859999999999985" classname="table_disclosures" name="Table_of_Serious_Adverse_Events_is_produced_correctly_for_one_specific_treatment_arm_"/>
    <testcase time="0.397999999999996" classname="table_disclosures" name="Table_of_Non_Serious_Adverse_Events_is_produced_correctly"/>
    <testcase time="0.120999999999995" classname="table_disclosures" name="Table_of_Non_Serious_Adverse_Events_is_produced_correctly"/>
  </testsuite>
  <testsuite name="table_dmt01" timestamp="2024-11-06T22:04:00Z" hostname="69151beefe4f" tests="10" skipped="0" failures="0" errors="0" time="2.634">
    <testcase time="1.12" classname="table_dmt01" name="DMT01_variant_1_is_produced_correctly"/>
    <testcase time="0.174999999999997" classname="table_dmt01" name="DMT01_variant_1_is_produced_correctly"/>
    <testcase time="0.198999999999998" classname="table_dmt01" name="DMT01_variant_2_is_produced_correctly"/>
    <testcase time="0.15100000000001" classname="table_dmt01" name="DMT01_variant_2_is_produced_correctly"/>
    <testcase time="0.231999999999999" classname="table_dmt01" name="DMT01_variant_3_is_produced_correctly"/>
    <testcase time="0.167999999999992" classname="table_dmt01" name="DMT01_variant_3_is_produced_correctly"/>
    <testcase time="0.177000000000007" classname="table_dmt01" name="DMT01_variant_4_is_produced_correctly"/>
    <testcase time="0.135000000000005" classname="table_dmt01" name="DMT01_variant_4_is_produced_correctly"/>
    <testcase time="0.158999999999992" classname="table_dmt01" name="DMT01_variant_5_is_produced_correctly"/>
    <testcase time="0.117999999999995" classname="table_dmt01" name="DMT01_variant_5_is_produced_correctly"/>
  </testsuite>
  <testsuite name="table_dort01" timestamp="2024-11-06T22:04:02Z" hostname="69151beefe4f" tests="8" skipped="0" failures="0" errors="0" time="1.403">
    <testcase time="0.266000000000005" classname="table_dort01" name="DORT01_variant_1_is_produced_correctly"/>
    <testcase time="0.0960000000000036" classname="table_dort01" name="DORT01_variant_1_is_produced_correctly"/>
    <testcase time="0.266999999999996" classname="table_dort01" name="DORT01_variant_2_selecting_sectons_is_produced_correctly"/>
    <testcase time="0.108999999999995" classname="table_dort01" name="DORT01_variant_2_selecting_sectons_is_produced_correctly"/>
    <testcase time="0.226000000000013" classname="table_dort01" name="DORT01_variant_3_modifying_conftype_and_alpha_level_is_produced_correctly"/>
    <testcase time="0.105999999999995" classname="table_dort01" name="DORT01_variant_3_modifying_conftype_and_alpha_level_is_produced_correctly"/>
    <testcase time="0.236999999999995" classname="table_dort01" name="DORT01_variant_4_modifying_time_point_for_the_xx_duration_is_produced_correctly"/>
    <testcase time="0.0960000000000036" classname="table_dort01" name="DORT01_variant_4_modifying_time_point_for_the_xx_duration_is_produced_correctly"/>
  </testsuite>
  <testsuite name="table_dst01" timestamp="2024-11-06T22:04:03Z" hostname="69151beefe4f" tests="6" skipped="0" failures="0" errors="0" time="0.715">
    <testcase time="0.135000000000005" classname="table_dst01" name="DST01_default_variant_is_produced_correctly"/>
    <testcase time="0.0899999999999892" classname="table_dst01" name="DST01_default_variant_is_produced_correctly"/>
    <testcase time="0.204000000000008" classname="table_dst01" name="DST01_variants_2_and_3_are_produced_correctly"/>
    <testcase time="0.0969999999999942" classname="table_dst01" name="DST01_variants_2_and_3_are_produced_correctly"/>
    <testcase time="0.0690000000000026" classname="table_dst01" name="DST01_variants_2_and_3_are_produced_correctly"/>
    <testcase time="0.120000000000005" classname="table_dst01" name="DST01_variants_2_and_3_are_produced_correctly"/>
  </testsuite>
  <testsuite name="table_dtht01" timestamp="2024-11-06T22:04:04Z" hostname="69151beefe4f" tests="8" skipped="0" failures="0" errors="0" time="1.09">
    <testcase time="0.108000000000004" classname="table_dtht01" name="DTHT01_variant_1_is_produced_correctly"/>
    <testcase time="0.0729999999999933" classname="table_dtht01" name="DTHT01_variant_1_is_produced_correctly"/>
    <testcase time="0.238" classname="table_dtht01" name="DTHT01_variant_2_is_produced_correctly"/>
    <testcase time="0.156000000000006" classname="table_dtht01" name="DTHT01_variant_2_is_produced_correctly"/>
    <testcase time="0.143000000000001" classname="table_dtht01" name="DTHT01_variant_3_is_produced_correctly"/>
    <testcase time="0.0939999999999941" classname="table_dtht01" name="DTHT01_variant_3_is_produced_correctly"/>
    <testcase time="0.168999999999997" classname="table_dtht01" name="DTHT01_variant_4_is_produced_correctly"/>
    <testcase time="0.109000000000009" classname="table_dtht01" name="DTHT01_variant_4_is_produced_correctly"/>
  </testsuite>
  <testsuite name="table_egt01" timestamp="2024-11-06T22:04:05Z" hostname="69151beefe4f" tests="2" skipped="0" failures="0" errors="0" time="1.469">
    <testcase time="0.991" classname="table_egt01" name="EGT01_default_variant_is_produced_correctly"/>
    <testcase time="0.477999999999994" classname="table_egt01" name="EGT01_default_variant_is_produced_correctly"/>
  </testsuite>
  <testsuite name="table_egt02" timestamp="2024-11-06T22:04:06Z" hostname="69151beefe4f" tests="4" skipped="0" failures="0" errors="0" time="0.555">
    <testcase time="0.260000000000005" classname="table_egt02" name="_EGT02_1._Regardless_of_Abnormality_at_Baseline"/>
    <testcase time="0.0759999999999934" classname="table_egt02" name="_EGT02_1._Regardless_of_Abnormality_at_Baseline"/>
    <testcase time="0.131" classname="table_egt02" name="_EGT02_2._Among_Subjects_Without_Abnormality_at_Baseline"/>
    <testcase time="0.0879999999999939" classname="table_egt02" name="_EGT02_2._Among_Subjects_Without_Abnormality_at_Baseline"/>
  </testsuite>
  <testsuite name="table_egt03" timestamp="2024-11-06T22:04:07Z" hostname="69151beefe4f" tests="8" skipped="0" failures="0" errors="0" time="1.185">
    <testcase time="0.196000000000012" classname="table_egt03" name="EGT03_variant_1_is_produced_correctly"/>
    <testcase time="0.11699999999999" classname="table_egt03" name="EGT03_variant_1_is_produced_correctly"/>
    <testcase time="0.166000000000011" classname="table_egt03" name="EGT03_variant_2_is_produced_correctly"/>
    <testcase time="0.103999999999999" classname="table_egt03" name="EGT03_variant_2_is_produced_correctly"/>
    <testcase time="0.182999999999993" classname="table_egt03" name="EGT03_variant_3_is_produced_correctly"/>
    <testcase time="0.105999999999995" classname="table_egt03" name="EGT03_variant_3_is_produced_correctly"/>
    <testcase time="0.195000000000007" classname="table_egt03" name="EGT03_variant_4_is_produced_correctly"/>
    <testcase time="0.117999999999995" classname="table_egt03" name="EGT03_variant_4_is_produced_correctly"/>
  </testsuite>
  <testsuite name="table_egt04" timestamp="2024-11-06T22:04:08Z" hostname="69151beefe4f" tests="2" skipped="0" failures="0" errors="0" time="0.246">
    <testcase time="0.160000000000011" classname="table_egt04" name="EGT04_default_variant_is_produced_correctly"/>
    <testcase time="0.0859999999999985" classname="table_egt04" name="EGT04_default_variant_is_produced_correctly"/>
  </testsuite>
  <testsuite name="table_egt05_qtcat" timestamp="2024-11-06T22:04:08Z" hostname="69151beefe4f" tests="2" skipped="0" failures="0" errors="0" time="0.772">
    <testcase time="0.497" classname="table_egt05_qtcat" name="EGT05_QTCAT_default_variant_is_produced_correctly"/>
    <testcase time="0.274999999999991" classname="table_egt05_qtcat" name="EGT05_QTCAT_default_variant_is_produced_correctly"/>
  </testsuite>
  <testsuite name="table_ent" timestamp="2024-11-06T22:04:09Z" hostname="69151beefe4f" tests="8" skipped="0" failures="0" errors="0" time="12.865">
    <testcase time="3.173" classname="table_ent" name="ENT01_IT_is_produced_correctly"/>
    <testcase time="0.573000000000008" classname="table_ent" name="ENT01_IT_is_produced_correctly"/>
    <testcase time="2.113" classname="table_ent" name="ENT01a_IT_is_produced_correctly"/>
    <testcase time="0.528999999999996" classname="table_ent" name="ENT01a_IT_is_produced_correctly"/>
    <testcase time="3.23699999999999" classname="table_ent" name="ENT02_IT_is_produced_correctly"/>
    <testcase time="0.579999999999998" classname="table_ent" name="ENT02_IT_is_produced_correctly"/>
    <testcase time="2.104" classname="table_ent" name="ENT02a_IT_is_produced_correctly"/>
    <testcase time="0.556000000000012" classname="table_ent" name="ENT02a_IT_is_produced_correctly"/>
  </testsuite>
  <testsuite name="table_eudrat01" timestamp="2024-11-06T22:04:22Z" hostname="69151beefe4f" tests="2" skipped="0" failures="0" errors="0" time="0.611">
    <testcase time="0.469999999999999" classname="table_eudrat01" name="EUDRAT01_is_produced_correctly"/>
    <testcase time="0.140999999999991" classname="table_eudrat01" name="EUDRAT01_is_produced_correctly"/>
  </testsuite>
  <testsuite name="table_eudrat02" timestamp="2024-11-06T22:04:23Z" hostname="69151beefe4f" tests="2" skipped="0" failures="0" errors="0" time="0.451">
    <testcase time="0.359000000000009" classname="table_eudrat02" name="EUDRAT02_is_produced_correctly"/>
    <testcase time="0.0919999999999987" classname="table_eudrat02" name="EUDRAT02_is_produced_correctly"/>
  </testsuite>
  <testsuite name="table_ext01" timestamp="2024-11-06T22:04:23Z" hostname="69151beefe4f" tests="6" skipped="0" failures="0" errors="0" time="1.586">
    <testcase time="0.361999999999995" classname="table_ext01" name="EXT01_default_variant_with_numeric_parameters_is_produced_correctly"/>
    <testcase time="0.195000000000007" classname="table_ext01" name="EXT01_default_variant_with_numeric_parameters_is_produced_correctly"/>
    <testcase time="0.262999999999991" classname="table_ext01" name="EXT01_variant_with_both_numeric_and_categorical_parameters"/>
    <testcase time="0.206000000000003" classname="table_ext01" name="EXT01_variant_with_both_numeric_and_categorical_parameters"/>
    <testcase time="0.314000000000007" classname="table_ext01" name="EXT01_variant_with_user_specified_categories_for_missed_doses"/>
    <testcase time="0.245999999999995" classname="table_ext01" name="EXT01_variant_with_user_specified_categories_for_missed_doses"/>
  </testsuite>
  <testsuite name="table_lbt01" timestamp="2024-11-06T22:04:25Z" hostname="69151beefe4f" tests="2" skipped="0" failures="0" errors="0" time="2">
    <testcase time="1.498" classname="table_lbt01" name="LBT01_default_variant_is_produced_correctly"/>
    <testcase time="0.501999999999995" classname="table_lbt01" name="LBT01_default_variant_is_produced_correctly"/>
  </testsuite>
  <testsuite name="table_lbt02" timestamp="2024-11-06T22:04:27Z" hostname="69151beefe4f" tests="2" skipped="0" failures="0" errors="0" time="1.546">
    <testcase time="0.822000000000003" classname="table_lbt02" name="LBT02_default_variant_is_produced_correctly"/>
    <testcase time="0.72399999999999" classname="table_lbt02" name="LBT02_default_variant_is_produced_correctly"/>
  </testsuite>
  <testsuite name="table_lbt03" timestamp="2024-11-06T22:04:28Z" hostname="69151beefe4f" tests="2" skipped="0" failures="0" errors="0" time="0.235">
    <testcase time="0.144000000000005" classname="table_lbt03" name="LBT03_default_variant_is_produced_correctly"/>
    <testcase time="0.0910000000000082" classname="table_lbt03" name="LBT03_default_variant_is_produced_correctly"/>
  </testsuite>
  <testsuite name="table_lbt04" timestamp="2024-11-06T22:04:29Z" hostname="69151beefe4f" tests="2" skipped="0" failures="0" errors="0" time="1.176">
    <testcase time="0.992999999999995" classname="table_lbt04" name="LBT04_default_variant_is_produced_correctly"/>
    <testcase time="0.182999999999993" classname="table_lbt04" name="LBT04_default_variant_is_produced_correctly"/>
  </testsuite>
  <testsuite name="table_lbt05" timestamp="2024-11-06T22:04:30Z" hostname="69151beefe4f" tests="6" skipped="0" failures="0" errors="0" time="6.137">
    <testcase time="1.976" classname="table_lbt05" name="LBT05_variant_1_is_produced_correctly"/>
    <testcase time="0.373000000000019" classname="table_lbt05" name="LBT05_variant_1_is_produced_correctly"/>
    <testcase time="1.339" classname="table_lbt05" name="LBT05_variant_2_is_produced_correctly"/>
    <testcase time="0.47799999999998" classname="table_lbt05" name="LBT05_variant_2_is_produced_correctly"/>
    <testcase time="1.631" classname="table_lbt05" name="LBT05_variant_4_is_produced_correctly"/>
    <testcase time="0.340000000000003" classname="table_lbt05" name="LBT05_variant_4_is_produced_correctly"/>
  </testsuite>
  <testsuite name="table_lbt06" timestamp="2024-11-06T22:04:36Z" hostname="69151beefe4f" tests="2" skipped="0" failures="0" errors="0" time="0.491">
    <testcase time="0.323000000000008" classname="table_lbt06" name="LBT06_default_variant_is_produced_correctly"/>
    <testcase time="0.168000000000006" classname="table_lbt06" name="LBT06_default_variant_is_produced_correctly"/>
  </testsuite>
  <testsuite name="table_lbt07" timestamp="2024-11-06T22:04:37Z" hostname="69151beefe4f" tests="2" skipped="0" failures="0" errors="0" time="2.227">
    <testcase time="1.946" classname="table_lbt07" name="LBT07_is_produced_correctly"/>
    <testcase time="0.281000000000006" classname="table_lbt07" name="LBT07_is_produced_correctly"/>
  </testsuite>
  <testsuite name="table_lbt08" timestamp="2024-11-06T22:04:38Z" hostname="69151beefe4f" tests="2" skipped="0" failures="0" errors="0" time="0.365">
    <testcase time="0.253999999999991" classname="table_lbt08" name="LBT08_produce_correctly"/>
    <testcase time="0.11099999999999" classname="table_lbt08" name="LBT08_produce_correctly"/>
  </testsuite>
  <testsuite name="table_lbt09" timestamp="2024-11-06T22:04:39Z" hostname="69151beefe4f" tests="4" skipped="0" failures="0" errors="0" time="0.927">
    <testcase time="0.310000000000002" classname="table_lbt09" name="LBT09_variant_1_works_as_expected"/>
    <testcase time="0.161000000000001" classname="table_lbt09" name="LBT09_variant_1_works_as_expected"/>
    <testcase time="0.278999999999996" classname="table_lbt09" name="LBT09_variant_2_works_as_expected"/>
    <testcase time="0.177000000000021" classname="table_lbt09" name="LBT09_variant_2_works_as_expected"/>
  </testsuite>
  <testsuite name="table_lbt10" timestamp="2024-11-06T22:04:40Z" hostname="69151beefe4f" tests="4" skipped="0" failures="0" errors="0" time="1.189">
    <testcase time="0.665999999999997" classname="table_lbt10" name="LBT10_variant_1_works_as_expected"/>
    <testcase time="0.0699999999999932" classname="table_lbt10" name="LBT10_variant_1_works_as_expected"/>
    <testcase time="0.38900000000001" classname="table_lbt10" name="LBT10_variant_2_works_as_expected"/>
    <testcase time="0.063999999999993" classname="table_lbt10" name="LBT10_variant_2_works_as_expected"/>
  </testsuite>
  <testsuite name="table_lbt10_bl" timestamp="2024-11-06T22:04:41Z" hostname="69151beefe4f" tests="4" skipped="0" failures="0" errors="0" time="0.471">
    <testcase time="0.231999999999999" classname="table_lbt10_bl" name="LBT10_BL_variant_1_works_as_expected"/>
    <testcase time="0.070999999999998" classname="table_lbt10_bl" name="LBT10_BL_variant_1_works_as_expected"/>
    <testcase time="0.109999999999985" classname="table_lbt10_bl" name="LBT10_BL_variant_2_works_as_expected"/>
    <testcase time="0.0580000000000211" classname="table_lbt10_bl" name="LBT10_BL_variant_2_works_as_expected"/>
  </testsuite>
  <testsuite name="table_lbt11" timestamp="2024-11-06T22:04:41Z" hostname="69151beefe4f" tests="6" skipped="0" failures="0" errors="0" time="0.72">
    <testcase time="0.181999999999988" classname="table_lbt11" name="LBT11_variant_1_works_as_expected"/>
    <testcase time="0.0929999999999893" classname="table_lbt11" name="LBT11_variant_1_works_as_expected"/>
    <testcase time="0.0980000000000132" classname="table_lbt11" name="LBT11_variant_2_works_as_expected"/>
    <testcase time="0.0790000000000077" classname="table_lbt11" name="LBT11_variant_2_works_as_expected"/>
    <testcase time="0.155999999999977" classname="table_lbt11" name="LBT11_variant_3_works_as_expected"/>
    <testcase time="0.112000000000023" classname="table_lbt11" name="LBT11_variant_3_works_as_expected"/>
  </testsuite>
  <testsuite name="table_lbt11_bl" timestamp="2024-11-06T22:04:42Z" hostname="69151beefe4f" tests="6" skipped="0" failures="0" errors="0" time="0.789">
    <testcase time="0.197000000000003" classname="table_lbt11_bl" name="LBT11_BL_variant_1_works_as_expected"/>
    <testcase time="0.0929999999999893" classname="table_lbt11_bl" name="LBT11_BL_variant_1_works_as_expected"/>
    <testcase time="0.0999999999999943" classname="table_lbt11_bl" name="LBT11_BL_variant_2_works_as_expected"/>
    <testcase time="0.0930000000000177" classname="table_lbt11_bl" name="LBT11_BL_variant_2_works_as_expected"/>
    <testcase time="0.182999999999993" classname="table_lbt11_bl" name="LBT11_BL_variant_3_works_as_expected"/>
    <testcase time="0.12299999999999" classname="table_lbt11_bl" name="LBT11_BL_variant_3_works_as_expected"/>
  </testsuite>
  <testsuite name="table_lbt12" timestamp="2024-11-06T22:04:43Z" hostname="69151beefe4f" tests="2" skipped="0" failures="0" errors="0" time="0.37">
    <testcase time="0.287000000000006" classname="table_lbt12" name="LBT12_works_as_expected"/>
    <testcase time="0.0829999999999984" classname="table_lbt12" name="LBT12_works_as_expected"/>
  </testsuite>
  <testsuite name="table_lbt12_bl" timestamp="2024-11-06T22:04:43Z" hostname="69151beefe4f" tests="2" skipped="0" failures="0" errors="0" time="0.355">
    <testcase time="0.277999999999992" classname="table_lbt12_bl" name="LBT12_BL_works_as_expected"/>
    <testcase time="0.0769999999999982" classname="table_lbt12_bl" name="LBT12_BL_works_as_expected"/>
  </testsuite>
  <testsuite name="table_lbt13" timestamp="2024-11-06T22:04:44Z" hostname="69151beefe4f" tests="10" skipped="0" failures="0" errors="0" time="2.193">
    <testcase time="0.756" classname="table_lbt13" name="LBT13_variant_1_LOW_works_as_expected"/>
    <testcase time="0.0980000000000132" classname="table_lbt13" name="LBT13_variant_1_LOW_works_as_expected"/>
    <testcase time="0.132000000000005" classname="table_lbt13" name="LBT13_variant_2_HIGH_works_as_expected"/>
    <testcase time="0.0609999999999786" classname="table_lbt13" name="LBT13_variant_2_HIGH_works_as_expected"/>
    <testcase time="0.227000000000004" classname="table_lbt13" name="LBT13_variant_3_LOW_without_baseline_missing_works_as_expected"/>
    <testcase time="0.0999999999999943" classname="table_lbt13" name="LBT13_variant_3_LOW_without_baseline_missing_works_as_expected"/>
    <testcase time="0.131" classname="table_lbt13" name="LBT13_variant_4_HIGH_with_missing_baseline_considered_as_grade_0_works_as_expected"/>
    <testcase time="0.0620000000000118" classname="table_lbt13" name="LBT13_variant_4_HIGH_with_missing_baseline_considered_as_grade_0_works_as_expected"/>
    <testcase time="0.406000000000006" classname="table_lbt13" name="LBT14_variant_5_HIGH_with_filled_in_grades_works_as_expected"/>
    <testcase time="0.219999999999999" classname="table_lbt13" name="LBT14_variant_5_HIGH_with_filled_in_grades_works_as_expected"/>
  </testsuite>
  <testsuite name="table_lbt14" timestamp="2024-11-06T22:04:46Z" hostname="69151beefe4f" tests="10" skipped="0" failures="0" errors="0" time="27.018">
    <testcase time="5.535" classname="table_lbt14" name="LBT14_variant_1_HIGH_works_as_expected"/>
    <testcase time="0.469999999999999" classname="table_lbt14" name="LBT14_variant_1_HIGH_works_as_expected"/>
    <testcase time="4.995" classname="table_lbt14" name="LBT14_variant_2_LOW_works_as_expected"/>
    <testcase time="0.539999999999992" classname="table_lbt14" name="LBT14_variant_2_LOW_works_as_expected"/>
    <testcase time="2.96299999999999" classname="table_lbt14" name="LBT14_variant_3_LOW_without_baseline_missing_works_as_expected"/>
    <testcase time="0.370000000000005" classname="table_lbt14" name="LBT14_variant_3_LOW_without_baseline_missing_works_as_expected"/>
    <testcase time="4.40200000000002" classname="table_lbt14" name="LBT14_variant_4_LOW_and_force_1_missing_both_baseline_and_post_baseline_then_force_the_missing_baseline_as_0_as_expected"/>
    <testcase time="0.254999999999995" classname="table_lbt14" name="LBT14_variant_4_LOW_and_force_1_missing_both_baseline_and_post_baseline_then_force_the_missing_baseline_as_0_as_expected"/>
    <testcase time="4.85499999999999" classname="table_lbt14" name="LBT14_variant_5_HIGH_with_fillings_works_as_expected"/>
    <testcase time="2.63300000000001" classname="table_lbt14" name="LBT14_variant_5_HIGH_with_fillings_works_as_expected"/>
  </testsuite>
  <testsuite name="table_lbt15" timestamp="2024-11-06T22:05:13Z" hostname="69151beefe4f" tests="4" skipped="0" failures="0" errors="0" time="1.486">
    <testcase time="0.59099999999998" classname="table_lbt15" name="LBT15_variant_1_works_as_expected"/>
    <testcase time="0.204000000000008" classname="table_lbt15" name="LBT15_variant_1_works_as_expected"/>
    <testcase time="0.496000000000009" classname="table_lbt15" name="LBT15_variant_2_works_as_expected"/>
    <testcase time="0.194999999999993" classname="table_lbt15" name="LBT15_variant_2_works_as_expected"/>
  </testsuite>
  <testsuite name="table_lgrt02" timestamp="2024-11-06T22:05:14Z" hostname="69151beefe4f" tests="8" skipped="0" failures="0" errors="0" time="2.747">
    <testcase time="0.504999999999995" classname="table_lgrt02" name="LGRT02_without_interaction_term_is_produced_correctly"/>
    <testcase time="0.15300000000002" classname="table_lgrt02" name="LGRT02_without_interaction_term_is_produced_correctly"/>
    <testcase time="0.556999999999988" classname="table_lgrt02" name="LGRT02_with_categorical_interaction_is_produced_correctly"/>
    <testcase time="0.174000000000007" classname="table_lgrt02" name="LGRT02_with_categorical_interaction_is_produced_correctly"/>
    <testcase time="0.557999999999993" classname="table_lgrt02" name="LGRT02_with_continuous_interaction_is_produced_correctly"/>
    <testcase time="0.171999999999997" classname="table_lgrt02" name="LGRT02_with_continuous_interaction_is_produced_correctly"/>
    <testcase time="0.478000000000009" classname="table_lgrt02" name="LGRT02_with_setting_values_indicating_an_event_and_custom_alpha_level_is_produced_correctly"/>
    <testcase time="0.150000000000006" classname="table_lgrt02" name="LGRT02_with_setting_values_indicating_an_event_and_custom_alpha_level_is_produced_correctly"/>
  </testsuite>
  <testsuite name="table_mht01" timestamp="2024-11-06T22:05:17Z" hostname="69151beefe4f" tests="8" skipped="0" failures="0" errors="0" time="1.472">
    <testcase time="0.299999999999983" classname="table_mht01" name="MHT01_variant_1_is_produced_accurately"/>
    <testcase time="0.144000000000005" classname="table_mht01" name="MHT01_variant_1_is_produced_accurately"/>
    <testcase time="0.0960000000000036" classname="table_mht01" name="MHT01_variant_2_is_produced_accurately"/>
    <testcase time="0.0670000000000073" classname="table_mht01" name="MHT01_variant_2_is_produced_accurately"/>
    <testcase time="0.25" classname="table_mht01" name="MHT01_variant_3_is_produced_accurately"/>
    <testcase time="0.127999999999986" classname="table_mht01" name="MHT01_variant_3_is_produced_accurately"/>
    <testcase time="0.328000000000003" classname="table_mht01" name="MHT01_variant_5_is_produced_accurately"/>
    <testcase time="0.158999999999992" classname="table_mht01" name="MHT01_variant_5_is_produced_accurately"/>
  </testsuite>
  <testsuite name="table_onct05" timestamp="2024-11-06T22:05:18Z" hostname="69151beefe4f" tests="8" skipped="0" failures="0" errors="0" time="2.081">
    <testcase time="0.653999999999996" classname="table_onct05" name="ONCT05_variant_1_Objective_Response_Rate_by_Subgroup_is_produced_correctly"/>
    <testcase time="0.113" classname="table_onct05" name="ONCT05_variant_1_Objective_Response_Rate_by_Subgroup_is_produced_correctly"/>
    <testcase time="0.416000000000025" classname="table_onct05" name="ONCT05_variant_2_Specifying_class_variables_is_produced_correctly"/>
    <testcase time="0.11699999999999" classname="table_onct05" name="ONCT05_variant_2_Specifying_class_variables_is_produced_correctly"/>
    <testcase time="0.183999999999997" classname="table_onct05" name="ONCT05_variant_3_selecting_columns_and_changing_the_alpha_level_is_produced_correctly"/>
    <testcase time="0.085000000000008" classname="table_onct05" name="ONCT05_variant_3_selecting_columns_and_changing_the_alpha_level_is_produced_correctly"/>
    <testcase time="0.399000000000001" classname="table_onct05" name="ONCT05_variant_4_setting_values_indicating_response_is_produced_correctly"/>
    <testcase time="0.113" classname="table_onct05" name="ONCT05_variant_4_setting_values_indicating_response_is_produced_correctly"/>
  </testsuite>
  <testsuite name="table_pdt01" timestamp="2024-11-06T22:05:21Z" hostname="69151beefe4f" tests="2" skipped="0" failures="0" errors="0" time="0.374">
    <testcase time="0.234999999999985" classname="table_pdt01" name="PDT01_is_produced_correctly"/>
    <testcase time="0.13900000000001" classname="table_pdt01" name="PDT01_is_produced_correctly"/>
  </testsuite>
  <testsuite name="table_pdt02" timestamp="2024-11-06T22:05:21Z" hostname="69151beefe4f" tests="2" skipped="0" failures="0" errors="0" time="0.219">
    <testcase time="0.146999999999991" classname="table_pdt02" name="PDT02_is_produced_correctly"/>
    <testcase time="0.0720000000000027" classname="table_pdt02" name="PDT02_is_produced_correctly"/>
  </testsuite>
  <testsuite name="table_pkct01" timestamp="2024-11-06T22:05:21Z" hostname="69151beefe4f" tests="10" skipped="0" failures="0" errors="0" time="2.893">
    <testcase time="0.25200000000001" classname="table_pkct01" name="PKCT01_is_produced_correctly"/>
    <testcase time="0.0840000000000032" classname="table_pkct01" name="PKCT01_is_produced_correctly"/>
    <testcase time="0.113" classname="table_pkct01" name="PKCT01_is_produced_correctly"/>
    <testcase time="0.0600000000000023" classname="table_pkct01" name="PKCT01_is_produced_correctly"/>
    <testcase time="0.810999999999979" classname="table_pkct01" name="Specific_PKCT01_features_are_present"/>
    <testcase time="0.200000000000017" classname="table_pkct01" name="Specific_PKCT01_features_are_present"/>
    <testcase time="0.182999999999993" classname="table_pkct01" name="Specific_PKCT01_features_are_present"/>
    <testcase time="0.0029999999999859" classname="table_pkct01" name="Specific_PKCT01_features_are_present"/>
    <testcase time="0.667000000000002" classname="table_pkct01" name="Specific_PKCT01_features_are_present"/>
    <testcase time="0.52000000000001" classname="table_pkct01" name="Specific_PKCT01_features_are_present"/>
  </testsuite>
  <testsuite name="table_pkpt02" timestamp="2024-11-06T22:05:24Z" hostname="69151beefe4f" tests="2" skipped="0" failures="0" errors="0" time="0.512">
    <testcase time="0.286000000000001" classname="table_pkpt02" name="PKPT02_is_produced_correctly_for_Drug_X"/>
    <testcase time="0.225999999999999" classname="table_pkpt02" name="PKPT02_is_produced_correctly_for_Drug_X"/>
  </testsuite>
  <testsuite name="table_pkpt03" timestamp="2024-11-06T22:05:25Z" hostname="69151beefe4f" tests="2" skipped="0" failures="0" errors="0" time="1.058">
    <testcase time="0.86699999999999" classname="table_pkpt03" name="PKPT03_Drug_X_is_produced_correctly"/>
    <testcase time="0.191000000000003" classname="table_pkpt03" name="PKPT03_Drug_X_is_produced_correctly"/>
  </testsuite>
  <testsuite name="table_pkpt04" timestamp="2024-11-06T22:05:26Z" hostname="69151beefe4f" tests="2" skipped="0" failures="0" errors="0" time="0.18">
    <testcase time="0.0970000000000084" classname="table_pkpt04" name="PKPT04_is_produced_correctly_for_Drug_X"/>
    <testcase time="0.0829999999999984" classname="table_pkpt04" name="PKPT04_is_produced_correctly_for_Drug_X"/>
  </testsuite>
  <testsuite name="table_pkpt05" timestamp="2024-11-06T22:05:26Z" hostname="69151beefe4f" tests="2" skipped="0" failures="0" errors="0" time="0.389">
    <testcase time="0.27000000000001" classname="table_pkpt05" name="PKPT05_Drug_X_is_produced_correctly"/>
    <testcase time="0.119" classname="table_pkpt05" name="PKPT05_Drug_X_is_produced_correctly"/>
  </testsuite>
  <testsuite name="table_pkpt06" timestamp="2024-11-06T22:05:26Z" hostname="69151beefe4f" tests="4" skipped="0" failures="0" errors="0" time="0.262">
    <testcase time="0.0840000000000032" classname="table_pkpt06" name="PKPT06_is_produced_correctly_for_Drug_X"/>
    <testcase time="0.0619999999999834" classname="table_pkpt06" name="PKPT06_is_produced_correctly_for_Drug_X"/>
    <testcase time="0.0500000000000114" classname="table_pkpt06" name="PKPT06_is_produced_correctly_for_Drug_Y"/>
    <testcase time="0.0660000000000025" classname="table_pkpt06" name="PKPT06_is_produced_correctly_for_Drug_Y"/>
  </testsuite>
  <testsuite name="table_pkpt07" timestamp="2024-11-06T22:05:26Z" hostname="69151beefe4f" tests="4" skipped="0" failures="0" errors="0" time="0.506">
    <testcase time="0.195999999999998" classname="table_pkpt07" name="PKPT07_Drug_X_is_produced_correctly"/>
    <testcase time="0.106999999999999" classname="table_pkpt07" name="PKPT07_Drug_X_is_produced_correctly"/>
    <testcase time="0.10899999999998" classname="table_pkpt07" name="PKPT07_Drug_Y_is_produced_correctly"/>
    <testcase time="0.0940000000000225" classname="table_pkpt07" name="PKPT07_Drug_Y_is_produced_correctly"/>
  </testsuite>
  <testsuite name="table_ratet01" timestamp="2024-11-06T22:05:27Z" hostname="69151beefe4f" tests="2" skipped="0" failures="0" errors="0" time="0.662">
    <testcase time="0.539999999999992" classname="table_ratet01" name="RATET01_is_produced_correctly"/>
    <testcase time="0.121999999999986" classname="table_ratet01" name="RATET01_is_produced_correctly"/>
  </testsuite>
  <testsuite name="table_rmpt01" timestamp="2024-11-06T22:05:28Z" hostname="69151beefe4f" tests="2" skipped="0" failures="0" errors="0" time="0.195">
    <testcase time="0.13900000000001" classname="table_rmpt01" name="RMPT01_is_produced_correctly"/>
    <testcase time="0.0560000000000116" classname="table_rmpt01" name="RMPT01_is_produced_correctly"/>
  </testsuite>
  <testsuite name="table_rmpt03" timestamp="2024-11-06T22:05:28Z" hostname="69151beefe4f" tests="4" skipped="0" failures="0" errors="0" time="0.515">
    <testcase time="0.185999999999979" classname="table_rmpt03" name="RMPT03_variant_1_is_produced_correctly"/>
    <testcase time="0.0910000000000082" classname="table_rmpt03" name="RMPT03_variant_1_is_produced_correctly"/>
    <testcase time="0.141999999999996" classname="table_rmpt03" name="RMPT03_variant_2_is_produced_correctly"/>
    <testcase time="0.0960000000000036" classname="table_rmpt03" name="RMPT03_variant_2_is_produced_correctly"/>
  </testsuite>
  <testsuite name="table_rmpt04" timestamp="2024-11-06T22:05:28Z" hostname="69151beefe4f" tests="2" skipped="0" failures="0" errors="0" time="0.182">
    <testcase time="0.126000000000005" classname="table_rmpt04" name="RMPT04_variant_1_is_produced_correctly"/>
    <testcase time="0.0560000000000116" classname="table_rmpt04" name="RMPT04_variant_1_is_produced_correctly"/>
  </testsuite>
  <testsuite name="table_rmpt05" timestamp="2024-11-06T22:05:29Z" hostname="69151beefe4f" tests="2" skipped="0" failures="0" errors="0" time="0.219">
    <testcase time="0.152999999999992" classname="table_rmpt05" name="RMPT05_is_produced_correctly"/>
    <testcase time="0.0660000000000025" classname="table_rmpt05" name="RMPT05_is_produced_correctly"/>
  </testsuite>
  <testsuite name="table_rmpt06" timestamp="2024-11-06T22:05:29Z" hostname="69151beefe4f" tests="8" skipped="0" failures="0" errors="0" time="1.439">
    <testcase time="0.287999999999982" classname="table_rmpt06" name="RMPT06_variant_1_is_produced_correctly"/>
    <testcase time="0.113" classname="table_rmpt06" name="RMPT06_variant_1_is_produced_correctly"/>
    <testcase time="0.181000000000012" classname="table_rmpt06" name="RMPT06_variant_2_is_produced_correctly"/>
    <testcase time="0.092000000000013" classname="table_rmpt06" name="RMPT06_variant_2_is_produced_correctly"/>
    <testcase time="0.268000000000001" classname="table_rmpt06" name="RMPT06_variant_3_is_produced_correctly"/>
    <testcase time="0.107999999999976" classname="table_rmpt06" name="RMPT06_variant_3_is_produced_correctly"/>
    <testcase time="0.269000000000005" classname="table_rmpt06" name="RMPT06_variant_4_is_produced_correctly"/>
    <testcase time="0.120000000000005" classname="table_rmpt06" name="RMPT06_variant_4_is_produced_correctly"/>
  </testsuite>
  <testsuite name="table_rspt01" timestamp="2024-11-06T22:05:30Z" hostname="69151beefe4f" tests="12" skipped="0" failures="0" errors="0" time="2.196">
    <testcase time="0.277000000000015" classname="table_rspt01" name="RSPT01_1._Best_Overall_Response"/>
    <testcase time="0.10499999999999" classname="table_rspt01" name="RSPT01_1._Best_Overall_Response"/>
    <testcase time="0.231999999999999" classname="table_rspt01" name="RSPT01_2._Best_Overall_Response_selecting_sections_to_display_"/>
    <testcase time="0.102000000000004" classname="table_rspt01" name="RSPT01_2._Best_Overall_Response_selecting_sections_to_display_"/>
    <testcase time="0.283999999999992" classname="table_rspt01" name="RSPT01_3._Best_Overall_Response_modifying_settings_"/>
    <testcase time="0.114000000000004" classname="table_rspt01" name="RSPT01_3._Best_Overall_Response_modifying_settings_"/>
    <testcase time="0.311999999999983" classname="table_rspt01" name="RSPT01_4._Best_Overall_Response_with_stratified_analysis_"/>
    <testcase time="0.120000000000005" classname="table_rspt01" name="RSPT01_4._Best_Overall_Response_with_stratified_analysis_"/>
    <testcase time="0.245000000000005" classname="table_rspt01" name="RSPT01_5._Best_Overall_Response_modifying_the_definition_of_overall_response_"/>
    <testcase time="0.115000000000009" classname="table_rspt01" name="RSPT01_5._Best_Overall_Response_modifying_the_definition_of_overall_response_"/>
    <testcase time="0.188999999999993" classname="table_rspt01" name="RSPT01_6._Best_Overall_Response_define_new_sections_to_display_"/>
    <testcase time="0.100999999999999" classname="table_rspt01" name="RSPT01_6._Best_Overall_Response_define_new_sections_to_display_"/>
  </testsuite>
  <testsuite name="table_ttet01" timestamp="2024-11-06T22:05:32Z" hostname="69151beefe4f" tests="14" skipped="0" failures="0" errors="0" time="3.168">
    <testcase time="0.373999999999995" classname="table_ttet01" name="TTET01_default_variant_is_produced_correctly"/>
    <testcase time="0.167000000000002" classname="table_ttet01" name="TTET01_default_variant_is_produced_correctly"/>
    <testcase time="0.354000000000013" classname="table_ttet01" name="TTET01_default_variant_with_Placebo_arm"/>
    <testcase time="0.167000000000002" classname="table_ttet01" name="TTET01_default_variant_with_Placebo_arm"/>
    <testcase time="0.194999999999993" classname="table_ttet01" name="TTET01_variant_2_selecting_sections_to_display"/>
    <testcase time="0.109000000000009" classname="table_ttet01" name="TTET01_variant_2_selecting_sections_to_display"/>
    <testcase time="0.280000000000001" classname="table_ttet01" name="TTET01_variant_3_modifying_analysis_details_like_conftype_ties_alpha_level"/>
    <testcase time="0.139999999999986" classname="table_ttet01" name="TTET01_variant_3_modifying_analysis_details_like_conftype_ties_alpha_level"/>
    <testcase time="0.322000000000003" classname="table_ttet01" name="TTET01_variant_4_with_stratified_analysis"/>
    <testcase time="0.143000000000001" classname="table_ttet01" name="TTET01_variant_4_with_stratified_analysis"/>
    <testcase time="0.281000000000006" classname="table_ttet01" name="TTET01_variant_5_modifying_time_point"/>
    <testcase time="0.140999999999991" classname="table_ttet01" name="TTET01_variant_5_modifying_time_point"/>
    <testcase time="0.344999999999999" classname="table_ttet01" name="TTET01_variant_6_requesting_more_than_one_p_value"/>
    <testcase time="0.150000000000006" classname="table_ttet01" name="TTET01_variant_6_requesting_more_than_one_p_value"/>
  </testsuite>
  <testsuite name="table_vst01" timestamp="2024-11-06T22:05:36Z" hostname="69151beefe4f" tests="2" skipped="0" failures="0" errors="0" time="0.994">
    <testcase time="0.689999999999998" classname="table_vst01" name="VST01_default_variant_is_produced_correctly"/>
    <testcase time="0.304000000000002" classname="table_vst01" name="VST01_default_variant_is_produced_correctly"/>
  </testsuite>
  <testsuite name="table_vst02" timestamp="2024-11-06T22:05:37Z" hostname="69151beefe4f" tests="4" skipped="0" failures="0" errors="0" time="0.874">
    <testcase time="0.359000000000009" classname="table_vst02" name="1._Vital_Sign_Abnormalities_Regardless_of_Abnormality_at_Baseline_VST02_1_"/>
    <testcase time="0.114999999999981" classname="table_vst02" name="1._Vital_Sign_Abnormalities_Regardless_of_Abnormality_at_Baseline_VST02_1_"/>
    <testcase time="0.272999999999996" classname="table_vst02" name="2._Vital_Sign_Abnormalities_Among_Subject_Without_Abnormality_at_Baseline_VST02_2_"/>
    <testcase time="0.12700000000001" classname="table_vst02" name="2._Vital_Sign_Abnormalities_Among_Subject_Without_Abnormality_at_Baseline_VST02_2_"/>
  </testsuite>
</testsuites>
