<?xml version="1.0" encoding="UTF-8"?>
<testsuites>
  <testsuite name="listing_adal02" timestamp="2024-11-06T04:39:20Z" hostname="d61435d52e2d" tests="1" skipped="0" failures="0" errors="0" time="0.26">
    <testcase time="0.260000000000001" classname="listing_adal02" name="ADAL02_listing_is_produced_correctly"/>
  </testsuite>
  <testsuite name="listing_ael01" timestamp="2024-11-06T04:39:21Z" hostname="d61435d52e2d" tests="1" skipped="0" failures="0" errors="0" time="0.196">
    <testcase time="0.196" classname="listing_ael01" name="AEL01_listing_is_produced_correctly"/>
  </testsuite>
  <testsuite name="listing_ael01_nollt" timestamp="2024-11-06T04:39:21Z" hostname="d61435d52e2d" tests="1" skipped="0" failures="0" errors="0" time="0.072">
    <testcase time="0.0720000000000001" classname="listing_ael01_nollt" name="AEL01_NOLLT_listing_is_produced_correctly"/>
  </testsuite>
  <testsuite name="listing_ael02" timestamp="2024-11-06T04:39:21Z" hostname="d61435d52e2d" tests="1" skipped="0" failures="0" errors="0" time="0.288">
    <testcase time="0.288" classname="listing_ael02" name="AEL02_listing_is_produced_correctly"/>
  </testsuite>
  <testsuite name="listing_ael02_ed" timestamp="2024-11-06T04:39:21Z" hostname="d61435d52e2d" tests="1" skipped="0" failures="0" errors="0" time="0.328">
    <testcase time="0.327999999999999" classname="listing_ael02_ed" name="AEL02_ED_listing_is_produced_correctly"/>
  </testsuite>
  <testsuite name="listing_ael03" timestamp="2024-11-06T04:39:22Z" hostname="d61435d52e2d" tests="1" skipped="0" failures="0" errors="0" time="0.273">
    <testcase time="0.273000000000001" classname="listing_ael03" name="AEL03_listing_is_produced_correctly"/>
  </testsuite>
  <testsuite name="listing_ael04" timestamp="2024-11-06T04:39:22Z" hostname="d61435d52e2d" tests="1" skipped="0" failures="0" errors="0" time="0.201">
    <testcase time="0.201" classname="listing_ael04" name="AEL04_listing_is_produced_correctly"/>
  </testsuite>
  <testsuite name="listing_cml01" timestamp="2024-11-06T04:39:22Z" hostname="d61435d52e2d" tests="1" skipped="0" failures="0" errors="0" time="0.295">
    <testcase time="0.295" classname="listing_cml01" name="CML01_listing_is_produced_correctly"/>
  </testsuite>
  <testsuite name="listing_cml02a_gl" timestamp="2024-11-06T04:39:22Z" hostname="d61435d52e2d" tests="1" skipped="0" failures="0" errors="0" time="0.073">
    <testcase time="0.0730000000000004" classname="listing_cml02a_gl" name="CML02A_GL_listing_is_produced_correctly"/>
  </testsuite>
  <testsuite name="listing_cml02b_gl" timestamp="2024-11-06T04:39:22Z" hostname="d61435d52e2d" tests="1" skipped="0" failures="0" errors="0" time="0.088">
    <testcase time="0.0880000000000001" classname="listing_cml02b_gl" name="CML02B_GL_listing_is_produced_correctly"/>
  </testsuite>
  <testsuite name="listing_dsl01" timestamp="2024-11-06T04:39:22Z" hostname="d61435d52e2d" tests="1" skipped="0" failures="0" errors="0" time="0.161">
    <testcase time="0.161" classname="listing_dsl01" name="DSL01_listing_is_produced_correctly"/>
  </testsuite>
  <testsuite name="listing_dsl02" timestamp="2024-11-06T04:39:23Z" hostname="d61435d52e2d" tests="1" skipped="0" failures="0" errors="0" time="0.079">
    <testcase time="0.0790000000000006" classname="listing_dsl02" name="DSL02_listing_is_produced_correctly"/>
  </testsuite>
  <testsuite name="listing_dsur4" timestamp="2024-11-06T04:39:23Z" hostname="d61435d52e2d" tests="1" skipped="0" failures="0" errors="0" time="0.11">
    <testcase time="0.109999999999999" classname="listing_dsur4" name="DSUR4_listing_is_produced_correctly"/>
  </testsuite>
  <testsuite name="listing_egl01" timestamp="2024-11-06T04:39:23Z" hostname="d61435d52e2d" tests="1" skipped="0" failures="0" errors="0" time="0.469">
    <testcase time="0.468999999999999" classname="listing_egl01" name="EGL01_listing_is_produced_correctly"/>
  </testsuite>
  <testsuite name="listing_exl01" timestamp="2024-11-06T04:39:23Z" hostname="d61435d52e2d" tests="1" skipped="0" failures="0" errors="0" time="0.224">
    <testcase time="0.224" classname="listing_exl01" name="EXL01_listing_is_produced_correctly"/>
  </testsuite>
  <testsuite name="listing_lbl01" timestamp="2024-11-06T04:39:24Z" hostname="d61435d52e2d" tests="1" skipped="0" failures="0" errors="0" time="0.519">
    <testcase time="0.519" classname="listing_lbl01" name="LBL01_listing_is_produced_correctly"/>
  </testsuite>
  <testsuite name="listing_lbl01_rls" timestamp="2024-11-06T04:39:24Z" hostname="d61435d52e2d" tests="1" skipped="0" failures="0" errors="0" time="0.506">
    <testcase time="0.506" classname="listing_lbl01_rls" name="LBL01_RLS_listing_is_produced_correctly"/>
  </testsuite>
  <testsuite name="listing_lbl02a" timestamp="2024-11-06T04:39:25Z" hostname="d61435d52e2d" tests="1" skipped="0" failures="0" errors="0" time="0.248">
    <testcase time="0.247999999999999" classname="listing_lbl02a" name="LBL02A_listing_is_produced_correctly"/>
  </testsuite>
  <testsuite name="listing_lbl02a_rls" timestamp="2024-11-06T04:39:25Z" hostname="d61435d52e2d" tests="1" skipped="0" failures="1" errors="0" time="0.886">
    <testcase time="0.886000000000001" classname="listing_lbl02a_rls" name="LBL02A_RLS_listing_is_produced_correctly">
      <failure type="failure" message="Snapshot of code has changed: ('test-listing_lbl02a_rls.R:79:3')">Snapshot of code has changed:
old[9:15] vs new[9:15]
                                                                     Study   Last Dose of              from       Reference     Reference     Change     Abnormality
    Treatment          Lab Test (Unit)           Center/Patient ID    Day     Study Drug    Result   Baseline       Range         Range     Dec./Inc.       Flag    
    ————————————————————————————————————————————————————————————————————————————————————————————————————————————————————————————————————————————————————————————————
-    Placebo    Alanine Aminotransferase (U/L)       701/1015         -7          0          27.0        0.0     10.0 -  29.0    6 - 34     40% / 40%               
+    Placebo    Alanine Aminotransferase (U/L)       701/1015         -7          0          27.0         NA     10.0 -  29.0    6 - 34     40% / 40%               
                                                                      15          22         41.0       51.9     10.0 -  29.0    6 - 34     40% / 40%        HH     
                                                                      29          14         18.0      -33.3     10.0 -  29.0    6 - 34     40% / 40%               
                                                                      42          13         26.0       -3.7     10.0 -  29.0    6 - 34     40% / 40%               

old[19:32] vs new[19:32]
                                                                      140         14         21.0      -22.2     10.0 -  29.0    6 - 34     40% / 40%               
                                                                      168         28         23.0      -14.8     10.0 -  29.0    6 - 34     40% / 40%               
                                                                      182         14         23.0      -14.8     10.0 -  29.0    6 - 34     40% / 40%               
-                                                    701/1023         -14         0          23.0        0.0     10.0 -  29.0    6 - 43     40% / 40%               
+                                                    701/1023         -14         0          23.0         NA     10.0 -  29.0    6 - 43     40% / 40%               
                                                                      23          37         30.0       30.4     10.0 -  29.0    6 - 43     40% / 40%               
                                                                      29          6          38.0       65.2     10.0 -  29.0    6 - 43     40% / 40%               
-                                                    701/1047         -21         0          22.0        0.0     10.0 -  29.0    6 - 32     40% / 40%               
+                                                    701/1047         -21         0          22.0         NA     10.0 -  29.0    6 - 32     40% / 40%               
                                                                      14          35         16.0      -27.3     10.0 -  29.0    6 - 32     40% / 40%               
                                                                      27          13         20.0       -9.1     10.0 -  29.0    6 - 32     40% / 40%               
                                                                      55          28         17.0      -22.7     10.0 -  29.0    6 - 32     40% / 40%               
-                                                    701/1118         -13         0          15.0        0.0     10.0 -  29.0    6 - 43     40% / 40%               
+                                                    701/1118         -13         0          15.0         NA     10.0 -  29.0    6 - 43     40% / 40%               
                                                                      15          28          7.0      -53.3     10.0 -  29.0    6 - 43     40% / 40%               
                                                                      29          14         15.0        0.0     10.0 -  29.0    6 - 43     40% / 40%               
                                                                      43          14         11.0      -26.7     10.0 -  29.0    6 - 43     40% / 40%               

old[36:42] vs new[36:42]
                                                                      141         28         13.0      -13.3     10.0 -  29.0    6 - 43     40% / 40%               
                                                                      169         28         13.0      -13.3     10.0 -  29.0    6 - 43     40% / 40%               
                                                                      182         13         10.0      -33.3     10.0 -  29.0    6 - 43     40% / 40%               
-                                                    701/1130         -6          0          15.0        0.0     10.0 -  29.0    6 - 35     40% / 40%               
+                                                    701/1130         -6          0          15.0         NA     10.0 -  29.0    6 - 35     40% / 40%               
                                                                      15          21         14.0       -6.7     10.0 -  29.0    6 - 35     40% / 40%               
                                                                      29          14         18.0       20.0     10.0 -  29.0    6 - 35     40% / 40%               
                                                                      43          14         13.0      -13.3     10.0 -  29.0    6 - 35     40% / 40%               

old[46:52] vs new[46:52]
                                                                      138         25         11.0      -26.7     10.0 -  29.0    6 - 35     40% / 40%               
                                                                      169         31         13.0      -13.3     10.0 -  29.0    6 - 35     40% / 40%               
                                                                      183         14         10.0      -33.3     10.0 -  29.0    6 - 35     40% / 40%               
-                                                    701/1153         -17         0          13.0        0.0     10.0 -  29.0    6 - 32     40% / 40%               
+                                                    701/1153         -17         0          13.0         NA     10.0 -  29.0    6 - 32     40% / 40%               
                                                                      16          33         14.0        7.7     10.0 -  29.0    6 - 32     40% / 40%               
                                                                      27          11         14.0        7.7     10.0 -  29.0    6 - 32     40% / 40%               
                                                                      43          16         14.0        7.7     10.0 -  29.0    6 - 32     40% / 40%               

old[56:62] vs new[56:62]
                                                                      142         34         14.0        7.7     10.0 -  29.0    6 - 32     40% / 40%               
                                                                      170         28         13.0        0.0     10.0 -  29.0    6 - 32     40% / 40%               
                                                                      191         21         14.0        7.7     10.0 -  29.0    6 - 32     40% / 40%               
-                                                    701/1203         -8          0          13.0        0.0     10.0 -  29.0    6 - 32     40% / 40%               
+                                                    701/1203         -8          0          13.0         NA     10.0 -  29.0    6 - 32     40% / 40%               
                                                                      22          30         14.0        7.7     10.0 -  29.0    6 - 32     40% / 40%               
                                                                      29          7          10.0      -23.1     10.0 -  29.0    6 - 32     40% / 40%               
    ————————————————————————————————————————————————————————————————————————————————————————————————————————————————————————————————————————————————————————————————

* Run `testthat::snapshot_accept('listing_lbl02a_rls')` to accept the change.
* Run `testthat::snapshot_review('listing_lbl02a_rls')` to interactively review the change.</failure>
    </testcase>
  </testsuite>
  <testsuite name="listing_lbl02b" timestamp="2024-11-06T04:39:26Z" hostname="d61435d52e2d" tests="1" skipped="0" failures="0" errors="0" time="0.282">
    <testcase time="0.282" classname="listing_lbl02b" name="LBL02B_listing_is_produced_correctly"/>
  </testsuite>
  <testsuite name="listing_mhl01" timestamp="2024-11-06T04:39:26Z" hostname="d61435d52e2d" tests="1" skipped="0" failures="0" errors="0" time="0.251">
    <testcase time="0.250999999999999" classname="listing_mhl01" name="MHL01_listing_is_produced_correctly"/>
  </testsuite>
  <testsuite name="listing_oncl01" timestamp="2024-11-06T04:39:26Z" hostname="d61435d52e2d" tests="1" skipped="0" failures="0" errors="0" time="0.24">
    <testcase time="0.24" classname="listing_oncl01" name="ONCL01_listing_is_produced_correctly"/>
  </testsuite>
  <testsuite name="listing_pkcl01" timestamp="2024-11-06T04:39:26Z" hostname="d61435d52e2d" tests="1" skipped="0" failures="0" errors="0" time="0.178">
    <testcase time="0.177999999999999" classname="listing_pkcl01" name="PKCL01_listing_is_produced_correctly"/>
  </testsuite>
  <testsuite name="listing_pkcl02" timestamp="2024-11-06T04:39:27Z" hostname="d61435d52e2d" tests="1" skipped="0" failures="0" errors="0" time="0.205">
    <testcase time="0.205" classname="listing_pkcl02" name="PKCL02_listing_is_produced_correctly"/>
  </testsuite>
  <testsuite name="listing_pkpl01" timestamp="2024-11-06T04:39:27Z" hostname="d61435d52e2d" tests="1" skipped="0" failures="0" errors="0" time="0.234">
    <testcase time="0.234" classname="listing_pkpl01" name="PKPL01_listing_is_produced_correctly"/>
  </testsuite>
  <testsuite name="listing_pkpl02" timestamp="2024-11-06T04:39:27Z" hostname="d61435d52e2d" tests="1" skipped="0" failures="0" errors="0" time="0.15">
    <testcase time="0.15" classname="listing_pkpl02" name="PKPL02_listing_is_produced_correctly"/>
  </testsuite>
  <testsuite name="listing_pkpl04" timestamp="2024-11-06T04:39:27Z" hostname="d61435d52e2d" tests="1" skipped="0" failures="0" errors="0" time="0.201">
    <testcase time="0.201000000000001" classname="listing_pkpl04" name="PKPL04_listing_is_produced_correctly"/>
  </testsuite>
  <testsuite name="listing_vsl01" timestamp="2024-11-06T04:39:27Z" hostname="d61435d52e2d" tests="1" skipped="0" failures="0" errors="0" time="0.429">
    <testcase time="0.429" classname="listing_vsl01" name="VSL01_listing_is_produced_correctly"/>
  </testsuite>
  <testsuite name="pagination_listing" timestamp="2024-11-06T04:39:28Z" hostname="d61435d52e2d" tests="13" skipped="0" failures="0" errors="0" time="5.623">
    <testcase time="0.0289999999999999" classname="pagination_listing" name="Direct_pagination_works_fine"/>
    <testcase time="0.943999999999999" classname="pagination_listing" name="Direct_pagination_works_fine"/>
    <testcase time="0.00300000000000011" classname="pagination_listing" name="Direct_pagination_works_fine"/>
    <testcase time="0.863000000000001" classname="pagination_listing" name="Direct_pagination_works_fine"/>
    <testcase time="1.19" classname="pagination_listing" name="Direct_pagination_works_fine"/>
    <testcase time="1.267" classname="pagination_listing" name="pagination_counts_the_right_number_of_lines_when_wrapping_on_keycols_is_present"/>
    <testcase time="0.00600000000000023" classname="pagination_listing" name="pagination_counts_the_right_number_of_lines_when_wrapping_on_keycols_is_present"/>
    <testcase time="0.00499999999999901" classname="pagination_listing" name="pagination_counts_the_right_number_of_lines_when_wrapping_on_keycols_is_present"/>
    <testcase time="0.00300000000000011" classname="pagination_listing" name="pagination_counts_the_right_number_of_lines_when_wrapping_on_keycols_is_present"/>
    <testcase time="1.301" classname="pagination_listing" name="pagination_counts_the_right_number_of_lines_when_wrapping_on_keycols_is_present"/>
    <testcase time="0.00500000000000256" classname="pagination_listing" name="pagination_counts_the_right_number_of_lines_when_wrapping_on_keycols_is_present"/>
    <testcase time="0.00399999999999778" classname="pagination_listing" name="pagination_counts_the_right_number_of_lines_when_wrapping_on_keycols_is_present"/>
    <testcase time="0.00300000000000011" classname="pagination_listing" name="pagination_counts_the_right_number_of_lines_when_wrapping_on_keycols_is_present"/>
  </testsuite>
  <testsuite name="pagination_table" timestamp="2024-11-06T04:39:35Z" hostname="d61435d52e2d" tests="30" skipped="0" failures="0" errors="0" time="14.105">
    <testcase time="1.811" classname="pagination_table" name="Direct_pagination_with_standard_values"/>
    <testcase time="0.00400000000000134" classname="pagination_table" name="Direct_pagination_with_standard_values"/>
    <testcase time="0.00300000000000011" classname="pagination_table" name="Direct_pagination_with_standard_values"/>
    <testcase time="1.287" classname="pagination_table" name="Pagination_with_specific_column_widths_and_minimum_lines_per_page"/>
    <testcase time="0.00400000000000134" classname="pagination_table" name="Pagination_with_specific_column_widths_and_minimum_lines_per_page"/>
    <testcase time="0.128999999999998" classname="pagination_table" name="Pagination_with_specific_column_widths_and_minimum_lines_per_page"/>
    <testcase time="0.992000000000001" classname="pagination_table" name="Pagination_works_also_if_table_is_decorated"/>
    <testcase time="0.734999999999999" classname="pagination_table" name="Pagination_works_also_if_table_is_decorated"/>
    <testcase time="0.778000000000002" classname="pagination_table" name="Pagination_works_also_if_table_is_decorated"/>
    <testcase time="0.629999999999999" classname="pagination_table" name="Pagination_works_also_if_table_is_decorated"/>
    <testcase time="1.3" classname="pagination_table" name="Pagination_works_also_if_table_is_decorated"/>
    <testcase time="0.300000000000001" classname="pagination_table" name="Pagination_works_also_if_table_is_decorated"/>
    <testcase time="0.00400000000000134" classname="pagination_table" name="Pagination_works_also_if_table_is_decorated"/>
    <testcase time="0.0219999999999985" classname="pagination_table" name="Pagination_works_also_if_table_is_decorated"/>
    <testcase time="0.141999999999999" classname="pagination_table" name="Pagination_works_also_if_table_is_decorated"/>
    <testcase time="0.0920000000000023" classname="pagination_table" name="Pagination_works_also_if_table_is_decorated"/>
    <testcase time="0.68" classname="pagination_table" name="Pagination_works_for_page_types"/>
    <testcase time="0.0820000000000007" classname="pagination_table" name="Pagination_works_for_page_types"/>
    <testcase time="0.684000000000001" classname="pagination_table" name="Pagination_works_for_page_types"/>
    <testcase time="0.0820000000000007" classname="pagination_table" name="Pagination_works_for_page_types"/>
    <testcase time="0.652999999999999" classname="pagination_table" name="Pagination_works_for_page_types"/>
    <testcase time="0.396000000000001" classname="pagination_table" name="Pagination_works_for_page_types"/>
    <testcase time="0.686" classname="pagination_table" name="Pagination_works_for_page_width_and_height"/>
    <testcase time="0.128999999999998" classname="pagination_table" name="Pagination_works_for_page_width_and_height"/>
    <testcase time="0.766000000000002" classname="pagination_table" name="Pagination_works_for_page_types"/>
    <testcase time="0.161000000000001" classname="pagination_table" name="Pagination_works_for_page_types"/>
    <testcase time="0.802" classname="pagination_table" name="AET04_variant_2_page_by_pagination_tests"/>
    <testcase time="0.603000000000002" classname="pagination_table" name="AET04_variant_2_page_by_pagination_tests"/>
    <testcase time="0.00199999999999534" classname="pagination_table" name="AET04_variant_2_page_by_pagination_tests"/>
    <testcase time="0.146000000000001" classname="pagination_table" name="AET04_variant_2_page_by_pagination_tests"/>
  </testsuite>
  <testsuite name="table_adat03" timestamp="2024-11-06T04:39:48Z" hostname="d61435d52e2d" tests="2" skipped="0" failures="0" errors="0" time="0.544">
    <testcase time="0.411000000000001" classname="table_adat03" name="ADAT03_is_produced_correctly"/>
    <testcase time="0.133000000000003" classname="table_adat03" name="ADAT03_is_produced_correctly"/>
  </testsuite>
  <testsuite name="table_aet01" timestamp="2024-11-06T04:39:48Z" hostname="d61435d52e2d" tests="8" skipped="0" failures="0" errors="0" time="1.716">
    <testcase time="0.346999999999994" classname="table_aet01" name="Safety_Summary_Variant_1_works_as_expected"/>
    <testcase time="0.101000000000006" classname="table_aet01" name="Safety_Summary_Variant_1_works_as_expected"/>
    <testcase time="0.317" classname="table_aet01" name="Safety_Summary_Variant_2_with_Medical_Concepts_Section_works_as_expected"/>
    <testcase time="0.132999999999996" classname="table_aet01" name="Safety_Summary_Variant_2_with_Medical_Concepts_Section_works_as_expected"/>
    <testcase time="0.251000000000005" classname="table_aet01" name="Safety_Summary_Variant_3_with_Modified_Rows_works_as_expected"/>
    <testcase time="0.0989999999999966" classname="table_aet01" name="Safety_Summary_Variant_3_with_Modified_Rows_works_as_expected"/>
    <testcase time="0.338999999999999" classname="table_aet01" name="Safety_Summary_Variant_4_with_Rows_Counting_Events_and_Additional_Sections_works_as_expected"/>
    <testcase time="0.128999999999998" classname="table_aet01" name="Safety_Summary_Variant_4_with_Rows_Counting_Events_and_Additional_Sections_works_as_expected"/>
  </testsuite>
  <testsuite name="table_aet01_aesi" timestamp="2024-11-06T04:39:50Z" hostname="d61435d52e2d" tests="8" skipped="0" failures="2" errors="0" time="2.651">
    <testcase time="0.268000000000001" classname="table_aet01_aesi" name="AET01_AESI_Variant_1_works_as_expected"/>
    <testcase time="0.106999999999999" classname="table_aet01_aesi" name="AET01_AESI_Variant_1_works_as_expected"/>
    <testcase time="0.443000000000005" classname="table_aet01_aesi" name="AET01_AESI_Variant_2_works_as_expected"/>
    <testcase time="0.161999999999999" classname="table_aet01_aesi" name="AET01_AESI_Variant_2_works_as_expected">
      <failure type="failure" message="Snapshot of code has changed: ('test-table_aet01_aesi.R:181:3')">Snapshot of code has changed:
old vs new
  Code
    res
  Output
-                                                                                       Placebo     Xanomeline High Dose   Xanomeline Low Dose
+                                                                                     Placebo     Xanomeline High Dose   Xanomeline Low Dose
-                                                                                        (N=86)            (N=72)                (N=96)       
+                                                                                      (N=86)            (N=72)                (N=96)       
-   ——————————————————————————————————————————————————————————————————————————————————————————————————————————————————————————————————————————
+   ————————————————————————————————————————————————————————————————————————————————————————————————————————————————————————————————————————
-   Total number of patients with at least one AE                                      37 (43.0%)        61 (84.7%)            64 (66.7%)     
+   Total number of patients with at least one AE                                    37 (43.0%)        61 (84.7%)            64 (66.7%)     
-   Total number of AEs                                                                    75               197                    181        
+   Total number of AEs                                                                  75               197                    181        
-   Total number of patients with at least one AE by worst grade                                                                              
+   Total number of patients with at least one AE by worst grade                                                                            
-     Grade 1                                                                          16 (18.6%)        28 (38.9%)            30 (31.2%)     
+     Grade 1                                                                        16 (18.6%)        28 (38.9%)            30 (31.2%)     
-     Grade 2                                                                          13 (15.1%)        19 (26.4%)            18 (18.8%)     
+     Grade 2                                                                        13 (15.1%)        19 (26.4%)            18 (18.8%)     
-     Grade 3                                                                           2 (2.3%)          7 (9.7%)              5 (5.2%)      
+     Grade 3                                                                         2 (2.3%)          7 (9.7%)              5 (5.2%)      
-     Grade 4                                                                           5 (5.8%)          6 (8.3%)              9 (9.4%)      
+     Grade 4                                                                         5 (5.8%)          6 (8.3%)              9 (9.4%)      
-     Grade 5 (fatal outcome)                                                           1 (1.2%)          1 (1.4%)              2 (2.1%)      
+     Grade 5 (fatal outcome)                                                         1 (1.2%)          1 (1.4%)              2 (2.1%)      
-   Total number of patients with study drug withdrawn due to AE                           0                 0                      0         
+   Total number of patients with study drug withdrawn due to AE                         0                 0                      0         
-   Total number of patients with dose modified/interrupted due to AE                      0                 0                      0         
+   Total number of patients with dose modified/interrupted due to AE                    0                 0                      0         
-   Total number of patients with treatment received for AE                            37 (43.0%)        61 (84.7%)            64 (66.7%)     
+   Total number of patients with treatment received for AE                          37 (43.0%)        61 (84.7%)            64 (66.7%)     
-   Total number of patients with all non-fatal AEs resolved                            7 (8.1%)          1 (1.4%)              4 (4.2%)      
+   Total number of patients with all non-fatal AEs resolved                          7 (8.1%)          1 (1.4%)              4 (4.2%)      
-     No. of patients with study drug withdrawn due to resolved AE                         0                 0                      0         
+   No. of patients with study drug withdrawn due to resolved AE                         0                 0                      0         
-     No. of patients with dose modified/interrupted due to resolved AE                    0                 0                      0         
+   No. of patients with dose modified/interrupted due to resolved AE                    0                 0                      0         
-     No. of patients with treatment received for resolved AE                           7 (8.1%)          1 (1.4%)              4 (4.2%)      
+   No. of patients with treatment received for resolved AE                           7 (8.1%)          1 (1.4%)              4 (4.2%)      
-   Total number of patients with at least one unresolved or ongoing non-fatal AE      30 (34.9%)        60 (83.3%)            60 (62.5%)     
+   Total number of patients with at least one unresolved or ongoing non-fatal AE    30 (34.9%)        60 (83.3%)            60 (62.5%)     
-     No. of patients with study drug withdrawn due to unresolved or ongoing AE            0                 0                      0         
+   No. of patients with study drug withdrawn due to unresolved or ongoing AE            0                 0                      0         
-     No. of patients with dose modified/interrupted due to unresolved or ongoing AE       0                 0                      0         
+   No. of patients with dose modified/interrupted due to unresolved or ongoing AE       0                 0                      0         
-     No. of patients with treatment received for unresolved or ongoing AE             30 (34.9%)        60 (83.3%)            60 (62.5%)     
+   No. of patients with treatment received for unresolved or ongoing AE             30 (34.9%)        60 (83.3%)            60 (62.5%)     
-   Total number of patients with at least one serious AE                                  0                 0                      0         
+   Total number of patients with at least one serious AE                                0                 0                      0         
-     No. of patients with study drug withdrawn due to serious AE                          0                 0                      0         
+   No. of patients with study drug withdrawn due to serious AE                          0                 0                      0         
-     No. of patients with treatment received for serious AE                               0                 0                      0         
+   No. of patients with treatment received for serious AE                               0                 0                      0         
-     No. of patients with dose modified/interrupted due to serious AE                     0                 0                      0         
+   No. of patients with dose modified/interrupted due to serious AE                     0                 0                      0         
-   Total number of patients with at least one related AE                                  0                 0                      0         
+   Total number of patients with at least one related AE                                0                 0                      0         
-     No. of patients with study drug withdrawn due to related AE                          0                 0                      0         
+   No. of patients with study drug withdrawn due to related AE                          0                 0                      0         
-     No. of patients with dose modified/interrupted due to related AE                     0                 0                      0         
+   No. of patients with dose modified/interrupted due to related AE                     0                 0                      0         
-     No. of patients with treatment received for related AE                               0                 0                      0         
+   No. of patients with treatment received for related AE                               0                 0                      0         
-     No. of patients with serious, related AE                                             0                 0                      0         
+   No. of patients with serious, related AE                                             0                 0                      0         

* Run `testthat::snapshot_accept('table_aet01_aesi')` to accept the change.
* Run `testthat::snapshot_review('table_aet01_aesi')` to interactively review the change.</failure>
    </testcase>
    <testcase time="0.642000000000003" classname="table_aet01_aesi" name="AET01_AESI_Variant_3_works_as_expected"/>
    <testcase time="0.236999999999995" classname="table_aet01_aesi" name="AET01_AESI_Variant_3_works_as_expected">
      <failure type="failure" message="Snapshot of code has changed: ('test-table_aet01_aesi.R:410:3')">Snapshot of code has changed:
old vs new
  Code
    res
  Output
-                                                                                                         Placebo     Xanomeline High Dose   Xanomeline Low Dose
+                                                                                                       Placebo     Xanomeline High Dose   Xanomeline Low Dose
-                                                                                                          (N=86)            (N=72)                (N=96)       
+                                                                                                        (N=86)            (N=72)                (N=96)       
-   ————————————————————————————————————————————————————————————————————————————————————————————————————————————————————————————————————————————————————————————
+   ——————————————————————————————————————————————————————————————————————————————————————————————————————————————————————————————————————————————————————————
-   Total number of patients with at least one AE                                                        37 (43.0%)        61 (84.7%)            64 (66.7%)     
+   Total number of patients with at least one AE                                                      37 (43.0%)        61 (84.7%)            64 (66.7%)     
-   Total number of AEs                                                                                      75               197                    181        
+   Total number of AEs                                                                                    75               197                    181        
-   Total number of patients with at least one AE by worst grade                                                                                                
+   Total number of patients with at least one AE by worst grade                                                                                              
-     Grade 1                                                                                            16 (18.6%)        28 (38.9%)            30 (31.2%)     
+     Grade 1                                                                                          16 (18.6%)        28 (38.9%)            30 (31.2%)     
-     Grade 2                                                                                            13 (15.1%)        19 (26.4%)            18 (18.8%)     
+     Grade 2                                                                                          13 (15.1%)        19 (26.4%)            18 (18.8%)     
-     Grade 3                                                                                             2 (2.3%)          7 (9.7%)              5 (5.2%)      
+     Grade 3                                                                                           2 (2.3%)          7 (9.7%)              5 (5.2%)      
-     Grade 4                                                                                             5 (5.8%)          6 (8.3%)              9 (9.4%)      
+     Grade 4                                                                                           5 (5.8%)          6 (8.3%)              9 (9.4%)      
-     Grade 5 (fatal outcome)                                                                             1 (1.2%)          1 (1.4%)              2 (2.1%)      
+     Grade 5 (fatal outcome)                                                                           1 (1.2%)          1 (1.4%)              2 (2.1%)      
-   Total number of patients with study drug 1 withdrawn due to AE                                           0                 0                      0         
+   Total number of patients with study drug 1 withdrawn due to AE                                         0                 0                      0         
-   Total number of patients with study drug 2 withdrawn due to AE                                           0                 0                      0         
+   Total number of patients with study drug 2 withdrawn due to AE                                         0                 0                      0         
-   Total number of patients with dose of study drug 1 modified/interrupted due to AE                        0                 0                      0         
+   Total number of patients with dose of study drug 1 modified/interrupted due to AE                      0                 0                      0         
-   Total number of patients with dose of study drug 2 modified/interrupted due to AE                        0                 0                      0         
+   Total number of patients with dose of study drug 2 modified/interrupted due to AE                      0                 0                      0         
-   Total number of patients with treatment received for AE                                              37 (43.0%)        61 (84.7%)            64 (66.7%)     
+   Total number of patients with treatment received for AE                                            37 (43.0%)        61 (84.7%)            64 (66.7%)     
-   Total number of patients with all non-fatal AEs resolved                                              7 (8.1%)          1 (1.4%)              4 (4.2%)      
+   Total number of patients with all non-fatal AEs resolved                                            7 (8.1%)          1 (1.4%)              4 (4.2%)      
-     No. of patients with study drug 1 withdrawn due to resolved AE                                         0                 0                      0         
+   No. of patients with study drug 1 withdrawn due to resolved AE                                         0                 0                      0         
-     No. of patients with study drug 2 withdrawn due to resolved AE                                         0                 0                      0         
+   No. of patients with study drug 2 withdrawn due to resolved AE                                         0                 0                      0         
-     No. of patients with dose of study drug 1 modified/interrupted due to resolved AE                      0                 0                      0         
+   No. of patients with dose of study drug 1 modified/interrupted due to resolved AE                      0                 0                      0         
-     No. of patients with dose of study drug 2 modified/interrupted due to resolved AE                      0                 0                      0         
+   No. of patients with dose of study drug 2 modified/interrupted due to resolved AE                      0                 0                      0         
-     No. of patients with treatment received for resolved AE                                             7 (8.1%)          1 (1.4%)              4 (4.2%)      
+   No. of patients with treatment received for resolved AE                                             7 (8.1%)          1 (1.4%)              4 (4.2%)      
-   Total number of patients with at least one non-fatal unresolved or ongoing AE                        30 (34.9%)        60 (83.3%)            60 (62.5%)     
+   Total number of patients with at least one non-fatal unresolved or ongoing AE                      30 (34.9%)        60 (83.3%)            60 (62.5%)     
-     No. of patients with study drug 1 withdrawn due to unresolved or ongoing AE                            0                 0                      0         
+   No. of patients with study drug 1 withdrawn due to unresolved or ongoing AE                            0                 0                      0         
-     No. of patients with study drug 2 withdrawn due to unresolved or ongoing AE                            0                 0                      0         
+   No. of patients with study drug 2 withdrawn due to unresolved or ongoing AE                            0                 0                      0         
-     No. of patients with dose of study drug 1 modified/interrupted due to unresolved or ongoing AE         0                 0                      0         
+   No. of patients with dose of study drug 1 modified/interrupted due to unresolved or ongoing AE         0                 0                      0         
-     No. of patients with dose of study drug 2 modified/interrupted due to unresolved or ongoing AE         0                 0                      0         
+   No. of patients with dose of study drug 2 modified/interrupted due to unresolved or ongoing AE         0                 0                      0         
-     No. of patients with treatment received for unresolved or ongoing AE                               30 (34.9%)        60 (83.3%)            60 (62.5%)     
+   No. of patients with treatment received for unresolved or ongoing AE                               30 (34.9%)        60 (83.3%)            60 (62.5%)     
-   Total number of patients with at least one serious AE                                                    0                 0                      0         
+   Total number of patients with at least one serious AE                                                  0                 0                      0         
-     No. of patients with study drug 1 withdrawn due to serious AE                                          0                 0                      0         
+   No. of patients with study drug 1 withdrawn due to serious AE                                          0                 0                      0         
-     No. of patients with study drug 2 withdrawn due to serious AE                                          0                 0                      0         
+   No. of patients with study drug 2 withdrawn due to serious AE                                          0                 0                      0         
-     No. of patients with dose of study drug 1 modified/interrupted due to serious AE                       0                 0                      0         
+   No. of patients with dose of study drug 1 modified/interrupted due to serious AE                       0                 0                      0         
-     No. of patients with dose of study drug 2 modified/interrupted due to serious AE                       0                 0                      0         
+   No. of patients with dose of study drug 2 modified/interrupted due to serious AE                       0                 0                      0         
-     No. of patients with treatment received for serious AE                                                 0                 0                      0         
+   No. of patients with treatment received for serious AE                                                 0                 0                      0         
-   Total number of patients with at least one AE related to study drug 1                                    0                 0                      0         
+   Total number of patients with at least one AE related to study drug 1                                  0                 0                      0         
-     No. of patients with study drug 1 withdrawn due to AE related to study drug 1                          0                 0                      0         
+   No. of patients with study drug 1 withdrawn due to AE related to study drug 1                          0                 0                      0         
-     No. of patients with study drug 1 withdrawn due to AE related to study drug 2                          0                 0                      0         
+   No. of patients with study drug 1 withdrawn due to AE related to study drug 2                          0                 0                      0         
-     No. of patients with dose of study drug 1 modified/interrupted due to AE related to study drug 1       0                 0                      0         
+   No. of patients with dose of study drug 1 modified/interrupted due to AE related to study drug 1       0                 0                      0         
-     No. of patients with dose of study drug 1 modified/interrupted due to AE related to study drug 2       0                 0                      0         
+   No. of patients with dose of study drug 1 modified/interrupted due to AE related to study drug 2       0                 0                      0         
-     No. of patients with treatment received for AE related to study drug 1                                 0                 0                      0         
+   No. of patients with treatment received for AE related to study drug 1                                 0                 0                      0         
-     No. of patients with serious AE related to study drug 1                                                0                 0                      0         
+   No. of patients with serious AE related to study drug 1                                                0                 0                      0         
-   Total number of patients with at least one AE related to study drug 2                                    0                 0                      0         
+   Total number of patients with at least one AE related to study drug 2                                  0                 0                      0         
-     No. of patients with study drug 2 withdrawn due to AE related to study drug 1                          0                 0                      0         
+   No. of patients with study drug 2 withdrawn due to AE related to study drug 1                          0                 0                      0         
-     No. of patients with study drug 2 withdrawn due to AE related to study drug 2                          0                 0                      0         
+   No. of patients with study drug 2 withdrawn due to AE related to study drug 2                          0                 0                      0         
-     No. of patients with dose of study drug 2 modified/interrupted due to AE related to study drug 1       0                 0                      0         
+   No. of patients with dose of study drug 2 modified/interrupted due to AE related to study drug 1       0                 0                      0         
-     No. of patients with dose of study drug 2 modified/interrupted due to AE related to study drug 2       0                 0                      0         
+   No. of patients with dose of study drug 2 modified/interrupted due to AE related to study drug 2       0                 0                      0         
-     No. of patients with treatment received for AE related to study drug 2                                 0                 0                      0         
+   No. of patients with treatment received for AE related to study drug 2                                 0                 0                      0         
-     No. of patients with serious AE related to study drug 2                                                0                 0                      0         
+   No. of patients with serious AE related to study drug 2                                                0                 0                      0         

* Run `testthat::snapshot_accept('table_aet01_aesi')` to accept the change.
* Run `testthat::snapshot_review('table_aet01_aesi')` to interactively review the change.</failure>
    </testcase>
    <testcase time="0.57" classname="table_aet01_aesi" name="AET01_AESI_Variant_4_works_as_expected"/>
    <testcase time="0.222000000000001" classname="table_aet01_aesi" name="AET01_AESI_Variant_4_works_as_expected"/>
  </testsuite>
  <testsuite name="table_aet02" timestamp="2024-11-06T04:39:53Z" hostname="d61435d52e2d" tests="26" skipped="0" failures="0" errors="0" time="8.106">
    <testcase time="0.561999999999998" classname="table_aet02" name="AET02_variant_1_is_produced_correctly"/>
    <testcase time="0.189" classname="table_aet02" name="AET02_variant_1_is_produced_correctly"/>
    <testcase time="0.434000000000005" classname="table_aet02" name="AET02_variant_1_is_produced_correctly"/>
    <testcase time="0.101999999999997" classname="table_aet02" name="AET02_variant_1_is_produced_correctly"/>
    <testcase time="0.844999999999999" classname="table_aet02" name="AET02_variant_2_is_produced_correctly"/>
    <testcase time="0.18" classname="table_aet02" name="AET02_variant_2_is_produced_correctly"/>
    <testcase time="0.865000000000002" classname="table_aet02" name="AET02_variant_3_is_produced_correctly"/>
    <testcase time="0.283000000000001" classname="table_aet02" name="AET02_variant_3_is_produced_correctly"/>
    <testcase time="0.118000000000002" classname="table_aet02" name="AET02_variant_4_is_produced_correctly"/>
    <testcase time="0.097999999999999" classname="table_aet02" name="AET02_variant_4_is_produced_correctly"/>
    <testcase time="0.379999999999995" classname="table_aet02" name="AET02_variant_5_is_produced_correctly"/>
    <testcase time="0.157000000000004" classname="table_aet02" name="AET02_variant_5_is_produced_correctly"/>
    <testcase time="0.388999999999996" classname="table_aet02" name="AET02_variant_6_is_produced_correctly"/>
    <testcase time="0.0980000000000061" classname="table_aet02" name="AET02_variant_6_is_produced_correctly"/>
    <testcase time="0.888999999999996" classname="table_aet02" name="AET02_variant_7_is_produced_correctly"/>
    <testcase time="0.142000000000003" classname="table_aet02" name="AET02_variant_7_is_produced_correctly"/>
    <testcase time="0.381999999999998" classname="table_aet02" name="AET02_variant_8_is_produced_correctly"/>
    <testcase time="0.0739999999999981" classname="table_aet02" name="AET02_variant_8_is_produced_correctly"/>
    <testcase time="0.390000000000001" classname="table_aet02" name="AET02_variant_9_is_produced_correctly"/>
    <testcase time="0.097999999999999" classname="table_aet02" name="AET02_variant_9_is_produced_correctly"/>
    <testcase time="0.390000000000001" classname="table_aet02" name="AET02_variant_10_is_produced_correctly"/>
    <testcase time="0.0850000000000009" classname="table_aet02" name="AET02_variant_10_is_produced_correctly"/>
    <testcase time="0.395000000000003" classname="table_aet02" name="AET02_variant_11_is_produced_correctly"/>
    <testcase time="0.0850000000000009" classname="table_aet02" name="AET02_variant_11_is_produced_correctly"/>
    <testcase time="0.385999999999996" classname="table_aet02" name="AET02_variant_12_is_produced_correctly"/>
    <testcase time="0.0900000000000034" classname="table_aet02" name="AET02_variant_12_is_produced_correctly"/>
  </testsuite>
  <testsuite name="table_aet02_smq" timestamp="2024-11-06T04:40:01Z" hostname="d61435d52e2d" tests="4" skipped="0" failures="0" errors="0" time="0.425">
    <testcase time="0.113999999999997" classname="table_aet02_smq" name="AET02SMQ_variant_1_is_produced_correctly"/>
    <testcase time="0.070999999999998" classname="table_aet02_smq" name="AET02SMQ_variant_1_is_produced_correctly"/>
    <testcase time="0.150000000000006" classname="table_aet02_smq" name="AET02SMQ_variant_2_is_produced_correctly"/>
    <testcase time="0.0899999999999963" classname="table_aet02_smq" name="AET02SMQ_variant_2_is_produced_correctly"/>
  </testsuite>
  <testsuite name="table_aet03" timestamp="2024-11-06T04:40:01Z" hostname="d61435d52e2d" tests="6" skipped="0" failures="0" errors="0" time="4.822">
    <testcase time="1.088" classname="table_aet03" name="AET03_variant_1_is_produced_correctly"/>
    <testcase time="0.420999999999999" classname="table_aet03" name="AET03_variant_1_is_produced_correctly"/>
    <testcase time="1.353" classname="table_aet03" name="AET03_variant_1_is_produced_correctly"/>
    <testcase time="0.674999999999997" classname="table_aet03" name="AET03_variant_1_is_produced_correctly"/>
    <testcase time="1.072" classname="table_aet03" name="AET03_variant_1_is_produced_correctly"/>
    <testcase time="0.213000000000001" classname="table_aet03" name="AET03_variant_1_is_produced_correctly"/>
  </testsuite>
  <testsuite name="table_aet04" timestamp="2024-11-06T04:40:07Z" hostname="d61435d52e2d" tests="30" skipped="0" failures="0" errors="0" time="12.296">
    <testcase time="0.747" classname="table_aet04" name="AET04_variant_1_is_produced_correctly"/>
    <testcase time="0.314" classname="table_aet04" name="AET04_variant_1_is_produced_correctly"/>
    <testcase time="0.768999999999998" classname="table_aet04" name="AET04_variant_1_is_produced_correctly"/>
    <testcase time="0.054000000000002" classname="table_aet04" name="AET04_variant_1_is_produced_correctly"/>
    <testcase time="0.0379999999999967" classname="table_aet04" name="AET04_variant_1_is_produced_correctly"/>
    <testcase time="0.672000000000004" classname="table_aet04" name="AET04_variant_2_is_produced_correctly_Fill_in_of_Treatment_Groups_"/>
    <testcase time="0.284999999999997" classname="table_aet04" name="AET04_variant_2_is_produced_correctly_Fill_in_of_Treatment_Groups_"/>
    <testcase time="0.719999999999999" classname="table_aet04" name="AET04_variant_2_is_produced_correctly_Fill_in_of_Treatment_Groups_"/>
    <testcase time="0.0399999999999991" classname="table_aet04" name="AET04_variant_2_is_produced_correctly_Fill_in_of_Treatment_Groups_"/>
    <testcase time="0.0480000000000018" classname="table_aet04" name="AET04_variant_2_is_produced_correctly_Fill_in_of_Treatment_Groups_"/>
    <testcase time="0.692" classname="table_aet04" name="AET04_variant_3_is_produced_correctly_Fill_in_of_Grades_"/>
    <testcase time="0.552" classname="table_aet04" name="AET04_variant_3_is_produced_correctly_Fill_in_of_Grades_"/>
    <testcase time="0.744" classname="table_aet04" name="AET04_variant_3_is_produced_correctly_Fill_in_of_Grades_"/>
    <testcase time="0.0410000000000039" classname="table_aet04" name="AET04_variant_3_is_produced_correctly_Fill_in_of_Grades_"/>
    <testcase time="0.0379999999999967" classname="table_aet04" name="AET04_variant_3_is_produced_correctly_Fill_in_of_Grades_"/>
    <testcase time="0.646000000000001" classname="table_aet04" name="AET04_variant_4_is_produced_correctly_Collapsing_of_Grades_grades_1_2_grades_3_4_5_"/>
    <testcase time="0.295999999999999" classname="table_aet04" name="AET04_variant_4_is_produced_correctly_Collapsing_of_Grades_grades_1_2_grades_3_4_5_"/>
    <testcase time="0.716999999999999" classname="table_aet04" name="AET04_variant_4_is_produced_correctly_Collapsing_of_Grades_grades_1_2_grades_3_4_5_"/>
    <testcase time="0.685000000000002" classname="table_aet04" name="AET04_variant_6_is_produced_correctly_with_an_Incidence_Rate_of_at_Least_5_totals_restricted_"/>
    <testcase time="0.299999999999997" classname="table_aet04" name="AET04_variant_6_is_produced_correctly_with_an_Incidence_Rate_of_at_Least_5_totals_restricted_"/>
    <testcase time="0.730000000000004" classname="table_aet04" name="AET04_variant_6_is_produced_correctly_with_an_Incidence_Rate_of_at_Least_5_totals_restricted_"/>
    <testcase time="0.00900000000000034" classname="table_aet04" name="AET04_variant_8_is_produced_correctly_with_an_Incidence_Rate_of_at_Least_X_Patients_"/>
    <testcase time="0.302" classname="table_aet04" name="AET04_variant_8_is_produced_correctly_with_an_Incidence_Rate_of_at_Least_X_Patients_"/>
    <testcase time="0.734000000000002" classname="table_aet04" name="AET04_variant_8_is_produced_correctly_with_an_Incidence_Rate_of_at_Least_X_Patients_"/>
    <testcase time="0.00900000000000034" classname="table_aet04" name="AET04_variant_9_is_produced_correctly_with_a_Difference_in_Incidence_Rate_of_at_Least_X_"/>
    <testcase time="0.317" classname="table_aet04" name="AET04_variant_9_is_produced_correctly_with_a_Difference_in_Incidence_Rate_of_at_Least_X_"/>
    <testcase time="0.745999999999995" classname="table_aet04" name="AET04_variant_9_is_produced_correctly_with_a_Difference_in_Incidence_Rate_of_at_Least_X_"/>
    <testcase time="0.0100000000000051" classname="table_aet04" name="AET04_variant_11_is_produced_correctly_with_Incidence_Rate_of_at_Least_X_all_SOCs_w_o_preferred_terms_removed_"/>
    <testcase time="0.303999999999995" classname="table_aet04" name="AET04_variant_11_is_produced_correctly_with_Incidence_Rate_of_at_Least_X_all_SOCs_w_o_preferred_terms_removed_"/>
    <testcase time="0.737000000000002" classname="table_aet04" name="AET04_variant_11_is_produced_correctly_with_Incidence_Rate_of_at_Least_X_all_SOCs_w_o_preferred_terms_removed_"/>
  </testsuite>
  <testsuite name="table_aet04_pi" timestamp="2024-11-06T04:40:18Z" hostname="d61435d52e2d" tests="18" skipped="0" failures="0" errors="0" time="6.503">
    <testcase time="0.557999999999993" classname="table_aet04_pi" name="AET04_PI_full_table_is_produced_correctly"/>
    <testcase time="0.230000000000004" classname="table_aet04_pi" name="AET04_PI_full_table_is_produced_correctly"/>
    <testcase time="0.581000000000003" classname="table_aet04_pi" name="AET04_PI_variant_1_is_produced_correctly"/>
    <testcase time="0.183000000000007" classname="table_aet04_pi" name="AET04_PI_variant_1_is_produced_correctly"/>
    <testcase time="0.578999999999994" classname="table_aet04_pi" name="AET04_PI_variant_2_is_produced_correctly"/>
    <testcase time="0.119" classname="table_aet04_pi" name="AET04_PI_variant_2_is_produced_correctly"/>
    <testcase time="0.572999999999993" classname="table_aet04_pi" name="AET04_PI_variant_3_is_produced_correctly"/>
    <testcase time="0.135000000000005" classname="table_aet04_pi" name="AET04_PI_variant_3_is_produced_correctly"/>
    <testcase time="0.597000000000008" classname="table_aet04_pi" name="AET04_PI_variant_4_is_produced_correctly"/>
    <testcase time="0.10499999999999" classname="table_aet04_pi" name="AET04_PI_variant_4_is_produced_correctly"/>
    <testcase time="0.585999999999999" classname="table_aet04_pi" name="AET04_PI_variant_5_is_produced_correctly"/>
    <testcase time="0.157000000000011" classname="table_aet04_pi" name="AET04_PI_variant_5_is_produced_correctly"/>
    <testcase time="0.73299999999999" classname="table_aet04_pi" name="AET04_PI_variant_6_is_produced_correctly"/>
    <testcase time="0.159000000000006" classname="table_aet04_pi" name="AET04_PI_variant_6_is_produced_correctly"/>
    <testcase time="0.736999999999995" classname="table_aet04_pi" name="AET04_PI_variant_7_is_produced_correctly"/>
    <testcase time="0.162000000000006" classname="table_aet04_pi" name="AET04_PI_variant_7_is_produced_correctly"/>
    <testcase time="0.174999999999997" classname="table_aet04_pi" name="AET04_PI_variant_8_is_produced_correctly"/>
    <testcase time="0.134" classname="table_aet04_pi" name="AET04_PI_variant_8_is_produced_correctly"/>
  </testsuite>
  <testsuite name="table_aet05" timestamp="2024-11-06T04:40:25Z" hostname="d61435d52e2d" tests="4" skipped="0" failures="0" errors="0" time="0.279">
    <testcase time="0.0919999999999987" classname="table_aet05" name="AET05_variant_1_is_produced_correctly"/>
    <testcase time="0.0589999999999975" classname="table_aet05" name="AET05_variant_1_is_produced_correctly"/>
    <testcase time="0.0679999999999978" classname="table_aet05" name="AET05_variant_2_is_produced_correctly"/>
    <testcase time="0.0600000000000023" classname="table_aet05" name="AET05_variant_2_is_produced_correctly"/>
  </testsuite>
  <testsuite name="table_aet05_all" timestamp="2024-11-06T04:40:25Z" hostname="d61435d52e2d" tests="4" skipped="0" failures="0" errors="0" time="0.301">
    <testcase time="0.115000000000009" classname="table_aet05_all" name="AET05_ALL_variant_1_is_produced_correctly"/>
    <testcase time="0.0589999999999975" classname="table_aet05_all" name="AET05_ALL_variant_1_is_produced_correctly"/>
    <testcase time="0.0679999999999978" classname="table_aet05_all" name="AET05_ALL_variant_2_is_produced_correctly"/>
    <testcase time="0.0589999999999975" classname="table_aet05_all" name="AET05_ALL_variant_2_is_produced_correctly"/>
  </testsuite>
  <testsuite name="table_aet06" timestamp="2024-11-06T04:40:25Z" hostname="d61435d52e2d" tests="6" skipped="0" failures="0" errors="0" time="3.879">
    <testcase time="0.597000000000008" classname="table_aet06" name="AET06_variant_1_is_produced_correctly"/>
    <testcase time="0.22999999999999" classname="table_aet06" name="AET06_variant_1_is_produced_correctly"/>
    <testcase time="1.203" classname="table_aet06" name="AET06_variant_3_is_produced_correctly"/>
    <testcase time="0.317999999999998" classname="table_aet06" name="AET06_variant_3_is_produced_correctly"/>
    <testcase time="1.15900000000001" classname="table_aet06" name="AET06_variant_5_is_produced_correctly"/>
    <testcase time="0.372" classname="table_aet06" name="AET06_variant_5_is_produced_correctly"/>
  </testsuite>
  <testsuite name="table_aet06_smq" timestamp="2024-11-06T04:40:29Z" hostname="d61435d52e2d" tests="4" skipped="0" failures="0" errors="0" time="0.966">
    <testcase time="0.343000000000004" classname="table_aet06_smq" name="AET06_SMQ_variant_1_is_produced_correctly"/>
    <testcase time="0.136999999999986" classname="table_aet06_smq" name="AET06_SMQ_variant_1_is_produced_correctly"/>
    <testcase time="0.347000000000008" classname="table_aet06_smq" name="AET06_SMQ_variant_2_is_produced_correctly"/>
    <testcase time="0.138999999999996" classname="table_aet06_smq" name="AET06_SMQ_variant_2_is_produced_correctly"/>
  </testsuite>
  <testsuite name="table_aet07" timestamp="2024-11-06T04:40:30Z" hostname="d61435d52e2d" tests="4" skipped="0" failures="0" errors="0" time="0.19">
    <testcase time="0.0499999999999972" classname="table_aet07" name="AET07_variant_1_is_produced_correctly"/>
    <testcase time="0.0510000000000019" classname="table_aet07" name="AET07_variant_1_is_produced_correctly"/>
    <testcase time="0.046999999999997" classname="table_aet07" name="AET07_variant_2_is_produced_correctly"/>
    <testcase time="0.0420000000000016" classname="table_aet07" name="AET07_variant_2_is_produced_correctly"/>
  </testsuite>
  <testsuite name="table_aet09" timestamp="2024-11-06T04:40:30Z" hostname="d61435d52e2d" tests="4" skipped="0" failures="0" errors="0" time="1.874">
    <testcase time="0.515000000000001" classname="table_aet09" name="AET09_variant_1_is_produced_correctly_AE_related_to_study_drug"/>
    <testcase time="0.192000000000007" classname="table_aet09" name="AET09_variant_1_is_produced_correctly_AE_related_to_study_drug"/>
    <testcase time="0.884999999999991" classname="table_aet09" name="AET09_variant_2_is_produced_correctly_AE_related_to_study_drug_including_high_level_terms_"/>
    <testcase time="0.282000000000011" classname="table_aet09" name="AET09_variant_2_is_produced_correctly_AE_related_to_study_drug_including_high_level_terms_"/>
  </testsuite>
  <testsuite name="table_aet09_smq" timestamp="2024-11-06T04:40:32Z" hostname="d61435d52e2d" tests="4" skipped="0" failures="0" errors="0" time="0.499">
    <testcase time="0.11999999999999" classname="table_aet09_smq" name="AET09_variant_1_AEs_related_to_study_drug_by_SMQ_is_produced_correctly"/>
    <testcase time="0.0760000000000076" classname="table_aet09_smq" name="AET09_variant_1_AEs_related_to_study_drug_by_SMQ_is_produced_correctly"/>
    <testcase time="0.192999999999998" classname="table_aet09_smq" name="AET09_variant_2_AEs_related_to_study_drug_by_SMQ_with_customized_queries_is_produced_correctly"/>
    <testcase time="0.109999999999999" classname="table_aet09_smq" name="AET09_variant_2_AEs_related_to_study_drug_by_SMQ_with_customized_queries_is_produced_correctly"/>
  </testsuite>
  <testsuite name="table_aet10" timestamp="2024-11-06T04:40:33Z" hostname="d61435d52e2d" tests="2" skipped="0" failures="0" errors="0" time="0.162">
    <testcase time="0.105999999999995" classname="table_aet10" name="AET10_default_variant_is_produced_correctly"/>
    <testcase time="0.0560000000000116" classname="table_aet10" name="AET10_default_variant_is_produced_correctly"/>
  </testsuite>
  <testsuite name="table_aovt01" timestamp="2024-11-06T04:40:33Z" hostname="d61435d52e2d" tests="4" skipped="0" failures="0" errors="0" time="1.162">
    <testcase time="0.345999999999989" classname="table_aovt01" name="AOVT01_variant_with_single_endpoint_is_produced_correctly"/>
    <testcase time="0.0930000000000035" classname="table_aovt01" name="AOVT01_variant_with_single_endpoint_is_produced_correctly"/>
    <testcase time="0.558999999999997" classname="table_aovt01" name="AOVT01_variant_with_multiple_endpoints_is_produced_correctly"/>
    <testcase time="0.164000000000001" classname="table_aovt01" name="AOVT01_variant_with_multiple_endpoints_is_produced_correctly"/>
  </testsuite>
  <testsuite name="table_aovt02" timestamp="2024-11-06T04:40:34Z" hostname="d61435d52e2d" tests="2" skipped="0" failures="0" errors="0" time="0.384">
    <testcase time="0.293000000000006" classname="table_aovt02" name="AOVT02_is_produced_correctly"/>
    <testcase time="0.090999999999994" classname="table_aovt02" name="AOVT02_is_produced_correctly"/>
  </testsuite>
  <testsuite name="table_aovt03" timestamp="2024-11-06T04:40:34Z" hostname="d61435d52e2d" tests="2" skipped="0" failures="0" errors="0" time="0.846">
    <testcase time="0.670999999999992" classname="table_aovt03" name="AOVT03_is_produced_correctly"/>
    <testcase time="0.175000000000011" classname="table_aovt03" name="AOVT03_is_produced_correctly"/>
  </testsuite>
  <testsuite name="table_cfbt01" timestamp="2024-11-06T04:40:35Z" hostname="d61435d52e2d" tests="2" skipped="0" failures="0" errors="0" time="0.645">
    <testcase time="0.412999999999997" classname="table_cfbt01" name="CFBT01_default_variant_is_produced_correctly"/>
    <testcase time="0.231999999999999" classname="table_cfbt01" name="CFBT01_default_variant_is_produced_correctly"/>
  </testsuite>
  <testsuite name="table_cmht01" timestamp="2024-11-06T04:40:36Z" hostname="d61435d52e2d" tests="4" skipped="0" failures="0" errors="0" time="1.707">
    <testcase time="0.390000000000001" classname="table_cmht01" name="CMHT01_variant_1_is_produced_correctly"/>
    <testcase time="0.0969999999999942" classname="table_cmht01" name="CMHT01_variant_1_is_produced_correctly"/>
    <testcase time="0.948999999999998" classname="table_cmht01" name="CMHT01_variant_2_is_produced_correctly"/>
    <testcase time="0.271000000000001" classname="table_cmht01" name="CMHT01_variant_2_is_produced_correctly"/>
  </testsuite>
  <testsuite name="table_cmt01" timestamp="2024-11-06T04:40:38Z" hostname="d61435d52e2d" tests="8" skipped="0" failures="0" errors="0" time="1.577">
    <testcase time="0.293999999999997" classname="table_cmt01" name="CMT01_default_variant_Concomitant_medications_is_produced_correctly"/>
    <testcase time="0.12700000000001" classname="table_cmt01" name="CMT01_default_variant_Concomitant_medications_is_produced_correctly"/>
    <testcase time="0.215999999999994" classname="table_cmt01" name="CMT01_variant_1_prior_medications_is_produced_correctly"/>
    <testcase time="0.115000000000009" classname="table_cmt01" name="CMT01_variant_1_prior_medications_is_produced_correctly"/>
    <testcase time="0.275999999999996" classname="table_cmt01" name="CMT01_variant_3_Concomitant_medications_is_produced_correctly"/>
    <testcase time="0.120000000000005" classname="table_cmt01" name="CMT01_variant_3_Concomitant_medications_is_produced_correctly"/>
    <testcase time="0.297999999999988" classname="table_cmt01" name="CMT01_variant_4_Concomitant_medications_is_produced_correctly"/>
    <testcase time="0.131" classname="table_cmt01" name="CMT01_variant_4_Concomitant_medications_is_produced_correctly"/>
  </testsuite>
  <testsuite name="table_cmt01a" timestamp="2024-11-06T04:40:39Z" hostname="d61435d52e2d" tests="8" skipped="0" failures="0" errors="0" time="2.991">
    <testcase time="0.589000000000013" classname="table_cmt01a" name="CMT01A_variant_1_is_produced_correctly"/>
    <testcase time="0.198999999999998" classname="table_cmt01a" name="CMT01A_variant_1_is_produced_correctly"/>
    <testcase time="0.549999999999997" classname="table_cmt01a" name="CMT01A_variant_2_is_produced_correctly"/>
    <testcase time="0.186999999999998" classname="table_cmt01a" name="CMT01A_variant_2_is_produced_correctly"/>
    <testcase time="0.566000000000003" classname="table_cmt01a" name="CMT01A_variant_3_is_produced_correctly"/>
    <testcase time="0.189999999999998" classname="table_cmt01a" name="CMT01A_variant_3_is_produced_correctly"/>
    <testcase time="0.542000000000002" classname="table_cmt01a" name="CMT01A_variant_4_is_produced_correctly"/>
    <testcase time="0.167999999999992" classname="table_cmt01a" name="CMT01A_variant_4_is_produced_correctly"/>
  </testsuite>
  <testsuite name="table_cmt01b" timestamp="2024-11-06T04:40:42Z" hostname="d61435d52e2d" tests="6" skipped="0" failures="0" errors="0" time="3.354">
    <testcase time="0.932000000000002" classname="table_cmt01b" name="CMT01B_variant_1_is_produced_correctly"/>
    <testcase time="0.296999999999997" classname="table_cmt01b" name="CMT01B_variant_1_is_produced_correctly"/>
    <testcase time="0.787000000000006" classname="table_cmt01b" name="CMT01B_variant_2_is_produced_correctly"/>
    <testcase time="0.206000000000003" classname="table_cmt01b" name="CMT01B_variant_2_is_produced_correctly"/>
    <testcase time="0.852000000000004" classname="table_cmt01b" name="CMT01B_variant_4_is_produced_correctly"/>
    <testcase time="0.280000000000001" classname="table_cmt01b" name="CMT01B_variant_4_is_produced_correctly"/>
  </testsuite>
  <testsuite name="table_cmt02_pt" timestamp="2024-11-06T04:40:46Z" hostname="d61435d52e2d" tests="2" skipped="0" failures="0" errors="0" time="0.283">
    <testcase time="0.198999999999998" classname="table_cmt02_pt" name="CMT02_PT_default_variant_is_produced_correctly"/>
    <testcase time="0.083999999999989" classname="table_cmt02_pt" name="CMT02_PT_default_variant_is_produced_correctly"/>
  </testsuite>
  <testsuite name="table_coxt01" timestamp="2024-11-06T04:40:46Z" hostname="d61435d52e2d" tests="8" skipped="0" failures="0" errors="0" time="1.654">
    <testcase time="0.25500000000001" classname="table_coxt01" name="1._Cox_Regression"/>
    <testcase time="0.0720000000000027" classname="table_coxt01" name="1._Cox_Regression"/>
    <testcase time="0.341999999999999" classname="table_coxt01" name="2._Cox_Regression_with_Interaction_Term_"/>
    <testcase time="0.0969999999999942" classname="table_coxt01" name="2._Cox_Regression_with_Interaction_Term_"/>
    <testcase time="0.337999999999994" classname="table_coxt01" name="3._Cox_Regression_specifying_covariates_"/>
    <testcase time="0.112000000000009" classname="table_coxt01" name="3._Cox_Regression_specifying_covariates_"/>
    <testcase time="0.334999999999994" classname="table_coxt01" name="4._Cox_Regression_setting_strata_ties_and_alpha_level_"/>
    <testcase time="0.103000000000009" classname="table_coxt01" name="4._Cox_Regression_setting_strata_ties_and_alpha_level_"/>
  </testsuite>
  <testsuite name="table_coxt02" timestamp="2024-11-06T04:40:47Z" hostname="d61435d52e2d" tests="4" skipped="0" failures="0" errors="0" time="0.634">
    <testcase time="0.259" classname="table_coxt02" name="COXT02_default_variant_1_is_produced_correctly"/>
    <testcase time="0.0729999999999933" classname="table_coxt02" name="COXT02_default_variant_1_is_produced_correctly"/>
    <testcase time="0.234999999999999" classname="table_coxt02" name="COXT02_variant_5_is_produced_correctly"/>
    <testcase time="0.0670000000000073" classname="table_coxt02" name="COXT02_variant_5_is_produced_correctly"/>
  </testsuite>
  <testsuite name="table_disclosures" timestamp="2024-11-06T04:40:48Z" hostname="d61435d52e2d" tests="12" skipped="0" failures="0" errors="0" time="1.806">
    <testcase time="0.170000000000002" classname="table_disclosures" name="Patient_Disposition_table_is_produced_correctly"/>
    <testcase time="0.0869999999999891" classname="table_disclosures" name="Patient_Disposition_table_is_produced_correctly"/>
    <testcase time="0.186999999999998" classname="table_disclosures" name="Demographic_table_is_produced_correctly"/>
    <testcase time="0.152000000000001" classname="table_disclosures" name="Demographic_table_is_produced_correctly"/>
    <testcase time="0.0840000000000032" classname="table_disclosures" name="Enrollment_by_Country_Table_is_produced_correctly"/>
    <testcase time="0.0880000000000081" classname="table_disclosures" name="Enrollment_by_Country_Table_is_produced_correctly"/>
    <testcase time="0.0809999999999889" classname="table_disclosures" name="Death_table_is_produced_correctly"/>
    <testcase time="0.0550000000000068" classname="table_disclosures" name="Death_table_is_produced_correctly"/>
    <testcase time="0.290999999999997" classname="table_disclosures" name="Table_of_Serious_Adverse_Events_is_produced_correctly_for_one_specific_treatment_arm_"/>
    <testcase time="0.0880000000000081" classname="table_disclosures" name="Table_of_Serious_Adverse_Events_is_produced_correctly_for_one_specific_treatment_arm_"/>
    <testcase time="0.400999999999996" classname="table_disclosures" name="Table_of_Non_Serious_Adverse_Events_is_produced_correctly"/>
    <testcase time="0.122" classname="table_disclosures" name="Table_of_Non_Serious_Adverse_Events_is_produced_correctly"/>
  </testsuite>
  <testsuite name="table_dmt01" timestamp="2024-11-06T04:40:51Z" hostname="d61435d52e2d" tests="10" skipped="0" failures="0" errors="0" time="2.646">
    <testcase time="1.145" classname="table_dmt01" name="DMT01_variant_1_is_produced_correctly"/>
    <testcase time="0.168000000000006" classname="table_dmt01" name="DMT01_variant_1_is_produced_correctly"/>
    <testcase time="0.199999999999989" classname="table_dmt01" name="DMT01_variant_2_is_produced_correctly"/>
    <testcase time="0.15100000000001" classname="table_dmt01" name="DMT01_variant_2_is_produced_correctly"/>
    <testcase time="0.230999999999995" classname="table_dmt01" name="DMT01_variant_3_is_produced_correctly"/>
    <testcase time="0.165000000000006" classname="table_dmt01" name="DMT01_variant_3_is_produced_correctly"/>
    <testcase time="0.177999999999997" classname="table_dmt01" name="DMT01_variant_4_is_produced_correctly"/>
    <testcase time="0.135000000000005" classname="table_dmt01" name="DMT01_variant_4_is_produced_correctly"/>
    <testcase time="0.154999999999987" classname="table_dmt01" name="DMT01_variant_5_is_produced_correctly"/>
    <testcase time="0.118000000000009" classname="table_dmt01" name="DMT01_variant_5_is_produced_correctly"/>
  </testsuite>
  <testsuite name="table_dort01" timestamp="2024-11-06T04:40:52Z" hostname="d61435d52e2d" tests="8" skipped="0" failures="0" errors="0" time="1.41">
    <testcase time="0.265999999999991" classname="table_dort01" name="DORT01_variant_1_is_produced_correctly"/>
    <testcase time="0.0960000000000036" classname="table_dort01" name="DORT01_variant_1_is_produced_correctly"/>
    <testcase time="0.266000000000005" classname="table_dort01" name="DORT01_variant_2_selecting_sectons_is_produced_correctly"/>
    <testcase time="0.10799999999999" classname="table_dort01" name="DORT01_variant_2_selecting_sectons_is_produced_correctly"/>
    <testcase time="0.239000000000004" classname="table_dort01" name="DORT01_variant_3_modifying_conftype_and_alpha_level_is_produced_correctly"/>
    <testcase time="0.0949999999999989" classname="table_dort01" name="DORT01_variant_3_modifying_conftype_and_alpha_level_is_produced_correctly"/>
    <testcase time="0.245000000000005" classname="table_dort01" name="DORT01_variant_4_modifying_time_point_for_the_xx_duration_is_produced_correctly"/>
    <testcase time="0.0949999999999989" classname="table_dort01" name="DORT01_variant_4_modifying_time_point_for_the_xx_duration_is_produced_correctly"/>
  </testsuite>
  <testsuite name="table_dst01" timestamp="2024-11-06T04:40:54Z" hostname="d61435d52e2d" tests="6" skipped="0" failures="0" errors="0" time="0.717">
    <testcase time="0.135999999999996" classname="table_dst01" name="DST01_default_variant_is_produced_correctly"/>
    <testcase time="0.0910000000000082" classname="table_dst01" name="DST01_default_variant_is_produced_correctly"/>
    <testcase time="0.200999999999993" classname="table_dst01" name="DST01_variants_2_and_3_are_produced_correctly"/>
    <testcase time="0.0970000000000084" classname="table_dst01" name="DST01_variants_2_and_3_are_produced_correctly"/>
    <testcase time="0.0699999999999932" classname="table_dst01" name="DST01_variants_2_and_3_are_produced_correctly"/>
    <testcase time="0.122" classname="table_dst01" name="DST01_variants_2_and_3_are_produced_correctly"/>
  </testsuite>
  <testsuite name="table_dtht01" timestamp="2024-11-06T04:40:55Z" hostname="d61435d52e2d" tests="8" skipped="0" failures="0" errors="0" time="1.094">
    <testcase time="0.106999999999999" classname="table_dtht01" name="DTHT01_variant_1_is_produced_correctly"/>
    <testcase time="0.0739999999999981" classname="table_dtht01" name="DTHT01_variant_1_is_produced_correctly"/>
    <testcase time="0.238" classname="table_dtht01" name="DTHT01_variant_2_is_produced_correctly"/>
    <testcase time="0.157000000000011" classname="table_dtht01" name="DTHT01_variant_2_is_produced_correctly"/>
    <testcase time="0.152999999999992" classname="table_dtht01" name="DTHT01_variant_3_is_produced_correctly"/>
    <testcase time="0.0829999999999984" classname="table_dtht01" name="DTHT01_variant_3_is_produced_correctly"/>
    <testcase time="0.183999999999997" classname="table_dtht01" name="DTHT01_variant_4_is_produced_correctly"/>
    <testcase time="0.0980000000000132" classname="table_dtht01" name="DTHT01_variant_4_is_produced_correctly"/>
  </testsuite>
  <testsuite name="table_egt01" timestamp="2024-11-06T04:40:56Z" hostname="d61435d52e2d" tests="2" skipped="0" failures="0" errors="0" time="1.458">
    <testcase time="0.983999999999995" classname="table_egt01" name="EGT01_default_variant_is_produced_correctly"/>
    <testcase time="0.474000000000004" classname="table_egt01" name="EGT01_default_variant_is_produced_correctly"/>
  </testsuite>
  <testsuite name="table_egt02" timestamp="2024-11-06T04:40:57Z" hostname="d61435d52e2d" tests="4" skipped="0" failures="0" errors="0" time="0.555">
    <testcase time="0.260999999999996" classname="table_egt02" name="_EGT02_1._Regardless_of_Abnormality_at_Baseline"/>
    <testcase time="0.0750000000000028" classname="table_egt02" name="_EGT02_1._Regardless_of_Abnormality_at_Baseline"/>
    <testcase time="0.143000000000001" classname="table_egt02" name="_EGT02_2._Among_Subjects_Without_Abnormality_at_Baseline"/>
    <testcase time="0.0759999999999934" classname="table_egt02" name="_EGT02_2._Among_Subjects_Without_Abnormality_at_Baseline"/>
  </testsuite>
  <testsuite name="table_egt03" timestamp="2024-11-06T04:40:58Z" hostname="d61435d52e2d" tests="8" skipped="0" failures="0" errors="0" time="1.191">
    <testcase time="0.197000000000003" classname="table_egt03" name="EGT03_variant_1_is_produced_correctly"/>
    <testcase time="0.117000000000004" classname="table_egt03" name="EGT03_variant_1_is_produced_correctly"/>
    <testcase time="0.168999999999997" classname="table_egt03" name="EGT03_variant_2_is_produced_correctly"/>
    <testcase time="0.105000000000004" classname="table_egt03" name="EGT03_variant_2_is_produced_correctly"/>
    <testcase time="0.186999999999998" classname="table_egt03" name="EGT03_variant_3_is_produced_correctly"/>
    <testcase time="0.10499999999999" classname="table_egt03" name="EGT03_variant_3_is_produced_correctly"/>
    <testcase time="0.195000000000007" classname="table_egt03" name="EGT03_variant_4_is_produced_correctly"/>
    <testcase time="0.116" classname="table_egt03" name="EGT03_variant_4_is_produced_correctly"/>
  </testsuite>
  <testsuite name="table_egt04" timestamp="2024-11-06T04:40:59Z" hostname="d61435d52e2d" tests="2" skipped="0" failures="0" errors="0" time="0.246">
    <testcase time="0.159999999999997" classname="table_egt04" name="EGT04_default_variant_is_produced_correctly"/>
    <testcase time="0.0859999999999985" classname="table_egt04" name="EGT04_default_variant_is_produced_correctly"/>
  </testsuite>
  <testsuite name="table_egt05_qtcat" timestamp="2024-11-06T04:40:59Z" hostname="d61435d52e2d" tests="2" skipped="0" failures="0" errors="0" time="0.767">
    <testcase time="0.491" classname="table_egt05_qtcat" name="EGT05_QTCAT_default_variant_is_produced_correctly"/>
    <testcase time="0.27600000000001" classname="table_egt05_qtcat" name="EGT05_QTCAT_default_variant_is_produced_correctly"/>
  </testsuite>
  <testsuite name="table_ent" timestamp="2024-11-06T04:41:00Z" hostname="d61435d52e2d" tests="8" skipped="0" failures="0" errors="0" time="12.962">
    <testcase time="3.20999999999999" classname="table_ent" name="ENT01_IT_is_produced_correctly"/>
    <testcase time="0.561000000000007" classname="table_ent" name="ENT01_IT_is_produced_correctly"/>
    <testcase time="2.09999999999999" classname="table_ent" name="ENT01a_IT_is_produced_correctly"/>
    <testcase time="0.531000000000006" classname="table_ent" name="ENT01a_IT_is_produced_correctly"/>
    <testcase time="3.28999999999999" classname="table_ent" name="ENT02_IT_is_produced_correctly"/>
    <testcase time="0.569000000000003" classname="table_ent" name="ENT02_IT_is_produced_correctly"/>
    <testcase time="2.154" classname="table_ent" name="ENT02a_IT_is_produced_correctly"/>
    <testcase time="0.546999999999997" classname="table_ent" name="ENT02a_IT_is_produced_correctly"/>
  </testsuite>
  <testsuite name="table_eudrat01" timestamp="2024-11-06T04:41:13Z" hostname="d61435d52e2d" tests="2" skipped="0" failures="0" errors="0" time="0.596">
    <testcase time="0.472000000000008" classname="table_eudrat01" name="EUDRAT01_is_produced_correctly"/>
    <testcase time="0.123999999999995" classname="table_eudrat01" name="EUDRAT01_is_produced_correctly"/>
  </testsuite>
  <testsuite name="table_eudrat02" timestamp="2024-11-06T04:41:14Z" hostname="d61435d52e2d" tests="2" skipped="0" failures="0" errors="0" time="0.478">
    <testcase time="0.381" classname="table_eudrat02" name="EUDRAT02_is_produced_correctly"/>
    <testcase time="0.0970000000000084" classname="table_eudrat02" name="EUDRAT02_is_produced_correctly"/>
  </testsuite>
  <testsuite name="table_ext01" timestamp="2024-11-06T04:41:14Z" hostname="d61435d52e2d" tests="6" skipped="0" failures="0" errors="0" time="1.59">
    <testcase time="0.35199999999999" classname="table_ext01" name="EXT01_default_variant_with_numeric_parameters_is_produced_correctly"/>
    <testcase time="0.206000000000003" classname="table_ext01" name="EXT01_default_variant_with_numeric_parameters_is_produced_correctly"/>
    <testcase time="0.262" classname="table_ext01" name="EXT01_variant_with_both_numeric_and_categorical_parameters"/>
    <testcase time="0.207999999999998" classname="table_ext01" name="EXT01_variant_with_both_numeric_and_categorical_parameters"/>
    <testcase time="0.314999999999998" classname="table_ext01" name="EXT01_variant_with_user_specified_categories_for_missed_doses"/>
    <testcase time="0.247" classname="table_ext01" name="EXT01_variant_with_user_specified_categories_for_missed_doses"/>
  </testsuite>
  <testsuite name="table_lbt01" timestamp="2024-11-06T04:41:16Z" hostname="d61435d52e2d" tests="2" skipped="0" failures="0" errors="0" time="2.103">
    <testcase time="1.649" classname="table_lbt01" name="LBT01_default_variant_is_produced_correctly"/>
    <testcase time="0.454000000000008" classname="table_lbt01" name="LBT01_default_variant_is_produced_correctly"/>
  </testsuite>
  <testsuite name="table_lbt02" timestamp="2024-11-06T04:41:18Z" hostname="d61435d52e2d" tests="2" skipped="0" failures="0" errors="0" time="1.22">
    <testcase time="0.753999999999991" classname="table_lbt02" name="LBT02_default_variant_is_produced_correctly"/>
    <testcase time="0.466000000000008" classname="table_lbt02" name="LBT02_default_variant_is_produced_correctly"/>
  </testsuite>
  <testsuite name="table_lbt03" timestamp="2024-11-06T04:41:19Z" hostname="d61435d52e2d" tests="1" skipped="0" failures="0" errors="1" time="0.027">
    <testcase time="0.027000000000001" classname="table_lbt03" name="LBT03_default_variant_is_produced_correctly">
      <error type="error" message="Error in `get_additional_analysis_fun_parameters(add_alt_df = FALSE)`: could not find function &quot;get_additional_analysis_fun_parameters&quot; ('test-table_lbt03.R:14:3')">Error in `get_additional_analysis_fun_parameters(add_alt_df = FALSE)`: could not find function "get_additional_analysis_fun_parameters"
Backtrace:
    x
 1. +-... %&gt;% build_table(df = adlb_f, alt_counts_df = adsl) at test-table_lbt03.R:14:3
 2. +-rtables::build_table(., df = adlb_f, alt_counts_df = adsl)
 3. | \-methods::is(lyt, "PreDataTableLayouts")
 4. \-tern::summarize_change(...)</error>
    </testcase>
  </testsuite>
  <testsuite name="table_lbt04" timestamp="2024-11-06T04:41:19Z" hostname="d61435d52e2d" tests="2" skipped="0" failures="0" errors="0" time="1.238">
    <testcase time="1.051" classname="table_lbt04" name="LBT04_default_variant_is_produced_correctly"/>
    <testcase time="0.186999999999998" classname="table_lbt04" name="LBT04_default_variant_is_produced_correctly"/>
  </testsuite>
  <testsuite name="table_lbt05" timestamp="2024-11-06T04:41:21Z" hostname="d61435d52e2d" tests="6" skipped="0" failures="0" errors="0" time="6.169">
    <testcase time="1.99299999999999" classname="table_lbt05" name="LBT05_variant_1_is_produced_correctly"/>
    <testcase time="0.369" classname="table_lbt05" name="LBT05_variant_1_is_produced_correctly"/>
    <testcase time="1.34100000000001" classname="table_lbt05" name="LBT05_variant_2_is_produced_correctly"/>
    <testcase time="0.481999999999999" classname="table_lbt05" name="LBT05_variant_2_is_produced_correctly"/>
    <testcase time="1.63899999999998" classname="table_lbt05" name="LBT05_variant_4_is_produced_correctly"/>
    <testcase time="0.344999999999999" classname="table_lbt05" name="LBT05_variant_4_is_produced_correctly"/>
  </testsuite>
  <testsuite name="table_lbt06" timestamp="2024-11-06T04:41:26Z" hostname="d61435d52e2d" tests="2" skipped="0" failures="0" errors="0" time="0.495">
    <testcase time="0.332000000000022" classname="table_lbt06" name="LBT06_default_variant_is_produced_correctly"/>
    <testcase time="0.162999999999982" classname="table_lbt06" name="LBT06_default_variant_is_produced_correctly"/>
  </testsuite>
  <testsuite name="table_lbt07" timestamp="2024-11-06T04:41:27Z" hostname="d61435d52e2d" tests="2" skipped="0" failures="0" errors="0" time="2.237">
    <testcase time="1.95400000000001" classname="table_lbt07" name="LBT07_is_produced_correctly"/>
    <testcase time="0.283000000000015" classname="table_lbt07" name="LBT07_is_produced_correctly"/>
  </testsuite>
  <testsuite name="table_lbt08" timestamp="2024-11-06T04:41:29Z" hostname="d61435d52e2d" tests="2" skipped="0" failures="0" errors="0" time="0.367">
    <testcase time="0.256" classname="table_lbt08" name="LBT08_produce_correctly"/>
    <testcase time="0.11099999999999" classname="table_lbt08" name="LBT08_produce_correctly"/>
  </testsuite>
  <testsuite name="table_lbt09" timestamp="2024-11-06T04:41:29Z" hostname="d61435d52e2d" tests="4" skipped="0" failures="0" errors="0" time="0.947">
    <testcase time="0.307999999999993" classname="table_lbt09" name="LBT09_variant_1_works_as_expected"/>
    <testcase time="0.164000000000016" classname="table_lbt09" name="LBT09_variant_1_works_as_expected"/>
    <testcase time="0.284999999999997" classname="table_lbt09" name="LBT09_variant_2_works_as_expected"/>
    <testcase time="0.189999999999998" classname="table_lbt09" name="LBT09_variant_2_works_as_expected"/>
  </testsuite>
  <testsuite name="table_lbt10" timestamp="2024-11-06T04:41:30Z" hostname="d61435d52e2d" tests="4" skipped="0" failures="0" errors="0" time="1.189">
    <testcase time="0.671999999999997" classname="table_lbt10" name="LBT10_variant_1_works_as_expected"/>
    <testcase time="0.0699999999999932" classname="table_lbt10" name="LBT10_variant_1_works_as_expected"/>
    <testcase time="0.388000000000005" classname="table_lbt10" name="LBT10_variant_2_works_as_expected"/>
    <testcase time="0.0589999999999975" classname="table_lbt10" name="LBT10_variant_2_works_as_expected"/>
  </testsuite>
  <testsuite name="table_lbt10_bl" timestamp="2024-11-06T04:41:32Z" hostname="d61435d52e2d" tests="4" skipped="0" failures="0" errors="0" time="0.481">
    <testcase time="0.234000000000009" classname="table_lbt10_bl" name="LBT10_BL_variant_1_works_as_expected"/>
    <testcase time="0.0699999999999932" classname="table_lbt10_bl" name="LBT10_BL_variant_1_works_as_expected"/>
    <testcase time="0.109000000000009" classname="table_lbt10_bl" name="LBT10_BL_variant_2_works_as_expected"/>
    <testcase time="0.0679999999999836" classname="table_lbt10_bl" name="LBT10_BL_variant_2_works_as_expected"/>
  </testsuite>
  <testsuite name="table_lbt11" timestamp="2024-11-06T04:41:32Z" hostname="d61435d52e2d" tests="6" skipped="0" failures="0" errors="0" time="0.71">
    <testcase time="0.174000000000007" classname="table_lbt11" name="LBT11_variant_1_works_as_expected"/>
    <testcase time="0.0929999999999893" classname="table_lbt11" name="LBT11_variant_1_works_as_expected"/>
    <testcase time="0.0970000000000084" classname="table_lbt11" name="LBT11_variant_2_works_as_expected"/>
    <testcase time="0.0790000000000077" classname="table_lbt11" name="LBT11_variant_2_works_as_expected"/>
    <testcase time="0.157999999999987" classname="table_lbt11" name="LBT11_variant_3_works_as_expected"/>
    <testcase time="0.109000000000009" classname="table_lbt11" name="LBT11_variant_3_works_as_expected"/>
  </testsuite>
  <testsuite name="table_lbt11_bl" timestamp="2024-11-06T04:41:33Z" hostname="d61435d52e2d" tests="6" skipped="0" failures="0" errors="0" time="0.791">
    <testcase time="0.197000000000003" classname="table_lbt11_bl" name="LBT11_BL_variant_1_works_as_expected"/>
    <testcase time="0.0960000000000036" classname="table_lbt11_bl" name="LBT11_BL_variant_1_works_as_expected"/>
    <testcase time="0.09699999999998" classname="table_lbt11_bl" name="LBT11_BL_variant_2_works_as_expected"/>
    <testcase time="0.0930000000000177" classname="table_lbt11_bl" name="LBT11_BL_variant_2_works_as_expected"/>
    <testcase time="0.185000000000002" classname="table_lbt11_bl" name="LBT11_BL_variant_3_works_as_expected"/>
    <testcase time="0.12299999999999" classname="table_lbt11_bl" name="LBT11_BL_variant_3_works_as_expected"/>
  </testsuite>
  <testsuite name="table_lbt12" timestamp="2024-11-06T04:41:34Z" hostname="d61435d52e2d" tests="2" skipped="0" failures="0" errors="0" time="0.37">
    <testcase time="0.287000000000006" classname="table_lbt12" name="LBT12_works_as_expected"/>
    <testcase time="0.0829999999999984" classname="table_lbt12" name="LBT12_works_as_expected"/>
  </testsuite>
  <testsuite name="table_lbt12_bl" timestamp="2024-11-06T04:41:34Z" hostname="d61435d52e2d" tests="2" skipped="0" failures="0" errors="0" time="0.352">
    <testcase time="0.276999999999987" classname="table_lbt12_bl" name="LBT12_BL_works_as_expected"/>
    <testcase time="0.0750000000000171" classname="table_lbt12_bl" name="LBT12_BL_works_as_expected"/>
  </testsuite>
  <testsuite name="table_lbt13" timestamp="2024-11-06T04:41:35Z" hostname="d61435d52e2d" tests="10" skipped="0" failures="0" errors="0" time="2.189">
    <testcase time="0.751000000000005" classname="table_lbt13" name="LBT13_variant_1_LOW_works_as_expected"/>
    <testcase time="0.0989999999999895" classname="table_lbt13" name="LBT13_variant_1_LOW_works_as_expected"/>
    <testcase time="0.132000000000005" classname="table_lbt13" name="LBT13_variant_2_HIGH_works_as_expected"/>
    <testcase time="0.070999999999998" classname="table_lbt13" name="LBT13_variant_2_HIGH_works_as_expected"/>
    <testcase time="0.219999999999999" classname="table_lbt13" name="LBT13_variant_3_LOW_without_baseline_missing_works_as_expected"/>
    <testcase time="0.0989999999999895" classname="table_lbt13" name="LBT13_variant_3_LOW_without_baseline_missing_works_as_expected"/>
    <testcase time="0.13300000000001" classname="table_lbt13" name="LBT13_variant_4_HIGH_with_missing_baseline_considered_as_grade_0_works_as_expected"/>
    <testcase time="0.0619999999999834" classname="table_lbt13" name="LBT13_variant_4_HIGH_with_missing_baseline_considered_as_grade_0_works_as_expected"/>
    <testcase time="0.406000000000006" classname="table_lbt13" name="LBT14_variant_5_HIGH_with_filled_in_grades_works_as_expected"/>
    <testcase time="0.216000000000008" classname="table_lbt13" name="LBT14_variant_5_HIGH_with_filled_in_grades_works_as_expected"/>
  </testsuite>
  <testsuite name="table_lbt14" timestamp="2024-11-06T04:41:37Z" hostname="d61435d52e2d" tests="10" skipped="0" failures="0" errors="0" time="26.973">
    <testcase time="5.56100000000001" classname="table_lbt14" name="LBT14_variant_1_HIGH_works_as_expected"/>
    <testcase time="0.682999999999993" classname="table_lbt14" name="LBT14_variant_1_HIGH_works_as_expected"/>
    <testcase time="4.64099999999999" classname="table_lbt14" name="LBT14_variant_2_LOW_works_as_expected"/>
    <testcase time="0.292000000000002" classname="table_lbt14" name="LBT14_variant_2_LOW_works_as_expected"/>
    <testcase time="3.03399999999999" classname="table_lbt14" name="LBT14_variant_3_LOW_without_baseline_missing_works_as_expected"/>
    <testcase time="0.367000000000019" classname="table_lbt14" name="LBT14_variant_3_LOW_without_baseline_missing_works_as_expected"/>
    <testcase time="4.506" classname="table_lbt14" name="LBT14_variant_4_LOW_and_force_1_missing_both_baseline_and_post_baseline_then_force_the_missing_baseline_as_0_as_expected"/>
    <testcase time="0.240999999999985" classname="table_lbt14" name="LBT14_variant_4_LOW_and_force_1_missing_both_baseline_and_post_baseline_then_force_the_missing_baseline_as_0_as_expected"/>
    <testcase time="4.92700000000002" classname="table_lbt14" name="LBT14_variant_5_HIGH_with_fillings_works_as_expected"/>
    <testcase time="2.72099999999998" classname="table_lbt14" name="LBT14_variant_5_HIGH_with_fillings_works_as_expected"/>
  </testsuite>
  <testsuite name="table_lbt15" timestamp="2024-11-06T04:42:03Z" hostname="d61435d52e2d" tests="4" skipped="0" failures="0" errors="0" time="1.75">
    <testcase time="0.600000000000023" classname="table_lbt15" name="LBT15_variant_1_works_as_expected"/>
    <testcase time="0.203000000000003" classname="table_lbt15" name="LBT15_variant_1_works_as_expected"/>
    <testcase time="0.506" classname="table_lbt15" name="LBT15_variant_2_works_as_expected"/>
    <testcase time="0.441000000000003" classname="table_lbt15" name="LBT15_variant_2_works_as_expected"/>
  </testsuite>
  <testsuite name="table_lgrt02" timestamp="2024-11-06T04:42:05Z" hostname="d61435d52e2d" tests="8" skipped="0" failures="0" errors="0" time="2.621">
    <testcase time="0.485000000000014" classname="table_lgrt02" name="LGRT02_without_interaction_term_is_produced_correctly"/>
    <testcase time="0.134999999999991" classname="table_lgrt02" name="LGRT02_without_interaction_term_is_produced_correctly"/>
    <testcase time="0.533999999999992" classname="table_lgrt02" name="LGRT02_with_categorical_interaction_is_produced_correctly"/>
    <testcase time="0.168000000000006" classname="table_lgrt02" name="LGRT02_with_categorical_interaction_is_produced_correctly"/>
    <testcase time="0.533999999999992" classname="table_lgrt02" name="LGRT02_with_continuous_interaction_is_produced_correctly"/>
    <testcase time="0.16500000000002" classname="table_lgrt02" name="LGRT02_with_continuous_interaction_is_produced_correctly"/>
    <testcase time="0.46599999999998" classname="table_lgrt02" name="LGRT02_with_setting_values_indicating_an_event_and_custom_alpha_level_is_produced_correctly"/>
    <testcase time="0.134000000000015" classname="table_lgrt02" name="LGRT02_with_setting_values_indicating_an_event_and_custom_alpha_level_is_produced_correctly"/>
  </testsuite>
  <testsuite name="table_mht01" timestamp="2024-11-06T04:42:08Z" hostname="d61435d52e2d" tests="8" skipped="0" failures="0" errors="0" time="1.404">
    <testcase time="0.288000000000011" classname="table_mht01" name="MHT01_variant_1_is_produced_accurately"/>
    <testcase time="0.132999999999981" classname="table_mht01" name="MHT01_variant_1_is_produced_accurately"/>
    <testcase time="0.0949999999999989" classname="table_mht01" name="MHT01_variant_2_is_produced_accurately"/>
    <testcase time="0.0670000000000073" classname="table_mht01" name="MHT01_variant_2_is_produced_accurately"/>
    <testcase time="0.240000000000009" classname="table_mht01" name="MHT01_variant_3_is_produced_accurately"/>
    <testcase time="0.125999999999976" classname="table_mht01" name="MHT01_variant_3_is_produced_accurately"/>
    <testcase time="0.314000000000021" classname="table_mht01" name="MHT01_variant_5_is_produced_accurately"/>
    <testcase time="0.140999999999991" classname="table_mht01" name="MHT01_variant_5_is_produced_accurately"/>
  </testsuite>
  <testsuite name="table_onct05" timestamp="2024-11-06T04:42:09Z" hostname="d61435d52e2d" tests="8" skipped="0" failures="0" errors="0" time="1.884">
    <testcase time="0.424000000000007" classname="table_onct05" name="ONCT05_variant_1_Objective_Response_Rate_by_Subgroup_is_produced_correctly"/>
    <testcase time="0.108000000000004" classname="table_onct05" name="ONCT05_variant_1_Objective_Response_Rate_by_Subgroup_is_produced_correctly"/>
    <testcase time="0.436999999999983" classname="table_onct05" name="ONCT05_variant_2_Specifying_class_variables_is_produced_correctly"/>
    <testcase time="0.113" classname="table_onct05" name="ONCT05_variant_2_Specifying_class_variables_is_produced_correctly"/>
    <testcase time="0.197000000000003" classname="table_onct05" name="ONCT05_variant_3_selecting_columns_and_changing_the_alpha_level_is_produced_correctly"/>
    <testcase time="0.0800000000000125" classname="table_onct05" name="ONCT05_variant_3_selecting_columns_and_changing_the_alpha_level_is_produced_correctly"/>
    <testcase time="0.417000000000002" classname="table_onct05" name="ONCT05_variant_4_setting_values_indicating_response_is_produced_correctly"/>
    <testcase time="0.108000000000004" classname="table_onct05" name="ONCT05_variant_4_setting_values_indicating_response_is_produced_correctly"/>
  </testsuite>
  <testsuite name="table_pdt01" timestamp="2024-11-06T04:42:11Z" hostname="d61435d52e2d" tests="2" skipped="0" failures="0" errors="0" time="0.391">
    <testcase time="0.241000000000014" classname="table_pdt01" name="PDT01_is_produced_correctly"/>
    <testcase time="0.150000000000006" classname="table_pdt01" name="PDT01_is_produced_correctly"/>
  </testsuite>
  <testsuite name="table_pdt02" timestamp="2024-11-06T04:42:11Z" hostname="d61435d52e2d" tests="2" skipped="0" failures="0" errors="0" time="0.226">
    <testcase time="0.143000000000001" classname="table_pdt02" name="PDT02_is_produced_correctly"/>
    <testcase time="0.0829999999999984" classname="table_pdt02" name="PDT02_is_produced_correctly"/>
  </testsuite>
  <testsuite name="table_pkct01" timestamp="2024-11-06T04:42:12Z" hostname="d61435d52e2d" tests="10" skipped="0" failures="0" errors="0" time="2.942">
    <testcase time="0.245999999999981" classname="table_pkct01" name="PKCT01_is_produced_correctly"/>
    <testcase time="0.0949999999999989" classname="table_pkct01" name="PKCT01_is_produced_correctly"/>
    <testcase time="0.115000000000009" classname="table_pkct01" name="PKCT01_is_produced_correctly"/>
    <testcase time="0.0529999999999973" classname="table_pkct01" name="PKCT01_is_produced_correctly"/>
    <testcase time="0.828000000000003" classname="table_pkct01" name="Specific_PKCT01_features_are_present"/>
    <testcase time="0.210000000000008" classname="table_pkct01" name="Specific_PKCT01_features_are_present"/>
    <testcase time="0.188999999999993" classname="table_pkct01" name="Specific_PKCT01_features_are_present"/>
    <testcase time="0.00200000000000955" classname="table_pkct01" name="Specific_PKCT01_features_are_present"/>
    <testcase time="0.657999999999987" classname="table_pkct01" name="Specific_PKCT01_features_are_present"/>
    <testcase time="0.545999999999992" classname="table_pkct01" name="Specific_PKCT01_features_are_present"/>
  </testsuite>
  <testsuite name="table_pkpt02" timestamp="2024-11-06T04:42:15Z" hostname="d61435d52e2d" tests="2" skipped="0" failures="0" errors="0" time="0.511">
    <testcase time="0.290999999999997" classname="table_pkpt02" name="PKPT02_is_produced_correctly_for_Drug_X"/>
    <testcase time="0.219999999999999" classname="table_pkpt02" name="PKPT02_is_produced_correctly_for_Drug_X"/>
  </testsuite>
  <testsuite name="table_pkpt03" timestamp="2024-11-06T04:42:15Z" hostname="d61435d52e2d" tests="2" skipped="0" failures="0" errors="0" time="1.051">
    <testcase time="0.862000000000023" classname="table_pkpt03" name="PKPT03_Drug_X_is_produced_correctly"/>
    <testcase time="0.188999999999993" classname="table_pkpt03" name="PKPT03_Drug_X_is_produced_correctly"/>
  </testsuite>
  <testsuite name="table_pkpt04" timestamp="2024-11-06T04:42:16Z" hostname="d61435d52e2d" tests="2" skipped="0" failures="0" errors="0" time="0.178">
    <testcase time="0.0949999999999989" classname="table_pkpt04" name="PKPT04_is_produced_correctly_for_Drug_X"/>
    <testcase time="0.0829999999999984" classname="table_pkpt04" name="PKPT04_is_produced_correctly_for_Drug_X"/>
  </testsuite>
  <testsuite name="table_pkpt05" timestamp="2024-11-06T04:42:16Z" hostname="d61435d52e2d" tests="2" skipped="0" failures="0" errors="0" time="0.39">
    <testcase time="0.271999999999991" classname="table_pkpt05" name="PKPT05_Drug_X_is_produced_correctly"/>
    <testcase time="0.117999999999995" classname="table_pkpt05" name="PKPT05_Drug_X_is_produced_correctly"/>
  </testsuite>
  <testsuite name="table_pkpt06" timestamp="2024-11-06T04:42:17Z" hostname="d61435d52e2d" tests="4" skipped="0" failures="0" errors="0" time="0.261">
    <testcase time="0.085000000000008" classname="table_pkpt06" name="PKPT06_is_produced_correctly_for_Drug_X"/>
    <testcase time="0.061000000000007" classname="table_pkpt06" name="PKPT06_is_produced_correctly_for_Drug_X"/>
    <testcase time="0.0579999999999927" classname="table_pkpt06" name="PKPT06_is_produced_correctly_for_Drug_Y"/>
    <testcase time="0.0570000000000164" classname="table_pkpt06" name="PKPT06_is_produced_correctly_for_Drug_Y"/>
  </testsuite>
  <testsuite name="table_pkpt07" timestamp="2024-11-06T04:42:17Z" hostname="d61435d52e2d" tests="4" skipped="0" failures="0" errors="0" time="0.507">
    <testcase time="0.195999999999998" classname="table_pkpt07" name="PKPT07_Drug_X_is_produced_correctly"/>
    <testcase time="0.10499999999999" classname="table_pkpt07" name="PKPT07_Drug_X_is_produced_correctly"/>
    <testcase time="0.110000000000014" classname="table_pkpt07" name="PKPT07_Drug_Y_is_produced_correctly"/>
    <testcase time="0.0959999999999752" classname="table_pkpt07" name="PKPT07_Drug_Y_is_produced_correctly"/>
  </testsuite>
  <testsuite name="table_ratet01" timestamp="2024-11-06T04:42:18Z" hostname="d61435d52e2d" tests="2" skipped="0" failures="0" errors="0" time="0.651">
    <testcase time="0.531000000000006" classname="table_ratet01" name="RATET01_is_produced_correctly"/>
    <testcase time="0.120000000000005" classname="table_ratet01" name="RATET01_is_produced_correctly"/>
  </testsuite>
  <testsuite name="table_rmpt01" timestamp="2024-11-06T04:42:18Z" hostname="d61435d52e2d" tests="2" skipped="0" failures="0" errors="0" time="0.196">
    <testcase time="0.13900000000001" classname="table_rmpt01" name="RMPT01_is_produced_correctly"/>
    <testcase time="0.0569999999999879" classname="table_rmpt01" name="RMPT01_is_produced_correctly"/>
  </testsuite>
  <testsuite name="table_rmpt03" timestamp="2024-11-06T04:42:18Z" hostname="d61435d52e2d" tests="4" skipped="0" failures="0" errors="0" time="0.522">
    <testcase time="0.203000000000003" classname="table_rmpt03" name="RMPT03_variant_1_is_produced_correctly"/>
    <testcase time="0.0819999999999936" classname="table_rmpt03" name="RMPT03_variant_1_is_produced_correctly"/>
    <testcase time="0.152000000000015" classname="table_rmpt03" name="RMPT03_variant_2_is_produced_correctly"/>
    <testcase time="0.0849999999999795" classname="table_rmpt03" name="RMPT03_variant_2_is_produced_correctly"/>
  </testsuite>
  <testsuite name="table_rmpt04" timestamp="2024-11-06T04:42:19Z" hostname="d61435d52e2d" tests="2" skipped="0" failures="0" errors="0" time="0.193">
    <testcase time="0.125" classname="table_rmpt04" name="RMPT04_variant_1_is_produced_correctly"/>
    <testcase time="0.0680000000000121" classname="table_rmpt04" name="RMPT04_variant_1_is_produced_correctly"/>
  </testsuite>
  <testsuite name="table_rmpt05" timestamp="2024-11-06T04:42:19Z" hostname="d61435d52e2d" tests="2" skipped="0" failures="0" errors="0" time="0.209">
    <testcase time="0.143000000000001" classname="table_rmpt05" name="RMPT05_is_produced_correctly"/>
    <testcase time="0.0660000000000025" classname="table_rmpt05" name="RMPT05_is_produced_correctly"/>
  </testsuite>
  <testsuite name="table_rmpt06" timestamp="2024-11-06T04:42:19Z" hostname="d61435d52e2d" tests="8" skipped="0" failures="0" errors="0" time="1.479">
    <testcase time="0.293000000000006" classname="table_rmpt06" name="RMPT06_variant_1_is_produced_correctly"/>
    <testcase time="0.113999999999976" classname="table_rmpt06" name="RMPT06_variant_1_is_produced_correctly"/>
    <testcase time="0.196000000000026" classname="table_rmpt06" name="RMPT06_variant_2_is_produced_correctly"/>
    <testcase time="0.0809999999999889" classname="table_rmpt06" name="RMPT06_variant_2_is_produced_correctly"/>
    <testcase time="0.282999999999987" classname="table_rmpt06" name="RMPT06_variant_3_is_produced_correctly"/>
    <testcase time="0.110000000000014" classname="table_rmpt06" name="RMPT06_variant_3_is_produced_correctly"/>
    <testcase time="0.276999999999987" classname="table_rmpt06" name="RMPT06_variant_4_is_produced_correctly"/>
    <testcase time="0.125" classname="table_rmpt06" name="RMPT06_variant_4_is_produced_correctly"/>
  </testsuite>
  <testsuite name="table_rspt01" timestamp="2024-11-06T04:42:21Z" hostname="d61435d52e2d" tests="12" skipped="0" failures="0" errors="0" time="2.23">
    <testcase time="0.26400000000001" classname="table_rspt01" name="RSPT01_1._Best_Overall_Response"/>
    <testcase time="0.106999999999999" classname="table_rspt01" name="RSPT01_1._Best_Overall_Response"/>
    <testcase time="0.234000000000009" classname="table_rspt01" name="RSPT01_2._Best_Overall_Response_selecting_sections_to_display_"/>
    <testcase time="0.11699999999999" classname="table_rspt01" name="RSPT01_2._Best_Overall_Response_selecting_sections_to_display_"/>
    <testcase time="0.294000000000011" classname="table_rspt01" name="RSPT01_3._Best_Overall_Response_modifying_settings_"/>
    <testcase time="0.10299999999998" classname="table_rspt01" name="RSPT01_3._Best_Overall_Response_modifying_settings_"/>
    <testcase time="0.319000000000017" classname="table_rspt01" name="RSPT01_4._Best_Overall_Response_with_stratified_analysis_"/>
    <testcase time="0.134999999999991" classname="table_rspt01" name="RSPT01_4._Best_Overall_Response_with_stratified_analysis_"/>
    <testcase time="0.253999999999991" classname="table_rspt01" name="RSPT01_5._Best_Overall_Response_modifying_the_definition_of_overall_response_"/>
    <testcase time="0.106000000000023" classname="table_rspt01" name="RSPT01_5._Best_Overall_Response_modifying_the_definition_of_overall_response_"/>
    <testcase time="0.205000000000013" classname="table_rspt01" name="RSPT01_6._Best_Overall_Response_define_new_sections_to_display_"/>
    <testcase time="0.092000000000013" classname="table_rspt01" name="RSPT01_6._Best_Overall_Response_define_new_sections_to_display_"/>
  </testsuite>
  <testsuite name="table_ttet01" timestamp="2024-11-06T04:42:23Z" hostname="d61435d52e2d" tests="14" skipped="0" failures="0" errors="0" time="3.296">
    <testcase time="0.394999999999982" classname="table_ttet01" name="TTET01_default_variant_is_produced_correctly"/>
    <testcase time="0.157000000000011" classname="table_ttet01" name="TTET01_default_variant_is_produced_correctly"/>
    <testcase time="0.384999999999991" classname="table_ttet01" name="TTET01_default_variant_with_Placebo_arm"/>
    <testcase time="0.157000000000011" classname="table_ttet01" name="TTET01_default_variant_with_Placebo_arm"/>
    <testcase time="0.199999999999989" classname="table_ttet01" name="TTET01_variant_2_selecting_sections_to_display"/>
    <testcase time="0.123000000000019" classname="table_ttet01" name="TTET01_variant_2_selecting_sections_to_display"/>
    <testcase time="0.289999999999992" classname="table_ttet01" name="TTET01_variant_3_modifying_analysis_details_like_conftype_ties_alpha_level"/>
    <testcase time="0.128999999999991" classname="table_ttet01" name="TTET01_variant_3_modifying_analysis_details_like_conftype_ties_alpha_level"/>
    <testcase time="0.329000000000008" classname="table_ttet01" name="TTET01_variant_4_with_stratified_analysis"/>
    <testcase time="0.161000000000001" classname="table_ttet01" name="TTET01_variant_4_with_stratified_analysis"/>
    <testcase time="0.292000000000002" classname="table_ttet01" name="TTET01_variant_5_modifying_time_point"/>
    <testcase time="0.165999999999997" classname="table_ttet01" name="TTET01_variant_5_modifying_time_point"/>
    <testcase time="0.359999999999985" classname="table_ttet01" name="TTET01_variant_6_requesting_more_than_one_p_value"/>
    <testcase time="0.152000000000015" classname="table_ttet01" name="TTET01_variant_6_requesting_more_than_one_p_value"/>
  </testsuite>
  <testsuite name="table_vst01" timestamp="2024-11-06T04:42:27Z" hostname="d61435d52e2d" tests="2" skipped="0" failures="0" errors="0" time="0.991">
    <testcase time="0.699999999999989" classname="table_vst01" name="VST01_default_variant_is_produced_correctly"/>
    <testcase time="0.290999999999997" classname="table_vst01" name="VST01_default_variant_is_produced_correctly"/>
  </testsuite>
  <testsuite name="table_vst02" timestamp="2024-11-06T04:42:27Z" hostname="d61435d52e2d" tests="4" skipped="0" failures="0" errors="0" time="0.892">
    <testcase time="0.369" classname="table_vst02" name="1._Vital_Sign_Abnormalities_Regardless_of_Abnormality_at_Baseline_VST02_1_"/>
    <testcase time="0.131" classname="table_vst02" name="1._Vital_Sign_Abnormalities_Regardless_of_Abnormality_at_Baseline_VST02_1_"/>
    <testcase time="0.27600000000001" classname="table_vst02" name="2._Vital_Sign_Abnormalities_Among_Subject_Without_Abnormality_at_Baseline_VST02_2_"/>
    <testcase time="0.116000000000014" classname="table_vst02" name="2._Vital_Sign_Abnormalities_Among_Subject_Without_Abnormality_at_Baseline_VST02_2_"/>
  </testsuite>
</testsuites>
