<?xml version="1.0" encoding="UTF-8"?>
<testsuites>
  <testsuite name="listing_adal02" timestamp="2024-11-07T02:05:15Z" hostname="e5ea199cef81" tests="1" skipped="0" failures="0" errors="0" time="0.245">
    <testcase time="0.245000000000001" classname="listing_adal02" name="ADAL02_listing_is_produced_correctly"/>
  </testsuite>
  <testsuite name="listing_ael01" timestamp="2024-11-07T02:05:15Z" hostname="e5ea199cef81" tests="1" skipped="0" failures="0" errors="0" time="0.197">
    <testcase time="0.196999999999999" classname="listing_ael01" name="AEL01_listing_is_produced_correctly"/>
  </testsuite>
  <testsuite name="listing_ael01_nollt" timestamp="2024-11-07T02:05:15Z" hostname="e5ea199cef81" tests="1" skipped="0" failures="0" errors="0" time="0.073">
    <testcase time="0.0730000000000004" classname="listing_ael01_nollt" name="AEL01_NOLLT_listing_is_produced_correctly"/>
  </testsuite>
  <testsuite name="listing_ael02" timestamp="2024-11-07T02:05:15Z" hostname="e5ea199cef81" tests="1" skipped="0" failures="0" errors="0" time="0.29">
    <testcase time="0.289999999999999" classname="listing_ael02" name="AEL02_listing_is_produced_correctly"/>
  </testsuite>
  <testsuite name="listing_ael02_ed" timestamp="2024-11-07T02:05:16Z" hostname="e5ea199cef81" tests="1" skipped="0" failures="0" errors="0" time="0.336">
    <testcase time="0.336" classname="listing_ael02_ed" name="AEL02_ED_listing_is_produced_correctly"/>
  </testsuite>
  <testsuite name="listing_ael03" timestamp="2024-11-07T02:05:16Z" hostname="e5ea199cef81" tests="1" skipped="0" failures="0" errors="0" time="0.277">
    <testcase time="0.277000000000001" classname="listing_ael03" name="AEL03_listing_is_produced_correctly"/>
  </testsuite>
  <testsuite name="listing_ael04" timestamp="2024-11-07T02:05:16Z" hostname="e5ea199cef81" tests="1" skipped="0" failures="0" errors="0" time="0.219">
    <testcase time="0.218999999999999" classname="listing_ael04" name="AEL04_listing_is_produced_correctly"/>
  </testsuite>
  <testsuite name="listing_cml01" timestamp="2024-11-07T02:05:17Z" hostname="e5ea199cef81" tests="1" skipped="0" failures="0" errors="0" time="0.335">
    <testcase time="0.334999999999999" classname="listing_cml01" name="CML01_listing_is_produced_correctly"/>
  </testsuite>
  <testsuite name="listing_cml02a_gl" timestamp="2024-11-07T02:05:17Z" hostname="e5ea199cef81" tests="1" skipped="0" failures="0" errors="0" time="0.12">
    <testcase time="0.120000000000001" classname="listing_cml02a_gl" name="CML02A_GL_listing_is_produced_correctly"/>
  </testsuite>
  <testsuite name="listing_cml02b_gl" timestamp="2024-11-07T02:05:17Z" hostname="e5ea199cef81" tests="1" skipped="0" failures="0" errors="0" time="0.166">
    <testcase time="0.166" classname="listing_cml02b_gl" name="CML02B_GL_listing_is_produced_correctly"/>
  </testsuite>
  <testsuite name="listing_dsl01" timestamp="2024-11-07T02:05:17Z" hostname="e5ea199cef81" tests="1" skipped="0" failures="0" errors="0" time="0.17">
    <testcase time="0.17" classname="listing_dsl01" name="DSL01_listing_is_produced_correctly"/>
  </testsuite>
  <testsuite name="listing_dsl02" timestamp="2024-11-07T02:05:17Z" hostname="e5ea199cef81" tests="1" skipped="0" failures="0" errors="0" time="0.073">
    <testcase time="0.0729999999999986" classname="listing_dsl02" name="DSL02_listing_is_produced_correctly"/>
  </testsuite>
  <testsuite name="listing_dsur4" timestamp="2024-11-07T02:05:17Z" hostname="e5ea199cef81" tests="1" skipped="0" failures="0" errors="0" time="0.113">
    <testcase time="0.113000000000001" classname="listing_dsur4" name="DSUR4_listing_is_produced_correctly"/>
  </testsuite>
  <testsuite name="listing_egl01" timestamp="2024-11-07T02:05:17Z" hostname="e5ea199cef81" tests="1" skipped="0" failures="0" errors="0" time="0.291">
    <testcase time="0.290999999999999" classname="listing_egl01" name="EGL01_listing_is_produced_correctly"/>
  </testsuite>
  <testsuite name="listing_exl01" timestamp="2024-11-07T02:05:18Z" hostname="e5ea199cef81" tests="1" skipped="0" failures="0" errors="0" time="0.22">
    <testcase time="0.220000000000001" classname="listing_exl01" name="EXL01_listing_is_produced_correctly"/>
  </testsuite>
  <testsuite name="listing_lbl01" timestamp="2024-11-07T02:05:18Z" hostname="e5ea199cef81" tests="1" skipped="0" failures="0" errors="0" time="0.525">
    <testcase time="0.525" classname="listing_lbl01" name="LBL01_listing_is_produced_correctly"/>
  </testsuite>
  <testsuite name="listing_lbl01_rls" timestamp="2024-11-07T02:05:19Z" hostname="e5ea199cef81" tests="1" skipped="0" failures="0" errors="0" time="0.548">
    <testcase time="0.548" classname="listing_lbl01_rls" name="LBL01_RLS_listing_is_produced_correctly"/>
  </testsuite>
  <testsuite name="listing_lbl02a" timestamp="2024-11-07T02:05:19Z" hostname="e5ea199cef81" tests="1" skipped="0" failures="0" errors="0" time="0.253">
    <testcase time="0.253" classname="listing_lbl02a" name="LBL02A_listing_is_produced_correctly"/>
  </testsuite>
  <testsuite name="listing_lbl02a_rls" timestamp="2024-11-07T02:05:19Z" hostname="e5ea199cef81" tests="1" skipped="0" failures="0" errors="0" time="0.827">
    <testcase time="0.827" classname="listing_lbl02a_rls" name="LBL02A_RLS_listing_is_produced_correctly"/>
  </testsuite>
  <testsuite name="listing_lbl02b" timestamp="2024-11-07T02:05:20Z" hostname="e5ea199cef81" tests="1" skipped="0" failures="0" errors="0" time="0.256">
    <testcase time="0.256" classname="listing_lbl02b" name="LBL02B_listing_is_produced_correctly"/>
  </testsuite>
  <testsuite name="listing_mhl01" timestamp="2024-11-07T02:05:20Z" hostname="e5ea199cef81" tests="1" skipped="0" failures="0" errors="0" time="0.259">
    <testcase time="0.259" classname="listing_mhl01" name="MHL01_listing_is_produced_correctly"/>
  </testsuite>
  <testsuite name="listing_oncl01" timestamp="2024-11-07T02:05:21Z" hostname="e5ea199cef81" tests="1" skipped="0" failures="0" errors="0" time="0.238">
    <testcase time="0.238" classname="listing_oncl01" name="ONCL01_listing_is_produced_correctly"/>
  </testsuite>
  <testsuite name="listing_pkcl01" timestamp="2024-11-07T02:05:21Z" hostname="e5ea199cef81" tests="1" skipped="0" failures="0" errors="0" time="0.185">
    <testcase time="0.185" classname="listing_pkcl01" name="PKCL01_listing_is_produced_correctly"/>
  </testsuite>
  <testsuite name="listing_pkcl02" timestamp="2024-11-07T02:05:21Z" hostname="e5ea199cef81" tests="1" skipped="0" failures="0" errors="0" time="0.199">
    <testcase time="0.199" classname="listing_pkcl02" name="PKCL02_listing_is_produced_correctly"/>
  </testsuite>
  <testsuite name="listing_pkpl01" timestamp="2024-11-07T02:05:21Z" hostname="e5ea199cef81" tests="1" skipped="0" failures="0" errors="0" time="0.243">
    <testcase time="0.242999999999999" classname="listing_pkpl01" name="PKPL01_listing_is_produced_correctly"/>
  </testsuite>
  <testsuite name="listing_pkpl02" timestamp="2024-11-07T02:05:22Z" hostname="e5ea199cef81" tests="1" skipped="0" failures="0" errors="0" time="0.153">
    <testcase time="0.153" classname="listing_pkpl02" name="PKPL02_listing_is_produced_correctly"/>
  </testsuite>
  <testsuite name="listing_pkpl04" timestamp="2024-11-07T02:05:22Z" hostname="e5ea199cef81" tests="1" skipped="0" failures="0" errors="0" time="0.204">
    <testcase time="0.204000000000001" classname="listing_pkpl04" name="PKPL04_listing_is_produced_correctly"/>
  </testsuite>
  <testsuite name="listing_vsl01" timestamp="2024-11-07T02:05:22Z" hostname="e5ea199cef81" tests="1" skipped="0" failures="0" errors="0" time="0.446">
    <testcase time="0.446" classname="listing_vsl01" name="VSL01_listing_is_produced_correctly"/>
  </testsuite>
  <testsuite name="pagination_listing" timestamp="2024-11-07T02:05:22Z" hostname="e5ea199cef81" tests="13" skipped="0" failures="0" errors="0" time="5.955">
    <testcase time="0.0300000000000011" classname="pagination_listing" name="Direct_pagination_works_fine"/>
    <testcase time="0.988" classname="pagination_listing" name="Direct_pagination_works_fine"/>
    <testcase time="0.00300000000000011" classname="pagination_listing" name="Direct_pagination_works_fine"/>
    <testcase time="0.887" classname="pagination_listing" name="Direct_pagination_works_fine"/>
    <testcase time="1.236" classname="pagination_listing" name="Direct_pagination_works_fine"/>
    <testcase time="1.313" classname="pagination_listing" name="pagination_counts_the_right_number_of_lines_when_wrapping_on_keycols_is_present"/>
    <testcase time="0.00600000000000023" classname="pagination_listing" name="pagination_counts_the_right_number_of_lines_when_wrapping_on_keycols_is_present"/>
    <testcase time="0.00499999999999901" classname="pagination_listing" name="pagination_counts_the_right_number_of_lines_when_wrapping_on_keycols_is_present"/>
    <testcase time="0.00300000000000011" classname="pagination_listing" name="pagination_counts_the_right_number_of_lines_when_wrapping_on_keycols_is_present"/>
    <testcase time="1.472" classname="pagination_listing" name="pagination_counts_the_right_number_of_lines_when_wrapping_on_keycols_is_present"/>
    <testcase time="0.00500000000000256" classname="pagination_listing" name="pagination_counts_the_right_number_of_lines_when_wrapping_on_keycols_is_present"/>
    <testcase time="0.00399999999999778" classname="pagination_listing" name="pagination_counts_the_right_number_of_lines_when_wrapping_on_keycols_is_present"/>
    <testcase time="0.00300000000000011" classname="pagination_listing" name="pagination_counts_the_right_number_of_lines_when_wrapping_on_keycols_is_present"/>
  </testsuite>
  <testsuite name="pagination_table" timestamp="2024-11-07T02:05:29Z" hostname="e5ea199cef81" tests="30" skipped="0" failures="0" errors="0" time="13.916">
    <testcase time="1.677" classname="pagination_table" name="Direct_pagination_with_standard_values"/>
    <testcase time="0.00400000000000134" classname="pagination_table" name="Direct_pagination_with_standard_values"/>
    <testcase time="0.00400000000000134" classname="pagination_table" name="Direct_pagination_with_standard_values"/>
    <testcase time="1.213" classname="pagination_table" name="Pagination_with_specific_column_widths_and_minimum_lines_per_page"/>
    <testcase time="0.00300000000000011" classname="pagination_table" name="Pagination_with_specific_column_widths_and_minimum_lines_per_page"/>
    <testcase time="0.123000000000001" classname="pagination_table" name="Pagination_with_specific_column_widths_and_minimum_lines_per_page"/>
    <testcase time="0.940999999999999" classname="pagination_table" name="Pagination_works_also_if_table_is_decorated"/>
    <testcase time="0.525000000000002" classname="pagination_table" name="Pagination_works_also_if_table_is_decorated"/>
    <testcase time="0.798999999999999" classname="pagination_table" name="Pagination_works_also_if_table_is_decorated"/>
    <testcase time="0.661999999999999" classname="pagination_table" name="Pagination_works_also_if_table_is_decorated"/>
    <testcase time="1.336" classname="pagination_table" name="Pagination_works_also_if_table_is_decorated"/>
    <testcase time="0.309000000000001" classname="pagination_table" name="Pagination_works_also_if_table_is_decorated"/>
    <testcase time="0.00300000000000011" classname="pagination_table" name="Pagination_works_also_if_table_is_decorated"/>
    <testcase time="0.022000000000002" classname="pagination_table" name="Pagination_works_also_if_table_is_decorated"/>
    <testcase time="0.145999999999997" classname="pagination_table" name="Pagination_works_also_if_table_is_decorated"/>
    <testcase time="0.0960000000000001" classname="pagination_table" name="Pagination_works_also_if_table_is_decorated"/>
    <testcase time="0.713000000000001" classname="pagination_table" name="Pagination_works_for_page_types"/>
    <testcase time="0.0779999999999994" classname="pagination_table" name="Pagination_works_for_page_types"/>
    <testcase time="0.717000000000002" classname="pagination_table" name="Pagination_works_for_page_types"/>
    <testcase time="0.0859999999999985" classname="pagination_table" name="Pagination_works_for_page_types"/>
    <testcase time="0.656000000000002" classname="pagination_table" name="Pagination_works_for_page_types"/>
    <testcase time="0.408999999999999" classname="pagination_table" name="Pagination_works_for_page_types"/>
    <testcase time="0.707000000000001" classname="pagination_table" name="Pagination_works_for_page_width_and_height"/>
    <testcase time="0.131999999999998" classname="pagination_table" name="Pagination_works_for_page_width_and_height"/>
    <testcase time="0.791000000000004" classname="pagination_table" name="Pagination_works_for_page_types"/>
    <testcase time="0.162999999999997" classname="pagination_table" name="Pagination_works_for_page_types"/>
    <testcase time="0.819000000000003" classname="pagination_table" name="AET04_variant_2_page_by_pagination_tests"/>
    <testcase time="0.628999999999998" classname="pagination_table" name="AET04_variant_2_page_by_pagination_tests"/>
    <testcase time="0.00200000000000244" classname="pagination_table" name="AET04_variant_2_page_by_pagination_tests"/>
    <testcase time="0.150999999999996" classname="pagination_table" name="AET04_variant_2_page_by_pagination_tests"/>
  </testsuite>
  <testsuite name="table_adat03" timestamp="2024-11-07T02:05:42Z" hostname="e5ea199cef81" tests="2" skipped="0" failures="0" errors="0" time="0.554">
    <testcase time="0.417000000000002" classname="table_adat03" name="ADAT03_is_produced_correctly"/>
    <testcase time="0.137" classname="table_adat03" name="ADAT03_is_produced_correctly"/>
  </testsuite>
  <testsuite name="table_aet01" timestamp="2024-11-07T02:05:43Z" hostname="e5ea199cef81" tests="8" skipped="0" failures="0" errors="0" time="1.761">
    <testcase time="0.356999999999999" classname="table_aet01" name="Safety_Summary_Variant_1_works_as_expected"/>
    <testcase time="0.118000000000002" classname="table_aet01" name="Safety_Summary_Variant_1_works_as_expected"/>
    <testcase time="0.319000000000003" classname="table_aet01" name="Safety_Summary_Variant_2_with_Medical_Concepts_Section_works_as_expected"/>
    <testcase time="0.128999999999998" classname="table_aet01" name="Safety_Summary_Variant_2_with_Medical_Concepts_Section_works_as_expected"/>
    <testcase time="0.244" classname="table_aet01" name="Safety_Summary_Variant_3_with_Modified_Rows_works_as_expected"/>
    <testcase time="0.103999999999999" classname="table_aet01" name="Safety_Summary_Variant_3_with_Modified_Rows_works_as_expected"/>
    <testcase time="0.360999999999997" classname="table_aet01" name="Safety_Summary_Variant_4_with_Rows_Counting_Events_and_Additional_Sections_works_as_expected"/>
    <testcase time="0.129000000000005" classname="table_aet01" name="Safety_Summary_Variant_4_with_Rows_Counting_Events_and_Additional_Sections_works_as_expected"/>
  </testsuite>
  <testsuite name="table_aet01_aesi" timestamp="2024-11-07T02:05:45Z" hostname="e5ea199cef81" tests="8" skipped="0" failures="0" errors="0" time="2.783">
    <testcase time="0.262999999999998" classname="table_aet01_aesi" name="AET01_AESI_Variant_1_works_as_expected"/>
    <testcase time="0.110999999999997" classname="table_aet01_aesi" name="AET01_AESI_Variant_1_works_as_expected"/>
    <testcase time="0.446000000000005" classname="table_aet01_aesi" name="AET01_AESI_Variant_2_works_as_expected"/>
    <testcase time="0.158000000000001" classname="table_aet01_aesi" name="AET01_AESI_Variant_2_works_as_expected"/>
    <testcase time="0.881999999999998" classname="table_aet01_aesi" name="AET01_AESI_Variant_3_works_as_expected"/>
    <testcase time="0.201000000000001" classname="table_aet01_aesi" name="AET01_AESI_Variant_3_works_as_expected"/>
    <testcase time="0.515000000000001" classname="table_aet01_aesi" name="AET01_AESI_Variant_4_works_as_expected"/>
    <testcase time="0.207000000000001" classname="table_aet01_aesi" name="AET01_AESI_Variant_4_works_as_expected"/>
  </testsuite>
  <testsuite name="table_aet02" timestamp="2024-11-07T02:05:47Z" hostname="e5ea199cef81" tests="26" skipped="0" failures="0" errors="0" time="7.818">
    <testcase time="0.509999999999998" classname="table_aet02" name="AET02_variant_1_is_produced_correctly"/>
    <testcase time="0.173999999999999" classname="table_aet02" name="AET02_variant_1_is_produced_correctly"/>
    <testcase time="0.402000000000001" classname="table_aet02" name="AET02_variant_1_is_produced_correctly"/>
    <testcase time="0.0949999999999989" classname="table_aet02" name="AET02_variant_1_is_produced_correctly"/>
    <testcase time="0.589999999999996" classname="table_aet02" name="AET02_variant_2_is_produced_correctly"/>
    <testcase time="0.195" classname="table_aet02" name="AET02_variant_2_is_produced_correctly"/>
    <testcase time="0.873000000000005" classname="table_aet02" name="AET02_variant_3_is_produced_correctly"/>
    <testcase time="0.290999999999997" classname="table_aet02" name="AET02_variant_3_is_produced_correctly"/>
    <testcase time="0.120000000000005" classname="table_aet02" name="AET02_variant_4_is_produced_correctly"/>
    <testcase time="0.0939999999999941" classname="table_aet02" name="AET02_variant_4_is_produced_correctly"/>
    <testcase time="0.390000000000001" classname="table_aet02" name="AET02_variant_5_is_produced_correctly"/>
    <testcase time="0.158000000000001" classname="table_aet02" name="AET02_variant_5_is_produced_correctly"/>
    <testcase time="0.380000000000003" classname="table_aet02" name="AET02_variant_6_is_produced_correctly"/>
    <testcase time="0.106000000000002" classname="table_aet02" name="AET02_variant_6_is_produced_correctly"/>
    <testcase time="0.890999999999998" classname="table_aet02" name="AET02_variant_7_is_produced_correctly"/>
    <testcase time="0.146000000000001" classname="table_aet02" name="AET02_variant_7_is_produced_correctly"/>
    <testcase time="0.388999999999996" classname="table_aet02" name="AET02_variant_8_is_produced_correctly"/>
    <testcase time="0.0750000000000028" classname="table_aet02" name="AET02_variant_8_is_produced_correctly"/>
    <testcase time="0.390000000000001" classname="table_aet02" name="AET02_variant_9_is_produced_correctly"/>
    <testcase time="0.109999999999999" classname="table_aet02" name="AET02_variant_9_is_produced_correctly"/>
    <testcase time="0.390999999999998" classname="table_aet02" name="AET02_variant_10_is_produced_correctly"/>
    <testcase time="0.0870000000000033" classname="table_aet02" name="AET02_variant_10_is_produced_correctly"/>
    <testcase time="0.393999999999998" classname="table_aet02" name="AET02_variant_11_is_produced_correctly"/>
    <testcase time="0.0859999999999985" classname="table_aet02" name="AET02_variant_11_is_produced_correctly"/>
    <testcase time="0.399000000000001" classname="table_aet02" name="AET02_variant_12_is_produced_correctly"/>
    <testcase time="0.0820000000000007" classname="table_aet02" name="AET02_variant_12_is_produced_correctly"/>
  </testsuite>
  <testsuite name="table_aet02_smq" timestamp="2024-11-07T02:05:55Z" hostname="e5ea199cef81" tests="4" skipped="0" failures="0" errors="0" time="0.447">
    <testcase time="0.131999999999998" classname="table_aet02_smq" name="AET02SMQ_variant_1_is_produced_correctly"/>
    <testcase time="0.0690000000000026" classname="table_aet02_smq" name="AET02SMQ_variant_1_is_produced_correctly"/>
    <testcase time="0.153999999999996" classname="table_aet02_smq" name="AET02SMQ_variant_2_is_produced_correctly"/>
    <testcase time="0.0920000000000059" classname="table_aet02_smq" name="AET02SMQ_variant_2_is_produced_correctly"/>
  </testsuite>
  <testsuite name="table_aet03" timestamp="2024-11-07T02:05:56Z" hostname="e5ea199cef81" tests="6" skipped="0" failures="0" errors="0" time="4.819">
    <testcase time="1.09999999999999" classname="table_aet03" name="AET03_variant_1_is_produced_correctly"/>
    <testcase time="0.417000000000002" classname="table_aet03" name="AET03_variant_1_is_produced_correctly"/>
    <testcase time="1.352" classname="table_aet03" name="AET03_variant_1_is_produced_correctly"/>
    <testcase time="0.672999999999995" classname="table_aet03" name="AET03_variant_1_is_produced_correctly"/>
    <testcase time="1.067" classname="table_aet03" name="AET03_variant_1_is_produced_correctly"/>
    <testcase time="0.210000000000001" classname="table_aet03" name="AET03_variant_1_is_produced_correctly"/>
  </testsuite>
  <testsuite name="table_aet04" timestamp="2024-11-07T02:06:01Z" hostname="e5ea199cef81" tests="30" skipped="0" failures="0" errors="0" time="12.278">
    <testcase time="0.737000000000002" classname="table_aet04" name="AET04_variant_1_is_produced_correctly"/>
    <testcase time="0.338000000000001" classname="table_aet04" name="AET04_variant_1_is_produced_correctly"/>
    <testcase time="0.805999999999997" classname="table_aet04" name="AET04_variant_1_is_produced_correctly"/>
    <testcase time="0.0429999999999993" classname="table_aet04" name="AET04_variant_1_is_produced_correctly"/>
    <testcase time="0.044000000000004" classname="table_aet04" name="AET04_variant_1_is_produced_correctly"/>
    <testcase time="0.686999999999998" classname="table_aet04" name="AET04_variant_2_is_produced_correctly_Fill_in_of_Treatment_Groups_"/>
    <testcase time="0.289999999999999" classname="table_aet04" name="AET04_variant_2_is_produced_correctly_Fill_in_of_Treatment_Groups_"/>
    <testcase time="0.707999999999998" classname="table_aet04" name="AET04_variant_2_is_produced_correctly_Fill_in_of_Treatment_Groups_"/>
    <testcase time="0.0399999999999991" classname="table_aet04" name="AET04_variant_2_is_produced_correctly_Fill_in_of_Treatment_Groups_"/>
    <testcase time="0.0490000000000066" classname="table_aet04" name="AET04_variant_2_is_produced_correctly_Fill_in_of_Treatment_Groups_"/>
    <testcase time="0.852999999999994" classname="table_aet04" name="AET04_variant_3_is_produced_correctly_Fill_in_of_Grades_"/>
    <testcase time="0.321000000000005" classname="table_aet04" name="AET04_variant_3_is_produced_correctly_Fill_in_of_Grades_"/>
    <testcase time="0.734999999999999" classname="table_aet04" name="AET04_variant_3_is_produced_correctly_Fill_in_of_Grades_"/>
    <testcase time="0.0399999999999991" classname="table_aet04" name="AET04_variant_3_is_produced_correctly_Fill_in_of_Grades_"/>
    <testcase time="0.0379999999999967" classname="table_aet04" name="AET04_variant_3_is_produced_correctly_Fill_in_of_Grades_"/>
    <testcase time="0.642000000000003" classname="table_aet04" name="AET04_variant_4_is_produced_correctly_Collapsing_of_Grades_grades_1_2_grades_3_4_5_"/>
    <testcase time="0.301000000000002" classname="table_aet04" name="AET04_variant_4_is_produced_correctly_Collapsing_of_Grades_grades_1_2_grades_3_4_5_"/>
    <testcase time="0.725999999999999" classname="table_aet04" name="AET04_variant_4_is_produced_correctly_Collapsing_of_Grades_grades_1_2_grades_3_4_5_"/>
    <testcase time="0.680999999999997" classname="table_aet04" name="AET04_variant_6_is_produced_correctly_with_an_Incidence_Rate_of_at_Least_5_totals_restricted_"/>
    <testcase time="0.299999999999997" classname="table_aet04" name="AET04_variant_6_is_produced_correctly_with_an_Incidence_Rate_of_at_Least_5_totals_restricted_"/>
    <testcase time="0.740000000000002" classname="table_aet04" name="AET04_variant_6_is_produced_correctly_with_an_Incidence_Rate_of_at_Least_5_totals_restricted_"/>
    <testcase time="0.00999999999999801" classname="table_aet04" name="AET04_variant_8_is_produced_correctly_with_an_Incidence_Rate_of_at_Least_X_Patients_"/>
    <testcase time="0.300000000000004" classname="table_aet04" name="AET04_variant_8_is_produced_correctly_with_an_Incidence_Rate_of_at_Least_X_Patients_"/>
    <testcase time="0.731000000000002" classname="table_aet04" name="AET04_variant_8_is_produced_correctly_with_an_Incidence_Rate_of_at_Least_X_Patients_"/>
    <testcase time="0.00900000000000034" classname="table_aet04" name="AET04_variant_9_is_produced_correctly_with_a_Difference_in_Incidence_Rate_of_at_Least_X_"/>
    <testcase time="0.305000000000007" classname="table_aet04" name="AET04_variant_9_is_produced_correctly_with_a_Difference_in_Incidence_Rate_of_at_Least_X_"/>
    <testcase time="0.745000000000005" classname="table_aet04" name="AET04_variant_9_is_produced_correctly_with_a_Difference_in_Incidence_Rate_of_at_Least_X_"/>
    <testcase time="0.00999999999999091" classname="table_aet04" name="AET04_variant_11_is_produced_correctly_with_Incidence_Rate_of_at_Least_X_all_SOCs_w_o_preferred_terms_removed_"/>
    <testcase time="0.305999999999997" classname="table_aet04" name="AET04_variant_11_is_produced_correctly_with_Incidence_Rate_of_at_Least_X_all_SOCs_w_o_preferred_terms_removed_"/>
    <testcase time="0.743000000000009" classname="table_aet04" name="AET04_variant_11_is_produced_correctly_with_Incidence_Rate_of_at_Least_X_all_SOCs_w_o_preferred_terms_removed_"/>
  </testsuite>
  <testsuite name="table_aet04_pi" timestamp="2024-11-07T02:06:13Z" hostname="e5ea199cef81" tests="18" skipped="0" failures="0" errors="0" time="6.448">
    <testcase time="0.554000000000002" classname="table_aet04_pi" name="AET04_PI_full_table_is_produced_correctly"/>
    <testcase time="0.219999999999999" classname="table_aet04_pi" name="AET04_PI_full_table_is_produced_correctly"/>
    <testcase time="0.591999999999999" classname="table_aet04_pi" name="AET04_PI_variant_1_is_produced_correctly"/>
    <testcase time="0.173000000000002" classname="table_aet04_pi" name="AET04_PI_variant_1_is_produced_correctly"/>
    <testcase time="0.576999999999998" classname="table_aet04_pi" name="AET04_PI_variant_2_is_produced_correctly"/>
    <testcase time="0.119" classname="table_aet04_pi" name="AET04_PI_variant_2_is_produced_correctly"/>
    <testcase time="0.578000000000003" classname="table_aet04_pi" name="AET04_PI_variant_3_is_produced_correctly"/>
    <testcase time="0.135999999999996" classname="table_aet04_pi" name="AET04_PI_variant_3_is_produced_correctly"/>
    <testcase time="0.575000000000003" classname="table_aet04_pi" name="AET04_PI_variant_4_is_produced_correctly"/>
    <testcase time="0.103999999999999" classname="table_aet04_pi" name="AET04_PI_variant_4_is_produced_correctly"/>
    <testcase time="0.584000000000003" classname="table_aet04_pi" name="AET04_PI_variant_5_is_produced_correctly"/>
    <testcase time="0.161000000000001" classname="table_aet04_pi" name="AET04_PI_variant_5_is_produced_correctly"/>
    <testcase time="0.709999999999994" classname="table_aet04_pi" name="AET04_PI_variant_6_is_produced_correctly"/>
    <testcase time="0.165999999999997" classname="table_aet04_pi" name="AET04_PI_variant_6_is_produced_correctly"/>
    <testcase time="0.721000000000004" classname="table_aet04_pi" name="AET04_PI_variant_7_is_produced_correctly"/>
    <testcase time="0.165999999999997" classname="table_aet04_pi" name="AET04_PI_variant_7_is_produced_correctly"/>
    <testcase time="0.180999999999997" classname="table_aet04_pi" name="AET04_PI_variant_8_is_produced_correctly"/>
    <testcase time="0.131" classname="table_aet04_pi" name="AET04_PI_variant_8_is_produced_correctly"/>
  </testsuite>
  <testsuite name="table_aet05" timestamp="2024-11-07T02:06:19Z" hostname="e5ea199cef81" tests="4" skipped="0" failures="0" errors="0" time="0.265">
    <testcase time="0.0790000000000077" classname="table_aet05" name="AET05_variant_1_is_produced_correctly"/>
    <testcase time="0.0690000000000026" classname="table_aet05" name="AET05_variant_1_is_produced_correctly"/>
    <testcase time="0.0569999999999879" classname="table_aet05" name="AET05_variant_2_is_produced_correctly"/>
    <testcase time="0.0600000000000023" classname="table_aet05" name="AET05_variant_2_is_produced_correctly"/>
  </testsuite>
  <testsuite name="table_aet05_all" timestamp="2024-11-07T02:06:19Z" hostname="e5ea199cef81" tests="4" skipped="0" failures="0" errors="0" time="0.3">
    <testcase time="0.113" classname="table_aet05_all" name="AET05_ALL_variant_1_is_produced_correctly"/>
    <testcase time="0.061000000000007" classname="table_aet05_all" name="AET05_ALL_variant_1_is_produced_correctly"/>
    <testcase time="0.0669999999999931" classname="table_aet05_all" name="AET05_ALL_variant_2_is_produced_correctly"/>
    <testcase time="0.0589999999999975" classname="table_aet05_all" name="AET05_ALL_variant_2_is_produced_correctly"/>
  </testsuite>
  <testsuite name="table_aet06" timestamp="2024-11-07T02:06:20Z" hostname="e5ea199cef81" tests="6" skipped="0" failures="0" errors="0" time="3.945">
    <testcase time="0.592000000000013" classname="table_aet06" name="AET06_variant_1_is_produced_correctly"/>
    <testcase time="0.239999999999995" classname="table_aet06" name="AET06_variant_1_is_produced_correctly"/>
    <testcase time="0.968999999999994" classname="table_aet06" name="AET06_variant_3_is_produced_correctly"/>
    <testcase time="0.350999999999999" classname="table_aet06" name="AET06_variant_3_is_produced_correctly"/>
    <testcase time="1.42200000000001" classname="table_aet06" name="AET06_variant_5_is_produced_correctly"/>
    <testcase time="0.370999999999995" classname="table_aet06" name="AET06_variant_5_is_produced_correctly"/>
  </testsuite>
  <testsuite name="table_aet06_smq" timestamp="2024-11-07T02:06:24Z" hostname="e5ea199cef81" tests="4" skipped="0" failures="0" errors="0" time="0.937">
    <testcase time="0.331000000000003" classname="table_aet06_smq" name="AET06_SMQ_variant_1_is_produced_correctly"/>
    <testcase time="0.135999999999996" classname="table_aet06_smq" name="AET06_SMQ_variant_1_is_produced_correctly"/>
    <testcase time="0.335000000000008" classname="table_aet06_smq" name="AET06_SMQ_variant_2_is_produced_correctly"/>
    <testcase time="0.134999999999991" classname="table_aet06_smq" name="AET06_SMQ_variant_2_is_produced_correctly"/>
  </testsuite>
  <testsuite name="table_aet07" timestamp="2024-11-07T02:06:25Z" hostname="e5ea199cef81" tests="4" skipped="0" failures="0" errors="0" time="0.192">
    <testcase time="0.0550000000000068" classname="table_aet07" name="AET07_variant_1_is_produced_correctly"/>
    <testcase time="0.0489999999999924" classname="table_aet07" name="AET07_variant_1_is_produced_correctly"/>
    <testcase time="0.0460000000000065" classname="table_aet07" name="AET07_variant_2_is_produced_correctly"/>
    <testcase time="0.0420000000000016" classname="table_aet07" name="AET07_variant_2_is_produced_correctly"/>
  </testsuite>
  <testsuite name="table_aet09" timestamp="2024-11-07T02:06:25Z" hostname="e5ea199cef81" tests="4" skipped="0" failures="0" errors="0" time="1.887">
    <testcase time="0.507999999999996" classname="table_aet09" name="AET09_variant_1_is_produced_correctly_AE_related_to_study_drug"/>
    <testcase time="0.173000000000002" classname="table_aet09" name="AET09_variant_1_is_produced_correctly_AE_related_to_study_drug"/>
    <testcase time="0.915999999999997" classname="table_aet09" name="AET09_variant_2_is_produced_correctly_AE_related_to_study_drug_including_high_level_terms_"/>
    <testcase time="0.290000000000006" classname="table_aet09" name="AET09_variant_2_is_produced_correctly_AE_related_to_study_drug_including_high_level_terms_"/>
  </testsuite>
  <testsuite name="table_aet09_smq" timestamp="2024-11-07T02:06:27Z" hostname="e5ea199cef81" tests="4" skipped="0" failures="0" errors="0" time="0.481">
    <testcase time="0.11099999999999" classname="table_aet09_smq" name="AET09_variant_1_AEs_related_to_study_drug_by_SMQ_is_produced_correctly"/>
    <testcase time="0.0760000000000076" classname="table_aet09_smq" name="AET09_variant_1_AEs_related_to_study_drug_by_SMQ_is_produced_correctly"/>
    <testcase time="0.192999999999998" classname="table_aet09_smq" name="AET09_variant_2_AEs_related_to_study_drug_by_SMQ_with_customized_queries_is_produced_correctly"/>
    <testcase time="0.100999999999999" classname="table_aet09_smq" name="AET09_variant_2_AEs_related_to_study_drug_by_SMQ_with_customized_queries_is_produced_correctly"/>
  </testsuite>
  <testsuite name="table_aet10" timestamp="2024-11-07T02:06:27Z" hostname="e5ea199cef81" tests="2" skipped="0" failures="0" errors="0" time="0.158">
    <testcase time="0.0949999999999989" classname="table_aet10" name="AET10_default_variant_is_produced_correctly"/>
    <testcase time="0.0630000000000024" classname="table_aet10" name="AET10_default_variant_is_produced_correctly"/>
  </testsuite>
  <testsuite name="table_aovt01" timestamp="2024-11-07T02:06:27Z" hostname="e5ea199cef81" tests="4" skipped="0" failures="0" errors="0" time="1.137">
    <testcase time="0.337999999999994" classname="table_aovt01" name="AOVT01_variant_with_single_endpoint_is_produced_correctly"/>
    <testcase time="0.0829999999999984" classname="table_aovt01" name="AOVT01_variant_with_single_endpoint_is_produced_correctly"/>
    <testcase time="0.558000000000007" classname="table_aovt01" name="AOVT01_variant_with_multiple_endpoints_is_produced_correctly"/>
    <testcase time="0.158000000000001" classname="table_aovt01" name="AOVT01_variant_with_multiple_endpoints_is_produced_correctly"/>
  </testsuite>
  <testsuite name="table_aovt02" timestamp="2024-11-07T02:06:28Z" hostname="e5ea199cef81" tests="2" skipped="0" failures="0" errors="0" time="0.401">
    <testcase time="0.316999999999993" classname="table_aovt02" name="AOVT02_is_produced_correctly"/>
    <testcase time="0.0840000000000032" classname="table_aovt02" name="AOVT02_is_produced_correctly"/>
  </testsuite>
  <testsuite name="table_aovt03" timestamp="2024-11-07T02:06:29Z" hostname="e5ea199cef81" tests="2" skipped="0" failures="0" errors="0" time="0.868">
    <testcase time="0.685999999999993" classname="table_aovt03" name="AOVT03_is_produced_correctly"/>
    <testcase time="0.182000000000002" classname="table_aovt03" name="AOVT03_is_produced_correctly"/>
  </testsuite>
  <testsuite name="table_cfbt01" timestamp="2024-11-07T02:06:30Z" hostname="e5ea199cef81" tests="2" skipped="0" failures="0" errors="0" time="0.639">
    <testcase time="0.420000000000002" classname="table_cfbt01" name="CFBT01_default_variant_is_produced_correctly"/>
    <testcase time="0.218999999999994" classname="table_cfbt01" name="CFBT01_default_variant_is_produced_correctly"/>
  </testsuite>
  <testsuite name="table_cmht01" timestamp="2024-11-07T02:06:30Z" hostname="e5ea199cef81" tests="4" skipped="0" failures="0" errors="0" time="1.713">
    <testcase time="0.407000000000011" classname="table_cmht01" name="CMHT01_variant_1_is_produced_correctly"/>
    <testcase time="0.097999999999999" classname="table_cmht01" name="CMHT01_variant_1_is_produced_correctly"/>
    <testcase time="0.935000000000002" classname="table_cmht01" name="CMHT01_variant_2_is_produced_correctly"/>
    <testcase time="0.27300000000001" classname="table_cmht01" name="CMHT01_variant_2_is_produced_correctly"/>
  </testsuite>
  <testsuite name="table_cmt01" timestamp="2024-11-07T02:06:32Z" hostname="e5ea199cef81" tests="8" skipped="0" failures="0" errors="0" time="3.848">
    <testcase time="0.648999999999987" classname="table_cmt01" name="CMT01_default_variant_Concomitant_medications_is_produced_correctly"/>
    <testcase time="0.302000000000007" classname="table_cmt01" name="CMT01_default_variant_Concomitant_medications_is_produced_correctly"/>
    <testcase time="0.724999999999994" classname="table_cmt01" name="CMT01_variant_1_prior_medications_is_produced_correctly"/>
    <testcase time="0.337000000000003" classname="table_cmt01" name="CMT01_variant_1_prior_medications_is_produced_correctly"/>
    <testcase time="0.600000000000009" classname="table_cmt01" name="CMT01_variant_3_Concomitant_medications_is_produced_correctly"/>
    <testcase time="0.268999999999991" classname="table_cmt01" name="CMT01_variant_3_Concomitant_medications_is_produced_correctly"/>
    <testcase time="0.656000000000006" classname="table_cmt01" name="CMT01_variant_4_Concomitant_medications_is_produced_correctly"/>
    <testcase time="0.310000000000002" classname="table_cmt01" name="CMT01_variant_4_Concomitant_medications_is_produced_correctly"/>
  </testsuite>
  <testsuite name="table_cmt01a" timestamp="2024-11-07T02:06:36Z" hostname="e5ea199cef81" tests="8" skipped="0" failures="0" errors="0" time="5.559">
    <testcase time="1.21599999999999" classname="table_cmt01a" name="CMT01A_variant_1_is_produced_correctly"/>
    <testcase time="0.271000000000001" classname="table_cmt01a" name="CMT01A_variant_1_is_produced_correctly"/>
    <testcase time="1.098" classname="table_cmt01a" name="CMT01A_variant_2_is_produced_correctly"/>
    <testcase time="0.272999999999996" classname="table_cmt01a" name="CMT01A_variant_2_is_produced_correctly"/>
    <testcase time="1.09400000000001" classname="table_cmt01a" name="CMT01A_variant_3_is_produced_correctly"/>
    <testcase time="0.274999999999991" classname="table_cmt01a" name="CMT01A_variant_3_is_produced_correctly"/>
    <testcase time="1.083" classname="table_cmt01a" name="CMT01A_variant_4_is_produced_correctly"/>
    <testcase time="0.249000000000009" classname="table_cmt01a" name="CMT01A_variant_4_is_produced_correctly"/>
  </testsuite>
  <testsuite name="table_cmt01b" timestamp="2024-11-07T02:06:42Z" hostname="e5ea199cef81" tests="6" skipped="0" failures="0" errors="0" time="5.33">
    <testcase time="1.61199999999999" classname="table_cmt01b" name="CMT01B_variant_1_is_produced_correctly"/>
    <testcase time="0.588999999999999" classname="table_cmt01b" name="CMT01B_variant_1_is_produced_correctly"/>
    <testcase time="1.093" classname="table_cmt01b" name="CMT01B_variant_2_is_produced_correctly"/>
    <testcase time="0.281999999999996" classname="table_cmt01b" name="CMT01B_variant_2_is_produced_correctly"/>
    <testcase time="1.387" classname="table_cmt01b" name="CMT01B_variant_4_is_produced_correctly"/>
    <testcase time="0.367000000000004" classname="table_cmt01b" name="CMT01B_variant_4_is_produced_correctly"/>
  </testsuite>
  <testsuite name="table_cmt02_pt" timestamp="2024-11-07T02:06:47Z" hostname="e5ea199cef81" tests="2" skipped="0" failures="0" errors="0" time="0.564">
    <testcase time="0.382000000000005" classname="table_cmt02_pt" name="CMT02_PT_default_variant_is_produced_correctly"/>
    <testcase time="0.181999999999988" classname="table_cmt02_pt" name="CMT02_PT_default_variant_is_produced_correctly"/>
  </testsuite>
  <testsuite name="table_coxt01" timestamp="2024-11-07T02:06:47Z" hostname="e5ea199cef81" tests="8" skipped="0" failures="0" errors="0" time="1.701">
    <testcase time="0.26400000000001" classname="table_coxt01" name="1._Cox_Regression"/>
    <testcase time="0.0729999999999933" classname="table_coxt01" name="1._Cox_Regression"/>
    <testcase time="0.347999999999999" classname="table_coxt01" name="2._Cox_Regression_with_Interaction_Term_"/>
    <testcase time="0.0990000000000038" classname="table_coxt01" name="2._Cox_Regression_with_Interaction_Term_"/>
    <testcase time="0.352000000000004" classname="table_coxt01" name="3._Cox_Regression_specifying_covariates_"/>
    <testcase time="0.10499999999999" classname="table_coxt01" name="3._Cox_Regression_specifying_covariates_"/>
    <testcase time="0.355000000000004" classname="table_coxt01" name="4._Cox_Regression_setting_strata_ties_and_alpha_level_"/>
    <testcase time="0.105000000000004" classname="table_coxt01" name="4._Cox_Regression_setting_strata_ties_and_alpha_level_"/>
  </testsuite>
  <testsuite name="table_coxt02" timestamp="2024-11-07T02:06:49Z" hostname="e5ea199cef81" tests="4" skipped="0" failures="0" errors="0" time="0.678">
    <testcase time="0.259" classname="table_coxt02" name="COXT02_default_variant_1_is_produced_correctly"/>
    <testcase time="0.108999999999995" classname="table_coxt02" name="COXT02_default_variant_1_is_produced_correctly"/>
    <testcase time="0.231000000000009" classname="table_coxt02" name="COXT02_variant_5_is_produced_correctly"/>
    <testcase time="0.0789999999999935" classname="table_coxt02" name="COXT02_variant_5_is_produced_correctly"/>
  </testsuite>
  <testsuite name="table_disclosures" timestamp="2024-11-07T02:06:50Z" hostname="e5ea199cef81" tests="12" skipped="0" failures="0" errors="0" time="1.835">
    <testcase time="0.164000000000001" classname="table_disclosures" name="Patient_Disposition_table_is_produced_correctly"/>
    <testcase time="0.0999999999999943" classname="table_disclosures" name="Patient_Disposition_table_is_produced_correctly"/>
    <testcase time="0.191000000000003" classname="table_disclosures" name="Demographic_table_is_produced_correctly"/>
    <testcase time="0.143000000000001" classname="table_disclosures" name="Demographic_table_is_produced_correctly"/>
    <testcase time="0.0960000000000036" classname="table_disclosures" name="Enrollment_by_Country_Table_is_produced_correctly"/>
    <testcase time="0.090999999999994" classname="table_disclosures" name="Enrollment_by_Country_Table_is_produced_correctly"/>
    <testcase time="0.0739999999999981" classname="table_disclosures" name="Death_table_is_produced_correctly"/>
    <testcase time="0.0570000000000022" classname="table_disclosures" name="Death_table_is_produced_correctly"/>
    <testcase time="0.308000000000007" classname="table_disclosures" name="Table_of_Serious_Adverse_Events_is_produced_correctly_for_one_specific_treatment_arm_"/>
    <testcase time="0.0919999999999987" classname="table_disclosures" name="Table_of_Serious_Adverse_Events_is_produced_correctly_for_one_specific_treatment_arm_"/>
    <testcase time="0.394000000000005" classname="table_disclosures" name="Table_of_Non_Serious_Adverse_Events_is_produced_correctly"/>
    <testcase time="0.125" classname="table_disclosures" name="Table_of_Non_Serious_Adverse_Events_is_produced_correctly"/>
  </testsuite>
  <testsuite name="table_dmt01" timestamp="2024-11-07T02:06:52Z" hostname="e5ea199cef81" tests="10" skipped="0" failures="0" errors="0" time="2.631">
    <testcase time="1.11399999999999" classname="table_dmt01" name="DMT01_variant_1_is_produced_correctly"/>
    <testcase time="0.165999999999997" classname="table_dmt01" name="DMT01_variant_1_is_produced_correctly"/>
    <testcase time="0.201000000000008" classname="table_dmt01" name="DMT01_variant_2_is_produced_correctly"/>
    <testcase time="0.164000000000001" classname="table_dmt01" name="DMT01_variant_2_is_produced_correctly"/>
    <testcase time="0.230999999999995" classname="table_dmt01" name="DMT01_variant_3_is_produced_correctly"/>
    <testcase time="0.165999999999997" classname="table_dmt01" name="DMT01_variant_3_is_produced_correctly"/>
    <testcase time="0.169000000000011" classname="table_dmt01" name="DMT01_variant_4_is_produced_correctly"/>
    <testcase time="0.146999999999991" classname="table_dmt01" name="DMT01_variant_4_is_produced_correctly"/>
    <testcase time="0.154000000000011" classname="table_dmt01" name="DMT01_variant_5_is_produced_correctly"/>
    <testcase time="0.119" classname="table_dmt01" name="DMT01_variant_5_is_produced_correctly"/>
  </testsuite>
  <testsuite name="table_dort01" timestamp="2024-11-07T02:06:54Z" hostname="e5ea199cef81" tests="8" skipped="0" failures="0" errors="0" time="1.443">
    <testcase time="0.266999999999996" classname="table_dort01" name="DORT01_variant_1_is_produced_correctly"/>
    <testcase time="0.107000000000014" classname="table_dort01" name="DORT01_variant_1_is_produced_correctly"/>
    <testcase time="0.266999999999996" classname="table_dort01" name="DORT01_variant_2_selecting_sectons_is_produced_correctly"/>
    <testcase time="0.0969999999999942" classname="table_dort01" name="DORT01_variant_2_selecting_sectons_is_produced_correctly"/>
    <testcase time="0.242000000000004" classname="table_dort01" name="DORT01_variant_3_modifying_conftype_and_alpha_level_is_produced_correctly"/>
    <testcase time="0.122" classname="table_dort01" name="DORT01_variant_3_modifying_conftype_and_alpha_level_is_produced_correctly"/>
    <testcase time="0.242999999999995" classname="table_dort01" name="DORT01_variant_4_modifying_time_point_for_the_xx_duration_is_produced_correctly"/>
    <testcase time="0.097999999999999" classname="table_dort01" name="DORT01_variant_4_modifying_time_point_for_the_xx_duration_is_produced_correctly"/>
  </testsuite>
  <testsuite name="table_dst01" timestamp="2024-11-07T02:06:56Z" hostname="e5ea199cef81" tests="6" skipped="0" failures="0" errors="0" time="0.733">
    <testcase time="0.140000000000001" classname="table_dst01" name="DST01_default_variant_is_produced_correctly"/>
    <testcase time="0.0919999999999987" classname="table_dst01" name="DST01_default_variant_is_produced_correctly"/>
    <testcase time="0.204999999999998" classname="table_dst01" name="DST01_variants_2_and_3_are_produced_correctly"/>
    <testcase time="0.0990000000000038" classname="table_dst01" name="DST01_variants_2_and_3_are_produced_correctly"/>
    <testcase time="0.0849999999999937" classname="table_dst01" name="DST01_variants_2_and_3_are_produced_correctly"/>
    <testcase time="0.112000000000009" classname="table_dst01" name="DST01_variants_2_and_3_are_produced_correctly"/>
  </testsuite>
  <testsuite name="table_dtht01" timestamp="2024-11-07T02:06:56Z" hostname="e5ea199cef81" tests="8" skipped="0" failures="0" errors="0" time="1.14">
    <testcase time="0.122" classname="table_dtht01" name="DTHT01_variant_1_is_produced_correctly"/>
    <testcase time="0.0789999999999935" classname="table_dtht01" name="DTHT01_variant_1_is_produced_correctly"/>
    <testcase time="0.245000000000005" classname="table_dtht01" name="DTHT01_variant_2_is_produced_correctly"/>
    <testcase time="0.161999999999992" classname="table_dtht01" name="DTHT01_variant_2_is_produced_correctly"/>
    <testcase time="0.147000000000006" classname="table_dtht01" name="DTHT01_variant_3_is_produced_correctly"/>
    <testcase time="0.0960000000000036" classname="table_dtht01" name="DTHT01_variant_3_is_produced_correctly"/>
    <testcase time="0.173000000000002" classname="table_dtht01" name="DTHT01_variant_4_is_produced_correctly"/>
    <testcase time="0.116" classname="table_dtht01" name="DTHT01_variant_4_is_produced_correctly"/>
  </testsuite>
  <testsuite name="table_egt01" timestamp="2024-11-07T02:06:58Z" hostname="e5ea199cef81" tests="2" skipped="0" failures="0" errors="0" time="1.492">
    <testcase time="1.008" classname="table_egt01" name="EGT01_default_variant_is_produced_correctly"/>
    <testcase time="0.483999999999995" classname="table_egt01" name="EGT01_default_variant_is_produced_correctly"/>
  </testsuite>
  <testsuite name="table_egt02" timestamp="2024-11-07T02:06:59Z" hostname="e5ea199cef81" tests="4" skipped="0" failures="0" errors="0" time="0.563">
    <testcase time="0.265000000000001" classname="table_egt02" name="_EGT02_1._Regardless_of_Abnormality_at_Baseline"/>
    <testcase time="0.0760000000000076" classname="table_egt02" name="_EGT02_1._Regardless_of_Abnormality_at_Baseline"/>
    <testcase time="0.144999999999996" classname="table_egt02" name="_EGT02_2._Among_Subjects_Without_Abnormality_at_Baseline"/>
    <testcase time="0.0769999999999982" classname="table_egt02" name="_EGT02_2._Among_Subjects_Without_Abnormality_at_Baseline"/>
  </testsuite>
  <testsuite name="table_egt03" timestamp="2024-11-07T02:07:00Z" hostname="e5ea199cef81" tests="8" skipped="0" failures="0" errors="0" time="1.258">
    <testcase time="0.201999999999998" classname="table_egt03" name="EGT03_variant_1_is_produced_correctly"/>
    <testcase time="0.118000000000009" classname="table_egt03" name="EGT03_variant_1_is_produced_correctly"/>
    <testcase time="0.176999999999992" classname="table_egt03" name="EGT03_variant_2_is_produced_correctly"/>
    <testcase time="0.121000000000009" classname="table_egt03" name="EGT03_variant_2_is_produced_correctly"/>
    <testcase time="0.205999999999989" classname="table_egt03" name="EGT03_variant_3_is_produced_correctly"/>
    <testcase time="0.113" classname="table_egt03" name="EGT03_variant_3_is_produced_correctly"/>
    <testcase time="0.203000000000003" classname="table_egt03" name="EGT03_variant_4_is_produced_correctly"/>
    <testcase time="0.118000000000009" classname="table_egt03" name="EGT03_variant_4_is_produced_correctly"/>
  </testsuite>
  <testsuite name="table_egt04" timestamp="2024-11-07T02:07:01Z" hostname="e5ea199cef81" tests="2" skipped="0" failures="0" errors="0" time="0.256">
    <testcase time="0.168999999999997" classname="table_egt04" name="EGT04_default_variant_is_produced_correctly"/>
    <testcase time="0.0870000000000033" classname="table_egt04" name="EGT04_default_variant_is_produced_correctly"/>
  </testsuite>
  <testsuite name="table_egt05_qtcat" timestamp="2024-11-07T02:07:01Z" hostname="e5ea199cef81" tests="2" skipped="0" failures="0" errors="0" time="0.796">
    <testcase time="0.501999999999995" classname="table_egt05_qtcat" name="EGT05_QTCAT_default_variant_is_produced_correctly"/>
    <testcase time="0.293999999999997" classname="table_egt05_qtcat" name="EGT05_QTCAT_default_variant_is_produced_correctly"/>
  </testsuite>
  <testsuite name="table_ent" timestamp="2024-11-07T02:07:02Z" hostname="e5ea199cef81" tests="8" skipped="0" failures="0" errors="0" time="13.514">
    <testcase time="3.248" classname="table_ent" name="ENT01_IT_is_produced_correctly"/>
    <testcase time="0.60499999999999" classname="table_ent" name="ENT01_IT_is_produced_correctly"/>
    <testcase time="2.176" classname="table_ent" name="ENT01a_IT_is_produced_correctly"/>
    <testcase time="0.564000000000007" classname="table_ent" name="ENT01a_IT_is_produced_correctly"/>
    <testcase time="3.36799999999999" classname="table_ent" name="ENT02_IT_is_produced_correctly"/>
    <testcase time="0.596000000000004" classname="table_ent" name="ENT02_IT_is_produced_correctly"/>
    <testcase time="2.21299999999999" classname="table_ent" name="ENT02a_IT_is_produced_correctly"/>
    <testcase time="0.744" classname="table_ent" name="ENT02a_IT_is_produced_correctly"/>
  </testsuite>
  <testsuite name="table_eudrat01" timestamp="2024-11-07T02:07:15Z" hostname="e5ea199cef81" tests="2" skipped="0" failures="0" errors="0" time="0.558">
    <testcase time="0.431000000000012" classname="table_eudrat01" name="EUDRAT01_is_produced_correctly"/>
    <testcase time="0.126999999999981" classname="table_eudrat01" name="EUDRAT01_is_produced_correctly"/>
  </testsuite>
  <testsuite name="table_eudrat02" timestamp="2024-11-07T02:07:16Z" hostname="e5ea199cef81" tests="2" skipped="0" failures="0" errors="0" time="0.429">
    <testcase time="0.332000000000022" classname="table_eudrat02" name="EUDRAT02_is_produced_correctly"/>
    <testcase time="0.09699999999998" classname="table_eudrat02" name="EUDRAT02_is_produced_correctly"/>
  </testsuite>
  <testsuite name="table_ext01" timestamp="2024-11-07T02:07:16Z" hostname="e5ea199cef81" tests="6" skipped="0" failures="0" errors="0" time="1.447">
    <testcase time="0.324000000000012" classname="table_ext01" name="EXT01_default_variant_with_numeric_parameters_is_produced_correctly"/>
    <testcase time="0.183999999999997" classname="table_ext01" name="EXT01_default_variant_with_numeric_parameters_is_produced_correctly"/>
    <testcase time="0.236999999999995" classname="table_ext01" name="EXT01_variant_with_both_numeric_and_categorical_parameters"/>
    <testcase time="0.179000000000002" classname="table_ext01" name="EXT01_variant_with_both_numeric_and_categorical_parameters"/>
    <testcase time="0.299000000000007" classname="table_ext01" name="EXT01_variant_with_user_specified_categories_for_missed_doses"/>
    <testcase time="0.22399999999999" classname="table_ext01" name="EXT01_variant_with_user_specified_categories_for_missed_doses"/>
  </testsuite>
  <testsuite name="table_lbt01" timestamp="2024-11-07T02:07:18Z" hostname="e5ea199cef81" tests="2" skipped="0" failures="0" errors="0" time="1.886">
    <testcase time="1.43000000000001" classname="table_lbt01" name="LBT01_default_variant_is_produced_correctly"/>
    <testcase time="0.455999999999989" classname="table_lbt01" name="LBT01_default_variant_is_produced_correctly"/>
  </testsuite>
  <testsuite name="table_lbt02" timestamp="2024-11-07T02:07:20Z" hostname="e5ea199cef81" tests="2" skipped="0" failures="0" errors="0" time="1.271">
    <testcase time="0.788000000000011" classname="table_lbt02" name="LBT02_default_variant_is_produced_correctly"/>
    <testcase time="0.483000000000004" classname="table_lbt02" name="LBT02_default_variant_is_produced_correctly"/>
  </testsuite>
  <testsuite name="table_lbt03" timestamp="2024-11-07T02:07:21Z" hostname="e5ea199cef81" tests="2" skipped="0" failures="1" errors="0" time="0.316">
    <testcase time="0.146999999999991" classname="table_lbt03" name="LBT03_default_variant_is_produced_correctly"/>
    <testcase time="0.168999999999983" classname="table_lbt03" name="LBT03_default_variant_is_produced_correctly">
      <failure type="failure" message="Snapshot of code has changed: ('test-table_lbt03.R:29:3')">Snapshot of code has changed:
old[5:14] vs new[5:14]
                      (N=86)              (N=84)                (N=84)       
    —————————————————————————————————————————————————————————————————————————
    Baseline                                                                 
-     n                 0                   0                      0         
+     n                 86                  84                    82         
-     Mean (SD)         NA                  NA                    NA         
+     Mean (SD)    17.57 (9.22)       19.20 (10.05)          17.96 (8.72)    
-     Median            NA                  NA                    NA         
+     Median          15.00               16.00                  17.00       
-     Min - Max         NA                  NA                    NA         
+     Min - Max    7.00 - 69.00        6.00 - 64.00          5.00 - 70.00    
    Week 2                                                                   
      n                 83                  78                    80         
      Mean (SD)    0.29 (7.80)         1.72 (6.85)            2.78 (7.03)    

* Run `testthat::snapshot_accept('table_lbt03')` to accept the change.
* Run `testthat::snapshot_review('table_lbt03')` to interactively review the change.</failure>
    </testcase>
  </testsuite>
  <testsuite name="table_lbt04" timestamp="2024-11-07T02:07:22Z" hostname="e5ea199cef81" tests="2" skipped="0" failures="0" errors="0" time="1.233">
    <testcase time="1.04100000000003" classname="table_lbt04" name="LBT04_default_variant_is_produced_correctly"/>
    <testcase time="0.191999999999979" classname="table_lbt04" name="LBT04_default_variant_is_produced_correctly"/>
  </testsuite>
  <testsuite name="table_lbt05" timestamp="2024-11-07T02:07:23Z" hostname="e5ea199cef81" tests="6" skipped="0" failures="0" errors="0" time="6.447">
    <testcase time="2.08000000000001" classname="table_lbt05" name="LBT05_variant_1_is_produced_correctly"/>
    <testcase time="0.389999999999986" classname="table_lbt05" name="LBT05_variant_1_is_produced_correctly"/>
    <testcase time="1.40700000000001" classname="table_lbt05" name="LBT05_variant_2_is_produced_correctly"/>
    <testcase time="0.494" classname="table_lbt05" name="LBT05_variant_2_is_produced_correctly"/>
    <testcase time="1.71600000000001" classname="table_lbt05" name="LBT05_variant_4_is_produced_correctly"/>
    <testcase time="0.359999999999985" classname="table_lbt05" name="LBT05_variant_4_is_produced_correctly"/>
  </testsuite>
  <testsuite name="table_lbt06" timestamp="2024-11-07T02:07:29Z" hostname="e5ea199cef81" tests="2" skipped="0" failures="0" errors="0" time="0.497">
    <testcase time="0.325000000000017" classname="table_lbt06" name="LBT06_default_variant_is_produced_correctly"/>
    <testcase time="0.171999999999997" classname="table_lbt06" name="LBT06_default_variant_is_produced_correctly"/>
  </testsuite>
  <testsuite name="table_lbt07" timestamp="2024-11-07T02:07:30Z" hostname="e5ea199cef81" tests="2" skipped="0" failures="0" errors="0" time="2.329">
    <testcase time="2.02500000000001" classname="table_lbt07" name="LBT07_is_produced_correctly"/>
    <testcase time="0.303999999999974" classname="table_lbt07" name="LBT07_is_produced_correctly"/>
  </testsuite>
  <testsuite name="table_lbt08" timestamp="2024-11-07T02:07:32Z" hostname="e5ea199cef81" tests="2" skipped="0" failures="0" errors="0" time="0.372">
    <testcase time="0.259000000000015" classname="table_lbt08" name="LBT08_produce_correctly"/>
    <testcase time="0.113" classname="table_lbt08" name="LBT08_produce_correctly"/>
  </testsuite>
  <testsuite name="table_lbt09" timestamp="2024-11-07T02:07:32Z" hostname="e5ea199cef81" tests="4" skipped="0" failures="0" errors="0" time="0.966">
    <testcase time="0.337999999999994" classname="table_lbt09" name="LBT09_variant_1_works_as_expected"/>
    <testcase time="0.170999999999992" classname="table_lbt09" name="LBT09_variant_1_works_as_expected"/>
    <testcase time="0.289000000000016" classname="table_lbt09" name="LBT09_variant_2_works_as_expected"/>
    <testcase time="0.168000000000006" classname="table_lbt09" name="LBT09_variant_2_works_as_expected"/>
  </testsuite>
  <testsuite name="table_lbt10" timestamp="2024-11-07T02:07:33Z" hostname="e5ea199cef81" tests="4" skipped="0" failures="0" errors="0" time="1.214">
    <testcase time="0.687999999999988" classname="table_lbt10" name="LBT10_variant_1_works_as_expected"/>
    <testcase time="0.0699999999999932" classname="table_lbt10" name="LBT10_variant_1_works_as_expected"/>
    <testcase time="0.393000000000001" classname="table_lbt10" name="LBT10_variant_2_works_as_expected"/>
    <testcase time="0.0630000000000166" classname="table_lbt10" name="LBT10_variant_2_works_as_expected"/>
  </testsuite>
  <testsuite name="table_lbt10_bl" timestamp="2024-11-07T02:07:34Z" hostname="e5ea199cef81" tests="4" skipped="0" failures="0" errors="0" time="0.498">
    <testcase time="0.239000000000004" classname="table_lbt10_bl" name="LBT10_BL_variant_1_works_as_expected"/>
    <testcase time="0.0739999999999839" classname="table_lbt10_bl" name="LBT10_BL_variant_1_works_as_expected"/>
    <testcase time="0.125" classname="table_lbt10_bl" name="LBT10_BL_variant_2_works_as_expected"/>
    <testcase time="0.0600000000000023" classname="table_lbt10_bl" name="LBT10_BL_variant_2_works_as_expected"/>
  </testsuite>
  <testsuite name="table_lbt11" timestamp="2024-11-07T02:07:35Z" hostname="e5ea199cef81" tests="6" skipped="0" failures="0" errors="0" time="0.988">
    <testcase time="0.193000000000012" classname="table_lbt11" name="LBT11_variant_1_works_as_expected"/>
    <testcase time="0.113" classname="table_lbt11" name="LBT11_variant_1_works_as_expected"/>
    <testcase time="0.0829999999999984" classname="table_lbt11" name="LBT11_variant_2_works_as_expected"/>
    <testcase time="0.0809999999999889" classname="table_lbt11" name="LBT11_variant_2_works_as_expected"/>
    <testcase time="0.402000000000015" classname="table_lbt11" name="LBT11_variant_3_works_as_expected"/>
    <testcase time="0.115999999999985" classname="table_lbt11" name="LBT11_variant_3_works_as_expected"/>
  </testsuite>
  <testsuite name="table_lbt11_bl" timestamp="2024-11-07T02:07:36Z" hostname="e5ea199cef81" tests="6" skipped="0" failures="0" errors="0" time="0.768">
    <testcase time="0.180000000000007" classname="table_lbt11_bl" name="LBT11_BL_variant_1_works_as_expected"/>
    <testcase time="0.100999999999999" classname="table_lbt11_bl" name="LBT11_BL_variant_1_works_as_expected"/>
    <testcase time="0.0970000000000084" classname="table_lbt11_bl" name="LBT11_BL_variant_2_works_as_expected"/>
    <testcase time="0.0869999999999891" classname="table_lbt11_bl" name="LBT11_BL_variant_2_works_as_expected"/>
    <testcase time="0.183999999999997" classname="table_lbt11_bl" name="LBT11_BL_variant_3_works_as_expected"/>
    <testcase time="0.119" classname="table_lbt11_bl" name="LBT11_BL_variant_3_works_as_expected"/>
  </testsuite>
  <testsuite name="table_lbt12" timestamp="2024-11-07T02:07:37Z" hostname="e5ea199cef81" tests="2" skipped="0" failures="0" errors="0" time="0.362">
    <testcase time="0.277999999999992" classname="table_lbt12" name="LBT12_works_as_expected"/>
    <testcase time="0.0840000000000032" classname="table_lbt12" name="LBT12_works_as_expected"/>
  </testsuite>
  <testsuite name="table_lbt12_bl" timestamp="2024-11-07T02:07:37Z" hostname="e5ea199cef81" tests="2" skipped="0" failures="0" errors="0" time="0.353">
    <testcase time="0.27000000000001" classname="table_lbt12_bl" name="LBT12_BL_works_as_expected"/>
    <testcase time="0.0829999999999984" classname="table_lbt12_bl" name="LBT12_BL_works_as_expected"/>
  </testsuite>
  <testsuite name="table_lbt13" timestamp="2024-11-07T02:07:38Z" hostname="e5ea199cef81" tests="10" skipped="0" failures="0" errors="0" time="2.168">
    <testcase time="0.758999999999986" classname="table_lbt13" name="LBT13_variant_1_LOW_works_as_expected"/>
    <testcase time="0.0840000000000032" classname="table_lbt13" name="LBT13_variant_1_LOW_works_as_expected"/>
    <testcase time="0.140000000000015" classname="table_lbt13" name="LBT13_variant_2_HIGH_works_as_expected"/>
    <testcase time="0.0629999999999882" classname="table_lbt13" name="LBT13_variant_2_HIGH_works_as_expected"/>
    <testcase time="0.228000000000009" classname="table_lbt13" name="LBT13_variant_3_LOW_without_baseline_missing_works_as_expected"/>
    <testcase time="0.0859999999999843" classname="table_lbt13" name="LBT13_variant_3_LOW_without_baseline_missing_works_as_expected"/>
    <testcase time="0.14100000000002" classname="table_lbt13" name="LBT13_variant_4_HIGH_with_missing_baseline_considered_as_grade_0_works_as_expected"/>
    <testcase time="0.0629999999999882" classname="table_lbt13" name="LBT13_variant_4_HIGH_with_missing_baseline_considered_as_grade_0_works_as_expected"/>
    <testcase time="0.39100000000002" classname="table_lbt13" name="LBT14_variant_5_HIGH_with_filled_in_grades_works_as_expected"/>
    <testcase time="0.212999999999994" classname="table_lbt13" name="LBT14_variant_5_HIGH_with_filled_in_grades_works_as_expected"/>
  </testsuite>
  <testsuite name="table_lbt14" timestamp="2024-11-07T02:07:40Z" hostname="e5ea199cef81" tests="10" skipped="0" failures="0" errors="0" time="27.835">
    <testcase time="5.48699999999999" classname="table_lbt14" name="LBT14_variant_1_HIGH_works_as_expected"/>
    <testcase time="0.466999999999985" classname="table_lbt14" name="LBT14_variant_1_HIGH_works_as_expected"/>
    <testcase time="4.94900000000001" classname="table_lbt14" name="LBT14_variant_2_LOW_works_as_expected"/>
    <testcase time="0.330000000000013" classname="table_lbt14" name="LBT14_variant_2_LOW_works_as_expected"/>
    <testcase time="3.26399999999998" classname="table_lbt14" name="LBT14_variant_3_LOW_without_baseline_missing_works_as_expected"/>
    <testcase time="0.40300000000002" classname="table_lbt14" name="LBT14_variant_3_LOW_without_baseline_missing_works_as_expected"/>
    <testcase time="4.87899999999999" classname="table_lbt14" name="LBT14_variant_4_LOW_and_force_1_missing_both_baseline_and_post_baseline_then_force_the_missing_baseline_as_0_as_expected"/>
    <testcase time="0.274000000000001" classname="table_lbt14" name="LBT14_variant_4_LOW_and_force_1_missing_both_baseline_and_post_baseline_then_force_the_missing_baseline_as_0_as_expected"/>
    <testcase time="5.19999999999999" classname="table_lbt14" name="LBT14_variant_5_HIGH_with_fillings_works_as_expected"/>
    <testcase time="2.58199999999999" classname="table_lbt14" name="LBT14_variant_5_HIGH_with_fillings_works_as_expected"/>
  </testsuite>
  <testsuite name="table_lbt15" timestamp="2024-11-07T02:08:07Z" hostname="e5ea199cef81" tests="4" skipped="0" failures="0" errors="0" time="1.462">
    <testcase time="0.595000000000027" classname="table_lbt15" name="LBT15_variant_1_works_as_expected"/>
    <testcase time="0.175999999999988" classname="table_lbt15" name="LBT15_variant_1_works_as_expected"/>
    <testcase time="0.503999999999991" classname="table_lbt15" name="LBT15_variant_2_works_as_expected"/>
    <testcase time="0.187000000000012" classname="table_lbt15" name="LBT15_variant_2_works_as_expected"/>
  </testsuite>
  <testsuite name="table_lgrt02" timestamp="2024-11-07T02:08:09Z" hostname="e5ea199cef81" tests="8" skipped="0" failures="0" errors="0" time="2.748">
    <testcase time="0.5" classname="table_lgrt02" name="LGRT02_without_interaction_term_is_produced_correctly"/>
    <testcase time="0.147999999999996" classname="table_lgrt02" name="LGRT02_without_interaction_term_is_produced_correctly"/>
    <testcase time="0.566000000000003" classname="table_lgrt02" name="LGRT02_with_categorical_interaction_is_produced_correctly"/>
    <testcase time="0.170999999999992" classname="table_lgrt02" name="LGRT02_with_categorical_interaction_is_produced_correctly"/>
    <testcase time="0.548000000000002" classname="table_lgrt02" name="LGRT02_with_continuous_interaction_is_produced_correctly"/>
    <testcase time="0.170999999999992" classname="table_lgrt02" name="LGRT02_with_continuous_interaction_is_produced_correctly"/>
    <testcase time="0.493000000000023" classname="table_lgrt02" name="LGRT02_with_setting_values_indicating_an_event_and_custom_alpha_level_is_produced_correctly"/>
    <testcase time="0.150999999999982" classname="table_lgrt02" name="LGRT02_with_setting_values_indicating_an_event_and_custom_alpha_level_is_produced_correctly"/>
  </testsuite>
  <testsuite name="table_mht01" timestamp="2024-11-07T02:08:12Z" hostname="e5ea199cef81" tests="8" skipped="0" failures="0" errors="0" time="1.493">
    <testcase time="0.317000000000007" classname="table_mht01" name="MHT01_variant_1_is_produced_accurately"/>
    <testcase time="0.13300000000001" classname="table_mht01" name="MHT01_variant_1_is_produced_accurately"/>
    <testcase time="0.111999999999995" classname="table_mht01" name="MHT01_variant_2_is_produced_accurately"/>
    <testcase time="0.0679999999999836" classname="table_mht01" name="MHT01_variant_2_is_produced_accurately"/>
    <testcase time="0.251000000000005" classname="table_mht01" name="MHT01_variant_3_is_produced_accurately"/>
    <testcase time="0.129000000000019" classname="table_mht01" name="MHT01_variant_3_is_produced_accurately"/>
    <testcase time="0.324999999999989" classname="table_mht01" name="MHT01_variant_5_is_produced_accurately"/>
    <testcase time="0.157999999999987" classname="table_mht01" name="MHT01_variant_5_is_produced_accurately"/>
  </testsuite>
  <testsuite name="table_onct05" timestamp="2024-11-07T02:08:13Z" hostname="e5ea199cef81" tests="8" skipped="0" failures="0" errors="0" time="2.002">
    <testcase time="0.442000000000007" classname="table_onct05" name="ONCT05_variant_1_Objective_Response_Rate_by_Subgroup_is_produced_correctly"/>
    <testcase time="0.125" classname="table_onct05" name="ONCT05_variant_1_Objective_Response_Rate_by_Subgroup_is_produced_correctly"/>
    <testcase time="0.468999999999994" classname="table_onct05" name="ONCT05_variant_2_Specifying_class_variables_is_produced_correctly"/>
    <testcase time="0.115000000000009" classname="table_onct05" name="ONCT05_variant_2_Specifying_class_variables_is_produced_correctly"/>
    <testcase time="0.210000000000008" classname="table_onct05" name="ONCT05_variant_3_selecting_columns_and_changing_the_alpha_level_is_produced_correctly"/>
    <testcase time="0.0989999999999895" classname="table_onct05" name="ONCT05_variant_3_selecting_columns_and_changing_the_alpha_level_is_produced_correctly"/>
    <testcase time="0.432000000000016" classname="table_onct05" name="ONCT05_variant_4_setting_values_indicating_response_is_produced_correctly"/>
    <testcase time="0.109999999999985" classname="table_onct05" name="ONCT05_variant_4_setting_values_indicating_response_is_produced_correctly"/>
  </testsuite>
  <testsuite name="table_pdt01" timestamp="2024-11-07T02:08:15Z" hostname="e5ea199cef81" tests="2" skipped="0" failures="0" errors="0" time="0.404">
    <testcase time="0.251000000000005" classname="table_pdt01" name="PDT01_is_produced_correctly"/>
    <testcase time="0.152999999999992" classname="table_pdt01" name="PDT01_is_produced_correctly"/>
  </testsuite>
  <testsuite name="table_pdt02" timestamp="2024-11-07T02:08:15Z" hostname="e5ea199cef81" tests="2" skipped="0" failures="0" errors="0" time="0.251">
    <testcase time="0.176999999999992" classname="table_pdt02" name="PDT02_is_produced_correctly"/>
    <testcase time="0.0740000000000123" classname="table_pdt02" name="PDT02_is_produced_correctly"/>
  </testsuite>
  <testsuite name="table_pkct01" timestamp="2024-11-07T02:08:16Z" hostname="e5ea199cef81" tests="10" skipped="0" failures="0" errors="0" time="3.121">
    <testcase time="0.266999999999996" classname="table_pkct01" name="PKCT01_is_produced_correctly"/>
    <testcase time="0.0999999999999943" classname="table_pkct01" name="PKCT01_is_produced_correctly"/>
    <testcase time="0.118000000000023" classname="table_pkct01" name="PKCT01_is_produced_correctly"/>
    <testcase time="0.0549999999999784" classname="table_pkct01" name="PKCT01_is_produced_correctly"/>
    <testcase time="0.885000000000019" classname="table_pkct01" name="Specific_PKCT01_features_are_present"/>
    <testcase time="0.220999999999975" classname="table_pkct01" name="Specific_PKCT01_features_are_present"/>
    <testcase time="0.227000000000004" classname="table_pkct01" name="Specific_PKCT01_features_are_present"/>
    <testcase time="0.00300000000001432" classname="table_pkct01" name="Specific_PKCT01_features_are_present"/>
    <testcase time="0.699999999999989" classname="table_pkct01" name="Specific_PKCT01_features_are_present"/>
    <testcase time="0.545000000000016" classname="table_pkct01" name="Specific_PKCT01_features_are_present"/>
  </testsuite>
  <testsuite name="table_pkpt02" timestamp="2024-11-07T02:08:19Z" hostname="e5ea199cef81" tests="2" skipped="0" failures="0" errors="0" time="0.542">
    <testcase time="0.313999999999993" classname="table_pkpt02" name="PKPT02_is_produced_correctly_for_Drug_X"/>
    <testcase time="0.228000000000009" classname="table_pkpt02" name="PKPT02_is_produced_correctly_for_Drug_X"/>
  </testsuite>
  <testsuite name="table_pkpt03" timestamp="2024-11-07T02:08:19Z" hostname="e5ea199cef81" tests="2" skipped="0" failures="0" errors="0" time="1.112">
    <testcase time="0.913999999999987" classname="table_pkpt03" name="PKPT03_Drug_X_is_produced_correctly"/>
    <testcase time="0.198000000000008" classname="table_pkpt03" name="PKPT03_Drug_X_is_produced_correctly"/>
  </testsuite>
  <testsuite name="table_pkpt04" timestamp="2024-11-07T02:08:20Z" hostname="e5ea199cef81" tests="2" skipped="0" failures="0" errors="0" time="0.199">
    <testcase time="0.0960000000000036" classname="table_pkpt04" name="PKPT04_is_produced_correctly_for_Drug_X"/>
    <testcase time="0.10299999999998" classname="table_pkpt04" name="PKPT04_is_produced_correctly_for_Drug_X"/>
  </testsuite>
  <testsuite name="table_pkpt05" timestamp="2024-11-07T02:08:21Z" hostname="e5ea199cef81" tests="2" skipped="0" failures="0" errors="0" time="0.413">
    <testcase time="0.283000000000015" classname="table_pkpt05" name="PKPT05_Drug_X_is_produced_correctly"/>
    <testcase time="0.129999999999995" classname="table_pkpt05" name="PKPT05_Drug_X_is_produced_correctly"/>
  </testsuite>
  <testsuite name="table_pkpt06" timestamp="2024-11-07T02:08:21Z" hostname="e5ea199cef81" tests="4" skipped="0" failures="0" errors="0" time="0.272">
    <testcase time="0.0840000000000032" classname="table_pkpt06" name="PKPT06_is_produced_correctly_for_Drug_X"/>
    <testcase time="0.063999999999993" classname="table_pkpt06" name="PKPT06_is_produced_correctly_for_Drug_X"/>
    <testcase time="0.0670000000000073" classname="table_pkpt06" name="PKPT06_is_produced_correctly_for_Drug_Y"/>
    <testcase time="0.0569999999999879" classname="table_pkpt06" name="PKPT06_is_produced_correctly_for_Drug_Y"/>
  </testsuite>
  <testsuite name="table_pkpt07" timestamp="2024-11-07T02:08:21Z" hostname="e5ea199cef81" tests="4" skipped="0" failures="0" errors="0" time="0.532">
    <testcase time="0.218999999999994" classname="table_pkpt07" name="PKPT07_Drug_X_is_produced_correctly"/>
    <testcase time="0.0950000000000273" classname="table_pkpt07" name="PKPT07_Drug_X_is_produced_correctly"/>
    <testcase time="0.132999999999981" classname="table_pkpt07" name="PKPT07_Drug_Y_is_produced_correctly"/>
    <testcase time="0.085000000000008" classname="table_pkpt07" name="PKPT07_Drug_Y_is_produced_correctly"/>
  </testsuite>
  <testsuite name="table_ratet01" timestamp="2024-11-07T02:08:22Z" hostname="e5ea199cef81" tests="2" skipped="0" failures="0" errors="0" time="0.698">
    <testcase time="0.562999999999988" classname="table_ratet01" name="RATET01_is_produced_correctly"/>
    <testcase time="0.135000000000019" classname="table_ratet01" name="RATET01_is_produced_correctly"/>
  </testsuite>
  <testsuite name="table_rmpt01" timestamp="2024-11-07T02:08:23Z" hostname="e5ea199cef81" tests="2" skipped="0" failures="0" errors="0" time="0.193">
    <testcase time="0.134999999999991" classname="table_rmpt01" name="RMPT01_is_produced_correctly"/>
    <testcase time="0.0579999999999927" classname="table_rmpt01" name="RMPT01_is_produced_correctly"/>
  </testsuite>
  <testsuite name="table_rmpt03" timestamp="2024-11-07T02:08:23Z" hostname="e5ea199cef81" tests="4" skipped="0" failures="0" errors="0" time="0.563">
    <testcase time="0.213999999999999" classname="table_rmpt03" name="RMPT03_variant_1_is_produced_correctly"/>
    <testcase time="0.100999999999999" classname="table_rmpt03" name="RMPT03_variant_1_is_produced_correctly"/>
    <testcase time="0.144000000000005" classname="table_rmpt03" name="RMPT03_variant_2_is_produced_correctly"/>
    <testcase time="0.104000000000013" classname="table_rmpt03" name="RMPT03_variant_2_is_produced_correctly"/>
  </testsuite>
  <testsuite name="table_rmpt04" timestamp="2024-11-07T02:08:23Z" hostname="e5ea199cef81" tests="2" skipped="0" failures="0" errors="0" time="0.203">
    <testcase time="0.126999999999981" classname="table_rmpt04" name="RMPT04_variant_1_is_produced_correctly"/>
    <testcase time="0.0760000000000218" classname="table_rmpt04" name="RMPT04_variant_1_is_produced_correctly"/>
  </testsuite>
  <testsuite name="table_rmpt05" timestamp="2024-11-07T02:08:24Z" hostname="e5ea199cef81" tests="2" skipped="0" failures="0" errors="0" time="0.23">
    <testcase time="0.143000000000001" classname="table_rmpt05" name="RMPT05_is_produced_correctly"/>
    <testcase time="0.0869999999999891" classname="table_rmpt05" name="RMPT05_is_produced_correctly"/>
  </testsuite>
  <testsuite name="table_rmpt06" timestamp="2024-11-07T02:08:24Z" hostname="e5ea199cef81" tests="8" skipped="0" failures="0" errors="0" time="1.582">
    <testcase time="0.302999999999997" classname="table_rmpt06" name="RMPT06_variant_1_is_produced_correctly"/>
    <testcase time="0.12299999999999" classname="table_rmpt06" name="RMPT06_variant_1_is_produced_correctly"/>
    <testcase time="0.210000000000008" classname="table_rmpt06" name="RMPT06_variant_2_is_produced_correctly"/>
    <testcase time="0.0809999999999889" classname="table_rmpt06" name="RMPT06_variant_2_is_produced_correctly"/>
    <testcase time="0.288000000000011" classname="table_rmpt06" name="RMPT06_variant_3_is_produced_correctly"/>
    <testcase time="0.129999999999995" classname="table_rmpt06" name="RMPT06_variant_3_is_produced_correctly"/>
    <testcase time="0.312000000000012" classname="table_rmpt06" name="RMPT06_variant_4_is_produced_correctly"/>
    <testcase time="0.134999999999991" classname="table_rmpt06" name="RMPT06_variant_4_is_produced_correctly"/>
  </testsuite>
  <testsuite name="table_rspt01" timestamp="2024-11-07T02:08:25Z" hostname="e5ea199cef81" tests="12" skipped="0" failures="0" errors="0" time="2.399">
    <testcase time="0.271999999999991" classname="table_rspt01" name="RSPT01_1._Best_Overall_Response"/>
    <testcase time="0.128000000000014" classname="table_rspt01" name="RSPT01_1._Best_Overall_Response"/>
    <testcase time="0.244" classname="table_rspt01" name="RSPT01_2._Best_Overall_Response_selecting_sections_to_display_"/>
    <testcase time="0.10499999999999" classname="table_rspt01" name="RSPT01_2._Best_Overall_Response_selecting_sections_to_display_"/>
    <testcase time="0.326999999999998" classname="table_rspt01" name="RSPT01_3._Best_Overall_Response_modifying_settings_"/>
    <testcase time="0.106999999999999" classname="table_rspt01" name="RSPT01_3._Best_Overall_Response_modifying_settings_"/>
    <testcase time="0.362000000000023" classname="table_rspt01" name="RSPT01_4._Best_Overall_Response_with_stratified_analysis_"/>
    <testcase time="0.143999999999977" classname="table_rspt01" name="RSPT01_4._Best_Overall_Response_with_stratified_analysis_"/>
    <testcase time="0.27200000000002" classname="table_rspt01" name="RSPT01_5._Best_Overall_Response_modifying_the_definition_of_overall_response_"/>
    <testcase time="0.10899999999998" classname="table_rspt01" name="RSPT01_5._Best_Overall_Response_modifying_the_definition_of_overall_response_"/>
    <testcase time="0.215000000000003" classname="table_rspt01" name="RSPT01_6._Best_Overall_Response_define_new_sections_to_display_"/>
    <testcase time="0.114000000000004" classname="table_rspt01" name="RSPT01_6._Best_Overall_Response_define_new_sections_to_display_"/>
  </testsuite>
  <testsuite name="table_ttet01" timestamp="2024-11-07T02:08:28Z" hostname="e5ea199cef81" tests="14" skipped="0" failures="0" errors="0" time="3.61">
    <testcase time="0.426000000000016" classname="table_ttet01" name="TTET01_default_variant_is_produced_correctly"/>
    <testcase time="0.178999999999974" classname="table_ttet01" name="TTET01_default_variant_is_produced_correctly"/>
    <testcase time="0.38900000000001" classname="table_ttet01" name="TTET01_default_variant_with_Placebo_arm"/>
    <testcase time="0.182999999999993" classname="table_ttet01" name="TTET01_default_variant_with_Placebo_arm"/>
    <testcase time="0.213000000000022" classname="table_ttet01" name="TTET01_variant_2_selecting_sections_to_display"/>
    <testcase time="0.134999999999991" classname="table_ttet01" name="TTET01_variant_2_selecting_sections_to_display"/>
    <testcase time="0.294999999999987" classname="table_ttet01" name="TTET01_variant_3_modifying_analysis_details_like_conftype_ties_alpha_level"/>
    <testcase time="0.391999999999996" classname="table_ttet01" name="TTET01_variant_3_modifying_analysis_details_like_conftype_ties_alpha_level"/>
    <testcase time="0.326000000000022" classname="table_ttet01" name="TTET01_variant_4_with_stratified_analysis"/>
    <testcase time="0.152999999999992" classname="table_ttet01" name="TTET01_variant_4_with_stratified_analysis"/>
    <testcase time="0.276999999999987" classname="table_ttet01" name="TTET01_variant_5_modifying_time_point"/>
    <testcase time="0.13900000000001" classname="table_ttet01" name="TTET01_variant_5_modifying_time_point"/>
    <testcase time="0.364000000000004" classname="table_ttet01" name="TTET01_variant_6_requesting_more_than_one_p_value"/>
    <testcase time="0.13900000000001" classname="table_ttet01" name="TTET01_variant_6_requesting_more_than_one_p_value"/>
  </testsuite>
  <testsuite name="table_vst01" timestamp="2024-11-07T02:08:32Z" hostname="e5ea199cef81" tests="2" skipped="0" failures="0" errors="0" time="0.971">
    <testcase time="0.679999999999978" classname="table_vst01" name="VST01_default_variant_is_produced_correctly"/>
    <testcase time="0.290999999999997" classname="table_vst01" name="VST01_default_variant_is_produced_correctly"/>
  </testsuite>
  <testsuite name="table_vst02" timestamp="2024-11-07T02:08:32Z" hostname="e5ea199cef81" tests="4" skipped="0" failures="0" errors="0" time="0.873">
    <testcase time="0.355000000000018" classname="table_vst02" name="1._Vital_Sign_Abnormalities_Regardless_of_Abnormality_at_Baseline_VST02_1_"/>
    <testcase time="0.123999999999995" classname="table_vst02" name="1._Vital_Sign_Abnormalities_Regardless_of_Abnormality_at_Baseline_VST02_1_"/>
    <testcase time="0.266999999999996" classname="table_vst02" name="2._Vital_Sign_Abnormalities_Among_Subject_Without_Abnormality_at_Baseline_VST02_2_"/>
    <testcase time="0.12700000000001" classname="table_vst02" name="2._Vital_Sign_Abnormalities_Among_Subject_Without_Abnormality_at_Baseline_VST02_2_"/>
  </testsuite>
</testsuites>
