<?xml version="1.0" encoding="UTF-8"?>
<testsuites>
  <testsuite name="listing_adal02" timestamp="2024-11-07T02:38:50Z" hostname="5b802118a443" tests="1" skipped="0" failures="0" errors="0" time="0.238">
    <testcase time="0.238" classname="listing_adal02" name="ADAL02_listing_is_produced_correctly"/>
  </testsuite>
  <testsuite name="listing_ael01" timestamp="2024-11-07T02:38:50Z" hostname="5b802118a443" tests="1" skipped="0" failures="0" errors="0" time="0.192">
    <testcase time="0.192" classname="listing_ael01" name="AEL01_listing_is_produced_correctly"/>
  </testsuite>
  <testsuite name="listing_ael01_nollt" timestamp="2024-11-07T02:38:50Z" hostname="5b802118a443" tests="1" skipped="0" failures="0" errors="0" time="0.071">
    <testcase time="0.0709999999999997" classname="listing_ael01_nollt" name="AEL01_NOLLT_listing_is_produced_correctly"/>
  </testsuite>
  <testsuite name="listing_ael02" timestamp="2024-11-07T02:38:50Z" hostname="5b802118a443" tests="1" skipped="0" failures="0" errors="0" time="0.285">
    <testcase time="0.285" classname="listing_ael02" name="AEL02_listing_is_produced_correctly"/>
  </testsuite>
  <testsuite name="listing_ael02_ed" timestamp="2024-11-07T02:38:51Z" hostname="5b802118a443" tests="1" skipped="0" failures="0" errors="0" time="0.328">
    <testcase time="0.327999999999999" classname="listing_ael02_ed" name="AEL02_ED_listing_is_produced_correctly"/>
  </testsuite>
  <testsuite name="listing_ael03" timestamp="2024-11-07T02:38:51Z" hostname="5b802118a443" tests="1" skipped="0" failures="0" errors="0" time="0.27">
    <testcase time="0.27" classname="listing_ael03" name="AEL03_listing_is_produced_correctly"/>
  </testsuite>
  <testsuite name="listing_ael04" timestamp="2024-11-07T02:38:51Z" hostname="5b802118a443" tests="1" skipped="0" failures="0" errors="0" time="0.213">
    <testcase time="0.213000000000001" classname="listing_ael04" name="AEL04_listing_is_produced_correctly"/>
  </testsuite>
  <testsuite name="listing_cml01" timestamp="2024-11-07T02:38:51Z" hostname="5b802118a443" tests="1" skipped="0" failures="0" errors="0" time="0.33">
    <testcase time="0.33" classname="listing_cml01" name="CML01_listing_is_produced_correctly"/>
  </testsuite>
  <testsuite name="listing_cml02a_gl" timestamp="2024-11-07T02:38:52Z" hostname="5b802118a443" tests="1" skipped="0" failures="0" errors="0" time="0.113">
    <testcase time="0.113" classname="listing_cml02a_gl" name="CML02A_GL_listing_is_produced_correctly"/>
  </testsuite>
  <testsuite name="listing_cml02b_gl" timestamp="2024-11-07T02:38:52Z" hostname="5b802118a443" tests="1" skipped="0" failures="0" errors="0" time="0.164">
    <testcase time="0.164" classname="listing_cml02b_gl" name="CML02B_GL_listing_is_produced_correctly"/>
  </testsuite>
  <testsuite name="listing_dsl01" timestamp="2024-11-07T02:38:52Z" hostname="5b802118a443" tests="1" skipped="0" failures="0" errors="0" time="0.166">
    <testcase time="0.166" classname="listing_dsl01" name="DSL01_listing_is_produced_correctly"/>
  </testsuite>
  <testsuite name="listing_dsl02" timestamp="2024-11-07T02:38:52Z" hostname="5b802118a443" tests="1" skipped="0" failures="0" errors="0" time="0.072">
    <testcase time="0.0719999999999992" classname="listing_dsl02" name="DSL02_listing_is_produced_correctly"/>
  </testsuite>
  <testsuite name="listing_dsur4" timestamp="2024-11-07T02:38:52Z" hostname="5b802118a443" tests="1" skipped="0" failures="0" errors="0" time="0.109">
    <testcase time="0.109000000000002" classname="listing_dsur4" name="DSUR4_listing_is_produced_correctly"/>
  </testsuite>
  <testsuite name="listing_egl01" timestamp="2024-11-07T02:38:52Z" hostname="5b802118a443" tests="1" skipped="0" failures="0" errors="0" time="0.288">
    <testcase time="0.287999999999998" classname="listing_egl01" name="EGL01_listing_is_produced_correctly"/>
  </testsuite>
  <testsuite name="listing_exl01" timestamp="2024-11-07T02:38:53Z" hostname="5b802118a443" tests="1" skipped="0" failures="0" errors="0" time="0.219">
    <testcase time="0.219000000000001" classname="listing_exl01" name="EXL01_listing_is_produced_correctly"/>
  </testsuite>
  <testsuite name="listing_lbl01" timestamp="2024-11-07T02:38:53Z" hostname="5b802118a443" tests="1" skipped="0" failures="0" errors="0" time="0.518">
    <testcase time="0.517999999999999" classname="listing_lbl01" name="LBL01_listing_is_produced_correctly"/>
  </testsuite>
  <testsuite name="listing_lbl01_rls" timestamp="2024-11-07T02:38:53Z" hostname="5b802118a443" tests="1" skipped="0" failures="0" errors="0" time="0.53">
    <testcase time="0.530000000000001" classname="listing_lbl01_rls" name="LBL01_RLS_listing_is_produced_correctly"/>
  </testsuite>
  <testsuite name="listing_lbl02a" timestamp="2024-11-07T02:38:54Z" hostname="5b802118a443" tests="1" skipped="0" failures="0" errors="0" time="0.248">
    <testcase time="0.247999999999999" classname="listing_lbl02a" name="LBL02A_listing_is_produced_correctly"/>
  </testsuite>
  <testsuite name="listing_lbl02a_rls" timestamp="2024-11-07T02:38:54Z" hostname="5b802118a443" tests="1" skipped="0" failures="0" errors="0" time="0.813">
    <testcase time="0.813000000000001" classname="listing_lbl02a_rls" name="LBL02A_RLS_listing_is_produced_correctly"/>
  </testsuite>
  <testsuite name="listing_lbl02b" timestamp="2024-11-07T02:38:55Z" hostname="5b802118a443" tests="1" skipped="0" failures="0" errors="0" time="0.253">
    <testcase time="0.253" classname="listing_lbl02b" name="LBL02B_listing_is_produced_correctly"/>
  </testsuite>
  <testsuite name="listing_mhl01" timestamp="2024-11-07T02:38:55Z" hostname="5b802118a443" tests="1" skipped="0" failures="0" errors="0" time="0.258">
    <testcase time="0.257999999999999" classname="listing_mhl01" name="MHL01_listing_is_produced_correctly"/>
  </testsuite>
  <testsuite name="listing_oncl01" timestamp="2024-11-07T02:38:56Z" hostname="5b802118a443" tests="1" skipped="0" failures="0" errors="0" time="0.239">
    <testcase time="0.239000000000001" classname="listing_oncl01" name="ONCL01_listing_is_produced_correctly"/>
  </testsuite>
  <testsuite name="listing_pkcl01" timestamp="2024-11-07T02:38:56Z" hostname="5b802118a443" tests="1" skipped="0" failures="0" errors="0" time="0.181">
    <testcase time="0.180999999999999" classname="listing_pkcl01" name="PKCL01_listing_is_produced_correctly"/>
  </testsuite>
  <testsuite name="listing_pkcl02" timestamp="2024-11-07T02:38:56Z" hostname="5b802118a443" tests="1" skipped="0" failures="0" errors="0" time="0.196">
    <testcase time="0.196" classname="listing_pkcl02" name="PKCL02_listing_is_produced_correctly"/>
  </testsuite>
  <testsuite name="listing_pkpl01" timestamp="2024-11-07T02:38:56Z" hostname="5b802118a443" tests="1" skipped="0" failures="0" errors="0" time="0.238">
    <testcase time="0.238000000000001" classname="listing_pkpl01" name="PKPL01_listing_is_produced_correctly"/>
  </testsuite>
  <testsuite name="listing_pkpl02" timestamp="2024-11-07T02:38:56Z" hostname="5b802118a443" tests="1" skipped="0" failures="0" errors="0" time="0.15">
    <testcase time="0.149999999999999" classname="listing_pkpl02" name="PKPL02_listing_is_produced_correctly"/>
  </testsuite>
  <testsuite name="listing_pkpl04" timestamp="2024-11-07T02:38:57Z" hostname="5b802118a443" tests="1" skipped="0" failures="0" errors="0" time="0.208">
    <testcase time="0.208" classname="listing_pkpl04" name="PKPL04_listing_is_produced_correctly"/>
  </testsuite>
  <testsuite name="listing_vsl01" timestamp="2024-11-07T02:38:57Z" hostname="5b802118a443" tests="1" skipped="0" failures="0" errors="0" time="0.444">
    <testcase time="0.443999999999999" classname="listing_vsl01" name="VSL01_listing_is_produced_correctly"/>
  </testsuite>
  <testsuite name="pagination_listing" timestamp="2024-11-07T02:38:57Z" hostname="5b802118a443" tests="13" skipped="0" failures="0" errors="0" time="5.843">
    <testcase time="0.0310000000000024" classname="pagination_listing" name="Direct_pagination_works_fine"/>
    <testcase time="0.965" classname="pagination_listing" name="Direct_pagination_works_fine"/>
    <testcase time="0.00300000000000011" classname="pagination_listing" name="Direct_pagination_works_fine"/>
    <testcase time="0.855999999999998" classname="pagination_listing" name="Direct_pagination_works_fine"/>
    <testcase time="1.202" classname="pagination_listing" name="Direct_pagination_works_fine"/>
    <testcase time="1.294" classname="pagination_listing" name="pagination_counts_the_right_number_of_lines_when_wrapping_on_keycols_is_present"/>
    <testcase time="0.00600000000000023" classname="pagination_listing" name="pagination_counts_the_right_number_of_lines_when_wrapping_on_keycols_is_present"/>
    <testcase time="0.00499999999999901" classname="pagination_listing" name="pagination_counts_the_right_number_of_lines_when_wrapping_on_keycols_is_present"/>
    <testcase time="0.00400000000000134" classname="pagination_listing" name="pagination_counts_the_right_number_of_lines_when_wrapping_on_keycols_is_present"/>
    <testcase time="1.464" classname="pagination_listing" name="pagination_counts_the_right_number_of_lines_when_wrapping_on_keycols_is_present"/>
    <testcase time="0.00499999999999901" classname="pagination_listing" name="pagination_counts_the_right_number_of_lines_when_wrapping_on_keycols_is_present"/>
    <testcase time="0.00500000000000256" classname="pagination_listing" name="pagination_counts_the_right_number_of_lines_when_wrapping_on_keycols_is_present"/>
    <testcase time="0.00299999999999656" classname="pagination_listing" name="pagination_counts_the_right_number_of_lines_when_wrapping_on_keycols_is_present"/>
  </testsuite>
  <testsuite name="pagination_table" timestamp="2024-11-07T02:39:04Z" hostname="5b802118a443" tests="30" skipped="0" failures="0" errors="0" time="13.639">
    <testcase time="1.724" classname="pagination_table" name="Direct_pagination_with_standard_values"/>
    <testcase time="0.00400000000000134" classname="pagination_table" name="Direct_pagination_with_standard_values"/>
    <testcase time="0.00300000000000011" classname="pagination_table" name="Direct_pagination_with_standard_values"/>
    <testcase time="1.183" classname="pagination_table" name="Pagination_with_specific_column_widths_and_minimum_lines_per_page"/>
    <testcase time="0.00300000000000011" classname="pagination_table" name="Pagination_with_specific_column_widths_and_minimum_lines_per_page"/>
    <testcase time="0.119" classname="pagination_table" name="Pagination_with_specific_column_widths_and_minimum_lines_per_page"/>
    <testcase time="0.913" classname="pagination_table" name="Pagination_works_also_if_table_is_decorated"/>
    <testcase time="0.512" classname="pagination_table" name="Pagination_works_also_if_table_is_decorated"/>
    <testcase time="0.777999999999999" classname="pagination_table" name="Pagination_works_also_if_table_is_decorated"/>
    <testcase time="0.646000000000001" classname="pagination_table" name="Pagination_works_also_if_table_is_decorated"/>
    <testcase time="1.299" classname="pagination_table" name="Pagination_works_also_if_table_is_decorated"/>
    <testcase time="0.304000000000002" classname="pagination_table" name="Pagination_works_also_if_table_is_decorated"/>
    <testcase time="0.00399999999999778" classname="pagination_table" name="Pagination_works_also_if_table_is_decorated"/>
    <testcase time="0.022000000000002" classname="pagination_table" name="Pagination_works_also_if_table_is_decorated"/>
    <testcase time="0.143000000000001" classname="pagination_table" name="Pagination_works_also_if_table_is_decorated"/>
    <testcase time="0.0969999999999978" classname="pagination_table" name="Pagination_works_also_if_table_is_decorated"/>
    <testcase time="0.693000000000001" classname="pagination_table" name="Pagination_works_for_page_types"/>
    <testcase time="0.0739999999999981" classname="pagination_table" name="Pagination_works_for_page_types"/>
    <testcase time="0.690000000000001" classname="pagination_table" name="Pagination_works_for_page_types"/>
    <testcase time="0.0829999999999984" classname="pagination_table" name="Pagination_works_for_page_types"/>
    <testcase time="0.644000000000002" classname="pagination_table" name="Pagination_works_for_page_types"/>
    <testcase time="0.401" classname="pagination_table" name="Pagination_works_for_page_types"/>
    <testcase time="0.694000000000003" classname="pagination_table" name="Pagination_works_for_page_width_and_height"/>
    <testcase time="0.131" classname="pagination_table" name="Pagination_works_for_page_width_and_height"/>
    <testcase time="0.774999999999999" classname="pagination_table" name="Pagination_works_for_page_types"/>
    <testcase time="0.159999999999997" classname="pagination_table" name="Pagination_works_for_page_types"/>
    <testcase time="0.795999999999999" classname="pagination_table" name="AET04_variant_2_page_by_pagination_tests"/>
    <testcase time="0.596000000000004" classname="pagination_table" name="AET04_variant_2_page_by_pagination_tests"/>
    <testcase time="0.00199999999999534" classname="pagination_table" name="AET04_variant_2_page_by_pagination_tests"/>
    <testcase time="0.146000000000001" classname="pagination_table" name="AET04_variant_2_page_by_pagination_tests"/>
  </testsuite>
  <testsuite name="table_adat03" timestamp="2024-11-07T02:39:17Z" hostname="5b802118a443" tests="2" skipped="0" failures="0" errors="0" time="0.54">
    <testcase time="0.408000000000001" classname="table_adat03" name="ADAT03_is_produced_correctly"/>
    <testcase time="0.131999999999998" classname="table_adat03" name="ADAT03_is_produced_correctly"/>
  </testsuite>
  <testsuite name="table_aet01" timestamp="2024-11-07T02:39:17Z" hostname="5b802118a443" tests="8" skipped="0" failures="0" errors="0" time="1.738">
    <testcase time="0.352000000000004" classname="table_aet01" name="Safety_Summary_Variant_1_works_as_expected"/>
    <testcase time="0.112000000000002" classname="table_aet01" name="Safety_Summary_Variant_1_works_as_expected"/>
    <testcase time="0.311" classname="table_aet01" name="Safety_Summary_Variant_2_with_Medical_Concepts_Section_works_as_expected"/>
    <testcase time="0.125" classname="table_aet01" name="Safety_Summary_Variant_2_with_Medical_Concepts_Section_works_as_expected"/>
    <testcase time="0.238999999999997" classname="table_aet01" name="Safety_Summary_Variant_3_with_Modified_Rows_works_as_expected"/>
    <testcase time="0.100999999999999" classname="table_aet01" name="Safety_Summary_Variant_3_with_Modified_Rows_works_as_expected"/>
    <testcase time="0.358000000000004" classname="table_aet01" name="Safety_Summary_Variant_4_with_Rows_Counting_Events_and_Additional_Sections_works_as_expected"/>
    <testcase time="0.140000000000001" classname="table_aet01" name="Safety_Summary_Variant_4_with_Rows_Counting_Events_and_Additional_Sections_works_as_expected"/>
  </testsuite>
  <testsuite name="table_aet01_aesi" timestamp="2024-11-07T02:39:19Z" hostname="5b802118a443" tests="8" skipped="0" failures="0" errors="0" time="2.679">
    <testcase time="0.257999999999996" classname="table_aet01_aesi" name="AET01_AESI_Variant_1_works_as_expected"/>
    <testcase time="0.108000000000004" classname="table_aet01_aesi" name="AET01_AESI_Variant_1_works_as_expected"/>
    <testcase time="0.431999999999995" classname="table_aet01_aesi" name="AET01_AESI_Variant_2_works_as_expected"/>
    <testcase time="0.152999999999999" classname="table_aet01_aesi" name="AET01_AESI_Variant_2_works_as_expected"/>
    <testcase time="0.82" classname="table_aet01_aesi" name="AET01_AESI_Variant_3_works_as_expected"/>
    <testcase time="0.199000000000005" classname="table_aet01_aesi" name="AET01_AESI_Variant_3_works_as_expected"/>
    <testcase time="0.506" classname="table_aet01_aesi" name="AET01_AESI_Variant_4_works_as_expected"/>
    <testcase time="0.202999999999996" classname="table_aet01_aesi" name="AET01_AESI_Variant_4_works_as_expected"/>
  </testsuite>
  <testsuite name="table_aet02" timestamp="2024-11-07T02:39:22Z" hostname="5b802118a443" tests="26" skipped="0" failures="0" errors="0" time="7.635">
    <testcase time="0.502000000000002" classname="table_aet02" name="AET02_variant_1_is_produced_correctly"/>
    <testcase time="0.167999999999999" classname="table_aet02" name="AET02_variant_1_is_produced_correctly"/>
    <testcase time="0.390000000000001" classname="table_aet02" name="AET02_variant_1_is_produced_correctly"/>
    <testcase time="0.0899999999999963" classname="table_aet02" name="AET02_variant_1_is_produced_correctly"/>
    <testcase time="0.577000000000005" classname="table_aet02" name="AET02_variant_2_is_produced_correctly"/>
    <testcase time="0.189" classname="table_aet02" name="AET02_variant_2_is_produced_correctly"/>
    <testcase time="0.856000000000002" classname="table_aet02" name="AET02_variant_3_is_produced_correctly"/>
    <testcase time="0.284999999999997" classname="table_aet02" name="AET02_variant_3_is_produced_correctly"/>
    <testcase time="0.118000000000002" classname="table_aet02" name="AET02_variant_4_is_produced_correctly"/>
    <testcase time="0.0910000000000011" classname="table_aet02" name="AET02_variant_4_is_produced_correctly"/>
    <testcase time="0.379999999999995" classname="table_aet02" name="AET02_variant_5_is_produced_correctly"/>
    <testcase time="0.155000000000001" classname="table_aet02" name="AET02_variant_5_is_produced_correctly"/>
    <testcase time="0.374000000000002" classname="table_aet02" name="AET02_variant_6_is_produced_correctly"/>
    <testcase time="0.103999999999999" classname="table_aet02" name="AET02_variant_6_is_produced_correctly"/>
    <testcase time="0.865000000000002" classname="table_aet02" name="AET02_variant_7_is_produced_correctly"/>
    <testcase time="0.141999999999996" classname="table_aet02" name="AET02_variant_7_is_produced_correctly"/>
    <testcase time="0.384" classname="table_aet02" name="AET02_variant_8_is_produced_correctly"/>
    <testcase time="0.0720000000000027" classname="table_aet02" name="AET02_variant_8_is_produced_correctly"/>
    <testcase time="0.384999999999998" classname="table_aet02" name="AET02_variant_9_is_produced_correctly"/>
    <testcase time="0.106999999999999" classname="table_aet02" name="AET02_variant_9_is_produced_correctly"/>
    <testcase time="0.384" classname="table_aet02" name="AET02_variant_10_is_produced_correctly"/>
    <testcase time="0.0850000000000009" classname="table_aet02" name="AET02_variant_10_is_produced_correctly"/>
    <testcase time="0.384" classname="table_aet02" name="AET02_variant_11_is_produced_correctly"/>
    <testcase time="0.0829999999999984" classname="table_aet02" name="AET02_variant_11_is_produced_correctly"/>
    <testcase time="0.386000000000003" classname="table_aet02" name="AET02_variant_12_is_produced_correctly"/>
    <testcase time="0.0790000000000006" classname="table_aet02" name="AET02_variant_12_is_produced_correctly"/>
  </testsuite>
  <testsuite name="table_aet02_smq" timestamp="2024-11-07T02:39:29Z" hostname="5b802118a443" tests="4" skipped="0" failures="0" errors="0" time="0.44">
    <testcase time="0.129999999999995" classname="table_aet02_smq" name="AET02SMQ_variant_1_is_produced_correctly"/>
    <testcase time="0.0680000000000049" classname="table_aet02_smq" name="AET02SMQ_variant_1_is_produced_correctly"/>
    <testcase time="0.151999999999994" classname="table_aet02_smq" name="AET02SMQ_variant_2_is_produced_correctly"/>
    <testcase time="0.0900000000000034" classname="table_aet02_smq" name="AET02SMQ_variant_2_is_produced_correctly"/>
  </testsuite>
  <testsuite name="table_aet03" timestamp="2024-11-07T02:39:30Z" hostname="5b802118a443" tests="6" skipped="0" failures="0" errors="0" time="4.699">
    <testcase time="1.064" classname="table_aet03" name="AET03_variant_1_is_produced_correctly"/>
    <testcase time="0.405999999999999" classname="table_aet03" name="AET03_variant_1_is_produced_correctly"/>
    <testcase time="1.32400000000001" classname="table_aet03" name="AET03_variant_1_is_produced_correctly"/>
    <testcase time="0.652999999999999" classname="table_aet03" name="AET03_variant_1_is_produced_correctly"/>
    <testcase time="1.047" classname="table_aet03" name="AET03_variant_1_is_produced_correctly"/>
    <testcase time="0.205000000000005" classname="table_aet03" name="AET03_variant_1_is_produced_correctly"/>
  </testsuite>
  <testsuite name="table_aet04" timestamp="2024-11-07T02:39:35Z" hostname="5b802118a443" tests="30" skipped="0" failures="0" errors="0" time="11.894">
    <testcase time="0.717999999999996" classname="table_aet04" name="AET04_variant_1_is_produced_correctly"/>
    <testcase time="0.319000000000003" classname="table_aet04" name="AET04_variant_1_is_produced_correctly"/>
    <testcase time="0.760999999999996" classname="table_aet04" name="AET04_variant_1_is_produced_correctly"/>
    <testcase time="0.0399999999999991" classname="table_aet04" name="AET04_variant_1_is_produced_correctly"/>
    <testcase time="0.0390000000000015" classname="table_aet04" name="AET04_variant_1_is_produced_correctly"/>
    <testcase time="0.646999999999998" classname="table_aet04" name="AET04_variant_2_is_produced_correctly_Fill_in_of_Treatment_Groups_"/>
    <testcase time="0.280000000000001" classname="table_aet04" name="AET04_variant_2_is_produced_correctly_Fill_in_of_Treatment_Groups_"/>
    <testcase time="0.701000000000001" classname="table_aet04" name="AET04_variant_2_is_produced_correctly_Fill_in_of_Treatment_Groups_"/>
    <testcase time="0.0390000000000015" classname="table_aet04" name="AET04_variant_2_is_produced_correctly_Fill_in_of_Treatment_Groups_"/>
    <testcase time="0.046999999999997" classname="table_aet04" name="AET04_variant_2_is_produced_correctly_Fill_in_of_Treatment_Groups_"/>
    <testcase time="0.833000000000006" classname="table_aet04" name="AET04_variant_3_is_produced_correctly_Fill_in_of_Grades_"/>
    <testcase time="0.312999999999995" classname="table_aet04" name="AET04_variant_3_is_produced_correctly_Fill_in_of_Grades_"/>
    <testcase time="0.721000000000004" classname="table_aet04" name="AET04_variant_3_is_produced_correctly_Fill_in_of_Grades_"/>
    <testcase time="0.0399999999999991" classname="table_aet04" name="AET04_variant_3_is_produced_correctly_Fill_in_of_Grades_"/>
    <testcase time="0.036999999999999" classname="table_aet04" name="AET04_variant_3_is_produced_correctly_Fill_in_of_Grades_"/>
    <testcase time="0.628" classname="table_aet04" name="AET04_variant_4_is_produced_correctly_Collapsing_of_Grades_grades_1_2_grades_3_4_5_"/>
    <testcase time="0.292000000000002" classname="table_aet04" name="AET04_variant_4_is_produced_correctly_Collapsing_of_Grades_grades_1_2_grades_3_4_5_"/>
    <testcase time="0.710999999999999" classname="table_aet04" name="AET04_variant_4_is_produced_correctly_Collapsing_of_Grades_grades_1_2_grades_3_4_5_"/>
    <testcase time="0.661999999999999" classname="table_aet04" name="AET04_variant_6_is_produced_correctly_with_an_Incidence_Rate_of_at_Least_5_totals_restricted_"/>
    <testcase time="0.292999999999999" classname="table_aet04" name="AET04_variant_6_is_produced_correctly_with_an_Incidence_Rate_of_at_Least_5_totals_restricted_"/>
    <testcase time="0.707999999999998" classname="table_aet04" name="AET04_variant_6_is_produced_correctly_with_an_Incidence_Rate_of_at_Least_5_totals_restricted_"/>
    <testcase time="0.0100000000000051" classname="table_aet04" name="AET04_variant_8_is_produced_correctly_with_an_Incidence_Rate_of_at_Least_X_Patients_"/>
    <testcase time="0.292999999999999" classname="table_aet04" name="AET04_variant_8_is_produced_correctly_with_an_Incidence_Rate_of_at_Least_X_Patients_"/>
    <testcase time="0.707999999999998" classname="table_aet04" name="AET04_variant_8_is_produced_correctly_with_an_Incidence_Rate_of_at_Least_X_Patients_"/>
    <testcase time="0.00900000000000034" classname="table_aet04" name="AET04_variant_9_is_produced_correctly_with_a_Difference_in_Incidence_Rate_of_at_Least_X_"/>
    <testcase time="0.298000000000002" classname="table_aet04" name="AET04_variant_9_is_produced_correctly_with_a_Difference_in_Incidence_Rate_of_at_Least_X_"/>
    <testcase time="0.726999999999997" classname="table_aet04" name="AET04_variant_9_is_produced_correctly_with_a_Difference_in_Incidence_Rate_of_at_Least_X_"/>
    <testcase time="0.00900000000000034" classname="table_aet04" name="AET04_variant_11_is_produced_correctly_with_Incidence_Rate_of_at_Least_X_all_SOCs_w_o_preferred_terms_removed_"/>
    <testcase time="0.299000000000007" classname="table_aet04" name="AET04_variant_11_is_produced_correctly_with_Incidence_Rate_of_at_Least_X_all_SOCs_w_o_preferred_terms_removed_"/>
    <testcase time="0.711999999999989" classname="table_aet04" name="AET04_variant_11_is_produced_correctly_with_Incidence_Rate_of_at_Least_X_all_SOCs_w_o_preferred_terms_removed_"/>
  </testsuite>
  <testsuite name="table_aet04_pi" timestamp="2024-11-07T02:39:46Z" hostname="5b802118a443" tests="18" skipped="0" failures="0" errors="0" time="6.324">
    <testcase time="0.535000000000011" classname="table_aet04_pi" name="AET04_PI_full_table_is_produced_correctly"/>
    <testcase time="0.214999999999989" classname="table_aet04_pi" name="AET04_PI_full_table_is_produced_correctly"/>
    <testcase time="0.591000000000008" classname="table_aet04_pi" name="AET04_PI_variant_1_is_produced_correctly"/>
    <testcase time="0.170000000000002" classname="table_aet04_pi" name="AET04_PI_variant_1_is_produced_correctly"/>
    <testcase time="0.567999999999998" classname="table_aet04_pi" name="AET04_PI_variant_2_is_produced_correctly"/>
    <testcase time="0.116" classname="table_aet04_pi" name="AET04_PI_variant_2_is_produced_correctly"/>
    <testcase time="0.560000000000002" classname="table_aet04_pi" name="AET04_PI_variant_3_is_produced_correctly"/>
    <testcase time="0.134" classname="table_aet04_pi" name="AET04_PI_variant_3_is_produced_correctly"/>
    <testcase time="0.566999999999993" classname="table_aet04_pi" name="AET04_PI_variant_4_is_produced_correctly"/>
    <testcase time="0.103999999999999" classname="table_aet04_pi" name="AET04_PI_variant_4_is_produced_correctly"/>
    <testcase time="0.570999999999998" classname="table_aet04_pi" name="AET04_PI_variant_5_is_produced_correctly"/>
    <testcase time="0.157000000000011" classname="table_aet04_pi" name="AET04_PI_variant_5_is_produced_correctly"/>
    <testcase time="0.696999999999989" classname="table_aet04_pi" name="AET04_PI_variant_6_is_produced_correctly"/>
    <testcase time="0.165000000000006" classname="table_aet04_pi" name="AET04_PI_variant_6_is_produced_correctly"/>
    <testcase time="0.703999999999994" classname="table_aet04_pi" name="AET04_PI_variant_7_is_produced_correctly"/>
    <testcase time="0.163000000000011" classname="table_aet04_pi" name="AET04_PI_variant_7_is_produced_correctly"/>
    <testcase time="0.174999999999997" classname="table_aet04_pi" name="AET04_PI_variant_8_is_produced_correctly"/>
    <testcase time="0.132000000000005" classname="table_aet04_pi" name="AET04_PI_variant_8_is_produced_correctly"/>
  </testsuite>
  <testsuite name="table_aet05" timestamp="2024-11-07T02:39:53Z" hostname="5b802118a443" tests="4" skipped="0" failures="0" errors="0" time="0.263">
    <testcase time="0.0789999999999935" classname="table_aet05" name="AET05_variant_1_is_produced_correctly"/>
    <testcase time="0.0690000000000026" classname="table_aet05" name="AET05_variant_1_is_produced_correctly"/>
    <testcase time="0.0570000000000022" classname="table_aet05" name="AET05_variant_2_is_produced_correctly"/>
    <testcase time="0.0580000000000069" classname="table_aet05" name="AET05_variant_2_is_produced_correctly"/>
  </testsuite>
  <testsuite name="table_aet05_all" timestamp="2024-11-07T02:39:53Z" hostname="5b802118a443" tests="4" skipped="0" failures="0" errors="0" time="0.299">
    <testcase time="0.113" classname="table_aet05_all" name="AET05_ALL_variant_1_is_produced_correctly"/>
    <testcase time="0.0600000000000023" classname="table_aet05_all" name="AET05_ALL_variant_1_is_produced_correctly"/>
    <testcase time="0.0669999999999931" classname="table_aet05_all" name="AET05_ALL_variant_2_is_produced_correctly"/>
    <testcase time="0.0589999999999975" classname="table_aet05_all" name="AET05_ALL_variant_2_is_produced_correctly"/>
  </testsuite>
  <testsuite name="table_aet06" timestamp="2024-11-07T02:39:53Z" hostname="5b802118a443" tests="6" skipped="0" failures="0" errors="0" time="3.915">
    <testcase time="0.588999999999999" classname="table_aet06" name="AET06_variant_1_is_produced_correctly"/>
    <testcase time="0.238" classname="table_aet06" name="AET06_variant_1_is_produced_correctly"/>
    <testcase time="0.967000000000013" classname="table_aet06" name="AET06_variant_3_is_produced_correctly"/>
    <testcase time="0.347999999999999" classname="table_aet06" name="AET06_variant_3_is_produced_correctly"/>
    <testcase time="1.40599999999999" classname="table_aet06" name="AET06_variant_5_is_produced_correctly"/>
    <testcase time="0.367000000000004" classname="table_aet06" name="AET06_variant_5_is_produced_correctly"/>
  </testsuite>
  <testsuite name="table_aet06_smq" timestamp="2024-11-07T02:39:57Z" hostname="5b802118a443" tests="4" skipped="0" failures="0" errors="0" time="0.919">
    <testcase time="0.325000000000003" classname="table_aet06_smq" name="AET06_SMQ_variant_1_is_produced_correctly"/>
    <testcase time="0.134" classname="table_aet06_smq" name="AET06_SMQ_variant_1_is_produced_correctly"/>
    <testcase time="0.325000000000003" classname="table_aet06_smq" name="AET06_SMQ_variant_2_is_produced_correctly"/>
    <testcase time="0.134999999999991" classname="table_aet06_smq" name="AET06_SMQ_variant_2_is_produced_correctly"/>
  </testsuite>
  <testsuite name="table_aet07" timestamp="2024-11-07T02:39:58Z" hostname="5b802118a443" tests="4" skipped="0" failures="0" errors="0" time="0.186">
    <testcase time="0.0510000000000019" classname="table_aet07" name="AET07_variant_1_is_produced_correctly"/>
    <testcase time="0.0480000000000018" classname="table_aet07" name="AET07_variant_1_is_produced_correctly"/>
    <testcase time="0.0450000000000017" classname="table_aet07" name="AET07_variant_2_is_produced_correctly"/>
    <testcase time="0.0420000000000016" classname="table_aet07" name="AET07_variant_2_is_produced_correctly"/>
  </testsuite>
  <testsuite name="table_aet09" timestamp="2024-11-07T02:39:58Z" hostname="5b802118a443" tests="4" skipped="0" failures="0" errors="0" time="1.823">
    <testcase time="0.501999999999995" classname="table_aet09" name="AET09_variant_1_is_produced_correctly_AE_related_to_study_drug"/>
    <testcase time="0.170000000000002" classname="table_aet09" name="AET09_variant_1_is_produced_correctly_AE_related_to_study_drug"/>
    <testcase time="0.875" classname="table_aet09" name="AET09_variant_2_is_produced_correctly_AE_related_to_study_drug_including_high_level_terms_"/>
    <testcase time="0.275999999999996" classname="table_aet09" name="AET09_variant_2_is_produced_correctly_AE_related_to_study_drug_including_high_level_terms_"/>
  </testsuite>
  <testsuite name="table_aet09_smq" timestamp="2024-11-07T02:40:00Z" hostname="5b802118a443" tests="4" skipped="0" failures="0" errors="0" time="0.476">
    <testcase time="0.109000000000009" classname="table_aet09_smq" name="AET09_variant_1_AEs_related_to_study_drug_by_SMQ_is_produced_correctly"/>
    <testcase time="0.0759999999999934" classname="table_aet09_smq" name="AET09_variant_1_AEs_related_to_study_drug_by_SMQ_is_produced_correctly"/>
    <testcase time="0.189999999999998" classname="table_aet09_smq" name="AET09_variant_2_AEs_related_to_study_drug_by_SMQ_with_customized_queries_is_produced_correctly"/>
    <testcase time="0.100999999999999" classname="table_aet09_smq" name="AET09_variant_2_AEs_related_to_study_drug_by_SMQ_with_customized_queries_is_produced_correctly"/>
  </testsuite>
  <testsuite name="table_aet10" timestamp="2024-11-07T02:40:01Z" hostname="5b802118a443" tests="2" skipped="0" failures="0" errors="0" time="0.157">
    <testcase time="0.0940000000000083" classname="table_aet10" name="AET10_default_variant_is_produced_correctly"/>
    <testcase time="0.0629999999999882" classname="table_aet10" name="AET10_default_variant_is_produced_correctly"/>
  </testsuite>
  <testsuite name="table_aovt01" timestamp="2024-11-07T02:40:01Z" hostname="5b802118a443" tests="4" skipped="0" failures="0" errors="0" time="1.119">
    <testcase time="0.326000000000008" classname="table_aovt01" name="AOVT01_variant_with_single_endpoint_is_produced_correctly"/>
    <testcase time="0.0889999999999986" classname="table_aovt01" name="AOVT01_variant_with_single_endpoint_is_produced_correctly"/>
    <testcase time="0.554000000000002" classname="table_aovt01" name="AOVT01_variant_with_multiple_endpoints_is_produced_correctly"/>
    <testcase time="0.149999999999991" classname="table_aovt01" name="AOVT01_variant_with_multiple_endpoints_is_produced_correctly"/>
  </testsuite>
  <testsuite name="table_aovt02" timestamp="2024-11-07T02:40:02Z" hostname="5b802118a443" tests="2" skipped="0" failures="0" errors="0" time="0.373">
    <testcase time="0.293000000000006" classname="table_aovt02" name="AOVT02_is_produced_correctly"/>
    <testcase time="0.0799999999999983" classname="table_aovt02" name="AOVT02_is_produced_correctly"/>
  </testsuite>
  <testsuite name="table_aovt03" timestamp="2024-11-07T02:40:02Z" hostname="5b802118a443" tests="2" skipped="0" failures="0" errors="0" time="0.834">
    <testcase time="0.659000000000006" classname="table_aovt03" name="AOVT03_is_produced_correctly"/>
    <testcase time="0.174999999999997" classname="table_aovt03" name="AOVT03_is_produced_correctly"/>
  </testsuite>
  <testsuite name="table_cfbt01" timestamp="2024-11-07T02:40:03Z" hostname="5b802118a443" tests="2" skipped="0" failures="0" errors="0" time="0.621">
    <testcase time="0.411999999999992" classname="table_cfbt01" name="CFBT01_default_variant_is_produced_correctly"/>
    <testcase time="0.209000000000003" classname="table_cfbt01" name="CFBT01_default_variant_is_produced_correctly"/>
  </testsuite>
  <testsuite name="table_cmht01" timestamp="2024-11-07T02:40:04Z" hostname="5b802118a443" tests="4" skipped="0" failures="0" errors="0" time="1.651">
    <testcase time="0.390000000000001" classname="table_cmht01" name="CMHT01_variant_1_is_produced_correctly"/>
    <testcase time="0.0940000000000083" classname="table_cmht01" name="CMHT01_variant_1_is_produced_correctly"/>
    <testcase time="0.908000000000001" classname="table_cmht01" name="CMHT01_variant_2_is_produced_correctly"/>
    <testcase time="0.259" classname="table_cmht01" name="CMHT01_variant_2_is_produced_correctly"/>
  </testsuite>
  <testsuite name="table_cmt01" timestamp="2024-11-07T02:40:05Z" hostname="5b802118a443" tests="8" skipped="0" failures="0" errors="0" time="3.676">
    <testcase time="0.614999999999995" classname="table_cmt01" name="CMT01_default_variant_Concomitant_medications_is_produced_correctly"/>
    <testcase time="0.287999999999997" classname="table_cmt01" name="CMT01_default_variant_Concomitant_medications_is_produced_correctly"/>
    <testcase time="0.686999999999998" classname="table_cmt01" name="CMT01_variant_1_prior_medications_is_produced_correctly"/>
    <testcase time="0.323999999999998" classname="table_cmt01" name="CMT01_variant_1_prior_medications_is_produced_correctly"/>
    <testcase time="0.576000000000008" classname="table_cmt01" name="CMT01_variant_3_Concomitant_medications_is_produced_correctly"/>
    <testcase time="0.263999999999996" classname="table_cmt01" name="CMT01_variant_3_Concomitant_medications_is_produced_correctly"/>
    <testcase time="0.626000000000005" classname="table_cmt01" name="CMT01_variant_4_Concomitant_medications_is_produced_correctly"/>
    <testcase time="0.295999999999992" classname="table_cmt01" name="CMT01_variant_4_Concomitant_medications_is_produced_correctly"/>
  </testsuite>
  <testsuite name="table_cmt01a" timestamp="2024-11-07T02:40:09Z" hostname="5b802118a443" tests="8" skipped="0" failures="0" errors="0" time="5.494">
    <testcase time="1.20100000000001" classname="table_cmt01a" name="CMT01A_variant_1_is_produced_correctly"/>
    <testcase time="0.265999999999991" classname="table_cmt01a" name="CMT01A_variant_1_is_produced_correctly"/>
    <testcase time="1.09700000000001" classname="table_cmt01a" name="CMT01A_variant_2_is_produced_correctly"/>
    <testcase time="0.266000000000005" classname="table_cmt01a" name="CMT01A_variant_2_is_produced_correctly"/>
    <testcase time="1.08399999999999" classname="table_cmt01a" name="CMT01A_variant_3_is_produced_correctly"/>
    <testcase time="0.269000000000005" classname="table_cmt01a" name="CMT01A_variant_3_is_produced_correctly"/>
    <testcase time="1.06699999999999" classname="table_cmt01a" name="CMT01A_variant_4_is_produced_correctly"/>
    <testcase time="0.244" classname="table_cmt01a" name="CMT01A_variant_4_is_produced_correctly"/>
  </testsuite>
  <testsuite name="table_cmt01b" timestamp="2024-11-07T02:40:15Z" hostname="5b802118a443" tests="6" skipped="0" failures="0" errors="0" time="5.257">
    <testcase time="1.59400000000001" classname="table_cmt01b" name="CMT01B_variant_1_is_produced_correctly"/>
    <testcase time="0.578000000000003" classname="table_cmt01b" name="CMT01B_variant_1_is_produced_correctly"/>
    <testcase time="1.08099999999999" classname="table_cmt01b" name="CMT01B_variant_2_is_produced_correctly"/>
    <testcase time="0.274000000000001" classname="table_cmt01b" name="CMT01B_variant_2_is_produced_correctly"/>
    <testcase time="1.372" classname="table_cmt01b" name="CMT01B_variant_4_is_produced_correctly"/>
    <testcase time="0.358000000000004" classname="table_cmt01b" name="CMT01B_variant_4_is_produced_correctly"/>
  </testsuite>
  <testsuite name="table_cmt02_pt" timestamp="2024-11-07T02:40:20Z" hostname="5b802118a443" tests="2" skipped="0" failures="0" errors="0" time="0.553">
    <testcase time="0.376000000000005" classname="table_cmt02_pt" name="CMT02_PT_default_variant_is_produced_correctly"/>
    <testcase time="0.176999999999992" classname="table_cmt02_pt" name="CMT02_PT_default_variant_is_produced_correctly"/>
  </testsuite>
  <testsuite name="table_coxt01" timestamp="2024-11-07T02:40:20Z" hostname="5b802118a443" tests="8" skipped="0" failures="0" errors="0" time="1.652">
    <testcase time="0.25500000000001" classname="table_coxt01" name="1._Cox_Regression"/>
    <testcase time="0.0719999999999885" classname="table_coxt01" name="1._Cox_Regression"/>
    <testcase time="0.340000000000003" classname="table_coxt01" name="2._Cox_Regression_with_Interaction_Term_"/>
    <testcase time="0.0960000000000036" classname="table_coxt01" name="2._Cox_Regression_with_Interaction_Term_"/>
    <testcase time="0.340000000000003" classname="table_coxt01" name="3._Cox_Regression_specifying_covariates_"/>
    <testcase time="0.10199999999999" classname="table_coxt01" name="3._Cox_Regression_specifying_covariates_"/>
    <testcase time="0.344000000000008" classname="table_coxt01" name="4._Cox_Regression_setting_strata_ties_and_alpha_level_"/>
    <testcase time="0.102999999999994" classname="table_coxt01" name="4._Cox_Regression_setting_strata_ties_and_alpha_level_"/>
  </testsuite>
  <testsuite name="table_coxt02" timestamp="2024-11-07T02:40:22Z" hostname="5b802118a443" tests="4" skipped="0" failures="0" errors="0" time="0.669">
    <testcase time="0.254000000000005" classname="table_coxt02" name="COXT02_default_variant_1_is_produced_correctly"/>
    <testcase time="0.106999999999999" classname="table_coxt02" name="COXT02_default_variant_1_is_produced_correctly"/>
    <testcase time="0.230000000000004" classname="table_coxt02" name="COXT02_variant_5_is_produced_correctly"/>
    <testcase time="0.078000000000003" classname="table_coxt02" name="COXT02_variant_5_is_produced_correctly"/>
  </testsuite>
  <testsuite name="table_disclosures" timestamp="2024-11-07T02:40:23Z" hostname="5b802118a443" tests="12" skipped="0" failures="0" errors="0" time="1.791">
    <testcase time="0.161000000000001" classname="table_disclosures" name="Patient_Disposition_table_is_produced_correctly"/>
    <testcase time="0.0960000000000036" classname="table_disclosures" name="Patient_Disposition_table_is_produced_correctly"/>
    <testcase time="0.188000000000002" classname="table_disclosures" name="Demographic_table_is_produced_correctly"/>
    <testcase time="0.138999999999996" classname="table_disclosures" name="Demographic_table_is_produced_correctly"/>
    <testcase time="0.0930000000000035" classname="table_disclosures" name="Enrollment_by_Country_Table_is_produced_correctly"/>
    <testcase time="0.0889999999999986" classname="table_disclosures" name="Enrollment_by_Country_Table_is_produced_correctly"/>
    <testcase time="0.0729999999999933" classname="table_disclosures" name="Death_table_is_produced_correctly"/>
    <testcase time="0.054000000000002" classname="table_disclosures" name="Death_table_is_produced_correctly"/>
    <testcase time="0.305999999999997" classname="table_disclosures" name="Table_of_Serious_Adverse_Events_is_produced_correctly_for_one_specific_treatment_arm_"/>
    <testcase time="0.0870000000000033" classname="table_disclosures" name="Table_of_Serious_Adverse_Events_is_produced_correctly_for_one_specific_treatment_arm_"/>
    <testcase time="0.382999999999996" classname="table_disclosures" name="Table_of_Non_Serious_Adverse_Events_is_produced_correctly"/>
    <testcase time="0.122" classname="table_disclosures" name="Table_of_Non_Serious_Adverse_Events_is_produced_correctly"/>
  </testsuite>
  <testsuite name="table_dmt01" timestamp="2024-11-07T02:40:25Z" hostname="5b802118a443" tests="10" skipped="0" failures="0" errors="0" time="2.647">
    <testcase time="1.16200000000001" classname="table_dmt01" name="DMT01_variant_1_is_produced_correctly"/>
    <testcase time="0.162999999999997" classname="table_dmt01" name="DMT01_variant_1_is_produced_correctly"/>
    <testcase time="0.195999999999998" classname="table_dmt01" name="DMT01_variant_2_is_produced_correctly"/>
    <testcase time="0.158000000000001" classname="table_dmt01" name="DMT01_variant_2_is_produced_correctly"/>
    <testcase time="0.225999999999999" classname="table_dmt01" name="DMT01_variant_3_is_produced_correctly"/>
    <testcase time="0.161999999999992" classname="table_dmt01" name="DMT01_variant_3_is_produced_correctly"/>
    <testcase time="0.167000000000002" classname="table_dmt01" name="DMT01_variant_4_is_produced_correctly"/>
    <testcase time="0.14200000000001" classname="table_dmt01" name="DMT01_variant_4_is_produced_correctly"/>
    <testcase time="0.153999999999996" classname="table_dmt01" name="DMT01_variant_5_is_produced_correctly"/>
    <testcase time="0.117000000000004" classname="table_dmt01" name="DMT01_variant_5_is_produced_correctly"/>
  </testsuite>
  <testsuite name="table_dort01" timestamp="2024-11-07T02:40:27Z" hostname="5b802118a443" tests="8" skipped="0" failures="0" errors="0" time="1.418">
    <testcase time="0.260999999999996" classname="table_dort01" name="DORT01_variant_1_is_produced_correctly"/>
    <testcase time="0.105999999999995" classname="table_dort01" name="DORT01_variant_1_is_produced_correctly"/>
    <testcase time="0.268000000000001" classname="table_dort01" name="DORT01_variant_2_selecting_sectons_is_produced_correctly"/>
    <testcase time="0.0949999999999989" classname="table_dort01" name="DORT01_variant_2_selecting_sectons_is_produced_correctly"/>
    <testcase time="0.236000000000004" classname="table_dort01" name="DORT01_variant_3_modifying_conftype_and_alpha_level_is_produced_correctly"/>
    <testcase time="0.119" classname="table_dort01" name="DORT01_variant_3_modifying_conftype_and_alpha_level_is_produced_correctly"/>
    <testcase time="0.238" classname="table_dort01" name="DORT01_variant_4_modifying_time_point_for_the_xx_duration_is_produced_correctly"/>
    <testcase time="0.0949999999999989" classname="table_dort01" name="DORT01_variant_4_modifying_time_point_for_the_xx_duration_is_produced_correctly"/>
  </testsuite>
  <testsuite name="table_dst01" timestamp="2024-11-07T02:40:28Z" hostname="5b802118a443" tests="6" skipped="0" failures="0" errors="0" time="0.713">
    <testcase time="0.137" classname="table_dst01" name="DST01_default_variant_is_produced_correctly"/>
    <testcase time="0.0900000000000034" classname="table_dst01" name="DST01_default_variant_is_produced_correctly"/>
    <testcase time="0.200000000000003" classname="table_dst01" name="DST01_variants_2_and_3_are_produced_correctly"/>
    <testcase time="0.0969999999999942" classname="table_dst01" name="DST01_variants_2_and_3_are_produced_correctly"/>
    <testcase time="0.0810000000000031" classname="table_dst01" name="DST01_variants_2_and_3_are_produced_correctly"/>
    <testcase time="0.108000000000004" classname="table_dst01" name="DST01_variants_2_and_3_are_produced_correctly"/>
  </testsuite>
  <testsuite name="table_dtht01" timestamp="2024-11-07T02:40:29Z" hostname="5b802118a443" tests="8" skipped="0" failures="0" errors="0" time="1.106">
    <testcase time="0.117999999999995" classname="table_dtht01" name="DTHT01_variant_1_is_produced_correctly"/>
    <testcase time="0.0750000000000028" classname="table_dtht01" name="DTHT01_variant_1_is_produced_correctly"/>
    <testcase time="0.242999999999995" classname="table_dtht01" name="DTHT01_variant_2_is_produced_correctly"/>
    <testcase time="0.158000000000001" classname="table_dtht01" name="DTHT01_variant_2_is_produced_correctly"/>
    <testcase time="0.141999999999996" classname="table_dtht01" name="DTHT01_variant_3_is_produced_correctly"/>
    <testcase time="0.0940000000000083" classname="table_dtht01" name="DTHT01_variant_3_is_produced_correctly"/>
    <testcase time="0.167000000000002" classname="table_dtht01" name="DTHT01_variant_4_is_produced_correctly"/>
    <testcase time="0.108999999999995" classname="table_dtht01" name="DTHT01_variant_4_is_produced_correctly"/>
  </testsuite>
  <testsuite name="table_egt01" timestamp="2024-11-07T02:40:30Z" hostname="5b802118a443" tests="2" skipped="0" failures="0" errors="0" time="1.439">
    <testcase time="0.965999999999994" classname="table_egt01" name="EGT01_default_variant_is_produced_correctly"/>
    <testcase time="0.472999999999999" classname="table_egt01" name="EGT01_default_variant_is_produced_correctly"/>
  </testsuite>
  <testsuite name="table_egt02" timestamp="2024-11-07T02:40:32Z" hostname="5b802118a443" tests="4" skipped="0" failures="0" errors="0" time="0.552">
    <testcase time="0.260000000000005" classname="table_egt02" name="_EGT02_1._Regardless_of_Abnormality_at_Baseline"/>
    <testcase time="0.0739999999999981" classname="table_egt02" name="_EGT02_1._Regardless_of_Abnormality_at_Baseline"/>
    <testcase time="0.143000000000001" classname="table_egt02" name="_EGT02_2._Among_Subjects_Without_Abnormality_at_Baseline"/>
    <testcase time="0.0750000000000028" classname="table_egt02" name="_EGT02_2._Among_Subjects_Without_Abnormality_at_Baseline"/>
  </testsuite>
  <testsuite name="table_egt03" timestamp="2024-11-07T02:40:32Z" hostname="5b802118a443" tests="8" skipped="0" failures="0" errors="0" time="1.222">
    <testcase time="0.197000000000003" classname="table_egt03" name="EGT03_variant_1_is_produced_correctly"/>
    <testcase time="0.116" classname="table_egt03" name="EGT03_variant_1_is_produced_correctly"/>
    <testcase time="0.168999999999997" classname="table_egt03" name="EGT03_variant_2_is_produced_correctly"/>
    <testcase time="0.117000000000004" classname="table_egt03" name="EGT03_variant_2_is_produced_correctly"/>
    <testcase time="0.200000000000003" classname="table_egt03" name="EGT03_variant_3_is_produced_correctly"/>
    <testcase time="0.109999999999999" classname="table_egt03" name="EGT03_variant_3_is_produced_correctly"/>
    <testcase time="0.196999999999989" classname="table_egt03" name="EGT03_variant_4_is_produced_correctly"/>
    <testcase time="0.116" classname="table_egt03" name="EGT03_variant_4_is_produced_correctly"/>
  </testsuite>
  <testsuite name="table_egt04" timestamp="2024-11-07T02:40:33Z" hostname="5b802118a443" tests="2" skipped="0" failures="0" errors="0" time="0.252">
    <testcase time="0.167000000000002" classname="table_egt04" name="EGT04_default_variant_is_produced_correctly"/>
    <testcase time="0.085000000000008" classname="table_egt04" name="EGT04_default_variant_is_produced_correctly"/>
  </testsuite>
  <testsuite name="table_egt05_qtcat" timestamp="2024-11-07T02:40:34Z" hostname="5b802118a443" tests="2" skipped="0" failures="0" errors="0" time="0.78">
    <testcase time="0.492999999999995" classname="table_egt05_qtcat" name="EGT05_QTCAT_default_variant_is_produced_correctly"/>
    <testcase time="0.287000000000006" classname="table_egt05_qtcat" name="EGT05_QTCAT_default_variant_is_produced_correctly"/>
  </testsuite>
  <testsuite name="table_ent" timestamp="2024-11-07T02:40:35Z" hostname="5b802118a443" tests="8" skipped="0" failures="0" errors="0" time="13.224">
    <testcase time="3.17" classname="table_ent" name="ENT01_IT_is_produced_correctly"/>
    <testcase time="0.588999999999999" classname="table_ent" name="ENT01_IT_is_produced_correctly"/>
    <testcase time="2.11999999999999" classname="table_ent" name="ENT01a_IT_is_produced_correctly"/>
    <testcase time="0.552000000000007" classname="table_ent" name="ENT01a_IT_is_produced_correctly"/>
    <testcase time="3.309" classname="table_ent" name="ENT02_IT_is_produced_correctly"/>
    <testcase time="0.593000000000004" classname="table_ent" name="ENT02_IT_is_produced_correctly"/>
    <testcase time="2.16199999999999" classname="table_ent" name="ENT02a_IT_is_produced_correctly"/>
    <testcase time="0.728999999999999" classname="table_ent" name="ENT02a_IT_is_produced_correctly"/>
  </testsuite>
  <testsuite name="table_eudrat01" timestamp="2024-11-07T02:40:48Z" hostname="5b802118a443" tests="2" skipped="0" failures="0" errors="0" time="0.579">
    <testcase time="0.455000000000013" classname="table_eudrat01" name="EUDRAT01_is_produced_correctly"/>
    <testcase time="0.123999999999995" classname="table_eudrat01" name="EUDRAT01_is_produced_correctly"/>
  </testsuite>
  <testsuite name="table_eudrat02" timestamp="2024-11-07T02:40:48Z" hostname="5b802118a443" tests="2" skipped="0" failures="0" errors="0" time="0.422">
    <testcase time="0.325999999999993" classname="table_eudrat02" name="EUDRAT02_is_produced_correctly"/>
    <testcase time="0.0960000000000036" classname="table_eudrat02" name="EUDRAT02_is_produced_correctly"/>
  </testsuite>
  <testsuite name="table_ext01" timestamp="2024-11-07T02:40:49Z" hostname="5b802118a443" tests="6" skipped="0" failures="0" errors="0" time="1.404">
    <testcase time="0.314999999999998" classname="table_ext01" name="EXT01_default_variant_with_numeric_parameters_is_produced_correctly"/>
    <testcase time="0.177999999999997" classname="table_ext01" name="EXT01_default_variant_with_numeric_parameters_is_produced_correctly"/>
    <testcase time="0.230000000000018" classname="table_ext01" name="EXT01_variant_with_both_numeric_and_categorical_parameters"/>
    <testcase time="0.181999999999988" classname="table_ext01" name="EXT01_variant_with_both_numeric_and_categorical_parameters"/>
    <testcase time="0.281000000000006" classname="table_ext01" name="EXT01_variant_with_user_specified_categories_for_missed_doses"/>
    <testcase time="0.217999999999989" classname="table_ext01" name="EXT01_variant_with_user_specified_categories_for_missed_doses"/>
  </testsuite>
  <testsuite name="table_lbt01" timestamp="2024-11-07T02:40:51Z" hostname="5b802118a443" tests="2" skipped="0" failures="0" errors="0" time="1.827">
    <testcase time="1.38499999999999" classname="table_lbt01" name="LBT01_default_variant_is_produced_correctly"/>
    <testcase time="0.442000000000007" classname="table_lbt01" name="LBT01_default_variant_is_produced_correctly"/>
  </testsuite>
  <testsuite name="table_lbt02" timestamp="2024-11-07T02:40:52Z" hostname="5b802118a443" tests="2" skipped="0" failures="0" errors="0" time="1.228">
    <testcase time="0.76400000000001" classname="table_lbt02" name="LBT02_default_variant_is_produced_correctly"/>
    <testcase time="0.463999999999999" classname="table_lbt02" name="LBT02_default_variant_is_produced_correctly"/>
  </testsuite>
  <testsuite name="table_lbt03" timestamp="2024-11-07T02:40:53Z" hostname="5b802118a443" tests="2" skipped="0" failures="0" errors="0" time="0.233">
    <testcase time="0.144000000000005" classname="table_lbt03" name="LBT03_default_variant_is_produced_correctly"/>
    <testcase time="0.0889999999999986" classname="table_lbt03" name="LBT03_default_variant_is_produced_correctly"/>
  </testsuite>
  <testsuite name="table_lbt04" timestamp="2024-11-07T02:40:54Z" hostname="5b802118a443" tests="2" skipped="0" failures="0" errors="0" time="1.251">
    <testcase time="1.06699999999998" classname="table_lbt04" name="LBT04_default_variant_is_produced_correctly"/>
    <testcase time="0.183999999999997" classname="table_lbt04" name="LBT04_default_variant_is_produced_correctly"/>
  </testsuite>
  <testsuite name="table_lbt05" timestamp="2024-11-07T02:40:55Z" hostname="5b802118a443" tests="6" skipped="0" failures="0" errors="0" time="6.176">
    <testcase time="1.96600000000001" classname="table_lbt05" name="LBT05_variant_1_is_produced_correctly"/>
    <testcase time="0.364000000000004" classname="table_lbt05" name="LBT05_variant_1_is_produced_correctly"/>
    <testcase time="1.36500000000001" classname="table_lbt05" name="LBT05_variant_2_is_produced_correctly"/>
    <testcase time="0.484999999999985" classname="table_lbt05" name="LBT05_variant_2_is_produced_correctly"/>
    <testcase time="1.64000000000001" classname="table_lbt05" name="LBT05_variant_4_is_produced_correctly"/>
    <testcase time="0.355999999999995" classname="table_lbt05" name="LBT05_variant_4_is_produced_correctly"/>
  </testsuite>
  <testsuite name="table_lbt06" timestamp="2024-11-07T02:41:01Z" hostname="5b802118a443" tests="2" skipped="0" failures="0" errors="0" time="0.498">
    <testcase time="0.325999999999993" classname="table_lbt06" name="LBT06_default_variant_is_produced_correctly"/>
    <testcase time="0.171999999999997" classname="table_lbt06" name="LBT06_default_variant_is_produced_correctly"/>
  </testsuite>
  <testsuite name="table_lbt07" timestamp="2024-11-07T02:41:02Z" hostname="5b802118a443" tests="2" skipped="0" failures="0" errors="0" time="2.302">
    <testcase time="2.02000000000001" classname="table_lbt07" name="LBT07_is_produced_correctly"/>
    <testcase time="0.281999999999982" classname="table_lbt07" name="LBT07_is_produced_correctly"/>
  </testsuite>
  <testsuite name="table_lbt08" timestamp="2024-11-07T02:41:04Z" hostname="5b802118a443" tests="2" skipped="0" failures="0" errors="0" time="0.383">
    <testcase time="0.259000000000015" classname="table_lbt08" name="LBT08_produce_correctly"/>
    <testcase time="0.123999999999995" classname="table_lbt08" name="LBT08_produce_correctly"/>
  </testsuite>
  <testsuite name="table_lbt09" timestamp="2024-11-07T02:41:04Z" hostname="5b802118a443" tests="4" skipped="0" failures="0" errors="0" time="0.917">
    <testcase time="0.307999999999993" classname="table_lbt09" name="LBT09_variant_1_works_as_expected"/>
    <testcase time="0.149000000000001" classname="table_lbt09" name="LBT09_variant_1_works_as_expected"/>
    <testcase time="0.304000000000002" classname="table_lbt09" name="LBT09_variant_2_works_as_expected"/>
    <testcase time="0.156000000000006" classname="table_lbt09" name="LBT09_variant_2_works_as_expected"/>
  </testsuite>
  <testsuite name="table_lbt10" timestamp="2024-11-07T02:41:05Z" hostname="5b802118a443" tests="4" skipped="0" failures="0" errors="0" time="1.23">
    <testcase time="0.699999999999989" classname="table_lbt10" name="LBT10_variant_1_works_as_expected"/>
    <testcase time="0.0710000000000264" classname="table_lbt10" name="LBT10_variant_1_works_as_expected"/>
    <testcase time="0.399000000000001" classname="table_lbt10" name="LBT10_variant_2_works_as_expected"/>
    <testcase time="0.0599999999999739" classname="table_lbt10" name="LBT10_variant_2_works_as_expected"/>
  </testsuite>
  <testsuite name="table_lbt10_bl" timestamp="2024-11-07T02:41:06Z" hostname="5b802118a443" tests="4" skipped="0" failures="0" errors="0" time="0.495">
    <testcase time="0.234000000000009" classname="table_lbt10_bl" name="LBT10_BL_variant_1_works_as_expected"/>
    <testcase time="0.0829999999999984" classname="table_lbt10_bl" name="LBT10_BL_variant_1_works_as_expected"/>
    <testcase time="0.117999999999995" classname="table_lbt10_bl" name="LBT10_BL_variant_2_works_as_expected"/>
    <testcase time="0.0600000000000023" classname="table_lbt10_bl" name="LBT10_BL_variant_2_works_as_expected"/>
  </testsuite>
  <testsuite name="table_lbt11" timestamp="2024-11-07T02:41:07Z" hostname="5b802118a443" tests="6" skipped="0" failures="0" errors="0" time="0.728">
    <testcase time="0.182000000000016" classname="table_lbt11" name="LBT11_variant_1_works_as_expected"/>
    <testcase time="0.09699999999998" classname="table_lbt11" name="LBT11_variant_1_works_as_expected"/>
    <testcase time="0.100999999999999" classname="table_lbt11" name="LBT11_variant_2_works_as_expected"/>
    <testcase time="0.0800000000000125" classname="table_lbt11" name="LBT11_variant_2_works_as_expected"/>
    <testcase time="0.161000000000001" classname="table_lbt11" name="LBT11_variant_3_works_as_expected"/>
    <testcase time="0.106999999999999" classname="table_lbt11" name="LBT11_variant_3_works_as_expected"/>
  </testsuite>
  <testsuite name="table_lbt11_bl" timestamp="2024-11-07T02:41:07Z" hostname="5b802118a443" tests="6" skipped="0" failures="0" errors="0" time="0.797">
    <testcase time="0.195999999999998" classname="table_lbt11_bl" name="LBT11_BL_variant_1_works_as_expected"/>
    <testcase time="0.092000000000013" classname="table_lbt11_bl" name="LBT11_BL_variant_1_works_as_expected"/>
    <testcase time="0.11099999999999" classname="table_lbt11_bl" name="LBT11_BL_variant_2_works_as_expected"/>
    <testcase time="0.078000000000003" classname="table_lbt11_bl" name="LBT11_BL_variant_2_works_as_expected"/>
    <testcase time="0.198000000000008" classname="table_lbt11_bl" name="LBT11_BL_variant_3_works_as_expected"/>
    <testcase time="0.121999999999986" classname="table_lbt11_bl" name="LBT11_BL_variant_3_works_as_expected"/>
  </testsuite>
  <testsuite name="table_lbt12" timestamp="2024-11-07T02:41:08Z" hostname="5b802118a443" tests="2" skipped="0" failures="0" errors="0" time="0.583">
    <testcase time="0.503000000000014" classname="table_lbt12" name="LBT12_works_as_expected"/>
    <testcase time="0.0799999999999841" classname="table_lbt12" name="LBT12_works_as_expected"/>
  </testsuite>
  <testsuite name="table_lbt12_bl" timestamp="2024-11-07T02:41:09Z" hostname="5b802118a443" tests="2" skipped="0" failures="0" errors="0" time="0.334">
    <testcase time="0.260999999999996" classname="table_lbt12_bl" name="LBT12_BL_works_as_expected"/>
    <testcase time="0.0730000000000075" classname="table_lbt12_bl" name="LBT12_BL_works_as_expected"/>
  </testsuite>
  <testsuite name="table_lbt13" timestamp="2024-11-07T02:41:10Z" hostname="5b802118a443" tests="10" skipped="0" failures="0" errors="0" time="2.136">
    <testcase time="0.787000000000006" classname="table_lbt13" name="LBT13_variant_1_LOW_works_as_expected"/>
    <testcase time="0.0889999999999986" classname="table_lbt13" name="LBT13_variant_1_LOW_works_as_expected"/>
    <testcase time="0.128999999999991" classname="table_lbt13" name="LBT13_variant_2_HIGH_works_as_expected"/>
    <testcase time="0.0680000000000121" classname="table_lbt13" name="LBT13_variant_2_HIGH_works_as_expected"/>
    <testcase time="0.211999999999989" classname="table_lbt13" name="LBT13_variant_3_LOW_without_baseline_missing_works_as_expected"/>
    <testcase time="0.0810000000000173" classname="table_lbt13" name="LBT13_variant_3_LOW_without_baseline_missing_works_as_expected"/>
    <testcase time="0.137" classname="table_lbt13" name="LBT13_variant_4_HIGH_with_missing_baseline_considered_as_grade_0_works_as_expected"/>
    <testcase time="0.0599999999999739" classname="table_lbt13" name="LBT13_variant_4_HIGH_with_missing_baseline_considered_as_grade_0_works_as_expected"/>
    <testcase time="0.378000000000014" classname="table_lbt13" name="LBT14_variant_5_HIGH_with_filled_in_grades_works_as_expected"/>
    <testcase time="0.194999999999993" classname="table_lbt13" name="LBT14_variant_5_HIGH_with_filled_in_grades_works_as_expected"/>
  </testsuite>
  <testsuite name="table_lbt14" timestamp="2024-11-07T02:41:12Z" hostname="5b802118a443" tests="10" skipped="0" failures="0" errors="0" time="27.673">
    <testcase time="5.23699999999999" classname="table_lbt14" name="LBT14_variant_1_HIGH_works_as_expected"/>
    <testcase time="0.427999999999997" classname="table_lbt14" name="LBT14_variant_1_HIGH_works_as_expected"/>
    <testcase time="4.83000000000001" classname="table_lbt14" name="LBT14_variant_2_LOW_works_as_expected"/>
    <testcase time="0.305000000000007" classname="table_lbt14" name="LBT14_variant_2_LOW_works_as_expected"/>
    <testcase time="3.321" classname="table_lbt14" name="LBT14_variant_3_LOW_without_baseline_missing_works_as_expected"/>
    <testcase time="0.400000000000006" classname="table_lbt14" name="LBT14_variant_3_LOW_without_baseline_missing_works_as_expected"/>
    <testcase time="4.78799999999998" classname="table_lbt14" name="LBT14_variant_4_LOW_and_force_1_missing_both_baseline_and_post_baseline_then_force_the_missing_baseline_as_0_as_expected"/>
    <testcase time="0.251000000000005" classname="table_lbt14" name="LBT14_variant_4_LOW_and_force_1_missing_both_baseline_and_post_baseline_then_force_the_missing_baseline_as_0_as_expected"/>
    <testcase time="5.601" classname="table_lbt14" name="LBT14_variant_5_HIGH_with_fillings_works_as_expected"/>
    <testcase time="2.512" classname="table_lbt14" name="LBT14_variant_5_HIGH_with_fillings_works_as_expected"/>
  </testsuite>
  <testsuite name="table_lbt15" timestamp="2024-11-07T02:41:39Z" hostname="5b802118a443" tests="4" skipped="0" failures="0" errors="0" time="1.423">
    <testcase time="0.574000000000012" classname="table_lbt15" name="LBT15_variant_1_works_as_expected"/>
    <testcase time="0.173000000000002" classname="table_lbt15" name="LBT15_variant_1_works_as_expected"/>
    <testcase time="0.495999999999981" classname="table_lbt15" name="LBT15_variant_2_works_as_expected"/>
    <testcase time="0.180000000000007" classname="table_lbt15" name="LBT15_variant_2_works_as_expected"/>
  </testsuite>
  <testsuite name="table_lgrt02" timestamp="2024-11-07T02:41:40Z" hostname="5b802118a443" tests="8" skipped="0" failures="0" errors="0" time="2.69">
    <testcase time="0.488" classname="table_lgrt02" name="LGRT02_without_interaction_term_is_produced_correctly"/>
    <testcase time="0.134000000000015" classname="table_lgrt02" name="LGRT02_without_interaction_term_is_produced_correctly"/>
    <testcase time="0.565999999999974" classname="table_lgrt02" name="LGRT02_with_categorical_interaction_is_produced_correctly"/>
    <testcase time="0.172000000000025" classname="table_lgrt02" name="LGRT02_with_categorical_interaction_is_produced_correctly"/>
    <testcase time="0.536999999999978" classname="table_lgrt02" name="LGRT02_with_continuous_interaction_is_produced_correctly"/>
    <testcase time="0.173000000000002" classname="table_lgrt02" name="LGRT02_with_continuous_interaction_is_produced_correctly"/>
    <testcase time="0.475999999999999" classname="table_lgrt02" name="LGRT02_with_setting_values_indicating_an_event_and_custom_alpha_level_is_produced_correctly"/>
    <testcase time="0.144000000000005" classname="table_lgrt02" name="LGRT02_with_setting_values_indicating_an_event_and_custom_alpha_level_is_produced_correctly"/>
  </testsuite>
  <testsuite name="table_mht01" timestamp="2024-11-07T02:41:43Z" hostname="5b802118a443" tests="8" skipped="0" failures="0" errors="0" time="1.436">
    <testcase time="0.295000000000016" classname="table_mht01" name="MHT01_variant_1_is_produced_accurately"/>
    <testcase time="0.126000000000005" classname="table_mht01" name="MHT01_variant_1_is_produced_accurately"/>
    <testcase time="0.109000000000009" classname="table_mht01" name="MHT01_variant_2_is_produced_accurately"/>
    <testcase time="0.0670000000000073" classname="table_mht01" name="MHT01_variant_2_is_produced_accurately"/>
    <testcase time="0.245000000000005" classname="table_mht01" name="MHT01_variant_3_is_produced_accurately"/>
    <testcase time="0.121999999999986" classname="table_mht01" name="MHT01_variant_3_is_produced_accurately"/>
    <testcase time="0.316000000000003" classname="table_mht01" name="MHT01_variant_5_is_produced_accurately"/>
    <testcase time="0.156000000000006" classname="table_mht01" name="MHT01_variant_5_is_produced_accurately"/>
  </testsuite>
  <testsuite name="table_onct05" timestamp="2024-11-07T02:41:44Z" hostname="5b802118a443" tests="8" skipped="0" failures="0" errors="0" time="1.916">
    <testcase time="0.423000000000002" classname="table_onct05" name="ONCT05_variant_1_Objective_Response_Rate_by_Subgroup_is_produced_correctly"/>
    <testcase time="0.106999999999999" classname="table_onct05" name="ONCT05_variant_1_Objective_Response_Rate_by_Subgroup_is_produced_correctly"/>
    <testcase time="0.445999999999998" classname="table_onct05" name="ONCT05_variant_2_Specifying_class_variables_is_produced_correctly"/>
    <testcase time="0.125" classname="table_onct05" name="ONCT05_variant_2_Specifying_class_variables_is_produced_correctly"/>
    <testcase time="0.199999999999989" classname="table_onct05" name="ONCT05_variant_3_selecting_columns_and_changing_the_alpha_level_is_produced_correctly"/>
    <testcase time="0.0790000000000077" classname="table_onct05" name="ONCT05_variant_3_selecting_columns_and_changing_the_alpha_level_is_produced_correctly"/>
    <testcase time="0.427999999999997" classname="table_onct05" name="ONCT05_variant_4_setting_values_indicating_response_is_produced_correctly"/>
    <testcase time="0.108000000000004" classname="table_onct05" name="ONCT05_variant_4_setting_values_indicating_response_is_produced_correctly"/>
  </testsuite>
  <testsuite name="table_pdt01" timestamp="2024-11-07T02:41:46Z" hostname="5b802118a443" tests="2" skipped="0" failures="0" errors="0" time="0.409">
    <testcase time="0.253999999999991" classname="table_pdt01" name="PDT01_is_produced_correctly"/>
    <testcase time="0.155000000000001" classname="table_pdt01" name="PDT01_is_produced_correctly"/>
  </testsuite>
  <testsuite name="table_pdt02" timestamp="2024-11-07T02:41:47Z" hostname="5b802118a443" tests="2" skipped="0" failures="0" errors="0" time="0.233">
    <testcase time="0.159999999999997" classname="table_pdt02" name="PDT02_is_produced_correctly"/>
    <testcase time="0.0730000000000075" classname="table_pdt02" name="PDT02_is_produced_correctly"/>
  </testsuite>
  <testsuite name="table_pkct01" timestamp="2024-11-07T02:41:47Z" hostname="5b802118a443" tests="10" skipped="0" failures="0" errors="0" time="2.997">
    <testcase time="0.263000000000005" classname="table_pkct01" name="PKCT01_is_produced_correctly"/>
    <testcase time="0.0849999999999795" classname="table_pkct01" name="PKCT01_is_produced_correctly"/>
    <testcase time="0.132000000000005" classname="table_pkct01" name="PKCT01_is_produced_correctly"/>
    <testcase time="0.054000000000002" classname="table_pkct01" name="PKCT01_is_produced_correctly"/>
    <testcase time="0.837999999999994" classname="table_pkct01" name="Specific_PKCT01_features_are_present"/>
    <testcase time="0.217000000000013" classname="table_pkct01" name="Specific_PKCT01_features_are_present"/>
    <testcase time="0.192999999999984" classname="table_pkct01" name="Specific_PKCT01_features_are_present"/>
    <testcase time="0.00300000000001432" classname="table_pkct01" name="Specific_PKCT01_features_are_present"/>
    <testcase time="0.670999999999992" classname="table_pkct01" name="Specific_PKCT01_features_are_present"/>
    <testcase time="0.540999999999997" classname="table_pkct01" name="Specific_PKCT01_features_are_present"/>
  </testsuite>
  <testsuite name="table_pkpt02" timestamp="2024-11-07T02:41:50Z" hostname="5b802118a443" tests="2" skipped="0" failures="0" errors="0" time="0.517">
    <testcase time="0.290999999999997" classname="table_pkpt02" name="PKPT02_is_produced_correctly_for_Drug_X"/>
    <testcase time="0.225999999999999" classname="table_pkpt02" name="PKPT02_is_produced_correctly_for_Drug_X"/>
  </testsuite>
  <testsuite name="table_pkpt03" timestamp="2024-11-07T02:41:51Z" hostname="5b802118a443" tests="2" skipped="0" failures="0" errors="0" time="1.111">
    <testcase time="0.913000000000011" classname="table_pkpt03" name="PKPT03_Drug_X_is_produced_correctly"/>
    <testcase time="0.198000000000008" classname="table_pkpt03" name="PKPT03_Drug_X_is_produced_correctly"/>
  </testsuite>
  <testsuite name="table_pkpt04" timestamp="2024-11-07T02:41:52Z" hostname="5b802118a443" tests="2" skipped="0" failures="0" errors="0" time="0.198">
    <testcase time="0.0970000000000084" classname="table_pkpt04" name="PKPT04_is_produced_correctly_for_Drug_X"/>
    <testcase time="0.100999999999999" classname="table_pkpt04" name="PKPT04_is_produced_correctly_for_Drug_X"/>
  </testsuite>
  <testsuite name="table_pkpt05" timestamp="2024-11-07T02:41:52Z" hostname="5b802118a443" tests="2" skipped="0" failures="0" errors="0" time="0.386">
    <testcase time="0.280000000000001" classname="table_pkpt05" name="PKPT05_Drug_X_is_produced_correctly"/>
    <testcase time="0.105999999999995" classname="table_pkpt05" name="PKPT05_Drug_X_is_produced_correctly"/>
  </testsuite>
  <testsuite name="table_pkpt06" timestamp="2024-11-07T02:41:52Z" hostname="5b802118a443" tests="4" skipped="0" failures="0" errors="0" time="0.268">
    <testcase time="0.100999999999999" classname="table_pkpt06" name="PKPT06_is_produced_correctly_for_Drug_X"/>
    <testcase time="0.0619999999999834" classname="table_pkpt06" name="PKPT06_is_produced_correctly_for_Drug_X"/>
    <testcase time="0.0500000000000114" classname="table_pkpt06" name="PKPT06_is_produced_correctly_for_Drug_Y"/>
    <testcase time="0.0550000000000068" classname="table_pkpt06" name="PKPT06_is_produced_correctly_for_Drug_Y"/>
  </testsuite>
  <testsuite name="table_pkpt07" timestamp="2024-11-07T02:41:53Z" hostname="5b802118a443" tests="4" skipped="0" failures="0" errors="0" time="0.539">
    <testcase time="0.215000000000003" classname="table_pkpt07" name="PKPT07_Drug_X_is_produced_correctly"/>
    <testcase time="0.111999999999995" classname="table_pkpt07" name="PKPT07_Drug_X_is_produced_correctly"/>
    <testcase time="0.109999999999985" classname="table_pkpt07" name="PKPT07_Drug_Y_is_produced_correctly"/>
    <testcase time="0.102000000000004" classname="table_pkpt07" name="PKPT07_Drug_Y_is_produced_correctly"/>
  </testsuite>
  <testsuite name="table_ratet01" timestamp="2024-11-07T02:41:53Z" hostname="5b802118a443" tests="2" skipped="0" failures="0" errors="0" time="0.687">
    <testcase time="0.546999999999997" classname="table_ratet01" name="RATET01_is_produced_correctly"/>
    <testcase time="0.140000000000015" classname="table_ratet01" name="RATET01_is_produced_correctly"/>
  </testsuite>
  <testsuite name="table_rmpt01" timestamp="2024-11-07T02:41:54Z" hostname="5b802118a443" tests="2" skipped="0" failures="0" errors="0" time="0.188">
    <testcase time="0.129999999999995" classname="table_rmpt01" name="RMPT01_is_produced_correctly"/>
    <testcase time="0.0579999999999927" classname="table_rmpt01" name="RMPT01_is_produced_correctly"/>
  </testsuite>
  <testsuite name="table_rmpt03" timestamp="2024-11-07T02:41:54Z" hostname="5b802118a443" tests="4" skipped="0" failures="0" errors="0" time="0.55">
    <testcase time="0.204000000000008" classname="table_rmpt03" name="RMPT03_variant_1_is_produced_correctly"/>
    <testcase time="0.0989999999999895" classname="table_rmpt03" name="RMPT03_variant_1_is_produced_correctly"/>
    <testcase time="0.144000000000005" classname="table_rmpt03" name="RMPT03_variant_2_is_produced_correctly"/>
    <testcase time="0.103000000000009" classname="table_rmpt03" name="RMPT03_variant_2_is_produced_correctly"/>
  </testsuite>
  <testsuite name="table_rmpt04" timestamp="2024-11-07T02:41:55Z" hostname="5b802118a443" tests="2" skipped="0" failures="0" errors="0" time="0.186">
    <testcase time="0.127999999999986" classname="table_rmpt04" name="RMPT04_variant_1_is_produced_correctly"/>
    <testcase time="0.0579999999999927" classname="table_rmpt04" name="RMPT04_variant_1_is_produced_correctly"/>
  </testsuite>
  <testsuite name="table_rmpt05" timestamp="2024-11-07T02:41:55Z" hostname="5b802118a443" tests="2" skipped="0" failures="0" errors="0" time="0.229">
    <testcase time="0.161000000000001" classname="table_rmpt05" name="RMPT05_is_produced_correctly"/>
    <testcase time="0.0680000000000121" classname="table_rmpt05" name="RMPT05_is_produced_correctly"/>
  </testsuite>
  <testsuite name="table_rmpt06" timestamp="2024-11-07T02:41:55Z" hostname="5b802118a443" tests="8" skipped="0" failures="0" errors="0" time="1.525">
    <testcase time="0.317999999999984" classname="table_rmpt06" name="RMPT06_variant_1_is_produced_correctly"/>
    <testcase time="0.103000000000009" classname="table_rmpt06" name="RMPT06_variant_1_is_produced_correctly"/>
    <testcase time="0.204000000000008" classname="table_rmpt06" name="RMPT06_variant_2_is_produced_correctly"/>
    <testcase time="0.0819999999999936" classname="table_rmpt06" name="RMPT06_variant_2_is_produced_correctly"/>
    <testcase time="0.295000000000016" classname="table_rmpt06" name="RMPT06_variant_3_is_produced_correctly"/>
    <testcase time="0.107999999999976" classname="table_rmpt06" name="RMPT06_variant_3_is_produced_correctly"/>
    <testcase time="0.296000000000021" classname="table_rmpt06" name="RMPT06_variant_4_is_produced_correctly"/>
    <testcase time="0.119" classname="table_rmpt06" name="RMPT06_variant_4_is_produced_correctly"/>
  </testsuite>
  <testsuite name="table_rspt01" timestamp="2024-11-07T02:41:56Z" hostname="5b802118a443" tests="12" skipped="0" failures="0" errors="0" time="2.294">
    <testcase time="0.266999999999996" classname="table_rspt01" name="RSPT01_1._Best_Overall_Response"/>
    <testcase time="0.126000000000005" classname="table_rspt01" name="RSPT01_1._Best_Overall_Response"/>
    <testcase time="0.238999999999976" classname="table_rspt01" name="RSPT01_2._Best_Overall_Response_selecting_sections_to_display_"/>
    <testcase time="0.102000000000004" classname="table_rspt01" name="RSPT01_2._Best_Overall_Response_selecting_sections_to_display_"/>
    <testcase time="0.296000000000021" classname="table_rspt01" name="RSPT01_3._Best_Overall_Response_modifying_settings_"/>
    <testcase time="0.120999999999981" classname="table_rspt01" name="RSPT01_3._Best_Overall_Response_modifying_settings_"/>
    <testcase time="0.324000000000012" classname="table_rspt01" name="RSPT01_4._Best_Overall_Response_with_stratified_analysis_"/>
    <testcase time="0.138000000000005" classname="table_rspt01" name="RSPT01_4._Best_Overall_Response_with_stratified_analysis_"/>
    <testcase time="0.256" classname="table_rspt01" name="RSPT01_5._Best_Overall_Response_modifying_the_definition_of_overall_response_"/>
    <testcase time="0.105999999999995" classname="table_rspt01" name="RSPT01_5._Best_Overall_Response_modifying_the_definition_of_overall_response_"/>
    <testcase time="0.210000000000008" classname="table_rspt01" name="RSPT01_6._Best_Overall_Response_define_new_sections_to_display_"/>
    <testcase time="0.10899999999998" classname="table_rspt01" name="RSPT01_6._Best_Overall_Response_define_new_sections_to_display_"/>
  </testsuite>
  <testsuite name="table_ttet01" timestamp="2024-11-07T02:41:59Z" hostname="5b802118a443" tests="14" skipped="0" failures="0" errors="0" time="3.38">
    <testcase time="0.381" classname="table_ttet01" name="TTET01_default_variant_is_produced_correctly"/>
    <testcase time="0.177000000000021" classname="table_ttet01" name="TTET01_default_variant_is_produced_correctly"/>
    <testcase time="0.391999999999996" classname="table_ttet01" name="TTET01_default_variant_with_Placebo_arm"/>
    <testcase time="0.177999999999997" classname="table_ttet01" name="TTET01_default_variant_with_Placebo_arm"/>
    <testcase time="0.198999999999984" classname="table_ttet01" name="TTET01_variant_2_selecting_sections_to_display"/>
    <testcase time="0.115000000000009" classname="table_ttet01" name="TTET01_variant_2_selecting_sections_to_display"/>
    <testcase time="0.294000000000011" classname="table_ttet01" name="TTET01_variant_3_modifying_analysis_details_like_conftype_ties_alpha_level"/>
    <testcase time="0.149999999999977" classname="table_ttet01" name="TTET01_variant_3_modifying_analysis_details_like_conftype_ties_alpha_level"/>
    <testcase time="0.348000000000013" classname="table_ttet01" name="TTET01_variant_4_with_stratified_analysis"/>
    <testcase time="0.153999999999996" classname="table_ttet01" name="TTET01_variant_4_with_stratified_analysis"/>
    <testcase time="0.311000000000007" classname="table_ttet01" name="TTET01_variant_5_modifying_time_point"/>
    <testcase time="0.155000000000001" classname="table_ttet01" name="TTET01_variant_5_modifying_time_point"/>
    <testcase time="0.388000000000005" classname="table_ttet01" name="TTET01_variant_6_requesting_more_than_one_p_value"/>
    <testcase time="0.137999999999977" classname="table_ttet01" name="TTET01_variant_6_requesting_more_than_one_p_value"/>
  </testsuite>
  <testsuite name="table_vst01" timestamp="2024-11-07T02:42:02Z" hostname="5b802118a443" tests="2" skipped="0" failures="0" errors="0" time="1.051">
    <testcase time="0.730000000000018" classname="table_vst01" name="VST01_default_variant_is_produced_correctly"/>
    <testcase time="0.320999999999998" classname="table_vst01" name="VST01_default_variant_is_produced_correctly"/>
  </testsuite>
  <testsuite name="table_vst02" timestamp="2024-11-07T02:42:03Z" hostname="5b802118a443" tests="4" skipped="0" failures="0" errors="0" time="0.913">
    <testcase time="0.371000000000009" classname="table_vst02" name="1._Vital_Sign_Abnormalities_Regardless_of_Abnormality_at_Baseline_VST02_1_"/>
    <testcase time="0.140999999999991" classname="table_vst02" name="1._Vital_Sign_Abnormalities_Regardless_of_Abnormality_at_Baseline_VST02_1_"/>
    <testcase time="0.284999999999997" classname="table_vst02" name="2._Vital_Sign_Abnormalities_Among_Subject_Without_Abnormality_at_Baseline_VST02_2_"/>
    <testcase time="0.115999999999985" classname="table_vst02" name="2._Vital_Sign_Abnormalities_Among_Subject_Without_Abnormality_at_Baseline_VST02_2_"/>
  </testsuite>
</testsuites>
