<?xml version="1.0" encoding="UTF-8"?>
<testsuites>
  <testsuite name="listing_adal02" timestamp="2023-03-07T09:00:04Z" hostname="6f6aeb164137" tests="2" skipped="1" failures="0" errors="0" time="0.38">
    <testcase time="0.241" classname="listing_adal02" name="ADAL02_listing_is_produced_correctly"/>
    <testcase time="0.139" classname="listing_adal02" name="ADAL02_listing_is_produced_correctly">
      <skipped message="Reason: On CRAN ('test-listing_adal02.R:100')"/>
    </testcase>
  </testsuite>
  <testsuite name="listing_ael01" timestamp="2023-03-07T09:00:04Z" hostname="6f6aeb164137" tests="2" skipped="1" failures="0" errors="0" time="0.192">
    <testcase time="0.0579999999999998" classname="listing_ael01" name="AEL01_listing_is_produced_correctly"/>
    <testcase time="0.133999999999999" classname="listing_ael01" name="AEL01_listing_is_produced_correctly">
      <skipped message="Reason: On CRAN ('test-listing_ael01.R:20')"/>
    </testcase>
  </testsuite>
  <testsuite name="listing_ael01_nollt" timestamp="2023-03-07T09:00:04Z" hostname="6f6aeb164137" tests="2" skipped="1" failures="0" errors="0" time="0.07">
    <testcase time="0.0540000000000003" classname="listing_ael01_nollt" name="AEL01_NOLLT_listing_is_produced_correctly"/>
    <testcase time="0.016" classname="listing_ael01_nollt" name="AEL01_NOLLT_listing_is_produced_correctly">
      <skipped message="Reason: On CRAN ('test-listing_ael01_nollt.R:19')"/>
    </testcase>
  </testsuite>
  <testsuite name="listing_ael02" timestamp="2023-03-07T09:00:04Z" hostname="6f6aeb164137" tests="1" skipped="1" failures="0" errors="0" time="0.225">
    <testcase time="0.225000000000001" classname="listing_ael02" name="AEL02_listing_is_produced_correctly">
      <skipped message="Reason: On CRAN ('test-listing_ael02.R:60')"/>
    </testcase>
  </testsuite>
  <testsuite name="listing_ael02_ed" timestamp="2023-03-07T09:00:05Z" hostname="6f6aeb164137" tests="1" skipped="1" failures="0" errors="0" time="0.29">
    <testcase time="0.29" classname="listing_ael02_ed" name="AEL02_ED_listing_is_produced_correctly">
      <skipped message="Reason: On CRAN ('test-listing_ael02_ed.R:77')"/>
    </testcase>
  </testsuite>
  <testsuite name="listing_ael03" timestamp="2023-03-07T09:00:05Z" hostname="6f6aeb164137" tests="1" skipped="1" failures="0" errors="0" time="0.239">
    <testcase time="0.239" classname="listing_ael03" name="AEL03_listing_is_produced_correctly">
      <skipped message="Reason: On CRAN ('test-listing_ael03.R:73')"/>
    </testcase>
  </testsuite>
  <testsuite name="listing_ael04" timestamp="2023-03-07T09:00:05Z" hostname="6f6aeb164137" tests="2" skipped="1" failures="0" errors="0" time="0.141">
    <testcase time="0.04" classname="listing_ael04" name="AEL04_listing_is_produced_correctly"/>
    <testcase time="0.101" classname="listing_ael04" name="AEL04_listing_is_produced_correctly">
      <skipped message="Reason: On CRAN ('test-listing_ael04.R:30')"/>
    </testcase>
  </testsuite>
  <testsuite name="listing_cml01" timestamp="2023-03-07T09:00:05Z" hostname="6f6aeb164137" tests="2" skipped="1" failures="0" errors="0" time="0.197">
    <testcase time="0.0519999999999996" classname="listing_cml01" name="CML01_listing_is_produced_correctly"/>
    <testcase time="0.145" classname="listing_cml01" name="CML01_listing_is_produced_correctly">
      <skipped message="Reason: On CRAN ('test-listing_cml01.R:41')"/>
    </testcase>
  </testsuite>
  <testsuite name="listing_cml02a_gl" timestamp="2023-03-07T09:00:05Z" hostname="6f6aeb164137" tests="2" skipped="1" failures="0" errors="0" time="0.057">
    <testcase time="0.0369999999999999" classname="listing_cml02a_gl" name="CML02A_GL_listing_is_produced_correctly"/>
    <testcase time="0.0199999999999996" classname="listing_cml02a_gl" name="CML02A_GL_listing_is_produced_correctly">
      <skipped message="Reason: On CRAN ('test-listing_cml02a_gl.R:19')"/>
    </testcase>
  </testsuite>
  <testsuite name="listing_cml02b_gl" timestamp="2023-03-07T09:00:05Z" hostname="6f6aeb164137" tests="2" skipped="1" failures="0" errors="0" time="0.064">
    <testcase time="0.0350000000000001" classname="listing_cml02b_gl" name="CML02B_GL_listing_is_produced_correctly"/>
    <testcase time="0.0289999999999999" classname="listing_cml02b_gl" name="CML02B_GL_listing_is_produced_correctly">
      <skipped message="Reason: On CRAN ('test-listing_cml02b_gl.R:22')"/>
    </testcase>
  </testsuite>
  <testsuite name="listing_dsl01" timestamp="2023-03-07T09:00:06Z" hostname="6f6aeb164137" tests="2" skipped="1" failures="0" errors="0" time="0.105">
    <testcase time="0.0330000000000004" classname="listing_dsl01" name="DSL01_listing_is_produced_correctly"/>
    <testcase time="0.0720000000000001" classname="listing_dsl01" name="DSL01_listing_is_produced_correctly">
      <skipped message="Reason: On CRAN ('test-listing_dsl01.R:30')"/>
    </testcase>
  </testsuite>
  <testsuite name="listing_dsl02" timestamp="2023-03-07T09:00:06Z" hostname="6f6aeb164137" tests="2" skipped="1" failures="0" errors="0" time="0.072">
    <testcase time="0.0489999999999995" classname="listing_dsl02" name="DSL02_listing_is_produced_correctly"/>
    <testcase time="0.0230000000000006" classname="listing_dsl02" name="DSL02_listing_is_produced_correctly">
      <skipped message="Reason: On CRAN ('test-listing_dsl02.R:36')"/>
    </testcase>
  </testsuite>
  <testsuite name="listing_dsur4" timestamp="2023-03-07T09:00:06Z" hostname="6f6aeb164137" tests="2" skipped="1" failures="0" errors="0" time="0.067">
    <testcase time="0.0309999999999997" classname="listing_dsur4" name="DSUR4_listing_is_produced_correctly"/>
    <testcase time="0.0359999999999996" classname="listing_dsur4" name="DSUR4_listing_is_produced_correctly">
      <skipped message="Reason: On CRAN ('test-listing_dsur4.R:22')"/>
    </testcase>
  </testsuite>
  <testsuite name="listing_egl01" timestamp="2023-03-07T09:00:06Z" hostname="6f6aeb164137" tests="1" skipped="1" failures="0" errors="0" time="0.28">
    <testcase time="0.28" classname="listing_egl01" name="EGL01_listing_is_produced_correctly">
      <skipped message="Reason: On CRAN ('test-listing_egl01.R:61')"/>
    </testcase>
  </testsuite>
  <testsuite name="listing_exl01" timestamp="2023-03-07T09:00:06Z" hostname="6f6aeb164137" tests="1" skipped="1" failures="0" errors="0" time="0.154">
    <testcase time="0.154" classname="listing_exl01" name="EXL01_listing_is_produced_correctly">
      <skipped message="Reason: On CRAN ('test-listing_exl01.R:29')"/>
    </testcase>
  </testsuite>
  <testsuite name="listing_lbl01" timestamp="2023-03-07T09:00:06Z" hostname="6f6aeb164137" tests="1" skipped="1" failures="0" errors="0" time="0.246">
    <testcase time="0.246" classname="listing_lbl01" name="LBL01_listing_is_produced_correctly">
      <skipped message="Reason: On CRAN ('test-listing_lbl01.R:52')"/>
    </testcase>
  </testsuite>
  <testsuite name="listing_lbl01_rls" timestamp="2023-03-07T09:00:06Z" hostname="6f6aeb164137" tests="1" skipped="1" failures="0" errors="0" time="0.357">
    <testcase time="0.356999999999999" classname="listing_lbl01_rls" name="LBL01_RLS_listing_is_produced_correctly">
      <skipped message="Reason: On CRAN ('test-listing_lbl01_rls.R:58')"/>
    </testcase>
  </testsuite>
  <testsuite name="listing_lbl02a" timestamp="2023-03-07T09:00:07Z" hostname="6f6aeb164137" tests="2" skipped="1" failures="0" errors="0" time="0.24">
    <testcase time="0.142" classname="listing_lbl02a" name="LBL02A_listing_is_produced_correctly"/>
    <testcase time="0.0979999999999999" classname="listing_lbl02a" name="LBL02A_listing_is_produced_correctly">
      <skipped message="Reason: On CRAN ('test-listing_lbl02a.R:49')"/>
    </testcase>
  </testsuite>
  <testsuite name="listing_lbl02a_rls" timestamp="2023-03-07T09:00:07Z" hostname="6f6aeb164137" tests="2" skipped="1" failures="0" errors="0" time="0.425">
    <testcase time="0.271" classname="listing_lbl02a_rls" name="LBL02A_RLS_listing_is_produced_correctly"/>
    <testcase time="0.154000000000001" classname="listing_lbl02a_rls" name="LBL02A_RLS_listing_is_produced_correctly">
      <skipped message="Reason: On CRAN ('test-listing_lbl02a_rls.R:79')"/>
    </testcase>
  </testsuite>
  <testsuite name="listing_lbl02b" timestamp="2023-03-07T09:00:08Z" hostname="6f6aeb164137" tests="2" skipped="1" failures="0" errors="0" time="0.238">
    <testcase time="0.122" classname="listing_lbl02b" name="LBL02B_listing_is_produced_correctly"/>
    <testcase time="0.116" classname="listing_lbl02b" name="LBL02B_listing_is_produced_correctly">
      <skipped message="Reason: On CRAN ('test-listing_lbl02b.R:55')"/>
    </testcase>
  </testsuite>
  <testsuite name="listing_mhl01" timestamp="2023-03-07T09:00:08Z" hostname="6f6aeb164137" tests="2" skipped="1" failures="0" errors="0" time="0.163">
    <testcase time="0.0419999999999998" classname="listing_mhl01" name="MHL01_listing_is_produced_correctly"/>
    <testcase time="0.121" classname="listing_mhl01" name="MHL01_listing_is_produced_correctly">
      <skipped message="Reason: On CRAN ('test-listing_mhl01.R:33')"/>
    </testcase>
  </testsuite>
  <testsuite name="listing_oncl01" timestamp="2023-03-07T09:00:08Z" hostname="6f6aeb164137" tests="1" skipped="1" failures="0" errors="0" time="0.227">
    <testcase time="0.226999999999999" classname="listing_oncl01" name="ONCL01_listing_is_produced_correctly">
      <skipped message="Reason: On CRAN ('test-listing_oncl01.R:61')"/>
    </testcase>
  </testsuite>
  <testsuite name="listing_pkcl01" timestamp="2023-03-07T09:00:08Z" hostname="6f6aeb164137" tests="2" skipped="1" failures="0" errors="0" time="0.102">
    <testcase time="0.0350000000000001" classname="listing_pkcl01" name="PKCL01_listing_is_produced_correctly"/>
    <testcase time="0.0670000000000002" classname="listing_pkcl01" name="PKCL01_listing_is_produced_correctly">
      <skipped message="Reason: On CRAN ('test-listing_pkcl01.R:28')"/>
    </testcase>
  </testsuite>
  <testsuite name="listing_pkcl02" timestamp="2023-03-07T09:00:08Z" hostname="6f6aeb164137" tests="2" skipped="1" failures="0" errors="0" time="0.246">
    <testcase time="0.0860000000000003" classname="listing_pkcl02" name="PKCL02_listing_is_produced_correctly"/>
    <testcase time="0.16" classname="listing_pkcl02" name="PKCL02_listing_is_produced_correctly">
      <skipped message="Reason: On CRAN ('test-listing_pkcl02.R:63')"/>
    </testcase>
  </testsuite>
  <testsuite name="listing_pkpl01" timestamp="2023-03-07T09:00:08Z" hostname="6f6aeb164137" tests="2" skipped="1" failures="0" errors="0" time="0.125">
    <testcase time="0.0540000000000003" classname="listing_pkpl01" name="PKPL01_listing_is_produced_correctly"/>
    <testcase time="0.0709999999999997" classname="listing_pkpl01" name="PKPL01_listing_is_produced_correctly">
      <skipped message="Reason: On CRAN ('test-listing_pkpl01.R:34')"/>
    </testcase>
  </testsuite>
  <testsuite name="listing_pkpl02" timestamp="2023-03-07T09:00:09Z" hostname="6f6aeb164137" tests="2" skipped="1" failures="0" errors="0" time="0.136">
    <testcase time="0.0630000000000006" classname="listing_pkpl02" name="PKPL02_listing_is_produced_correctly"/>
    <testcase time="0.0729999999999986" classname="listing_pkpl02" name="PKPL02_listing_is_produced_correctly">
      <skipped message="Reason: On CRAN ('test-listing_pkpl02.R:35')"/>
    </testcase>
  </testsuite>
  <testsuite name="listing_pkpl04" timestamp="2023-03-07T09:00:09Z" hostname="6f6aeb164137" tests="2" skipped="1" failures="0" errors="0" time="0.16">
    <testcase time="0.0820000000000007" classname="listing_pkpl04" name="PKPL04_listing_is_produced_correctly"/>
    <testcase time="0.0779999999999994" classname="listing_pkpl04" name="PKPL04_listing_is_produced_correctly">
      <skipped message="Reason: On CRAN ('test-listing_pkpl04.R:50')"/>
    </testcase>
  </testsuite>
  <testsuite name="listing_vsl01" timestamp="2023-03-07T09:00:09Z" hostname="6f6aeb164137" tests="2" skipped="1" failures="0" errors="0" time="0.39">
    <testcase time="0.222000000000001" classname="listing_vsl01" name="VSL01_listing_is_produced_correctly"/>
    <testcase time="0.167999999999999" classname="listing_vsl01" name="VSL01_listing_is_produced_correctly">
      <skipped message="Reason: On CRAN ('test-listing_vsl01.R:83')"/>
    </testcase>
  </testsuite>
  <testsuite name="table_adat03" timestamp="2023-03-07T09:00:09Z" hostname="6f6aeb164137" tests="2" skipped="1" failures="0" errors="0" time="0.815">
    <testcase time="0.724" classname="table_adat03" name="ADAT03_is_produced_correctly"/>
    <testcase time="0.0909999999999993" classname="table_adat03" name="ADAT03_is_produced_correctly">
      <skipped message="Reason: On CRAN ('test-table_adat03.R:71')"/>
    </testcase>
  </testsuite>
  <testsuite name="table_aet01" timestamp="2023-03-07T09:00:10Z" hostname="6f6aeb164137" tests="8" skipped="4" failures="0" errors="0" time="2.314">
    <testcase time="0.552000000000001" classname="table_aet01" name="Safety_Summary_Variant_1_works_as_expected"/>
    <testcase time="0.0729999999999986" classname="table_aet01" name="Safety_Summary_Variant_1_works_as_expected">
      <skipped message="Reason: On CRAN ('test-table_aet01.R:94')"/>
    </testcase>
    <testcase time="0.519" classname="table_aet01" name="Safety_Summary_Variant_2_with_Medical_Concepts_Section_works_as_expected"/>
    <testcase time="0.0940000000000012" classname="table_aet01" name="Safety_Summary_Variant_2_with_Medical_Concepts_Section_works_as_expected">
      <skipped message="Reason: On CRAN ('test-table_aet01.R:214')"/>
    </testcase>
    <testcase time="0.417" classname="table_aet01" name="Safety_Summary_Variant_3_with_Modified_Rows_works_as_expected"/>
    <testcase time="0.0589999999999993" classname="table_aet01" name="Safety_Summary_Variant_3_with_Modified_Rows_works_as_expected">
      <skipped message="Reason: On CRAN ('test-table_aet01.R:306')"/>
    </testcase>
    <testcase time="0.500999999999999" classname="table_aet01" name="Safety_Summary_Variant_4_with_Rows_Counting_Events_and_Additional_Sections_works_as_expected"/>
    <testcase time="0.0990000000000002" classname="table_aet01" name="Safety_Summary_Variant_4_with_Rows_Counting_Events_and_Additional_Sections_works_as_expected">
      <skipped message="Reason: On CRAN ('test-table_aet01.R:419')"/>
    </testcase>
  </testsuite>
  <testsuite name="table_aet02" timestamp="2023-03-07T09:00:12Z" hostname="6f6aeb164137" tests="24" skipped="12" failures="0" errors="0" time="8.047">
    <testcase time="0.66" classname="table_aet02" name="AET02_variant_1_is_produced_correctly"/>
    <testcase time="0.135" classname="table_aet02" name="AET02_variant_1_is_produced_correctly">
      <skipped message="Reason: On CRAN ('test-table_aet02.R:42')"/>
    </testcase>
    <testcase time="0.795" classname="table_aet02" name="AET02_variant_2_is_produced_correctly"/>
    <testcase time="0.138000000000002" classname="table_aet02" name="AET02_variant_2_is_produced_correctly">
      <skipped message="Reason: On CRAN ('test-table_aet02.R:95')"/>
    </testcase>
    <testcase time="0.917999999999999" classname="table_aet02" name="AET02_variant_3_is_produced_correctly"/>
    <testcase time="0.215" classname="table_aet02" name="AET02_variant_3_is_produced_correctly">
      <skipped message="Reason: On CRAN ('test-table_aet02.R:149')"/>
    </testcase>
    <testcase time="0.122999999999999" classname="table_aet02" name="AET02_variant_4_is_produced_correctly"/>
    <testcase time="0.0579999999999998" classname="table_aet02" name="AET02_variant_4_is_produced_correctly">
      <skipped message="Reason: On CRAN ('test-table_aet02.R:174')"/>
    </testcase>
    <testcase time="0.513999999999999" classname="table_aet02" name="AET02_variant_5_is_produced_correctly"/>
    <testcase time="0.120000000000001" classname="table_aet02" name="AET02_variant_5_is_produced_correctly">
      <skipped message="Reason: On CRAN ('test-table_aet02.R:214')"/>
    </testcase>
    <testcase time="0.516999999999999" classname="table_aet02" name="AET02_variant_6_is_produced_correctly"/>
    <testcase time="0.0430000000000028" classname="table_aet02" name="AET02_variant_6_is_produced_correctly">
      <skipped message="Reason: On CRAN ('test-table_aet02.R:247')"/>
    </testcase>
    <testcase time="0.904999999999998" classname="table_aet02" name="AET02_variant_7_is_produced_correctly"/>
    <testcase time="0.054000000000002" classname="table_aet02" name="AET02_variant_7_is_produced_correctly">
      <skipped message="Reason: On CRAN ('test-table_aet02.R:294')"/>
    </testcase>
    <testcase time="0.535999999999998" classname="table_aet02" name="AET02_variant_8_is_produced_correctly"/>
    <testcase time="0.0440000000000005" classname="table_aet02" name="AET02_variant_8_is_produced_correctly">
      <skipped message="Reason: On CRAN ('test-table_aet02.R:327')"/>
    </testcase>
    <testcase time="0.509" classname="table_aet02" name="AET02_variant_9_is_produced_correctly"/>
    <testcase time="0.0470000000000006" classname="table_aet02" name="AET02_variant_9_is_produced_correctly">
      <skipped message="Reason: On CRAN ('test-table_aet02.R:360')"/>
    </testcase>
    <testcase time="0.52" classname="table_aet02" name="AET02_variant_10_is_produced_correctly"/>
    <testcase time="0.0530000000000008" classname="table_aet02" name="AET02_variant_10_is_produced_correctly">
      <skipped message="Reason: On CRAN ('test-table_aet02.R:393')"/>
    </testcase>
    <testcase time="0.553000000000001" classname="table_aet02" name="AET02_variant_11_is_produced_correctly"/>
    <testcase time="0.0339999999999989" classname="table_aet02" name="AET02_variant_11_is_produced_correctly">
      <skipped message="Reason: On CRAN ('test-table_aet02.R:426')"/>
    </testcase>
    <testcase time="0.512" classname="table_aet02" name="AET02_variant_12_is_produced_correctly"/>
    <testcase time="0.0440000000000005" classname="table_aet02" name="AET02_variant_12_is_produced_correctly">
      <skipped message="Reason: On CRAN ('test-table_aet02.R:475')"/>
    </testcase>
  </testsuite>
  <testsuite name="table_aet02_smq" timestamp="2023-03-07T09:00:20Z" hostname="6f6aeb164137" tests="4" skipped="2" failures="0" errors="0" time="0.465">
    <testcase time="0.155999999999999" classname="table_aet02_smq" name="AET02SMQ_variant_1_is_produced_correctly"/>
    <testcase time="0.0399999999999991" classname="table_aet02_smq" name="AET02SMQ_variant_1_is_produced_correctly">
      <skipped message="Reason: On CRAN ('test-table_aet02_smq.R:52')"/>
    </testcase>
    <testcase time="0.214000000000002" classname="table_aet02_smq" name="AET02SMQ_variant_2_is_produced_correctly"/>
    <testcase time="0.0549999999999997" classname="table_aet02_smq" name="AET02SMQ_variant_2_is_produced_correctly">
      <skipped message="Reason: On CRAN ('test-table_aet02_smq.R:91')"/>
    </testcase>
  </testsuite>
  <testsuite name="table_aet03" timestamp="2023-03-07T09:00:21Z" hostname="6f6aeb164137" tests="2" skipped="1" failures="0" errors="0" time="1.735">
    <testcase time="1.26" classname="table_aet03" name="AET03_variant_1_is_produced_correctly"/>
    <testcase time="0.475000000000001" classname="table_aet03" name="AET03_variant_1_is_produced_correctly">
      <skipped message="Reason: On CRAN ('test-table_aet03.R:57')"/>
    </testcase>
  </testsuite>
  <testsuite name="table_aet04" timestamp="2023-03-07T09:00:24Z" hostname="6f6aeb164137" tests="16" skipped="8" failures="0" errors="0" time="8.436">
    <testcase time="2.292" classname="table_aet04" name="AET04_variant_1_is_produced_correctly"/>
    <testcase time="0.253" classname="table_aet04" name="AET04_variant_1_is_produced_correctly">
      <skipped message="Reason: On CRAN ('test-table_aet04.R:102')"/>
    </testcase>
    <testcase time="1.008" classname="table_aet04" name="AET04_variant_2_is_produced_correctly_Fill_in_of_Treatment_Groups_"/>
    <testcase time="0.258999999999997" classname="table_aet04" name="AET04_variant_2_is_produced_correctly_Fill_in_of_Treatment_Groups_">
      <skipped message="Reason: On CRAN ('test-table_aet04.R:167')"/>
    </testcase>
    <testcase time="1.696" classname="table_aet04" name="AET04_variant_3_is_produced_correctly_Fill_in_of_Grades_"/>
    <testcase time="0.259" classname="table_aet04" name="AET04_variant_3_is_produced_correctly_Fill_in_of_Grades_">
      <skipped message="Reason: On CRAN ('test-table_aet04.R:224')"/>
    </testcase>
    <testcase time="1.216" classname="table_aet04" name="AET04_variant_4_is_produced_correctly_Collapsing_of_Grades_grades_1_2_grades_3_4_5_"/>
    <testcase time="0.268999999999998" classname="table_aet04" name="AET04_variant_4_is_produced_correctly_Collapsing_of_Grades_grades_1_2_grades_3_4_5_">
      <skipped message="Reason: On CRAN ('test-table_aet04.R:292')"/>
    </testcase>
    <testcase time="0.628" classname="table_aet04" name="AET04_variant_6_is_produced_correctly_with_an_Incidence_Rate_of_at_Least_5_totals_restricted_"/>
    <testcase time="0.141000000000002" classname="table_aet04" name="AET04_variant_6_is_produced_correctly_with_an_Incidence_Rate_of_at_Least_5_totals_restricted_">
      <skipped message="Reason: On CRAN ('test-table_aet04.R:387')"/>
    </testcase>
    <testcase time="0.0189999999999984" classname="table_aet04" name="AET04_variant_8_is_produced_correctly_with_an_Incidence_Rate_of_at_Least_X_Patients_"/>
    <testcase time="0.0949999999999989" classname="table_aet04" name="AET04_variant_8_is_produced_correctly_with_an_Incidence_Rate_of_at_Least_X_Patients_">
      <skipped message="Reason: On CRAN ('test-table_aet04.R:420')"/>
    </testcase>
    <testcase time="0.0200000000000031" classname="table_aet04" name="AET04_variant_9_is_produced_correctlyb_with_a_Difference_in_Incidence_Rate_of_at_Least_X_"/>
    <testcase time="0.102999999999998" classname="table_aet04" name="AET04_variant_9_is_produced_correctlyb_with_a_Difference_in_Incidence_Rate_of_at_Least_X_">
      <skipped message="Reason: On CRAN ('test-table_aet04.R:436')"/>
    </testcase>
    <testcase time="0.0199999999999996" classname="table_aet04" name="AET04_variant_11_is_produced_correctly_with_Incidence_Rate_of_at_Least_X_all_SOCs_w_o_preferred_terms_removed_"/>
    <testcase time="0.158000000000001" classname="table_aet04" name="AET04_variant_11_is_produced_correctly_with_Incidence_Rate_of_at_Least_X_all_SOCs_w_o_preferred_terms_removed_">
      <skipped message="Reason: On CRAN ('test-table_aet04.R:458')"/>
    </testcase>
  </testsuite>
  <testsuite name="table_aet04_pi" timestamp="2023-03-07T09:00:31Z" hostname="6f6aeb164137" tests="18" skipped="9" failures="0" errors="0" time="7.606">
    <testcase time="0.735999999999997" classname="table_aet04_pi" name="AET04_PI_full_table_is_produced_correctly"/>
    <testcase time="0.153000000000006" classname="table_aet04_pi" name="AET04_PI_full_table_is_produced_correctly">
      <skipped message="Reason: On CRAN ('test-table_aet04_pi.R:62')"/>
    </testcase>
    <testcase time="0.783999999999999" classname="table_aet04_pi" name="AET04_PI_variant_1_is_produced_correctly"/>
    <testcase time="0.113999999999997" classname="table_aet04_pi" name="AET04_PI_variant_1_is_produced_correctly">
      <skipped message="Reason: On CRAN ('test-table_aet04_pi.R:84')"/>
    </testcase>
    <testcase time="0.866999999999997" classname="table_aet04_pi" name="AET04_PI_variant_2_is_produced_correctly"/>
    <testcase time="0.0609999999999999" classname="table_aet04_pi" name="AET04_PI_variant_2_is_produced_correctly">
      <skipped message="Reason: On CRAN ('test-table_aet04_pi.R:107')"/>
    </testcase>
    <testcase time="0.765000000000001" classname="table_aet04_pi" name="AET04_PI_variant_3_is_produced_correctly"/>
    <testcase time="0.0890000000000057" classname="table_aet04_pi" name="AET04_PI_variant_3_is_produced_correctly">
      <skipped message="Reason: On CRAN ('test-table_aet04_pi.R:130')"/>
    </testcase>
    <testcase time="0.760999999999996" classname="table_aet04_pi" name="AET04_PI_variant_4_is_produced_correctly"/>
    <testcase time="0.054000000000002" classname="table_aet04_pi" name="AET04_PI_variant_4_is_produced_correctly">
      <skipped message="Reason: On CRAN ('test-table_aet04_pi.R:154')"/>
    </testcase>
    <testcase time="0.789999999999999" classname="table_aet04_pi" name="AET04_PI_variant_5_is_produced_correctly"/>
    <testcase time="0.0900000000000034" classname="table_aet04_pi" name="AET04_PI_variant_5_is_produced_correctly">
      <skipped message="Reason: On CRAN ('test-table_aet04_pi.R:178')"/>
    </testcase>
    <testcase time="0.939" classname="table_aet04_pi" name="AET04_PI_variant_6_is_produced_correctly"/>
    <testcase time="0.0919999999999987" classname="table_aet04_pi" name="AET04_PI_variant_6_is_produced_correctly">
      <skipped message="Reason: On CRAN ('test-table_aet04_pi.R:229')"/>
    </testcase>
    <testcase time="0.942999999999998" classname="table_aet04_pi" name="AET04_PI_variant_7_is_produced_correctly"/>
    <testcase time="0.103000000000002" classname="table_aet04_pi" name="AET04_PI_variant_7_is_produced_correctly">
      <skipped message="Reason: On CRAN ('test-table_aet04_pi.R:280')"/>
    </testcase>
    <testcase time="0.170999999999999" classname="table_aet04_pi" name="AET04_PI_variant_8_is_produced_correctly"/>
    <testcase time="0.0940000000000012" classname="table_aet04_pi" name="AET04_PI_variant_8_is_produced_correctly">
      <skipped message="Reason: On CRAN ('test-table_aet04_pi.R:314')"/>
    </testcase>
  </testsuite>
  <testsuite name="table_aet05" timestamp="2023-03-07T09:00:39Z" hostname="6f6aeb164137" tests="4" skipped="2" failures="0" errors="0" time="0.251">
    <testcase time="0.112000000000002" classname="table_aet05" name="AET05_variant_1_is_produced_correctly"/>
    <testcase time="0.0330000000000013" classname="table_aet05" name="AET05_variant_1_is_produced_correctly">
      <skipped message="Reason: On CRAN ('test-table_aet05.R:22')"/>
    </testcase>
    <testcase time="0.0760000000000005" classname="table_aet05" name="AET05_variant_2_is_produced_correctly"/>
    <testcase time="0.029999999999994" classname="table_aet05" name="AET05_variant_2_is_produced_correctly">
      <skipped message="Reason: On CRAN ('test-table_aet05.R:42')"/>
    </testcase>
  </testsuite>
  <testsuite name="table_aet06" timestamp="2023-03-07T09:00:39Z" hostname="6f6aeb164137" tests="6" skipped="3" failures="0" errors="0" time="4.585">
    <testcase time="0.873000000000005" classname="table_aet06" name="AET06_variant_1_is_produced_correctly"/>
    <testcase time="0.177999999999997" classname="table_aet06" name="AET06_variant_1_is_produced_correctly">
      <skipped message="Reason: On CRAN ('test-table_aet06.R:81')"/>
    </testcase>
    <testcase time="1.48" classname="table_aet06" name="AET06_variant_3_is_produced_correctly"/>
    <testcase time="0.271999999999998" classname="table_aet06" name="AET06_variant_3_is_produced_correctly">
      <skipped message="Reason: On CRAN ('test-table_aet06.R:133')"/>
    </testcase>
    <testcase time="1.501" classname="table_aet06" name="AET06_variant_5_is_produced_correctly"/>
    <testcase time="0.280999999999999" classname="table_aet06" name="AET06_variant_5_is_produced_correctly">
      <skipped message="Reason: On CRAN ('test-table_aet06.R:177')"/>
    </testcase>
  </testsuite>
  <testsuite name="table_aet06_smq" timestamp="2023-03-07T09:00:44Z" hostname="6f6aeb164137" tests="4" skipped="2" failures="0" errors="0" time="1.477">
    <testcase time="0.593000000000004" classname="table_aet06_smq" name="AET06_SMQ_variant_1_is_produced_correctly"/>
    <testcase time="0.149000000000001" classname="table_aet06_smq" name="AET06_SMQ_variant_1_is_produced_correctly">
      <skipped message="Reason: On CRAN ('test-table_aet06_smq.R:73')"/>
    </testcase>
    <testcase time="0.585999999999999" classname="table_aet06_smq" name="AET06_SMQ_variant_2_is_produced_correctly"/>
    <testcase time="0.149000000000001" classname="table_aet06_smq" name="AET06_SMQ_variant_2_is_produced_correctly">
      <skipped message="Reason: On CRAN ('test-table_aet06_smq.R:160')"/>
    </testcase>
  </testsuite>
  <testsuite name="table_aet07" timestamp="2023-03-07T09:00:45Z" hostname="6f6aeb164137" tests="4" skipped="2" failures="0" errors="0" time="0.26">
    <testcase time="0.0929999999999964" classname="table_aet07" name="AET07_variant_1_is_produced_correctly"/>
    <testcase time="0.0249999999999986" classname="table_aet07" name="AET07_variant_1_is_produced_correctly">
      <skipped message="Reason: On CRAN ('test-table_aet07.R:51')"/>
    </testcase>
    <testcase time="0.113" classname="table_aet07" name="AET07_variant_2_is_produced_correctly"/>
    <testcase time="0.0290000000000035" classname="table_aet07" name="AET07_variant_2_is_produced_correctly">
      <skipped message="Reason: On CRAN ('test-table_aet07.R:82')"/>
    </testcase>
  </testsuite>
  <testsuite name="table_aet09" timestamp="2023-03-07T09:00:45Z" hostname="6f6aeb164137" tests="4" skipped="2" failures="0" errors="0" time="1.328">
    <testcase time="0.485999999999997" classname="table_aet09" name="AET09_variant_1_is_produced_correctly_AE_related_to_study_drug"/>
    <testcase time="0.115000000000002" classname="table_aet09" name="AET09_variant_1_is_produced_correctly_AE_related_to_study_drug">
      <skipped message="Reason: On CRAN ('test-table_aet09.R:43')"/>
    </testcase>
    <testcase time="0.579999999999998" classname="table_aet09" name="AET09_variant_2_is_produced_correctly_AE_related_to_study_drug_including_high_level_terms_"/>
    <testcase time="0.147000000000006" classname="table_aet09" name="AET09_variant_2_is_produced_correctly_AE_related_to_study_drug_including_high_level_terms_">
      <skipped message="Reason: On CRAN ('test-table_aet09.R:100')"/>
    </testcase>
  </testsuite>
  <testsuite name="table_aet09_smq" timestamp="2023-03-07T09:00:47Z" hostname="6f6aeb164137" tests="4" skipped="2" failures="0" errors="0" time="0.646">
    <testcase time="0.204000000000001" classname="table_aet09_smq" name="AET09_variant_1_AEs_related_to_study_drug_by_SMQ_is_produced_correctly"/>
    <testcase time="0.0419999999999945" classname="table_aet09_smq" name="AET09_variant_1_AEs_related_to_study_drug_by_SMQ_is_produced_correctly">
      <skipped message="Reason: On CRAN ('test-table_aet09_smq.R:69')"/>
    </testcase>
    <testcase time="0.332000000000001" classname="table_aet09_smq" name="AET09_variant_2_AEs_related_to_study_drug_by_SMQ_with_customized_queries_is_produced_correctly"/>
    <testcase time="0.0679999999999978" classname="table_aet09_smq" name="AET09_variant_2_AEs_related_to_study_drug_by_SMQ_with_customized_queries_is_produced_correctly">
      <skipped message="Reason: On CRAN ('test-table_aet09_smq.R:128')"/>
    </testcase>
  </testsuite>
  <testsuite name="table_aet10" timestamp="2023-03-07T09:00:47Z" hostname="6f6aeb164137" tests="2" skipped="1" failures="0" errors="0" time="0.157">
    <testcase time="0.110000000000007" classname="table_aet10" name="AET10_default_variant_is_produced_correctly"/>
    <testcase time="0.046999999999997" classname="table_aet10" name="AET10_default_variant_is_produced_correctly">
      <skipped message="Reason: On CRAN ('test-table_aet10.R:23')"/>
    </testcase>
  </testsuite>
  <testsuite name="table_aovt01" timestamp="2023-03-07T09:00:47Z" hostname="6f6aeb164137" tests="4" skipped="2" failures="0" errors="0" time="1.239">
    <testcase time="0.375" classname="table_aovt01" name="AOVT01_variant_with_single_endpoint_is_produced_correctly"/>
    <testcase time="0.0519999999999996" classname="table_aovt01" name="AOVT01_variant_with_single_endpoint_is_produced_correctly">
      <skipped message="Reason: On CRAN ('test-table_aovt01.R:33')"/>
    </testcase>
    <testcase time="0.685000000000002" classname="table_aovt01" name="AOVT01_variant_with_multiple_endpoints_is_produced_correctly"/>
    <testcase time="0.126999999999995" classname="table_aovt01" name="AOVT01_variant_with_multiple_endpoints_is_produced_correctly">
      <skipped message="Reason: On CRAN ('test-table_aovt01.R:52')"/>
    </testcase>
  </testsuite>
  <testsuite name="table_cmt01" timestamp="2023-03-07T09:00:49Z" hostname="6f6aeb164137" tests="8" skipped="4" failures="0" errors="0" time="1.555">
    <testcase time="0.328000000000003" classname="table_cmt01" name="CMT01_default_variant_Concomitant_medications_is_produced_correctly"/>
    <testcase time="0.100999999999999" classname="table_cmt01" name="CMT01_default_variant_Concomitant_medications_is_produced_correctly">
      <skipped message="Reason: On CRAN ('test-table_cmt01.R:36')"/>
    </testcase>
    <testcase time="0.243000000000002" classname="table_cmt01" name="CMT01_variant_1_prior_medications_is_produced_correctly"/>
    <testcase time="0.0599999999999952" classname="table_cmt01" name="CMT01_variant_1_prior_medications_is_produced_correctly">
      <skipped message="Reason: On CRAN ('test-table_cmt01.R:71')"/>
    </testcase>
    <testcase time="0.326000000000001" classname="table_cmt01" name="CMT01_variant_3_Concomitant_medications_is_produced_correctly"/>
    <testcase time="0.070999999999998" classname="table_cmt01" name="CMT01_variant_3_Concomitant_medications_is_produced_correctly">
      <skipped message="Reason: On CRAN ('test-table_cmt01.R:104')"/>
    </testcase>
    <testcase time="0.344999999999999" classname="table_cmt01" name="CMT01_variant_4_Concomitant_medications_is_produced_correctly"/>
    <testcase time="0.0810000000000031" classname="table_cmt01" name="CMT01_variant_4_Concomitant_medications_is_produced_correctly">
      <skipped message="Reason: On CRAN ('test-table_cmt01.R:135')"/>
    </testcase>
  </testsuite>
  <testsuite name="table_cmt02_pt" timestamp="2023-03-07T09:00:50Z" hostname="6f6aeb164137" tests="2" skipped="1" failures="0" errors="0" time="0.434">
    <testcase time="0.375" classname="table_cmt02_pt" name="CMT02_PT_default_variant_is_produced_correctly"/>
    <testcase time="0.0589999999999975" classname="table_cmt02_pt" name="CMT02_PT_default_variant_is_produced_correctly">
      <skipped message="Reason: On CRAN ('test-table_cmt02_pt.R:26')"/>
    </testcase>
  </testsuite>
  <testsuite name="table_coxt01" timestamp="2023-03-07T09:00:51Z" hostname="6f6aeb164137" tests="8" skipped="4" failures="0" errors="0" time="1.233">
    <testcase time="0.219999999999999" classname="table_coxt01" name="1._Cox_Regression"/>
    <testcase time="0.0399999999999991" classname="table_coxt01" name="1._Cox_Regression">
      <skipped message="Reason: On CRAN ('test-table_coxt01.R:43')"/>
    </testcase>
    <testcase time="0.329000000000001" classname="table_coxt01" name="2._Cox_Regression_with_Interaction_Term_"/>
    <testcase time="0.00500000000000256" classname="table_coxt01" name="2._Cox_Regression_with_Interaction_Term_">
      <skipped message="Reason: On CRAN ('test-table_coxt01.R:70')"/>
    </testcase>
    <testcase time="0.310000000000002" classname="table_coxt01" name="3._Cox_Regression_specifying_covariates_"/>
    <testcase time="0.00600000000000023" classname="table_coxt01" name="3._Cox_Regression_specifying_covariates_">
      <skipped message="Reason: On CRAN ('test-table_coxt01.R:99')"/>
    </testcase>
    <testcase time="0.308999999999997" classname="table_coxt01" name="4._Cox_Regression_setting_strata_ties_and_alpha_level_"/>
    <testcase time="0.0140000000000029" classname="table_coxt01" name="4._Cox_Regression_setting_strata_ties_and_alpha_level_">
      <skipped message="Reason: On CRAN ('test-table_coxt01.R:133')"/>
    </testcase>
  </testsuite>
  <testsuite name="table_coxt02" timestamp="2023-03-07T09:00:52Z" hostname="6f6aeb164137" tests="4" skipped="2" failures="0" errors="0" time="0.385">
    <testcase time="0.166999999999994" classname="table_coxt02" name="COXT02_default_variant_1_is_produced_correctly"/>
    <testcase time="0.0360000000000014" classname="table_coxt02" name="COXT02_default_variant_1_is_produced_correctly">
      <skipped message="Reason: On CRAN ('test-table_coxt02.R:44')"/>
    </testcase>
    <testcase time="0.149999999999999" classname="table_coxt02" name="COXT02_variant_5_is_produced_correctly"/>
    <testcase time="0.0320000000000036" classname="table_coxt02" name="COXT02_variant_5_is_produced_correctly">
      <skipped message="Reason: On CRAN ('test-table_coxt02.R:67')"/>
    </testcase>
  </testsuite>
  <testsuite name="table_disclosures" timestamp="2023-03-07T09:00:52Z" hostname="6f6aeb164137" tests="12" skipped="6" failures="0" errors="0" time="1.886">
    <testcase time="0.222000000000001" classname="table_disclosures" name="Patient_Disposition_table_is_produced_correctly"/>
    <testcase time="0.0569999999999951" classname="table_disclosures" name="Patient_Disposition_table_is_produced_correctly">
      <skipped message="Reason: On CRAN ('test-table_disclosures.R:110')"/>
    </testcase>
    <testcase time="0.298999999999999" classname="table_disclosures" name="Demographic_table_is_produced_correctly"/>
    <testcase time="0.102000000000004" classname="table_disclosures" name="Demographic_table_is_produced_correctly">
      <skipped message="Reason: On CRAN ('test-table_disclosures.R:131')"/>
    </testcase>
    <testcase time="0.101999999999997" classname="table_disclosures" name="Enrollment_by_Country_Table_is_produced_correctly"/>
    <testcase time="0.0570000000000022" classname="table_disclosures" name="Enrollment_by_Country_Table_is_produced_correctly">
      <skipped message="Reason: On CRAN ('test-table_disclosures.R:143')"/>
    </testcase>
    <testcase time="0.0769999999999982" classname="table_disclosures" name="Death_table_is_produced_correctly"/>
    <testcase time="0.0239999999999938" classname="table_disclosures" name="Death_table_is_produced_correctly">
      <skipped message="Reason: On CRAN ('test-table_disclosures.R:161')"/>
    </testcase>
    <testcase time="0.360000000000007" classname="table_disclosures" name="Table_of_Serious_Adverse_Events_is_produced_correctly_for_one_specific_treatment_arm_"/>
    <testcase time="0.0519999999999996" classname="table_disclosures" name="Table_of_Serious_Adverse_Events_is_produced_correctly_for_one_specific_treatment_arm_">
      <skipped message="Reason: On CRAN ('test-table_disclosures.R:189')"/>
    </testcase>
    <testcase time="0.439999999999998" classname="table_disclosures" name="Table_of_Non_Serious_Adverse_Events_is_produced_correctly"/>
    <testcase time="0.0940000000000012" classname="table_disclosures" name="Table_of_Non_Serious_Adverse_Events_is_produced_correctly">
      <skipped message="Reason: On CRAN ('test-table_disclosures.R:211')"/>
    </testcase>
  </testsuite>
  <testsuite name="table_dmt01" timestamp="2023-03-07T09:00:54Z" hostname="6f6aeb164137" tests="2" skipped="1" failures="0" errors="0" time="0.575">
    <testcase time="0.425999999999995" classname="table_dmt01" name="DMT01_default_and_alternative_variants_are_produced_correctly"/>
    <testcase time="0.149000000000001" classname="table_dmt01" name="DMT01_default_and_alternative_variants_are_produced_correctly">
      <skipped message="Reason: On CRAN ('test-table_dmt01.R:62')"/>
    </testcase>
  </testsuite>
  <testsuite name="table_dort01" timestamp="2023-03-07T09:00:55Z" hostname="6f6aeb164137" tests="8" skipped="4" failures="0" errors="0" time="1.529">
    <testcase time="0.364000000000004" classname="table_dort01" name="DORT01_variant_1_is_produced_correctly"/>
    <testcase time="0.0829999999999984" classname="table_dort01" name="DORT01_variant_1_is_produced_correctly">
      <skipped message="Reason: On CRAN ('test-table_dort01.R:78')"/>
    </testcase>
    <testcase time="0.305999999999997" classname="table_dort01" name="DORT01_variant_2_selecting_sectons_is_produced_correctly"/>
    <testcase time="0.0690000000000026" classname="table_dort01" name="DORT01_variant_2_selecting_sectons_is_produced_correctly">
      <skipped message="Reason: On CRAN ('test-table_dort01.R:134')"/>
    </testcase>
    <testcase time="0.281999999999996" classname="table_dort01" name="DORT01_variant_3_modifying_conftype_and_alpha_level_is_produced_correctly"/>
    <testcase time="0.0690000000000026" classname="table_dort01" name="DORT01_variant_3_modifying_conftype_and_alpha_level_is_produced_correctly">
      <skipped message="Reason: On CRAN ('test-table_dort01.R:190')"/>
    </testcase>
    <testcase time="0.274999999999999" classname="table_dort01" name="DORT01_variant_4_modifying_time_point_for_the_xx_duration_is_produced_correctly"/>
    <testcase time="0.0810000000000031" classname="table_dort01" name="DORT01_variant_4_modifying_time_point_for_the_xx_duration_is_produced_correctly">
      <skipped message="Reason: On CRAN ('test-table_dort01.R:244')"/>
    </testcase>
  </testsuite>
  <testsuite name="table_dst01" timestamp="2023-03-07T09:00:56Z" hostname="6f6aeb164137" tests="6" skipped="3" failures="0" errors="0" time="1.379">
    <testcase time="0.359000000000002" classname="table_dst01" name="DST01_default_variant_is_produced_correctly"/>
    <testcase time="0.0479999999999947" classname="table_dst01" name="DST01_default_variant_is_produced_correctly">
      <skipped message="Reason: On CRAN ('test-table_dst01.R:83')"/>
    </testcase>
    <testcase time="0.473000000000006" classname="table_dst01" name="DST01_variant_with_grouping_of_reasons_is_produced_correctly"/>
    <testcase time="0.0589999999999975" classname="table_dst01" name="DST01_variant_with_grouping_of_reasons_is_produced_correctly">
      <skipped message="Reason: On CRAN ('test-table_dst01.R:102')"/>
    </testcase>
    <testcase time="0.375999999999998" classname="table_dst01" name="DST01_variant_with_adding_other_optional_rows_is_produced_correctly"/>
    <testcase time="0.0640000000000001" classname="table_dst01" name="DST01_variant_with_adding_other_optional_rows_is_produced_correctly">
      <skipped message="Reason: On CRAN ('test-table_dst01.R:119')"/>
    </testcase>
  </testsuite>
  <testsuite name="table_dth01" timestamp="2023-03-07T09:00:58Z" hostname="6f6aeb164137" tests="8" skipped="4" failures="0" errors="0" time="1.447">
    <testcase time="0.122" classname="table_dth01" name="DTH01_variant_1_is_produced_correctly"/>
    <testcase time="0.0419999999999945" classname="table_dth01" name="DTH01_variant_1_is_produced_correctly">
      <skipped message="Reason: On CRAN ('test-table_dth01.R:22')"/>
    </testcase>
    <testcase time="0.468000000000004" classname="table_dth01" name="DTH01_variant_2_is_produced_correctly"/>
    <testcase time="0.109000000000002" classname="table_dth01" name="DTH01_variant_2_is_produced_correctly">
      <skipped message="Reason: On CRAN ('test-table_dth01.R:81')"/>
    </testcase>
    <testcase time="0.233999999999995" classname="table_dth01" name="DTH01_variant_3_is_produced_correctly"/>
    <testcase time="0.0620000000000047" classname="table_dth01" name="DTH01_variant_3_is_produced_correctly">
      <skipped message="Reason: On CRAN ('test-table_dth01.R:140')"/>
    </testcase>
    <testcase time="0.332000000000001" classname="table_dth01" name="DTH01_variant_4_is_produced_correctly"/>
    <testcase time="0.0779999999999959" classname="table_dth01" name="DTH01_variant_4_is_produced_correctly">
      <skipped message="Reason: On CRAN ('test-table_dth01.R:217')"/>
    </testcase>
  </testsuite>
  <testsuite name="table_egt01" timestamp="2023-03-07T09:00:59Z" hostname="6f6aeb164137" tests="2" skipped="1" failures="0" errors="0" time="0.961">
    <testcase time="0.765999999999998" classname="table_egt01" name="EGT01_default_variant_is_produced_correctly"/>
    <testcase time="0.195" classname="table_egt01" name="EGT01_default_variant_is_produced_correctly">
      <skipped message="Reason: On CRAN ('test-table_egt01.R:22')"/>
    </testcase>
  </testsuite>
  <testsuite name="table_egt02" timestamp="2023-03-07T09:01:00Z" hostname="6f6aeb164137" tests="4" skipped="2" failures="0" errors="0" time="0.579">
    <testcase time="0.256" classname="table_egt02" name="_EGT02_1._Regardless_of_Abnormality_at_Baseline"/>
    <testcase time="0.0530000000000044" classname="table_egt02" name="_EGT02_1._Regardless_of_Abnormality_at_Baseline">
      <skipped message="Reason: On CRAN ('test-table_egt02.R:28')"/>
    </testcase>
    <testcase time="0.216999999999999" classname="table_egt02" name="_EGT02_2._Among_Subjects_Without_Abnormality_at_Baseline"/>
    <testcase time="0.0529999999999973" classname="table_egt02" name="_EGT02_2._Among_Subjects_Without_Abnormality_at_Baseline">
      <skipped message="Reason: On CRAN ('test-table_egt02.R:51')"/>
    </testcase>
  </testsuite>
  <testsuite name="table_egt03" timestamp="2023-03-07T09:01:01Z" hostname="6f6aeb164137" tests="8" skipped="4" failures="0" errors="0" time="1.32">
    <testcase time="0.258000000000003" classname="table_egt03" name="EGT03_variant_1_is_produced_correctly"/>
    <testcase time="0.0949999999999989" classname="table_egt03" name="EGT03_variant_1_is_produced_correctly">
      <skipped message="Reason: On CRAN ('test-table_egt03.R:50')"/>
    </testcase>
    <testcase time="0.219999999999999" classname="table_egt03" name="EGT03_variant_2_is_produced_correctly"/>
    <testcase time="0.0720000000000027" classname="table_egt03" name="EGT03_variant_2_is_produced_correctly">
      <skipped message="Reason: On CRAN ('test-table_egt03.R:91')"/>
    </testcase>
    <testcase time="0.248999999999995" classname="table_egt03" name="EGT03_variant_3_is_produced_correctly"/>
    <testcase time="0.0760000000000005" classname="table_egt03" name="EGT03_variant_3_is_produced_correctly">
      <skipped message="Reason: On CRAN ('test-table_egt03.R:132')"/>
    </testcase>
    <testcase time="0.253" classname="table_egt03" name="EGT03_variant_4_is_produced_correctly"/>
    <testcase time="0.0970000000000013" classname="table_egt03" name="EGT03_variant_4_is_produced_correctly">
      <skipped message="Reason: On CRAN ('test-table_egt03.R:179')"/>
    </testcase>
  </testsuite>
  <testsuite name="table_egt04" timestamp="2023-03-07T09:01:02Z" hostname="6f6aeb164137" tests="2" skipped="1" failures="0" errors="0" time="0.261">
    <testcase time="0.206000000000003" classname="table_egt04" name="EGT04_default_variant_is_produced_correctly"/>
    <testcase time="0.0549999999999997" classname="table_egt04" name="EGT04_default_variant_is_produced_correctly">
      <skipped message="Reason: On CRAN ('test-table_egt04.R:51')"/>
    </testcase>
  </testsuite>
  <testsuite name="table_egt05_qtcat" timestamp="2023-03-07T09:01:02Z" hostname="6f6aeb164137" tests="2" skipped="1" failures="0" errors="0" time="1.027">
    <testcase time="0.807000000000002" classname="table_egt05_qtcat" name="EGT05_QTCAT_default_variant_is_produced_correctly"/>
    <testcase time="0.219999999999999" classname="table_egt05_qtcat" name="EGT05_QTCAT_default_variant_is_produced_correctly">
      <skipped message="Reason: On CRAN ('test-table_egt05_qtcat.R:57')"/>
    </testcase>
  </testsuite>
  <testsuite name="table_ent" timestamp="2023-03-07T09:01:03Z" hostname="6f6aeb164137" tests="8" skipped="4" failures="0" errors="0" time="15.072">
    <testcase time="3.825" classname="table_ent" name="ENT01_IT_is_produced_correctly"/>
    <testcase time="0.551000000000002" classname="table_ent" name="ENT01_IT_is_produced_correctly">
      <skipped message="Reason: On CRAN ('test-table_ent.R:24')"/>
    </testcase>
    <testcase time="2.56299999999999" classname="table_ent" name="ENT01a_IT_is_produced_correctly"/>
    <testcase time="0.525000000000006" classname="table_ent" name="ENT01a_IT_is_produced_correctly">
      <skipped message="Reason: On CRAN ('test-table_ent.R:40')"/>
    </testcase>
    <testcase time="3.953" classname="table_ent" name="ENT02_IT_is_produced_correctly"/>
    <testcase time="0.566999999999993" classname="table_ent" name="ENT02_IT_is_produced_correctly">
      <skipped message="Reason: On CRAN ('test-table_ent.R:61')"/>
    </testcase>
    <testcase time="2.61800000000001" classname="table_ent" name="ENT02a_IT_is_produced_correctly"/>
    <testcase time="0.469999999999999" classname="table_ent" name="ENT02a_IT_is_produced_correctly">
      <skipped message="Reason: On CRAN ('test-table_ent.R:79')"/>
    </testcase>
  </testsuite>
  <testsuite name="table_ext01" timestamp="2023-03-07T09:01:18Z" hostname="6f6aeb164137" tests="6" skipped="3" failures="0" errors="0" time="1.154">
    <testcase time="0.285000000000011" classname="table_ext01" name="EXT01_default_variant_with_numeric_parameters_is_produced_correctly"/>
    <testcase time="0.0749999999999886" classname="table_ext01" name="EXT01_default_variant_with_numeric_parameters_is_produced_correctly">
      <skipped message="Reason: On CRAN ('test-table_ext01.R:58')"/>
    </testcase>
    <testcase time="0.287000000000006" classname="table_ext01" name="EXT01_variant_with_both_numeric_and_categorical_parameters"/>
    <testcase time="0.0849999999999937" classname="table_ext01" name="EXT01_variant_with_both_numeric_and_categorical_parameters">
      <skipped message="Reason: On CRAN ('test-table_ext01.R:147')"/>
    </testcase>
    <testcase time="0.320999999999998" classname="table_ext01" name="EXT01_variant_with_user_specified_categories_for_missed_doses"/>
    <testcase time="0.100999999999999" classname="table_ext01" name="EXT01_variant_with_user_specified_categories_for_missed_doses">
      <skipped message="Reason: On CRAN ('test-table_ext01.R:241')"/>
    </testcase>
  </testsuite>
  <testsuite name="table_fstg02" timestamp="2023-03-07T09:01:19Z" hostname="6f6aeb164137" tests="8" skipped="4" failures="0" errors="0" time="2.876">
    <testcase time="0.819000000000003" classname="table_fstg02" name="FSTG02_table_variant_1_Subgroup_Analysis_of_Survival_Duration_is_produced_correctly"/>
    <testcase time="0.0700000000000074" classname="table_fstg02" name="FSTG02_table_variant_1_Subgroup_Analysis_of_Survival_Duration_is_produced_correctly">
      <skipped message="Reason: On CRAN ('test-table_fstg02.R:43')"/>
    </testcase>
    <testcase time="0.765000000000001" classname="table_fstg02" name="FSTG02_table_variant_2_specifying_class_variables_and_options_for_the_treatment_variable_"/>
    <testcase time="0.0690000000000026" classname="table_fstg02" name="FSTG02_table_variant_2_specifying_class_variables_and_options_for_the_treatment_variable_">
      <skipped message="Reason: On CRAN ('test-table_fstg02.R:80')"/>
    </testcase>
    <testcase time="0.281000000000006" classname="table_fstg02" name="FSTG02_table_variant_3_selecting_columns_and_changing_the_alpha_level_"/>
    <testcase time="0.0459999999999923" classname="table_fstg02" name="FSTG02_table_variant_3_selecting_columns_and_changing_the_alpha_level_">
      <skipped message="Reason: On CRAN ('test-table_fstg02.R:105')"/>
    </testcase>
    <testcase time="0.756" classname="table_fstg02" name="FSTG02_table_variant_4_fixed_symbol_size_is_produced_correctly"/>
    <testcase time="0.0700000000000074" classname="table_fstg02" name="FSTG02_table_variant_4_fixed_symbol_size_is_produced_correctly">
      <skipped message="Reason: On CRAN ('test-table_fstg02.R:135')"/>
    </testcase>
  </testsuite>
  <testsuite name="table_lbt01" timestamp="2023-03-07T09:01:22Z" hostname="6f6aeb164137" tests="2" skipped="1" failures="0" errors="0" time="0.769">
    <testcase time="0.61699999999999" classname="table_lbt01" name="LBT01_default_variant_is_produced_correctly"/>
    <testcase time="0.152000000000001" classname="table_lbt01" name="LBT01_default_variant_is_produced_correctly">
      <skipped message="Reason: On CRAN ('test-table_lbt01.R:26')"/>
    </testcase>
  </testsuite>
  <testsuite name="table_lbt02" timestamp="2023-03-07T09:01:23Z" hostname="6f6aeb164137" tests="2" skipped="1" failures="0" errors="0" time="0.444">
    <testcase time="0.329999999999998" classname="table_lbt02" name="LBT02_default_variant_is_produced_correctly"/>
    <testcase time="0.114000000000004" classname="table_lbt02" name="LBT02_default_variant_is_produced_correctly">
      <skipped message="Reason: On CRAN ('test-table_lbt02.R:19')"/>
    </testcase>
  </testsuite>
  <testsuite name="table_lbt03" timestamp="2023-03-07T09:01:24Z" hostname="6f6aeb164137" tests="2" skipped="1" failures="0" errors="0" time="0.506">
    <testcase time="0.381" classname="table_lbt03" name="LBT03_default_variant_is_produced_correctly"/>
    <testcase time="0.125" classname="table_lbt03" name="LBT03_default_variant_is_produced_correctly">
      <skipped message="Reason: On CRAN ('test-table_lbt03.R:29')"/>
    </testcase>
  </testsuite>
  <testsuite name="table_lbt04" timestamp="2023-03-07T09:01:24Z" hostname="6f6aeb164137" tests="2" skipped="1" failures="0" errors="0" time="0.255">
    <testcase time="0.203999999999994" classname="table_lbt04" name="LBT04_default_variant_is_produced_correctly"/>
    <testcase time="0.0510000000000019" classname="table_lbt04" name="LBT04_default_variant_is_produced_correctly">
      <skipped message="Reason: On CRAN ('test-table_lbt04.R:25')"/>
    </testcase>
  </testsuite>
  <testsuite name="table_lbt05" timestamp="2023-03-07T09:01:24Z" hostname="6f6aeb164137" tests="6" skipped="3" failures="0" errors="0" time="124.716">
    <testcase time="41.963" classname="table_lbt05" name="LBT05_variant_1_is_produced_correctly"/>
    <testcase time="0.0819999999999936" classname="table_lbt05" name="LBT05_variant_1_is_produced_correctly">
      <skipped message="Reason: On CRAN ('test-table_lbt05.R:108')"/>
    </testcase>
    <testcase time="41.222" classname="table_lbt05" name="LBT05_variant_2_is_produced_correctly"/>
    <testcase time="0.0910000000000082" classname="table_lbt05" name="LBT05_variant_2_is_produced_correctly">
      <skipped message="Reason: On CRAN ('test-table_lbt05.R:176')"/>
    </testcase>
    <testcase time="41.284" classname="table_lbt05" name="LBT05_variant_4_is_produced_correctly"/>
    <testcase time="0.0740000000000123" classname="table_lbt05" name="LBT05_variant_4_is_produced_correctly">
      <skipped message="Reason: On CRAN ('test-table_lbt05.R:249')"/>
    </testcase>
  </testsuite>
  <testsuite name="table_lbt06" timestamp="2023-03-07T09:03:29Z" hostname="6f6aeb164137" tests="2" skipped="1" failures="0" errors="0" time="0.666">
    <testcase time="0.51400000000001" classname="table_lbt06" name="LBT06_default_variant_is_produced_correctly"/>
    <testcase time="0.151999999999987" classname="table_lbt06" name="LBT06_default_variant_is_produced_correctly">
      <skipped message="Reason: On CRAN ('test-table_lbt06.R:24')"/>
    </testcase>
  </testsuite>
  <testsuite name="table_lbt07" timestamp="2023-03-07T09:03:30Z" hostname="6f6aeb164137" tests="2" skipped="1" failures="0" errors="0" time="0.61">
    <testcase time="0.507000000000005" classname="table_lbt07" name="LBT07_is_produced_correctly"/>
    <testcase time="0.103000000000009" classname="table_lbt07" name="LBT07_is_produced_correctly">
      <skipped message="Reason: On CRAN ('test-table_lbt07.R:77')"/>
    </testcase>
  </testsuite>
  <testsuite name="table_lbt08" timestamp="2023-03-07T09:03:30Z" hostname="6f6aeb164137" tests="2" skipped="1" failures="0" errors="0" time="0.553">
    <testcase time="0.450999999999993" classname="table_lbt08" name="LBT08_produce_correctly"/>
    <testcase time="0.102000000000004" classname="table_lbt08" name="LBT08_produce_correctly">
      <skipped message="Reason: On CRAN ('test-table_lbt08.R:38')"/>
    </testcase>
  </testsuite>
  <testsuite name="table_lbt14" timestamp="2023-03-07T09:03:31Z" hostname="6f6aeb164137" tests="10" skipped="5" failures="0" errors="0" time="3.023">
    <testcase time="0.475999999999999" classname="table_lbt14" name="LBT14_variant_1_HIGH_works_as_expected"/>
    <testcase time="0.11099999999999" classname="table_lbt14" name="LBT14_variant_1_HIGH_works_as_expected">
      <skipped message="Reason: On CRAN ('test-table_lbt14.R:48')"/>
    </testcase>
    <testcase time="0.450999999999993" classname="table_lbt14" name="LBT14_variant_2_LOW_works_as_expected"/>
    <testcase time="0.125" classname="table_lbt14" name="LBT14_variant_2_LOW_works_as_expected">
      <skipped message="Reason: On CRAN ('test-table_lbt14.R:95')"/>
    </testcase>
    <testcase time="0.462000000000018" classname="table_lbt14" name="LBT14_variant_3_LOW_without_baseline_missing_works_as_expected"/>
    <testcase time="0.105999999999995" classname="table_lbt14" name="LBT14_variant_3_LOW_without_baseline_missing_works_as_expected">
      <skipped message="Reason: On CRAN ('test-table_lbt14.R:141')"/>
    </testcase>
    <testcase time="0.466000000000008" classname="table_lbt14" name="LBT14_variant_4_LOW_and_force_1_missing_both_baseline_and_post_baseline_then_force_the_missing_baseline_as_0_as_expected"/>
    <testcase time="0.109999999999985" classname="table_lbt14" name="LBT14_variant_4_LOW_and_force_1_missing_both_baseline_and_post_baseline_then_force_the_missing_baseline_as_0_as_expected">
      <skipped message="Reason: On CRAN ('test-table_lbt14.R:189')"/>
    </testcase>
    <testcase time="0.562000000000012" classname="table_lbt14" name="LBT14_variant_5_HIGH_with_fillings_works_as_expected"/>
    <testcase time="0.153999999999996" classname="table_lbt14" name="LBT14_variant_5_HIGH_with_fillings_works_as_expected">
      <skipped message="Reason: On CRAN ('test-table_lbt14.R:236')"/>
    </testcase>
  </testsuite>
  <testsuite name="table_lgrt02" timestamp="2023-03-07T09:03:34Z" hostname="6f6aeb164137" tests="8" skipped="4" failures="0" errors="0" time="2.957">
    <testcase time="0.537000000000006" classname="table_lgrt02" name="LGRT02_without_interaction_term_is_produced_correctly"/>
    <testcase time="0.110000000000014" classname="table_lgrt02" name="LGRT02_without_interaction_term_is_produced_correctly">
      <skipped message="Reason: On CRAN ('test-table_lgrt02.R:52')"/>
    </testcase>
    <testcase time="0.62299999999999" classname="table_lgrt02" name="LGRT02_with_categorical_interaction_is_produced_correctly"/>
    <testcase time="0.132000000000005" classname="table_lgrt02" name="LGRT02_with_categorical_interaction_is_produced_correctly">
      <skipped message="Reason: On CRAN ('test-table_lgrt02.R:78')"/>
    </testcase>
    <testcase time="0.625" classname="table_lgrt02" name="LGRT02_with_continuous_interaction_is_produced_correctly"/>
    <testcase time="0.349000000000018" classname="table_lgrt02" name="LGRT02_with_continuous_interaction_is_produced_correctly">
      <skipped message="Reason: On CRAN ('test-table_lgrt02.R:104')"/>
    </testcase>
    <testcase time="0.475999999999999" classname="table_lgrt02" name="LGRT02_with_setting_values_indicating_an_event_and_custom_alpha_level_is_produced_correctly"/>
    <testcase time="0.10499999999999" classname="table_lgrt02" name="LGRT02_with_setting_values_indicating_an_event_and_custom_alpha_level_is_produced_correctly">
      <skipped message="Reason: On CRAN ('test-table_lgrt02.R:130')"/>
    </testcase>
  </testsuite>
  <testsuite name="table_mht01" timestamp="2023-03-07T09:03:37Z" hostname="6f6aeb164137" tests="8" skipped="4" failures="0" errors="0" time="1.454">
    <testcase time="0.324999999999989" classname="table_mht01" name="MHT01_variant_1_is_produced_accurately"/>
    <testcase time="0.0889999999999986" classname="table_mht01" name="MHT01_variant_1_is_produced_accurately">
      <skipped message="Reason: On CRAN ('test-table_mht01.R:41')"/>
    </testcase>
    <testcase time="0.14100000000002" classname="table_mht01" name="MHT01_variant_2_is_produced_accurately"/>
    <testcase time="0.0360000000000014" classname="table_mht01" name="MHT01_variant_2_is_produced_accurately">
      <skipped message="Reason: On CRAN ('test-table_mht01.R:82')"/>
    </testcase>
    <testcase time="0.299000000000007" classname="table_mht01" name="MHT01_variant_3_is_produced_accurately"/>
    <testcase time="0.0759999999999934" classname="table_mht01" name="MHT01_variant_3_is_produced_accurately">
      <skipped message="Reason: On CRAN ('test-table_mht01.R:120')"/>
    </testcase>
    <testcase time="0.378000000000014" classname="table_mht01" name="MHT01_variant_5_is_produced_accurately"/>
    <testcase time="0.109999999999985" classname="table_mht01" name="MHT01_variant_5_is_produced_accurately">
      <skipped message="Reason: On CRAN ('test-table_mht01.R:163')"/>
    </testcase>
  </testsuite>
  <testsuite name="table_onct05" timestamp="2023-03-07T09:03:38Z" hostname="6f6aeb164137" tests="8" skipped="4" failures="0" errors="0" time="2.673">
    <testcase time="0.697000000000003" classname="table_onct05" name="ONCT05_variant_1_Objective_Response_Rate_by_Subgroup_is_produced_correctly"/>
    <testcase time="0.0649999999999977" classname="table_onct05" name="ONCT05_variant_1_Objective_Response_Rate_by_Subgroup_is_produced_correctly">
      <skipped message="Reason: On CRAN ('test-table_onct05.R:33')"/>
    </testcase>
    <testcase time="0.731000000000023" classname="table_onct05" name="ONCT05_variant_2_Specifying_class_variables_is_produced_correctly"/>
    <testcase time="0.078000000000003" classname="table_onct05" name="ONCT05_variant_2_Specifying_class_variables_is_produced_correctly">
      <skipped message="Reason: On CRAN ('test-table_onct05.R:57')"/>
    </testcase>
    <testcase time="0.252999999999986" classname="table_onct05" name="ONCT05_variant_3_selecting_columns_and_changing_the_alpha_level_is_produced_correctly"/>
    <testcase time="0.0459999999999923" classname="table_onct05" name="ONCT05_variant_3_selecting_columns_and_changing_the_alpha_level_is_produced_correctly">
      <skipped message="Reason: On CRAN ('test-table_onct05.R:75')"/>
    </testcase>
    <testcase time="0.727000000000004" classname="table_onct05" name="ONCT05_variant_4_setting_values_indicating_response_is_produced_correctly"/>
    <testcase time="0.0759999999999934" classname="table_onct05" name="ONCT05_variant_4_setting_values_indicating_response_is_produced_correctly">
      <skipped message="Reason: On CRAN ('test-table_onct05.R:96')"/>
    </testcase>
  </testsuite>
  <testsuite name="table_pdt01" timestamp="2023-03-07T09:03:41Z" hostname="6f6aeb164137" tests="2" skipped="1" failures="0" errors="0" time="0.413">
    <testcase time="0.302000000000021" classname="table_pdt01" name="PDT01_is_produced_correctly"/>
    <testcase time="0.11099999999999" classname="table_pdt01" name="PDT01_is_produced_correctly">
      <skipped message="Reason: On CRAN ('test-table_pdt01.R:38')"/>
    </testcase>
  </testsuite>
  <testsuite name="table_pdt02" timestamp="2023-03-07T09:03:41Z" hostname="6f6aeb164137" tests="2" skipped="1" failures="0" errors="0" time="0.231">
    <testcase time="0.188999999999993" classname="table_pdt02" name="PDT02_is_produced_correctly"/>
    <testcase time="0.0420000000000016" classname="table_pdt02" name="PDT02_is_produced_correctly">
      <skipped message="Reason: On CRAN ('test-table_pdt02.R:33')"/>
    </testcase>
  </testsuite>
  <testsuite name="table_pkct01" timestamp="2023-03-07T09:03:42Z" hostname="6f6aeb164137" tests="4" skipped="2" failures="0" errors="0" time="2.003">
    <testcase time="0.461000000000013" classname="table_pkct01" name="PKCT01_is_produced_correctly"/>
    <testcase time="0.0919999999999845" classname="table_pkct01" name="PKCT01_is_produced_correctly">
      <skipped message="Reason: On CRAN ('test-table_pkct01.R:18')"/>
    </testcase>
    <testcase time="1.30100000000002" classname="table_pkct01" name="Specific_PKCT01_features_are_present"/>
    <testcase time="0.149000000000001" classname="table_pkct01" name="Specific_PKCT01_features_are_present">
      <skipped message="Reason: On CRAN ('test-table_pkct01.R:116')"/>
    </testcase>
  </testsuite>
  <testsuite name="table_pkpt02" timestamp="2023-03-07T09:03:44Z" hostname="6f6aeb164137" tests="4" skipped="2" failures="0" errors="0" time="0.509">
    <testcase time="0.210999999999984" classname="table_pkpt02" name="PKPT02_is_produced_correctly_for_Drug_X"/>
    <testcase time="0.085000000000008" classname="table_pkpt02" name="PKPT02_is_produced_correctly_for_Drug_X">
      <skipped message="Reason: On CRAN ('test-table_pkpt02.R:42')"/>
    </testcase>
    <testcase time="0.13900000000001" classname="table_pkpt02" name="PKPT02_is_produced_correctly_for_Drug_Y"/>
    <testcase time="0.0739999999999839" classname="table_pkpt02" name="PKPT02_is_produced_correctly_for_Drug_Y">
      <skipped message="Reason: On CRAN ('test-table_pkpt02.R:55')"/>
    </testcase>
  </testsuite>
  <testsuite name="table_pkpt03" timestamp="2023-03-07T09:03:44Z" hostname="6f6aeb164137" tests="4" skipped="2" failures="0" errors="0" time="0.87">
    <testcase time="0.468000000000018" classname="table_pkpt03" name="PKPT03_Drug_X_is_produced_correctly"/>
    <testcase time="0.0989999999999895" classname="table_pkpt03" name="PKPT03_Drug_X_is_produced_correctly">
      <skipped message="Reason: On CRAN ('test-table_pkpt03.R:66')"/>
    </testcase>
    <testcase time="0.246999999999986" classname="table_pkpt03" name="PKPT03_Drug_Y_is_produced_correctly"/>
    <testcase time="0.0560000000000116" classname="table_pkpt03" name="PKPT03_Drug_Y_is_produced_correctly">
      <skipped message="Reason: On CRAN ('test-table_pkpt03.R:80')"/>
    </testcase>
  </testsuite>
  <testsuite name="table_pkpt04" timestamp="2023-03-07T09:03:45Z" hostname="6f6aeb164137" tests="4" skipped="2" failures="0" errors="0" time="0.636">
    <testcase time="0.269000000000005" classname="table_pkpt04" name="PKPT04_is_produced_correctly_for_Drug_X"/>
    <testcase time="0.0970000000000084" classname="table_pkpt04" name="PKPT04_is_produced_correctly_for_Drug_X">
      <skipped message="Reason: On CRAN ('test-table_pkpt04.R:42')"/>
    </testcase>
    <testcase time="0.189999999999998" classname="table_pkpt04" name="PKPT04_is_produced_correctly_for_Drug_Y"/>
    <testcase time="0.0799999999999841" classname="table_pkpt04" name="PKPT04_is_produced_correctly_for_Drug_Y">
      <skipped message="Reason: On CRAN ('test-table_pkpt04.R:55')"/>
    </testcase>
  </testsuite>
  <testsuite name="table_pkpt05" timestamp="2023-03-07T09:03:46Z" hostname="6f6aeb164137" tests="4" skipped="2" failures="0" errors="0" time="1.107">
    <testcase time="0.606999999999999" classname="table_pkpt05" name="PKPT05_Drug_X_is_produced_correctly"/>
    <testcase time="0.111000000000018" classname="table_pkpt05" name="PKPT05_Drug_X_is_produced_correctly">
      <skipped message="Reason: On CRAN ('test-table_pkpt05.R:65')"/>
    </testcase>
    <testcase time="0.325999999999993" classname="table_pkpt05" name="PKPT05_Drug_Y_is_produced_correctly"/>
    <testcase time="0.0629999999999882" classname="table_pkpt05" name="PKPT05_Drug_Y_is_produced_correctly">
      <skipped message="Reason: On CRAN ('test-table_pkpt05.R:80')"/>
    </testcase>
  </testsuite>
  <testsuite name="table_pkpt06" timestamp="2023-03-07T09:03:47Z" hostname="6f6aeb164137" tests="4" skipped="2" failures="0" errors="0" time="0.278">
    <testcase time="0.144000000000005" classname="table_pkpt06" name="PKPT06_is_produced_correctly_for_Drug_X"/>
    <testcase time="0.0339999999999918" classname="table_pkpt06" name="PKPT06_is_produced_correctly_for_Drug_X">
      <skipped message="Reason: On CRAN ('test-table_pkpt06.R:48')"/>
    </testcase>
    <testcase time="0.0720000000000027" classname="table_pkpt06" name="PKPT06_is_produced_correctly_for_Drug_Y"/>
    <testcase time="0.02800000000002" classname="table_pkpt06" name="PKPT06_is_produced_correctly_for_Drug_Y">
      <skipped message="Reason: On CRAN ('test-table_pkpt06.R:61')"/>
    </testcase>
  </testsuite>
  <testsuite name="table_pkpt07" timestamp="2023-03-07T09:03:47Z" hostname="6f6aeb164137" tests="4" skipped="2" failures="0" errors="0" time="0.477">
    <testcase time="0.239999999999981" classname="table_pkpt07" name="PKPT07_Drug_X_is_produced_correctly"/>
    <testcase time="0.0670000000000073" classname="table_pkpt07" name="PKPT07_Drug_X_is_produced_correctly">
      <skipped message="Reason: On CRAN ('test-table_pkpt07.R:72')"/>
    </testcase>
    <testcase time="0.115999999999985" classname="table_pkpt07" name="PKPT07_Drug_Y_is_produced_correctly"/>
    <testcase time="0.054000000000002" classname="table_pkpt07" name="PKPT07_Drug_Y_is_produced_correctly">
      <skipped message="Reason: On CRAN ('test-table_pkpt07.R:87')"/>
    </testcase>
  </testsuite>
  <testsuite name="table_rspt01" timestamp="2023-03-07T09:03:48Z" hostname="6f6aeb164137" tests="12" skipped="6" failures="0" errors="0" time="2.509">
    <testcase time="0.426000000000016" classname="table_rspt01" name="RSPT01_1._Best_Overall_Response"/>
    <testcase time="0.0799999999999841" classname="table_rspt01" name="RSPT01_1._Best_Overall_Response">
      <skipped message="Reason: On CRAN ('test-table_rspt01.R:46')"/>
    </testcase>
    <testcase time="0.26600000000002" classname="table_rspt01" name="RSPT01_2._Best_Overall_Response_selecting_sections_to_display_"/>
    <testcase time="0.0909999999999798" classname="table_rspt01" name="RSPT01_2._Best_Overall_Response_selecting_sections_to_display_">
      <skipped message="Reason: On CRAN ('test-table_rspt01.R:73')"/>
    </testcase>
    <testcase time="0.373999999999995" classname="table_rspt01" name="RSPT01_3._Best_Overall_Response_modifying_settings_"/>
    <testcase time="0.0800000000000125" classname="table_rspt01" name="RSPT01_3._Best_Overall_Response_modifying_settings_">
      <skipped message="Reason: On CRAN ('test-table_rspt01.R:116')"/>
    </testcase>
    <testcase time="0.390999999999991" classname="table_rspt01" name="RSPT01_4._Best_Overall_Response_with_stratified_analysis_"/>
    <testcase time="0.0930000000000177" classname="table_rspt01" name="RSPT01_4._Best_Overall_Response_with_stratified_analysis_">
      <skipped message="Reason: On CRAN ('test-table_rspt01.R:166')"/>
    </testcase>
    <testcase time="0.298999999999978" classname="table_rspt01" name="RSPT01_5._Best_Overall_Response_modifying_the_definition_of_overall_response_"/>
    <testcase time="0.0820000000000221" classname="table_rspt01" name="RSPT01_5._Best_Overall_Response_modifying_the_definition_of_overall_response_">
      <skipped message="Reason: On CRAN ('test-table_rspt01.R:198')"/>
    </testcase>
    <testcase time="0.25" classname="table_rspt01" name="RSPT01_6._Best_Overall_Response_define_new_sections_to_display_"/>
    <testcase time="0.0769999999999982" classname="table_rspt01" name="RSPT01_6._Best_Overall_Response_define_new_sections_to_display_">
      <skipped message="Reason: On CRAN ('test-table_rspt01.R:248')"/>
    </testcase>
  </testsuite>
  <testsuite name="table_ttet01" timestamp="2023-03-07T09:03:50Z" hostname="6f6aeb164137" tests="12" skipped="6" failures="0" errors="0" time="2.879">
    <testcase time="0.483000000000004" classname="table_ttet01" name="TTET01_default_variant_is_produced_correctly"/>
    <testcase time="0.101999999999975" classname="table_ttet01" name="TTET01_default_variant_is_produced_correctly">
      <skipped message="Reason: On CRAN ('test-table_ttet01.R:79')"/>
    </testcase>
    <testcase time="0.262" classname="table_ttet01" name="TTET01_variant_2_selecting_sections_to_display"/>
    <testcase time="0.0649999999999977" classname="table_ttet01" name="TTET01_variant_2_selecting_sections_to_display">
      <skipped message="Reason: On CRAN ('test-table_ttet01.R:124')"/>
    </testcase>
    <testcase time="0.366000000000014" classname="table_ttet01" name="TTET01_variant_3_modifying_analysis_details_like_conftype_ties_alpha_level"/>
    <testcase time="0.0819999999999936" classname="table_ttet01" name="TTET01_variant_3_modifying_analysis_details_like_conftype_ties_alpha_level">
      <skipped message="Reason: On CRAN ('test-table_ttet01.R:190')"/>
    </testcase>
    <testcase time="0.415999999999997" classname="table_ttet01" name="TTET01_variant_4_with_stratified_analysis"/>
    <testcase time="0.108000000000004" classname="table_ttet01" name="TTET01_variant_4_with_stratified_analysis">
      <skipped message="Reason: On CRAN ('test-table_ttet01.R:251')"/>
    </testcase>
    <testcase time="0.365000000000009" classname="table_ttet01" name="TTET01_variant_5_modifying_time_point"/>
    <testcase time="0.0809999999999889" classname="table_ttet01" name="TTET01_variant_5_modifying_time_point">
      <skipped message="Reason: On CRAN ('test-table_ttet01.R:306')"/>
    </testcase>
    <testcase time="0.444000000000017" classname="table_ttet01" name="TTET01_variant_6_requesting_more_than_one_p_value"/>
    <testcase time="0.10499999999999" classname="table_ttet01" name="TTET01_variant_6_requesting_more_than_one_p_value">
      <skipped message="Reason: On CRAN ('test-table_ttet01.R:379')"/>
    </testcase>
  </testsuite>
  <testsuite name="table_vst01" timestamp="2023-03-07T09:03:53Z" hostname="6f6aeb164137" tests="2" skipped="1" failures="0" errors="0" time="1.401">
    <testcase time="1.155" classname="table_vst01" name="VST01_default_variant_is_produced_correctly"/>
    <testcase time="0.245999999999981" classname="table_vst01" name="VST01_default_variant_is_produced_correctly">
      <skipped message="Reason: On CRAN ('test-table_vst01.R:66')"/>
    </testcase>
  </testsuite>
  <testsuite name="table_vst02" timestamp="2023-03-07T09:03:54Z" hostname="6f6aeb164137" tests="4" skipped="2" failures="0" errors="0" time="0.862">
    <testcase time="0.345000000000027" classname="table_vst02" name="1._Vital_Sign_Abnormalities_Regardless_of_Abnormality_at_Baseline_VST02_1_"/>
    <testcase time="0.0819999999999936" classname="table_vst02" name="1._Vital_Sign_Abnormalities_Regardless_of_Abnormality_at_Baseline_VST02_1_">
      <skipped message="Reason: On CRAN ('test-table_vst02.R:18')"/>
    </testcase>
    <testcase time="0.342999999999989" classname="table_vst02" name="2._Vital_Sign_Abnormalities_Among_Subject_Without_Abnormality_at_Baseline_VST02_2_"/>
    <testcase time="0.092000000000013" classname="table_vst02" name="2._Vital_Sign_Abnormalities_Among_Subject_Without_Abnormality_at_Baseline_VST02_2_">
      <skipped message="Reason: On CRAN ('test-table_vst02.R:33')"/>
    </testcase>
  </testsuite>
</testsuites>
