<?xml version="1.0" encoding="UTF-8"?>
<testsuites>
  <testsuite name="table_adat03" timestamp="2023-02-09T16:03:23Z" hostname="e8cbefb7c495" tests="2" skipped="1" failures="0" errors="0" time="1.774">
    <testcase time="1.505" classname="table_adat03" name="ADAT03_is_produced_correctly"/>
    <testcase time="0.269" classname="table_adat03" name="ADAT03_is_produced_correctly">
      <skipped message="Reason: On CRAN ('test-table_adat03.R:71')"/>
    </testcase>
  </testsuite>
  <testsuite name="table_aet01" timestamp="2023-02-09T16:03:25Z" hostname="e8cbefb7c495" tests="8" skipped="4" failures="0" errors="0" time="3.784">
    <testcase time="0.906" classname="table_aet01" name="Safety_Summary_Variant_1_works_as_expected"/>
    <testcase time="0.239000000000001" classname="table_aet01" name="Safety_Summary_Variant_1_works_as_expected">
      <skipped message="Reason: On CRAN ('test-table_aet01.R:94')"/>
    </testcase>
    <testcase time="0.843" classname="table_aet01" name="Safety_Summary_Variant_2_with_Medical_Concepts_Section_works_as_expected"/>
    <testcase time="0.132999999999999" classname="table_aet01" name="Safety_Summary_Variant_2_with_Medical_Concepts_Section_works_as_expected">
      <skipped message="Reason: On CRAN ('test-table_aet01.R:214')"/>
    </testcase>
    <testcase time="0.641" classname="table_aet01" name="Safety_Summary_Variant_3_with_Modified_Rows_works_as_expected"/>
    <testcase time="0.0950000000000006" classname="table_aet01" name="Safety_Summary_Variant_3_with_Modified_Rows_works_as_expected">
      <skipped message="Reason: On CRAN ('test-table_aet01.R:306')"/>
    </testcase>
    <testcase time="0.782" classname="table_aet01" name="Safety_Summary_Variant_4_with_Rows_Counting_Events_and_Additional_Sections_works_as_expected"/>
    <testcase time="0.145" classname="table_aet01" name="Safety_Summary_Variant_4_with_Rows_Counting_Events_and_Additional_Sections_works_as_expected">
      <skipped message="Reason: On CRAN ('test-table_aet01.R:419')"/>
    </testcase>
  </testsuite>
  <testsuite name="table_aet02" timestamp="2023-02-09T16:03:29Z" hostname="e8cbefb7c495" tests="24" skipped="12" failures="0" errors="0" time="12.413">
    <testcase time="1.04" classname="table_aet02" name="AET02_variant_1_is_produced_correctly"/>
    <testcase time="0.232000000000001" classname="table_aet02" name="AET02_variant_1_is_produced_correctly">
      <skipped message="Reason: On CRAN ('test-table_aet02.R:42')"/>
    </testcase>
    <testcase time="1.202" classname="table_aet02" name="AET02_variant_2_is_produced_correctly"/>
    <testcase time="0.234999999999999" classname="table_aet02" name="AET02_variant_2_is_produced_correctly">
      <skipped message="Reason: On CRAN ('test-table_aet02.R:95')"/>
    </testcase>
    <testcase time="1.368" classname="table_aet02" name="AET02_variant_3_is_produced_correctly"/>
    <testcase time="0.340999999999999" classname="table_aet02" name="AET02_variant_3_is_produced_correctly">
      <skipped message="Reason: On CRAN ('test-table_aet02.R:149')"/>
    </testcase>
    <testcase time="0.211000000000002" classname="table_aet02" name="AET02_variant_4_is_produced_correctly"/>
    <testcase time="0.100999999999999" classname="table_aet02" name="AET02_variant_4_is_produced_correctly">
      <skipped message="Reason: On CRAN ('test-table_aet02.R:174')"/>
    </testcase>
    <testcase time="0.803000000000001" classname="table_aet02" name="AET02_variant_5_is_produced_correctly"/>
    <testcase time="0.213999999999999" classname="table_aet02" name="AET02_variant_5_is_produced_correctly">
      <skipped message="Reason: On CRAN ('test-table_aet02.R:214')"/>
    </testcase>
    <testcase time="0.786000000000001" classname="table_aet02" name="AET02_variant_6_is_produced_correctly"/>
    <testcase time="0.0730000000000004" classname="table_aet02" name="AET02_variant_6_is_produced_correctly">
      <skipped message="Reason: On CRAN ('test-table_aet02.R:247')"/>
    </testcase>
    <testcase time="1.385" classname="table_aet02" name="AET02_variant_7_is_produced_correctly"/>
    <testcase time="0.0869999999999997" classname="table_aet02" name="AET02_variant_7_is_produced_correctly">
      <skipped message="Reason: On CRAN ('test-table_aet02.R:294')"/>
    </testcase>
    <testcase time="0.75" classname="table_aet02" name="AET02_variant_8_is_produced_correctly"/>
    <testcase time="0.0659999999999989" classname="table_aet02" name="AET02_variant_8_is_produced_correctly">
      <skipped message="Reason: On CRAN ('test-table_aet02.R:327')"/>
    </testcase>
    <testcase time="0.804000000000002" classname="table_aet02" name="AET02_variant_9_is_produced_correctly"/>
    <testcase time="0.0749999999999993" classname="table_aet02" name="AET02_variant_9_is_produced_correctly">
      <skipped message="Reason: On CRAN ('test-table_aet02.R:360')"/>
    </testcase>
    <testcase time="0.777999999999999" classname="table_aet02" name="AET02_variant_10_is_produced_correctly"/>
    <testcase time="0.0810000000000031" classname="table_aet02" name="AET02_variant_10_is_produced_correctly">
      <skipped message="Reason: On CRAN ('test-table_aet02.R:393')"/>
    </testcase>
    <testcase time="0.849999999999998" classname="table_aet02" name="AET02_variant_11_is_produced_correctly"/>
    <testcase time="0.0680000000000014" classname="table_aet02" name="AET02_variant_11_is_produced_correctly">
      <skipped message="Reason: On CRAN ('test-table_aet02.R:426')"/>
    </testcase>
    <testcase time="0.791" classname="table_aet02" name="AET02_variant_12_is_produced_correctly"/>
    <testcase time="0.0720000000000027" classname="table_aet02" name="AET02_variant_12_is_produced_correctly">
      <skipped message="Reason: On CRAN ('test-table_aet02.R:475')"/>
    </testcase>
  </testsuite>
  <testsuite name="table_aet02_smq" timestamp="2023-02-09T16:03:41Z" hostname="e8cbefb7c495" tests="4" skipped="2" failures="0" errors="0" time="0.712">
    <testcase time="0.215" classname="table_aet02_smq" name="AET02SMQ_variant_1_is_produced_correctly"/>
    <testcase time="0.0789999999999971" classname="table_aet02_smq" name="AET02SMQ_variant_1_is_produced_correctly">
      <skipped message="Reason: On CRAN ('test-table_aet02_smq.R:52')"/>
    </testcase>
    <testcase time="0.310000000000002" classname="table_aet02_smq" name="AET02SMQ_variant_2_is_produced_correctly"/>
    <testcase time="0.108000000000001" classname="table_aet02_smq" name="AET02SMQ_variant_2_is_produced_correctly">
      <skipped message="Reason: On CRAN ('test-table_aet02_smq.R:91')"/>
    </testcase>
  </testsuite>
  <testsuite name="table_aet03" timestamp="2023-02-09T16:03:42Z" hostname="e8cbefb7c495" tests="2" skipped="1" failures="0" errors="0" time="2.348">
    <testcase time="1.935" classname="table_aet03" name="AET03_variant_1_is_produced_correctly"/>
    <testcase time="0.413" classname="table_aet03" name="AET03_variant_1_is_produced_correctly">
      <skipped message="Reason: On CRAN ('test-table_aet03.R:57')"/>
    </testcase>
  </testsuite>
  <testsuite name="table_aet04" timestamp="2023-02-09T16:03:46Z" hostname="e8cbefb7c495" tests="17" skipped="8" failures="0" errors="0" time="14.461">
    <testcase time="3.922" classname="table_aet04" name="AET04_variant_1_is_produced_correctly"/>
    <testcase time="0.477999999999998" classname="table_aet04" name="AET04_variant_1_is_produced_correctly">
      <skipped message="Reason: On CRAN ('test-table_aet04.R:102')"/>
    </testcase>
    <testcase time="1.69" classname="table_aet04" name="AET04_variant_2_is_produced_correctly_Fill_in_of_Treatment_Groups_"/>
    <testcase time="0.451000000000001" classname="table_aet04" name="AET04_variant_2_is_produced_correctly_Fill_in_of_Treatment_Groups_">
      <skipped message="Reason: On CRAN ('test-table_aet04.R:167')"/>
    </testcase>
    <testcase time="2.828" classname="table_aet04" name="AET04_variant_3_is_produced_correctly_Fill_in_of_Grades_"/>
    <testcase time="0.760000000000005" classname="table_aet04" name="AET04_variant_3_is_produced_correctly_Fill_in_of_Grades_">
      <skipped message="Reason: On CRAN ('test-table_aet04.R:224')"/>
    </testcase>
    <testcase time="1.91399999999999" classname="table_aet04" name="AET04_variant_4_is_produced_correctly_Collapsing_of_Grades_grades_1_2_grades_3_4_5_"/>
    <testcase time="0.434000000000005" classname="table_aet04" name="AET04_variant_4_is_produced_correctly_Collapsing_of_Grades_grades_1_2_grades_3_4_5_">
      <skipped message="Reason: On CRAN ('test-table_aet04.R:292')"/>
    </testcase>
    <testcase time="0.141999999999996" classname="table_aet04" name="AET04_variant_6_is_produced_correctly_with_an_Incidence_Rate_of_at_Least_5_totals_restricted_"/>
    <testcase time="0.918000000000006" classname="table_aet04" name="AET04_variant_6_is_produced_correctly_with_an_Incidence_Rate_of_at_Least_5_totals_restricted_"/>
    <testcase time="0.233999999999995" classname="table_aet04" name="AET04_variant_6_is_produced_correctly_with_an_Incidence_Rate_of_at_Least_5_totals_restricted_">
      <skipped message="Reason: On CRAN ('test-table_aet04.R:385')"/>
    </testcase>
    <testcase time="0.0380000000000038" classname="table_aet04" name="AET04_variant_8_is_produced_correctly_with_an_Incidence_Rate_of_at_Least_X_Patients_"/>
    <testcase time="0.162999999999997" classname="table_aet04" name="AET04_variant_8_is_produced_correctly_with_an_Incidence_Rate_of_at_Least_X_Patients_">
      <skipped message="Reason: On CRAN ('test-table_aet04.R:418')"/>
    </testcase>
    <testcase time="0.0309999999999988" classname="table_aet04" name="AET04_variant_9_is_produced_correctlyb_with_a_Difference_in_Incidence_Rate_of_at_Least_X_"/>
    <testcase time="0.169000000000004" classname="table_aet04" name="AET04_variant_9_is_produced_correctlyb_with_a_Difference_in_Incidence_Rate_of_at_Least_X_">
      <skipped message="Reason: On CRAN ('test-table_aet04.R:434')"/>
    </testcase>
    <testcase time="0.0420000000000016" classname="table_aet04" name="AET04_variant_11_is_produced_correctly_with_Incidence_Rate_of_at_Least_X_all_SOCs_w_o_preferred_terms_removed_"/>
    <testcase time="0.247" classname="table_aet04" name="AET04_variant_11_is_produced_correctly_with_Incidence_Rate_of_at_Least_X_all_SOCs_w_o_preferred_terms_removed_">
      <skipped message="Reason: On CRAN ('test-table_aet04.R:456')"/>
    </testcase>
  </testsuite>
  <testsuite name="table_aet04_pi" timestamp="2023-02-09T16:03:59Z" hostname="e8cbefb7c495" tests="18" skipped="9" failures="0" errors="0" time="12.148">
    <testcase time="1.122" classname="table_aet04_pi" name="AET04_PI_full_table_is_produced_correctly"/>
    <testcase time="0.279999999999994" classname="table_aet04_pi" name="AET04_PI_full_table_is_produced_correctly">
      <skipped message="Reason: On CRAN ('test-table_aet04_pi.R:62')"/>
    </testcase>
    <testcase time="1.192" classname="table_aet04_pi" name="AET04_PI_variant_1_is_produced_correctly"/>
    <testcase time="0.205000000000005" classname="table_aet04_pi" name="AET04_PI_variant_1_is_produced_correctly">
      <skipped message="Reason: On CRAN ('test-table_aet04_pi.R:84')"/>
    </testcase>
    <testcase time="1.42299999999999" classname="table_aet04_pi" name="AET04_PI_variant_2_is_produced_correctly"/>
    <testcase time="0.128" classname="table_aet04_pi" name="AET04_PI_variant_2_is_produced_correctly">
      <skipped message="Reason: On CRAN ('test-table_aet04_pi.R:107')"/>
    </testcase>
    <testcase time="1.216" classname="table_aet04_pi" name="AET04_PI_variant_3_is_produced_correctly"/>
    <testcase time="0.142000000000003" classname="table_aet04_pi" name="AET04_PI_variant_3_is_produced_correctly">
      <skipped message="Reason: On CRAN ('test-table_aet04_pi.R:130')"/>
    </testcase>
    <testcase time="1.228" classname="table_aet04_pi" name="AET04_PI_variant_4_is_produced_correctly"/>
    <testcase time="0.0899999999999963" classname="table_aet04_pi" name="AET04_PI_variant_4_is_produced_correctly">
      <skipped message="Reason: On CRAN ('test-table_aet04_pi.R:154')"/>
    </testcase>
    <testcase time="1.208" classname="table_aet04_pi" name="AET04_PI_variant_5_is_produced_correctly"/>
    <testcase time="0.153000000000006" classname="table_aet04_pi" name="AET04_PI_variant_5_is_produced_correctly">
      <skipped message="Reason: On CRAN ('test-table_aet04_pi.R:178')"/>
    </testcase>
    <testcase time="1.491" classname="table_aet04_pi" name="AET04_PI_variant_6_is_produced_correctly"/>
    <testcase time="0.161000000000001" classname="table_aet04_pi" name="AET04_PI_variant_6_is_produced_correctly">
      <skipped message="Reason: On CRAN ('test-table_aet04_pi.R:229')"/>
    </testcase>
    <testcase time="1.464" classname="table_aet04_pi" name="AET04_PI_variant_7_is_produced_correctly"/>
    <testcase time="0.193000000000005" classname="table_aet04_pi" name="AET04_PI_variant_7_is_produced_correctly">
      <skipped message="Reason: On CRAN ('test-table_aet04_pi.R:280')"/>
    </testcase>
    <testcase time="0.267999999999994" classname="table_aet04_pi" name="AET04_PI_variant_8_is_produced_correctly"/>
    <testcase time="0.184000000000005" classname="table_aet04_pi" name="AET04_PI_variant_8_is_produced_correctly">
      <skipped message="Reason: On CRAN ('test-table_aet04_pi.R:314')"/>
    </testcase>
  </testsuite>
  <testsuite name="table_aet05" timestamp="2023-02-09T16:04:11Z" hostname="e8cbefb7c495" tests="4" skipped="2" failures="0" errors="0" time="0.403">
    <testcase time="0.158999999999999" classname="table_aet05" name="AET05_variant_1_is_produced_correctly"/>
    <testcase time="0.0499999999999972" classname="table_aet05" name="AET05_variant_1_is_produced_correctly">
      <skipped message="Reason: On CRAN ('test-table_aet05.R:22')"/>
    </testcase>
    <testcase time="0.147000000000006" classname="table_aet05" name="AET05_variant_2_is_produced_correctly"/>
    <testcase time="0.046999999999997" classname="table_aet05" name="AET05_variant_2_is_produced_correctly">
      <skipped message="Reason: On CRAN ('test-table_aet05.R:42')"/>
    </testcase>
  </testsuite>
  <testsuite name="table_aet06" timestamp="2023-02-09T16:04:11Z" hostname="e8cbefb7c495" tests="6" skipped="3" failures="0" errors="0" time="7.255">
    <testcase time="1.358" classname="table_aet06" name="AET06_variant_1_is_produced_correctly"/>
    <testcase time="0.283000000000001" classname="table_aet06" name="AET06_variant_1_is_produced_correctly">
      <skipped message="Reason: On CRAN ('test-table_aet06.R:81')"/>
    </testcase>
    <testcase time="2.24299999999999" classname="table_aet06" name="AET06_variant_3_is_produced_correctly"/>
    <testcase time="0.457000000000001" classname="table_aet06" name="AET06_variant_3_is_produced_correctly">
      <skipped message="Reason: On CRAN ('test-table_aet06.R:133')"/>
    </testcase>
    <testcase time="2.396" classname="table_aet06" name="AET06_variant_5_is_produced_correctly"/>
    <testcase time="0.518000000000001" classname="table_aet06" name="AET06_variant_5_is_produced_correctly">
      <skipped message="Reason: On CRAN ('test-table_aet06.R:177')"/>
    </testcase>
  </testsuite>
  <testsuite name="table_aet06_smq" timestamp="2023-02-09T16:04:18Z" hostname="e8cbefb7c495" tests="4" skipped="2" failures="0" errors="0" time="2.376">
    <testcase time="0.928000000000004" classname="table_aet06_smq" name="AET06_SMQ_variant_1_is_produced_correctly"/>
    <testcase time="0.254999999999995" classname="table_aet06_smq" name="AET06_SMQ_variant_1_is_produced_correctly">
      <skipped message="Reason: On CRAN ('test-table_aet06_smq.R:73')"/>
    </testcase>
    <testcase time="0.927" classname="table_aet06_smq" name="AET06_SMQ_variant_2_is_produced_correctly"/>
    <testcase time="0.266000000000005" classname="table_aet06_smq" name="AET06_SMQ_variant_2_is_produced_correctly">
      <skipped message="Reason: On CRAN ('test-table_aet06_smq.R:160')"/>
    </testcase>
  </testsuite>
  <testsuite name="table_aet07" timestamp="2023-02-09T16:04:21Z" hostname="e8cbefb7c495" tests="4" skipped="2" failures="0" errors="0" time="0.415">
    <testcase time="0.143999999999998" classname="table_aet07" name="AET07_variant_1_is_produced_correctly"/>
    <testcase time="0.0429999999999993" classname="table_aet07" name="AET07_variant_1_is_produced_correctly">
      <skipped message="Reason: On CRAN ('test-table_aet07.R:51')"/>
    </testcase>
    <testcase time="0.181000000000004" classname="table_aet07" name="AET07_variant_2_is_produced_correctly"/>
    <testcase time="0.046999999999997" classname="table_aet07" name="AET07_variant_2_is_produced_correctly">
      <skipped message="Reason: On CRAN ('test-table_aet07.R:82')"/>
    </testcase>
  </testsuite>
  <testsuite name="table_aet09" timestamp="2023-02-09T16:04:21Z" hostname="e8cbefb7c495" tests="4" skipped="2" failures="0" errors="0" time="2.075">
    <testcase time="0.719999999999999" classname="table_aet09" name="AET09_variant_1_is_produced_correctly_AE_related_to_study_drug"/>
    <testcase time="0.162000000000006" classname="table_aet09" name="AET09_variant_1_is_produced_correctly_AE_related_to_study_drug">
      <skipped message="Reason: On CRAN ('test-table_aet09.R:43')"/>
    </testcase>
    <testcase time="0.944999999999993" classname="table_aet09" name="AET09_variant_2_is_produced_correctly_AE_related_to_study_drug_including_high_level_terms_"/>
    <testcase time="0.248000000000005" classname="table_aet09" name="AET09_variant_2_is_produced_correctly_AE_related_to_study_drug_including_high_level_terms_">
      <skipped message="Reason: On CRAN ('test-table_aet09.R:100')"/>
    </testcase>
  </testsuite>
  <testsuite name="table_aet09_smq" timestamp="2023-02-09T16:04:23Z" hostname="e8cbefb7c495" tests="4" skipped="2" failures="0" errors="0" time="0.995">
    <testcase time="0.295000000000002" classname="table_aet09_smq" name="AET09_variant_1_AEs_related_to_study_drug_by_SMQ_is_produced_correctly"/>
    <testcase time="0.0829999999999984" classname="table_aet09_smq" name="AET09_variant_1_AEs_related_to_study_drug_by_SMQ_is_produced_correctly">
      <skipped message="Reason: On CRAN ('test-table_aet09_smq.R:69')"/>
    </testcase>
    <testcase time="0.510999999999996" classname="table_aet09_smq" name="AET09_variant_2_AEs_related_to_study_drug_by_SMQ_with_customized_queries_is_produced_correctly"/>
    <testcase time="0.105999999999995" classname="table_aet09_smq" name="AET09_variant_2_AEs_related_to_study_drug_by_SMQ_with_customized_queries_is_produced_correctly">
      <skipped message="Reason: On CRAN ('test-table_aet09_smq.R:128')"/>
    </testcase>
  </testsuite>
  <testsuite name="table_aet10" timestamp="2023-02-09T16:04:24Z" hostname="e8cbefb7c495" tests="2" skipped="1" failures="0" errors="0" time="0.257">
    <testcase time="0.194000000000003" classname="table_aet10" name="AET10_default_variant_is_produced_correctly"/>
    <testcase time="0.0630000000000024" classname="table_aet10" name="AET10_default_variant_is_produced_correctly">
      <skipped message="Reason: On CRAN ('test-table_aet10.R:23')"/>
    </testcase>
  </testsuite>
  <testsuite name="table_aovt01" timestamp="2023-02-09T16:04:25Z" hostname="e8cbefb7c495" tests="4" skipped="2" failures="0" errors="0" time="1.956">
    <testcase time="0.572000000000003" classname="table_aovt01" name="AOVT01_variant_with_single_endpoint_is_produced_correctly"/>
    <testcase time="0.090999999999994" classname="table_aovt01" name="AOVT01_variant_with_single_endpoint_is_produced_correctly">
      <skipped message="Reason: On CRAN ('test-table_aovt01.R:33')"/>
    </testcase>
    <testcase time="1.074" classname="table_aovt01" name="AOVT01_variant_with_multiple_endpoints_is_produced_correctly"/>
    <testcase time="0.219000000000008" classname="table_aovt01" name="AOVT01_variant_with_multiple_endpoints_is_produced_correctly">
      <skipped message="Reason: On CRAN ('test-table_aovt01.R:52')"/>
    </testcase>
  </testsuite>
  <testsuite name="table_cmt01" timestamp="2023-02-09T16:04:27Z" hostname="e8cbefb7c495" tests="8" skipped="4" failures="0" errors="0" time="2.457">
    <testcase time="0.533999999999992" classname="table_cmt01" name="CMT01_default_variant_Concomitant_medications_is_produced_correctly"/>
    <testcase time="0.153000000000006" classname="table_cmt01" name="CMT01_default_variant_Concomitant_medications_is_produced_correctly">
      <skipped message="Reason: On CRAN ('test-table_cmt01.R:36')"/>
    </testcase>
    <testcase time="0.385000000000005" classname="table_cmt01" name="CMT01_variant_1_prior_medications_is_produced_correctly"/>
    <testcase time="0.097999999999999" classname="table_cmt01" name="CMT01_variant_1_prior_medications_is_produced_correctly">
      <skipped message="Reason: On CRAN ('test-table_cmt01.R:71')"/>
    </testcase>
    <testcase time="0.481999999999999" classname="table_cmt01" name="CMT01_variant_3_Concomitant_medications_is_produced_correctly"/>
    <testcase time="0.134" classname="table_cmt01" name="CMT01_variant_3_Concomitant_medications_is_produced_correctly">
      <skipped message="Reason: On CRAN ('test-table_cmt01.R:104')"/>
    </testcase>
    <testcase time="0.512999999999991" classname="table_cmt01" name="CMT01_variant_4_Concomitant_medications_is_produced_correctly"/>
    <testcase time="0.158000000000001" classname="table_cmt01" name="CMT01_variant_4_Concomitant_medications_is_produced_correctly">
      <skipped message="Reason: On CRAN ('test-table_cmt01.R:135')"/>
    </testcase>
  </testsuite>
  <testsuite name="table_cmt02_pt" timestamp="2023-02-09T16:04:29Z" hostname="e8cbefb7c495" tests="2" skipped="1" failures="0" errors="0" time="0.37">
    <testcase time="0.25" classname="table_cmt02_pt" name="CMT02_PT_default_variant_is_produced_correctly"/>
    <testcase time="0.120000000000005" classname="table_cmt02_pt" name="CMT02_PT_default_variant_is_produced_correctly">
      <skipped message="Reason: On CRAN ('test-table_cmt02_pt.R:26')"/>
    </testcase>
  </testsuite>
  <testsuite name="table_coxt01" timestamp="2023-02-09T16:04:29Z" hostname="e8cbefb7c495" tests="8" skipped="4" failures="0" errors="0" time="2.075">
    <testcase time="0.355999999999995" classname="table_coxt01" name="1._Cox_Regression"/>
    <testcase time="0.0930000000000035" classname="table_coxt01" name="1._Cox_Regression">
      <skipped message="Reason: On CRAN ('test-table_coxt01.R:43')"/>
    </testcase>
    <testcase time="0.438000000000002" classname="table_coxt01" name="2._Cox_Regression_with_Interaction_Term_"/>
    <testcase time="0.103999999999999" classname="table_coxt01" name="2._Cox_Regression_with_Interaction_Term_">
      <skipped message="Reason: On CRAN ('test-table_coxt01.R:64')"/>
    </testcase>
    <testcase time="0.414000000000001" classname="table_coxt01" name="3._Cox_Regression_specifying_covariates_"/>
    <testcase time="0.131" classname="table_coxt01" name="3._Cox_Regression_specifying_covariates_">
      <skipped message="Reason: On CRAN ('test-table_coxt01.R:87')"/>
    </testcase>
    <testcase time="0.417999999999992" classname="table_coxt01" name="4._Cox_Regression_setting_strata_ties_and_alpha_level_"/>
    <testcase time="0.120999999999995" classname="table_coxt01" name="4._Cox_Regression_setting_strata_ties_and_alpha_level_">
      <skipped message="Reason: On CRAN ('test-table_coxt01.R:115')"/>
    </testcase>
  </testsuite>
  <testsuite name="table_coxt02" timestamp="2023-02-09T16:04:31Z" hostname="e8cbefb7c495" tests="4" skipped="2" failures="0" errors="0" time="0.695">
    <testcase time="0.309000000000012" classname="table_coxt02" name="COXT02_default_variant_1_is_produced_correctly"/>
    <testcase time="0.063999999999993" classname="table_coxt02" name="COXT02_default_variant_1_is_produced_correctly">
      <skipped message="Reason: On CRAN ('test-table_coxt02.R:44')"/>
    </testcase>
    <testcase time="0.239999999999995" classname="table_coxt02" name="COXT02_variant_5_is_produced_correctly"/>
    <testcase time="0.0820000000000078" classname="table_coxt02" name="COXT02_variant_5_is_produced_correctly">
      <skipped message="Reason: On CRAN ('test-table_coxt02.R:67')"/>
    </testcase>
  </testsuite>
  <testsuite name="table_disclosures" timestamp="2023-02-09T16:04:32Z" hostname="e8cbefb7c495" tests="13" skipped="6" failures="0" errors="0" time="3.37">
    <testcase time="0.373999999999995" classname="table_disclosures" name="Patient_Disposition_table_is_produced_correctly"/>
    <testcase time="0.0960000000000036" classname="table_disclosures" name="Patient_Disposition_table_is_produced_correctly">
      <skipped message="Reason: On CRAN ('test-table_disclosures.R:108')"/>
    </testcase>
    <testcase time="0.489999999999995" classname="table_disclosures" name="Demographic_table_is_produced_correctly"/>
    <testcase time="0.198999999999998" classname="table_disclosures" name="Demographic_table_is_produced_correctly">
      <skipped message="Reason: On CRAN ('test-table_disclosures.R:129')"/>
    </testcase>
    <testcase time="0.156000000000006" classname="table_disclosures" name="Enrollment_by_Country_Table_is_produced_correctly"/>
    <testcase time="0.123000000000005" classname="table_disclosures" name="Enrollment_by_Country_Table_is_produced_correctly">
      <skipped message="Reason: On CRAN ('test-table_disclosures.R:141')"/>
    </testcase>
    <testcase time="0.11699999999999" classname="table_disclosures" name="Death_table_is_produced_correctly"/>
    <testcase time="0.041000000000011" classname="table_disclosures" name="Death_table_is_produced_correctly">
      <skipped message="Reason: On CRAN ('test-table_disclosures.R:159')"/>
    </testcase>
    <testcase time="0.635999999999996" classname="table_disclosures" name="Table_of_Serious_Adverse_Events_is_produced_correctly_for_one_specific_treatment_arm_"/>
    <testcase time="0.0919999999999987" classname="table_disclosures" name="Table_of_Serious_Adverse_Events_is_produced_correctly_for_one_specific_treatment_arm_">
      <skipped message="Reason: On CRAN ('test-table_disclosures.R:187')"/>
    </testcase>
    <testcase time="0.153999999999996" classname="table_disclosures" name="Table_of_Non_Serious_Adverse_Events_is_produced_correctly"/>
    <testcase time="0.741" classname="table_disclosures" name="Table_of_Non_Serious_Adverse_Events_is_produced_correctly"/>
    <testcase time="0.15100000000001" classname="table_disclosures" name="Table_of_Non_Serious_Adverse_Events_is_produced_correctly">
      <skipped message="Reason: On CRAN ('test-table_disclosures.R:209')"/>
    </testcase>
  </testsuite>
  <testsuite name="table_dmt01" timestamp="2023-02-09T16:04:35Z" hostname="e8cbefb7c495" tests="2" skipped="1" failures="0" errors="0" time="1.045">
    <testcase time="0.768999999999991" classname="table_dmt01" name="DMT01_default_and_alternative_variants_are_produced_correctly"/>
    <testcase time="0.275999999999996" classname="table_dmt01" name="DMT01_default_and_alternative_variants_are_produced_correctly">
      <skipped message="Reason: On CRAN ('test-table_dmt01.R:62')"/>
    </testcase>
  </testsuite>
  <testsuite name="table_dort01" timestamp="2023-02-09T16:04:37Z" hostname="e8cbefb7c495" tests="8" skipped="4" failures="0" errors="0" time="2.521">
    <testcase time="0.593000000000004" classname="table_dort01" name="DORT01_variant_1_is_produced_correctly"/>
    <testcase time="0.119" classname="table_dort01" name="DORT01_variant_1_is_produced_correctly">
      <skipped message="Reason: On CRAN ('test-table_dort01.R:78')"/>
    </testcase>
    <testcase time="0.525000000000006" classname="table_dort01" name="DORT01_variant_2_selecting_sectons_is_produced_correctly"/>
    <testcase time="0.138999999999996" classname="table_dort01" name="DORT01_variant_2_selecting_sectons_is_produced_correctly">
      <skipped message="Reason: On CRAN ('test-table_dort01.R:134')"/>
    </testcase>
    <testcase time="0.439999999999998" classname="table_dort01" name="DORT01_variant_3_modifying_conftype_and_alpha_level_is_produced_correctly"/>
    <testcase time="0.122" classname="table_dort01" name="DORT01_variant_3_modifying_conftype_and_alpha_level_is_produced_correctly">
      <skipped message="Reason: On CRAN ('test-table_dort01.R:190')"/>
    </testcase>
    <testcase time="0.469000000000008" classname="table_dort01" name="DORT01_variant_4_modifying_time_point_for_the_xx_duration_is_produced_correctly"/>
    <testcase time="0.11399999999999" classname="table_dort01" name="DORT01_variant_4_modifying_time_point_for_the_xx_duration_is_produced_correctly">
      <skipped message="Reason: On CRAN ('test-table_dort01.R:244')"/>
    </testcase>
  </testsuite>
  <testsuite name="table_dst01" timestamp="2023-02-09T16:04:39Z" hostname="e8cbefb7c495" tests="6" skipped="3" failures="0" errors="0" time="2.714">
    <testcase time="0.624000000000009" classname="table_dst01" name="DST01_default_variant_is_produced_correctly"/>
    <testcase time="0.0840000000000032" classname="table_dst01" name="DST01_default_variant_is_produced_correctly">
      <skipped message="Reason: On CRAN ('test-table_dst01.R:83')"/>
    </testcase>
    <testcase time="0.819999999999993" classname="table_dst01" name="DST01_variant_with_grouping_of_reasons_is_produced_correctly"/>
    <testcase time="0.102000000000004" classname="table_dst01" name="DST01_variant_with_grouping_of_reasons_is_produced_correctly">
      <skipped message="Reason: On CRAN ('test-table_dst01.R:102')"/>
    </testcase>
    <testcase time="0.994" classname="table_dst01" name="DST01_variant_with_adding_other_optional_rows_is_produced_correctly"/>
    <testcase time="0.0900000000000034" classname="table_dst01" name="DST01_variant_with_adding_other_optional_rows_is_produced_correctly">
      <skipped message="Reason: On CRAN ('test-table_dst01.R:119')"/>
    </testcase>
  </testsuite>
  <testsuite name="table_dth01" timestamp="2023-02-09T16:04:42Z" hostname="e8cbefb7c495" tests="8" skipped="4" failures="0" errors="0" time="2.356">
    <testcase time="0.236000000000004" classname="table_dth01" name="DTH01_variant_1_is_produced_correctly"/>
    <testcase time="0.0679999999999978" classname="table_dth01" name="DTH01_variant_1_is_produced_correctly">
      <skipped message="Reason: On CRAN ('test-table_dth01.R:22')"/>
    </testcase>
    <testcase time="0.731999999999999" classname="table_dth01" name="DTH01_variant_2_is_produced_correctly"/>
    <testcase time="0.185000000000002" classname="table_dth01" name="DTH01_variant_2_is_produced_correctly">
      <skipped message="Reason: On CRAN ('test-table_dth01.R:81')"/>
    </testcase>
    <testcase time="0.388999999999996" classname="table_dth01" name="DTH01_variant_3_is_produced_correctly"/>
    <testcase time="0.0960000000000036" classname="table_dth01" name="DTH01_variant_3_is_produced_correctly">
      <skipped message="Reason: On CRAN ('test-table_dth01.R:140')"/>
    </testcase>
    <testcase time="0.527000000000001" classname="table_dth01" name="DTH01_variant_4_is_produced_correctly"/>
    <testcase time="0.12299999999999" classname="table_dth01" name="DTH01_variant_4_is_produced_correctly">
      <skipped message="Reason: On CRAN ('test-table_dth01.R:217')"/>
    </testcase>
  </testsuite>
  <testsuite name="table_egt01" timestamp="2023-02-09T16:04:44Z" hostname="e8cbefb7c495" tests="2" skipped="1" failures="0" errors="0" time="1.504">
    <testcase time="1.187" classname="table_egt01" name="EGT01_default_variant_is_produced_correctly"/>
    <testcase time="0.317000000000007" classname="table_egt01" name="EGT01_default_variant_is_produced_correctly">
      <skipped message="Reason: On CRAN ('test-table_egt01.R:22')"/>
    </testcase>
  </testsuite>
  <testsuite name="table_egt02" timestamp="2023-02-09T16:04:46Z" hostname="e8cbefb7c495" tests="4" skipped="2" failures="0" errors="0" time="0.896">
    <testcase time="0.369" classname="table_egt02" name="_EGT02_1._Regardless_of_Abnormality_at_Baseline"/>
    <testcase time="0.0879999999999939" classname="table_egt02" name="_EGT02_1._Regardless_of_Abnormality_at_Baseline">
      <skipped message="Reason: On CRAN ('test-table_egt02.R:28')"/>
    </testcase>
    <testcase time="0.337000000000003" classname="table_egt02" name="_EGT02_2._Among_Subjects_Without_Abnormality_at_Baseline"/>
    <testcase time="0.10199999999999" classname="table_egt02" name="_EGT02_2._Among_Subjects_Without_Abnormality_at_Baseline">
      <skipped message="Reason: On CRAN ('test-table_egt02.R:51')"/>
    </testcase>
  </testsuite>
  <testsuite name="table_egt03" timestamp="2023-02-09T16:04:47Z" hostname="e8cbefb7c495" tests="8" skipped="4" failures="0" errors="0" time="2.056">
    <testcase time="0.403000000000006" classname="table_egt03" name="EGT03_variant_1_is_produced_correctly"/>
    <testcase time="0.129999999999995" classname="table_egt03" name="EGT03_variant_1_is_produced_correctly">
      <skipped message="Reason: On CRAN ('test-table_egt03.R:50')"/>
    </testcase>
    <testcase time="0.343000000000004" classname="table_egt03" name="EGT03_variant_2_is_produced_correctly"/>
    <testcase time="0.135999999999996" classname="table_egt03" name="EGT03_variant_2_is_produced_correctly">
      <skipped message="Reason: On CRAN ('test-table_egt03.R:91')"/>
    </testcase>
    <testcase time="0.378" classname="table_egt03" name="EGT03_variant_3_is_produced_correctly"/>
    <testcase time="0.125" classname="table_egt03" name="EGT03_variant_3_is_produced_correctly">
      <skipped message="Reason: On CRAN ('test-table_egt03.R:132')"/>
    </testcase>
    <testcase time="0.394000000000005" classname="table_egt03" name="EGT03_variant_4_is_produced_correctly"/>
    <testcase time="0.147000000000006" classname="table_egt03" name="EGT03_variant_4_is_produced_correctly">
      <skipped message="Reason: On CRAN ('test-table_egt03.R:179')"/>
    </testcase>
  </testsuite>
  <testsuite name="table_egt04" timestamp="2023-02-09T16:04:49Z" hostname="e8cbefb7c495" tests="2" skipped="1" failures="0" errors="0" time="0.417">
    <testcase time="0.323999999999998" classname="table_egt04" name="EGT04_default_variant_is_produced_correctly"/>
    <testcase time="0.0930000000000035" classname="table_egt04" name="EGT04_default_variant_is_produced_correctly">
      <skipped message="Reason: On CRAN ('test-table_egt04.R:51')"/>
    </testcase>
  </testsuite>
  <testsuite name="table_egt05_qtcat" timestamp="2023-02-09T16:04:49Z" hostname="e8cbefb7c495" tests="2" skipped="1" failures="0" errors="0" time="1.635">
    <testcase time="1.279" classname="table_egt05_qtcat" name="EGT05_QTCAT_default_variant_is_produced_correctly"/>
    <testcase time="0.355999999999995" classname="table_egt05_qtcat" name="EGT05_QTCAT_default_variant_is_produced_correctly">
      <skipped message="Reason: On CRAN ('test-table_egt05_qtcat.R:57')"/>
    </testcase>
  </testsuite>
  <testsuite name="table_ent" timestamp="2023-02-09T16:04:51Z" hostname="e8cbefb7c495" tests="8" skipped="4" failures="0" errors="0" time="23.995">
    <testcase time="5.93900000000001" classname="table_ent" name="ENT01_IT_is_produced_correctly"/>
    <testcase time="0.896999999999991" classname="table_ent" name="ENT01_IT_is_produced_correctly">
      <skipped message="Reason: On CRAN ('test-table_ent.R:24')"/>
    </testcase>
    <testcase time="3.967" classname="table_ent" name="ENT01a_IT_is_produced_correctly"/>
    <testcase time="0.829000000000008" classname="table_ent" name="ENT01a_IT_is_produced_correctly">
      <skipped message="Reason: On CRAN ('test-table_ent.R:40')"/>
    </testcase>
    <testcase time="6.316" classname="table_ent" name="ENT02_IT_is_produced_correctly"/>
    <testcase time="0.947000000000003" classname="table_ent" name="ENT02_IT_is_produced_correctly">
      <skipped message="Reason: On CRAN ('test-table_ent.R:61')"/>
    </testcase>
    <testcase time="4.244" classname="table_ent" name="ENT02a_IT_is_produced_correctly"/>
    <testcase time="0.855999999999995" classname="table_ent" name="ENT02a_IT_is_produced_correctly">
      <skipped message="Reason: On CRAN ('test-table_ent.R:79')"/>
    </testcase>
  </testsuite>
  <testsuite name="table_ext01" timestamp="2023-02-09T16:05:15Z" hostname="e8cbefb7c495" tests="6" skipped="3" failures="0" errors="0" time="2.091">
    <testcase time="0.528999999999996" classname="table_ext01" name="EXT01_default_variant_with_numeric_parameters_is_produced_correctly"/>
    <testcase time="0.140000000000001" classname="table_ext01" name="EXT01_default_variant_with_numeric_parameters_is_produced_correctly">
      <skipped message="Reason: On CRAN ('test-table_ext01.R:58')"/>
    </testcase>
    <testcase time="0.49499999999999" classname="table_ext01" name="EXT01_variant_with_both_numeric_and_categorical_parameters"/>
    <testcase time="0.156000000000006" classname="table_ext01" name="EXT01_variant_with_both_numeric_and_categorical_parameters">
      <skipped message="Reason: On CRAN ('test-table_ext01.R:147')"/>
    </testcase>
    <testcase time="0.573999999999998" classname="table_ext01" name="EXT01_variant_with_user_specified_categories_for_missed_doses"/>
    <testcase time="0.197000000000003" classname="table_ext01" name="EXT01_variant_with_user_specified_categories_for_missed_doses">
      <skipped message="Reason: On CRAN ('test-table_ext01.R:241')"/>
    </testcase>
  </testsuite>
  <testsuite name="table_fstg02" timestamp="2023-02-09T16:05:17Z" hostname="e8cbefb7c495" tests="8" skipped="4" failures="0" errors="0" time="5.127">
    <testcase time="1.461" classname="table_fstg02" name="FSTG02_table_variant_1_Subgroup_Analysis_of_Survival_Duration_is_produced_correctly"/>
    <testcase time="0.134" classname="table_fstg02" name="FSTG02_table_variant_1_Subgroup_Analysis_of_Survival_Duration_is_produced_correctly">
      <skipped message="Reason: On CRAN ('test-table_fstg02.R:43')"/>
    </testcase>
    <testcase time="1.31100000000001" classname="table_fstg02" name="FSTG02_table_variant_2_specifying_class_variables_and_options_for_the_treatment_variable_"/>
    <testcase time="0.163999999999987" classname="table_fstg02" name="FSTG02_table_variant_2_specifying_class_variables_and_options_for_the_treatment_variable_">
      <skipped message="Reason: On CRAN ('test-table_fstg02.R:80')"/>
    </testcase>
    <testcase time="0.51400000000001" classname="table_fstg02" name="FSTG02_table_variant_3_selecting_columns_and_changing_the_alpha_level_"/>
    <testcase time="0.0810000000000031" classname="table_fstg02" name="FSTG02_table_variant_3_selecting_columns_and_changing_the_alpha_level_">
      <skipped message="Reason: On CRAN ('test-table_fstg02.R:105')"/>
    </testcase>
    <testcase time="1.33999999999999" classname="table_fstg02" name="FSTG02_table_variant_4_fixed_symbol_size_is_produced_correctly"/>
    <testcase time="0.122" classname="table_fstg02" name="FSTG02_table_variant_4_fixed_symbol_size_is_produced_correctly">
      <skipped message="Reason: On CRAN ('test-table_fstg02.R:135')"/>
    </testcase>
  </testsuite>
  <testsuite name="table_lbt01" timestamp="2023-02-09T16:05:22Z" hostname="e8cbefb7c495" tests="2" skipped="1" failures="0" errors="0" time="1.353">
    <testcase time="1.095" classname="table_lbt01" name="LBT01_default_variant_is_produced_correctly"/>
    <testcase time="0.25800000000001" classname="table_lbt01" name="LBT01_default_variant_is_produced_correctly">
      <skipped message="Reason: On CRAN ('test-table_lbt01.R:26')"/>
    </testcase>
  </testsuite>
  <testsuite name="table_lbt02" timestamp="2023-02-09T16:05:23Z" hostname="e8cbefb7c495" tests="2" skipped="1" failures="0" errors="0" time="1.157">
    <testcase time="0.625999999999991" classname="table_lbt02" name="LBT02_default_variant_is_produced_correctly"/>
    <testcase time="0.531000000000006" classname="table_lbt02" name="LBT02_default_variant_is_produced_correctly">
      <skipped message="Reason: On CRAN ('test-table_lbt02.R:19')"/>
    </testcase>
  </testsuite>
  <testsuite name="table_lbt03" timestamp="2023-02-09T16:05:24Z" hostname="e8cbefb7c495" tests="2" skipped="1" failures="0" errors="0" time="0.791">
    <testcase time="0.606999999999999" classname="table_lbt03" name="LBT03_default_variant_is_produced_correctly"/>
    <testcase time="0.183999999999997" classname="table_lbt03" name="LBT03_default_variant_is_produced_correctly">
      <skipped message="Reason: On CRAN ('test-table_lbt03.R:29')"/>
    </testcase>
  </testsuite>
  <testsuite name="table_lbt04" timestamp="2023-02-09T16:05:25Z" hostname="e8cbefb7c495" tests="2" skipped="1" failures="0" errors="0" time="0.395">
    <testcase time="0.311999999999998" classname="table_lbt04" name="LBT04_default_variant_is_produced_correctly"/>
    <testcase time="0.0829999999999984" classname="table_lbt04" name="LBT04_default_variant_is_produced_correctly">
      <skipped message="Reason: On CRAN ('test-table_lbt04.R:25')"/>
    </testcase>
  </testsuite>
  <testsuite name="table_lbt05" timestamp="2023-02-09T16:05:26Z" hostname="e8cbefb7c495" tests="6" skipped="3" failures="0" errors="0" time="216.401">
    <testcase time="71.745" classname="table_lbt05" name="LBT05_variant_1_is_produced_correctly"/>
    <testcase time="0.147999999999996" classname="table_lbt05" name="LBT05_variant_1_is_produced_correctly">
      <skipped message="Reason: On CRAN ('test-table_lbt05.R:108')"/>
    </testcase>
    <testcase time="72.13" classname="table_lbt05" name="LBT05_variant_2_is_produced_correctly"/>
    <testcase time="0.157000000000039" classname="table_lbt05" name="LBT05_variant_2_is_produced_correctly">
      <skipped message="Reason: On CRAN ('test-table_lbt05.R:176')"/>
    </testcase>
    <testcase time="72.096" classname="table_lbt05" name="LBT05_variant_4_is_produced_correctly"/>
    <testcase time="0.125" classname="table_lbt05" name="LBT05_variant_4_is_produced_correctly">
      <skipped message="Reason: On CRAN ('test-table_lbt05.R:249')"/>
    </testcase>
  </testsuite>
  <testsuite name="table_lbt06" timestamp="2023-02-09T16:09:02Z" hostname="e8cbefb7c495" tests="2" skipped="1" failures="0" errors="0" time="1.065">
    <testcase time="0.802999999999997" classname="table_lbt06" name="LBT06_default_variant_is_produced_correctly"/>
    <testcase time="0.262" classname="table_lbt06" name="LBT06_default_variant_is_produced_correctly">
      <skipped message="Reason: On CRAN ('test-table_lbt06.R:24')"/>
    </testcase>
  </testsuite>
  <testsuite name="table_lbt07" timestamp="2023-02-09T16:09:03Z" hostname="e8cbefb7c495" tests="2" skipped="1" failures="0" errors="0" time="0.994">
    <testcase time="0.823999999999955" classname="table_lbt07" name="LBT07_is_produced_correctly"/>
    <testcase time="0.170000000000016" classname="table_lbt07" name="LBT07_is_produced_correctly">
      <skipped message="Reason: On CRAN ('test-table_lbt07.R:77')"/>
    </testcase>
  </testsuite>
  <testsuite name="table_lbt08" timestamp="2023-02-09T16:09:04Z" hostname="e8cbefb7c495" tests="2" skipped="1" failures="0" errors="0" time="0.895">
    <testcase time="0.730000000000018" classname="table_lbt08" name="LBT08_produce_correctly"/>
    <testcase time="0.164999999999964" classname="table_lbt08" name="LBT08_produce_correctly">
      <skipped message="Reason: On CRAN ('test-table_lbt08.R:38')"/>
    </testcase>
  </testsuite>
  <testsuite name="table_lbt14" timestamp="2023-02-09T16:09:05Z" hostname="e8cbefb7c495" tests="10" skipped="5" failures="0" errors="0" time="4.891">
    <testcase time="0.77800000000002" classname="table_lbt14" name="LBT14_variant_1_HIGH_works_as_expected"/>
    <testcase time="0.177000000000021" classname="table_lbt14" name="LBT14_variant_1_HIGH_works_as_expected">
      <skipped message="Reason: On CRAN ('test-table_lbt14.R:48')"/>
    </testcase>
    <testcase time="0.738" classname="table_lbt14" name="LBT14_variant_2_LOW_works_as_expected"/>
    <testcase time="0.176999999999964" classname="table_lbt14" name="LBT14_variant_2_LOW_works_as_expected">
      <skipped message="Reason: On CRAN ('test-table_lbt14.R:95')"/>
    </testcase>
    <testcase time="0.737000000000023" classname="table_lbt14" name="LBT14_variant_3_LOW_without_baseline_missing_works_as_expected"/>
    <testcase time="0.177999999999997" classname="table_lbt14" name="LBT14_variant_3_LOW_without_baseline_missing_works_as_expected">
      <skipped message="Reason: On CRAN ('test-table_lbt14.R:141')"/>
    </testcase>
    <testcase time="0.742000000000019" classname="table_lbt14" name="LBT14_variant_4_LOW_and_force_1_missing_both_baseline_and_post_baseline_then_force_the_missing_baseline_as_0_as_expected"/>
    <testcase time="0.185999999999979" classname="table_lbt14" name="LBT14_variant_4_LOW_and_force_1_missing_both_baseline_and_post_baseline_then_force_the_missing_baseline_as_0_as_expected">
      <skipped message="Reason: On CRAN ('test-table_lbt14.R:189')"/>
    </testcase>
    <testcase time="0.894000000000005" classname="table_lbt14" name="LBT14_variant_5_HIGH_with_fillings_works_as_expected"/>
    <testcase time="0.283999999999992" classname="table_lbt14" name="LBT14_variant_5_HIGH_with_fillings_works_as_expected">
      <skipped message="Reason: On CRAN ('test-table_lbt14.R:236')"/>
    </testcase>
  </testsuite>
  <testsuite name="table_lgrt02" timestamp="2023-02-09T16:09:10Z" hostname="e8cbefb7c495" tests="8" skipped="4" failures="0" errors="0" time="4.59">
    <testcase time="0.923000000000002" classname="table_lgrt02" name="LGRT02_without_interaction_term_is_produced_correctly"/>
    <testcase time="0.175000000000011" classname="table_lgrt02" name="LGRT02_without_interaction_term_is_produced_correctly">
      <skipped message="Reason: On CRAN ('test-table_lgrt02.R:52')"/>
    </testcase>
    <testcase time="1.04400000000004" classname="table_lgrt02" name="LGRT02_with_categorical_interaction_is_produced_correctly"/>
    <testcase time="0.218999999999994" classname="table_lgrt02" name="LGRT02_with_categorical_interaction_is_produced_correctly">
      <skipped message="Reason: On CRAN ('test-table_lgrt02.R:78')"/>
    </testcase>
    <testcase time="1.012" classname="table_lgrt02" name="LGRT02_with_continuous_interaction_is_produced_correctly"/>
    <testcase time="0.21999999999997" classname="table_lgrt02" name="LGRT02_with_continuous_interaction_is_produced_correctly">
      <skipped message="Reason: On CRAN ('test-table_lgrt02.R:104')"/>
    </testcase>
    <testcase time="0.812999999999988" classname="table_lgrt02" name="LGRT02_with_setting_values_indicating_an_event_and_custom_alpha_level_is_produced_correctly"/>
    <testcase time="0.184000000000026" classname="table_lgrt02" name="LGRT02_with_setting_values_indicating_an_event_and_custom_alpha_level_is_produced_correctly">
      <skipped message="Reason: On CRAN ('test-table_lgrt02.R:130')"/>
    </testcase>
  </testsuite>
  <testsuite name="table_mht01" timestamp="2023-02-09T16:09:14Z" hostname="e8cbefb7c495" tests="8" skipped="4" failures="0" errors="0" time="2.417">
    <testcase time="0.545999999999992" classname="table_mht01" name="MHT01_variant_1_is_produced_accurately"/>
    <testcase time="0.16500000000002" classname="table_mht01" name="MHT01_variant_1_is_produced_accurately">
      <skipped message="Reason: On CRAN ('test-table_mht01.R:41')"/>
    </testcase>
    <testcase time="0.217999999999961" classname="table_mht01" name="MHT01_variant_2_is_produced_accurately"/>
    <testcase time="0.0769999999999982" classname="table_mht01" name="MHT01_variant_2_is_produced_accurately">
      <skipped message="Reason: On CRAN ('test-table_mht01.R:82')"/>
    </testcase>
    <testcase time="0.474999999999966" classname="table_mht01" name="MHT01_variant_3_is_produced_accurately"/>
    <testcase time="0.140000000000043" classname="table_mht01" name="MHT01_variant_3_is_produced_accurately">
      <skipped message="Reason: On CRAN ('test-table_mht01.R:120')"/>
    </testcase>
    <testcase time="0.620999999999981" classname="table_mht01" name="MHT01_variant_5_is_produced_accurately"/>
    <testcase time="0.175000000000011" classname="table_mht01" name="MHT01_variant_5_is_produced_accurately">
      <skipped message="Reason: On CRAN ('test-table_mht01.R:163')"/>
    </testcase>
  </testsuite>
  <testsuite name="table_onct05" timestamp="2023-02-09T16:09:17Z" hostname="e8cbefb7c495" tests="8" skipped="4" failures="0" errors="0" time="4.641">
    <testcase time="1.28699999999998" classname="table_onct05" name="ONCT05_variant_1_Objective_Response_Rate_by_Subgroup_is_produced_correctly"/>
    <testcase time="0.117000000000019" classname="table_onct05" name="ONCT05_variant_1_Objective_Response_Rate_by_Subgroup_is_produced_correctly">
      <skipped message="Reason: On CRAN ('test-table_onct05.R:33')"/>
    </testcase>
    <testcase time="1.23599999999999" classname="table_onct05" name="ONCT05_variant_2_Specifying_class_variables_is_produced_correctly"/>
    <testcase time="0.13900000000001" classname="table_onct05" name="ONCT05_variant_2_Specifying_class_variables_is_produced_correctly">
      <skipped message="Reason: On CRAN ('test-table_onct05.R:57')"/>
    </testcase>
    <testcase time="0.451000000000022" classname="table_onct05" name="ONCT05_variant_3_selecting_columns_and_changing_the_alpha_level_is_produced_correctly"/>
    <testcase time="0.08299999999997" classname="table_onct05" name="ONCT05_variant_3_selecting_columns_and_changing_the_alpha_level_is_produced_correctly">
      <skipped message="Reason: On CRAN ('test-table_onct05.R:75')"/>
    </testcase>
    <testcase time="1.214" classname="table_onct05" name="ONCT05_variant_4_setting_values_indicating_response_is_produced_correctly"/>
    <testcase time="0.114000000000033" classname="table_onct05" name="ONCT05_variant_4_setting_values_indicating_response_is_produced_correctly">
      <skipped message="Reason: On CRAN ('test-table_onct05.R:96')"/>
    </testcase>
  </testsuite>
  <testsuite name="table_pdt01" timestamp="2023-02-09T16:09:22Z" hostname="e8cbefb7c495" tests="2" skipped="1" failures="0" errors="0" time="0.696">
    <testcase time="0.504999999999995" classname="table_pdt01" name="PDT01_is_produced_correctly"/>
    <testcase time="0.190999999999974" classname="table_pdt01" name="PDT01_is_produced_correctly">
      <skipped message="Reason: On CRAN ('test-table_pdt01.R:38')"/>
    </testcase>
  </testsuite>
  <testsuite name="table_pdt02" timestamp="2023-02-09T16:09:22Z" hostname="e8cbefb7c495" tests="2" skipped="1" failures="0" errors="0" time="0.378">
    <testcase time="0.302999999999997" classname="table_pdt02" name="PDT02_is_produced_correctly"/>
    <testcase time="0.0750000000000455" classname="table_pdt02" name="PDT02_is_produced_correctly">
      <skipped message="Reason: On CRAN ('test-table_pdt02.R:33')"/>
    </testcase>
  </testsuite>
  <testsuite name="table_pkct01" timestamp="2023-02-09T16:09:23Z" hostname="e8cbefb7c495" tests="8" skipped="2" failures="2" errors="0" time="10.178">
    <testcase time="0.748999999999967" classname="table_pkct01" name="PKCT01_is_produced_correctly"/>
    <testcase time="0.156000000000006" classname="table_pkct01" name="PKCT01_is_produced_correctly">
      <skipped message="Reason: On CRAN ('test-table_pkct01.R:18')"/>
    </testcase>
    <testcase time="2.54300000000001" classname="table_pkct01" name="Specific_PKCT01_features_are_present">
      <failure type="failure" message="any(sapply(string_res, grepl, pattern = &quot;NA&quot;)) is not FALSE ('test-table_pkct01.R:118')">any(sapply(string_res, grepl, pattern = "NA")) is not FALSE

`actual`:   TRUE 
`expected`: FALSE</failure>
    </testcase>
    <testcase time="0.0380000000000109" classname="table_pkct01" name="Specific_PKCT01_features_are_present">
      <failure type="failure" message="sum(sapply(string_res, grepl, pattern = &quot;NE&quot;)) (`actual`) not equal to 4L (`expected`). ('test-table_pkct01.R:119')">sum(sapply(string_res, grepl, pattern = "NE")) (`actual`) not equal to 4L (`expected`).

  `actual`: 2
`expected`: 4</failure>
    </testcase>
    <testcase time="5.77199999999999" classname="table_pkct01" name="Specific_PKCT01_features_are_present"/>
    <testcase time="0.654999999999973" classname="table_pkct01" name="Specific_PKCT01_features_are_present"/>
    <testcase time="0.00200000000000955" classname="table_pkct01" name="Specific_PKCT01_features_are_present"/>
    <testcase time="0.263000000000034" classname="table_pkct01" name="Specific_PKCT01_features_are_present">
      <skipped message="Reason: On CRAN ('test-table_pkct01.R:138')"/>
    </testcase>
  </testsuite>
  <testsuite name="table_pkpt02" timestamp="2023-02-09T16:09:33Z" hostname="e8cbefb7c495" tests="4" skipped="2" failures="0" errors="0" time="0.874">
    <testcase time="0.36099999999999" classname="table_pkpt02" name="PKPT02_is_produced_correctly_for_Drug_X"/>
    <testcase time="0.146999999999991" classname="table_pkpt02" name="PKPT02_is_produced_correctly_for_Drug_X">
      <skipped message="Reason: On CRAN ('test-table_pkpt02.R:42')"/>
    </testcase>
    <testcase time="0.245999999999981" classname="table_pkpt02" name="PKPT02_is_produced_correctly_for_Drug_Y"/>
    <testcase time="0.120000000000005" classname="table_pkpt02" name="PKPT02_is_produced_correctly_for_Drug_Y">
      <skipped message="Reason: On CRAN ('test-table_pkpt02.R:55')"/>
    </testcase>
  </testsuite>
  <testsuite name="table_pkpt03" timestamp="2023-02-09T16:09:34Z" hostname="e8cbefb7c495" tests="4" skipped="2" failures="0" errors="0" time="1.485">
    <testcase time="0.809000000000026" classname="table_pkpt03" name="PKPT03_Drug_X_is_produced_correctly"/>
    <testcase time="0.148000000000025" classname="table_pkpt03" name="PKPT03_Drug_X_is_produced_correctly">
      <skipped message="Reason: On CRAN ('test-table_pkpt03.R:66')"/>
    </testcase>
    <testcase time="0.428999999999974" classname="table_pkpt03" name="PKPT03_Drug_Y_is_produced_correctly"/>
    <testcase time="0.0989999999999895" classname="table_pkpt03" name="PKPT03_Drug_Y_is_produced_correctly">
      <skipped message="Reason: On CRAN ('test-table_pkpt03.R:80')"/>
    </testcase>
  </testsuite>
  <testsuite name="table_pkpt04" timestamp="2023-02-09T16:09:35Z" hostname="e8cbefb7c495" tests="4" skipped="2" failures="0" errors="0" time="1.11">
    <testcase time="0.444000000000017" classname="table_pkpt04" name="PKPT04_is_produced_correctly_for_Drug_X"/>
    <testcase time="0.185000000000002" classname="table_pkpt04" name="PKPT04_is_produced_correctly_for_Drug_X">
      <skipped message="Reason: On CRAN ('test-table_pkpt04.R:42')"/>
    </testcase>
    <testcase time="0.323999999999955" classname="table_pkpt04" name="PKPT04_is_produced_correctly_for_Drug_Y"/>
    <testcase time="0.157000000000039" classname="table_pkpt04" name="PKPT04_is_produced_correctly_for_Drug_Y">
      <skipped message="Reason: On CRAN ('test-table_pkpt04.R:55')"/>
    </testcase>
  </testsuite>
  <testsuite name="table_pkpt05" timestamp="2023-02-09T16:09:36Z" hostname="e8cbefb7c495" tests="4" skipped="2" failures="0" errors="0" time="2.191">
    <testcase time="1.02699999999999" classname="table_pkpt05" name="PKPT05_Drug_X_is_produced_correctly"/>
    <testcase time="0.194000000000017" classname="table_pkpt05" name="PKPT05_Drug_X_is_produced_correctly">
      <skipped message="Reason: On CRAN ('test-table_pkpt05.R:65')"/>
    </testcase>
    <testcase time="0.864999999999952" classname="table_pkpt05" name="PKPT05_Drug_Y_is_produced_correctly"/>
    <testcase time="0.105000000000018" classname="table_pkpt05" name="PKPT05_Drug_Y_is_produced_correctly">
      <skipped message="Reason: On CRAN ('test-table_pkpt05.R:80')"/>
    </testcase>
  </testsuite>
  <testsuite name="table_pkpt06" timestamp="2023-02-09T16:09:38Z" hostname="e8cbefb7c495" tests="4" skipped="2" failures="0" errors="0" time="0.434">
    <testcase time="0.211999999999989" classname="table_pkpt06" name="PKPT06_is_produced_correctly_for_Drug_X"/>
    <testcase time="0.0579999999999927" classname="table_pkpt06" name="PKPT06_is_produced_correctly_for_Drug_X">
      <skipped message="Reason: On CRAN ('test-table_pkpt06.R:48')"/>
    </testcase>
    <testcase time="0.117999999999995" classname="table_pkpt06" name="PKPT06_is_produced_correctly_for_Drug_Y"/>
    <testcase time="0.0460000000000491" classname="table_pkpt06" name="PKPT06_is_produced_correctly_for_Drug_Y">
      <skipped message="Reason: On CRAN ('test-table_pkpt06.R:61')"/>
    </testcase>
  </testsuite>
  <testsuite name="table_pkpt07" timestamp="2023-02-09T16:09:39Z" hostname="e8cbefb7c495" tests="4" skipped="2" failures="0" errors="0" time="0.71">
    <testcase time="0.364999999999952" classname="table_pkpt07" name="PKPT07_Drug_X_is_produced_correctly"/>
    <testcase time="0.0840000000000032" classname="table_pkpt07" name="PKPT07_Drug_X_is_produced_correctly">
      <skipped message="Reason: On CRAN ('test-table_pkpt07.R:72')"/>
    </testcase>
    <testcase time="0.187000000000012" classname="table_pkpt07" name="PKPT07_Drug_Y_is_produced_correctly"/>
    <testcase time="0.0740000000000123" classname="table_pkpt07" name="PKPT07_Drug_Y_is_produced_correctly">
      <skipped message="Reason: On CRAN ('test-table_pkpt07.R:87')"/>
    </testcase>
  </testsuite>
  <testsuite name="table_rspt01" timestamp="2023-02-09T16:09:40Z" hostname="e8cbefb7c495" tests="12" skipped="6" failures="0" errors="0" time="3.852">
    <testcase time="0.639999999999986" classname="table_rspt01" name="RSPT01_1._Best_Overall_Response"/>
    <testcase time="0.129999999999995" classname="table_rspt01" name="RSPT01_1._Best_Overall_Response">
      <skipped message="Reason: On CRAN ('test-table_rspt01.R:46')"/>
    </testcase>
    <testcase time="0.41700000000003" classname="table_rspt01" name="RSPT01_2._Best_Overall_Response_selecting_sections_to_display_"/>
    <testcase time="0.132999999999981" classname="table_rspt01" name="RSPT01_2._Best_Overall_Response_selecting_sections_to_display_">
      <skipped message="Reason: On CRAN ('test-table_rspt01.R:73')"/>
    </testcase>
    <testcase time="0.555999999999983" classname="table_rspt01" name="RSPT01_3._Best_Overall_Response_modifying_settings_"/>
    <testcase time="0.124000000000024" classname="table_rspt01" name="RSPT01_3._Best_Overall_Response_modifying_settings_">
      <skipped message="Reason: On CRAN ('test-table_rspt01.R:116')"/>
    </testcase>
    <testcase time="0.605000000000018" classname="table_rspt01" name="RSPT01_4._Best_Overall_Response_with_stratified_analysis_"/>
    <testcase time="0.163999999999987" classname="table_rspt01" name="RSPT01_4._Best_Overall_Response_with_stratified_analysis_">
      <skipped message="Reason: On CRAN ('test-table_rspt01.R:166')"/>
    </testcase>
    <testcase time="0.448000000000036" classname="table_rspt01" name="RSPT01_5._Best_Overall_Response_modifying_the_definition_of_overall_response_"/>
    <testcase time="0.13900000000001" classname="table_rspt01" name="RSPT01_5._Best_Overall_Response_modifying_the_definition_of_overall_response_">
      <skipped message="Reason: On CRAN ('test-table_rspt01.R:198')"/>
    </testcase>
    <testcase time="0.382999999999981" classname="table_rspt01" name="RSPT01_6._Best_Overall_Response_define_new_sections_to_display_"/>
    <testcase time="0.113" classname="table_rspt01" name="RSPT01_6._Best_Overall_Response_define_new_sections_to_display_">
      <skipped message="Reason: On CRAN ('test-table_rspt01.R:248')"/>
    </testcase>
  </testsuite>
  <testsuite name="table_ttet01" timestamp="2023-02-09T16:09:43Z" hostname="e8cbefb7c495" tests="12" skipped="6" failures="0" errors="0" time="4.517">
    <testcase time="0.745999999999981" classname="table_ttet01" name="TTET01_default_variant_is_produced_correctly"/>
    <testcase time="0.182000000000016" classname="table_ttet01" name="TTET01_default_variant_is_produced_correctly">
      <skipped message="Reason: On CRAN ('test-table_ttet01.R:79')"/>
    </testcase>
    <testcase time="0.396000000000015" classname="table_ttet01" name="TTET01_variant_2_selecting_sections_to_display"/>
    <testcase time="0.106999999999971" classname="table_ttet01" name="TTET01_variant_2_selecting_sections_to_display">
      <skipped message="Reason: On CRAN ('test-table_ttet01.R:124')"/>
    </testcase>
    <testcase time="0.552000000000021" classname="table_ttet01" name="TTET01_variant_3_modifying_analysis_details_like_conftype_ties_alpha_level"/>
    <testcase time="0.156000000000006" classname="table_ttet01" name="TTET01_variant_3_modifying_analysis_details_like_conftype_ties_alpha_level">
      <skipped message="Reason: On CRAN ('test-table_ttet01.R:190')"/>
    </testcase>
    <testcase time="0.668000000000006" classname="table_ttet01" name="TTET01_variant_4_with_stratified_analysis"/>
    <testcase time="0.153999999999996" classname="table_ttet01" name="TTET01_variant_4_with_stratified_analysis">
      <skipped message="Reason: On CRAN ('test-table_ttet01.R:251')"/>
    </testcase>
    <testcase time="0.560000000000002" classname="table_ttet01" name="TTET01_variant_5_modifying_time_point"/>
    <testcase time="0.155999999999949" classname="table_ttet01" name="TTET01_variant_5_modifying_time_point">
      <skipped message="Reason: On CRAN ('test-table_ttet01.R:306')"/>
    </testcase>
    <testcase time="0.68100000000004" classname="table_ttet01" name="TTET01_variant_6_requesting_more_than_one_p_value"/>
    <testcase time="0.158999999999992" classname="table_ttet01" name="TTET01_variant_6_requesting_more_than_one_p_value">
      <skipped message="Reason: On CRAN ('test-table_ttet01.R:379')"/>
    </testcase>
  </testsuite>
  <testsuite name="table_vst01" timestamp="2023-02-09T16:09:48Z" hostname="e8cbefb7c495" tests="2" skipped="1" failures="0" errors="0" time="2.2">
    <testcase time="1.791" classname="table_vst01" name="VST01_default_variant_is_produced_correctly"/>
    <testcase time="0.408999999999992" classname="table_vst01" name="VST01_default_variant_is_produced_correctly">
      <skipped message="Reason: On CRAN ('test-table_vst01.R:66')"/>
    </testcase>
  </testsuite>
  <testsuite name="table_vst02" timestamp="2023-02-09T16:09:50Z" hostname="e8cbefb7c495" tests="4" skipped="2" failures="0" errors="0" time="1.324">
    <testcase time="0.543999999999983" classname="table_vst02" name="1._Vital_Sign_Abnormalities_Regardless_of_Abnormality_at_Baseline_VST02_1_"/>
    <testcase time="0.13900000000001" classname="table_vst02" name="1._Vital_Sign_Abnormalities_Regardless_of_Abnormality_at_Baseline_VST02_1_">
      <skipped message="Reason: On CRAN ('test-table_vst02.R:18')"/>
    </testcase>
    <testcase time="0.504999999999995" classname="table_vst02" name="2._Vital_Sign_Abnormalities_Among_Subject_Without_Abnormality_at_Baseline_VST02_2_"/>
    <testcase time="0.136000000000024" classname="table_vst02" name="2._Vital_Sign_Abnormalities_Among_Subject_Without_Abnormality_at_Baseline_VST02_2_">
      <skipped message="Reason: On CRAN ('test-table_vst02.R:33')"/>
    </testcase>
  </testsuite>
</testsuites>
