<?xml version="1.0" encoding="UTF-8"?>
<testsuites>
  <testsuite name="listing_adal02" timestamp="2024-11-26T02:47:30Z" hostname="75ff7ba1e10b" tests="1" skipped="1" failures="0" errors="0" time="0.204">
    <testcase time="0.204" classname="listing_adal02" name="ADAL02_listing_is_produced_correctly">
      <skipped message="Reason: On CRAN ('test-listing_adal02.R:109:3')"/>
    </testcase>
  </testsuite>
  <testsuite name="listing_ael01" timestamp="2024-11-26T02:47:30Z" hostname="75ff7ba1e10b" tests="1" skipped="1" failures="0" errors="0" time="0.217">
    <testcase time="0.217000000000001" classname="listing_ael01" name="AEL01_listing_is_produced_correctly">
      <skipped message="Reason: On CRAN ('test-listing_ael01.R:20:3')"/>
    </testcase>
  </testsuite>
  <testsuite name="listing_ael01_nollt" timestamp="2024-11-26T02:47:30Z" hostname="75ff7ba1e10b" tests="1" skipped="1" failures="0" errors="0" time="0.065">
    <testcase time="0.0649999999999995" classname="listing_ael01_nollt" name="AEL01_NOLLT_listing_is_produced_correctly">
      <skipped message="Reason: On CRAN ('test-listing_ael01_nollt.R:23:3')"/>
    </testcase>
  </testsuite>
  <testsuite name="listing_ael02" timestamp="2024-11-26T02:47:30Z" hostname="75ff7ba1e10b" tests="1" skipped="1" failures="0" errors="0" time="0.279">
    <testcase time="0.279" classname="listing_ael02" name="AEL02_listing_is_produced_correctly">
      <skipped message="Reason: On CRAN ('test-listing_ael02.R:60:3')"/>
    </testcase>
  </testsuite>
  <testsuite name="listing_ael02_ed" timestamp="2024-11-26T02:47:31Z" hostname="75ff7ba1e10b" tests="1" skipped="1" failures="0" errors="0" time="0.315">
    <testcase time="0.315" classname="listing_ael02_ed" name="AEL02_ED_listing_is_produced_correctly">
      <skipped message="Reason: On CRAN ('test-listing_ael02_ed.R:77:3')"/>
    </testcase>
  </testsuite>
  <testsuite name="listing_ael03" timestamp="2024-11-26T02:47:31Z" hostname="75ff7ba1e10b" tests="1" skipped="1" failures="0" errors="0" time="0.27">
    <testcase time="0.270000000000001" classname="listing_ael03" name="AEL03_listing_is_produced_correctly">
      <skipped message="Reason: On CRAN ('test-listing_ael03.R:73:3')"/>
    </testcase>
  </testsuite>
  <testsuite name="listing_ael04" timestamp="2024-11-26T02:47:31Z" hostname="75ff7ba1e10b" tests="1" skipped="1" failures="0" errors="0" time="0.188">
    <testcase time="0.187999999999999" classname="listing_ael04" name="AEL04_listing_is_produced_correctly">
      <skipped message="Reason: On CRAN ('test-listing_ael04.R:30:3')"/>
    </testcase>
  </testsuite>
  <testsuite name="listing_cml01" timestamp="2024-11-26T02:47:31Z" hostname="75ff7ba1e10b" tests="1" skipped="1" failures="0" errors="0" time="0.321">
    <testcase time="0.321000000000002" classname="listing_cml01" name="CML01_listing_is_produced_correctly">
      <skipped message="Reason: On CRAN ('test-listing_cml01.R:41:3')"/>
    </testcase>
  </testsuite>
  <testsuite name="listing_cml02a_gl" timestamp="2024-11-26T02:47:32Z" hostname="75ff7ba1e10b" tests="1" skipped="1" failures="0" errors="0" time="0.116">
    <testcase time="0.116" classname="listing_cml02a_gl" name="CML02A_GL_listing_is_produced_correctly">
      <skipped message="Reason: On CRAN ('test-listing_cml02a_gl.R:19:3')"/>
    </testcase>
  </testsuite>
  <testsuite name="listing_cml02b_gl" timestamp="2024-11-26T02:47:32Z" hostname="75ff7ba1e10b" tests="1" skipped="1" failures="0" errors="0" time="0.156">
    <testcase time="0.155999999999999" classname="listing_cml02b_gl" name="CML02B_GL_listing_is_produced_correctly">
      <skipped message="Reason: On CRAN ('test-listing_cml02b_gl.R:22:3')"/>
    </testcase>
  </testsuite>
  <testsuite name="listing_dsl01" timestamp="2024-11-26T02:47:32Z" hostname="75ff7ba1e10b" tests="1" skipped="1" failures="0" errors="0" time="0.153">
    <testcase time="0.153" classname="listing_dsl01" name="DSL01_listing_is_produced_correctly">
      <skipped message="Reason: On CRAN ('test-listing_dsl01.R:31:3')"/>
    </testcase>
  </testsuite>
  <testsuite name="listing_dsl02" timestamp="2024-11-26T02:47:32Z" hostname="75ff7ba1e10b" tests="1" skipped="1" failures="0" errors="0" time="0.066">
    <testcase time="0.0660000000000007" classname="listing_dsl02" name="DSL02_listing_is_produced_correctly">
      <skipped message="Reason: On CRAN ('test-listing_dsl02.R:33:3')"/>
    </testcase>
  </testsuite>
  <testsuite name="listing_dsur4" timestamp="2024-11-26T02:47:32Z" hostname="75ff7ba1e10b" tests="1" skipped="1" failures="0" errors="0" time="0.12">
    <testcase time="0.119999999999999" classname="listing_dsur4" name="DSUR4_listing_is_produced_correctly">
      <skipped message="Reason: On CRAN ('test-listing_dsur4.R:22:3')"/>
    </testcase>
  </testsuite>
  <testsuite name="listing_egl01" timestamp="2024-11-26T02:47:32Z" hostname="75ff7ba1e10b" tests="1" skipped="1" failures="0" errors="0" time="0.405">
    <testcase time="0.405000000000001" classname="listing_egl01" name="EGL01_listing_is_produced_correctly">
      <skipped message="Reason: On CRAN ('test-listing_egl01.R:61:3')"/>
    </testcase>
  </testsuite>
  <testsuite name="listing_exl01" timestamp="2024-11-26T02:47:33Z" hostname="75ff7ba1e10b" tests="1" skipped="1" failures="0" errors="0" time="0.204">
    <testcase time="0.203999999999999" classname="listing_exl01" name="EXL01_listing_is_produced_correctly">
      <skipped message="Reason: On CRAN ('test-listing_exl01.R:29:3')"/>
    </testcase>
  </testsuite>
  <testsuite name="listing_lbl01" timestamp="2024-11-26T02:47:33Z" hostname="75ff7ba1e10b" tests="1" skipped="1" failures="0" errors="0" time="0.51">
    <testcase time="0.51" classname="listing_lbl01" name="LBL01_listing_is_produced_correctly">
      <skipped message="Reason: On CRAN ('test-listing_lbl01.R:52:3')"/>
    </testcase>
  </testsuite>
  <testsuite name="listing_lbl01_rls" timestamp="2024-11-26T02:47:33Z" hostname="75ff7ba1e10b" tests="1" skipped="1" failures="0" errors="0" time="0.519">
    <testcase time="0.519" classname="listing_lbl01_rls" name="LBL01_RLS_listing_is_produced_correctly">
      <skipped message="Reason: On CRAN ('test-listing_lbl01_rls.R:58:3')"/>
    </testcase>
  </testsuite>
  <testsuite name="listing_lbl02a" timestamp="2024-11-26T02:47:34Z" hostname="75ff7ba1e10b" tests="1" skipped="1" failures="0" errors="0" time="0.244">
    <testcase time="0.244" classname="listing_lbl02a" name="LBL02A_listing_is_produced_correctly">
      <skipped message="Reason: On CRAN ('test-listing_lbl02a.R:50:3')"/>
    </testcase>
  </testsuite>
  <testsuite name="listing_lbl02a_rls" timestamp="2024-11-26T02:47:34Z" hostname="75ff7ba1e10b" tests="1" skipped="1" failures="0" errors="0" time="0.805">
    <testcase time="0.805000000000001" classname="listing_lbl02a_rls" name="LBL02A_RLS_listing_is_produced_correctly">
      <skipped message="Reason: On CRAN ('test-listing_lbl02a_rls.R:79:3')"/>
    </testcase>
  </testsuite>
  <testsuite name="listing_lbl02b" timestamp="2024-11-26T02:47:35Z" hostname="75ff7ba1e10b" tests="1" skipped="1" failures="0" errors="0" time="0.244">
    <testcase time="0.244" classname="listing_lbl02b" name="LBL02B_listing_is_produced_correctly">
      <skipped message="Reason: On CRAN ('test-listing_lbl02b.R:56:3')"/>
    </testcase>
  </testsuite>
  <testsuite name="listing_mhl01" timestamp="2024-11-26T02:47:35Z" hostname="75ff7ba1e10b" tests="1" skipped="1" failures="0" errors="0" time="0.239">
    <testcase time="0.238999999999999" classname="listing_mhl01" name="MHL01_listing_is_produced_correctly">
      <skipped message="Reason: On CRAN ('test-listing_mhl01.R:33:3')"/>
    </testcase>
  </testsuite>
  <testsuite name="listing_oncl01" timestamp="2024-11-26T02:47:35Z" hostname="75ff7ba1e10b" tests="1" skipped="1" failures="0" errors="0" time="0.237">
    <testcase time="0.237" classname="listing_oncl01" name="ONCL01_listing_is_produced_correctly">
      <skipped message="Reason: On CRAN ('test-listing_oncl01.R:61:3')"/>
    </testcase>
  </testsuite>
  <testsuite name="listing_pkcl01" timestamp="2024-11-26T02:47:36Z" hostname="75ff7ba1e10b" tests="1" skipped="1" failures="0" errors="0" time="0.184">
    <testcase time="0.184000000000001" classname="listing_pkcl01" name="PKCL01_listing_is_produced_correctly">
      <skipped message="Reason: On CRAN ('test-listing_pkcl01.R:28:3')"/>
    </testcase>
  </testsuite>
  <testsuite name="listing_pkcl02" timestamp="2024-11-26T02:47:36Z" hostname="75ff7ba1e10b" tests="1" skipped="1" failures="0" errors="0" time="0.198">
    <testcase time="0.197999999999999" classname="listing_pkcl02" name="PKCL02_listing_is_produced_correctly">
      <skipped message="Reason: On CRAN ('test-listing_pkcl02.R:62:3')"/>
    </testcase>
  </testsuite>
  <testsuite name="listing_pkpl01" timestamp="2024-11-26T02:47:36Z" hostname="75ff7ba1e10b" tests="1" skipped="1" failures="0" errors="0" time="0.224">
    <testcase time="0.224" classname="listing_pkpl01" name="PKPL01_listing_is_produced_correctly">
      <skipped message="Reason: On CRAN ('test-listing_pkpl01.R:38:3')"/>
    </testcase>
  </testsuite>
  <testsuite name="listing_pkpl02" timestamp="2024-11-26T02:47:36Z" hostname="75ff7ba1e10b" tests="1" skipped="1" failures="0" errors="0" time="0.151">
    <testcase time="0.151" classname="listing_pkpl02" name="PKPL02_listing_is_produced_correctly">
      <skipped message="Reason: On CRAN ('test-listing_pkpl02.R:37:3')"/>
    </testcase>
  </testsuite>
  <testsuite name="listing_pkpl04" timestamp="2024-11-26T02:47:36Z" hostname="75ff7ba1e10b" tests="1" skipped="1" failures="0" errors="0" time="0.185">
    <testcase time="0.185" classname="listing_pkpl04" name="PKPL04_listing_is_produced_correctly">
      <skipped message="Reason: On CRAN ('test-listing_pkpl04.R:52:3')"/>
    </testcase>
  </testsuite>
  <testsuite name="listing_vsl01" timestamp="2024-11-26T02:47:37Z" hostname="75ff7ba1e10b" tests="1" skipped="1" failures="0" errors="0" time="0.422">
    <testcase time="0.422000000000001" classname="listing_vsl01" name="VSL01_listing_is_produced_correctly">
      <skipped message="Reason: On CRAN ('test-listing_vsl01.R:83:3')"/>
    </testcase>
  </testsuite>
  <testsuite name="pagination_listing" timestamp="2024-11-26T02:47:37Z" hostname="75ff7ba1e10b" tests="13" skipped="0" failures="0" errors="0" time="5.694">
    <testcase time="0.0389999999999997" classname="pagination_listing" name="Direct_pagination_works_fine"/>
    <testcase time="0.949999999999999" classname="pagination_listing" name="Direct_pagination_works_fine"/>
    <testcase time="0.00300000000000011" classname="pagination_listing" name="Direct_pagination_works_fine"/>
    <testcase time="0.874000000000001" classname="pagination_listing" name="Direct_pagination_works_fine"/>
    <testcase time="1.188" classname="pagination_listing" name="Direct_pagination_works_fine"/>
    <testcase time="1.417" classname="pagination_listing" name="pagination_counts_the_right_number_of_lines_when_wrapping_on_keycols_is_present"/>
    <testcase time="0.00600000000000023" classname="pagination_listing" name="pagination_counts_the_right_number_of_lines_when_wrapping_on_keycols_is_present"/>
    <testcase time="0.00499999999999901" classname="pagination_listing" name="pagination_counts_the_right_number_of_lines_when_wrapping_on_keycols_is_present"/>
    <testcase time="0.00300000000000011" classname="pagination_listing" name="pagination_counts_the_right_number_of_lines_when_wrapping_on_keycols_is_present"/>
    <testcase time="1.197" classname="pagination_listing" name="pagination_counts_the_right_number_of_lines_when_wrapping_on_keycols_is_present"/>
    <testcase time="0.00500000000000256" classname="pagination_listing" name="pagination_counts_the_right_number_of_lines_when_wrapping_on_keycols_is_present"/>
    <testcase time="0.00399999999999778" classname="pagination_listing" name="pagination_counts_the_right_number_of_lines_when_wrapping_on_keycols_is_present"/>
    <testcase time="0.00300000000000011" classname="pagination_listing" name="pagination_counts_the_right_number_of_lines_when_wrapping_on_keycols_is_present"/>
  </testsuite>
  <testsuite name="pagination_table" timestamp="2024-11-26T02:47:44Z" hostname="75ff7ba1e10b" tests="21" skipped="6" failures="0" errors="0" time="11.314">
    <testcase time="1.688" classname="pagination_table" name="Direct_pagination_with_standard_values"/>
    <testcase time="0.00499999999999901" classname="pagination_table" name="Direct_pagination_with_standard_values"/>
    <testcase time="0.00300000000000011" classname="pagination_table" name="Direct_pagination_with_standard_values"/>
    <testcase time="1.183" classname="pagination_table" name="Pagination_with_specific_column_widths_and_minimum_lines_per_page"/>
    <testcase time="0.00300000000000011" classname="pagination_table" name="Pagination_with_specific_column_widths_and_minimum_lines_per_page"/>
    <testcase time="0.105999999999998" classname="pagination_table" name="Pagination_with_specific_column_widths_and_minimum_lines_per_page">
      <skipped message="Reason: On CRAN ('test-pagination_table.R:76:3')"/>
    </testcase>
    <testcase time="0.93" classname="pagination_table" name="Pagination_works_also_if_table_is_decorated"/>
    <testcase time="0.535" classname="pagination_table" name="Pagination_works_also_if_table_is_decorated"/>
    <testcase time="0.811" classname="pagination_table" name="Pagination_works_also_if_table_is_decorated"/>
    <testcase time="0.647000000000002" classname="pagination_table" name="Pagination_works_also_if_table_is_decorated"/>
    <testcase time="1.331" classname="pagination_table" name="Pagination_works_also_if_table_is_decorated"/>
    <testcase time="0.329999999999998" classname="pagination_table" name="Pagination_works_also_if_table_is_decorated"/>
    <testcase time="0.00400000000000134" classname="pagination_table" name="Pagination_works_also_if_table_is_decorated"/>
    <testcase time="0.00600000000000023" classname="pagination_table" name="Pagination_works_also_if_table_is_decorated">
      <skipped message="Reason: On CRAN ('test-pagination_table.R:126:3')"/>
    </testcase>
    <testcase time="0.699999999999999" classname="pagination_table" name="Pagination_works_for_page_types">
      <skipped message="Reason: On CRAN ('test-pagination_table.R:135:3')"/>
    </testcase>
    <testcase time="0.701000000000001" classname="pagination_table" name="Pagination_works_for_page_width_and_height">
      <skipped message="Reason: On CRAN ('test-pagination_table.R:148:3')"/>
    </testcase>
    <testcase time="0.768999999999998" classname="pagination_table" name="Pagination_works_for_page_types">
      <skipped message="Reason: On CRAN ('test-pagination_table.R:162:3')"/>
    </testcase>
    <testcase time="0.811" classname="pagination_table" name="AET04_variant_2_page_by_pagination_tests"/>
    <testcase time="0.611000000000001" classname="pagination_table" name="AET04_variant_2_page_by_pagination_tests"/>
    <testcase time="0.00100000000000122" classname="pagination_table" name="AET04_variant_2_page_by_pagination_tests"/>
    <testcase time="0.138999999999999" classname="pagination_table" name="AET04_variant_2_page_by_pagination_tests">
      <skipped message="Reason: On CRAN ('test-pagination_table.R:217:3')"/>
    </testcase>
  </testsuite>
  <testsuite name="table_adat03" timestamp="2024-11-26T02:47:54Z" hostname="75ff7ba1e10b" tests="2" skipped="1" failures="0" errors="0" time="0.537">
    <testcase time="0.428000000000001" classname="table_adat03" name="ADAT03_is_produced_correctly"/>
    <testcase time="0.109000000000002" classname="table_adat03" name="ADAT03_is_produced_correctly">
      <skipped message="Reason: On CRAN ('test-table_adat03.R:72:3')"/>
    </testcase>
  </testsuite>
  <testsuite name="table_aet01" timestamp="2024-11-26T02:47:55Z" hostname="75ff7ba1e10b" tests="8" skipped="4" failures="0" errors="0" time="1.716">
    <testcase time="0.359999999999999" classname="table_aet01" name="Safety_Summary_Variant_1_works_as_expected"/>
    <testcase time="0.0869999999999962" classname="table_aet01" name="Safety_Summary_Variant_1_works_as_expected">
      <skipped message="Reason: On CRAN ('test-table_aet01.R:105:3')"/>
    </testcase>
    <testcase time="0.335000000000001" classname="table_aet01" name="Safety_Summary_Variant_2_with_Medical_Concepts_Section_works_as_expected"/>
    <testcase time="0.097999999999999" classname="table_aet01" name="Safety_Summary_Variant_2_with_Medical_Concepts_Section_works_as_expected">
      <skipped message="Reason: On CRAN ('test-table_aet01.R:172:3')"/>
    </testcase>
    <testcase time="0.262999999999998" classname="table_aet01" name="Safety_Summary_Variant_3_with_Modified_Rows_works_as_expected"/>
    <testcase time="0.0860000000000056" classname="table_aet01" name="Safety_Summary_Variant_3_with_Modified_Rows_works_as_expected">
      <skipped message="Reason: On CRAN ('test-table_aet01.R:233:3')"/>
    </testcase>
    <testcase time="0.356999999999999" classname="table_aet01" name="Safety_Summary_Variant_4_with_Rows_Counting_Events_and_Additional_Sections_works_as_expected"/>
    <testcase time="0.129999999999995" classname="table_aet01" name="Safety_Summary_Variant_4_with_Rows_Counting_Events_and_Additional_Sections_works_as_expected">
      <skipped message="Reason: On CRAN ('test-table_aet01.R:310:3')"/>
    </testcase>
  </testsuite>
  <testsuite name="table_aet01_aesi" timestamp="2024-11-26T02:47:56Z" hostname="75ff7ba1e10b" tests="8" skipped="4" failures="0" errors="0" time="2.583">
    <testcase time="0.278000000000006" classname="table_aet01_aesi" name="AET01_AESI_Variant_1_works_as_expected"/>
    <testcase time="0.0949999999999989" classname="table_aet01_aesi" name="AET01_AESI_Variant_1_works_as_expected">
      <skipped message="Reason: On CRAN ('test-table_aet01_aesi.R:115:3')"/>
    </testcase>
    <testcase time="0.455999999999996" classname="table_aet01_aesi" name="AET01_AESI_Variant_2_works_as_expected"/>
    <testcase time="0.140000000000001" classname="table_aet01_aesi" name="AET01_AESI_Variant_2_works_as_expected">
      <skipped message="Reason: On CRAN ('test-table_aet01_aesi.R:181:3')"/>
    </testcase>
    <testcase time="0.636000000000003" classname="table_aet01_aesi" name="AET01_AESI_Variant_3_works_as_expected"/>
    <testcase time="0.214999999999996" classname="table_aet01_aesi" name="AET01_AESI_Variant_3_works_as_expected">
      <skipped message="Reason: On CRAN ('test-table_aet01_aesi.R:410:3')"/>
    </testcase>
    <testcase time="0.562000000000005" classname="table_aet01_aesi" name="AET01_AESI_Variant_4_works_as_expected"/>
    <testcase time="0.201000000000001" classname="table_aet01_aesi" name="AET01_AESI_Variant_4_works_as_expected">
      <skipped message="Reason: On CRAN ('test-table_aet01_aesi.R:550:3')"/>
    </testcase>
  </testsuite>
  <testsuite name="table_aet02" timestamp="2024-11-26T02:47:59Z" hostname="75ff7ba1e10b" tests="24" skipped="12" failures="0" errors="0" time="7.326">
    <testcase time="0.757999999999996" classname="table_aet02" name="AET02_variant_1_is_produced_correctly"/>
    <testcase time="0.154000000000003" classname="table_aet02" name="AET02_variant_1_is_produced_correctly">
      <skipped message="Reason: On CRAN ('test-table_aet02.R:66:3')"/>
    </testcase>
    <testcase time="0.590000000000003" classname="table_aet02" name="AET02_variant_2_is_produced_correctly"/>
    <testcase time="0.163999999999994" classname="table_aet02" name="AET02_variant_2_is_produced_correctly">
      <skipped message="Reason: On CRAN ('test-table_aet02.R:129:3')"/>
    </testcase>
    <testcase time="0.864000000000004" classname="table_aet02" name="AET02_variant_3_is_produced_correctly"/>
    <testcase time="0.263999999999996" classname="table_aet02" name="AET02_variant_3_is_produced_correctly">
      <skipped message="Reason: On CRAN ('test-table_aet02.R:195:3')"/>
    </testcase>
    <testcase time="0.124000000000002" classname="table_aet02" name="AET02_variant_4_is_produced_correctly"/>
    <testcase time="0.0769999999999982" classname="table_aet02" name="AET02_variant_4_is_produced_correctly">
      <skipped message="Reason: On CRAN ('test-table_aet02.R:220:3')"/>
    </testcase>
    <testcase time="0.383000000000003" classname="table_aet02" name="AET02_variant_5_is_produced_correctly"/>
    <testcase time="0.152999999999999" classname="table_aet02" name="AET02_variant_5_is_produced_correctly">
      <skipped message="Reason: On CRAN ('test-table_aet02.R:267:3')"/>
    </testcase>
    <testcase time="0.387" classname="table_aet02" name="AET02_variant_6_is_produced_correctly"/>
    <testcase time="0.0910000000000011" classname="table_aet02" name="AET02_variant_6_is_produced_correctly">
      <skipped message="Reason: On CRAN ('test-table_aet02.R:314:3')"/>
    </testcase>
    <testcase time="0.878999999999998" classname="table_aet02" name="AET02_variant_7_is_produced_correctly"/>
    <testcase time="0.125" classname="table_aet02" name="AET02_variant_7_is_produced_correctly">
      <skipped message="Reason: On CRAN ('test-table_aet02.R:377:3')"/>
    </testcase>
    <testcase time="0.388000000000005" classname="table_aet02" name="AET02_variant_8_is_produced_correctly"/>
    <testcase time="0.0579999999999998" classname="table_aet02" name="AET02_variant_8_is_produced_correctly">
      <skipped message="Reason: On CRAN ('test-table_aet02.R:424:3')"/>
    </testcase>
    <testcase time="0.387" classname="table_aet02" name="AET02_variant_9_is_produced_correctly"/>
    <testcase time="0.0929999999999964" classname="table_aet02" name="AET02_variant_9_is_produced_correctly">
      <skipped message="Reason: On CRAN ('test-table_aet02.R:471:3')"/>
    </testcase>
    <testcase time="0.383000000000003" classname="table_aet02" name="AET02_variant_10_is_produced_correctly"/>
    <testcase time="0.0869999999999962" classname="table_aet02" name="AET02_variant_10_is_produced_correctly">
      <skipped message="Reason: On CRAN ('test-table_aet02.R:518:3')"/>
    </testcase>
    <testcase time="0.399000000000001" classname="table_aet02" name="AET02_variant_11_is_produced_correctly"/>
    <testcase time="0.0559999999999974" classname="table_aet02" name="AET02_variant_11_is_produced_correctly">
      <skipped message="Reason: On CRAN ('test-table_aet02.R:565:3')"/>
    </testcase>
    <testcase time="0.398000000000003" classname="table_aet02" name="AET02_variant_12_is_produced_correctly"/>
    <testcase time="0.0640000000000001" classname="table_aet02" name="AET02_variant_12_is_produced_correctly">
      <skipped message="Reason: On CRAN ('test-table_aet02.R:611:3')"/>
    </testcase>
  </testsuite>
  <testsuite name="table_aet02_smq" timestamp="2024-11-26T02:48:06Z" hostname="75ff7ba1e10b" tests="4" skipped="2" failures="0" errors="0" time="0.413">
    <testcase time="0.125999999999998" classname="table_aet02_smq" name="AET02SMQ_variant_1_is_produced_correctly"/>
    <testcase time="0.0519999999999996" classname="table_aet02_smq" name="AET02SMQ_variant_1_is_produced_correctly">
      <skipped message="Reason: On CRAN ('test-table_aet02_smq.R:52:3')"/>
    </testcase>
    <testcase time="0.158999999999999" classname="table_aet02_smq" name="AET02SMQ_variant_2_is_produced_correctly"/>
    <testcase time="0.0760000000000005" classname="table_aet02_smq" name="AET02SMQ_variant_2_is_produced_correctly">
      <skipped message="Reason: On CRAN ('test-table_aet02_smq.R:91:3')"/>
    </testcase>
  </testsuite>
  <testsuite name="table_aet03" timestamp="2024-11-26T02:48:07Z" hostname="75ff7ba1e10b" tests="2" skipped="1" failures="0" errors="0" time="1.478">
    <testcase time="1.092" classname="table_aet03" name="AET03_variant_1_is_produced_correctly"/>
    <testcase time="0.386000000000003" classname="table_aet03" name="AET03_variant_1_is_produced_correctly">
      <skipped message="Reason: On CRAN ('test-table_aet03.R:77:3')"/>
    </testcase>
  </testsuite>
  <testsuite name="table_aet04" timestamp="2024-11-26T02:48:09Z" hostname="75ff7ba1e10b" tests="16" skipped="8" failures="0" errors="0" time="5.945">
    <testcase time="0.734999999999999" classname="table_aet04" name="AET04_variant_1_is_produced_correctly"/>
    <testcase time="0.298000000000002" classname="table_aet04" name="AET04_variant_1_is_produced_correctly">
      <skipped message="Reason: On CRAN ('test-table_aet04.R:108:3')"/>
    </testcase>
    <testcase time="0.655000000000001" classname="table_aet04" name="AET04_variant_2_is_produced_correctly_Fill_in_of_Treatment_Groups_"/>
    <testcase time="0.261999999999993" classname="table_aet04" name="AET04_variant_2_is_produced_correctly_Fill_in_of_Treatment_Groups_">
      <skipped message="Reason: On CRAN ('test-table_aet04.R:190:3')"/>
    </testcase>
    <testcase time="0.665000000000006" classname="table_aet04" name="AET04_variant_3_is_produced_correctly_Fill_in_of_Grades_"/>
    <testcase time="0.327999999999996" classname="table_aet04" name="AET04_variant_3_is_produced_correctly_Fill_in_of_Grades_">
      <skipped message="Reason: On CRAN ('test-table_aet04.R:269:3')"/>
    </testcase>
    <testcase time="0.692" classname="table_aet04" name="AET04_variant_4_is_produced_correctly_Collapsing_of_Grades_grades_1_2_grades_3_4_5_"/>
    <testcase time="0.305" classname="table_aet04" name="AET04_variant_4_is_produced_correctly_Collapsing_of_Grades_grades_1_2_grades_3_4_5_">
      <skipped message="Reason: On CRAN ('test-table_aet04.R:354:3')"/>
    </testcase>
    <testcase time="0.725999999999999" classname="table_aet04" name="AET04_variant_6_is_produced_correctly_with_an_Incidence_Rate_of_at_Least_5_totals_restricted_"/>
    <testcase time="0.302" classname="table_aet04" name="AET04_variant_6_is_produced_correctly_with_an_Incidence_Rate_of_at_Least_5_totals_restricted_">
      <skipped message="Reason: On CRAN ('test-table_aet04.R:465:5')"/>
    </testcase>
    <testcase time="0.0280000000000058" classname="table_aet04" name="AET04_variant_8_is_produced_correctly_with_an_Incidence_Rate_of_at_Least_X_Patients_"/>
    <testcase time="0.305" classname="table_aet04" name="AET04_variant_8_is_produced_correctly_with_an_Incidence_Rate_of_at_Least_X_Patients_">
      <skipped message="Reason: On CRAN ('test-table_aet04.R:486:3')"/>
    </testcase>
    <testcase time="0.0209999999999937" classname="table_aet04" name="AET04_variant_9_is_produced_correctly_with_a_Difference_in_Incidence_Rate_of_at_Least_X_"/>
    <testcase time="0.303000000000004" classname="table_aet04" name="AET04_variant_9_is_produced_correctly_with_a_Difference_in_Incidence_Rate_of_at_Least_X_">
      <skipped message="Reason: On CRAN ('test-table_aet04.R:502:3')"/>
    </testcase>
    <testcase time="0.0180000000000007" classname="table_aet04" name="AET04_variant_11_is_produced_correctly_with_Incidence_Rate_of_at_Least_X_all_SOCs_w_o_preferred_terms_removed_"/>
    <testcase time="0.302" classname="table_aet04" name="AET04_variant_11_is_produced_correctly_with_Incidence_Rate_of_at_Least_X_all_SOCs_w_o_preferred_terms_removed_">
      <skipped message="Reason: On CRAN ('test-table_aet04.R:524:5')"/>
    </testcase>
  </testsuite>
  <testsuite name="table_aet04_pi" timestamp="2024-11-26T02:48:14Z" hostname="75ff7ba1e10b" tests="18" skipped="9" failures="0" errors="0" time="6.509">
    <testcase time="0.594000000000001" classname="table_aet04_pi" name="AET04_PI_full_table_is_produced_correctly"/>
    <testcase time="0.218999999999994" classname="table_aet04_pi" name="AET04_PI_full_table_is_produced_correctly">
      <skipped message="Reason: On CRAN ('test-table_aet04_pi.R:66:3')"/>
    </testcase>
    <testcase time="0.623000000000005" classname="table_aet04_pi" name="AET04_PI_variant_1_is_produced_correctly"/>
    <testcase time="0.162999999999997" classname="table_aet04_pi" name="AET04_PI_variant_1_is_produced_correctly">
      <skipped message="Reason: On CRAN ('test-table_aet04_pi.R:88:3')"/>
    </testcase>
    <testcase time="0.616" classname="table_aet04_pi" name="AET04_PI_variant_2_is_produced_correctly"/>
    <testcase time="0.100999999999999" classname="table_aet04_pi" name="AET04_PI_variant_2_is_produced_correctly">
      <skipped message="Reason: On CRAN ('test-table_aet04_pi.R:111:3')"/>
    </testcase>
    <testcase time="0.593000000000004" classname="table_aet04_pi" name="AET04_PI_variant_3_is_produced_correctly"/>
    <testcase time="0.125" classname="table_aet04_pi" name="AET04_PI_variant_3_is_produced_correctly">
      <skipped message="Reason: On CRAN ('test-table_aet04_pi.R:134:3')"/>
    </testcase>
    <testcase time="0.606000000000002" classname="table_aet04_pi" name="AET04_PI_variant_4_is_produced_correctly"/>
    <testcase time="0.292000000000002" classname="table_aet04_pi" name="AET04_PI_variant_4_is_produced_correctly">
      <skipped message="Reason: On CRAN ('test-table_aet04_pi.R:158:3')"/>
    </testcase>
    <testcase time="0.547999999999995" classname="table_aet04_pi" name="AET04_PI_variant_5_is_produced_correctly"/>
    <testcase time="0.124000000000002" classname="table_aet04_pi" name="AET04_PI_variant_5_is_produced_correctly">
      <skipped message="Reason: On CRAN ('test-table_aet04_pi.R:182:3')"/>
    </testcase>
    <testcase time="0.682000000000002" classname="table_aet04_pi" name="AET04_PI_variant_6_is_produced_correctly"/>
    <testcase time="0.131999999999998" classname="table_aet04_pi" name="AET04_PI_variant_6_is_produced_correctly">
      <skipped message="Reason: On CRAN ('test-table_aet04_pi.R:233:3')"/>
    </testcase>
    <testcase time="0.677999999999997" classname="table_aet04_pi" name="AET04_PI_variant_7_is_produced_correctly"/>
    <testcase time="0.133000000000003" classname="table_aet04_pi" name="AET04_PI_variant_7_is_produced_correctly">
      <skipped message="Reason: On CRAN ('test-table_aet04_pi.R:284:3')"/>
    </testcase>
    <testcase time="0.171999999999997" classname="table_aet04_pi" name="AET04_PI_variant_8_is_produced_correctly"/>
    <testcase time="0.108000000000004" classname="table_aet04_pi" name="AET04_PI_variant_8_is_produced_correctly">
      <skipped message="Reason: On CRAN ('test-table_aet04_pi.R:318:3')"/>
    </testcase>
  </testsuite>
  <testsuite name="table_aet05" timestamp="2024-11-26T02:48:21Z" hostname="75ff7ba1e10b" tests="4" skipped="2" failures="0" errors="0" time="0.241">
    <testcase time="0.0869999999999962" classname="table_aet05" name="AET05_variant_1_is_produced_correctly"/>
    <testcase time="0.0500000000000043" classname="table_aet05" name="AET05_variant_1_is_produced_correctly">
      <skipped message="Reason: On CRAN ('test-table_aet05.R:38:3')"/>
    </testcase>
    <testcase time="0.0609999999999999" classname="table_aet05" name="AET05_variant_2_is_produced_correctly"/>
    <testcase time="0.0429999999999993" classname="table_aet05" name="AET05_variant_2_is_produced_correctly">
      <skipped message="Reason: On CRAN ('test-table_aet05.R:53:3')"/>
    </testcase>
  </testsuite>
  <testsuite name="table_aet05_all" timestamp="2024-11-26T02:48:21Z" hostname="75ff7ba1e10b" tests="4" skipped="2" failures="0" errors="0" time="0.283">
    <testcase time="0.115000000000002" classname="table_aet05_all" name="AET05_ALL_variant_1_is_produced_correctly"/>
    <testcase time="0.0429999999999993" classname="table_aet05_all" name="AET05_ALL_variant_1_is_produced_correctly">
      <skipped message="Reason: On CRAN ('test-table_aet05_all.R:32:3')"/>
    </testcase>
    <testcase time="0.0820000000000007" classname="table_aet05_all" name="AET05_ALL_variant_2_is_produced_correctly"/>
    <testcase time="0.0429999999999993" classname="table_aet05_all" name="AET05_ALL_variant_2_is_produced_correctly">
      <skipped message="Reason: On CRAN ('test-table_aet05_all.R:47:3')"/>
    </testcase>
  </testsuite>
  <testsuite name="table_aet06" timestamp="2024-11-26T02:48:21Z" hostname="75ff7ba1e10b" tests="6" skipped="3" failures="0" errors="0" time="3.55">
    <testcase time="0.564999999999998" classname="table_aet06" name="AET06_variant_1_is_produced_correctly"/>
    <testcase time="0.198" classname="table_aet06" name="AET06_variant_1_is_produced_correctly">
      <skipped message="Reason: On CRAN ('test-table_aet06.R:97:3')"/>
    </testcase>
    <testcase time="0.914000000000001" classname="table_aet06" name="AET06_variant_3_is_produced_correctly"/>
    <testcase time="0.302999999999997" classname="table_aet06" name="AET06_variant_3_is_produced_correctly">
      <skipped message="Reason: On CRAN ('test-table_aet06.R:149:3')"/>
    </testcase>
    <testcase time="1.202" classname="table_aet06" name="AET06_variant_5_is_produced_correctly"/>
    <testcase time="0.368000000000002" classname="table_aet06" name="AET06_variant_5_is_produced_correctly">
      <skipped message="Reason: On CRAN ('test-table_aet06.R:193:3')"/>
    </testcase>
  </testsuite>
  <testsuite name="table_aet06_smq" timestamp="2024-11-26T02:48:25Z" hostname="75ff7ba1e10b" tests="4" skipped="2" failures="0" errors="0" time="0.959">
    <testcase time="0.355000000000004" classname="table_aet06_smq" name="AET06_SMQ_variant_1_is_produced_correctly"/>
    <testcase time="0.126999999999995" classname="table_aet06_smq" name="AET06_SMQ_variant_1_is_produced_correctly">
      <skipped message="Reason: On CRAN ('test-table_aet06_smq.R:73:3')"/>
    </testcase>
    <testcase time="0.352000000000004" classname="table_aet06_smq" name="AET06_SMQ_variant_2_is_produced_correctly"/>
    <testcase time="0.125" classname="table_aet06_smq" name="AET06_SMQ_variant_2_is_produced_correctly">
      <skipped message="Reason: On CRAN ('test-table_aet06_smq.R:160:3')"/>
    </testcase>
  </testsuite>
  <testsuite name="table_aet07" timestamp="2024-11-26T02:48:26Z" hostname="75ff7ba1e10b" tests="4" skipped="2" failures="0" errors="0" time="0.179">
    <testcase time="0.0700000000000003" classname="table_aet07" name="AET07_variant_1_is_produced_correctly"/>
    <testcase time="0.0269999999999939" classname="table_aet07" name="AET07_variant_1_is_produced_correctly">
      <skipped message="Reason: On CRAN ('test-table_aet07.R:49:3')"/>
    </testcase>
    <testcase time="0.0549999999999997" classname="table_aet07" name="AET07_variant_2_is_produced_correctly"/>
    <testcase time="0.027000000000001" classname="table_aet07" name="AET07_variant_2_is_produced_correctly">
      <skipped message="Reason: On CRAN ('test-table_aet07.R:78:3')"/>
    </testcase>
  </testsuite>
  <testsuite name="table_aet09" timestamp="2024-11-26T02:48:26Z" hostname="75ff7ba1e10b" tests="4" skipped="2" failures="0" errors="0" time="1.916">
    <testcase time="0.532000000000004" classname="table_aet09" name="AET09_variant_1_is_produced_correctly_AE_related_to_study_drug"/>
    <testcase time="0.164000000000001" classname="table_aet09" name="AET09_variant_1_is_produced_correctly_AE_related_to_study_drug">
      <skipped message="Reason: On CRAN ('test-table_aet09.R:46:3')"/>
    </testcase>
    <testcase time="0.945999999999998" classname="table_aet09" name="AET09_variant_2_is_produced_correctly_AE_related_to_study_drug_including_high_level_terms_"/>
    <testcase time="0.274000000000001" classname="table_aet09" name="AET09_variant_2_is_produced_correctly_AE_related_to_study_drug_including_high_level_terms_">
      <skipped message="Reason: On CRAN ('test-table_aet09.R:103:3')"/>
    </testcase>
  </testsuite>
  <testsuite name="table_aet09_smq" timestamp="2024-11-26T02:48:28Z" hostname="75ff7ba1e10b" tests="4" skipped="2" failures="0" errors="0" time="0.476">
    <testcase time="0.131" classname="table_aet09_smq" name="AET09_variant_1_AEs_related_to_study_drug_by_SMQ_is_produced_correctly"/>
    <testcase time="0.0519999999999925" classname="table_aet09_smq" name="AET09_variant_1_AEs_related_to_study_drug_by_SMQ_is_produced_correctly">
      <skipped message="Reason: On CRAN ('test-table_aet09_smq.R:69:3')"/>
    </testcase>
    <testcase time="0.204000000000008" classname="table_aet09_smq" name="AET09_variant_2_AEs_related_to_study_drug_by_SMQ_with_customized_queries_is_produced_correctly"/>
    <testcase time="0.0889999999999986" classname="table_aet09_smq" name="AET09_variant_2_AEs_related_to_study_drug_by_SMQ_with_customized_queries_is_produced_correctly">
      <skipped message="Reason: On CRAN ('test-table_aet09_smq.R:128:5')"/>
    </testcase>
  </testsuite>
  <testsuite name="table_aet10" timestamp="2024-11-26T02:48:28Z" hostname="75ff7ba1e10b" tests="2" skipped="1" failures="0" errors="0" time="0.157">
    <testcase time="0.116" classname="table_aet10" name="AET10_default_variant_is_produced_correctly"/>
    <testcase time="0.0409999999999968" classname="table_aet10" name="AET10_default_variant_is_produced_correctly">
      <skipped message="Reason: On CRAN ('test-table_aet10.R:23:3')"/>
    </testcase>
  </testsuite>
  <testsuite name="table_aovt01" timestamp="2024-11-26T02:48:28Z" hostname="75ff7ba1e10b" tests="4" skipped="2" failures="0" errors="0" time="1.088">
    <testcase time="0.317999999999998" classname="table_aovt01" name="AOVT01_variant_with_single_endpoint_is_produced_correctly"/>
    <testcase time="0.0700000000000074" classname="table_aovt01" name="AOVT01_variant_with_single_endpoint_is_produced_correctly">
      <skipped message="Reason: On CRAN ('test-table_aovt01.R:33:3')"/>
    </testcase>
    <testcase time="0.558999999999997" classname="table_aovt01" name="AOVT01_variant_with_multiple_endpoints_is_produced_correctly"/>
    <testcase time="0.141000000000005" classname="table_aovt01" name="AOVT01_variant_with_multiple_endpoints_is_produced_correctly">
      <skipped message="Reason: On CRAN ('test-table_aovt01.R:52:3')"/>
    </testcase>
  </testsuite>
  <testsuite name="table_aovt02" timestamp="2024-11-26T02:48:29Z" hostname="75ff7ba1e10b" tests="2" skipped="1" failures="0" errors="0" time="0.382">
    <testcase time="0.315999999999988" classname="table_aovt02" name="AOVT02_is_produced_correctly"/>
    <testcase time="0.0660000000000025" classname="table_aovt02" name="AOVT02_is_produced_correctly">
      <skipped message="Reason: On CRAN ('test-table_aovt02.R:42:3')"/>
    </testcase>
  </testsuite>
  <testsuite name="table_aovt03" timestamp="2024-11-26T02:48:30Z" hostname="75ff7ba1e10b" tests="2" skipped="1" failures="0" errors="0" time="0.857">
    <testcase time="0.707000000000008" classname="table_aovt03" name="AOVT03_is_produced_correctly"/>
    <testcase time="0.149999999999991" classname="table_aovt03" name="AOVT03_is_produced_correctly">
      <skipped message="Reason: On CRAN ('test-table_aovt03.R:44:3')"/>
    </testcase>
  </testsuite>
  <testsuite name="table_cfbt01" timestamp="2024-11-26T02:48:31Z" hostname="75ff7ba1e10b" tests="2" skipped="1" failures="0" errors="0" time="0.64">
    <testcase time="0.438000000000002" classname="table_cfbt01" name="CFBT01_default_variant_is_produced_correctly"/>
    <testcase time="0.201999999999998" classname="table_cfbt01" name="CFBT01_default_variant_is_produced_correctly">
      <skipped message="Reason: On CRAN ('test-table_cfbt01.R:64:3')"/>
    </testcase>
  </testsuite>
  <testsuite name="table_cmht01" timestamp="2024-11-26T02:48:31Z" hostname="75ff7ba1e10b" tests="4" skipped="2" failures="0" errors="0" time="1.747">
    <testcase time="0.415000000000006" classname="table_cmht01" name="CMHT01_variant_1_is_produced_correctly"/>
    <testcase time="0.0870000000000033" classname="table_cmht01" name="CMHT01_variant_1_is_produced_correctly">
      <skipped message="Reason: On CRAN ('test-table_cmht01.R:58:3')"/>
    </testcase>
    <testcase time="0.98899999999999" classname="table_cmht01" name="CMHT01_variant_2_is_produced_correctly"/>
    <testcase time="0.256" classname="table_cmht01" name="CMHT01_variant_2_is_produced_correctly">
      <skipped message="Reason: On CRAN ('test-table_cmht01.R:122:3')"/>
    </testcase>
  </testsuite>
  <testsuite name="table_cmt01" timestamp="2024-11-26T02:48:33Z" hostname="75ff7ba1e10b" tests="8" skipped="4" failures="0" errors="0" time="3.746">
    <testcase time="0.62700000000001" classname="table_cmt01" name="CMT01_default_variant_Concomitant_medications_is_produced_correctly"/>
    <testcase time="0.295000000000002" classname="table_cmt01" name="CMT01_default_variant_Concomitant_medications_is_produced_correctly">
      <skipped message="Reason: On CRAN ('test-table_cmt01.R:36:3')"/>
    </testcase>
    <testcase time="0.733999999999995" classname="table_cmt01" name="CMT01_variant_1_prior_medications_is_produced_correctly"/>
    <testcase time="0.304999999999993" classname="table_cmt01" name="CMT01_variant_1_prior_medications_is_produced_correctly">
      <skipped message="Reason: On CRAN ('test-table_cmt01.R:71:3')"/>
    </testcase>
    <testcase time="0.618000000000009" classname="table_cmt01" name="CMT01_variant_3_Concomitant_medications_is_produced_correctly"/>
    <testcase time="0.25" classname="table_cmt01" name="CMT01_variant_3_Concomitant_medications_is_produced_correctly">
      <skipped message="Reason: On CRAN ('test-table_cmt01.R:104:3')"/>
    </testcase>
    <testcase time="0.631" classname="table_cmt01" name="CMT01_variant_4_Concomitant_medications_is_produced_correctly"/>
    <testcase time="0.286000000000001" classname="table_cmt01" name="CMT01_variant_4_Concomitant_medications_is_produced_correctly">
      <skipped message="Reason: On CRAN ('test-table_cmt01.R:135:3')"/>
    </testcase>
  </testsuite>
  <testsuite name="table_cmt01a" timestamp="2024-11-26T02:48:37Z" hostname="75ff7ba1e10b" tests="8" skipped="4" failures="0" errors="0" time="5.412">
    <testcase time="1.377" classname="table_cmt01a" name="CMT01A_variant_1_is_produced_correctly"/>
    <testcase time="0.233000000000004" classname="table_cmt01a" name="CMT01A_variant_1_is_produced_correctly">
      <skipped message="Reason: On CRAN ('test-table_cmt01a.R:59:3')"/>
    </testcase>
    <testcase time="1.015" classname="table_cmt01a" name="CMT01A_variant_2_is_produced_correctly"/>
    <testcase time="0.238" classname="table_cmt01a" name="CMT01A_variant_2_is_produced_correctly">
      <skipped message="Reason: On CRAN ('test-table_cmt01a.R:105:3')"/>
    </testcase>
    <testcase time="1.026" classname="table_cmt01a" name="CMT01A_variant_3_is_produced_correctly"/>
    <testcase time="0.239000000000004" classname="table_cmt01a" name="CMT01A_variant_3_is_produced_correctly">
      <skipped message="Reason: On CRAN ('test-table_cmt01a.R:148:3')"/>
    </testcase>
    <testcase time="1.06599999999999" classname="table_cmt01a" name="CMT01A_variant_4_is_produced_correctly"/>
    <testcase time="0.218000000000004" classname="table_cmt01a" name="CMT01A_variant_4_is_produced_correctly">
      <skipped message="Reason: On CRAN ('test-table_cmt01a.R:193:3')"/>
    </testcase>
  </testsuite>
  <testsuite name="table_cmt01b" timestamp="2024-11-26T02:48:42Z" hostname="75ff7ba1e10b" tests="6" skipped="3" failures="0" errors="0" time="5.29">
    <testcase time="1.541" classname="table_cmt01b" name="CMT01B_variant_1_is_produced_correctly"/>
    <testcase time="0.334000000000003" classname="table_cmt01b" name="CMT01B_variant_1_is_produced_correctly">
      <skipped message="Reason: On CRAN ('test-table_cmt01b.R:88:3')"/>
    </testcase>
    <testcase time="1.2" classname="table_cmt01b" name="CMT01B_variant_2_is_produced_correctly"/>
    <testcase time="0.301000000000002" classname="table_cmt01b" name="CMT01B_variant_2_is_produced_correctly">
      <skipped message="Reason: On CRAN ('test-table_cmt01b.R:146:3')"/>
    </testcase>
    <testcase time="1.52800000000001" classname="table_cmt01b" name="CMT01B_variant_4_is_produced_correctly"/>
    <testcase time="0.385999999999996" classname="table_cmt01b" name="CMT01B_variant_4_is_produced_correctly">
      <skipped message="Reason: On CRAN ('test-table_cmt01b.R:219:3')"/>
    </testcase>
  </testsuite>
  <testsuite name="table_cmt02_pt" timestamp="2024-11-26T02:48:48Z" hostname="75ff7ba1e10b" tests="2" skipped="1" failures="0" errors="0" time="0.608">
    <testcase time="0.421999999999997" classname="table_cmt02_pt" name="CMT02_PT_default_variant_is_produced_correctly"/>
    <testcase time="0.186000000000007" classname="table_cmt02_pt" name="CMT02_PT_default_variant_is_produced_correctly">
      <skipped message="Reason: On CRAN ('test-table_cmt02_pt.R:42:3')"/>
    </testcase>
  </testsuite>
  <testsuite name="table_coxt01" timestamp="2024-11-26T02:48:48Z" hostname="75ff7ba1e10b" tests="8" skipped="4" failures="0" errors="0" time="1.825">
    <testcase time="0.290999999999997" classname="table_coxt01" name="1._Cox_Regression"/>
    <testcase time="0.0570000000000022" classname="table_coxt01" name="1._Cox_Regression">
      <skipped message="Reason: On CRAN ('test-table_coxt01.R:31:3')"/>
    </testcase>
    <testcase time="0.403999999999996" classname="table_coxt01" name="2._Cox_Regression_with_Interaction_Term_"/>
    <testcase time="0.0999999999999943" classname="table_coxt01" name="2._Cox_Regression_with_Interaction_Term_">
      <skipped message="Reason: On CRAN ('test-table_coxt01.R:50:3')"/>
    </testcase>
    <testcase time="0.38600000000001" classname="table_coxt01" name="3._Cox_Regression_specifying_covariates_"/>
    <testcase time="0.0929999999999893" classname="table_coxt01" name="3._Cox_Regression_specifying_covariates_">
      <skipped message="Reason: On CRAN ('test-table_coxt01.R:71:3')"/>
    </testcase>
    <testcase time="0.38900000000001" classname="table_coxt01" name="4._Cox_Regression_setting_strata_ties_and_alpha_level_"/>
    <testcase time="0.105000000000004" classname="table_coxt01" name="4._Cox_Regression_setting_strata_ties_and_alpha_level_">
      <skipped message="Reason: On CRAN ('test-table_coxt01.R:97:3')"/>
    </testcase>
  </testsuite>
  <testsuite name="table_coxt02" timestamp="2024-11-26T02:48:50Z" hostname="75ff7ba1e10b" tests="4" skipped="2" failures="0" errors="0" time="0.695">
    <testcase time="0.293999999999997" classname="table_coxt02" name="COXT02_default_variant_1_is_produced_correctly"/>
    <testcase time="0.0589999999999975" classname="table_coxt02" name="COXT02_default_variant_1_is_produced_correctly">
      <skipped message="Reason: On CRAN ('test-table_coxt02.R:30:3')"/>
    </testcase>
    <testcase time="0.27300000000001" classname="table_coxt02" name="COXT02_variant_5_is_produced_correctly"/>
    <testcase time="0.0689999999999884" classname="table_coxt02" name="COXT02_variant_5_is_produced_correctly">
      <skipped message="Reason: On CRAN ('test-table_coxt02.R:48:3')"/>
    </testcase>
  </testsuite>
  <testsuite name="table_disclosures" timestamp="2024-11-26T02:48:51Z" hostname="75ff7ba1e10b" tests="12" skipped="6" failures="0" errors="0" time="2.015">
    <testcase time="0.191000000000003" classname="table_disclosures" name="Patient_Disposition_table_is_produced_correctly"/>
    <testcase time="0.0910000000000082" classname="table_disclosures" name="Patient_Disposition_table_is_produced_correctly">
      <skipped message="Reason: On CRAN ('test-table_disclosures.R:110:3')"/>
    </testcase>
    <testcase time="0.221999999999994" classname="table_disclosures" name="Demographic_table_is_produced_correctly"/>
    <testcase time="0.144000000000005" classname="table_disclosures" name="Demographic_table_is_produced_correctly">
      <skipped message="Reason: On CRAN ('test-table_disclosures.R:131:3')"/>
    </testcase>
    <testcase time="0.114999999999995" classname="table_disclosures" name="Enrollment_by_Country_Table_is_produced_correctly"/>
    <testcase time="0.0790000000000077" classname="table_disclosures" name="Enrollment_by_Country_Table_is_produced_correctly">
      <skipped message="Reason: On CRAN ('test-table_disclosures.R:143:3')"/>
    </testcase>
    <testcase time="0.106999999999999" classname="table_disclosures" name="Death_table_is_produced_correctly"/>
    <testcase time="0.039999999999992" classname="table_disclosures" name="Death_table_is_produced_correctly">
      <skipped message="Reason: On CRAN ('test-table_disclosures.R:161:3')"/>
    </testcase>
    <testcase time="0.352000000000004" classname="table_disclosures" name="Table_of_Serious_Adverse_Events_is_produced_correctly_for_one_specific_treatment_arm_"/>
    <testcase time="0.0900000000000034" classname="table_disclosures" name="Table_of_Serious_Adverse_Events_is_produced_correctly_for_one_specific_treatment_arm_">
      <skipped message="Reason: On CRAN ('test-table_disclosures.R:189:3')"/>
    </testcase>
    <testcase time="0.453999999999994" classname="table_disclosures" name="Table_of_Non_Serious_Adverse_Events_is_produced_correctly"/>
    <testcase time="0.129999999999995" classname="table_disclosures" name="Table_of_Non_Serious_Adverse_Events_is_produced_correctly">
      <skipped message="Reason: On CRAN ('test-table_disclosures.R:211:3')"/>
    </testcase>
  </testsuite>
  <testsuite name="table_dmt01" timestamp="2024-11-26T02:48:54Z" hostname="75ff7ba1e10b" tests="10" skipped="5" failures="0" errors="0" time="2.891">
    <testcase time="1.21300000000001" classname="table_dmt01" name="DMT01_variant_1_is_produced_correctly"/>
    <testcase time="0.170000000000002" classname="table_dmt01" name="DMT01_variant_1_is_produced_correctly">
      <skipped message="Reason: On CRAN ('test-table_dmt01.R:90:3')"/>
    </testcase>
    <testcase time="0.238" classname="table_dmt01" name="DMT01_variant_2_is_produced_correctly"/>
    <testcase time="0.155999999999992" classname="table_dmt01" name="DMT01_variant_2_is_produced_correctly">
      <skipped message="Reason: On CRAN ('test-table_dmt01.R:113:3')"/>
    </testcase>
    <testcase time="0.271000000000001" classname="table_dmt01" name="DMT01_variant_3_is_produced_correctly"/>
    <testcase time="0.178000000000011" classname="table_dmt01" name="DMT01_variant_3_is_produced_correctly">
      <skipped message="Reason: On CRAN ('test-table_dmt01.R:132:3')"/>
    </testcase>
    <testcase time="0.209999999999994" classname="table_dmt01" name="DMT01_variant_4_is_produced_correctly"/>
    <testcase time="0.141000000000005" classname="table_dmt01" name="DMT01_variant_4_is_produced_correctly">
      <skipped message="Reason: On CRAN ('test-table_dmt01.R:151:3')"/>
    </testcase>
    <testcase time="0.193999999999988" classname="table_dmt01" name="DMT01_variant_5_is_produced_correctly"/>
    <testcase time="0.120000000000005" classname="table_dmt01" name="DMT01_variant_5_is_produced_correctly">
      <skipped message="Reason: On CRAN ('test-table_dmt01.R:169:3')"/>
    </testcase>
  </testsuite>
  <testsuite name="table_dort01" timestamp="2024-11-26T02:48:56Z" hostname="75ff7ba1e10b" tests="8" skipped="4" failures="0" errors="0" time="1.591">
    <testcase time="0.323999999999998" classname="table_dort01" name="DORT01_variant_1_is_produced_correctly"/>
    <testcase time="0.0910000000000082" classname="table_dort01" name="DORT01_variant_1_is_produced_correctly">
      <skipped message="Reason: On CRAN ('test-table_dort01.R:78:3')"/>
    </testcase>
    <testcase time="0.322999999999993" classname="table_dort01" name="DORT01_variant_2_selecting_sectons_is_produced_correctly"/>
    <testcase time="0.0949999999999989" classname="table_dort01" name="DORT01_variant_2_selecting_sectons_is_produced_correctly">
      <skipped message="Reason: On CRAN ('test-table_dort01.R:134:3')"/>
    </testcase>
    <testcase time="0.286000000000001" classname="table_dort01" name="DORT01_variant_3_modifying_conftype_and_alpha_level_is_produced_correctly"/>
    <testcase time="0.0840000000000032" classname="table_dort01" name="DORT01_variant_3_modifying_conftype_and_alpha_level_is_produced_correctly">
      <skipped message="Reason: On CRAN ('test-table_dort01.R:190:3')"/>
    </testcase>
    <testcase time="0.296999999999997" classname="table_dort01" name="DORT01_variant_4_modifying_time_point_for_the_xx_duration_is_produced_correctly"/>
    <testcase time="0.090999999999994" classname="table_dort01" name="DORT01_variant_4_modifying_time_point_for_the_xx_duration_is_produced_correctly">
      <skipped message="Reason: On CRAN ('test-table_dort01.R:244:3')"/>
    </testcase>
  </testsuite>
  <testsuite name="table_dst01" timestamp="2024-11-26T02:48:57Z" hostname="75ff7ba1e10b" tests="4" skipped="2" failures="0" errors="0" time="0.604">
    <testcase time="0.167000000000002" classname="table_dst01" name="DST01_default_variant_is_produced_correctly"/>
    <testcase time="0.0870000000000033" classname="table_dst01" name="DST01_default_variant_is_produced_correctly">
      <skipped message="Reason: On CRAN ('test-table_dst01.R:44:3')"/>
    </testcase>
    <testcase time="0.245000000000005" classname="table_dst01" name="DST01_variants_2_and_3_are_produced_correctly"/>
    <testcase time="0.105000000000004" classname="table_dst01" name="DST01_variants_2_and_3_are_produced_correctly">
      <skipped message="Reason: On CRAN ('test-table_dst01.R:69:3')"/>
    </testcase>
  </testsuite>
  <testsuite name="table_dtht01" timestamp="2024-11-26T02:48:58Z" hostname="75ff7ba1e10b" tests="8" skipped="4" failures="0" errors="0" time="1.274">
    <testcase time="0.361999999999995" classname="table_dtht01" name="DTHT01_variant_1_is_produced_correctly"/>
    <testcase time="0.0579999999999927" classname="table_dtht01" name="DTHT01_variant_1_is_produced_correctly">
      <skipped message="Reason: On CRAN ('test-table_dtht01.R:23:3')"/>
    </testcase>
    <testcase time="0.241" classname="table_dtht01" name="DTHT01_variant_2_is_produced_correctly"/>
    <testcase time="0.128" classname="table_dtht01" name="DTHT01_variant_2_is_produced_correctly">
      <skipped message="Reason: On CRAN ('test-table_dtht01.R:60:3')"/>
    </testcase>
    <testcase time="0.156000000000006" classname="table_dtht01" name="DTHT01_variant_3_is_produced_correctly"/>
    <testcase time="0.0660000000000025" classname="table_dtht01" name="DTHT01_variant_3_is_produced_correctly">
      <skipped message="Reason: On CRAN ('test-table_dtht01.R:104:3')"/>
    </testcase>
    <testcase time="0.182000000000002" classname="table_dtht01" name="DTHT01_variant_4_is_produced_correctly"/>
    <testcase time="0.0809999999999889" classname="table_dtht01" name="DTHT01_variant_4_is_produced_correctly">
      <skipped message="Reason: On CRAN ('test-table_dtht01.R:158:3')"/>
    </testcase>
  </testsuite>
  <testsuite name="table_egt01" timestamp="2024-11-26T02:49:00Z" hostname="75ff7ba1e10b" tests="2" skipped="1" failures="0" errors="0" time="3.146">
    <testcase time="2.43400000000001" classname="table_egt01" name="EGT01_default_variant_is_produced_correctly"/>
    <testcase time="0.711999999999989" classname="table_egt01" name="EGT01_default_variant_is_produced_correctly">
      <skipped message="Reason: On CRAN ('test-table_egt01.R:54:3')"/>
    </testcase>
  </testsuite>
  <testsuite name="table_egt02" timestamp="2024-11-26T02:49:03Z" hostname="75ff7ba1e10b" tests="4" skipped="2" failures="0" errors="0" time="1.554">
    <testcase time="1.233" classname="table_egt02" name="_EGT02_1._Regardless_of_Abnormality_at_Baseline"/>
    <testcase time="0.0589999999999975" classname="table_egt02" name="_EGT02_1._Regardless_of_Abnormality_at_Baseline">
      <skipped message="Reason: On CRAN ('test-table_egt02.R:35:3')"/>
    </testcase>
    <testcase time="0.197000000000003" classname="table_egt02" name="_EGT02_2._Among_Subjects_Without_Abnormality_at_Baseline"/>
    <testcase time="0.0649999999999977" classname="table_egt02" name="_EGT02_2._Among_Subjects_Without_Abnormality_at_Baseline">
      <skipped message="Reason: On CRAN ('test-table_egt02.R:55:3')"/>
    </testcase>
  </testsuite>
  <testsuite name="table_egt03" timestamp="2024-11-26T02:49:04Z" hostname="75ff7ba1e10b" tests="8" skipped="4" failures="0" errors="0" time="1.111">
    <testcase time="0.203000000000003" classname="table_egt03" name="EGT03_variant_1_is_produced_correctly"/>
    <testcase time="0.0990000000000038" classname="table_egt03" name="EGT03_variant_1_is_produced_correctly">
      <skipped message="Reason: On CRAN ('test-table_egt03.R:59:3')"/>
    </testcase>
    <testcase time="0.143999999999991" classname="table_egt03" name="EGT03_variant_2_is_produced_correctly"/>
    <testcase time="0.078000000000003" classname="table_egt03" name="EGT03_variant_2_is_produced_correctly">
      <skipped message="Reason: On CRAN ('test-table_egt03.R:74:3')"/>
    </testcase>
    <testcase time="0.195000000000007" classname="table_egt03" name="EGT03_variant_3_is_produced_correctly"/>
    <testcase time="0.0999999999999943" classname="table_egt03" name="EGT03_variant_3_is_produced_correctly">
      <skipped message="Reason: On CRAN ('test-table_egt03.R:100:3')"/>
    </testcase>
    <testcase time="0.192999999999998" classname="table_egt03" name="EGT03_variant_4_is_produced_correctly"/>
    <testcase time="0.0990000000000038" classname="table_egt03" name="EGT03_variant_4_is_produced_correctly">
      <skipped message="Reason: On CRAN ('test-table_egt03.R:125:3')"/>
    </testcase>
  </testsuite>
  <testsuite name="table_egt04" timestamp="2024-11-26T02:49:06Z" hostname="75ff7ba1e10b" tests="2" skipped="1" failures="0" errors="0" time="1.467">
    <testcase time="1.39700000000001" classname="table_egt04" name="EGT04_default_variant_is_produced_correctly"/>
    <testcase time="0.0699999999999932" classname="table_egt04" name="EGT04_default_variant_is_produced_correctly">
      <skipped message="Reason: On CRAN ('test-table_egt04.R:60:3')"/>
    </testcase>
  </testsuite>
  <testsuite name="table_egt05_qtcat" timestamp="2024-11-26T02:49:07Z" hostname="75ff7ba1e10b" tests="2" skipped="1" failures="0" errors="0" time="2.124">
    <testcase time="1.693" classname="table_egt05_qtcat" name="EGT05_QTCAT_default_variant_is_produced_correctly"/>
    <testcase time="0.430999999999997" classname="table_egt05_qtcat" name="EGT05_QTCAT_default_variant_is_produced_correctly">
      <skipped message="Reason: On CRAN ('test-table_egt05_qtcat.R:88:3')"/>
    </testcase>
  </testsuite>
  <testsuite name="table_ent" timestamp="2024-11-26T02:49:08Z" hostname="75ff7ba1e10b" tests="8" skipped="4" failures="0" errors="0" time="12.919">
    <testcase time="3.16200000000001" classname="table_ent" name="ENT01_IT_is_produced_correctly"/>
    <testcase time="0.525999999999996" classname="table_ent" name="ENT01_IT_is_produced_correctly">
      <skipped message="Reason: On CRAN ('test-table_ent.R:24:3')"/>
    </testcase>
    <testcase time="2.102" classname="table_ent" name="ENT01a_IT_is_produced_correctly"/>
    <testcase time="0.507000000000005" classname="table_ent" name="ENT01a_IT_is_produced_correctly">
      <skipped message="Reason: On CRAN ('test-table_ent.R:40:3')"/>
    </testcase>
    <testcase time="3.28099999999999" classname="table_ent" name="ENT02_IT_is_produced_correctly"/>
    <testcase time="0.548000000000002" classname="table_ent" name="ENT02_IT_is_produced_correctly">
      <skipped message="Reason: On CRAN ('test-table_ent.R:61:3')"/>
    </testcase>
    <testcase time="2.309" classname="table_ent" name="ENT02a_IT_is_produced_correctly"/>
    <testcase time="0.484000000000009" classname="table_ent" name="ENT02a_IT_is_produced_correctly">
      <skipped message="Reason: On CRAN ('test-table_ent.R:79:3')"/>
    </testcase>
  </testsuite>
  <testsuite name="table_eudrat01" timestamp="2024-11-26T02:49:21Z" hostname="75ff7ba1e10b" tests="2" skipped="1" failures="0" errors="0" time="0.537">
    <testcase time="0.427000000000007" classname="table_eudrat01" name="EUDRAT01_is_produced_correctly"/>
    <testcase time="0.109999999999999" classname="table_eudrat01" name="EUDRAT01_is_produced_correctly">
      <skipped message="Reason: On CRAN ('test-table_eudrat01.R:77:3')"/>
    </testcase>
  </testsuite>
  <testsuite name="table_eudrat02" timestamp="2024-11-26T02:49:22Z" hostname="75ff7ba1e10b" tests="2" skipped="1" failures="0" errors="0" time="0.427">
    <testcase time="0.344999999999999" classname="table_eudrat02" name="EUDRAT02_is_produced_correctly"/>
    <testcase time="0.0819999999999936" classname="table_eudrat02" name="EUDRAT02_is_produced_correctly">
      <skipped message="Reason: On CRAN ('test-table_eudrat02.R:44:3')"/>
    </testcase>
  </testsuite>
  <testsuite name="table_ext01" timestamp="2024-11-26T02:49:22Z" hostname="75ff7ba1e10b" tests="6" skipped="3" failures="0" errors="0" time="1.385">
    <testcase time="0.342000000000013" classname="table_ext01" name="EXT01_default_variant_with_numeric_parameters_is_produced_correctly"/>
    <testcase time="0.125999999999991" classname="table_ext01" name="EXT01_default_variant_with_numeric_parameters_is_produced_correctly">
      <skipped message="Reason: On CRAN ('test-table_ext01.R:85:3')"/>
    </testcase>
    <testcase time="0.246000000000009" classname="table_ext01" name="EXT01_variant_with_both_numeric_and_categorical_parameters"/>
    <testcase time="0.170999999999992" classname="table_ext01" name="EXT01_variant_with_both_numeric_and_categorical_parameters">
      <skipped message="Reason: On CRAN ('test-table_ext01.R:129:3')"/>
    </testcase>
    <testcase time="0.295000000000002" classname="table_ext01" name="EXT01_variant_with_user_specified_categories_for_missed_doses"/>
    <testcase time="0.204999999999998" classname="table_ext01" name="EXT01_variant_with_user_specified_categories_for_missed_doses">
      <skipped message="Reason: On CRAN ('test-table_ext01.R:178:3')"/>
    </testcase>
  </testsuite>
  <testsuite name="table_lbt01" timestamp="2024-11-26T02:49:24Z" hostname="75ff7ba1e10b" tests="2" skipped="1" failures="0" errors="0" time="1.834">
    <testcase time="1.40300000000001" classname="table_lbt01" name="LBT01_default_variant_is_produced_correctly"/>
    <testcase time="0.430999999999997" classname="table_lbt01" name="LBT01_default_variant_is_produced_correctly">
      <skipped message="Reason: On CRAN ('test-table_lbt01.R:55:3')"/>
    </testcase>
  </testsuite>
  <testsuite name="table_lbt02" timestamp="2024-11-26T02:49:26Z" hostname="75ff7ba1e10b" tests="2" skipped="1" failures="0" errors="0" time="1.257">
    <testcase time="0.804000000000002" classname="table_lbt02" name="LBT02_default_variant_is_produced_correctly"/>
    <testcase time="0.452999999999989" classname="table_lbt02" name="LBT02_default_variant_is_produced_correctly">
      <skipped message="Reason: On CRAN ('test-table_lbt02.R:18:3')"/>
    </testcase>
  </testsuite>
  <testsuite name="table_lbt03" timestamp="2024-11-26T02:49:27Z" hostname="75ff7ba1e10b" tests="2" skipped="1" failures="0" errors="0" time="0.226">
    <testcase time="0.144000000000005" classname="table_lbt03" name="LBT03_default_variant_is_produced_correctly"/>
    <testcase time="0.0820000000000078" classname="table_lbt03" name="LBT03_default_variant_is_produced_correctly">
      <skipped message="Reason: On CRAN ('test-table_lbt03.R:29:3')"/>
    </testcase>
  </testsuite>
  <testsuite name="table_lbt04" timestamp="2024-11-26T02:49:28Z" hostname="75ff7ba1e10b" tests="2" skipped="1" failures="0" errors="0" time="1.194">
    <testcase time="1.021" classname="table_lbt04" name="LBT04_default_variant_is_produced_correctly"/>
    <testcase time="0.172999999999988" classname="table_lbt04" name="LBT04_default_variant_is_produced_correctly">
      <skipped message="Reason: On CRAN ('test-table_lbt04.R:34:3')"/>
    </testcase>
  </testsuite>
  <testsuite name="table_lbt05" timestamp="2024-11-26T02:49:29Z" hostname="75ff7ba1e10b" tests="6" skipped="3" failures="0" errors="0" time="6.372">
    <testcase time="2.239" classname="table_lbt05" name="LBT05_variant_1_is_produced_correctly"/>
    <testcase time="0.353000000000009" classname="table_lbt05" name="LBT05_variant_1_is_produced_correctly">
      <skipped message="Reason: On CRAN ('test-table_lbt05.R:85:3')"/>
    </testcase>
    <testcase time="1.351" classname="table_lbt05" name="LBT05_variant_2_is_produced_correctly"/>
    <testcase time="0.462999999999994" classname="table_lbt05" name="LBT05_variant_2_is_produced_correctly">
      <skipped message="Reason: On CRAN ('test-table_lbt05.R:107:3')"/>
    </testcase>
    <testcase time="1.64099999999999" classname="table_lbt05" name="LBT05_variant_4_is_produced_correctly"/>
    <testcase time="0.325000000000017" classname="table_lbt05" name="LBT05_variant_4_is_produced_correctly">
      <skipped message="Reason: On CRAN ('test-table_lbt05.R:131:3')"/>
    </testcase>
  </testsuite>
  <testsuite name="table_lbt06" timestamp="2024-11-26T02:49:35Z" hostname="75ff7ba1e10b" tests="2" skipped="1" failures="0" errors="0" time="0.482">
    <testcase time="0.330999999999989" classname="table_lbt06" name="LBT06_default_variant_is_produced_correctly"/>
    <testcase time="0.15100000000001" classname="table_lbt06" name="LBT06_default_variant_is_produced_correctly">
      <skipped message="Reason: On CRAN ('test-table_lbt06.R:32:3')"/>
    </testcase>
  </testsuite>
  <testsuite name="table_lbt07" timestamp="2024-11-26T02:49:35Z" hostname="75ff7ba1e10b" tests="2" skipped="1" failures="0" errors="0" time="2.219">
    <testcase time="1.94999999999999" classname="table_lbt07" name="LBT07_is_produced_correctly"/>
    <testcase time="0.269000000000005" classname="table_lbt07" name="LBT07_is_produced_correctly">
      <skipped message="Reason: On CRAN ('test-table_lbt07.R:87:3')"/>
    </testcase>
  </testsuite>
  <testsuite name="table_lbt08" timestamp="2024-11-26T02:49:37Z" hostname="75ff7ba1e10b" tests="2" skipped="1" failures="0" errors="0" time="0.397">
    <testcase time="0.284999999999997" classname="table_lbt08" name="LBT08_produce_correctly"/>
    <testcase time="0.111999999999995" classname="table_lbt08" name="LBT08_produce_correctly">
      <skipped message="Reason: On CRAN ('test-table_lbt08.R:43:3')"/>
    </testcase>
  </testsuite>
  <testsuite name="table_lbt09" timestamp="2024-11-26T02:49:38Z" hostname="75ff7ba1e10b" tests="4" skipped="2" failures="0" errors="0" time="0.907">
    <testcase time="0.320999999999998" classname="table_lbt09" name="LBT09_variant_1_works_as_expected"/>
    <testcase time="0.15100000000001" classname="table_lbt09" name="LBT09_variant_1_works_as_expected">
      <skipped message="Reason: On CRAN ('test-table_lbt09.R:100:3')"/>
    </testcase>
    <testcase time="0.300000000000011" classname="table_lbt09" name="LBT09_variant_2_works_as_expected"/>
    <testcase time="0.134999999999991" classname="table_lbt09" name="LBT09_variant_2_works_as_expected">
      <skipped message="Reason: On CRAN ('test-table_lbt09.R:131:3')"/>
    </testcase>
  </testsuite>
  <testsuite name="table_lbt10" timestamp="2024-11-26T02:49:39Z" hostname="75ff7ba1e10b" tests="4" skipped="2" failures="0" errors="0" time="1.199">
    <testcase time="0.692000000000007" classname="table_lbt10" name="LBT10_variant_1_works_as_expected"/>
    <testcase time="0.0559999999999832" classname="table_lbt10" name="LBT10_variant_1_works_as_expected">
      <skipped message="Reason: On CRAN ('test-table_lbt10.R:86:3')"/>
    </testcase>
    <testcase time="0.407000000000011" classname="table_lbt10" name="LBT10_variant_2_works_as_expected"/>
    <testcase time="0.0439999999999827" classname="table_lbt10" name="LBT10_variant_2_works_as_expected">
      <skipped message="Reason: On CRAN ('test-table_lbt10.R:110:3')"/>
    </testcase>
  </testsuite>
  <testsuite name="table_lbt10_bl" timestamp="2024-11-26T02:49:40Z" hostname="75ff7ba1e10b" tests="4" skipped="2" failures="0" errors="0" time="0.478">
    <testcase time="0.245000000000005" classname="table_lbt10_bl" name="LBT10_BL_variant_1_works_as_expected"/>
    <testcase time="0.0550000000000068" classname="table_lbt10_bl" name="LBT10_BL_variant_1_works_as_expected">
      <skipped message="Reason: On CRAN ('test-table_lbt10_bl.R:45:3')"/>
    </testcase>
    <testcase time="0.120000000000005" classname="table_lbt10_bl" name="LBT10_BL_variant_2_works_as_expected"/>
    <testcase time="0.0579999999999927" classname="table_lbt10_bl" name="LBT10_BL_variant_2_works_as_expected">
      <skipped message="Reason: On CRAN ('test-table_lbt10_bl.R:69:3')"/>
    </testcase>
  </testsuite>
  <testsuite name="table_lbt11" timestamp="2024-11-26T02:49:40Z" hostname="75ff7ba1e10b" tests="6" skipped="3" failures="0" errors="0" time="0.701">
    <testcase time="0.180000000000007" classname="table_lbt11" name="LBT11_variant_1_works_as_expected"/>
    <testcase time="0.0939999999999941" classname="table_lbt11" name="LBT11_variant_1_works_as_expected">
      <skipped message="Reason: On CRAN ('test-table_lbt11.R:85:3')"/>
    </testcase>
    <testcase time="0.0919999999999845" classname="table_lbt11" name="LBT11_variant_2_works_as_expected"/>
    <testcase time="0.0660000000000025" classname="table_lbt11" name="LBT11_variant_2_works_as_expected">
      <skipped message="Reason: On CRAN ('test-table_lbt11.R:102:3')"/>
    </testcase>
    <testcase time="0.173000000000002" classname="table_lbt11" name="LBT11_variant_3_works_as_expected"/>
    <testcase time="0.0960000000000036" classname="table_lbt11" name="LBT11_variant_3_works_as_expected">
      <skipped message="Reason: On CRAN ('test-table_lbt11.R:135:3')"/>
    </testcase>
  </testsuite>
  <testsuite name="table_lbt11_bl" timestamp="2024-11-26T02:49:41Z" hostname="75ff7ba1e10b" tests="6" skipped="3" failures="0" errors="0" time="0.804">
    <testcase time="0.216000000000008" classname="table_lbt11_bl" name="LBT11_BL_variant_1_works_as_expected"/>
    <testcase time="0.0819999999999936" classname="table_lbt11_bl" name="LBT11_BL_variant_1_works_as_expected">
      <skipped message="Reason: On CRAN ('test-table_lbt11_bl.R:60:3')"/>
    </testcase>
    <testcase time="0.128000000000014" classname="table_lbt11_bl" name="LBT11_BL_variant_2_works_as_expected"/>
    <testcase time="0.0649999999999977" classname="table_lbt11_bl" name="LBT11_BL_variant_2_works_as_expected">
      <skipped message="Reason: On CRAN ('test-table_lbt11_bl.R:77:3')"/>
    </testcase>
    <testcase time="0.217999999999989" classname="table_lbt11_bl" name="LBT11_BL_variant_3_works_as_expected"/>
    <testcase time="0.0949999999999989" classname="table_lbt11_bl" name="LBT11_BL_variant_3_works_as_expected">
      <skipped message="Reason: On CRAN ('test-table_lbt11_bl.R:110:3')"/>
    </testcase>
  </testsuite>
  <testsuite name="table_lbt12" timestamp="2024-11-26T02:49:42Z" hostname="75ff7ba1e10b" tests="2" skipped="1" failures="0" errors="0" time="0.394">
    <testcase time="0.311000000000007" classname="table_lbt12" name="LBT12_works_as_expected"/>
    <testcase time="0.0829999999999984" classname="table_lbt12" name="LBT12_works_as_expected">
      <skipped message="Reason: On CRAN ('test-table_lbt12.R:64:3')"/>
    </testcase>
  </testsuite>
  <testsuite name="table_lbt12_bl" timestamp="2024-11-26T02:49:42Z" hostname="75ff7ba1e10b" tests="2" skipped="1" failures="0" errors="0" time="0.362">
    <testcase time="0.300999999999988" classname="table_lbt12_bl" name="LBT12_BL_works_as_expected"/>
    <testcase time="0.061000000000007" classname="table_lbt12_bl" name="LBT12_BL_works_as_expected">
      <skipped message="Reason: On CRAN ('test-table_lbt12_bl.R:64:3')"/>
    </testcase>
  </testsuite>
  <testsuite name="table_lbt13" timestamp="2024-11-26T02:49:44Z" hostname="75ff7ba1e10b" tests="10" skipped="5" failures="0" errors="0" time="3.009">
    <testcase time="1.375" classname="table_lbt13" name="LBT13_variant_1_LOW_works_as_expected"/>
    <testcase time="0.070999999999998" classname="table_lbt13" name="LBT13_variant_1_LOW_works_as_expected">
      <skipped message="Reason: On CRAN ('test-table_lbt13.R:79:3')"/>
    </testcase>
    <testcase time="0.411000000000001" classname="table_lbt13" name="LBT13_variant_2_HIGH_works_as_expected"/>
    <testcase time="0.0490000000000066" classname="table_lbt13" name="LBT13_variant_2_HIGH_works_as_expected">
      <skipped message="Reason: On CRAN ('test-table_lbt13.R:151:3')"/>
    </testcase>
    <testcase time="0.23599999999999" classname="table_lbt13" name="LBT13_variant_3_LOW_without_baseline_missing_works_as_expected"/>
    <testcase time="0.070999999999998" classname="table_lbt13" name="LBT13_variant_3_LOW_without_baseline_missing_works_as_expected">
      <skipped message="Reason: On CRAN ('test-table_lbt13.R:223:3')"/>
    </testcase>
    <testcase time="0.150000000000006" classname="table_lbt13" name="LBT13_variant_4_HIGH_with_missing_baseline_considered_as_grade_0_works_as_expected"/>
    <testcase time="0.0480000000000018" classname="table_lbt13" name="LBT13_variant_4_HIGH_with_missing_baseline_considered_as_grade_0_works_as_expected">
      <skipped message="Reason: On CRAN ('test-table_lbt13.R:294:3')"/>
    </testcase>
    <testcase time="0.402999999999992" classname="table_lbt13" name="LBT14_variant_5_HIGH_with_filled_in_grades_works_as_expected"/>
    <testcase time="0.194999999999993" classname="table_lbt13" name="LBT14_variant_5_HIGH_with_filled_in_grades_works_as_expected">
      <skipped message="Reason: On CRAN ('test-table_lbt13.R:368:3')"/>
    </testcase>
  </testsuite>
  <testsuite name="table_lbt14" timestamp="2024-11-26T02:49:47Z" hostname="75ff7ba1e10b" tests="10" skipped="5" failures="0" errors="0" time="28.841">
    <testcase time="6.03500000000003" classname="table_lbt14" name="LBT14_variant_1_HIGH_works_as_expected"/>
    <testcase time="0.414999999999992" classname="table_lbt14" name="LBT14_variant_1_HIGH_works_as_expected">
      <skipped message="Reason: On CRAN ('test-table_lbt14.R:64:3')"/>
    </testcase>
    <testcase time="4.96199999999999" classname="table_lbt14" name="LBT14_variant_2_LOW_works_as_expected"/>
    <testcase time="0.301999999999992" classname="table_lbt14" name="LBT14_variant_2_LOW_works_as_expected">
      <skipped message="Reason: On CRAN ('test-table_lbt14.R:117:3')"/>
    </testcase>
    <testcase time="3.24600000000001" classname="table_lbt14" name="LBT14_variant_3_LOW_without_baseline_missing_works_as_expected"/>
    <testcase time="0.390999999999991" classname="table_lbt14" name="LBT14_variant_3_LOW_without_baseline_missing_works_as_expected">
      <skipped message="Reason: On CRAN ('test-table_lbt14.R:170:3')"/>
    </testcase>
    <testcase time="4.85400000000001" classname="table_lbt14" name="LBT14_variant_4_LOW_and_force_1_missing_both_baseline_and_post_baseline_then_force_the_missing_baseline_as_0_as_expected"/>
    <testcase time="0.234999999999985" classname="table_lbt14" name="LBT14_variant_4_LOW_and_force_1_missing_both_baseline_and_post_baseline_then_force_the_missing_baseline_as_0_as_expected">
      <skipped message="Reason: On CRAN ('test-table_lbt14.R:222:3')"/>
    </testcase>
    <testcase time="5.369" classname="table_lbt14" name="LBT14_variant_5_HIGH_with_fillings_works_as_expected"/>
    <testcase time="3.03200000000001" classname="table_lbt14" name="LBT14_variant_5_HIGH_with_fillings_works_as_expected">
      <skipped message="Reason: On CRAN ('test-table_lbt14.R:274:3')"/>
    </testcase>
  </testsuite>
  <testsuite name="table_lbt15" timestamp="2024-11-26T02:50:14Z" hostname="75ff7ba1e10b" tests="4" skipped="2" failures="0" errors="0" time="1.434">
    <testcase time="0.580000000000013" classname="table_lbt15" name="LBT15_variant_1_works_as_expected"/>
    <testcase time="0.167999999999978" classname="table_lbt15" name="LBT15_variant_1_works_as_expected">
      <skipped message="Reason: On CRAN ('test-table_lbt15.R:82:3')"/>
    </testcase>
    <testcase time="0.527000000000015" classname="table_lbt15" name="LBT15_variant_2_works_as_expected"/>
    <testcase time="0.158999999999992" classname="table_lbt15" name="LBT15_variant_2_works_as_expected">
      <skipped message="Reason: On CRAN ('test-table_lbt15.R:89:3')"/>
    </testcase>
  </testsuite>
  <testsuite name="table_lgrt02" timestamp="2024-11-26T02:50:16Z" hostname="75ff7ba1e10b" tests="8" skipped="4" failures="0" errors="0" time="2.646">
    <testcase time="0.50200000000001" classname="table_lgrt02" name="LGRT02_without_interaction_term_is_produced_correctly"/>
    <testcase time="0.127999999999986" classname="table_lgrt02" name="LGRT02_without_interaction_term_is_produced_correctly">
      <skipped message="Reason: On CRAN ('test-table_lgrt02.R:52:3')"/>
    </testcase>
    <testcase time="0.555000000000007" classname="table_lgrt02" name="LGRT02_with_categorical_interaction_is_produced_correctly"/>
    <testcase time="0.15100000000001" classname="table_lgrt02" name="LGRT02_with_categorical_interaction_is_produced_correctly">
      <skipped message="Reason: On CRAN ('test-table_lgrt02.R:78:3')"/>
    </testcase>
    <testcase time="0.558999999999997" classname="table_lgrt02" name="LGRT02_with_continuous_interaction_is_produced_correctly"/>
    <testcase time="0.150000000000006" classname="table_lgrt02" name="LGRT02_with_continuous_interaction_is_produced_correctly">
      <skipped message="Reason: On CRAN ('test-table_lgrt02.R:104:3')"/>
    </testcase>
    <testcase time="0.481999999999999" classname="table_lgrt02" name="LGRT02_with_setting_values_indicating_an_event_and_custom_alpha_level_is_produced_correctly"/>
    <testcase time="0.119" classname="table_lgrt02" name="LGRT02_with_setting_values_indicating_an_event_and_custom_alpha_level_is_produced_correctly">
      <skipped message="Reason: On CRAN ('test-table_lgrt02.R:130:3')"/>
    </testcase>
  </testsuite>
  <testsuite name="table_mht01" timestamp="2024-11-26T02:50:18Z" hostname="75ff7ba1e10b" tests="8" skipped="4" failures="0" errors="0" time="1.442">
    <testcase time="0.322999999999979" classname="table_mht01" name="MHT01_variant_1_is_produced_accurately"/>
    <testcase time="0.110000000000014" classname="table_mht01" name="MHT01_variant_1_is_produced_accurately">
      <skipped message="Reason: On CRAN ('test-table_mht01.R:49:3')"/>
    </testcase>
    <testcase time="0.114000000000004" classname="table_mht01" name="MHT01_variant_2_is_produced_accurately"/>
    <testcase time="0.0510000000000161" classname="table_mht01" name="MHT01_variant_2_is_produced_accurately">
      <skipped message="Reason: On CRAN ('test-table_mht01.R:60:3')"/>
    </testcase>
    <testcase time="0.270999999999987" classname="table_mht01" name="MHT01_variant_3_is_produced_accurately"/>
    <testcase time="0.0980000000000132" classname="table_mht01" name="MHT01_variant_3_is_produced_accurately">
      <skipped message="Reason: On CRAN ('test-table_mht01.R:92:3')"/>
    </testcase>
    <testcase time="0.347999999999985" classname="table_mht01" name="MHT01_variant_5_is_produced_accurately"/>
    <testcase time="0.12700000000001" classname="table_mht01" name="MHT01_variant_5_is_produced_accurately">
      <skipped message="Reason: On CRAN ('test-table_mht01.R:130:3')"/>
    </testcase>
  </testsuite>
  <testsuite name="table_onct05" timestamp="2024-11-26T02:50:20Z" hostname="75ff7ba1e10b" tests="8" skipped="4" failures="0" errors="0" time="1.92">
    <testcase time="0.445999999999998" classname="table_onct05" name="ONCT05_variant_1_Objective_Response_Rate_by_Subgroup_is_produced_correctly"/>
    <testcase time="0.0949999999999989" classname="table_onct05" name="ONCT05_variant_1_Objective_Response_Rate_by_Subgroup_is_produced_correctly">
      <skipped message="Reason: On CRAN ('test-table_onct05.R:33:3')"/>
    </testcase>
    <testcase time="0.459000000000003" classname="table_onct05" name="ONCT05_variant_2_Specifying_class_variables_is_produced_correctly"/>
    <testcase time="0.114000000000004" classname="table_onct05" name="ONCT05_variant_2_Specifying_class_variables_is_produced_correctly">
      <skipped message="Reason: On CRAN ('test-table_onct05.R:57:3')"/>
    </testcase>
    <testcase time="0.198000000000008" classname="table_onct05" name="ONCT05_variant_3_selecting_columns_and_changing_the_alpha_level_is_produced_correctly"/>
    <testcase time="0.0789999999999793" classname="table_onct05" name="ONCT05_variant_3_selecting_columns_and_changing_the_alpha_level_is_produced_correctly">
      <skipped message="Reason: On CRAN ('test-table_onct05.R:75:3')"/>
    </testcase>
    <testcase time="0.422000000000025" classname="table_onct05" name="ONCT05_variant_4_setting_values_indicating_response_is_produced_correctly"/>
    <testcase time="0.106999999999999" classname="table_onct05" name="ONCT05_variant_4_setting_values_indicating_response_is_produced_correctly">
      <skipped message="Reason: On CRAN ('test-table_onct05.R:96:3')"/>
    </testcase>
  </testsuite>
  <testsuite name="table_pdt01" timestamp="2024-11-26T02:50:22Z" hostname="75ff7ba1e10b" tests="2" skipped="1" failures="0" errors="0" time="0.386">
    <testcase time="0.258999999999986" classname="table_pdt01" name="PDT01_is_produced_correctly"/>
    <testcase time="0.12700000000001" classname="table_pdt01" name="PDT01_is_produced_correctly">
      <skipped message="Reason: On CRAN ('test-table_pdt01.R:40:3')"/>
    </testcase>
  </testsuite>
  <testsuite name="table_pdt02" timestamp="2024-11-26T02:50:22Z" hostname="75ff7ba1e10b" tests="2" skipped="1" failures="0" errors="0" time="0.228">
    <testcase time="0.170999999999992" classname="table_pdt02" name="PDT02_is_produced_correctly"/>
    <testcase time="0.0569999999999879" classname="table_pdt02" name="PDT02_is_produced_correctly">
      <skipped message="Reason: On CRAN ('test-table_pdt02.R:43:3')"/>
    </testcase>
  </testsuite>
  <testsuite name="table_pkct01" timestamp="2024-11-26T02:50:22Z" hostname="75ff7ba1e10b" tests="4" skipped="2" failures="0" errors="0" time="1.419">
    <testcase time="0.273000000000025" classname="table_pkct01" name="PKCT01_is_produced_correctly"/>
    <testcase time="0.0789999999999793" classname="table_pkct01" name="PKCT01_is_produced_correctly">
      <skipped message="Reason: On CRAN ('test-table_pkct01.R:18:3')"/>
    </testcase>
    <testcase time="0.871000000000009" classname="table_pkct01" name="Specific_PKCT01_features_are_present"/>
    <testcase time="0.195999999999998" classname="table_pkct01" name="Specific_PKCT01_features_are_present">
      <skipped message="Reason: On CRAN ('test-table_pkct01.R:120:3')"/>
    </testcase>
  </testsuite>
  <testsuite name="table_pkpt02" timestamp="2024-11-26T02:50:24Z" hostname="75ff7ba1e10b" tests="2" skipped="1" failures="0" errors="0" time="0.508">
    <testcase time="0.302999999999997" classname="table_pkpt02" name="PKPT02_is_produced_correctly_for_Drug_X"/>
    <testcase time="0.205000000000013" classname="table_pkpt02" name="PKPT02_is_produced_correctly_for_Drug_X">
      <skipped message="Reason: On CRAN ('test-table_pkpt02.R:44:3')"/>
    </testcase>
  </testsuite>
  <testsuite name="table_pkpt03" timestamp="2024-11-26T02:50:24Z" hostname="75ff7ba1e10b" tests="2" skipped="1" failures="0" errors="0" time="1.092">
    <testcase time="0.931999999999988" classname="table_pkpt03" name="PKPT03_Drug_X_is_produced_correctly"/>
    <testcase time="0.159999999999997" classname="table_pkpt03" name="PKPT03_Drug_X_is_produced_correctly">
      <skipped message="Reason: On CRAN ('test-table_pkpt03.R:69:3')"/>
    </testcase>
  </testsuite>
  <testsuite name="table_pkpt04" timestamp="2024-11-26T02:50:25Z" hostname="75ff7ba1e10b" tests="2" skipped="1" failures="0" errors="0" time="0.187">
    <testcase time="0.119" classname="table_pkpt04" name="PKPT04_is_produced_correctly_for_Drug_X"/>
    <testcase time="0.0680000000000121" classname="table_pkpt04" name="PKPT04_is_produced_correctly_for_Drug_X">
      <skipped message="Reason: On CRAN ('test-table_pkpt04.R:42:3')"/>
    </testcase>
  </testsuite>
  <testsuite name="table_pkpt05" timestamp="2024-11-26T02:50:26Z" hostname="75ff7ba1e10b" tests="2" skipped="1" failures="0" errors="0" time="0.402">
    <testcase time="0.292000000000002" classname="table_pkpt05" name="PKPT05_Drug_X_is_produced_correctly"/>
    <testcase time="0.109999999999985" classname="table_pkpt05" name="PKPT05_Drug_X_is_produced_correctly">
      <skipped message="Reason: On CRAN ('test-table_pkpt05.R:66:3')"/>
    </testcase>
  </testsuite>
  <testsuite name="table_pkpt06" timestamp="2024-11-26T02:50:26Z" hostname="75ff7ba1e10b" tests="4" skipped="2" failures="0" errors="0" time="0.254">
    <testcase time="0.092000000000013" classname="table_pkpt06" name="PKPT06_is_produced_correctly_for_Drug_X"/>
    <testcase time="0.0480000000000018" classname="table_pkpt06" name="PKPT06_is_produced_correctly_for_Drug_X">
      <skipped message="Reason: On CRAN ('test-table_pkpt06.R:48:3')"/>
    </testcase>
    <testcase time="0.0579999999999927" classname="table_pkpt06" name="PKPT06_is_produced_correctly_for_Drug_Y"/>
    <testcase time="0.0559999999999832" classname="table_pkpt06" name="PKPT06_is_produced_correctly_for_Drug_Y">
      <skipped message="Reason: On CRAN ('test-table_pkpt06.R:61:3')"/>
    </testcase>
  </testsuite>
  <testsuite name="table_pkpt07" timestamp="2024-11-26T02:50:26Z" hostname="75ff7ba1e10b" tests="4" skipped="2" failures="0" errors="0" time="0.513">
    <testcase time="0.209000000000003" classname="table_pkpt07" name="PKPT07_Drug_X_is_produced_correctly"/>
    <testcase time="0.0970000000000084" classname="table_pkpt07" name="PKPT07_Drug_X_is_produced_correctly">
      <skipped message="Reason: On CRAN ('test-table_pkpt07.R:73:3')"/>
    </testcase>
    <testcase time="0.119" classname="table_pkpt07" name="PKPT07_Drug_Y_is_produced_correctly"/>
    <testcase time="0.0879999999999939" classname="table_pkpt07" name="PKPT07_Drug_Y_is_produced_correctly">
      <skipped message="Reason: On CRAN ('test-table_pkpt07.R:88:3')"/>
    </testcase>
  </testsuite>
  <testsuite name="table_ratet01" timestamp="2024-11-26T02:50:27Z" hostname="75ff7ba1e10b" tests="2" skipped="1" failures="0" errors="0" time="0.661">
    <testcase time="0.555000000000007" classname="table_ratet01" name="RATET01_is_produced_correctly"/>
    <testcase time="0.105999999999995" classname="table_ratet01" name="RATET01_is_produced_correctly">
      <skipped message="Reason: On CRAN ('test-table_ratet01.R:66:3')"/>
    </testcase>
  </testsuite>
  <testsuite name="table_rmpt01" timestamp="2024-11-26T02:50:28Z" hostname="75ff7ba1e10b" tests="2" skipped="1" failures="0" errors="0" time="0.196">
    <testcase time="0.153999999999996" classname="table_rmpt01" name="RMPT01_is_produced_correctly"/>
    <testcase time="0.0420000000000016" classname="table_rmpt01" name="RMPT01_is_produced_correctly">
      <skipped message="Reason: On CRAN ('test-table_rmpt01.R:58:3')"/>
    </testcase>
  </testsuite>
  <testsuite name="table_rmpt03" timestamp="2024-11-26T02:50:28Z" hostname="75ff7ba1e10b" tests="4" skipped="2" failures="0" errors="0" time="0.517">
    <testcase time="0.215000000000003" classname="table_rmpt03" name="RMPT03_variant_1_is_produced_correctly"/>
    <testcase time="0.0649999999999977" classname="table_rmpt03" name="RMPT03_variant_1_is_produced_correctly">
      <skipped message="Reason: On CRAN ('test-table_rmpt03.R:67:3')"/>
    </testcase>
    <testcase time="0.167000000000002" classname="table_rmpt03" name="RMPT03_variant_2_is_produced_correctly"/>
    <testcase time="0.0699999999999932" classname="table_rmpt03" name="RMPT03_variant_2_is_produced_correctly">
      <skipped message="Reason: On CRAN ('test-table_rmpt03.R:91:3')"/>
    </testcase>
  </testsuite>
  <testsuite name="table_rmpt04" timestamp="2024-11-26T02:50:28Z" hostname="75ff7ba1e10b" tests="2" skipped="1" failures="0" errors="0" time="0.192">
    <testcase time="0.15100000000001" classname="table_rmpt04" name="RMPT04_variant_1_is_produced_correctly"/>
    <testcase time="0.0409999999999968" classname="table_rmpt04" name="RMPT04_variant_1_is_produced_correctly">
      <skipped message="Reason: On CRAN ('test-table_rmpt04.R:50:3')"/>
    </testcase>
  </testsuite>
  <testsuite name="table_rmpt05" timestamp="2024-11-26T02:50:28Z" hostname="75ff7ba1e10b" tests="2" skipped="1" failures="0" errors="0" time="0.217">
    <testcase time="0.150000000000006" classname="table_rmpt05" name="RMPT05_is_produced_correctly"/>
    <testcase time="0.0670000000000073" classname="table_rmpt05" name="RMPT05_is_produced_correctly">
      <skipped message="Reason: On CRAN ('test-table_rmpt05.R:49:3')"/>
    </testcase>
  </testsuite>
  <testsuite name="table_rmpt06" timestamp="2024-11-26T02:50:29Z" hostname="75ff7ba1e10b" tests="8" skipped="4" failures="0" errors="0" time="1.483">
    <testcase time="0.305999999999983" classname="table_rmpt06" name="RMPT06_variant_1_is_produced_correctly"/>
    <testcase time="0.0879999999999939" classname="table_rmpt06" name="RMPT06_variant_1_is_produced_correctly">
      <skipped message="Reason: On CRAN ('test-table_rmpt06.R:99:3')"/>
    </testcase>
    <testcase time="0.210000000000008" classname="table_rmpt06" name="RMPT06_variant_2_is_produced_correctly"/>
    <testcase time="0.0660000000000025" classname="table_rmpt06" name="RMPT06_variant_2_is_produced_correctly">
      <skipped message="Reason: On CRAN ('test-table_rmpt06.R:148:3')"/>
    </testcase>
    <testcase time="0.296999999999997" classname="table_rmpt06" name="RMPT06_variant_3_is_produced_correctly"/>
    <testcase time="0.0949999999999989" classname="table_rmpt06" name="RMPT06_variant_3_is_produced_correctly">
      <skipped message="Reason: On CRAN ('test-table_rmpt06.R:211:3')"/>
    </testcase>
    <testcase time="0.295000000000016" classname="table_rmpt06" name="RMPT06_variant_4_is_produced_correctly"/>
    <testcase time="0.125999999999976" classname="table_rmpt06" name="RMPT06_variant_4_is_produced_correctly">
      <skipped message="Reason: On CRAN ('test-table_rmpt06.R:277:3')"/>
    </testcase>
  </testsuite>
  <testsuite name="table_rspt01" timestamp="2024-11-26T02:50:30Z" hostname="75ff7ba1e10b" tests="12" skipped="6" failures="0" errors="0" time="2.268">
    <testcase time="0.277000000000015" classname="table_rspt01" name="RSPT01_1._Best_Overall_Response"/>
    <testcase time="0.0919999999999845" classname="table_rspt01" name="RSPT01_1._Best_Overall_Response">
      <skipped message="Reason: On CRAN ('test-table_rspt01.R:46:3')"/>
    </testcase>
    <testcase time="0.247000000000014" classname="table_rspt01" name="RSPT01_2._Best_Overall_Response_selecting_sections_to_display_"/>
    <testcase time="0.113" classname="table_rspt01" name="RSPT01_2._Best_Overall_Response_selecting_sections_to_display_">
      <skipped message="Reason: On CRAN ('test-table_rspt01.R:73:3')"/>
    </testcase>
    <testcase time="0.306000000000012" classname="table_rspt01" name="RSPT01_3._Best_Overall_Response_modifying_settings_"/>
    <testcase time="0.0880000000000223" classname="table_rspt01" name="RSPT01_3._Best_Overall_Response_modifying_settings_">
      <skipped message="Reason: On CRAN ('test-table_rspt01.R:116:3')"/>
    </testcase>
    <testcase time="0.355999999999995" classname="table_rspt01" name="RSPT01_4._Best_Overall_Response_with_stratified_analysis_"/>
    <testcase time="0.10499999999999" classname="table_rspt01" name="RSPT01_4._Best_Overall_Response_with_stratified_analysis_">
      <skipped message="Reason: On CRAN ('test-table_rspt01.R:170:3')"/>
    </testcase>
    <testcase time="0.271999999999991" classname="table_rspt01" name="RSPT01_5._Best_Overall_Response_modifying_the_definition_of_overall_response_"/>
    <testcase time="0.110000000000014" classname="table_rspt01" name="RSPT01_5._Best_Overall_Response_modifying_the_definition_of_overall_response_">
      <skipped message="Reason: On CRAN ('test-table_rspt01.R:202:3')"/>
    </testcase>
    <testcase time="0.204000000000008" classname="table_rspt01" name="RSPT01_6._Best_Overall_Response_define_new_sections_to_display_"/>
    <testcase time="0.0979999999999848" classname="table_rspt01" name="RSPT01_6._Best_Overall_Response_define_new_sections_to_display_">
      <skipped message="Reason: On CRAN ('test-table_rspt01.R:252:3')"/>
    </testcase>
  </testsuite>
  <testsuite name="table_ttet01" timestamp="2024-11-26T02:50:32Z" hostname="75ff7ba1e10b" tests="14" skipped="7" failures="0" errors="0" time="3.371">
    <testcase time="0.40900000000002" classname="table_ttet01" name="TTET01_default_variant_is_produced_correctly"/>
    <testcase time="0.167999999999978" classname="table_ttet01" name="TTET01_default_variant_is_produced_correctly">
      <skipped message="Reason: On CRAN ('test-table_ttet01.R:79:3')"/>
    </testcase>
    <testcase time="0.408000000000015" classname="table_ttet01" name="TTET01_default_variant_with_Placebo_arm"/>
    <testcase time="0.141999999999996" classname="table_ttet01" name="TTET01_default_variant_with_Placebo_arm">
      <skipped message="Reason: On CRAN ('test-table_ttet01.R:140:3')"/>
    </testcase>
    <testcase time="0.216999999999985" classname="table_ttet01" name="TTET01_variant_2_selecting_sections_to_display"/>
    <testcase time="0.114000000000004" classname="table_ttet01" name="TTET01_variant_2_selecting_sections_to_display">
      <skipped message="Reason: On CRAN ('test-table_ttet01.R:185:3')"/>
    </testcase>
    <testcase time="0.308000000000021" classname="table_ttet01" name="TTET01_variant_3_modifying_analysis_details_like_conftype_ties_alpha_level"/>
    <testcase time="0.11699999999999" classname="table_ttet01" name="TTET01_variant_3_modifying_analysis_details_like_conftype_ties_alpha_level">
      <skipped message="Reason: On CRAN ('test-table_ttet01.R:251:3')"/>
    </testcase>
    <testcase time="0.37299999999999" classname="table_ttet01" name="TTET01_variant_4_with_stratified_analysis"/>
    <testcase time="0.131" classname="table_ttet01" name="TTET01_variant_4_with_stratified_analysis">
      <skipped message="Reason: On CRAN ('test-table_ttet01.R:312:3')"/>
    </testcase>
    <testcase time="0.325999999999993" classname="table_ttet01" name="TTET01_variant_5_modifying_time_point"/>
    <testcase time="0.114000000000004" classname="table_ttet01" name="TTET01_variant_5_modifying_time_point">
      <skipped message="Reason: On CRAN ('test-table_ttet01.R:367:3')"/>
    </testcase>
    <testcase time="0.420000000000016" classname="table_ttet01" name="TTET01_variant_6_requesting_more_than_one_p_value"/>
    <testcase time="0.123999999999995" classname="table_ttet01" name="TTET01_variant_6_requesting_more_than_one_p_value">
      <skipped message="Reason: On CRAN ('test-table_ttet01.R:440:3')"/>
    </testcase>
  </testsuite>
  <testsuite name="table_vst01" timestamp="2024-11-26T02:50:37Z" hostname="75ff7ba1e10b" tests="2" skipped="1" failures="0" errors="0" time="2.195">
    <testcase time="1.78100000000001" classname="table_vst01" name="VST01_default_variant_is_produced_correctly"/>
    <testcase time="0.413999999999987" classname="table_vst01" name="VST01_default_variant_is_produced_correctly">
      <skipped message="Reason: On CRAN ('test-table_vst01.R:100:3')"/>
    </testcase>
  </testsuite>
  <testsuite name="table_vst02" timestamp="2024-11-26T02:50:39Z" hostname="75ff7ba1e10b" tests="4" skipped="2" failures="0" errors="0" time="1.505">
    <testcase time="1.06100000000001" classname="table_vst02" name="1._Vital_Sign_Abnormalities_Regardless_of_Abnormality_at_Baseline_VST02_1_"/>
    <testcase time="0.0919999999999845" classname="table_vst02" name="1._Vital_Sign_Abnormalities_Regardless_of_Abnormality_at_Baseline_VST02_1_">
      <skipped message="Reason: On CRAN ('test-table_vst02.R:33:3')"/>
    </testcase>
    <testcase time="0.273000000000025" classname="table_vst02" name="2._Vital_Sign_Abnormalities_Among_Subject_Without_Abnormality_at_Baseline_VST02_2_"/>
    <testcase time="0.0789999999999793" classname="table_vst02" name="2._Vital_Sign_Abnormalities_Among_Subject_Without_Abnormality_at_Baseline_VST02_2_">
      <skipped message="Reason: On CRAN ('test-table_vst02.R:51:3')"/>
    </testcase>
  </testsuite>
</testsuites>
