<?xml version="1.0" encoding="UTF-8"?>
<testsuites>
  <testsuite name="listing_adal02" timestamp="2024-11-19T22:25:03Z" hostname="d0467e8a2d0d" tests="1" skipped="1" failures="0" errors="0" time="0.204">
    <testcase time="0.204" classname="listing_adal02" name="ADAL02_listing_is_produced_correctly">
      <skipped message="Reason: On CRAN ('test-listing_adal02.R:109:3')"/>
    </testcase>
  </testsuite>
  <testsuite name="listing_ael01" timestamp="2024-11-19T22:25:03Z" hostname="d0467e8a2d0d" tests="1" skipped="1" failures="0" errors="0" time="0.229">
    <testcase time="0.229" classname="listing_ael01" name="AEL01_listing_is_produced_correctly">
      <skipped message="Reason: On CRAN ('test-listing_ael01.R:20:3')"/>
    </testcase>
  </testsuite>
  <testsuite name="listing_ael01_nollt" timestamp="2024-11-19T22:25:03Z" hostname="d0467e8a2d0d" tests="1" skipped="1" failures="0" errors="0" time="0.064">
    <testcase time="0.0640000000000001" classname="listing_ael01_nollt" name="AEL01_NOLLT_listing_is_produced_correctly">
      <skipped message="Reason: On CRAN ('test-listing_ael01_nollt.R:23:3')"/>
    </testcase>
  </testsuite>
  <testsuite name="listing_ael02" timestamp="2024-11-19T22:25:03Z" hostname="d0467e8a2d0d" tests="1" skipped="1" failures="0" errors="0" time="0.283">
    <testcase time="0.282999999999999" classname="listing_ael02" name="AEL02_listing_is_produced_correctly">
      <skipped message="Reason: On CRAN ('test-listing_ael02.R:60:3')"/>
    </testcase>
  </testsuite>
  <testsuite name="listing_ael02_ed" timestamp="2024-11-19T22:25:04Z" hostname="d0467e8a2d0d" tests="1" skipped="1" failures="0" errors="0" time="0.319">
    <testcase time="0.319000000000001" classname="listing_ael02_ed" name="AEL02_ED_listing_is_produced_correctly">
      <skipped message="Reason: On CRAN ('test-listing_ael02_ed.R:77:3')"/>
    </testcase>
  </testsuite>
  <testsuite name="listing_ael03" timestamp="2024-11-19T22:25:04Z" hostname="d0467e8a2d0d" tests="1" skipped="1" failures="0" errors="0" time="0.273">
    <testcase time="0.273" classname="listing_ael03" name="AEL03_listing_is_produced_correctly">
      <skipped message="Reason: On CRAN ('test-listing_ael03.R:73:3')"/>
    </testcase>
  </testsuite>
  <testsuite name="listing_ael04" timestamp="2024-11-19T22:25:04Z" hostname="d0467e8a2d0d" tests="1" skipped="1" failures="0" errors="0" time="0.19">
    <testcase time="0.19" classname="listing_ael04" name="AEL04_listing_is_produced_correctly">
      <skipped message="Reason: On CRAN ('test-listing_ael04.R:30:3')"/>
    </testcase>
  </testsuite>
  <testsuite name="listing_cml01" timestamp="2024-11-19T22:25:04Z" hostname="d0467e8a2d0d" tests="1" skipped="1" failures="0" errors="0" time="0.327">
    <testcase time="0.327" classname="listing_cml01" name="CML01_listing_is_produced_correctly">
      <skipped message="Reason: On CRAN ('test-listing_cml01.R:41:3')"/>
    </testcase>
  </testsuite>
  <testsuite name="listing_cml02a_gl" timestamp="2024-11-19T22:25:05Z" hostname="d0467e8a2d0d" tests="1" skipped="1" failures="0" errors="0" time="0.117">
    <testcase time="0.117000000000001" classname="listing_cml02a_gl" name="CML02A_GL_listing_is_produced_correctly">
      <skipped message="Reason: On CRAN ('test-listing_cml02a_gl.R:19:3')"/>
    </testcase>
  </testsuite>
  <testsuite name="listing_cml02b_gl" timestamp="2024-11-19T22:25:05Z" hostname="d0467e8a2d0d" tests="1" skipped="1" failures="0" errors="0" time="0.16">
    <testcase time="0.16" classname="listing_cml02b_gl" name="CML02B_GL_listing_is_produced_correctly">
      <skipped message="Reason: On CRAN ('test-listing_cml02b_gl.R:22:3')"/>
    </testcase>
  </testsuite>
  <testsuite name="listing_dsl01" timestamp="2024-11-19T22:25:05Z" hostname="d0467e8a2d0d" tests="1" skipped="1" failures="0" errors="0" time="0.157">
    <testcase time="0.157" classname="listing_dsl01" name="DSL01_listing_is_produced_correctly">
      <skipped message="Reason: On CRAN ('test-listing_dsl01.R:31:3')"/>
    </testcase>
  </testsuite>
  <testsuite name="listing_dsl02" timestamp="2024-11-19T22:25:05Z" hostname="d0467e8a2d0d" tests="1" skipped="1" failures="0" errors="0" time="0.066">
    <testcase time="0.0659999999999989" classname="listing_dsl02" name="DSL02_listing_is_produced_correctly">
      <skipped message="Reason: On CRAN ('test-listing_dsl02.R:33:3')"/>
    </testcase>
  </testsuite>
  <testsuite name="listing_dsur4" timestamp="2024-11-19T22:25:05Z" hostname="d0467e8a2d0d" tests="1" skipped="1" failures="0" errors="0" time="0.114">
    <testcase time="0.114000000000001" classname="listing_dsur4" name="DSUR4_listing_is_produced_correctly">
      <skipped message="Reason: On CRAN ('test-listing_dsur4.R:22:3')"/>
    </testcase>
  </testsuite>
  <testsuite name="listing_egl01" timestamp="2024-11-19T22:25:05Z" hostname="d0467e8a2d0d" tests="1" skipped="1" failures="0" errors="0" time="0.39">
    <testcase time="0.389999999999999" classname="listing_egl01" name="EGL01_listing_is_produced_correctly">
      <skipped message="Reason: On CRAN ('test-listing_egl01.R:61:3')"/>
    </testcase>
  </testsuite>
  <testsuite name="listing_exl01" timestamp="2024-11-19T22:25:06Z" hostname="d0467e8a2d0d" tests="1" skipped="1" failures="0" errors="0" time="0.205">
    <testcase time="0.205" classname="listing_exl01" name="EXL01_listing_is_produced_correctly">
      <skipped message="Reason: On CRAN ('test-listing_exl01.R:29:3')"/>
    </testcase>
  </testsuite>
  <testsuite name="listing_lbl01" timestamp="2024-11-19T22:25:06Z" hostname="d0467e8a2d0d" tests="1" skipped="1" failures="0" errors="0" time="0.51">
    <testcase time="0.510000000000002" classname="listing_lbl01" name="LBL01_listing_is_produced_correctly">
      <skipped message="Reason: On CRAN ('test-listing_lbl01.R:52:3')"/>
    </testcase>
  </testsuite>
  <testsuite name="listing_lbl01_rls" timestamp="2024-11-19T22:25:06Z" hostname="d0467e8a2d0d" tests="1" skipped="1" failures="0" errors="0" time="0.536">
    <testcase time="0.536" classname="listing_lbl01_rls" name="LBL01_RLS_listing_is_produced_correctly">
      <skipped message="Reason: On CRAN ('test-listing_lbl01_rls.R:58:3')"/>
    </testcase>
  </testsuite>
  <testsuite name="listing_lbl02a" timestamp="2024-11-19T22:25:07Z" hostname="d0467e8a2d0d" tests="1" skipped="1" failures="0" errors="0" time="0.238">
    <testcase time="0.238" classname="listing_lbl02a" name="LBL02A_listing_is_produced_correctly">
      <skipped message="Reason: On CRAN ('test-listing_lbl02a.R:50:3')"/>
    </testcase>
  </testsuite>
  <testsuite name="listing_lbl02a_rls" timestamp="2024-11-19T22:25:07Z" hostname="d0467e8a2d0d" tests="1" skipped="1" failures="0" errors="0" time="0.961">
    <testcase time="0.961" classname="listing_lbl02a_rls" name="LBL02A_RLS_listing_is_produced_correctly">
      <skipped message="Reason: On CRAN ('test-listing_lbl02a_rls.R:79:3')"/>
    </testcase>
  </testsuite>
  <testsuite name="listing_lbl02b" timestamp="2024-11-19T22:25:08Z" hostname="d0467e8a2d0d" tests="1" skipped="1" failures="0" errors="0" time="0.232">
    <testcase time="0.231999999999999" classname="listing_lbl02b" name="LBL02B_listing_is_produced_correctly">
      <skipped message="Reason: On CRAN ('test-listing_lbl02b.R:56:3')"/>
    </testcase>
  </testsuite>
  <testsuite name="listing_mhl01" timestamp="2024-11-19T22:25:08Z" hostname="d0467e8a2d0d" tests="1" skipped="1" failures="0" errors="0" time="0.233">
    <testcase time="0.233000000000001" classname="listing_mhl01" name="MHL01_listing_is_produced_correctly">
      <skipped message="Reason: On CRAN ('test-listing_mhl01.R:33:3')"/>
    </testcase>
  </testsuite>
  <testsuite name="listing_oncl01" timestamp="2024-11-19T22:25:09Z" hostname="d0467e8a2d0d" tests="1" skipped="1" failures="0" errors="0" time="0.231">
    <testcase time="0.231" classname="listing_oncl01" name="ONCL01_listing_is_produced_correctly">
      <skipped message="Reason: On CRAN ('test-listing_oncl01.R:61:3')"/>
    </testcase>
  </testsuite>
  <testsuite name="listing_pkcl01" timestamp="2024-11-19T22:25:09Z" hostname="d0467e8a2d0d" tests="1" skipped="1" failures="0" errors="0" time="0.163">
    <testcase time="0.163" classname="listing_pkcl01" name="PKCL01_listing_is_produced_correctly">
      <skipped message="Reason: On CRAN ('test-listing_pkcl01.R:28:3')"/>
    </testcase>
  </testsuite>
  <testsuite name="listing_pkcl02" timestamp="2024-11-19T22:25:09Z" hostname="d0467e8a2d0d" tests="1" skipped="1" failures="0" errors="0" time="0.185">
    <testcase time="0.185" classname="listing_pkcl02" name="PKCL02_listing_is_produced_correctly">
      <skipped message="Reason: On CRAN ('test-listing_pkcl02.R:62:3')"/>
    </testcase>
  </testsuite>
  <testsuite name="listing_pkpl01" timestamp="2024-11-19T22:25:09Z" hostname="d0467e8a2d0d" tests="1" skipped="1" failures="0" errors="0" time="0.22">
    <testcase time="0.219999999999999" classname="listing_pkpl01" name="PKPL01_listing_is_produced_correctly">
      <skipped message="Reason: On CRAN ('test-listing_pkpl01.R:38:3')"/>
    </testcase>
  </testsuite>
  <testsuite name="listing_pkpl02" timestamp="2024-11-19T22:25:09Z" hostname="d0467e8a2d0d" tests="1" skipped="1" failures="0" errors="0" time="0.327">
    <testcase time="0.327" classname="listing_pkpl02" name="PKPL02_listing_is_produced_correctly">
      <skipped message="Reason: On CRAN ('test-listing_pkpl02.R:37:3')"/>
    </testcase>
  </testsuite>
  <testsuite name="listing_pkpl04" timestamp="2024-11-19T22:25:10Z" hostname="d0467e8a2d0d" tests="1" skipped="1" failures="0" errors="0" time="0.181">
    <testcase time="0.181000000000001" classname="listing_pkpl04" name="PKPL04_listing_is_produced_correctly">
      <skipped message="Reason: On CRAN ('test-listing_pkpl04.R:52:3')"/>
    </testcase>
  </testsuite>
  <testsuite name="listing_vsl01" timestamp="2024-11-19T22:25:10Z" hostname="d0467e8a2d0d" tests="1" skipped="1" failures="0" errors="0" time="0.404">
    <testcase time="0.404" classname="listing_vsl01" name="VSL01_listing_is_produced_correctly">
      <skipped message="Reason: On CRAN ('test-listing_vsl01.R:83:3')"/>
    </testcase>
  </testsuite>
  <testsuite name="pagination_listing" timestamp="2024-11-19T22:25:10Z" hostname="d0467e8a2d0d" tests="13" skipped="0" failures="0" errors="0" time="5.4">
    <testcase time="0.0380000000000003" classname="pagination_listing" name="Direct_pagination_works_fine"/>
    <testcase time="0.907999999999999" classname="pagination_listing" name="Direct_pagination_works_fine"/>
    <testcase time="0.00300000000000011" classname="pagination_listing" name="Direct_pagination_works_fine"/>
    <testcase time="0.807" classname="pagination_listing" name="Direct_pagination_works_fine"/>
    <testcase time="1.157" classname="pagination_listing" name="Direct_pagination_works_fine"/>
    <testcase time="1.225" classname="pagination_listing" name="pagination_counts_the_right_number_of_lines_when_wrapping_on_keycols_is_present"/>
    <testcase time="0.00700000000000145" classname="pagination_listing" name="pagination_counts_the_right_number_of_lines_when_wrapping_on_keycols_is_present"/>
    <testcase time="0.00499999999999901" classname="pagination_listing" name="pagination_counts_the_right_number_of_lines_when_wrapping_on_keycols_is_present"/>
    <testcase time="0.00400000000000134" classname="pagination_listing" name="pagination_counts_the_right_number_of_lines_when_wrapping_on_keycols_is_present"/>
    <testcase time="1.234" classname="pagination_listing" name="pagination_counts_the_right_number_of_lines_when_wrapping_on_keycols_is_present"/>
    <testcase time="0.00500000000000256" classname="pagination_listing" name="pagination_counts_the_right_number_of_lines_when_wrapping_on_keycols_is_present"/>
    <testcase time="0.00399999999999778" classname="pagination_listing" name="pagination_counts_the_right_number_of_lines_when_wrapping_on_keycols_is_present"/>
    <testcase time="0.00300000000000011" classname="pagination_listing" name="pagination_counts_the_right_number_of_lines_when_wrapping_on_keycols_is_present"/>
  </testsuite>
  <testsuite name="pagination_table" timestamp="2024-11-19T22:25:17Z" hostname="d0467e8a2d0d" tests="21" skipped="6" failures="0" errors="0" time="11.638">
    <testcase time="1.746" classname="pagination_table" name="Direct_pagination_with_standard_values"/>
    <testcase time="0.00399999999999778" classname="pagination_table" name="Direct_pagination_with_standard_values"/>
    <testcase time="0.00400000000000134" classname="pagination_table" name="Direct_pagination_with_standard_values"/>
    <testcase time="1.222" classname="pagination_table" name="Pagination_with_specific_column_widths_and_minimum_lines_per_page"/>
    <testcase time="0.00399999999999778" classname="pagination_table" name="Pagination_with_specific_column_widths_and_minimum_lines_per_page"/>
    <testcase time="0.100000000000001" classname="pagination_table" name="Pagination_with_specific_column_widths_and_minimum_lines_per_page">
      <skipped message="Reason: On CRAN ('test-pagination_table.R:76:3')"/>
    </testcase>
    <testcase time="0.978999999999999" classname="pagination_table" name="Pagination_works_also_if_table_is_decorated"/>
    <testcase time="0.558" classname="pagination_table" name="Pagination_works_also_if_table_is_decorated"/>
    <testcase time="0.806000000000001" classname="pagination_table" name="Pagination_works_also_if_table_is_decorated"/>
    <testcase time="0.669" classname="pagination_table" name="Pagination_works_also_if_table_is_decorated"/>
    <testcase time="1.375" classname="pagination_table" name="Pagination_works_also_if_table_is_decorated"/>
    <testcase time="0.314999999999998" classname="pagination_table" name="Pagination_works_also_if_table_is_decorated"/>
    <testcase time="0.00300000000000011" classname="pagination_table" name="Pagination_works_also_if_table_is_decorated"/>
    <testcase time="0.00700000000000145" classname="pagination_table" name="Pagination_works_also_if_table_is_decorated">
      <skipped message="Reason: On CRAN ('test-pagination_table.R:126:3')"/>
    </testcase>
    <testcase time="0.722999999999999" classname="pagination_table" name="Pagination_works_for_page_types">
      <skipped message="Reason: On CRAN ('test-pagination_table.R:135:3')"/>
    </testcase>
    <testcase time="0.718" classname="pagination_table" name="Pagination_works_for_page_width_and_height">
      <skipped message="Reason: On CRAN ('test-pagination_table.R:148:3')"/>
    </testcase>
    <testcase time="0.806000000000001" classname="pagination_table" name="Pagination_works_for_page_types">
      <skipped message="Reason: On CRAN ('test-pagination_table.R:162:3')"/>
    </testcase>
    <testcase time="0.835999999999999" classname="pagination_table" name="AET04_variant_2_page_by_pagination_tests"/>
    <testcase time="0.625" classname="pagination_table" name="AET04_variant_2_page_by_pagination_tests"/>
    <testcase time="0.00200000000000244" classname="pagination_table" name="AET04_variant_2_page_by_pagination_tests"/>
    <testcase time="0.135999999999996" classname="pagination_table" name="AET04_variant_2_page_by_pagination_tests">
      <skipped message="Reason: On CRAN ('test-pagination_table.R:217:3')"/>
    </testcase>
  </testsuite>
  <testsuite name="table_adat03" timestamp="2024-11-19T22:25:27Z" hostname="d0467e8a2d0d" tests="2" skipped="1" failures="0" errors="0" time="0.557">
    <testcase time="0.433" classname="table_adat03" name="ADAT03_is_produced_correctly"/>
    <testcase time="0.124000000000002" classname="table_adat03" name="ADAT03_is_produced_correctly">
      <skipped message="Reason: On CRAN ('test-table_adat03.R:72:3')"/>
    </testcase>
  </testsuite>
  <testsuite name="table_aet01" timestamp="2024-11-19T22:25:28Z" hostname="d0467e8a2d0d" tests="8" skipped="4" failures="0" errors="0" time="1.825">
    <testcase time="0.356999999999999" classname="table_aet01" name="Safety_Summary_Variant_1_works_as_expected"/>
    <testcase time="0.100000000000001" classname="table_aet01" name="Safety_Summary_Variant_1_works_as_expected">
      <skipped message="Reason: On CRAN ('test-table_aet01.R:105:3')"/>
    </testcase>
    <testcase time="0.509" classname="table_aet01" name="Safety_Summary_Variant_2_with_Medical_Concepts_Section_works_as_expected"/>
    <testcase time="0.103000000000002" classname="table_aet01" name="Safety_Summary_Variant_2_with_Medical_Concepts_Section_works_as_expected">
      <skipped message="Reason: On CRAN ('test-table_aet01.R:172:3')"/>
    </testcase>
    <testcase time="0.238" classname="table_aet01" name="Safety_Summary_Variant_3_with_Modified_Rows_works_as_expected"/>
    <testcase time="0.0769999999999982" classname="table_aet01" name="Safety_Summary_Variant_3_with_Modified_Rows_works_as_expected">
      <skipped message="Reason: On CRAN ('test-table_aet01.R:233:3')"/>
    </testcase>
    <testcase time="0.332999999999998" classname="table_aet01" name="Safety_Summary_Variant_4_with_Rows_Counting_Events_and_Additional_Sections_works_as_expected"/>
    <testcase time="0.108000000000004" classname="table_aet01" name="Safety_Summary_Variant_4_with_Rows_Counting_Events_and_Additional_Sections_works_as_expected">
      <skipped message="Reason: On CRAN ('test-table_aet01.R:310:3')"/>
    </testcase>
  </testsuite>
  <testsuite name="table_aet01_aesi" timestamp="2024-11-19T22:25:30Z" hostname="d0467e8a2d0d" tests="8" skipped="4" failures="0" errors="0" time="2.413">
    <testcase time="0.265000000000001" classname="table_aet01_aesi" name="AET01_AESI_Variant_1_works_as_expected"/>
    <testcase time="0.0799999999999983" classname="table_aet01_aesi" name="AET01_AESI_Variant_1_works_as_expected">
      <skipped message="Reason: On CRAN ('test-table_aet01_aesi.R:115:3')"/>
    </testcase>
    <testcase time="0.421999999999997" classname="table_aet01_aesi" name="AET01_AESI_Variant_2_works_as_expected"/>
    <testcase time="0.122999999999998" classname="table_aet01_aesi" name="AET01_AESI_Variant_2_works_as_expected">
      <skipped message="Reason: On CRAN ('test-table_aet01_aesi.R:181:3')"/>
    </testcase>
    <testcase time="0.600999999999999" classname="table_aet01_aesi" name="AET01_AESI_Variant_3_works_as_expected"/>
    <testcase time="0.183999999999997" classname="table_aet01_aesi" name="AET01_AESI_Variant_3_works_as_expected">
      <skipped message="Reason: On CRAN ('test-table_aet01_aesi.R:410:3')"/>
    </testcase>
    <testcase time="0.540000000000006" classname="table_aet01_aesi" name="AET01_AESI_Variant_4_works_as_expected"/>
    <testcase time="0.198" classname="table_aet01_aesi" name="AET01_AESI_Variant_4_works_as_expected">
      <skipped message="Reason: On CRAN ('test-table_aet01_aesi.R:550:3')"/>
    </testcase>
  </testsuite>
  <testsuite name="table_aet02" timestamp="2024-11-19T22:25:32Z" hostname="d0467e8a2d0d" tests="24" skipped="12" failures="0" errors="0" time="7.248">
    <testcase time="0.527999999999999" classname="table_aet02" name="AET02_variant_1_is_produced_correctly"/>
    <testcase time="0.158999999999999" classname="table_aet02" name="AET02_variant_1_is_produced_correctly">
      <skipped message="Reason: On CRAN ('test-table_aet02.R:66:3')"/>
    </testcase>
    <testcase time="0.601999999999997" classname="table_aet02" name="AET02_variant_2_is_produced_correctly"/>
    <testcase time="0.167999999999999" classname="table_aet02" name="AET02_variant_2_is_produced_correctly">
      <skipped message="Reason: On CRAN ('test-table_aet02.R:129:3')"/>
    </testcase>
    <testcase time="0.882000000000005" classname="table_aet02" name="AET02_variant_3_is_produced_correctly"/>
    <testcase time="0.283000000000001" classname="table_aet02" name="AET02_variant_3_is_produced_correctly">
      <skipped message="Reason: On CRAN ('test-table_aet02.R:195:3')"/>
    </testcase>
    <testcase time="0.131" classname="table_aet02" name="AET02_variant_4_is_produced_correctly"/>
    <testcase time="0.0849999999999937" classname="table_aet02" name="AET02_variant_4_is_produced_correctly">
      <skipped message="Reason: On CRAN ('test-table_aet02.R:220:3')"/>
    </testcase>
    <testcase time="0.394000000000005" classname="table_aet02" name="AET02_variant_5_is_produced_correctly"/>
    <testcase time="0.143000000000001" classname="table_aet02" name="AET02_variant_5_is_produced_correctly">
      <skipped message="Reason: On CRAN ('test-table_aet02.R:267:3')"/>
    </testcase>
    <testcase time="0.399999999999999" classname="table_aet02" name="AET02_variant_6_is_produced_correctly"/>
    <testcase time="0.0940000000000012" classname="table_aet02" name="AET02_variant_6_is_produced_correctly">
      <skipped message="Reason: On CRAN ('test-table_aet02.R:314:3')"/>
    </testcase>
    <testcase time="0.891999999999996" classname="table_aet02" name="AET02_variant_7_is_produced_correctly"/>
    <testcase time="0.128" classname="table_aet02" name="AET02_variant_7_is_produced_correctly">
      <skipped message="Reason: On CRAN ('test-table_aet02.R:377:3')"/>
    </testcase>
    <testcase time="0.395000000000003" classname="table_aet02" name="AET02_variant_8_is_produced_correctly"/>
    <testcase time="0.0579999999999998" classname="table_aet02" name="AET02_variant_8_is_produced_correctly">
      <skipped message="Reason: On CRAN ('test-table_aet02.R:424:3')"/>
    </testcase>
    <testcase time="0.408999999999999" classname="table_aet02" name="AET02_variant_9_is_produced_correctly"/>
    <testcase time="0.0940000000000012" classname="table_aet02" name="AET02_variant_9_is_produced_correctly">
      <skipped message="Reason: On CRAN ('test-table_aet02.R:471:3')"/>
    </testcase>
    <testcase time="0.402000000000001" classname="table_aet02" name="AET02_variant_10_is_produced_correctly"/>
    <testcase time="0.0689999999999955" classname="table_aet02" name="AET02_variant_10_is_produced_correctly">
      <skipped message="Reason: On CRAN ('test-table_aet02.R:518:3')"/>
    </testcase>
    <testcase time="0.399000000000001" classname="table_aet02" name="AET02_variant_11_is_produced_correctly"/>
    <testcase time="0.0579999999999998" classname="table_aet02" name="AET02_variant_11_is_produced_correctly">
      <skipped message="Reason: On CRAN ('test-table_aet02.R:565:3')"/>
    </testcase>
    <testcase time="0.399999999999999" classname="table_aet02" name="AET02_variant_12_is_produced_correctly"/>
    <testcase time="0.0750000000000028" classname="table_aet02" name="AET02_variant_12_is_produced_correctly">
      <skipped message="Reason: On CRAN ('test-table_aet02.R:611:3')"/>
    </testcase>
  </testsuite>
  <testsuite name="table_aet02_smq" timestamp="2024-11-19T22:25:39Z" hostname="d0467e8a2d0d" tests="4" skipped="2" failures="0" errors="0" time="0.4">
    <testcase time="0.113" classname="table_aet02_smq" name="AET02SMQ_variant_1_is_produced_correctly"/>
    <testcase time="0.0640000000000001" classname="table_aet02_smq" name="AET02SMQ_variant_1_is_produced_correctly">
      <skipped message="Reason: On CRAN ('test-table_aet02_smq.R:52:3')"/>
    </testcase>
    <testcase time="0.158999999999999" classname="table_aet02_smq" name="AET02SMQ_variant_2_is_produced_correctly"/>
    <testcase time="0.0640000000000001" classname="table_aet02_smq" name="AET02SMQ_variant_2_is_produced_correctly">
      <skipped message="Reason: On CRAN ('test-table_aet02_smq.R:91:3')"/>
    </testcase>
  </testsuite>
  <testsuite name="table_aet03" timestamp="2024-11-19T22:25:40Z" hostname="d0467e8a2d0d" tests="2" skipped="1" failures="0" errors="0" time="1.513">
    <testcase time="1.106" classname="table_aet03" name="AET03_variant_1_is_produced_correctly"/>
    <testcase time="0.406999999999996" classname="table_aet03" name="AET03_variant_1_is_produced_correctly">
      <skipped message="Reason: On CRAN ('test-table_aet03.R:77:3')"/>
    </testcase>
  </testsuite>
  <testsuite name="table_aet04" timestamp="2024-11-19T22:25:42Z" hostname="d0467e8a2d0d" tests="16" skipped="8" failures="0" errors="0" time="6.163">
    <testcase time="0.738" classname="table_aet04" name="AET04_variant_1_is_produced_correctly"/>
    <testcase time="0.299000000000007" classname="table_aet04" name="AET04_variant_1_is_produced_correctly">
      <skipped message="Reason: On CRAN ('test-table_aet04.R:108:3')"/>
    </testcase>
    <testcase time="0.663999999999994" classname="table_aet04" name="AET04_variant_2_is_produced_correctly_Fill_in_of_Treatment_Groups_"/>
    <testcase time="0.257000000000005" classname="table_aet04" name="AET04_variant_2_is_produced_correctly_Fill_in_of_Treatment_Groups_">
      <skipped message="Reason: On CRAN ('test-table_aet04.R:190:3')"/>
    </testcase>
    <testcase time="0.702999999999996" classname="table_aet04" name="AET04_variant_3_is_produced_correctly_Fill_in_of_Grades_"/>
    <testcase time="0.325000000000003" classname="table_aet04" name="AET04_variant_3_is_produced_correctly_Fill_in_of_Grades_">
      <skipped message="Reason: On CRAN ('test-table_aet04.R:269:3')"/>
    </testcase>
    <testcase time="0.714999999999996" classname="table_aet04" name="AET04_variant_4_is_produced_correctly_Collapsing_of_Grades_grades_1_2_grades_3_4_5_"/>
    <testcase time="0.309000000000005" classname="table_aet04" name="AET04_variant_4_is_produced_correctly_Collapsing_of_Grades_grades_1_2_grades_3_4_5_">
      <skipped message="Reason: On CRAN ('test-table_aet04.R:354:3')"/>
    </testcase>
    <testcase time="0.738" classname="table_aet04" name="AET04_variant_6_is_produced_correctly_with_an_Incidence_Rate_of_at_Least_5_totals_restricted_"/>
    <testcase time="0.305" classname="table_aet04" name="AET04_variant_6_is_produced_correctly_with_an_Incidence_Rate_of_at_Least_5_totals_restricted_">
      <skipped message="Reason: On CRAN ('test-table_aet04.R:465:5')"/>
    </testcase>
    <testcase time="0.0180000000000007" classname="table_aet04" name="AET04_variant_8_is_produced_correctly_with_an_Incidence_Rate_of_at_Least_X_Patients_"/>
    <testcase time="0.501999999999995" classname="table_aet04" name="AET04_variant_8_is_produced_correctly_with_an_Incidence_Rate_of_at_Least_X_Patients_">
      <skipped message="Reason: On CRAN ('test-table_aet04.R:486:3')"/>
    </testcase>
    <testcase time="0.017000000000003" classname="table_aet04" name="AET04_variant_9_is_produced_correctly_with_a_Difference_in_Incidence_Rate_of_at_Least_X_"/>
    <testcase time="0.277999999999999" classname="table_aet04" name="AET04_variant_9_is_produced_correctly_with_a_Difference_in_Incidence_Rate_of_at_Least_X_">
      <skipped message="Reason: On CRAN ('test-table_aet04.R:502:3')"/>
    </testcase>
    <testcase time="0.017000000000003" classname="table_aet04" name="AET04_variant_11_is_produced_correctly_with_Incidence_Rate_of_at_Least_X_all_SOCs_w_o_preferred_terms_removed_"/>
    <testcase time="0.277999999999999" classname="table_aet04" name="AET04_variant_11_is_produced_correctly_with_Incidence_Rate_of_at_Least_X_all_SOCs_w_o_preferred_terms_removed_">
      <skipped message="Reason: On CRAN ('test-table_aet04.R:524:5')"/>
    </testcase>
  </testsuite>
  <testsuite name="table_aet04_pi" timestamp="2024-11-19T22:25:48Z" hostname="d0467e8a2d0d" tests="18" skipped="9" failures="0" errors="0" time="6.016">
    <testcase time="0.527999999999999" classname="table_aet04_pi" name="AET04_PI_full_table_is_produced_correctly"/>
    <testcase time="0.195999999999998" classname="table_aet04_pi" name="AET04_PI_full_table_is_produced_correctly">
      <skipped message="Reason: On CRAN ('test-table_aet04_pi.R:66:3')"/>
    </testcase>
    <testcase time="0.555" classname="table_aet04_pi" name="AET04_PI_variant_1_is_produced_correctly"/>
    <testcase time="0.147000000000006" classname="table_aet04_pi" name="AET04_PI_variant_1_is_produced_correctly">
      <skipped message="Reason: On CRAN ('test-table_aet04_pi.R:88:3')"/>
    </testcase>
    <testcase time="0.555" classname="table_aet04_pi" name="AET04_PI_variant_2_is_produced_correctly"/>
    <testcase time="0.0889999999999986" classname="table_aet04_pi" name="AET04_PI_variant_2_is_produced_correctly">
      <skipped message="Reason: On CRAN ('test-table_aet04_pi.R:111:3')"/>
    </testcase>
    <testcase time="0.560000000000002" classname="table_aet04_pi" name="AET04_PI_variant_3_is_produced_correctly"/>
    <testcase time="0.113999999999997" classname="table_aet04_pi" name="AET04_PI_variant_3_is_produced_correctly">
      <skipped message="Reason: On CRAN ('test-table_aet04_pi.R:134:3')"/>
    </testcase>
    <testcase time="0.558999999999997" classname="table_aet04_pi" name="AET04_PI_variant_4_is_produced_correctly"/>
    <testcase time="0.0770000000000053" classname="table_aet04_pi" name="AET04_PI_variant_4_is_produced_correctly">
      <skipped message="Reason: On CRAN ('test-table_aet04_pi.R:158:3')"/>
    </testcase>
    <testcase time="0.562999999999995" classname="table_aet04_pi" name="AET04_PI_variant_5_is_produced_correctly"/>
    <testcase time="0.134" classname="table_aet04_pi" name="AET04_PI_variant_5_is_produced_correctly">
      <skipped message="Reason: On CRAN ('test-table_aet04_pi.R:182:3')"/>
    </testcase>
    <testcase time="0.689999999999998" classname="table_aet04_pi" name="AET04_PI_variant_6_is_produced_correctly"/>
    <testcase time="0.136000000000003" classname="table_aet04_pi" name="AET04_PI_variant_6_is_produced_correctly">
      <skipped message="Reason: On CRAN ('test-table_aet04_pi.R:233:3')"/>
    </testcase>
    <testcase time="0.686999999999998" classname="table_aet04_pi" name="AET04_PI_variant_7_is_produced_correctly"/>
    <testcase time="0.138000000000005" classname="table_aet04_pi" name="AET04_PI_variant_7_is_produced_correctly">
      <skipped message="Reason: On CRAN ('test-table_aet04_pi.R:284:3')"/>
    </testcase>
    <testcase time="0.186" classname="table_aet04_pi" name="AET04_PI_variant_8_is_produced_correctly"/>
    <testcase time="0.101999999999997" classname="table_aet04_pi" name="AET04_PI_variant_8_is_produced_correctly">
      <skipped message="Reason: On CRAN ('test-table_aet04_pi.R:318:3')"/>
    </testcase>
  </testsuite>
  <testsuite name="table_aet05" timestamp="2024-11-19T22:25:54Z" hostname="d0467e8a2d0d" tests="4" skipped="2" failures="0" errors="0" time="0.253">
    <testcase time="0.0949999999999989" classname="table_aet05" name="AET05_variant_1_is_produced_correctly"/>
    <testcase time="0.0429999999999993" classname="table_aet05" name="AET05_variant_1_is_produced_correctly">
      <skipped message="Reason: On CRAN ('test-table_aet05.R:38:3')"/>
    </testcase>
    <testcase time="0.0720000000000027" classname="table_aet05" name="AET05_variant_2_is_produced_correctly"/>
    <testcase time="0.0429999999999993" classname="table_aet05" name="AET05_variant_2_is_produced_correctly">
      <skipped message="Reason: On CRAN ('test-table_aet05.R:53:3')"/>
    </testcase>
  </testsuite>
  <testsuite name="table_aet05_all" timestamp="2024-11-19T22:25:54Z" hostname="d0467e8a2d0d" tests="4" skipped="2" failures="0" errors="0" time="0.273">
    <testcase time="0.108000000000004" classname="table_aet05_all" name="AET05_ALL_variant_1_is_produced_correctly"/>
    <testcase time="0.0529999999999973" classname="table_aet05_all" name="AET05_ALL_variant_1_is_produced_correctly">
      <skipped message="Reason: On CRAN ('test-table_aet05_all.R:32:3')"/>
    </testcase>
    <testcase time="0.0619999999999976" classname="table_aet05_all" name="AET05_ALL_variant_2_is_produced_correctly"/>
    <testcase time="0.0500000000000043" classname="table_aet05_all" name="AET05_ALL_variant_2_is_produced_correctly">
      <skipped message="Reason: On CRAN ('test-table_aet05_all.R:47:3')"/>
    </testcase>
  </testsuite>
  <testsuite name="table_aet06" timestamp="2024-11-19T22:25:54Z" hostname="d0467e8a2d0d" tests="6" skipped="3" failures="0" errors="0" time="3.615">
    <testcase time="0.567999999999998" classname="table_aet06" name="AET06_variant_1_is_produced_correctly"/>
    <testcase time="0.210999999999999" classname="table_aet06" name="AET06_variant_1_is_produced_correctly">
      <skipped message="Reason: On CRAN ('test-table_aet06.R:97:3')"/>
    </testcase>
    <testcase time="0.934000000000005" classname="table_aet06" name="AET06_variant_3_is_produced_correctly"/>
    <testcase time="0.308" classname="table_aet06" name="AET06_variant_3_is_produced_correctly">
      <skipped message="Reason: On CRAN ('test-table_aet06.R:149:3')"/>
    </testcase>
    <testcase time="1.226" classname="table_aet06" name="AET06_variant_5_is_produced_correctly"/>
    <testcase time="0.367999999999995" classname="table_aet06" name="AET06_variant_5_is_produced_correctly">
      <skipped message="Reason: On CRAN ('test-table_aet06.R:193:3')"/>
    </testcase>
  </testsuite>
  <testsuite name="table_aet06_smq" timestamp="2024-11-19T22:25:58Z" hostname="d0467e8a2d0d" tests="4" skipped="2" failures="0" errors="0" time="0.953">
    <testcase time="0.349000000000004" classname="table_aet06_smq" name="AET06_SMQ_variant_1_is_produced_correctly"/>
    <testcase time="0.125" classname="table_aet06_smq" name="AET06_SMQ_variant_1_is_produced_correctly">
      <skipped message="Reason: On CRAN ('test-table_aet06_smq.R:73:3')"/>
    </testcase>
    <testcase time="0.363" classname="table_aet06_smq" name="AET06_SMQ_variant_2_is_produced_correctly"/>
    <testcase time="0.116" classname="table_aet06_smq" name="AET06_SMQ_variant_2_is_produced_correctly">
      <skipped message="Reason: On CRAN ('test-table_aet06_smq.R:160:3')"/>
    </testcase>
  </testsuite>
  <testsuite name="table_aet07" timestamp="2024-11-19T22:25:59Z" hostname="d0467e8a2d0d" tests="4" skipped="2" failures="0" errors="0" time="0.188">
    <testcase time="0.0690000000000026" classname="table_aet07" name="AET07_variant_1_is_produced_correctly"/>
    <testcase time="0.027000000000001" classname="table_aet07" name="AET07_variant_1_is_produced_correctly">
      <skipped message="Reason: On CRAN ('test-table_aet07.R:49:3')"/>
    </testcase>
    <testcase time="0.0549999999999997" classname="table_aet07" name="AET07_variant_2_is_produced_correctly"/>
    <testcase time="0.036999999999999" classname="table_aet07" name="AET07_variant_2_is_produced_correctly">
      <skipped message="Reason: On CRAN ('test-table_aet07.R:78:3')"/>
    </testcase>
  </testsuite>
  <testsuite name="table_aet09" timestamp="2024-11-19T22:25:59Z" hostname="d0467e8a2d0d" tests="4" skipped="2" failures="0" errors="0" time="1.908">
    <testcase time="0.535999999999994" classname="table_aet09" name="AET09_variant_1_is_produced_correctly_AE_related_to_study_drug"/>
    <testcase time="0.167000000000002" classname="table_aet09" name="AET09_variant_1_is_produced_correctly_AE_related_to_study_drug">
      <skipped message="Reason: On CRAN ('test-table_aet09.R:46:3')"/>
    </testcase>
    <testcase time="0.927999999999997" classname="table_aet09" name="AET09_variant_2_is_produced_correctly_AE_related_to_study_drug_including_high_level_terms_"/>
    <testcase time="0.277000000000001" classname="table_aet09" name="AET09_variant_2_is_produced_correctly_AE_related_to_study_drug_including_high_level_terms_">
      <skipped message="Reason: On CRAN ('test-table_aet09.R:103:3')"/>
    </testcase>
  </testsuite>
  <testsuite name="table_aet09_smq" timestamp="2024-11-19T22:26:01Z" hostname="d0467e8a2d0d" tests="4" skipped="2" failures="0" errors="0" time="0.49">
    <testcase time="0.135000000000005" classname="table_aet09_smq" name="AET09_variant_1_AEs_related_to_study_drug_by_SMQ_is_produced_correctly"/>
    <testcase time="0.054000000000002" classname="table_aet09_smq" name="AET09_variant_1_AEs_related_to_study_drug_by_SMQ_is_produced_correctly">
      <skipped message="Reason: On CRAN ('test-table_aet09_smq.R:69:3')"/>
    </testcase>
    <testcase time="0.221999999999994" classname="table_aet09_smq" name="AET09_variant_2_AEs_related_to_study_drug_by_SMQ_with_customized_queries_is_produced_correctly"/>
    <testcase time="0.0790000000000077" classname="table_aet09_smq" name="AET09_variant_2_AEs_related_to_study_drug_by_SMQ_with_customized_queries_is_produced_correctly">
      <skipped message="Reason: On CRAN ('test-table_aet09_smq.R:128:5')"/>
    </testcase>
  </testsuite>
  <testsuite name="table_aet10" timestamp="2024-11-19T22:26:01Z" hostname="d0467e8a2d0d" tests="2" skipped="1" failures="0" errors="0" time="0.162">
    <testcase time="0.119" classname="table_aet10" name="AET10_default_variant_is_produced_correctly"/>
    <testcase time="0.0429999999999922" classname="table_aet10" name="AET10_default_variant_is_produced_correctly">
      <skipped message="Reason: On CRAN ('test-table_aet10.R:23:3')"/>
    </testcase>
  </testsuite>
  <testsuite name="table_aovt01" timestamp="2024-11-19T22:26:01Z" hostname="d0467e8a2d0d" tests="4" skipped="2" failures="0" errors="0" time="1.119">
    <testcase time="0.320999999999998" classname="table_aovt01" name="AOVT01_variant_with_single_endpoint_is_produced_correctly"/>
    <testcase time="0.0660000000000025" classname="table_aovt01" name="AOVT01_variant_with_single_endpoint_is_produced_correctly">
      <skipped message="Reason: On CRAN ('test-table_aovt01.R:33:3')"/>
    </testcase>
    <testcase time="0.567999999999998" classname="table_aovt01" name="AOVT01_variant_with_multiple_endpoints_is_produced_correctly"/>
    <testcase time="0.164000000000001" classname="table_aovt01" name="AOVT01_variant_with_multiple_endpoints_is_produced_correctly">
      <skipped message="Reason: On CRAN ('test-table_aovt01.R:52:3')"/>
    </testcase>
  </testsuite>
  <testsuite name="table_aovt02" timestamp="2024-11-19T22:26:03Z" hostname="d0467e8a2d0d" tests="2" skipped="1" failures="0" errors="0" time="0.383">
    <testcase time="0.306000000000012" classname="table_aovt02" name="AOVT02_is_produced_correctly"/>
    <testcase time="0.0769999999999982" classname="table_aovt02" name="AOVT02_is_produced_correctly">
      <skipped message="Reason: On CRAN ('test-table_aovt02.R:42:3')"/>
    </testcase>
  </testsuite>
  <testsuite name="table_aovt03" timestamp="2024-11-19T22:26:03Z" hostname="d0467e8a2d0d" tests="2" skipped="1" failures="0" errors="0" time="0.838">
    <testcase time="0.685000000000002" classname="table_aovt03" name="AOVT03_is_produced_correctly"/>
    <testcase time="0.152999999999992" classname="table_aovt03" name="AOVT03_is_produced_correctly">
      <skipped message="Reason: On CRAN ('test-table_aovt03.R:44:3')"/>
    </testcase>
  </testsuite>
  <testsuite name="table_cfbt01" timestamp="2024-11-19T22:26:04Z" hostname="d0467e8a2d0d" tests="2" skipped="1" failures="0" errors="0" time="0.644">
    <testcase time="0.448999999999998" classname="table_cfbt01" name="CFBT01_default_variant_is_produced_correctly"/>
    <testcase time="0.194999999999993" classname="table_cfbt01" name="CFBT01_default_variant_is_produced_correctly">
      <skipped message="Reason: On CRAN ('test-table_cfbt01.R:64:3')"/>
    </testcase>
  </testsuite>
  <testsuite name="table_cmht01" timestamp="2024-11-19T22:26:04Z" hostname="d0467e8a2d0d" tests="4" skipped="2" failures="0" errors="0" time="1.895">
    <testcase time="0.422000000000011" classname="table_cmht01" name="CMHT01_variant_1_is_produced_correctly"/>
    <testcase time="0.0689999999999884" classname="table_cmht01" name="CMHT01_variant_1_is_produced_correctly">
      <skipped message="Reason: On CRAN ('test-table_cmht01.R:58:3')"/>
    </testcase>
    <testcase time="0.954000000000008" classname="table_cmht01" name="CMHT01_variant_2_is_produced_correctly"/>
    <testcase time="0.450000000000003" classname="table_cmht01" name="CMHT01_variant_2_is_produced_correctly">
      <skipped message="Reason: On CRAN ('test-table_cmht01.R:122:3')"/>
    </testcase>
  </testsuite>
  <testsuite name="table_cmt01" timestamp="2024-11-19T22:26:06Z" hostname="d0467e8a2d0d" tests="8" skipped="4" failures="0" errors="0" time="3.418">
    <testcase time="0.581999999999994" classname="table_cmt01" name="CMT01_default_variant_Concomitant_medications_is_produced_correctly"/>
    <testcase time="0.254999999999995" classname="table_cmt01" name="CMT01_default_variant_Concomitant_medications_is_produced_correctly">
      <skipped message="Reason: On CRAN ('test-table_cmt01.R:36:3')"/>
    </testcase>
    <testcase time="0.655000000000001" classname="table_cmt01" name="CMT01_variant_1_prior_medications_is_produced_correctly"/>
    <testcase time="0.278000000000006" classname="table_cmt01" name="CMT01_variant_1_prior_medications_is_produced_correctly">
      <skipped message="Reason: On CRAN ('test-table_cmt01.R:71:3')"/>
    </testcase>
    <testcase time="0.552999999999997" classname="table_cmt01" name="CMT01_variant_3_Concomitant_medications_is_produced_correctly"/>
    <testcase time="0.221000000000004" classname="table_cmt01" name="CMT01_variant_3_Concomitant_medications_is_produced_correctly">
      <skipped message="Reason: On CRAN ('test-table_cmt01.R:104:3')"/>
    </testcase>
    <testcase time="0.599000000000004" classname="table_cmt01" name="CMT01_variant_4_Concomitant_medications_is_produced_correctly"/>
    <testcase time="0.274999999999991" classname="table_cmt01" name="CMT01_variant_4_Concomitant_medications_is_produced_correctly">
      <skipped message="Reason: On CRAN ('test-table_cmt01.R:135:3')"/>
    </testcase>
  </testsuite>
  <testsuite name="table_cmt01a" timestamp="2024-11-19T22:26:10Z" hostname="d0467e8a2d0d" tests="8" skipped="4" failures="0" errors="0" time="5.278">
    <testcase time="1.16200000000001" classname="table_cmt01a" name="CMT01A_variant_1_is_produced_correctly"/>
    <testcase time="0.241" classname="table_cmt01a" name="CMT01A_variant_1_is_produced_correctly">
      <skipped message="Reason: On CRAN ('test-table_cmt01a.R:59:3')"/>
    </testcase>
    <testcase time="1.04899999999999" classname="table_cmt01a" name="CMT01A_variant_2_is_produced_correctly"/>
    <testcase time="0.239000000000004" classname="table_cmt01a" name="CMT01A_variant_2_is_produced_correctly">
      <skipped message="Reason: On CRAN ('test-table_cmt01a.R:105:3')"/>
    </testcase>
    <testcase time="1.07900000000001" classname="table_cmt01a" name="CMT01A_variant_3_is_produced_correctly"/>
    <testcase time="0.245999999999995" classname="table_cmt01a" name="CMT01A_variant_3_is_produced_correctly">
      <skipped message="Reason: On CRAN ('test-table_cmt01a.R:148:3')"/>
    </testcase>
    <testcase time="1.042" classname="table_cmt01a" name="CMT01A_variant_4_is_produced_correctly"/>
    <testcase time="0.219999999999999" classname="table_cmt01a" name="CMT01A_variant_4_is_produced_correctly">
      <skipped message="Reason: On CRAN ('test-table_cmt01a.R:193:3')"/>
    </testcase>
  </testsuite>
  <testsuite name="table_cmt01b" timestamp="2024-11-19T22:26:15Z" hostname="d0467e8a2d0d" tests="6" skipped="3" failures="0" errors="0" time="5.342">
    <testcase time="1.542" classname="table_cmt01b" name="CMT01B_variant_1_is_produced_correctly"/>
    <testcase time="0.373999999999995" classname="table_cmt01b" name="CMT01B_variant_1_is_produced_correctly">
      <skipped message="Reason: On CRAN ('test-table_cmt01b.R:88:3')"/>
    </testcase>
    <testcase time="1.178" classname="table_cmt01b" name="CMT01B_variant_2_is_produced_correctly"/>
    <testcase time="0.302000000000007" classname="table_cmt01b" name="CMT01B_variant_2_is_produced_correctly">
      <skipped message="Reason: On CRAN ('test-table_cmt01b.R:146:3')"/>
    </testcase>
    <testcase time="1.54599999999999" classname="table_cmt01b" name="CMT01B_variant_4_is_produced_correctly"/>
    <testcase time="0.400000000000006" classname="table_cmt01b" name="CMT01B_variant_4_is_produced_correctly">
      <skipped message="Reason: On CRAN ('test-table_cmt01b.R:219:3')"/>
    </testcase>
  </testsuite>
  <testsuite name="table_cmt02_pt" timestamp="2024-11-19T22:26:20Z" hostname="d0467e8a2d0d" tests="2" skipped="1" failures="0" errors="0" time="0.613">
    <testcase time="0.438000000000002" classname="table_cmt02_pt" name="CMT02_PT_default_variant_is_produced_correctly"/>
    <testcase time="0.174999999999997" classname="table_cmt02_pt" name="CMT02_PT_default_variant_is_produced_correctly">
      <skipped message="Reason: On CRAN ('test-table_cmt02_pt.R:42:3')"/>
    </testcase>
  </testsuite>
  <testsuite name="table_coxt01" timestamp="2024-11-19T22:26:21Z" hostname="d0467e8a2d0d" tests="8" skipped="4" failures="0" errors="0" time="1.868">
    <testcase time="0.298000000000002" classname="table_coxt01" name="1._Cox_Regression"/>
    <testcase time="0.0759999999999934" classname="table_coxt01" name="1._Cox_Regression">
      <skipped message="Reason: On CRAN ('test-table_coxt01.R:31:3')"/>
    </testcase>
    <testcase time="0.388000000000005" classname="table_coxt01" name="2._Cox_Regression_with_Interaction_Term_"/>
    <testcase time="0.0930000000000035" classname="table_coxt01" name="2._Cox_Regression_with_Interaction_Term_">
      <skipped message="Reason: On CRAN ('test-table_coxt01.R:50:3')"/>
    </testcase>
    <testcase time="0.396999999999991" classname="table_coxt01" name="3._Cox_Regression_specifying_covariates_"/>
    <testcase time="0.108000000000004" classname="table_coxt01" name="3._Cox_Regression_specifying_covariates_">
      <skipped message="Reason: On CRAN ('test-table_coxt01.R:71:3')"/>
    </testcase>
    <testcase time="0.400999999999996" classname="table_coxt01" name="4._Cox_Regression_setting_strata_ties_and_alpha_level_"/>
    <testcase time="0.106999999999999" classname="table_coxt01" name="4._Cox_Regression_setting_strata_ties_and_alpha_level_">
      <skipped message="Reason: On CRAN ('test-table_coxt01.R:97:3')"/>
    </testcase>
  </testsuite>
  <testsuite name="table_coxt02" timestamp="2024-11-19T22:26:23Z" hostname="d0467e8a2d0d" tests="4" skipped="2" failures="0" errors="0" time="0.702">
    <testcase time="0.298000000000002" classname="table_coxt02" name="COXT02_default_variant_1_is_produced_correctly"/>
    <testcase time="0.0589999999999975" classname="table_coxt02" name="COXT02_default_variant_1_is_produced_correctly">
      <skipped message="Reason: On CRAN ('test-table_coxt02.R:30:3')"/>
    </testcase>
    <testcase time="0.281000000000006" classname="table_coxt02" name="COXT02_variant_5_is_produced_correctly"/>
    <testcase time="0.063999999999993" classname="table_coxt02" name="COXT02_variant_5_is_produced_correctly">
      <skipped message="Reason: On CRAN ('test-table_coxt02.R:48:3')"/>
    </testcase>
  </testsuite>
  <testsuite name="table_disclosures" timestamp="2024-11-19T22:26:23Z" hostname="d0467e8a2d0d" tests="12" skipped="6" failures="0" errors="0" time="2.042">
    <testcase time="0.201000000000008" classname="table_disclosures" name="Patient_Disposition_table_is_produced_correctly"/>
    <testcase time="0.0889999999999986" classname="table_disclosures" name="Patient_Disposition_table_is_produced_correctly">
      <skipped message="Reason: On CRAN ('test-table_disclosures.R:110:3')"/>
    </testcase>
    <testcase time="0.212999999999994" classname="table_disclosures" name="Demographic_table_is_produced_correctly"/>
    <testcase time="0.146000000000001" classname="table_disclosures" name="Demographic_table_is_produced_correctly">
      <skipped message="Reason: On CRAN ('test-table_disclosures.R:131:3')"/>
    </testcase>
    <testcase time="0.111999999999995" classname="table_disclosures" name="Enrollment_by_Country_Table_is_produced_correctly"/>
    <testcase time="0.0930000000000035" classname="table_disclosures" name="Enrollment_by_Country_Table_is_produced_correctly">
      <skipped message="Reason: On CRAN ('test-table_disclosures.R:143:3')"/>
    </testcase>
    <testcase time="0.102000000000004" classname="table_disclosures" name="Death_table_is_produced_correctly"/>
    <testcase time="0.0420000000000016" classname="table_disclosures" name="Death_table_is_produced_correctly">
      <skipped message="Reason: On CRAN ('test-table_disclosures.R:161:3')"/>
    </testcase>
    <testcase time="0.358999999999995" classname="table_disclosures" name="Table_of_Serious_Adverse_Events_is_produced_correctly_for_one_specific_treatment_arm_"/>
    <testcase time="0.106999999999999" classname="table_disclosures" name="Table_of_Serious_Adverse_Events_is_produced_correctly_for_one_specific_treatment_arm_">
      <skipped message="Reason: On CRAN ('test-table_disclosures.R:189:3')"/>
    </testcase>
    <testcase time="0.451000000000008" classname="table_disclosures" name="Table_of_Non_Serious_Adverse_Events_is_produced_correctly"/>
    <testcase time="0.126999999999995" classname="table_disclosures" name="Table_of_Non_Serious_Adverse_Events_is_produced_correctly">
      <skipped message="Reason: On CRAN ('test-table_disclosures.R:211:3')"/>
    </testcase>
  </testsuite>
  <testsuite name="table_dmt01" timestamp="2024-11-19T22:26:26Z" hostname="d0467e8a2d0d" tests="10" skipped="5" failures="0" errors="0" time="2.823">
    <testcase time="1.182" classname="table_dmt01" name="DMT01_variant_1_is_produced_correctly"/>
    <testcase time="0.379999999999995" classname="table_dmt01" name="DMT01_variant_1_is_produced_correctly">
      <skipped message="Reason: On CRAN ('test-table_dmt01.R:90:3')"/>
    </testcase>
    <testcase time="0.201999999999998" classname="table_dmt01" name="DMT01_variant_2_is_produced_correctly"/>
    <testcase time="0.13300000000001" classname="table_dmt01" name="DMT01_variant_2_is_produced_correctly">
      <skipped message="Reason: On CRAN ('test-table_dmt01.R:113:3')"/>
    </testcase>
    <testcase time="0.22999999999999" classname="table_dmt01" name="DMT01_variant_3_is_produced_correctly"/>
    <testcase time="0.143000000000001" classname="table_dmt01" name="DMT01_variant_3_is_produced_correctly">
      <skipped message="Reason: On CRAN ('test-table_dmt01.R:132:3')"/>
    </testcase>
    <testcase time="0.179000000000002" classname="table_dmt01" name="DMT01_variant_4_is_produced_correctly"/>
    <testcase time="0.116" classname="table_dmt01" name="DMT01_variant_4_is_produced_correctly">
      <skipped message="Reason: On CRAN ('test-table_dmt01.R:151:3')"/>
    </testcase>
    <testcase time="0.156000000000006" classname="table_dmt01" name="DMT01_variant_5_is_produced_correctly"/>
    <testcase time="0.10199999999999" classname="table_dmt01" name="DMT01_variant_5_is_produced_correctly">
      <skipped message="Reason: On CRAN ('test-table_dmt01.R:169:3')"/>
    </testcase>
  </testsuite>
  <testsuite name="table_dort01" timestamp="2024-11-19T22:26:28Z" hostname="d0467e8a2d0d" tests="8" skipped="4" failures="0" errors="0" time="1.347">
    <testcase time="0.265000000000001" classname="table_dort01" name="DORT01_variant_1_is_produced_correctly"/>
    <testcase time="0.0890000000000128" classname="table_dort01" name="DORT01_variant_1_is_produced_correctly">
      <skipped message="Reason: On CRAN ('test-table_dort01.R:78:3')"/>
    </testcase>
    <testcase time="0.267999999999986" classname="table_dort01" name="DORT01_variant_2_selecting_sectons_is_produced_correctly"/>
    <testcase time="0.0800000000000125" classname="table_dort01" name="DORT01_variant_2_selecting_sectons_is_produced_correctly">
      <skipped message="Reason: On CRAN ('test-table_dort01.R:134:3')"/>
    </testcase>
    <testcase time="0.239999999999995" classname="table_dort01" name="DORT01_variant_3_modifying_conftype_and_alpha_level_is_produced_correctly"/>
    <testcase time="0.0789999999999935" classname="table_dort01" name="DORT01_variant_3_modifying_conftype_and_alpha_level_is_produced_correctly">
      <skipped message="Reason: On CRAN ('test-table_dort01.R:190:3')"/>
    </testcase>
    <testcase time="0.239000000000004" classname="table_dort01" name="DORT01_variant_4_modifying_time_point_for_the_xx_duration_is_produced_correctly"/>
    <testcase time="0.0870000000000033" classname="table_dort01" name="DORT01_variant_4_modifying_time_point_for_the_xx_duration_is_produced_correctly">
      <skipped message="Reason: On CRAN ('test-table_dort01.R:244:3')"/>
    </testcase>
  </testsuite>
  <testsuite name="table_dst01" timestamp="2024-11-19T22:26:30Z" hostname="d0467e8a2d0d" tests="4" skipped="2" failures="0" errors="0" time="0.493">
    <testcase time="0.128999999999991" classname="table_dst01" name="DST01_default_variant_is_produced_correctly"/>
    <testcase time="0.0820000000000078" classname="table_dst01" name="DST01_default_variant_is_produced_correctly">
      <skipped message="Reason: On CRAN ('test-table_dst01.R:44:3')"/>
    </testcase>
    <testcase time="0.194999999999993" classname="table_dst01" name="DST01_variants_2_and_3_are_produced_correctly"/>
    <testcase time="0.0870000000000033" classname="table_dst01" name="DST01_variants_2_and_3_are_produced_correctly">
      <skipped message="Reason: On CRAN ('test-table_dst01.R:69:3')"/>
    </testcase>
  </testsuite>
  <testsuite name="table_dtht01" timestamp="2024-11-19T22:26:30Z" hostname="d0467e8a2d0d" tests="8" skipped="4" failures="0" errors="0" time="1.038">
    <testcase time="0.114000000000004" classname="table_dtht01" name="DTHT01_variant_1_is_produced_correctly"/>
    <testcase time="0.0649999999999977" classname="table_dtht01" name="DTHT01_variant_1_is_produced_correctly">
      <skipped message="Reason: On CRAN ('test-table_dtht01.R:23:3')"/>
    </testcase>
    <testcase time="0.23899999999999" classname="table_dtht01" name="DTHT01_variant_2_is_produced_correctly"/>
    <testcase time="0.13300000000001" classname="table_dtht01" name="DTHT01_variant_2_is_produced_correctly">
      <skipped message="Reason: On CRAN ('test-table_dtht01.R:60:3')"/>
    </testcase>
    <testcase time="0.155000000000001" classname="table_dtht01" name="DTHT01_variant_3_is_produced_correctly"/>
    <testcase time="0.0669999999999931" classname="table_dtht01" name="DTHT01_variant_3_is_produced_correctly">
      <skipped message="Reason: On CRAN ('test-table_dtht01.R:104:3')"/>
    </testcase>
    <testcase time="0.183999999999997" classname="table_dtht01" name="DTHT01_variant_4_is_produced_correctly"/>
    <testcase time="0.0810000000000031" classname="table_dtht01" name="DTHT01_variant_4_is_produced_correctly">
      <skipped message="Reason: On CRAN ('test-table_dtht01.R:158:3')"/>
    </testcase>
  </testsuite>
  <testsuite name="table_egt01" timestamp="2024-11-19T22:26:32Z" hostname="d0467e8a2d0d" tests="2" skipped="1" failures="0" errors="0" time="3.002">
    <testcase time="2.35000000000001" classname="table_egt01" name="EGT01_default_variant_is_produced_correctly"/>
    <testcase time="0.651999999999987" classname="table_egt01" name="EGT01_default_variant_is_produced_correctly">
      <skipped message="Reason: On CRAN ('test-table_egt01.R:54:3')"/>
    </testcase>
  </testsuite>
  <testsuite name="table_egt02" timestamp="2024-11-19T22:26:35Z" hostname="d0467e8a2d0d" tests="4" skipped="2" failures="0" errors="0" time="1.809">
    <testcase time="1.29600000000001" classname="table_egt02" name="_EGT02_1._Regardless_of_Abnormality_at_Baseline"/>
    <testcase time="0.0600000000000023" classname="table_egt02" name="_EGT02_1._Regardless_of_Abnormality_at_Baseline">
      <skipped message="Reason: On CRAN ('test-table_egt02.R:35:3')"/>
    </testcase>
    <testcase time="0.393999999999991" classname="table_egt02" name="_EGT02_2._Among_Subjects_Without_Abnormality_at_Baseline"/>
    <testcase time="0.0590000000000117" classname="table_egt02" name="_EGT02_2._Among_Subjects_Without_Abnormality_at_Baseline">
      <skipped message="Reason: On CRAN ('test-table_egt02.R:55:3')"/>
    </testcase>
  </testsuite>
  <testsuite name="table_egt03" timestamp="2024-11-19T22:26:36Z" hostname="d0467e8a2d0d" tests="8" skipped="4" failures="0" errors="0" time="1.104">
    <testcase time="0.202999999999989" classname="table_egt03" name="EGT03_variant_1_is_produced_correctly"/>
    <testcase time="0.097999999999999" classname="table_egt03" name="EGT03_variant_1_is_produced_correctly">
      <skipped message="Reason: On CRAN ('test-table_egt03.R:58:3')"/>
    </testcase>
    <testcase time="0.14500000000001" classname="table_egt03" name="EGT03_variant_2_is_produced_correctly"/>
    <testcase time="0.0750000000000028" classname="table_egt03" name="EGT03_variant_2_is_produced_correctly">
      <skipped message="Reason: On CRAN ('test-table_egt03.R:73:3')"/>
    </testcase>
    <testcase time="0.194999999999993" classname="table_egt03" name="EGT03_variant_3_is_produced_correctly"/>
    <testcase time="0.0990000000000038" classname="table_egt03" name="EGT03_variant_3_is_produced_correctly">
      <skipped message="Reason: On CRAN ('test-table_egt03.R:99:3')"/>
    </testcase>
    <testcase time="0.188999999999993" classname="table_egt03" name="EGT03_variant_4_is_produced_correctly"/>
    <testcase time="0.100000000000009" classname="table_egt03" name="EGT03_variant_4_is_produced_correctly">
      <skipped message="Reason: On CRAN ('test-table_egt03.R:124:3')"/>
    </testcase>
  </testsuite>
  <testsuite name="table_egt04" timestamp="2024-11-19T22:26:38Z" hostname="d0467e8a2d0d" tests="2" skipped="1" failures="0" errors="0" time="1.445">
    <testcase time="1.375" classname="table_egt04" name="EGT04_default_variant_is_produced_correctly"/>
    <testcase time="0.0699999999999932" classname="table_egt04" name="EGT04_default_variant_is_produced_correctly">
      <skipped message="Reason: On CRAN ('test-table_egt04.R:60:3')"/>
    </testcase>
  </testsuite>
  <testsuite name="table_egt05_qtcat" timestamp="2024-11-19T22:26:40Z" hostname="d0467e8a2d0d" tests="2" skipped="1" failures="0" errors="0" time="1.838">
    <testcase time="1.595" classname="table_egt05_qtcat" name="EGT05_QTCAT_default_variant_is_produced_correctly"/>
    <testcase time="0.243000000000009" classname="table_egt05_qtcat" name="EGT05_QTCAT_default_variant_is_produced_correctly">
      <skipped message="Reason: On CRAN ('test-table_egt05_qtcat.R:88:3')"/>
    </testcase>
  </testsuite>
  <testsuite name="table_ent" timestamp="2024-11-19T22:26:40Z" hostname="d0467e8a2d0d" tests="8" skipped="4" failures="0" errors="0" time="12.605">
    <testcase time="3.09399999999999" classname="table_ent" name="ENT01_IT_is_produced_correctly"/>
    <testcase time="0.522000000000006" classname="table_ent" name="ENT01_IT_is_produced_correctly">
      <skipped message="Reason: On CRAN ('test-table_ent.R:24:3')"/>
    </testcase>
    <testcase time="2.11499999999999" classname="table_ent" name="ENT01a_IT_is_produced_correctly"/>
    <testcase time="0.510000000000005" classname="table_ent" name="ENT01a_IT_is_produced_correctly">
      <skipped message="Reason: On CRAN ('test-table_ent.R:40:3')"/>
    </testcase>
    <testcase time="3.38500000000001" classname="table_ent" name="ENT02_IT_is_produced_correctly"/>
    <testcase time="0.513999999999996" classname="table_ent" name="ENT02_IT_is_produced_correctly">
      <skipped message="Reason: On CRAN ('test-table_ent.R:61:3')"/>
    </testcase>
    <testcase time="1.985" classname="table_ent" name="ENT02a_IT_is_produced_correctly"/>
    <testcase time="0.480000000000004" classname="table_ent" name="ENT02a_IT_is_produced_correctly">
      <skipped message="Reason: On CRAN ('test-table_ent.R:79:3')"/>
    </testcase>
  </testsuite>
  <testsuite name="table_eudrat01" timestamp="2024-11-19T22:26:53Z" hostname="d0467e8a2d0d" tests="2" skipped="1" failures="0" errors="0" time="0.543">
    <testcase time="0.435000000000002" classname="table_eudrat01" name="EUDRAT01_is_produced_correctly"/>
    <testcase time="0.108000000000004" classname="table_eudrat01" name="EUDRAT01_is_produced_correctly">
      <skipped message="Reason: On CRAN ('test-table_eudrat01.R:77:3')"/>
    </testcase>
  </testsuite>
  <testsuite name="table_eudrat02" timestamp="2024-11-19T22:26:54Z" hostname="d0467e8a2d0d" tests="2" skipped="1" failures="0" errors="0" time="0.441">
    <testcase time="0.35499999999999" classname="table_eudrat02" name="EUDRAT02_is_produced_correctly"/>
    <testcase time="0.0859999999999985" classname="table_eudrat02" name="EUDRAT02_is_produced_correctly">
      <skipped message="Reason: On CRAN ('test-table_eudrat02.R:44:3')"/>
    </testcase>
  </testsuite>
  <testsuite name="table_ext01" timestamp="2024-11-19T22:26:54Z" hostname="d0467e8a2d0d" tests="6" skipped="3" failures="0" errors="0" time="1.428">
    <testcase time="0.347000000000008" classname="table_ext01" name="EXT01_default_variant_with_numeric_parameters_is_produced_correctly"/>
    <testcase time="0.132999999999996" classname="table_ext01" name="EXT01_default_variant_with_numeric_parameters_is_produced_correctly">
      <skipped message="Reason: On CRAN ('test-table_ext01.R:85:3')"/>
    </testcase>
    <testcase time="0.251999999999995" classname="table_ext01" name="EXT01_variant_with_both_numeric_and_categorical_parameters"/>
    <testcase time="0.176000000000002" classname="table_ext01" name="EXT01_variant_with_both_numeric_and_categorical_parameters">
      <skipped message="Reason: On CRAN ('test-table_ext01.R:129:3')"/>
    </testcase>
    <testcase time="0.305000000000007" classname="table_ext01" name="EXT01_variant_with_user_specified_categories_for_missed_doses"/>
    <testcase time="0.215000000000003" classname="table_ext01" name="EXT01_variant_with_user_specified_categories_for_missed_doses">
      <skipped message="Reason: On CRAN ('test-table_ext01.R:178:3')"/>
    </testcase>
  </testsuite>
  <testsuite name="table_lbt01" timestamp="2024-11-19T22:26:56Z" hostname="d0467e8a2d0d" tests="2" skipped="1" failures="0" errors="0" time="1.907">
    <testcase time="1.443" classname="table_lbt01" name="LBT01_default_variant_is_produced_correctly"/>
    <testcase time="0.463999999999999" classname="table_lbt01" name="LBT01_default_variant_is_produced_correctly">
      <skipped message="Reason: On CRAN ('test-table_lbt01.R:55:3')"/>
    </testcase>
  </testsuite>
  <testsuite name="table_lbt02" timestamp="2024-11-19T22:26:57Z" hostname="d0467e8a2d0d" tests="2" skipped="1" failures="0" errors="0" time="1.216">
    <testcase time="0.756999999999991" classname="table_lbt02" name="LBT02_default_variant_is_produced_correctly"/>
    <testcase time="0.459000000000003" classname="table_lbt02" name="LBT02_default_variant_is_produced_correctly">
      <skipped message="Reason: On CRAN ('test-table_lbt02.R:18:3')"/>
    </testcase>
  </testsuite>
  <testsuite name="table_lbt03" timestamp="2024-11-19T22:26:59Z" hostname="d0467e8a2d0d" tests="2" skipped="1" failures="0" errors="0" time="0.232">
    <testcase time="0.156000000000006" classname="table_lbt03" name="LBT03_default_variant_is_produced_correctly"/>
    <testcase time="0.0759999999999934" classname="table_lbt03" name="LBT03_default_variant_is_produced_correctly">
      <skipped message="Reason: On CRAN ('test-table_lbt03.R:29:3')"/>
    </testcase>
  </testsuite>
  <testsuite name="table_lbt04" timestamp="2024-11-19T22:26:59Z" hostname="d0467e8a2d0d" tests="2" skipped="1" failures="0" errors="0" time="1.216">
    <testcase time="1.03700000000001" classname="table_lbt04" name="LBT04_default_variant_is_produced_correctly"/>
    <testcase time="0.179000000000002" classname="table_lbt04" name="LBT04_default_variant_is_produced_correctly">
      <skipped message="Reason: On CRAN ('test-table_lbt04.R:34:3')"/>
    </testcase>
  </testsuite>
  <testsuite name="table_lbt05" timestamp="2024-11-19T22:27:01Z" hostname="d0467e8a2d0d" tests="6" skipped="3" failures="0" errors="0" time="6.363">
    <testcase time="2.023" classname="table_lbt05" name="LBT05_variant_1_is_produced_correctly"/>
    <testcase time="0.361999999999995" classname="table_lbt05" name="LBT05_variant_1_is_produced_correctly">
      <skipped message="Reason: On CRAN ('test-table_lbt05.R:85:3')"/>
    </testcase>
    <testcase time="1.40200000000002" classname="table_lbt05" name="LBT05_variant_2_is_produced_correctly"/>
    <testcase time="0.483000000000004" classname="table_lbt05" name="LBT05_variant_2_is_produced_correctly">
      <skipped message="Reason: On CRAN ('test-table_lbt05.R:107:3')"/>
    </testcase>
    <testcase time="1.732" classname="table_lbt05" name="LBT05_variant_4_is_produced_correctly"/>
    <testcase time="0.36099999999999" classname="table_lbt05" name="LBT05_variant_4_is_produced_correctly">
      <skipped message="Reason: On CRAN ('test-table_lbt05.R:131:3')"/>
    </testcase>
  </testsuite>
  <testsuite name="table_lbt06" timestamp="2024-11-19T22:27:06Z" hostname="d0467e8a2d0d" tests="2" skipped="1" failures="0" errors="0" time="0.518">
    <testcase time="0.341999999999985" classname="table_lbt06" name="LBT06_default_variant_is_produced_correctly"/>
    <testcase time="0.176000000000016" classname="table_lbt06" name="LBT06_default_variant_is_produced_correctly">
      <skipped message="Reason: On CRAN ('test-table_lbt06.R:32:3')"/>
    </testcase>
  </testsuite>
  <testsuite name="table_lbt07" timestamp="2024-11-19T22:27:07Z" hostname="d0467e8a2d0d" tests="2" skipped="1" failures="0" errors="0" time="2.373">
    <testcase time="2.078" classname="table_lbt07" name="LBT07_is_produced_correctly"/>
    <testcase time="0.294999999999987" classname="table_lbt07" name="LBT07_is_produced_correctly">
      <skipped message="Reason: On CRAN ('test-table_lbt07.R:87:3')"/>
    </testcase>
  </testsuite>
  <testsuite name="table_lbt08" timestamp="2024-11-19T22:27:09Z" hostname="d0467e8a2d0d" tests="2" skipped="1" failures="0" errors="0" time="0.367">
    <testcase time="0.271000000000015" classname="table_lbt08" name="LBT08_produce_correctly"/>
    <testcase time="0.0959999999999752" classname="table_lbt08" name="LBT08_produce_correctly">
      <skipped message="Reason: On CRAN ('test-table_lbt08.R:43:3')"/>
    </testcase>
  </testsuite>
  <testsuite name="table_lbt09" timestamp="2024-11-19T22:27:10Z" hostname="d0467e8a2d0d" tests="4" skipped="2" failures="0" errors="0" time="0.945">
    <testcase time="0.319000000000017" classname="table_lbt09" name="LBT09_variant_1_works_as_expected"/>
    <testcase time="0.152999999999992" classname="table_lbt09" name="LBT09_variant_1_works_as_expected">
      <skipped message="Reason: On CRAN ('test-table_lbt09.R:100:3')"/>
    </testcase>
    <testcase time="0.316000000000003" classname="table_lbt09" name="LBT09_variant_2_works_as_expected"/>
    <testcase time="0.157000000000011" classname="table_lbt09" name="LBT09_variant_2_works_as_expected">
      <skipped message="Reason: On CRAN ('test-table_lbt09.R:131:3')"/>
    </testcase>
  </testsuite>
  <testsuite name="table_lbt10" timestamp="2024-11-19T22:27:11Z" hostname="d0467e8a2d0d" tests="4" skipped="2" failures="0" errors="0" time="1.211">
    <testcase time="0.703000000000003" classname="table_lbt10" name="LBT10_variant_1_works_as_expected"/>
    <testcase time="0.0550000000000068" classname="table_lbt10" name="LBT10_variant_1_works_as_expected">
      <skipped message="Reason: On CRAN ('test-table_lbt10.R:86:3')"/>
    </testcase>
    <testcase time="0.397999999999996" classname="table_lbt10" name="LBT10_variant_2_works_as_expected"/>
    <testcase time="0.0550000000000068" classname="table_lbt10" name="LBT10_variant_2_works_as_expected">
      <skipped message="Reason: On CRAN ('test-table_lbt10.R:110:3')"/>
    </testcase>
  </testsuite>
  <testsuite name="table_lbt10_bl" timestamp="2024-11-19T22:27:12Z" hostname="d0467e8a2d0d" tests="4" skipped="2" failures="0" errors="0" time="0.481">
    <testcase time="0.247000000000014" classname="table_lbt10_bl" name="LBT10_BL_variant_1_works_as_expected"/>
    <testcase time="0.0549999999999784" classname="table_lbt10_bl" name="LBT10_BL_variant_1_works_as_expected">
      <skipped message="Reason: On CRAN ('test-table_lbt10_bl.R:45:3')"/>
    </testcase>
    <testcase time="0.119" classname="table_lbt10_bl" name="LBT10_BL_variant_2_works_as_expected"/>
    <testcase time="0.0600000000000023" classname="table_lbt10_bl" name="LBT10_BL_variant_2_works_as_expected">
      <skipped message="Reason: On CRAN ('test-table_lbt10_bl.R:69:3')"/>
    </testcase>
  </testsuite>
  <testsuite name="table_lbt11" timestamp="2024-11-19T22:27:12Z" hostname="d0467e8a2d0d" tests="6" skipped="3" failures="0" errors="0" time="0.697">
    <testcase time="0.177999999999997" classname="table_lbt11" name="LBT11_variant_1_works_as_expected"/>
    <testcase time="0.0980000000000132" classname="table_lbt11" name="LBT11_variant_1_works_as_expected">
      <skipped message="Reason: On CRAN ('test-table_lbt11.R:85:3')"/>
    </testcase>
    <testcase time="0.0929999999999893" classname="table_lbt11" name="LBT11_variant_2_works_as_expected"/>
    <testcase time="0.063999999999993" classname="table_lbt11" name="LBT11_variant_2_works_as_expected">
      <skipped message="Reason: On CRAN ('test-table_lbt11.R:102:3')"/>
    </testcase>
    <testcase time="0.172000000000025" classname="table_lbt11" name="LBT11_variant_3_works_as_expected"/>
    <testcase time="0.0919999999999845" classname="table_lbt11" name="LBT11_variant_3_works_as_expected">
      <skipped message="Reason: On CRAN ('test-table_lbt11.R:135:3')"/>
    </testcase>
  </testsuite>
  <testsuite name="table_lbt11_bl" timestamp="2024-11-19T22:27:13Z" hostname="d0467e8a2d0d" tests="6" skipped="3" failures="0" errors="0" time="0.808">
    <testcase time="0.212999999999994" classname="table_lbt11_bl" name="LBT11_BL_variant_1_works_as_expected"/>
    <testcase time="0.099000000000018" classname="table_lbt11_bl" name="LBT11_BL_variant_1_works_as_expected">
      <skipped message="Reason: On CRAN ('test-table_lbt11_bl.R:60:3')"/>
    </testcase>
    <testcase time="0.105999999999995" classname="table_lbt11_bl" name="LBT11_BL_variant_2_works_as_expected"/>
    <testcase time="0.063999999999993" classname="table_lbt11_bl" name="LBT11_BL_variant_2_works_as_expected">
      <skipped message="Reason: On CRAN ('test-table_lbt11_bl.R:77:3')"/>
    </testcase>
    <testcase time="0.212000000000018" classname="table_lbt11_bl" name="LBT11_BL_variant_3_works_as_expected"/>
    <testcase time="0.113999999999976" classname="table_lbt11_bl" name="LBT11_BL_variant_3_works_as_expected">
      <skipped message="Reason: On CRAN ('test-table_lbt11_bl.R:110:3')"/>
    </testcase>
  </testsuite>
  <testsuite name="table_lbt12" timestamp="2024-11-19T22:27:14Z" hostname="d0467e8a2d0d" tests="2" skipped="1" failures="0" errors="0" time="0.368">
    <testcase time="0.299000000000007" classname="table_lbt12" name="LBT12_works_as_expected"/>
    <testcase time="0.0690000000000168" classname="table_lbt12" name="LBT12_works_as_expected">
      <skipped message="Reason: On CRAN ('test-table_lbt12.R:64:3')"/>
    </testcase>
  </testsuite>
  <testsuite name="table_lbt12_bl" timestamp="2024-11-19T22:27:14Z" hostname="d0467e8a2d0d" tests="2" skipped="1" failures="0" errors="0" time="0.363">
    <testcase time="0.287999999999982" classname="table_lbt12_bl" name="LBT12_BL_works_as_expected"/>
    <testcase time="0.0750000000000171" classname="table_lbt12_bl" name="LBT12_BL_works_as_expected">
      <skipped message="Reason: On CRAN ('test-table_lbt12_bl.R:64:3')"/>
    </testcase>
  </testsuite>
  <testsuite name="table_lbt13" timestamp="2024-11-19T22:27:15Z" hostname="d0467e8a2d0d" tests="10" skipped="5" failures="0" errors="0" time="2.31">
    <testcase time="0.836999999999989" classname="table_lbt13" name="LBT13_variant_1_LOW_works_as_expected"/>
    <testcase time="0.0759999999999934" classname="table_lbt13" name="LBT13_variant_1_LOW_works_as_expected">
      <skipped message="Reason: On CRAN ('test-table_lbt13.R:79:3')"/>
    </testcase>
    <testcase time="0.152999999999992" classname="table_lbt13" name="LBT13_variant_2_HIGH_works_as_expected"/>
    <testcase time="0.0560000000000116" classname="table_lbt13" name="LBT13_variant_2_HIGH_works_as_expected">
      <skipped message="Reason: On CRAN ('test-table_lbt13.R:151:3')"/>
    </testcase>
    <testcase time="0.253999999999991" classname="table_lbt13" name="LBT13_variant_3_LOW_without_baseline_missing_works_as_expected"/>
    <testcase time="0.0720000000000027" classname="table_lbt13" name="LBT13_variant_3_LOW_without_baseline_missing_works_as_expected">
      <skipped message="Reason: On CRAN ('test-table_lbt13.R:223:3')"/>
    </testcase>
    <testcase time="0.16500000000002" classname="table_lbt13" name="LBT13_variant_4_HIGH_with_missing_baseline_considered_as_grade_0_works_as_expected"/>
    <testcase time="0.0480000000000018" classname="table_lbt13" name="LBT13_variant_4_HIGH_with_missing_baseline_considered_as_grade_0_works_as_expected">
      <skipped message="Reason: On CRAN ('test-table_lbt13.R:294:3')"/>
    </testcase>
    <testcase time="0.438999999999993" classname="table_lbt13" name="LBT14_variant_5_HIGH_with_filled_in_grades_works_as_expected"/>
    <testcase time="0.20999999999998" classname="table_lbt13" name="LBT14_variant_5_HIGH_with_filled_in_grades_works_as_expected">
      <skipped message="Reason: On CRAN ('test-table_lbt13.R:368:3')"/>
    </testcase>
  </testsuite>
  <testsuite name="table_lbt14" timestamp="2024-11-19T22:27:17Z" hostname="d0467e8a2d0d" tests="10" skipped="5" failures="0" errors="0" time="27.272">
    <testcase time="5.834" classname="table_lbt14" name="LBT14_variant_1_HIGH_works_as_expected"/>
    <testcase time="0.400000000000006" classname="table_lbt14" name="LBT14_variant_1_HIGH_works_as_expected">
      <skipped message="Reason: On CRAN ('test-table_lbt14.R:64:3')"/>
    </testcase>
    <testcase time="4.71700000000001" classname="table_lbt14" name="LBT14_variant_2_LOW_works_as_expected"/>
    <testcase time="0.276999999999987" classname="table_lbt14" name="LBT14_variant_2_LOW_works_as_expected">
      <skipped message="Reason: On CRAN ('test-table_lbt14.R:117:3')"/>
    </testcase>
    <testcase time="3.11700000000002" classname="table_lbt14" name="LBT14_variant_3_LOW_without_baseline_missing_works_as_expected"/>
    <testcase time="0.356999999999999" classname="table_lbt14" name="LBT14_variant_3_LOW_without_baseline_missing_works_as_expected">
      <skipped message="Reason: On CRAN ('test-table_lbt14.R:170:3')"/>
    </testcase>
    <testcase time="4.565" classname="table_lbt14" name="LBT14_variant_4_LOW_and_force_1_missing_both_baseline_and_post_baseline_then_force_the_missing_baseline_as_0_as_expected"/>
    <testcase time="0.22999999999999" classname="table_lbt14" name="LBT14_variant_4_LOW_and_force_1_missing_both_baseline_and_post_baseline_then_force_the_missing_baseline_as_0_as_expected">
      <skipped message="Reason: On CRAN ('test-table_lbt14.R:222:3')"/>
    </testcase>
    <testcase time="5.04499999999999" classname="table_lbt14" name="LBT14_variant_5_HIGH_with_fillings_works_as_expected"/>
    <testcase time="2.73000000000002" classname="table_lbt14" name="LBT14_variant_5_HIGH_with_fillings_works_as_expected">
      <skipped message="Reason: On CRAN ('test-table_lbt14.R:274:3')"/>
    </testcase>
  </testsuite>
  <testsuite name="table_lbt15" timestamp="2024-11-19T22:27:44Z" hostname="d0467e8a2d0d" tests="4" skipped="2" failures="0" errors="0" time="1.502">
    <testcase time="0.61699999999999" classname="table_lbt15" name="LBT15_variant_1_works_as_expected"/>
    <testcase time="0.164999999999992" classname="table_lbt15" name="LBT15_variant_1_works_as_expected">
      <skipped message="Reason: On CRAN ('test-table_lbt15.R:82:3')"/>
    </testcase>
    <testcase time="0.531000000000006" classname="table_lbt15" name="LBT15_variant_2_works_as_expected"/>
    <testcase time="0.188999999999993" classname="table_lbt15" name="LBT15_variant_2_works_as_expected">
      <skipped message="Reason: On CRAN ('test-table_lbt15.R:89:3')"/>
    </testcase>
  </testsuite>
  <testsuite name="table_lgrt02" timestamp="2024-11-19T22:27:46Z" hostname="d0467e8a2d0d" tests="8" skipped="4" failures="0" errors="0" time="2.86">
    <testcase time="0.756" classname="table_lgrt02" name="LGRT02_without_interaction_term_is_produced_correctly"/>
    <testcase time="0.128000000000014" classname="table_lgrt02" name="LGRT02_without_interaction_term_is_produced_correctly">
      <skipped message="Reason: On CRAN ('test-table_lgrt02.R:52:3')"/>
    </testcase>
    <testcase time="0.546999999999997" classname="table_lgrt02" name="LGRT02_with_categorical_interaction_is_produced_correctly"/>
    <testcase time="0.147999999999996" classname="table_lgrt02" name="LGRT02_with_categorical_interaction_is_produced_correctly">
      <skipped message="Reason: On CRAN ('test-table_lgrt02.R:78:3')"/>
    </testcase>
    <testcase time="0.537000000000006" classname="table_lgrt02" name="LGRT02_with_continuous_interaction_is_produced_correctly"/>
    <testcase time="0.147999999999996" classname="table_lgrt02" name="LGRT02_with_continuous_interaction_is_produced_correctly">
      <skipped message="Reason: On CRAN ('test-table_lgrt02.R:104:3')"/>
    </testcase>
    <testcase time="0.477000000000004" classname="table_lgrt02" name="LGRT02_with_setting_values_indicating_an_event_and_custom_alpha_level_is_produced_correctly"/>
    <testcase time="0.119" classname="table_lgrt02" name="LGRT02_with_setting_values_indicating_an_event_and_custom_alpha_level_is_produced_correctly">
      <skipped message="Reason: On CRAN ('test-table_lgrt02.R:130:3')"/>
    </testcase>
  </testsuite>
  <testsuite name="table_mht01" timestamp="2024-11-19T22:27:48Z" hostname="d0467e8a2d0d" tests="8" skipped="4" failures="0" errors="0" time="1.376">
    <testcase time="0.302999999999997" classname="table_mht01" name="MHT01_variant_1_is_produced_accurately"/>
    <testcase time="0.11099999999999" classname="table_mht01" name="MHT01_variant_1_is_produced_accurately">
      <skipped message="Reason: On CRAN ('test-table_mht01.R:49:3')"/>
    </testcase>
    <testcase time="0.102000000000004" classname="table_mht01" name="MHT01_variant_2_is_produced_accurately"/>
    <testcase time="0.0600000000000023" classname="table_mht01" name="MHT01_variant_2_is_produced_accurately">
      <skipped message="Reason: On CRAN ('test-table_mht01.R:60:3')"/>
    </testcase>
    <testcase time="0.251000000000005" classname="table_mht01" name="MHT01_variant_3_is_produced_accurately"/>
    <testcase time="0.0960000000000036" classname="table_mht01" name="MHT01_variant_3_is_produced_accurately">
      <skipped message="Reason: On CRAN ('test-table_mht01.R:92:3')"/>
    </testcase>
    <testcase time="0.329000000000008" classname="table_mht01" name="MHT01_variant_5_is_produced_accurately"/>
    <testcase time="0.123999999999995" classname="table_mht01" name="MHT01_variant_5_is_produced_accurately">
      <skipped message="Reason: On CRAN ('test-table_mht01.R:130:3')"/>
    </testcase>
  </testsuite>
  <testsuite name="table_onct05" timestamp="2024-11-19T22:27:50Z" hostname="d0467e8a2d0d" tests="8" skipped="4" failures="0" errors="0" time="1.827">
    <testcase time="0.420999999999992" classname="table_onct05" name="ONCT05_variant_1_Objective_Response_Rate_by_Subgroup_is_produced_correctly"/>
    <testcase time="0.092000000000013" classname="table_onct05" name="ONCT05_variant_1_Objective_Response_Rate_by_Subgroup_is_produced_correctly">
      <skipped message="Reason: On CRAN ('test-table_onct05.R:33:3')"/>
    </testcase>
    <testcase time="0.438999999999993" classname="table_onct05" name="ONCT05_variant_2_Specifying_class_variables_is_produced_correctly"/>
    <testcase time="0.10499999999999" classname="table_onct05" name="ONCT05_variant_2_Specifying_class_variables_is_produced_correctly">
      <skipped message="Reason: On CRAN ('test-table_onct05.R:57:3')"/>
    </testcase>
    <testcase time="0.191000000000003" classname="table_onct05" name="ONCT05_variant_3_selecting_columns_and_changing_the_alpha_level_is_produced_correctly"/>
    <testcase time="0.0730000000000075" classname="table_onct05" name="ONCT05_variant_3_selecting_columns_and_changing_the_alpha_level_is_produced_correctly">
      <skipped message="Reason: On CRAN ('test-table_onct05.R:75:3')"/>
    </testcase>
    <testcase time="0.413000000000011" classname="table_onct05" name="ONCT05_variant_4_setting_values_indicating_response_is_produced_correctly"/>
    <testcase time="0.0929999999999893" classname="table_onct05" name="ONCT05_variant_4_setting_values_indicating_response_is_produced_correctly">
      <skipped message="Reason: On CRAN ('test-table_onct05.R:96:3')"/>
    </testcase>
  </testsuite>
  <testsuite name="table_pdt01" timestamp="2024-11-19T22:27:52Z" hostname="d0467e8a2d0d" tests="2" skipped="1" failures="0" errors="0" time="0.379">
    <testcase time="0.246999999999986" classname="table_pdt01" name="PDT01_is_produced_correctly"/>
    <testcase time="0.132000000000005" classname="table_pdt01" name="PDT01_is_produced_correctly">
      <skipped message="Reason: On CRAN ('test-table_pdt01.R:40:3')"/>
    </testcase>
  </testsuite>
  <testsuite name="table_pdt02" timestamp="2024-11-19T22:27:52Z" hostname="d0467e8a2d0d" tests="2" skipped="1" failures="0" errors="0" time="0.207">
    <testcase time="0.150000000000006" classname="table_pdt02" name="PDT02_is_produced_correctly"/>
    <testcase time="0.0569999999999879" classname="table_pdt02" name="PDT02_is_produced_correctly">
      <skipped message="Reason: On CRAN ('test-table_pdt02.R:43:3')"/>
    </testcase>
  </testsuite>
  <testsuite name="table_pkct01" timestamp="2024-11-19T22:27:52Z" hostname="d0467e8a2d0d" tests="4" skipped="2" failures="0" errors="0" time="1.375">
    <testcase time="0.26400000000001" classname="table_pkct01" name="PKCT01_is_produced_correctly"/>
    <testcase time="0.0769999999999982" classname="table_pkct01" name="PKCT01_is_produced_correctly">
      <skipped message="Reason: On CRAN ('test-table_pkct01.R:18:3')"/>
    </testcase>
    <testcase time="0.841000000000008" classname="table_pkct01" name="Specific_PKCT01_features_are_present"/>
    <testcase time="0.192999999999984" classname="table_pkct01" name="Specific_PKCT01_features_are_present">
      <skipped message="Reason: On CRAN ('test-table_pkct01.R:120:3')"/>
    </testcase>
  </testsuite>
  <testsuite name="table_pkpt02" timestamp="2024-11-19T22:27:54Z" hostname="d0467e8a2d0d" tests="2" skipped="1" failures="0" errors="0" time="0.5">
    <testcase time="0.297000000000025" classname="table_pkpt02" name="PKPT02_is_produced_correctly_for_Drug_X"/>
    <testcase time="0.202999999999975" classname="table_pkpt02" name="PKPT02_is_produced_correctly_for_Drug_X">
      <skipped message="Reason: On CRAN ('test-table_pkpt02.R:44:3')"/>
    </testcase>
  </testsuite>
  <testsuite name="table_pkpt03" timestamp="2024-11-19T22:27:54Z" hostname="d0467e8a2d0d" tests="2" skipped="1" failures="0" errors="0" time="1.027">
    <testcase time="0.867000000000019" classname="table_pkpt03" name="PKPT03_Drug_X_is_produced_correctly"/>
    <testcase time="0.159999999999997" classname="table_pkpt03" name="PKPT03_Drug_X_is_produced_correctly">
      <skipped message="Reason: On CRAN ('test-table_pkpt03.R:69:3')"/>
    </testcase>
  </testsuite>
  <testsuite name="table_pkpt04" timestamp="2024-11-19T22:27:55Z" hostname="d0467e8a2d0d" tests="2" skipped="1" failures="0" errors="0" time="0.179">
    <testcase time="0.111999999999995" classname="table_pkpt04" name="PKPT04_is_produced_correctly_for_Drug_X"/>
    <testcase time="0.0670000000000073" classname="table_pkpt04" name="PKPT04_is_produced_correctly_for_Drug_X">
      <skipped message="Reason: On CRAN ('test-table_pkpt04.R:42:3')"/>
    </testcase>
  </testsuite>
  <testsuite name="table_pkpt05" timestamp="2024-11-19T22:27:55Z" hostname="d0467e8a2d0d" tests="2" skipped="1" failures="0" errors="0" time="0.382">
    <testcase time="0.275000000000006" classname="table_pkpt05" name="PKPT05_Drug_X_is_produced_correctly"/>
    <testcase time="0.106999999999999" classname="table_pkpt05" name="PKPT05_Drug_X_is_produced_correctly">
      <skipped message="Reason: On CRAN ('test-table_pkpt05.R:66:3')"/>
    </testcase>
  </testsuite>
  <testsuite name="table_pkpt06" timestamp="2024-11-19T22:27:56Z" hostname="d0467e8a2d0d" tests="4" skipped="2" failures="0" errors="0" time="0.243">
    <testcase time="0.0909999999999798" classname="table_pkpt06" name="PKPT06_is_produced_correctly_for_Drug_X"/>
    <testcase time="0.0460000000000207" classname="table_pkpt06" name="PKPT06_is_produced_correctly_for_Drug_X">
      <skipped message="Reason: On CRAN ('test-table_pkpt06.R:48:3')"/>
    </testcase>
    <testcase time="0.0669999999999789" classname="table_pkpt06" name="PKPT06_is_produced_correctly_for_Drug_Y"/>
    <testcase time="0.0390000000000157" classname="table_pkpt06" name="PKPT06_is_produced_correctly_for_Drug_Y">
      <skipped message="Reason: On CRAN ('test-table_pkpt06.R:61:3')"/>
    </testcase>
  </testsuite>
  <testsuite name="table_pkpt07" timestamp="2024-11-19T22:27:56Z" hostname="d0467e8a2d0d" tests="4" skipped="2" failures="0" errors="0" time="0.487">
    <testcase time="0.213999999999999" classname="table_pkpt07" name="PKPT07_Drug_X_is_produced_correctly"/>
    <testcase time="0.0769999999999982" classname="table_pkpt07" name="PKPT07_Drug_X_is_produced_correctly">
      <skipped message="Reason: On CRAN ('test-table_pkpt07.R:73:3')"/>
    </testcase>
    <testcase time="0.115999999999985" classname="table_pkpt07" name="PKPT07_Drug_Y_is_produced_correctly"/>
    <testcase time="0.0800000000000125" classname="table_pkpt07" name="PKPT07_Drug_Y_is_produced_correctly">
      <skipped message="Reason: On CRAN ('test-table_pkpt07.R:88:3')"/>
    </testcase>
  </testsuite>
  <testsuite name="table_ratet01" timestamp="2024-11-19T22:27:56Z" hostname="d0467e8a2d0d" tests="2" skipped="1" failures="0" errors="0" time="0.657">
    <testcase time="0.543000000000006" classname="table_ratet01" name="RATET01_is_produced_correctly"/>
    <testcase time="0.114000000000004" classname="table_ratet01" name="RATET01_is_produced_correctly">
      <skipped message="Reason: On CRAN ('test-table_ratet01.R:66:3')"/>
    </testcase>
  </testsuite>
  <testsuite name="table_rmpt01" timestamp="2024-11-19T22:27:57Z" hostname="d0467e8a2d0d" tests="2" skipped="1" failures="0" errors="0" time="0.175">
    <testcase time="0.134999999999991" classname="table_rmpt01" name="RMPT01_is_produced_correctly"/>
    <testcase time="0.039999999999992" classname="table_rmpt01" name="RMPT01_is_produced_correctly">
      <skipped message="Reason: On CRAN ('test-table_rmpt01.R:58:3')"/>
    </testcase>
  </testsuite>
  <testsuite name="table_rmpt03" timestamp="2024-11-19T22:27:57Z" hostname="d0467e8a2d0d" tests="4" skipped="2" failures="0" errors="0" time="0.511">
    <testcase time="0.205000000000013" classname="table_rmpt03" name="RMPT03_variant_1_is_produced_correctly"/>
    <testcase time="0.063999999999993" classname="table_rmpt03" name="RMPT03_variant_1_is_produced_correctly">
      <skipped message="Reason: On CRAN ('test-table_rmpt03.R:67:3')"/>
    </testcase>
    <testcase time="0.164999999999992" classname="table_rmpt03" name="RMPT03_variant_2_is_produced_correctly"/>
    <testcase time="0.0769999999999982" classname="table_rmpt03" name="RMPT03_variant_2_is_produced_correctly">
      <skipped message="Reason: On CRAN ('test-table_rmpt03.R:91:3')"/>
    </testcase>
  </testsuite>
  <testsuite name="table_rmpt04" timestamp="2024-11-19T22:27:58Z" hostname="d0467e8a2d0d" tests="2" skipped="1" failures="0" errors="0" time="0.176">
    <testcase time="0.135000000000019" classname="table_rmpt04" name="RMPT04_variant_1_is_produced_correctly"/>
    <testcase time="0.0409999999999968" classname="table_rmpt04" name="RMPT04_variant_1_is_produced_correctly">
      <skipped message="Reason: On CRAN ('test-table_rmpt04.R:50:3')"/>
    </testcase>
  </testsuite>
  <testsuite name="table_rmpt05" timestamp="2024-11-19T22:27:58Z" hostname="d0467e8a2d0d" tests="2" skipped="1" failures="0" errors="0" time="0.21">
    <testcase time="0.158999999999992" classname="table_rmpt05" name="RMPT05_is_produced_correctly"/>
    <testcase time="0.0510000000000161" classname="table_rmpt05" name="RMPT05_is_produced_correctly">
      <skipped message="Reason: On CRAN ('test-table_rmpt05.R:49:3')"/>
    </testcase>
  </testsuite>
  <testsuite name="table_rmpt06" timestamp="2024-11-19T22:27:58Z" hostname="d0467e8a2d0d" tests="8" skipped="4" failures="0" errors="0" time="1.455">
    <testcase time="0.309999999999974" classname="table_rmpt06" name="RMPT06_variant_1_is_produced_correctly"/>
    <testcase time="0.100999999999999" classname="table_rmpt06" name="RMPT06_variant_1_is_produced_correctly">
      <skipped message="Reason: On CRAN ('test-table_rmpt06.R:99:3')"/>
    </testcase>
    <testcase time="0.206000000000017" classname="table_rmpt06" name="RMPT06_variant_2_is_produced_correctly"/>
    <testcase time="0.0699999999999932" classname="table_rmpt06" name="RMPT06_variant_2_is_produced_correctly">
      <skipped message="Reason: On CRAN ('test-table_rmpt06.R:148:3')"/>
    </testcase>
    <testcase time="0.282000000000011" classname="table_rmpt06" name="RMPT06_variant_3_is_produced_correctly"/>
    <testcase time="0.0939999999999941" classname="table_rmpt06" name="RMPT06_variant_3_is_produced_correctly">
      <skipped message="Reason: On CRAN ('test-table_rmpt06.R:211:3')"/>
    </testcase>
    <testcase time="0.295999999999992" classname="table_rmpt06" name="RMPT06_variant_4_is_produced_correctly"/>
    <testcase time="0.0960000000000036" classname="table_rmpt06" name="RMPT06_variant_4_is_produced_correctly">
      <skipped message="Reason: On CRAN ('test-table_rmpt06.R:277:3')"/>
    </testcase>
  </testsuite>
  <testsuite name="table_rspt01" timestamp="2024-11-19T22:28:00Z" hostname="d0467e8a2d0d" tests="12" skipped="6" failures="0" errors="0" time="2.197">
    <testcase time="0.266999999999996" classname="table_rspt01" name="RSPT01_1._Best_Overall_Response"/>
    <testcase time="0.105999999999995" classname="table_rspt01" name="RSPT01_1._Best_Overall_Response">
      <skipped message="Reason: On CRAN ('test-table_rspt01.R:46:3')"/>
    </testcase>
    <testcase time="0.240000000000009" classname="table_rspt01" name="RSPT01_2._Best_Overall_Response_selecting_sections_to_display_"/>
    <testcase time="0.0870000000000175" classname="table_rspt01" name="RSPT01_2._Best_Overall_Response_selecting_sections_to_display_">
      <skipped message="Reason: On CRAN ('test-table_rspt01.R:73:3')"/>
    </testcase>
    <testcase time="0.301999999999992" classname="table_rspt01" name="RSPT01_3._Best_Overall_Response_modifying_settings_"/>
    <testcase time="0.0999999999999943" classname="table_rspt01" name="RSPT01_3._Best_Overall_Response_modifying_settings_">
      <skipped message="Reason: On CRAN ('test-table_rspt01.R:116:3')"/>
    </testcase>
    <testcase time="0.329000000000008" classname="table_rspt01" name="RSPT01_4._Best_Overall_Response_with_stratified_analysis_"/>
    <testcase time="0.117999999999995" classname="table_rspt01" name="RSPT01_4._Best_Overall_Response_with_stratified_analysis_">
      <skipped message="Reason: On CRAN ('test-table_rspt01.R:170:3')"/>
    </testcase>
    <testcase time="0.265999999999991" classname="table_rspt01" name="RSPT01_5._Best_Overall_Response_modifying_the_definition_of_overall_response_"/>
    <testcase time="0.0910000000000082" classname="table_rspt01" name="RSPT01_5._Best_Overall_Response_modifying_the_definition_of_overall_response_">
      <skipped message="Reason: On CRAN ('test-table_rspt01.R:202:3')"/>
    </testcase>
    <testcase time="0.212999999999994" classname="table_rspt01" name="RSPT01_6._Best_Overall_Response_define_new_sections_to_display_"/>
    <testcase time="0.078000000000003" classname="table_rspt01" name="RSPT01_6._Best_Overall_Response_define_new_sections_to_display_">
      <skipped message="Reason: On CRAN ('test-table_rspt01.R:252:3')"/>
    </testcase>
  </testsuite>
  <testsuite name="table_ttet01" timestamp="2024-11-19T22:28:02Z" hostname="d0467e8a2d0d" tests="14" skipped="7" failures="0" errors="0" time="3.236">
    <testcase time="0.397999999999996" classname="table_ttet01" name="TTET01_default_variant_is_produced_correctly"/>
    <testcase time="0.153999999999996" classname="table_ttet01" name="TTET01_default_variant_is_produced_correctly">
      <skipped message="Reason: On CRAN ('test-table_ttet01.R:79:3')"/>
    </testcase>
    <testcase time="0.371000000000009" classname="table_ttet01" name="TTET01_default_variant_with_Placebo_arm"/>
    <testcase time="0.158999999999992" classname="table_ttet01" name="TTET01_default_variant_with_Placebo_arm">
      <skipped message="Reason: On CRAN ('test-table_ttet01.R:140:3')"/>
    </testcase>
    <testcase time="0.206999999999994" classname="table_ttet01" name="TTET01_variant_2_selecting_sections_to_display"/>
    <testcase time="0.0930000000000177" classname="table_ttet01" name="TTET01_variant_2_selecting_sections_to_display">
      <skipped message="Reason: On CRAN ('test-table_ttet01.R:185:3')"/>
    </testcase>
    <testcase time="0.311000000000007" classname="table_ttet01" name="TTET01_variant_3_modifying_analysis_details_like_conftype_ties_alpha_level"/>
    <testcase time="0.129999999999995" classname="table_ttet01" name="TTET01_variant_3_modifying_analysis_details_like_conftype_ties_alpha_level">
      <skipped message="Reason: On CRAN ('test-table_ttet01.R:251:3')"/>
    </testcase>
    <testcase time="0.337999999999994" classname="table_ttet01" name="TTET01_variant_4_with_stratified_analysis"/>
    <testcase time="0.14500000000001" classname="table_ttet01" name="TTET01_variant_4_with_stratified_analysis">
      <skipped message="Reason: On CRAN ('test-table_ttet01.R:312:3')"/>
    </testcase>
    <testcase time="0.294999999999987" classname="table_ttet01" name="TTET01_variant_5_modifying_time_point"/>
    <testcase time="0.134999999999991" classname="table_ttet01" name="TTET01_variant_5_modifying_time_point">
      <skipped message="Reason: On CRAN ('test-table_ttet01.R:367:3')"/>
    </testcase>
    <testcase time="0.363" classname="table_ttet01" name="TTET01_variant_6_requesting_more_than_one_p_value"/>
    <testcase time="0.137" classname="table_ttet01" name="TTET01_variant_6_requesting_more_than_one_p_value">
      <skipped message="Reason: On CRAN ('test-table_ttet01.R:440:3')"/>
    </testcase>
  </testsuite>
  <testsuite name="table_vst01" timestamp="2024-11-19T22:28:06Z" hostname="d0467e8a2d0d" tests="2" skipped="1" failures="0" errors="0" time="2.139">
    <testcase time="1.745" classname="table_vst01" name="VST01_default_variant_is_produced_correctly"/>
    <testcase time="0.394000000000005" classname="table_vst01" name="VST01_default_variant_is_produced_correctly">
      <skipped message="Reason: On CRAN ('test-table_vst01.R:100:3')"/>
    </testcase>
  </testsuite>
  <testsuite name="table_vst02" timestamp="2024-11-19T22:28:08Z" hostname="d0467e8a2d0d" tests="4" skipped="2" failures="0" errors="0" time="1.469">
    <testcase time="1.03399999999999" classname="table_vst02" name="1._Vital_Sign_Abnormalities_Regardless_of_Abnormality_at_Baseline_VST02_1_"/>
    <testcase time="0.0949999999999989" classname="table_vst02" name="1._Vital_Sign_Abnormalities_Regardless_of_Abnormality_at_Baseline_VST02_1_">
      <skipped message="Reason: On CRAN ('test-table_vst02.R:33:3')"/>
    </testcase>
    <testcase time="0.260000000000019" classname="table_vst02" name="2._Vital_Sign_Abnormalities_Among_Subject_Without_Abnormality_at_Baseline_VST02_2_"/>
    <testcase time="0.0799999999999841" classname="table_vst02" name="2._Vital_Sign_Abnormalities_Among_Subject_Without_Abnormality_at_Baseline_VST02_2_">
      <skipped message="Reason: On CRAN ('test-table_vst02.R:51:3')"/>
    </testcase>
  </testsuite>
</testsuites>
