<?xml version="1.0" encoding="UTF-8"?>
<testsuites>
  <testsuite name="listing_adal02" timestamp="2024-11-26T02:46:35Z" hostname="111c15af3c1d" tests="1" skipped="0" failures="0" errors="0" time="0.252">
    <testcase time="0.252" classname="listing_adal02" name="ADAL02_listing_is_produced_correctly"/>
  </testsuite>
  <testsuite name="listing_ael01" timestamp="2024-11-26T02:46:35Z" hostname="111c15af3c1d" tests="1" skipped="0" failures="0" errors="0" time="0.195">
    <testcase time="0.194999999999999" classname="listing_ael01" name="AEL01_listing_is_produced_correctly"/>
  </testsuite>
  <testsuite name="listing_ael01_nollt" timestamp="2024-11-26T02:46:36Z" hostname="111c15af3c1d" tests="1" skipped="0" failures="0" errors="0" time="0.071">
    <testcase time="0.0710000000000015" classname="listing_ael01_nollt" name="AEL01_NOLLT_listing_is_produced_correctly"/>
  </testsuite>
  <testsuite name="listing_ael02" timestamp="2024-11-26T02:46:36Z" hostname="111c15af3c1d" tests="1" skipped="0" failures="0" errors="0" time="0.287">
    <testcase time="0.286999999999999" classname="listing_ael02" name="AEL02_listing_is_produced_correctly"/>
  </testsuite>
  <testsuite name="listing_ael02_ed" timestamp="2024-11-26T02:46:36Z" hostname="111c15af3c1d" tests="1" skipped="0" failures="0" errors="0" time="0.331">
    <testcase time="0.331" classname="listing_ael02_ed" name="AEL02_ED_listing_is_produced_correctly"/>
  </testsuite>
  <testsuite name="listing_ael03" timestamp="2024-11-26T02:46:36Z" hostname="111c15af3c1d" tests="1" skipped="0" failures="0" errors="0" time="0.272">
    <testcase time="0.272" classname="listing_ael03" name="AEL03_listing_is_produced_correctly"/>
  </testsuite>
  <testsuite name="listing_ael04" timestamp="2024-11-26T02:46:37Z" hostname="111c15af3c1d" tests="1" skipped="0" failures="0" errors="0" time="0.201">
    <testcase time="0.201000000000001" classname="listing_ael04" name="AEL04_listing_is_produced_correctly"/>
  </testsuite>
  <testsuite name="listing_cml01" timestamp="2024-11-26T02:46:37Z" hostname="111c15af3c1d" tests="1" skipped="0" failures="0" errors="0" time="0.33">
    <testcase time="0.33" classname="listing_cml01" name="CML01_listing_is_produced_correctly"/>
  </testsuite>
  <testsuite name="listing_cml02a_gl" timestamp="2024-11-26T02:46:37Z" hostname="111c15af3c1d" tests="1" skipped="0" failures="0" errors="0" time="0.114">
    <testcase time="0.113999999999999" classname="listing_cml02a_gl" name="CML02A_GL_listing_is_produced_correctly"/>
  </testsuite>
  <testsuite name="listing_cml02b_gl" timestamp="2024-11-26T02:46:37Z" hostname="111c15af3c1d" tests="1" skipped="0" failures="0" errors="0" time="0.171">
    <testcase time="0.171000000000001" classname="listing_cml02b_gl" name="CML02B_GL_listing_is_produced_correctly"/>
  </testsuite>
  <testsuite name="listing_dsl01" timestamp="2024-11-26T02:46:37Z" hostname="111c15af3c1d" tests="1" skipped="0" failures="0" errors="0" time="0.18">
    <testcase time="0.18" classname="listing_dsl01" name="DSL01_listing_is_produced_correctly"/>
  </testsuite>
  <testsuite name="listing_dsl02" timestamp="2024-11-26T02:46:38Z" hostname="111c15af3c1d" tests="1" skipped="0" failures="0" errors="0" time="0.072">
    <testcase time="0.0719999999999992" classname="listing_dsl02" name="DSL02_listing_is_produced_correctly"/>
  </testsuite>
  <testsuite name="listing_dsur4" timestamp="2024-11-26T02:46:38Z" hostname="111c15af3c1d" tests="1" skipped="0" failures="0" errors="0" time="0.111">
    <testcase time="0.111000000000001" classname="listing_dsur4" name="DSUR4_listing_is_produced_correctly"/>
  </testsuite>
  <testsuite name="listing_egl01" timestamp="2024-11-26T02:46:38Z" hostname="111c15af3c1d" tests="1" skipped="0" failures="0" errors="0" time="0.402">
    <testcase time="0.402000000000001" classname="listing_egl01" name="EGL01_listing_is_produced_correctly"/>
  </testsuite>
  <testsuite name="listing_exl01" timestamp="2024-11-26T02:46:38Z" hostname="111c15af3c1d" tests="1" skipped="0" failures="0" errors="0" time="0.227">
    <testcase time="0.226999999999999" classname="listing_exl01" name="EXL01_listing_is_produced_correctly"/>
  </testsuite>
  <testsuite name="listing_lbl01" timestamp="2024-11-26T02:46:38Z" hostname="111c15af3c1d" tests="1" skipped="0" failures="0" errors="0" time="0.513">
    <testcase time="0.513" classname="listing_lbl01" name="LBL01_listing_is_produced_correctly"/>
  </testsuite>
  <testsuite name="listing_lbl01_rls" timestamp="2024-11-26T02:46:39Z" hostname="111c15af3c1d" tests="1" skipped="0" failures="0" errors="0" time="0.512">
    <testcase time="0.511999999999999" classname="listing_lbl01_rls" name="LBL01_RLS_listing_is_produced_correctly"/>
  </testsuite>
  <testsuite name="listing_lbl02a" timestamp="2024-11-26T02:46:39Z" hostname="111c15af3c1d" tests="1" skipped="0" failures="0" errors="0" time="0.253">
    <testcase time="0.253" classname="listing_lbl02a" name="LBL02A_listing_is_produced_correctly"/>
  </testsuite>
  <testsuite name="listing_lbl02a_rls" timestamp="2024-11-26T02:46:40Z" hostname="111c15af3c1d" tests="1" skipped="0" failures="0" errors="0" time="0.803">
    <testcase time="0.803000000000001" classname="listing_lbl02a_rls" name="LBL02A_RLS_listing_is_produced_correctly"/>
  </testsuite>
  <testsuite name="listing_lbl02b" timestamp="2024-11-26T02:46:40Z" hostname="111c15af3c1d" tests="1" skipped="0" failures="0" errors="0" time="0.285">
    <testcase time="0.285" classname="listing_lbl02b" name="LBL02B_listing_is_produced_correctly"/>
  </testsuite>
  <testsuite name="listing_mhl01" timestamp="2024-11-26T02:46:41Z" hostname="111c15af3c1d" tests="1" skipped="0" failures="0" errors="0" time="0.243">
    <testcase time="0.243" classname="listing_mhl01" name="MHL01_listing_is_produced_correctly"/>
  </testsuite>
  <testsuite name="listing_oncl01" timestamp="2024-11-26T02:46:41Z" hostname="111c15af3c1d" tests="1" skipped="0" failures="0" errors="0" time="0.241">
    <testcase time="0.241" classname="listing_oncl01" name="ONCL01_listing_is_produced_correctly"/>
  </testsuite>
  <testsuite name="listing_pkcl01" timestamp="2024-11-26T02:46:41Z" hostname="111c15af3c1d" tests="1" skipped="0" failures="0" errors="0" time="0.19">
    <testcase time="0.19" classname="listing_pkcl01" name="PKCL01_listing_is_produced_correctly"/>
  </testsuite>
  <testsuite name="listing_pkcl02" timestamp="2024-11-26T02:46:41Z" hostname="111c15af3c1d" tests="1" skipped="0" failures="0" errors="0" time="0.196">
    <testcase time="0.196" classname="listing_pkcl02" name="PKCL02_listing_is_produced_correctly"/>
  </testsuite>
  <testsuite name="listing_pkpl01" timestamp="2024-11-26T02:46:42Z" hostname="111c15af3c1d" tests="1" skipped="0" failures="0" errors="0" time="0.233">
    <testcase time="0.233000000000001" classname="listing_pkpl01" name="PKPL01_listing_is_produced_correctly"/>
  </testsuite>
  <testsuite name="listing_pkpl02" timestamp="2024-11-26T02:46:42Z" hostname="111c15af3c1d" tests="1" skipped="0" failures="0" errors="0" time="0.151">
    <testcase time="0.151" classname="listing_pkpl02" name="PKPL02_listing_is_produced_correctly"/>
  </testsuite>
  <testsuite name="listing_pkpl04" timestamp="2024-11-26T02:46:42Z" hostname="111c15af3c1d" tests="1" skipped="0" failures="0" errors="0" time="0.194">
    <testcase time="0.194000000000001" classname="listing_pkpl04" name="PKPL04_listing_is_produced_correctly"/>
  </testsuite>
  <testsuite name="listing_vsl01" timestamp="2024-11-26T02:46:42Z" hostname="111c15af3c1d" tests="1" skipped="0" failures="0" errors="0" time="0.429">
    <testcase time="0.429" classname="listing_vsl01" name="VSL01_listing_is_produced_correctly"/>
  </testsuite>
  <testsuite name="pagination_listing" timestamp="2024-11-26T02:46:43Z" hostname="111c15af3c1d" tests="13" skipped="0" failures="0" errors="0" time="5.61">
    <testcase time="0.0299999999999994" classname="pagination_listing" name="Direct_pagination_works_fine"/>
    <testcase time="0.935" classname="pagination_listing" name="Direct_pagination_works_fine"/>
    <testcase time="0.00300000000000011" classname="pagination_listing" name="Direct_pagination_works_fine"/>
    <testcase time="0.855999999999998" classname="pagination_listing" name="Direct_pagination_works_fine"/>
    <testcase time="1.192" classname="pagination_listing" name="Direct_pagination_works_fine"/>
    <testcase time="1.271" classname="pagination_listing" name="pagination_counts_the_right_number_of_lines_when_wrapping_on_keycols_is_present"/>
    <testcase time="0.00600000000000023" classname="pagination_listing" name="pagination_counts_the_right_number_of_lines_when_wrapping_on_keycols_is_present"/>
    <testcase time="0.00499999999999901" classname="pagination_listing" name="pagination_counts_the_right_number_of_lines_when_wrapping_on_keycols_is_present"/>
    <testcase time="0.00300000000000011" classname="pagination_listing" name="pagination_counts_the_right_number_of_lines_when_wrapping_on_keycols_is_present"/>
    <testcase time="1.297" classname="pagination_listing" name="pagination_counts_the_right_number_of_lines_when_wrapping_on_keycols_is_present"/>
    <testcase time="0.00499999999999901" classname="pagination_listing" name="pagination_counts_the_right_number_of_lines_when_wrapping_on_keycols_is_present"/>
    <testcase time="0.00400000000000134" classname="pagination_listing" name="pagination_counts_the_right_number_of_lines_when_wrapping_on_keycols_is_present"/>
    <testcase time="0.00300000000000011" classname="pagination_listing" name="pagination_counts_the_right_number_of_lines_when_wrapping_on_keycols_is_present"/>
  </testsuite>
  <testsuite name="pagination_table" timestamp="2024-11-26T02:46:49Z" hostname="111c15af3c1d" tests="30" skipped="0" failures="0" errors="0" time="13.797">
    <testcase time="1.772" classname="pagination_table" name="Direct_pagination_with_standard_values"/>
    <testcase time="0.00400000000000134" classname="pagination_table" name="Direct_pagination_with_standard_values"/>
    <testcase time="0.00300000000000011" classname="pagination_table" name="Direct_pagination_with_standard_values"/>
    <testcase time="1.388" classname="pagination_table" name="Pagination_with_specific_column_widths_and_minimum_lines_per_page"/>
    <testcase time="0.00399999999999778" classname="pagination_table" name="Pagination_with_specific_column_widths_and_minimum_lines_per_page"/>
    <testcase time="0.120000000000001" classname="pagination_table" name="Pagination_with_specific_column_widths_and_minimum_lines_per_page"/>
    <testcase time="0.893999999999998" classname="pagination_table" name="Pagination_works_also_if_table_is_decorated"/>
    <testcase time="0.512" classname="pagination_table" name="Pagination_works_also_if_table_is_decorated"/>
    <testcase time="0.776" classname="pagination_table" name="Pagination_works_also_if_table_is_decorated"/>
    <testcase time="0.628" classname="pagination_table" name="Pagination_works_also_if_table_is_decorated"/>
    <testcase time="1.3" classname="pagination_table" name="Pagination_works_also_if_table_is_decorated"/>
    <testcase time="0.298999999999999" classname="pagination_table" name="Pagination_works_also_if_table_is_decorated"/>
    <testcase time="0.00900000000000034" classname="pagination_table" name="Pagination_works_also_if_table_is_decorated"/>
    <testcase time="0.022000000000002" classname="pagination_table" name="Pagination_works_also_if_table_is_decorated"/>
    <testcase time="0.139999999999997" classname="pagination_table" name="Pagination_works_also_if_table_is_decorated"/>
    <testcase time="0.0850000000000009" classname="pagination_table" name="Pagination_works_also_if_table_is_decorated"/>
    <testcase time="0.682000000000002" classname="pagination_table" name="Pagination_works_for_page_types"/>
    <testcase time="0.0739999999999981" classname="pagination_table" name="Pagination_works_for_page_types"/>
    <testcase time="0.686999999999998" classname="pagination_table" name="Pagination_works_for_page_types"/>
    <testcase time="0.0850000000000009" classname="pagination_table" name="Pagination_works_for_page_types"/>
    <testcase time="0.637" classname="pagination_table" name="Pagination_works_for_page_types"/>
    <testcase time="0.396000000000001" classname="pagination_table" name="Pagination_works_for_page_types"/>
    <testcase time="0.683" classname="pagination_table" name="Pagination_works_for_page_width_and_height"/>
    <testcase time="0.129999999999999" classname="pagination_table" name="Pagination_works_for_page_width_and_height"/>
    <testcase time="0.771999999999998" classname="pagination_table" name="Pagination_works_for_page_types"/>
    <testcase time="0.161999999999999" classname="pagination_table" name="Pagination_works_for_page_types"/>
    <testcase time="0.792000000000002" classname="pagination_table" name="AET04_variant_2_page_by_pagination_tests"/>
    <testcase time="0.596000000000004" classname="pagination_table" name="AET04_variant_2_page_by_pagination_tests"/>
    <testcase time="0.000999999999997669" classname="pagination_table" name="AET04_variant_2_page_by_pagination_tests"/>
    <testcase time="0.143999999999998" classname="pagination_table" name="AET04_variant_2_page_by_pagination_tests"/>
  </testsuite>
  <testsuite name="table_adat03" timestamp="2024-11-26T02:47:02Z" hostname="111c15af3c1d" tests="2" skipped="0" failures="0" errors="0" time="0.549">
    <testcase time="0.416000000000004" classname="table_adat03" name="ADAT03_is_produced_correctly"/>
    <testcase time="0.132999999999996" classname="table_adat03" name="ADAT03_is_produced_correctly"/>
  </testsuite>
  <testsuite name="table_aet01" timestamp="2024-11-26T02:47:03Z" hostname="111c15af3c1d" tests="8" skipped="0" failures="0" errors="0" time="1.706">
    <testcase time="0.350000000000001" classname="table_aet01" name="Safety_Summary_Variant_1_works_as_expected"/>
    <testcase time="0.103000000000002" classname="table_aet01" name="Safety_Summary_Variant_1_works_as_expected"/>
    <testcase time="0.308999999999997" classname="table_aet01" name="Safety_Summary_Variant_2_with_Medical_Concepts_Section_works_as_expected"/>
    <testcase time="0.125" classname="table_aet01" name="Safety_Summary_Variant_2_with_Medical_Concepts_Section_works_as_expected"/>
    <testcase time="0.251000000000005" classname="table_aet01" name="Safety_Summary_Variant_3_with_Modified_Rows_works_as_expected"/>
    <testcase time="0.0989999999999966" classname="table_aet01" name="Safety_Summary_Variant_3_with_Modified_Rows_works_as_expected"/>
    <testcase time="0.338999999999999" classname="table_aet01" name="Safety_Summary_Variant_4_with_Rows_Counting_Events_and_Additional_Sections_works_as_expected"/>
    <testcase time="0.130000000000003" classname="table_aet01" name="Safety_Summary_Variant_4_with_Rows_Counting_Events_and_Additional_Sections_works_as_expected"/>
  </testsuite>
  <testsuite name="table_aet01_aesi" timestamp="2024-11-26T02:47:04Z" hostname="111c15af3c1d" tests="8" skipped="0" failures="0" errors="0" time="2.574">
    <testcase time="0.264000000000003" classname="table_aet01_aesi" name="AET01_AESI_Variant_1_works_as_expected"/>
    <testcase time="0.0999999999999943" classname="table_aet01_aesi" name="AET01_AESI_Variant_1_works_as_expected"/>
    <testcase time="0.441000000000003" classname="table_aet01_aesi" name="AET01_AESI_Variant_2_works_as_expected"/>
    <testcase time="0.152000000000001" classname="table_aet01_aesi" name="AET01_AESI_Variant_2_works_as_expected"/>
    <testcase time="0.626999999999995" classname="table_aet01_aesi" name="AET01_AESI_Variant_3_works_as_expected"/>
    <testcase time="0.224000000000004" classname="table_aet01_aesi" name="AET01_AESI_Variant_3_works_as_expected"/>
    <testcase time="0.551000000000002" classname="table_aet01_aesi" name="AET01_AESI_Variant_4_works_as_expected"/>
    <testcase time="0.214999999999996" classname="table_aet01_aesi" name="AET01_AESI_Variant_4_works_as_expected"/>
  </testsuite>
  <testsuite name="table_aet02" timestamp="2024-11-26T02:47:07Z" hostname="111c15af3c1d" tests="26" skipped="0" failures="0" errors="0" time="7.899">
    <testcase time="0.545000000000002" classname="table_aet02" name="AET02_variant_1_is_produced_correctly"/>
    <testcase time="0.180999999999997" classname="table_aet02" name="AET02_variant_1_is_produced_correctly"/>
    <testcase time="0.426000000000002" classname="table_aet02" name="AET02_variant_1_is_produced_correctly"/>
    <testcase time="0.103000000000002" classname="table_aet02" name="AET02_variant_1_is_produced_correctly"/>
    <testcase time="0.832999999999998" classname="table_aet02" name="AET02_variant_2_is_produced_correctly"/>
    <testcase time="0.170999999999999" classname="table_aet02" name="AET02_variant_2_is_produced_correctly"/>
    <testcase time="0.844000000000001" classname="table_aet02" name="AET02_variant_3_is_produced_correctly"/>
    <testcase time="0.277999999999999" classname="table_aet02" name="AET02_variant_3_is_produced_correctly"/>
    <testcase time="0.115000000000002" classname="table_aet02" name="AET02_variant_4_is_produced_correctly"/>
    <testcase time="0.0970000000000013" classname="table_aet02" name="AET02_variant_4_is_produced_correctly"/>
    <testcase time="0.366999999999997" classname="table_aet02" name="AET02_variant_5_is_produced_correctly"/>
    <testcase time="0.158000000000001" classname="table_aet02" name="AET02_variant_5_is_produced_correctly"/>
    <testcase time="0.359000000000002" classname="table_aet02" name="AET02_variant_6_is_produced_correctly"/>
    <testcase time="0.101999999999997" classname="table_aet02" name="AET02_variant_6_is_produced_correctly"/>
    <testcase time="0.861000000000004" classname="table_aet02" name="AET02_variant_7_is_produced_correctly"/>
    <testcase time="0.139999999999993" classname="table_aet02" name="AET02_variant_7_is_produced_correctly"/>
    <testcase time="0.375" classname="table_aet02" name="AET02_variant_8_is_produced_correctly"/>
    <testcase time="0.0800000000000054" classname="table_aet02" name="AET02_variant_8_is_produced_correctly"/>
    <testcase time="0.367999999999995" classname="table_aet02" name="AET02_variant_9_is_produced_correctly"/>
    <testcase time="0.105000000000004" classname="table_aet02" name="AET02_variant_9_is_produced_correctly"/>
    <testcase time="0.378999999999998" classname="table_aet02" name="AET02_variant_10_is_produced_correctly"/>
    <testcase time="0.0840000000000032" classname="table_aet02" name="AET02_variant_10_is_produced_correctly"/>
    <testcase time="0.379999999999995" classname="table_aet02" name="AET02_variant_11_is_produced_correctly"/>
    <testcase time="0.0800000000000054" classname="table_aet02" name="AET02_variant_11_is_produced_correctly"/>
    <testcase time="0.382999999999996" classname="table_aet02" name="AET02_variant_12_is_produced_correctly"/>
    <testcase time="0.0850000000000009" classname="table_aet02" name="AET02_variant_12_is_produced_correctly"/>
  </testsuite>
  <testsuite name="table_aet02_smq" timestamp="2024-11-26T02:47:15Z" hostname="111c15af3c1d" tests="4" skipped="0" failures="0" errors="0" time="0.423">
    <testcase time="0.116999999999997" classname="table_aet02_smq" name="AET02SMQ_variant_1_is_produced_correctly"/>
    <testcase time="0.0660000000000025" classname="table_aet02_smq" name="AET02SMQ_variant_1_is_produced_correctly"/>
    <testcase time="0.149999999999999" classname="table_aet02_smq" name="AET02SMQ_variant_2_is_produced_correctly"/>
    <testcase time="0.0900000000000034" classname="table_aet02_smq" name="AET02SMQ_variant_2_is_produced_correctly"/>
  </testsuite>
  <testsuite name="table_aet03" timestamp="2024-11-26T02:47:15Z" hostname="111c15af3c1d" tests="6" skipped="0" failures="0" errors="0" time="4.693">
    <testcase time="1.064" classname="table_aet03" name="AET03_variant_1_is_produced_correctly"/>
    <testcase time="0.405000000000001" classname="table_aet03" name="AET03_variant_1_is_produced_correctly"/>
    <testcase time="1.32" classname="table_aet03" name="AET03_variant_1_is_produced_correctly"/>
    <testcase time="0.659999999999997" classname="table_aet03" name="AET03_variant_1_is_produced_correctly"/>
    <testcase time="1.03" classname="table_aet03" name="AET03_variant_1_is_produced_correctly"/>
    <testcase time="0.213999999999999" classname="table_aet03" name="AET03_variant_1_is_produced_correctly"/>
  </testsuite>
  <testsuite name="table_aet04" timestamp="2024-11-26T02:47:21Z" hostname="111c15af3c1d" tests="30" skipped="0" failures="0" errors="0" time="12.044">
    <testcase time="0.704999999999998" classname="table_aet04" name="AET04_variant_1_is_produced_correctly"/>
    <testcase time="0.315000000000005" classname="table_aet04" name="AET04_variant_1_is_produced_correctly"/>
    <testcase time="0.741" classname="table_aet04" name="AET04_variant_1_is_produced_correctly"/>
    <testcase time="0.0499999999999972" classname="table_aet04" name="AET04_variant_1_is_produced_correctly"/>
    <testcase time="0.0410000000000039" classname="table_aet04" name="AET04_variant_1_is_produced_correctly"/>
    <testcase time="0.641999999999996" classname="table_aet04" name="AET04_variant_2_is_produced_correctly_Fill_in_of_Treatment_Groups_"/>
    <testcase time="0.273000000000003" classname="table_aet04" name="AET04_variant_2_is_produced_correctly_Fill_in_of_Treatment_Groups_"/>
    <testcase time="0.68" classname="table_aet04" name="AET04_variant_2_is_produced_correctly_Fill_in_of_Treatment_Groups_"/>
    <testcase time="0.0509999999999948" classname="table_aet04" name="AET04_variant_2_is_produced_correctly_Fill_in_of_Treatment_Groups_"/>
    <testcase time="0.0360000000000014" classname="table_aet04" name="AET04_variant_2_is_produced_correctly_Fill_in_of_Treatment_Groups_"/>
    <testcase time="0.686" classname="table_aet04" name="AET04_variant_3_is_produced_correctly_Fill_in_of_Grades_"/>
    <testcase time="0.331000000000003" classname="table_aet04" name="AET04_variant_3_is_produced_correctly_Fill_in_of_Grades_"/>
    <testcase time="0.801000000000002" classname="table_aet04" name="AET04_variant_3_is_produced_correctly_Fill_in_of_Grades_"/>
    <testcase time="0.0399999999999991" classname="table_aet04" name="AET04_variant_3_is_produced_correctly_Fill_in_of_Grades_"/>
    <testcase time="0.0380000000000038" classname="table_aet04" name="AET04_variant_3_is_produced_correctly_Fill_in_of_Grades_"/>
    <testcase time="0.684999999999995" classname="table_aet04" name="AET04_variant_4_is_produced_correctly_Collapsing_of_Grades_grades_1_2_grades_3_4_5_"/>
    <testcase time="0.326999999999998" classname="table_aet04" name="AET04_variant_4_is_produced_correctly_Collapsing_of_Grades_grades_1_2_grades_3_4_5_"/>
    <testcase time="0.922000000000004" classname="table_aet04" name="AET04_variant_4_is_produced_correctly_Collapsing_of_Grades_grades_1_2_grades_3_4_5_"/>
    <testcase time="0.650999999999996" classname="table_aet04" name="AET04_variant_6_is_produced_correctly_with_an_Incidence_Rate_of_at_Least_5_totals_restricted_"/>
    <testcase time="0.291000000000004" classname="table_aet04" name="AET04_variant_6_is_produced_correctly_with_an_Incidence_Rate_of_at_Least_5_totals_restricted_"/>
    <testcase time="0.693999999999996" classname="table_aet04" name="AET04_variant_6_is_produced_correctly_with_an_Incidence_Rate_of_at_Least_5_totals_restricted_"/>
    <testcase time="0.00900000000000034" classname="table_aet04" name="AET04_variant_8_is_produced_correctly_with_an_Incidence_Rate_of_at_Least_X_Patients_"/>
    <testcase time="0.291000000000004" classname="table_aet04" name="AET04_variant_8_is_produced_correctly_with_an_Incidence_Rate_of_at_Least_X_Patients_"/>
    <testcase time="0.710000000000001" classname="table_aet04" name="AET04_variant_8_is_produced_correctly_with_an_Incidence_Rate_of_at_Least_X_Patients_"/>
    <testcase time="0.00999999999999801" classname="table_aet04" name="AET04_variant_9_is_produced_correctly_with_a_Difference_in_Incidence_Rate_of_at_Least_X_"/>
    <testcase time="0.293999999999997" classname="table_aet04" name="AET04_variant_9_is_produced_correctly_with_a_Difference_in_Incidence_Rate_of_at_Least_X_"/>
    <testcase time="0.707000000000001" classname="table_aet04" name="AET04_variant_9_is_produced_correctly_with_a_Difference_in_Incidence_Rate_of_at_Least_X_"/>
    <testcase time="0.0160000000000053" classname="table_aet04" name="AET04_variant_11_is_produced_correctly_with_Incidence_Rate_of_at_Least_X_all_SOCs_w_o_preferred_terms_removed_"/>
    <testcase time="0.295999999999999" classname="table_aet04" name="AET04_variant_11_is_produced_correctly_with_Incidence_Rate_of_at_Least_X_all_SOCs_w_o_preferred_terms_removed_"/>
    <testcase time="0.710999999999991" classname="table_aet04" name="AET04_variant_11_is_produced_correctly_with_Incidence_Rate_of_at_Least_X_all_SOCs_w_o_preferred_terms_removed_"/>
  </testsuite>
  <testsuite name="table_aet04_pi" timestamp="2024-11-26T02:47:32Z" hostname="111c15af3c1d" tests="18" skipped="0" failures="0" errors="0" time="6.214">
    <testcase time="0.52000000000001" classname="table_aet04_pi" name="AET04_PI_full_table_is_produced_correctly"/>
    <testcase time="0.22699999999999" classname="table_aet04_pi" name="AET04_PI_full_table_is_produced_correctly"/>
    <testcase time="0.562000000000012" classname="table_aet04_pi" name="AET04_PI_variant_1_is_produced_correctly"/>
    <testcase time="0.167999999999992" classname="table_aet04_pi" name="AET04_PI_variant_1_is_produced_correctly"/>
    <testcase time="0.558000000000007" classname="table_aet04_pi" name="AET04_PI_variant_2_is_produced_correctly"/>
    <testcase time="0.114999999999995" classname="table_aet04_pi" name="AET04_PI_variant_2_is_produced_correctly"/>
    <testcase time="0.546999999999997" classname="table_aet04_pi" name="AET04_PI_variant_3_is_produced_correctly"/>
    <testcase time="0.131" classname="table_aet04_pi" name="AET04_PI_variant_3_is_produced_correctly"/>
    <testcase time="0.555999999999997" classname="table_aet04_pi" name="AET04_PI_variant_4_is_produced_correctly"/>
    <testcase time="0.101000000000013" classname="table_aet04_pi" name="AET04_PI_variant_4_is_produced_correctly"/>
    <testcase time="0.575999999999993" classname="table_aet04_pi" name="AET04_PI_variant_5_is_produced_correctly"/>
    <testcase time="0.150999999999996" classname="table_aet04_pi" name="AET04_PI_variant_5_is_produced_correctly"/>
    <testcase time="0.695999999999998" classname="table_aet04_pi" name="AET04_PI_variant_6_is_produced_correctly"/>
    <testcase time="0.160000000000011" classname="table_aet04_pi" name="AET04_PI_variant_6_is_produced_correctly"/>
    <testcase time="0.685999999999993" classname="table_aet04_pi" name="AET04_PI_variant_7_is_produced_correctly"/>
    <testcase time="0.159999999999997" classname="table_aet04_pi" name="AET04_PI_variant_7_is_produced_correctly"/>
    <testcase time="0.171000000000006" classname="table_aet04_pi" name="AET04_PI_variant_8_is_produced_correctly"/>
    <testcase time="0.129000000000005" classname="table_aet04_pi" name="AET04_PI_variant_8_is_produced_correctly"/>
  </testsuite>
  <testsuite name="table_aet05" timestamp="2024-11-26T02:47:38Z" hostname="111c15af3c1d" tests="4" skipped="0" failures="0" errors="0" time="0.257">
    <testcase time="0.0769999999999982" classname="table_aet05" name="AET05_variant_1_is_produced_correctly"/>
    <testcase time="0.0649999999999977" classname="table_aet05" name="AET05_variant_1_is_produced_correctly"/>
    <testcase time="0.0570000000000022" classname="table_aet05" name="AET05_variant_2_is_produced_correctly"/>
    <testcase time="0.0579999999999927" classname="table_aet05" name="AET05_variant_2_is_produced_correctly"/>
  </testsuite>
  <testsuite name="table_aet05_all" timestamp="2024-11-26T02:47:38Z" hostname="111c15af3c1d" tests="4" skipped="0" failures="0" errors="0" time="0.288">
    <testcase time="0.109000000000009" classname="table_aet05_all" name="AET05_ALL_variant_1_is_produced_correctly"/>
    <testcase time="0.0579999999999927" classname="table_aet05_all" name="AET05_ALL_variant_1_is_produced_correctly"/>
    <testcase time="0.0640000000000072" classname="table_aet05_all" name="AET05_ALL_variant_2_is_produced_correctly"/>
    <testcase time="0.0569999999999879" classname="table_aet05_all" name="AET05_ALL_variant_2_is_produced_correctly"/>
  </testsuite>
  <testsuite name="table_aet06" timestamp="2024-11-26T02:47:39Z" hostname="111c15af3c1d" tests="6" skipped="0" failures="0" errors="0" time="3.684">
    <testcase time="0.572000000000003" classname="table_aet06" name="AET06_variant_1_is_produced_correctly"/>
    <testcase time="0.219000000000008" classname="table_aet06" name="AET06_variant_1_is_produced_correctly"/>
    <testcase time="0.955999999999989" classname="table_aet06" name="AET06_variant_3_is_produced_correctly"/>
    <testcase time="0.329000000000008" classname="table_aet06" name="AET06_variant_3_is_produced_correctly"/>
    <testcase time="1.223" classname="table_aet06" name="AET06_variant_5_is_produced_correctly"/>
    <testcase time="0.385000000000005" classname="table_aet06" name="AET06_variant_5_is_produced_correctly"/>
  </testsuite>
  <testsuite name="table_aet06_smq" timestamp="2024-11-26T02:47:42Z" hostname="111c15af3c1d" tests="4" skipped="0" failures="0" errors="0" time="0.996">
    <testcase time="0.35799999999999" classname="table_aet06_smq" name="AET06_SMQ_variant_1_is_produced_correctly"/>
    <testcase time="0.141000000000005" classname="table_aet06_smq" name="AET06_SMQ_variant_1_is_produced_correctly"/>
    <testcase time="0.352999999999994" classname="table_aet06_smq" name="AET06_SMQ_variant_2_is_produced_correctly"/>
    <testcase time="0.144000000000005" classname="table_aet06_smq" name="AET06_SMQ_variant_2_is_produced_correctly"/>
  </testsuite>
  <testsuite name="table_aet07" timestamp="2024-11-26T02:47:43Z" hostname="111c15af3c1d" tests="4" skipped="0" failures="0" errors="0" time="0.194">
    <testcase time="0.0499999999999972" classname="table_aet07" name="AET07_variant_1_is_produced_correctly"/>
    <testcase time="0.0480000000000018" classname="table_aet07" name="AET07_variant_1_is_produced_correctly"/>
    <testcase time="0.054000000000002" classname="table_aet07" name="AET07_variant_2_is_produced_correctly"/>
    <testcase time="0.0420000000000016" classname="table_aet07" name="AET07_variant_2_is_produced_correctly"/>
  </testsuite>
  <testsuite name="table_aet09" timestamp="2024-11-26T02:47:44Z" hostname="111c15af3c1d" tests="4" skipped="0" failures="0" errors="0" time="2.092">
    <testcase time="0.542999999999992" classname="table_aet09" name="AET09_variant_1_is_produced_correctly_AE_related_to_study_drug"/>
    <testcase time="0.183000000000007" classname="table_aet09" name="AET09_variant_1_is_produced_correctly_AE_related_to_study_drug"/>
    <testcase time="1.095" classname="table_aet09" name="AET09_variant_2_is_produced_correctly_AE_related_to_study_drug_including_high_level_terms_"/>
    <testcase time="0.271000000000001" classname="table_aet09" name="AET09_variant_2_is_produced_correctly_AE_related_to_study_drug_including_high_level_terms_"/>
  </testsuite>
  <testsuite name="table_aet09_smq" timestamp="2024-11-26T02:47:46Z" hostname="111c15af3c1d" tests="4" skipped="0" failures="0" errors="0" time="0.46">
    <testcase time="0.114000000000004" classname="table_aet09_smq" name="AET09_variant_1_AEs_related_to_study_drug_by_SMQ_is_produced_correctly"/>
    <testcase time="0.0659999999999883" classname="table_aet09_smq" name="AET09_variant_1_AEs_related_to_study_drug_by_SMQ_is_produced_correctly"/>
    <testcase time="0.184000000000012" classname="table_aet09_smq" name="AET09_variant_2_AEs_related_to_study_drug_by_SMQ_with_customized_queries_is_produced_correctly"/>
    <testcase time="0.0959999999999894" classname="table_aet09_smq" name="AET09_variant_2_AEs_related_to_study_drug_by_SMQ_with_customized_queries_is_produced_correctly"/>
  </testsuite>
  <testsuite name="table_aet10" timestamp="2024-11-26T02:47:46Z" hostname="111c15af3c1d" tests="2" skipped="0" failures="0" errors="0" time="0.153">
    <testcase time="0.0990000000000038" classname="table_aet10" name="AET10_default_variant_is_produced_correctly"/>
    <testcase time="0.054000000000002" classname="table_aet10" name="AET10_default_variant_is_produced_correctly"/>
  </testsuite>
  <testsuite name="table_aovt01" timestamp="2024-11-26T02:47:46Z" hostname="111c15af3c1d" tests="4" skipped="0" failures="0" errors="0" time="1.076">
    <testcase time="0.326999999999998" classname="table_aovt01" name="AOVT01_variant_with_single_endpoint_is_produced_correctly"/>
    <testcase time="0.0790000000000077" classname="table_aovt01" name="AOVT01_variant_with_single_endpoint_is_produced_correctly"/>
    <testcase time="0.522999999999996" classname="table_aovt01" name="AOVT01_variant_with_multiple_endpoints_is_produced_correctly"/>
    <testcase time="0.146999999999991" classname="table_aovt01" name="AOVT01_variant_with_multiple_endpoints_is_produced_correctly"/>
  </testsuite>
  <testsuite name="table_aovt02" timestamp="2024-11-26T02:47:47Z" hostname="111c15af3c1d" tests="2" skipped="0" failures="0" errors="0" time="0.372">
    <testcase time="0.287000000000006" classname="table_aovt02" name="AOVT02_is_produced_correctly"/>
    <testcase time="0.0849999999999937" classname="table_aovt02" name="AOVT02_is_produced_correctly"/>
  </testsuite>
  <testsuite name="table_aovt03" timestamp="2024-11-26T02:47:48Z" hostname="111c15af3c1d" tests="2" skipped="0" failures="0" errors="0" time="0.809">
    <testcase time="0.63300000000001" classname="table_aovt03" name="AOVT03_is_produced_correctly"/>
    <testcase time="0.176000000000002" classname="table_aovt03" name="AOVT03_is_produced_correctly"/>
  </testsuite>
  <testsuite name="table_cfbt01" timestamp="2024-11-26T02:47:49Z" hostname="111c15af3c1d" tests="2" skipped="0" failures="0" errors="0" time="0.603">
    <testcase time="0.397999999999996" classname="table_cfbt01" name="CFBT01_default_variant_is_produced_correctly"/>
    <testcase time="0.204999999999998" classname="table_cfbt01" name="CFBT01_default_variant_is_produced_correctly"/>
  </testsuite>
  <testsuite name="table_cmht01" timestamp="2024-11-26T02:47:49Z" hostname="111c15af3c1d" tests="4" skipped="0" failures="0" errors="0" time="1.603">
    <testcase time="0.379999999999995" classname="table_cmht01" name="CMHT01_variant_1_is_produced_correctly"/>
    <testcase time="0.0900000000000034" classname="table_cmht01" name="CMHT01_variant_1_is_produced_correctly"/>
    <testcase time="0.879999999999995" classname="table_cmht01" name="CMHT01_variant_2_is_produced_correctly"/>
    <testcase time="0.253" classname="table_cmht01" name="CMHT01_variant_2_is_produced_correctly"/>
  </testsuite>
  <testsuite name="table_cmt01" timestamp="2024-11-26T02:47:51Z" hostname="111c15af3c1d" tests="8" skipped="0" failures="0" errors="0" time="3.551">
    <testcase time="0.597999999999999" classname="table_cmt01" name="CMT01_default_variant_Concomitant_medications_is_produced_correctly"/>
    <testcase time="0.281000000000006" classname="table_cmt01" name="CMT01_default_variant_Concomitant_medications_is_produced_correctly"/>
    <testcase time="0.667999999999992" classname="table_cmt01" name="CMT01_variant_1_prior_medications_is_produced_correctly"/>
    <testcase time="0.302999999999997" classname="table_cmt01" name="CMT01_variant_1_prior_medications_is_produced_correctly"/>
    <testcase time="0.565000000000012" classname="table_cmt01" name="CMT01_variant_3_Concomitant_medications_is_produced_correctly"/>
    <testcase time="0.245999999999995" classname="table_cmt01" name="CMT01_variant_3_Concomitant_medications_is_produced_correctly"/>
    <testcase time="0.596000000000004" classname="table_cmt01" name="CMT01_variant_4_Concomitant_medications_is_produced_correctly"/>
    <testcase time="0.293999999999997" classname="table_cmt01" name="CMT01_variant_4_Concomitant_medications_is_produced_correctly"/>
  </testsuite>
  <testsuite name="table_cmt01a" timestamp="2024-11-26T02:47:54Z" hostname="111c15af3c1d" tests="8" skipped="0" failures="0" errors="0" time="5.427">
    <testcase time="1.166" classname="table_cmt01a" name="CMT01A_variant_1_is_produced_correctly"/>
    <testcase time="0.275000000000006" classname="table_cmt01a" name="CMT01A_variant_1_is_produced_correctly"/>
    <testcase time="1.04899999999999" classname="table_cmt01a" name="CMT01A_variant_2_is_produced_correctly"/>
    <testcase time="0.263000000000005" classname="table_cmt01a" name="CMT01A_variant_2_is_produced_correctly"/>
    <testcase time="1.06" classname="table_cmt01a" name="CMT01A_variant_3_is_produced_correctly"/>
    <testcase time="0.272999999999996" classname="table_cmt01a" name="CMT01A_variant_3_is_produced_correctly"/>
    <testcase time="1.095" classname="table_cmt01a" name="CMT01A_variant_4_is_produced_correctly"/>
    <testcase time="0.245999999999995" classname="table_cmt01a" name="CMT01A_variant_4_is_produced_correctly"/>
  </testsuite>
  <testsuite name="table_cmt01b" timestamp="2024-11-26T02:48:00Z" hostname="111c15af3c1d" tests="6" skipped="0" failures="0" errors="0" time="5.882">
    <testcase time="1.65400000000001" classname="table_cmt01b" name="CMT01B_variant_1_is_produced_correctly"/>
    <testcase time="0.393000000000001" classname="table_cmt01b" name="CMT01B_variant_1_is_produced_correctly"/>
    <testcase time="1.273" classname="table_cmt01b" name="CMT01B_variant_2_is_produced_correctly"/>
    <testcase time="0.328999999999994" classname="table_cmt01b" name="CMT01B_variant_2_is_produced_correctly"/>
    <testcase time="1.586" classname="table_cmt01b" name="CMT01B_variant_4_is_produced_correctly"/>
    <testcase time="0.647000000000006" classname="table_cmt01b" name="CMT01B_variant_4_is_produced_correctly"/>
  </testsuite>
  <testsuite name="table_cmt02_pt" timestamp="2024-11-26T02:48:06Z" hostname="111c15af3c1d" tests="2" skipped="0" failures="0" errors="0" time="0.571">
    <testcase time="0.400000000000006" classname="table_cmt02_pt" name="CMT02_PT_default_variant_is_produced_correctly"/>
    <testcase time="0.170999999999992" classname="table_cmt02_pt" name="CMT02_PT_default_variant_is_produced_correctly"/>
  </testsuite>
  <testsuite name="table_coxt01" timestamp="2024-11-26T02:48:06Z" hostname="111c15af3c1d" tests="8" skipped="0" failures="0" errors="0" time="1.659">
    <testcase time="0.25200000000001" classname="table_coxt01" name="1._Cox_Regression"/>
    <testcase time="0.0799999999999983" classname="table_coxt01" name="1._Cox_Regression"/>
    <testcase time="0.334999999999994" classname="table_coxt01" name="2._Cox_Regression_with_Interaction_Term_"/>
    <testcase time="0.0970000000000084" classname="table_coxt01" name="2._Cox_Regression_with_Interaction_Term_"/>
    <testcase time="0.349999999999994" classname="table_coxt01" name="3._Cox_Regression_specifying_covariates_"/>
    <testcase time="0.102000000000004" classname="table_coxt01" name="3._Cox_Regression_specifying_covariates_"/>
    <testcase time="0.338999999999999" classname="table_coxt01" name="4._Cox_Regression_setting_strata_ties_and_alpha_level_"/>
    <testcase time="0.103999999999999" classname="table_coxt01" name="4._Cox_Regression_setting_strata_ties_and_alpha_level_"/>
  </testsuite>
  <testsuite name="table_coxt02" timestamp="2024-11-26T02:48:08Z" hostname="111c15af3c1d" tests="4" skipped="0" failures="0" errors="0" time="0.632">
    <testcase time="0.256999999999991" classname="table_coxt02" name="COXT02_default_variant_1_is_produced_correctly"/>
    <testcase time="0.0730000000000075" classname="table_coxt02" name="COXT02_default_variant_1_is_produced_correctly"/>
    <testcase time="0.234999999999999" classname="table_coxt02" name="COXT02_variant_5_is_produced_correctly"/>
    <testcase time="0.0669999999999931" classname="table_coxt02" name="COXT02_variant_5_is_produced_correctly"/>
  </testsuite>
  <testsuite name="table_disclosures" timestamp="2024-11-26T02:48:08Z" hostname="111c15af3c1d" tests="12" skipped="0" failures="0" errors="0" time="1.787">
    <testcase time="0.168000000000006" classname="table_disclosures" name="Patient_Disposition_table_is_produced_correctly"/>
    <testcase time="0.0949999999999989" classname="table_disclosures" name="Patient_Disposition_table_is_produced_correctly"/>
    <testcase time="0.176999999999992" classname="table_disclosures" name="Demographic_table_is_produced_correctly"/>
    <testcase time="0.149000000000001" classname="table_disclosures" name="Demographic_table_is_produced_correctly"/>
    <testcase time="0.0840000000000032" classname="table_disclosures" name="Enrollment_by_Country_Table_is_produced_correctly"/>
    <testcase time="0.0949999999999989" classname="table_disclosures" name="Enrollment_by_Country_Table_is_produced_correctly"/>
    <testcase time="0.0720000000000027" classname="table_disclosures" name="Death_table_is_produced_correctly"/>
    <testcase time="0.0549999999999926" classname="table_disclosures" name="Death_table_is_produced_correctly"/>
    <testcase time="0.299000000000007" classname="table_disclosures" name="Table_of_Serious_Adverse_Events_is_produced_correctly_for_one_specific_treatment_arm_"/>
    <testcase time="0.0879999999999939" classname="table_disclosures" name="Table_of_Serious_Adverse_Events_is_produced_correctly_for_one_specific_treatment_arm_"/>
    <testcase time="0.381" classname="table_disclosures" name="Table_of_Non_Serious_Adverse_Events_is_produced_correctly"/>
    <testcase time="0.124000000000009" classname="table_disclosures" name="Table_of_Non_Serious_Adverse_Events_is_produced_correctly"/>
  </testsuite>
  <testsuite name="table_dmt01" timestamp="2024-11-26T02:48:11Z" hostname="111c15af3c1d" tests="10" skipped="0" failures="0" errors="0" time="2.638">
    <testcase time="1.095" classname="table_dmt01" name="DMT01_variant_1_is_produced_correctly"/>
    <testcase time="0.165999999999997" classname="table_dmt01" name="DMT01_variant_1_is_produced_correctly"/>
    <testcase time="0.219999999999999" classname="table_dmt01" name="DMT01_variant_2_is_produced_correctly"/>
    <testcase time="0.158000000000001" classname="table_dmt01" name="DMT01_variant_2_is_produced_correctly"/>
    <testcase time="0.225999999999999" classname="table_dmt01" name="DMT01_variant_3_is_produced_correctly"/>
    <testcase time="0.164000000000001" classname="table_dmt01" name="DMT01_variant_3_is_produced_correctly"/>
    <testcase time="0.167000000000002" classname="table_dmt01" name="DMT01_variant_4_is_produced_correctly"/>
    <testcase time="0.170000000000002" classname="table_dmt01" name="DMT01_variant_4_is_produced_correctly"/>
    <testcase time="0.155999999999992" classname="table_dmt01" name="DMT01_variant_5_is_produced_correctly"/>
    <testcase time="0.116" classname="table_dmt01" name="DMT01_variant_5_is_produced_correctly"/>
  </testsuite>
  <testsuite name="table_dort01" timestamp="2024-11-26T02:48:13Z" hostname="111c15af3c1d" tests="8" skipped="0" failures="0" errors="0" time="1.405">
    <testcase time="0.263000000000005" classname="table_dort01" name="DORT01_variant_1_is_produced_correctly"/>
    <testcase time="0.108000000000004" classname="table_dort01" name="DORT01_variant_1_is_produced_correctly"/>
    <testcase time="0.263999999999996" classname="table_dort01" name="DORT01_variant_2_selecting_sectons_is_produced_correctly"/>
    <testcase time="0.0949999999999989" classname="table_dort01" name="DORT01_variant_2_selecting_sectons_is_produced_correctly"/>
    <testcase time="0.239999999999995" classname="table_dort01" name="DORT01_variant_3_modifying_conftype_and_alpha_level_is_produced_correctly"/>
    <testcase time="0.106000000000009" classname="table_dort01" name="DORT01_variant_3_modifying_conftype_and_alpha_level_is_produced_correctly"/>
    <testcase time="0.233000000000004" classname="table_dort01" name="DORT01_variant_4_modifying_time_point_for_the_xx_duration_is_produced_correctly"/>
    <testcase time="0.0959999999999894" classname="table_dort01" name="DORT01_variant_4_modifying_time_point_for_the_xx_duration_is_produced_correctly"/>
  </testsuite>
  <testsuite name="table_dst01" timestamp="2024-11-26T02:48:14Z" hostname="111c15af3c1d" tests="6" skipped="0" failures="0" errors="0" time="0.718">
    <testcase time="0.134" classname="table_dst01" name="DST01_default_variant_is_produced_correctly"/>
    <testcase time="0.0900000000000034" classname="table_dst01" name="DST01_default_variant_is_produced_correctly"/>
    <testcase time="0.206000000000003" classname="table_dst01" name="DST01_variants_2_and_3_are_produced_correctly"/>
    <testcase time="0.097999999999999" classname="table_dst01" name="DST01_variants_2_and_3_are_produced_correctly"/>
    <testcase time="0.0799999999999983" classname="table_dst01" name="DST01_variants_2_and_3_are_produced_correctly"/>
    <testcase time="0.109999999999999" classname="table_dst01" name="DST01_variants_2_and_3_are_produced_correctly"/>
  </testsuite>
  <testsuite name="table_dtht01" timestamp="2024-11-26T02:48:15Z" hostname="111c15af3c1d" tests="8" skipped="0" failures="0" errors="0" time="1.092">
    <testcase time="0.106999999999999" classname="table_dtht01" name="DTHT01_variant_1_is_produced_correctly"/>
    <testcase time="0.0829999999999984" classname="table_dtht01" name="DTHT01_variant_1_is_produced_correctly"/>
    <testcase time="0.237000000000009" classname="table_dtht01" name="DTHT01_variant_2_is_produced_correctly"/>
    <testcase time="0.157999999999987" classname="table_dtht01" name="DTHT01_variant_2_is_produced_correctly"/>
    <testcase time="0.141000000000005" classname="table_dtht01" name="DTHT01_variant_3_is_produced_correctly"/>
    <testcase time="0.090999999999994" classname="table_dtht01" name="DTHT01_variant_3_is_produced_correctly"/>
    <testcase time="0.167000000000002" classname="table_dtht01" name="DTHT01_variant_4_is_produced_correctly"/>
    <testcase time="0.108000000000004" classname="table_dtht01" name="DTHT01_variant_4_is_produced_correctly"/>
  </testsuite>
  <testsuite name="table_egt01" timestamp="2024-11-26T02:48:17Z" hostname="111c15af3c1d" tests="2" skipped="0" failures="0" errors="0" time="3.182">
    <testcase time="2.43000000000001" classname="table_egt01" name="EGT01_default_variant_is_produced_correctly"/>
    <testcase time="0.751999999999995" classname="table_egt01" name="EGT01_default_variant_is_produced_correctly"/>
  </testsuite>
  <testsuite name="table_egt02" timestamp="2024-11-26T02:48:20Z" hostname="111c15af3c1d" tests="4" skipped="0" failures="0" errors="0" time="1.782">
    <testcase time="1.24299999999999" classname="table_egt02" name="_EGT02_1._Regardless_of_Abnormality_at_Baseline"/>
    <testcase time="0.0750000000000028" classname="table_egt02" name="_EGT02_1._Regardless_of_Abnormality_at_Baseline"/>
    <testcase time="0.391999999999996" classname="table_egt02" name="_EGT02_2._Among_Subjects_Without_Abnormality_at_Baseline"/>
    <testcase time="0.0720000000000027" classname="table_egt02" name="_EGT02_2._Among_Subjects_Without_Abnormality_at_Baseline"/>
  </testsuite>
  <testsuite name="table_egt03" timestamp="2024-11-26T02:48:21Z" hostname="111c15af3c1d" tests="8" skipped="0" failures="0" errors="0" time="1.108">
    <testcase time="0.186999999999998" classname="table_egt03" name="EGT03_variant_1_is_produced_correctly"/>
    <testcase time="0.113" classname="table_egt03" name="EGT03_variant_1_is_produced_correctly"/>
    <testcase time="0.129000000000005" classname="table_egt03" name="EGT03_variant_2_is_produced_correctly"/>
    <testcase time="0.0900000000000034" classname="table_egt03" name="EGT03_variant_2_is_produced_correctly"/>
    <testcase time="0.177999999999997" classname="table_egt03" name="EGT03_variant_3_is_produced_correctly"/>
    <testcase time="0.114000000000004" classname="table_egt03" name="EGT03_variant_3_is_produced_correctly"/>
    <testcase time="0.176000000000002" classname="table_egt03" name="EGT03_variant_4_is_produced_correctly"/>
    <testcase time="0.120999999999995" classname="table_egt03" name="EGT03_variant_4_is_produced_correctly"/>
  </testsuite>
  <testsuite name="table_egt04" timestamp="2024-11-26T02:48:23Z" hostname="111c15af3c1d" tests="2" skipped="0" failures="0" errors="0" time="1.476">
    <testcase time="1.381" classname="table_egt04" name="EGT04_default_variant_is_produced_correctly"/>
    <testcase time="0.0949999999999989" classname="table_egt04" name="EGT04_default_variant_is_produced_correctly"/>
  </testsuite>
  <testsuite name="table_egt05_qtcat" timestamp="2024-11-26T02:48:25Z" hostname="111c15af3c1d" tests="2" skipped="0" failures="0" errors="0" time="2.031">
    <testcase time="1.607" classname="table_egt05_qtcat" name="EGT05_QTCAT_default_variant_is_produced_correctly"/>
    <testcase time="0.424000000000007" classname="table_egt05_qtcat" name="EGT05_QTCAT_default_variant_is_produced_correctly"/>
  </testsuite>
  <testsuite name="table_ent" timestamp="2024-11-26T02:48:26Z" hostname="111c15af3c1d" tests="8" skipped="0" failures="0" errors="0" time="12.496">
    <testcase time="3.071" classname="table_ent" name="ENT01_IT_is_produced_correctly"/>
    <testcase time="0.536999999999992" classname="table_ent" name="ENT01_IT_is_produced_correctly"/>
    <testcase time="2.086" classname="table_ent" name="ENT01a_IT_is_produced_correctly"/>
    <testcase time="0.509" classname="table_ent" name="ENT01a_IT_is_produced_correctly"/>
    <testcase time="3.271" classname="table_ent" name="ENT02_IT_is_produced_correctly"/>
    <testcase time="0.527999999999992" classname="table_ent" name="ENT02_IT_is_produced_correctly"/>
    <testcase time="1.97800000000001" classname="table_ent" name="ENT02a_IT_is_produced_correctly"/>
    <testcase time="0.515999999999991" classname="table_ent" name="ENT02a_IT_is_produced_correctly"/>
  </testsuite>
  <testsuite name="table_eudrat01" timestamp="2024-11-26T02:48:38Z" hostname="111c15af3c1d" tests="2" skipped="0" failures="0" errors="0" time="0.55">
    <testcase time="0.421000000000021" classname="table_eudrat01" name="EUDRAT01_is_produced_correctly"/>
    <testcase time="0.128999999999991" classname="table_eudrat01" name="EUDRAT01_is_produced_correctly"/>
  </testsuite>
  <testsuite name="table_eudrat02" timestamp="2024-11-26T02:48:39Z" hostname="111c15af3c1d" tests="2" skipped="0" failures="0" errors="0" time="0.437">
    <testcase time="0.34899999999999" classname="table_eudrat02" name="EUDRAT02_is_produced_correctly"/>
    <testcase time="0.0880000000000223" classname="table_eudrat02" name="EUDRAT02_is_produced_correctly"/>
  </testsuite>
  <testsuite name="table_ext01" timestamp="2024-11-26T02:48:39Z" hostname="111c15af3c1d" tests="6" skipped="0" failures="0" errors="0" time="1.447">
    <testcase time="0.338999999999999" classname="table_ext01" name="EXT01_default_variant_with_numeric_parameters_is_produced_correctly"/>
    <testcase time="0.156999999999982" classname="table_ext01" name="EXT01_default_variant_with_numeric_parameters_is_produced_correctly"/>
    <testcase time="0.240000000000009" classname="table_ext01" name="EXT01_variant_with_both_numeric_and_categorical_parameters"/>
    <testcase time="0.191000000000003" classname="table_ext01" name="EXT01_variant_with_both_numeric_and_categorical_parameters"/>
    <testcase time="0.292000000000002" classname="table_ext01" name="EXT01_variant_with_user_specified_categories_for_missed_doses"/>
    <testcase time="0.228000000000009" classname="table_ext01" name="EXT01_variant_with_user_specified_categories_for_missed_doses"/>
  </testsuite>
  <testsuite name="table_lbt01" timestamp="2024-11-26T02:48:41Z" hostname="111c15af3c1d" tests="2" skipped="0" failures="0" errors="0" time="1.878">
    <testcase time="1.40199999999999" classname="table_lbt01" name="LBT01_default_variant_is_produced_correctly"/>
    <testcase time="0.475999999999999" classname="table_lbt01" name="LBT01_default_variant_is_produced_correctly"/>
  </testsuite>
  <testsuite name="table_lbt02" timestamp="2024-11-26T02:48:42Z" hostname="111c15af3c1d" tests="2" skipped="0" failures="0" errors="0" time="1.282">
    <testcase time="0.802999999999997" classname="table_lbt02" name="LBT02_default_variant_is_produced_correctly"/>
    <testcase time="0.479000000000013" classname="table_lbt02" name="LBT02_default_variant_is_produced_correctly"/>
  </testsuite>
  <testsuite name="table_lbt03" timestamp="2024-11-26T02:48:44Z" hostname="111c15af3c1d" tests="2" skipped="0" failures="0" errors="0" time="0.243">
    <testcase time="0.150999999999982" classname="table_lbt03" name="LBT03_default_variant_is_produced_correctly"/>
    <testcase time="0.092000000000013" classname="table_lbt03" name="LBT03_default_variant_is_produced_correctly"/>
  </testsuite>
  <testsuite name="table_lbt04" timestamp="2024-11-26T02:48:44Z" hostname="111c15af3c1d" tests="2" skipped="0" failures="0" errors="0" time="1.216">
    <testcase time="1.02499999999998" classname="table_lbt04" name="LBT04_default_variant_is_produced_correctly"/>
    <testcase time="0.191000000000003" classname="table_lbt04" name="LBT04_default_variant_is_produced_correctly"/>
  </testsuite>
  <testsuite name="table_lbt05" timestamp="2024-11-26T02:48:46Z" hostname="111c15af3c1d" tests="6" skipped="0" failures="0" errors="0" time="6.454">
    <testcase time="2.05700000000002" classname="table_lbt05" name="LBT05_variant_1_is_produced_correctly"/>
    <testcase time="0.388999999999982" classname="table_lbt05" name="LBT05_variant_1_is_produced_correctly"/>
    <testcase time="1.40600000000001" classname="table_lbt05" name="LBT05_variant_2_is_produced_correctly"/>
    <testcase time="0.504000000000019" classname="table_lbt05" name="LBT05_variant_2_is_produced_correctly"/>
    <testcase time="1.72799999999998" classname="table_lbt05" name="LBT05_variant_4_is_produced_correctly"/>
    <testcase time="0.370000000000005" classname="table_lbt05" name="LBT05_variant_4_is_produced_correctly"/>
  </testsuite>
  <testsuite name="table_lbt06" timestamp="2024-11-26T02:48:52Z" hostname="111c15af3c1d" tests="2" skipped="0" failures="0" errors="0" time="0.517">
    <testcase time="0.337000000000018" classname="table_lbt06" name="LBT06_default_variant_is_produced_correctly"/>
    <testcase time="0.179999999999978" classname="table_lbt06" name="LBT06_default_variant_is_produced_correctly"/>
  </testsuite>
  <testsuite name="table_lbt07" timestamp="2024-11-26T02:48:53Z" hostname="111c15af3c1d" tests="2" skipped="0" failures="0" errors="0" time="2.356">
    <testcase time="2.04000000000002" classname="table_lbt07" name="LBT07_is_produced_correctly"/>
    <testcase time="0.315999999999974" classname="table_lbt07" name="LBT07_is_produced_correctly"/>
  </testsuite>
  <testsuite name="table_lbt08" timestamp="2024-11-26T02:48:55Z" hostname="111c15af3c1d" tests="2" skipped="0" failures="0" errors="0" time="0.39">
    <testcase time="0.277000000000015" classname="table_lbt08" name="LBT08_produce_correctly"/>
    <testcase time="0.113" classname="table_lbt08" name="LBT08_produce_correctly"/>
  </testsuite>
  <testsuite name="table_lbt09" timestamp="2024-11-26T02:48:55Z" hostname="111c15af3c1d" tests="4" skipped="0" failures="0" errors="0" time="0.969">
    <testcase time="0.328000000000003" classname="table_lbt09" name="LBT09_variant_1_works_as_expected"/>
    <testcase time="0.162000000000006" classname="table_lbt09" name="LBT09_variant_1_works_as_expected"/>
    <testcase time="0.304999999999978" classname="table_lbt09" name="LBT09_variant_2_works_as_expected"/>
    <testcase time="0.174000000000007" classname="table_lbt09" name="LBT09_variant_2_works_as_expected"/>
  </testsuite>
  <testsuite name="table_lbt10" timestamp="2024-11-26T02:48:56Z" hostname="111c15af3c1d" tests="4" skipped="0" failures="0" errors="0" time="1.253">
    <testcase time="0.705000000000013" classname="table_lbt10" name="LBT10_variant_1_works_as_expected"/>
    <testcase time="0.0729999999999791" classname="table_lbt10" name="LBT10_variant_1_works_as_expected"/>
    <testcase time="0.414000000000016" classname="table_lbt10" name="LBT10_variant_2_works_as_expected"/>
    <testcase time="0.061000000000007" classname="table_lbt10" name="LBT10_variant_2_works_as_expected"/>
  </testsuite>
  <testsuite name="table_lbt10_bl" timestamp="2024-11-26T02:48:57Z" hostname="111c15af3c1d" tests="4" skipped="0" failures="0" errors="0" time="0.507">
    <testcase time="0.244999999999976" classname="table_lbt10_bl" name="LBT10_BL_variant_1_works_as_expected"/>
    <testcase time="0.085000000000008" classname="table_lbt10_bl" name="LBT10_BL_variant_1_works_as_expected"/>
    <testcase time="0.116000000000014" classname="table_lbt10_bl" name="LBT10_BL_variant_2_works_as_expected"/>
    <testcase time="0.0609999999999786" classname="table_lbt10_bl" name="LBT10_BL_variant_2_works_as_expected"/>
  </testsuite>
  <testsuite name="table_lbt11" timestamp="2024-11-26T02:48:58Z" hostname="111c15af3c1d" tests="6" skipped="0" failures="0" errors="0" time="0.76">
    <testcase time="0.193000000000012" classname="table_lbt11" name="LBT11_variant_1_works_as_expected"/>
    <testcase time="0.109000000000009" classname="table_lbt11" name="LBT11_variant_1_works_as_expected"/>
    <testcase time="0.0919999999999845" classname="table_lbt11" name="LBT11_variant_2_works_as_expected"/>
    <testcase time="0.0829999999999984" classname="table_lbt11" name="LBT11_variant_2_works_as_expected"/>
    <testcase time="0.171000000000021" classname="table_lbt11" name="LBT11_variant_3_works_as_expected"/>
    <testcase time="0.111999999999995" classname="table_lbt11" name="LBT11_variant_3_works_as_expected"/>
  </testsuite>
  <testsuite name="table_lbt11_bl" timestamp="2024-11-26T02:48:58Z" hostname="111c15af3c1d" tests="6" skipped="0" failures="0" errors="0" time="0.868">
    <testcase time="0.204000000000008" classname="table_lbt11_bl" name="LBT11_BL_variant_1_works_as_expected"/>
    <testcase time="0.128999999999991" classname="table_lbt11_bl" name="LBT11_BL_variant_1_works_as_expected"/>
    <testcase time="0.102000000000004" classname="table_lbt11_bl" name="LBT11_BL_variant_2_works_as_expected"/>
    <testcase time="0.0900000000000034" classname="table_lbt11_bl" name="LBT11_BL_variant_2_works_as_expected"/>
    <testcase time="0.207999999999998" classname="table_lbt11_bl" name="LBT11_BL_variant_3_works_as_expected"/>
    <testcase time="0.134999999999991" classname="table_lbt11_bl" name="LBT11_BL_variant_3_works_as_expected"/>
  </testsuite>
  <testsuite name="table_lbt12" timestamp="2024-11-26T02:48:59Z" hostname="111c15af3c1d" tests="2" skipped="0" failures="0" errors="0" time="0.384">
    <testcase time="0.300000000000011" classname="table_lbt12" name="LBT12_works_as_expected"/>
    <testcase time="0.0839999999999748" classname="table_lbt12" name="LBT12_works_as_expected"/>
  </testsuite>
  <testsuite name="table_lbt12_bl" timestamp="2024-11-26T02:49:00Z" hostname="111c15af3c1d" tests="2" skipped="0" failures="0" errors="0" time="0.391">
    <testcase time="0.29000000000002" classname="table_lbt12_bl" name="LBT12_BL_works_as_expected"/>
    <testcase time="0.100999999999999" classname="table_lbt12_bl" name="LBT12_BL_works_as_expected"/>
  </testsuite>
  <testsuite name="table_lbt13" timestamp="2024-11-26T02:49:01Z" hostname="111c15af3c1d" tests="10" skipped="0" failures="0" errors="0" time="2.309">
    <testcase time="0.774000000000001" classname="table_lbt13" name="LBT13_variant_1_LOW_works_as_expected"/>
    <testcase time="0.10299999999998" classname="table_lbt13" name="LBT13_variant_1_LOW_works_as_expected"/>
    <testcase time="0.143000000000001" classname="table_lbt13" name="LBT13_variant_2_HIGH_works_as_expected"/>
    <testcase time="0.0640000000000214" classname="table_lbt13" name="LBT13_variant_2_HIGH_works_as_expected"/>
    <testcase time="0.25" classname="table_lbt13" name="LBT13_variant_3_LOW_without_baseline_missing_works_as_expected"/>
    <testcase time="0.09699999999998" classname="table_lbt13" name="LBT13_variant_3_LOW_without_baseline_missing_works_as_expected"/>
    <testcase time="0.14500000000001" classname="table_lbt13" name="LBT13_variant_4_HIGH_with_missing_baseline_considered_as_grade_0_works_as_expected"/>
    <testcase time="0.0749999999999886" classname="table_lbt13" name="LBT13_variant_4_HIGH_with_missing_baseline_considered_as_grade_0_works_as_expected"/>
    <testcase time="0.431000000000012" classname="table_lbt13" name="LBT14_variant_5_HIGH_with_filled_in_grades_works_as_expected"/>
    <testcase time="0.227000000000004" classname="table_lbt13" name="LBT14_variant_5_HIGH_with_filled_in_grades_works_as_expected"/>
  </testsuite>
  <testsuite name="table_lbt14" timestamp="2024-11-26T02:49:03Z" hostname="111c15af3c1d" tests="10" skipped="0" failures="0" errors="0" time="27.404">
    <testcase time="5.64099999999999" classname="table_lbt14" name="LBT14_variant_1_HIGH_works_as_expected"/>
    <testcase time="0.426000000000016" classname="table_lbt14" name="LBT14_variant_1_HIGH_works_as_expected"/>
    <testcase time="4.71499999999997" classname="table_lbt14" name="LBT14_variant_2_LOW_works_as_expected"/>
    <testcase time="0.320000000000022" classname="table_lbt14" name="LBT14_variant_2_LOW_works_as_expected"/>
    <testcase time="3.113" classname="table_lbt14" name="LBT14_variant_3_LOW_without_baseline_missing_works_as_expected"/>
    <testcase time="0.381" classname="table_lbt14" name="LBT14_variant_3_LOW_without_baseline_missing_works_as_expected"/>
    <testcase time="4.66" classname="table_lbt14" name="LBT14_variant_4_LOW_and_force_1_missing_both_baseline_and_post_baseline_then_force_the_missing_baseline_as_0_as_expected"/>
    <testcase time="0.244" classname="table_lbt14" name="LBT14_variant_4_LOW_and_force_1_missing_both_baseline_and_post_baseline_then_force_the_missing_baseline_as_0_as_expected"/>
    <testcase time="5.131" classname="table_lbt14" name="LBT14_variant_5_HIGH_with_fillings_works_as_expected"/>
    <testcase time="2.773" classname="table_lbt14" name="LBT14_variant_5_HIGH_with_fillings_works_as_expected"/>
  </testsuite>
  <testsuite name="table_lbt15" timestamp="2024-11-26T02:49:30Z" hostname="111c15af3c1d" tests="4" skipped="0" failures="0" errors="0" time="1.762">
    <testcase time="0.60499999999999" classname="table_lbt15" name="LBT15_variant_1_works_as_expected"/>
    <testcase time="0.189000000000021" classname="table_lbt15" name="LBT15_variant_1_works_as_expected"/>
    <testcase time="0.526999999999987" classname="table_lbt15" name="LBT15_variant_2_works_as_expected"/>
    <testcase time="0.441000000000003" classname="table_lbt15" name="LBT15_variant_2_works_as_expected"/>
  </testsuite>
  <testsuite name="table_lgrt02" timestamp="2024-11-26T02:49:32Z" hostname="111c15af3c1d" tests="8" skipped="0" failures="0" errors="0" time="2.595">
    <testcase time="0.477000000000004" classname="table_lgrt02" name="LGRT02_without_interaction_term_is_produced_correctly"/>
    <testcase time="0.13900000000001" classname="table_lgrt02" name="LGRT02_without_interaction_term_is_produced_correctly"/>
    <testcase time="0.530999999999977" classname="table_lgrt02" name="LGRT02_with_categorical_interaction_is_produced_correctly"/>
    <testcase time="0.162000000000006" classname="table_lgrt02" name="LGRT02_with_categorical_interaction_is_produced_correctly"/>
    <testcase time="0.531000000000006" classname="table_lgrt02" name="LGRT02_with_continuous_interaction_is_produced_correctly"/>
    <testcase time="0.162000000000006" classname="table_lgrt02" name="LGRT02_with_continuous_interaction_is_produced_correctly"/>
    <testcase time="0.460999999999984" classname="table_lgrt02" name="LGRT02_with_setting_values_indicating_an_event_and_custom_alpha_level_is_produced_correctly"/>
    <testcase time="0.132000000000005" classname="table_lgrt02" name="LGRT02_with_setting_values_indicating_an_event_and_custom_alpha_level_is_produced_correctly"/>
  </testsuite>
  <testsuite name="table_mht01" timestamp="2024-11-26T02:49:34Z" hostname="111c15af3c1d" tests="8" skipped="0" failures="0" errors="0" time="1.394">
    <testcase time="0.296999999999997" classname="table_mht01" name="MHT01_variant_1_is_produced_accurately"/>
    <testcase time="0.123999999999995" classname="table_mht01" name="MHT01_variant_1_is_produced_accurately"/>
    <testcase time="0.100999999999999" classname="table_mht01" name="MHT01_variant_2_is_produced_accurately"/>
    <testcase time="0.0660000000000025" classname="table_mht01" name="MHT01_variant_2_is_produced_accurately"/>
    <testcase time="0.236000000000018" classname="table_mht01" name="MHT01_variant_3_is_produced_accurately"/>
    <testcase time="0.11699999999999" classname="table_mht01" name="MHT01_variant_3_is_produced_accurately"/>
    <testcase time="0.306999999999988" classname="table_mht01" name="MHT01_variant_5_is_produced_accurately"/>
    <testcase time="0.146000000000015" classname="table_mht01" name="MHT01_variant_5_is_produced_accurately"/>
  </testsuite>
  <testsuite name="table_onct05" timestamp="2024-11-26T02:49:36Z" hostname="111c15af3c1d" tests="8" skipped="0" failures="0" errors="0" time="1.877">
    <testcase time="0.401999999999987" classname="table_onct05" name="ONCT05_variant_1_Objective_Response_Rate_by_Subgroup_is_produced_correctly"/>
    <testcase time="0.113" classname="table_onct05" name="ONCT05_variant_1_Objective_Response_Rate_by_Subgroup_is_produced_correctly"/>
    <testcase time="0.449000000000012" classname="table_onct05" name="ONCT05_variant_2_Specifying_class_variables_is_produced_correctly"/>
    <testcase time="0.111999999999995" classname="table_onct05" name="ONCT05_variant_2_Specifying_class_variables_is_produced_correctly"/>
    <testcase time="0.195999999999998" classname="table_onct05" name="ONCT05_variant_3_selecting_columns_and_changing_the_alpha_level_is_produced_correctly"/>
    <testcase time="0.078000000000003" classname="table_onct05" name="ONCT05_variant_3_selecting_columns_and_changing_the_alpha_level_is_produced_correctly"/>
    <testcase time="0.409999999999997" classname="table_onct05" name="ONCT05_variant_4_setting_values_indicating_response_is_produced_correctly"/>
    <testcase time="0.117000000000019" classname="table_onct05" name="ONCT05_variant_4_setting_values_indicating_response_is_produced_correctly"/>
  </testsuite>
  <testsuite name="table_pdt01" timestamp="2024-11-26T02:49:37Z" hostname="111c15af3c1d" tests="2" skipped="0" failures="0" errors="0" time="0.376">
    <testcase time="0.238" classname="table_pdt01" name="PDT01_is_produced_correctly"/>
    <testcase time="0.137999999999977" classname="table_pdt01" name="PDT01_is_produced_correctly"/>
  </testsuite>
  <testsuite name="table_pdt02" timestamp="2024-11-26T02:49:38Z" hostname="111c15af3c1d" tests="2" skipped="0" failures="0" errors="0" time="0.222">
    <testcase time="0.150000000000006" classname="table_pdt02" name="PDT02_is_produced_correctly"/>
    <testcase time="0.0720000000000027" classname="table_pdt02" name="PDT02_is_produced_correctly"/>
  </testsuite>
  <testsuite name="table_pkct01" timestamp="2024-11-26T02:49:38Z" hostname="111c15af3c1d" tests="10" skipped="0" failures="0" errors="0" time="2.913">
    <testcase time="0.257000000000005" classname="table_pkct01" name="PKCT01_is_produced_correctly"/>
    <testcase time="0.0840000000000032" classname="table_pkct01" name="PKCT01_is_produced_correctly"/>
    <testcase time="0.12299999999999" classname="table_pkct01" name="PKCT01_is_produced_correctly"/>
    <testcase time="0.0529999999999973" classname="table_pkct01" name="PKCT01_is_produced_correctly"/>
    <testcase time="0.840000000000003" classname="table_pkct01" name="Specific_PKCT01_features_are_present"/>
    <testcase time="0.205999999999989" classname="table_pkct01" name="Specific_PKCT01_features_are_present"/>
    <testcase time="0.177000000000021" classname="table_pkct01" name="Specific_PKCT01_features_are_present"/>
    <testcase time="0.00199999999998113" classname="table_pkct01" name="Specific_PKCT01_features_are_present"/>
    <testcase time="0.649000000000001" classname="table_pkct01" name="Specific_PKCT01_features_are_present"/>
    <testcase time="0.52200000000002" classname="table_pkct01" name="Specific_PKCT01_features_are_present"/>
  </testsuite>
  <testsuite name="table_pkpt02" timestamp="2024-11-26T02:49:41Z" hostname="111c15af3c1d" tests="2" skipped="0" failures="0" errors="0" time="0.519">
    <testcase time="0.286999999999978" classname="table_pkpt02" name="PKPT02_is_produced_correctly_for_Drug_X"/>
    <testcase time="0.231999999999999" classname="table_pkpt02" name="PKPT02_is_produced_correctly_for_Drug_X"/>
  </testsuite>
  <testsuite name="table_pkpt03" timestamp="2024-11-26T02:49:41Z" hostname="111c15af3c1d" tests="2" skipped="0" failures="0" errors="0" time="1.092">
    <testcase time="0.904000000000025" classname="table_pkpt03" name="PKPT03_Drug_X_is_produced_correctly"/>
    <testcase time="0.187999999999988" classname="table_pkpt03" name="PKPT03_Drug_X_is_produced_correctly"/>
  </testsuite>
  <testsuite name="table_pkpt04" timestamp="2024-11-26T02:49:43Z" hostname="111c15af3c1d" tests="2" skipped="0" failures="0" errors="0" time="0.176">
    <testcase time="0.0929999999999893" classname="table_pkpt04" name="PKPT04_is_produced_correctly_for_Drug_X"/>
    <testcase time="0.0829999999999984" classname="table_pkpt04" name="PKPT04_is_produced_correctly_for_Drug_X"/>
  </testsuite>
  <testsuite name="table_pkpt05" timestamp="2024-11-26T02:49:43Z" hostname="111c15af3c1d" tests="2" skipped="0" failures="0" errors="0" time="0.392">
    <testcase time="0.284999999999997" classname="table_pkpt05" name="PKPT05_Drug_X_is_produced_correctly"/>
    <testcase time="0.106999999999999" classname="table_pkpt05" name="PKPT05_Drug_X_is_produced_correctly"/>
  </testsuite>
  <testsuite name="table_pkpt06" timestamp="2024-11-26T02:49:43Z" hostname="111c15af3c1d" tests="4" skipped="0" failures="0" errors="0" time="0.265">
    <testcase time="0.0829999999999984" classname="table_pkpt06" name="PKPT06_is_produced_correctly_for_Drug_X"/>
    <testcase time="0.0750000000000171" classname="table_pkpt06" name="PKPT06_is_produced_correctly_for_Drug_X"/>
    <testcase time="0.0490000000000066" classname="table_pkpt06" name="PKPT06_is_produced_correctly_for_Drug_Y"/>
    <testcase time="0.0579999999999927" classname="table_pkpt06" name="PKPT06_is_produced_correctly_for_Drug_Y"/>
  </testsuite>
  <testsuite name="table_pkpt07" timestamp="2024-11-26T02:49:43Z" hostname="111c15af3c1d" tests="4" skipped="0" failures="0" errors="0" time="0.508">
    <testcase time="0.210000000000008" classname="table_pkpt07" name="PKPT07_Drug_X_is_produced_correctly"/>
    <testcase time="0.0929999999999893" classname="table_pkpt07" name="PKPT07_Drug_X_is_produced_correctly"/>
    <testcase time="0.12299999999999" classname="table_pkpt07" name="PKPT07_Drug_Y_is_produced_correctly"/>
    <testcase time="0.0819999999999936" classname="table_pkpt07" name="PKPT07_Drug_Y_is_produced_correctly"/>
  </testsuite>
  <testsuite name="table_ratet01" timestamp="2024-11-26T02:49:44Z" hostname="111c15af3c1d" tests="2" skipped="0" failures="0" errors="0" time="0.663">
    <testcase time="0.546000000000021" classname="table_ratet01" name="RATET01_is_produced_correctly"/>
    <testcase time="0.11699999999999" classname="table_ratet01" name="RATET01_is_produced_correctly"/>
  </testsuite>
  <testsuite name="table_rmpt01" timestamp="2024-11-26T02:49:45Z" hostname="111c15af3c1d" tests="2" skipped="0" failures="0" errors="0" time="0.196">
    <testcase time="0.140999999999991" classname="table_rmpt01" name="RMPT01_is_produced_correctly"/>
    <testcase time="0.0550000000000068" classname="table_rmpt01" name="RMPT01_is_produced_correctly"/>
  </testsuite>
  <testsuite name="table_rmpt03" timestamp="2024-11-26T02:49:45Z" hostname="111c15af3c1d" tests="4" skipped="0" failures="0" errors="0" time="0.515">
    <testcase time="0.198999999999984" classname="table_rmpt03" name="RMPT03_variant_1_is_produced_correctly"/>
    <testcase time="0.0790000000000077" classname="table_rmpt03" name="RMPT03_variant_1_is_produced_correctly"/>
    <testcase time="0.153999999999996" classname="table_rmpt03" name="RMPT03_variant_2_is_produced_correctly"/>
    <testcase time="0.0829999999999984" classname="table_rmpt03" name="RMPT03_variant_2_is_produced_correctly"/>
  </testsuite>
  <testsuite name="table_rmpt04" timestamp="2024-11-26T02:49:45Z" hostname="111c15af3c1d" tests="2" skipped="0" failures="0" errors="0" time="0.195">
    <testcase time="0.125" classname="table_rmpt04" name="RMPT04_variant_1_is_produced_correctly"/>
    <testcase time="0.0700000000000216" classname="table_rmpt04" name="RMPT04_variant_1_is_produced_correctly"/>
  </testsuite>
  <testsuite name="table_rmpt05" timestamp="2024-11-26T02:49:45Z" hostname="111c15af3c1d" tests="2" skipped="0" failures="0" errors="0" time="0.219">
    <testcase time="0.139999999999986" classname="table_rmpt05" name="RMPT05_is_produced_correctly"/>
    <testcase time="0.0790000000000077" classname="table_rmpt05" name="RMPT05_is_produced_correctly"/>
  </testsuite>
  <testsuite name="table_rmpt06" timestamp="2024-11-26T02:49:46Z" hostname="111c15af3c1d" tests="8" skipped="0" failures="0" errors="0" time="1.477">
    <testcase time="0.288999999999987" classname="table_rmpt06" name="RMPT06_variant_1_is_produced_correctly"/>
    <testcase time="0.102000000000004" classname="table_rmpt06" name="RMPT06_variant_1_is_produced_correctly"/>
    <testcase time="0.194999999999993" classname="table_rmpt06" name="RMPT06_variant_2_is_produced_correctly"/>
    <testcase time="0.0900000000000034" classname="table_rmpt06" name="RMPT06_variant_2_is_produced_correctly"/>
    <testcase time="0.295999999999992" classname="table_rmpt06" name="RMPT06_variant_3_is_produced_correctly"/>
    <testcase time="0.110000000000014" classname="table_rmpt06" name="RMPT06_variant_3_is_produced_correctly"/>
    <testcase time="0.272999999999996" classname="table_rmpt06" name="RMPT06_variant_4_is_produced_correctly"/>
    <testcase time="0.121999999999986" classname="table_rmpt06" name="RMPT06_variant_4_is_produced_correctly"/>
  </testsuite>
  <testsuite name="table_rspt01" timestamp="2024-11-26T02:49:47Z" hostname="111c15af3c1d" tests="12" skipped="0" failures="0" errors="0" time="2.215">
    <testcase time="0.261000000000024" classname="table_rspt01" name="RSPT01_1._Best_Overall_Response"/>
    <testcase time="0.11699999999999" classname="table_rspt01" name="RSPT01_1._Best_Overall_Response"/>
    <testcase time="0.228000000000009" classname="table_rspt01" name="RSPT01_2._Best_Overall_Response_selecting_sections_to_display_"/>
    <testcase time="0.106999999999999" classname="table_rspt01" name="RSPT01_2._Best_Overall_Response_selecting_sections_to_display_"/>
    <testcase time="0.289999999999992" classname="table_rspt01" name="RSPT01_3._Best_Overall_Response_modifying_settings_"/>
    <testcase time="0.115999999999985" classname="table_rspt01" name="RSPT01_3._Best_Overall_Response_modifying_settings_"/>
    <testcase time="0.314999999999998" classname="table_rspt01" name="RSPT01_4._Best_Overall_Response_with_stratified_analysis_"/>
    <testcase time="0.13300000000001" classname="table_rspt01" name="RSPT01_4._Best_Overall_Response_with_stratified_analysis_"/>
    <testcase time="0.25" classname="table_rspt01" name="RSPT01_5._Best_Overall_Response_modifying_the_definition_of_overall_response_"/>
    <testcase time="0.10499999999999" classname="table_rspt01" name="RSPT01_5._Best_Overall_Response_modifying_the_definition_of_overall_response_"/>
    <testcase time="0.202000000000027" classname="table_rspt01" name="RSPT01_6._Best_Overall_Response_define_new_sections_to_display_"/>
    <testcase time="0.0909999999999798" classname="table_rspt01" name="RSPT01_6._Best_Overall_Response_define_new_sections_to_display_"/>
  </testsuite>
  <testsuite name="table_ttet01" timestamp="2024-11-26T02:49:49Z" hostname="111c15af3c1d" tests="14" skipped="0" failures="0" errors="0" time="3.296">
    <testcase time="0.39500000000001" classname="table_ttet01" name="TTET01_default_variant_is_produced_correctly"/>
    <testcase time="0.169999999999987" classname="table_ttet01" name="TTET01_default_variant_is_produced_correctly"/>
    <testcase time="0.360000000000014" classname="table_ttet01" name="TTET01_default_variant_with_Placebo_arm"/>
    <testcase time="0.174999999999983" classname="table_ttet01" name="TTET01_default_variant_with_Placebo_arm"/>
    <testcase time="0.198000000000008" classname="table_ttet01" name="TTET01_variant_2_selecting_sections_to_display"/>
    <testcase time="0.108000000000004" classname="table_ttet01" name="TTET01_variant_2_selecting_sections_to_display"/>
    <testcase time="0.299000000000007" classname="table_ttet01" name="TTET01_variant_3_modifying_analysis_details_like_conftype_ties_alpha_level"/>
    <testcase time="0.127999999999986" classname="table_ttet01" name="TTET01_variant_3_modifying_analysis_details_like_conftype_ties_alpha_level"/>
    <testcase time="0.356999999999999" classname="table_ttet01" name="TTET01_variant_4_with_stratified_analysis"/>
    <testcase time="0.155000000000001" classname="table_ttet01" name="TTET01_variant_4_with_stratified_analysis"/>
    <testcase time="0.307000000000016" classname="table_ttet01" name="TTET01_variant_5_modifying_time_point"/>
    <testcase time="0.128999999999991" classname="table_ttet01" name="TTET01_variant_5_modifying_time_point"/>
    <testcase time="0.378000000000014" classname="table_ttet01" name="TTET01_variant_6_requesting_more_than_one_p_value"/>
    <testcase time="0.137" classname="table_ttet01" name="TTET01_variant_6_requesting_more_than_one_p_value"/>
  </testsuite>
  <testsuite name="table_vst01" timestamp="2024-11-26T02:49:54Z" hostname="111c15af3c1d" tests="2" skipped="0" failures="0" errors="0" time="2.094">
    <testcase time="1.65599999999998" classname="table_vst01" name="VST01_default_variant_is_produced_correctly"/>
    <testcase time="0.438000000000017" classname="table_vst01" name="VST01_default_variant_is_produced_correctly"/>
  </testsuite>
  <testsuite name="table_vst02" timestamp="2024-11-26T02:49:55Z" hostname="111c15af3c1d" tests="4" skipped="0" failures="0" errors="0" time="1.497">
    <testcase time="1.03799999999998" classname="table_vst02" name="1._Vital_Sign_Abnormalities_Regardless_of_Abnormality_at_Baseline_VST02_1_"/>
    <testcase time="0.0940000000000225" classname="table_vst02" name="1._Vital_Sign_Abnormalities_Regardless_of_Abnormality_at_Baseline_VST02_1_"/>
    <testcase time="0.253999999999991" classname="table_vst02" name="2._Vital_Sign_Abnormalities_Among_Subject_Without_Abnormality_at_Baseline_VST02_2_"/>
    <testcase time="0.11099999999999" classname="table_vst02" name="2._Vital_Sign_Abnormalities_Among_Subject_Without_Abnormality_at_Baseline_VST02_2_"/>
  </testsuite>
</testsuites>
