<?xml version="1.0" encoding="UTF-8"?>
<testsuites>
  <testsuite name="listing_adal02" timestamp="2024-11-27T08:51:59Z" hostname="e76aa7339bf7" tests="1" skipped="0" failures="0" errors="0" time="0.26">
    <testcase time="0.260000000000001" classname="listing_adal02" name="ADAL02_listing_is_produced_correctly"/>
  </testsuite>
  <testsuite name="listing_ael01" timestamp="2024-11-27T08:51:59Z" hostname="e76aa7339bf7" tests="1" skipped="0" failures="0" errors="0" time="0.196">
    <testcase time="0.196" classname="listing_ael01" name="AEL01_listing_is_produced_correctly"/>
  </testsuite>
  <testsuite name="listing_ael01_nollt" timestamp="2024-11-27T08:51:59Z" hostname="e76aa7339bf7" tests="1" skipped="0" failures="0" errors="0" time="0.073">
    <testcase time="0.0730000000000004" classname="listing_ael01_nollt" name="AEL01_NOLLT_listing_is_produced_correctly"/>
  </testsuite>
  <testsuite name="listing_ael02" timestamp="2024-11-27T08:51:59Z" hostname="e76aa7339bf7" tests="1" skipped="0" failures="0" errors="0" time="0.288">
    <testcase time="0.288" classname="listing_ael02" name="AEL02_listing_is_produced_correctly"/>
  </testsuite>
  <testsuite name="listing_ael02_ed" timestamp="2024-11-27T08:51:59Z" hostname="e76aa7339bf7" tests="1" skipped="0" failures="0" errors="0" time="0.334">
    <testcase time="0.334" classname="listing_ael02_ed" name="AEL02_ED_listing_is_produced_correctly"/>
  </testsuite>
  <testsuite name="listing_ael03" timestamp="2024-11-27T08:52:00Z" hostname="e76aa7339bf7" tests="1" skipped="0" failures="0" errors="0" time="0.272">
    <testcase time="0.272" classname="listing_ael03" name="AEL03_listing_is_produced_correctly"/>
  </testsuite>
  <testsuite name="listing_ael04" timestamp="2024-11-27T08:52:00Z" hostname="e76aa7339bf7" tests="1" skipped="0" failures="0" errors="0" time="0.2">
    <testcase time="0.199999999999999" classname="listing_ael04" name="AEL04_listing_is_produced_correctly"/>
  </testsuite>
  <testsuite name="listing_cml01" timestamp="2024-11-27T08:52:00Z" hostname="e76aa7339bf7" tests="1" skipped="0" failures="0" errors="0" time="0.331">
    <testcase time="0.331" classname="listing_cml01" name="CML01_listing_is_produced_correctly"/>
  </testsuite>
  <testsuite name="listing_cml02a_gl" timestamp="2024-11-27T08:52:01Z" hostname="e76aa7339bf7" tests="1" skipped="0" failures="0" errors="0" time="0.114">
    <testcase time="0.114000000000001" classname="listing_cml02a_gl" name="CML02A_GL_listing_is_produced_correctly"/>
  </testsuite>
  <testsuite name="listing_cml02b_gl" timestamp="2024-11-27T08:52:01Z" hostname="e76aa7339bf7" tests="1" skipped="0" failures="0" errors="0" time="0.172">
    <testcase time="0.172000000000001" classname="listing_cml02b_gl" name="CML02B_GL_listing_is_produced_correctly"/>
  </testsuite>
  <testsuite name="listing_dsl01" timestamp="2024-11-27T08:52:01Z" hostname="e76aa7339bf7" tests="1" skipped="0" failures="0" errors="0" time="0.179">
    <testcase time="0.178999999999998" classname="listing_dsl01" name="DSL01_listing_is_produced_correctly"/>
  </testsuite>
  <testsuite name="listing_dsl02" timestamp="2024-11-27T08:52:01Z" hostname="e76aa7339bf7" tests="1" skipped="0" failures="0" errors="0" time="0.072">
    <testcase time="0.072000000000001" classname="listing_dsl02" name="DSL02_listing_is_produced_correctly"/>
  </testsuite>
  <testsuite name="listing_dsur4" timestamp="2024-11-27T08:52:01Z" hostname="e76aa7339bf7" tests="1" skipped="0" failures="0" errors="0" time="0.11">
    <testcase time="0.109999999999999" classname="listing_dsur4" name="DSUR4_listing_is_produced_correctly"/>
  </testsuite>
  <testsuite name="listing_egl01" timestamp="2024-11-27T08:52:01Z" hostname="e76aa7339bf7" tests="1" skipped="0" failures="0" errors="0" time="0.402">
    <testcase time="0.402000000000001" classname="listing_egl01" name="EGL01_listing_is_produced_correctly"/>
  </testsuite>
  <testsuite name="listing_exl01" timestamp="2024-11-27T08:52:02Z" hostname="e76aa7339bf7" tests="1" skipped="0" failures="0" errors="0" time="0.227">
    <testcase time="0.226999999999999" classname="listing_exl01" name="EXL01_listing_is_produced_correctly"/>
  </testsuite>
  <testsuite name="listing_lbl01" timestamp="2024-11-27T08:52:02Z" hostname="e76aa7339bf7" tests="1" skipped="0" failures="0" errors="0" time="0.512">
    <testcase time="0.512" classname="listing_lbl01" name="LBL01_listing_is_produced_correctly"/>
  </testsuite>
  <testsuite name="listing_lbl01_rls" timestamp="2024-11-27T08:52:02Z" hostname="e76aa7339bf7" tests="1" skipped="0" failures="0" errors="0" time="0.513">
    <testcase time="0.513" classname="listing_lbl01_rls" name="LBL01_RLS_listing_is_produced_correctly"/>
  </testsuite>
  <testsuite name="listing_lbl02a" timestamp="2024-11-27T08:52:03Z" hostname="e76aa7339bf7" tests="1" skipped="0" failures="0" errors="0" time="0.251">
    <testcase time="0.251000000000001" classname="listing_lbl02a" name="LBL02A_listing_is_produced_correctly"/>
  </testsuite>
  <testsuite name="listing_lbl02a_rls" timestamp="2024-11-27T08:52:03Z" hostname="e76aa7339bf7" tests="1" skipped="0" failures="0" errors="0" time="0.789">
    <testcase time="0.789" classname="listing_lbl02a_rls" name="LBL02A_RLS_listing_is_produced_correctly"/>
  </testsuite>
  <testsuite name="listing_lbl02b" timestamp="2024-11-27T08:52:04Z" hostname="e76aa7339bf7" tests="1" skipped="0" failures="0" errors="0" time="0.284">
    <testcase time="0.283999999999999" classname="listing_lbl02b" name="LBL02B_listing_is_produced_correctly"/>
  </testsuite>
  <testsuite name="listing_mhl01" timestamp="2024-11-27T08:52:04Z" hostname="e76aa7339bf7" tests="1" skipped="0" failures="0" errors="0" time="0.244">
    <testcase time="0.244000000000002" classname="listing_mhl01" name="MHL01_listing_is_produced_correctly"/>
  </testsuite>
  <testsuite name="listing_oncl01" timestamp="2024-11-27T08:52:05Z" hostname="e76aa7339bf7" tests="1" skipped="0" failures="0" errors="0" time="0.241">
    <testcase time="0.241" classname="listing_oncl01" name="ONCL01_listing_is_produced_correctly"/>
  </testsuite>
  <testsuite name="listing_pkcl01" timestamp="2024-11-27T08:52:05Z" hostname="e76aa7339bf7" tests="1" skipped="0" failures="0" errors="0" time="0.189">
    <testcase time="0.189" classname="listing_pkcl01" name="PKCL01_listing_is_produced_correctly"/>
  </testsuite>
  <testsuite name="listing_pkcl02" timestamp="2024-11-27T08:52:05Z" hostname="e76aa7339bf7" tests="1" skipped="0" failures="0" errors="0" time="0.197">
    <testcase time="0.196999999999999" classname="listing_pkcl02" name="PKCL02_listing_is_produced_correctly"/>
  </testsuite>
  <testsuite name="listing_pkpl01" timestamp="2024-11-27T08:52:05Z" hostname="e76aa7339bf7" tests="1" skipped="0" failures="0" errors="0" time="0.232">
    <testcase time="0.232000000000001" classname="listing_pkpl01" name="PKPL01_listing_is_produced_correctly"/>
  </testsuite>
  <testsuite name="listing_pkpl02" timestamp="2024-11-27T08:52:05Z" hostname="e76aa7339bf7" tests="1" skipped="0" failures="0" errors="0" time="0.15">
    <testcase time="0.149999999999999" classname="listing_pkpl02" name="PKPL02_listing_is_produced_correctly"/>
  </testsuite>
  <testsuite name="listing_pkpl04" timestamp="2024-11-27T08:52:06Z" hostname="e76aa7339bf7" tests="1" skipped="0" failures="0" errors="0" time="0.194">
    <testcase time="0.194000000000001" classname="listing_pkpl04" name="PKPL04_listing_is_produced_correctly"/>
  </testsuite>
  <testsuite name="listing_vsl01" timestamp="2024-11-27T08:52:06Z" hostname="e76aa7339bf7" tests="1" skipped="0" failures="0" errors="0" time="0.433">
    <testcase time="0.433" classname="listing_vsl01" name="VSL01_listing_is_produced_correctly"/>
  </testsuite>
  <testsuite name="pagination_listing" timestamp="2024-11-27T08:52:06Z" hostname="e76aa7339bf7" tests="13" skipped="0" failures="0" errors="0" time="5.609">
    <testcase time="0.0289999999999999" classname="pagination_listing" name="Direct_pagination_works_fine"/>
    <testcase time="0.933999999999999" classname="pagination_listing" name="Direct_pagination_works_fine"/>
    <testcase time="0.00300000000000011" classname="pagination_listing" name="Direct_pagination_works_fine"/>
    <testcase time="0.859" classname="pagination_listing" name="Direct_pagination_works_fine"/>
    <testcase time="1.193" classname="pagination_listing" name="Direct_pagination_works_fine"/>
    <testcase time="1.267" classname="pagination_listing" name="pagination_counts_the_right_number_of_lines_when_wrapping_on_keycols_is_present"/>
    <testcase time="0.00600000000000023" classname="pagination_listing" name="pagination_counts_the_right_number_of_lines_when_wrapping_on_keycols_is_present"/>
    <testcase time="0.00499999999999901" classname="pagination_listing" name="pagination_counts_the_right_number_of_lines_when_wrapping_on_keycols_is_present"/>
    <testcase time="0.00300000000000011" classname="pagination_listing" name="pagination_counts_the_right_number_of_lines_when_wrapping_on_keycols_is_present"/>
    <testcase time="1.298" classname="pagination_listing" name="pagination_counts_the_right_number_of_lines_when_wrapping_on_keycols_is_present"/>
    <testcase time="0.00499999999999901" classname="pagination_listing" name="pagination_counts_the_right_number_of_lines_when_wrapping_on_keycols_is_present"/>
    <testcase time="0.00400000000000134" classname="pagination_listing" name="pagination_counts_the_right_number_of_lines_when_wrapping_on_keycols_is_present"/>
    <testcase time="0.00300000000000011" classname="pagination_listing" name="pagination_counts_the_right_number_of_lines_when_wrapping_on_keycols_is_present"/>
  </testsuite>
  <testsuite name="pagination_table" timestamp="2024-11-27T08:52:13Z" hostname="e76aa7339bf7" tests="30" skipped="0" failures="0" errors="0" time="13.77">
    <testcase time="1.773" classname="pagination_table" name="Direct_pagination_with_standard_values"/>
    <testcase time="0.00499999999999901" classname="pagination_table" name="Direct_pagination_with_standard_values"/>
    <testcase time="0.00300000000000011" classname="pagination_table" name="Direct_pagination_with_standard_values"/>
    <testcase time="1.392" classname="pagination_table" name="Pagination_with_specific_column_widths_and_minimum_lines_per_page"/>
    <testcase time="0.00300000000000011" classname="pagination_table" name="Pagination_with_specific_column_widths_and_minimum_lines_per_page"/>
    <testcase time="0.117000000000001" classname="pagination_table" name="Pagination_with_specific_column_widths_and_minimum_lines_per_page"/>
    <testcase time="0.895" classname="pagination_table" name="Pagination_works_also_if_table_is_decorated"/>
    <testcase time="0.512" classname="pagination_table" name="Pagination_works_also_if_table_is_decorated"/>
    <testcase time="0.776" classname="pagination_table" name="Pagination_works_also_if_table_is_decorated"/>
    <testcase time="0.628" classname="pagination_table" name="Pagination_works_also_if_table_is_decorated"/>
    <testcase time="1.298" classname="pagination_table" name="Pagination_works_also_if_table_is_decorated"/>
    <testcase time="0.302" classname="pagination_table" name="Pagination_works_also_if_table_is_decorated"/>
    <testcase time="0.00400000000000134" classname="pagination_table" name="Pagination_works_also_if_table_is_decorated"/>
    <testcase time="0.0210000000000008" classname="pagination_table" name="Pagination_works_also_if_table_is_decorated"/>
    <testcase time="0.140000000000001" classname="pagination_table" name="Pagination_works_also_if_table_is_decorated"/>
    <testcase time="0.0839999999999996" classname="pagination_table" name="Pagination_works_also_if_table_is_decorated"/>
    <testcase time="0.68" classname="pagination_table" name="Pagination_works_for_page_types"/>
    <testcase time="0.0739999999999981" classname="pagination_table" name="Pagination_works_for_page_types"/>
    <testcase time="0.684000000000001" classname="pagination_table" name="Pagination_works_for_page_types"/>
    <testcase time="0.0820000000000007" classname="pagination_table" name="Pagination_works_for_page_types"/>
    <testcase time="0.632999999999999" classname="pagination_table" name="Pagination_works_for_page_types"/>
    <testcase time="0.395" classname="pagination_table" name="Pagination_works_for_page_types"/>
    <testcase time="0.684000000000001" classname="pagination_table" name="Pagination_works_for_page_width_and_height"/>
    <testcase time="0.126999999999999" classname="pagination_table" name="Pagination_works_for_page_width_and_height"/>
    <testcase time="0.776000000000003" classname="pagination_table" name="Pagination_works_for_page_types"/>
    <testcase time="0.157999999999994" classname="pagination_table" name="Pagination_works_for_page_types"/>
    <testcase time="0.786000000000001" classname="pagination_table" name="AET04_variant_2_page_by_pagination_tests"/>
    <testcase time="0.591999999999999" classname="pagination_table" name="AET04_variant_2_page_by_pagination_tests"/>
    <testcase time="0.00200000000000244" classname="pagination_table" name="AET04_variant_2_page_by_pagination_tests"/>
    <testcase time="0.143999999999998" classname="pagination_table" name="AET04_variant_2_page_by_pagination_tests"/>
  </testsuite>
  <testsuite name="table_adat03" timestamp="2024-11-27T08:52:26Z" hostname="e76aa7339bf7" tests="2" skipped="0" failures="0" errors="0" time="0.548">
    <testcase time="0.416000000000004" classname="table_adat03" name="ADAT03_is_produced_correctly"/>
    <testcase time="0.131999999999998" classname="table_adat03" name="ADAT03_is_produced_correctly"/>
  </testsuite>
  <testsuite name="table_aet01" timestamp="2024-11-27T08:52:26Z" hostname="e76aa7339bf7" tests="8" skipped="0" failures="0" errors="0" time="1.705">
    <testcase time="0.350000000000001" classname="table_aet01" name="Safety_Summary_Variant_1_works_as_expected"/>
    <testcase time="0.101999999999997" classname="table_aet01" name="Safety_Summary_Variant_1_works_as_expected"/>
    <testcase time="0.309999999999995" classname="table_aet01" name="Safety_Summary_Variant_2_with_Medical_Concepts_Section_works_as_expected"/>
    <testcase time="0.125" classname="table_aet01" name="Safety_Summary_Variant_2_with_Medical_Concepts_Section_works_as_expected"/>
    <testcase time="0.25" classname="table_aet01" name="Safety_Summary_Variant_3_with_Modified_Rows_works_as_expected"/>
    <testcase time="0.101000000000006" classname="table_aet01" name="Safety_Summary_Variant_3_with_Modified_Rows_works_as_expected"/>
    <testcase time="0.337999999999994" classname="table_aet01" name="Safety_Summary_Variant_4_with_Rows_Counting_Events_and_Additional_Sections_works_as_expected"/>
    <testcase time="0.129000000000005" classname="table_aet01" name="Safety_Summary_Variant_4_with_Rows_Counting_Events_and_Additional_Sections_works_as_expected"/>
  </testsuite>
  <testsuite name="table_aet01_aesi" timestamp="2024-11-27T08:52:28Z" hostname="e76aa7339bf7" tests="8" skipped="0" failures="0" errors="0" time="2.572">
    <testcase time="0.263999999999996" classname="table_aet01_aesi" name="AET01_AESI_Variant_1_works_as_expected"/>
    <testcase time="0.0949999999999989" classname="table_aet01_aesi" name="AET01_AESI_Variant_1_works_as_expected"/>
    <testcase time="0.445" classname="table_aet01_aesi" name="AET01_AESI_Variant_2_works_as_expected"/>
    <testcase time="0.151000000000003" classname="table_aet01_aesi" name="AET01_AESI_Variant_2_works_as_expected"/>
    <testcase time="0.628999999999998" classname="table_aet01_aesi" name="AET01_AESI_Variant_3_works_as_expected"/>
    <testcase time="0.224000000000004" classname="table_aet01_aesi" name="AET01_AESI_Variant_3_works_as_expected"/>
    <testcase time="0.550999999999995" classname="table_aet01_aesi" name="AET01_AESI_Variant_4_works_as_expected"/>
    <testcase time="0.213000000000001" classname="table_aet01_aesi" name="AET01_AESI_Variant_4_works_as_expected"/>
  </testsuite>
  <testsuite name="table_aet02" timestamp="2024-11-27T08:52:30Z" hostname="e76aa7339bf7" tests="26" skipped="0" failures="0" errors="0" time="7.878">
    <testcase time="0.542000000000002" classname="table_aet02" name="AET02_variant_1_is_produced_correctly"/>
    <testcase time="0.18" classname="table_aet02" name="AET02_variant_1_is_produced_correctly"/>
    <testcase time="0.427" classname="table_aet02" name="AET02_variant_1_is_produced_correctly"/>
    <testcase time="0.100000000000001" classname="table_aet02" name="AET02_variant_1_is_produced_correctly"/>
    <testcase time="0.829000000000001" classname="table_aet02" name="AET02_variant_2_is_produced_correctly"/>
    <testcase time="0.170999999999999" classname="table_aet02" name="AET02_variant_2_is_produced_correctly"/>
    <testcase time="0.841000000000001" classname="table_aet02" name="AET02_variant_3_is_produced_correctly"/>
    <testcase time="0.277000000000001" classname="table_aet02" name="AET02_variant_3_is_produced_correctly"/>
    <testcase time="0.115000000000002" classname="table_aet02" name="AET02_variant_4_is_produced_correctly"/>
    <testcase time="0.0959999999999965" classname="table_aet02" name="AET02_variant_4_is_produced_correctly"/>
    <testcase time="0.368000000000002" classname="table_aet02" name="AET02_variant_5_is_produced_correctly"/>
    <testcase time="0.158000000000001" classname="table_aet02" name="AET02_variant_5_is_produced_correctly"/>
    <testcase time="0.359000000000002" classname="table_aet02" name="AET02_variant_6_is_produced_correctly"/>
    <testcase time="0.101999999999997" classname="table_aet02" name="AET02_variant_6_is_produced_correctly"/>
    <testcase time="0.859999999999999" classname="table_aet02" name="AET02_variant_7_is_produced_correctly"/>
    <testcase time="0.139000000000003" classname="table_aet02" name="AET02_variant_7_is_produced_correctly"/>
    <testcase time="0.373999999999995" classname="table_aet02" name="AET02_variant_8_is_produced_correctly"/>
    <testcase time="0.0800000000000054" classname="table_aet02" name="AET02_variant_8_is_produced_correctly"/>
    <testcase time="0.367999999999995" classname="table_aet02" name="AET02_variant_9_is_produced_correctly"/>
    <testcase time="0.103999999999999" classname="table_aet02" name="AET02_variant_9_is_produced_correctly"/>
    <testcase time="0.381" classname="table_aet02" name="AET02_variant_10_is_produced_correctly"/>
    <testcase time="0.0860000000000056" classname="table_aet02" name="AET02_variant_10_is_produced_correctly"/>
    <testcase time="0.375999999999998" classname="table_aet02" name="AET02_variant_11_is_produced_correctly"/>
    <testcase time="0.0790000000000006" classname="table_aet02" name="AET02_variant_11_is_produced_correctly"/>
    <testcase time="0.387" classname="table_aet02" name="AET02_variant_12_is_produced_correctly"/>
    <testcase time="0.0790000000000006" classname="table_aet02" name="AET02_variant_12_is_produced_correctly"/>
  </testsuite>
  <testsuite name="table_aet02_smq" timestamp="2024-11-27T08:52:38Z" hostname="e76aa7339bf7" tests="4" skipped="0" failures="0" errors="0" time="0.422">
    <testcase time="0.116" classname="table_aet02_smq" name="AET02SMQ_variant_1_is_produced_correctly"/>
    <testcase time="0.0659999999999954" classname="table_aet02_smq" name="AET02SMQ_variant_1_is_produced_correctly"/>
    <testcase time="0.149000000000001" classname="table_aet02_smq" name="AET02SMQ_variant_2_is_produced_correctly"/>
    <testcase time="0.0910000000000011" classname="table_aet02_smq" name="AET02SMQ_variant_2_is_produced_correctly"/>
  </testsuite>
  <testsuite name="table_aet03" timestamp="2024-11-27T08:52:39Z" hostname="e76aa7339bf7" tests="6" skipped="0" failures="0" errors="0" time="4.7">
    <testcase time="1.058" classname="table_aet03" name="AET03_variant_1_is_produced_correctly"/>
    <testcase time="0.401000000000003" classname="table_aet03" name="AET03_variant_1_is_produced_correctly"/>
    <testcase time="1.342" classname="table_aet03" name="AET03_variant_1_is_produced_correctly"/>
    <testcase time="0.661999999999999" classname="table_aet03" name="AET03_variant_1_is_produced_correctly"/>
    <testcase time="1.024" classname="table_aet03" name="AET03_variant_1_is_produced_correctly"/>
    <testcase time="0.213000000000001" classname="table_aet03" name="AET03_variant_1_is_produced_correctly"/>
  </testsuite>
  <testsuite name="table_aet04" timestamp="2024-11-27T08:52:44Z" hostname="e76aa7339bf7" tests="30" skipped="0" failures="0" errors="0" time="12.038">
    <testcase time="0.716000000000001" classname="table_aet04" name="AET04_variant_1_is_produced_correctly"/>
    <testcase time="0.314999999999998" classname="table_aet04" name="AET04_variant_1_is_produced_correctly"/>
    <testcase time="0.744" classname="table_aet04" name="AET04_variant_1_is_produced_correctly"/>
    <testcase time="0.0529999999999973" classname="table_aet04" name="AET04_variant_1_is_produced_correctly"/>
    <testcase time="0.0390000000000015" classname="table_aet04" name="AET04_variant_1_is_produced_correctly"/>
    <testcase time="0.649999999999999" classname="table_aet04" name="AET04_variant_2_is_produced_correctly_Fill_in_of_Treatment_Groups_"/>
    <testcase time="0.274000000000001" classname="table_aet04" name="AET04_variant_2_is_produced_correctly_Fill_in_of_Treatment_Groups_"/>
    <testcase time="0.683" classname="table_aet04" name="AET04_variant_2_is_produced_correctly_Fill_in_of_Treatment_Groups_"/>
    <testcase time="0.0420000000000016" classname="table_aet04" name="AET04_variant_2_is_produced_correctly_Fill_in_of_Treatment_Groups_"/>
    <testcase time="0.0360000000000014" classname="table_aet04" name="AET04_variant_2_is_produced_correctly_Fill_in_of_Treatment_Groups_"/>
    <testcase time="0.689" classname="table_aet04" name="AET04_variant_3_is_produced_correctly_Fill_in_of_Grades_"/>
    <testcase time="0.329999999999998" classname="table_aet04" name="AET04_variant_3_is_produced_correctly_Fill_in_of_Grades_"/>
    <testcase time="0.798999999999999" classname="table_aet04" name="AET04_variant_3_is_produced_correctly_Fill_in_of_Grades_"/>
    <testcase time="0.0409999999999968" classname="table_aet04" name="AET04_variant_3_is_produced_correctly_Fill_in_of_Grades_"/>
    <testcase time="0.0450000000000017" classname="table_aet04" name="AET04_variant_3_is_produced_correctly_Fill_in_of_Grades_"/>
    <testcase time="0.688000000000002" classname="table_aet04" name="AET04_variant_4_is_produced_correctly_Collapsing_of_Grades_grades_1_2_grades_3_4_5_"/>
    <testcase time="0.317" classname="table_aet04" name="AET04_variant_4_is_produced_correctly_Collapsing_of_Grades_grades_1_2_grades_3_4_5_"/>
    <testcase time="0.908000000000001" classname="table_aet04" name="AET04_variant_4_is_produced_correctly_Collapsing_of_Grades_grades_1_2_grades_3_4_5_"/>
    <testcase time="0.646000000000001" classname="table_aet04" name="AET04_variant_6_is_produced_correctly_with_an_Incidence_Rate_of_at_Least_5_totals_restricted_"/>
    <testcase time="0.290999999999997" classname="table_aet04" name="AET04_variant_6_is_produced_correctly_with_an_Incidence_Rate_of_at_Least_5_totals_restricted_"/>
    <testcase time="0.688000000000002" classname="table_aet04" name="AET04_variant_6_is_produced_correctly_with_an_Incidence_Rate_of_at_Least_5_totals_restricted_"/>
    <testcase time="0.00999999999999801" classname="table_aet04" name="AET04_variant_8_is_produced_correctly_with_an_Incidence_Rate_of_at_Least_X_Patients_"/>
    <testcase time="0.289999999999999" classname="table_aet04" name="AET04_variant_8_is_produced_correctly_with_an_Incidence_Rate_of_at_Least_X_Patients_"/>
    <testcase time="0.709000000000003" classname="table_aet04" name="AET04_variant_8_is_produced_correctly_with_an_Incidence_Rate_of_at_Least_X_Patients_"/>
    <testcase time="0.00999999999999801" classname="table_aet04" name="AET04_variant_9_is_produced_correctly_with_a_Difference_in_Incidence_Rate_of_at_Least_X_"/>
    <testcase time="0.302999999999997" classname="table_aet04" name="AET04_variant_9_is_produced_correctly_with_a_Difference_in_Incidence_Rate_of_at_Least_X_"/>
    <testcase time="0.710000000000001" classname="table_aet04" name="AET04_variant_9_is_produced_correctly_with_a_Difference_in_Incidence_Rate_of_at_Least_X_"/>
    <testcase time="0.00900000000000034" classname="table_aet04" name="AET04_variant_11_is_produced_correctly_with_Incidence_Rate_of_at_Least_X_all_SOCs_w_o_preferred_terms_removed_"/>
    <testcase time="0.295999999999999" classname="table_aet04" name="AET04_variant_11_is_produced_correctly_with_Incidence_Rate_of_at_Least_X_all_SOCs_w_o_preferred_terms_removed_"/>
    <testcase time="0.707000000000001" classname="table_aet04" name="AET04_variant_11_is_produced_correctly_with_Incidence_Rate_of_at_Least_X_all_SOCs_w_o_preferred_terms_removed_"/>
  </testsuite>
  <testsuite name="table_aet04_pi" timestamp="2024-11-27T08:52:55Z" hostname="e76aa7339bf7" tests="18" skipped="0" failures="0" errors="0" time="6.214">
    <testcase time="0.528999999999996" classname="table_aet04_pi" name="AET04_PI_full_table_is_produced_correctly"/>
    <testcase time="0.216999999999999" classname="table_aet04_pi" name="AET04_PI_full_table_is_produced_correctly"/>
    <testcase time="0.567000000000007" classname="table_aet04_pi" name="AET04_PI_variant_1_is_produced_correctly"/>
    <testcase time="0.167999999999992" classname="table_aet04_pi" name="AET04_PI_variant_1_is_produced_correctly"/>
    <testcase time="0.556000000000012" classname="table_aet04_pi" name="AET04_PI_variant_2_is_produced_correctly"/>
    <testcase time="0.11399999999999" classname="table_aet04_pi" name="AET04_PI_variant_2_is_produced_correctly"/>
    <testcase time="0.556000000000012" classname="table_aet04_pi" name="AET04_PI_variant_3_is_produced_correctly"/>
    <testcase time="0.120999999999995" classname="table_aet04_pi" name="AET04_PI_variant_3_is_produced_correctly"/>
    <testcase time="0.558999999999997" classname="table_aet04_pi" name="AET04_PI_variant_4_is_produced_correctly"/>
    <testcase time="0.102999999999994" classname="table_aet04_pi" name="AET04_PI_variant_4_is_produced_correctly"/>
    <testcase time="0.572000000000003" classname="table_aet04_pi" name="AET04_PI_variant_5_is_produced_correctly"/>
    <testcase time="0.152000000000001" classname="table_aet04_pi" name="AET04_PI_variant_5_is_produced_correctly"/>
    <testcase time="0.697000000000003" classname="table_aet04_pi" name="AET04_PI_variant_6_is_produced_correctly"/>
    <testcase time="0.153999999999996" classname="table_aet04_pi" name="AET04_PI_variant_6_is_produced_correctly"/>
    <testcase time="0.686999999999998" classname="table_aet04_pi" name="AET04_PI_variant_7_is_produced_correctly"/>
    <testcase time="0.165000000000006" classname="table_aet04_pi" name="AET04_PI_variant_7_is_produced_correctly"/>
    <testcase time="0.170000000000002" classname="table_aet04_pi" name="AET04_PI_variant_8_is_produced_correctly"/>
    <testcase time="0.126999999999995" classname="table_aet04_pi" name="AET04_PI_variant_8_is_produced_correctly"/>
  </testsuite>
  <testsuite name="table_aet05" timestamp="2024-11-27T08:53:02Z" hostname="e76aa7339bf7" tests="4" skipped="0" failures="0" errors="0" time="0.263">
    <testcase time="0.0829999999999984" classname="table_aet05" name="AET05_variant_1_is_produced_correctly"/>
    <testcase time="0.0670000000000073" classname="table_aet05" name="AET05_variant_1_is_produced_correctly"/>
    <testcase time="0.0549999999999926" classname="table_aet05" name="AET05_variant_2_is_produced_correctly"/>
    <testcase time="0.0580000000000069" classname="table_aet05" name="AET05_variant_2_is_produced_correctly"/>
  </testsuite>
  <testsuite name="table_aet05_all" timestamp="2024-11-27T08:53:02Z" hostname="e76aa7339bf7" tests="4" skipped="0" failures="0" errors="0" time="0.29">
    <testcase time="0.109999999999999" classname="table_aet05_all" name="AET05_ALL_variant_1_is_produced_correctly"/>
    <testcase time="0.0579999999999927" classname="table_aet05_all" name="AET05_ALL_variant_1_is_produced_correctly"/>
    <testcase time="0.0640000000000072" classname="table_aet05_all" name="AET05_ALL_variant_2_is_produced_correctly"/>
    <testcase time="0.0579999999999927" classname="table_aet05_all" name="AET05_ALL_variant_2_is_produced_correctly"/>
  </testsuite>
  <testsuite name="table_aet06" timestamp="2024-11-27T08:53:02Z" hostname="e76aa7339bf7" tests="6" skipped="0" failures="0" errors="0" time="3.734">
    <testcase time="0.580000000000013" classname="table_aet06" name="AET06_variant_1_is_produced_correctly"/>
    <testcase time="0.225999999999999" classname="table_aet06" name="AET06_variant_1_is_produced_correctly"/>
    <testcase time="0.970999999999989" classname="table_aet06" name="AET06_variant_3_is_produced_correctly"/>
    <testcase time="0.332000000000008" classname="table_aet06" name="AET06_variant_3_is_produced_correctly"/>
    <testcase time="1.23399999999999" classname="table_aet06" name="AET06_variant_5_is_produced_correctly"/>
    <testcase time="0.391000000000005" classname="table_aet06" name="AET06_variant_5_is_produced_correctly"/>
  </testsuite>
  <testsuite name="table_aet06_smq" timestamp="2024-11-27T08:53:06Z" hostname="e76aa7339bf7" tests="4" skipped="0" failures="0" errors="0" time="1">
    <testcase time="0.358999999999995" classname="table_aet06_smq" name="AET06_SMQ_variant_1_is_produced_correctly"/>
    <testcase time="0.141000000000005" classname="table_aet06_smq" name="AET06_SMQ_variant_1_is_produced_correctly"/>
    <testcase time="0.355999999999995" classname="table_aet06_smq" name="AET06_SMQ_variant_2_is_produced_correctly"/>
    <testcase time="0.144000000000005" classname="table_aet06_smq" name="AET06_SMQ_variant_2_is_produced_correctly"/>
  </testsuite>
  <testsuite name="table_aet07" timestamp="2024-11-27T08:53:07Z" hostname="e76aa7339bf7" tests="4" skipped="0" failures="0" errors="0" time="0.197">
    <testcase time="0.0510000000000019" classname="table_aet07" name="AET07_variant_1_is_produced_correctly"/>
    <testcase time="0.0489999999999924" classname="table_aet07" name="AET07_variant_1_is_produced_correctly"/>
    <testcase time="0.0559999999999974" classname="table_aet07" name="AET07_variant_2_is_produced_correctly"/>
    <testcase time="0.041000000000011" classname="table_aet07" name="AET07_variant_2_is_produced_correctly"/>
  </testsuite>
  <testsuite name="table_aet09" timestamp="2024-11-27T08:53:07Z" hostname="e76aa7339bf7" tests="4" skipped="0" failures="0" errors="0" time="2.1">
    <testcase time="0.536000000000001" classname="table_aet09" name="AET09_variant_1_is_produced_correctly_AE_related_to_study_drug"/>
    <testcase time="0.186999999999998" classname="table_aet09" name="AET09_variant_1_is_produced_correctly_AE_related_to_study_drug"/>
    <testcase time="1.107" classname="table_aet09" name="AET09_variant_2_is_produced_correctly_AE_related_to_study_drug_including_high_level_terms_"/>
    <testcase time="0.27000000000001" classname="table_aet09" name="AET09_variant_2_is_produced_correctly_AE_related_to_study_drug_including_high_level_terms_"/>
  </testsuite>
  <testsuite name="table_aet09_smq" timestamp="2024-11-27T08:53:09Z" hostname="e76aa7339bf7" tests="4" skipped="0" failures="0" errors="0" time="0.458">
    <testcase time="0.11399999999999" classname="table_aet09_smq" name="AET09_variant_1_AEs_related_to_study_drug_by_SMQ_is_produced_correctly"/>
    <testcase time="0.0640000000000072" classname="table_aet09_smq" name="AET09_variant_1_AEs_related_to_study_drug_by_SMQ_is_produced_correctly"/>
    <testcase time="0.183999999999997" classname="table_aet09_smq" name="AET09_variant_2_AEs_related_to_study_drug_by_SMQ_with_customized_queries_is_produced_correctly"/>
    <testcase time="0.0960000000000036" classname="table_aet09_smq" name="AET09_variant_2_AEs_related_to_study_drug_by_SMQ_with_customized_queries_is_produced_correctly"/>
  </testsuite>
  <testsuite name="table_aet10" timestamp="2024-11-27T08:53:10Z" hostname="e76aa7339bf7" tests="2" skipped="0" failures="0" errors="0" time="0.159">
    <testcase time="0.0989999999999895" classname="table_aet10" name="AET10_default_variant_is_produced_correctly"/>
    <testcase time="0.0600000000000023" classname="table_aet10" name="AET10_default_variant_is_produced_correctly"/>
  </testsuite>
  <testsuite name="table_aovt01" timestamp="2024-11-27T08:53:10Z" hostname="e76aa7339bf7" tests="4" skipped="0" failures="0" errors="0" time="1.08">
    <testcase time="0.326999999999998" classname="table_aovt01" name="AOVT01_variant_with_single_endpoint_is_produced_correctly"/>
    <testcase time="0.078000000000003" classname="table_aovt01" name="AOVT01_variant_with_single_endpoint_is_produced_correctly"/>
    <testcase time="0.524000000000001" classname="table_aovt01" name="AOVT01_variant_with_multiple_endpoints_is_produced_correctly"/>
    <testcase time="0.150999999999996" classname="table_aovt01" name="AOVT01_variant_with_multiple_endpoints_is_produced_correctly"/>
  </testsuite>
  <testsuite name="table_aovt02" timestamp="2024-11-27T08:53:11Z" hostname="e76aa7339bf7" tests="2" skipped="0" failures="0" errors="0" time="0.373">
    <testcase time="0.288000000000011" classname="table_aovt02" name="AOVT02_is_produced_correctly"/>
    <testcase time="0.0849999999999937" classname="table_aovt02" name="AOVT02_is_produced_correctly"/>
  </testsuite>
  <testsuite name="table_aovt03" timestamp="2024-11-27T08:53:11Z" hostname="e76aa7339bf7" tests="2" skipped="0" failures="0" errors="0" time="0.827">
    <testcase time="0.650000000000006" classname="table_aovt03" name="AOVT03_is_produced_correctly"/>
    <testcase time="0.176999999999992" classname="table_aovt03" name="AOVT03_is_produced_correctly"/>
  </testsuite>
  <testsuite name="table_cfbt01" timestamp="2024-11-27T08:53:12Z" hostname="e76aa7339bf7" tests="2" skipped="0" failures="0" errors="0" time="0.594">
    <testcase time="0.396000000000001" classname="table_cfbt01" name="CFBT01_default_variant_is_produced_correctly"/>
    <testcase time="0.197999999999993" classname="table_cfbt01" name="CFBT01_default_variant_is_produced_correctly"/>
  </testsuite>
  <testsuite name="table_cmht01" timestamp="2024-11-27T08:53:13Z" hostname="e76aa7339bf7" tests="4" skipped="0" failures="0" errors="0" time="1.608">
    <testcase time="0.391000000000005" classname="table_cmht01" name="CMHT01_variant_1_is_produced_correctly"/>
    <testcase time="0.0809999999999889" classname="table_cmht01" name="CMHT01_variant_1_is_produced_correctly"/>
    <testcase time="0.884" classname="table_cmht01" name="CMHT01_variant_2_is_produced_correctly"/>
    <testcase time="0.25200000000001" classname="table_cmht01" name="CMHT01_variant_2_is_produced_correctly"/>
  </testsuite>
  <testsuite name="table_cmt01" timestamp="2024-11-27T08:53:14Z" hostname="e76aa7339bf7" tests="8" skipped="0" failures="0" errors="0" time="3.554">
    <testcase time="0.60199999999999" classname="table_cmt01" name="CMT01_default_variant_Concomitant_medications_is_produced_correctly"/>
    <testcase time="0.281000000000006" classname="table_cmt01" name="CMT01_default_variant_Concomitant_medications_is_produced_correctly"/>
    <testcase time="0.665999999999997" classname="table_cmt01" name="CMT01_variant_1_prior_medications_is_produced_correctly"/>
    <testcase time="0.304000000000002" classname="table_cmt01" name="CMT01_variant_1_prior_medications_is_produced_correctly"/>
    <testcase time="0.555000000000007" classname="table_cmt01" name="CMT01_variant_3_Concomitant_medications_is_produced_correctly"/>
    <testcase time="0.256999999999991" classname="table_cmt01" name="CMT01_variant_3_Concomitant_medications_is_produced_correctly"/>
    <testcase time="0.597999999999999" classname="table_cmt01" name="CMT01_variant_4_Concomitant_medications_is_produced_correctly"/>
    <testcase time="0.291000000000011" classname="table_cmt01" name="CMT01_variant_4_Concomitant_medications_is_produced_correctly"/>
  </testsuite>
  <testsuite name="table_cmt01a" timestamp="2024-11-27T08:53:18Z" hostname="e76aa7339bf7" tests="8" skipped="0" failures="0" errors="0" time="5.322">
    <testcase time="1.16399999999999" classname="table_cmt01a" name="CMT01A_variant_1_is_produced_correctly"/>
    <testcase time="0.269000000000005" classname="table_cmt01a" name="CMT01A_variant_1_is_produced_correctly"/>
    <testcase time="1.03700000000001" classname="table_cmt01a" name="CMT01A_variant_2_is_produced_correctly"/>
    <testcase time="0.259999999999991" classname="table_cmt01a" name="CMT01A_variant_2_is_produced_correctly"/>
    <testcase time="1.04900000000001" classname="table_cmt01a" name="CMT01A_variant_3_is_produced_correctly"/>
    <testcase time="0.263999999999996" classname="table_cmt01a" name="CMT01A_variant_3_is_produced_correctly"/>
    <testcase time="1.038" classname="table_cmt01a" name="CMT01A_variant_4_is_produced_correctly"/>
    <testcase time="0.241" classname="table_cmt01a" name="CMT01A_variant_4_is_produced_correctly"/>
  </testsuite>
  <testsuite name="table_cmt01b" timestamp="2024-11-27T08:53:23Z" hostname="e76aa7339bf7" tests="6" skipped="0" failures="0" errors="0" time="5.653">
    <testcase time="1.54100000000001" classname="table_cmt01b" name="CMT01B_variant_1_is_produced_correctly"/>
    <testcase time="0.375999999999991" classname="table_cmt01b" name="CMT01B_variant_1_is_produced_correctly"/>
    <testcase time="1.20400000000001" classname="table_cmt01b" name="CMT01B_variant_2_is_produced_correctly"/>
    <testcase time="0.332999999999998" classname="table_cmt01b" name="CMT01B_variant_2_is_produced_correctly"/>
    <testcase time="1.55799999999999" classname="table_cmt01b" name="CMT01B_variant_4_is_produced_correctly"/>
    <testcase time="0.641000000000005" classname="table_cmt01b" name="CMT01B_variant_4_is_produced_correctly"/>
  </testsuite>
  <testsuite name="table_cmt02_pt" timestamp="2024-11-27T08:53:29Z" hostname="e76aa7339bf7" tests="2" skipped="0" failures="0" errors="0" time="0.567">
    <testcase time="0.399000000000001" classname="table_cmt02_pt" name="CMT02_PT_default_variant_is_produced_correctly"/>
    <testcase time="0.167999999999992" classname="table_cmt02_pt" name="CMT02_PT_default_variant_is_produced_correctly"/>
  </testsuite>
  <testsuite name="table_coxt01" timestamp="2024-11-27T08:53:29Z" hostname="e76aa7339bf7" tests="8" skipped="0" failures="0" errors="0" time="1.642">
    <testcase time="0.256" classname="table_coxt01" name="1._Cox_Regression"/>
    <testcase time="0.0800000000000125" classname="table_coxt01" name="1._Cox_Regression"/>
    <testcase time="0.329999999999998" classname="table_coxt01" name="2._Cox_Regression_with_Interaction_Term_"/>
    <testcase time="0.0949999999999989" classname="table_coxt01" name="2._Cox_Regression_with_Interaction_Term_"/>
    <testcase time="0.340000000000003" classname="table_coxt01" name="3._Cox_Regression_specifying_covariates_"/>
    <testcase time="0.10199999999999" classname="table_coxt01" name="3._Cox_Regression_specifying_covariates_"/>
    <testcase time="0.338000000000008" classname="table_coxt01" name="4._Cox_Regression_setting_strata_ties_and_alpha_level_"/>
    <testcase time="0.100999999999999" classname="table_coxt01" name="4._Cox_Regression_setting_strata_ties_and_alpha_level_"/>
  </testsuite>
  <testsuite name="table_coxt02" timestamp="2024-11-27T08:53:31Z" hostname="e76aa7339bf7" tests="4" skipped="0" failures="0" errors="0" time="0.624">
    <testcase time="0.254999999999995" classname="table_coxt02" name="COXT02_default_variant_1_is_produced_correctly"/>
    <testcase time="0.0720000000000027" classname="table_coxt02" name="COXT02_default_variant_1_is_produced_correctly"/>
    <testcase time="0.230999999999995" classname="table_coxt02" name="COXT02_variant_5_is_produced_correctly"/>
    <testcase time="0.0660000000000025" classname="table_coxt02" name="COXT02_variant_5_is_produced_correctly"/>
  </testsuite>
  <testsuite name="table_disclosures" timestamp="2024-11-27T08:53:32Z" hostname="e76aa7339bf7" tests="12" skipped="0" failures="0" errors="0" time="1.778">
    <testcase time="0.168000000000006" classname="table_disclosures" name="Patient_Disposition_table_is_produced_correctly"/>
    <testcase time="0.0929999999999893" classname="table_disclosures" name="Patient_Disposition_table_is_produced_correctly"/>
    <testcase time="0.182000000000002" classname="table_disclosures" name="Demographic_table_is_produced_correctly"/>
    <testcase time="0.146000000000001" classname="table_disclosures" name="Demographic_table_is_produced_correctly"/>
    <testcase time="0.0829999999999984" classname="table_disclosures" name="Enrollment_by_Country_Table_is_produced_correctly"/>
    <testcase time="0.0949999999999989" classname="table_disclosures" name="Enrollment_by_Country_Table_is_produced_correctly"/>
    <testcase time="0.0720000000000027" classname="table_disclosures" name="Death_table_is_produced_correctly"/>
    <testcase time="0.054000000000002" classname="table_disclosures" name="Death_table_is_produced_correctly"/>
    <testcase time="0.299000000000007" classname="table_disclosures" name="Table_of_Serious_Adverse_Events_is_produced_correctly_for_one_specific_treatment_arm_"/>
    <testcase time="0.0869999999999891" classname="table_disclosures" name="Table_of_Serious_Adverse_Events_is_produced_correctly_for_one_specific_treatment_arm_"/>
    <testcase time="0.379000000000005" classname="table_disclosures" name="Table_of_Non_Serious_Adverse_Events_is_produced_correctly"/>
    <testcase time="0.120000000000005" classname="table_disclosures" name="Table_of_Non_Serious_Adverse_Events_is_produced_correctly"/>
  </testsuite>
  <testsuite name="table_dmt01" timestamp="2024-11-27T08:53:34Z" hostname="e76aa7339bf7" tests="10" skipped="0" failures="0" errors="0" time="2.589">
    <testcase time="1.08499999999999" classname="table_dmt01" name="DMT01_variant_1_is_produced_correctly"/>
    <testcase time="0.162000000000006" classname="table_dmt01" name="DMT01_variant_1_is_produced_correctly"/>
    <testcase time="0.221999999999994" classname="table_dmt01" name="DMT01_variant_2_is_produced_correctly"/>
    <testcase time="0.158000000000001" classname="table_dmt01" name="DMT01_variant_2_is_produced_correctly"/>
    <testcase time="0.227000000000004" classname="table_dmt01" name="DMT01_variant_3_is_produced_correctly"/>
    <testcase time="0.161000000000001" classname="table_dmt01" name="DMT01_variant_3_is_produced_correctly"/>
    <testcase time="0.164999999999992" classname="table_dmt01" name="DMT01_variant_4_is_produced_correctly"/>
    <testcase time="0.140000000000001" classname="table_dmt01" name="DMT01_variant_4_is_produced_correctly"/>
    <testcase time="0.153999999999996" classname="table_dmt01" name="DMT01_variant_5_is_produced_correctly"/>
    <testcase time="0.115000000000009" classname="table_dmt01" name="DMT01_variant_5_is_produced_correctly"/>
  </testsuite>
  <testsuite name="table_dort01" timestamp="2024-11-27T08:53:36Z" hostname="e76aa7339bf7" tests="8" skipped="0" failures="0" errors="0" time="1.399">
    <testcase time="0.260999999999996" classname="table_dort01" name="DORT01_variant_1_is_produced_correctly"/>
    <testcase time="0.105000000000004" classname="table_dort01" name="DORT01_variant_1_is_produced_correctly"/>
    <testcase time="0.263999999999996" classname="table_dort01" name="DORT01_variant_2_selecting_sectons_is_produced_correctly"/>
    <testcase time="0.0949999999999989" classname="table_dort01" name="DORT01_variant_2_selecting_sectons_is_produced_correctly"/>
    <testcase time="0.233000000000004" classname="table_dort01" name="DORT01_variant_3_modifying_conftype_and_alpha_level_is_produced_correctly"/>
    <testcase time="0.103999999999999" classname="table_dort01" name="DORT01_variant_3_modifying_conftype_and_alpha_level_is_produced_correctly"/>
    <testcase time="0.239999999999995" classname="table_dort01" name="DORT01_variant_4_modifying_time_point_for_the_xx_duration_is_produced_correctly"/>
    <testcase time="0.0970000000000084" classname="table_dort01" name="DORT01_variant_4_modifying_time_point_for_the_xx_duration_is_produced_correctly"/>
  </testsuite>
  <testsuite name="table_dst01" timestamp="2024-11-27T08:53:37Z" hostname="e76aa7339bf7" tests="6" skipped="0" failures="0" errors="0" time="0.696">
    <testcase time="0.131" classname="table_dst01" name="DST01_default_variant_is_produced_correctly"/>
    <testcase time="0.0879999999999939" classname="table_dst01" name="DST01_default_variant_is_produced_correctly"/>
    <testcase time="0.195000000000007" classname="table_dst01" name="DST01_variants_2_and_3_are_produced_correctly"/>
    <testcase time="0.0959999999999894" classname="table_dst01" name="DST01_variants_2_and_3_are_produced_correctly"/>
    <testcase time="0.078000000000003" classname="table_dst01" name="DST01_variants_2_and_3_are_produced_correctly"/>
    <testcase time="0.108000000000004" classname="table_dst01" name="DST01_variants_2_and_3_are_produced_correctly"/>
  </testsuite>
  <testsuite name="table_dtht01" timestamp="2024-11-27T08:53:38Z" hostname="e76aa7339bf7" tests="8" skipped="0" failures="0" errors="0" time="1.082">
    <testcase time="0.113" classname="table_dtht01" name="DTHT01_variant_1_is_produced_correctly"/>
    <testcase time="0.0810000000000031" classname="table_dtht01" name="DTHT01_variant_1_is_produced_correctly"/>
    <testcase time="0.231999999999999" classname="table_dtht01" name="DTHT01_variant_2_is_produced_correctly"/>
    <testcase time="0.152999999999992" classname="table_dtht01" name="DTHT01_variant_2_is_produced_correctly"/>
    <testcase time="0.140000000000001" classname="table_dtht01" name="DTHT01_variant_3_is_produced_correctly"/>
    <testcase time="0.0910000000000082" classname="table_dtht01" name="DTHT01_variant_3_is_produced_correctly"/>
    <testcase time="0.165999999999997" classname="table_dtht01" name="DTHT01_variant_4_is_produced_correctly"/>
    <testcase time="0.105999999999995" classname="table_dtht01" name="DTHT01_variant_4_is_produced_correctly"/>
  </testsuite>
  <testsuite name="table_egt01" timestamp="2024-11-27T08:53:40Z" hostname="e76aa7339bf7" tests="2" skipped="0" failures="0" errors="0" time="3.179">
    <testcase time="2.43700000000001" classname="table_egt01" name="EGT01_default_variant_is_produced_correctly"/>
    <testcase time="0.74199999999999" classname="table_egt01" name="EGT01_default_variant_is_produced_correctly"/>
  </testsuite>
  <testsuite name="table_egt02" timestamp="2024-11-27T08:53:43Z" hostname="e76aa7339bf7" tests="4" skipped="0" failures="0" errors="0" time="1.801">
    <testcase time="1.264" classname="table_egt02" name="_EGT02_1._Regardless_of_Abnormality_at_Baseline"/>
    <testcase time="0.0750000000000028" classname="table_egt02" name="_EGT02_1._Regardless_of_Abnormality_at_Baseline"/>
    <testcase time="0.38900000000001" classname="table_egt02" name="_EGT02_2._Among_Subjects_Without_Abnormality_at_Baseline"/>
    <testcase time="0.0729999999999933" classname="table_egt02" name="_EGT02_2._Among_Subjects_Without_Abnormality_at_Baseline"/>
  </testsuite>
  <testsuite name="table_egt03" timestamp="2024-11-27T08:53:44Z" hostname="e76aa7339bf7" tests="8" skipped="0" failures="0" errors="0" time="1.073">
    <testcase time="0.179000000000002" classname="table_egt03" name="EGT03_variant_1_is_produced_correctly"/>
    <testcase time="0.111999999999995" classname="table_egt03" name="EGT03_variant_1_is_produced_correctly"/>
    <testcase time="0.124000000000009" classname="table_egt03" name="EGT03_variant_2_is_produced_correctly"/>
    <testcase time="0.0899999999999892" classname="table_egt03" name="EGT03_variant_2_is_produced_correctly"/>
    <testcase time="0.168000000000006" classname="table_egt03" name="EGT03_variant_3_is_produced_correctly"/>
    <testcase time="0.111999999999995" classname="table_egt03" name="EGT03_variant_3_is_produced_correctly"/>
    <testcase time="0.168000000000006" classname="table_egt03" name="EGT03_variant_4_is_produced_correctly"/>
    <testcase time="0.120000000000005" classname="table_egt03" name="EGT03_variant_4_is_produced_correctly"/>
  </testsuite>
  <testsuite name="table_egt04" timestamp="2024-11-27T08:53:46Z" hostname="e76aa7339bf7" tests="2" skipped="0" failures="0" errors="0" time="1.483">
    <testcase time="1.39100000000001" classname="table_egt04" name="EGT04_default_variant_is_produced_correctly"/>
    <testcase time="0.0919999999999987" classname="table_egt04" name="EGT04_default_variant_is_produced_correctly"/>
  </testsuite>
  <testsuite name="table_egt05_qtcat" timestamp="2024-11-27T08:53:48Z" hostname="e76aa7339bf7" tests="2" skipped="0" failures="0" errors="0" time="2.063">
    <testcase time="1.636" classname="table_egt05_qtcat" name="EGT05_QTCAT_default_variant_is_produced_correctly"/>
    <testcase time="0.427000000000007" classname="table_egt05_qtcat" name="EGT05_QTCAT_default_variant_is_produced_correctly"/>
  </testsuite>
  <testsuite name="table_ent" timestamp="2024-11-27T08:53:49Z" hostname="e76aa7339bf7" tests="8" skipped="0" failures="0" errors="0" time="12.409">
    <testcase time="3.072" classname="table_ent" name="ENT01_IT_is_produced_correctly"/>
    <testcase time="0.540999999999997" classname="table_ent" name="ENT01_IT_is_produced_correctly"/>
    <testcase time="2.03" classname="table_ent" name="ENT01a_IT_is_produced_correctly"/>
    <testcase time="0.503999999999991" classname="table_ent" name="ENT01a_IT_is_produced_correctly"/>
    <testcase time="3.25" classname="table_ent" name="ENT02_IT_is_produced_correctly"/>
    <testcase time="0.52600000000001" classname="table_ent" name="ENT02_IT_is_produced_correctly"/>
    <testcase time="1.974" classname="table_ent" name="ENT02a_IT_is_produced_correctly"/>
    <testcase time="0.512" classname="table_ent" name="ENT02a_IT_is_produced_correctly"/>
  </testsuite>
  <testsuite name="table_eudrat01" timestamp="2024-11-27T08:54:01Z" hostname="e76aa7339bf7" tests="2" skipped="0" failures="0" errors="0" time="0.546">
    <testcase time="0.418999999999983" classname="table_eudrat01" name="EUDRAT01_is_produced_correctly"/>
    <testcase time="0.12700000000001" classname="table_eudrat01" name="EUDRAT01_is_produced_correctly"/>
  </testsuite>
  <testsuite name="table_eudrat02" timestamp="2024-11-27T08:54:02Z" hostname="e76aa7339bf7" tests="2" skipped="0" failures="0" errors="0" time="0.434">
    <testcase time="0.344999999999999" classname="table_eudrat02" name="EUDRAT02_is_produced_correctly"/>
    <testcase time="0.0889999999999986" classname="table_eudrat02" name="EUDRAT02_is_produced_correctly"/>
  </testsuite>
  <testsuite name="table_ext01" timestamp="2024-11-27T08:54:02Z" hostname="e76aa7339bf7" tests="6" skipped="0" failures="0" errors="0" time="1.441">
    <testcase time="0.337999999999994" classname="table_ext01" name="EXT01_default_variant_with_numeric_parameters_is_produced_correctly"/>
    <testcase time="0.161000000000001" classname="table_ext01" name="EXT01_default_variant_with_numeric_parameters_is_produced_correctly"/>
    <testcase time="0.236999999999995" classname="table_ext01" name="EXT01_variant_with_both_numeric_and_categorical_parameters"/>
    <testcase time="0.188000000000017" classname="table_ext01" name="EXT01_variant_with_both_numeric_and_categorical_parameters"/>
    <testcase time="0.289999999999992" classname="table_ext01" name="EXT01_variant_with_user_specified_categories_for_missed_doses"/>
    <testcase time="0.227000000000004" classname="table_ext01" name="EXT01_variant_with_user_specified_categories_for_missed_doses"/>
  </testsuite>
  <testsuite name="table_lbt01" timestamp="2024-11-27T08:54:04Z" hostname="e76aa7339bf7" tests="2" skipped="0" failures="0" errors="0" time="1.903">
    <testcase time="1.434" classname="table_lbt01" name="LBT01_default_variant_is_produced_correctly"/>
    <testcase time="0.468999999999994" classname="table_lbt01" name="LBT01_default_variant_is_produced_correctly"/>
  </testsuite>
  <testsuite name="table_lbt02" timestamp="2024-11-27T08:54:06Z" hostname="e76aa7339bf7" tests="2" skipped="0" failures="0" errors="0" time="1.277">
    <testcase time="0.804000000000002" classname="table_lbt02" name="LBT02_default_variant_is_produced_correctly"/>
    <testcase time="0.473000000000013" classname="table_lbt02" name="LBT02_default_variant_is_produced_correctly"/>
  </testsuite>
  <testsuite name="table_lbt03" timestamp="2024-11-27T08:54:07Z" hostname="e76aa7339bf7" tests="2" skipped="0" failures="0" errors="0" time="0.24">
    <testcase time="0.149999999999977" classname="table_lbt03" name="LBT03_default_variant_is_produced_correctly"/>
    <testcase time="0.0900000000000034" classname="table_lbt03" name="LBT03_default_variant_is_produced_correctly"/>
  </testsuite>
  <testsuite name="table_lbt04" timestamp="2024-11-27T08:54:08Z" hostname="e76aa7339bf7" tests="2" skipped="0" failures="0" errors="0" time="1.213">
    <testcase time="1.02100000000002" classname="table_lbt04" name="LBT04_default_variant_is_produced_correctly"/>
    <testcase time="0.191999999999979" classname="table_lbt04" name="LBT04_default_variant_is_produced_correctly"/>
  </testsuite>
  <testsuite name="table_lbt05" timestamp="2024-11-27T08:54:09Z" hostname="e76aa7339bf7" tests="6" skipped="0" failures="0" errors="0" time="6.32">
    <testcase time="1.989" classname="table_lbt05" name="LBT05_variant_1_is_produced_correctly"/>
    <testcase time="0.38300000000001" classname="table_lbt05" name="LBT05_variant_1_is_produced_correctly"/>
    <testcase time="1.38900000000001" classname="table_lbt05" name="LBT05_variant_2_is_produced_correctly"/>
    <testcase time="0.492999999999995" classname="table_lbt05" name="LBT05_variant_2_is_produced_correctly"/>
    <testcase time="1.69899999999998" classname="table_lbt05" name="LBT05_variant_4_is_produced_correctly"/>
    <testcase time="0.367000000000019" classname="table_lbt05" name="LBT05_variant_4_is_produced_correctly"/>
  </testsuite>
  <testsuite name="table_lbt06" timestamp="2024-11-27T08:54:15Z" hostname="e76aa7339bf7" tests="2" skipped="0" failures="0" errors="0" time="0.504">
    <testcase time="0.328000000000003" classname="table_lbt06" name="LBT06_default_variant_is_produced_correctly"/>
    <testcase time="0.175999999999988" classname="table_lbt06" name="LBT06_default_variant_is_produced_correctly"/>
  </testsuite>
  <testsuite name="table_lbt07" timestamp="2024-11-27T08:54:16Z" hostname="e76aa7339bf7" tests="2" skipped="0" failures="0" errors="0" time="2.31">
    <testcase time="2.00399999999999" classname="table_lbt07" name="LBT07_is_produced_correctly"/>
    <testcase time="0.306000000000012" classname="table_lbt07" name="LBT07_is_produced_correctly"/>
  </testsuite>
  <testsuite name="table_lbt08" timestamp="2024-11-27T08:54:17Z" hostname="e76aa7339bf7" tests="2" skipped="0" failures="0" errors="0" time="0.373">
    <testcase time="0.263000000000005" classname="table_lbt08" name="LBT08_produce_correctly"/>
    <testcase time="0.109999999999985" classname="table_lbt08" name="LBT08_produce_correctly"/>
  </testsuite>
  <testsuite name="table_lbt09" timestamp="2024-11-27T08:54:18Z" hostname="e76aa7339bf7" tests="4" skipped="0" failures="0" errors="0" time="0.942">
    <testcase time="0.330000000000013" classname="table_lbt09" name="LBT09_variant_1_works_as_expected"/>
    <testcase time="0.156999999999982" classname="table_lbt09" name="LBT09_variant_1_works_as_expected"/>
    <testcase time="0.285000000000025" classname="table_lbt09" name="LBT09_variant_2_works_as_expected"/>
    <testcase time="0.169999999999987" classname="table_lbt09" name="LBT09_variant_2_works_as_expected"/>
  </testsuite>
  <testsuite name="table_lbt10" timestamp="2024-11-27T08:54:19Z" hostname="e76aa7339bf7" tests="4" skipped="0" failures="0" errors="0" time="1.22">
    <testcase time="0.689999999999998" classname="table_lbt10" name="LBT10_variant_1_works_as_expected"/>
    <testcase time="0.0699999999999932" classname="table_lbt10" name="LBT10_variant_1_works_as_expected"/>
    <testcase time="0.400000000000006" classname="table_lbt10" name="LBT10_variant_2_works_as_expected"/>
    <testcase time="0.0600000000000023" classname="table_lbt10" name="LBT10_variant_2_works_as_expected"/>
  </testsuite>
  <testsuite name="table_lbt10_bl" timestamp="2024-11-27T08:54:20Z" hostname="e76aa7339bf7" tests="4" skipped="0" failures="0" errors="0" time="0.495">
    <testcase time="0.240000000000009" classname="table_lbt10_bl" name="LBT10_BL_variant_1_works_as_expected"/>
    <testcase time="0.0819999999999936" classname="table_lbt10_bl" name="LBT10_BL_variant_1_works_as_expected"/>
    <testcase time="0.114000000000004" classname="table_lbt10_bl" name="LBT10_BL_variant_2_works_as_expected"/>
    <testcase time="0.0589999999999975" classname="table_lbt10_bl" name="LBT10_BL_variant_2_works_as_expected"/>
  </testsuite>
  <testsuite name="table_lbt11" timestamp="2024-11-27T08:54:20Z" hostname="e76aa7339bf7" tests="6" skipped="0" failures="0" errors="0" time="0.735">
    <testcase time="0.185000000000002" classname="table_lbt11" name="LBT11_variant_1_works_as_expected"/>
    <testcase time="0.103999999999985" classname="table_lbt11" name="LBT11_variant_1_works_as_expected"/>
    <testcase time="0.0900000000000034" classname="table_lbt11" name="LBT11_variant_2_works_as_expected"/>
    <testcase time="0.0860000000000127" classname="table_lbt11" name="LBT11_variant_2_works_as_expected"/>
    <testcase time="0.162000000000006" classname="table_lbt11" name="LBT11_variant_3_works_as_expected"/>
    <testcase time="0.107999999999976" classname="table_lbt11" name="LBT11_variant_3_works_as_expected"/>
  </testsuite>
  <testsuite name="table_lbt11_bl" timestamp="2024-11-27T08:54:21Z" hostname="e76aa7339bf7" tests="6" skipped="0" failures="0" errors="0" time="0.846">
    <testcase time="0.201000000000022" classname="table_lbt11_bl" name="LBT11_BL_variant_1_works_as_expected"/>
    <testcase time="0.123999999999995" classname="table_lbt11_bl" name="LBT11_BL_variant_1_works_as_expected"/>
    <testcase time="0.0979999999999848" classname="table_lbt11_bl" name="LBT11_BL_variant_2_works_as_expected"/>
    <testcase time="0.0870000000000175" classname="table_lbt11_bl" name="LBT11_BL_variant_2_works_as_expected"/>
    <testcase time="0.205999999999989" classname="table_lbt11_bl" name="LBT11_BL_variant_3_works_as_expected"/>
    <testcase time="0.129999999999995" classname="table_lbt11_bl" name="LBT11_BL_variant_3_works_as_expected"/>
  </testsuite>
  <testsuite name="table_lbt12" timestamp="2024-11-27T08:54:22Z" hostname="e76aa7339bf7" tests="2" skipped="0" failures="0" errors="0" time="0.377">
    <testcase time="0.294000000000011" classname="table_lbt12" name="LBT12_works_as_expected"/>
    <testcase time="0.0829999999999984" classname="table_lbt12" name="LBT12_works_as_expected"/>
  </testsuite>
  <testsuite name="table_lbt12_bl" timestamp="2024-11-27T08:54:22Z" hostname="e76aa7339bf7" tests="2" skipped="0" failures="0" errors="0" time="0.377">
    <testcase time="0.281000000000006" classname="table_lbt12_bl" name="LBT12_BL_works_as_expected"/>
    <testcase time="0.0960000000000036" classname="table_lbt12_bl" name="LBT12_BL_works_as_expected"/>
  </testsuite>
  <testsuite name="table_lbt13" timestamp="2024-11-27T08:54:23Z" hostname="e76aa7339bf7" tests="10" skipped="0" failures="0" errors="0" time="2.313">
    <testcase time="0.805999999999983" classname="table_lbt13" name="LBT13_variant_1_LOW_works_as_expected"/>
    <testcase time="0.102000000000004" classname="table_lbt13" name="LBT13_variant_1_LOW_works_as_expected"/>
    <testcase time="0.135999999999996" classname="table_lbt13" name="LBT13_variant_2_HIGH_works_as_expected"/>
    <testcase time="0.0720000000000027" classname="table_lbt13" name="LBT13_variant_2_HIGH_works_as_expected"/>
    <testcase time="0.242999999999995" classname="table_lbt13" name="LBT13_variant_3_LOW_without_baseline_missing_works_as_expected"/>
    <testcase time="0.0940000000000225" classname="table_lbt13" name="LBT13_variant_3_LOW_without_baseline_missing_works_as_expected"/>
    <testcase time="0.14500000000001" classname="table_lbt13" name="LBT13_variant_4_HIGH_with_missing_baseline_considered_as_grade_0_works_as_expected"/>
    <testcase time="0.070999999999998" classname="table_lbt13" name="LBT13_variant_4_HIGH_with_missing_baseline_considered_as_grade_0_works_as_expected"/>
    <testcase time="0.419000000000011" classname="table_lbt13" name="LBT14_variant_5_HIGH_with_filled_in_grades_works_as_expected"/>
    <testcase time="0.224999999999994" classname="table_lbt13" name="LBT14_variant_5_HIGH_with_filled_in_grades_works_as_expected"/>
  </testsuite>
  <testsuite name="table_lbt14" timestamp="2024-11-27T08:54:26Z" hostname="e76aa7339bf7" tests="10" skipped="0" failures="0" errors="0" time="27.281">
    <testcase time="5.56399999999999" classname="table_lbt14" name="LBT14_variant_1_HIGH_works_as_expected"/>
    <testcase time="0.420000000000016" classname="table_lbt14" name="LBT14_variant_1_HIGH_works_as_expected"/>
    <testcase time="4.702" classname="table_lbt14" name="LBT14_variant_2_LOW_works_as_expected"/>
    <testcase time="0.322000000000003" classname="table_lbt14" name="LBT14_variant_2_LOW_works_as_expected"/>
    <testcase time="3.107" classname="table_lbt14" name="LBT14_variant_3_LOW_without_baseline_missing_works_as_expected"/>
    <testcase time="0.379999999999995" classname="table_lbt14" name="LBT14_variant_3_LOW_without_baseline_missing_works_as_expected"/>
    <testcase time="4.63" classname="table_lbt14" name="LBT14_variant_4_LOW_and_force_1_missing_both_baseline_and_post_baseline_then_force_the_missing_baseline_as_0_as_expected"/>
    <testcase time="0.246999999999986" classname="table_lbt14" name="LBT14_variant_4_LOW_and_force_1_missing_both_baseline_and_post_baseline_then_force_the_missing_baseline_as_0_as_expected"/>
    <testcase time="5.12400000000002" classname="table_lbt14" name="LBT14_variant_5_HIGH_with_fillings_works_as_expected"/>
    <testcase time="2.785" classname="table_lbt14" name="LBT14_variant_5_HIGH_with_fillings_works_as_expected"/>
  </testsuite>
  <testsuite name="table_lbt15" timestamp="2024-11-27T08:54:52Z" hostname="e76aa7339bf7" tests="4" skipped="0" failures="0" errors="0" time="1.759">
    <testcase time="0.600999999999999" classname="table_lbt15" name="LBT15_variant_1_works_as_expected"/>
    <testcase time="0.187999999999988" classname="table_lbt15" name="LBT15_variant_1_works_as_expected"/>
    <testcase time="0.527999999999992" classname="table_lbt15" name="LBT15_variant_2_works_as_expected"/>
    <testcase time="0.442000000000007" classname="table_lbt15" name="LBT15_variant_2_works_as_expected"/>
  </testsuite>
  <testsuite name="table_lgrt02" timestamp="2024-11-27T08:54:54Z" hostname="e76aa7339bf7" tests="8" skipped="0" failures="0" errors="0" time="2.578">
    <testcase time="0.477000000000004" classname="table_lgrt02" name="LGRT02_without_interaction_term_is_produced_correctly"/>
    <testcase time="0.13900000000001" classname="table_lgrt02" name="LGRT02_without_interaction_term_is_produced_correctly"/>
    <testcase time="0.522999999999996" classname="table_lgrt02" name="LGRT02_with_categorical_interaction_is_produced_correctly"/>
    <testcase time="0.162999999999982" classname="table_lgrt02" name="LGRT02_with_categorical_interaction_is_produced_correctly"/>
    <testcase time="0.52200000000002" classname="table_lgrt02" name="LGRT02_with_continuous_interaction_is_produced_correctly"/>
    <testcase time="0.161000000000001" classname="table_lgrt02" name="LGRT02_with_continuous_interaction_is_produced_correctly"/>
    <testcase time="0.460999999999984" classname="table_lgrt02" name="LGRT02_with_setting_values_indicating_an_event_and_custom_alpha_level_is_produced_correctly"/>
    <testcase time="0.132000000000005" classname="table_lgrt02" name="LGRT02_with_setting_values_indicating_an_event_and_custom_alpha_level_is_produced_correctly"/>
  </testsuite>
  <testsuite name="table_mht01" timestamp="2024-11-27T08:54:57Z" hostname="e76aa7339bf7" tests="8" skipped="0" failures="0" errors="0" time="1.388">
    <testcase time="0.289000000000016" classname="table_mht01" name="MHT01_variant_1_is_produced_accurately"/>
    <testcase time="0.123999999999995" classname="table_mht01" name="MHT01_variant_1_is_produced_accurately"/>
    <testcase time="0.0999999999999943" classname="table_mht01" name="MHT01_variant_2_is_produced_accurately"/>
    <testcase time="0.0649999999999977" classname="table_mht01" name="MHT01_variant_2_is_produced_accurately"/>
    <testcase time="0.240999999999985" classname="table_mht01" name="MHT01_variant_3_is_produced_accurately"/>
    <testcase time="0.117000000000019" classname="table_mht01" name="MHT01_variant_3_is_produced_accurately"/>
    <testcase time="0.305999999999983" classname="table_mht01" name="MHT01_variant_5_is_produced_accurately"/>
    <testcase time="0.146000000000015" classname="table_mht01" name="MHT01_variant_5_is_produced_accurately"/>
  </testsuite>
  <testsuite name="table_onct05" timestamp="2024-11-27T08:54:58Z" hostname="e76aa7339bf7" tests="8" skipped="0" failures="0" errors="0" time="1.867">
    <testcase time="0.400000000000006" classname="table_onct05" name="ONCT05_variant_1_Objective_Response_Rate_by_Subgroup_is_produced_correctly"/>
    <testcase time="0.111999999999995" classname="table_onct05" name="ONCT05_variant_1_Objective_Response_Rate_by_Subgroup_is_produced_correctly"/>
    <testcase time="0.444999999999993" classname="table_onct05" name="ONCT05_variant_2_Specifying_class_variables_is_produced_correctly"/>
    <testcase time="0.111999999999995" classname="table_onct05" name="ONCT05_variant_2_Specifying_class_variables_is_produced_correctly"/>
    <testcase time="0.194999999999993" classname="table_onct05" name="ONCT05_variant_3_selecting_columns_and_changing_the_alpha_level_is_produced_correctly"/>
    <testcase time="0.0800000000000125" classname="table_onct05" name="ONCT05_variant_3_selecting_columns_and_changing_the_alpha_level_is_produced_correctly"/>
    <testcase time="0.407999999999987" classname="table_onct05" name="ONCT05_variant_4_setting_values_indicating_response_is_produced_correctly"/>
    <testcase time="0.115000000000009" classname="table_onct05" name="ONCT05_variant_4_setting_values_indicating_response_is_produced_correctly"/>
  </testsuite>
  <testsuite name="table_pdt01" timestamp="2024-11-27T08:55:00Z" hostname="e76aa7339bf7" tests="2" skipped="0" failures="0" errors="0" time="0.377">
    <testcase time="0.239000000000004" classname="table_pdt01" name="PDT01_is_produced_correctly"/>
    <testcase time="0.138000000000005" classname="table_pdt01" name="PDT01_is_produced_correctly"/>
  </testsuite>
  <testsuite name="table_pdt02" timestamp="2024-11-27T08:55:00Z" hostname="e76aa7339bf7" tests="2" skipped="0" failures="0" errors="0" time="0.224">
    <testcase time="0.151999999999987" classname="table_pdt02" name="PDT02_is_produced_correctly"/>
    <testcase time="0.0720000000000027" classname="table_pdt02" name="PDT02_is_produced_correctly"/>
  </testsuite>
  <testsuite name="table_pkct01" timestamp="2024-11-27T08:55:01Z" hostname="e76aa7339bf7" tests="10" skipped="0" failures="0" errors="0" time="2.945">
    <testcase time="0.257000000000005" classname="table_pkct01" name="PKCT01_is_produced_correctly"/>
    <testcase time="0.0840000000000032" classname="table_pkct01" name="PKCT01_is_produced_correctly"/>
    <testcase time="0.123999999999995" classname="table_pkct01" name="PKCT01_is_produced_correctly"/>
    <testcase time="0.054000000000002" classname="table_pkct01" name="PKCT01_is_produced_correctly"/>
    <testcase time="0.85499999999999" classname="table_pkct01" name="Specific_PKCT01_features_are_present"/>
    <testcase time="0.210000000000008" classname="table_pkct01" name="Specific_PKCT01_features_are_present"/>
    <testcase time="0.176999999999992" classname="table_pkct01" name="Specific_PKCT01_features_are_present"/>
    <testcase time="0.00200000000000955" classname="table_pkct01" name="Specific_PKCT01_features_are_present"/>
    <testcase time="0.650000000000006" classname="table_pkct01" name="Specific_PKCT01_features_are_present"/>
    <testcase time="0.531999999999982" classname="table_pkct01" name="Specific_PKCT01_features_are_present"/>
  </testsuite>
  <testsuite name="table_pkpt02" timestamp="2024-11-27T08:55:03Z" hostname="e76aa7339bf7" tests="2" skipped="0" failures="0" errors="0" time="0.512">
    <testcase time="0.286000000000001" classname="table_pkpt02" name="PKPT02_is_produced_correctly_for_Drug_X"/>
    <testcase time="0.225999999999999" classname="table_pkpt02" name="PKPT02_is_produced_correctly_for_Drug_X"/>
  </testsuite>
  <testsuite name="table_pkpt03" timestamp="2024-11-27T08:55:04Z" hostname="e76aa7339bf7" tests="2" skipped="0" failures="0" errors="0" time="1.07">
    <testcase time="0.884999999999991" classname="table_pkpt03" name="PKPT03_Drug_X_is_produced_correctly"/>
    <testcase time="0.185000000000002" classname="table_pkpt03" name="PKPT03_Drug_X_is_produced_correctly"/>
  </testsuite>
  <testsuite name="table_pkpt04" timestamp="2024-11-27T08:55:05Z" hostname="e76aa7339bf7" tests="2" skipped="0" failures="0" errors="0" time="0.175">
    <testcase time="0.0930000000000177" classname="table_pkpt04" name="PKPT04_is_produced_correctly_for_Drug_X"/>
    <testcase time="0.0819999999999936" classname="table_pkpt04" name="PKPT04_is_produced_correctly_for_Drug_X"/>
  </testsuite>
  <testsuite name="table_pkpt05" timestamp="2024-11-27T08:55:05Z" hostname="e76aa7339bf7" tests="2" skipped="0" failures="0" errors="0" time="0.391">
    <testcase time="0.271999999999991" classname="table_pkpt05" name="PKPT05_Drug_X_is_produced_correctly"/>
    <testcase time="0.119" classname="table_pkpt05" name="PKPT05_Drug_X_is_produced_correctly"/>
  </testsuite>
  <testsuite name="table_pkpt06" timestamp="2024-11-27T08:55:06Z" hostname="e76aa7339bf7" tests="4" skipped="0" failures="0" errors="0" time="0.258">
    <testcase time="0.0819999999999936" classname="table_pkpt06" name="PKPT06_is_produced_correctly_for_Drug_X"/>
    <testcase time="0.0720000000000027" classname="table_pkpt06" name="PKPT06_is_produced_correctly_for_Drug_X"/>
    <testcase time="0.0500000000000114" classname="table_pkpt06" name="PKPT06_is_produced_correctly_for_Drug_Y"/>
    <testcase time="0.054000000000002" classname="table_pkpt06" name="PKPT06_is_produced_correctly_for_Drug_Y"/>
  </testsuite>
  <testsuite name="table_pkpt07" timestamp="2024-11-27T08:55:06Z" hostname="e76aa7339bf7" tests="4" skipped="0" failures="0" errors="0" time="0.505">
    <testcase time="0.209000000000003" classname="table_pkpt07" name="PKPT07_Drug_X_is_produced_correctly"/>
    <testcase time="0.0919999999999845" classname="table_pkpt07" name="PKPT07_Drug_X_is_produced_correctly"/>
    <testcase time="0.122000000000014" classname="table_pkpt07" name="PKPT07_Drug_Y_is_produced_correctly"/>
    <testcase time="0.0819999999999936" classname="table_pkpt07" name="PKPT07_Drug_Y_is_produced_correctly"/>
  </testsuite>
  <testsuite name="table_ratet01" timestamp="2024-11-27T08:55:06Z" hostname="e76aa7339bf7" tests="2" skipped="0" failures="0" errors="0" time="0.658">
    <testcase time="0.536000000000001" classname="table_ratet01" name="RATET01_is_produced_correctly"/>
    <testcase time="0.121999999999986" classname="table_ratet01" name="RATET01_is_produced_correctly"/>
  </testsuite>
  <testsuite name="table_rmpt01" timestamp="2024-11-27T08:55:07Z" hostname="e76aa7339bf7" tests="2" skipped="0" failures="0" errors="0" time="0.198">
    <testcase time="0.14100000000002" classname="table_rmpt01" name="RMPT01_is_produced_correctly"/>
    <testcase time="0.0569999999999879" classname="table_rmpt01" name="RMPT01_is_produced_correctly"/>
  </testsuite>
  <testsuite name="table_rmpt03" timestamp="2024-11-27T08:55:07Z" hostname="e76aa7339bf7" tests="4" skipped="0" failures="0" errors="0" time="0.517">
    <testcase time="0.195999999999998" classname="table_rmpt03" name="RMPT03_variant_1_is_produced_correctly"/>
    <testcase time="0.0810000000000173" classname="table_rmpt03" name="RMPT03_variant_1_is_produced_correctly"/>
    <testcase time="0.156999999999982" classname="table_rmpt03" name="RMPT03_variant_2_is_produced_correctly"/>
    <testcase time="0.0829999999999984" classname="table_rmpt03" name="RMPT03_variant_2_is_produced_correctly"/>
  </testsuite>
  <testsuite name="table_rmpt04" timestamp="2024-11-27T08:55:08Z" hostname="e76aa7339bf7" tests="2" skipped="0" failures="0" errors="0" time="0.194">
    <testcase time="0.123999999999995" classname="table_rmpt04" name="RMPT04_variant_1_is_produced_correctly"/>
    <testcase time="0.0700000000000216" classname="table_rmpt04" name="RMPT04_variant_1_is_produced_correctly"/>
  </testsuite>
  <testsuite name="table_rmpt05" timestamp="2024-11-27T08:55:08Z" hostname="e76aa7339bf7" tests="2" skipped="0" failures="0" errors="0" time="0.217">
    <testcase time="0.140999999999991" classname="table_rmpt05" name="RMPT05_is_produced_correctly"/>
    <testcase time="0.0759999999999934" classname="table_rmpt05" name="RMPT05_is_produced_correctly"/>
  </testsuite>
  <testsuite name="table_rmpt06" timestamp="2024-11-27T08:55:08Z" hostname="e76aa7339bf7" tests="8" skipped="0" failures="0" errors="0" time="1.48">
    <testcase time="0.295000000000016" classname="table_rmpt06" name="RMPT06_variant_1_is_produced_correctly"/>
    <testcase time="0.102000000000004" classname="table_rmpt06" name="RMPT06_variant_1_is_produced_correctly"/>
    <testcase time="0.195999999999998" classname="table_rmpt06" name="RMPT06_variant_2_is_produced_correctly"/>
    <testcase time="0.0789999999999793" classname="table_rmpt06" name="RMPT06_variant_2_is_produced_correctly"/>
    <testcase time="0.301000000000016" classname="table_rmpt06" name="RMPT06_variant_3_is_produced_correctly"/>
    <testcase time="0.10899999999998" classname="table_rmpt06" name="RMPT06_variant_3_is_produced_correctly"/>
    <testcase time="0.274000000000001" classname="table_rmpt06" name="RMPT06_variant_4_is_produced_correctly"/>
    <testcase time="0.124000000000024" classname="table_rmpt06" name="RMPT06_variant_4_is_produced_correctly"/>
  </testsuite>
  <testsuite name="table_rspt01" timestamp="2024-11-27T08:55:10Z" hostname="e76aa7339bf7" tests="12" skipped="0" failures="0" errors="0" time="2.202">
    <testcase time="0.256999999999977" classname="table_rspt01" name="RSPT01_1._Best_Overall_Response"/>
    <testcase time="0.105000000000018" classname="table_rspt01" name="RSPT01_1._Best_Overall_Response"/>
    <testcase time="0.230999999999995" classname="table_rspt01" name="RSPT01_2._Best_Overall_Response_selecting_sections_to_display_"/>
    <testcase time="0.115000000000009" classname="table_rspt01" name="RSPT01_2._Best_Overall_Response_selecting_sections_to_display_"/>
    <testcase time="0.288999999999987" classname="table_rspt01" name="RSPT01_3._Best_Overall_Response_modifying_settings_"/>
    <testcase time="0.114000000000004" classname="table_rspt01" name="RSPT01_3._Best_Overall_Response_modifying_settings_"/>
    <testcase time="0.313999999999993" classname="table_rspt01" name="RSPT01_4._Best_Overall_Response_with_stratified_analysis_"/>
    <testcase time="0.128000000000014" classname="table_rspt01" name="RSPT01_4._Best_Overall_Response_with_stratified_analysis_"/>
    <testcase time="0.251000000000005" classname="table_rspt01" name="RSPT01_5._Best_Overall_Response_modifying_the_definition_of_overall_response_"/>
    <testcase time="0.10499999999999" classname="table_rspt01" name="RSPT01_5._Best_Overall_Response_modifying_the_definition_of_overall_response_"/>
    <testcase time="0.201999999999998" classname="table_rspt01" name="RSPT01_6._Best_Overall_Response_define_new_sections_to_display_"/>
    <testcase time="0.0910000000000082" classname="table_rspt01" name="RSPT01_6._Best_Overall_Response_define_new_sections_to_display_"/>
  </testsuite>
  <testsuite name="table_ttet01" timestamp="2024-11-27T08:55:12Z" hostname="e76aa7339bf7" tests="14" skipped="0" failures="0" errors="0" time="3.297">
    <testcase time="0.399000000000001" classname="table_ttet01" name="TTET01_default_variant_is_produced_correctly"/>
    <testcase time="0.168999999999983" classname="table_ttet01" name="TTET01_default_variant_is_produced_correctly"/>
    <testcase time="0.361000000000018" classname="table_ttet01" name="TTET01_default_variant_with_Placebo_arm"/>
    <testcase time="0.168999999999983" classname="table_ttet01" name="TTET01_default_variant_with_Placebo_arm"/>
    <testcase time="0.197000000000003" classname="table_ttet01" name="TTET01_variant_2_selecting_sections_to_display"/>
    <testcase time="0.108000000000004" classname="table_ttet01" name="TTET01_variant_2_selecting_sections_to_display"/>
    <testcase time="0.299000000000007" classname="table_ttet01" name="TTET01_variant_3_modifying_analysis_details_like_conftype_ties_alpha_level"/>
    <testcase time="0.135999999999996" classname="table_ttet01" name="TTET01_variant_3_modifying_analysis_details_like_conftype_ties_alpha_level"/>
    <testcase time="0.359000000000009" classname="table_ttet01" name="TTET01_variant_4_with_stratified_analysis"/>
    <testcase time="0.143000000000001" classname="table_ttet01" name="TTET01_variant_4_with_stratified_analysis"/>
    <testcase time="0.311999999999983" classname="table_ttet01" name="TTET01_variant_5_modifying_time_point"/>
    <testcase time="0.129999999999995" classname="table_ttet01" name="TTET01_variant_5_modifying_time_point"/>
    <testcase time="0.378000000000014" classname="table_ttet01" name="TTET01_variant_6_requesting_more_than_one_p_value"/>
    <testcase time="0.137" classname="table_ttet01" name="TTET01_variant_6_requesting_more_than_one_p_value"/>
  </testsuite>
  <testsuite name="table_vst01" timestamp="2024-11-27T08:55:16Z" hostname="e76aa7339bf7" tests="2" skipped="0" failures="0" errors="0" time="2.123">
    <testcase time="1.71099999999998" classname="table_vst01" name="VST01_default_variant_is_produced_correctly"/>
    <testcase time="0.412000000000006" classname="table_vst01" name="VST01_default_variant_is_produced_correctly"/>
  </testsuite>
  <testsuite name="table_vst02" timestamp="2024-11-27T08:55:18Z" hostname="e76aa7339bf7" tests="4" skipped="0" failures="0" errors="0" time="1.539">
    <testcase time="1.07900000000001" classname="table_vst02" name="1._Vital_Sign_Abnormalities_Regardless_of_Abnormality_at_Baseline_VST02_1_"/>
    <testcase time="0.0939999999999941" classname="table_vst02" name="1._Vital_Sign_Abnormalities_Regardless_of_Abnormality_at_Baseline_VST02_1_"/>
    <testcase time="0.253999999999991" classname="table_vst02" name="2._Vital_Sign_Abnormalities_Among_Subject_Without_Abnormality_at_Baseline_VST02_2_"/>
    <testcase time="0.112000000000023" classname="table_vst02" name="2._Vital_Sign_Abnormalities_Among_Subject_Without_Abnormality_at_Baseline_VST02_2_"/>
  </testsuite>
</testsuites>
