<?xml version="1.0" encoding="UTF-8"?>
<testsuites>
  <testsuite name="listing_adal02" timestamp="2024-11-25T16:59:37Z" hostname="befac4931de9" tests="1" skipped="0" failures="0" errors="0" time="0.273">
    <testcase time="0.273" classname="listing_adal02" name="ADAL02_listing_is_produced_correctly"/>
  </testsuite>
  <testsuite name="listing_ael01" timestamp="2024-11-25T16:59:37Z" hostname="befac4931de9" tests="1" skipped="0" failures="0" errors="0" time="0.201">
    <testcase time="0.201" classname="listing_ael01" name="AEL01_listing_is_produced_correctly"/>
  </testsuite>
  <testsuite name="listing_ael01_nollt" timestamp="2024-11-25T16:59:38Z" hostname="befac4931de9" tests="1" skipped="0" failures="0" errors="0" time="0.073">
    <testcase time="0.0730000000000004" classname="listing_ael01_nollt" name="AEL01_NOLLT_listing_is_produced_correctly"/>
  </testsuite>
  <testsuite name="listing_ael02" timestamp="2024-11-25T16:59:38Z" hostname="befac4931de9" tests="1" skipped="0" failures="0" errors="0" time="0.294">
    <testcase time="0.294" classname="listing_ael02" name="AEL02_listing_is_produced_correctly"/>
  </testsuite>
  <testsuite name="listing_ael02_ed" timestamp="2024-11-25T16:59:38Z" hostname="befac4931de9" tests="1" skipped="0" failures="0" errors="0" time="0.337">
    <testcase time="0.337" classname="listing_ael02_ed" name="AEL02_ED_listing_is_produced_correctly"/>
  </testsuite>
  <testsuite name="listing_ael03" timestamp="2024-11-25T16:59:38Z" hostname="befac4931de9" tests="1" skipped="0" failures="0" errors="0" time="0.281">
    <testcase time="0.281000000000001" classname="listing_ael03" name="AEL03_listing_is_produced_correctly"/>
  </testsuite>
  <testsuite name="listing_ael04" timestamp="2024-11-25T16:59:38Z" hostname="befac4931de9" tests="1" skipped="0" failures="0" errors="0" time="0.205">
    <testcase time="0.205" classname="listing_ael04" name="AEL04_listing_is_produced_correctly"/>
  </testsuite>
  <testsuite name="listing_cml01" timestamp="2024-11-25T16:59:39Z" hostname="befac4931de9" tests="1" skipped="0" failures="0" errors="0" time="0.338">
    <testcase time="0.337999999999999" classname="listing_cml01" name="CML01_listing_is_produced_correctly"/>
  </testsuite>
  <testsuite name="listing_cml02a_gl" timestamp="2024-11-25T16:59:39Z" hostname="befac4931de9" tests="1" skipped="0" failures="0" errors="0" time="0.117">
    <testcase time="0.117000000000001" classname="listing_cml02a_gl" name="CML02A_GL_listing_is_produced_correctly"/>
  </testsuite>
  <testsuite name="listing_cml02b_gl" timestamp="2024-11-25T16:59:39Z" hostname="befac4931de9" tests="1" skipped="0" failures="0" errors="0" time="0.177">
    <testcase time="0.177" classname="listing_cml02b_gl" name="CML02B_GL_listing_is_produced_correctly"/>
  </testsuite>
  <testsuite name="listing_dsl01" timestamp="2024-11-25T16:59:39Z" hostname="befac4931de9" tests="1" skipped="0" failures="0" errors="0" time="0.179">
    <testcase time="0.179" classname="listing_dsl01" name="DSL01_listing_is_produced_correctly"/>
  </testsuite>
  <testsuite name="listing_dsl02" timestamp="2024-11-25T16:59:39Z" hostname="befac4931de9" tests="1" skipped="0" failures="0" errors="0" time="0.075">
    <testcase time="0.0749999999999993" classname="listing_dsl02" name="DSL02_listing_is_produced_correctly"/>
  </testsuite>
  <testsuite name="listing_dsur4" timestamp="2024-11-25T16:59:40Z" hostname="befac4931de9" tests="1" skipped="0" failures="0" errors="0" time="0.117">
    <testcase time="0.117000000000001" classname="listing_dsur4" name="DSUR4_listing_is_produced_correctly"/>
  </testsuite>
  <testsuite name="listing_egl01" timestamp="2024-11-25T16:59:40Z" hostname="befac4931de9" tests="1" skipped="0" failures="1" errors="0" time="0.481">
    <testcase time="0.481" classname="listing_egl01" name="EGL01_listing_is_produced_correctly">
      <failure type="failure" message="Snapshot of code has changed: ('test-listing_egl01.R:61:3')">Snapshot of code has changed:
old[3:64] vs new[3:64]
  Output
    Listing of ECG Data: Safety-Evaluable Patients
    
-   ——————————————————————————————————————————————————————————————————————————————————————————————————————————————————————————————————————————————————————————————————————————————————————————————————
+   —————————————————————————————————————————————————————————————————————————————————————————————————————————————————————————————————————————————————————————————————————————————————————————————————
-                                                                                       Heart Rate Result                    QT Duration Result                    RR Duration Result                 
+                                                                                      Heart Rate Result                    QT Duration Result                    RR Duration Result                 
-                                                                               Study     (BEATS/MIN);        Heart Rate          (msec);          QT Duration          (msec);          RR Duration  
+                                                                              Study     (BEATS/MIN);        Heart Rate          (msec);          QT Duration          (msec);          RR Duration  
-   Treatment   Center/Subject ID            Age/Sex/Race             Visit      Day     Range:(40-100)     Change from BL    Range:(350-450)     Change from BL    Range:(600-1500)    Change from BL
+   Treatment   Center/Subject ID            Age/Sex/Race             Visit     Day     Range:(40-100)     Change from BL    Range:(350-450)     Change from BL    Range:(600-1500)    Change from BL
-   ——————————————————————————————————————————————————————————————————————————————————————————————————————————————————————————————————————————————————————————————————————————————————————————————————
+   —————————————————————————————————————————————————————————————————————————————————————————————————————————————————————————————————————————————————————————————————————————————————————————————————
-    Placebo        701/1015                  63/F/WHITE             Baseline     1            73.67                NA            456.67/H                NA            519.00/L                NA    
+    Placebo        701/1015                  63/F/WHITE             Week 12    NA            67.33              NA               437.67               NA              494.67/L              NA      
-                                                                    Week 12     84            67.33             -6.33             437.67             -19.00            494.67/L            -24.33    
+                                                                    Week 16    NA            73.67              NA               445.00               NA              598.67/L              NA      
-                                                                    Week 16     126           73.67              0.00             445.00             -11.67            598.67/L             79.67    
+                                                                    Week 2     NA            70.67              NA              498.00/H              NA              489.00/L              NA      
-                                                                     Week 2     15            70.67             -3.00            498.00/H             41.33            489.00/L            -30.00    
+                                                                    Week 20    NA            71.00              NA               428.67               NA              484.00/L              NA      
-                                                                    Week 20     140           71.00             -2.67             428.67             -28.00            484.00/L            -35.00    
+                                                                    Week 24    NA            79.00              NA               435.00               NA              527.67/L              NA      
-                                                                    Week 24     168           79.00              5.33             435.00             -21.67            527.67/L              8.67    
+                                                                    Week 26    NA            69.67              NA              527.00/H              NA              534.00/L              NA      
-                                                                    Week 26     182           69.67             -4.00            527.00/H             70.33            534.00/L             15.00    
+                                                                    Week 4     NA            66.67              NA              462.67/H              NA              524.67/L              NA      
-                                                                     Week 4     29            66.67             -7.00            462.67/H              6.00            524.67/L              5.67    
+                                                                    Week 6     NA            67.33              NA              512.00/H              NA              505.33/L              NA      
-                                                                     Week 6     42            67.33             -6.33            512.00/H             55.33            505.33/L            -13.67    
+                                                                    Week 8     NA            63.33              NA              487.00/H              NA              524.33/L              NA      
-                                                                     Week 8     63            63.33            -10.33            487.00/H             30.33            524.33/L              5.33    
+                   701/1023                  64/M/WHITE             Week 2     NA            72.67              NA               442.00               NA              540.67/L              NA      
-                   701/1023                  64/M/WHITE             Baseline     1            61.67                NA            505.00/H                NA            471.00/L                NA    
+                                                                    Week 4     NA            68.33              NA              509.33/H              NA              481.33/L              NA      
-                                                                     Week 2     23            72.67             11.00             442.00             -63.00            540.67/L             69.67    
+                   701/1047                  85/F/WHITE             Week 2     NA            73.67              NA               449.00               NA              497.33/L              NA      
-                                                                     Week 4     29            68.33              6.67            509.33/H              4.33            481.33/L             10.33    
+                                                                    Week 4     NA            68.00              NA              516.00/H              NA              474.00/L              NA      
-                   701/1047                  85/F/WHITE             Baseline     1            82.33                NA             417.33                 NA            533.00/L                NA    
+                   701/1118                  52/M/WHITE             Week 12    NA            74.67              NA               443.00               NA              520.00/L              NA      
-                                                                     Week 2     14            73.67             -8.67             449.00              31.67            497.33/L            -35.67    
+                                                                    Week 16    NA            72.33              NA              461.00/H              NA              489.00/L              NA      
-                                                                     Week 4     27            68.00            -14.33            516.00/H             98.67            474.00/L            -59.00    
+                                                                    Week 2     NA            72.33              NA               401.67               NA              497.00/L              NA      
-                   701/1118                  52/M/WHITE             Baseline     1            65.67                NA            468.00/H                NA            580.33/L                NA    
+                                                                    Week 20    NA            64.67              NA              495.67/H              NA              522.67/L              NA      
-                                                                    Week 12     86            74.67              9.00             443.00             -25.00            520.00/L            -60.33    
+                                                                    Week 24    NA            78.67              NA              523.00/H              NA              519.33/L              NA      
-                                                                    Week 16     113           72.33              6.67            461.00/H             -7.00            489.00/L            -91.33    
+                                                                    Week 26    NA            74.33              NA              472.67/H              NA              452.33/L              NA      
-                                                                     Week 2     15            72.33              6.67             401.67             -66.33            497.00/L            -83.33    
+                                                                    Week 4     NA            78.67              NA               448.00               NA              580.33/L              NA      
-                                                                    Week 20     141           64.67             -1.00            495.67/H             27.67            522.67/L            -57.67    
+                                                                    Week 6     NA            78.00              NA               440.33               NA              556.33/L              NA      
-                                                                    Week 24     169           78.67             13.00            523.00/H             55.00            519.33/L            -61.00    
+                                                                    Week 8     NA            63.00              NA              453.67/H              NA               602.67               NA      
-                                                                    Week 26     182           74.33              8.67            472.67/H              4.67            452.33/L           -128.00    
+                   701/1130                  84/M/WHITE             Week 12    NA            74.33              NA               442.00               NA              532.67/L              NA      
-                                                                     Week 4     29            78.67             13.00             448.00             -20.00            580.33/L              0.00    
+                                                                    Week 16    NA            70.33              NA              494.33/H              NA              564.00/L              NA      
-                                                                     Week 6     43            78.00             12.33             440.33             -27.67            556.33/L            -24.00    
+                                                                    Week 2     NA            78.33              NA              487.00/H              NA              558.33/L              NA      
-                                                                     Week 8     58            63.00             -2.67            453.67/H            -14.33             602.67              22.33    
+                                                                    Week 20    NA            78.00              NA               415.67               NA              532.33/L              NA      
-                   701/1130                  84/M/WHITE             Baseline     1            69.67                NA            469.00/H                NA            568.33/L                NA    
+                                                                    Week 24    NA            76.00              NA               431.33               NA              496.00/L              NA      
-                                                                    Week 12     91            74.33              4.67             442.00             -27.00            532.67/L            -35.67    
+                                                                    Week 26    NA            68.00              NA               389.33               NA              502.00/L              NA      
-                                                                    Week 16     113           70.33              0.67            494.33/H             25.33            564.00/L             -4.33    
+                                                                    Week 4     NA            76.33              NA              452.67/H              NA              526.33/L              NA      
-                                                                     Week 2     15            78.33              8.67            487.00/H             18.00            558.33/L            -10.00    
+                                                                    Week 6     NA            74.00              NA               437.67               NA              548.00/L              NA      
-                                                                    Week 20     138           78.00              8.33             415.67             -53.33            532.33/L            -36.00    
+                                                                    Week 8     NA            71.00              NA               426.33               NA              547.00/L              NA      
-                                                                    Week 24     169           76.00              6.33             431.33             -37.67            496.00/L            -72.33    
+                   701/1153                  79/F/WHITE             Week 12    NA            65.00              NA               426.67               NA              457.33/L              NA      
-                                                                    Week 26     183           68.00             -1.67             389.33             -79.67            502.00/L            -66.33    
+                                                                    Week 16    NA            76.67              NA               427.33               NA              450.33/L              NA      
-                                                                     Week 4     29            76.33              6.67            452.67/H            -16.33            526.33/L            -42.00    
+                                                                    Week 2     NA            73.00              NA               431.00               NA              521.33/L              NA      
-                                                                     Week 6     43            74.00              4.33             437.67             -31.33            548.00/L            -20.33    
+                                                                    Week 20    NA            65.00              NA              480.33/H              NA              563.67/L              NA      
-                                                                     Week 8     57            71.00              1.33             426.33             -42.67            547.00/L            -21.33    
+                                                                    Week 24    NA            67.67              NA              469.33/H              NA              471.33/L              NA      
-                   701/1153                  79/F/WHITE             Baseline     1            73.33                NA            468.00/H                NA            563.67/L                NA    
+                                                                    Week 26    NA            72.67              NA               415.00               NA              584.67/L              NA      
-                                                                    Week 12     85            65.00             -8.33             426.67             -41.33            457.33/L           -106.33    
+                                                                    Week 4     NA            81.33              NA              460.33/H              NA              596.00/L              NA      
-                                                                    Week 16     108           76.67              3.33             427.33             -40.67            450.33/L           -113.33    
+                                                                    Week 6     NA            74.67              NA               438.00               NA              582.00/L              NA      
-                                                                     Week 2     16            73.00             -0.33             431.00             -37.00            521.33/L            -42.33    
+                                                                    Week 8     NA            70.67              NA              453.67/H              NA              536.67/L              NA      
-                                                                    Week 20     142           65.00             -8.33            480.33/H             12.33            563.67/L              0.00    
+                   701/1203        81/F/BLACK OR AFRICAN AMERICAN   Week 12    NA            70.00              NA              480.33/H              NA              534.33/L              NA      
-                                                                    Week 24     170           67.67             -5.67            469.33/H              1.33            471.33/L            -92.33    
+                                                                    Week 16    NA            74.67              NA              476.67/H              NA              582.33/L              NA      
-                                                                    Week 26     191           72.67             -0.67             415.00             -53.00            584.67/L             21.00    
+                                                                    Week 2     NA            71.33              NA              501.00/H              NA              527.67/L              NA      
-                                                                     Week 4     27            81.33              8.00            460.33/H             -7.67            596.00/L             32.33    
+                                                                    Week 20    NA            62.33              NA               427.33               NA               636.33               NA      
-                                                                     Week 6     43            74.67              1.33             438.00             -30.00            582.00/L             18.33    
+                                                                    Week 24    NA            79.67              NA              465.33/H              NA               631.67               NA      
-                                                                     Week 8     57            70.67             -2.67            453.67/H            -14.33            536.67/L            -27.00    
+                                                                    Week 26    NA            78.33              NA              451.67/H              NA              523.67/L              NA      
-                   701/1203        81/F/BLACK OR AFRICAN AMERICAN   Baseline     1            71.00                NA             422.00                 NA            549.33/L                NA    
+                                                                    Week 4     NA            69.00              NA              455.67/H              NA              597.00/L              NA      
-                                                                    Week 12     97            70.00             -1.00            480.33/H             58.33            534.33/L            -15.00    
+                                                                    Week 6     NA            73.33              NA              470.00/H              NA              573.00/L              NA      
-                                                                    Week 16     113           74.67              3.67            476.67/H             54.67            582.33/L             33.00    
+                                                                    Week 8     NA            71.00              NA              467.00/H              NA              465.33/L              NA      
-                                                                     Week 2     22            71.33              0.33            501.00/H             79.00            527.67/L            -21.67    
+                   701/1234                  69/M/WHITE             Week 12    NA            64.33              NA               429.67               NA              498.33/L              NA      
-   ——————————————————————————————————————————————————————————————————————————————————————————————————————————————————————————————————————————————————————————————————————————————————————————————————
+   —————————————————————————————————————————————————————————————————————————————————————————————————————————————————————————————————————————————————————————————————————————————————————————————————
    
    Baseline is the patient's last observation prior to initiation of study drug. Abnormalities are
        flagged as high (H) or low (L) if outside the Roche standard reference range.

* Run `testthat::snapshot_accept('listing_egl01')` to accept the change.
* Run `testthat::snapshot_review('listing_egl01')` to interactively review the change.</failure>
    </testcase>
  </testsuite>
  <testsuite name="listing_exl01" timestamp="2024-11-25T16:59:40Z" hostname="befac4931de9" tests="1" skipped="0" failures="0" errors="0" time="0.23">
    <testcase time="0.229999999999999" classname="listing_exl01" name="EXL01_listing_is_produced_correctly"/>
  </testsuite>
  <testsuite name="listing_lbl01" timestamp="2024-11-25T16:59:40Z" hostname="befac4931de9" tests="1" skipped="0" failures="0" errors="0" time="0.559">
    <testcase time="0.559000000000001" classname="listing_lbl01" name="LBL01_listing_is_produced_correctly"/>
  </testsuite>
  <testsuite name="listing_lbl01_rls" timestamp="2024-11-25T16:59:41Z" hostname="befac4931de9" tests="1" skipped="0" failures="0" errors="0" time="0.535">
    <testcase time="0.535" classname="listing_lbl01_rls" name="LBL01_RLS_listing_is_produced_correctly"/>
  </testsuite>
  <testsuite name="listing_lbl02a" timestamp="2024-11-25T16:59:41Z" hostname="befac4931de9" tests="1" skipped="0" failures="0" errors="0" time="0.265">
    <testcase time="0.264999999999999" classname="listing_lbl02a" name="LBL02A_listing_is_produced_correctly"/>
  </testsuite>
  <testsuite name="listing_lbl02a_rls" timestamp="2024-11-25T16:59:42Z" hostname="befac4931de9" tests="1" skipped="0" failures="0" errors="0" time="1.028">
    <testcase time="1.028" classname="listing_lbl02a_rls" name="LBL02A_RLS_listing_is_produced_correctly"/>
  </testsuite>
  <testsuite name="listing_lbl02b" timestamp="2024-11-25T16:59:43Z" hostname="befac4931de9" tests="1" skipped="0" failures="0" errors="0" time="0.257">
    <testcase time="0.257" classname="listing_lbl02b" name="LBL02B_listing_is_produced_correctly"/>
  </testsuite>
  <testsuite name="listing_mhl01" timestamp="2024-11-25T16:59:43Z" hostname="befac4931de9" tests="1" skipped="0" failures="0" errors="0" time="0.251">
    <testcase time="0.251000000000001" classname="listing_mhl01" name="MHL01_listing_is_produced_correctly"/>
  </testsuite>
  <testsuite name="listing_oncl01" timestamp="2024-11-25T16:59:43Z" hostname="befac4931de9" tests="1" skipped="0" failures="0" errors="0" time="0.442">
    <testcase time="0.442" classname="listing_oncl01" name="ONCL01_listing_is_produced_correctly"/>
  </testsuite>
  <testsuite name="listing_pkcl01" timestamp="2024-11-25T16:59:44Z" hostname="befac4931de9" tests="1" skipped="0" failures="0" errors="0" time="0.174">
    <testcase time="0.173999999999999" classname="listing_pkcl01" name="PKCL01_listing_is_produced_correctly"/>
  </testsuite>
  <testsuite name="listing_pkcl02" timestamp="2024-11-25T16:59:44Z" hostname="befac4931de9" tests="1" skipped="0" failures="0" errors="0" time="0.203">
    <testcase time="0.202999999999999" classname="listing_pkcl02" name="PKCL02_listing_is_produced_correctly"/>
  </testsuite>
  <testsuite name="listing_pkpl01" timestamp="2024-11-25T16:59:44Z" hostname="befac4931de9" tests="1" skipped="0" failures="0" errors="0" time="0.234">
    <testcase time="0.234" classname="listing_pkpl01" name="PKPL01_listing_is_produced_correctly"/>
  </testsuite>
  <testsuite name="listing_pkpl02" timestamp="2024-11-25T16:59:44Z" hostname="befac4931de9" tests="1" skipped="0" failures="0" errors="0" time="0.149">
    <testcase time="0.149000000000001" classname="listing_pkpl02" name="PKPL02_listing_is_produced_correctly"/>
  </testsuite>
  <testsuite name="listing_pkpl04" timestamp="2024-11-25T16:59:44Z" hostname="befac4931de9" tests="1" skipped="0" failures="0" errors="0" time="0.201">
    <testcase time="0.200999999999999" classname="listing_pkpl04" name="PKPL04_listing_is_produced_correctly"/>
  </testsuite>
  <testsuite name="listing_vsl01" timestamp="2024-11-25T16:59:45Z" hostname="befac4931de9" tests="1" skipped="0" failures="0" errors="0" time="0.417">
    <testcase time="0.417000000000002" classname="listing_vsl01" name="VSL01_listing_is_produced_correctly"/>
  </testsuite>
  <testsuite name="pagination_listing" timestamp="2024-11-25T16:59:45Z" hostname="befac4931de9" tests="13" skipped="0" failures="0" errors="0" time="5.62">
    <testcase time="0.0299999999999994" classname="pagination_listing" name="Direct_pagination_works_fine"/>
    <testcase time="0.928000000000001" classname="pagination_listing" name="Direct_pagination_works_fine"/>
    <testcase time="0.00300000000000011" classname="pagination_listing" name="Direct_pagination_works_fine"/>
    <testcase time="0.846999999999998" classname="pagination_listing" name="Direct_pagination_works_fine"/>
    <testcase time="1.2" classname="pagination_listing" name="Direct_pagination_works_fine"/>
    <testcase time="1.271" classname="pagination_listing" name="pagination_counts_the_right_number_of_lines_when_wrapping_on_keycols_is_present"/>
    <testcase time="0.00600000000000023" classname="pagination_listing" name="pagination_counts_the_right_number_of_lines_when_wrapping_on_keycols_is_present"/>
    <testcase time="0.00600000000000023" classname="pagination_listing" name="pagination_counts_the_right_number_of_lines_when_wrapping_on_keycols_is_present"/>
    <testcase time="0.00300000000000011" classname="pagination_listing" name="pagination_counts_the_right_number_of_lines_when_wrapping_on_keycols_is_present"/>
    <testcase time="1.314" classname="pagination_listing" name="pagination_counts_the_right_number_of_lines_when_wrapping_on_keycols_is_present"/>
    <testcase time="0.00499999999999901" classname="pagination_listing" name="pagination_counts_the_right_number_of_lines_when_wrapping_on_keycols_is_present"/>
    <testcase time="0.00400000000000134" classname="pagination_listing" name="pagination_counts_the_right_number_of_lines_when_wrapping_on_keycols_is_present"/>
    <testcase time="0.00300000000000011" classname="pagination_listing" name="pagination_counts_the_right_number_of_lines_when_wrapping_on_keycols_is_present"/>
  </testsuite>
  <testsuite name="pagination_table" timestamp="2024-11-25T16:59:52Z" hostname="befac4931de9" tests="30" skipped="0" failures="0" errors="0" time="14.858">
    <testcase time="1.842" classname="pagination_table" name="Direct_pagination_with_standard_values"/>
    <testcase time="0.00400000000000134" classname="pagination_table" name="Direct_pagination_with_standard_values"/>
    <testcase time="0.00400000000000134" classname="pagination_table" name="Direct_pagination_with_standard_values"/>
    <testcase time="1.303" classname="pagination_table" name="Pagination_with_specific_column_widths_and_minimum_lines_per_page"/>
    <testcase time="0.00300000000000011" classname="pagination_table" name="Pagination_with_specific_column_widths_and_minimum_lines_per_page"/>
    <testcase time="0.131" classname="pagination_table" name="Pagination_with_specific_column_widths_and_minimum_lines_per_page"/>
    <testcase time="0.995000000000001" classname="pagination_table" name="Pagination_works_also_if_table_is_decorated"/>
    <testcase time="0.577999999999999" classname="pagination_table" name="Pagination_works_also_if_table_is_decorated"/>
    <testcase time="0.855" classname="pagination_table" name="Pagination_works_also_if_table_is_decorated"/>
    <testcase time="0.699999999999999" classname="pagination_table" name="Pagination_works_also_if_table_is_decorated"/>
    <testcase time="1.45" classname="pagination_table" name="Pagination_works_also_if_table_is_decorated"/>
    <testcase time="0.343999999999998" classname="pagination_table" name="Pagination_works_also_if_table_is_decorated"/>
    <testcase time="0.00300000000000011" classname="pagination_table" name="Pagination_works_also_if_table_is_decorated"/>
    <testcase time="0.022000000000002" classname="pagination_table" name="Pagination_works_also_if_table_is_decorated"/>
    <testcase time="0.155999999999999" classname="pagination_table" name="Pagination_works_also_if_table_is_decorated"/>
    <testcase time="0.105" classname="pagination_table" name="Pagination_works_also_if_table_is_decorated"/>
    <testcase time="0.759999999999998" classname="pagination_table" name="Pagination_works_for_page_types"/>
    <testcase time="0.0940000000000012" classname="pagination_table" name="Pagination_works_for_page_types"/>
    <testcase time="0.763999999999999" classname="pagination_table" name="Pagination_works_for_page_types"/>
    <testcase time="0.0960000000000001" classname="pagination_table" name="Pagination_works_for_page_types"/>
    <testcase time="0.892000000000003" classname="pagination_table" name="Pagination_works_for_page_types"/>
    <testcase time="0.399999999999999" classname="pagination_table" name="Pagination_works_for_page_types"/>
    <testcase time="0.698" classname="pagination_table" name="Pagination_works_for_page_width_and_height"/>
    <testcase time="0.131999999999998" classname="pagination_table" name="Pagination_works_for_page_width_and_height"/>
    <testcase time="0.774999999999999" classname="pagination_table" name="Pagination_works_for_page_types"/>
    <testcase time="0.161999999999999" classname="pagination_table" name="Pagination_works_for_page_types"/>
    <testcase time="0.830000000000005" classname="pagination_table" name="AET04_variant_2_page_by_pagination_tests"/>
    <testcase time="0.606999999999999" classname="pagination_table" name="AET04_variant_2_page_by_pagination_tests"/>
    <testcase time="0.000999999999997669" classname="pagination_table" name="AET04_variant_2_page_by_pagination_tests"/>
    <testcase time="0.152000000000001" classname="pagination_table" name="AET04_variant_2_page_by_pagination_tests"/>
  </testsuite>
  <testsuite name="table_adat03" timestamp="2024-11-25T17:00:06Z" hostname="befac4931de9" tests="2" skipped="0" failures="0" errors="0" time="0.552">
    <testcase time="0.417000000000002" classname="table_adat03" name="ADAT03_is_produced_correctly"/>
    <testcase time="0.134999999999998" classname="table_adat03" name="ADAT03_is_produced_correctly"/>
  </testsuite>
  <testsuite name="table_aet01" timestamp="2024-11-25T17:00:06Z" hostname="befac4931de9" tests="8" skipped="0" failures="0" errors="0" time="1.754">
    <testcase time="0.355000000000004" classname="table_aet01" name="Safety_Summary_Variant_1_works_as_expected"/>
    <testcase time="0.103999999999999" classname="table_aet01" name="Safety_Summary_Variant_1_works_as_expected"/>
    <testcase time="0.330999999999996" classname="table_aet01" name="Safety_Summary_Variant_2_with_Medical_Concepts_Section_works_as_expected"/>
    <testcase time="0.126000000000005" classname="table_aet01" name="Safety_Summary_Variant_2_with_Medical_Concepts_Section_works_as_expected"/>
    <testcase time="0.259" classname="table_aet01" name="Safety_Summary_Variant_3_with_Modified_Rows_works_as_expected"/>
    <testcase time="0.0889999999999986" classname="table_aet01" name="Safety_Summary_Variant_3_with_Modified_Rows_works_as_expected"/>
    <testcase time="0.356000000000002" classname="table_aet01" name="Safety_Summary_Variant_4_with_Rows_Counting_Events_and_Additional_Sections_works_as_expected"/>
    <testcase time="0.134" classname="table_aet01" name="Safety_Summary_Variant_4_with_Rows_Counting_Events_and_Additional_Sections_works_as_expected"/>
  </testsuite>
  <testsuite name="table_aet01_aesi" timestamp="2024-11-25T17:00:08Z" hostname="befac4931de9" tests="8" skipped="0" failures="0" errors="0" time="2.654">
    <testcase time="0.269999999999996" classname="table_aet01_aesi" name="AET01_AESI_Variant_1_works_as_expected"/>
    <testcase time="0.112000000000002" classname="table_aet01_aesi" name="AET01_AESI_Variant_1_works_as_expected"/>
    <testcase time="0.442999999999998" classname="table_aet01_aesi" name="AET01_AESI_Variant_2_works_as_expected"/>
    <testcase time="0.167999999999999" classname="table_aet01_aesi" name="AET01_AESI_Variant_2_works_as_expected"/>
    <testcase time="0.642000000000003" classname="table_aet01_aesi" name="AET01_AESI_Variant_3_works_as_expected"/>
    <testcase time="0.222999999999999" classname="table_aet01_aesi" name="AET01_AESI_Variant_3_works_as_expected"/>
    <testcase time="0.575000000000003" classname="table_aet01_aesi" name="AET01_AESI_Variant_4_works_as_expected"/>
    <testcase time="0.220999999999997" classname="table_aet01_aesi" name="AET01_AESI_Variant_4_works_as_expected"/>
  </testsuite>
  <testsuite name="table_aet02" timestamp="2024-11-25T17:00:11Z" hostname="befac4931de9" tests="26" skipped="0" failures="0" errors="0" time="8.739">
    <testcase time="0.562000000000005" classname="table_aet02" name="AET02_variant_1_is_produced_correctly"/>
    <testcase time="0.187999999999995" classname="table_aet02" name="AET02_variant_1_is_produced_correctly"/>
    <testcase time="0.437000000000005" classname="table_aet02" name="AET02_variant_1_is_produced_correctly"/>
    <testcase time="0.101999999999997" classname="table_aet02" name="AET02_variant_1_is_produced_correctly"/>
    <testcase time="0.660000000000004" classname="table_aet02" name="AET02_variant_2_is_produced_correctly"/>
    <testcase time="0.204000000000001" classname="table_aet02" name="AET02_variant_2_is_produced_correctly"/>
    <testcase time="0.958999999999996" classname="table_aet02" name="AET02_variant_3_is_produced_correctly"/>
    <testcase time="0.316000000000003" classname="table_aet02" name="AET02_variant_3_is_produced_correctly"/>
    <testcase time="0.130000000000003" classname="table_aet02" name="AET02_variant_4_is_produced_correctly"/>
    <testcase time="0.101999999999997" classname="table_aet02" name="AET02_variant_4_is_produced_correctly"/>
    <testcase time="0.438000000000002" classname="table_aet02" name="AET02_variant_5_is_produced_correctly"/>
    <testcase time="0.168999999999997" classname="table_aet02" name="AET02_variant_5_is_produced_correctly"/>
    <testcase time="0.433999999999997" classname="table_aet02" name="AET02_variant_6_is_produced_correctly"/>
    <testcase time="0.124000000000002" classname="table_aet02" name="AET02_variant_6_is_produced_correctly"/>
    <testcase time="0.999000000000002" classname="table_aet02" name="AET02_variant_7_is_produced_correctly"/>
    <testcase time="0.162999999999997" classname="table_aet02" name="AET02_variant_7_is_produced_correctly"/>
    <testcase time="0.427" classname="table_aet02" name="AET02_variant_8_is_produced_correctly"/>
    <testcase time="0.0890000000000057" classname="table_aet02" name="AET02_variant_8_is_produced_correctly"/>
    <testcase time="0.433999999999997" classname="table_aet02" name="AET02_variant_9_is_produced_correctly"/>
    <testcase time="0.119" classname="table_aet02" name="AET02_variant_9_is_produced_correctly"/>
    <testcase time="0.649999999999999" classname="table_aet02" name="AET02_variant_10_is_produced_correctly"/>
    <testcase time="0.0949999999999989" classname="table_aet02" name="AET02_variant_10_is_produced_correctly"/>
    <testcase time="0.394000000000005" classname="table_aet02" name="AET02_variant_11_is_produced_correctly"/>
    <testcase time="0.0729999999999933" classname="table_aet02" name="AET02_variant_11_is_produced_correctly"/>
    <testcase time="0.383000000000003" classname="table_aet02" name="AET02_variant_12_is_produced_correctly"/>
    <testcase time="0.088000000000001" classname="table_aet02" name="AET02_variant_12_is_produced_correctly"/>
  </testsuite>
  <testsuite name="table_aet02_smq" timestamp="2024-11-25T17:00:19Z" hostname="befac4931de9" tests="4" skipped="0" failures="0" errors="0" time="0.428">
    <testcase time="0.116999999999997" classname="table_aet02_smq" name="AET02SMQ_variant_1_is_produced_correctly"/>
    <testcase time="0.0690000000000026" classname="table_aet02_smq" name="AET02SMQ_variant_1_is_produced_correctly"/>
    <testcase time="0.152999999999999" classname="table_aet02_smq" name="AET02SMQ_variant_2_is_produced_correctly"/>
    <testcase time="0.0889999999999986" classname="table_aet02_smq" name="AET02SMQ_variant_2_is_produced_correctly"/>
  </testsuite>
  <testsuite name="table_aet03" timestamp="2024-11-25T17:00:20Z" hostname="befac4931de9" tests="6" skipped="0" failures="0" errors="0" time="4.823">
    <testcase time="1.102" classname="table_aet03" name="AET03_variant_1_is_produced_correctly"/>
    <testcase time="0.420000000000002" classname="table_aet03" name="AET03_variant_1_is_produced_correctly"/>
    <testcase time="1.342" classname="table_aet03" name="AET03_variant_1_is_produced_correctly"/>
    <testcase time="0.675999999999995" classname="table_aet03" name="AET03_variant_1_is_produced_correctly"/>
    <testcase time="1.067" classname="table_aet03" name="AET03_variant_1_is_produced_correctly"/>
    <testcase time="0.216000000000001" classname="table_aet03" name="AET03_variant_1_is_produced_correctly"/>
  </testsuite>
  <testsuite name="table_aet04" timestamp="2024-11-25T17:00:25Z" hostname="befac4931de9" tests="30" skipped="0" failures="0" errors="0" time="12.929">
    <testcase time="0.743000000000002" classname="table_aet04" name="AET04_variant_1_is_produced_correctly"/>
    <testcase time="0.316000000000003" classname="table_aet04" name="AET04_variant_1_is_produced_correctly"/>
    <testcase time="0.769999999999996" classname="table_aet04" name="AET04_variant_1_is_produced_correctly"/>
    <testcase time="0.0600000000000023" classname="table_aet04" name="AET04_variant_1_is_produced_correctly"/>
    <testcase time="0.0390000000000015" classname="table_aet04" name="AET04_variant_1_is_produced_correctly"/>
    <testcase time="0.663999999999994" classname="table_aet04" name="AET04_variant_2_is_produced_correctly_Fill_in_of_Treatment_Groups_"/>
    <testcase time="0.283000000000001" classname="table_aet04" name="AET04_variant_2_is_produced_correctly_Fill_in_of_Treatment_Groups_"/>
    <testcase time="0.727000000000004" classname="table_aet04" name="AET04_variant_2_is_produced_correctly_Fill_in_of_Treatment_Groups_"/>
    <testcase time="0.0420000000000016" classname="table_aet04" name="AET04_variant_2_is_produced_correctly_Fill_in_of_Treatment_Groups_"/>
    <testcase time="0.0379999999999967" classname="table_aet04" name="AET04_variant_2_is_produced_correctly_Fill_in_of_Treatment_Groups_"/>
    <testcase time="0.713999999999999" classname="table_aet04" name="AET04_variant_3_is_produced_correctly_Fill_in_of_Grades_"/>
    <testcase time="0.366" classname="table_aet04" name="AET04_variant_3_is_produced_correctly_Fill_in_of_Grades_"/>
    <testcase time="0.835999999999999" classname="table_aet04" name="AET04_variant_3_is_produced_correctly_Fill_in_of_Grades_"/>
    <testcase time="0.0450000000000017" classname="table_aet04" name="AET04_variant_3_is_produced_correctly_Fill_in_of_Grades_"/>
    <testcase time="0.0489999999999995" classname="table_aet04" name="AET04_variant_3_is_produced_correctly_Fill_in_of_Grades_"/>
    <testcase time="0.733000000000004" classname="table_aet04" name="AET04_variant_4_is_produced_correctly_Collapsing_of_Grades_grades_1_2_grades_3_4_5_"/>
    <testcase time="0.338999999999999" classname="table_aet04" name="AET04_variant_4_is_produced_correctly_Collapsing_of_Grades_grades_1_2_grades_3_4_5_"/>
    <testcase time="0.804000000000002" classname="table_aet04" name="AET04_variant_4_is_produced_correctly_Collapsing_of_Grades_grades_1_2_grades_3_4_5_"/>
    <testcase time="0.763999999999996" classname="table_aet04" name="AET04_variant_6_is_produced_correctly_with_an_Incidence_Rate_of_at_Least_5_totals_restricted_"/>
    <testcase time="0.335000000000001" classname="table_aet04" name="AET04_variant_6_is_produced_correctly_with_an_Incidence_Rate_of_at_Least_5_totals_restricted_"/>
    <testcase time="0.810000000000002" classname="table_aet04" name="AET04_variant_6_is_produced_correctly_with_an_Incidence_Rate_of_at_Least_5_totals_restricted_"/>
    <testcase time="0.0100000000000051" classname="table_aet04" name="AET04_variant_8_is_produced_correctly_with_an_Incidence_Rate_of_at_Least_X_Patients_"/>
    <testcase time="0.342999999999989" classname="table_aet04" name="AET04_variant_8_is_produced_correctly_with_an_Incidence_Rate_of_at_Least_X_Patients_"/>
    <testcase time="0.993000000000009" classname="table_aet04" name="AET04_variant_8_is_produced_correctly_with_an_Incidence_Rate_of_at_Least_X_Patients_"/>
    <testcase time="0.0109999999999957" classname="table_aet04" name="AET04_variant_9_is_produced_correctly_with_a_Difference_in_Incidence_Rate_of_at_Least_X_"/>
    <testcase time="0.302999999999997" classname="table_aet04" name="AET04_variant_9_is_produced_correctly_with_a_Difference_in_Incidence_Rate_of_at_Least_X_"/>
    <testcase time="0.738" classname="table_aet04" name="AET04_variant_9_is_produced_correctly_with_a_Difference_in_Incidence_Rate_of_at_Least_X_"/>
    <testcase time="0.0100000000000051" classname="table_aet04" name="AET04_variant_11_is_produced_correctly_with_Incidence_Rate_of_at_Least_X_all_SOCs_w_o_preferred_terms_removed_"/>
    <testcase time="0.304000000000002" classname="table_aet04" name="AET04_variant_11_is_produced_correctly_with_Incidence_Rate_of_at_Least_X_all_SOCs_w_o_preferred_terms_removed_"/>
    <testcase time="0.739999999999995" classname="table_aet04" name="AET04_variant_11_is_produced_correctly_with_Incidence_Rate_of_at_Least_X_all_SOCs_w_o_preferred_terms_removed_"/>
  </testsuite>
  <testsuite name="table_aet04_pi" timestamp="2024-11-25T17:00:38Z" hostname="befac4931de9" tests="18" skipped="0" failures="0" errors="0" time="6.615">
    <testcase time="0.563000000000002" classname="table_aet04_pi" name="AET04_PI_full_table_is_produced_correctly"/>
    <testcase time="0.230000000000004" classname="table_aet04_pi" name="AET04_PI_full_table_is_produced_correctly"/>
    <testcase time="0.596999999999994" classname="table_aet04_pi" name="AET04_PI_variant_1_is_produced_correctly"/>
    <testcase time="0.182000000000002" classname="table_aet04_pi" name="AET04_PI_variant_1_is_produced_correctly"/>
    <testcase time="0.582999999999998" classname="table_aet04_pi" name="AET04_PI_variant_2_is_produced_correctly"/>
    <testcase time="0.120000000000005" classname="table_aet04_pi" name="AET04_PI_variant_2_is_produced_correctly"/>
    <testcase time="0.584999999999994" classname="table_aet04_pi" name="AET04_PI_variant_3_is_produced_correctly"/>
    <testcase time="0.135000000000005" classname="table_aet04_pi" name="AET04_PI_variant_3_is_produced_correctly"/>
    <testcase time="0.61099999999999" classname="table_aet04_pi" name="AET04_PI_variant_4_is_produced_correctly"/>
    <testcase time="0.0960000000000036" classname="table_aet04_pi" name="AET04_PI_variant_4_is_produced_correctly"/>
    <testcase time="0.606000000000009" classname="table_aet04_pi" name="AET04_PI_variant_5_is_produced_correctly"/>
    <testcase time="0.161999999999992" classname="table_aet04_pi" name="AET04_PI_variant_5_is_produced_correctly"/>
    <testcase time="0.734999999999999" classname="table_aet04_pi" name="AET04_PI_variant_6_is_produced_correctly"/>
    <testcase time="0.174999999999997" classname="table_aet04_pi" name="AET04_PI_variant_6_is_produced_correctly"/>
    <testcase time="0.75" classname="table_aet04_pi" name="AET04_PI_variant_7_is_produced_correctly"/>
    <testcase time="0.160000000000011" classname="table_aet04_pi" name="AET04_PI_variant_7_is_produced_correctly"/>
    <testcase time="0.193999999999988" classname="table_aet04_pi" name="AET04_PI_variant_8_is_produced_correctly"/>
    <testcase time="0.131" classname="table_aet04_pi" name="AET04_PI_variant_8_is_produced_correctly"/>
  </testsuite>
  <testsuite name="table_aet05" timestamp="2024-11-25T17:00:44Z" hostname="befac4931de9" tests="4" skipped="0" failures="0" errors="0" time="0.272">
    <testcase time="0.0830000000000126" classname="table_aet05" name="AET05_variant_1_is_produced_correctly"/>
    <testcase time="0.0689999999999884" classname="table_aet05" name="AET05_variant_1_is_produced_correctly"/>
    <testcase time="0.0589999999999975" classname="table_aet05" name="AET05_variant_2_is_produced_correctly"/>
    <testcase time="0.061000000000007" classname="table_aet05" name="AET05_variant_2_is_produced_correctly"/>
  </testsuite>
  <testsuite name="table_aet05_all" timestamp="2024-11-25T17:00:44Z" hostname="befac4931de9" tests="4" skipped="0" failures="0" errors="0" time="0.31">
    <testcase time="0.117000000000004" classname="table_aet05_all" name="AET05_ALL_variant_1_is_produced_correctly"/>
    <testcase time="0.070999999999998" classname="table_aet05_all" name="AET05_ALL_variant_1_is_produced_correctly"/>
    <testcase time="0.0600000000000023" classname="table_aet05_all" name="AET05_ALL_variant_2_is_produced_correctly"/>
    <testcase time="0.0619999999999976" classname="table_aet05_all" name="AET05_ALL_variant_2_is_produced_correctly"/>
  </testsuite>
  <testsuite name="table_aet06" timestamp="2024-11-25T17:00:45Z" hostname="befac4931de9" tests="6" skipped="0" failures="0" errors="0" time="3.92">
    <testcase time="0.608000000000004" classname="table_aet06" name="AET06_variant_1_is_produced_correctly"/>
    <testcase time="0.227999999999994" classname="table_aet06" name="AET06_variant_1_is_produced_correctly"/>
    <testcase time="1.018" classname="table_aet06" name="AET06_variant_3_is_produced_correctly"/>
    <testcase time="0.346000000000004" classname="table_aet06" name="AET06_variant_3_is_produced_correctly"/>
    <testcase time="1.31099999999999" classname="table_aet06" name="AET06_variant_5_is_produced_correctly"/>
    <testcase time="0.409000000000006" classname="table_aet06" name="AET06_variant_5_is_produced_correctly"/>
  </testsuite>
  <testsuite name="table_aet06_smq" timestamp="2024-11-25T17:00:49Z" hostname="befac4931de9" tests="4" skipped="0" failures="0" errors="0" time="1.085">
    <testcase time="0.382999999999996" classname="table_aet06_smq" name="AET06_SMQ_variant_1_is_produced_correctly"/>
    <testcase time="0.152000000000001" classname="table_aet06_smq" name="AET06_SMQ_variant_1_is_produced_correctly"/>
    <testcase time="0.394000000000005" classname="table_aet06_smq" name="AET06_SMQ_variant_2_is_produced_correctly"/>
    <testcase time="0.155999999999992" classname="table_aet06_smq" name="AET06_SMQ_variant_2_is_produced_correctly"/>
  </testsuite>
  <testsuite name="table_aet07" timestamp="2024-11-25T17:00:50Z" hostname="befac4931de9" tests="4" skipped="0" failures="0" errors="0" time="0.207">
    <testcase time="0.0529999999999973" classname="table_aet07" name="AET07_variant_1_is_produced_correctly"/>
    <testcase time="0.0450000000000017" classname="table_aet07" name="AET07_variant_1_is_produced_correctly"/>
    <testcase time="0.0640000000000072" classname="table_aet07" name="AET07_variant_2_is_produced_correctly"/>
    <testcase time="0.0450000000000017" classname="table_aet07" name="AET07_variant_2_is_produced_correctly"/>
  </testsuite>
  <testsuite name="table_aet09" timestamp="2024-11-25T17:00:50Z" hostname="befac4931de9" tests="4" skipped="0" failures="0" errors="0" time="2.099">
    <testcase time="0.578999999999994" classname="table_aet09" name="AET09_variant_1_is_produced_correctly_AE_related_to_study_drug"/>
    <testcase time="0.207999999999998" classname="table_aet09" name="AET09_variant_1_is_produced_correctly_AE_related_to_study_drug"/>
    <testcase time="0.999000000000009" classname="table_aet09" name="AET09_variant_2_is_produced_correctly_AE_related_to_study_drug_including_high_level_terms_"/>
    <testcase time="0.313000000000002" classname="table_aet09" name="AET09_variant_2_is_produced_correctly_AE_related_to_study_drug_including_high_level_terms_"/>
  </testsuite>
  <testsuite name="table_aet09_smq" timestamp="2024-11-25T17:00:52Z" hostname="befac4931de9" tests="4" skipped="0" failures="0" errors="0" time="0.723">
    <testcase time="0.350999999999999" classname="table_aet09_smq" name="AET09_variant_1_AEs_related_to_study_drug_by_SMQ_is_produced_correctly"/>
    <testcase time="0.0700000000000074" classname="table_aet09_smq" name="AET09_variant_1_AEs_related_to_study_drug_by_SMQ_is_produced_correctly"/>
    <testcase time="0.206999999999994" classname="table_aet09_smq" name="AET09_variant_2_AEs_related_to_study_drug_by_SMQ_with_customized_queries_is_produced_correctly"/>
    <testcase time="0.0949999999999989" classname="table_aet09_smq" name="AET09_variant_2_AEs_related_to_study_drug_by_SMQ_with_customized_queries_is_produced_correctly"/>
  </testsuite>
  <testsuite name="table_aet10" timestamp="2024-11-25T17:00:53Z" hostname="befac4931de9" tests="2" skipped="0" failures="0" errors="0" time="0.167">
    <testcase time="0.103999999999999" classname="table_aet10" name="AET10_default_variant_is_produced_correctly"/>
    <testcase time="0.0630000000000024" classname="table_aet10" name="AET10_default_variant_is_produced_correctly"/>
  </testsuite>
  <testsuite name="table_aovt01" timestamp="2024-11-25T17:00:53Z" hostname="befac4931de9" tests="4" skipped="0" failures="0" errors="0" time="1.208">
    <testcase time="0.373999999999995" classname="table_aovt01" name="AOVT01_variant_with_single_endpoint_is_produced_correctly"/>
    <testcase time="0.0840000000000032" classname="table_aovt01" name="AOVT01_variant_with_single_endpoint_is_produced_correctly"/>
    <testcase time="0.593999999999994" classname="table_aovt01" name="AOVT01_variant_with_multiple_endpoints_is_produced_correctly"/>
    <testcase time="0.156000000000006" classname="table_aovt01" name="AOVT01_variant_with_multiple_endpoints_is_produced_correctly"/>
  </testsuite>
  <testsuite name="table_aovt02" timestamp="2024-11-25T17:00:54Z" hostname="befac4931de9" tests="2" skipped="0" failures="0" errors="0" time="0.398">
    <testcase time="0.316000000000003" classname="table_aovt02" name="AOVT02_is_produced_correctly"/>
    <testcase time="0.0819999999999936" classname="table_aovt02" name="AOVT02_is_produced_correctly"/>
  </testsuite>
  <testsuite name="table_aovt03" timestamp="2024-11-25T17:00:54Z" hostname="befac4931de9" tests="2" skipped="0" failures="0" errors="0" time="0.869">
    <testcase time="0.698999999999998" classname="table_aovt03" name="AOVT03_is_produced_correctly"/>
    <testcase time="0.170000000000002" classname="table_aovt03" name="AOVT03_is_produced_correctly"/>
  </testsuite>
  <testsuite name="table_cfbt01" timestamp="2024-11-25T17:00:55Z" hostname="befac4931de9" tests="2" skipped="0" failures="0" errors="0" time="0.644">
    <testcase time="0.427000000000007" classname="table_cfbt01" name="CFBT01_default_variant_is_produced_correctly"/>
    <testcase time="0.216999999999999" classname="table_cfbt01" name="CFBT01_default_variant_is_produced_correctly"/>
  </testsuite>
  <testsuite name="table_cmht01" timestamp="2024-11-25T17:00:56Z" hostname="befac4931de9" tests="4" skipped="0" failures="0" errors="0" time="1.742">
    <testcase time="0.397999999999996" classname="table_cmht01" name="CMHT01_variant_1_is_produced_correctly"/>
    <testcase time="0.0949999999999989" classname="table_cmht01" name="CMHT01_variant_1_is_produced_correctly"/>
    <testcase time="0.981999999999999" classname="table_cmht01" name="CMHT01_variant_2_is_produced_correctly"/>
    <testcase time="0.266999999999996" classname="table_cmht01" name="CMHT01_variant_2_is_produced_correctly"/>
  </testsuite>
  <testsuite name="table_cmt01" timestamp="2024-11-25T17:00:58Z" hostname="befac4931de9" tests="8" skipped="0" failures="0" errors="0" time="3.818">
    <testcase time="0.643000000000001" classname="table_cmt01" name="CMT01_default_variant_Concomitant_medications_is_produced_correctly"/>
    <testcase time="0.307000000000002" classname="table_cmt01" name="CMT01_default_variant_Concomitant_medications_is_produced_correctly"/>
    <testcase time="0.724000000000004" classname="table_cmt01" name="CMT01_variant_1_prior_medications_is_produced_correctly"/>
    <testcase time="0.317999999999998" classname="table_cmt01" name="CMT01_variant_1_prior_medications_is_produced_correctly"/>
    <testcase time="0.597999999999999" classname="table_cmt01" name="CMT01_variant_3_Concomitant_medications_is_produced_correctly"/>
    <testcase time="0.274000000000001" classname="table_cmt01" name="CMT01_variant_3_Concomitant_medications_is_produced_correctly"/>
    <testcase time="0.650999999999996" classname="table_cmt01" name="CMT01_variant_4_Concomitant_medications_is_produced_correctly"/>
    <testcase time="0.303000000000011" classname="table_cmt01" name="CMT01_variant_4_Concomitant_medications_is_produced_correctly"/>
  </testsuite>
  <testsuite name="table_cmt01a" timestamp="2024-11-25T17:01:02Z" hostname="befac4931de9" tests="8" skipped="0" failures="0" errors="0" time="5.992">
    <testcase time="1.306" classname="table_cmt01a" name="CMT01A_variant_1_is_produced_correctly"/>
    <testcase time="0.290999999999997" classname="table_cmt01a" name="CMT01A_variant_1_is_produced_correctly"/>
    <testcase time="1.14999999999999" classname="table_cmt01a" name="CMT01A_variant_2_is_produced_correctly"/>
    <testcase time="0.302000000000007" classname="table_cmt01a" name="CMT01A_variant_2_is_produced_correctly"/>
    <testcase time="1.214" classname="table_cmt01a" name="CMT01A_variant_3_is_produced_correctly"/>
    <testcase time="0.293999999999997" classname="table_cmt01a" name="CMT01A_variant_3_is_produced_correctly"/>
    <testcase time="1.17700000000001" classname="table_cmt01a" name="CMT01A_variant_4_is_produced_correctly"/>
    <testcase time="0.257999999999996" classname="table_cmt01a" name="CMT01A_variant_4_is_produced_correctly"/>
  </testsuite>
  <testsuite name="table_cmt01b" timestamp="2024-11-25T17:01:08Z" hostname="befac4931de9" tests="6" skipped="0" failures="0" errors="0" time="6.037">
    <testcase time="1.78" classname="table_cmt01b" name="CMT01B_variant_1_is_produced_correctly"/>
    <testcase time="0.414999999999992" classname="table_cmt01b" name="CMT01B_variant_1_is_produced_correctly"/>
    <testcase time="1.369" classname="table_cmt01b" name="CMT01B_variant_2_is_produced_correctly"/>
    <testcase time="0.585999999999999" classname="table_cmt01b" name="CMT01B_variant_2_is_produced_correctly"/>
    <testcase time="1.51300000000001" classname="table_cmt01b" name="CMT01B_variant_4_is_produced_correctly"/>
    <testcase time="0.373999999999995" classname="table_cmt01b" name="CMT01B_variant_4_is_produced_correctly"/>
  </testsuite>
  <testsuite name="table_cmt02_pt" timestamp="2024-11-25T17:01:14Z" hostname="befac4931de9" tests="2" skipped="0" failures="0" errors="0" time="0.587">
    <testcase time="0.409000000000006" classname="table_cmt02_pt" name="CMT02_PT_default_variant_is_produced_correctly"/>
    <testcase time="0.177999999999997" classname="table_cmt02_pt" name="CMT02_PT_default_variant_is_produced_correctly"/>
  </testsuite>
  <testsuite name="table_coxt01" timestamp="2024-11-25T17:01:14Z" hostname="befac4931de9" tests="8" skipped="0" failures="0" errors="0" time="1.755">
    <testcase time="0.272000000000006" classname="table_coxt01" name="1._Cox_Regression"/>
    <testcase time="0.0859999999999985" classname="table_coxt01" name="1._Cox_Regression"/>
    <testcase time="0.355999999999995" classname="table_coxt01" name="2._Cox_Regression_with_Interaction_Term_"/>
    <testcase time="0.102000000000004" classname="table_coxt01" name="2._Cox_Regression_with_Interaction_Term_"/>
    <testcase time="0.358000000000004" classname="table_coxt01" name="3._Cox_Regression_specifying_covariates_"/>
    <testcase time="0.119" classname="table_coxt01" name="3._Cox_Regression_specifying_covariates_"/>
    <testcase time="0.352000000000004" classname="table_coxt01" name="4._Cox_Regression_setting_strata_ties_and_alpha_level_"/>
    <testcase time="0.109999999999999" classname="table_coxt01" name="4._Cox_Regression_setting_strata_ties_and_alpha_level_"/>
  </testsuite>
  <testsuite name="table_coxt02" timestamp="2024-11-25T17:01:16Z" hostname="befac4931de9" tests="4" skipped="0" failures="0" errors="0" time="0.688">
    <testcase time="0.274999999999991" classname="table_coxt02" name="COXT02_default_variant_1_is_produced_correctly"/>
    <testcase time="0.0870000000000033" classname="table_coxt02" name="COXT02_default_variant_1_is_produced_correctly"/>
    <testcase time="0.245999999999995" classname="table_coxt02" name="COXT02_variant_5_is_produced_correctly"/>
    <testcase time="0.0799999999999983" classname="table_coxt02" name="COXT02_variant_5_is_produced_correctly"/>
  </testsuite>
  <testsuite name="table_disclosures" timestamp="2024-11-25T17:01:17Z" hostname="befac4931de9" tests="12" skipped="0" failures="0" errors="0" time="1.932">
    <testcase time="0.169000000000011" classname="table_disclosures" name="Patient_Disposition_table_is_produced_correctly"/>
    <testcase time="0.0999999999999943" classname="table_disclosures" name="Patient_Disposition_table_is_produced_correctly"/>
    <testcase time="0.188000000000002" classname="table_disclosures" name="Demographic_table_is_produced_correctly"/>
    <testcase time="0.158999999999992" classname="table_disclosures" name="Demographic_table_is_produced_correctly"/>
    <testcase time="0.0889999999999986" classname="table_disclosures" name="Enrollment_by_Country_Table_is_produced_correctly"/>
    <testcase time="0.103000000000009" classname="table_disclosures" name="Enrollment_by_Country_Table_is_produced_correctly"/>
    <testcase time="0.0769999999999982" classname="table_disclosures" name="Death_table_is_produced_correctly"/>
    <testcase time="0.0600000000000023" classname="table_disclosures" name="Death_table_is_produced_correctly"/>
    <testcase time="0.308999999999997" classname="table_disclosures" name="Table_of_Serious_Adverse_Events_is_produced_correctly_for_one_specific_treatment_arm_"/>
    <testcase time="0.103999999999999" classname="table_disclosures" name="Table_of_Serious_Adverse_Events_is_produced_correctly_for_one_specific_treatment_arm_"/>
    <testcase time="0.433000000000007" classname="table_disclosures" name="Table_of_Non_Serious_Adverse_Events_is_produced_correctly"/>
    <testcase time="0.140999999999991" classname="table_disclosures" name="Table_of_Non_Serious_Adverse_Events_is_produced_correctly"/>
  </testsuite>
  <testsuite name="table_dmt01" timestamp="2024-11-25T17:01:20Z" hostname="befac4931de9" tests="10" skipped="0" failures="0" errors="0" time="2.885">
    <testcase time="1.379" classname="table_dmt01" name="DMT01_variant_1_is_produced_correctly"/>
    <testcase time="0.174999999999997" classname="table_dmt01" name="DMT01_variant_1_is_produced_correctly"/>
    <testcase time="0.201000000000008" classname="table_dmt01" name="DMT01_variant_2_is_produced_correctly"/>
    <testcase time="0.150999999999996" classname="table_dmt01" name="DMT01_variant_2_is_produced_correctly"/>
    <testcase time="0.234000000000009" classname="table_dmt01" name="DMT01_variant_3_is_produced_correctly"/>
    <testcase time="0.161999999999992" classname="table_dmt01" name="DMT01_variant_3_is_produced_correctly"/>
    <testcase time="0.172000000000011" classname="table_dmt01" name="DMT01_variant_4_is_produced_correctly"/>
    <testcase time="0.138999999999996" classname="table_dmt01" name="DMT01_variant_4_is_produced_correctly"/>
    <testcase time="0.155000000000001" classname="table_dmt01" name="DMT01_variant_5_is_produced_correctly"/>
    <testcase time="0.117000000000004" classname="table_dmt01" name="DMT01_variant_5_is_produced_correctly"/>
  </testsuite>
  <testsuite name="table_dort01" timestamp="2024-11-25T17:01:21Z" hostname="befac4931de9" tests="8" skipped="0" failures="0" errors="0" time="1.409">
    <testcase time="0.265999999999991" classname="table_dort01" name="DORT01_variant_1_is_produced_correctly"/>
    <testcase time="0.0970000000000084" classname="table_dort01" name="DORT01_variant_1_is_produced_correctly"/>
    <testcase time="0.271999999999991" classname="table_dort01" name="DORT01_variant_2_selecting_sectons_is_produced_correctly"/>
    <testcase time="0.108000000000004" classname="table_dort01" name="DORT01_variant_2_selecting_sectons_is_produced_correctly"/>
    <testcase time="0.230999999999995" classname="table_dort01" name="DORT01_variant_3_modifying_conftype_and_alpha_level_is_produced_correctly"/>
    <testcase time="0.103999999999999" classname="table_dort01" name="DORT01_variant_3_modifying_conftype_and_alpha_level_is_produced_correctly"/>
    <testcase time="0.236000000000004" classname="table_dort01" name="DORT01_variant_4_modifying_time_point_for_the_xx_duration_is_produced_correctly"/>
    <testcase time="0.0949999999999989" classname="table_dort01" name="DORT01_variant_4_modifying_time_point_for_the_xx_duration_is_produced_correctly"/>
  </testsuite>
  <testsuite name="table_dst01" timestamp="2024-11-25T17:01:23Z" hostname="befac4931de9" tests="6" skipped="0" failures="0" errors="0" time="0.707">
    <testcase time="0.123999999999995" classname="table_dst01" name="DST01_default_variant_is_produced_correctly"/>
    <testcase time="0.0990000000000038" classname="table_dst01" name="DST01_default_variant_is_produced_correctly"/>
    <testcase time="0.192999999999998" classname="table_dst01" name="DST01_variants_2_and_3_are_produced_correctly"/>
    <testcase time="0.106999999999999" classname="table_dst01" name="DST01_variants_2_and_3_are_produced_correctly"/>
    <testcase time="0.0720000000000027" classname="table_dst01" name="DST01_variants_2_and_3_are_produced_correctly"/>
    <testcase time="0.112000000000009" classname="table_dst01" name="DST01_variants_2_and_3_are_produced_correctly"/>
  </testsuite>
  <testsuite name="table_dtht01" timestamp="2024-11-25T17:01:24Z" hostname="befac4931de9" tests="8" skipped="0" failures="0" errors="0" time="1.091">
    <testcase time="0.116" classname="table_dtht01" name="DTHT01_variant_1_is_produced_correctly"/>
    <testcase time="0.0739999999999981" classname="table_dtht01" name="DTHT01_variant_1_is_produced_correctly"/>
    <testcase time="0.239999999999995" classname="table_dtht01" name="DTHT01_variant_2_is_produced_correctly"/>
    <testcase time="0.153000000000006" classname="table_dtht01" name="DTHT01_variant_2_is_produced_correctly"/>
    <testcase time="0.140999999999991" classname="table_dtht01" name="DTHT01_variant_3_is_produced_correctly"/>
    <testcase time="0.0840000000000032" classname="table_dtht01" name="DTHT01_variant_3_is_produced_correctly"/>
    <testcase time="0.177999999999997" classname="table_dtht01" name="DTHT01_variant_4_is_produced_correctly"/>
    <testcase time="0.105000000000004" classname="table_dtht01" name="DTHT01_variant_4_is_produced_correctly"/>
  </testsuite>
  <testsuite name="table_egt01" timestamp="2024-11-25T17:01:26Z" hostname="befac4931de9" tests="2" skipped="0" failures="1" errors="0" time="3.124">
    <testcase time="2.42" classname="table_egt01" name="EGT01_default_variant_is_produced_correctly"/>
    <testcase time="0.703999999999994" classname="table_egt01" name="EGT01_default_variant_is_produced_correctly">
      <failure type="failure" message="Snapshot of code has changed: ('test-table_egt01.R:54:3')">Snapshot of code has changed:
old[7:161] vs new[7:146]
      Analysis Visit             (N=86)             (N=86)            (N=72)             (N=72)            (N=96)             (N=96)     
    —————————————————————————————————————————————————————————————————————————————————————————————————————————————————————————————————————
    Heart Rate (beats/min)                                                                                                               
-     Baseline                                                                                                                           
-       n                          86                 0                 72                 0                 96                 0        
-       Mean (SD)             72.63 (4.83)         NE (NE)         73.55 (4.90)         NE (NE)         71.93 (3.70)         NE (NE)     
-       Median                    72.33               NE               73.33               NE               71.83               NE       
-       Min - Max             61.33 - 82.33        NE - NE         63.00 - 85.67        NE - NE         62.33 - 82.33        NE - NE     
-     Week 12                                                                                                                            
-       n                          68                 68                49                 49                50                 50       
-       Mean (SD)             72.58 (4.15)       -0.22 (6.49)      72.55 (5.30)       -1.48 (7.48)      72.01 (4.07)       -0.06 (5.34)  
-       Median                    72.33              0.83              73.67             -1.00              71.83              0.17      
-       Min - Max             64.33 - 82.33     -15.33 - 16.33     56.33 - 82.00     -23.00 - 10.33     64.00 - 80.67     -11.67 - 12.00 
-     Week 16                                                                                                                            
-       n                          67                 67                36                 36                40                 40       
-       Mean (SD)             73.19 (4.13)       0.36 (6.06)       72.52 (5.57)       -1.41 (6.78)      73.31 (4.12)       1.28 (4.92)   
-       Median                    73.67              0.67              71.67             -0.33              73.17              1.50      
-       Min - Max             59.00 - 83.67     -13.00 - 14.00     62.00 - 83.67     -20.33 - 14.00     65.33 - 80.67     -9.00 - 11.00  
-     Week 2                                                                                                                             
-       n                          84                 84                72                 72                94                 94       
-       Mean (SD)             72.87 (4.50)       0.32 (7.13)       73.00 (4.57)       -0.54 (6.94)      72.40 (4.80)       0.43 (6.25)   
-       Median                    72.67             -0.50              72.83              0.17              72.50              0.33      
-       Min - Max             61.67 - 84.67     -19.00 - 18.33     63.33 - 83.00     -18.00 - 17.00     57.00 - 85.33     -14.33 - 16.00 
-     Week 20                                                                                                                            
-       n                          66                 66                32                 32                30                 30       
-       Mean (SD)             72.27 (4.60)       -0.61 (5.90)      72.02 (3.95)       -2.31 (6.75)      73.99 (4.19)       1.26 (5.13)   
-       Median                    72.50             -1.00              72.17             -3.00              74.17              1.83      
-       Min - Max             62.33 - 86.00     -13.33 - 16.33     64.00 - 79.33     -14.00 - 12.67     66.33 - 81.67     -11.00 - 9.00  
-     Week 24                                                                                                                            
-       n                          59                 59                30                 30                26                 26       
-       Mean (SD)             73.68 (4.15)       0.73 (7.05)       72.59 (4.78)       -1.78 (8.41)      73.94 (4.14)       1.27 (5.20)   
-       Median                    74.00              1.33              72.83             -2.33              74.67              0.83      
-       Min - Max             63.67 - 81.33     -16.33 - 13.00     59.00 - 84.00     -26.67 - 13.33     66.67 - 81.67      -7.67 - 8.33  
-     Week 26                                                                                                                            
-       n                          58                 58                28                 28                25                 25       
-       Mean (SD)             73.33 (4.38)       0.51 (6.49)       73.33 (4.27)       -1.38 (5.58)      71.43 (4.23)       -1.32 (5.50)  
-       Median                    73.67             -0.67              73.83             -0.83              71.33             -2.00      
-       Min - Max             64.33 - 83.67     -10.00 - 12.67     62.00 - 81.00     -12.67 - 10.00     64.00 - 82.33     -12.00 - 9.33  
-     Week 4                                                                                                                             
-       n                          82                 82                72                 72                73                 73       
-       Mean (SD)             72.83 (4.16)       0.24 (6.41)       72.63 (5.01)       -0.92 (7.57)      72.07 (3.58)       -0.06 (5.20)  
-       Median                    73.33              0.17              72.00             -1.50              71.67             -0.33      
-       Min - Max             60.67 - 82.67     -16.00 - 14.33     56.67 - 84.67     -18.67 - 21.67     63.67 - 83.67     -11.67 - 17.33 
-     Week 6                                                                                                                             
-       n                          76                 76                67                 67                65                 65       
-       Mean (SD)             72.47 (4.14)       -0.32 (6.93)      72.75 (4.95)       -0.91 (6.73)      72.95 (4.36)       1.13 (5.75)   
-       Median                    72.67             -0.17              72.67              0.33              73.67              0.33      
-       Min - Max             63.67 - 84.00     -15.33 - 21.00     62.33 - 82.33     -13.67 - 17.00     61.67 - 80.33     -13.00 - 13.67 
-     Week 8                                                                                                                             
-       n                          72                 72                55                 55                58                 58       
-       Mean (SD)             71.69 (4.89)       -1.07 (6.18)      71.81 (4.63)       -2.33 (5.87)      73.17 (4.81)       1.60 (6.09)   
-       Median                    71.83             -1.00              71.00             -1.00              73.33              1.00      
-       Min - Max             57.33 - 82.33     -13.67 - 13.00     62.33 - 80.33     -18.00 - 7.67      57.00 - 82.33     -15.00 - 17.67 
-   QT Duration (ms)                                                                                                                     
-     Baseline                                                                                                                           
-       n                          86                 0                 72                 0                 96                 0        
-       Mean (SD)            456.41 (31.64)        NE (NE)        452.31 (34.51)        NE (NE)        451.16 (36.39)        NE (NE)     
-       Median                   458.50               NE              450.67               NE              452.83               NE       
-       Min - Max            379.33 - 550.33       NE - NE        361.33 - 525.33       NE - NE        366.00 - 538.33       NE - NE     
-     Week 12                                                                                                                            
-       n                          68                 68                49                 49                50                 50       
-       Mean (SD)            448.19 (33.92)     -7.23 (48.84)     458.00 (27.09)      9.74 (49.43)     454.42 (36.47)      6.51 (55.43)  
-       Median                   452.50             -10.67            455.67              6.67             447.83             -0.83      
-       Min - Max            371.33 - 564.67   -100.67 - 150.67   399.67 - 516.00   -74.33 - 147.00    362.67 - 527.33   -96.67 - 157.67 
-     Week 16                                                                                                                            
-       n                          67                 67                36                 36                40                 40       
-       Mean (SD)            458.88 (34.85)      4.40 (49.36)     454.69 (36.00)      5.25 (51.92)     459.46 (39.30)     14.39 (52.20)  
-       Median                   454.00              4.33             459.00              4.33             461.33             28.00      
-       Min - Max            385.33 - 554.00   -122.00 - 106.00   381.00 - 517.33   -127.00 - 118.33   355.67 - 511.33   -108.67 - 137.33
-     Week 2                                                                                                                             
-       n                          84                 84                72                 72                94                 94       
-       Mean (SD)            459.37 (30.63)      3.31 (40.83)     460.93 (37.10)      8.62 (45.38)     455.43 (31.96)      4.62 (51.91)  
-       Median                   459.00              3.50             456.00             12.17             457.50              8.17      
-       Min - Max            394.00 - 544.33    -82.00 - 97.33    349.33 - 533.00   -84.00 - 104.67    363.67 - 521.67   -145.33 - 115.33
-     Week 20                                                                                                                            
-       n                          66                 66                32                 32                30                 30       
-       Mean (SD)            458.98 (34.47)      4.75 (45.93)     452.38 (38.69)      1.60 (56.53)     454.71 (43.47)     12.43 (68.60)  
-       Median                   459.50              7.50             449.67             -0.33             454.50              8.17      
-       Min - Max            378.33 - 548.00   -172.00 - 98.00    379.00 - 545.00   -129.00 - 128.67   359.00 - 549.67   -133.33 - 183.67
-     Week 24                                                                                                                            
-       n                          59                 59                30                 30                26                 26       
-       Mean (SD)            452.15 (37.59)     -4.01 (42.28)     454.59 (28.08)      0.92 (52.96)     455.83 (35.78)     12.90 (58.15)  
-       Median                   449.33             -11.33            454.00             10.67             458.50             21.00      
-       Min - Max            362.00 - 594.67   -84.33 - 168.67    387.67 - 499.00   -137.67 - 81.67    373.67 - 513.33   -86.00 - 112.33 
-     Week 26                                                                                                                            
-       n                          58                 58                28                 28                25                 25       
-       Mean (SD)            453.80 (38.14)     -2.63 (51.85)     455.46 (38.21)     -0.54 (56.81)     435.45 (33.11)     -8.27 (63.95)  
-       Median                   453.33             -2.00             449.17             -6.50             446.33             -9.33      
-       Min - Max            352.33 - 540.33   -153.00 - 83.67    393.33 - 540.67   -88.00 - 128.00    382.67 - 491.00   -144.33 - 108.67
-     Week 4                                                                                                                             
-       n                          82                 82                72                 72                73                 73       
-       Mean (SD)            458.31 (37.20)      2.20 (48.32)     458.06 (37.48)      5.76 (53.70)     455.25 (34.93)      6.26 (53.42)  
-       Median                   460.17              2.17             461.17              3.83             458.00             11.67      
-       Min - Max            339.00 - 542.33   -160.33 - 100.33   369.67 - 556.00   -105.67 - 137.67   372.00 - 544.33   -137.33 - 124.67
-     Week 6                                                                                                                             
-       n                          76                 76                67                 67                65                 65       
-       Mean (SD)            452.24 (36.69)     -4.08 (47.16)     450.87 (33.46)     -0.79 (55.96)     452.85 (34.56)      4.57 (54.26)  
-       Median                   446.83              0.67             455.00             -7.33             449.00              7.33      
-       Min - Max            380.67 - 554.00   -111.67 - 106.00   349.67 - 525.67   -165.33 - 131.33   379.33 - 522.33   -130.00 - 119.00
-     Week 8                                                                                                                             
-       n                          72                 72                55                 55                58                 58       
-       Mean (SD)            454.77 (34.21)     -0.40 (41.14)     444.76 (33.94)     -5.49 (50.06)     455.70 (40.04)      8.84 (57.31)  
-       Median                   453.33              0.33             450.00             -5.67             457.00             20.67      
-       Min - Max            352.67 - 529.33   -146.67 - 106.00   365.33 - 529.33   -112.67 - 100.00   343.33 - 542.00   -147.67 - 152.67
-   RR Duration (ms)                                                                                                                     
-     Baseline                                                                                                                           
-       n                          86                 0                 72                 0                 96                 0        
-       Mean (SD)            545.81 (49.18)        NE (NE)        536.34 (49.45)        NE (NE)        537.40 (46.95)        NE (NE)     
-       Median                   543.00               NE              531.50               NE              530.67               NE       
-       Min - Max            401.00 - 675.00       NE - NE        423.00 - 630.33       NE - NE        384.33 - 646.33       NE - NE     
-     Week 12                                                                                                                            
-       n                          68                 68                49                 49                50                 50       
-       Mean (SD)            544.93 (50.13)      4.23 (66.33)     548.10 (37.20)     11.84 (67.58)     535.05 (53.07)     -9.33 (69.82)  
-       Median                   539.00              5.83             547.00             10.00             537.17             -7.17      
-       Min - Max            440.33 - 644.67   -163.33 - 137.33   456.67 - 621.00   -142.67 - 178.67   414.67 - 641.67   -191.33 - 135.00
-     Week 16                                                                                                                            
-       n                          67                 67                36                 36                40                 40       
-       Mean (SD)            537.02 (45.71)     -3.13 (69.09)     545.69 (45.51)     16.00 (61.69)     540.52 (41.78)     -2.37 (63.61)  
-       Median                   539.67             -4.33             552.17             15.50             533.17             12.00      
-       Min - Max            432.00 - 615.33   -174.33 - 200.00   437.00 - 630.00   -148.00 - 134.67   471.00 - 621.33   -160.33 - 113.00
-     Week 2                                                                                                                             
-       n                          84                 84                72                 72                94                 94       
-       Mean (SD)            538.85 (44.46)     -6.45 (64.70)     535.58 (53.44)     -0.76 (72.19)     524.55 (39.53)     -13.67 (60.67) 
-       Median                   538.83             -8.50             533.33             13.00             522.50             -12.83     
-       Min - Max            426.00 - 651.33   -184.33 - 157.00   424.33 - 677.33   -183.33 - 195.00   442.67 - 654.33   -132.33 - 179.00
-     Week 20                                                                                                                            
-       n                          66                 66                32                 32                30                 30       
-       Mean (SD)            537.91 (39.17)     -2.66 (62.68)     532.52 (42.35)      5.79 (52.81)     538.32 (36.88)     -5.83 (57.74)  
-       Median                   536.50             -0.67             522.83              2.00             540.33             -0.83      
-       Min - Max            446.33 - 636.33   -165.00 - 180.33   473.33 - 657.00   -91.00 - 121.00    465.67 - 605.67   -107.33 - 100.67
-     Week 24                                                                                                                            
-       n                          59                 59                30                 30                26                 26       
-       Mean (SD)            540.80 (44.31)      0.99 (63.14)     536.13 (50.48)     10.78 (61.57)     532.22 (38.89)     -12.10 (53.79) 
-       Median                   547.33              7.33             530.33              1.50             535.83              2.17      
-       Min - Max            422.00 - 631.67   -138.00 - 117.00   454.33 - 669.67   -96.00 - 137.00    456.33 - 617.00   -124.67 - 63.67 
-     Week 26                                                                                                                            
-       n                          58                 58                28                 28                25                 25       
-       Mean (SD)            528.71 (38.47)     -9.14 (65.41)     554.36 (42.96)     30.55 (73.13)     521.08 (47.96)     -25.09 (64.69) 
-       Median                   529.83             -4.67             559.00             28.67             517.00             -24.67     
-       Min - Max            452.33 - 609.33   -137.00 - 203.00   486.67 - 650.67   -80.67 - 175.33    435.67 - 632.33   -161.67 - 117.67
-     Week 4                                                                                                                             
-       n                          82                 82                72                 72                73                 73       
-       Mean (SD)            533.40 (46.13)     -10.89 (61.84)    531.96 (48.15)     -4.38 (65.80)     533.04 (49.38)     -3.45 (61.64)  
-       Median                   537.00             -5.50             531.17             -0.83             538.33             -2.33      
-       Min - Max            409.67 - 647.33   -195.00 - 137.67   423.33 - 649.33   -158.67 - 121.00   423.00 - 653.67   -174.33 - 126.00
-     Week 6                                                                                                                             
-       n                          76                 76                67                 67                65                 65       
-       Mean (SD)            532.39 (44.15)     -12.47 (66.56)    533.06 (40.59)     -5.92 (62.76)     531.62 (43.33)     -3.84 (65.94)  
-       Median                   533.33             -10.17            534.00              3.00             539.00             -3.33      
-       Min - Max            429.67 - 622.67   -158.33 - 129.67   447.33 - 641.33   -154.67 - 151.67   428.67 - 644.00   -165.33 - 138.67
-     Week 8                                                                                                                             
-       n                          72                 72                55                 55                58                 58       
-       Mean (SD)            536.66 (46.07)     -5.84 (72.91)     527.87 (45.68)     -6.13 (69.13)     532.20 (42.09)     -6.78 (67.66)  
-       Median                   545.33             -4.83             528.67             -17.00            527.33             -8.33      
-       Min - Max            428.33 - 633.00   -164.67 - 131.00   436.67 - 642.33   -186.33 - 148.00   415.67 - 617.33   -198.33 - 141.67
+     Week 12                                                                                                                            
+       n                          272               204                196               147                200               150       
+       Mean (SD)             72.58 (7.02)      -0.22 (11.07)      72.55 (7.97)      -1.48 (11.72)      72.01 (7.35)      -0.06 (11.39)  
+       Median                    72.33              0.00              73.00             -1.00              72.00              1.00      
+       Min - Max            51.00 - 101.00     -33.00 - 34.00     50.00 - 94.00     -28.00 - 23.00     47.00 - 89.00     -27.00 - 31.00 
+     Week 16                                                                                                                            
+       n                          268               201                144               108                160               120       
+       Mean (SD)             73.19 (7.62)       0.36 (11.17)      72.52 (7.81)      -1.41 (11.44)      73.31 (6.80)       1.28 (10.83)  
+       Median                    73.67              1.00              73.00              1.00              73.33              2.00      
+       Min - Max            46.00 - 101.00     -29.00 - 29.00     55.00 - 93.00     -28.00 - 24.00     53.00 - 92.00     -26.00 - 27.00 
+     Week 2                                                                                                                             
+       n                          336               252                288               216                376               282       
+       Mean (SD)             72.87 (7.36)       0.32 (11.85)      73.00 (7.38)      -0.54 (11.31)      72.40 (7.92)       0.43 (11.71)  
+       Median                    72.67              1.00              73.00              0.00              72.67              0.00      
+       Min - Max             51.00 - 92.00     -33.00 - 30.00     52.00 - 98.00     -29.00 - 27.00     47.00 - 97.00     -32.00 - 39.00 
+     Week 20                                                                                                                            
+       n                          264               198                128                96                120                90       
+       Mean (SD)             72.27 (8.16)      -0.61 (11.35)      72.02 (6.70)      -2.31 (11.83)      73.99 (8.41)       1.26 (10.85)  
+       Median                    72.00             -1.00              72.00             -3.00              73.50              2.00      
+       Min - Max            47.00 - 104.00     -28.00 - 28.00     49.00 - 89.00     -29.00 - 29.00     49.00 - 98.00     -20.00 - 25.00 
+     Week 24                                                                                                                            
+       n                          236               177                120                90                104                78       
+       Mean (SD)             73.68 (6.91)       0.73 (11.82)      72.59 (8.09)      -1.78 (13.01)      73.94 (7.18)       1.27 (11.41)  
+       Median                    74.00              2.00              73.17              0.00              74.17              1.00      
+       Min - Max             47.00 - 96.00     -50.00 - 29.00     40.00 - 92.00     -40.00 - 27.00     55.00 - 93.00     -22.00 - 28.00 
+     Week 26                                                                                                                            
+       n                          232               174                112                84                100                75       
+       Mean (SD)             73.33 (7.78)       0.51 (11.60)      73.33 (8.24)      -1.38 (11.51)      71.43 (7.65)      -1.32 (11.31)  
+       Median                    73.00              0.00              73.83             -1.00              70.00             -1.00      
+       Min - Max            50.00 - 102.00     -37.00 - 37.00     52.00 - 95.00     -24.00 - 29.00     53.00 - 91.00     -27.00 - 27.00 
+     Week 4                                                                                                                             
+       n                          328               246                288               216                292               219       
+       Mean (SD)             72.83 (7.51)       0.24 (12.10)      72.63 (7.58)      -0.92 (11.35)      72.07 (6.68)      -0.06 (10.65)  
+       Median                    73.00              1.00              72.17              0.00              72.00              0.00      
+       Min - Max             43.00 - 97.00     -34.00 - 31.00     50.00 - 96.00     -38.00 - 26.00     50.00 - 89.00     -28.00 - 25.00 
+     Week 6                                                                                                                             
+       n                          304               228                268               201                260               195       
+       Mean (SD)             72.47 (7.17)      -0.32 (11.90)      72.75 (8.01)      -0.91 (11.75)      72.95 (7.66)       1.13 (11.23)  
+       Median                    73.00              1.00              73.00             -1.00              73.00              1.00      
+       Min - Max             47.00 - 92.00     -35.00 - 36.00     48.00 - 92.00     -43.00 - 37.00     46.00 - 94.00     -26.00 - 32.00 
+     Week 8                                                                                                                             
+       n                          288               216                220               165                232               174       
+       Mean (SD)             71.69 (7.82)      -1.07 (11.90)      71.81 (7.61)      -2.33 (11.03)      73.17 (7.69)       1.60 (11.37)  
+       Median                    72.00              0.00              71.00             -2.00              73.00              2.00      
+       Min - Max             49.00 - 93.00     -31.00 - 30.00     52.00 - 93.00     -28.00 - 28.00     46.00 - 93.00     -27.00 - 27.00 
+   QT Duration (msec)                                                                                                                   
+     Week 12                                                                                                                            
+       n                          272               204                196               147                200               150       
+       Mean (SD)            448.19 (52.67)     -7.23 (83.32)     458.00 (48.74)      9.74 (85.31)     454.42 (54.38)      6.51 (84.15)  
+       Median                   449.50             -9.50             457.83             15.00             451.83              0.00      
+       Min - Max            271.00 - 603.00   -211.00 - 216.00   327.00 - 593.00   -215.00 - 261.00   302.00 - 584.00   -202.00 - 227.00
+     Week 16                                                                                                                            
+       n                          268               201                144               108                160               120       
+       Mean (SD)            458.88 (55.40)      4.40 (87.68)     454.69 (54.28)      5.25 (88.12)     459.46 (53.94)     14.39 (82.21)  
+       Median                   454.17              0.00             461.83             -3.00             461.00             15.00      
+       Min - Max            311.00 - 605.00   -232.00 - 227.00   302.00 - 579.00   -234.00 - 204.00   324.00 - 660.00   -163.00 - 224.00
+     Week 2                                                                                                                             
+       n                          336               252                288               216                376               282       
+       Mean (SD)            459.37 (52.90)      3.31 (81.85)     460.93 (55.75)      8.62 (81.37)     455.43 (53.39)      4.62 (85.45)  
+       Median                   456.67              3.00             457.17              1.50             460.00             13.00      
+       Min - Max            299.00 - 671.00   -206.00 - 222.00   286.00 - 667.00   -199.00 - 240.00   292.00 - 599.00   -228.00 - 236.00
+     Week 20                                                                                                                            
+       n                          264               198                128                96                120                90       
+       Mean (SD)            458.98 (55.57)      4.75 (81.42)     452.38 (53.71)      1.60 (83.84)     454.71 (56.83)     12.43 (90.19)  
+       Median                   459.50              2.50             448.00              3.50             451.00             17.50      
+       Min - Max            305.00 - 661.00   -247.00 - 235.00   309.00 - 624.00   -241.00 - 210.00   306.00 - 591.00   -194.00 - 295.00
+     Week 24                                                                                                                            
+       n                          236               177                120                90                104                78       
+       Mean (SD)            452.15 (56.16)     -4.01 (84.90)     454.59 (52.47)      0.92 (82.89)     455.83 (57.08)     12.90 (94.43)  
+       Median                   448.67             -5.00             451.00              2.50             458.83              5.00      
+       Min - Max            331.00 - 661.00   -223.00 - 233.00   334.00 - 612.00   -250.00 - 205.00   287.00 - 599.00   -250.00 - 207.00
+     Week 26                                                                                                                            
+       n                          232               174                112                84                100                75       
+       Mean (SD)            453.80 (53.90)     -2.63 (83.20)     455.46 (54.81)     -0.54 (98.14)     435.45 (48.83)     -8.27 (88.84)  
+       Median                   455.33             -4.00             451.00             -1.00             433.50             -13.00     
+       Min - Max            288.00 - 640.00   -208.00 - 183.00   318.00 - 593.00   -202.00 - 238.00   320.00 - 554.00   -221.00 - 247.00
+     Week 4                                                                                                                             
+       n                          328               246                288               216                292               219       
+       Mean (SD)            458.31 (55.05)      2.20 (83.57)     458.06 (52.48)      5.76 (79.53)     455.25 (56.16)      6.26 (83.84)  
+       Median                   460.17              2.50             461.00             -1.00             460.50              5.00      
+       Min - Max            279.00 - 623.00   -257.00 - 223.00   297.00 - 596.00   -216.00 - 194.00   281.00 - 600.00   -239.00 - 232.00
+     Week 6                                                                                                                             
+       n                          304               228                268               201                260               195       
+       Mean (SD)            452.24 (55.46)     -4.08 (79.76)     450.87 (52.73)     -0.79 (90.75)     452.85 (53.63)      4.57 (86.78)  
+       Median                   449.00             -8.50             455.67              3.00             450.83              9.00      
+       Min - Max            284.00 - 638.00   -237.00 - 213.00   291.00 - 645.00   -301.00 - 254.00   341.00 - 624.00   -249.00 - 244.00
+     Week 8                                                                                                                             
+       n                          288               216                220               165                232               174       
+       Mean (SD)            454.77 (53.04)     -0.40 (78.61)     444.76 (52.44)     -5.49 (88.45)     455.70 (57.01)      8.84 (87.87)  
+       Median                   450.00              0.00             448.00              2.00             455.00              8.50      
+       Min - Max            323.00 - 615.00   -228.00 - 216.00   267.00 - 578.00   -268.00 - 189.00   268.00 - 646.00   -198.00 - 229.00
+   RR Duration (msec)                                                                                                                   
+     Week 12                                                                                                                            
+       n                          272               204                196               147                200               150       
+       Mean (SD)            544.93 (75.65)     4.23 (106.30)     548.10 (67.99)     11.84 (112.78)    535.05 (77.72)     -9.33 (106.00) 
+       Median                   538.00              1.00             550.83              9.00             536.83             -7.50      
+       Min - Max            362.00 - 787.00   -247.00 - 433.00   328.00 - 775.00   -305.00 - 394.00   332.00 - 726.00   -306.00 - 241.00
+     Week 16                                                                                                                            
+       n                          268               201                144               108                160               120       
+       Mean (SD)            537.02 (71.34)     -3.13 (108.98)    545.69 (69.08)     16.00 (103.02)    540.52 (68.23)     -2.38 (106.52) 
+       Median                   538.50             -7.00             548.83             20.50             535.17             -13.00     
+       Min - Max            267.00 - 707.00   -291.00 - 394.00   295.00 - 727.00   -294.00 - 253.00   348.00 - 732.00   -248.00 - 240.00
+     Week 2                                                                                                                             
+       n                          336               252                288               216                376               282       
+       Mean (SD)            538.85 (70.56)     -6.45 (109.68)    535.58 (76.62)     -0.76 (114.35)    524.55 (67.27)    -13.67 (108.43) 
+       Median                   539.00             -12.00            532.50             -5.00             520.00             -17.00     
+       Min - Max            316.00 - 782.00   -270.00 - 290.00   352.00 - 754.00   -296.00 - 313.00   321.00 - 735.00   -260.00 - 356.00
+     Week 20                                                                                                                            
+       n                          264               198                128                96                120                90       
+       Mean (SD)            537.91 (67.73)     -2.66 (106.25)    532.52 (67.79)      5.79 (91.49)     538.32 (63.55)     -5.83 (97.78)  
+       Median                   537.50             -0.50             525.17              4.50             545.33             -18.00     
+       Min - Max            325.00 - 889.00   -342.00 - 409.00   377.00 - 753.00   -212.00 - 219.00   335.00 - 698.00   -233.00 - 291.00
+     Week 24                                                                                                                            
+       n                          236               177                120                90                104                78       
+       Mean (SD)            540.80 (74.26)     0.99 (108.79)     536.13 (77.25)     10.78 (112.18)    532.22 (63.48)    -12.10 (102.98) 
+       Median                   539.50             10.00             530.17              9.00             539.17             -7.00      
+       Min - Max            346.00 - 742.00   -266.00 - 293.00   307.00 - 773.00   -318.00 - 331.00   400.00 - 674.00   -231.00 - 206.00
+     Week 26                                                                                                                            
+       n                          232               174                112                84                100                75       
+       Mean (SD)            528.71 (70.52)     -9.14 (113.69)    554.36 (74.05)     30.55 (111.46)    521.08 (77.29)    -25.09 (117.85) 
+       Median                   523.67             -22.50            554.50             28.50             523.00             -30.00     
+       Min - Max            358.00 - 817.00   -254.00 - 349.00   369.00 - 744.00   -235.00 - 242.00   285.00 - 731.00   -353.00 - 267.00
+     Week 4                                                                                                                             
+       n                          328               246                288               216                292               219       
+       Mean (SD)            533.40 (72.57)    -10.89 (108.42)    531.96 (71.79)     -4.38 (115.89)    533.04 (78.39)     -3.45 (111.57) 
+       Median                   535.50             -14.00            530.17             -9.00             538.00              0.00      
+       Min - Max            302.00 - 777.00   -364.00 - 315.00   295.00 - 717.00   -288.00 - 382.00   252.00 - 761.00   -410.00 - 382.00
+     Week 6                                                                                                                             
+       n                          304               228                268               201                260               195       
+       Mean (SD)            532.39 (72.57)    -12.47 (114.64)    533.06 (70.55)     -5.92 (109.41)    531.62 (66.85)     -3.84 (111.57) 
+       Median                   536.50             -11.00            529.67             -1.00             531.67             -11.00     
+       Min - Max            326.00 - 745.00   -293.00 - 391.00   306.00 - 738.00   -303.00 - 270.00   358.00 - 805.00   -261.00 - 288.00
+     Week 8                                                                                                                             
+       n                          288               216                220               165                232               174       
+       Mean (SD)            536.66 (69.78)     -5.84 (113.86)    527.87 (71.46)     -6.13 (117.02)    532.20 (72.83)     -6.78 (113.62) 
+       Median                   537.50             -2.00             525.17             -3.00             532.00             -4.50      
+       Min - Max            326.00 - 760.00   -301.00 - 332.00   343.00 - 715.00   -330.00 - 246.00   280.00 - 801.00   -394.00 - 485.00

* Run `testthat::snapshot_accept('table_egt01')` to accept the change.
* Run `testthat::snapshot_review('table_egt01')` to interactively review the change.</failure>
    </testcase>
  </testsuite>
  <testsuite name="table_egt02" timestamp="2024-11-25T17:01:29Z" hostname="befac4931de9" tests="4" skipped="0" failures="2" errors="0" time="1.901">
    <testcase time="1.536" classname="table_egt02" name="_EGT02_1._Regardless_of_Abnormality_at_Baseline"/>
    <testcase time="0.0940000000000083" classname="table_egt02" name="_EGT02_1._Regardless_of_Abnormality_at_Baseline">
      <failure type="failure" message="Snapshot of code has changed: ('test-table_egt02.R:35:3')">Snapshot of code has changed:
old[7:15] vs new[7:15]
    Heart Rate (beats/min)                                                             
      Low                        0/84                0/72                  0/94        
      High                    4/84 (4.8%)            0/72                  0/94        
-   QT Duration (ms)                                                                   
+   QT Duration (msec)                                                                 
      Low                    55/84 (65.5%)      44/72 (61.1%)          52/94 (55.3%)   
      High                   84/84 (100%)        72/72 (100%)          93/94 (98.9%)   
-   RR Duration (ms)                                                                   
+   RR Duration (msec)                                                                 
      Low                    84/84 (100%)        72/72 (100%)          94/94 (100%)    
      High                       0/84                0/72                  0/94        

* Run `testthat::snapshot_accept('table_egt02')` to accept the change.
* Run `testthat::snapshot_review('table_egt02')` to interactively review the change.</failure>
    </testcase>
    <testcase time="0.182999999999993" classname="table_egt02" name="_EGT02_2._Among_Subjects_Without_Abnormality_at_Baseline"/>
    <testcase time="0.0880000000000081" classname="table_egt02" name="_EGT02_2._Among_Subjects_Without_Abnormality_at_Baseline">
      <failure type="failure" message="Snapshot of code has changed: ('test-table_egt02.R:55:3')">Snapshot of code has changed:
old[7:15] vs new[7:15]
    Heart Rate (beats/min)                                                             
      Low                        0/84                0/72                  0/94        
      High                    4/84 (4.8%)            0/72                  0/94        
-   QT Duration (ms)                                                                   
+   QT Duration (msec)                                                                 
-     Low                    55/84 (65.5%)      44/72 (61.1%)          52/94 (55.3%)   
+     Low                    52/84 (61.9%)      44/72 (61.1%)          51/94 (54.3%)   
-     High                   37/37 (100%)        35/35 (100%)          44/44 (100%)    
+     High                   83/84 (98.8%)       72/72 (100%)          90/94 (95.7%)   
-   RR Duration (ms)                                                                   
+   RR Duration (msec)                                                                 
-     Low                    12/12 (100%)         6/6 (100%)           10/10 (100%)    
+     Low                    84/84 (100%)        72/72 (100%)          94/94 (100%)    
      High                       0/84                0/72                  0/94        

* Run `testthat::snapshot_accept('table_egt02')` to accept the change.
* Run `testthat::snapshot_review('table_egt02')` to interactively review the change.</failure>
    </testcase>
  </testsuite>
  <testsuite name="table_egt03" timestamp="2024-11-25T17:01:30Z" hostname="befac4931de9" tests="8" skipped="0" failures="4" errors="0" time="1.263">
    <testcase time="0.207999999999998" classname="table_egt03" name="EGT03_variant_1_is_produced_correctly"/>
    <testcase time="0.131" classname="table_egt03" name="EGT03_variant_1_is_produced_correctly">
      <failure type="failure" message="Snapshot of code has changed: ('test-table_egt03.R:59:3')">Snapshot of code has changed:
old[4:23] vs new[4:23]
                                     LOW         NORMAL     HIGH   Missing 
    ———————————————————————————————————————————————————————————————————————
    Placebo (N=86)                                                         
-     n                               37           45        0        2    
+     n                               17           14        0        2    
      LOW                         15 (17.9%)   14 (16.7%)    0     2 (2.4%)
-     NORMAL                      20 (23.8%)   31 (36.9%)    0        0    
+     NORMAL                          0            0         0        0    
      HIGH                            0            0         0        0    
      Missing                      2 (2.4%)        0         0        0    
    Xanomeline High Dose (N=84)                                            
-     n                               30           50        0        2    
+     n                               13           21        0        2    
      LOW                         13 (15.9%)   20 (24.4%)    0     2 (2.4%)
-     NORMAL                      17 (20.7%)   29 (35.4%)    0        0    
+     NORMAL                          0            0         0        0    
      HIGH                            0            0         0        0    
      Missing                         0         1 (1.2%)     0        0    
    Xanomeline Low Dose (N=84)                                             
-     n                               32           51        0        1    
+     n                               10           23        0        1    
      LOW                         10 (11.9%)    21 (25%)     0     1 (1.2%)
-     NORMAL                      22 (26.2%)   28 (33.3%)    0        0    
+     NORMAL                          0            0         0        0    
      HIGH                            0            0         0        0    
      Missing                         0         2 (2.4%)     0        0    

* Run `testthat::snapshot_accept('table_egt03')` to accept the change.
* Run `testthat::snapshot_review('table_egt03')` to interactively review the change.</failure>
    </testcase>
    <testcase time="0.146999999999991" classname="table_egt03" name="EGT03_variant_2_is_produced_correctly"/>
    <testcase time="0.111000000000004" classname="table_egt03" name="EGT03_variant_2_is_produced_correctly">
      <failure type="failure" message="Snapshot of code has changed: ('test-table_egt03.R:74:3')">Snapshot of code has changed:
old[4:23] vs new[4:23]
                                     LOW         NORMAL  
    —————————————————————————————————————————————————————
    Placebo (N=86)                                       
-     n                               38           46    
+     n                               18           15    
      LOW                          16 (19%)    15 (17.9%)
-     NORMAL                      20 (23.8%)   31 (36.9%)
+     NORMAL                          0            0     
      HIGH                            0            0     
      Missing                      2 (2.4%)        0     
    Xanomeline High Dose (N=84)                          
-     n                               30           52    
+     n                               13           23    
      LOW                         13 (15.9%)   22 (26.8%)
-     NORMAL                      17 (20.7%)   29 (35.4%)
+     NORMAL                          0            0     
      HIGH                            0            0     
      Missing                         0         1 (1.2%) 
    Xanomeline Low Dose (N=84)                           
-     n                               32           52    
+     n                               10           24    
      LOW                         10 (11.9%)   22 (26.2%)
-     NORMAL                      22 (26.2%)   28 (33.3%)
+     NORMAL                          0            0     
      HIGH                            0            0     
      Missing                         0         2 (2.4%) 

* Run `testthat::snapshot_accept('table_egt03')` to accept the change.
* Run `testthat::snapshot_review('table_egt03')` to interactively review the change.</failure>
    </testcase>
    <testcase time="0.197000000000003" classname="table_egt03" name="EGT03_variant_3_is_produced_correctly"/>
    <testcase time="0.131" classname="table_egt03" name="EGT03_variant_3_is_produced_correctly">
      <failure type="failure" message="Snapshot of code has changed: ('test-table_egt03.R:100:3')">Snapshot of code has changed:
old[4:23] vs new[4:23]
                                     LOW         NORMAL     HIGH   Missing 
    ———————————————————————————————————————————————————————————————————————
    Placebo (N=86)                                                         
-     n                               37           45        0        2    
+     n                               17           14        0        2    
      LOW                         15 (17.9%)   14 (16.7%)    0     2 (2.4%)
-     NORMAL                      20 (23.8%)   31 (36.9%)    0        0    
+     NORMAL                          0            0         0        0    
      HIGH                            0            0         0        0    
      Missing                      2 (2.4%)        0         0        0    
    Xanomeline High Dose (N=84)                                            
-     n                               30           50        0        2    
+     n                               13           21        0        2    
      LOW                         13 (15.9%)   20 (24.4%)    0     2 (2.4%)
-     NORMAL                      17 (20.7%)   29 (35.4%)    0        0    
+     NORMAL                          0            0         0        0    
      HIGH                            0            0         0        0    
      Missing                         0         1 (1.2%)     0        0    
    Xanomeline Low Dose (N=84)                                             
-     n                               32           51        0        1    
+     n                               10           23        0        1    
      LOW                         10 (11.9%)    21 (25%)     0     1 (1.2%)
-     NORMAL                      22 (26.2%)   28 (33.3%)    0        0    
+     NORMAL                          0            0         0        0    
      HIGH                            0            0         0        0    
      Missing                         0         2 (2.4%)     0        0    

* Run `testthat::snapshot_accept('table_egt03')` to accept the change.
* Run `testthat::snapshot_review('table_egt03')` to interactively review the change.</failure>
    </testcase>
    <testcase time="0.197999999999993" classname="table_egt03" name="EGT03_variant_4_is_produced_correctly"/>
    <testcase time="0.140000000000001" classname="table_egt03" name="EGT03_variant_4_is_produced_correctly">
      <failure type="failure" message="Snapshot of code has changed: ('test-table_egt03.R:125:3')">Snapshot of code has changed:
old[4:23] vs new[4:23]
                                     LOW         NORMAL     HIGH   Missing 
    ———————————————————————————————————————————————————————————————————————
    Placebo (N=86)                                                         
-     n                               37           45        0        2    
+     n                               17           14        0        2    
      LOW                         15 (17.9%)   14 (16.7%)    0     2 (2.4%)
-     NORMAL                      20 (23.8%)   31 (36.9%)    0        0    
+     NORMAL                          0            0         0        0    
      HIGH                            0            0         0        0    
      Missing                      2 (2.4%)        0         0        0    
    Xanomeline High Dose (N=84)                                            
-     n                               30           50        0        2    
+     n                               13           21        0        2    
      LOW                         13 (15.9%)   20 (24.4%)    0     2 (2.4%)
-     NORMAL                      17 (20.7%)   29 (35.4%)    0        0    
+     NORMAL                          0            0         0        0    
      HIGH                            0            0         0        0    
      Missing                         0         1 (1.2%)     0        0    
    Xanomeline Low Dose (N=84)                                             
-     n                               32           51        0        1    
+     n                               10           23        0        1    
      LOW                         10 (11.9%)    21 (25%)     0     1 (1.2%)
-     NORMAL                      22 (26.2%)   28 (33.3%)    0        0    
+     NORMAL                          0            0         0        0    
      HIGH                            0            0         0        0    
      Missing                         0         2 (2.4%)     0        0    

* Run `testthat::snapshot_accept('table_egt03')` to accept the change.
* Run `testthat::snapshot_review('table_egt03')` to interactively review the change.</failure>
    </testcase>
  </testsuite>
  <testsuite name="table_egt04" timestamp="2024-11-25T17:01:32Z" hostname="befac4931de9" tests="2" skipped="0" failures="0" errors="0" time="1.499">
    <testcase time="1.408" classname="table_egt04" name="EGT04_default_variant_is_produced_correctly"/>
    <testcase time="0.0910000000000082" classname="table_egt04" name="EGT04_default_variant_is_produced_correctly"/>
  </testsuite>
  <testsuite name="table_egt05_qtcat" timestamp="2024-11-25T17:01:34Z" hostname="befac4931de9" tests="2" skipped="0" failures="1" errors="0" time="2.128">
    <testcase time="1.833" classname="table_egt05_qtcat" name="EGT05_QTCAT_default_variant_is_produced_correctly"/>
    <testcase time="0.295000000000002" classname="table_egt05_qtcat" name="EGT05_QTCAT_default_variant_is_produced_correctly">
      <failure type="failure" message="Snapshot of code has changed: ('test-table_egt05_qtcat.R:88:3')">Snapshot of code has changed:
old[5:18] vs new[5:11]
      Analysis Visit             Placebo     Xanomeline High Dose   Xanomeline Low Dose
        Category                  (N=86)            (N=84)                (N=84)       
    ———————————————————————————————————————————————————————————————————————————————————
-   QT Duration (ms)                                                                   
-     Baseline                                                                         
-       Value at Visit                                                                 
-         n                         86                84                    84         
-         &lt;=450 msec             37 (43%)         40 (47.6%)            40 (47.6%)     
-         &gt;450 to &lt;=480 msec    33 (38.4%)        24 (28.6%)             26 (31%)      
-         &gt;480 to &lt;= 500 msec   9 (10.5%)         12 (14.3%)            12 (14.3%)     
-         &gt;500 msec              7 (8.1%)          8 (9.5%)              6 (7.1%)      
+   QT Duration (msec)                                                                 
      Week 2                                                                           
        Value at Visit                                                                 
          n                         68                49                    50         

old[20:30] vs new[13:18]
          &gt;450 to &lt;=480 msec    28 (41.2%)        19 (38.8%)             10 (20%)      
          &gt;480 to &lt;= 500 msec    6 (8.8%)         6 (12.2%)               8 (16%)      
          &gt;500 msec              2 (2.9%)          3 (6.1%)               5 (10%)      
-       Change from Baseline                                                           
-         n                         68                49                    50         
-         &lt;=30 msec             53 (77.9%)        35 (71.4%)             37 (74%)      
-         &gt;30 to &lt;=60 msec      10 (14.7%)         4 (8.2%)               2 (4%)       
-         &gt;60 msec               5 (7.4%)         10 (20.4%)             11 (22%)      
      Week 4                                                                           
        Value at Visit                                                                 
          n                         67                36                    40         

old[32:42] vs new[20:25]
          &gt;450 to &lt;=480 msec    20 (29.9%)        11 (30.6%)            11 (27.5%)     
          &gt;480 to &lt;= 500 msec   10 (14.9%)        5 (13.9%)               4 (10%)      
          &gt;500 msec             8 (11.9%)         4 (11.1%)              9 (22.5%)     
-       Change from Baseline                                                           
-         n                         67                36                    40         
-         &lt;=30 msec             48 (71.6%)        26 (72.2%)             20 (50%)      
-         &gt;30 to &lt;=60 msec      7 (10.4%)         5 (13.9%)              16 (40%)      
-         &gt;60 msec              12 (17.9%)        5 (13.9%)               4 (10%)      
      Week 6                                                                           
        Value at Visit                                                                 
          n                         84                82                    84         

old[44:54] vs new[27:32]
          &gt;450 to &lt;=480 msec    31 (36.9%)         23 (28%)             31 (36.9%)     
          &gt;480 to &lt;= 500 msec   12 (14.3%)        11 (13.4%)            15 (17.9%)     
          &gt;500 msec              8 (9.5%)         14 (17.1%)              5 (6%)       
-       Change from Baseline                                                           
-         n                         84                82                    84         
-         &lt;=30 msec             61 (72.6%)         59 (72%)             60 (71.4%)     
-         &gt;30 to &lt;=60 msec      17 (20.2%)        14 (17.1%)             9 (10.7%)     
-         &gt;60 msec               6 (7.1%)          9 (11%)              15 (17.9%)     
      Week 8                                                                           
        Value at Visit                                                                 
          n                         66                32                    30         

old[56:66] vs new[34:39]
          &gt;450 to &lt;=480 msec    18 (27.3%)        9 (28.1%)             11 (36.7%)     
          &gt;480 to &lt;= 500 msec   10 (15.2%)        5 (15.6%)              1 (3.3%)      
          &gt;500 msec             8 (12.1%)          2 (6.2%)              5 (16.7%)     
-       Change from Baseline                                                           
-         n                         66                32                    30         
-         &lt;=30 msec             46 (69.7%)        23 (71.9%)            20 (66.7%)     
-         &gt;30 to &lt;=60 msec      13 (19.7%)        4 (12.5%)              2 (6.7%)      
-         &gt;60 msec              7 (10.6%)         5 (15.6%)              8 (26.7%)     
      Week 12                                                                          
        Value at Visit                                                                 
          n                         59                30                    26         

old[68:78] vs new[41:46]
          &gt;450 to &lt;=480 msec    16 (27.1%)         9 (30%)              11 (42.3%)     
          &gt;480 to &lt;= 500 msec   8 (13.6%)         7 (23.3%)              4 (15.4%)     
          &gt;500 msec              4 (6.8%)             0                  3 (11.5%)     
-       Change from Baseline                                                           
-         n                         59                30                    26         
-         &lt;=30 msec              46 (78%)         20 (66.7%)            14 (53.8%)     
-         &gt;30 to &lt;=60 msec      11 (18.6%)        5 (16.7%)              7 (26.9%)     
-         &gt;60 msec               2 (3.4%)         5 (16.7%)              5 (19.2%)     
      Week 16                                                                          
        Value at Visit                                                                 
          n                         58                28                    25         

old[80:90] vs new[48:53]
          &gt;450 to &lt;=480 msec    19 (32.8%)        4 (14.3%)              11 (44%)      
          &gt;480 to &lt;= 500 msec    5 (8.6%)         4 (14.3%)               1 (4%)       
          &gt;500 msec             7 (12.1%)         4 (14.3%)                  0         
-       Change from Baseline                                                           
-         n                         58                28                    25         
-         &lt;=30 msec             39 (67.2%)        19 (67.9%)             18 (72%)      
-         &gt;30 to &lt;=60 msec      14 (24.1%)        4 (14.3%)               3 (12%)      
-         &gt;60 msec               5 (8.6%)         5 (17.9%)               4 (16%)      
      Week 20                                                                          
        Value at Visit                                                                 
          n                         82                73                    72         

old[92:102] vs new[55:60]
          &gt;450 to &lt;=480 msec    31 (37.8%)        23 (31.5%)            19 (26.4%)     
          &gt;480 to &lt;= 500 msec   10 (12.2%)        12 (16.4%)            13 (18.1%)     
          &gt;500 msec             11 (13.4%)        10 (13.7%)             5 (6.9%)      
-       Change from Baseline                                                           
-         n                         82                73                    72         
-         &lt;=30 msec             61 (74.4%)        52 (71.2%)            50 (69.4%)     
-         &gt;30 to &lt;=60 msec      11 (13.4%)        9 (12.3%)             11 (15.3%)     
-         &gt;60 msec              10 (12.2%)        12 (16.4%)            11 (15.3%)     
      Week 24                                                                          
        Value at Visit                                                                 
          n                         76                67                    65         

old[104:114] vs new[62:67]
          &gt;450 to &lt;=480 msec    20 (26.3%)        25 (37.3%)            17 (26.2%)     
          &gt;480 to &lt;= 500 msec    6 (7.9%)           6 (9%)               6 (9.2%)      
          &gt;500 msec             11 (14.5%)         5 (7.5%)              8 (12.3%)     
-       Change from Baseline                                                           
-         n                         76                67                    65         
-         &lt;=30 msec             59 (77.6%)        47 (70.1%)            44 (67.7%)     
-         &gt;30 to &lt;=60 msec      12 (15.8%)        10 (14.9%)             9 (13.8%)     
-         &gt;60 msec               5 (6.6%)         10 (14.9%)            12 (18.5%)     
      Week 26                                                                          
        Value at Visit                                                                 
          n                         72                55                    58         

old[116:123] vs new[69:71]
          &gt;450 to &lt;=480 msec    24 (33.3%)        20 (36.4%)            20 (34.5%)     
          &gt;480 to &lt;= 500 msec    7 (9.7%)          3 (5.5%)              5 (8.6%)      
          &gt;500 msec             9 (12.5%)          3 (5.5%)              9 (15.5%)     
-       Change from Baseline                                                           
-         n                         72                55                    58         
-         &lt;=30 msec             56 (77.8%)        39 (70.9%)            38 (65.5%)     
-         &gt;30 to &lt;=60 msec      10 (13.9%)         11 (20%)             10 (17.2%)     
-         &gt;60 msec               6 (8.3%)          5 (9.1%)             10 (17.2%)     

* Run `testthat::snapshot_accept('table_egt05_qtcat')` to accept the change.
* Run `testthat::snapshot_review('table_egt05_qtcat')` to interactively review the change.</failure>
    </testcase>
  </testsuite>
  <testsuite name="table_ent" timestamp="2024-11-25T17:01:35Z" hostname="befac4931de9" tests="8" skipped="0" failures="0" errors="0" time="12.945">
    <testcase time="3.154" classname="table_ent" name="ENT01_IT_is_produced_correctly"/>
    <testcase time="0.540999999999997" classname="table_ent" name="ENT01_IT_is_produced_correctly"/>
    <testcase time="2.113" classname="table_ent" name="ENT01a_IT_is_produced_correctly"/>
    <testcase time="0.525000000000006" classname="table_ent" name="ENT01a_IT_is_produced_correctly"/>
    <testcase time="3.24000000000001" classname="table_ent" name="ENT02_IT_is_produced_correctly"/>
    <testcase time="0.828999999999979" classname="table_ent" name="ENT02_IT_is_produced_correctly"/>
    <testcase time="2.03400000000002" classname="table_ent" name="ENT02a_IT_is_produced_correctly"/>
    <testcase time="0.508999999999986" classname="table_ent" name="ENT02a_IT_is_produced_correctly"/>
  </testsuite>
  <testsuite name="table_eudrat01" timestamp="2024-11-25T17:01:48Z" hostname="befac4931de9" tests="2" skipped="0" failures="0" errors="0" time="0.564">
    <testcase time="0.436000000000007" classname="table_eudrat01" name="EUDRAT01_is_produced_correctly"/>
    <testcase time="0.127999999999986" classname="table_eudrat01" name="EUDRAT01_is_produced_correctly"/>
  </testsuite>
  <testsuite name="table_eudrat02" timestamp="2024-11-25T17:01:48Z" hostname="befac4931de9" tests="2" skipped="0" failures="0" errors="0" time="0.447">
    <testcase time="0.349000000000018" classname="table_eudrat02" name="EUDRAT02_is_produced_correctly"/>
    <testcase time="0.0980000000000132" classname="table_eudrat02" name="EUDRAT02_is_produced_correctly"/>
  </testsuite>
  <testsuite name="table_ext01" timestamp="2024-11-25T17:01:49Z" hostname="befac4931de9" tests="6" skipped="0" failures="0" errors="0" time="1.467">
    <testcase time="0.346000000000004" classname="table_ext01" name="EXT01_default_variant_with_numeric_parameters_is_produced_correctly"/>
    <testcase time="0.149000000000001" classname="table_ext01" name="EXT01_default_variant_with_numeric_parameters_is_produced_correctly"/>
    <testcase time="0.246999999999986" classname="table_ext01" name="EXT01_variant_with_both_numeric_and_categorical_parameters"/>
    <testcase time="0.192000000000007" classname="table_ext01" name="EXT01_variant_with_both_numeric_and_categorical_parameters"/>
    <testcase time="0.301999999999992" classname="table_ext01" name="EXT01_variant_with_user_specified_categories_for_missed_doses"/>
    <testcase time="0.231000000000023" classname="table_ext01" name="EXT01_variant_with_user_specified_categories_for_missed_doses"/>
  </testsuite>
  <testsuite name="table_lbt01" timestamp="2024-11-25T17:01:51Z" hostname="befac4931de9" tests="2" skipped="0" failures="0" errors="0" time="1.94">
    <testcase time="1.46099999999998" classname="table_lbt01" name="LBT01_default_variant_is_produced_correctly"/>
    <testcase time="0.479000000000013" classname="table_lbt01" name="LBT01_default_variant_is_produced_correctly"/>
  </testsuite>
  <testsuite name="table_lbt02" timestamp="2024-11-25T17:01:52Z" hostname="befac4931de9" tests="2" skipped="0" failures="0" errors="0" time="1.296">
    <testcase time="0.810000000000002" classname="table_lbt02" name="LBT02_default_variant_is_produced_correctly"/>
    <testcase time="0.48599999999999" classname="table_lbt02" name="LBT02_default_variant_is_produced_correctly"/>
  </testsuite>
  <testsuite name="table_lbt03" timestamp="2024-11-25T17:01:53Z" hostname="befac4931de9" tests="2" skipped="0" failures="0" errors="0" time="0.247">
    <testcase time="0.139999999999986" classname="table_lbt03" name="LBT03_default_variant_is_produced_correctly"/>
    <testcase time="0.106999999999999" classname="table_lbt03" name="LBT03_default_variant_is_produced_correctly"/>
  </testsuite>
  <testsuite name="table_lbt04" timestamp="2024-11-25T17:01:54Z" hostname="befac4931de9" tests="2" skipped="0" failures="0" errors="0" time="1.27">
    <testcase time="1.07400000000001" classname="table_lbt04" name="LBT04_default_variant_is_produced_correctly"/>
    <testcase time="0.195999999999998" classname="table_lbt04" name="LBT04_default_variant_is_produced_correctly"/>
  </testsuite>
  <testsuite name="table_lbt05" timestamp="2024-11-25T17:01:55Z" hostname="befac4931de9" tests="6" skipped="0" failures="0" errors="0" time="6.6">
    <testcase time="2.31200000000001" classname="table_lbt05" name="LBT05_variant_1_is_produced_correctly"/>
    <testcase time="0.379999999999995" classname="table_lbt05" name="LBT05_variant_1_is_produced_correctly"/>
    <testcase time="1.39099999999999" classname="table_lbt05" name="LBT05_variant_2_is_produced_correctly"/>
    <testcase time="0.483000000000004" classname="table_lbt05" name="LBT05_variant_2_is_produced_correctly"/>
    <testcase time="1.68700000000001" classname="table_lbt05" name="LBT05_variant_4_is_produced_correctly"/>
    <testcase time="0.34699999999998" classname="table_lbt05" name="LBT05_variant_4_is_produced_correctly"/>
  </testsuite>
  <testsuite name="table_lbt06" timestamp="2024-11-25T17:02:01Z" hostname="befac4931de9" tests="2" skipped="0" failures="0" errors="0" time="0.499">
    <testcase time="0.331999999999994" classname="table_lbt06" name="LBT06_default_variant_is_produced_correctly"/>
    <testcase time="0.167000000000002" classname="table_lbt06" name="LBT06_default_variant_is_produced_correctly"/>
  </testsuite>
  <testsuite name="table_lbt07" timestamp="2024-11-25T17:02:02Z" hostname="befac4931de9" tests="2" skipped="0" failures="0" errors="0" time="2.342">
    <testcase time="2.05300000000003" classname="table_lbt07" name="LBT07_is_produced_correctly"/>
    <testcase time="0.288999999999987" classname="table_lbt07" name="LBT07_is_produced_correctly"/>
  </testsuite>
  <testsuite name="table_lbt08" timestamp="2024-11-25T17:02:04Z" hostname="befac4931de9" tests="2" skipped="0" failures="0" errors="0" time="0.378">
    <testcase time="0.264999999999986" classname="table_lbt08" name="LBT08_produce_correctly"/>
    <testcase time="0.113" classname="table_lbt08" name="LBT08_produce_correctly"/>
  </testsuite>
  <testsuite name="table_lbt09" timestamp="2024-11-25T17:02:05Z" hostname="befac4931de9" tests="4" skipped="0" failures="0" errors="0" time="0.922">
    <testcase time="0.321000000000026" classname="table_lbt09" name="LBT09_variant_1_works_as_expected"/>
    <testcase time="0.161999999999978" classname="table_lbt09" name="LBT09_variant_1_works_as_expected"/>
    <testcase time="0.28400000000002" classname="table_lbt09" name="LBT09_variant_2_works_as_expected"/>
    <testcase time="0.155000000000001" classname="table_lbt09" name="LBT09_variant_2_works_as_expected"/>
  </testsuite>
  <testsuite name="table_lbt10" timestamp="2024-11-25T17:02:06Z" hostname="befac4931de9" tests="4" skipped="0" failures="0" errors="0" time="1.203">
    <testcase time="0.680999999999983" classname="table_lbt10" name="LBT10_variant_1_works_as_expected"/>
    <testcase time="0.0720000000000027" classname="table_lbt10" name="LBT10_variant_1_works_as_expected"/>
    <testcase time="0.388000000000005" classname="table_lbt10" name="LBT10_variant_2_works_as_expected"/>
    <testcase time="0.0619999999999834" classname="table_lbt10" name="LBT10_variant_2_works_as_expected"/>
  </testsuite>
  <testsuite name="table_lbt10_bl" timestamp="2024-11-25T17:02:07Z" hostname="befac4931de9" tests="4" skipped="0" failures="0" errors="0" time="0.477">
    <testcase time="0.235000000000014" classname="table_lbt10_bl" name="LBT10_BL_variant_1_works_as_expected"/>
    <testcase time="0.0699999999999932" classname="table_lbt10_bl" name="LBT10_BL_variant_1_works_as_expected"/>
    <testcase time="0.111999999999995" classname="table_lbt10_bl" name="LBT10_BL_variant_2_works_as_expected"/>
    <testcase time="0.0600000000000023" classname="table_lbt10_bl" name="LBT10_BL_variant_2_works_as_expected"/>
  </testsuite>
  <testsuite name="table_lbt11" timestamp="2024-11-25T17:02:07Z" hostname="befac4931de9" tests="6" skipped="0" failures="0" errors="0" time="0.729">
    <testcase time="0.185000000000002" classname="table_lbt11" name="LBT11_variant_1_works_as_expected"/>
    <testcase time="0.0949999999999989" classname="table_lbt11" name="LBT11_variant_1_works_as_expected"/>
    <testcase time="0.0940000000000225" classname="table_lbt11" name="LBT11_variant_2_works_as_expected"/>
    <testcase time="0.0809999999999889" classname="table_lbt11" name="LBT11_variant_2_works_as_expected"/>
    <testcase time="0.158999999999992" classname="table_lbt11" name="LBT11_variant_3_works_as_expected"/>
    <testcase time="0.115000000000009" classname="table_lbt11" name="LBT11_variant_3_works_as_expected"/>
  </testsuite>
  <testsuite name="table_lbt11_bl" timestamp="2024-11-25T17:02:08Z" hostname="befac4931de9" tests="6" skipped="0" failures="0" errors="0" time="0.799">
    <testcase time="0.198999999999984" classname="table_lbt11_bl" name="LBT11_BL_variant_1_works_as_expected"/>
    <testcase time="0.0970000000000084" classname="table_lbt11_bl" name="LBT11_BL_variant_1_works_as_expected"/>
    <testcase time="0.099000000000018" classname="table_lbt11_bl" name="LBT11_BL_variant_2_works_as_expected"/>
    <testcase time="0.0919999999999845" classname="table_lbt11_bl" name="LBT11_BL_variant_2_works_as_expected"/>
    <testcase time="0.192000000000007" classname="table_lbt11_bl" name="LBT11_BL_variant_3_works_as_expected"/>
    <testcase time="0.120000000000005" classname="table_lbt11_bl" name="LBT11_BL_variant_3_works_as_expected"/>
  </testsuite>
  <testsuite name="table_lbt12" timestamp="2024-11-25T17:02:09Z" hostname="befac4931de9" tests="2" skipped="0" failures="0" errors="0" time="0.376">
    <testcase time="0.292000000000002" classname="table_lbt12" name="LBT12_works_as_expected"/>
    <testcase time="0.0839999999999748" classname="table_lbt12" name="LBT12_works_as_expected"/>
  </testsuite>
  <testsuite name="table_lbt12_bl" timestamp="2024-11-25T17:02:09Z" hostname="befac4931de9" tests="2" skipped="0" failures="0" errors="0" time="0.358">
    <testcase time="0.281000000000006" classname="table_lbt12_bl" name="LBT12_BL_works_as_expected"/>
    <testcase time="0.0769999999999982" classname="table_lbt12_bl" name="LBT12_BL_works_as_expected"/>
  </testsuite>
  <testsuite name="table_lbt13" timestamp="2024-11-25T17:02:10Z" hostname="befac4931de9" tests="10" skipped="0" failures="0" errors="0" time="2.476">
    <testcase time="1.05100000000002" classname="table_lbt13" name="LBT13_variant_1_LOW_works_as_expected"/>
    <testcase time="0.0919999999999845" classname="table_lbt13" name="LBT13_variant_1_LOW_works_as_expected"/>
    <testcase time="0.134999999999991" classname="table_lbt13" name="LBT13_variant_2_HIGH_works_as_expected"/>
    <testcase time="0.0630000000000166" classname="table_lbt13" name="LBT13_variant_2_HIGH_works_as_expected"/>
    <testcase time="0.225999999999999" classname="table_lbt13" name="LBT13_variant_3_LOW_without_baseline_missing_works_as_expected"/>
    <testcase time="0.0970000000000084" classname="table_lbt13" name="LBT13_variant_3_LOW_without_baseline_missing_works_as_expected"/>
    <testcase time="0.134999999999991" classname="table_lbt13" name="LBT13_variant_4_HIGH_with_missing_baseline_considered_as_grade_0_works_as_expected"/>
    <testcase time="0.0629999999999882" classname="table_lbt13" name="LBT13_variant_4_HIGH_with_missing_baseline_considered_as_grade_0_works_as_expected"/>
    <testcase time="0.39700000000002" classname="table_lbt13" name="LBT14_variant_5_HIGH_with_filled_in_grades_works_as_expected"/>
    <testcase time="0.216999999999985" classname="table_lbt13" name="LBT14_variant_5_HIGH_with_filled_in_grades_works_as_expected"/>
  </testsuite>
  <testsuite name="table_lbt14" timestamp="2024-11-25T17:02:12Z" hostname="befac4931de9" tests="10" skipped="0" failures="0" errors="0" time="28.236">
    <testcase time="5.44" classname="table_lbt14" name="LBT14_variant_1_HIGH_works_as_expected"/>
    <testcase time="0.441000000000003" classname="table_lbt14" name="LBT14_variant_1_HIGH_works_as_expected"/>
    <testcase time="4.999" classname="table_lbt14" name="LBT14_variant_2_LOW_works_as_expected"/>
    <testcase time="0.326000000000022" classname="table_lbt14" name="LBT14_variant_2_LOW_works_as_expected"/>
    <testcase time="3.244" classname="table_lbt14" name="LBT14_variant_3_LOW_without_baseline_missing_works_as_expected"/>
    <testcase time="0.431999999999988" classname="table_lbt14" name="LBT14_variant_3_LOW_without_baseline_missing_works_as_expected"/>
    <testcase time="4.851" classname="table_lbt14" name="LBT14_variant_4_LOW_and_force_1_missing_both_baseline_and_post_baseline_then_force_the_missing_baseline_as_0_as_expected"/>
    <testcase time="0.274000000000001" classname="table_lbt14" name="LBT14_variant_4_LOW_and_force_1_missing_both_baseline_and_post_baseline_then_force_the_missing_baseline_as_0_as_expected"/>
    <testcase time="5.36099999999999" classname="table_lbt14" name="LBT14_variant_5_HIGH_with_fillings_works_as_expected"/>
    <testcase time="2.86800000000002" classname="table_lbt14" name="LBT14_variant_5_HIGH_with_fillings_works_as_expected"/>
  </testsuite>
  <testsuite name="table_lbt15" timestamp="2024-11-25T17:02:40Z" hostname="befac4931de9" tests="4" skipped="0" failures="0" errors="0" time="1.831">
    <testcase time="0.619999999999976" classname="table_lbt15" name="LBT15_variant_1_works_as_expected"/>
    <testcase time="0.213000000000022" classname="table_lbt15" name="LBT15_variant_1_works_as_expected"/>
    <testcase time="0.823999999999984" classname="table_lbt15" name="LBT15_variant_2_works_as_expected"/>
    <testcase time="0.174000000000007" classname="table_lbt15" name="LBT15_variant_2_works_as_expected"/>
  </testsuite>
  <testsuite name="table_lgrt02" timestamp="2024-11-25T17:02:42Z" hostname="befac4931de9" tests="8" skipped="0" failures="0" errors="0" time="2.729">
    <testcase time="0.506" classname="table_lgrt02" name="LGRT02_without_interaction_term_is_produced_correctly"/>
    <testcase time="0.138000000000005" classname="table_lgrt02" name="LGRT02_without_interaction_term_is_produced_correctly"/>
    <testcase time="0.554000000000002" classname="table_lgrt02" name="LGRT02_with_categorical_interaction_is_produced_correctly"/>
    <testcase time="0.162999999999982" classname="table_lgrt02" name="LGRT02_with_categorical_interaction_is_produced_correctly"/>
    <testcase time="0.574000000000012" classname="table_lgrt02" name="LGRT02_with_continuous_interaction_is_produced_correctly"/>
    <testcase time="0.168999999999983" classname="table_lgrt02" name="LGRT02_with_continuous_interaction_is_produced_correctly"/>
    <testcase time="0.488000000000028" classname="table_lgrt02" name="LGRT02_with_setting_values_indicating_an_event_and_custom_alpha_level_is_produced_correctly"/>
    <testcase time="0.136999999999972" classname="table_lgrt02" name="LGRT02_with_setting_values_indicating_an_event_and_custom_alpha_level_is_produced_correctly"/>
  </testsuite>
  <testsuite name="table_mht01" timestamp="2024-11-25T17:02:45Z" hostname="befac4931de9" tests="8" skipped="0" failures="0" errors="0" time="1.451">
    <testcase time="0.295000000000016" classname="table_mht01" name="MHT01_variant_1_is_produced_accurately"/>
    <testcase time="0.137" classname="table_mht01" name="MHT01_variant_1_is_produced_accurately"/>
    <testcase time="0.100999999999999" classname="table_mht01" name="MHT01_variant_2_is_produced_accurately"/>
    <testcase time="0.0699999999999932" classname="table_mht01" name="MHT01_variant_2_is_produced_accurately"/>
    <testcase time="0.254000000000019" classname="table_mht01" name="MHT01_variant_3_is_produced_accurately"/>
    <testcase time="0.125999999999976" classname="table_mht01" name="MHT01_variant_3_is_produced_accurately"/>
    <testcase time="0.325999999999993" classname="table_mht01" name="MHT01_variant_5_is_produced_accurately"/>
    <testcase time="0.142000000000024" classname="table_mht01" name="MHT01_variant_5_is_produced_accurately"/>
  </testsuite>
  <testsuite name="table_onct05" timestamp="2024-11-25T17:02:46Z" hostname="befac4931de9" tests="8" skipped="0" failures="0" errors="0" time="1.911">
    <testcase time="0.427999999999997" classname="table_onct05" name="ONCT05_variant_1_Objective_Response_Rate_by_Subgroup_is_produced_correctly"/>
    <testcase time="0.11099999999999" classname="table_onct05" name="ONCT05_variant_1_Objective_Response_Rate_by_Subgroup_is_produced_correctly"/>
    <testcase time="0.441000000000003" classname="table_onct05" name="ONCT05_variant_2_Specifying_class_variables_is_produced_correctly"/>
    <testcase time="0.115000000000009" classname="table_onct05" name="ONCT05_variant_2_Specifying_class_variables_is_produced_correctly"/>
    <testcase time="0.197999999999979" classname="table_onct05" name="ONCT05_variant_3_selecting_columns_and_changing_the_alpha_level_is_produced_correctly"/>
    <testcase time="0.0829999999999984" classname="table_onct05" name="ONCT05_variant_3_selecting_columns_and_changing_the_alpha_level_is_produced_correctly"/>
    <testcase time="0.423000000000002" classname="table_onct05" name="ONCT05_variant_4_setting_values_indicating_response_is_produced_correctly"/>
    <testcase time="0.112000000000023" classname="table_onct05" name="ONCT05_variant_4_setting_values_indicating_response_is_produced_correctly"/>
  </testsuite>
  <testsuite name="table_pdt01" timestamp="2024-11-25T17:02:48Z" hostname="befac4931de9" tests="2" skipped="0" failures="0" errors="0" time="0.401">
    <testcase time="0.246999999999986" classname="table_pdt01" name="PDT01_is_produced_correctly"/>
    <testcase time="0.153999999999996" classname="table_pdt01" name="PDT01_is_produced_correctly"/>
  </testsuite>
  <testsuite name="table_pdt02" timestamp="2024-11-25T17:02:48Z" hostname="befac4931de9" tests="2" skipped="0" failures="0" errors="0" time="0.23">
    <testcase time="0.146999999999991" classname="table_pdt02" name="PDT02_is_produced_correctly"/>
    <testcase time="0.0829999999999984" classname="table_pdt02" name="PDT02_is_produced_correctly"/>
  </testsuite>
  <testsuite name="table_pkct01" timestamp="2024-11-25T17:02:49Z" hostname="befac4931de9" tests="10" skipped="0" failures="0" errors="0" time="3.099">
    <testcase time="0.257000000000005" classname="table_pkct01" name="PKCT01_is_produced_correctly"/>
    <testcase time="0.0960000000000036" classname="table_pkct01" name="PKCT01_is_produced_correctly"/>
    <testcase time="0.117999999999995" classname="table_pkct01" name="PKCT01_is_produced_correctly"/>
    <testcase time="0.054000000000002" classname="table_pkct01" name="PKCT01_is_produced_correctly"/>
    <testcase time="0.917000000000002" classname="table_pkct01" name="Specific_PKCT01_features_are_present"/>
    <testcase time="0.224999999999994" classname="table_pkct01" name="Specific_PKCT01_features_are_present"/>
    <testcase time="0.195000000000022" classname="table_pkct01" name="Specific_PKCT01_features_are_present"/>
    <testcase time="0.0029999999999859" classname="table_pkct01" name="Specific_PKCT01_features_are_present"/>
    <testcase time="0.693999999999988" classname="table_pkct01" name="Specific_PKCT01_features_are_present"/>
    <testcase time="0.54000000000002" classname="table_pkct01" name="Specific_PKCT01_features_are_present"/>
  </testsuite>
  <testsuite name="table_pkpt02" timestamp="2024-11-25T17:02:52Z" hostname="befac4931de9" tests="2" skipped="0" failures="0" errors="0" time="0.53">
    <testcase time="0.298999999999978" classname="table_pkpt02" name="PKPT02_is_produced_correctly_for_Drug_X"/>
    <testcase time="0.231000000000023" classname="table_pkpt02" name="PKPT02_is_produced_correctly_for_Drug_X"/>
  </testsuite>
  <testsuite name="table_pkpt03" timestamp="2024-11-25T17:02:52Z" hostname="befac4931de9" tests="2" skipped="0" failures="0" errors="0" time="1.107">
    <testcase time="0.909999999999997" classname="table_pkpt03" name="PKPT03_Drug_X_is_produced_correctly"/>
    <testcase time="0.197000000000003" classname="table_pkpt03" name="PKPT03_Drug_X_is_produced_correctly"/>
  </testsuite>
  <testsuite name="table_pkpt04" timestamp="2024-11-25T17:02:53Z" hostname="befac4931de9" tests="2" skipped="0" failures="0" errors="0" time="0.191">
    <testcase time="0.0999999999999943" classname="table_pkpt04" name="PKPT04_is_produced_correctly_for_Drug_X"/>
    <testcase time="0.0910000000000082" classname="table_pkpt04" name="PKPT04_is_produced_correctly_for_Drug_X"/>
  </testsuite>
  <testsuite name="table_pkpt05" timestamp="2024-11-25T17:02:54Z" hostname="befac4931de9" tests="2" skipped="0" failures="0" errors="0" time="0.406">
    <testcase time="0.282999999999987" classname="table_pkpt05" name="PKPT05_Drug_X_is_produced_correctly"/>
    <testcase time="0.12299999999999" classname="table_pkpt05" name="PKPT05_Drug_X_is_produced_correctly"/>
  </testsuite>
  <testsuite name="table_pkpt06" timestamp="2024-11-25T17:02:54Z" hostname="befac4931de9" tests="4" skipped="0" failures="0" errors="0" time="0.271">
    <testcase time="0.0860000000000127" classname="table_pkpt06" name="PKPT06_is_produced_correctly_for_Drug_X"/>
    <testcase time="0.0629999999999882" classname="table_pkpt06" name="PKPT06_is_produced_correctly_for_Drug_X"/>
    <testcase time="0.0510000000000161" classname="table_pkpt06" name="PKPT06_is_produced_correctly_for_Drug_Y"/>
    <testcase time="0.070999999999998" classname="table_pkpt06" name="PKPT06_is_produced_correctly_for_Drug_Y"/>
  </testsuite>
  <testsuite name="table_pkpt07" timestamp="2024-11-25T17:02:54Z" hostname="befac4931de9" tests="4" skipped="0" failures="0" errors="0" time="0.527">
    <testcase time="0.203000000000003" classname="table_pkpt07" name="PKPT07_Drug_X_is_produced_correctly"/>
    <testcase time="0.11099999999999" classname="table_pkpt07" name="PKPT07_Drug_X_is_produced_correctly"/>
    <testcase time="0.114000000000004" classname="table_pkpt07" name="PKPT07_Drug_Y_is_produced_correctly"/>
    <testcase time="0.0989999999999895" classname="table_pkpt07" name="PKPT07_Drug_Y_is_produced_correctly"/>
  </testsuite>
  <testsuite name="table_ratet01" timestamp="2024-11-25T17:02:55Z" hostname="befac4931de9" tests="2" skipped="0" failures="0" errors="0" time="0.688">
    <testcase time="0.564999999999998" classname="table_ratet01" name="RATET01_is_produced_correctly"/>
    <testcase time="0.123000000000019" classname="table_ratet01" name="RATET01_is_produced_correctly"/>
  </testsuite>
  <testsuite name="table_rmpt01" timestamp="2024-11-25T17:02:56Z" hostname="befac4931de9" tests="2" skipped="0" failures="0" errors="0" time="0.229">
    <testcase time="0.170999999999992" classname="table_rmpt01" name="RMPT01_is_produced_correctly"/>
    <testcase time="0.0579999999999927" classname="table_rmpt01" name="RMPT01_is_produced_correctly"/>
  </testsuite>
  <testsuite name="table_rmpt03" timestamp="2024-11-25T17:02:56Z" hostname="befac4931de9" tests="4" skipped="0" failures="0" errors="0" time="0.544">
    <testcase time="0.210000000000008" classname="table_rmpt03" name="RMPT03_variant_1_is_produced_correctly"/>
    <testcase time="0.085000000000008" classname="table_rmpt03" name="RMPT03_variant_1_is_produced_correctly"/>
    <testcase time="0.146999999999991" classname="table_rmpt03" name="RMPT03_variant_2_is_produced_correctly"/>
    <testcase time="0.102000000000004" classname="table_rmpt03" name="RMPT03_variant_2_is_produced_correctly"/>
  </testsuite>
  <testsuite name="table_rmpt04" timestamp="2024-11-25T17:02:56Z" hostname="befac4931de9" tests="2" skipped="0" failures="0" errors="0" time="0.192">
    <testcase time="0.131" classname="table_rmpt04" name="RMPT04_variant_1_is_produced_correctly"/>
    <testcase time="0.061000000000007" classname="table_rmpt04" name="RMPT04_variant_1_is_produced_correctly"/>
  </testsuite>
  <testsuite name="table_rmpt05" timestamp="2024-11-25T17:02:57Z" hostname="befac4931de9" tests="2" skipped="0" failures="0" errors="0" time="0.229">
    <testcase time="0.159999999999997" classname="table_rmpt05" name="RMPT05_is_produced_correctly"/>
    <testcase time="0.0689999999999884" classname="table_rmpt05" name="RMPT05_is_produced_correctly"/>
  </testsuite>
  <testsuite name="table_rmpt06" timestamp="2024-11-25T17:02:57Z" hostname="befac4931de9" tests="8" skipped="0" failures="0" errors="0" time="1.52">
    <testcase time="0.301999999999992" classname="table_rmpt06" name="RMPT06_variant_1_is_produced_correctly"/>
    <testcase time="0.119" classname="table_rmpt06" name="RMPT06_variant_1_is_produced_correctly"/>
    <testcase time="0.190000000000026" classname="table_rmpt06" name="RMPT06_variant_2_is_produced_correctly"/>
    <testcase time="0.0979999999999848" classname="table_rmpt06" name="RMPT06_variant_2_is_produced_correctly"/>
    <testcase time="0.283999999999992" classname="table_rmpt06" name="RMPT06_variant_3_is_produced_correctly"/>
    <testcase time="0.114000000000004" classname="table_rmpt06" name="RMPT06_variant_3_is_produced_correctly"/>
    <testcase time="0.284999999999997" classname="table_rmpt06" name="RMPT06_variant_4_is_produced_correctly"/>
    <testcase time="0.128000000000014" classname="table_rmpt06" name="RMPT06_variant_4_is_produced_correctly"/>
  </testsuite>
  <testsuite name="table_rspt01" timestamp="2024-11-25T17:02:58Z" hostname="befac4931de9" tests="12" skipped="0" failures="0" errors="0" time="2.34">
    <testcase time="0.274000000000001" classname="table_rspt01" name="RSPT01_1._Best_Overall_Response"/>
    <testcase time="0.108000000000004" classname="table_rspt01" name="RSPT01_1._Best_Overall_Response"/>
    <testcase time="0.240999999999985" classname="table_rspt01" name="RSPT01_2._Best_Overall_Response_selecting_sections_to_display_"/>
    <testcase time="0.105999999999995" classname="table_rspt01" name="RSPT01_2._Best_Overall_Response_selecting_sections_to_display_"/>
    <testcase time="0.314999999999998" classname="table_rspt01" name="RSPT01_3._Best_Overall_Response_modifying_settings_"/>
    <testcase time="0.124000000000024" classname="table_rspt01" name="RSPT01_3._Best_Overall_Response_modifying_settings_"/>
    <testcase time="0.345999999999975" classname="table_rspt01" name="RSPT01_4._Best_Overall_Response_with_stratified_analysis_"/>
    <testcase time="0.124000000000024" classname="table_rspt01" name="RSPT01_4._Best_Overall_Response_with_stratified_analysis_"/>
    <testcase time="0.260999999999996" classname="table_rspt01" name="RSPT01_5._Best_Overall_Response_modifying_the_definition_of_overall_response_"/>
    <testcase time="0.126999999999981" classname="table_rspt01" name="RSPT01_5._Best_Overall_Response_modifying_the_definition_of_overall_response_"/>
    <testcase time="0.219000000000023" classname="table_rspt01" name="RSPT01_6._Best_Overall_Response_define_new_sections_to_display_"/>
    <testcase time="0.0949999999999989" classname="table_rspt01" name="RSPT01_6._Best_Overall_Response_define_new_sections_to_display_"/>
  </testsuite>
  <testsuite name="table_ttet01" timestamp="2024-11-25T17:03:01Z" hostname="befac4931de9" tests="14" skipped="0" failures="0" errors="0" time="3.485">
    <testcase time="0.403999999999996" classname="table_ttet01" name="TTET01_default_variant_is_produced_correctly"/>
    <testcase time="0.182999999999993" classname="table_ttet01" name="TTET01_default_variant_is_produced_correctly"/>
    <testcase time="0.383999999999986" classname="table_ttet01" name="TTET01_default_variant_with_Placebo_arm"/>
    <testcase time="0.192000000000007" classname="table_ttet01" name="TTET01_default_variant_with_Placebo_arm"/>
    <testcase time="0.212000000000018" classname="table_ttet01" name="TTET01_variant_2_selecting_sections_to_display"/>
    <testcase time="0.111999999999995" classname="table_ttet01" name="TTET01_variant_2_selecting_sections_to_display"/>
    <testcase time="0.310999999999979" classname="table_ttet01" name="TTET01_variant_3_modifying_analysis_details_like_conftype_ties_alpha_level"/>
    <testcase time="0.150000000000006" classname="table_ttet01" name="TTET01_variant_3_modifying_analysis_details_like_conftype_ties_alpha_level"/>
    <testcase time="0.358000000000004" classname="table_ttet01" name="TTET01_variant_4_with_stratified_analysis"/>
    <testcase time="0.168000000000006" classname="table_ttet01" name="TTET01_variant_4_with_stratified_analysis"/>
    <testcase time="0.319999999999993" classname="table_ttet01" name="TTET01_variant_5_modifying_time_point"/>
    <testcase time="0.134999999999991" classname="table_ttet01" name="TTET01_variant_5_modifying_time_point"/>
    <testcase time="0.414000000000016" classname="table_ttet01" name="TTET01_variant_6_requesting_more_than_one_p_value"/>
    <testcase time="0.141999999999996" classname="table_ttet01" name="TTET01_variant_6_requesting_more_than_one_p_value"/>
  </testsuite>
  <testsuite name="table_vst01" timestamp="2024-11-25T17:03:05Z" hostname="befac4931de9" tests="2" skipped="0" failures="0" errors="0" time="2.155">
    <testcase time="1.73599999999999" classname="table_vst01" name="VST01_default_variant_is_produced_correctly"/>
    <testcase time="0.418999999999983" classname="table_vst01" name="VST01_default_variant_is_produced_correctly"/>
  </testsuite>
  <testsuite name="table_vst02" timestamp="2024-11-25T17:03:07Z" hostname="befac4931de9" tests="4" skipped="0" failures="0" errors="0" time="1.611">
    <testcase time="1.15000000000001" classname="table_vst02" name="1._Vital_Sign_Abnormalities_Regardless_of_Abnormality_at_Baseline_VST02_1_"/>
    <testcase time="0.099000000000018" classname="table_vst02" name="1._Vital_Sign_Abnormalities_Regardless_of_Abnormality_at_Baseline_VST02_1_"/>
    <testcase time="0.263999999999982" classname="table_vst02" name="2._Vital_Sign_Abnormalities_Among_Subject_Without_Abnormality_at_Baseline_VST02_2_"/>
    <testcase time="0.0980000000000132" classname="table_vst02" name="2._Vital_Sign_Abnormalities_Among_Subject_Without_Abnormality_at_Baseline_VST02_2_"/>
  </testsuite>
</testsuites>
