<?xml version="1.0" encoding="UTF-8"?>
<testsuites>
  <testsuite name="listing_adal02" timestamp="2023-03-30T22:48:26Z" hostname="8a3889fc3076" tests="2" skipped="1" failures="0" errors="0" time="0.627">
    <testcase time="0.478" classname="listing_adal02" name="ADAL02_listing_is_produced_correctly"/>
    <testcase time="0.149" classname="listing_adal02" name="ADAL02_listing_is_produced_correctly">
      <skipped message="Reason: On CRAN ('test-listing_adal02.R:100:3')"/>
    </testcase>
  </testsuite>
  <testsuite name="listing_ael01" timestamp="2023-03-30T22:48:27Z" hostname="8a3889fc3076" tests="2" skipped="1" failures="0" errors="0" time="0.322">
    <testcase time="0.0990000000000002" classname="listing_ael01" name="AEL01_listing_is_produced_correctly"/>
    <testcase time="0.223" classname="listing_ael01" name="AEL01_listing_is_produced_correctly">
      <skipped message="Reason: On CRAN ('test-listing_ael01.R:20:3')"/>
    </testcase>
  </testsuite>
  <testsuite name="listing_ael01_nollt" timestamp="2023-03-30T22:48:27Z" hostname="8a3889fc3076" tests="2" skipped="1" failures="0" errors="0" time="0.095">
    <testcase time="0.069" classname="listing_ael01_nollt" name="AEL01_NOLLT_listing_is_produced_correctly"/>
    <testcase time="0.0259999999999998" classname="listing_ael01_nollt" name="AEL01_NOLLT_listing_is_produced_correctly">
      <skipped message="Reason: On CRAN ('test-listing_ael01_nollt.R:19:3')"/>
    </testcase>
  </testsuite>
  <testsuite name="listing_ael02" timestamp="2023-03-30T22:48:27Z" hostname="8a3889fc3076" tests="1" skipped="1" failures="0" errors="0" time="0.351">
    <testcase time="0.351" classname="listing_ael02" name="AEL02_listing_is_produced_correctly">
      <skipped message="Reason: On CRAN ('test-listing_ael02.R:60:3')"/>
    </testcase>
  </testsuite>
  <testsuite name="listing_ael02_ed" timestamp="2023-03-30T22:48:27Z" hostname="8a3889fc3076" tests="1" skipped="1" failures="0" errors="0" time="0.479">
    <testcase time="0.479" classname="listing_ael02_ed" name="AEL02_ED_listing_is_produced_correctly">
      <skipped message="Reason: On CRAN ('test-listing_ael02_ed.R:77:3')"/>
    </testcase>
  </testsuite>
  <testsuite name="listing_ael03" timestamp="2023-03-30T22:48:28Z" hostname="8a3889fc3076" tests="1" skipped="1" failures="0" errors="0" time="0.375">
    <testcase time="0.375" classname="listing_ael03" name="AEL03_listing_is_produced_correctly">
      <skipped message="Reason: On CRAN ('test-listing_ael03.R:73:3')"/>
    </testcase>
  </testsuite>
  <testsuite name="listing_ael04" timestamp="2023-03-30T22:48:28Z" hostname="8a3889fc3076" tests="2" skipped="1" failures="0" errors="0" time="0.201">
    <testcase time="0.0549999999999997" classname="listing_ael04" name="AEL04_listing_is_produced_correctly"/>
    <testcase time="0.146000000000001" classname="listing_ael04" name="AEL04_listing_is_produced_correctly">
      <skipped message="Reason: On CRAN ('test-listing_ael04.R:30:3')"/>
    </testcase>
  </testsuite>
  <testsuite name="listing_cml01" timestamp="2023-03-30T22:48:28Z" hostname="8a3889fc3076" tests="2" skipped="1" failures="0" errors="0" time="0.334">
    <testcase time="0.0779999999999994" classname="listing_cml01" name="CML01_listing_is_produced_correctly"/>
    <testcase time="0.256" classname="listing_cml01" name="CML01_listing_is_produced_correctly">
      <skipped message="Reason: On CRAN ('test-listing_cml01.R:41:3')"/>
    </testcase>
  </testsuite>
  <testsuite name="listing_cml02a_gl" timestamp="2023-03-30T22:48:29Z" hostname="8a3889fc3076" tests="2" skipped="1" failures="0" errors="0" time="0.075">
    <testcase time="0.0440000000000005" classname="listing_cml02a_gl" name="CML02A_GL_listing_is_produced_correctly"/>
    <testcase time="0.0309999999999988" classname="listing_cml02a_gl" name="CML02A_GL_listing_is_produced_correctly">
      <skipped message="Reason: On CRAN ('test-listing_cml02a_gl.R:19:3')"/>
    </testcase>
  </testsuite>
  <testsuite name="listing_cml02b_gl" timestamp="2023-03-30T22:48:29Z" hostname="8a3889fc3076" tests="2" skipped="1" failures="0" errors="0" time="0.11">
    <testcase time="0.0640000000000001" classname="listing_cml02b_gl" name="CML02B_GL_listing_is_produced_correctly"/>
    <testcase time="0.0460000000000012" classname="listing_cml02b_gl" name="CML02B_GL_listing_is_produced_correctly">
      <skipped message="Reason: On CRAN ('test-listing_cml02b_gl.R:22:3')"/>
    </testcase>
  </testsuite>
  <testsuite name="listing_dsl01" timestamp="2023-03-30T22:48:29Z" hostname="8a3889fc3076" tests="2" skipped="1" failures="0" errors="0" time="0.161">
    <testcase time="0.0459999999999994" classname="listing_dsl01" name="DSL01_listing_is_produced_correctly"/>
    <testcase time="0.115" classname="listing_dsl01" name="DSL01_listing_is_produced_correctly">
      <skipped message="Reason: On CRAN ('test-listing_dsl01.R:30:3')"/>
    </testcase>
  </testsuite>
  <testsuite name="listing_dsl02" timestamp="2023-03-30T22:48:29Z" hostname="8a3889fc3076" tests="2" skipped="1" failures="0" errors="0" time="0.103">
    <testcase time="0.0660000000000007" classname="listing_dsl02" name="DSL02_listing_is_produced_correctly"/>
    <testcase time="0.036999999999999" classname="listing_dsl02" name="DSL02_listing_is_produced_correctly">
      <skipped message="Reason: On CRAN ('test-listing_dsl02.R:36:3')"/>
    </testcase>
  </testsuite>
  <testsuite name="listing_dsur4" timestamp="2023-03-30T22:48:29Z" hostname="8a3889fc3076" tests="2" skipped="1" failures="0" errors="0" time="0.114">
    <testcase time="0.0489999999999995" classname="listing_dsur4" name="DSUR4_listing_is_produced_correctly"/>
    <testcase time="0.0650000000000013" classname="listing_dsur4" name="DSUR4_listing_is_produced_correctly">
      <skipped message="Reason: On CRAN ('test-listing_dsur4.R:22:3')"/>
    </testcase>
  </testsuite>
  <testsuite name="listing_egl01" timestamp="2023-03-30T22:48:29Z" hostname="8a3889fc3076" tests="1" skipped="1" failures="0" errors="0" time="0.441">
    <testcase time="0.440999999999999" classname="listing_egl01" name="EGL01_listing_is_produced_correctly">
      <skipped message="Reason: On CRAN ('test-listing_egl01.R:61:3')"/>
    </testcase>
  </testsuite>
  <testsuite name="listing_exl01" timestamp="2023-03-30T22:48:30Z" hostname="8a3889fc3076" tests="1" skipped="1" failures="0" errors="0" time="0.225">
    <testcase time="0.225" classname="listing_exl01" name="EXL01_listing_is_produced_correctly">
      <skipped message="Reason: On CRAN ('test-listing_exl01.R:29:3')"/>
    </testcase>
  </testsuite>
  <testsuite name="listing_lbl01" timestamp="2023-03-30T22:48:30Z" hostname="8a3889fc3076" tests="1" skipped="1" failures="0" errors="0" time="0.344">
    <testcase time="0.344000000000001" classname="listing_lbl01" name="LBL01_listing_is_produced_correctly">
      <skipped message="Reason: On CRAN ('test-listing_lbl01.R:52:3')"/>
    </testcase>
  </testsuite>
  <testsuite name="listing_lbl01_rls" timestamp="2023-03-30T22:48:30Z" hostname="8a3889fc3076" tests="1" skipped="1" failures="0" errors="0" time="0.55">
    <testcase time="0.549999999999999" classname="listing_lbl01_rls" name="LBL01_RLS_listing_is_produced_correctly">
      <skipped message="Reason: On CRAN ('test-listing_lbl01_rls.R:58:3')"/>
    </testcase>
  </testsuite>
  <testsuite name="listing_lbl02a" timestamp="2023-03-30T22:48:31Z" hostname="8a3889fc3076" tests="2" skipped="1" failures="0" errors="0" time="0.392">
    <testcase time="0.232000000000001" classname="listing_lbl02a" name="LBL02A_listing_is_produced_correctly"/>
    <testcase time="0.16" classname="listing_lbl02a" name="LBL02A_listing_is_produced_correctly">
      <skipped message="Reason: On CRAN ('test-listing_lbl02a.R:49:3')"/>
    </testcase>
  </testsuite>
  <testsuite name="listing_lbl02a_rls" timestamp="2023-03-30T22:48:31Z" hostname="8a3889fc3076" tests="2" skipped="1" failures="0" errors="0" time="0.66">
    <testcase time="0.375999999999999" classname="listing_lbl02a_rls" name="LBL02A_RLS_listing_is_produced_correctly"/>
    <testcase time="0.284000000000001" classname="listing_lbl02a_rls" name="LBL02A_RLS_listing_is_produced_correctly">
      <skipped message="Reason: On CRAN ('test-listing_lbl02a_rls.R:79:3')"/>
    </testcase>
  </testsuite>
  <testsuite name="listing_lbl02b" timestamp="2023-03-30T22:48:32Z" hostname="8a3889fc3076" tests="2" skipped="1" failures="0" errors="0" time="0.422">
    <testcase time="0.241999999999999" classname="listing_lbl02b" name="LBL02B_listing_is_produced_correctly"/>
    <testcase time="0.18" classname="listing_lbl02b" name="LBL02B_listing_is_produced_correctly">
      <skipped message="Reason: On CRAN ('test-listing_lbl02b.R:55:3')"/>
    </testcase>
  </testsuite>
  <testsuite name="listing_mhl01" timestamp="2023-03-30T22:48:32Z" hostname="8a3889fc3076" tests="2" skipped="1" failures="0" errors="0" time="0.239">
    <testcase time="0.0590000000000011" classname="listing_mhl01" name="MHL01_listing_is_produced_correctly"/>
    <testcase time="0.18" classname="listing_mhl01" name="MHL01_listing_is_produced_correctly">
      <skipped message="Reason: On CRAN ('test-listing_mhl01.R:33:3')"/>
    </testcase>
  </testsuite>
  <testsuite name="listing_oncl01" timestamp="2023-03-30T22:48:33Z" hostname="8a3889fc3076" tests="1" skipped="1" failures="0" errors="0" time="0.368">
    <testcase time="0.368" classname="listing_oncl01" name="ONCL01_listing_is_produced_correctly">
      <skipped message="Reason: On CRAN ('test-listing_oncl01.R:61:3')"/>
    </testcase>
  </testsuite>
  <testsuite name="listing_pkcl01" timestamp="2023-03-30T22:48:33Z" hostname="8a3889fc3076" tests="2" skipped="1" failures="0" errors="0" time="0.168">
    <testcase time="0.0540000000000003" classname="listing_pkcl01" name="PKCL01_listing_is_produced_correctly"/>
    <testcase time="0.113999999999999" classname="listing_pkcl01" name="PKCL01_listing_is_produced_correctly">
      <skipped message="Reason: On CRAN ('test-listing_pkcl01.R:28:3')"/>
    </testcase>
  </testsuite>
  <testsuite name="listing_pkcl02" timestamp="2023-03-30T22:48:33Z" hostname="8a3889fc3076" tests="2" skipped="1" failures="0" errors="0" time="0.343">
    <testcase time="0.122" classname="listing_pkcl02" name="PKCL02_listing_is_produced_correctly"/>
    <testcase time="0.221" classname="listing_pkcl02" name="PKCL02_listing_is_produced_correctly">
      <skipped message="Reason: On CRAN ('test-listing_pkcl02.R:63:3')"/>
    </testcase>
  </testsuite>
  <testsuite name="listing_pkpl01" timestamp="2023-03-30T22:48:33Z" hostname="8a3889fc3076" tests="2" skipped="1" failures="0" errors="0" time="0.168">
    <testcase time="0.072000000000001" classname="listing_pkpl01" name="PKPL01_listing_is_produced_correctly"/>
    <testcase time="0.0960000000000001" classname="listing_pkpl01" name="PKPL01_listing_is_produced_correctly">
      <skipped message="Reason: On CRAN ('test-listing_pkpl01.R:34:3')"/>
    </testcase>
  </testsuite>
  <testsuite name="listing_pkpl02" timestamp="2023-03-30T22:48:34Z" hostname="8a3889fc3076" tests="2" skipped="1" failures="0" errors="0" time="0.217">
    <testcase time="0.100999999999999" classname="listing_pkpl02" name="PKPL02_listing_is_produced_correctly"/>
    <testcase time="0.116" classname="listing_pkpl02" name="PKPL02_listing_is_produced_correctly">
      <skipped message="Reason: On CRAN ('test-listing_pkpl02.R:35:3')"/>
    </testcase>
  </testsuite>
  <testsuite name="listing_pkpl04" timestamp="2023-03-30T22:48:34Z" hostname="8a3889fc3076" tests="2" skipped="1" failures="0" errors="0" time="0.255">
    <testcase time="0.118" classname="listing_pkpl04" name="PKPL04_listing_is_produced_correctly"/>
    <testcase time="0.137" classname="listing_pkpl04" name="PKPL04_listing_is_produced_correctly">
      <skipped message="Reason: On CRAN ('test-listing_pkpl04.R:50:3')"/>
    </testcase>
  </testsuite>
  <testsuite name="listing_vsl01" timestamp="2023-03-30T22:48:34Z" hostname="8a3889fc3076" tests="2" skipped="1" failures="0" errors="0" time="0.553">
    <testcase time="0.295" classname="listing_vsl01" name="VSL01_listing_is_produced_correctly"/>
    <testcase time="0.257999999999999" classname="listing_vsl01" name="VSL01_listing_is_produced_correctly">
      <skipped message="Reason: On CRAN ('test-listing_vsl01.R:83:3')"/>
    </testcase>
  </testsuite>
  <testsuite name="table_adat03" timestamp="2023-03-30T22:48:35Z" hostname="8a3889fc3076" tests="2" skipped="1" failures="0" errors="0" time="1.145">
    <testcase time="1.013" classname="table_adat03" name="ADAT03_is_produced_correctly"/>
    <testcase time="0.132000000000001" classname="table_adat03" name="ADAT03_is_produced_correctly">
      <skipped message="Reason: On CRAN ('test-table_adat03.R:71:3')"/>
    </testcase>
  </testsuite>
  <testsuite name="table_aet01" timestamp="2023-03-30T22:48:36Z" hostname="8a3889fc3076" tests="8" skipped="4" failures="0" errors="0" time="3.276">
    <testcase time="0.777999999999999" classname="table_aet01" name="Safety_Summary_Variant_1_works_as_expected"/>
    <testcase time="0.108000000000001" classname="table_aet01" name="Safety_Summary_Variant_1_works_as_expected">
      <skipped message="Reason: On CRAN ('test-table_aet01.R:94:3')"/>
    </testcase>
    <testcase time="0.739000000000001" classname="table_aet01" name="Safety_Summary_Variant_2_with_Medical_Concepts_Section_works_as_expected"/>
    <testcase time="0.122999999999998" classname="table_aet01" name="Safety_Summary_Variant_2_with_Medical_Concepts_Section_works_as_expected">
      <skipped message="Reason: On CRAN ('test-table_aet01.R:214:3')"/>
    </testcase>
    <testcase time="0.556000000000001" classname="table_aet01" name="Safety_Summary_Variant_3_with_Modified_Rows_works_as_expected"/>
    <testcase time="0.0890000000000022" classname="table_aet01" name="Safety_Summary_Variant_3_with_Modified_Rows_works_as_expected">
      <skipped message="Reason: On CRAN ('test-table_aet01.R:306:3')"/>
    </testcase>
    <testcase time="0.748999999999999" classname="table_aet01" name="Safety_Summary_Variant_4_with_Rows_Counting_Events_and_Additional_Sections_works_as_expected"/>
    <testcase time="0.134" classname="table_aet01" name="Safety_Summary_Variant_4_with_Rows_Counting_Events_and_Additional_Sections_works_as_expected">
      <skipped message="Reason: On CRAN ('test-table_aet01.R:419:3')"/>
    </testcase>
  </testsuite>
  <testsuite name="table_aet01_aesi" timestamp="2023-03-30T22:48:39Z" hostname="8a3889fc3076" tests="8" skipped="4" failures="0" errors="0" time="4.275">
    <testcase time="0.707000000000001" classname="table_aet01_aesi" name="AET01_AESI_Variant_1_works_as_expected"/>
    <testcase time="0.111999999999998" classname="table_aet01_aesi" name="AET01_AESI_Variant_1_works_as_expected">
      <skipped message="Reason: On CRAN ('test-table_aet01_aesi.R:114:3')"/>
    </testcase>
    <testcase time="0.437000000000001" classname="table_aet01_aesi" name="AET01_AESI_Variant_2_works_as_expected"/>
    <testcase time="0.448999999999998" classname="table_aet01_aesi" name="AET01_AESI_Variant_2_works_as_expected">
      <skipped message="Reason: On CRAN ('test-table_aet01_aesi.R:153:3')"/>
    </testcase>
    <testcase time="1.214" classname="table_aet01_aesi" name="AET01_AESI_Variant_3_works_as_expected"/>
    <testcase time="0.238" classname="table_aet01_aesi" name="AET01_AESI_Variant_3_works_as_expected">
      <skipped message="Reason: On CRAN ('test-table_aet01_aesi.R:315:3')"/>
    </testcase>
    <testcase time="0.942" classname="table_aet01_aesi" name="AET01_AESI_Variant_4_works_as_expected"/>
    <testcase time="0.175999999999998" classname="table_aet01_aesi" name="AET01_AESI_Variant_4_works_as_expected">
      <skipped message="Reason: On CRAN ('test-table_aet01_aesi.R:457:3')"/>
    </testcase>
  </testsuite>
  <testsuite name="table_aet02" timestamp="2023-03-30T22:48:43Z" hostname="8a3889fc3076" tests="24" skipped="12" failures="0" errors="0" time="10.744">
    <testcase time="0.880000000000003" classname="table_aet02" name="AET02_variant_1_is_produced_correctly"/>
    <testcase time="0.202999999999999" classname="table_aet02" name="AET02_variant_1_is_produced_correctly">
      <skipped message="Reason: On CRAN ('test-table_aet02.R:42:3')"/>
    </testcase>
    <testcase time="0.994999999999997" classname="table_aet02" name="AET02_variant_2_is_produced_correctly"/>
    <testcase time="0.221" classname="table_aet02" name="AET02_variant_2_is_produced_correctly">
      <skipped message="Reason: On CRAN ('test-table_aet02.R:95:3')"/>
    </testcase>
    <testcase time="1.188" classname="table_aet02" name="AET02_variant_3_is_produced_correctly"/>
    <testcase time="0.308" classname="table_aet02" name="AET02_variant_3_is_produced_correctly">
      <skipped message="Reason: On CRAN ('test-table_aet02.R:149:3')"/>
    </testcase>
    <testcase time="0.207999999999998" classname="table_aet02" name="AET02_variant_4_is_produced_correctly"/>
    <testcase time="0.0860000000000021" classname="table_aet02" name="AET02_variant_4_is_produced_correctly">
      <skipped message="Reason: On CRAN ('test-table_aet02.R:174:3')"/>
    </testcase>
    <testcase time="0.683999999999997" classname="table_aet02" name="AET02_variant_5_is_produced_correctly"/>
    <testcase time="0.196000000000002" classname="table_aet02" name="AET02_variant_5_is_produced_correctly">
      <skipped message="Reason: On CRAN ('test-table_aet02.R:214:3')"/>
    </testcase>
    <testcase time="0.675000000000001" classname="table_aet02" name="AET02_variant_6_is_produced_correctly"/>
    <testcase time="0.0620000000000012" classname="table_aet02" name="AET02_variant_6_is_produced_correctly">
      <skipped message="Reason: On CRAN ('test-table_aet02.R:247:3')"/>
    </testcase>
    <testcase time="1.221" classname="table_aet02" name="AET02_variant_7_is_produced_correctly"/>
    <testcase time="0.0790000000000006" classname="table_aet02" name="AET02_variant_7_is_produced_correctly">
      <skipped message="Reason: On CRAN ('test-table_aet02.R:294:3')"/>
    </testcase>
    <testcase time="0.643999999999998" classname="table_aet02" name="AET02_variant_8_is_produced_correctly"/>
    <testcase time="0.0590000000000011" classname="table_aet02" name="AET02_variant_8_is_produced_correctly">
      <skipped message="Reason: On CRAN ('test-table_aet02.R:327:3')"/>
    </testcase>
    <testcase time="0.664999999999999" classname="table_aet02" name="AET02_variant_9_is_produced_correctly"/>
    <testcase time="0.0710000000000015" classname="table_aet02" name="AET02_variant_9_is_produced_correctly">
      <skipped message="Reason: On CRAN ('test-table_aet02.R:360:3')"/>
    </testcase>
    <testcase time="0.678999999999998" classname="table_aet02" name="AET02_variant_10_is_produced_correctly"/>
    <testcase time="0.0809999999999995" classname="table_aet02" name="AET02_variant_10_is_produced_correctly">
      <skipped message="Reason: On CRAN ('test-table_aet02.R:393:3')"/>
    </testcase>
    <testcase time="0.733999999999998" classname="table_aet02" name="AET02_variant_11_is_produced_correctly"/>
    <testcase time="0.0430000000000064" classname="table_aet02" name="AET02_variant_11_is_produced_correctly">
      <skipped message="Reason: On CRAN ('test-table_aet02.R:426:3')"/>
    </testcase>
    <testcase time="0.701000000000001" classname="table_aet02" name="AET02_variant_12_is_produced_correctly"/>
    <testcase time="0.0609999999999999" classname="table_aet02" name="AET02_variant_12_is_produced_correctly">
      <skipped message="Reason: On CRAN ('test-table_aet02.R:475:3')"/>
    </testcase>
  </testsuite>
  <testsuite name="table_aet02_smq" timestamp="2023-03-30T22:48:54Z" hostname="8a3889fc3076" tests="4" skipped="2" failures="0" errors="0" time="0.622">
    <testcase time="0.192999999999998" classname="table_aet02_smq" name="AET02SMQ_variant_1_is_produced_correctly"/>
    <testcase time="0.054000000000002" classname="table_aet02_smq" name="AET02SMQ_variant_1_is_produced_correctly">
      <skipped message="Reason: On CRAN ('test-table_aet02_smq.R:52:3')"/>
    </testcase>
    <testcase time="0.285999999999994" classname="table_aet02_smq" name="AET02SMQ_variant_2_is_produced_correctly"/>
    <testcase time="0.0890000000000057" classname="table_aet02_smq" name="AET02SMQ_variant_2_is_produced_correctly">
      <skipped message="Reason: On CRAN ('test-table_aet02_smq.R:91:3')"/>
    </testcase>
  </testsuite>
  <testsuite name="table_aet03" timestamp="2023-03-30T22:48:55Z" hostname="8a3889fc3076" tests="2" skipped="1" failures="0" errors="0" time="2.114">
    <testcase time="1.712" classname="table_aet03" name="AET03_variant_1_is_produced_correctly"/>
    <testcase time="0.402000000000001" classname="table_aet03" name="AET03_variant_1_is_produced_correctly">
      <skipped message="Reason: On CRAN ('test-table_aet03.R:57:3')"/>
    </testcase>
  </testsuite>
  <testsuite name="table_aet04" timestamp="2023-03-30T22:48:59Z" hostname="8a3889fc3076" tests="16" skipped="8" failures="0" errors="0" time="11.058">
    <testcase time="1.784" classname="table_aet04" name="AET04_variant_1_is_produced_correctly"/>
    <testcase time="0.447000000000003" classname="table_aet04" name="AET04_variant_1_is_produced_correctly">
      <skipped message="Reason: On CRAN ('test-table_aet04.R:60:3')"/>
    </testcase>
    <testcase time="1.46" classname="table_aet04" name="AET04_variant_2_is_produced_correctly_Fill_in_of_Treatment_Groups_"/>
    <testcase time="0.460999999999999" classname="table_aet04" name="AET04_variant_2_is_produced_correctly_Fill_in_of_Treatment_Groups_">
      <skipped message="Reason: On CRAN ('test-table_aet04.R:125:3')"/>
    </testcase>
    <testcase time="2.489" classname="table_aet04" name="AET04_variant_3_is_produced_correctly_Fill_in_of_Grades_"/>
    <testcase time="0.419000000000004" classname="table_aet04" name="AET04_variant_3_is_produced_correctly_Fill_in_of_Grades_">
      <skipped message="Reason: On CRAN ('test-table_aet04.R:182:3')"/>
    </testcase>
    <testcase time="1.777" classname="table_aet04" name="AET04_variant_4_is_produced_correctly_Collapsing_of_Grades_grades_1_2_grades_3_4_5_"/>
    <testcase time="0.433999999999997" classname="table_aet04" name="AET04_variant_4_is_produced_correctly_Collapsing_of_Grades_grades_1_2_grades_3_4_5_">
      <skipped message="Reason: On CRAN ('test-table_aet04.R:250:3')"/>
    </testcase>
    <testcase time="0.93" classname="table_aet04" name="AET04_variant_6_is_produced_correctly_with_an_Incidence_Rate_of_at_Least_5_totals_restricted_"/>
    <testcase time="0.222000000000001" classname="table_aet04" name="AET04_variant_6_is_produced_correctly_with_an_Incidence_Rate_of_at_Least_5_totals_restricted_">
      <skipped message="Reason: On CRAN ('test-table_aet04.R:345:5')"/>
    </testcase>
    <testcase time="0.0309999999999988" classname="table_aet04" name="AET04_variant_8_is_produced_correctly_with_an_Incidence_Rate_of_at_Least_X_Patients_"/>
    <testcase time="0.146999999999998" classname="table_aet04" name="AET04_variant_8_is_produced_correctly_with_an_Incidence_Rate_of_at_Least_X_Patients_">
      <skipped message="Reason: On CRAN ('test-table_aet04.R:378:3')"/>
    </testcase>
    <testcase time="0.027000000000001" classname="table_aet04" name="AET04_variant_9_is_produced_correctlyb_with_a_Difference_in_Incidence_Rate_of_at_Least_X_"/>
    <testcase time="0.164000000000001" classname="table_aet04" name="AET04_variant_9_is_produced_correctlyb_with_a_Difference_in_Incidence_Rate_of_at_Least_X_">
      <skipped message="Reason: On CRAN ('test-table_aet04.R:394:3')"/>
    </testcase>
    <testcase time="0.0279999999999987" classname="table_aet04" name="AET04_variant_11_is_produced_correctly_with_Incidence_Rate_of_at_Least_X_all_SOCs_w_o_preferred_terms_removed_"/>
    <testcase time="0.238" classname="table_aet04" name="AET04_variant_11_is_produced_correctly_with_Incidence_Rate_of_at_Least_X_all_SOCs_w_o_preferred_terms_removed_">
      <skipped message="Reason: On CRAN ('test-table_aet04.R:416:5')"/>
    </testcase>
  </testsuite>
  <testsuite name="table_aet04_pi" timestamp="2023-03-30T22:49:08Z" hostname="8a3889fc3076" tests="18" skipped="9" failures="0" errors="0" time="11.209">
    <testcase time="1.116" classname="table_aet04_pi" name="AET04_PI_full_table_is_produced_correctly"/>
    <testcase time="0.265000000000001" classname="table_aet04_pi" name="AET04_PI_full_table_is_produced_correctly">
      <skipped message="Reason: On CRAN ('test-table_aet04_pi.R:62:3')"/>
    </testcase>
    <testcase time="1.164" classname="table_aet04_pi" name="AET04_PI_variant_1_is_produced_correctly"/>
    <testcase time="0.187999999999995" classname="table_aet04_pi" name="AET04_PI_variant_1_is_produced_correctly">
      <skipped message="Reason: On CRAN ('test-table_aet04_pi.R:84:3')"/>
    </testcase>
    <testcase time="1.316" classname="table_aet04_pi" name="AET04_PI_variant_2_is_produced_correctly"/>
    <testcase time="0.0900000000000034" classname="table_aet04_pi" name="AET04_PI_variant_2_is_produced_correctly">
      <skipped message="Reason: On CRAN ('test-table_aet04_pi.R:107:3')"/>
    </testcase>
    <testcase time="1.145" classname="table_aet04_pi" name="AET04_PI_variant_3_is_produced_correctly"/>
    <testcase time="0.139000000000003" classname="table_aet04_pi" name="AET04_PI_variant_3_is_produced_correctly">
      <skipped message="Reason: On CRAN ('test-table_aet04_pi.R:130:3')"/>
    </testcase>
    <testcase time="1.094" classname="table_aet04_pi" name="AET04_PI_variant_4_is_produced_correctly"/>
    <testcase time="0.0760000000000005" classname="table_aet04_pi" name="AET04_PI_variant_4_is_produced_correctly">
      <skipped message="Reason: On CRAN ('test-table_aet04_pi.R:154:3')"/>
    </testcase>
    <testcase time="1.156" classname="table_aet04_pi" name="AET04_PI_variant_5_is_produced_correctly"/>
    <testcase time="0.140999999999998" classname="table_aet04_pi" name="AET04_PI_variant_5_is_produced_correctly">
      <skipped message="Reason: On CRAN ('test-table_aet04_pi.R:178:3')"/>
    </testcase>
    <testcase time="1.323" classname="table_aet04_pi" name="AET04_PI_variant_6_is_produced_correctly"/>
    <testcase time="0.146000000000001" classname="table_aet04_pi" name="AET04_PI_variant_6_is_produced_correctly">
      <skipped message="Reason: On CRAN ('test-table_aet04_pi.R:229:3')"/>
    </testcase>
    <testcase time="1.316" classname="table_aet04_pi" name="AET04_PI_variant_7_is_produced_correctly"/>
    <testcase time="0.143999999999998" classname="table_aet04_pi" name="AET04_PI_variant_7_is_produced_correctly">
      <skipped message="Reason: On CRAN ('test-table_aet04_pi.R:280:3')"/>
    </testcase>
    <testcase time="0.252000000000002" classname="table_aet04_pi" name="AET04_PI_variant_8_is_produced_correctly"/>
    <testcase time="0.137999999999998" classname="table_aet04_pi" name="AET04_PI_variant_8_is_produced_correctly">
      <skipped message="Reason: On CRAN ('test-table_aet04_pi.R:314:3')"/>
    </testcase>
  </testsuite>
  <testsuite name="table_aet05" timestamp="2023-03-30T22:49:19Z" hostname="8a3889fc3076" tests="4" skipped="2" failures="0" errors="0" time="0.343">
    <testcase time="0.152000000000001" classname="table_aet05" name="AET05_variant_1_is_produced_correctly"/>
    <testcase time="0.0420000000000016" classname="table_aet05" name="AET05_variant_1_is_produced_correctly">
      <skipped message="Reason: On CRAN ('test-table_aet05.R:22:3')"/>
    </testcase>
    <testcase time="0.105999999999995" classname="table_aet05" name="AET05_variant_2_is_produced_correctly"/>
    <testcase time="0.0429999999999993" classname="table_aet05" name="AET05_variant_2_is_produced_correctly">
      <skipped message="Reason: On CRAN ('test-table_aet05.R:42:3')"/>
    </testcase>
  </testsuite>
  <testsuite name="table_aet05_all" timestamp="2023-03-30T22:49:20Z" hostname="8a3889fc3076" tests="4" skipped="2" failures="0" errors="0" time="0.401">
    <testcase time="0.234000000000002" classname="table_aet05_all" name="AET05_ALL_variant_1_is_produced_correctly"/>
    <testcase time="0.0420000000000016" classname="table_aet05_all" name="AET05_ALL_variant_1_is_produced_correctly">
      <skipped message="Reason: On CRAN ('test-table_aet05_all.R:32:3')"/>
    </testcase>
    <testcase time="0.0810000000000031" classname="table_aet05_all" name="AET05_ALL_variant_2_is_produced_correctly"/>
    <testcase time="0.0439999999999969" classname="table_aet05_all" name="AET05_ALL_variant_2_is_produced_correctly">
      <skipped message="Reason: On CRAN ('test-table_aet05_all.R:47:3')"/>
    </testcase>
  </testsuite>
  <testsuite name="table_aet06" timestamp="2023-03-30T22:49:20Z" hostname="8a3889fc3076" tests="6" skipped="3" failures="0" errors="0" time="6.211">
    <testcase time="1.223" classname="table_aet06" name="AET06_variant_1_is_produced_correctly"/>
    <testcase time="0.267000000000003" classname="table_aet06" name="AET06_variant_1_is_produced_correctly">
      <skipped message="Reason: On CRAN ('test-table_aet06.R:81:3')"/>
    </testcase>
    <testcase time="2.099" classname="table_aet06" name="AET06_variant_3_is_produced_correctly"/>
    <testcase time="0.372" classname="table_aet06" name="AET06_variant_3_is_produced_correctly">
      <skipped message="Reason: On CRAN ('test-table_aet06.R:133:3')"/>
    </testcase>
    <testcase time="1.84200000000001" classname="table_aet06" name="AET06_variant_5_is_produced_correctly"/>
    <testcase time="0.408000000000001" classname="table_aet06" name="AET06_variant_5_is_produced_correctly">
      <skipped message="Reason: On CRAN ('test-table_aet06.R:177:3')"/>
    </testcase>
  </testsuite>
  <testsuite name="table_aet06_smq" timestamp="2023-03-30T22:49:26Z" hostname="8a3889fc3076" tests="4" skipped="2" failures="0" errors="0" time="1.909">
    <testcase time="0.742999999999995" classname="table_aet06_smq" name="AET06_SMQ_variant_1_is_produced_correctly"/>
    <testcase time="0.200000000000003" classname="table_aet06_smq" name="AET06_SMQ_variant_1_is_produced_correctly">
      <skipped message="Reason: On CRAN ('test-table_aet06_smq.R:73:3')"/>
    </testcase>
    <testcase time="0.730999999999995" classname="table_aet06_smq" name="AET06_SMQ_variant_2_is_produced_correctly"/>
    <testcase time="0.234999999999999" classname="table_aet06_smq" name="AET06_SMQ_variant_2_is_produced_correctly">
      <skipped message="Reason: On CRAN ('test-table_aet06_smq.R:160:3')"/>
    </testcase>
  </testsuite>
  <testsuite name="table_aet07" timestamp="2023-03-30T22:49:28Z" hostname="8a3889fc3076" tests="4" skipped="2" failures="0" errors="0" time="0.345">
    <testcase time="0.131" classname="table_aet07" name="AET07_variant_1_is_produced_correctly"/>
    <testcase time="0.0450000000000017" classname="table_aet07" name="AET07_variant_1_is_produced_correctly">
      <skipped message="Reason: On CRAN ('test-table_aet07.R:51:3')"/>
    </testcase>
    <testcase time="0.129000000000005" classname="table_aet07" name="AET07_variant_2_is_produced_correctly"/>
    <testcase time="0.039999999999992" classname="table_aet07" name="AET07_variant_2_is_produced_correctly">
      <skipped message="Reason: On CRAN ('test-table_aet07.R:82:3')"/>
    </testcase>
  </testsuite>
  <testsuite name="table_aet09" timestamp="2023-03-30T22:49:28Z" hostname="8a3889fc3076" tests="4" skipped="2" failures="0" errors="0" time="1.708">
    <testcase time="0.609999999999999" classname="table_aet09" name="AET09_variant_1_is_produced_correctly_AE_related_to_study_drug"/>
    <testcase time="0.146000000000001" classname="table_aet09" name="AET09_variant_1_is_produced_correctly_AE_related_to_study_drug">
      <skipped message="Reason: On CRAN ('test-table_aet09.R:43:3')"/>
    </testcase>
    <testcase time="0.745000000000005" classname="table_aet09" name="AET09_variant_2_is_produced_correctly_AE_related_to_study_drug_including_high_level_terms_"/>
    <testcase time="0.206999999999994" classname="table_aet09" name="AET09_variant_2_is_produced_correctly_AE_related_to_study_drug_including_high_level_terms_">
      <skipped message="Reason: On CRAN ('test-table_aet09.R:100:3')"/>
    </testcase>
  </testsuite>
  <testsuite name="table_aet09_smq" timestamp="2023-03-30T22:49:30Z" hostname="8a3889fc3076" tests="4" skipped="2" failures="0" errors="0" time="0.844">
    <testcase time="0.242000000000004" classname="table_aet09_smq" name="AET09_variant_1_AEs_related_to_study_drug_by_SMQ_is_produced_correctly"/>
    <testcase time="0.0760000000000076" classname="table_aet09_smq" name="AET09_variant_1_AEs_related_to_study_drug_by_SMQ_is_produced_correctly">
      <skipped message="Reason: On CRAN ('test-table_aet09_smq.R:69:3')"/>
    </testcase>
    <testcase time="0.426999999999992" classname="table_aet09_smq" name="AET09_variant_2_AEs_related_to_study_drug_by_SMQ_with_customized_queries_is_produced_correctly"/>
    <testcase time="0.0990000000000038" classname="table_aet09_smq" name="AET09_variant_2_AEs_related_to_study_drug_by_SMQ_with_customized_queries_is_produced_correctly">
      <skipped message="Reason: On CRAN ('test-table_aet09_smq.R:128:5')"/>
    </testcase>
  </testsuite>
  <testsuite name="table_aet10" timestamp="2023-03-30T22:49:31Z" hostname="8a3889fc3076" tests="2" skipped="1" failures="0" errors="0" time="0.204">
    <testcase time="0.155000000000001" classname="table_aet10" name="AET10_default_variant_is_produced_correctly"/>
    <testcase time="0.0489999999999924" classname="table_aet10" name="AET10_default_variant_is_produced_correctly">
      <skipped message="Reason: On CRAN ('test-table_aet10.R:23:3')"/>
    </testcase>
  </testsuite>
  <testsuite name="table_aovt01" timestamp="2023-03-30T22:49:31Z" hostname="8a3889fc3076" tests="4" skipped="2" failures="0" errors="0" time="1.668">
    <testcase time="0.50800000000001" classname="table_aovt01" name="AOVT01_variant_with_single_endpoint_is_produced_correctly"/>
    <testcase time="0.0829999999999984" classname="table_aovt01" name="AOVT01_variant_with_single_endpoint_is_produced_correctly">
      <skipped message="Reason: On CRAN ('test-table_aovt01.R:33:3')"/>
    </testcase>
    <testcase time="0.911999999999992" classname="table_aovt01" name="AOVT01_variant_with_multiple_endpoints_is_produced_correctly"/>
    <testcase time="0.165000000000006" classname="table_aovt01" name="AOVT01_variant_with_multiple_endpoints_is_produced_correctly">
      <skipped message="Reason: On CRAN ('test-table_aovt01.R:52:3')"/>
    </testcase>
  </testsuite>
  <testsuite name="table_aovt02" timestamp="2023-03-30T22:49:33Z" hostname="8a3889fc3076" tests="2" skipped="1" failures="0" errors="0" time="0.555">
    <testcase time="0.472999999999999" classname="table_aovt02" name="AOVT02_is_produced_correctly"/>
    <testcase time="0.0819999999999936" classname="table_aovt02" name="AOVT02_is_produced_correctly">
      <skipped message="Reason: On CRAN ('test-table_aovt02.R:42:3')"/>
    </testcase>
  </testsuite>
  <testsuite name="table_aovt03" timestamp="2023-03-30T22:49:33Z" hostname="8a3889fc3076" tests="2" skipped="1" failures="0" errors="0" time="1.325">
    <testcase time="1.139" classname="table_aovt03" name="AOVT03_is_produced_correctly"/>
    <testcase time="0.186000000000007" classname="table_aovt03" name="AOVT03_is_produced_correctly">
      <skipped message="Reason: On CRAN ('test-table_aovt03.R:44:3')"/>
    </testcase>
  </testsuite>
  <testsuite name="table_cmht01" timestamp="2023-03-30T22:49:35Z" hostname="8a3889fc3076" tests="4" skipped="2" failures="0" errors="0" time="2.59">
    <testcase time="0.643999999999991" classname="table_cmht01" name="CMHT01_variant_1_is_produced_correctly"/>
    <testcase time="0.078000000000003" classname="table_cmht01" name="CMHT01_variant_1_is_produced_correctly">
      <skipped message="Reason: On CRAN ('test-table_cmht01.R:54:3')"/>
    </testcase>
    <testcase time="1.523" classname="table_cmht01" name="CMHT01_variant_2_is_produced_correctly"/>
    <testcase time="0.344999999999999" classname="table_cmht01" name="CMHT01_variant_2_is_produced_correctly">
      <skipped message="Reason: On CRAN ('test-table_cmht01.R:114:3')"/>
    </testcase>
  </testsuite>
  <testsuite name="table_cmt01" timestamp="2023-03-30T22:49:37Z" hostname="8a3889fc3076" tests="8" skipped="4" failures="0" errors="0" time="2.114">
    <testcase time="0.484999999999999" classname="table_cmt01" name="CMT01_default_variant_Concomitant_medications_is_produced_correctly"/>
    <testcase time="0.123999999999995" classname="table_cmt01" name="CMT01_default_variant_Concomitant_medications_is_produced_correctly">
      <skipped message="Reason: On CRAN ('test-table_cmt01.R:36:3')"/>
    </testcase>
    <testcase time="0.323000000000008" classname="table_cmt01" name="CMT01_variant_1_prior_medications_is_produced_correctly"/>
    <testcase time="0.0919999999999987" classname="table_cmt01" name="CMT01_variant_1_prior_medications_is_produced_correctly">
      <skipped message="Reason: On CRAN ('test-table_cmt01.R:71:3')"/>
    </testcase>
    <testcase time="0.417999999999992" classname="table_cmt01" name="CMT01_variant_3_Concomitant_medications_is_produced_correctly"/>
    <testcase time="0.106000000000009" classname="table_cmt01" name="CMT01_variant_3_Concomitant_medications_is_produced_correctly">
      <skipped message="Reason: On CRAN ('test-table_cmt01.R:104:3')"/>
    </testcase>
    <testcase time="0.451999999999998" classname="table_cmt01" name="CMT01_variant_4_Concomitant_medications_is_produced_correctly"/>
    <testcase time="0.114000000000004" classname="table_cmt01" name="CMT01_variant_4_Concomitant_medications_is_produced_correctly">
      <skipped message="Reason: On CRAN ('test-table_cmt01.R:135:3')"/>
    </testcase>
  </testsuite>
  <testsuite name="table_cmt02_pt" timestamp="2023-03-30T22:49:39Z" hostname="8a3889fc3076" tests="2" skipped="1" failures="0" errors="0" time="0.309">
    <testcase time="0.221999999999994" classname="table_cmt02_pt" name="CMT02_PT_default_variant_is_produced_correctly"/>
    <testcase time="0.0870000000000033" classname="table_cmt02_pt" name="CMT02_PT_default_variant_is_produced_correctly">
      <skipped message="Reason: On CRAN ('test-table_cmt02_pt.R:26:3')"/>
    </testcase>
  </testsuite>
  <testsuite name="table_coxt01" timestamp="2023-03-30T22:49:40Z" hostname="8a3889fc3076" tests="8" skipped="4" failures="0" errors="0" time="1.778">
    <testcase time="0.296999999999997" classname="table_coxt01" name="1._Cox_Regression"/>
    <testcase time="0.0649999999999977" classname="table_coxt01" name="1._Cox_Regression">
      <skipped message="Reason: On CRAN ('test-table_coxt01.R:43:3')"/>
    </testcase>
    <testcase time="0.450000000000003" classname="table_coxt01" name="2._Cox_Regression_with_Interaction_Term_"/>
    <testcase time="0.00799999999999557" classname="table_coxt01" name="2._Cox_Regression_with_Interaction_Term_">
      <skipped message="Reason: On CRAN ('test-table_coxt01.R:70:3')"/>
    </testcase>
    <testcase time="0.484999999999999" classname="table_coxt01" name="3._Cox_Regression_specifying_covariates_"/>
    <testcase time="0.007000000000005" classname="table_coxt01" name="3._Cox_Regression_specifying_covariates_">
      <skipped message="Reason: On CRAN ('test-table_coxt01.R:99:3')"/>
    </testcase>
    <testcase time="0.459000000000003" classname="table_coxt01" name="4._Cox_Regression_setting_strata_ties_and_alpha_level_"/>
    <testcase time="0.00699999999999079" classname="table_coxt01" name="4._Cox_Regression_setting_strata_ties_and_alpha_level_">
      <skipped message="Reason: On CRAN ('test-table_coxt01.R:133:3')"/>
    </testcase>
  </testsuite>
  <testsuite name="table_coxt02" timestamp="2023-03-30T22:49:41Z" hostname="8a3889fc3076" tests="4" skipped="2" failures="0" errors="0" time="0.659">
    <testcase time="0.292000000000002" classname="table_coxt02" name="COXT02_default_variant_1_is_produced_correctly"/>
    <testcase time="0.0550000000000068" classname="table_coxt02" name="COXT02_default_variant_1_is_produced_correctly">
      <skipped message="Reason: On CRAN ('test-table_coxt02.R:44:3')"/>
    </testcase>
    <testcase time="0.262" classname="table_coxt02" name="COXT02_variant_5_is_produced_correctly"/>
    <testcase time="0.0499999999999972" classname="table_coxt02" name="COXT02_variant_5_is_produced_correctly">
      <skipped message="Reason: On CRAN ('test-table_coxt02.R:67:3')"/>
    </testcase>
  </testsuite>
  <testsuite name="table_disclosures" timestamp="2023-03-30T22:49:42Z" hostname="8a3889fc3076" tests="12" skipped="6" failures="0" errors="0" time="2.791">
    <testcase time="0.343000000000004" classname="table_disclosures" name="Patient_Disposition_table_is_produced_correctly"/>
    <testcase time="0.0869999999999891" classname="table_disclosures" name="Patient_Disposition_table_is_produced_correctly">
      <skipped message="Reason: On CRAN ('test-table_disclosures.R:110:3')"/>
    </testcase>
    <testcase time="0.472000000000008" classname="table_disclosures" name="Demographic_table_is_produced_correctly"/>
    <testcase time="0.155000000000001" classname="table_disclosures" name="Demographic_table_is_produced_correctly">
      <skipped message="Reason: On CRAN ('test-table_disclosures.R:131:3')"/>
    </testcase>
    <testcase time="0.152000000000001" classname="table_disclosures" name="Enrollment_by_Country_Table_is_produced_correctly"/>
    <testcase time="0.083999999999989" classname="table_disclosures" name="Enrollment_by_Country_Table_is_produced_correctly">
      <skipped message="Reason: On CRAN ('test-table_disclosures.R:143:3')"/>
    </testcase>
    <testcase time="0.0950000000000131" classname="table_disclosures" name="Death_table_is_produced_correctly"/>
    <testcase time="0.0369999999999919" classname="table_disclosures" name="Death_table_is_produced_correctly">
      <skipped message="Reason: On CRAN ('test-table_disclosures.R:161:3')"/>
    </testcase>
    <testcase time="0.507000000000005" classname="table_disclosures" name="Table_of_Serious_Adverse_Events_is_produced_correctly_for_one_specific_treatment_arm_"/>
    <testcase time="0.090999999999994" classname="table_disclosures" name="Table_of_Serious_Adverse_Events_is_produced_correctly_for_one_specific_treatment_arm_">
      <skipped message="Reason: On CRAN ('test-table_disclosures.R:189:3')"/>
    </testcase>
    <testcase time="0.638000000000005" classname="table_disclosures" name="Table_of_Non_Serious_Adverse_Events_is_produced_correctly"/>
    <testcase time="0.129999999999995" classname="table_disclosures" name="Table_of_Non_Serious_Adverse_Events_is_produced_correctly">
      <skipped message="Reason: On CRAN ('test-table_disclosures.R:211:3')"/>
    </testcase>
  </testsuite>
  <testsuite name="table_dmt01" timestamp="2023-03-30T22:49:45Z" hostname="8a3889fc3076" tests="2" skipped="1" failures="0" errors="0" time="0.882">
    <testcase time="0.647000000000006" classname="table_dmt01" name="DMT01_default_and_alternative_variants_are_produced_correctly"/>
    <testcase time="0.234999999999999" classname="table_dmt01" name="DMT01_default_and_alternative_variants_are_produced_correctly">
      <skipped message="Reason: On CRAN ('test-table_dmt01.R:62:3')"/>
    </testcase>
  </testsuite>
  <testsuite name="table_dort01" timestamp="2023-03-30T22:49:46Z" hostname="8a3889fc3076" tests="8" skipped="4" failures="0" errors="0" time="2.243">
    <testcase time="0.481999999999999" classname="table_dort01" name="DORT01_variant_1_is_produced_correctly"/>
    <testcase time="0.0969999999999942" classname="table_dort01" name="DORT01_variant_1_is_produced_correctly">
      <skipped message="Reason: On CRAN ('test-table_dort01.R:78:3')"/>
    </testcase>
    <testcase time="0.460000000000008" classname="table_dort01" name="DORT01_variant_2_selecting_sectons_is_produced_correctly"/>
    <testcase time="0.10499999999999" classname="table_dort01" name="DORT01_variant_2_selecting_sectons_is_produced_correctly">
      <skipped message="Reason: On CRAN ('test-table_dort01.R:134:3')"/>
    </testcase>
    <testcase time="0.425000000000011" classname="table_dort01" name="DORT01_variant_3_modifying_conftype_and_alpha_level_is_produced_correctly"/>
    <testcase time="0.10199999999999" classname="table_dort01" name="DORT01_variant_3_modifying_conftype_and_alpha_level_is_produced_correctly">
      <skipped message="Reason: On CRAN ('test-table_dort01.R:190:3')"/>
    </testcase>
    <testcase time="0.422000000000011" classname="table_dort01" name="DORT01_variant_4_modifying_time_point_for_the_xx_duration_is_produced_correctly"/>
    <testcase time="0.149999999999991" classname="table_dort01" name="DORT01_variant_4_modifying_time_point_for_the_xx_duration_is_produced_correctly">
      <skipped message="Reason: On CRAN ('test-table_dort01.R:244:3')"/>
    </testcase>
  </testsuite>
  <testsuite name="table_dst01" timestamp="2023-03-30T22:49:48Z" hostname="8a3889fc3076" tests="6" skipped="3" failures="0" errors="0" time="2.052">
    <testcase time="0.519999999999996" classname="table_dst01" name="DST01_default_variant_is_produced_correctly"/>
    <testcase time="0.0800000000000125" classname="table_dst01" name="DST01_default_variant_is_produced_correctly">
      <skipped message="Reason: On CRAN ('test-table_dst01.R:83:3')"/>
    </testcase>
    <testcase time="0.683999999999997" classname="table_dst01" name="DST01_variant_with_grouping_of_reasons_is_produced_correctly"/>
    <testcase time="0.10199999999999" classname="table_dst01" name="DST01_variant_with_grouping_of_reasons_is_produced_correctly">
      <skipped message="Reason: On CRAN ('test-table_dst01.R:102:3')"/>
    </testcase>
    <testcase time="0.575000000000003" classname="table_dst01" name="DST01_variant_with_adding_other_optional_rows_is_produced_correctly"/>
    <testcase time="0.090999999999994" classname="table_dst01" name="DST01_variant_with_adding_other_optional_rows_is_produced_correctly">
      <skipped message="Reason: On CRAN ('test-table_dst01.R:119:3')"/>
    </testcase>
  </testsuite>
  <testsuite name="table_dth01" timestamp="2023-03-30T22:49:50Z" hostname="8a3889fc3076" tests="8" skipped="4" failures="0" errors="0" time="2.172">
    <testcase time="0.179000000000002" classname="table_dth01" name="DTH01_variant_1_is_produced_correctly"/>
    <testcase time="0.0799999999999983" classname="table_dth01" name="DTH01_variant_1_is_produced_correctly">
      <skipped message="Reason: On CRAN ('test-table_dth01.R:22:3')"/>
    </testcase>
    <testcase time="0.674000000000007" classname="table_dth01" name="DTH01_variant_2_is_produced_correctly"/>
    <testcase time="0.165999999999997" classname="table_dth01" name="DTH01_variant_2_is_produced_correctly">
      <skipped message="Reason: On CRAN ('test-table_dth01.R:81:3')"/>
    </testcase>
    <testcase time="0.355999999999995" classname="table_dth01" name="DTH01_variant_3_is_produced_correctly"/>
    <testcase time="0.0770000000000124" classname="table_dth01" name="DTH01_variant_3_is_produced_correctly">
      <skipped message="Reason: On CRAN ('test-table_dth01.R:140:3')"/>
    </testcase>
    <testcase time="0.524000000000001" classname="table_dth01" name="DTH01_variant_4_is_produced_correctly"/>
    <testcase time="0.116" classname="table_dth01" name="DTH01_variant_4_is_produced_correctly">
      <skipped message="Reason: On CRAN ('test-table_dth01.R:217:3')"/>
    </testcase>
  </testsuite>
  <testsuite name="table_egt01" timestamp="2023-03-30T22:49:52Z" hostname="8a3889fc3076" tests="2" skipped="1" failures="0" errors="0" time="1.493">
    <testcase time="1.19" classname="table_egt01" name="EGT01_default_variant_is_produced_correctly"/>
    <testcase time="0.302999999999997" classname="table_egt01" name="EGT01_default_variant_is_produced_correctly">
      <skipped message="Reason: On CRAN ('test-table_egt01.R:22:3')"/>
    </testcase>
  </testsuite>
  <testsuite name="table_egt02" timestamp="2023-03-30T22:49:54Z" hostname="8a3889fc3076" tests="4" skipped="2" failures="0" errors="0" time="0.82">
    <testcase time="0.334999999999994" classname="table_egt02" name="_EGT02_1._Regardless_of_Abnormality_at_Baseline"/>
    <testcase time="0.0799999999999983" classname="table_egt02" name="_EGT02_1._Regardless_of_Abnormality_at_Baseline">
      <skipped message="Reason: On CRAN ('test-table_egt02.R:28:3')"/>
    </testcase>
    <testcase time="0.306000000000012" classname="table_egt02" name="_EGT02_2._Among_Subjects_Without_Abnormality_at_Baseline"/>
    <testcase time="0.0989999999999895" classname="table_egt02" name="_EGT02_2._Among_Subjects_Without_Abnormality_at_Baseline">
      <skipped message="Reason: On CRAN ('test-table_egt02.R:51:3')"/>
    </testcase>
  </testsuite>
  <testsuite name="table_egt03" timestamp="2023-03-30T22:49:54Z" hostname="8a3889fc3076" tests="8" skipped="4" failures="0" errors="0" time="1.864">
    <testcase time="0.352000000000004" classname="table_egt03" name="EGT03_variant_1_is_produced_correctly"/>
    <testcase time="0.120999999999995" classname="table_egt03" name="EGT03_variant_1_is_produced_correctly">
      <skipped message="Reason: On CRAN ('test-table_egt03.R:50:3')"/>
    </testcase>
    <testcase time="0.310000000000002" classname="table_egt03" name="EGT03_variant_2_is_produced_correctly"/>
    <testcase time="0.137" classname="table_egt03" name="EGT03_variant_2_is_produced_correctly">
      <skipped message="Reason: On CRAN ('test-table_egt03.R:91:3')"/>
    </testcase>
    <testcase time="0.347999999999999" classname="table_egt03" name="EGT03_variant_3_is_produced_correctly"/>
    <testcase time="0.100999999999999" classname="table_egt03" name="EGT03_variant_3_is_produced_correctly">
      <skipped message="Reason: On CRAN ('test-table_egt03.R:132:3')"/>
    </testcase>
    <testcase time="0.375" classname="table_egt03" name="EGT03_variant_4_is_produced_correctly"/>
    <testcase time="0.120000000000005" classname="table_egt03" name="EGT03_variant_4_is_produced_correctly">
      <skipped message="Reason: On CRAN ('test-table_egt03.R:179:3')"/>
    </testcase>
  </testsuite>
  <testsuite name="table_egt04" timestamp="2023-03-30T22:49:56Z" hostname="8a3889fc3076" tests="2" skipped="1" failures="0" errors="0" time="0.364">
    <testcase time="0.280000000000001" classname="table_egt04" name="EGT04_default_variant_is_produced_correctly"/>
    <testcase time="0.0840000000000032" classname="table_egt04" name="EGT04_default_variant_is_produced_correctly">
      <skipped message="Reason: On CRAN ('test-table_egt04.R:51:3')"/>
    </testcase>
  </testsuite>
  <testsuite name="table_egt05_qtcat" timestamp="2023-03-30T22:49:57Z" hostname="8a3889fc3076" tests="2" skipped="1" failures="0" errors="0" time="1.518">
    <testcase time="1.15599999999999" classname="table_egt05_qtcat" name="EGT05_QTCAT_default_variant_is_produced_correctly"/>
    <testcase time="0.362000000000009" classname="table_egt05_qtcat" name="EGT05_QTCAT_default_variant_is_produced_correctly">
      <skipped message="Reason: On CRAN ('test-table_egt05_qtcat.R:57:3')"/>
    </testcase>
  </testsuite>
  <testsuite name="table_ent" timestamp="2023-03-30T22:49:58Z" hostname="8a3889fc3076" tests="8" skipped="4" failures="0" errors="0" time="21.057">
    <testcase time="5.75699999999999" classname="table_ent" name="ENT01_IT_is_produced_correctly"/>
    <testcase time="0.751000000000005" classname="table_ent" name="ENT01_IT_is_produced_correctly">
      <skipped message="Reason: On CRAN ('test-table_ent.R:24:3')"/>
    </testcase>
    <testcase time="3.28999999999999" classname="table_ent" name="ENT01a_IT_is_produced_correctly"/>
    <testcase time="0.777000000000001" classname="table_ent" name="ENT01a_IT_is_produced_correctly">
      <skipped message="Reason: On CRAN ('test-table_ent.R:40:3')"/>
    </testcase>
    <testcase time="5.27500000000001" classname="table_ent" name="ENT02_IT_is_produced_correctly"/>
    <testcase time="0.816000000000003" classname="table_ent" name="ENT02_IT_is_produced_correctly">
      <skipped message="Reason: On CRAN ('test-table_ent.R:61:3')"/>
    </testcase>
    <testcase time="3.57499999999999" classname="table_ent" name="ENT02a_IT_is_produced_correctly"/>
    <testcase time="0.816000000000003" classname="table_ent" name="ENT02a_IT_is_produced_correctly">
      <skipped message="Reason: On CRAN ('test-table_ent.R:79:3')"/>
    </testcase>
  </testsuite>
  <testsuite name="table_ext01" timestamp="2023-03-30T22:50:19Z" hostname="8a3889fc3076" tests="6" skipped="3" failures="0" errors="0" time="1.866">
    <testcase time="0.448999999999998" classname="table_ext01" name="EXT01_default_variant_with_numeric_parameters_is_produced_correctly"/>
    <testcase time="0.14200000000001" classname="table_ext01" name="EXT01_default_variant_with_numeric_parameters_is_produced_correctly">
      <skipped message="Reason: On CRAN ('test-table_ext01.R:58:3')"/>
    </testcase>
    <testcase time="0.458999999999989" classname="table_ext01" name="EXT01_variant_with_both_numeric_and_categorical_parameters"/>
    <testcase time="0.131" classname="table_ext01" name="EXT01_variant_with_both_numeric_and_categorical_parameters">
      <skipped message="Reason: On CRAN ('test-table_ext01.R:147:3')"/>
    </testcase>
    <testcase time="0.528000000000006" classname="table_ext01" name="EXT01_variant_with_user_specified_categories_for_missed_doses"/>
    <testcase time="0.156999999999996" classname="table_ext01" name="EXT01_variant_with_user_specified_categories_for_missed_doses">
      <skipped message="Reason: On CRAN ('test-table_ext01.R:241:3')"/>
    </testcase>
  </testsuite>
  <testsuite name="table_fstg02" timestamp="2023-03-30T22:50:21Z" hostname="8a3889fc3076" tests="8" skipped="4" failures="0" errors="0" time="4.408">
    <testcase time="1.32300000000001" classname="table_fstg02" name="FSTG02_table_variant_1_Subgroup_Analysis_of_Survival_Duration_is_produced_correctly"/>
    <testcase time="0.119" classname="table_fstg02" name="FSTG02_table_variant_1_Subgroup_Analysis_of_Survival_Duration_is_produced_correctly">
      <skipped message="Reason: On CRAN ('test-table_fstg02.R:43:3')"/>
    </testcase>
    <testcase time="1.152" classname="table_fstg02" name="FSTG02_table_variant_2_specifying_class_variables_and_options_for_the_treatment_variable_"/>
    <testcase time="0.105999999999995" classname="table_fstg02" name="FSTG02_table_variant_2_specifying_class_variables_and_options_for_the_treatment_variable_">
      <skipped message="Reason: On CRAN ('test-table_fstg02.R:80:3')"/>
    </testcase>
    <testcase time="0.415000000000006" classname="table_fstg02" name="FSTG02_table_variant_3_selecting_columns_and_changing_the_alpha_level_"/>
    <testcase time="0.0699999999999932" classname="table_fstg02" name="FSTG02_table_variant_3_selecting_columns_and_changing_the_alpha_level_">
      <skipped message="Reason: On CRAN ('test-table_fstg02.R:105:3')"/>
    </testcase>
    <testcase time="1.119" classname="table_fstg02" name="FSTG02_table_variant_4_fixed_symbol_size_is_produced_correctly"/>
    <testcase time="0.103999999999999" classname="table_fstg02" name="FSTG02_table_variant_4_fixed_symbol_size_is_produced_correctly">
      <skipped message="Reason: On CRAN ('test-table_fstg02.R:135:3')"/>
    </testcase>
  </testsuite>
  <testsuite name="table_lbt01" timestamp="2023-03-30T22:50:26Z" hostname="8a3889fc3076" tests="2" skipped="1" failures="0" errors="0" time="1.161">
    <testcase time="0.909000000000006" classname="table_lbt01" name="LBT01_default_variant_is_produced_correctly"/>
    <testcase time="0.251999999999995" classname="table_lbt01" name="LBT01_default_variant_is_produced_correctly">
      <skipped message="Reason: On CRAN ('test-table_lbt01.R:26:3')"/>
    </testcase>
  </testsuite>
  <testsuite name="table_lbt02" timestamp="2023-03-30T22:50:27Z" hostname="8a3889fc3076" tests="2" skipped="1" failures="0" errors="0" time="0.711">
    <testcase time="0.531999999999996" classname="table_lbt02" name="LBT02_default_variant_is_produced_correctly"/>
    <testcase time="0.179000000000002" classname="table_lbt02" name="LBT02_default_variant_is_produced_correctly">
      <skipped message="Reason: On CRAN ('test-table_lbt02.R:19:3')"/>
    </testcase>
  </testsuite>
  <testsuite name="table_lbt03" timestamp="2023-03-30T22:50:27Z" hostname="8a3889fc3076" tests="2" skipped="1" failures="0" errors="0" time="0.75">
    <testcase time="0.573999999999998" classname="table_lbt03" name="LBT03_default_variant_is_produced_correctly"/>
    <testcase time="0.176000000000002" classname="table_lbt03" name="LBT03_default_variant_is_produced_correctly">
      <skipped message="Reason: On CRAN ('test-table_lbt03.R:29:3')"/>
    </testcase>
  </testsuite>
  <testsuite name="table_lbt04" timestamp="2023-03-30T22:50:28Z" hostname="8a3889fc3076" tests="2" skipped="1" failures="0" errors="0" time="0.384">
    <testcase time="0.305000000000007" classname="table_lbt04" name="LBT04_default_variant_is_produced_correctly"/>
    <testcase time="0.0789999999999935" classname="table_lbt04" name="LBT04_default_variant_is_produced_correctly">
      <skipped message="Reason: On CRAN ('test-table_lbt04.R:25:3')"/>
    </testcase>
  </testsuite>
  <testsuite name="table_lbt05" timestamp="2023-03-30T22:50:29Z" hostname="8a3889fc3076" tests="6" skipped="3" failures="0" errors="0" time="194.127">
    <testcase time="64.612" classname="table_lbt05" name="LBT05_variant_1_is_produced_correctly"/>
    <testcase time="0.102000000000004" classname="table_lbt05" name="LBT05_variant_1_is_produced_correctly">
      <skipped message="Reason: On CRAN ('test-table_lbt05.R:108:3')"/>
    </testcase>
    <testcase time="64.685" classname="table_lbt05" name="LBT05_variant_2_is_produced_correctly"/>
    <testcase time="0.132999999999981" classname="table_lbt05" name="LBT05_variant_2_is_produced_correctly">
      <skipped message="Reason: On CRAN ('test-table_lbt05.R:176:3')"/>
    </testcase>
    <testcase time="64.499" classname="table_lbt05" name="LBT05_variant_4_is_produced_correctly"/>
    <testcase time="0.0960000000000036" classname="table_lbt05" name="LBT05_variant_4_is_produced_correctly">
      <skipped message="Reason: On CRAN ('test-table_lbt05.R:249:3')"/>
    </testcase>
  </testsuite>
  <testsuite name="table_lbt06" timestamp="2023-03-30T22:53:43Z" hostname="8a3889fc3076" tests="2" skipped="1" failures="0" errors="0" time="0.891">
    <testcase time="0.682999999999993" classname="table_lbt06" name="LBT06_default_variant_is_produced_correctly"/>
    <testcase time="0.208000000000027" classname="table_lbt06" name="LBT06_default_variant_is_produced_correctly">
      <skipped message="Reason: On CRAN ('test-table_lbt06.R:24:3')"/>
    </testcase>
  </testsuite>
  <testsuite name="table_lbt07" timestamp="2023-03-30T22:53:44Z" hostname="8a3889fc3076" tests="2" skipped="1" failures="0" errors="0" time="0.8">
    <testcase time="0.639999999999986" classname="table_lbt07" name="LBT07_is_produced_correctly"/>
    <testcase time="0.159999999999968" classname="table_lbt07" name="LBT07_is_produced_correctly">
      <skipped message="Reason: On CRAN ('test-table_lbt07.R:77:3')"/>
    </testcase>
  </testsuite>
  <testsuite name="table_lbt08" timestamp="2023-03-30T22:53:44Z" hostname="8a3889fc3076" tests="2" skipped="1" failures="0" errors="0" time="0.753">
    <testcase time="0.571000000000026" classname="table_lbt08" name="LBT08_produce_correctly"/>
    <testcase time="0.182000000000016" classname="table_lbt08" name="LBT08_produce_correctly">
      <skipped message="Reason: On CRAN ('test-table_lbt08.R:38:3')"/>
    </testcase>
  </testsuite>
  <testsuite name="table_lbt14" timestamp="2023-03-30T22:53:45Z" hostname="8a3889fc3076" tests="10" skipped="5" failures="0" errors="0" time="3.891">
    <testcase time="0.319999999999993" classname="table_lbt14" name="LBT14_variant_1_HIGH_works_as_expected"/>
    <testcase time="0.0389999999999873" classname="table_lbt14" name="LBT14_variant_1_HIGH_works_as_expected">
      <skipped message="Reason: On CRAN ('test-table_lbt14.R:48:3')"/>
    </testcase>
    <testcase time="0.677000000000021" classname="table_lbt14" name="LBT14_variant_2_LOW_works_as_expected"/>
    <testcase time="0.182999999999993" classname="table_lbt14" name="LBT14_variant_2_LOW_works_as_expected">
      <skipped message="Reason: On CRAN ('test-table_lbt14.R:95:3')"/>
    </testcase>
    <testcase time="0.709000000000003" classname="table_lbt14" name="LBT14_variant_3_LOW_without_baseline_missing_works_as_expected"/>
    <testcase time="0.173999999999978" classname="table_lbt14" name="LBT14_variant_3_LOW_without_baseline_missing_works_as_expected">
      <skipped message="Reason: On CRAN ('test-table_lbt14.R:141:3')"/>
    </testcase>
    <testcase time="0.65500000000003" classname="table_lbt14" name="LBT14_variant_4_LOW_and_force_1_missing_both_baseline_and_post_baseline_then_force_the_missing_baseline_as_0_as_expected"/>
    <testcase time="0.165999999999997" classname="table_lbt14" name="LBT14_variant_4_LOW_and_force_1_missing_both_baseline_and_post_baseline_then_force_the_missing_baseline_as_0_as_expected">
      <skipped message="Reason: On CRAN ('test-table_lbt14.R:189:3')"/>
    </testcase>
    <testcase time="0.742999999999995" classname="table_lbt14" name="LBT14_variant_5_HIGH_with_fillings_works_as_expected"/>
    <testcase time="0.224999999999966" classname="table_lbt14" name="LBT14_variant_5_HIGH_with_fillings_works_as_expected">
      <skipped message="Reason: On CRAN ('test-table_lbt14.R:236:3')"/>
    </testcase>
  </testsuite>
  <testsuite name="table_lgrt02" timestamp="2023-03-30T22:53:49Z" hostname="8a3889fc3076" tests="8" skipped="4" failures="0" errors="0" time="3.955">
    <testcase time="0.741000000000042" classname="table_lgrt02" name="LGRT02_without_interaction_term_is_produced_correctly"/>
    <testcase time="0.169999999999959" classname="table_lgrt02" name="LGRT02_without_interaction_term_is_produced_correctly">
      <skipped message="Reason: On CRAN ('test-table_lgrt02.R:52:3')"/>
    </testcase>
    <testcase time="0.934000000000026" classname="table_lgrt02" name="LGRT02_with_categorical_interaction_is_produced_correctly"/>
    <testcase time="0.187999999999988" classname="table_lgrt02" name="LGRT02_with_categorical_interaction_is_produced_correctly">
      <skipped message="Reason: On CRAN ('test-table_lgrt02.R:78:3')"/>
    </testcase>
    <testcase time="0.894999999999982" classname="table_lgrt02" name="LGRT02_with_continuous_interaction_is_produced_correctly"/>
    <testcase time="0.184000000000026" classname="table_lgrt02" name="LGRT02_with_continuous_interaction_is_produced_correctly">
      <skipped message="Reason: On CRAN ('test-table_lgrt02.R:104:3')"/>
    </testcase>
    <testcase time="0.699999999999989" classname="table_lgrt02" name="LGRT02_with_setting_values_indicating_an_event_and_custom_alpha_level_is_produced_correctly"/>
    <testcase time="0.143000000000029" classname="table_lgrt02" name="LGRT02_with_setting_values_indicating_an_event_and_custom_alpha_level_is_produced_correctly">
      <skipped message="Reason: On CRAN ('test-table_lgrt02.R:130:3')"/>
    </testcase>
  </testsuite>
  <testsuite name="table_mht01" timestamp="2023-03-30T22:53:53Z" hostname="8a3889fc3076" tests="8" skipped="4" failures="0" errors="0" time="2.07">
    <testcase time="0.450999999999965" classname="table_mht01" name="MHT01_variant_1_is_produced_accurately"/>
    <testcase time="0.133000000000038" classname="table_mht01" name="MHT01_variant_1_is_produced_accurately">
      <skipped message="Reason: On CRAN ('test-table_mht01.R:41:3')"/>
    </testcase>
    <testcase time="0.199000000000012" classname="table_mht01" name="MHT01_variant_2_is_produced_accurately"/>
    <testcase time="0.0539999999999736" classname="table_mht01" name="MHT01_variant_2_is_produced_accurately">
      <skipped message="Reason: On CRAN ('test-table_mht01.R:82:3')"/>
    </testcase>
    <testcase time="0.41900000000004" classname="table_mht01" name="MHT01_variant_3_is_produced_accurately"/>
    <testcase time="0.121999999999957" classname="table_mht01" name="MHT01_variant_3_is_produced_accurately">
      <skipped message="Reason: On CRAN ('test-table_mht01.R:120:3')"/>
    </testcase>
    <testcase time="0.545000000000016" classname="table_mht01" name="MHT01_variant_5_is_produced_accurately"/>
    <testcase time="0.146999999999991" classname="table_mht01" name="MHT01_variant_5_is_produced_accurately">
      <skipped message="Reason: On CRAN ('test-table_mht01.R:163:3')"/>
    </testcase>
  </testsuite>
  <testsuite name="table_onct05" timestamp="2023-03-30T22:53:55Z" hostname="8a3889fc3076" tests="8" skipped="4" failures="0" errors="0" time="3.845">
    <testcase time="1.01900000000001" classname="table_onct05" name="ONCT05_variant_1_Objective_Response_Rate_by_Subgroup_is_produced_correctly"/>
    <testcase time="0.0919999999999845" classname="table_onct05" name="ONCT05_variant_1_Objective_Response_Rate_by_Subgroup_is_produced_correctly">
      <skipped message="Reason: On CRAN ('test-table_onct05.R:33:3')"/>
    </testcase>
    <testcase time="1.053" classname="table_onct05" name="ONCT05_variant_2_Specifying_class_variables_is_produced_correctly"/>
    <testcase time="0.102000000000032" classname="table_onct05" name="ONCT05_variant_2_Specifying_class_variables_is_produced_correctly">
      <skipped message="Reason: On CRAN ('test-table_onct05.R:57:3')"/>
    </testcase>
    <testcase time="0.360000000000014" classname="table_onct05" name="ONCT05_variant_3_selecting_columns_and_changing_the_alpha_level_is_produced_correctly"/>
    <testcase time="0.0720000000000027" classname="table_onct05" name="ONCT05_variant_3_selecting_columns_and_changing_the_alpha_level_is_produced_correctly">
      <skipped message="Reason: On CRAN ('test-table_onct05.R:75:3')"/>
    </testcase>
    <testcase time="1.02199999999999" classname="table_onct05" name="ONCT05_variant_4_setting_values_indicating_response_is_produced_correctly"/>
    <testcase time="0.125" classname="table_onct05" name="ONCT05_variant_4_setting_values_indicating_response_is_produced_correctly">
      <skipped message="Reason: On CRAN ('test-table_onct05.R:96:3')"/>
    </testcase>
  </testsuite>
  <testsuite name="table_pagination" timestamp="2023-03-30T22:54:01Z" hostname="8a3889fc3076" tests="16" skipped="6" failures="0" errors="0" time="21.662">
    <testcase time="2.81999999999999" classname="table_pagination" name="Direct_pagination_with_standard_values"/>
    <testcase time="0.0169999999999959" classname="table_pagination" name="Direct_pagination_with_standard_values"/>
    <testcase time="0.00599999999997181" classname="table_pagination" name="Direct_pagination_with_standard_values"/>
    <testcase time="5.404" classname="table_pagination" name="Pagination_with_specific_column_widths_and_minimum_lines_per_page"/>
    <testcase time="0.00600000000002865" classname="table_pagination" name="Pagination_with_specific_column_widths_and_minimum_lines_per_page"/>
    <testcase time="0.0939999999999941" classname="table_pagination" name="Pagination_with_specific_column_widths_and_minimum_lines_per_page">
      <skipped message="Reason: On CRAN ('test-table_pagination.R:76:3')"/>
    </testcase>
    <testcase time="2.21800000000002" classname="table_pagination" name="Pagination_works_also_if_table_is_decorated"/>
    <testcase time="0.00599999999997181" classname="table_pagination" name="Pagination_works_also_if_table_is_decorated"/>
    <testcase time="0.00999999999999091" classname="table_pagination" name="Pagination_works_also_if_table_is_decorated">
      <skipped message="Reason: On CRAN ('test-table_pagination.R:110:3')"/>
    </testcase>
    <testcase time="2.38800000000003" classname="table_pagination" name="Pagination_works_for_page_types">
      <skipped message="Reason: On CRAN ('test-table_pagination.R:119:3')"/>
    </testcase>
    <testcase time="2.48199999999997" classname="table_pagination" name="Pagination_works_for_page_width_and_height">
      <skipped message="Reason: On CRAN ('test-table_pagination.R:132:3')"/>
    </testcase>
    <testcase time="3.79900000000004" classname="table_pagination" name="Pagination_works_for_page_types">
      <skipped message="Reason: On CRAN ('test-table_pagination.R:146:3')"/>
    </testcase>
    <testcase time="1.315" classname="table_pagination" name="AET04_variant_2_page_by_pagination_tests"/>
    <testcase time="0.956999999999994" classname="table_pagination" name="AET04_variant_2_page_by_pagination_tests"/>
    <testcase time="0.0029999999999859" classname="table_pagination" name="AET04_variant_2_page_by_pagination_tests"/>
    <testcase time="0.137" classname="table_pagination" name="AET04_variant_2_page_by_pagination_tests">
      <skipped message="Reason: On CRAN ('test-table_pagination.R:201:3')"/>
    </testcase>
  </testsuite>
  <testsuite name="table_pdt01" timestamp="2023-03-30T22:54:21Z" hostname="8a3889fc3076" tests="2" skipped="1" failures="0" errors="0" time="0.603">
    <testcase time="0.444000000000017" classname="table_pdt01" name="PDT01_is_produced_correctly"/>
    <testcase time="0.158999999999992" classname="table_pdt01" name="PDT01_is_produced_correctly">
      <skipped message="Reason: On CRAN ('test-table_pdt01.R:38:3')"/>
    </testcase>
  </testsuite>
  <testsuite name="table_pdt02" timestamp="2023-03-30T22:54:21Z" hostname="8a3889fc3076" tests="2" skipped="1" failures="0" errors="0" time="0.34">
    <testcase time="0.26400000000001" classname="table_pdt02" name="PDT02_is_produced_correctly"/>
    <testcase time="0.075999999999965" classname="table_pdt02" name="PDT02_is_produced_correctly">
      <skipped message="Reason: On CRAN ('test-table_pdt02.R:33:3')"/>
    </testcase>
  </testsuite>
  <testsuite name="table_pkct01" timestamp="2023-03-30T22:54:21Z" hostname="8a3889fc3076" tests="4" skipped="2" failures="0" errors="0" time="2.597">
    <testcase time="0.603000000000009" classname="table_pkct01" name="PKCT01_is_produced_correctly"/>
    <testcase time="0.11099999999999" classname="table_pkct01" name="PKCT01_is_produced_correctly">
      <skipped message="Reason: On CRAN ('test-table_pkct01.R:18:3')"/>
    </testcase>
    <testcase time="1.66700000000003" classname="table_pkct01" name="Specific_PKCT01_features_are_present"/>
    <testcase time="0.216000000000008" classname="table_pkct01" name="Specific_PKCT01_features_are_present">
      <skipped message="Reason: On CRAN ('test-table_pkct01.R:116:3')"/>
    </testcase>
  </testsuite>
  <testsuite name="table_pkpt02" timestamp="2023-03-30T22:54:24Z" hostname="8a3889fc3076" tests="4" skipped="2" failures="0" errors="0" time="0.72">
    <testcase time="0.298999999999978" classname="table_pkpt02" name="PKPT02_is_produced_correctly_for_Drug_X"/>
    <testcase time="0.103999999999985" classname="table_pkpt02" name="PKPT02_is_produced_correctly_for_Drug_X">
      <skipped message="Reason: On CRAN ('test-table_pkpt02.R:42:3')"/>
    </testcase>
    <testcase time="0.225000000000023" classname="table_pkpt02" name="PKPT02_is_produced_correctly_for_Drug_Y"/>
    <testcase time="0.0919999999999845" classname="table_pkpt02" name="PKPT02_is_produced_correctly_for_Drug_Y">
      <skipped message="Reason: On CRAN ('test-table_pkpt02.R:55:3')"/>
    </testcase>
  </testsuite>
  <testsuite name="table_pkpt03" timestamp="2023-03-30T22:54:25Z" hostname="8a3889fc3076" tests="4" skipped="2" failures="0" errors="0" time="1.342">
    <testcase time="0.725000000000023" classname="table_pkpt03" name="PKPT03_Drug_X_is_produced_correctly"/>
    <testcase time="0.15100000000001" classname="table_pkpt03" name="PKPT03_Drug_X_is_produced_correctly">
      <skipped message="Reason: On CRAN ('test-table_pkpt03.R:66:3')"/>
    </testcase>
    <testcase time="0.375" classname="table_pkpt03" name="PKPT03_Drug_Y_is_produced_correctly"/>
    <testcase time="0.0909999999999513" classname="table_pkpt03" name="PKPT03_Drug_Y_is_produced_correctly">
      <skipped message="Reason: On CRAN ('test-table_pkpt03.R:80:3')"/>
    </testcase>
  </testsuite>
  <testsuite name="table_pkpt04" timestamp="2023-03-30T22:54:26Z" hostname="8a3889fc3076" tests="4" skipped="2" failures="0" errors="0" time="0.971">
    <testcase time="0.41700000000003" classname="table_pkpt04" name="PKPT04_is_produced_correctly_for_Drug_X"/>
    <testcase time="0.149999999999977" classname="table_pkpt04" name="PKPT04_is_produced_correctly_for_Drug_X">
      <skipped message="Reason: On CRAN ('test-table_pkpt04.R:42:3')"/>
    </testcase>
    <testcase time="0.269000000000005" classname="table_pkpt04" name="PKPT04_is_produced_correctly_for_Drug_Y"/>
    <testcase time="0.134999999999991" classname="table_pkpt04" name="PKPT04_is_produced_correctly_for_Drug_Y">
      <skipped message="Reason: On CRAN ('test-table_pkpt04.R:55:3')"/>
    </testcase>
  </testsuite>
  <testsuite name="table_pkpt05" timestamp="2023-03-30T22:54:27Z" hostname="8a3889fc3076" tests="4" skipped="2" failures="0" errors="0" time="1.57">
    <testcase time="0.855000000000018" classname="table_pkpt05" name="PKPT05_Drug_X_is_produced_correctly"/>
    <testcase time="0.162999999999954" classname="table_pkpt05" name="PKPT05_Drug_X_is_produced_correctly">
      <skipped message="Reason: On CRAN ('test-table_pkpt05.R:65:3')"/>
    </testcase>
    <testcase time="0.432000000000016" classname="table_pkpt05" name="PKPT05_Drug_Y_is_produced_correctly"/>
    <testcase time="0.120000000000005" classname="table_pkpt05" name="PKPT05_Drug_Y_is_produced_correctly">
      <skipped message="Reason: On CRAN ('test-table_pkpt05.R:80:3')"/>
    </testcase>
  </testsuite>
  <testsuite name="table_pkpt06" timestamp="2023-03-30T22:54:29Z" hostname="8a3889fc3076" tests="4" skipped="2" failures="0" errors="0" time="0.411">
    <testcase time="0.187999999999988" classname="table_pkpt06" name="PKPT06_is_produced_correctly_for_Drug_X"/>
    <testcase time="0.0760000000000218" classname="table_pkpt06" name="PKPT06_is_produced_correctly_for_Drug_X">
      <skipped message="Reason: On CRAN ('test-table_pkpt06.R:48:3')"/>
    </testcase>
    <testcase time="0.103999999999985" classname="table_pkpt06" name="PKPT06_is_produced_correctly_for_Drug_Y"/>
    <testcase time="0.0430000000000064" classname="table_pkpt06" name="PKPT06_is_produced_correctly_for_Drug_Y">
      <skipped message="Reason: On CRAN ('test-table_pkpt06.R:61:3')"/>
    </testcase>
  </testsuite>
  <testsuite name="table_pkpt07" timestamp="2023-03-30T22:54:29Z" hostname="8a3889fc3076" tests="4" skipped="2" failures="0" errors="0" time="0.676">
    <testcase time="0.326000000000022" classname="table_pkpt07" name="PKPT07_Drug_X_is_produced_correctly"/>
    <testcase time="0.0939999999999941" classname="table_pkpt07" name="PKPT07_Drug_X_is_produced_correctly">
      <skipped message="Reason: On CRAN ('test-table_pkpt07.R:72:3')"/>
    </testcase>
    <testcase time="0.176999999999964" classname="table_pkpt07" name="PKPT07_Drug_Y_is_produced_correctly"/>
    <testcase time="0.0790000000000077" classname="table_pkpt07" name="PKPT07_Drug_Y_is_produced_correctly">
      <skipped message="Reason: On CRAN ('test-table_pkpt07.R:87:3')"/>
    </testcase>
  </testsuite>
  <testsuite name="table_ratet01" timestamp="2023-03-30T22:54:30Z" hostname="8a3889fc3076" tests="2" skipped="1" failures="0" errors="0" time="0.765">
    <testcase time="0.620999999999981" classname="table_ratet01" name="RATET01_is_produced_correctly"/>
    <testcase time="0.144000000000005" classname="table_ratet01" name="RATET01_is_produced_correctly">
      <skipped message="Reason: On CRAN ('test-table_ratet01.R:49:3')"/>
    </testcase>
  </testsuite>
  <testsuite name="table_rmpt01" timestamp="2023-03-30T22:54:31Z" hostname="8a3889fc3076" tests="2" skipped="1" failures="0" errors="0" time="0.408">
    <testcase time="0.360000000000014" classname="table_rmpt01" name="RMPT01_is_produced_correctly"/>
    <testcase time="0.0480000000000018" classname="table_rmpt01" name="RMPT01_is_produced_correctly">
      <skipped message="Reason: On CRAN ('test-table_rmpt01.R:58:3')"/>
    </testcase>
  </testsuite>
  <testsuite name="table_rmpt03" timestamp="2023-03-30T22:54:31Z" hostname="8a3889fc3076" tests="4" skipped="2" failures="0" errors="0" time="0.936">
    <testcase time="0.456999999999994" classname="table_rmpt03" name="RMPT03_variant_1_is_produced_correctly"/>
    <testcase time="0.0629999999999882" classname="table_rmpt03" name="RMPT03_variant_1_is_produced_correctly">
      <skipped message="Reason: On CRAN ('test-table_rmpt03.R:67:3')"/>
    </testcase>
    <testcase time="0.328000000000031" classname="table_rmpt03" name="RMPT03_variant_2_is_produced_correctly"/>
    <testcase time="0.0880000000000223" classname="table_rmpt03" name="RMPT03_variant_2_is_produced_correctly">
      <skipped message="Reason: On CRAN ('test-table_rmpt03.R:93:3')"/>
    </testcase>
  </testsuite>
  <testsuite name="table_rmpt04" timestamp="2023-03-30T22:54:32Z" hostname="8a3889fc3076" tests="2" skipped="1" failures="0" errors="0" time="0.38">
    <testcase time="0.331000000000017" classname="table_rmpt04" name="RMPT04_variant_1_is_produced_correctly"/>
    <testcase time="0.0489999999999782" classname="table_rmpt04" name="RMPT04_variant_1_is_produced_correctly">
      <skipped message="Reason: On CRAN ('test-table_rmpt04.R:50:3')"/>
    </testcase>
  </testsuite>
  <testsuite name="table_rmpt05" timestamp="2023-03-30T22:54:32Z" hostname="8a3889fc3076" tests="2" skipped="1" failures="0" errors="0" time="0.539">
    <testcase time="0.449999999999989" classname="table_rmpt05" name="RMPT05_is_produced_correctly"/>
    <testcase time="0.0889999999999986" classname="table_rmpt05" name="RMPT05_is_produced_correctly">
      <skipped message="Reason: On CRAN ('test-table_rmpt05.R:49:3')"/>
    </testcase>
  </testsuite>
  <testsuite name="table_rmpt06" timestamp="2023-03-30T22:54:33Z" hostname="8a3889fc3076" tests="8" skipped="4" failures="0" errors="0" time="2.145">
    <testcase time="0.49799999999999" classname="table_rmpt06" name="AET05_ALL_variant_1_is_produced_correctly"/>
    <testcase time="0.122000000000014" classname="table_rmpt06" name="AET05_ALL_variant_1_is_produced_correctly">
      <skipped message="Reason: On CRAN ('test-table_rmpt06.R:100:3')"/>
    </testcase>
    <testcase time="0.312999999999988" classname="table_rmpt06" name="RMPT06_variant_2_is_produced_correctly"/>
    <testcase time="0.0730000000000359" classname="table_rmpt06" name="RMPT06_variant_2_is_produced_correctly">
      <skipped message="Reason: On CRAN ('test-table_rmpt06.R:150:3')"/>
    </testcase>
    <testcase time="0.44599999999997" classname="table_rmpt06" name="RMPT06_variant_3_is_produced_correctly"/>
    <testcase time="0.132000000000005" classname="table_rmpt06" name="RMPT06_variant_3_is_produced_correctly">
      <skipped message="Reason: On CRAN ('test-table_rmpt06.R:215:3')"/>
    </testcase>
    <testcase time="0.425000000000011" classname="table_rmpt06" name="RMPT06_variant_4_is_produced_correctly"/>
    <testcase time="0.136000000000024" classname="table_rmpt06" name="RMPT06_variant_4_is_produced_correctly">
      <skipped message="Reason: On CRAN ('test-table_rmpt06.R:283:3')"/>
    </testcase>
  </testsuite>
  <testsuite name="table_rspt01" timestamp="2023-03-30T22:54:35Z" hostname="8a3889fc3076" tests="12" skipped="6" failures="0" errors="0" time="3.556">
    <testcase time="0.462999999999965" classname="table_rspt01" name="RSPT01_1._Best_Overall_Response"/>
    <testcase time="0.119000000000028" classname="table_rspt01" name="RSPT01_1._Best_Overall_Response">
      <skipped message="Reason: On CRAN ('test-table_rspt01.R:46:3')"/>
    </testcase>
    <testcase time="0.354999999999961" classname="table_rspt01" name="RSPT01_2._Best_Overall_Response_selecting_sections_to_display_"/>
    <testcase time="0.131000000000029" classname="table_rspt01" name="RSPT01_2._Best_Overall_Response_selecting_sections_to_display_">
      <skipped message="Reason: On CRAN ('test-table_rspt01.R:73:3')"/>
    </testcase>
    <testcase time="0.822999999999979" classname="table_rspt01" name="RSPT01_3._Best_Overall_Response_modifying_settings_"/>
    <testcase time="0.105999999999995" classname="table_rspt01" name="RSPT01_3._Best_Overall_Response_modifying_settings_">
      <skipped message="Reason: On CRAN ('test-table_rspt01.R:116:3')"/>
    </testcase>
    <testcase time="0.483000000000004" classname="table_rspt01" name="RSPT01_4._Best_Overall_Response_with_stratified_analysis_"/>
    <testcase time="0.133000000000038" classname="table_rspt01" name="RSPT01_4._Best_Overall_Response_with_stratified_analysis_">
      <skipped message="Reason: On CRAN ('test-table_rspt01.R:166:3')"/>
    </testcase>
    <testcase time="0.391999999999996" classname="table_rspt01" name="RSPT01_5._Best_Overall_Response_modifying_the_definition_of_overall_response_"/>
    <testcase time="0.111999999999966" classname="table_rspt01" name="RSPT01_5._Best_Overall_Response_modifying_the_definition_of_overall_response_">
      <skipped message="Reason: On CRAN ('test-table_rspt01.R:198:3')"/>
    </testcase>
    <testcase time="0.334000000000003" classname="table_rspt01" name="RSPT01_6._Best_Overall_Response_define_new_sections_to_display_"/>
    <testcase time="0.105000000000018" classname="table_rspt01" name="RSPT01_6._Best_Overall_Response_define_new_sections_to_display_">
      <skipped message="Reason: On CRAN ('test-table_rspt01.R:248:3')"/>
    </testcase>
  </testsuite>
  <testsuite name="table_ttet01" timestamp="2023-03-30T22:54:39Z" hostname="8a3889fc3076" tests="12" skipped="6" failures="0" errors="0" time="3.742">
    <testcase time="0.610000000000014" classname="table_ttet01" name="TTET01_default_variant_is_produced_correctly"/>
    <testcase time="0.156999999999982" classname="table_ttet01" name="TTET01_default_variant_is_produced_correctly">
      <skipped message="Reason: On CRAN ('test-table_ttet01.R:79:3')"/>
    </testcase>
    <testcase time="0.312000000000012" classname="table_ttet01" name="TTET01_variant_2_selecting_sections_to_display"/>
    <testcase time="0.0950000000000273" classname="table_ttet01" name="TTET01_variant_2_selecting_sections_to_display">
      <skipped message="Reason: On CRAN ('test-table_ttet01.R:124:3')"/>
    </testcase>
    <testcase time="0.474999999999966" classname="table_ttet01" name="TTET01_variant_3_modifying_analysis_details_like_conftype_ties_alpha_level"/>
    <testcase time="0.114000000000033" classname="table_ttet01" name="TTET01_variant_3_modifying_analysis_details_like_conftype_ties_alpha_level">
      <skipped message="Reason: On CRAN ('test-table_ttet01.R:190:3')"/>
    </testcase>
    <testcase time="0.524000000000001" classname="table_ttet01" name="TTET01_variant_4_with_stratified_analysis"/>
    <testcase time="0.139999999999986" classname="table_ttet01" name="TTET01_variant_4_with_stratified_analysis">
      <skipped message="Reason: On CRAN ('test-table_ttet01.R:251:3')"/>
    </testcase>
    <testcase time="0.461000000000013" classname="table_ttet01" name="TTET01_variant_5_modifying_time_point"/>
    <testcase time="0.115999999999985" classname="table_ttet01" name="TTET01_variant_5_modifying_time_point">
      <skipped message="Reason: On CRAN ('test-table_ttet01.R:306:3')"/>
    </testcase>
    <testcase time="0.579999999999984" classname="table_ttet01" name="TTET01_variant_6_requesting_more_than_one_p_value"/>
    <testcase time="0.158000000000015" classname="table_ttet01" name="TTET01_variant_6_requesting_more_than_one_p_value">
      <skipped message="Reason: On CRAN ('test-table_ttet01.R:379:3')"/>
    </testcase>
  </testsuite>
  <testsuite name="table_vst01" timestamp="2023-03-30T22:54:42Z" hostname="8a3889fc3076" tests="2" skipped="1" failures="0" errors="0" time="1.874">
    <testcase time="1.52600000000001" classname="table_vst01" name="VST01_default_variant_is_produced_correctly"/>
    <testcase time="0.348000000000013" classname="table_vst01" name="VST01_default_variant_is_produced_correctly">
      <skipped message="Reason: On CRAN ('test-table_vst01.R:66:3')"/>
    </testcase>
  </testsuite>
  <testsuite name="table_vst02" timestamp="2023-03-30T22:54:44Z" hostname="8a3889fc3076" tests="4" skipped="2" failures="0" errors="0" time="1.119">
    <testcase time="0.44199999999995" classname="table_vst02" name="1._Vital_Sign_Abnormalities_Regardless_of_Abnormality_at_Baseline_VST02_1_"/>
    <testcase time="0.124000000000024" classname="table_vst02" name="1._Vital_Sign_Abnormalities_Regardless_of_Abnormality_at_Baseline_VST02_1_">
      <skipped message="Reason: On CRAN ('test-table_vst02.R:18:3')"/>
    </testcase>
    <testcase time="0.432999999999993" classname="table_vst02" name="2._Vital_Sign_Abnormalities_Among_Subject_Without_Abnormality_at_Baseline_VST02_2_"/>
    <testcase time="0.120000000000005" classname="table_vst02" name="2._Vital_Sign_Abnormalities_Among_Subject_Without_Abnormality_at_Baseline_VST02_2_">
      <skipped message="Reason: On CRAN ('test-table_vst02.R:33:3')"/>
    </testcase>
  </testsuite>
</testsuites>
