<?xml version="1.0" encoding="UTF-8"?>
<testsuites>
  <testsuite name="listing_adal02" timestamp="2024-11-01T09:03:27Z" hostname="f779f5a7cb31" tests="1" skipped="0" failures="0" errors="0" time="0.26">
    <testcase time="0.26" classname="listing_adal02" name="ADAL02_listing_is_produced_correctly"/>
  </testsuite>
  <testsuite name="listing_ael01" timestamp="2024-11-01T09:03:27Z" hostname="f779f5a7cb31" tests="1" skipped="0" failures="0" errors="0" time="0.198">
    <testcase time="0.198" classname="listing_ael01" name="AEL01_listing_is_produced_correctly"/>
  </testsuite>
  <testsuite name="listing_ael01_nollt" timestamp="2024-11-01T09:03:27Z" hostname="f779f5a7cb31" tests="1" skipped="0" failures="0" errors="0" time="0.074">
    <testcase time="0.0739999999999998" classname="listing_ael01_nollt" name="AEL01_NOLLT_listing_is_produced_correctly"/>
  </testsuite>
  <testsuite name="listing_ael02" timestamp="2024-11-01T09:03:27Z" hostname="f779f5a7cb31" tests="1" skipped="0" failures="0" errors="0" time="0.291">
    <testcase time="0.290999999999999" classname="listing_ael02" name="AEL02_listing_is_produced_correctly"/>
  </testsuite>
  <testsuite name="listing_ael02_ed" timestamp="2024-11-01T09:03:28Z" hostname="f779f5a7cb31" tests="1" skipped="0" failures="0" errors="0" time="0.333">
    <testcase time="0.333" classname="listing_ael02_ed" name="AEL02_ED_listing_is_produced_correctly"/>
  </testsuite>
  <testsuite name="listing_ael03" timestamp="2024-11-01T09:03:28Z" hostname="f779f5a7cb31" tests="1" skipped="0" failures="0" errors="0" time="0.276">
    <testcase time="0.276000000000001" classname="listing_ael03" name="AEL03_listing_is_produced_correctly"/>
  </testsuite>
  <testsuite name="listing_ael04" timestamp="2024-11-01T09:03:28Z" hostname="f779f5a7cb31" tests="1" skipped="0" failures="0" errors="0" time="0.205">
    <testcase time="0.204999999999999" classname="listing_ael04" name="AEL04_listing_is_produced_correctly"/>
  </testsuite>
  <testsuite name="listing_cml01" timestamp="2024-11-01T09:03:29Z" hostname="f779f5a7cb31" tests="1" skipped="0" failures="0" errors="0" time="0.3">
    <testcase time="0.300000000000001" classname="listing_cml01" name="CML01_listing_is_produced_correctly"/>
  </testsuite>
  <testsuite name="listing_cml02a_gl" timestamp="2024-11-01T09:03:29Z" hostname="f779f5a7cb31" tests="1" skipped="0" failures="0" errors="0" time="0.074">
    <testcase time="0.0739999999999998" classname="listing_cml02a_gl" name="CML02A_GL_listing_is_produced_correctly"/>
  </testsuite>
  <testsuite name="listing_cml02b_gl" timestamp="2024-11-01T09:03:29Z" hostname="f779f5a7cb31" tests="1" skipped="0" failures="0" errors="0" time="0.096">
    <testcase time="0.0960000000000001" classname="listing_cml02b_gl" name="CML02B_GL_listing_is_produced_correctly"/>
  </testsuite>
  <testsuite name="listing_dsl01" timestamp="2024-11-01T09:03:29Z" hostname="f779f5a7cb31" tests="1" skipped="0" failures="0" errors="0" time="0.163">
    <testcase time="0.162999999999999" classname="listing_dsl01" name="DSL01_listing_is_produced_correctly"/>
  </testsuite>
  <testsuite name="listing_dsl02" timestamp="2024-11-01T09:03:29Z" hostname="f779f5a7cb31" tests="1" skipped="0" failures="0" errors="0" time="0.074">
    <testcase time="0.0739999999999998" classname="listing_dsl02" name="DSL02_listing_is_produced_correctly"/>
  </testsuite>
  <testsuite name="listing_dsur4" timestamp="2024-11-01T09:03:29Z" hostname="f779f5a7cb31" tests="1" skipped="0" failures="0" errors="0" time="0.111">
    <testcase time="0.111000000000001" classname="listing_dsur4" name="DSUR4_listing_is_produced_correctly"/>
  </testsuite>
  <testsuite name="listing_egl01" timestamp="2024-11-01T09:03:29Z" hostname="f779f5a7cb31" tests="1" skipped="0" failures="0" errors="0" time="0.475">
    <testcase time="0.475" classname="listing_egl01" name="EGL01_listing_is_produced_correctly"/>
  </testsuite>
  <testsuite name="listing_exl01" timestamp="2024-11-01T09:03:30Z" hostname="f779f5a7cb31" tests="1" skipped="0" failures="0" errors="0" time="0.226">
    <testcase time="0.226000000000001" classname="listing_exl01" name="EXL01_listing_is_produced_correctly"/>
  </testsuite>
  <testsuite name="listing_lbl01" timestamp="2024-11-01T09:03:30Z" hostname="f779f5a7cb31" tests="1" skipped="0" failures="0" errors="0" time="0.526">
    <testcase time="0.526" classname="listing_lbl01" name="LBL01_listing_is_produced_correctly"/>
  </testsuite>
  <testsuite name="listing_lbl01_rls" timestamp="2024-11-01T09:03:31Z" hostname="f779f5a7cb31" tests="1" skipped="0" failures="0" errors="0" time="0.51">
    <testcase time="0.51" classname="listing_lbl01_rls" name="LBL01_RLS_listing_is_produced_correctly"/>
  </testsuite>
  <testsuite name="listing_lbl02a" timestamp="2024-11-01T09:03:31Z" hostname="f779f5a7cb31" tests="1" skipped="0" failures="0" errors="0" time="0.249">
    <testcase time="0.249000000000001" classname="listing_lbl02a" name="LBL02A_listing_is_produced_correctly"/>
  </testsuite>
  <testsuite name="listing_lbl02a_rls" timestamp="2024-11-01T09:03:31Z" hostname="f779f5a7cb31" tests="1" skipped="0" failures="1" errors="0" time="0.893">
    <testcase time="0.892999999999999" classname="listing_lbl02a_rls" name="LBL02A_RLS_listing_is_produced_correctly">
      <failure type="failure" message="Snapshot of code has changed: ('test-listing_lbl02a_rls.R:79:3')">Snapshot of code has changed:
old[9:15] vs new[9:15]
                                                                     Study   Last Dose of              from       Reference     Reference     Change     Abnormality
    Treatment          Lab Test (Unit)           Center/Patient ID    Day     Study Drug    Result   Baseline       Range         Range     Dec./Inc.       Flag    
    ————————————————————————————————————————————————————————————————————————————————————————————————————————————————————————————————————————————————————————————————
-    Placebo    Alanine Aminotransferase (U/L)       701/1015         -7          0          27.0        0.0     10.0 -  29.0    6 - 34     40% / 40%               
+    Placebo    Alanine Aminotransferase (U/L)       701/1015         -7          0          27.0         NA     10.0 -  29.0    6 - 34     40% / 40%               
                                                                      15          22         41.0       51.9     10.0 -  29.0    6 - 34     40% / 40%        HH     
                                                                      29          14         18.0      -33.3     10.0 -  29.0    6 - 34     40% / 40%               
                                                                      42          13         26.0       -3.7     10.0 -  29.0    6 - 34     40% / 40%               

old[19:32] vs new[19:32]
                                                                      140         14         21.0      -22.2     10.0 -  29.0    6 - 34     40% / 40%               
                                                                      168         28         23.0      -14.8     10.0 -  29.0    6 - 34     40% / 40%               
                                                                      182         14         23.0      -14.8     10.0 -  29.0    6 - 34     40% / 40%               
-                                                    701/1023         -14         0          23.0        0.0     10.0 -  29.0    6 - 43     40% / 40%               
+                                                    701/1023         -14         0          23.0         NA     10.0 -  29.0    6 - 43     40% / 40%               
                                                                      23          37         30.0       30.4     10.0 -  29.0    6 - 43     40% / 40%               
                                                                      29          6          38.0       65.2     10.0 -  29.0    6 - 43     40% / 40%               
-                                                    701/1047         -21         0          22.0        0.0     10.0 -  29.0    6 - 32     40% / 40%               
+                                                    701/1047         -21         0          22.0         NA     10.0 -  29.0    6 - 32     40% / 40%               
                                                                      14          35         16.0      -27.3     10.0 -  29.0    6 - 32     40% / 40%               
                                                                      27          13         20.0       -9.1     10.0 -  29.0    6 - 32     40% / 40%               
                                                                      55          28         17.0      -22.7     10.0 -  29.0    6 - 32     40% / 40%               
-                                                    701/1118         -13         0          15.0        0.0     10.0 -  29.0    6 - 43     40% / 40%               
+                                                    701/1118         -13         0          15.0         NA     10.0 -  29.0    6 - 43     40% / 40%               
                                                                      15          28          7.0      -53.3     10.0 -  29.0    6 - 43     40% / 40%               
                                                                      29          14         15.0        0.0     10.0 -  29.0    6 - 43     40% / 40%               
                                                                      43          14         11.0      -26.7     10.0 -  29.0    6 - 43     40% / 40%               

old[36:42] vs new[36:42]
                                                                      141         28         13.0      -13.3     10.0 -  29.0    6 - 43     40% / 40%               
                                                                      169         28         13.0      -13.3     10.0 -  29.0    6 - 43     40% / 40%               
                                                                      182         13         10.0      -33.3     10.0 -  29.0    6 - 43     40% / 40%               
-                                                    701/1130         -6          0          15.0        0.0     10.0 -  29.0    6 - 35     40% / 40%               
+                                                    701/1130         -6          0          15.0         NA     10.0 -  29.0    6 - 35     40% / 40%               
                                                                      15          21         14.0       -6.7     10.0 -  29.0    6 - 35     40% / 40%               
                                                                      29          14         18.0       20.0     10.0 -  29.0    6 - 35     40% / 40%               
                                                                      43          14         13.0      -13.3     10.0 -  29.0    6 - 35     40% / 40%               

old[46:52] vs new[46:52]
                                                                      138         25         11.0      -26.7     10.0 -  29.0    6 - 35     40% / 40%               
                                                                      169         31         13.0      -13.3     10.0 -  29.0    6 - 35     40% / 40%               
                                                                      183         14         10.0      -33.3     10.0 -  29.0    6 - 35     40% / 40%               
-                                                    701/1153         -17         0          13.0        0.0     10.0 -  29.0    6 - 32     40% / 40%               
+                                                    701/1153         -17         0          13.0         NA     10.0 -  29.0    6 - 32     40% / 40%               
                                                                      16          33         14.0        7.7     10.0 -  29.0    6 - 32     40% / 40%               
                                                                      27          11         14.0        7.7     10.0 -  29.0    6 - 32     40% / 40%               
                                                                      43          16         14.0        7.7     10.0 -  29.0    6 - 32     40% / 40%               

old[56:62] vs new[56:62]
                                                                      142         34         14.0        7.7     10.0 -  29.0    6 - 32     40% / 40%               
                                                                      170         28         13.0        0.0     10.0 -  29.0    6 - 32     40% / 40%               
                                                                      191         21         14.0        7.7     10.0 -  29.0    6 - 32     40% / 40%               
-                                                    701/1203         -8          0          13.0        0.0     10.0 -  29.0    6 - 32     40% / 40%               
+                                                    701/1203         -8          0          13.0         NA     10.0 -  29.0    6 - 32     40% / 40%               
                                                                      22          30         14.0        7.7     10.0 -  29.0    6 - 32     40% / 40%               
                                                                      29          7          10.0      -23.1     10.0 -  29.0    6 - 32     40% / 40%               
    ————————————————————————————————————————————————————————————————————————————————————————————————————————————————————————————————————————————————————————————————

* Run `testthat::snapshot_accept('listing_lbl02a_rls')` to accept the change.
* Run `testthat::snapshot_review('listing_lbl02a_rls')` to interactively review the change.</failure>
    </testcase>
  </testsuite>
  <testsuite name="listing_lbl02b" timestamp="2024-11-01T09:03:32Z" hostname="f779f5a7cb31" tests="1" skipped="0" failures="0" errors="0" time="0.289">
    <testcase time="0.289" classname="listing_lbl02b" name="LBL02B_listing_is_produced_correctly"/>
  </testsuite>
  <testsuite name="listing_mhl01" timestamp="2024-11-01T09:03:33Z" hostname="f779f5a7cb31" tests="1" skipped="0" failures="0" errors="0" time="0.253">
    <testcase time="0.253" classname="listing_mhl01" name="MHL01_listing_is_produced_correctly"/>
  </testsuite>
  <testsuite name="listing_oncl01" timestamp="2024-11-01T09:03:33Z" hostname="f779f5a7cb31" tests="1" skipped="0" failures="0" errors="0" time="0.243">
    <testcase time="0.243" classname="listing_oncl01" name="ONCL01_listing_is_produced_correctly"/>
  </testsuite>
  <testsuite name="listing_pkcl01" timestamp="2024-11-01T09:03:33Z" hostname="f779f5a7cb31" tests="1" skipped="0" failures="0" errors="0" time="0.178">
    <testcase time="0.178000000000001" classname="listing_pkcl01" name="PKCL01_listing_is_produced_correctly"/>
  </testsuite>
  <testsuite name="listing_pkcl02" timestamp="2024-11-01T09:03:33Z" hostname="f779f5a7cb31" tests="1" skipped="0" failures="0" errors="0" time="0.209">
    <testcase time="0.209" classname="listing_pkcl02" name="PKCL02_listing_is_produced_correctly"/>
  </testsuite>
  <testsuite name="listing_pkpl01" timestamp="2024-11-01T09:03:33Z" hostname="f779f5a7cb31" tests="1" skipped="0" failures="0" errors="0" time="0.236">
    <testcase time="0.236000000000001" classname="listing_pkpl01" name="PKPL01_listing_is_produced_correctly"/>
  </testsuite>
  <testsuite name="listing_pkpl02" timestamp="2024-11-01T09:03:34Z" hostname="f779f5a7cb31" tests="1" skipped="0" failures="0" errors="0" time="0.151">
    <testcase time="0.151" classname="listing_pkpl02" name="PKPL02_listing_is_produced_correctly"/>
  </testsuite>
  <testsuite name="listing_pkpl04" timestamp="2024-11-01T09:03:34Z" hostname="f779f5a7cb31" tests="1" skipped="0" failures="0" errors="0" time="0.204">
    <testcase time="0.203999999999999" classname="listing_pkpl04" name="PKPL04_listing_is_produced_correctly"/>
  </testsuite>
  <testsuite name="listing_vsl01" timestamp="2024-11-01T09:03:34Z" hostname="f779f5a7cb31" tests="1" skipped="0" failures="0" errors="0" time="0.439">
    <testcase time="0.439" classname="listing_vsl01" name="VSL01_listing_is_produced_correctly"/>
  </testsuite>
  <testsuite name="pagination_listing" timestamp="2024-11-01T09:03:34Z" hostname="f779f5a7cb31" tests="13" skipped="0" failures="0" errors="0" time="5.728">
    <testcase time="0.0389999999999997" classname="pagination_listing" name="Direct_pagination_works_fine"/>
    <testcase time="0.950000000000001" classname="pagination_listing" name="Direct_pagination_works_fine"/>
    <testcase time="0.00300000000000011" classname="pagination_listing" name="Direct_pagination_works_fine"/>
    <testcase time="0.871" classname="pagination_listing" name="Direct_pagination_works_fine"/>
    <testcase time="1.214" classname="pagination_listing" name="Direct_pagination_works_fine"/>
    <testcase time="1.297" classname="pagination_listing" name="pagination_counts_the_right_number_of_lines_when_wrapping_on_keycols_is_present"/>
    <testcase time="0.00600000000000023" classname="pagination_listing" name="pagination_counts_the_right_number_of_lines_when_wrapping_on_keycols_is_present"/>
    <testcase time="0.00600000000000023" classname="pagination_listing" name="pagination_counts_the_right_number_of_lines_when_wrapping_on_keycols_is_present"/>
    <testcase time="0.00300000000000011" classname="pagination_listing" name="pagination_counts_the_right_number_of_lines_when_wrapping_on_keycols_is_present"/>
    <testcase time="1.317" classname="pagination_listing" name="pagination_counts_the_right_number_of_lines_when_wrapping_on_keycols_is_present"/>
    <testcase time="0.00600000000000023" classname="pagination_listing" name="pagination_counts_the_right_number_of_lines_when_wrapping_on_keycols_is_present"/>
    <testcase time="0.0109999999999992" classname="pagination_listing" name="pagination_counts_the_right_number_of_lines_when_wrapping_on_keycols_is_present"/>
    <testcase time="0.00499999999999901" classname="pagination_listing" name="pagination_counts_the_right_number_of_lines_when_wrapping_on_keycols_is_present"/>
  </testsuite>
  <testsuite name="pagination_table" timestamp="2024-11-01T09:03:41Z" hostname="f779f5a7cb31" tests="30" skipped="0" failures="0" errors="0" time="14.347">
    <testcase time="1.869" classname="pagination_table" name="Direct_pagination_with_standard_values"/>
    <testcase time="0.00400000000000134" classname="pagination_table" name="Direct_pagination_with_standard_values"/>
    <testcase time="0.00300000000000011" classname="pagination_table" name="Direct_pagination_with_standard_values"/>
    <testcase time="1.303" classname="pagination_table" name="Pagination_with_specific_column_widths_and_minimum_lines_per_page"/>
    <testcase time="0.00300000000000011" classname="pagination_table" name="Pagination_with_specific_column_widths_and_minimum_lines_per_page"/>
    <testcase time="0.132999999999999" classname="pagination_table" name="Pagination_with_specific_column_widths_and_minimum_lines_per_page"/>
    <testcase time="1.022" classname="pagination_table" name="Pagination_works_also_if_table_is_decorated"/>
    <testcase time="0.732000000000003" classname="pagination_table" name="Pagination_works_also_if_table_is_decorated"/>
    <testcase time="0.785999999999998" classname="pagination_table" name="Pagination_works_also_if_table_is_decorated"/>
    <testcase time="0.640000000000001" classname="pagination_table" name="Pagination_works_also_if_table_is_decorated"/>
    <testcase time="1.313" classname="pagination_table" name="Pagination_works_also_if_table_is_decorated"/>
    <testcase time="0.311" classname="pagination_table" name="Pagination_works_also_if_table_is_decorated"/>
    <testcase time="0.00400000000000134" classname="pagination_table" name="Pagination_works_also_if_table_is_decorated"/>
    <testcase time="0.0219999999999985" classname="pagination_table" name="Pagination_works_also_if_table_is_decorated"/>
    <testcase time="0.145000000000003" classname="pagination_table" name="Pagination_works_also_if_table_is_decorated"/>
    <testcase time="0.0889999999999986" classname="pagination_table" name="Pagination_works_also_if_table_is_decorated"/>
    <testcase time="0.698999999999998" classname="pagination_table" name="Pagination_works_for_page_types"/>
    <testcase time="0.0770000000000017" classname="pagination_table" name="Pagination_works_for_page_types"/>
    <testcase time="0.696999999999999" classname="pagination_table" name="Pagination_works_for_page_types"/>
    <testcase time="0.0760000000000005" classname="pagination_table" name="Pagination_works_for_page_types"/>
    <testcase time="0.655000000000001" classname="pagination_table" name="Pagination_works_for_page_types"/>
    <testcase time="0.398" classname="pagination_table" name="Pagination_works_for_page_types"/>
    <testcase time="0.698" classname="pagination_table" name="Pagination_works_for_page_width_and_height"/>
    <testcase time="0.131" classname="pagination_table" name="Pagination_works_for_page_width_and_height"/>
    <testcase time="0.773999999999997" classname="pagination_table" name="Pagination_works_for_page_types"/>
    <testcase time="0.168000000000003" classname="pagination_table" name="Pagination_works_for_page_types"/>
    <testcase time="0.826999999999998" classname="pagination_table" name="AET04_variant_2_page_by_pagination_tests"/>
    <testcase time="0.613999999999997" classname="pagination_table" name="AET04_variant_2_page_by_pagination_tests"/>
    <testcase time="0.00300000000000011" classname="pagination_table" name="AET04_variant_2_page_by_pagination_tests"/>
    <testcase time="0.151000000000003" classname="pagination_table" name="AET04_variant_2_page_by_pagination_tests"/>
  </testsuite>
  <testsuite name="table_adat03" timestamp="2024-11-01T09:03:55Z" hostname="f779f5a7cb31" tests="2" skipped="0" failures="0" errors="0" time="0.537">
    <testcase time="0.402000000000001" classname="table_adat03" name="ADAT03_is_produced_correctly"/>
    <testcase time="0.134999999999998" classname="table_adat03" name="ADAT03_is_produced_correctly"/>
  </testsuite>
  <testsuite name="table_aet01" timestamp="2024-11-01T09:03:55Z" hostname="f779f5a7cb31" tests="8" skipped="0" failures="0" errors="0" time="1.808">
    <testcase time="0.375" classname="table_aet01" name="Safety_Summary_Variant_1_works_as_expected"/>
    <testcase time="0.113" classname="table_aet01" name="Safety_Summary_Variant_1_works_as_expected"/>
    <testcase time="0.341999999999999" classname="table_aet01" name="Safety_Summary_Variant_2_with_Medical_Concepts_Section_works_as_expected"/>
    <testcase time="0.126000000000005" classname="table_aet01" name="Safety_Summary_Variant_2_with_Medical_Concepts_Section_works_as_expected"/>
    <testcase time="0.263999999999996" classname="table_aet01" name="Safety_Summary_Variant_3_with_Modified_Rows_works_as_expected"/>
    <testcase time="0.0889999999999986" classname="table_aet01" name="Safety_Summary_Variant_3_with_Modified_Rows_works_as_expected"/>
    <testcase time="0.368000000000002" classname="table_aet01" name="Safety_Summary_Variant_4_with_Rows_Counting_Events_and_Additional_Sections_works_as_expected"/>
    <testcase time="0.131" classname="table_aet01" name="Safety_Summary_Variant_4_with_Rows_Counting_Events_and_Additional_Sections_works_as_expected"/>
  </testsuite>
  <testsuite name="table_aet01_aesi" timestamp="2024-11-01T09:03:57Z" hostname="f779f5a7cb31" tests="8" skipped="0" failures="0" errors="0" time="2.71">
    <testcase time="0.271999999999998" classname="table_aet01_aesi" name="AET01_AESI_Variant_1_works_as_expected"/>
    <testcase time="0.109000000000002" classname="table_aet01_aesi" name="AET01_AESI_Variant_1_works_as_expected"/>
    <testcase time="0.475999999999999" classname="table_aet01_aesi" name="AET01_AESI_Variant_2_works_as_expected"/>
    <testcase time="0.154000000000003" classname="table_aet01_aesi" name="AET01_AESI_Variant_2_works_as_expected"/>
    <testcase time="0.661000000000001" classname="table_aet01_aesi" name="AET01_AESI_Variant_3_works_as_expected"/>
    <testcase time="0.231999999999999" classname="table_aet01_aesi" name="AET01_AESI_Variant_3_works_as_expected"/>
    <testcase time="0.573999999999998" classname="table_aet01_aesi" name="AET01_AESI_Variant_4_works_as_expected"/>
    <testcase time="0.231999999999999" classname="table_aet01_aesi" name="AET01_AESI_Variant_4_works_as_expected"/>
  </testsuite>
  <testsuite name="table_aet02" timestamp="2024-11-01T09:04:00Z" hostname="f779f5a7cb31" tests="26" skipped="0" failures="0" errors="0" time="8.168">
    <testcase time="0.555" classname="table_aet02" name="AET02_variant_1_is_produced_correctly"/>
    <testcase time="0.198999999999998" classname="table_aet02" name="AET02_variant_1_is_produced_correctly"/>
    <testcase time="0.434000000000005" classname="table_aet02" name="AET02_variant_1_is_produced_correctly"/>
    <testcase time="0.102999999999994" classname="table_aet02" name="AET02_variant_1_is_produced_correctly"/>
    <testcase time="0.845000000000006" classname="table_aet02" name="AET02_variant_2_is_produced_correctly"/>
    <testcase time="0.175999999999995" classname="table_aet02" name="AET02_variant_2_is_produced_correctly"/>
    <testcase time="0.875" classname="table_aet02" name="AET02_variant_3_is_produced_correctly"/>
    <testcase time="0.281000000000006" classname="table_aet02" name="AET02_variant_3_is_produced_correctly"/>
    <testcase time="0.116999999999997" classname="table_aet02" name="AET02_variant_4_is_produced_correctly"/>
    <testcase time="0.100000000000001" classname="table_aet02" name="AET02_variant_4_is_produced_correctly"/>
    <testcase time="0.384" classname="table_aet02" name="AET02_variant_5_is_produced_correctly"/>
    <testcase time="0.158999999999999" classname="table_aet02" name="AET02_variant_5_is_produced_correctly"/>
    <testcase time="0.387999999999998" classname="table_aet02" name="AET02_variant_6_is_produced_correctly"/>
    <testcase time="0.109000000000002" classname="table_aet02" name="AET02_variant_6_is_produced_correctly"/>
    <testcase time="0.887999999999998" classname="table_aet02" name="AET02_variant_7_is_produced_correctly"/>
    <testcase time="0.151000000000003" classname="table_aet02" name="AET02_variant_7_is_produced_correctly"/>
    <testcase time="0.389000000000003" classname="table_aet02" name="AET02_variant_8_is_produced_correctly"/>
    <testcase time="0.0730000000000004" classname="table_aet02" name="AET02_variant_8_is_produced_correctly"/>
    <testcase time="0.392999999999994" classname="table_aet02" name="AET02_variant_9_is_produced_correctly"/>
    <testcase time="0.101000000000006" classname="table_aet02" name="AET02_variant_9_is_produced_correctly"/>
    <testcase time="0.406999999999996" classname="table_aet02" name="AET02_variant_10_is_produced_correctly"/>
    <testcase time="0.0859999999999985" classname="table_aet02" name="AET02_variant_10_is_produced_correctly"/>
    <testcase time="0.396999999999998" classname="table_aet02" name="AET02_variant_11_is_produced_correctly"/>
    <testcase time="0.078000000000003" classname="table_aet02" name="AET02_variant_11_is_produced_correctly"/>
    <testcase time="0.390999999999998" classname="table_aet02" name="AET02_variant_12_is_produced_correctly"/>
    <testcase time="0.0889999999999986" classname="table_aet02" name="AET02_variant_12_is_produced_correctly"/>
  </testsuite>
  <testsuite name="table_aet02_smq" timestamp="2024-11-01T09:04:08Z" hostname="f779f5a7cb31" tests="4" skipped="0" failures="0" errors="0" time="0.428">
    <testcase time="0.118000000000002" classname="table_aet02_smq" name="AET02SMQ_variant_1_is_produced_correctly"/>
    <testcase time="0.0679999999999978" classname="table_aet02_smq" name="AET02SMQ_variant_1_is_produced_correctly"/>
    <testcase time="0.151000000000003" classname="table_aet02_smq" name="AET02SMQ_variant_2_is_produced_correctly"/>
    <testcase time="0.0910000000000011" classname="table_aet02_smq" name="AET02SMQ_variant_2_is_produced_correctly"/>
  </testsuite>
  <testsuite name="table_aet03" timestamp="2024-11-01T09:04:08Z" hostname="f779f5a7cb31" tests="6" skipped="0" failures="0" errors="0" time="4.863">
    <testcase time="1.112" classname="table_aet03" name="AET03_variant_1_is_produced_correctly"/>
    <testcase time="0.423999999999999" classname="table_aet03" name="AET03_variant_1_is_produced_correctly"/>
    <testcase time="1.364" classname="table_aet03" name="AET03_variant_1_is_produced_correctly"/>
    <testcase time="0.676000000000002" classname="table_aet03" name="AET03_variant_1_is_produced_correctly"/>
    <testcase time="1.067" classname="table_aet03" name="AET03_variant_1_is_produced_correctly"/>
    <testcase time="0.219999999999999" classname="table_aet03" name="AET03_variant_1_is_produced_correctly"/>
  </testsuite>
  <testsuite name="table_aet04" timestamp="2024-11-01T09:04:14Z" hostname="f779f5a7cb31" tests="30" skipped="0" failures="0" errors="0" time="12.34">
    <testcase time="0.756" classname="table_aet04" name="AET04_variant_1_is_produced_correctly"/>
    <testcase time="0.314" classname="table_aet04" name="AET04_variant_1_is_produced_correctly"/>
    <testcase time="0.778999999999996" classname="table_aet04" name="AET04_variant_1_is_produced_correctly"/>
    <testcase time="0.0549999999999997" classname="table_aet04" name="AET04_variant_1_is_produced_correctly"/>
    <testcase time="0.0380000000000038" classname="table_aet04" name="AET04_variant_1_is_produced_correctly"/>
    <testcase time="0.682000000000002" classname="table_aet04" name="AET04_variant_2_is_produced_correctly_Fill_in_of_Treatment_Groups_"/>
    <testcase time="0.295999999999999" classname="table_aet04" name="AET04_variant_2_is_produced_correctly_Fill_in_of_Treatment_Groups_"/>
    <testcase time="0.710999999999999" classname="table_aet04" name="AET04_variant_2_is_produced_correctly_Fill_in_of_Treatment_Groups_"/>
    <testcase time="0.0480000000000018" classname="table_aet04" name="AET04_variant_2_is_produced_correctly_Fill_in_of_Treatment_Groups_"/>
    <testcase time="0.0419999999999945" classname="table_aet04" name="AET04_variant_2_is_produced_correctly_Fill_in_of_Treatment_Groups_"/>
    <testcase time="0.908000000000001" classname="table_aet04" name="AET04_variant_3_is_produced_correctly_Fill_in_of_Grades_"/>
    <testcase time="0.314" classname="table_aet04" name="AET04_variant_3_is_produced_correctly_Fill_in_of_Grades_"/>
    <testcase time="0.733000000000004" classname="table_aet04" name="AET04_variant_3_is_produced_correctly_Fill_in_of_Grades_"/>
    <testcase time="0.0409999999999968" classname="table_aet04" name="AET04_variant_3_is_produced_correctly_Fill_in_of_Grades_"/>
    <testcase time="0.0399999999999991" classname="table_aet04" name="AET04_variant_3_is_produced_correctly_Fill_in_of_Grades_"/>
    <testcase time="0.655999999999999" classname="table_aet04" name="AET04_variant_4_is_produced_correctly_Collapsing_of_Grades_grades_1_2_grades_3_4_5_"/>
    <testcase time="0.305" classname="table_aet04" name="AET04_variant_4_is_produced_correctly_Collapsing_of_Grades_grades_1_2_grades_3_4_5_"/>
    <testcase time="0.726000000000006" classname="table_aet04" name="AET04_variant_4_is_produced_correctly_Collapsing_of_Grades_grades_1_2_grades_3_4_5_"/>
    <testcase time="0.699999999999996" classname="table_aet04" name="AET04_variant_6_is_produced_correctly_with_an_Incidence_Rate_of_at_Least_5_totals_restricted_"/>
    <testcase time="0.298999999999999" classname="table_aet04" name="AET04_variant_6_is_produced_correctly_with_an_Incidence_Rate_of_at_Least_5_totals_restricted_"/>
    <testcase time="0.731999999999999" classname="table_aet04" name="AET04_variant_6_is_produced_correctly_with_an_Incidence_Rate_of_at_Least_5_totals_restricted_"/>
    <testcase time="0.0100000000000051" classname="table_aet04" name="AET04_variant_8_is_produced_correctly_with_an_Incidence_Rate_of_at_Least_X_Patients_"/>
    <testcase time="0.298999999999999" classname="table_aet04" name="AET04_variant_8_is_produced_correctly_with_an_Incidence_Rate_of_at_Least_X_Patients_"/>
    <testcase time="0.743000000000002" classname="table_aet04" name="AET04_variant_8_is_produced_correctly_with_an_Incidence_Rate_of_at_Least_X_Patients_"/>
    <testcase time="0.00999999999999801" classname="table_aet04" name="AET04_variant_9_is_produced_correctly_with_a_Difference_in_Incidence_Rate_of_at_Least_X_"/>
    <testcase time="0.314" classname="table_aet04" name="AET04_variant_9_is_produced_correctly_with_a_Difference_in_Incidence_Rate_of_at_Least_X_"/>
    <testcase time="0.734000000000002" classname="table_aet04" name="AET04_variant_9_is_produced_correctly_with_a_Difference_in_Incidence_Rate_of_at_Least_X_"/>
    <testcase time="0.00999999999999801" classname="table_aet04" name="AET04_variant_11_is_produced_correctly_with_Incidence_Rate_of_at_Least_X_all_SOCs_w_o_preferred_terms_removed_"/>
    <testcase time="0.302" classname="table_aet04" name="AET04_variant_11_is_produced_correctly_with_Incidence_Rate_of_at_Least_X_all_SOCs_w_o_preferred_terms_removed_"/>
    <testcase time="0.743000000000002" classname="table_aet04" name="AET04_variant_11_is_produced_correctly_with_Incidence_Rate_of_at_Least_X_all_SOCs_w_o_preferred_terms_removed_"/>
  </testsuite>
  <testsuite name="table_aet04_pi" timestamp="2024-11-01T09:04:25Z" hostname="f779f5a7cb31" tests="18" skipped="0" failures="0" errors="0" time="6.518">
    <testcase time="0.560999999999993" classname="table_aet04_pi" name="AET04_PI_full_table_is_produced_correctly"/>
    <testcase time="0.222999999999999" classname="table_aet04_pi" name="AET04_PI_full_table_is_produced_correctly"/>
    <testcase time="0.604000000000013" classname="table_aet04_pi" name="AET04_PI_variant_1_is_produced_correctly"/>
    <testcase time="0.168999999999997" classname="table_aet04_pi" name="AET04_PI_variant_1_is_produced_correctly"/>
    <testcase time="0.590999999999994" classname="table_aet04_pi" name="AET04_PI_variant_2_is_produced_correctly"/>
    <testcase time="0.113" classname="table_aet04_pi" name="AET04_PI_variant_2_is_produced_correctly"/>
    <testcase time="0.609000000000009" classname="table_aet04_pi" name="AET04_PI_variant_3_is_produced_correctly"/>
    <testcase time="0.143999999999991" classname="table_aet04_pi" name="AET04_PI_variant_3_is_produced_correctly"/>
    <testcase time="0.584000000000003" classname="table_aet04_pi" name="AET04_PI_variant_4_is_produced_correctly"/>
    <testcase time="0.106999999999999" classname="table_aet04_pi" name="AET04_PI_variant_4_is_produced_correctly"/>
    <testcase time="0.594999999999999" classname="table_aet04_pi" name="AET04_PI_variant_5_is_produced_correctly"/>
    <testcase time="0.159000000000006" classname="table_aet04_pi" name="AET04_PI_variant_5_is_produced_correctly"/>
    <testcase time="0.724999999999994" classname="table_aet04_pi" name="AET04_PI_variant_6_is_produced_correctly"/>
    <testcase time="0.152000000000001" classname="table_aet04_pi" name="AET04_PI_variant_6_is_produced_correctly"/>
    <testcase time="0.718000000000004" classname="table_aet04_pi" name="AET04_PI_variant_7_is_produced_correctly"/>
    <testcase time="0.161999999999992" classname="table_aet04_pi" name="AET04_PI_variant_7_is_produced_correctly"/>
    <testcase time="0.166000000000011" classname="table_aet04_pi" name="AET04_PI_variant_8_is_produced_correctly"/>
    <testcase time="0.135999999999996" classname="table_aet04_pi" name="AET04_PI_variant_8_is_produced_correctly"/>
  </testsuite>
  <testsuite name="table_aet05" timestamp="2024-11-01T09:04:32Z" hostname="f779f5a7cb31" tests="4" skipped="0" failures="0" errors="0" time="0.273">
    <testcase time="0.0829999999999984" classname="table_aet05" name="AET05_variant_1_is_produced_correctly"/>
    <testcase time="0.0690000000000026" classname="table_aet05" name="AET05_variant_1_is_produced_correctly"/>
    <testcase time="0.0600000000000023" classname="table_aet05" name="AET05_variant_2_is_produced_correctly"/>
    <testcase time="0.0609999999999928" classname="table_aet05" name="AET05_variant_2_is_produced_correctly"/>
  </testsuite>
  <testsuite name="table_aet05_all" timestamp="2024-11-01T09:04:32Z" hostname="f779f5a7cb31" tests="4" skipped="0" failures="0" errors="0" time="0.296">
    <testcase time="0.106999999999999" classname="table_aet05_all" name="AET05_ALL_variant_1_is_produced_correctly"/>
    <testcase time="0.070999999999998" classname="table_aet05_all" name="AET05_ALL_variant_1_is_produced_correctly"/>
    <testcase time="0.0570000000000022" classname="table_aet05_all" name="AET05_ALL_variant_2_is_produced_correctly"/>
    <testcase time="0.061000000000007" classname="table_aet05_all" name="AET05_ALL_variant_2_is_produced_correctly"/>
  </testsuite>
  <testsuite name="table_aet06" timestamp="2024-11-01T09:04:33Z" hostname="f779f5a7cb31" tests="6" skipped="0" failures="0" errors="0" time="3.768">
    <testcase time="0.577999999999989" classname="table_aet06" name="AET06_variant_1_is_produced_correctly"/>
    <testcase time="0.236000000000004" classname="table_aet06" name="AET06_variant_1_is_produced_correctly"/>
    <testcase time="0.977000000000004" classname="table_aet06" name="AET06_variant_3_is_produced_correctly"/>
    <testcase time="0.340000000000003" classname="table_aet06" name="AET06_variant_3_is_produced_correctly"/>
    <testcase time="1.23899999999999" classname="table_aet06" name="AET06_variant_5_is_produced_correctly"/>
    <testcase time="0.39800000000001" classname="table_aet06" name="AET06_variant_5_is_produced_correctly"/>
  </testsuite>
  <testsuite name="table_aet06_smq" timestamp="2024-11-01T09:04:36Z" hostname="f779f5a7cb31" tests="4" skipped="0" failures="0" errors="0" time="1.017">
    <testcase time="0.353999999999999" classname="table_aet06_smq" name="AET06_SMQ_variant_1_is_produced_correctly"/>
    <testcase time="0.150999999999996" classname="table_aet06_smq" name="AET06_SMQ_variant_1_is_produced_correctly"/>
    <testcase time="0.370000000000005" classname="table_aet06_smq" name="AET06_SMQ_variant_2_is_produced_correctly"/>
    <testcase time="0.141999999999996" classname="table_aet06_smq" name="AET06_SMQ_variant_2_is_produced_correctly"/>
  </testsuite>
  <testsuite name="table_aet07" timestamp="2024-11-01T09:04:37Z" hostname="f779f5a7cb31" tests="4" skipped="0" failures="0" errors="0" time="0.209">
    <testcase time="0.0549999999999926" classname="table_aet07" name="AET07_variant_1_is_produced_correctly"/>
    <testcase time="0.0440000000000111" classname="table_aet07" name="AET07_variant_1_is_produced_correctly"/>
    <testcase time="0.0649999999999977" classname="table_aet07" name="AET07_variant_2_is_produced_correctly"/>
    <testcase time="0.0450000000000017" classname="table_aet07" name="AET07_variant_2_is_produced_correctly"/>
  </testsuite>
  <testsuite name="table_aet09" timestamp="2024-11-01T09:04:38Z" hostname="f779f5a7cb31" tests="4" skipped="0" failures="0" errors="0" time="1.99">
    <testcase time="0.537999999999997" classname="table_aet09" name="AET09_variant_1_is_produced_correctly_AE_related_to_study_drug"/>
    <testcase time="0.188999999999993" classname="table_aet09" name="AET09_variant_1_is_produced_correctly_AE_related_to_study_drug"/>
    <testcase time="0.974000000000004" classname="table_aet09" name="AET09_variant_2_is_produced_correctly_AE_related_to_study_drug_including_high_level_terms_"/>
    <testcase time="0.289000000000001" classname="table_aet09" name="AET09_variant_2_is_produced_correctly_AE_related_to_study_drug_including_high_level_terms_"/>
  </testsuite>
  <testsuite name="table_aet09_smq" timestamp="2024-11-01T09:04:39Z" hostname="f779f5a7cb31" tests="4" skipped="0" failures="0" errors="0" time="0.505">
    <testcase time="0.123000000000005" classname="table_aet09_smq" name="AET09_variant_1_AEs_related_to_study_drug_by_SMQ_is_produced_correctly"/>
    <testcase time="0.0769999999999982" classname="table_aet09_smq" name="AET09_variant_1_AEs_related_to_study_drug_by_SMQ_is_produced_correctly"/>
    <testcase time="0.206999999999994" classname="table_aet09_smq" name="AET09_variant_2_AEs_related_to_study_drug_by_SMQ_with_customized_queries_is_produced_correctly"/>
    <testcase time="0.097999999999999" classname="table_aet09_smq" name="AET09_variant_2_AEs_related_to_study_drug_by_SMQ_with_customized_queries_is_produced_correctly"/>
  </testsuite>
  <testsuite name="table_aet10" timestamp="2024-11-01T09:04:40Z" hostname="f779f5a7cb31" tests="2" skipped="0" failures="0" errors="0" time="0.176">
    <testcase time="0.102000000000004" classname="table_aet10" name="AET10_default_variant_is_produced_correctly"/>
    <testcase time="0.0739999999999981" classname="table_aet10" name="AET10_default_variant_is_produced_correctly"/>
  </testsuite>
  <testsuite name="table_aovt01" timestamp="2024-11-01T09:04:40Z" hostname="f779f5a7cb31" tests="4" skipped="0" failures="0" errors="0" time="1.199">
    <testcase time="0.371000000000009" classname="table_aovt01" name="AOVT01_variant_with_single_endpoint_is_produced_correctly"/>
    <testcase time="0.0859999999999985" classname="table_aovt01" name="AOVT01_variant_with_single_endpoint_is_produced_correctly"/>
    <testcase time="0.585999999999999" classname="table_aovt01" name="AOVT01_variant_with_multiple_endpoints_is_produced_correctly"/>
    <testcase time="0.155999999999992" classname="table_aovt01" name="AOVT01_variant_with_multiple_endpoints_is_produced_correctly"/>
  </testsuite>
  <testsuite name="table_aovt02" timestamp="2024-11-01T09:04:41Z" hostname="f779f5a7cb31" tests="2" skipped="0" failures="0" errors="0" time="0.412">
    <testcase time="0.315000000000012" classname="table_aovt02" name="AOVT02_is_produced_correctly"/>
    <testcase time="0.0969999999999942" classname="table_aovt02" name="AOVT02_is_produced_correctly"/>
  </testsuite>
  <testsuite name="table_aovt03" timestamp="2024-11-01T09:04:42Z" hostname="f779f5a7cb31" tests="2" skipped="0" failures="0" errors="0" time="0.902">
    <testcase time="0.724999999999994" classname="table_aovt03" name="AOVT03_is_produced_correctly"/>
    <testcase time="0.177000000000007" classname="table_aovt03" name="AOVT03_is_produced_correctly"/>
  </testsuite>
  <testsuite name="table_cfbt01" timestamp="2024-11-01T09:04:43Z" hostname="f779f5a7cb31" tests="2" skipped="0" failures="0" errors="0" time="0.637">
    <testcase time="0.421999999999997" classname="table_cfbt01" name="CFBT01_default_variant_is_produced_correctly"/>
    <testcase time="0.215000000000003" classname="table_cfbt01" name="CFBT01_default_variant_is_produced_correctly"/>
  </testsuite>
  <testsuite name="table_cmht01" timestamp="2024-11-01T09:04:43Z" hostname="f779f5a7cb31" tests="4" skipped="0" failures="0" errors="0" time="1.764">
    <testcase time="0.411999999999992" classname="table_cmht01" name="CMHT01_variant_1_is_produced_correctly"/>
    <testcase time="0.0880000000000081" classname="table_cmht01" name="CMHT01_variant_1_is_produced_correctly"/>
    <testcase time="0.992999999999995" classname="table_cmht01" name="CMHT01_variant_2_is_produced_correctly"/>
    <testcase time="0.271000000000001" classname="table_cmht01" name="CMHT01_variant_2_is_produced_correctly"/>
  </testsuite>
  <testsuite name="table_cmt01" timestamp="2024-11-01T09:04:45Z" hostname="f779f5a7cb31" tests="8" skipped="0" failures="0" errors="0" time="1.587">
    <testcase time="0.287000000000006" classname="table_cmt01" name="CMT01_default_variant_Concomitant_medications_is_produced_correctly"/>
    <testcase time="0.137999999999991" classname="table_cmt01" name="CMT01_default_variant_Concomitant_medications_is_produced_correctly"/>
    <testcase time="0.225999999999999" classname="table_cmt01" name="CMT01_variant_1_prior_medications_is_produced_correctly"/>
    <testcase time="0.0980000000000132" classname="table_cmt01" name="CMT01_variant_1_prior_medications_is_produced_correctly"/>
    <testcase time="0.277999999999992" classname="table_cmt01" name="CMT01_variant_3_Concomitant_medications_is_produced_correctly"/>
    <testcase time="0.129000000000005" classname="table_cmt01" name="CMT01_variant_3_Concomitant_medications_is_produced_correctly"/>
    <testcase time="0.292999999999992" classname="table_cmt01" name="CMT01_variant_4_Concomitant_medications_is_produced_correctly"/>
    <testcase time="0.138000000000005" classname="table_cmt01" name="CMT01_variant_4_Concomitant_medications_is_produced_correctly"/>
  </testsuite>
  <testsuite name="table_cmt01a" timestamp="2024-11-01T09:04:47Z" hostname="f779f5a7cb31" tests="8" skipped="0" failures="0" errors="0" time="3.238">
    <testcase time="0.608999999999995" classname="table_cmt01a" name="CMT01A_variant_1_is_produced_correctly"/>
    <testcase time="0.195999999999998" classname="table_cmt01a" name="CMT01A_variant_1_is_produced_correctly"/>
    <testcase time="0.558000000000007" classname="table_cmt01a" name="CMT01A_variant_2_is_produced_correctly"/>
    <testcase time="0.194999999999993" classname="table_cmt01a" name="CMT01A_variant_2_is_produced_correctly"/>
    <testcase time="0.560000000000002" classname="table_cmt01a" name="CMT01A_variant_3_is_produced_correctly"/>
    <testcase time="0.197000000000003" classname="table_cmt01a" name="CMT01A_variant_3_is_produced_correctly"/>
    <testcase time="0.763000000000005" classname="table_cmt01a" name="CMT01A_variant_4_is_produced_correctly"/>
    <testcase time="0.159999999999997" classname="table_cmt01a" name="CMT01A_variant_4_is_produced_correctly"/>
  </testsuite>
  <testsuite name="table_cmt01b" timestamp="2024-11-01T09:04:50Z" hostname="f779f5a7cb31" tests="6" skipped="0" failures="0" errors="0" time="3.148">
    <testcase time="0.852999999999994" classname="table_cmt01b" name="CMT01B_variant_1_is_produced_correctly"/>
    <testcase time="0.26400000000001" classname="table_cmt01b" name="CMT01B_variant_1_is_produced_correctly"/>
    <testcase time="0.61099999999999" classname="table_cmt01b" name="CMT01B_variant_2_is_produced_correctly"/>
    <testcase time="0.212000000000003" classname="table_cmt01b" name="CMT01B_variant_2_is_produced_correctly"/>
    <testcase time="0.921999999999997" classname="table_cmt01b" name="CMT01B_variant_4_is_produced_correctly"/>
    <testcase time="0.286000000000001" classname="table_cmt01b" name="CMT01B_variant_4_is_produced_correctly"/>
  </testsuite>
  <testsuite name="table_cmt02_pt" timestamp="2024-11-01T09:04:53Z" hostname="f779f5a7cb31" tests="2" skipped="0" failures="0" errors="0" time="0.281">
    <testcase time="0.192999999999998" classname="table_cmt02_pt" name="CMT02_PT_default_variant_is_produced_correctly"/>
    <testcase time="0.0880000000000081" classname="table_cmt02_pt" name="CMT02_PT_default_variant_is_produced_correctly"/>
  </testsuite>
  <testsuite name="table_coxt01" timestamp="2024-11-01T09:04:53Z" hostname="f779f5a7cb31" tests="8" skipped="0" failures="0" errors="0" time="1.781">
    <testcase time="0.269999999999996" classname="table_coxt01" name="1._Cox_Regression"/>
    <testcase time="0.0820000000000078" classname="table_coxt01" name="1._Cox_Regression"/>
    <testcase time="0.353999999999999" classname="table_coxt01" name="2._Cox_Regression_with_Interaction_Term_"/>
    <testcase time="0.10799999999999" classname="table_coxt01" name="2._Cox_Regression_with_Interaction_Term_"/>
    <testcase time="0.358000000000004" classname="table_coxt01" name="3._Cox_Regression_specifying_covariates_"/>
    <testcase time="0.134" classname="table_coxt01" name="3._Cox_Regression_specifying_covariates_"/>
    <testcase time="0.355999999999995" classname="table_coxt01" name="4._Cox_Regression_setting_strata_ties_and_alpha_level_"/>
    <testcase time="0.119" classname="table_coxt01" name="4._Cox_Regression_setting_strata_ties_and_alpha_level_"/>
  </testsuite>
  <testsuite name="table_coxt02" timestamp="2024-11-01T09:04:55Z" hostname="f779f5a7cb31" tests="4" skipped="0" failures="0" errors="0" time="0.69">
    <testcase time="0.277000000000001" classname="table_coxt02" name="COXT02_default_variant_1_is_produced_correctly"/>
    <testcase time="0.0769999999999982" classname="table_coxt02" name="COXT02_default_variant_1_is_produced_correctly"/>
    <testcase time="0.26700000000001" classname="table_coxt02" name="COXT02_variant_5_is_produced_correctly"/>
    <testcase time="0.0690000000000026" classname="table_coxt02" name="COXT02_variant_5_is_produced_correctly"/>
  </testsuite>
  <testsuite name="table_disclosures" timestamp="2024-11-01T09:04:56Z" hostname="f779f5a7cb31" tests="12" skipped="0" failures="0" errors="0" time="1.954">
    <testcase time="0.182999999999993" classname="table_disclosures" name="Patient_Disposition_table_is_produced_correctly"/>
    <testcase time="0.0900000000000034" classname="table_disclosures" name="Patient_Disposition_table_is_produced_correctly"/>
    <testcase time="0.206000000000003" classname="table_disclosures" name="Demographic_table_is_produced_correctly"/>
    <testcase time="0.155999999999992" classname="table_disclosures" name="Demographic_table_is_produced_correctly"/>
    <testcase time="0.0889999999999986" classname="table_disclosures" name="Enrollment_by_Country_Table_is_produced_correctly"/>
    <testcase time="0.108000000000004" classname="table_disclosures" name="Enrollment_by_Country_Table_is_produced_correctly"/>
    <testcase time="0.0799999999999983" classname="table_disclosures" name="Death_table_is_produced_correctly"/>
    <testcase time="0.0589999999999975" classname="table_disclosures" name="Death_table_is_produced_correctly"/>
    <testcase time="0.326999999999998" classname="table_disclosures" name="Table_of_Serious_Adverse_Events_is_produced_correctly_for_one_specific_treatment_arm_"/>
    <testcase time="0.0950000000000131" classname="table_disclosures" name="Table_of_Serious_Adverse_Events_is_produced_correctly_for_one_specific_treatment_arm_"/>
    <testcase time="0.419999999999987" classname="table_disclosures" name="Table_of_Non_Serious_Adverse_Events_is_produced_correctly"/>
    <testcase time="0.141000000000005" classname="table_disclosures" name="Table_of_Non_Serious_Adverse_Events_is_produced_correctly"/>
  </testsuite>
  <testsuite name="table_dmt01" timestamp="2024-11-01T09:04:59Z" hostname="f779f5a7cb31" tests="10" skipped="0" failures="0" errors="0" time="2.826">
    <testcase time="1.209" classname="table_dmt01" name="DMT01_variant_1_is_produced_correctly"/>
    <testcase time="0.182999999999993" classname="table_dmt01" name="DMT01_variant_1_is_produced_correctly"/>
    <testcase time="0.213999999999999" classname="table_dmt01" name="DMT01_variant_2_is_produced_correctly"/>
    <testcase time="0.156000000000006" classname="table_dmt01" name="DMT01_variant_2_is_produced_correctly"/>
    <testcase time="0.242999999999995" classname="table_dmt01" name="DMT01_variant_3_is_produced_correctly"/>
    <testcase time="0.169000000000011" classname="table_dmt01" name="DMT01_variant_3_is_produced_correctly"/>
    <testcase time="0.192999999999998" classname="table_dmt01" name="DMT01_variant_4_is_produced_correctly"/>
    <testcase time="0.170000000000002" classname="table_dmt01" name="DMT01_variant_4_is_produced_correctly"/>
    <testcase time="0.155000000000001" classname="table_dmt01" name="DMT01_variant_5_is_produced_correctly"/>
    <testcase time="0.134" classname="table_dmt01" name="DMT01_variant_5_is_produced_correctly"/>
  </testsuite>
  <testsuite name="table_dort01" timestamp="2024-11-01T09:05:01Z" hostname="f779f5a7cb31" tests="8" skipped="0" failures="0" errors="0" time="1.522">
    <testcase time="0.287999999999997" classname="table_dort01" name="DORT01_variant_1_is_produced_correctly"/>
    <testcase time="0.0999999999999943" classname="table_dort01" name="DORT01_variant_1_is_produced_correctly"/>
    <testcase time="0.302999999999997" classname="table_dort01" name="DORT01_variant_2_selecting_sectons_is_produced_correctly"/>
    <testcase time="0.103999999999999" classname="table_dort01" name="DORT01_variant_2_selecting_sectons_is_produced_correctly"/>
    <testcase time="0.254000000000005" classname="table_dort01" name="DORT01_variant_3_modifying_conftype_and_alpha_level_is_produced_correctly"/>
    <testcase time="0.109999999999999" classname="table_dort01" name="DORT01_variant_3_modifying_conftype_and_alpha_level_is_produced_correctly"/>
    <testcase time="0.263000000000005" classname="table_dort01" name="DORT01_variant_4_modifying_time_point_for_the_xx_duration_is_produced_correctly"/>
    <testcase time="0.0999999999999943" classname="table_dort01" name="DORT01_variant_4_modifying_time_point_for_the_xx_duration_is_produced_correctly"/>
  </testsuite>
  <testsuite name="table_dst01" timestamp="2024-11-01T09:05:02Z" hostname="f779f5a7cb31" tests="6" skipped="0" failures="0" errors="0" time="0.762">
    <testcase time="0.141000000000005" classname="table_dst01" name="DST01_default_variant_is_produced_correctly"/>
    <testcase time="0.0949999999999989" classname="table_dst01" name="DST01_default_variant_is_produced_correctly"/>
    <testcase time="0.216000000000008" classname="table_dst01" name="DST01_variants_2_and_3_are_produced_correctly"/>
    <testcase time="0.105999999999995" classname="table_dst01" name="DST01_variants_2_and_3_are_produced_correctly"/>
    <testcase time="0.0859999999999985" classname="table_dst01" name="DST01_variants_2_and_3_are_produced_correctly"/>
    <testcase time="0.118000000000009" classname="table_dst01" name="DST01_variants_2_and_3_are_produced_correctly"/>
  </testsuite>
  <testsuite name="table_dtht01" timestamp="2024-11-01T09:05:03Z" hostname="f779f5a7cb31" tests="8" skipped="0" failures="0" errors="0" time="1.164">
    <testcase time="0.129999999999995" classname="table_dtht01" name="DTHT01_variant_1_is_produced_correctly"/>
    <testcase time="0.0790000000000077" classname="table_dtht01" name="DTHT01_variant_1_is_produced_correctly"/>
    <testcase time="0.251999999999995" classname="table_dtht01" name="DTHT01_variant_2_is_produced_correctly"/>
    <testcase time="0.164000000000001" classname="table_dtht01" name="DTHT01_variant_2_is_produced_correctly"/>
    <testcase time="0.164000000000001" classname="table_dtht01" name="DTHT01_variant_3_is_produced_correctly"/>
    <testcase time="0.0849999999999937" classname="table_dtht01" name="DTHT01_variant_3_is_produced_correctly"/>
    <testcase time="0.186000000000007" classname="table_dtht01" name="DTHT01_variant_4_is_produced_correctly"/>
    <testcase time="0.103999999999999" classname="table_dtht01" name="DTHT01_variant_4_is_produced_correctly"/>
  </testsuite>
  <testsuite name="table_egt01" timestamp="2024-11-01T09:05:04Z" hostname="f779f5a7cb31" tests="2" skipped="0" failures="0" errors="0" time="1.535">
    <testcase time="1.026" classname="table_egt01" name="EGT01_default_variant_is_produced_correctly"/>
    <testcase time="0.509" classname="table_egt01" name="EGT01_default_variant_is_produced_correctly"/>
  </testsuite>
  <testsuite name="table_egt02" timestamp="2024-11-01T09:05:06Z" hostname="f779f5a7cb31" tests="4" skipped="0" failures="0" errors="0" time="0.581">
    <testcase time="0.266999999999996" classname="table_egt02" name="_EGT02_1._Regardless_of_Abnormality_at_Baseline"/>
    <testcase time="0.0810000000000031" classname="table_egt02" name="_EGT02_1._Regardless_of_Abnormality_at_Baseline"/>
    <testcase time="0.152000000000001" classname="table_egt02" name="_EGT02_2._Among_Subjects_Without_Abnormality_at_Baseline"/>
    <testcase time="0.0810000000000031" classname="table_egt02" name="_EGT02_2._Among_Subjects_Without_Abnormality_at_Baseline"/>
  </testsuite>
  <testsuite name="table_egt03" timestamp="2024-11-01T09:05:06Z" hostname="f779f5a7cb31" tests="8" skipped="0" failures="0" errors="0" time="1.297">
    <testcase time="0.216999999999999" classname="table_egt03" name="EGT03_variant_1_is_produced_correctly"/>
    <testcase time="0.135999999999996" classname="table_egt03" name="EGT03_variant_1_is_produced_correctly"/>
    <testcase time="0.171000000000006" classname="table_egt03" name="EGT03_variant_2_is_produced_correctly"/>
    <testcase time="0.116" classname="table_egt03" name="EGT03_variant_2_is_produced_correctly"/>
    <testcase time="0.195999999999998" classname="table_egt03" name="EGT03_variant_3_is_produced_correctly"/>
    <testcase time="0.108999999999995" classname="table_egt03" name="EGT03_variant_3_is_produced_correctly"/>
    <testcase time="0.216999999999999" classname="table_egt03" name="EGT03_variant_4_is_produced_correctly"/>
    <testcase time="0.135000000000005" classname="table_egt03" name="EGT03_variant_4_is_produced_correctly"/>
  </testsuite>
  <testsuite name="table_egt04" timestamp="2024-11-01T09:05:07Z" hostname="f779f5a7cb31" tests="2" skipped="0" failures="0" errors="0" time="0.265">
    <testcase time="0.173999999999992" classname="table_egt04" name="EGT04_default_variant_is_produced_correctly"/>
    <testcase time="0.0910000000000082" classname="table_egt04" name="EGT04_default_variant_is_produced_correctly"/>
  </testsuite>
  <testsuite name="table_egt05_qtcat" timestamp="2024-11-01T09:05:08Z" hostname="f779f5a7cb31" tests="2" skipped="0" failures="0" errors="0" time="0.825">
    <testcase time="0.521999999999991" classname="table_egt05_qtcat" name="EGT05_QTCAT_default_variant_is_produced_correctly"/>
    <testcase time="0.303000000000011" classname="table_egt05_qtcat" name="EGT05_QTCAT_default_variant_is_produced_correctly"/>
  </testsuite>
  <testsuite name="table_ent" timestamp="2024-11-01T09:05:09Z" hostname="f779f5a7cb31" tests="8" skipped="0" failures="0" errors="0" time="13.926">
    <testcase time="3.419" classname="table_ent" name="ENT01_IT_is_produced_correctly"/>
    <testcase time="0.591999999999999" classname="table_ent" name="ENT01_IT_is_produced_correctly"/>
    <testcase time="2.276" classname="table_ent" name="ENT01a_IT_is_produced_correctly"/>
    <testcase time="0.552000000000007" classname="table_ent" name="ENT01a_IT_is_produced_correctly"/>
    <testcase time="3.64099999999999" classname="table_ent" name="ENT02_IT_is_produced_correctly"/>
    <testcase time="0.832000000000008" classname="table_ent" name="ENT02_IT_is_produced_correctly"/>
    <testcase time="2.098" classname="table_ent" name="ENT02a_IT_is_produced_correctly"/>
    <testcase time="0.516000000000005" classname="table_ent" name="ENT02a_IT_is_produced_correctly"/>
  </testsuite>
  <testsuite name="table_eudrat01" timestamp="2024-11-01T09:05:23Z" hostname="f779f5a7cb31" tests="2" skipped="0" failures="0" errors="0" time="0.589">
    <testcase time="0.455999999999989" classname="table_eudrat01" name="EUDRAT01_is_produced_correctly"/>
    <testcase time="0.13300000000001" classname="table_eudrat01" name="EUDRAT01_is_produced_correctly"/>
  </testsuite>
  <testsuite name="table_eudrat02" timestamp="2024-11-01T09:05:23Z" hostname="f779f5a7cb31" tests="2" skipped="0" failures="0" errors="0" time="0.459">
    <testcase time="0.35199999999999" classname="table_eudrat02" name="EUDRAT02_is_produced_correctly"/>
    <testcase time="0.106999999999999" classname="table_eudrat02" name="EUDRAT02_is_produced_correctly"/>
  </testsuite>
  <testsuite name="table_ext01" timestamp="2024-11-01T09:05:24Z" hostname="f779f5a7cb31" tests="6" skipped="0" failures="0" errors="0" time="1.545">
    <testcase time="0.338000000000008" classname="table_ext01" name="EXT01_default_variant_with_numeric_parameters_is_produced_correctly"/>
    <testcase time="0.203000000000003" classname="table_ext01" name="EXT01_default_variant_with_numeric_parameters_is_produced_correctly"/>
    <testcase time="0.257999999999996" classname="table_ext01" name="EXT01_variant_with_both_numeric_and_categorical_parameters"/>
    <testcase time="0.197999999999993" classname="table_ext01" name="EXT01_variant_with_both_numeric_and_categorical_parameters"/>
    <testcase time="0.310000000000002" classname="table_ext01" name="EXT01_variant_with_user_specified_categories_for_missed_doses"/>
    <testcase time="0.238" classname="table_ext01" name="EXT01_variant_with_user_specified_categories_for_missed_doses"/>
  </testsuite>
  <testsuite name="table_lbt01" timestamp="2024-11-01T09:05:26Z" hostname="f779f5a7cb31" tests="2" skipped="0" failures="0" errors="0" time="2.033">
    <testcase time="1.55200000000001" classname="table_lbt01" name="LBT01_default_variant_is_produced_correctly"/>
    <testcase time="0.480999999999995" classname="table_lbt01" name="LBT01_default_variant_is_produced_correctly"/>
  </testsuite>
  <testsuite name="table_lbt02" timestamp="2024-11-01T09:05:27Z" hostname="f779f5a7cb31" tests="2" skipped="0" failures="0" errors="0" time="1.307">
    <testcase time="0.819000000000003" classname="table_lbt02" name="LBT02_default_variant_is_produced_correctly"/>
    <testcase time="0.488" classname="table_lbt02" name="LBT02_default_variant_is_produced_correctly"/>
  </testsuite>
  <testsuite name="table_lbt03" timestamp="2024-11-01T09:05:28Z" hostname="f779f5a7cb31" tests="2" skipped="0" failures="1" errors="0" time="0.309">
    <testcase time="0.189999999999998" classname="table_lbt03" name="LBT03_default_variant_is_produced_correctly"/>
    <testcase time="0.119" classname="table_lbt03" name="LBT03_default_variant_is_produced_correctly">
      <failure type="failure" message="Snapshot of code has changed: ('test-table_lbt03.R:29:3')">Snapshot of code has changed:
old[5:14] vs new[5:14]
                      (N=86)              (N=84)                (N=84)       
    —————————————————————————————————————————————————————————————————————————
    Baseline                                                                 
-     n                 86                  84                    82         
+     n                 0                   0                      0         
-     Mean (SD)    17.57 (9.22)       19.20 (10.05)          17.96 (8.72)    
+     Mean (SD)         NA                  NA                    NA         
-     Median          15.00               16.00                  17.00       
+     Median            NA                  NA                    NA         
-     Min - Max    7.00 - 69.00        6.00 - 64.00          5.00 - 70.00    
+     Min - Max         NA                  NA                    NA         
    Week 2                                                                   
      n                 83                  78                    80         
      Mean (SD)    0.29 (7.80)         1.72 (6.85)            2.78 (7.03)    

* Run `testthat::snapshot_accept('table_lbt03')` to accept the change.
* Run `testthat::snapshot_review('table_lbt03')` to interactively review the change.</failure>
    </testcase>
  </testsuite>
  <testsuite name="table_lbt04" timestamp="2024-11-01T09:05:29Z" hostname="f779f5a7cb31" tests="2" skipped="0" failures="0" errors="0" time="1.345">
    <testcase time="1.14699999999999" classname="table_lbt04" name="LBT04_default_variant_is_produced_correctly"/>
    <testcase time="0.198000000000008" classname="table_lbt04" name="LBT04_default_variant_is_produced_correctly"/>
  </testsuite>
  <testsuite name="table_lbt05" timestamp="2024-11-01T09:05:31Z" hostname="f779f5a7cb31" tests="6" skipped="0" failures="0" errors="0" time="6.769">
    <testcase time="2.15600000000001" classname="table_lbt05" name="LBT05_variant_1_is_produced_correctly"/>
    <testcase time="0.405000000000001" classname="table_lbt05" name="LBT05_variant_1_is_produced_correctly"/>
    <testcase time="1.49600000000001" classname="table_lbt05" name="LBT05_variant_2_is_produced_correctly"/>
    <testcase time="0.527999999999992" classname="table_lbt05" name="LBT05_variant_2_is_produced_correctly"/>
    <testcase time="1.816" classname="table_lbt05" name="LBT05_variant_4_is_produced_correctly"/>
    <testcase time="0.367999999999995" classname="table_lbt05" name="LBT05_variant_4_is_produced_correctly"/>
  </testsuite>
  <testsuite name="table_lbt06" timestamp="2024-11-01T09:05:37Z" hostname="f779f5a7cb31" tests="2" skipped="0" failures="0" errors="0" time="0.542">
    <testcase time="0.363" classname="table_lbt06" name="LBT06_default_variant_is_produced_correctly"/>
    <testcase time="0.179000000000002" classname="table_lbt06" name="LBT06_default_variant_is_produced_correctly"/>
  </testsuite>
  <testsuite name="table_lbt07" timestamp="2024-11-01T09:05:38Z" hostname="f779f5a7cb31" tests="2" skipped="0" failures="0" errors="0" time="2.5">
    <testcase time="2.19399999999999" classname="table_lbt07" name="LBT07_is_produced_correctly"/>
    <testcase time="0.306000000000012" classname="table_lbt07" name="LBT07_is_produced_correctly"/>
  </testsuite>
  <testsuite name="table_lbt08" timestamp="2024-11-01T09:05:40Z" hostname="f779f5a7cb31" tests="2" skipped="0" failures="0" errors="0" time="0.421">
    <testcase time="0.283999999999992" classname="table_lbt08" name="LBT08_produce_correctly"/>
    <testcase time="0.137" classname="table_lbt08" name="LBT08_produce_correctly"/>
  </testsuite>
  <testsuite name="table_lbt09" timestamp="2024-11-01T09:05:40Z" hostname="f779f5a7cb31" tests="4" skipped="0" failures="0" errors="0" time="1">
    <testcase time="0.334000000000003" classname="table_lbt09" name="LBT09_variant_1_works_as_expected"/>
    <testcase time="0.180000000000007" classname="table_lbt09" name="LBT09_variant_1_works_as_expected"/>
    <testcase time="0.306999999999988" classname="table_lbt09" name="LBT09_variant_2_works_as_expected"/>
    <testcase time="0.179000000000002" classname="table_lbt09" name="LBT09_variant_2_works_as_expected"/>
  </testsuite>
  <testsuite name="table_lbt10" timestamp="2024-11-01T09:05:41Z" hostname="f779f5a7cb31" tests="4" skipped="0" failures="0" errors="0" time="1.304">
    <testcase time="0.744" classname="table_lbt10" name="LBT10_variant_1_works_as_expected"/>
    <testcase time="0.0740000000000123" classname="table_lbt10" name="LBT10_variant_1_works_as_expected"/>
    <testcase time="0.423000000000002" classname="table_lbt10" name="LBT10_variant_2_works_as_expected"/>
    <testcase time="0.0629999999999882" classname="table_lbt10" name="LBT10_variant_2_works_as_expected"/>
  </testsuite>
  <testsuite name="table_lbt10_bl" timestamp="2024-11-01T09:05:43Z" hostname="f779f5a7cb31" tests="4" skipped="0" failures="0" errors="0" time="0.54">
    <testcase time="0.248999999999995" classname="table_lbt10_bl" name="LBT10_BL_variant_1_works_as_expected"/>
    <testcase time="0.0960000000000036" classname="table_lbt10_bl" name="LBT10_BL_variant_1_works_as_expected"/>
    <testcase time="0.116000000000014" classname="table_lbt10_bl" name="LBT10_BL_variant_2_works_as_expected"/>
    <testcase time="0.0789999999999793" classname="table_lbt10_bl" name="LBT10_BL_variant_2_works_as_expected"/>
  </testsuite>
  <testsuite name="table_lbt11" timestamp="2024-11-01T09:05:43Z" hostname="f779f5a7cb31" tests="6" skipped="0" failures="0" errors="0" time="0.798">
    <testcase time="0.192000000000007" classname="table_lbt11" name="LBT11_variant_1_works_as_expected"/>
    <testcase time="0.11699999999999" classname="table_lbt11" name="LBT11_variant_1_works_as_expected"/>
    <testcase time="0.0890000000000271" classname="table_lbt11" name="LBT11_variant_2_works_as_expected"/>
    <testcase time="0.101999999999975" classname="table_lbt11" name="LBT11_variant_2_works_as_expected"/>
    <testcase time="0.166000000000025" classname="table_lbt11" name="LBT11_variant_3_works_as_expected"/>
    <testcase time="0.131999999999977" classname="table_lbt11" name="LBT11_variant_3_works_as_expected"/>
  </testsuite>
  <testsuite name="table_lbt11_bl" timestamp="2024-11-01T09:05:44Z" hostname="f779f5a7cb31" tests="6" skipped="0" failures="0" errors="0" time="1.081">
    <testcase time="0.218000000000018" classname="table_lbt11_bl" name="LBT11_BL_variant_1_works_as_expected"/>
    <testcase time="0.0989999999999895" classname="table_lbt11_bl" name="LBT11_BL_variant_1_works_as_expected"/>
    <testcase time="0.36699999999999" classname="table_lbt11_bl" name="LBT11_BL_variant_2_works_as_expected"/>
    <testcase time="0.0820000000000221" classname="table_lbt11_bl" name="LBT11_BL_variant_2_works_as_expected"/>
    <testcase time="0.204999999999984" classname="table_lbt11_bl" name="LBT11_BL_variant_3_works_as_expected"/>
    <testcase time="0.110000000000014" classname="table_lbt11_bl" name="LBT11_BL_variant_3_works_as_expected"/>
  </testsuite>
  <testsuite name="table_lbt12" timestamp="2024-11-01T09:05:45Z" hostname="f779f5a7cb31" tests="2" skipped="0" failures="0" errors="0" time="0.387">
    <testcase time="0.302999999999997" classname="table_lbt12" name="LBT12_works_as_expected"/>
    <testcase time="0.0840000000000032" classname="table_lbt12" name="LBT12_works_as_expected"/>
  </testsuite>
  <testsuite name="table_lbt12_bl" timestamp="2024-11-01T09:05:45Z" hostname="f779f5a7cb31" tests="2" skipped="0" failures="0" errors="0" time="0.366">
    <testcase time="0.287999999999982" classname="table_lbt12_bl" name="LBT12_BL_works_as_expected"/>
    <testcase time="0.078000000000003" classname="table_lbt12_bl" name="LBT12_BL_works_as_expected"/>
  </testsuite>
  <testsuite name="table_lbt13" timestamp="2024-11-01T09:05:46Z" hostname="f779f5a7cb31" tests="10" skipped="0" failures="0" errors="0" time="2.249">
    <testcase time="0.807000000000016" classname="table_lbt13" name="LBT13_variant_1_LOW_works_as_expected"/>
    <testcase time="0.0879999999999939" classname="table_lbt13" name="LBT13_variant_1_LOW_works_as_expected"/>
    <testcase time="0.14500000000001" classname="table_lbt13" name="LBT13_variant_2_HIGH_works_as_expected"/>
    <testcase time="0.0629999999999882" classname="table_lbt13" name="LBT13_variant_2_HIGH_works_as_expected"/>
    <testcase time="0.225999999999999" classname="table_lbt13" name="LBT13_variant_3_LOW_without_baseline_missing_works_as_expected"/>
    <testcase time="0.0889999999999986" classname="table_lbt13" name="LBT13_variant_3_LOW_without_baseline_missing_works_as_expected"/>
    <testcase time="0.14500000000001" classname="table_lbt13" name="LBT13_variant_4_HIGH_with_missing_baseline_considered_as_grade_0_works_as_expected"/>
    <testcase time="0.0649999999999977" classname="table_lbt13" name="LBT13_variant_4_HIGH_with_missing_baseline_considered_as_grade_0_works_as_expected"/>
    <testcase time="0.405000000000001" classname="table_lbt13" name="LBT14_variant_5_HIGH_with_filled_in_grades_works_as_expected"/>
    <testcase time="0.21599999999998" classname="table_lbt13" name="LBT14_variant_5_HIGH_with_filled_in_grades_works_as_expected"/>
  </testsuite>
  <testsuite name="table_lbt14" timestamp="2024-11-01T09:05:49Z" hostname="f779f5a7cb31" tests="10" skipped="0" failures="5" errors="0" time="29.465">
    <testcase time="5.768" classname="table_lbt14" name="LBT14_variant_1_HIGH_works_as_expected"/>
    <testcase time="0.487000000000023" classname="table_lbt14" name="LBT14_variant_1_HIGH_works_as_expected">
      <failure type="failure" message="Snapshot of code has changed: ('test-table_lbt14.R:64:3')">Snapshot of code has changed:
old[7:109] vs new[7:109]
    —————————————————————————————————————————————————————————————————————————————————————————————————————
    Alanine Aminotransferase (U/L)                                                                       
          Not High                                    79                68                    73         
-                 Not High                        73 (92.4%)        61 (89.7%)            65 (89.0%)     
+                 Not High                        73 (84.9%)        61 (84.7%)            65 (67.7%)     
-                 1                                5 (6.3%)          6 (8.8%)              8 (11.0%)     
+                 1                                5 (5.8%)          6 (8.3%)              8 (8.3%)      
-                 2                                1 (1.3%)          1 (1.5%)                  0         
+                 2                                1 (1.2%)          1 (1.4%)                  0         
          1                                           4                 4                      2         
-                 Not High                        1 (25.0%)             0                      0         
+                 Not High                         1 (1.2%)             0                      0         
-                 1                               2 (50.0%)          4 (100%)              2 (100%)      
+                 1                                2 (2.3%)          4 (5.6%)              2 (2.1%)      
-                 2                               1 (25.0%)             0                      0         
+                 2                                1 (1.2%)             0                      0         
    Albumin (g/L)                                                                                        
          Not High                                    83                72                    75         
-                 Not High                        83 (100%)         72 (100%)              75 (100%)     
+                 Not High                        83 (96.5%)        72 (100%)             75 (78.1%)     
    Alkaline Phosphatase (U/L)                                                                           
          Not High                                    78                71                    71         
-                 Not High                        74 (94.9%)        67 (94.4%)            67 (94.4%)     
+                 Not High                        74 (86.0%)        67 (93.1%)            67 (69.8%)     
-                 1                                3 (3.8%)          4 (5.6%)              4 (5.6%)      
+                 1                                3 (3.5%)          4 (5.6%)              4 (4.2%)      
-                 3                                1 (1.3%)             0                      0         
+                 3                                1 (1.2%)             0                      0         
          1                                           4                 0                      3         
-                 Not High                        1 (25.0%)             0                      0         
+                 Not High                         1 (1.2%)             0                      0         
-                 1                               3 (75.0%)             0                  3 (100%)      
+                 1                                3 (3.5%)             0                  3 (3.1%)      
          2                                           1                 1                      0         
-                 2                                   0              1 (100%)                  0         
+                 2                                   0              1 (1.4%)                  0         
-                 3                                1 (100%)             0                      0         
+                 3                                1 (1.2%)             0                      0         
          Missing                                     0                 0                      1         
-                 Not High                            0                 0                  1 (100%)      
+                 Not High                            0                 0                  1 (1.0%)      
    Aspartate Aminotransferase (U/L)                                                                     
          Not High                                    77                69                    67         
-                 Not High                        69 (89.6%)        64 (92.8%)            61 (91.0%)     
+                 Not High                        69 (80.2%)        64 (88.9%)            61 (63.5%)     
-                 1                                7 (9.1%)          4 (5.8%)              6 (9.0%)      
+                 1                                7 (8.1%)          4 (5.6%)              6 (6.2%)      
-                 2                                1 (1.3%)          1 (1.4%)                  0         
+                 2                                1 (1.2%)          1 (1.4%)                  0         
          1                                           6                 3                      8         
-                 Not High                        2 (33.3%)         1 (33.3%)              4 (50.0%)     
+                 Not High                         2 (2.3%)          1 (1.4%)              4 (4.2%)      
-                 1                               3 (50.0%)         2 (66.7%)              3 (37.5%)     
+                 1                                3 (3.5%)          2 (2.8%)              3 (3.1%)      
-                 2                               1 (16.7%)             0                  1 (12.5%)     
+                 2                                1 (1.2%)             0                  1 (1.0%)      
    Bilirubin (umol/L)                                                                                   
          Not High                                    81                69                    71         
-                 Not High                        77 (95.1%)        67 (97.1%)            70 (98.6%)     
+                 Not High                        77 (89.5%)        67 (93.1%)            70 (72.9%)     
-                 1                                4 (4.9%)          2 (2.9%)              1 (1.4%)      
+                 1                                4 (4.7%)          2 (2.8%)              1 (1.0%)      
          1                                           2                 2                      3         
-                 Not High                            0                 0                  2 (66.7%)     
+                 Not High                            0                 0                  2 (2.1%)      
-                 1                               1 (50.0%)             0                      0         
+                 1                                1 (1.2%)             0                      0         
-                 2                                   0              2 (100%)              1 (33.3%)     
+                 2                                   0              2 (2.8%)              1 (1.0%)      
-                 3                               1 (50.0%)             0                      0         
+                 3                                1 (1.2%)             0                      0         
          2                                           0                 1                      0         
-                 2                                   0              1 (100%)                  0         
+                 2                                   0              1 (1.4%)                  0         
    Blood Urea Nitrogen (mmol/L)                                                                         
          Missing                                     83                72                    75         
-                 Missing                         83 (100%)         72 (100%)              75 (100%)     
+                 Missing                         83 (96.5%)        72 (100%)             75 (78.1%)     
    Calcium (mmol/L)                                                                                     
          Not High                                    83                72                    73         
-                 Not High                        82 (98.8%)        70 (97.2%)            71 (97.3%)     
+                 Not High                        82 (95.3%)        70 (97.2%)            71 (74.0%)     
-                 1                                1 (1.2%)          2 (2.8%)              2 (2.7%)      
+                 1                                1 (1.2%)          2 (2.8%)              2 (2.1%)      
          1                                           0                 0                      2         
-                 Not High                            0                 0                  1 (50.0%)     
+                 Not High                            0                 0                  1 (1.0%)      
-                 1                                   0                 0                  1 (50.0%)     
+                 1                                   0                 0                  1 (1.0%)      
    Cholesterol (mmol/L)                                                                                 
          Not High                                    79                70                    74         
-                 Not High                        76 (96.2%)        67 (95.7%)            71 (95.9%)     
+                 Not High                        76 (88.4%)        67 (93.1%)            71 (74.0%)     
-                 1                                1 (1.3%)          3 (4.3%)              1 (1.4%)      
+                 1                                1 (1.2%)          3 (4.2%)              1 (1.0%)      
-                 2                                2 (2.5%)             0                  2 (2.7%)      
+                 2                                2 (2.3%)             0                  2 (2.1%)      
          2                                           4                 2                      1         
-                 Not High                        2 (50.0%)         1 (50.0%)                  0         
+                 Not High                         2 (2.3%)          1 (1.4%)                  0         
-                 2                               2 (50.0%)         1 (50.0%)              1 (100%)      
+                 2                                2 (2.3%)          1 (1.4%)              1 (1.0%)      
    Creatinine (umol/L)                                                                                  
          Not High                                    82                67                    70         
-                 Not High                        25 (30.5%)        16 (23.9%)            20 (28.6%)     
+                 Not High                        25 (29.1%)        16 (22.2%)            20 (20.8%)     
-                 1                               57 (69.5%)        51 (76.1%)            50 (71.4%)     
+                 1                               57 (66.3%)        51 (70.8%)            50 (52.1%)     
          1                                           1                 5                      5         
-                 1                                1 (100%)          5 (100%)              5 (100%)      
+                 1                                1 (1.2%)          5 (6.9%)              5 (5.2%)      
    Gamma Glutamyl Transferase (U/L)                                                                     
          Not High                                    79                69                    70         
-                 Not High                        76 (96.2%)        64 (92.8%)            65 (92.9%)     
+                 Not High                        76 (88.4%)        64 (88.9%)            65 (67.7%)     
-                 1                                3 (3.8%)          4 (5.8%)              5 (7.1%)      
+                 1                                3 (3.5%)          4 (5.6%)              5 (5.2%)      
                  2                                   0              1 (1.4%)                  0         
          1                                           3                 3                      5         
-                 Not High                            0                 0                  1 (20.0%)     
+                 Not High                            0                 0                  1 (1.0%)      
-                 1                                3 (100%)         2 (66.7%)              4 (80.0%)     
+                 1                                3 (3.5%)          2 (2.8%)              4 (4.2%)      
-                 2                                   0             1 (33.3%)                  0         
+                 2                                   0              1 (1.4%)                  0         
          3                                           1                 0                      0         
-                 3                                1 (100%)             0                      0         
+                 3                                1 (1.2%)             0                      0         
    Microcytes                                                                                           
          Missing                                     0                 1                      0         
-                 Missing                             0              1 (100%)                  0         
+                 Missing                             0              1 (1.4%)                  0         
    Phosphate (mmol/L)                                                                                   
          Not High                                    83                72                    74         
-                 Not High                        83 (100%)         72 (100%)              74 (100%)     
+                 Not High                        83 (96.5%)        72 (100%)             74 (77.1%)     
          Missing                                     0                 0                      1         
-                 Not High                            0                 0                  1 (100%)      
+                 Not High                            0                 0                  1 (1.0%)      
    Protein (g/L)                                                                                        
          Missing                                     83                72                    75         
-                 Missing                         83 (100%)         72 (100%)              75 (100%)     
+                 Missing                         83 (96.5%)        72 (100%)             75 (78.1%)     
    Sodium (mmol/L)                                                                                      
          Not High                                    80                68                    75         
-                 Not High                        70 (87.5%)        59 (86.8%)            69 (92.0%)     
+                 Not High                        70 (81.4%)        59 (81.9%)            69 (71.9%)     
-                 1                               10 (12.5%)        7 (10.3%)              6 (8.0%)      
+                 1                               10 (11.6%)         7 (9.7%)              6 (6.2%)      
-                 2                                   0              2 (2.9%)                  0         
+                 2                                   0              2 (2.8%)                  0         
          1                                           3                 4                      0         
-                 Not High                         3 (100%)         2 (50.0%)                  0         
+                 Not High                         3 (3.5%)          2 (2.8%)                  0         
-                 1                                   0             2 (50.0%)                  0         
+                 1                                   0              2 (2.8%)                  0         
    Urate (umol/L)                                                                                       
          Missing                                     83                72                    75         
-                 Missing                         83 (100%)         72 (100%)              75 (100%)     
+                 Missing                         83 (96.5%)        72 (100%)             75 (78.1%)     

* Run `testthat::snapshot_accept('table_lbt14')` to accept the change.
* Run `testthat::snapshot_review('table_lbt14')` to interactively review the change.</failure>
    </testcase>
    <testcase time="5.261" classname="table_lbt14" name="LBT14_variant_2_LOW_works_as_expected"/>
    <testcase time="0.33499999999998" classname="table_lbt14" name="LBT14_variant_2_LOW_works_as_expected">
      <failure type="failure" message="Snapshot of code has changed: ('test-table_lbt14.R:117:3')">Snapshot of code has changed:
old[7:73] vs new[7:73]
    —————————————————————————————————————————————————————————————————————————————————————————————————————
    Alanine Aminotransferase (U/L)                                                                       
          Not Low                                     83                72                    75         
-                 Not Low                         83 (100%)         72 (100%)              75 (100%)     
+                 Not Low                         83 (96.5%)        72 (100%)             75 (78.1%)     
    Albumin (g/L)                                                                                        
          Not Low                                     81                72                    74         
-                 Not Low                         66 (81.5%)        67 (93.1%)            62 (83.8%)     
+                 Not Low                         66 (76.7%)        67 (93.1%)            62 (64.6%)     
-                 1                               14 (17.3%)         5 (6.9%)             12 (16.2%)     
+                 1                               14 (16.3%)         5 (6.9%)             12 (12.5%)     
                  2                                1 (1.2%)             0                      0         
          1                                           2                 0                      1         
-                 1                               1 (50.0%)             0                  1 (100%)      
+                 1                                1 (1.2%)             0                  1 (1.0%)      
-                 2                               1 (50.0%)             0                      0         
+                 2                                1 (1.2%)             0                      0         
    Alkaline Phosphatase (U/L)                                                                           
          Not Low                                     83                72                    74         
-                 Not Low                         83 (100%)         72 (100%)              74 (100%)     
+                 Not Low                         83 (96.5%)        72 (100%)             74 (77.1%)     
          Missing                                     0                 0                      1         
-                 Not Low                             0                 0                  1 (100%)      
+                 Not Low                             0                 0                  1 (1.0%)      
    Aspartate Aminotransferase (U/L)                                                                     
          Not Low                                     83                72                    75         
-                 Not Low                         83 (100%)         72 (100%)              75 (100%)     
+                 Not Low                         83 (96.5%)        72 (100%)             75 (78.1%)     
    Bilirubin (umol/L)                                                                                   
          Not Low                                     83                72                    74         
-                 Not Low                         83 (100%)         72 (100%)              74 (100%)     
+                 Not Low                         83 (96.5%)        72 (100%)             74 (77.1%)     
    Blood Urea Nitrogen (mmol/L)                                                                         
          Missing                                     83                72                    75         
-                 Missing                         83 (100%)         72 (100%)              75 (100%)     
+                 Missing                         83 (96.5%)        72 (100%)             75 (78.1%)     
    Calcium (mmol/L)                                                                                     
          Not Low                                     82                71                    73         
-                 Not Low                         72 (87.8%)        62 (87.3%)            65 (89.0%)     
+                 Not Low                         72 (83.7%)        62 (86.1%)            65 (67.7%)     
-                 1                               10 (12.2%)         7 (9.9%)              7 (9.6%)      
+                 1                               10 (11.6%)         7 (9.7%)              7 (7.3%)      
-                 2                                   0              2 (2.8%)              1 (1.4%)      
+                 2                                   0              2 (2.8%)              1 (1.0%)      
          1                                           1                 1                      2         
-                 Not Low                          1 (100%)             0                  2 (100%)      
+                 Not Low                          1 (1.2%)             0                  2 (2.1%)      
-                 1                                   0              1 (100%)                  0         
+                 1                                   0              1 (1.4%)                  0         
    Cholesterol (mmol/L)                                                                                 
          Not Low                                     83                72                    75         
-                 Not Low                         83 (100%)         72 (100%)              75 (100%)     
+                 Not Low                         83 (96.5%)        72 (100%)             75 (78.1%)     
    Creatinine (umol/L)                                                                                  
          Not Low                                     83                72                    75         
-                 Not Low                         83 (100%)         72 (100%)              75 (100%)     
+                 Not Low                         83 (96.5%)        72 (100%)             75 (78.1%)     
    Gamma Glutamyl Transferase (U/L)                                                                     
          Not Low                                     83                72                    75         
-                 Not Low                         83 (100%)         72 (100%)              75 (100%)     
+                 Not Low                         83 (96.5%)        72 (100%)             75 (78.1%)     
    Microcytes                                                                                           
          Missing                                     0                 1                      0         
-                 Missing                             0              1 (100%)                  0         
+                 Missing                             0              1 (1.4%)                  0         
    Phosphate (mmol/L)                                                                                   
          Not Low                                     83                72                    74         
-                 Not Low                         78 (94.0%)        68 (94.4%)            72 (97.3%)     
+                 Not Low                         78 (90.7%)        68 (94.4%)            72 (75.0%)     
-                 2                                4 (4.8%)          4 (5.6%)              2 (2.7%)      
+                 2                                4 (4.7%)          4 (5.6%)              2 (2.1%)      
                  3                                1 (1.2%)             0                      0         
          Missing                                     0                 0                      1         
-                 Not Low                             0                 0                  1 (100%)      
+                 Not Low                             0                 0                  1 (1.0%)      
    Protein (g/L)                                                                                        
          Missing                                     83                72                    75         
-                 Missing                         83 (100%)         72 (100%)              75 (100%)     
+                 Missing                         83 (96.5%)        72 (100%)             75 (78.1%)     
    Sodium (mmol/L)                                                                                      
          Not Low                                     81                70                    73         
-                 Not Low                         78 (96.3%)        66 (94.3%)            71 (97.3%)     
+                 Not Low                         78 (90.7%)        66 (91.7%)            71 (74.0%)     
-                 1                                3 (3.7%)          4 (5.7%)              2 (2.7%)      
+                 1                                3 (3.5%)          4 (5.6%)              2 (2.1%)      
          1                                           2                 2                      2         
-                 Not Low                         1 (50.0%)         1 (50.0%)              1 (50.0%)     
+                 Not Low                          1 (1.2%)          1 (1.4%)              1 (1.0%)      
-                 1                                   0             1 (50.0%)              1 (50.0%)     
+                 1                                   0              1 (1.4%)              1 (1.0%)      
-                 3                               1 (50.0%)             0                      0         
+                 3                                1 (1.2%)             0                      0         
    Urate (umol/L)                                                                                       
          Missing                                     83                72                    75         
-                 Missing                         83 (100%)         72 (100%)              75 (100%)     
+                 Missing                         83 (96.5%)        72 (100%)             75 (78.1%)     

* Run `testthat::snapshot_accept('table_lbt14')` to accept the change.
* Run `testthat::snapshot_review('table_lbt14')` to interactively review the change.</failure>
    </testcase>
    <testcase time="3.49700000000001" classname="table_lbt14" name="LBT14_variant_3_LOW_without_baseline_missing_works_as_expected"/>
    <testcase time="0.437000000000012" classname="table_lbt14" name="LBT14_variant_3_LOW_without_baseline_missing_works_as_expected">
      <failure type="failure" message="Snapshot of code has changed: ('test-table_lbt14.R:170:3')">Snapshot of code has changed:
old[7:93] vs new[7:93]
    —————————————————————————————————————————————————————————————————————————————————————————————————————
    Alanine Aminotransferase (U/L)                                                                       
          Not High                                    79                68                    73         
-                 Not High                        73 (92.4%)        61 (89.7%)            65 (89.0%)     
+                 Not High                        73 (84.9%)        61 (84.7%)            65 (67.7%)     
-                 1                                5 (6.3%)          6 (8.8%)              8 (11.0%)     
+                 1                                5 (5.8%)          6 (8.3%)              8 (8.3%)      
-                 2                                1 (1.3%)          1 (1.5%)                  0         
+                 2                                1 (1.2%)          1 (1.4%)                  0         
          1                                           4                 4                      2         
-                 Not High                        1 (25.0%)             0                      0         
+                 Not High                         1 (1.2%)             0                      0         
-                 1                               2 (50.0%)          4 (100%)              2 (100%)      
+                 1                                2 (2.3%)          4 (5.6%)              2 (2.1%)      
-                 2                               1 (25.0%)             0                      0         
+                 2                                1 (1.2%)             0                      0         
    Albumin (g/L)                                                                                        
          Not High                                    83                72                    75         
-                 Not High                        83 (100%)         72 (100%)              75 (100%)     
+                 Not High                        83 (96.5%)        72 (100%)             75 (78.1%)     
    Alkaline Phosphatase (U/L)                                                                           
          Not High                                    78                71                    71         
-                 Not High                        74 (94.9%)        67 (94.4%)            67 (94.4%)     
+                 Not High                        74 (86.0%)        67 (93.1%)            67 (69.8%)     
-                 1                                3 (3.8%)          4 (5.6%)              4 (5.6%)      
+                 1                                3 (3.5%)          4 (5.6%)              4 (4.2%)      
-                 3                                1 (1.3%)             0                      0         
+                 3                                1 (1.2%)             0                      0         
          1                                           4                 0                      3         
-                 Not High                        1 (25.0%)             0                      0         
+                 Not High                         1 (1.2%)             0                      0         
-                 1                               3 (75.0%)             0                  3 (100%)      
+                 1                                3 (3.5%)             0                  3 (3.1%)      
          2                                           1                 1                      0         
-                 2                                   0              1 (100%)                  0         
+                 2                                   0              1 (1.4%)                  0         
-                 3                                1 (100%)             0                      0         
+                 3                                1 (1.2%)             0                      0         
    Aspartate Aminotransferase (U/L)                                                                     
          Not High                                    77                69                    67         
-                 Not High                        69 (89.6%)        64 (92.8%)            61 (91.0%)     
+                 Not High                        69 (80.2%)        64 (88.9%)            61 (63.5%)     
-                 1                                7 (9.1%)          4 (5.8%)              6 (9.0%)      
+                 1                                7 (8.1%)          4 (5.6%)              6 (6.2%)      
-                 2                                1 (1.3%)          1 (1.4%)                  0         
+                 2                                1 (1.2%)          1 (1.4%)                  0         
          1                                           6                 3                      8         
-                 Not High                        2 (33.3%)         1 (33.3%)              4 (50.0%)     
+                 Not High                         2 (2.3%)          1 (1.4%)              4 (4.2%)      
-                 1                               3 (50.0%)         2 (66.7%)              3 (37.5%)     
+                 1                                3 (3.5%)          2 (2.8%)              3 (3.1%)      
-                 2                               1 (16.7%)             0                  1 (12.5%)     
+                 2                                1 (1.2%)             0                  1 (1.0%)      
    Bilirubin (umol/L)                                                                                   
          Not High                                    81                69                    71         
-                 Not High                        77 (95.1%)        67 (97.1%)            70 (98.6%)     
+                 Not High                        77 (89.5%)        67 (93.1%)            70 (72.9%)     
-                 1                                4 (4.9%)          2 (2.9%)              1 (1.4%)      
+                 1                                4 (4.7%)          2 (2.8%)              1 (1.0%)      
          1                                           2                 2                      3         
-                 Not High                            0                 0                  2 (66.7%)     
+                 Not High                            0                 0                  2 (2.1%)      
-                 1                               1 (50.0%)             0                      0         
+                 1                                1 (1.2%)             0                      0         
-                 2                                   0              2 (100%)              1 (33.3%)     
+                 2                                   0              2 (2.8%)              1 (1.0%)      
-                 3                               1 (50.0%)             0                      0         
+                 3                                1 (1.2%)             0                      0         
          2                                           0                 1                      0         
-                 2                                   0              1 (100%)                  0         
+                 2                                   0              1 (1.4%)                  0         
    Calcium (mmol/L)                                                                                     
          Not High                                    83                72                    73         
-                 Not High                        82 (98.8%)        70 (97.2%)            71 (97.3%)     
+                 Not High                        82 (95.3%)        70 (97.2%)            71 (74.0%)     
-                 1                                1 (1.2%)          2 (2.8%)              2 (2.7%)      
+                 1                                1 (1.2%)          2 (2.8%)              2 (2.1%)      
          1                                           0                 0                      2         
-                 Not High                            0                 0                  1 (50.0%)     
+                 Not High                            0                 0                  1 (1.0%)      
-                 1                                   0                 0                  1 (50.0%)     
+                 1                                   0                 0                  1 (1.0%)      
    Cholesterol (mmol/L)                                                                                 
          Not High                                    79                70                    74         
-                 Not High                        76 (96.2%)        67 (95.7%)            71 (95.9%)     
+                 Not High                        76 (88.4%)        67 (93.1%)            71 (74.0%)     
-                 1                                1 (1.3%)          3 (4.3%)              1 (1.4%)      
+                 1                                1 (1.2%)          3 (4.2%)              1 (1.0%)      
-                 2                                2 (2.5%)             0                  2 (2.7%)      
+                 2                                2 (2.3%)             0                  2 (2.1%)      
          2                                           4                 2                      1         
-                 Not High                        2 (50.0%)         1 (50.0%)                  0         
+                 Not High                         2 (2.3%)          1 (1.4%)                  0         
-                 2                               2 (50.0%)         1 (50.0%)              1 (100%)      
+                 2                                2 (2.3%)          1 (1.4%)              1 (1.0%)      
    Creatinine (umol/L)                                                                                  
          Not High                                    82                67                    70         
-                 Not High                        25 (30.5%)        16 (23.9%)            20 (28.6%)     
+                 Not High                        25 (29.1%)        16 (22.2%)            20 (20.8%)     
-                 1                               57 (69.5%)        51 (76.1%)            50 (71.4%)     
+                 1                               57 (66.3%)        51 (70.8%)            50 (52.1%)     
          1                                           1                 5                      5         
-                 1                                1 (100%)          5 (100%)              5 (100%)      
+                 1                                1 (1.2%)          5 (6.9%)              5 (5.2%)      
    Gamma Glutamyl Transferase (U/L)                                                                     
          Not High                                    79                69                    70         
-                 Not High                        76 (96.2%)        64 (92.8%)            65 (92.9%)     
+                 Not High                        76 (88.4%)        64 (88.9%)            65 (67.7%)     
-                 1                                3 (3.8%)          4 (5.8%)              5 (7.1%)      
+                 1                                3 (3.5%)          4 (5.6%)              5 (5.2%)      
                  2                                   0              1 (1.4%)                  0         
          1                                           3                 3                      5         
-                 Not High                            0                 0                  1 (20.0%)     
+                 Not High                            0                 0                  1 (1.0%)      
-                 1                                3 (100%)         2 (66.7%)              4 (80.0%)     
+                 1                                3 (3.5%)          2 (2.8%)              4 (4.2%)      
-                 2                                   0             1 (33.3%)                  0         
+                 2                                   0              1 (1.4%)                  0         
          3                                           1                 0                      0         
-                 3                                1 (100%)             0                      0         
+                 3                                1 (1.2%)             0                      0         
    Phosphate (mmol/L)                                                                                   
          Not High                                    83                72                    74         
-                 Not High                        83 (100%)         72 (100%)              74 (100%)     
+                 Not High                        83 (96.5%)        72 (100%)             74 (77.1%)     
    Sodium (mmol/L)                                                                                      
          Not High                                    80                68                    75         
-                 Not High                        70 (87.5%)        59 (86.8%)            69 (92.0%)     
+                 Not High                        70 (81.4%)        59 (81.9%)            69 (71.9%)     
-                 1                               10 (12.5%)        7 (10.3%)              6 (8.0%)      
+                 1                               10 (11.6%)         7 (9.7%)              6 (6.2%)      
-                 2                                   0              2 (2.9%)                  0         
+                 2                                   0              2 (2.8%)                  0         
          1                                           3                 4                      0         
-                 Not High                         3 (100%)         2 (50.0%)                  0         
+                 Not High                         3 (3.5%)          2 (2.8%)                  0         
-                 1                                   0             2 (50.0%)                  0         
+                 1                                   0              2 (2.8%)                  0         

* Run `testthat::snapshot_accept('table_lbt14')` to accept the change.
* Run `testthat::snapshot_review('table_lbt14')` to interactively review the change.</failure>
    </testcase>
    <testcase time="5.184" classname="table_lbt14" name="LBT14_variant_4_LOW_and_force_1_missing_both_baseline_and_post_baseline_then_force_the_missing_baseline_as_0_as_expected"/>
    <testcase time="0.283999999999992" classname="table_lbt14" name="LBT14_variant_4_LOW_and_force_1_missing_both_baseline_and_post_baseline_then_force_the_missing_baseline_as_0_as_expected">
      <failure type="failure" message="Snapshot of code has changed: ('test-table_lbt14.R:222:3')">Snapshot of code has changed:
old[7:57] vs new[7:57]
    —————————————————————————————————————————————————————————————————————————————————————————————————————
    Alanine Aminotransferase (U/L)                                                                       
          Not Low                                     83                72                    75         
-                 Not Low                         83 (100%)         72 (100%)              75 (100%)     
+                 Not Low                         83 (96.5%)        72 (100%)             75 (78.1%)     
    Albumin (g/L)                                                                                        
          Not Low                                     81                72                    74         
-                 Not Low                         66 (81.5%)        67 (93.1%)            62 (83.8%)     
+                 Not Low                         66 (76.7%)        67 (93.1%)            62 (64.6%)     
-                 1                               14 (17.3%)         5 (6.9%)             12 (16.2%)     
+                 1                               14 (16.3%)         5 (6.9%)             12 (12.5%)     
                  2                                1 (1.2%)             0                      0         
          1                                           2                 0                      1         
-                 1                               1 (50.0%)             0                  1 (100%)      
+                 1                                1 (1.2%)             0                  1 (1.0%)      
-                 2                               1 (50.0%)             0                      0         
+                 2                                1 (1.2%)             0                      0         
    Alkaline Phosphatase (U/L)                                                                           
          Not Low                                     83                72                    75         
-                 Not Low                         83 (100%)         72 (100%)              75 (100%)     
+                 Not Low                         83 (96.5%)        72 (100%)             75 (78.1%)     
    Aspartate Aminotransferase (U/L)                                                                     
          Not Low                                     83                72                    75         
-                 Not Low                         83 (100%)         72 (100%)              75 (100%)     
+                 Not Low                         83 (96.5%)        72 (100%)             75 (78.1%)     
    Bilirubin (umol/L)                                                                                   
          Not Low                                     83                72                    74         
-                 Not Low                         83 (100%)         72 (100%)              74 (100%)     
+                 Not Low                         83 (96.5%)        72 (100%)             74 (77.1%)     
    Calcium (mmol/L)                                                                                     
          Not Low                                     82                71                    73         
-                 Not Low                         72 (87.8%)        62 (87.3%)            65 (89.0%)     
+                 Not Low                         72 (83.7%)        62 (86.1%)            65 (67.7%)     
-                 1                               10 (12.2%)         7 (9.9%)              7 (9.6%)      
+                 1                               10 (11.6%)         7 (9.7%)              7 (7.3%)      
-                 2                                   0              2 (2.8%)              1 (1.4%)      
+                 2                                   0              2 (2.8%)              1 (1.0%)      
          1                                           1                 1                      2         
-                 Not Low                          1 (100%)             0                  2 (100%)      
+                 Not Low                          1 (1.2%)             0                  2 (2.1%)      
-                 1                                   0              1 (100%)                  0         
+                 1                                   0              1 (1.4%)                  0         
    Cholesterol (mmol/L)                                                                                 
          Not Low                                     83                72                    75         
-                 Not Low                         83 (100%)         72 (100%)              75 (100%)     
+                 Not Low                         83 (96.5%)        72 (100%)             75 (78.1%)     
    Creatinine (umol/L)                                                                                  
          Not Low                                     83                72                    75         
-                 Not Low                         83 (100%)         72 (100%)              75 (100%)     
+                 Not Low                         83 (96.5%)        72 (100%)             75 (78.1%)     
    Gamma Glutamyl Transferase (U/L)                                                                     
          Not Low                                     83                72                    75         
-                 Not Low                         83 (100%)         72 (100%)              75 (100%)     
+                 Not Low                         83 (96.5%)        72 (100%)             75 (78.1%)     
    Phosphate (mmol/L)                                                                                   
          Not Low                                     83                72                    75         
-                 Not Low                         78 (94.0%)        68 (94.4%)            73 (97.3%)     
+                 Not Low                         78 (90.7%)        68 (94.4%)            73 (76.0%)     
-                 2                                4 (4.8%)          4 (5.6%)              2 (2.7%)      
+                 2                                4 (4.7%)          4 (5.6%)              2 (2.1%)      
                  3                                1 (1.2%)             0                      0         
    Sodium (mmol/L)                                                                                      
          Not Low                                     81                70                    73         
-                 Not Low                         78 (96.3%)        66 (94.3%)            71 (97.3%)     
+                 Not Low                         78 (90.7%)        66 (91.7%)            71 (74.0%)     
-                 1                                3 (3.7%)          4 (5.7%)              2 (2.7%)      
+                 1                                3 (3.5%)          4 (5.6%)              2 (2.1%)      
          1                                           2                 2                      2         
-                 Not Low                         1 (50.0%)         1 (50.0%)              1 (50.0%)     
+                 Not Low                          1 (1.2%)          1 (1.4%)              1 (1.0%)      
-                 1                                   0             1 (50.0%)              1 (50.0%)     
+                 1                                   0              1 (1.4%)              1 (1.0%)      
-                 3                               1 (50.0%)             0                      0         
+                 3                                1 (1.2%)             0                      0         

* Run `testthat::snapshot_accept('table_lbt14')` to accept the change.
* Run `testthat::snapshot_review('table_lbt14')` to interactively review the change.</failure>
    </testcase>
    <testcase time="5.511" classname="table_lbt14" name="LBT14_variant_5_HIGH_with_fillings_works_as_expected"/>
    <testcase time="2.70099999999999" classname="table_lbt14" name="LBT14_variant_5_HIGH_with_fillings_works_as_expected">
      <failure type="failure" message="Snapshot of code has changed: ('test-table_lbt14.R:274:3')">Snapshot of code has changed:
old[7:22] vs new[7:22]
    —————————————————————————————————————————————————————————————————————————————————————————————————————
    Alanine Aminotransferase (U/L)                                                                       
          Not High                                    79                68                    73         
-                 Not High                        73 (92.4%)        61 (89.7%)            65 (89.0%)     
+                 Not High                        73 (84.9%)        61 (84.7%)            65 (67.7%)     
-                 1                                5 (6.3%)          6 (8.8%)              8 (11.0%)     
+                 1                                5 (5.8%)          6 (8.3%)              8 (8.3%)      
-                 2                                1 (1.3%)          1 (1.5%)                  0         
+                 2                                1 (1.2%)          1 (1.4%)                  0         
                  3                                   0                 0                      0         
                  4                                   0                 0                      0         
                  Missing                             0                 0                      0         
          1                                           4                 4                      2         
-                 Not High                        1 (25.0%)             0                      0         
+                 Not High                         1 (1.2%)             0                      0         
-                 1                               2 (50.0%)          4 (100%)              2 (100%)      
+                 1                                2 (2.3%)          4 (5.6%)              2 (2.1%)      
-                 2                               1 (25.0%)             0                      0         
+                 2                                1 (1.2%)             0                      0         
                  3                                   0                 0                      0         
                  4                                   0                 0                      0         
                  Missing                             0                 0                      0         

old[50:56] vs new[50:56]
                  Missing                             0                 0                      0         
    Albumin (g/L)                                                                                        
          Not High                                    83                72                    75         
-                 Not High                        83 (100%)         72 (100%)              75 (100%)     
+                 Not High                        83 (96.5%)        72 (100%)             75 (78.1%)     
                  1                                   0                 0                      0         
                  2                                   0                 0                      0         
                  3                                   0                 0                      0         

old[93:107] vs new[93:107]
                  Missing                             0                 0                      0         
    Alkaline Phosphatase (U/L)                                                                           
          Not High                                    78                71                    71         
-                 Not High                        74 (94.9%)        67 (94.4%)            67 (94.4%)     
+                 Not High                        74 (86.0%)        67 (93.1%)            67 (69.8%)     
-                 1                                3 (3.8%)          4 (5.6%)              4 (5.6%)      
+                 1                                3 (3.5%)          4 (5.6%)              4 (4.2%)      
                  2                                   0                 0                      0         
-                 3                                1 (1.3%)             0                      0         
+                 3                                1 (1.2%)             0                      0         
                  4                                   0                 0                      0         
                  Missing                             0                 0                      0         
          1                                           4                 0                      3         
-                 Not High                        1 (25.0%)             0                      0         
+                 Not High                         1 (1.2%)             0                      0         
-                 1                               3 (75.0%)             0                  3 (100%)      
+                 1                                3 (3.5%)             0                  3 (3.1%)      
                  2                                   0                 0                      0         
                  3                                   0                 0                      0         
                  4                                   0                 0                      0         

old[109:116] vs new[109:116]
          2                                           1                 1                      0         
                  Not High                            0                 0                      0         
                  1                                   0                 0                      0         
-                 2                                   0              1 (100%)                  0         
+                 2                                   0              1 (1.4%)                  0         
-                 3                                1 (100%)             0                      0         
+                 3                                1 (1.2%)             0                      0         
                  4                                   0                 0                      0         
                  Missing                             0                 0                      0         
          3                                           0                 0                      0         

old[128:134] vs new[128:134]
                  4                                   0                 0                      0         
                  Missing                             0                 0                      0         
          Missing                                     0                 0                      1         
-                 Not High                            0                 0                  1 (100%)      
+                 Not High                            0                 0                  1 (1.0%)      
                  1                                   0                 0                      0         
                  2                                   0                 0                      0         
                  3                                   0                 0                      0         

old[136:151] vs new[136:151]
                  Missing                             0                 0                      0         
    Aspartate Aminotransferase (U/L)                                                                     
          Not High                                    77                69                    67         
-                 Not High                        69 (89.6%)        64 (92.8%)            61 (91.0%)     
+                 Not High                        69 (80.2%)        64 (88.9%)            61 (63.5%)     
-                 1                                7 (9.1%)          4 (5.8%)              6 (9.0%)      
+                 1                                7 (8.1%)          4 (5.6%)              6 (6.2%)      
-                 2                                1 (1.3%)          1 (1.4%)                  0         
+                 2                                1 (1.2%)          1 (1.4%)                  0         
                  3                                   0                 0                      0         
                  4                                   0                 0                      0         
                  Missing                             0                 0                      0         
          1                                           6                 3                      8         
-                 Not High                        2 (33.3%)         1 (33.3%)              4 (50.0%)     
+                 Not High                         2 (2.3%)          1 (1.4%)              4 (4.2%)      
-                 1                               3 (50.0%)         2 (66.7%)              3 (37.5%)     
+                 1                                3 (3.5%)          2 (2.8%)              3 (3.1%)      
-                 2                               1 (16.7%)             0                  1 (12.5%)     
+                 2                                1 (1.2%)             0                  1 (1.0%)      
                  3                                   0                 0                      0         
                  4                                   0                 0                      0         
                  Missing                             0                 0                      0         

old[179:201] vs new[179:201]
                  Missing                             0                 0                      0         
    Bilirubin (umol/L)                                                                                   
          Not High                                    81                69                    71         
-                 Not High                        77 (95.1%)        67 (97.1%)            70 (98.6%)     
+                 Not High                        77 (89.5%)        67 (93.1%)            70 (72.9%)     
-                 1                                4 (4.9%)          2 (2.9%)              1 (1.4%)      
+                 1                                4 (4.7%)          2 (2.8%)              1 (1.0%)      
                  2                                   0                 0                      0         
                  3                                   0                 0                      0         
                  4                                   0                 0                      0         
                  Missing                             0                 0                      0         
          1                                           2                 2                      3         
-                 Not High                            0                 0                  2 (66.7%)     
+                 Not High                            0                 0                  2 (2.1%)      
-                 1                               1 (50.0%)             0                      0         
+                 1                                1 (1.2%)             0                      0         
-                 2                                   0              2 (100%)              1 (33.3%)     
+                 2                                   0              2 (2.8%)              1 (1.0%)      
-                 3                               1 (50.0%)             0                      0         
+                 3                                1 (1.2%)             0                      0         
                  4                                   0                 0                      0         
                  Missing                             0                 0                      0         
          2                                           0                 1                      0         
                  Not High                            0                 0                      0         
                  1                                   0                 0                      0         
-                 2                                   0              1 (100%)                  0         
+                 2                                   0              1 (1.4%)                  0         
                  3                                   0                 0                      0         
                  4                                   0                 0                      0         
                  Missing                             0                 0                      0         

old[262:279] vs new[262:279]
                  2                                   0                 0                      0         
                  3                                   0                 0                      0         
                  4                                   0                 0                      0         
-                 Missing                         83 (100%)         72 (100%)              75 (100%)     
+                 Missing                         83 (96.5%)        72 (100%)             75 (78.1%)     
    Calcium (mmol/L)                                                                                     
          Not High                                    83                72                    73         
-                 Not High                        82 (98.8%)        70 (97.2%)            71 (97.3%)     
+                 Not High                        82 (95.3%)        70 (97.2%)            71 (74.0%)     
-                 1                                1 (1.2%)          2 (2.8%)              2 (2.7%)      
+                 1                                1 (1.2%)          2 (2.8%)              2 (2.1%)      
                  2                                   0                 0                      0         
                  3                                   0                 0                      0         
                  4                                   0                 0                      0         
                  Missing                             0                 0                      0         
          1                                           0                 0                      2         
-                 Not High                            0                 0                  1 (50.0%)     
+                 Not High                            0                 0                  1 (1.0%)      
-                 1                                   0                 0                  1 (50.0%)     
+                 1                                   0                 0                  1 (1.0%)      
                  2                                   0                 0                      0         
                  3                                   0                 0                      0         
                  4                                   0                 0                      0         

old[308:316] vs new[308:316]
                  Missing                             0                 0                      0         
    Cholesterol (mmol/L)                                                                                 
          Not High                                    79                70                    74         
-                 Not High                        76 (96.2%)        67 (95.7%)            71 (95.9%)     
+                 Not High                        76 (88.4%)        67 (93.1%)            71 (74.0%)     
-                 1                                1 (1.3%)          3 (4.3%)              1 (1.4%)      
+                 1                                1 (1.2%)          3 (4.2%)              1 (1.0%)      
-                 2                                2 (2.5%)             0                  2 (2.7%)      
+                 2                                2 (2.3%)             0                  2 (2.1%)      
                  3                                   0                 0                      0         
                  4                                   0                 0                      0         
                  Missing                             0                 0                      0         

old[322:330] vs new[322:330]
                  4                                   0                 0                      0         
                  Missing                             0                 0                      0         
          2                                           4                 2                      1         
-                 Not High                        2 (50.0%)         1 (50.0%)                  0         
+                 Not High                         2 (2.3%)          1 (1.4%)                  0         
                  1                                   0                 0                      0         
-                 2                               2 (50.0%)         1 (50.0%)              1 (100%)      
+                 2                                2 (2.3%)          1 (1.4%)              1 (1.0%)      
                  3                                   0                 0                      0         
                  4                                   0                 0                      0         
                  Missing                             0                 0                      0         

old[351:358] vs new[351:358]
                  Missing                             0                 0                      0         
    Creatinine (umol/L)                                                                                  
          Not High                                    82                67                    70         
-                 Not High                        25 (30.5%)        16 (23.9%)            20 (28.6%)     
+                 Not High                        25 (29.1%)        16 (22.2%)            20 (20.8%)     
-                 1                               57 (69.5%)        51 (76.1%)            50 (71.4%)     
+                 1                               57 (66.3%)        51 (70.8%)            50 (52.1%)     
                  2                                   0                 0                      0         
                  3                                   0                 0                      0         
                  4                                   0                 0                      0         

old[359:365] vs new[359:365]
                  Missing                             0                 0                      0         
          1                                           1                 5                      5         
                  Not High                            0                 0                      0         
-                 1                                1 (100%)          5 (100%)              5 (100%)      
+                 1                                1 (1.2%)          5 (6.9%)              5 (5.2%)      
                  2                                   0                 0                      0         
                  3                                   0                 0                      0         
                  4                                   0                 0                      0         

old[394:409] vs new[394:409]
                  Missing                             0                 0                      0         
    Gamma Glutamyl Transferase (U/L)                                                                     
          Not High                                    79                69                    70         
-                 Not High                        76 (96.2%)        64 (92.8%)            65 (92.9%)     
+                 Not High                        76 (88.4%)        64 (88.9%)            65 (67.7%)     
-                 1                                3 (3.8%)          4 (5.8%)              5 (7.1%)      
+                 1                                3 (3.5%)          4 (5.6%)              5 (5.2%)      
                  2                                   0              1 (1.4%)                  0         
                  3                                   0                 0                      0         
                  4                                   0                 0                      0         
                  Missing                             0                 0                      0         
          1                                           3                 3                      5         
-                 Not High                            0                 0                  1 (20.0%)     
+                 Not High                            0                 0                  1 (1.0%)      
-                 1                                3 (100%)         2 (66.7%)              4 (80.0%)     
+                 1                                3 (3.5%)          2 (2.8%)              4 (4.2%)      
-                 2                                   0             1 (33.3%)                  0         
+                 2                                   0              1 (1.4%)                  0         
                  3                                   0                 0                      0         
                  4                                   0                 0                      0         
                  Missing                             0                 0                      0         

old[418:424] vs new[418:424]
                  Not High                            0                 0                      0         
                  1                                   0                 0                      0         
                  2                                   0                 0                      0         
-                 3                                1 (100%)             0                      0         
+                 3                                1 (1.2%)             0                      0         
                  4                                   0                 0                      0         
                  Missing                             0                 0                      0         
          4                                           0                 0                      0         

old[477:486] vs new[477:486]
                  2                                   0                 0                      0         
                  3                                   0                 0                      0         
                  4                                   0                 0                      0         
-                 Missing                             0              1 (100%)                  0         
+                 Missing                             0              1 (1.4%)                  0         
    Phosphate (mmol/L)                                                                                   
          Not High                                    83                72                    74         
-                 Not High                        83 (100%)         72 (100%)              74 (100%)     
+                 Not High                        83 (96.5%)        72 (100%)             74 (77.1%)     
                  1                                   0                 0                      0         
                  2                                   0                 0                      0         
                  3                                   0                 0                      0         

old[515:521] vs new[515:521]
                  4                                   0                 0                      0         
                  Missing                             0                 0                      0         
          Missing                                     0                 0                      1         
-                 Not High                            0                 0                  1 (100%)      
+                 Not High                            0                 0                  1 (1.0%)      
                  1                                   0                 0                      0         
                  2                                   0                 0                      0         
                  3                                   0                 0                      0         

old[563:580] vs new[563:580]
                  2                                   0                 0                      0         
                  3                                   0                 0                      0         
                  4                                   0                 0                      0         
-                 Missing                         83 (100%)         72 (100%)              75 (100%)     
+                 Missing                         83 (96.5%)        72 (100%)             75 (78.1%)     
    Sodium (mmol/L)                                                                                      
          Not High                                    80                68                    75         
-                 Not High                        70 (87.5%)        59 (86.8%)            69 (92.0%)     
+                 Not High                        70 (81.4%)        59 (81.9%)            69 (71.9%)     
-                 1                               10 (12.5%)        7 (10.3%)              6 (8.0%)      
+                 1                               10 (11.6%)         7 (9.7%)              6 (6.2%)      
-                 2                                   0              2 (2.9%)                  0         
+                 2                                   0              2 (2.8%)                  0         
                  3                                   0                 0                      0         
                  4                                   0                 0                      0         
                  Missing                             0                 0                      0         
          1                                           3                 4                      0         
-                 Not High                         3 (100%)         2 (50.0%)                  0         
+                 Not High                         3 (3.5%)          2 (2.8%)                  0         
-                 1                                   0             2 (50.0%)                  0         
+                 1                                   0              2 (2.8%)                  0         
                  2                                   0                 0                      0         
                  3                                   0                 0                      0         
                  4                                   0                 0                      0         

old[649:652] vs new[649:652]
                  2                                   0                 0                      0         
                  3                                   0                 0                      0         
                  4                                   0                 0                      0         
-                 Missing                         83 (100%)         72 (100%)              75 (100%)     
+                 Missing                         83 (96.5%)        72 (100%)             75 (78.1%)     

* Run `testthat::snapshot_accept('table_lbt14')` to accept the change.
* Run `testthat::snapshot_review('table_lbt14')` to interactively review the change.</failure>
    </testcase>
  </testsuite>
  <testsuite name="table_lbt15" timestamp="2024-11-01T09:06:18Z" hostname="f779f5a7cb31" tests="4" skipped="0" failures="0" errors="0" time="1.791">
    <testcase time="0.640000000000015" classname="table_lbt15" name="LBT15_variant_1_works_as_expected"/>
    <testcase time="0.431999999999988" classname="table_lbt15" name="LBT15_variant_1_works_as_expected"/>
    <testcase time="0.530000000000001" classname="table_lbt15" name="LBT15_variant_2_works_as_expected"/>
    <testcase time="0.188999999999993" classname="table_lbt15" name="LBT15_variant_2_works_as_expected"/>
  </testsuite>
  <testsuite name="table_lgrt02" timestamp="2024-11-01T09:06:19Z" hostname="f779f5a7cb31" tests="8" skipped="0" failures="0" errors="0" time="2.768">
    <testcase time="0.505000000000024" classname="table_lgrt02" name="LGRT02_without_interaction_term_is_produced_correctly"/>
    <testcase time="0.138999999999982" classname="table_lgrt02" name="LGRT02_without_interaction_term_is_produced_correctly"/>
    <testcase time="0.561000000000007" classname="table_lgrt02" name="LGRT02_with_categorical_interaction_is_produced_correctly"/>
    <testcase time="0.175000000000011" classname="table_lgrt02" name="LGRT02_with_categorical_interaction_is_produced_correctly"/>
    <testcase time="0.561999999999983" classname="table_lgrt02" name="LGRT02_with_continuous_interaction_is_produced_correctly"/>
    <testcase time="0.170000000000016" classname="table_lgrt02" name="LGRT02_with_continuous_interaction_is_produced_correctly"/>
    <testcase time="0.506999999999977" classname="table_lgrt02" name="LGRT02_with_setting_values_indicating_an_event_and_custom_alpha_level_is_produced_correctly"/>
    <testcase time="0.149000000000001" classname="table_lgrt02" name="LGRT02_with_setting_values_indicating_an_event_and_custom_alpha_level_is_produced_correctly"/>
  </testsuite>
  <testsuite name="table_mht01" timestamp="2024-11-01T09:06:22Z" hostname="f779f5a7cb31" tests="8" skipped="0" failures="0" errors="0" time="1.527">
    <testcase time="0.310000000000002" classname="table_mht01" name="MHT01_variant_1_is_produced_accurately"/>
    <testcase time="0.14100000000002" classname="table_mht01" name="MHT01_variant_1_is_produced_accurately"/>
    <testcase time="0.10499999999999" classname="table_mht01" name="MHT01_variant_2_is_produced_accurately"/>
    <testcase time="0.0829999999999984" classname="table_mht01" name="MHT01_variant_2_is_produced_accurately"/>
    <testcase time="0.262" classname="table_mht01" name="MHT01_variant_3_is_produced_accurately"/>
    <testcase time="0.117999999999995" classname="table_mht01" name="MHT01_variant_3_is_produced_accurately"/>
    <testcase time="0.348000000000013" classname="table_mht01" name="MHT01_variant_5_is_produced_accurately"/>
    <testcase time="0.159999999999997" classname="table_mht01" name="MHT01_variant_5_is_produced_accurately"/>
  </testsuite>
  <testsuite name="table_onct05" timestamp="2024-11-01T09:06:24Z" hostname="f779f5a7cb31" tests="8" skipped="0" failures="0" errors="0" time="1.981">
    <testcase time="0.432999999999993" classname="table_onct05" name="ONCT05_variant_1_Objective_Response_Rate_by_Subgroup_is_produced_correctly"/>
    <testcase time="0.12299999999999" classname="table_onct05" name="ONCT05_variant_1_Objective_Response_Rate_by_Subgroup_is_produced_correctly"/>
    <testcase time="0.461000000000013" classname="table_onct05" name="ONCT05_variant_2_Specifying_class_variables_is_produced_correctly"/>
    <testcase time="0.128999999999991" classname="table_onct05" name="ONCT05_variant_2_Specifying_class_variables_is_produced_correctly"/>
    <testcase time="0.203000000000003" classname="table_onct05" name="ONCT05_variant_3_selecting_columns_and_changing_the_alpha_level_is_produced_correctly"/>
    <testcase time="0.0860000000000127" classname="table_onct05" name="ONCT05_variant_3_selecting_columns_and_changing_the_alpha_level_is_produced_correctly"/>
    <testcase time="0.433999999999997" classname="table_onct05" name="ONCT05_variant_4_setting_values_indicating_response_is_produced_correctly"/>
    <testcase time="0.111999999999995" classname="table_onct05" name="ONCT05_variant_4_setting_values_indicating_response_is_produced_correctly"/>
  </testsuite>
  <testsuite name="table_pdt01" timestamp="2024-11-01T09:06:26Z" hostname="f779f5a7cb31" tests="2" skipped="0" failures="0" errors="0" time="0.41">
    <testcase time="0.26400000000001" classname="table_pdt01" name="PDT01_is_produced_correctly"/>
    <testcase time="0.145999999999987" classname="table_pdt01" name="PDT01_is_produced_correctly"/>
  </testsuite>
  <testsuite name="table_pdt02" timestamp="2024-11-01T09:06:26Z" hostname="f779f5a7cb31" tests="2" skipped="0" failures="0" errors="0" time="0.238">
    <testcase time="0.161000000000001" classname="table_pdt02" name="PDT02_is_produced_correctly"/>
    <testcase time="0.0769999999999982" classname="table_pdt02" name="PDT02_is_produced_correctly"/>
  </testsuite>
  <testsuite name="table_pkct01" timestamp="2024-11-01T09:06:26Z" hostname="f779f5a7cb31" tests="10" skipped="0" failures="0" errors="0" time="3.144">
    <testcase time="0.271999999999991" classname="table_pkct01" name="PKCT01_is_produced_correctly"/>
    <testcase time="0.120000000000005" classname="table_pkct01" name="PKCT01_is_produced_correctly"/>
    <testcase time="0.123000000000019" classname="table_pkct01" name="PKCT01_is_produced_correctly"/>
    <testcase time="0.0579999999999927" classname="table_pkct01" name="PKCT01_is_produced_correctly"/>
    <testcase time="0.89500000000001" classname="table_pkct01" name="Specific_PKCT01_features_are_present"/>
    <testcase time="0.220999999999975" classname="table_pkct01" name="Specific_PKCT01_features_are_present"/>
    <testcase time="0.196000000000026" classname="table_pkct01" name="Specific_PKCT01_features_are_present"/>
    <testcase time="0.0029999999999859" classname="table_pkct01" name="Specific_PKCT01_features_are_present"/>
    <testcase time="0.699999999999989" classname="table_pkct01" name="Specific_PKCT01_features_are_present"/>
    <testcase time="0.556000000000012" classname="table_pkct01" name="Specific_PKCT01_features_are_present"/>
  </testsuite>
  <testsuite name="table_pkpt02" timestamp="2024-11-01T09:06:29Z" hostname="f779f5a7cb31" tests="2" skipped="0" failures="0" errors="0" time="0.539">
    <testcase time="0.306000000000012" classname="table_pkpt02" name="PKPT02_is_produced_correctly_for_Drug_X"/>
    <testcase time="0.232999999999976" classname="table_pkpt02" name="PKPT02_is_produced_correctly_for_Drug_X"/>
  </testsuite>
  <testsuite name="table_pkpt03" timestamp="2024-11-01T09:06:30Z" hostname="f779f5a7cb31" tests="2" skipped="0" failures="0" errors="0" time="1.124">
    <testcase time="0.926000000000016" classname="table_pkpt03" name="PKPT03_Drug_X_is_produced_correctly"/>
    <testcase time="0.198000000000008" classname="table_pkpt03" name="PKPT03_Drug_X_is_produced_correctly"/>
  </testsuite>
  <testsuite name="table_pkpt04" timestamp="2024-11-01T09:06:31Z" hostname="f779f5a7cb31" tests="2" skipped="0" failures="0" errors="0" time="0.2">
    <testcase time="0.113" classname="table_pkpt04" name="PKPT04_is_produced_correctly_for_Drug_X"/>
    <testcase time="0.0869999999999891" classname="table_pkpt04" name="PKPT04_is_produced_correctly_for_Drug_X"/>
  </testsuite>
  <testsuite name="table_pkpt05" timestamp="2024-11-01T09:06:31Z" hostname="f779f5a7cb31" tests="2" skipped="0" failures="0" errors="0" time="0.639">
    <testcase time="0.532000000000011" classname="table_pkpt05" name="PKPT05_Drug_X_is_produced_correctly"/>
    <testcase time="0.106999999999999" classname="table_pkpt05" name="PKPT05_Drug_X_is_produced_correctly"/>
  </testsuite>
  <testsuite name="table_pkpt06" timestamp="2024-11-01T09:06:32Z" hostname="f779f5a7cb31" tests="4" skipped="0" failures="0" errors="0" time="0.268">
    <testcase time="0.0879999999999939" classname="table_pkpt06" name="PKPT06_is_produced_correctly_for_Drug_X"/>
    <testcase time="0.0739999999999839" classname="table_pkpt06" name="PKPT06_is_produced_correctly_for_Drug_X"/>
    <testcase time="0.0510000000000161" classname="table_pkpt06" name="PKPT06_is_produced_correctly_for_Drug_Y"/>
    <testcase time="0.0550000000000068" classname="table_pkpt06" name="PKPT06_is_produced_correctly_for_Drug_Y"/>
  </testsuite>
  <testsuite name="table_pkpt07" timestamp="2024-11-01T09:06:32Z" hostname="f779f5a7cb31" tests="4" skipped="0" failures="0" errors="0" time="0.519">
    <testcase time="0.211999999999989" classname="table_pkpt07" name="PKPT07_Drug_X_is_produced_correctly"/>
    <testcase time="0.0980000000000132" classname="table_pkpt07" name="PKPT07_Drug_X_is_produced_correctly"/>
    <testcase time="0.120999999999981" classname="table_pkpt07" name="PKPT07_Drug_Y_is_produced_correctly"/>
    <testcase time="0.0879999999999939" classname="table_pkpt07" name="PKPT07_Drug_Y_is_produced_correctly"/>
  </testsuite>
  <testsuite name="table_ratet01" timestamp="2024-11-01T09:06:33Z" hostname="f779f5a7cb31" tests="2" skipped="0" failures="0" errors="0" time="0.683">
    <testcase time="0.551000000000016" classname="table_ratet01" name="RATET01_is_produced_correctly"/>
    <testcase time="0.132000000000005" classname="table_ratet01" name="RATET01_is_produced_correctly"/>
  </testsuite>
  <testsuite name="table_rmpt01" timestamp="2024-11-01T09:06:33Z" hostname="f779f5a7cb31" tests="2" skipped="0" failures="0" errors="0" time="0.187">
    <testcase time="0.129999999999995" classname="table_rmpt01" name="RMPT01_is_produced_correctly"/>
    <testcase time="0.0569999999999879" classname="table_rmpt01" name="RMPT01_is_produced_correctly"/>
  </testsuite>
  <testsuite name="table_rmpt03" timestamp="2024-11-01T09:06:34Z" hostname="f779f5a7cb31" tests="4" skipped="0" failures="0" errors="0" time="0.536">
    <testcase time="0.199000000000012" classname="table_rmpt03" name="RMPT03_variant_1_is_produced_correctly"/>
    <testcase time="0.085000000000008" classname="table_rmpt03" name="RMPT03_variant_1_is_produced_correctly"/>
    <testcase time="0.153999999999996" classname="table_rmpt03" name="RMPT03_variant_2_is_produced_correctly"/>
    <testcase time="0.0979999999999848" classname="table_rmpt03" name="RMPT03_variant_2_is_produced_correctly"/>
  </testsuite>
  <testsuite name="table_rmpt04" timestamp="2024-11-01T09:06:34Z" hostname="f779f5a7cb31" tests="2" skipped="0" failures="0" errors="0" time="0.191">
    <testcase time="0.131" classname="table_rmpt04" name="RMPT04_variant_1_is_produced_correctly"/>
    <testcase time="0.0600000000000023" classname="table_rmpt04" name="RMPT04_variant_1_is_produced_correctly"/>
  </testsuite>
  <testsuite name="table_rmpt05" timestamp="2024-11-01T09:06:34Z" hostname="f779f5a7cb31" tests="2" skipped="0" failures="0" errors="0" time="0.23">
    <testcase time="0.158999999999992" classname="table_rmpt05" name="RMPT05_is_produced_correctly"/>
    <testcase time="0.0710000000000264" classname="table_rmpt05" name="RMPT05_is_produced_correctly"/>
  </testsuite>
  <testsuite name="table_rmpt06" timestamp="2024-11-01T09:06:34Z" hostname="f779f5a7cb31" tests="8" skipped="0" failures="0" errors="0" time="1.52">
    <testcase time="0.314999999999998" classname="table_rmpt06" name="RMPT06_variant_1_is_produced_correctly"/>
    <testcase time="0.10499999999999" classname="table_rmpt06" name="RMPT06_variant_1_is_produced_correctly"/>
    <testcase time="0.205999999999989" classname="table_rmpt06" name="RMPT06_variant_2_is_produced_correctly"/>
    <testcase time="0.085000000000008" classname="table_rmpt06" name="RMPT06_variant_2_is_produced_correctly"/>
    <testcase time="0.289000000000016" classname="table_rmpt06" name="RMPT06_variant_3_is_produced_correctly"/>
    <testcase time="0.113" classname="table_rmpt06" name="RMPT06_variant_3_is_produced_correctly"/>
    <testcase time="0.292999999999978" classname="table_rmpt06" name="RMPT06_variant_4_is_produced_correctly"/>
    <testcase time="0.114000000000004" classname="table_rmpt06" name="RMPT06_variant_4_is_produced_correctly"/>
  </testsuite>
  <testsuite name="table_rspt01" timestamp="2024-11-01T09:06:36Z" hostname="f779f5a7cb31" tests="12" skipped="0" failures="0" errors="0" time="2.336">
    <testcase time="0.266999999999996" classname="table_rspt01" name="RSPT01_1._Best_Overall_Response"/>
    <testcase time="0.117000000000019" classname="table_rspt01" name="RSPT01_1._Best_Overall_Response"/>
    <testcase time="0.257999999999981" classname="table_rspt01" name="RSPT01_2._Best_Overall_Response_selecting_sections_to_display_"/>
    <testcase time="0.120000000000005" classname="table_rspt01" name="RSPT01_2._Best_Overall_Response_selecting_sections_to_display_"/>
    <testcase time="0.299000000000007" classname="table_rspt01" name="RSPT01_3._Best_Overall_Response_modifying_settings_"/>
    <testcase time="0.106999999999999" classname="table_rspt01" name="RSPT01_3._Best_Overall_Response_modifying_settings_"/>
    <testcase time="0.341999999999985" classname="table_rspt01" name="RSPT01_4._Best_Overall_Response_with_stratified_analysis_"/>
    <testcase time="0.126000000000005" classname="table_rspt01" name="RSPT01_4._Best_Overall_Response_with_stratified_analysis_"/>
    <testcase time="0.27600000000001" classname="table_rspt01" name="RSPT01_5._Best_Overall_Response_modifying_the_definition_of_overall_response_"/>
    <testcase time="0.11099999999999" classname="table_rspt01" name="RSPT01_5._Best_Overall_Response_modifying_the_definition_of_overall_response_"/>
    <testcase time="0.213000000000022" classname="table_rspt01" name="RSPT01_6._Best_Overall_Response_define_new_sections_to_display_"/>
    <testcase time="0.0999999999999943" classname="table_rspt01" name="RSPT01_6._Best_Overall_Response_define_new_sections_to_display_"/>
  </testsuite>
  <testsuite name="table_ttet01" timestamp="2024-11-01T09:06:38Z" hostname="f779f5a7cb31" tests="14" skipped="0" failures="0" errors="0" time="3.452">
    <testcase time="0.417999999999978" classname="table_ttet01" name="TTET01_default_variant_is_produced_correctly"/>
    <testcase time="0.176000000000016" classname="table_ttet01" name="TTET01_default_variant_is_produced_correctly"/>
    <testcase time="0.393000000000001" classname="table_ttet01" name="TTET01_default_variant_with_Placebo_arm"/>
    <testcase time="0.170999999999992" classname="table_ttet01" name="TTET01_default_variant_with_Placebo_arm"/>
    <testcase time="0.199000000000012" classname="table_ttet01" name="TTET01_variant_2_selecting_sections_to_display"/>
    <testcase time="0.123999999999995" classname="table_ttet01" name="TTET01_variant_2_selecting_sections_to_display"/>
    <testcase time="0.306999999999988" classname="table_ttet01" name="TTET01_variant_3_modifying_analysis_details_like_conftype_ties_alpha_level"/>
    <testcase time="0.146000000000015" classname="table_ttet01" name="TTET01_variant_3_modifying_analysis_details_like_conftype_ties_alpha_level"/>
    <testcase time="0.352000000000004" classname="table_ttet01" name="TTET01_variant_4_with_stratified_analysis"/>
    <testcase time="0.162999999999982" classname="table_ttet01" name="TTET01_variant_4_with_stratified_analysis"/>
    <testcase time="0.311000000000007" classname="table_ttet01" name="TTET01_variant_5_modifying_time_point"/>
    <testcase time="0.134999999999991" classname="table_ttet01" name="TTET01_variant_5_modifying_time_point"/>
    <testcase time="0.399000000000001" classname="table_ttet01" name="TTET01_variant_6_requesting_more_than_one_p_value"/>
    <testcase time="0.158000000000015" classname="table_ttet01" name="TTET01_variant_6_requesting_more_than_one_p_value"/>
  </testsuite>
  <testsuite name="table_vst01" timestamp="2024-11-01T09:06:42Z" hostname="f779f5a7cb31" tests="2" skipped="0" failures="0" errors="0" time="1.042">
    <testcase time="0.745000000000005" classname="table_vst01" name="VST01_default_variant_is_produced_correctly"/>
    <testcase time="0.296999999999997" classname="table_vst01" name="VST01_default_variant_is_produced_correctly"/>
  </testsuite>
  <testsuite name="table_vst02" timestamp="2024-11-01T09:06:43Z" hostname="f779f5a7cb31" tests="4" skipped="0" failures="0" errors="0" time="0.939">
    <testcase time="0.377999999999986" classname="table_vst02" name="1._Vital_Sign_Abnormalities_Regardless_of_Abnormality_at_Baseline_VST02_1_"/>
    <testcase time="0.12700000000001" classname="table_vst02" name="1._Vital_Sign_Abnormalities_Regardless_of_Abnormality_at_Baseline_VST02_1_"/>
    <testcase time="0.298000000000002" classname="table_vst02" name="2._Vital_Sign_Abnormalities_Among_Subject_Without_Abnormality_at_Baseline_VST02_2_"/>
    <testcase time="0.135999999999996" classname="table_vst02" name="2._Vital_Sign_Abnormalities_Among_Subject_Without_Abnormality_at_Baseline_VST02_2_"/>
  </testsuite>
</testsuites>
