<?xml version="1.0" encoding="UTF-8"?>
<testsuites>
  <testsuite name="listing_adal02" timestamp="2024-11-07T01:49:39Z" hostname="dd3140bb6207" tests="1" skipped="0" failures="0" errors="0" time="0.254">
    <testcase time="0.254" classname="listing_adal02" name="ADAL02_listing_is_produced_correctly"/>
  </testsuite>
  <testsuite name="listing_ael01" timestamp="2024-11-07T01:49:39Z" hostname="dd3140bb6207" tests="1" skipped="0" failures="0" errors="0" time="0.204">
    <testcase time="0.204000000000001" classname="listing_ael01" name="AEL01_listing_is_produced_correctly"/>
  </testsuite>
  <testsuite name="listing_ael01_nollt" timestamp="2024-11-07T01:49:40Z" hostname="dd3140bb6207" tests="1" skipped="0" failures="0" errors="0" time="0.076">
    <testcase time="0.0760000000000005" classname="listing_ael01_nollt" name="AEL01_NOLLT_listing_is_produced_correctly"/>
  </testsuite>
  <testsuite name="listing_ael02" timestamp="2024-11-07T01:49:40Z" hostname="dd3140bb6207" tests="1" skipped="0" failures="0" errors="0" time="0.296">
    <testcase time="0.295999999999999" classname="listing_ael02" name="AEL02_listing_is_produced_correctly"/>
  </testsuite>
  <testsuite name="listing_ael02_ed" timestamp="2024-11-07T01:49:40Z" hostname="dd3140bb6207" tests="1" skipped="0" failures="0" errors="0" time="0.35">
    <testcase time="0.35" classname="listing_ael02_ed" name="AEL02_ED_listing_is_produced_correctly"/>
  </testsuite>
  <testsuite name="listing_ael03" timestamp="2024-11-07T01:49:40Z" hostname="dd3140bb6207" tests="1" skipped="0" failures="0" errors="0" time="0.285">
    <testcase time="0.285" classname="listing_ael03" name="AEL03_listing_is_produced_correctly"/>
  </testsuite>
  <testsuite name="listing_ael04" timestamp="2024-11-07T01:49:41Z" hostname="dd3140bb6207" tests="1" skipped="0" failures="0" errors="0" time="0.231">
    <testcase time="0.231" classname="listing_ael04" name="AEL04_listing_is_produced_correctly"/>
  </testsuite>
  <testsuite name="listing_cml01" timestamp="2024-11-07T01:49:41Z" hostname="dd3140bb6207" tests="1" skipped="0" failures="0" errors="0" time="0.34">
    <testcase time="0.34" classname="listing_cml01" name="CML01_listing_is_produced_correctly"/>
  </testsuite>
  <testsuite name="listing_cml02a_gl" timestamp="2024-11-07T01:49:41Z" hostname="dd3140bb6207" tests="1" skipped="0" failures="0" errors="0" time="0.119">
    <testcase time="0.119" classname="listing_cml02a_gl" name="CML02A_GL_listing_is_produced_correctly"/>
  </testsuite>
  <testsuite name="listing_cml02b_gl" timestamp="2024-11-07T01:49:41Z" hostname="dd3140bb6207" tests="1" skipped="0" failures="0" errors="0" time="0.174">
    <testcase time="0.174000000000001" classname="listing_cml02b_gl" name="CML02B_GL_listing_is_produced_correctly"/>
  </testsuite>
  <testsuite name="listing_dsl01" timestamp="2024-11-07T01:49:41Z" hostname="dd3140bb6207" tests="1" skipped="0" failures="0" errors="0" time="0.18">
    <testcase time="0.18" classname="listing_dsl01" name="DSL01_listing_is_produced_correctly"/>
  </testsuite>
  <testsuite name="listing_dsl02" timestamp="2024-11-07T01:49:42Z" hostname="dd3140bb6207" tests="1" skipped="0" failures="0" errors="0" time="0.076">
    <testcase time="0.0759999999999987" classname="listing_dsl02" name="DSL02_listing_is_produced_correctly"/>
  </testsuite>
  <testsuite name="listing_dsur4" timestamp="2024-11-07T01:49:42Z" hostname="dd3140bb6207" tests="1" skipped="0" failures="0" errors="0" time="0.115">
    <testcase time="0.115" classname="listing_dsur4" name="DSUR4_listing_is_produced_correctly"/>
  </testsuite>
  <testsuite name="listing_egl01" timestamp="2024-11-07T01:49:42Z" hostname="dd3140bb6207" tests="1" skipped="0" failures="0" errors="0" time="0.297">
    <testcase time="0.297000000000001" classname="listing_egl01" name="EGL01_listing_is_produced_correctly"/>
  </testsuite>
  <testsuite name="listing_exl01" timestamp="2024-11-07T01:49:42Z" hostname="dd3140bb6207" tests="1" skipped="0" failures="0" errors="0" time="0.225">
    <testcase time="0.225" classname="listing_exl01" name="EXL01_listing_is_produced_correctly"/>
  </testsuite>
  <testsuite name="listing_lbl01" timestamp="2024-11-07T01:49:42Z" hostname="dd3140bb6207" tests="1" skipped="0" failures="0" errors="0" time="0.536">
    <testcase time="0.536" classname="listing_lbl01" name="LBL01_listing_is_produced_correctly"/>
  </testsuite>
  <testsuite name="listing_lbl01_rls" timestamp="2024-11-07T01:49:43Z" hostname="dd3140bb6207" tests="1" skipped="0" failures="0" errors="0" time="0.558">
    <testcase time="0.558000000000002" classname="listing_lbl01_rls" name="LBL01_RLS_listing_is_produced_correctly"/>
  </testsuite>
  <testsuite name="listing_lbl02a" timestamp="2024-11-07T01:49:43Z" hostname="dd3140bb6207" tests="1" skipped="0" failures="0" errors="0" time="0.258">
    <testcase time="0.257999999999999" classname="listing_lbl02a" name="LBL02A_listing_is_produced_correctly"/>
  </testsuite>
  <testsuite name="listing_lbl02a_rls" timestamp="2024-11-07T01:49:44Z" hostname="dd3140bb6207" tests="1" skipped="0" failures="0" errors="0" time="0.853">
    <testcase time="0.853" classname="listing_lbl02a_rls" name="LBL02A_RLS_listing_is_produced_correctly"/>
  </testsuite>
  <testsuite name="listing_lbl02b" timestamp="2024-11-07T01:49:45Z" hostname="dd3140bb6207" tests="1" skipped="0" failures="0" errors="0" time="0.269">
    <testcase time="0.269" classname="listing_lbl02b" name="LBL02B_listing_is_produced_correctly"/>
  </testsuite>
  <testsuite name="listing_mhl01" timestamp="2024-11-07T01:49:45Z" hostname="dd3140bb6207" tests="1" skipped="0" failures="0" errors="0" time="0.259">
    <testcase time="0.259" classname="listing_mhl01" name="MHL01_listing_is_produced_correctly"/>
  </testsuite>
  <testsuite name="listing_oncl01" timestamp="2024-11-07T01:49:45Z" hostname="dd3140bb6207" tests="1" skipped="0" failures="0" errors="0" time="0.242">
    <testcase time="0.241999999999999" classname="listing_oncl01" name="ONCL01_listing_is_produced_correctly"/>
  </testsuite>
  <testsuite name="listing_pkcl01" timestamp="2024-11-07T01:49:45Z" hostname="dd3140bb6207" tests="1" skipped="0" failures="0" errors="0" time="0.194">
    <testcase time="0.194000000000001" classname="listing_pkcl01" name="PKCL01_listing_is_produced_correctly"/>
  </testsuite>
  <testsuite name="listing_pkcl02" timestamp="2024-11-07T01:49:45Z" hostname="dd3140bb6207" tests="1" skipped="0" failures="0" errors="0" time="0.207">
    <testcase time="0.207000000000001" classname="listing_pkcl02" name="PKCL02_listing_is_produced_correctly"/>
  </testsuite>
  <testsuite name="listing_pkpl01" timestamp="2024-11-07T01:49:46Z" hostname="dd3140bb6207" tests="1" skipped="0" failures="0" errors="0" time="0.249">
    <testcase time="0.249000000000001" classname="listing_pkpl01" name="PKPL01_listing_is_produced_correctly"/>
  </testsuite>
  <testsuite name="listing_pkpl02" timestamp="2024-11-07T01:49:46Z" hostname="dd3140bb6207" tests="1" skipped="0" failures="0" errors="0" time="0.173">
    <testcase time="0.172999999999998" classname="listing_pkpl02" name="PKPL02_listing_is_produced_correctly"/>
  </testsuite>
  <testsuite name="listing_pkpl04" timestamp="2024-11-07T01:49:46Z" hostname="dd3140bb6207" tests="1" skipped="0" failures="0" errors="0" time="0.203">
    <testcase time="0.202999999999999" classname="listing_pkpl04" name="PKPL04_listing_is_produced_correctly"/>
  </testsuite>
  <testsuite name="listing_vsl01" timestamp="2024-11-07T01:49:46Z" hostname="dd3140bb6207" tests="1" skipped="0" failures="0" errors="0" time="0.458">
    <testcase time="0.458000000000002" classname="listing_vsl01" name="VSL01_listing_is_produced_correctly"/>
  </testsuite>
  <testsuite name="pagination_listing" timestamp="2024-11-07T01:49:47Z" hostname="dd3140bb6207" tests="13" skipped="0" failures="0" errors="0" time="6.207">
    <testcase time="0.0599999999999987" classname="pagination_listing" name="Direct_pagination_works_fine"/>
    <testcase time="0.995000000000001" classname="pagination_listing" name="Direct_pagination_works_fine"/>
    <testcase time="0.00399999999999778" classname="pagination_listing" name="Direct_pagination_works_fine"/>
    <testcase time="0.908000000000001" classname="pagination_listing" name="Direct_pagination_works_fine"/>
    <testcase time="1.29" classname="pagination_listing" name="Direct_pagination_works_fine"/>
    <testcase time="1.383" classname="pagination_listing" name="pagination_counts_the_right_number_of_lines_when_wrapping_on_keycols_is_present"/>
    <testcase time="0.00600000000000023" classname="pagination_listing" name="pagination_counts_the_right_number_of_lines_when_wrapping_on_keycols_is_present"/>
    <testcase time="0.00599999999999667" classname="pagination_listing" name="pagination_counts_the_right_number_of_lines_when_wrapping_on_keycols_is_present"/>
    <testcase time="0.00300000000000011" classname="pagination_listing" name="pagination_counts_the_right_number_of_lines_when_wrapping_on_keycols_is_present"/>
    <testcase time="1.54" classname="pagination_listing" name="pagination_counts_the_right_number_of_lines_when_wrapping_on_keycols_is_present"/>
    <testcase time="0.00499999999999901" classname="pagination_listing" name="pagination_counts_the_right_number_of_lines_when_wrapping_on_keycols_is_present"/>
    <testcase time="0.00399999999999778" classname="pagination_listing" name="pagination_counts_the_right_number_of_lines_when_wrapping_on_keycols_is_present"/>
    <testcase time="0.00300000000000011" classname="pagination_listing" name="pagination_counts_the_right_number_of_lines_when_wrapping_on_keycols_is_present"/>
  </testsuite>
  <testsuite name="pagination_table" timestamp="2024-11-07T01:49:54Z" hostname="dd3140bb6207" tests="30" skipped="0" failures="0" errors="0" time="14.628">
    <testcase time="1.83" classname="pagination_table" name="Direct_pagination_with_standard_values"/>
    <testcase time="0.00499999999999901" classname="pagination_table" name="Direct_pagination_with_standard_values"/>
    <testcase time="0.00400000000000134" classname="pagination_table" name="Direct_pagination_with_standard_values"/>
    <testcase time="1.282" classname="pagination_table" name="Pagination_with_specific_column_widths_and_minimum_lines_per_page"/>
    <testcase time="0.00300000000000011" classname="pagination_table" name="Pagination_with_specific_column_widths_and_minimum_lines_per_page"/>
    <testcase time="0.128999999999998" classname="pagination_table" name="Pagination_with_specific_column_widths_and_minimum_lines_per_page"/>
    <testcase time="0.959" classname="pagination_table" name="Pagination_works_also_if_table_is_decorated"/>
    <testcase time="0.575000000000003" classname="pagination_table" name="Pagination_works_also_if_table_is_decorated"/>
    <testcase time="0.814" classname="pagination_table" name="Pagination_works_also_if_table_is_decorated"/>
    <testcase time="0.721999999999998" classname="pagination_table" name="Pagination_works_also_if_table_is_decorated"/>
    <testcase time="1.386" classname="pagination_table" name="Pagination_works_also_if_table_is_decorated"/>
    <testcase time="0.328000000000003" classname="pagination_table" name="Pagination_works_also_if_table_is_decorated"/>
    <testcase time="0.00400000000000134" classname="pagination_table" name="Pagination_works_also_if_table_is_decorated"/>
    <testcase time="0.0229999999999997" classname="pagination_table" name="Pagination_works_also_if_table_is_decorated"/>
    <testcase time="0.152999999999999" classname="pagination_table" name="Pagination_works_also_if_table_is_decorated"/>
    <testcase time="0.0899999999999999" classname="pagination_table" name="Pagination_works_also_if_table_is_decorated"/>
    <testcase time="0.739000000000004" classname="pagination_table" name="Pagination_works_for_page_types"/>
    <testcase time="0.0929999999999964" classname="pagination_table" name="Pagination_works_for_page_types"/>
    <testcase time="0.728000000000002" classname="pagination_table" name="Pagination_works_for_page_types"/>
    <testcase time="0.0910000000000011" classname="pagination_table" name="Pagination_works_for_page_types"/>
    <testcase time="0.686" classname="pagination_table" name="Pagination_works_for_page_types"/>
    <testcase time="0.414999999999999" classname="pagination_table" name="Pagination_works_for_page_types"/>
    <testcase time="0.731000000000002" classname="pagination_table" name="Pagination_works_for_page_width_and_height"/>
    <testcase time="0.137999999999998" classname="pagination_table" name="Pagination_works_for_page_width_and_height"/>
    <testcase time="0.860999999999997" classname="pagination_table" name="Pagination_works_for_page_types"/>
    <testcase time="0.169000000000004" classname="pagination_table" name="Pagination_works_for_page_types"/>
    <testcase time="0.864999999999995" classname="pagination_table" name="AET04_variant_2_page_by_pagination_tests"/>
    <testcase time="0.647000000000006" classname="pagination_table" name="AET04_variant_2_page_by_pagination_tests"/>
    <testcase time="0.00199999999999534" classname="pagination_table" name="AET04_variant_2_page_by_pagination_tests"/>
    <testcase time="0.155999999999999" classname="pagination_table" name="AET04_variant_2_page_by_pagination_tests"/>
  </testsuite>
  <testsuite name="table_adat03" timestamp="2024-11-07T01:50:08Z" hostname="dd3140bb6207" tests="2" skipped="0" failures="0" errors="0" time="0.577">
    <testcase time="0.427000000000007" classname="table_adat03" name="ADAT03_is_produced_correctly"/>
    <testcase time="0.149999999999999" classname="table_adat03" name="ADAT03_is_produced_correctly"/>
  </testsuite>
  <testsuite name="table_aet01" timestamp="2024-11-07T01:50:08Z" hostname="dd3140bb6207" tests="8" skipped="0" failures="0" errors="0" time="1.911">
    <testcase time="0.412999999999997" classname="table_aet01" name="Safety_Summary_Variant_1_works_as_expected"/>
    <testcase time="0.109000000000002" classname="table_aet01" name="Safety_Summary_Variant_1_works_as_expected"/>
    <testcase time="0.356999999999999" classname="table_aet01" name="Safety_Summary_Variant_2_with_Medical_Concepts_Section_works_as_expected"/>
    <testcase time="0.133000000000003" classname="table_aet01" name="Safety_Summary_Variant_2_with_Medical_Concepts_Section_works_as_expected"/>
    <testcase time="0.262999999999998" classname="table_aet01" name="Safety_Summary_Variant_3_with_Modified_Rows_works_as_expected"/>
    <testcase time="0.116" classname="table_aet01" name="Safety_Summary_Variant_3_with_Modified_Rows_works_as_expected"/>
    <testcase time="0.384" classname="table_aet01" name="Safety_Summary_Variant_4_with_Rows_Counting_Events_and_Additional_Sections_works_as_expected"/>
    <testcase time="0.136000000000003" classname="table_aet01" name="Safety_Summary_Variant_4_with_Rows_Counting_Events_and_Additional_Sections_works_as_expected"/>
  </testsuite>
  <testsuite name="table_aet01_aesi" timestamp="2024-11-07T01:50:10Z" hostname="dd3140bb6207" tests="8" skipped="0" failures="0" errors="0" time="2.927">
    <testcase time="0.270999999999994" classname="table_aet01_aesi" name="AET01_AESI_Variant_1_works_as_expected"/>
    <testcase time="0.116" classname="table_aet01_aesi" name="AET01_AESI_Variant_1_works_as_expected"/>
    <testcase time="0.513000000000005" classname="table_aet01_aesi" name="AET01_AESI_Variant_2_works_as_expected"/>
    <testcase time="0.162999999999997" classname="table_aet01_aesi" name="AET01_AESI_Variant_2_works_as_expected"/>
    <testcase time="0.870000000000005" classname="table_aet01_aesi" name="AET01_AESI_Variant_3_works_as_expected"/>
    <testcase time="0.215999999999994" classname="table_aet01_aesi" name="AET01_AESI_Variant_3_works_as_expected"/>
    <testcase time="0.563000000000002" classname="table_aet01_aesi" name="AET01_AESI_Variant_4_works_as_expected"/>
    <testcase time="0.215000000000003" classname="table_aet01_aesi" name="AET01_AESI_Variant_4_works_as_expected"/>
  </testsuite>
  <testsuite name="table_aet02" timestamp="2024-11-07T01:50:13Z" hostname="dd3140bb6207" tests="26" skipped="0" failures="0" errors="0" time="8.405">
    <testcase time="0.541999999999994" classname="table_aet02" name="AET02_variant_1_is_produced_correctly"/>
    <testcase time="0.183" classname="table_aet02" name="AET02_variant_1_is_produced_correctly"/>
    <testcase time="0.423999999999999" classname="table_aet02" name="AET02_variant_1_is_produced_correctly"/>
    <testcase time="0.0910000000000011" classname="table_aet02" name="AET02_variant_1_is_produced_correctly"/>
    <testcase time="0.644000000000005" classname="table_aet02" name="AET02_variant_2_is_produced_correctly"/>
    <testcase time="0.184999999999995" classname="table_aet02" name="AET02_variant_2_is_produced_correctly"/>
    <testcase time="0.945" classname="table_aet02" name="AET02_variant_3_is_produced_correctly"/>
    <testcase time="0.301000000000002" classname="table_aet02" name="AET02_variant_3_is_produced_correctly"/>
    <testcase time="0.146999999999998" classname="table_aet02" name="AET02_variant_4_is_produced_correctly"/>
    <testcase time="0.108000000000004" classname="table_aet02" name="AET02_variant_4_is_produced_correctly"/>
    <testcase time="0.443999999999996" classname="table_aet02" name="AET02_variant_5_is_produced_correctly"/>
    <testcase time="0.164000000000001" classname="table_aet02" name="AET02_variant_5_is_produced_correctly"/>
    <testcase time="0.399000000000001" classname="table_aet02" name="AET02_variant_6_is_produced_correctly"/>
    <testcase time="0.109999999999999" classname="table_aet02" name="AET02_variant_6_is_produced_correctly"/>
    <testcase time="0.994" classname="table_aet02" name="AET02_variant_7_is_produced_correctly"/>
    <testcase time="0.151000000000003" classname="table_aet02" name="AET02_variant_7_is_produced_correctly"/>
    <testcase time="0.408999999999999" classname="table_aet02" name="AET02_variant_8_is_produced_correctly"/>
    <testcase time="0.0760000000000005" classname="table_aet02" name="AET02_variant_8_is_produced_correctly"/>
    <testcase time="0.414999999999999" classname="table_aet02" name="AET02_variant_9_is_produced_correctly"/>
    <testcase time="0.116" classname="table_aet02" name="AET02_variant_9_is_produced_correctly"/>
    <testcase time="0.463999999999999" classname="table_aet02" name="AET02_variant_10_is_produced_correctly"/>
    <testcase time="0.0889999999999986" classname="table_aet02" name="AET02_variant_10_is_produced_correctly"/>
    <testcase time="0.410000000000004" classname="table_aet02" name="AET02_variant_11_is_produced_correctly"/>
    <testcase time="0.0869999999999962" classname="table_aet02" name="AET02_variant_11_is_produced_correctly"/>
    <testcase time="0.411000000000001" classname="table_aet02" name="AET02_variant_12_is_produced_correctly"/>
    <testcase time="0.0959999999999965" classname="table_aet02" name="AET02_variant_12_is_produced_correctly"/>
  </testsuite>
  <testsuite name="table_aet02_smq" timestamp="2024-11-07T01:50:21Z" hostname="dd3140bb6207" tests="4" skipped="0" failures="0" errors="0" time="0.491">
    <testcase time="0.127000000000002" classname="table_aet02_smq" name="AET02SMQ_variant_1_is_produced_correctly"/>
    <testcase time="0.0739999999999981" classname="table_aet02_smq" name="AET02SMQ_variant_1_is_produced_correctly"/>
    <testcase time="0.183" classname="table_aet02_smq" name="AET02SMQ_variant_2_is_produced_correctly"/>
    <testcase time="0.107000000000006" classname="table_aet02_smq" name="AET02SMQ_variant_2_is_produced_correctly"/>
  </testsuite>
  <testsuite name="table_aet03" timestamp="2024-11-07T01:50:22Z" hostname="dd3140bb6207" tests="6" skipped="0" failures="0" errors="0" time="5.146">
    <testcase time="1.172" classname="table_aet03" name="AET03_variant_1_is_produced_correctly"/>
    <testcase time="0.417000000000002" classname="table_aet03" name="AET03_variant_1_is_produced_correctly"/>
    <testcase time="1.491" classname="table_aet03" name="AET03_variant_1_is_produced_correctly"/>
    <testcase time="0.701000000000001" classname="table_aet03" name="AET03_variant_1_is_produced_correctly"/>
    <testcase time="1.128" classname="table_aet03" name="AET03_variant_1_is_produced_correctly"/>
    <testcase time="0.236999999999995" classname="table_aet03" name="AET03_variant_1_is_produced_correctly"/>
  </testsuite>
  <testsuite name="table_aet04" timestamp="2024-11-07T01:50:28Z" hostname="dd3140bb6207" tests="30" skipped="0" failures="0" errors="0" time="13.031">
    <testcase time="0.797000000000004" classname="table_aet04" name="AET04_variant_1_is_produced_correctly"/>
    <testcase time="0.326999999999998" classname="table_aet04" name="AET04_variant_1_is_produced_correctly"/>
    <testcase time="0.825000000000003" classname="table_aet04" name="AET04_variant_1_is_produced_correctly"/>
    <testcase time="0.0599999999999952" classname="table_aet04" name="AET04_variant_1_is_produced_correctly"/>
    <testcase time="0.0420000000000016" classname="table_aet04" name="AET04_variant_1_is_produced_correctly"/>
    <testcase time="0.730000000000004" classname="table_aet04" name="AET04_variant_2_is_produced_correctly_Fill_in_of_Treatment_Groups_"/>
    <testcase time="0.299999999999997" classname="table_aet04" name="AET04_variant_2_is_produced_correctly_Fill_in_of_Treatment_Groups_"/>
    <testcase time="0.953000000000003" classname="table_aet04" name="AET04_variant_2_is_produced_correctly_Fill_in_of_Treatment_Groups_"/>
    <testcase time="0.0399999999999991" classname="table_aet04" name="AET04_variant_2_is_produced_correctly_Fill_in_of_Treatment_Groups_"/>
    <testcase time="0.0439999999999969" classname="table_aet04" name="AET04_variant_2_is_produced_correctly_Fill_in_of_Treatment_Groups_"/>
    <testcase time="0.652999999999999" classname="table_aet04" name="AET04_variant_3_is_produced_correctly_Fill_in_of_Grades_"/>
    <testcase time="0.32" classname="table_aet04" name="AET04_variant_3_is_produced_correctly_Fill_in_of_Grades_"/>
    <testcase time="0.794000000000004" classname="table_aet04" name="AET04_variant_3_is_produced_correctly_Fill_in_of_Grades_"/>
    <testcase time="0.0429999999999993" classname="table_aet04" name="AET04_variant_3_is_produced_correctly_Fill_in_of_Grades_"/>
    <testcase time="0.0429999999999993" classname="table_aet04" name="AET04_variant_3_is_produced_correctly_Fill_in_of_Grades_"/>
    <testcase time="0.734000000000002" classname="table_aet04" name="AET04_variant_4_is_produced_correctly_Collapsing_of_Grades_grades_1_2_grades_3_4_5_"/>
    <testcase time="0.331999999999994" classname="table_aet04" name="AET04_variant_4_is_produced_correctly_Collapsing_of_Grades_grades_1_2_grades_3_4_5_"/>
    <testcase time="0.810000000000002" classname="table_aet04" name="AET04_variant_4_is_produced_correctly_Collapsing_of_Grades_grades_1_2_grades_3_4_5_"/>
    <testcase time="0.775999999999996" classname="table_aet04" name="AET04_variant_6_is_produced_correctly_with_an_Incidence_Rate_of_at_Least_5_totals_restricted_"/>
    <testcase time="0.327000000000012" classname="table_aet04" name="AET04_variant_6_is_produced_correctly_with_an_Incidence_Rate_of_at_Least_5_totals_restricted_"/>
    <testcase time="0.757999999999996" classname="table_aet04" name="AET04_variant_6_is_produced_correctly_with_an_Incidence_Rate_of_at_Least_5_totals_restricted_"/>
    <testcase time="0.0109999999999957" classname="table_aet04" name="AET04_variant_8_is_produced_correctly_with_an_Incidence_Rate_of_at_Least_X_Patients_"/>
    <testcase time="0.314999999999998" classname="table_aet04" name="AET04_variant_8_is_produced_correctly_with_an_Incidence_Rate_of_at_Least_X_Patients_"/>
    <testcase time="0.765000000000001" classname="table_aet04" name="AET04_variant_8_is_produced_correctly_with_an_Incidence_Rate_of_at_Least_X_Patients_"/>
    <testcase time="0.0100000000000051" classname="table_aet04" name="AET04_variant_9_is_produced_correctly_with_a_Difference_in_Incidence_Rate_of_at_Least_X_"/>
    <testcase time="0.325999999999993" classname="table_aet04" name="AET04_variant_9_is_produced_correctly_with_a_Difference_in_Incidence_Rate_of_at_Least_X_"/>
    <testcase time="0.789000000000001" classname="table_aet04" name="AET04_variant_9_is_produced_correctly_with_a_Difference_in_Incidence_Rate_of_at_Least_X_"/>
    <testcase time="0.0110000000000099" classname="table_aet04" name="AET04_variant_11_is_produced_correctly_with_Incidence_Rate_of_at_Least_X_all_SOCs_w_o_preferred_terms_removed_"/>
    <testcase time="0.324999999999989" classname="table_aet04" name="AET04_variant_11_is_produced_correctly_with_Incidence_Rate_of_at_Least_X_all_SOCs_w_o_preferred_terms_removed_"/>
    <testcase time="0.771000000000001" classname="table_aet04" name="AET04_variant_11_is_produced_correctly_with_Incidence_Rate_of_at_Least_X_all_SOCs_w_o_preferred_terms_removed_"/>
  </testsuite>
  <testsuite name="table_aet04_pi" timestamp="2024-11-07T01:50:40Z" hostname="dd3140bb6207" tests="18" skipped="0" failures="0" errors="0" time="6.811">
    <testcase time="0.602000000000004" classname="table_aet04_pi" name="AET04_PI_full_table_is_produced_correctly"/>
    <testcase time="0.230999999999995" classname="table_aet04_pi" name="AET04_PI_full_table_is_produced_correctly"/>
    <testcase time="0.611000000000004" classname="table_aet04_pi" name="AET04_PI_variant_1_is_produced_correctly"/>
    <testcase time="0.174999999999997" classname="table_aet04_pi" name="AET04_PI_variant_1_is_produced_correctly"/>
    <testcase time="0.597999999999999" classname="table_aet04_pi" name="AET04_PI_variant_2_is_produced_correctly"/>
    <testcase time="0.122" classname="table_aet04_pi" name="AET04_PI_variant_2_is_produced_correctly"/>
    <testcase time="0.596000000000004" classname="table_aet04_pi" name="AET04_PI_variant_3_is_produced_correctly"/>
    <testcase time="0.138000000000005" classname="table_aet04_pi" name="AET04_PI_variant_3_is_produced_correctly"/>
    <testcase time="0.632999999999996" classname="table_aet04_pi" name="AET04_PI_variant_4_is_produced_correctly"/>
    <testcase time="0.116" classname="table_aet04_pi" name="AET04_PI_variant_4_is_produced_correctly"/>
    <testcase time="0.635000000000005" classname="table_aet04_pi" name="AET04_PI_variant_5_is_produced_correctly"/>
    <testcase time="0.167000000000002" classname="table_aet04_pi" name="AET04_PI_variant_5_is_produced_correctly"/>
    <testcase time="0.768999999999991" classname="table_aet04_pi" name="AET04_PI_variant_6_is_produced_correctly"/>
    <testcase time="0.171999999999997" classname="table_aet04_pi" name="AET04_PI_variant_6_is_produced_correctly"/>
    <testcase time="0.753" classname="table_aet04_pi" name="AET04_PI_variant_7_is_produced_correctly"/>
    <testcase time="0.166000000000011" classname="table_aet04_pi" name="AET04_PI_variant_7_is_produced_correctly"/>
    <testcase time="0.179999999999993" classname="table_aet04_pi" name="AET04_PI_variant_8_is_produced_correctly"/>
    <testcase time="0.147000000000006" classname="table_aet04_pi" name="AET04_PI_variant_8_is_produced_correctly"/>
  </testsuite>
  <testsuite name="table_aet05" timestamp="2024-11-07T01:50:47Z" hostname="dd3140bb6207" tests="4" skipped="0" failures="0" errors="0" time="0.316">
    <testcase time="0.0870000000000033" classname="table_aet05" name="AET05_variant_1_is_produced_correctly"/>
    <testcase time="0.0899999999999892" classname="table_aet05" name="AET05_variant_1_is_produced_correctly"/>
    <testcase time="0.0590000000000117" classname="table_aet05" name="AET05_variant_2_is_produced_correctly"/>
    <testcase time="0.0799999999999983" classname="table_aet05" name="AET05_variant_2_is_produced_correctly"/>
  </testsuite>
  <testsuite name="table_aet05_all" timestamp="2024-11-07T01:50:47Z" hostname="dd3140bb6207" tests="4" skipped="0" failures="0" errors="0" time="0.302">
    <testcase time="0.105000000000004" classname="table_aet05_all" name="AET05_ALL_variant_1_is_produced_correctly"/>
    <testcase time="0.0750000000000028" classname="table_aet05_all" name="AET05_ALL_variant_1_is_produced_correctly"/>
    <testcase time="0.0589999999999975" classname="table_aet05_all" name="AET05_ALL_variant_2_is_produced_correctly"/>
    <testcase time="0.0630000000000024" classname="table_aet05_all" name="AET05_ALL_variant_2_is_produced_correctly"/>
  </testsuite>
  <testsuite name="table_aet06" timestamp="2024-11-07T01:50:48Z" hostname="dd3140bb6207" tests="6" skipped="0" failures="0" errors="0" time="4.11">
    <testcase time="0.616" classname="table_aet06" name="AET06_variant_1_is_produced_correctly"/>
    <testcase time="0.248999999999995" classname="table_aet06" name="AET06_variant_1_is_produced_correctly"/>
    <testcase time="1.05200000000001" classname="table_aet06" name="AET06_variant_3_is_produced_correctly"/>
    <testcase time="0.349999999999994" classname="table_aet06" name="AET06_variant_3_is_produced_correctly"/>
    <testcase time="1.461" classname="table_aet06" name="AET06_variant_5_is_produced_correctly"/>
    <testcase time="0.382000000000005" classname="table_aet06" name="AET06_variant_5_is_produced_correctly"/>
  </testsuite>
  <testsuite name="table_aet06_smq" timestamp="2024-11-07T01:50:52Z" hostname="dd3140bb6207" tests="4" skipped="0" failures="0" errors="0" time="0.983">
    <testcase time="0.353999999999999" classname="table_aet06_smq" name="AET06_SMQ_variant_1_is_produced_correctly"/>
    <testcase time="0.144000000000005" classname="table_aet06_smq" name="AET06_SMQ_variant_1_is_produced_correctly"/>
    <testcase time="0.344999999999999" classname="table_aet06_smq" name="AET06_SMQ_variant_2_is_produced_correctly"/>
    <testcase time="0.140000000000001" classname="table_aet06_smq" name="AET06_SMQ_variant_2_is_produced_correctly"/>
  </testsuite>
  <testsuite name="table_aet07" timestamp="2024-11-07T01:50:53Z" hostname="dd3140bb6207" tests="4" skipped="0" failures="0" errors="0" time="0.198">
    <testcase time="0.0599999999999881" classname="table_aet07" name="AET07_variant_1_is_produced_correctly"/>
    <testcase time="0.0440000000000111" classname="table_aet07" name="AET07_variant_1_is_produced_correctly"/>
    <testcase time="0.0489999999999924" classname="table_aet07" name="AET07_variant_2_is_produced_correctly"/>
    <testcase time="0.0450000000000017" classname="table_aet07" name="AET07_variant_2_is_produced_correctly"/>
  </testsuite>
  <testsuite name="table_aet09" timestamp="2024-11-07T01:50:53Z" hostname="dd3140bb6207" tests="4" skipped="0" failures="0" errors="0" time="1.938">
    <testcase time="0.528999999999996" classname="table_aet09" name="AET09_variant_1_is_produced_correctly_AE_related_to_study_drug"/>
    <testcase time="0.183000000000007" classname="table_aet09" name="AET09_variant_1_is_produced_correctly_AE_related_to_study_drug"/>
    <testcase time="0.935000000000002" classname="table_aet09" name="AET09_variant_2_is_produced_correctly_AE_related_to_study_drug_including_high_level_terms_"/>
    <testcase time="0.290999999999997" classname="table_aet09" name="AET09_variant_2_is_produced_correctly_AE_related_to_study_drug_including_high_level_terms_"/>
  </testsuite>
  <testsuite name="table_aet09_smq" timestamp="2024-11-07T01:50:55Z" hostname="dd3140bb6207" tests="4" skipped="0" failures="0" errors="0" time="0.51">
    <testcase time="0.132999999999996" classname="table_aet09_smq" name="AET09_variant_1_AEs_related_to_study_drug_by_SMQ_is_produced_correctly"/>
    <testcase time="0.070999999999998" classname="table_aet09_smq" name="AET09_variant_1_AEs_related_to_study_drug_by_SMQ_is_produced_correctly"/>
    <testcase time="0.201000000000008" classname="table_aet09_smq" name="AET09_variant_2_AEs_related_to_study_drug_by_SMQ_with_customized_queries_is_produced_correctly"/>
    <testcase time="0.105000000000004" classname="table_aet09_smq" name="AET09_variant_2_AEs_related_to_study_drug_by_SMQ_with_customized_queries_is_produced_correctly"/>
  </testsuite>
  <testsuite name="table_aet10" timestamp="2024-11-07T01:50:55Z" hostname="dd3140bb6207" tests="2" skipped="0" failures="0" errors="0" time="0.166">
    <testcase time="0.10799999999999" classname="table_aet10" name="AET10_default_variant_is_produced_correctly"/>
    <testcase time="0.0580000000000069" classname="table_aet10" name="AET10_default_variant_is_produced_correctly"/>
  </testsuite>
  <testsuite name="table_aovt01" timestamp="2024-11-07T01:50:55Z" hostname="dd3140bb6207" tests="4" skipped="0" failures="0" errors="0" time="1.21">
    <testcase time="0.356999999999999" classname="table_aovt01" name="AOVT01_variant_with_single_endpoint_is_produced_correctly"/>
    <testcase time="0.0840000000000032" classname="table_aovt01" name="AOVT01_variant_with_single_endpoint_is_produced_correctly"/>
    <testcase time="0.61099999999999" classname="table_aovt01" name="AOVT01_variant_with_multiple_endpoints_is_produced_correctly"/>
    <testcase time="0.158000000000001" classname="table_aovt01" name="AOVT01_variant_with_multiple_endpoints_is_produced_correctly"/>
  </testsuite>
  <testsuite name="table_aovt02" timestamp="2024-11-07T01:50:57Z" hostname="dd3140bb6207" tests="2" skipped="0" failures="0" errors="0" time="0.408">
    <testcase time="0.313000000000002" classname="table_aovt02" name="AOVT02_is_produced_correctly"/>
    <testcase time="0.0949999999999989" classname="table_aovt02" name="AOVT02_is_produced_correctly"/>
  </testsuite>
  <testsuite name="table_aovt03" timestamp="2024-11-07T01:50:57Z" hostname="dd3140bb6207" tests="2" skipped="0" failures="0" errors="0" time="0.952">
    <testcase time="0.766000000000005" classname="table_aovt03" name="AOVT03_is_produced_correctly"/>
    <testcase time="0.185999999999993" classname="table_aovt03" name="AOVT03_is_produced_correctly"/>
  </testsuite>
  <testsuite name="table_cfbt01" timestamp="2024-11-07T01:50:58Z" hostname="dd3140bb6207" tests="2" skipped="0" failures="0" errors="0" time="0.65">
    <testcase time="0.421999999999997" classname="table_cfbt01" name="CFBT01_default_variant_is_produced_correctly"/>
    <testcase time="0.228000000000009" classname="table_cfbt01" name="CFBT01_default_variant_is_produced_correctly"/>
  </testsuite>
  <testsuite name="table_cmht01" timestamp="2024-11-07T01:50:59Z" hostname="dd3140bb6207" tests="4" skipped="0" failures="0" errors="0" time="1.793">
    <testcase time="0.408999999999992" classname="table_cmht01" name="CMHT01_variant_1_is_produced_correctly"/>
    <testcase time="0.102000000000004" classname="table_cmht01" name="CMHT01_variant_1_is_produced_correctly"/>
    <testcase time="1.006" classname="table_cmht01" name="CMHT01_variant_2_is_produced_correctly"/>
    <testcase time="0.275999999999996" classname="table_cmht01" name="CMHT01_variant_2_is_produced_correctly"/>
  </testsuite>
  <testsuite name="table_cmt01" timestamp="2024-11-07T01:51:00Z" hostname="dd3140bb6207" tests="8" skipped="0" failures="0" errors="0" time="4.051">
    <testcase time="0.661000000000001" classname="table_cmt01" name="CMT01_default_variant_Concomitant_medications_is_produced_correctly"/>
    <testcase time="0.323000000000008" classname="table_cmt01" name="CMT01_default_variant_Concomitant_medications_is_produced_correctly"/>
    <testcase time="0.759" classname="table_cmt01" name="CMT01_variant_1_prior_medications_is_produced_correctly"/>
    <testcase time="0.346999999999994" classname="table_cmt01" name="CMT01_variant_1_prior_medications_is_produced_correctly"/>
    <testcase time="0.652000000000001" classname="table_cmt01" name="CMT01_variant_3_Concomitant_medications_is_produced_correctly"/>
    <testcase time="0.280000000000001" classname="table_cmt01" name="CMT01_variant_3_Concomitant_medications_is_produced_correctly"/>
    <testcase time="0.707999999999998" classname="table_cmt01" name="CMT01_variant_4_Concomitant_medications_is_produced_correctly"/>
    <testcase time="0.320999999999998" classname="table_cmt01" name="CMT01_variant_4_Concomitant_medications_is_produced_correctly"/>
  </testsuite>
  <testsuite name="table_cmt01a" timestamp="2024-11-07T01:51:05Z" hostname="dd3140bb6207" tests="8" skipped="0" failures="0" errors="0" time="6.135">
    <testcase time="1.39500000000001" classname="table_cmt01a" name="CMT01A_variant_1_is_produced_correctly"/>
    <testcase time="0.296999999999997" classname="table_cmt01a" name="CMT01A_variant_1_is_produced_correctly"/>
    <testcase time="1.15899999999999" classname="table_cmt01a" name="CMT01A_variant_2_is_produced_correctly"/>
    <testcase time="0.288000000000011" classname="table_cmt01a" name="CMT01A_variant_2_is_produced_correctly"/>
    <testcase time="1.217" classname="table_cmt01a" name="CMT01A_variant_3_is_produced_correctly"/>
    <testcase time="0.286999999999992" classname="table_cmt01a" name="CMT01A_variant_3_is_produced_correctly"/>
    <testcase time="1.21900000000001" classname="table_cmt01a" name="CMT01A_variant_4_is_produced_correctly"/>
    <testcase time="0.272999999999996" classname="table_cmt01a" name="CMT01A_variant_4_is_produced_correctly"/>
  </testsuite>
  <testsuite name="table_cmt01b" timestamp="2024-11-07T01:51:11Z" hostname="dd3140bb6207" tests="6" skipped="0" failures="0" errors="0" time="5.667">
    <testcase time="1.955" classname="table_cmt01b" name="CMT01B_variant_1_is_produced_correctly"/>
    <testcase time="0.344999999999999" classname="table_cmt01b" name="CMT01B_variant_1_is_produced_correctly"/>
    <testcase time="1.18600000000001" classname="table_cmt01b" name="CMT01B_variant_2_is_produced_correctly"/>
    <testcase time="0.292999999999992" classname="table_cmt01b" name="CMT01B_variant_2_is_produced_correctly"/>
    <testcase time="1.503" classname="table_cmt01b" name="CMT01B_variant_4_is_produced_correctly"/>
    <testcase time="0.385000000000005" classname="table_cmt01b" name="CMT01B_variant_4_is_produced_correctly"/>
  </testsuite>
  <testsuite name="table_cmt02_pt" timestamp="2024-11-07T01:51:16Z" hostname="dd3140bb6207" tests="2" skipped="0" failures="0" errors="0" time="0.597">
    <testcase time="0.411999999999992" classname="table_cmt02_pt" name="CMT02_PT_default_variant_is_produced_correctly"/>
    <testcase time="0.185000000000002" classname="table_cmt02_pt" name="CMT02_PT_default_variant_is_produced_correctly"/>
  </testsuite>
  <testsuite name="table_coxt01" timestamp="2024-11-07T01:51:17Z" hostname="dd3140bb6207" tests="8" skipped="0" failures="0" errors="0" time="1.773">
    <testcase time="0.271000000000001" classname="table_coxt01" name="1._Cox_Regression"/>
    <testcase time="0.0859999999999985" classname="table_coxt01" name="1._Cox_Regression"/>
    <testcase time="0.356999999999999" classname="table_coxt01" name="2._Cox_Regression_with_Interaction_Term_"/>
    <testcase time="0.102000000000004" classname="table_coxt01" name="2._Cox_Regression_with_Interaction_Term_"/>
    <testcase time="0.366" classname="table_coxt01" name="3._Cox_Regression_specifying_covariates_"/>
    <testcase time="0.108000000000004" classname="table_coxt01" name="3._Cox_Regression_specifying_covariates_"/>
    <testcase time="0.373999999999995" classname="table_coxt01" name="4._Cox_Regression_setting_strata_ties_and_alpha_level_"/>
    <testcase time="0.109000000000009" classname="table_coxt01" name="4._Cox_Regression_setting_strata_ties_and_alpha_level_"/>
  </testsuite>
  <testsuite name="table_coxt02" timestamp="2024-11-07T01:51:19Z" hostname="dd3140bb6207" tests="4" skipped="0" failures="0" errors="0" time="0.732">
    <testcase time="0.311999999999998" classname="table_coxt02" name="COXT02_default_variant_1_is_produced_correctly"/>
    <testcase time="0.0899999999999892" classname="table_coxt02" name="COXT02_default_variant_1_is_produced_correctly"/>
    <testcase time="0.245000000000005" classname="table_coxt02" name="COXT02_variant_5_is_produced_correctly"/>
    <testcase time="0.085000000000008" classname="table_coxt02" name="COXT02_variant_5_is_produced_correctly"/>
  </testsuite>
  <testsuite name="table_disclosures" timestamp="2024-11-07T01:51:19Z" hostname="dd3140bb6207" tests="12" skipped="0" failures="0" errors="0" time="1.933">
    <testcase time="0.170999999999992" classname="table_disclosures" name="Patient_Disposition_table_is_produced_correctly"/>
    <testcase time="0.105000000000004" classname="table_disclosures" name="Patient_Disposition_table_is_produced_correctly"/>
    <testcase time="0.203000000000003" classname="table_disclosures" name="Demographic_table_is_produced_correctly"/>
    <testcase time="0.147999999999996" classname="table_disclosures" name="Demographic_table_is_produced_correctly"/>
    <testcase time="0.0999999999999943" classname="table_disclosures" name="Enrollment_by_Country_Table_is_produced_correctly"/>
    <testcase time="0.0949999999999989" classname="table_disclosures" name="Enrollment_by_Country_Table_is_produced_correctly"/>
    <testcase time="0.0799999999999983" classname="table_disclosures" name="Death_table_is_produced_correctly"/>
    <testcase time="0.0630000000000024" classname="table_disclosures" name="Death_table_is_produced_correctly"/>
    <testcase time="0.325000000000003" classname="table_disclosures" name="Table_of_Serious_Adverse_Events_is_produced_correctly_for_one_specific_treatment_arm_"/>
    <testcase time="0.0919999999999987" classname="table_disclosures" name="Table_of_Serious_Adverse_Events_is_produced_correctly_for_one_specific_treatment_arm_"/>
    <testcase time="0.420000000000002" classname="table_disclosures" name="Table_of_Non_Serious_Adverse_Events_is_produced_correctly"/>
    <testcase time="0.131" classname="table_disclosures" name="Table_of_Non_Serious_Adverse_Events_is_produced_correctly"/>
  </testsuite>
  <testsuite name="table_dmt01" timestamp="2024-11-07T01:51:22Z" hostname="dd3140bb6207" tests="10" skipped="0" failures="0" errors="0" time="2.804">
    <testcase time="1.17100000000001" classname="table_dmt01" name="DMT01_variant_1_is_produced_correctly"/>
    <testcase time="0.173999999999992" classname="table_dmt01" name="DMT01_variant_1_is_produced_correctly"/>
    <testcase time="0.239000000000004" classname="table_dmt01" name="DMT01_variant_2_is_produced_correctly"/>
    <testcase time="0.179999999999993" classname="table_dmt01" name="DMT01_variant_2_is_produced_correctly"/>
    <testcase time="0.247" classname="table_dmt01" name="DMT01_variant_3_is_produced_correctly"/>
    <testcase time="0.181000000000012" classname="table_dmt01" name="DMT01_variant_3_is_produced_correctly"/>
    <testcase time="0.174999999999997" classname="table_dmt01" name="DMT01_variant_4_is_produced_correctly"/>
    <testcase time="0.150999999999996" classname="table_dmt01" name="DMT01_variant_4_is_produced_correctly"/>
    <testcase time="0.162999999999997" classname="table_dmt01" name="DMT01_variant_5_is_produced_correctly"/>
    <testcase time="0.123000000000005" classname="table_dmt01" name="DMT01_variant_5_is_produced_correctly"/>
  </testsuite>
  <testsuite name="table_dort01" timestamp="2024-11-07T01:51:24Z" hostname="dd3140bb6207" tests="8" skipped="0" failures="0" errors="0" time="1.517">
    <testcase time="0.286999999999992" classname="table_dort01" name="DORT01_variant_1_is_produced_correctly"/>
    <testcase time="0.113" classname="table_dort01" name="DORT01_variant_1_is_produced_correctly"/>
    <testcase time="0.281000000000006" classname="table_dort01" name="DORT01_variant_2_selecting_sectons_is_produced_correctly"/>
    <testcase time="0.0999999999999943" classname="table_dort01" name="DORT01_variant_2_selecting_sectons_is_produced_correctly"/>
    <testcase time="0.263999999999996" classname="table_dort01" name="DORT01_variant_3_modifying_conftype_and_alpha_level_is_produced_correctly"/>
    <testcase time="0.116000000000014" classname="table_dort01" name="DORT01_variant_3_modifying_conftype_and_alpha_level_is_produced_correctly"/>
    <testcase time="0.253999999999991" classname="table_dort01" name="DORT01_variant_4_modifying_time_point_for_the_xx_duration_is_produced_correctly"/>
    <testcase time="0.102000000000004" classname="table_dort01" name="DORT01_variant_4_modifying_time_point_for_the_xx_duration_is_produced_correctly"/>
  </testsuite>
  <testsuite name="table_dst01" timestamp="2024-11-07T01:51:26Z" hostname="dd3140bb6207" tests="6" skipped="0" failures="0" errors="0" time="0.775">
    <testcase time="0.138999999999996" classname="table_dst01" name="DST01_default_variant_is_produced_correctly"/>
    <testcase time="0.103999999999999" classname="table_dst01" name="DST01_default_variant_is_produced_correctly"/>
    <testcase time="0.215000000000003" classname="table_dst01" name="DST01_variants_2_and_3_are_produced_correctly"/>
    <testcase time="0.102000000000004" classname="table_dst01" name="DST01_variants_2_and_3_are_produced_correctly"/>
    <testcase time="0.0729999999999933" classname="table_dst01" name="DST01_variants_2_and_3_are_produced_correctly"/>
    <testcase time="0.141999999999996" classname="table_dst01" name="DST01_variants_2_and_3_are_produced_correctly"/>
  </testsuite>
  <testsuite name="table_dtht01" timestamp="2024-11-07T01:51:26Z" hostname="dd3140bb6207" tests="8" skipped="0" failures="0" errors="0" time="1.21">
    <testcase time="0.124000000000009" classname="table_dtht01" name="DTHT01_variant_1_is_produced_correctly"/>
    <testcase time="0.0990000000000038" classname="table_dtht01" name="DTHT01_variant_1_is_produced_correctly"/>
    <testcase time="0.265999999999991" classname="table_dtht01" name="DTHT01_variant_2_is_produced_correctly"/>
    <testcase time="0.152000000000001" classname="table_dtht01" name="DTHT01_variant_2_is_produced_correctly"/>
    <testcase time="0.168999999999997" classname="table_dtht01" name="DTHT01_variant_3_is_produced_correctly"/>
    <testcase time="0.0859999999999985" classname="table_dtht01" name="DTHT01_variant_3_is_produced_correctly"/>
    <testcase time="0.196000000000012" classname="table_dtht01" name="DTHT01_variant_4_is_produced_correctly"/>
    <testcase time="0.117999999999995" classname="table_dtht01" name="DTHT01_variant_4_is_produced_correctly"/>
  </testsuite>
  <testsuite name="table_egt01" timestamp="2024-11-07T01:51:28Z" hostname="dd3140bb6207" tests="2" skipped="0" failures="0" errors="0" time="1.586">
    <testcase time="1.065" classname="table_egt01" name="EGT01_default_variant_is_produced_correctly"/>
    <testcase time="0.521000000000001" classname="table_egt01" name="EGT01_default_variant_is_produced_correctly"/>
  </testsuite>
  <testsuite name="table_egt02" timestamp="2024-11-07T01:51:29Z" hostname="dd3140bb6207" tests="4" skipped="0" failures="0" errors="0" time="0.604">
    <testcase time="0.287999999999997" classname="table_egt02" name="_EGT02_1._Regardless_of_Abnormality_at_Baseline"/>
    <testcase time="0.0820000000000078" classname="table_egt02" name="_EGT02_1._Regardless_of_Abnormality_at_Baseline"/>
    <testcase time="0.137999999999991" classname="table_egt02" name="_EGT02_2._Among_Subjects_Without_Abnormality_at_Baseline"/>
    <testcase time="0.0960000000000036" classname="table_egt02" name="_EGT02_2._Among_Subjects_Without_Abnormality_at_Baseline"/>
  </testsuite>
  <testsuite name="table_egt03" timestamp="2024-11-07T01:51:30Z" hostname="dd3140bb6207" tests="8" skipped="0" failures="0" errors="0" time="1.351">
    <testcase time="0.213999999999999" classname="table_egt03" name="EGT03_variant_1_is_produced_correctly"/>
    <testcase time="0.122" classname="table_egt03" name="EGT03_variant_1_is_produced_correctly"/>
    <testcase time="0.180000000000007" classname="table_egt03" name="EGT03_variant_2_is_produced_correctly"/>
    <testcase time="0.109999999999999" classname="table_egt03" name="EGT03_variant_2_is_produced_correctly"/>
    <testcase time="0.228999999999999" classname="table_egt03" name="EGT03_variant_3_is_produced_correctly"/>
    <testcase time="0.131" classname="table_egt03" name="EGT03_variant_3_is_produced_correctly"/>
    <testcase time="0.218999999999994" classname="table_egt03" name="EGT03_variant_4_is_produced_correctly"/>
    <testcase time="0.146000000000001" classname="table_egt03" name="EGT03_variant_4_is_produced_correctly"/>
  </testsuite>
  <testsuite name="table_egt04" timestamp="2024-11-07T01:51:31Z" hostname="dd3140bb6207" tests="2" skipped="0" failures="0" errors="0" time="0.264">
    <testcase time="0.171999999999997" classname="table_egt04" name="EGT04_default_variant_is_produced_correctly"/>
    <testcase time="0.0919999999999987" classname="table_egt04" name="EGT04_default_variant_is_produced_correctly"/>
  </testsuite>
  <testsuite name="table_egt05_qtcat" timestamp="2024-11-07T01:51:32Z" hostname="dd3140bb6207" tests="2" skipped="0" failures="0" errors="0" time="0.821">
    <testcase time="0.52600000000001" classname="table_egt05_qtcat" name="EGT05_QTCAT_default_variant_is_produced_correctly"/>
    <testcase time="0.295000000000002" classname="table_egt05_qtcat" name="EGT05_QTCAT_default_variant_is_produced_correctly"/>
  </testsuite>
  <testsuite name="table_ent" timestamp="2024-11-07T01:51:32Z" hostname="dd3140bb6207" tests="8" skipped="0" failures="0" errors="0" time="14.16">
    <testcase time="3.517" classname="table_ent" name="ENT01_IT_is_produced_correctly"/>
    <testcase time="0.631" classname="table_ent" name="ENT01_IT_is_produced_correctly"/>
    <testcase time="2.27000000000001" classname="table_ent" name="ENT01a_IT_is_produced_correctly"/>
    <testcase time="0.566999999999979" classname="table_ent" name="ENT01a_IT_is_produced_correctly"/>
    <testcase time="3.50200000000001" classname="table_ent" name="ENT02_IT_is_produced_correctly"/>
    <testcase time="0.611999999999995" classname="table_ent" name="ENT02_IT_is_produced_correctly"/>
    <testcase time="2.55500000000001" classname="table_ent" name="ENT02a_IT_is_produced_correctly"/>
    <testcase time="0.506" classname="table_ent" name="ENT02a_IT_is_produced_correctly"/>
  </testsuite>
  <testsuite name="table_eudrat01" timestamp="2024-11-07T01:51:46Z" hostname="dd3140bb6207" tests="2" skipped="0" failures="0" errors="0" time="0.577">
    <testcase time="0.441000000000003" classname="table_eudrat01" name="EUDRAT01_is_produced_correctly"/>
    <testcase time="0.135999999999996" classname="table_eudrat01" name="EUDRAT01_is_produced_correctly"/>
  </testsuite>
  <testsuite name="table_eudrat02" timestamp="2024-11-07T01:51:47Z" hostname="dd3140bb6207" tests="2" skipped="0" failures="0" errors="0" time="0.463">
    <testcase time="0.348000000000013" classname="table_eudrat02" name="EUDRAT02_is_produced_correctly"/>
    <testcase time="0.114999999999981" classname="table_eudrat02" name="EUDRAT02_is_produced_correctly"/>
  </testsuite>
  <testsuite name="table_ext01" timestamp="2024-11-07T01:51:48Z" hostname="dd3140bb6207" tests="6" skipped="0" failures="0" errors="0" time="1.492">
    <testcase time="0.334000000000003" classname="table_ext01" name="EXT01_default_variant_with_numeric_parameters_is_produced_correctly"/>
    <testcase time="0.188000000000017" classname="table_ext01" name="EXT01_default_variant_with_numeric_parameters_is_produced_correctly"/>
    <testcase time="0.244" classname="table_ext01" name="EXT01_variant_with_both_numeric_and_categorical_parameters"/>
    <testcase time="0.190999999999974" classname="table_ext01" name="EXT01_variant_with_both_numeric_and_categorical_parameters"/>
    <testcase time="0.302000000000021" classname="table_ext01" name="EXT01_variant_with_user_specified_categories_for_missed_doses"/>
    <testcase time="0.233000000000004" classname="table_ext01" name="EXT01_variant_with_user_specified_categories_for_missed_doses"/>
  </testsuite>
  <testsuite name="table_lbt01" timestamp="2024-11-07T01:51:49Z" hostname="dd3140bb6207" tests="2" skipped="0" failures="0" errors="0" time="1.909">
    <testcase time="1.44299999999998" classname="table_lbt01" name="LBT01_default_variant_is_produced_correctly"/>
    <testcase time="0.466000000000008" classname="table_lbt01" name="LBT01_default_variant_is_produced_correctly"/>
  </testsuite>
  <testsuite name="table_lbt02" timestamp="2024-11-07T01:51:51Z" hostname="dd3140bb6207" tests="2" skipped="0" failures="0" errors="0" time="1.301">
    <testcase time="0.817999999999984" classname="table_lbt02" name="LBT02_default_variant_is_produced_correctly"/>
    <testcase time="0.483000000000004" classname="table_lbt02" name="LBT02_default_variant_is_produced_correctly"/>
  </testsuite>
  <testsuite name="table_lbt03" timestamp="2024-11-07T01:51:52Z" hostname="dd3140bb6207" tests="2" skipped="0" failures="0" errors="0" time="0.281">
    <testcase time="0.187000000000012" classname="table_lbt03" name="LBT03_default_variant_is_produced_correctly"/>
    <testcase time="0.0939999999999941" classname="table_lbt03" name="LBT03_default_variant_is_produced_correctly"/>
  </testsuite>
  <testsuite name="table_lbt04" timestamp="2024-11-07T01:51:53Z" hostname="dd3140bb6207" tests="2" skipped="0" failures="0" errors="0" time="1.249">
    <testcase time="1.05500000000001" classname="table_lbt04" name="LBT04_default_variant_is_produced_correctly"/>
    <testcase time="0.193999999999988" classname="table_lbt04" name="LBT04_default_variant_is_produced_correctly"/>
  </testsuite>
  <testsuite name="table_lbt05" timestamp="2024-11-07T01:51:54Z" hostname="dd3140bb6207" tests="6" skipped="0" failures="0" errors="0" time="6.568">
    <testcase time="2.07599999999999" classname="table_lbt05" name="LBT05_variant_1_is_produced_correctly"/>
    <testcase time="0.384000000000015" classname="table_lbt05" name="LBT05_variant_1_is_produced_correctly"/>
    <testcase time="1.464" classname="table_lbt05" name="LBT05_variant_2_is_produced_correctly"/>
    <testcase time="0.512" classname="table_lbt05" name="LBT05_variant_2_is_produced_correctly"/>
    <testcase time="1.76499999999999" classname="table_lbt05" name="LBT05_variant_4_is_produced_correctly"/>
    <testcase time="0.367000000000019" classname="table_lbt05" name="LBT05_variant_4_is_produced_correctly"/>
  </testsuite>
  <testsuite name="table_lbt06" timestamp="2024-11-07T01:52:00Z" hostname="dd3140bb6207" tests="2" skipped="0" failures="0" errors="0" time="0.516">
    <testcase time="0.337999999999994" classname="table_lbt06" name="LBT06_default_variant_is_produced_correctly"/>
    <testcase time="0.177999999999997" classname="table_lbt06" name="LBT06_default_variant_is_produced_correctly"/>
  </testsuite>
  <testsuite name="table_lbt07" timestamp="2024-11-07T01:52:01Z" hostname="dd3140bb6207" tests="2" skipped="0" failures="0" errors="0" time="2.433">
    <testcase time="2.13300000000001" classname="table_lbt07" name="LBT07_is_produced_correctly"/>
    <testcase time="0.299999999999983" classname="table_lbt07" name="LBT07_is_produced_correctly"/>
  </testsuite>
  <testsuite name="table_lbt08" timestamp="2024-11-07T01:52:03Z" hostname="dd3140bb6207" tests="2" skipped="0" failures="0" errors="0" time="0.395">
    <testcase time="0.27200000000002" classname="table_lbt08" name="LBT08_produce_correctly"/>
    <testcase time="0.12299999999999" classname="table_lbt08" name="LBT08_produce_correctly"/>
  </testsuite>
  <testsuite name="table_lbt09" timestamp="2024-11-07T01:52:04Z" hostname="dd3140bb6207" tests="4" skipped="0" failures="0" errors="0" time="1.001">
    <testcase time="0.360000000000014" classname="table_lbt09" name="LBT09_variant_1_works_as_expected"/>
    <testcase time="0.164999999999992" classname="table_lbt09" name="LBT09_variant_1_works_as_expected"/>
    <testcase time="0.318999999999988" classname="table_lbt09" name="LBT09_variant_2_works_as_expected"/>
    <testcase time="0.157000000000011" classname="table_lbt09" name="LBT09_variant_2_works_as_expected"/>
  </testsuite>
  <testsuite name="table_lbt10" timestamp="2024-11-07T01:52:05Z" hostname="dd3140bb6207" tests="4" skipped="0" failures="0" errors="0" time="1.276">
    <testcase time="0.710000000000008" classname="table_lbt10" name="LBT10_variant_1_works_as_expected"/>
    <testcase time="0.0739999999999839" classname="table_lbt10" name="LBT10_variant_1_works_as_expected"/>
    <testcase time="0.430000000000007" classname="table_lbt10" name="LBT10_variant_2_works_as_expected"/>
    <testcase time="0.0619999999999834" classname="table_lbt10" name="LBT10_variant_2_works_as_expected"/>
  </testsuite>
  <testsuite name="table_lbt10_bl" timestamp="2024-11-07T01:52:06Z" hostname="dd3140bb6207" tests="4" skipped="0" failures="0" errors="0" time="0.514">
    <testcase time="0.247000000000014" classname="table_lbt10_bl" name="LBT10_BL_variant_1_works_as_expected"/>
    <testcase time="0.0740000000000123" classname="table_lbt10_bl" name="LBT10_BL_variant_1_works_as_expected"/>
    <testcase time="0.131" classname="table_lbt10_bl" name="LBT10_BL_variant_2_works_as_expected"/>
    <testcase time="0.0619999999999834" classname="table_lbt10_bl" name="LBT10_BL_variant_2_works_as_expected"/>
  </testsuite>
  <testsuite name="table_lbt11" timestamp="2024-11-07T01:52:06Z" hostname="dd3140bb6207" tests="6" skipped="0" failures="0" errors="0" time="0.767">
    <testcase time="0.192000000000007" classname="table_lbt11" name="LBT11_variant_1_works_as_expected"/>
    <testcase time="0.0979999999999848" classname="table_lbt11" name="LBT11_variant_1_works_as_expected"/>
    <testcase time="0.104000000000013" classname="table_lbt11" name="LBT11_variant_2_works_as_expected"/>
    <testcase time="0.0829999999999984" classname="table_lbt11" name="LBT11_variant_2_works_as_expected"/>
    <testcase time="0.169000000000011" classname="table_lbt11" name="LBT11_variant_3_works_as_expected"/>
    <testcase time="0.120999999999981" classname="table_lbt11" name="LBT11_variant_3_works_as_expected"/>
  </testsuite>
  <testsuite name="table_lbt11_bl" timestamp="2024-11-07T01:52:07Z" hostname="dd3140bb6207" tests="6" skipped="0" failures="0" errors="0" time="0.871">
    <testcase time="0.225999999999999" classname="table_lbt11_bl" name="LBT11_BL_variant_1_works_as_expected"/>
    <testcase time="0.0980000000000132" classname="table_lbt11_bl" name="LBT11_BL_variant_1_works_as_expected"/>
    <testcase time="0.120000000000005" classname="table_lbt11_bl" name="LBT11_BL_variant_2_works_as_expected"/>
    <testcase time="0.0829999999999984" classname="table_lbt11_bl" name="LBT11_BL_variant_2_works_as_expected"/>
    <testcase time="0.209000000000003" classname="table_lbt11_bl" name="LBT11_BL_variant_3_works_as_expected"/>
    <testcase time="0.134999999999991" classname="table_lbt11_bl" name="LBT11_BL_variant_3_works_as_expected"/>
  </testsuite>
  <testsuite name="table_lbt12" timestamp="2024-11-07T01:52:08Z" hostname="dd3140bb6207" tests="2" skipped="0" failures="0" errors="0" time="0.634">
    <testcase time="0.539999999999992" classname="table_lbt12" name="LBT12_works_as_expected"/>
    <testcase time="0.0939999999999941" classname="table_lbt12" name="LBT12_works_as_expected"/>
  </testsuite>
  <testsuite name="table_lbt12_bl" timestamp="2024-11-07T01:52:09Z" hostname="dd3140bb6207" tests="2" skipped="0" failures="0" errors="0" time="0.36">
    <testcase time="0.282000000000011" classname="table_lbt12_bl" name="LBT12_BL_works_as_expected"/>
    <testcase time="0.078000000000003" classname="table_lbt12_bl" name="LBT12_BL_works_as_expected"/>
  </testsuite>
  <testsuite name="table_lbt13" timestamp="2024-11-07T01:52:10Z" hostname="dd3140bb6207" tests="10" skipped="0" failures="0" errors="0" time="2.274">
    <testcase time="0.777999999999992" classname="table_lbt13" name="LBT13_variant_1_LOW_works_as_expected"/>
    <testcase time="0.0960000000000036" classname="table_lbt13" name="LBT13_variant_1_LOW_works_as_expected"/>
    <testcase time="0.144000000000005" classname="table_lbt13" name="LBT13_variant_2_HIGH_works_as_expected"/>
    <testcase time="0.078000000000003" classname="table_lbt13" name="LBT13_variant_2_HIGH_works_as_expected"/>
    <testcase time="0.246999999999986" classname="table_lbt13" name="LBT13_variant_3_LOW_without_baseline_missing_works_as_expected"/>
    <testcase time="0.0889999999999986" classname="table_lbt13" name="LBT13_variant_3_LOW_without_baseline_missing_works_as_expected"/>
    <testcase time="0.162000000000006" classname="table_lbt13" name="LBT13_variant_4_HIGH_with_missing_baseline_considered_as_grade_0_works_as_expected"/>
    <testcase time="0.063999999999993" classname="table_lbt13" name="LBT13_variant_4_HIGH_with_missing_baseline_considered_as_grade_0_works_as_expected"/>
    <testcase time="0.402000000000015" classname="table_lbt13" name="LBT14_variant_5_HIGH_with_filled_in_grades_works_as_expected"/>
    <testcase time="0.213999999999999" classname="table_lbt13" name="LBT14_variant_5_HIGH_with_filled_in_grades_works_as_expected"/>
  </testsuite>
  <testsuite name="table_lbt14" timestamp="2024-11-07T01:52:12Z" hostname="dd3140bb6207" tests="10" skipped="0" failures="5" errors="0" time="29.923">
    <testcase time="5.745" classname="table_lbt14" name="LBT14_variant_1_HIGH_works_as_expected"/>
    <testcase time="0.549000000000007" classname="table_lbt14" name="LBT14_variant_1_HIGH_works_as_expected">
      <failure type="failure" message="Snapshot of code has changed: ('test-table_lbt14.R:64:3')">Snapshot of code has changed:
old[7:109] vs new[7:109]
    —————————————————————————————————————————————————————————————————————————————————————————————————————
    Alanine Aminotransferase (U/L)                                                                       
          Not High                                    79                68                    73         
-                 Not High                        73 (92.4%)        61 (89.7%)            65 (89.0%)     
+                 Not High                        73 (84.9%)        61 (84.7%)            65 (67.7%)     
-                 1                                5 (6.3%)          6 (8.8%)              8 (11.0%)     
+                 1                                5 (5.8%)          6 (8.3%)              8 (8.3%)      
-                 2                                1 (1.3%)          1 (1.5%)                  0         
+                 2                                1 (1.2%)          1 (1.4%)                  0         
          1                                           4                 4                      2         
-                 Not High                        1 (25.0%)             0                      0         
+                 Not High                         1 (1.2%)             0                      0         
-                 1                               2 (50.0%)          4 (100%)              2 (100%)      
+                 1                                2 (2.3%)          4 (5.6%)              2 (2.1%)      
-                 2                               1 (25.0%)             0                      0         
+                 2                                1 (1.2%)             0                      0         
    Albumin (g/L)                                                                                        
          Not High                                    83                72                    75         
-                 Not High                        83 (100%)         72 (100%)              75 (100%)     
+                 Not High                        83 (96.5%)        72 (100%)             75 (78.1%)     
    Alkaline Phosphatase (U/L)                                                                           
          Not High                                    78                71                    71         
-                 Not High                        74 (94.9%)        67 (94.4%)            67 (94.4%)     
+                 Not High                        74 (86.0%)        67 (93.1%)            67 (69.8%)     
-                 1                                3 (3.8%)          4 (5.6%)              4 (5.6%)      
+                 1                                3 (3.5%)          4 (5.6%)              4 (4.2%)      
-                 3                                1 (1.3%)             0                      0         
+                 3                                1 (1.2%)             0                      0         
          1                                           4                 0                      3         
-                 Not High                        1 (25.0%)             0                      0         
+                 Not High                         1 (1.2%)             0                      0         
-                 1                               3 (75.0%)             0                  3 (100%)      
+                 1                                3 (3.5%)             0                  3 (3.1%)      
          2                                           1                 1                      0         
-                 2                                   0              1 (100%)                  0         
+                 2                                   0              1 (1.4%)                  0         
-                 3                                1 (100%)             0                      0         
+                 3                                1 (1.2%)             0                      0         
          Missing                                     0                 0                      1         
-                 Not High                            0                 0                  1 (100%)      
+                 Not High                            0                 0                  1 (1.0%)      
    Aspartate Aminotransferase (U/L)                                                                     
          Not High                                    77                69                    67         
-                 Not High                        69 (89.6%)        64 (92.8%)            61 (91.0%)     
+                 Not High                        69 (80.2%)        64 (88.9%)            61 (63.5%)     
-                 1                                7 (9.1%)          4 (5.8%)              6 (9.0%)      
+                 1                                7 (8.1%)          4 (5.6%)              6 (6.2%)      
-                 2                                1 (1.3%)          1 (1.4%)                  0         
+                 2                                1 (1.2%)          1 (1.4%)                  0         
          1                                           6                 3                      8         
-                 Not High                        2 (33.3%)         1 (33.3%)              4 (50.0%)     
+                 Not High                         2 (2.3%)          1 (1.4%)              4 (4.2%)      
-                 1                               3 (50.0%)         2 (66.7%)              3 (37.5%)     
+                 1                                3 (3.5%)          2 (2.8%)              3 (3.1%)      
-                 2                               1 (16.7%)             0                  1 (12.5%)     
+                 2                                1 (1.2%)             0                  1 (1.0%)      
    Bilirubin (umol/L)                                                                                   
          Not High                                    81                69                    71         
-                 Not High                        77 (95.1%)        67 (97.1%)            70 (98.6%)     
+                 Not High                        77 (89.5%)        67 (93.1%)            70 (72.9%)     
-                 1                                4 (4.9%)          2 (2.9%)              1 (1.4%)      
+                 1                                4 (4.7%)          2 (2.8%)              1 (1.0%)      
          1                                           2                 2                      3         
-                 Not High                            0                 0                  2 (66.7%)     
+                 Not High                            0                 0                  2 (2.1%)      
-                 1                               1 (50.0%)             0                      0         
+                 1                                1 (1.2%)             0                      0         
-                 2                                   0              2 (100%)              1 (33.3%)     
+                 2                                   0              2 (2.8%)              1 (1.0%)      
-                 3                               1 (50.0%)             0                      0         
+                 3                                1 (1.2%)             0                      0         
          2                                           0                 1                      0         
-                 2                                   0              1 (100%)                  0         
+                 2                                   0              1 (1.4%)                  0         
    Blood Urea Nitrogen (mmol/L)                                                                         
          Missing                                     83                72                    75         
-                 Missing                         83 (100%)         72 (100%)              75 (100%)     
+                 Missing                         83 (96.5%)        72 (100%)             75 (78.1%)     
    Calcium (mmol/L)                                                                                     
          Not High                                    83                72                    73         
-                 Not High                        82 (98.8%)        70 (97.2%)            71 (97.3%)     
+                 Not High                        82 (95.3%)        70 (97.2%)            71 (74.0%)     
-                 1                                1 (1.2%)          2 (2.8%)              2 (2.7%)      
+                 1                                1 (1.2%)          2 (2.8%)              2 (2.1%)      
          1                                           0                 0                      2         
-                 Not High                            0                 0                  1 (50.0%)     
+                 Not High                            0                 0                  1 (1.0%)      
-                 1                                   0                 0                  1 (50.0%)     
+                 1                                   0                 0                  1 (1.0%)      
    Cholesterol (mmol/L)                                                                                 
          Not High                                    79                70                    74         
-                 Not High                        76 (96.2%)        67 (95.7%)            71 (95.9%)     
+                 Not High                        76 (88.4%)        67 (93.1%)            71 (74.0%)     
-                 1                                1 (1.3%)          3 (4.3%)              1 (1.4%)      
+                 1                                1 (1.2%)          3 (4.2%)              1 (1.0%)      
-                 2                                2 (2.5%)             0                  2 (2.7%)      
+                 2                                2 (2.3%)             0                  2 (2.1%)      
          2                                           4                 2                      1         
-                 Not High                        2 (50.0%)         1 (50.0%)                  0         
+                 Not High                         2 (2.3%)          1 (1.4%)                  0         
-                 2                               2 (50.0%)         1 (50.0%)              1 (100%)      
+                 2                                2 (2.3%)          1 (1.4%)              1 (1.0%)      
    Creatinine (umol/L)                                                                                  
          Not High                                    82                67                    70         
-                 Not High                        25 (30.5%)        16 (23.9%)            20 (28.6%)     
+                 Not High                        25 (29.1%)        16 (22.2%)            20 (20.8%)     
-                 1                               57 (69.5%)        51 (76.1%)            50 (71.4%)     
+                 1                               57 (66.3%)        51 (70.8%)            50 (52.1%)     
          1                                           1                 5                      5         
-                 1                                1 (100%)          5 (100%)              5 (100%)      
+                 1                                1 (1.2%)          5 (6.9%)              5 (5.2%)      
    Gamma Glutamyl Transferase (U/L)                                                                     
          Not High                                    79                69                    70         
-                 Not High                        76 (96.2%)        64 (92.8%)            65 (92.9%)     
+                 Not High                        76 (88.4%)        64 (88.9%)            65 (67.7%)     
-                 1                                3 (3.8%)          4 (5.8%)              5 (7.1%)      
+                 1                                3 (3.5%)          4 (5.6%)              5 (5.2%)      
                  2                                   0              1 (1.4%)                  0         
          1                                           3                 3                      5         
-                 Not High                            0                 0                  1 (20.0%)     
+                 Not High                            0                 0                  1 (1.0%)      
-                 1                                3 (100%)         2 (66.7%)              4 (80.0%)     
+                 1                                3 (3.5%)          2 (2.8%)              4 (4.2%)      
-                 2                                   0             1 (33.3%)                  0         
+                 2                                   0              1 (1.4%)                  0         
          3                                           1                 0                      0         
-                 3                                1 (100%)             0                      0         
+                 3                                1 (1.2%)             0                      0         
    Microcytes                                                                                           
          Missing                                     0                 1                      0         
-                 Missing                             0              1 (100%)                  0         
+                 Missing                             0              1 (1.4%)                  0         
    Phosphate (mmol/L)                                                                                   
          Not High                                    83                72                    74         
-                 Not High                        83 (100%)         72 (100%)              74 (100%)     
+                 Not High                        83 (96.5%)        72 (100%)             74 (77.1%)     
          Missing                                     0                 0                      1         
-                 Not High                            0                 0                  1 (100%)      
+                 Not High                            0                 0                  1 (1.0%)      
    Protein (g/L)                                                                                        
          Missing                                     83                72                    75         
-                 Missing                         83 (100%)         72 (100%)              75 (100%)     
+                 Missing                         83 (96.5%)        72 (100%)             75 (78.1%)     
    Sodium (mmol/L)                                                                                      
          Not High                                    80                68                    75         
-                 Not High                        70 (87.5%)        59 (86.8%)            69 (92.0%)     
+                 Not High                        70 (81.4%)        59 (81.9%)            69 (71.9%)     
-                 1                               10 (12.5%)        7 (10.3%)              6 (8.0%)      
+                 1                               10 (11.6%)         7 (9.7%)              6 (6.2%)      
-                 2                                   0              2 (2.9%)                  0         
+                 2                                   0              2 (2.8%)                  0         
          1                                           3                 4                      0         
-                 Not High                         3 (100%)         2 (50.0%)                  0         
+                 Not High                         3 (3.5%)          2 (2.8%)                  0         
-                 1                                   0             2 (50.0%)                  0         
+                 1                                   0              2 (2.8%)                  0         
    Urate (umol/L)                                                                                       
          Missing                                     83                72                    75         
-                 Missing                         83 (100%)         72 (100%)              75 (100%)     
+                 Missing                         83 (96.5%)        72 (100%)             75 (78.1%)     

* Run `testthat::snapshot_accept('table_lbt14')` to accept the change.
* Run `testthat::snapshot_review('table_lbt14')` to interactively review the change.</failure>
    </testcase>
    <testcase time="5.35299999999998" classname="table_lbt14" name="LBT14_variant_2_LOW_works_as_expected"/>
    <testcase time="0.364000000000004" classname="table_lbt14" name="LBT14_variant_2_LOW_works_as_expected">
      <failure type="failure" message="Snapshot of code has changed: ('test-table_lbt14.R:117:3')">Snapshot of code has changed:
old[7:73] vs new[7:73]
    —————————————————————————————————————————————————————————————————————————————————————————————————————
    Alanine Aminotransferase (U/L)                                                                       
          Not Low                                     83                72                    75         
-                 Not Low                         83 (100%)         72 (100%)              75 (100%)     
+                 Not Low                         83 (96.5%)        72 (100%)             75 (78.1%)     
    Albumin (g/L)                                                                                        
          Not Low                                     81                72                    74         
-                 Not Low                         66 (81.5%)        67 (93.1%)            62 (83.8%)     
+                 Not Low                         66 (76.7%)        67 (93.1%)            62 (64.6%)     
-                 1                               14 (17.3%)         5 (6.9%)             12 (16.2%)     
+                 1                               14 (16.3%)         5 (6.9%)             12 (12.5%)     
                  2                                1 (1.2%)             0                      0         
          1                                           2                 0                      1         
-                 1                               1 (50.0%)             0                  1 (100%)      
+                 1                                1 (1.2%)             0                  1 (1.0%)      
-                 2                               1 (50.0%)             0                      0         
+                 2                                1 (1.2%)             0                      0         
    Alkaline Phosphatase (U/L)                                                                           
          Not Low                                     83                72                    74         
-                 Not Low                         83 (100%)         72 (100%)              74 (100%)     
+                 Not Low                         83 (96.5%)        72 (100%)             74 (77.1%)     
          Missing                                     0                 0                      1         
-                 Not Low                             0                 0                  1 (100%)      
+                 Not Low                             0                 0                  1 (1.0%)      
    Aspartate Aminotransferase (U/L)                                                                     
          Not Low                                     83                72                    75         
-                 Not Low                         83 (100%)         72 (100%)              75 (100%)     
+                 Not Low                         83 (96.5%)        72 (100%)             75 (78.1%)     
    Bilirubin (umol/L)                                                                                   
          Not Low                                     83                72                    74         
-                 Not Low                         83 (100%)         72 (100%)              74 (100%)     
+                 Not Low                         83 (96.5%)        72 (100%)             74 (77.1%)     
    Blood Urea Nitrogen (mmol/L)                                                                         
          Missing                                     83                72                    75         
-                 Missing                         83 (100%)         72 (100%)              75 (100%)     
+                 Missing                         83 (96.5%)        72 (100%)             75 (78.1%)     
    Calcium (mmol/L)                                                                                     
          Not Low                                     82                71                    73         
-                 Not Low                         72 (87.8%)        62 (87.3%)            65 (89.0%)     
+                 Not Low                         72 (83.7%)        62 (86.1%)            65 (67.7%)     
-                 1                               10 (12.2%)         7 (9.9%)              7 (9.6%)      
+                 1                               10 (11.6%)         7 (9.7%)              7 (7.3%)      
-                 2                                   0              2 (2.8%)              1 (1.4%)      
+                 2                                   0              2 (2.8%)              1 (1.0%)      
          1                                           1                 1                      2         
-                 Not Low                          1 (100%)             0                  2 (100%)      
+                 Not Low                          1 (1.2%)             0                  2 (2.1%)      
-                 1                                   0              1 (100%)                  0         
+                 1                                   0              1 (1.4%)                  0         
    Cholesterol (mmol/L)                                                                                 
          Not Low                                     83                72                    75         
-                 Not Low                         83 (100%)         72 (100%)              75 (100%)     
+                 Not Low                         83 (96.5%)        72 (100%)             75 (78.1%)     
    Creatinine (umol/L)                                                                                  
          Not Low                                     83                72                    75         
-                 Not Low                         83 (100%)         72 (100%)              75 (100%)     
+                 Not Low                         83 (96.5%)        72 (100%)             75 (78.1%)     
    Gamma Glutamyl Transferase (U/L)                                                                     
          Not Low                                     83                72                    75         
-                 Not Low                         83 (100%)         72 (100%)              75 (100%)     
+                 Not Low                         83 (96.5%)        72 (100%)             75 (78.1%)     
    Microcytes                                                                                           
          Missing                                     0                 1                      0         
-                 Missing                             0              1 (100%)                  0         
+                 Missing                             0              1 (1.4%)                  0         
    Phosphate (mmol/L)                                                                                   
          Not Low                                     83                72                    74         
-                 Not Low                         78 (94.0%)        68 (94.4%)            72 (97.3%)     
+                 Not Low                         78 (90.7%)        68 (94.4%)            72 (75.0%)     
-                 2                                4 (4.8%)          4 (5.6%)              2 (2.7%)      
+                 2                                4 (4.7%)          4 (5.6%)              2 (2.1%)      
                  3                                1 (1.2%)             0                      0         
          Missing                                     0                 0                      1         
-                 Not Low                             0                 0                  1 (100%)      
+                 Not Low                             0                 0                  1 (1.0%)      
    Protein (g/L)                                                                                        
          Missing                                     83                72                    75         
-                 Missing                         83 (100%)         72 (100%)              75 (100%)     
+                 Missing                         83 (96.5%)        72 (100%)             75 (78.1%)     
    Sodium (mmol/L)                                                                                      
          Not Low                                     81                70                    73         
-                 Not Low                         78 (96.3%)        66 (94.3%)            71 (97.3%)     
+                 Not Low                         78 (90.7%)        66 (91.7%)            71 (74.0%)     
-                 1                                3 (3.7%)          4 (5.7%)              2 (2.7%)      
+                 1                                3 (3.5%)          4 (5.6%)              2 (2.1%)      
          1                                           2                 2                      2         
-                 Not Low                         1 (50.0%)         1 (50.0%)              1 (50.0%)     
+                 Not Low                          1 (1.2%)          1 (1.4%)              1 (1.0%)      
-                 1                                   0             1 (50.0%)              1 (50.0%)     
+                 1                                   0              1 (1.4%)              1 (1.0%)      
-                 3                               1 (50.0%)             0                      0         
+                 3                                1 (1.2%)             0                      0         
    Urate (umol/L)                                                                                       
          Missing                                     83                72                    75         
-                 Missing                         83 (100%)         72 (100%)              75 (100%)     
+                 Missing                         83 (96.5%)        72 (100%)             75 (78.1%)     

* Run `testthat::snapshot_accept('table_lbt14')` to accept the change.
* Run `testthat::snapshot_review('table_lbt14')` to interactively review the change.</failure>
    </testcase>
    <testcase time="3.571" classname="table_lbt14" name="LBT14_variant_3_LOW_without_baseline_missing_works_as_expected"/>
    <testcase time="0.433999999999997" classname="table_lbt14" name="LBT14_variant_3_LOW_without_baseline_missing_works_as_expected">
      <failure type="failure" message="Snapshot of code has changed: ('test-table_lbt14.R:170:3')">Snapshot of code has changed:
old[7:93] vs new[7:93]
    —————————————————————————————————————————————————————————————————————————————————————————————————————
    Alanine Aminotransferase (U/L)                                                                       
          Not High                                    79                68                    73         
-                 Not High                        73 (92.4%)        61 (89.7%)            65 (89.0%)     
+                 Not High                        73 (84.9%)        61 (84.7%)            65 (67.7%)     
-                 1                                5 (6.3%)          6 (8.8%)              8 (11.0%)     
+                 1                                5 (5.8%)          6 (8.3%)              8 (8.3%)      
-                 2                                1 (1.3%)          1 (1.5%)                  0         
+                 2                                1 (1.2%)          1 (1.4%)                  0         
          1                                           4                 4                      2         
-                 Not High                        1 (25.0%)             0                      0         
+                 Not High                         1 (1.2%)             0                      0         
-                 1                               2 (50.0%)          4 (100%)              2 (100%)      
+                 1                                2 (2.3%)          4 (5.6%)              2 (2.1%)      
-                 2                               1 (25.0%)             0                      0         
+                 2                                1 (1.2%)             0                      0         
    Albumin (g/L)                                                                                        
          Not High                                    83                72                    75         
-                 Not High                        83 (100%)         72 (100%)              75 (100%)     
+                 Not High                        83 (96.5%)        72 (100%)             75 (78.1%)     
    Alkaline Phosphatase (U/L)                                                                           
          Not High                                    78                71                    71         
-                 Not High                        74 (94.9%)        67 (94.4%)            67 (94.4%)     
+                 Not High                        74 (86.0%)        67 (93.1%)            67 (69.8%)     
-                 1                                3 (3.8%)          4 (5.6%)              4 (5.6%)      
+                 1                                3 (3.5%)          4 (5.6%)              4 (4.2%)      
-                 3                                1 (1.3%)             0                      0         
+                 3                                1 (1.2%)             0                      0         
          1                                           4                 0                      3         
-                 Not High                        1 (25.0%)             0                      0         
+                 Not High                         1 (1.2%)             0                      0         
-                 1                               3 (75.0%)             0                  3 (100%)      
+                 1                                3 (3.5%)             0                  3 (3.1%)      
          2                                           1                 1                      0         
-                 2                                   0              1 (100%)                  0         
+                 2                                   0              1 (1.4%)                  0         
-                 3                                1 (100%)             0                      0         
+                 3                                1 (1.2%)             0                      0         
    Aspartate Aminotransferase (U/L)                                                                     
          Not High                                    77                69                    67         
-                 Not High                        69 (89.6%)        64 (92.8%)            61 (91.0%)     
+                 Not High                        69 (80.2%)        64 (88.9%)            61 (63.5%)     
-                 1                                7 (9.1%)          4 (5.8%)              6 (9.0%)      
+                 1                                7 (8.1%)          4 (5.6%)              6 (6.2%)      
-                 2                                1 (1.3%)          1 (1.4%)                  0         
+                 2                                1 (1.2%)          1 (1.4%)                  0         
          1                                           6                 3                      8         
-                 Not High                        2 (33.3%)         1 (33.3%)              4 (50.0%)     
+                 Not High                         2 (2.3%)          1 (1.4%)              4 (4.2%)      
-                 1                               3 (50.0%)         2 (66.7%)              3 (37.5%)     
+                 1                                3 (3.5%)          2 (2.8%)              3 (3.1%)      
-                 2                               1 (16.7%)             0                  1 (12.5%)     
+                 2                                1 (1.2%)             0                  1 (1.0%)      
    Bilirubin (umol/L)                                                                                   
          Not High                                    81                69                    71         
-                 Not High                        77 (95.1%)        67 (97.1%)            70 (98.6%)     
+                 Not High                        77 (89.5%)        67 (93.1%)            70 (72.9%)     
-                 1                                4 (4.9%)          2 (2.9%)              1 (1.4%)      
+                 1                                4 (4.7%)          2 (2.8%)              1 (1.0%)      
          1                                           2                 2                      3         
-                 Not High                            0                 0                  2 (66.7%)     
+                 Not High                            0                 0                  2 (2.1%)      
-                 1                               1 (50.0%)             0                      0         
+                 1                                1 (1.2%)             0                      0         
-                 2                                   0              2 (100%)              1 (33.3%)     
+                 2                                   0              2 (2.8%)              1 (1.0%)      
-                 3                               1 (50.0%)             0                      0         
+                 3                                1 (1.2%)             0                      0         
          2                                           0                 1                      0         
-                 2                                   0              1 (100%)                  0         
+                 2                                   0              1 (1.4%)                  0         
    Calcium (mmol/L)                                                                                     
          Not High                                    83                72                    73         
-                 Not High                        82 (98.8%)        70 (97.2%)            71 (97.3%)     
+                 Not High                        82 (95.3%)        70 (97.2%)            71 (74.0%)     
-                 1                                1 (1.2%)          2 (2.8%)              2 (2.7%)      
+                 1                                1 (1.2%)          2 (2.8%)              2 (2.1%)      
          1                                           0                 0                      2         
-                 Not High                            0                 0                  1 (50.0%)     
+                 Not High                            0                 0                  1 (1.0%)      
-                 1                                   0                 0                  1 (50.0%)     
+                 1                                   0                 0                  1 (1.0%)      
    Cholesterol (mmol/L)                                                                                 
          Not High                                    79                70                    74         
-                 Not High                        76 (96.2%)        67 (95.7%)            71 (95.9%)     
+                 Not High                        76 (88.4%)        67 (93.1%)            71 (74.0%)     
-                 1                                1 (1.3%)          3 (4.3%)              1 (1.4%)      
+                 1                                1 (1.2%)          3 (4.2%)              1 (1.0%)      
-                 2                                2 (2.5%)             0                  2 (2.7%)      
+                 2                                2 (2.3%)             0                  2 (2.1%)      
          2                                           4                 2                      1         
-                 Not High                        2 (50.0%)         1 (50.0%)                  0         
+                 Not High                         2 (2.3%)          1 (1.4%)                  0         
-                 2                               2 (50.0%)         1 (50.0%)              1 (100%)      
+                 2                                2 (2.3%)          1 (1.4%)              1 (1.0%)      
    Creatinine (umol/L)                                                                                  
          Not High                                    82                67                    70         
-                 Not High                        25 (30.5%)        16 (23.9%)            20 (28.6%)     
+                 Not High                        25 (29.1%)        16 (22.2%)            20 (20.8%)     
-                 1                               57 (69.5%)        51 (76.1%)            50 (71.4%)     
+                 1                               57 (66.3%)        51 (70.8%)            50 (52.1%)     
          1                                           1                 5                      5         
-                 1                                1 (100%)          5 (100%)              5 (100%)      
+                 1                                1 (1.2%)          5 (6.9%)              5 (5.2%)      
    Gamma Glutamyl Transferase (U/L)                                                                     
          Not High                                    79                69                    70         
-                 Not High                        76 (96.2%)        64 (92.8%)            65 (92.9%)     
+                 Not High                        76 (88.4%)        64 (88.9%)            65 (67.7%)     
-                 1                                3 (3.8%)          4 (5.8%)              5 (7.1%)      
+                 1                                3 (3.5%)          4 (5.6%)              5 (5.2%)      
                  2                                   0              1 (1.4%)                  0         
          1                                           3                 3                      5         
-                 Not High                            0                 0                  1 (20.0%)     
+                 Not High                            0                 0                  1 (1.0%)      
-                 1                                3 (100%)         2 (66.7%)              4 (80.0%)     
+                 1                                3 (3.5%)          2 (2.8%)              4 (4.2%)      
-                 2                                   0             1 (33.3%)                  0         
+                 2                                   0              1 (1.4%)                  0         
          3                                           1                 0                      0         
-                 3                                1 (100%)             0                      0         
+                 3                                1 (1.2%)             0                      0         
    Phosphate (mmol/L)                                                                                   
          Not High                                    83                72                    74         
-                 Not High                        83 (100%)         72 (100%)              74 (100%)     
+                 Not High                        83 (96.5%)        72 (100%)             74 (77.1%)     
    Sodium (mmol/L)                                                                                      
          Not High                                    80                68                    75         
-                 Not High                        70 (87.5%)        59 (86.8%)            69 (92.0%)     
+                 Not High                        70 (81.4%)        59 (81.9%)            69 (71.9%)     
-                 1                               10 (12.5%)        7 (10.3%)              6 (8.0%)      
+                 1                               10 (11.6%)         7 (9.7%)              6 (6.2%)      
-                 2                                   0              2 (2.9%)                  0         
+                 2                                   0              2 (2.8%)                  0         
          1                                           3                 4                      0         
-                 Not High                         3 (100%)         2 (50.0%)                  0         
+                 Not High                         3 (3.5%)          2 (2.8%)                  0         
-                 1                                   0             2 (50.0%)                  0         
+                 1                                   0              2 (2.8%)                  0         

* Run `testthat::snapshot_accept('table_lbt14')` to accept the change.
* Run `testthat::snapshot_review('table_lbt14')` to interactively review the change.</failure>
    </testcase>
    <testcase time="5.22200000000001" classname="table_lbt14" name="LBT14_variant_4_LOW_and_force_1_missing_both_baseline_and_post_baseline_then_force_the_missing_baseline_as_0_as_expected"/>
    <testcase time="0.320999999999998" classname="table_lbt14" name="LBT14_variant_4_LOW_and_force_1_missing_both_baseline_and_post_baseline_then_force_the_missing_baseline_as_0_as_expected">
      <failure type="failure" message="Snapshot of code has changed: ('test-table_lbt14.R:222:3')">Snapshot of code has changed:
old[7:57] vs new[7:57]
    —————————————————————————————————————————————————————————————————————————————————————————————————————
    Alanine Aminotransferase (U/L)                                                                       
          Not Low                                     83                72                    75         
-                 Not Low                         83 (100%)         72 (100%)              75 (100%)     
+                 Not Low                         83 (96.5%)        72 (100%)             75 (78.1%)     
    Albumin (g/L)                                                                                        
          Not Low                                     81                72                    74         
-                 Not Low                         66 (81.5%)        67 (93.1%)            62 (83.8%)     
+                 Not Low                         66 (76.7%)        67 (93.1%)            62 (64.6%)     
-                 1                               14 (17.3%)         5 (6.9%)             12 (16.2%)     
+                 1                               14 (16.3%)         5 (6.9%)             12 (12.5%)     
                  2                                1 (1.2%)             0                      0         
          1                                           2                 0                      1         
-                 1                               1 (50.0%)             0                  1 (100%)      
+                 1                                1 (1.2%)             0                  1 (1.0%)      
-                 2                               1 (50.0%)             0                      0         
+                 2                                1 (1.2%)             0                      0         
    Alkaline Phosphatase (U/L)                                                                           
          Not Low                                     83                72                    75         
-                 Not Low                         83 (100%)         72 (100%)              75 (100%)     
+                 Not Low                         83 (96.5%)        72 (100%)             75 (78.1%)     
    Aspartate Aminotransferase (U/L)                                                                     
          Not Low                                     83                72                    75         
-                 Not Low                         83 (100%)         72 (100%)              75 (100%)     
+                 Not Low                         83 (96.5%)        72 (100%)             75 (78.1%)     
    Bilirubin (umol/L)                                                                                   
          Not Low                                     83                72                    74         
-                 Not Low                         83 (100%)         72 (100%)              74 (100%)     
+                 Not Low                         83 (96.5%)        72 (100%)             74 (77.1%)     
    Calcium (mmol/L)                                                                                     
          Not Low                                     82                71                    73         
-                 Not Low                         72 (87.8%)        62 (87.3%)            65 (89.0%)     
+                 Not Low                         72 (83.7%)        62 (86.1%)            65 (67.7%)     
-                 1                               10 (12.2%)         7 (9.9%)              7 (9.6%)      
+                 1                               10 (11.6%)         7 (9.7%)              7 (7.3%)      
-                 2                                   0              2 (2.8%)              1 (1.4%)      
+                 2                                   0              2 (2.8%)              1 (1.0%)      
          1                                           1                 1                      2         
-                 Not Low                          1 (100%)             0                  2 (100%)      
+                 Not Low                          1 (1.2%)             0                  2 (2.1%)      
-                 1                                   0              1 (100%)                  0         
+                 1                                   0              1 (1.4%)                  0         
    Cholesterol (mmol/L)                                                                                 
          Not Low                                     83                72                    75         
-                 Not Low                         83 (100%)         72 (100%)              75 (100%)     
+                 Not Low                         83 (96.5%)        72 (100%)             75 (78.1%)     
    Creatinine (umol/L)                                                                                  
          Not Low                                     83                72                    75         
-                 Not Low                         83 (100%)         72 (100%)              75 (100%)     
+                 Not Low                         83 (96.5%)        72 (100%)             75 (78.1%)     
    Gamma Glutamyl Transferase (U/L)                                                                     
          Not Low                                     83                72                    75         
-                 Not Low                         83 (100%)         72 (100%)              75 (100%)     
+                 Not Low                         83 (96.5%)        72 (100%)             75 (78.1%)     
    Phosphate (mmol/L)                                                                                   
          Not Low                                     83                72                    75         
-                 Not Low                         78 (94.0%)        68 (94.4%)            73 (97.3%)     
+                 Not Low                         78 (90.7%)        68 (94.4%)            73 (76.0%)     
-                 2                                4 (4.8%)          4 (5.6%)              2 (2.7%)      
+                 2                                4 (4.7%)          4 (5.6%)              2 (2.1%)      
                  3                                1 (1.2%)             0                      0         
    Sodium (mmol/L)                                                                                      
          Not Low                                     81                70                    73         
-                 Not Low                         78 (96.3%)        66 (94.3%)            71 (97.3%)     
+                 Not Low                         78 (90.7%)        66 (91.7%)            71 (74.0%)     
-                 1                                3 (3.7%)          4 (5.7%)              2 (2.7%)      
+                 1                                3 (3.5%)          4 (5.6%)              2 (2.1%)      
          1                                           2                 2                      2         
-                 Not Low                         1 (50.0%)         1 (50.0%)              1 (50.0%)     
+                 Not Low                          1 (1.2%)          1 (1.4%)              1 (1.0%)      
-                 1                                   0             1 (50.0%)              1 (50.0%)     
+                 1                                   0              1 (1.4%)              1 (1.0%)      
-                 3                               1 (50.0%)             0                      0         
+                 3                                1 (1.2%)             0                      0         

* Run `testthat::snapshot_accept('table_lbt14')` to accept the change.
* Run `testthat::snapshot_review('table_lbt14')` to interactively review the change.</failure>
    </testcase>
    <testcase time="5.703" classname="table_lbt14" name="LBT14_variant_5_HIGH_with_fillings_works_as_expected"/>
    <testcase time="2.661" classname="table_lbt14" name="LBT14_variant_5_HIGH_with_fillings_works_as_expected">
      <failure type="failure" message="Snapshot of code has changed: ('test-table_lbt14.R:274:3')">Snapshot of code has changed:
old[7:22] vs new[7:22]
    —————————————————————————————————————————————————————————————————————————————————————————————————————
    Alanine Aminotransferase (U/L)                                                                       
          Not High                                    79                68                    73         
-                 Not High                        73 (92.4%)        61 (89.7%)            65 (89.0%)     
+                 Not High                        73 (84.9%)        61 (84.7%)            65 (67.7%)     
-                 1                                5 (6.3%)          6 (8.8%)              8 (11.0%)     
+                 1                                5 (5.8%)          6 (8.3%)              8 (8.3%)      
-                 2                                1 (1.3%)          1 (1.5%)                  0         
+                 2                                1 (1.2%)          1 (1.4%)                  0         
                  3                                   0                 0                      0         
                  4                                   0                 0                      0         
                  Missing                             0                 0                      0         
          1                                           4                 4                      2         
-                 Not High                        1 (25.0%)             0                      0         
+                 Not High                         1 (1.2%)             0                      0         
-                 1                               2 (50.0%)          4 (100%)              2 (100%)      
+                 1                                2 (2.3%)          4 (5.6%)              2 (2.1%)      
-                 2                               1 (25.0%)             0                      0         
+                 2                                1 (1.2%)             0                      0         
                  3                                   0                 0                      0         
                  4                                   0                 0                      0         
                  Missing                             0                 0                      0         

old[50:56] vs new[50:56]
                  Missing                             0                 0                      0         
    Albumin (g/L)                                                                                        
          Not High                                    83                72                    75         
-                 Not High                        83 (100%)         72 (100%)              75 (100%)     
+                 Not High                        83 (96.5%)        72 (100%)             75 (78.1%)     
                  1                                   0                 0                      0         
                  2                                   0                 0                      0         
                  3                                   0                 0                      0         

old[93:107] vs new[93:107]
                  Missing                             0                 0                      0         
    Alkaline Phosphatase (U/L)                                                                           
          Not High                                    78                71                    71         
-                 Not High                        74 (94.9%)        67 (94.4%)            67 (94.4%)     
+                 Not High                        74 (86.0%)        67 (93.1%)            67 (69.8%)     
-                 1                                3 (3.8%)          4 (5.6%)              4 (5.6%)      
+                 1                                3 (3.5%)          4 (5.6%)              4 (4.2%)      
                  2                                   0                 0                      0         
-                 3                                1 (1.3%)             0                      0         
+                 3                                1 (1.2%)             0                      0         
                  4                                   0                 0                      0         
                  Missing                             0                 0                      0         
          1                                           4                 0                      3         
-                 Not High                        1 (25.0%)             0                      0         
+                 Not High                         1 (1.2%)             0                      0         
-                 1                               3 (75.0%)             0                  3 (100%)      
+                 1                                3 (3.5%)             0                  3 (3.1%)      
                  2                                   0                 0                      0         
                  3                                   0                 0                      0         
                  4                                   0                 0                      0         

old[109:116] vs new[109:116]
          2                                           1                 1                      0         
                  Not High                            0                 0                      0         
                  1                                   0                 0                      0         
-                 2                                   0              1 (100%)                  0         
+                 2                                   0              1 (1.4%)                  0         
-                 3                                1 (100%)             0                      0         
+                 3                                1 (1.2%)             0                      0         
                  4                                   0                 0                      0         
                  Missing                             0                 0                      0         
          3                                           0                 0                      0         

old[128:134] vs new[128:134]
                  4                                   0                 0                      0         
                  Missing                             0                 0                      0         
          Missing                                     0                 0                      1         
-                 Not High                            0                 0                  1 (100%)      
+                 Not High                            0                 0                  1 (1.0%)      
                  1                                   0                 0                      0         
                  2                                   0                 0                      0         
                  3                                   0                 0                      0         

old[136:151] vs new[136:151]
                  Missing                             0                 0                      0         
    Aspartate Aminotransferase (U/L)                                                                     
          Not High                                    77                69                    67         
-                 Not High                        69 (89.6%)        64 (92.8%)            61 (91.0%)     
+                 Not High                        69 (80.2%)        64 (88.9%)            61 (63.5%)     
-                 1                                7 (9.1%)          4 (5.8%)              6 (9.0%)      
+                 1                                7 (8.1%)          4 (5.6%)              6 (6.2%)      
-                 2                                1 (1.3%)          1 (1.4%)                  0         
+                 2                                1 (1.2%)          1 (1.4%)                  0         
                  3                                   0                 0                      0         
                  4                                   0                 0                      0         
                  Missing                             0                 0                      0         
          1                                           6                 3                      8         
-                 Not High                        2 (33.3%)         1 (33.3%)              4 (50.0%)     
+                 Not High                         2 (2.3%)          1 (1.4%)              4 (4.2%)      
-                 1                               3 (50.0%)         2 (66.7%)              3 (37.5%)     
+                 1                                3 (3.5%)          2 (2.8%)              3 (3.1%)      
-                 2                               1 (16.7%)             0                  1 (12.5%)     
+                 2                                1 (1.2%)             0                  1 (1.0%)      
                  3                                   0                 0                      0         
                  4                                   0                 0                      0         
                  Missing                             0                 0                      0         

old[179:201] vs new[179:201]
                  Missing                             0                 0                      0         
    Bilirubin (umol/L)                                                                                   
          Not High                                    81                69                    71         
-                 Not High                        77 (95.1%)        67 (97.1%)            70 (98.6%)     
+                 Not High                        77 (89.5%)        67 (93.1%)            70 (72.9%)     
-                 1                                4 (4.9%)          2 (2.9%)              1 (1.4%)      
+                 1                                4 (4.7%)          2 (2.8%)              1 (1.0%)      
                  2                                   0                 0                      0         
                  3                                   0                 0                      0         
                  4                                   0                 0                      0         
                  Missing                             0                 0                      0         
          1                                           2                 2                      3         
-                 Not High                            0                 0                  2 (66.7%)     
+                 Not High                            0                 0                  2 (2.1%)      
-                 1                               1 (50.0%)             0                      0         
+                 1                                1 (1.2%)             0                      0         
-                 2                                   0              2 (100%)              1 (33.3%)     
+                 2                                   0              2 (2.8%)              1 (1.0%)      
-                 3                               1 (50.0%)             0                      0         
+                 3                                1 (1.2%)             0                      0         
                  4                                   0                 0                      0         
                  Missing                             0                 0                      0         
          2                                           0                 1                      0         
                  Not High                            0                 0                      0         
                  1                                   0                 0                      0         
-                 2                                   0              1 (100%)                  0         
+                 2                                   0              1 (1.4%)                  0         
                  3                                   0                 0                      0         
                  4                                   0                 0                      0         
                  Missing                             0                 0                      0         

old[262:279] vs new[262:279]
                  2                                   0                 0                      0         
                  3                                   0                 0                      0         
                  4                                   0                 0                      0         
-                 Missing                         83 (100%)         72 (100%)              75 (100%)     
+                 Missing                         83 (96.5%)        72 (100%)             75 (78.1%)     
    Calcium (mmol/L)                                                                                     
          Not High                                    83                72                    73         
-                 Not High                        82 (98.8%)        70 (97.2%)            71 (97.3%)     
+                 Not High                        82 (95.3%)        70 (97.2%)            71 (74.0%)     
-                 1                                1 (1.2%)          2 (2.8%)              2 (2.7%)      
+                 1                                1 (1.2%)          2 (2.8%)              2 (2.1%)      
                  2                                   0                 0                      0         
                  3                                   0                 0                      0         
                  4                                   0                 0                      0         
                  Missing                             0                 0                      0         
          1                                           0                 0                      2         
-                 Not High                            0                 0                  1 (50.0%)     
+                 Not High                            0                 0                  1 (1.0%)      
-                 1                                   0                 0                  1 (50.0%)     
+                 1                                   0                 0                  1 (1.0%)      
                  2                                   0                 0                      0         
                  3                                   0                 0                      0         
                  4                                   0                 0                      0         

old[308:316] vs new[308:316]
                  Missing                             0                 0                      0         
    Cholesterol (mmol/L)                                                                                 
          Not High                                    79                70                    74         
-                 Not High                        76 (96.2%)        67 (95.7%)            71 (95.9%)     
+                 Not High                        76 (88.4%)        67 (93.1%)            71 (74.0%)     
-                 1                                1 (1.3%)          3 (4.3%)              1 (1.4%)      
+                 1                                1 (1.2%)          3 (4.2%)              1 (1.0%)      
-                 2                                2 (2.5%)             0                  2 (2.7%)      
+                 2                                2 (2.3%)             0                  2 (2.1%)      
                  3                                   0                 0                      0         
                  4                                   0                 0                      0         
                  Missing                             0                 0                      0         

old[322:330] vs new[322:330]
                  4                                   0                 0                      0         
                  Missing                             0                 0                      0         
          2                                           4                 2                      1         
-                 Not High                        2 (50.0%)         1 (50.0%)                  0         
+                 Not High                         2 (2.3%)          1 (1.4%)                  0         
                  1                                   0                 0                      0         
-                 2                               2 (50.0%)         1 (50.0%)              1 (100%)      
+                 2                                2 (2.3%)          1 (1.4%)              1 (1.0%)      
                  3                                   0                 0                      0         
                  4                                   0                 0                      0         
                  Missing                             0                 0                      0         

old[351:358] vs new[351:358]
                  Missing                             0                 0                      0         
    Creatinine (umol/L)                                                                                  
          Not High                                    82                67                    70         
-                 Not High                        25 (30.5%)        16 (23.9%)            20 (28.6%)     
+                 Not High                        25 (29.1%)        16 (22.2%)            20 (20.8%)     
-                 1                               57 (69.5%)        51 (76.1%)            50 (71.4%)     
+                 1                               57 (66.3%)        51 (70.8%)            50 (52.1%)     
                  2                                   0                 0                      0         
                  3                                   0                 0                      0         
                  4                                   0                 0                      0         

old[359:365] vs new[359:365]
                  Missing                             0                 0                      0         
          1                                           1                 5                      5         
                  Not High                            0                 0                      0         
-                 1                                1 (100%)          5 (100%)              5 (100%)      
+                 1                                1 (1.2%)          5 (6.9%)              5 (5.2%)      
                  2                                   0                 0                      0         
                  3                                   0                 0                      0         
                  4                                   0                 0                      0         

old[394:409] vs new[394:409]
                  Missing                             0                 0                      0         
    Gamma Glutamyl Transferase (U/L)                                                                     
          Not High                                    79                69                    70         
-                 Not High                        76 (96.2%)        64 (92.8%)            65 (92.9%)     
+                 Not High                        76 (88.4%)        64 (88.9%)            65 (67.7%)     
-                 1                                3 (3.8%)          4 (5.8%)              5 (7.1%)      
+                 1                                3 (3.5%)          4 (5.6%)              5 (5.2%)      
                  2                                   0              1 (1.4%)                  0         
                  3                                   0                 0                      0         
                  4                                   0                 0                      0         
                  Missing                             0                 0                      0         
          1                                           3                 3                      5         
-                 Not High                            0                 0                  1 (20.0%)     
+                 Not High                            0                 0                  1 (1.0%)      
-                 1                                3 (100%)         2 (66.7%)              4 (80.0%)     
+                 1                                3 (3.5%)          2 (2.8%)              4 (4.2%)      
-                 2                                   0             1 (33.3%)                  0         
+                 2                                   0              1 (1.4%)                  0         
                  3                                   0                 0                      0         
                  4                                   0                 0                      0         
                  Missing                             0                 0                      0         

old[418:424] vs new[418:424]
                  Not High                            0                 0                      0         
                  1                                   0                 0                      0         
                  2                                   0                 0                      0         
-                 3                                1 (100%)             0                      0         
+                 3                                1 (1.2%)             0                      0         
                  4                                   0                 0                      0         
                  Missing                             0                 0                      0         
          4                                           0                 0                      0         

old[477:486] vs new[477:486]
                  2                                   0                 0                      0         
                  3                                   0                 0                      0         
                  4                                   0                 0                      0         
-                 Missing                             0              1 (100%)                  0         
+                 Missing                             0              1 (1.4%)                  0         
    Phosphate (mmol/L)                                                                                   
          Not High                                    83                72                    74         
-                 Not High                        83 (100%)         72 (100%)              74 (100%)     
+                 Not High                        83 (96.5%)        72 (100%)             74 (77.1%)     
                  1                                   0                 0                      0         
                  2                                   0                 0                      0         
                  3                                   0                 0                      0         

old[515:521] vs new[515:521]
                  4                                   0                 0                      0         
                  Missing                             0                 0                      0         
          Missing                                     0                 0                      1         
-                 Not High                            0                 0                  1 (100%)      
+                 Not High                            0                 0                  1 (1.0%)      
                  1                                   0                 0                      0         
                  2                                   0                 0                      0         
                  3                                   0                 0                      0         

old[563:580] vs new[563:580]
                  2                                   0                 0                      0         
                  3                                   0                 0                      0         
                  4                                   0                 0                      0         
-                 Missing                         83 (100%)         72 (100%)              75 (100%)     
+                 Missing                         83 (96.5%)        72 (100%)             75 (78.1%)     
    Sodium (mmol/L)                                                                                      
          Not High                                    80                68                    75         
-                 Not High                        70 (87.5%)        59 (86.8%)            69 (92.0%)     
+                 Not High                        70 (81.4%)        59 (81.9%)            69 (71.9%)     
-                 1                               10 (12.5%)        7 (10.3%)              6 (8.0%)      
+                 1                               10 (11.6%)         7 (9.7%)              6 (6.2%)      
-                 2                                   0              2 (2.9%)                  0         
+                 2                                   0              2 (2.8%)                  0         
                  3                                   0                 0                      0         
                  4                                   0                 0                      0         
                  Missing                             0                 0                      0         
          1                                           3                 4                      0         
-                 Not High                         3 (100%)         2 (50.0%)                  0         
+                 Not High                         3 (3.5%)          2 (2.8%)                  0         
-                 1                                   0             2 (50.0%)                  0         
+                 1                                   0              2 (2.8%)                  0         
                  2                                   0                 0                      0         
                  3                                   0                 0                      0         
                  4                                   0                 0                      0         

old[649:652] vs new[649:652]
                  2                                   0                 0                      0         
                  3                                   0                 0                      0         
                  4                                   0                 0                      0         
-                 Missing                         83 (100%)         72 (100%)              75 (100%)     
+                 Missing                         83 (96.5%)        72 (100%)             75 (78.1%)     

* Run `testthat::snapshot_accept('table_lbt14')` to accept the change.
* Run `testthat::snapshot_review('table_lbt14')` to interactively review the change.</failure>
    </testcase>
  </testsuite>
  <testsuite name="table_lbt15" timestamp="2024-11-07T01:52:41Z" hostname="dd3140bb6207" tests="4" skipped="0" failures="0" errors="0" time="1.539">
    <testcase time="0.621000000000009" classname="table_lbt15" name="LBT15_variant_1_works_as_expected"/>
    <testcase time="0.189999999999998" classname="table_lbt15" name="LBT15_variant_1_works_as_expected"/>
    <testcase time="0.530000000000001" classname="table_lbt15" name="LBT15_variant_2_works_as_expected"/>
    <testcase time="0.198000000000008" classname="table_lbt15" name="LBT15_variant_2_works_as_expected"/>
  </testsuite>
  <testsuite name="table_lgrt02" timestamp="2024-11-07T01:52:43Z" hostname="dd3140bb6207" tests="8" skipped="0" failures="0" errors="0" time="2.817">
    <testcase time="0.509000000000015" classname="table_lgrt02" name="LGRT02_without_interaction_term_is_produced_correctly"/>
    <testcase time="0.158999999999992" classname="table_lgrt02" name="LGRT02_without_interaction_term_is_produced_correctly"/>
    <testcase time="0.568000000000012" classname="table_lgrt02" name="LGRT02_with_categorical_interaction_is_produced_correctly"/>
    <testcase time="0.183999999999997" classname="table_lgrt02" name="LGRT02_with_categorical_interaction_is_produced_correctly"/>
    <testcase time="0.578999999999979" classname="table_lgrt02" name="LGRT02_with_continuous_interaction_is_produced_correctly"/>
    <testcase time="0.176000000000016" classname="table_lgrt02" name="LGRT02_with_continuous_interaction_is_produced_correctly"/>
    <testcase time="0.502999999999986" classname="table_lgrt02" name="LGRT02_with_setting_values_indicating_an_event_and_custom_alpha_level_is_produced_correctly"/>
    <testcase time="0.13900000000001" classname="table_lgrt02" name="LGRT02_with_setting_values_indicating_an_event_and_custom_alpha_level_is_produced_correctly"/>
  </testsuite>
  <testsuite name="table_mht01" timestamp="2024-11-07T01:52:46Z" hostname="dd3140bb6207" tests="8" skipped="0" failures="0" errors="0" time="1.55">
    <testcase time="0.312999999999988" classname="table_mht01" name="MHT01_variant_1_is_produced_accurately"/>
    <testcase time="0.143000000000001" classname="table_mht01" name="MHT01_variant_1_is_produced_accurately"/>
    <testcase time="0.0989999999999895" classname="table_mht01" name="MHT01_variant_2_is_produced_accurately"/>
    <testcase time="0.070999999999998" classname="table_mht01" name="MHT01_variant_2_is_produced_accurately"/>
    <testcase time="0.282000000000011" classname="table_mht01" name="MHT01_variant_3_is_produced_accurately"/>
    <testcase time="0.115000000000009" classname="table_mht01" name="MHT01_variant_3_is_produced_accurately"/>
    <testcase time="0.375" classname="table_mht01" name="MHT01_variant_5_is_produced_accurately"/>
    <testcase time="0.151999999999987" classname="table_mht01" name="MHT01_variant_5_is_produced_accurately"/>
  </testsuite>
  <testsuite name="table_onct05" timestamp="2024-11-07T01:52:47Z" hostname="dd3140bb6207" tests="8" skipped="0" failures="0" errors="0" time="2.043">
    <testcase time="0.459000000000003" classname="table_onct05" name="ONCT05_variant_1_Objective_Response_Rate_by_Subgroup_is_produced_correctly"/>
    <testcase time="0.129999999999995" classname="table_onct05" name="ONCT05_variant_1_Objective_Response_Rate_by_Subgroup_is_produced_correctly"/>
    <testcase time="0.465000000000003" classname="table_onct05" name="ONCT05_variant_2_Specifying_class_variables_is_produced_correctly"/>
    <testcase time="0.128000000000014" classname="table_onct05" name="ONCT05_variant_2_Specifying_class_variables_is_produced_correctly"/>
    <testcase time="0.201999999999998" classname="table_onct05" name="ONCT05_variant_3_selecting_columns_and_changing_the_alpha_level_is_produced_correctly"/>
    <testcase time="0.0989999999999895" classname="table_onct05" name="ONCT05_variant_3_selecting_columns_and_changing_the_alpha_level_is_produced_correctly"/>
    <testcase time="0.444999999999993" classname="table_onct05" name="ONCT05_variant_4_setting_values_indicating_response_is_produced_correctly"/>
    <testcase time="0.115000000000009" classname="table_onct05" name="ONCT05_variant_4_setting_values_indicating_response_is_produced_correctly"/>
  </testsuite>
  <testsuite name="table_pdt01" timestamp="2024-11-07T01:52:49Z" hostname="dd3140bb6207" tests="2" skipped="0" failures="0" errors="0" time="0.425">
    <testcase time="0.277999999999992" classname="table_pdt01" name="PDT01_is_produced_correctly"/>
    <testcase time="0.14700000000002" classname="table_pdt01" name="PDT01_is_produced_correctly"/>
  </testsuite>
  <testsuite name="table_pdt02" timestamp="2024-11-07T01:52:50Z" hostname="dd3140bb6207" tests="2" skipped="0" failures="0" errors="0" time="0.244">
    <testcase time="0.165999999999997" classname="table_pdt02" name="PDT02_is_produced_correctly"/>
    <testcase time="0.078000000000003" classname="table_pdt02" name="PDT02_is_produced_correctly"/>
  </testsuite>
  <testsuite name="table_pkct01" timestamp="2024-11-07T01:52:50Z" hostname="dd3140bb6207" tests="10" skipped="0" failures="0" errors="0" time="3.275">
    <testcase time="0.280000000000001" classname="table_pkct01" name="PKCT01_is_produced_correctly"/>
    <testcase time="0.10499999999999" classname="table_pkct01" name="PKCT01_is_produced_correctly"/>
    <testcase time="0.12299999999999" classname="table_pkct01" name="PKCT01_is_produced_correctly"/>
    <testcase time="0.070999999999998" classname="table_pkct01" name="PKCT01_is_produced_correctly"/>
    <testcase time="0.89500000000001" classname="table_pkct01" name="Specific_PKCT01_features_are_present"/>
    <testcase time="0.268000000000001" classname="table_pkct01" name="Specific_PKCT01_features_are_present"/>
    <testcase time="0.194999999999993" classname="table_pkct01" name="Specific_PKCT01_features_are_present"/>
    <testcase time="0.0130000000000052" classname="table_pkct01" name="Specific_PKCT01_features_are_present"/>
    <testcase time="0.728000000000009" classname="table_pkct01" name="Specific_PKCT01_features_are_present"/>
    <testcase time="0.59699999999998" classname="table_pkct01" name="Specific_PKCT01_features_are_present"/>
  </testsuite>
  <testsuite name="table_pkpt02" timestamp="2024-11-07T01:52:53Z" hostname="dd3140bb6207" tests="2" skipped="0" failures="0" errors="0" time="0.572">
    <testcase time="0.331000000000017" classname="table_pkpt02" name="PKPT02_is_produced_correctly_for_Drug_X"/>
    <testcase time="0.240999999999985" classname="table_pkpt02" name="PKPT02_is_produced_correctly_for_Drug_X"/>
  </testsuite>
  <testsuite name="table_pkpt03" timestamp="2024-11-07T01:52:54Z" hostname="dd3140bb6207" tests="2" skipped="0" failures="0" errors="0" time="1.151">
    <testcase time="0.949000000000012" classname="table_pkpt03" name="PKPT03_Drug_X_is_produced_correctly"/>
    <testcase time="0.201999999999998" classname="table_pkpt03" name="PKPT03_Drug_X_is_produced_correctly"/>
  </testsuite>
  <testsuite name="table_pkpt04" timestamp="2024-11-07T01:52:55Z" hostname="dd3140bb6207" tests="2" skipped="0" failures="0" errors="0" time="0.209">
    <testcase time="0.103000000000009" classname="table_pkpt04" name="PKPT04_is_produced_correctly_for_Drug_X"/>
    <testcase time="0.105999999999995" classname="table_pkpt04" name="PKPT04_is_produced_correctly_for_Drug_X"/>
  </testsuite>
  <testsuite name="table_pkpt05" timestamp="2024-11-07T01:52:55Z" hostname="dd3140bb6207" tests="2" skipped="0" failures="0" errors="0" time="0.427">
    <testcase time="0.293999999999983" classname="table_pkpt05" name="PKPT05_Drug_X_is_produced_correctly"/>
    <testcase time="0.13300000000001" classname="table_pkpt05" name="PKPT05_Drug_X_is_produced_correctly"/>
  </testsuite>
  <testsuite name="table_pkpt06" timestamp="2024-11-07T01:52:55Z" hostname="dd3140bb6207" tests="4" skipped="0" failures="0" errors="0" time="0.287">
    <testcase time="0.0900000000000034" classname="table_pkpt06" name="PKPT06_is_produced_correctly_for_Drug_X"/>
    <testcase time="0.0680000000000121" classname="table_pkpt06" name="PKPT06_is_produced_correctly_for_Drug_X"/>
    <testcase time="0.070999999999998" classname="table_pkpt06" name="PKPT06_is_produced_correctly_for_Drug_Y"/>
    <testcase time="0.0579999999999927" classname="table_pkpt06" name="PKPT06_is_produced_correctly_for_Drug_Y"/>
  </testsuite>
  <testsuite name="table_pkpt07" timestamp="2024-11-07T01:52:56Z" hostname="dd3140bb6207" tests="4" skipped="0" failures="0" errors="0" time="0.568">
    <testcase time="0.238" classname="table_pkpt07" name="PKPT07_Drug_X_is_produced_correctly"/>
    <testcase time="0.0989999999999895" classname="table_pkpt07" name="PKPT07_Drug_X_is_produced_correctly"/>
    <testcase time="0.141999999999996" classname="table_pkpt07" name="PKPT07_Drug_Y_is_produced_correctly"/>
    <testcase time="0.0889999999999986" classname="table_pkpt07" name="PKPT07_Drug_Y_is_produced_correctly"/>
  </testsuite>
  <testsuite name="table_ratet01" timestamp="2024-11-07T01:52:56Z" hostname="dd3140bb6207" tests="2" skipped="0" failures="0" errors="0" time="0.744">
    <testcase time="0.597000000000008" classname="table_ratet01" name="RATET01_is_produced_correctly"/>
    <testcase time="0.146999999999991" classname="table_ratet01" name="RATET01_is_produced_correctly"/>
  </testsuite>
  <testsuite name="table_rmpt01" timestamp="2024-11-07T01:52:57Z" hostname="dd3140bb6207" tests="2" skipped="0" failures="0" errors="0" time="0.196">
    <testcase time="0.135000000000019" classname="table_rmpt01" name="RMPT01_is_produced_correctly"/>
    <testcase time="0.061000000000007" classname="table_rmpt01" name="RMPT01_is_produced_correctly"/>
  </testsuite>
  <testsuite name="table_rmpt03" timestamp="2024-11-07T01:52:57Z" hostname="dd3140bb6207" tests="4" skipped="0" failures="0" errors="0" time="0.604">
    <testcase time="0.225999999999999" classname="table_rmpt03" name="RMPT03_variant_1_is_produced_correctly"/>
    <testcase time="0.111999999999995" classname="table_rmpt03" name="RMPT03_variant_1_is_produced_correctly"/>
    <testcase time="0.151999999999987" classname="table_rmpt03" name="RMPT03_variant_2_is_produced_correctly"/>
    <testcase time="0.114000000000004" classname="table_rmpt03" name="RMPT03_variant_2_is_produced_correctly"/>
  </testsuite>
  <testsuite name="table_rmpt04" timestamp="2024-11-07T01:52:58Z" hostname="dd3140bb6207" tests="2" skipped="0" failures="0" errors="0" time="0.233">
    <testcase time="0.147999999999996" classname="table_rmpt04" name="RMPT04_variant_1_is_produced_correctly"/>
    <testcase time="0.085000000000008" classname="table_rmpt04" name="RMPT04_variant_1_is_produced_correctly"/>
  </testsuite>
  <testsuite name="table_rmpt05" timestamp="2024-11-07T01:52:58Z" hostname="dd3140bb6207" tests="2" skipped="0" failures="0" errors="0" time="0.24">
    <testcase time="0.151999999999987" classname="table_rmpt05" name="RMPT05_is_produced_correctly"/>
    <testcase time="0.0880000000000223" classname="table_rmpt05" name="RMPT05_is_produced_correctly"/>
  </testsuite>
  <testsuite name="table_rmpt06" timestamp="2024-11-07T01:52:58Z" hostname="dd3140bb6207" tests="8" skipped="0" failures="0" errors="0" time="1.66">
    <testcase time="0.326999999999998" classname="table_rmpt06" name="RMPT06_variant_1_is_produced_correctly"/>
    <testcase time="0.121999999999986" classname="table_rmpt06" name="RMPT06_variant_1_is_produced_correctly"/>
    <testcase time="0.222000000000008" classname="table_rmpt06" name="RMPT06_variant_2_is_produced_correctly"/>
    <testcase time="0.0949999999999989" classname="table_rmpt06" name="RMPT06_variant_2_is_produced_correctly"/>
    <testcase time="0.299999999999983" classname="table_rmpt06" name="RMPT06_variant_3_is_produced_correctly"/>
    <testcase time="0.155000000000001" classname="table_rmpt06" name="RMPT06_variant_3_is_produced_correctly"/>
    <testcase time="0.302000000000021" classname="table_rmpt06" name="RMPT06_variant_4_is_produced_correctly"/>
    <testcase time="0.137" classname="table_rmpt06" name="RMPT06_variant_4_is_produced_correctly"/>
  </testsuite>
  <testsuite name="table_rspt01" timestamp="2024-11-07T01:53:00Z" hostname="dd3140bb6207" tests="12" skipped="0" failures="0" errors="0" time="2.528">
    <testcase time="0.283999999999992" classname="table_rspt01" name="RSPT01_1._Best_Overall_Response"/>
    <testcase time="0.133999999999986" classname="table_rspt01" name="RSPT01_1._Best_Overall_Response"/>
    <testcase time="0.257000000000005" classname="table_rspt01" name="RSPT01_2._Best_Overall_Response_selecting_sections_to_display_"/>
    <testcase time="0.110000000000014" classname="table_rspt01" name="RSPT01_2._Best_Overall_Response_selecting_sections_to_display_"/>
    <testcase time="0.363" classname="table_rspt01" name="RSPT01_3._Best_Overall_Response_modifying_settings_"/>
    <testcase time="0.109000000000009" classname="table_rspt01" name="RSPT01_3._Best_Overall_Response_modifying_settings_"/>
    <testcase time="0.384999999999991" classname="table_rspt01" name="RSPT01_4._Best_Overall_Response_with_stratified_analysis_"/>
    <testcase time="0.141999999999996" classname="table_rspt01" name="RSPT01_4._Best_Overall_Response_with_stratified_analysis_"/>
    <testcase time="0.277999999999992" classname="table_rspt01" name="RSPT01_5._Best_Overall_Response_modifying_the_definition_of_overall_response_"/>
    <testcase time="0.111999999999995" classname="table_rspt01" name="RSPT01_5._Best_Overall_Response_modifying_the_definition_of_overall_response_"/>
    <testcase time="0.229000000000013" classname="table_rspt01" name="RSPT01_6._Best_Overall_Response_define_new_sections_to_display_"/>
    <testcase time="0.125" classname="table_rspt01" name="RSPT01_6._Best_Overall_Response_define_new_sections_to_display_"/>
  </testsuite>
  <testsuite name="table_ttet01" timestamp="2024-11-07T01:53:03Z" hostname="dd3140bb6207" tests="14" skipped="0" failures="0" errors="0" time="3.925">
    <testcase time="0.444999999999993" classname="table_ttet01" name="TTET01_default_variant_is_produced_correctly"/>
    <testcase time="0.171000000000021" classname="table_ttet01" name="TTET01_default_variant_is_produced_correctly"/>
    <testcase time="0.414999999999992" classname="table_ttet01" name="TTET01_default_variant_with_Placebo_arm"/>
    <testcase time="0.188999999999993" classname="table_ttet01" name="TTET01_default_variant_with_Placebo_arm"/>
    <testcase time="0.223000000000013" classname="table_ttet01" name="TTET01_variant_2_selecting_sections_to_display"/>
    <testcase time="0.143000000000001" classname="table_ttet01" name="TTET01_variant_2_selecting_sections_to_display"/>
    <testcase time="0.331999999999994" classname="table_ttet01" name="TTET01_variant_3_modifying_analysis_details_like_conftype_ties_alpha_level"/>
    <testcase time="0.165999999999997" classname="table_ttet01" name="TTET01_variant_3_modifying_analysis_details_like_conftype_ties_alpha_level"/>
    <testcase time="0.355999999999995" classname="table_ttet01" name="TTET01_variant_4_with_stratified_analysis"/>
    <testcase time="0.176000000000016" classname="table_ttet01" name="TTET01_variant_4_with_stratified_analysis"/>
    <testcase time="0.313999999999993" classname="table_ttet01" name="TTET01_variant_5_modifying_time_point"/>
    <testcase time="0.161000000000001" classname="table_ttet01" name="TTET01_variant_5_modifying_time_point"/>
    <testcase time="0.408999999999992" classname="table_ttet01" name="TTET01_variant_6_requesting_more_than_one_p_value"/>
    <testcase time="0.425000000000011" classname="table_ttet01" name="TTET01_variant_6_requesting_more_than_one_p_value"/>
  </testsuite>
  <testsuite name="table_vst01" timestamp="2024-11-07T01:53:07Z" hostname="dd3140bb6207" tests="2" skipped="0" failures="0" errors="0" time="1.009">
    <testcase time="0.71599999999998" classname="table_vst01" name="VST01_default_variant_is_produced_correctly"/>
    <testcase time="0.293000000000006" classname="table_vst01" name="VST01_default_variant_is_produced_correctly"/>
  </testsuite>
  <testsuite name="table_vst02" timestamp="2024-11-07T01:53:08Z" hostname="dd3140bb6207" tests="4" skipped="0" failures="0" errors="0" time="0.918">
    <testcase time="0.375" classname="table_vst02" name="1._Vital_Sign_Abnormalities_Regardless_of_Abnormality_at_Baseline_VST02_1_"/>
    <testcase time="0.129999999999995" classname="table_vst02" name="1._Vital_Sign_Abnormalities_Regardless_of_Abnormality_at_Baseline_VST02_1_"/>
    <testcase time="0.28400000000002" classname="table_vst02" name="2._Vital_Sign_Abnormalities_Among_Subject_Without_Abnormality_at_Baseline_VST02_2_"/>
    <testcase time="0.128999999999991" classname="table_vst02" name="2._Vital_Sign_Abnormalities_Among_Subject_Without_Abnormality_at_Baseline_VST02_2_"/>
  </testsuite>
</testsuites>
