<?xml version="1.0" encoding="UTF-8"?>
<testsuites>
  <testsuite name="char-support" timestamp="2025-05-20T21:56:45Z" hostname="86e4ea469a51" tests="6" skipped="0" failures="0" errors="0" time="3.063">
    <testcase time="0.822" classname="char_support" name="CRITDIR_is_factor_and_one_PARAMCD_is_not_available_on_all_AVISITS"/>
    <testcase time="0.390000000000001" classname="char_support" name="CRITDIR_is_factor_and_one_PARAMCD_is_not_available_on_all_AVISITS"/>
    <testcase time="0.552999999999999" classname="char_support" name="CRITDIR_is_not_factor_and_all_PARAMCD_available_on_all_AVISITS"/>
    <testcase time="0.406000000000001" classname="char_support" name="CRITDIR_is_not_factor_and_all_PARAMCD_available_on_all_AVISITS"/>
    <testcase time="0.563000000000001" classname="char_support" name="CRITDIR_is_not_factor_and_one_PARAMCD_is_not_available_on_all_AVISITS"/>
    <testcase time="0.328999999999999" classname="char_support" name="CRITDIR_is_not_factor_and_one_PARAMCD_is_not_available_on_all_AVISITS"/>
  </testsuite>
  <testsuite name="listing_adal02" timestamp="2025-05-20T21:56:48Z" hostname="86e4ea469a51" tests="1" skipped="0" failures="0" errors="0" time="0.181">
    <testcase time="0.181000000000001" classname="listing_adal02" name="ADAL02_listing_is_produced_correctly"/>
  </testsuite>
  <testsuite name="listing_ael01" timestamp="2025-05-20T21:56:48Z" hostname="86e4ea469a51" tests="1" skipped="0" failures="0" errors="0" time="0.119">
    <testcase time="0.119" classname="listing_ael01" name="AEL01_listing_is_produced_correctly"/>
  </testsuite>
  <testsuite name="listing_ael01_nollt" timestamp="2025-05-20T21:56:48Z" hostname="86e4ea469a51" tests="1" skipped="0" failures="0" errors="0" time="0.069">
    <testcase time="0.0690000000000008" classname="listing_ael01_nollt" name="AEL01_NOLLT_listing_is_produced_correctly"/>
  </testsuite>
  <testsuite name="listing_ael02" timestamp="2025-05-20T21:56:48Z" hostname="86e4ea469a51" tests="1" skipped="0" failures="0" errors="0" time="0.313">
    <testcase time="0.312999999999999" classname="listing_ael02" name="AEL02_listing_is_produced_correctly"/>
  </testsuite>
  <testsuite name="listing_ael02_ed" timestamp="2025-05-20T21:56:49Z" hostname="86e4ea469a51" tests="1" skipped="0" failures="0" errors="0" time="0.355">
    <testcase time="0.355" classname="listing_ael02_ed" name="AEL02_ED_listing_is_produced_correctly"/>
  </testsuite>
  <testsuite name="listing_ael03" timestamp="2025-05-20T21:56:49Z" hostname="86e4ea469a51" tests="1" skipped="0" failures="0" errors="0" time="0.304">
    <testcase time="0.304" classname="listing_ael03" name="AEL03_listing_is_produced_correctly"/>
  </testsuite>
  <testsuite name="listing_ael04" timestamp="2025-05-20T21:56:49Z" hostname="86e4ea469a51" tests="1" skipped="0" failures="0" errors="0" time="0.212">
    <testcase time="0.212" classname="listing_ael04" name="AEL04_listing_is_produced_correctly"/>
  </testsuite>
  <testsuite name="listing_cml01" timestamp="2025-05-20T21:56:50Z" hostname="86e4ea469a51" tests="1" skipped="0" failures="0" errors="0" time="0.354">
    <testcase time="0.353999999999999" classname="listing_cml01" name="CML01_listing_is_produced_correctly"/>
  </testsuite>
  <testsuite name="listing_cml02a_gl" timestamp="2025-05-20T21:56:50Z" hostname="86e4ea469a51" tests="1" skipped="0" failures="0" errors="0" time="0.13">
    <testcase time="0.130000000000001" classname="listing_cml02a_gl" name="CML02A_GL_listing_is_produced_correctly"/>
  </testsuite>
  <testsuite name="listing_cml02b_gl" timestamp="2025-05-20T21:56:50Z" hostname="86e4ea469a51" tests="1" skipped="0" failures="0" errors="0" time="0.186">
    <testcase time="0.186" classname="listing_cml02b_gl" name="CML02B_GL_listing_is_produced_correctly"/>
  </testsuite>
  <testsuite name="listing_dsl01" timestamp="2025-05-20T21:56:50Z" hostname="86e4ea469a51" tests="1" skipped="0" failures="0" errors="0" time="0.19">
    <testcase time="0.19" classname="listing_dsl01" name="DSL01_listing_is_produced_correctly"/>
  </testsuite>
  <testsuite name="listing_dsl02" timestamp="2025-05-20T21:56:50Z" hostname="86e4ea469a51" tests="1" skipped="0" failures="0" errors="0" time="0.08">
    <testcase time="0.0800000000000001" classname="listing_dsl02" name="DSL02_listing_is_produced_correctly"/>
  </testsuite>
  <testsuite name="listing_dsur4" timestamp="2025-05-20T21:56:51Z" hostname="86e4ea469a51" tests="1" skipped="0" failures="0" errors="0" time="0.123">
    <testcase time="0.123000000000001" classname="listing_dsur4" name="DSUR4_listing_is_produced_correctly"/>
  </testsuite>
  <testsuite name="listing_egl01" timestamp="2025-05-20T21:56:51Z" hostname="86e4ea469a51" tests="1" skipped="0" failures="0" errors="0" time="0.428">
    <testcase time="0.427999999999999" classname="listing_egl01" name="EGL01_listing_is_produced_correctly"/>
  </testsuite>
  <testsuite name="listing_exl01" timestamp="2025-05-20T21:56:51Z" hostname="86e4ea469a51" tests="1" skipped="0" failures="0" errors="0" time="0.231">
    <testcase time="0.231" classname="listing_exl01" name="EXL01_listing_is_produced_correctly"/>
  </testsuite>
  <testsuite name="listing_lbl01" timestamp="2025-05-20T21:56:51Z" hostname="86e4ea469a51" tests="1" skipped="0" failures="0" errors="0" time="0.566">
    <testcase time="0.566000000000001" classname="listing_lbl01" name="LBL01_listing_is_produced_correctly"/>
  </testsuite>
  <testsuite name="listing_lbl01_rls" timestamp="2025-05-20T21:56:52Z" hostname="86e4ea469a51" tests="1" skipped="0" failures="0" errors="0" time="0.751">
    <testcase time="0.750999999999999" classname="listing_lbl01_rls" name="LBL01_RLS_listing_is_produced_correctly"/>
  </testsuite>
  <testsuite name="listing_lbl02a" timestamp="2025-05-20T21:56:53Z" hostname="86e4ea469a51" tests="1" skipped="0" failures="0" errors="0" time="0.261">
    <testcase time="0.261000000000001" classname="listing_lbl02a" name="LBL02A_listing_is_produced_correctly"/>
  </testsuite>
  <testsuite name="listing_lbl02a_rls" timestamp="2025-05-20T21:56:53Z" hostname="86e4ea469a51" tests="1" skipped="0" failures="0" errors="0" time="0.745">
    <testcase time="0.745000000000001" classname="listing_lbl02a_rls" name="LBL02A_RLS_listing_is_produced_correctly"/>
  </testsuite>
  <testsuite name="listing_lbl02b" timestamp="2025-05-20T21:56:54Z" hostname="86e4ea469a51" tests="1" skipped="0" failures="0" errors="0" time="0.265">
    <testcase time="0.264999999999997" classname="listing_lbl02b" name="LBL02B_listing_is_produced_correctly"/>
  </testsuite>
  <testsuite name="listing_mhl01" timestamp="2025-05-20T21:56:54Z" hostname="86e4ea469a51" tests="1" skipped="0" failures="0" errors="0" time="0.278">
    <testcase time="0.278000000000002" classname="listing_mhl01" name="MHL01_listing_is_produced_correctly"/>
  </testsuite>
  <testsuite name="listing_oncl01" timestamp="2025-05-20T21:56:54Z" hostname="86e4ea469a51" tests="1" skipped="0" failures="0" errors="0" time="0.254">
    <testcase time="0.253999999999998" classname="listing_oncl01" name="ONCL01_listing_is_produced_correctly"/>
  </testsuite>
  <testsuite name="listing_pkcl01" timestamp="2025-05-20T21:56:54Z" hostname="86e4ea469a51" tests="2" skipped="0" failures="0" errors="0" time="0.69">
    <testcase time="0.183" classname="listing_pkcl01" name="PKCL01_listing_is_produced_correctly"/>
    <testcase time="0.507000000000001" classname="listing_pkcl01" name="PKCL01_listing_key_columns_values_are_repeated_when_entries_span_multiple_pages"/>
  </testsuite>
  <testsuite name="listing_pkcl02" timestamp="2025-05-20T21:56:55Z" hostname="86e4ea469a51" tests="1" skipped="0" failures="0" errors="0" time="0.209">
    <testcase time="0.209" classname="listing_pkcl02" name="PKCL02_listing_is_produced_correctly"/>
  </testsuite>
  <testsuite name="listing_pkpl01" timestamp="2025-05-20T21:56:55Z" hostname="86e4ea469a51" tests="1" skipped="0" failures="0" errors="0" time="0.254">
    <testcase time="0.254000000000001" classname="listing_pkpl01" name="PKPL01_listing_is_produced_correctly"/>
  </testsuite>
  <testsuite name="listing_pkpl02" timestamp="2025-05-20T21:56:56Z" hostname="86e4ea469a51" tests="1" skipped="0" failures="0" errors="0" time="0.159">
    <testcase time="0.158999999999999" classname="listing_pkpl02" name="PKPL02_listing_is_produced_correctly"/>
  </testsuite>
  <testsuite name="listing_pkpl04" timestamp="2025-05-20T21:56:56Z" hostname="86e4ea469a51" tests="1" skipped="0" failures="0" errors="0" time="0.205">
    <testcase time="0.205000000000002" classname="listing_pkpl04" name="PKPL04_listing_is_produced_correctly"/>
  </testsuite>
  <testsuite name="listing_vsl01" timestamp="2025-05-20T21:56:56Z" hostname="86e4ea469a51" tests="1" skipped="0" failures="0" errors="0" time="0.461">
    <testcase time="0.460999999999999" classname="listing_vsl01" name="VSL01_listing_is_produced_correctly"/>
  </testsuite>
  <testsuite name="pagination_listing" timestamp="2025-05-20T21:56:56Z" hostname="86e4ea469a51" tests="13" skipped="0" failures="0" errors="0" time="6.11">
    <testcase time="0.032" classname="pagination_listing" name="Direct_pagination_works_fine"/>
    <testcase time="1.103" classname="pagination_listing" name="Direct_pagination_works_fine"/>
    <testcase time="0.00299999999999656" classname="pagination_listing" name="Direct_pagination_works_fine"/>
    <testcase time="0.916" classname="pagination_listing" name="Direct_pagination_works_fine"/>
    <testcase time="1.257" classname="pagination_listing" name="Direct_pagination_works_fine"/>
    <testcase time="1.388" classname="pagination_listing" name="pagination_counts_the_right_number_of_lines_when_wrapping_on_keycols_is_present"/>
    <testcase time="0.0069999999999979" classname="pagination_listing" name="pagination_counts_the_right_number_of_lines_when_wrapping_on_keycols_is_present"/>
    <testcase time="0.00499999999999901" classname="pagination_listing" name="pagination_counts_the_right_number_of_lines_when_wrapping_on_keycols_is_present"/>
    <testcase time="0.00400000000000134" classname="pagination_listing" name="pagination_counts_the_right_number_of_lines_when_wrapping_on_keycols_is_present"/>
    <testcase time="1.382" classname="pagination_listing" name="pagination_counts_the_right_number_of_lines_when_wrapping_on_keycols_is_present"/>
    <testcase time="0.00499999999999901" classname="pagination_listing" name="pagination_counts_the_right_number_of_lines_when_wrapping_on_keycols_is_present"/>
    <testcase time="0.00499999999999901" classname="pagination_listing" name="pagination_counts_the_right_number_of_lines_when_wrapping_on_keycols_is_present"/>
    <testcase time="0.00300000000000011" classname="pagination_listing" name="pagination_counts_the_right_number_of_lines_when_wrapping_on_keycols_is_present"/>
  </testsuite>
  <testsuite name="pagination_table" timestamp="2025-05-20T21:57:04Z" hostname="86e4ea469a51" tests="30" skipped="0" failures="0" errors="0" time="14.861">
    <testcase time="1.763" classname="pagination_table" name="Direct_pagination_with_standard_values"/>
    <testcase time="0.00499999999999901" classname="pagination_table" name="Direct_pagination_with_standard_values"/>
    <testcase time="0.00300000000000011" classname="pagination_table" name="Direct_pagination_with_standard_values"/>
    <testcase time="1.327" classname="pagination_table" name="Pagination_with_specific_column_widths_and_minimum_lines_per_page"/>
    <testcase time="0.00400000000000134" classname="pagination_table" name="Pagination_with_specific_column_widths_and_minimum_lines_per_page"/>
    <testcase time="0.114000000000001" classname="pagination_table" name="Pagination_with_specific_column_widths_and_minimum_lines_per_page"/>
    <testcase time="1.052" classname="pagination_table" name="Pagination_works_also_if_table_is_decorated"/>
    <testcase time="0.599" classname="pagination_table" name="Pagination_works_also_if_table_is_decorated"/>
    <testcase time="0.873000000000001" classname="pagination_table" name="Pagination_works_also_if_table_is_decorated"/>
    <testcase time="0.725999999999999" classname="pagination_table" name="Pagination_works_also_if_table_is_decorated"/>
    <testcase time="1.658" classname="pagination_table" name="Pagination_works_also_if_table_is_decorated"/>
    <testcase time="0.314" classname="pagination_table" name="Pagination_works_also_if_table_is_decorated"/>
    <testcase time="0.00399999999999778" classname="pagination_table" name="Pagination_works_also_if_table_is_decorated"/>
    <testcase time="0.0230000000000032" classname="pagination_table" name="Pagination_works_also_if_table_is_decorated"/>
    <testcase time="0.146999999999998" classname="pagination_table" name="Pagination_works_also_if_table_is_decorated"/>
    <testcase time="0.100999999999999" classname="pagination_table" name="Pagination_works_also_if_table_is_decorated"/>
    <testcase time="0.710999999999999" classname="pagination_table" name="Pagination_works_for_page_types"/>
    <testcase time="0.0799999999999983" classname="pagination_table" name="Pagination_works_for_page_types"/>
    <testcase time="0.705000000000005" classname="pagination_table" name="Pagination_works_for_page_types"/>
    <testcase time="0.0839999999999961" classname="pagination_table" name="Pagination_works_for_page_types"/>
    <testcase time="0.676000000000002" classname="pagination_table" name="Pagination_works_for_page_types"/>
    <testcase time="0.414999999999999" classname="pagination_table" name="Pagination_works_for_page_types"/>
    <testcase time="0.727000000000004" classname="pagination_table" name="Pagination_works_for_page_width_and_height"/>
    <testcase time="0.135999999999996" classname="pagination_table" name="Pagination_works_for_page_width_and_height"/>
    <testcase time="0.797000000000004" classname="pagination_table" name="Pagination_works_for_page_types"/>
    <testcase time="0.174999999999997" classname="pagination_table" name="Pagination_works_for_page_types"/>
    <testcase time="0.844000000000001" classname="pagination_table" name="AET04_variant_2_page_by_pagination_tests"/>
    <testcase time="0.640999999999998" classname="pagination_table" name="AET04_variant_2_page_by_pagination_tests"/>
    <testcase time="0.00200000000000244" classname="pagination_table" name="AET04_variant_2_page_by_pagination_tests"/>
    <testcase time="0.155000000000001" classname="pagination_table" name="AET04_variant_2_page_by_pagination_tests"/>
  </testsuite>
  <testsuite name="table_adat03" timestamp="2025-05-20T21:57:17Z" hostname="86e4ea469a51" tests="2" skipped="0" failures="0" errors="0" time="0.579">
    <testcase time="0.436" classname="table_adat03" name="ADAT03_is_produced_correctly"/>
    <testcase time="0.142999999999994" classname="table_adat03" name="ADAT03_is_produced_correctly"/>
  </testsuite>
  <testsuite name="table_aet01" timestamp="2025-05-20T21:57:18Z" hostname="86e4ea469a51" tests="8" skipped="0" failures="0" errors="0" time="1.875">
    <testcase time="0.392000000000003" classname="table_aet01" name="Safety_Summary_Variant_1_works_as_expected"/>
    <testcase time="0.109999999999999" classname="table_aet01" name="Safety_Summary_Variant_1_works_as_expected"/>
    <testcase time="0.347999999999999" classname="table_aet01" name="Safety_Summary_Variant_2_with_Medical_Concepts_Section_works_as_expected"/>
    <testcase time="0.121000000000002" classname="table_aet01" name="Safety_Summary_Variant_2_with_Medical_Concepts_Section_works_as_expected"/>
    <testcase time="0.268000000000001" classname="table_aet01" name="Safety_Summary_Variant_3_with_Modified_Rows_works_as_expected"/>
    <testcase time="0.103999999999999" classname="table_aet01" name="Safety_Summary_Variant_3_with_Modified_Rows_works_as_expected"/>
    <testcase time="0.395000000000003" classname="table_aet01" name="Safety_Summary_Variant_4_with_Rows_Counting_Events_and_Additional_Sections_works_as_expected"/>
    <testcase time="0.136999999999993" classname="table_aet01" name="Safety_Summary_Variant_4_with_Rows_Counting_Events_and_Additional_Sections_works_as_expected"/>
  </testsuite>
  <testsuite name="table_aet01_aesi" timestamp="2025-05-20T21:57:20Z" hostname="86e4ea469a51" tests="8" skipped="0" failures="0" errors="0" time="2.829">
    <testcase time="0.280000000000001" classname="table_aet01_aesi" name="AET01_AESI_Variant_1_works_as_expected"/>
    <testcase time="0.114000000000004" classname="table_aet01_aesi" name="AET01_AESI_Variant_1_works_as_expected"/>
    <testcase time="0.501999999999995" classname="table_aet01_aesi" name="AET01_AESI_Variant_2_works_as_expected"/>
    <testcase time="0.160000000000004" classname="table_aet01_aesi" name="AET01_AESI_Variant_2_works_as_expected"/>
    <testcase time="0.719999999999999" classname="table_aet01_aesi" name="AET01_AESI_Variant_3_works_as_expected"/>
    <testcase time="0.222000000000001" classname="table_aet01_aesi" name="AET01_AESI_Variant_3_works_as_expected"/>
    <testcase time="0.594000000000001" classname="table_aet01_aesi" name="AET01_AESI_Variant_4_works_as_expected"/>
    <testcase time="0.236999999999995" classname="table_aet01_aesi" name="AET01_AESI_Variant_4_works_as_expected"/>
  </testsuite>
  <testsuite name="table_aet02" timestamp="2025-05-20T21:57:23Z" hostname="86e4ea469a51" tests="26" skipped="0" failures="0" errors="0" time="8.729">
    <testcase time="0.598000000000006" classname="table_aet02" name="AET02_variant_1_is_produced_correctly"/>
    <testcase time="0.193999999999996" classname="table_aet02" name="AET02_variant_1_is_produced_correctly"/>
    <testcase time="0.454000000000001" classname="table_aet02" name="AET02_variant_1_is_produced_correctly"/>
    <testcase time="0.107999999999997" classname="table_aet02" name="AET02_variant_1_is_produced_correctly"/>
    <testcase time="0.653000000000006" classname="table_aet02" name="AET02_variant_2_is_produced_correctly"/>
    <testcase time="0.207000000000001" classname="table_aet02" name="AET02_variant_2_is_produced_correctly"/>
    <testcase time="0.966999999999999" classname="table_aet02" name="AET02_variant_3_is_produced_correctly"/>
    <testcase time="0.332999999999998" classname="table_aet02" name="AET02_variant_3_is_produced_correctly"/>
    <testcase time="0.140999999999998" classname="table_aet02" name="AET02_variant_4_is_produced_correctly"/>
    <testcase time="0.116" classname="table_aet02" name="AET02_variant_4_is_produced_correctly"/>
    <testcase time="0.439" classname="table_aet02" name="AET02_variant_5_is_produced_correctly"/>
    <testcase time="0.173999999999999" classname="table_aet02" name="AET02_variant_5_is_produced_correctly"/>
    <testcase time="0.435000000000002" classname="table_aet02" name="AET02_variant_6_is_produced_correctly"/>
    <testcase time="0.121000000000002" classname="table_aet02" name="AET02_variant_6_is_produced_correctly"/>
    <testcase time="0.975999999999999" classname="table_aet02" name="AET02_variant_7_is_produced_correctly"/>
    <testcase time="0.165999999999997" classname="table_aet02" name="AET02_variant_7_is_produced_correctly"/>
    <testcase time="0.627000000000002" classname="table_aet02" name="AET02_variant_8_is_produced_correctly"/>
    <testcase time="0.0820000000000007" classname="table_aet02" name="AET02_variant_8_is_produced_correctly"/>
    <testcase time="0.393000000000001" classname="table_aet02" name="AET02_variant_9_is_produced_correctly"/>
    <testcase time="0.101999999999997" classname="table_aet02" name="AET02_variant_9_is_produced_correctly"/>
    <testcase time="0.393000000000001" classname="table_aet02" name="AET02_variant_10_is_produced_correctly"/>
    <testcase time="0.0970000000000013" classname="table_aet02" name="AET02_variant_10_is_produced_correctly"/>
    <testcase time="0.393000000000001" classname="table_aet02" name="AET02_variant_11_is_produced_correctly"/>
    <testcase time="0.0820000000000007" classname="table_aet02" name="AET02_variant_11_is_produced_correctly"/>
    <testcase time="0.394999999999996" classname="table_aet02" name="AET02_variant_12_is_produced_correctly"/>
    <testcase time="0.0830000000000055" classname="table_aet02" name="AET02_variant_12_is_produced_correctly"/>
  </testsuite>
  <testsuite name="table_aet02_smq" timestamp="2025-05-20T21:57:31Z" hostname="86e4ea469a51" tests="4" skipped="0" failures="0" errors="0" time="0.433">
    <testcase time="0.116999999999997" classname="table_aet02_smq" name="AET02SMQ_variant_1_is_produced_correctly"/>
    <testcase time="0.0790000000000006" classname="table_aet02_smq" name="AET02SMQ_variant_1_is_produced_correctly"/>
    <testcase time="0.152999999999999" classname="table_aet02_smq" name="AET02SMQ_variant_2_is_produced_correctly"/>
    <testcase time="0.0840000000000032" classname="table_aet02_smq" name="AET02SMQ_variant_2_is_produced_correctly"/>
  </testsuite>
  <testsuite name="table_aet03" timestamp="2025-05-20T21:57:32Z" hostname="86e4ea469a51" tests="6" skipped="0" failures="0" errors="0" time="4.918">
    <testcase time="1.148" classname="table_aet03" name="AET03_variant_1_is_produced_correctly"/>
    <testcase time="0.419000000000004" classname="table_aet03" name="AET03_variant_1_is_produced_correctly"/>
    <testcase time="1.36199999999999" classname="table_aet03" name="AET03_variant_1_is_produced_correctly"/>
    <testcase time="0.688000000000002" classname="table_aet03" name="AET03_variant_1_is_produced_correctly"/>
    <testcase time="1.083" classname="table_aet03" name="AET03_variant_1_is_produced_correctly"/>
    <testcase time="0.218000000000004" classname="table_aet03" name="AET03_variant_1_is_produced_correctly"/>
  </testsuite>
  <testsuite name="table_aet04" timestamp="2025-05-20T21:57:38Z" hostname="86e4ea469a51" tests="30" skipped="0" failures="0" errors="0" time="13.186">
    <testcase time="0.762999999999998" classname="table_aet04" name="AET04_variant_1_is_produced_correctly"/>
    <testcase time="0.332999999999998" classname="table_aet04" name="AET04_variant_1_is_produced_correctly"/>
    <testcase time="0.789000000000001" classname="table_aet04" name="AET04_variant_1_is_produced_correctly"/>
    <testcase time="0.0439999999999969" classname="table_aet04" name="AET04_variant_1_is_produced_correctly"/>
    <testcase time="0.0519999999999996" classname="table_aet04" name="AET04_variant_1_is_produced_correctly"/>
    <testcase time="0.676000000000002" classname="table_aet04" name="AET04_variant_2_is_produced_correctly_Fill_in_of_Treatment_Groups_"/>
    <testcase time="0.292000000000002" classname="table_aet04" name="AET04_variant_2_is_produced_correctly_Fill_in_of_Treatment_Groups_"/>
    <testcase time="0.722000000000001" classname="table_aet04" name="AET04_variant_2_is_produced_correctly_Fill_in_of_Treatment_Groups_"/>
    <testcase time="0.0519999999999996" classname="table_aet04" name="AET04_variant_2_is_produced_correctly_Fill_in_of_Treatment_Groups_"/>
    <testcase time="0.0390000000000015" classname="table_aet04" name="AET04_variant_2_is_produced_correctly_Fill_in_of_Treatment_Groups_"/>
    <testcase time="0.716999999999999" classname="table_aet04" name="AET04_variant_3_is_produced_correctly_Fill_in_of_Grades_"/>
    <testcase time="0.361999999999995" classname="table_aet04" name="AET04_variant_3_is_produced_correctly_Fill_in_of_Grades_"/>
    <testcase time="0.838000000000008" classname="table_aet04" name="AET04_variant_3_is_produced_correctly_Fill_in_of_Grades_"/>
    <testcase time="0.0510000000000019" classname="table_aet04" name="AET04_variant_3_is_produced_correctly_Fill_in_of_Grades_"/>
    <testcase time="0.0489999999999924" classname="table_aet04" name="AET04_variant_3_is_produced_correctly_Fill_in_of_Grades_"/>
    <testcase time="0.744" classname="table_aet04" name="AET04_variant_4_is_produced_correctly_Collapsing_of_Grades_grades_1_2_grades_3_4_5_"/>
    <testcase time="0.329999999999998" classname="table_aet04" name="AET04_variant_4_is_produced_correctly_Collapsing_of_Grades_grades_1_2_grades_3_4_5_"/>
    <testcase time="0.813000000000002" classname="table_aet04" name="AET04_variant_4_is_produced_correctly_Collapsing_of_Grades_grades_1_2_grades_3_4_5_"/>
    <testcase time="0.784000000000006" classname="table_aet04" name="AET04_variant_6_is_produced_correctly_with_an_Incidence_Rate_of_at_Least_5_totals_restricted_"/>
    <testcase time="0.336999999999989" classname="table_aet04" name="AET04_variant_6_is_produced_correctly_with_an_Incidence_Rate_of_at_Least_5_totals_restricted_"/>
    <testcase time="0.839000000000013" classname="table_aet04" name="AET04_variant_6_is_produced_correctly_with_an_Incidence_Rate_of_at_Least_5_totals_restricted_"/>
    <testcase time="0.0109999999999957" classname="table_aet04" name="AET04_variant_8_is_produced_correctly_with_an_Incidence_Rate_of_at_Least_X_Patients_"/>
    <testcase time="0.344999999999999" classname="table_aet04" name="AET04_variant_8_is_produced_correctly_with_an_Incidence_Rate_of_at_Least_X_Patients_"/>
    <testcase time="0.838999999999999" classname="table_aet04" name="AET04_variant_8_is_produced_correctly_with_an_Incidence_Rate_of_at_Least_X_Patients_"/>
    <testcase time="0.0100000000000051" classname="table_aet04" name="AET04_variant_9_is_produced_correctly_with_a_Difference_in_Incidence_Rate_of_at_Least_X_"/>
    <testcase time="0.540999999999997" classname="table_aet04" name="AET04_variant_9_is_produced_correctly_with_a_Difference_in_Incidence_Rate_of_at_Least_X_"/>
    <testcase time="0.742000000000004" classname="table_aet04" name="AET04_variant_9_is_produced_correctly_with_a_Difference_in_Incidence_Rate_of_at_Least_X_"/>
    <testcase time="0.00999999999999091" classname="table_aet04" name="AET04_variant_11_is_produced_correctly_with_Incidence_Rate_of_at_Least_X_all_SOCs_w_o_preferred_terms_removed_"/>
    <testcase time="0.319000000000003" classname="table_aet04" name="AET04_variant_11_is_produced_correctly_with_Incidence_Rate_of_at_Least_X_all_SOCs_w_o_preferred_terms_removed_"/>
    <testcase time="0.742999999999995" classname="table_aet04" name="AET04_variant_11_is_produced_correctly_with_Incidence_Rate_of_at_Least_X_all_SOCs_w_o_preferred_terms_removed_"/>
  </testsuite>
  <testsuite name="table_aet04_pi" timestamp="2025-05-20T21:57:50Z" hostname="86e4ea469a51" tests="18" skipped="0" failures="0" errors="0" time="6.664">
    <testcase time="0.582000000000008" classname="table_aet04_pi" name="AET04_PI_full_table_is_produced_correctly"/>
    <testcase time="0.227999999999994" classname="table_aet04_pi" name="AET04_PI_full_table_is_produced_correctly"/>
    <testcase time="0.613" classname="table_aet04_pi" name="AET04_PI_variant_1_is_produced_correctly"/>
    <testcase time="0.180999999999997" classname="table_aet04_pi" name="AET04_PI_variant_1_is_produced_correctly"/>
    <testcase time="0.600000000000009" classname="table_aet04_pi" name="AET04_PI_variant_2_is_produced_correctly"/>
    <testcase time="0.120999999999995" classname="table_aet04_pi" name="AET04_PI_variant_2_is_produced_correctly"/>
    <testcase time="0.591000000000008" classname="table_aet04_pi" name="AET04_PI_variant_3_is_produced_correctly"/>
    <testcase time="0.140000000000001" classname="table_aet04_pi" name="AET04_PI_variant_3_is_produced_correctly"/>
    <testcase time="0.592999999999989" classname="table_aet04_pi" name="AET04_PI_variant_4_is_produced_correctly"/>
    <testcase time="0.0990000000000038" classname="table_aet04_pi" name="AET04_PI_variant_4_is_produced_correctly"/>
    <testcase time="0.599000000000004" classname="table_aet04_pi" name="AET04_PI_variant_5_is_produced_correctly"/>
    <testcase time="0.168999999999997" classname="table_aet04_pi" name="AET04_PI_variant_5_is_produced_correctly"/>
    <testcase time="0.739000000000004" classname="table_aet04_pi" name="AET04_PI_variant_6_is_produced_correctly"/>
    <testcase time="0.165999999999997" classname="table_aet04_pi" name="AET04_PI_variant_6_is_produced_correctly"/>
    <testcase time="0.744" classname="table_aet04_pi" name="AET04_PI_variant_7_is_produced_correctly"/>
    <testcase time="0.167000000000002" classname="table_aet04_pi" name="AET04_PI_variant_7_is_produced_correctly"/>
    <testcase time="0.194999999999993" classname="table_aet04_pi" name="AET04_PI_variant_8_is_produced_correctly"/>
    <testcase time="0.137" classname="table_aet04_pi" name="AET04_PI_variant_8_is_produced_correctly"/>
  </testsuite>
  <testsuite name="table_aet05" timestamp="2025-05-20T21:57:57Z" hostname="86e4ea469a51" tests="4" skipped="0" failures="0" errors="0" time="0.293">
    <testcase time="0.0970000000000084" classname="table_aet05" name="AET05_variant_1_is_produced_correctly"/>
    <testcase time="0.0729999999999933" classname="table_aet05" name="AET05_variant_1_is_produced_correctly"/>
    <testcase time="0.061000000000007" classname="table_aet05" name="AET05_variant_2_is_produced_correctly"/>
    <testcase time="0.0619999999999976" classname="table_aet05" name="AET05_variant_2_is_produced_correctly"/>
  </testsuite>
  <testsuite name="table_aet05_all" timestamp="2025-05-20T21:57:57Z" hostname="86e4ea469a51" tests="4" skipped="0" failures="0" errors="0" time="0.315">
    <testcase time="0.11999999999999" classname="table_aet05_all" name="AET05_ALL_variant_1_is_produced_correctly"/>
    <testcase time="0.0740000000000123" classname="table_aet05_all" name="AET05_ALL_variant_1_is_produced_correctly"/>
    <testcase time="0.0579999999999927" classname="table_aet05_all" name="AET05_ALL_variant_2_is_produced_correctly"/>
    <testcase time="0.0630000000000024" classname="table_aet05_all" name="AET05_ALL_variant_2_is_produced_correctly"/>
  </testsuite>
  <testsuite name="table_aet06" timestamp="2025-05-20T21:57:57Z" hostname="86e4ea469a51" tests="6" skipped="0" failures="0" errors="0" time="3.874">
    <testcase time="0.602999999999994" classname="table_aet06" name="AET06_variant_1_is_produced_correctly"/>
    <testcase time="0.246000000000009" classname="table_aet06" name="AET06_variant_1_is_produced_correctly"/>
    <testcase time="0.98599999999999" classname="table_aet06" name="AET06_variant_3_is_produced_correctly"/>
    <testcase time="0.358000000000004" classname="table_aet06" name="AET06_variant_3_is_produced_correctly"/>
    <testcase time="1.265" classname="table_aet06" name="AET06_variant_5_is_produced_correctly"/>
    <testcase time="0.415999999999997" classname="table_aet06" name="AET06_variant_5_is_produced_correctly"/>
  </testsuite>
  <testsuite name="table_aet06_smq" timestamp="2025-05-20T21:58:01Z" hostname="86e4ea469a51" tests="4" skipped="0" failures="0" errors="0" time="1.059">
    <testcase time="0.373000000000005" classname="table_aet06_smq" name="AET06_SMQ_variant_1_is_produced_correctly"/>
    <testcase time="0.155000000000001" classname="table_aet06_smq" name="AET06_SMQ_variant_1_is_produced_correctly"/>
    <testcase time="0.375" classname="table_aet06_smq" name="AET06_SMQ_variant_2_is_produced_correctly"/>
    <testcase time="0.155999999999992" classname="table_aet06_smq" name="AET06_SMQ_variant_2_is_produced_correctly"/>
  </testsuite>
  <testsuite name="table_aet07" timestamp="2025-05-20T21:58:02Z" hostname="86e4ea469a51" tests="4" skipped="0" failures="0" errors="0" time="0.219">
    <testcase time="0.0700000000000074" classname="table_aet07" name="AET07_variant_1_is_produced_correctly"/>
    <testcase time="0.0450000000000017" classname="table_aet07" name="AET07_variant_1_is_produced_correctly"/>
    <testcase time="0.0499999999999972" classname="table_aet07" name="AET07_variant_2_is_produced_correctly"/>
    <testcase time="0.054000000000002" classname="table_aet07" name="AET07_variant_2_is_produced_correctly"/>
  </testsuite>
  <testsuite name="table_aet09" timestamp="2025-05-20T21:58:02Z" hostname="86e4ea469a51" tests="4" skipped="0" failures="0" errors="0" time="2.088">
    <testcase time="0.567999999999998" classname="table_aet09" name="AET09_variant_1_is_produced_correctly_AE_related_to_study_drug"/>
    <testcase time="0.206000000000003" classname="table_aet09" name="AET09_variant_1_is_produced_correctly_AE_related_to_study_drug"/>
    <testcase time="0.99799999999999" classname="table_aet09" name="AET09_variant_2_is_produced_correctly_AE_related_to_study_drug_including_high_level_terms_"/>
    <testcase time="0.316000000000003" classname="table_aet09" name="AET09_variant_2_is_produced_correctly_AE_related_to_study_drug_including_high_level_terms_"/>
  </testsuite>
  <testsuite name="table_aet09_smq" timestamp="2025-05-20T21:58:04Z" hostname="86e4ea469a51" tests="4" skipped="0" failures="0" errors="0" time="0.535">
    <testcase time="0.119" classname="table_aet09_smq" name="AET09_variant_1_AEs_related_to_study_drug_by_SMQ_is_produced_correctly"/>
    <testcase time="0.0870000000000033" classname="table_aet09_smq" name="AET09_variant_1_AEs_related_to_study_drug_by_SMQ_is_produced_correctly"/>
    <testcase time="0.213999999999999" classname="table_aet09_smq" name="AET09_variant_2_AEs_related_to_study_drug_by_SMQ_with_customized_queries_is_produced_correctly"/>
    <testcase time="0.114999999999995" classname="table_aet09_smq" name="AET09_variant_2_AEs_related_to_study_drug_by_SMQ_with_customized_queries_is_produced_correctly"/>
  </testsuite>
  <testsuite name="table_aet10" timestamp="2025-05-20T21:58:05Z" hostname="86e4ea469a51" tests="2" skipped="0" failures="0" errors="0" time="0.178">
    <testcase time="0.119" classname="table_aet10" name="AET10_default_variant_is_produced_correctly"/>
    <testcase time="0.0589999999999975" classname="table_aet10" name="AET10_default_variant_is_produced_correctly"/>
  </testsuite>
  <testsuite name="table_aovt01" timestamp="2025-05-20T21:58:05Z" hostname="86e4ea469a51" tests="6" skipped="0" failures="0" errors="0" time="2.022">
    <testcase time="0.353000000000009" classname="table_aovt01" name="AOVT01_variant_with_single_endpoint_is_produced_correctly"/>
    <testcase time="0.0969999999999942" classname="table_aovt01" name="AOVT01_variant_with_single_endpoint_is_produced_correctly"/>
    <testcase time="0.613" classname="table_aovt01" name="AOVT01_variant_with_multiple_endpoints_is_produced_correctly"/>
    <testcase time="0.170000000000002" classname="table_aovt01" name="AOVT01_variant_with_multiple_endpoints_is_produced_correctly"/>
    <testcase time="0.606000000000009" classname="table_aovt01" name="AOVT01_variant_with_proportional_weights_is_produced_correctly"/>
    <testcase time="0.182999999999993" classname="table_aovt01" name="AOVT01_variant_with_proportional_weights_is_produced_correctly"/>
  </testsuite>
  <testsuite name="table_aovt02" timestamp="2025-05-20T21:58:07Z" hostname="86e4ea469a51" tests="2" skipped="0" failures="0" errors="0" time="0.642">
    <testcase time="0.549999999999997" classname="table_aovt02" name="AOVT02_is_produced_correctly"/>
    <testcase time="0.0919999999999987" classname="table_aovt02" name="AOVT02_is_produced_correctly"/>
  </testsuite>
  <testsuite name="table_aovt03" timestamp="2025-05-20T21:58:08Z" hostname="86e4ea469a51" tests="2" skipped="0" failures="0" errors="0" time="0.87">
    <testcase time="0.695000000000007" classname="table_aovt03" name="AOVT03_is_produced_correctly"/>
    <testcase time="0.174999999999997" classname="table_aovt03" name="AOVT03_is_produced_correctly"/>
  </testsuite>
  <testsuite name="table_cfbt01" timestamp="2025-05-20T21:58:09Z" hostname="86e4ea469a51" tests="2" skipped="0" failures="0" errors="0" time="0.649">
    <testcase time="0.430000000000007" classname="table_cfbt01" name="CFBT01_default_variant_is_produced_correctly"/>
    <testcase time="0.218999999999994" classname="table_cfbt01" name="CFBT01_default_variant_is_produced_correctly"/>
  </testsuite>
  <testsuite name="table_cmht01" timestamp="2025-05-20T21:58:09Z" hostname="86e4ea469a51" tests="4" skipped="0" failures="0" errors="0" time="1.73">
    <testcase time="0.397999999999996" classname="table_cmht01" name="CMHT01_variant_1_is_produced_correctly"/>
    <testcase time="0.0870000000000033" classname="table_cmht01" name="CMHT01_variant_1_is_produced_correctly"/>
    <testcase time="0.960999999999999" classname="table_cmht01" name="CMHT01_variant_2_is_produced_correctly"/>
    <testcase time="0.284000000000006" classname="table_cmht01" name="CMHT01_variant_2_is_produced_correctly"/>
  </testsuite>
  <testsuite name="table_cmt01" timestamp="2025-05-20T21:58:11Z" hostname="86e4ea469a51" tests="8" skipped="0" failures="0" errors="0" time="3.762">
    <testcase time="0.625999999999991" classname="table_cmt01" name="CMT01_default_variant_Concomitant_medications_is_produced_correctly"/>
    <testcase time="0.297000000000011" classname="table_cmt01" name="CMT01_default_variant_Concomitant_medications_is_produced_correctly"/>
    <testcase time="0.705999999999989" classname="table_cmt01" name="CMT01_variant_1_prior_medications_is_produced_correctly"/>
    <testcase time="0.320000000000007" classname="table_cmt01" name="CMT01_variant_1_prior_medications_is_produced_correctly"/>
    <testcase time="0.596000000000004" classname="table_cmt01" name="CMT01_variant_3_Concomitant_medications_is_produced_correctly"/>
    <testcase time="0.279999999999987" classname="table_cmt01" name="CMT01_variant_3_Concomitant_medications_is_produced_correctly"/>
    <testcase time="0.632000000000005" classname="table_cmt01" name="CMT01_variant_4_Concomitant_medications_is_produced_correctly"/>
    <testcase time="0.305000000000007" classname="table_cmt01" name="CMT01_variant_4_Concomitant_medications_is_produced_correctly"/>
  </testsuite>
  <testsuite name="table_cmt01a" timestamp="2025-05-20T21:58:15Z" hostname="86e4ea469a51" tests="8" skipped="0" failures="0" errors="0" time="4.872">
    <testcase time="1.048" classname="table_cmt01a" name="CMT01A_variant_1_is_produced_correctly"/>
    <testcase time="0.289999999999992" classname="table_cmt01a" name="CMT01A_variant_1_is_produced_correctly"/>
    <testcase time="0.899000000000001" classname="table_cmt01a" name="CMT01A_variant_2_is_produced_correctly"/>
    <testcase time="0.290999999999997" classname="table_cmt01a" name="CMT01A_variant_2_is_produced_correctly"/>
    <testcase time="0.930000000000007" classname="table_cmt01a" name="CMT01A_variant_3_is_produced_correctly"/>
    <testcase time="0.283000000000001" classname="table_cmt01a" name="CMT01A_variant_3_is_produced_correctly"/>
    <testcase time="0.881" classname="table_cmt01a" name="CMT01A_variant_4_is_produced_correctly"/>
    <testcase time="0.25" classname="table_cmt01a" name="CMT01A_variant_4_is_produced_correctly"/>
  </testsuite>
  <testsuite name="table_cmt01b" timestamp="2025-05-20T21:58:20Z" hostname="86e4ea469a51" tests="6" skipped="0" failures="0" errors="0" time="5.2">
    <testcase time="1.44499999999999" classname="table_cmt01b" name="CMT01B_variant_1_is_produced_correctly"/>
    <testcase time="0.405000000000001" classname="table_cmt01b" name="CMT01B_variant_1_is_produced_correctly"/>
    <testcase time="1.096" classname="table_cmt01b" name="CMT01B_variant_2_is_produced_correctly"/>
    <testcase time="0.344999999999999" classname="table_cmt01b" name="CMT01B_variant_2_is_produced_correctly"/>
    <testcase time="1.468" classname="table_cmt01b" name="CMT01B_variant_4_is_produced_correctly"/>
    <testcase time="0.440999999999988" classname="table_cmt01b" name="CMT01B_variant_4_is_produced_correctly"/>
  </testsuite>
  <testsuite name="table_cmt02_pt" timestamp="2025-05-20T21:58:25Z" hostname="86e4ea469a51" tests="2" skipped="0" failures="0" errors="0" time="0.64">
    <testcase time="0.417000000000002" classname="table_cmt02_pt" name="CMT02_PT_default_variant_is_produced_correctly"/>
    <testcase time="0.222999999999999" classname="table_cmt02_pt" name="CMT02_PT_default_variant_is_produced_correctly"/>
  </testsuite>
  <testsuite name="table_coxt01" timestamp="2025-05-20T21:58:26Z" hostname="86e4ea469a51" tests="8" skipped="0" failures="0" errors="0" time="2.241">
    <testcase time="0.311000000000007" classname="table_coxt01" name="1._Cox_Regression"/>
    <testcase time="0.0900000000000034" classname="table_coxt01" name="1._Cox_Regression"/>
    <testcase time="0.411999999999992" classname="table_coxt01" name="2._Cox_Regression_with_Interaction_Term_"/>
    <testcase time="0.118000000000009" classname="table_coxt01" name="2._Cox_Regression_with_Interaction_Term_"/>
    <testcase time="0.419999999999987" classname="table_coxt01" name="3._Cox_Regression_specifying_covariates_"/>
    <testcase time="0.132000000000005" classname="table_coxt01" name="3._Cox_Regression_specifying_covariates_"/>
    <testcase time="0.646000000000001" classname="table_coxt01" name="4._Cox_Regression_setting_strata_ties_and_alpha_level_"/>
    <testcase time="0.111999999999995" classname="table_coxt01" name="4._Cox_Regression_setting_strata_ties_and_alpha_level_"/>
  </testsuite>
  <testsuite name="table_coxt02" timestamp="2025-05-20T21:58:28Z" hostname="86e4ea469a51" tests="4" skipped="0" failures="0" errors="0" time="0.684">
    <testcase time="0.275000000000006" classname="table_coxt02" name="COXT02_default_variant_1_is_produced_correctly"/>
    <testcase time="0.0879999999999939" classname="table_coxt02" name="COXT02_default_variant_1_is_produced_correctly"/>
    <testcase time="0.243000000000009" classname="table_coxt02" name="COXT02_variant_5_is_produced_correctly"/>
    <testcase time="0.078000000000003" classname="table_coxt02" name="COXT02_variant_5_is_produced_correctly"/>
  </testsuite>
  <testsuite name="table_disclosures" timestamp="2025-05-20T21:58:29Z" hostname="86e4ea469a51" tests="12" skipped="0" failures="0" errors="0" time="1.985">
    <testcase time="0.171999999999997" classname="table_disclosures" name="Patient_Disposition_table_is_produced_correctly"/>
    <testcase time="0.102000000000004" classname="table_disclosures" name="Patient_Disposition_table_is_produced_correctly"/>
    <testcase time="0.221999999999994" classname="table_disclosures" name="Demographic_table_is_produced_correctly"/>
    <testcase time="0.147999999999996" classname="table_disclosures" name="Demographic_table_is_produced_correctly"/>
    <testcase time="0.100000000000009" classname="table_disclosures" name="Enrollment_by_Country_Table_is_produced_correctly"/>
    <testcase time="0.0959999999999894" classname="table_disclosures" name="Enrollment_by_Country_Table_is_produced_correctly"/>
    <testcase time="0.0790000000000077" classname="table_disclosures" name="Death_table_is_produced_correctly"/>
    <testcase time="0.0649999999999977" classname="table_disclosures" name="Death_table_is_produced_correctly"/>
    <testcase time="0.355999999999995" classname="table_disclosures" name="Table_of_Serious_Adverse_Events_is_produced_correctly_for_one_specific_treatment_arm_"/>
    <testcase time="0.0940000000000083" classname="table_disclosures" name="Table_of_Serious_Adverse_Events_is_produced_correctly_for_one_specific_treatment_arm_"/>
    <testcase time="0.412999999999997" classname="table_disclosures" name="Table_of_Non_Serious_Adverse_Events_is_produced_correctly"/>
    <testcase time="0.138000000000005" classname="table_disclosures" name="Table_of_Non_Serious_Adverse_Events_is_produced_correctly"/>
  </testsuite>
  <testsuite name="table_dmt01" timestamp="2025-05-20T21:58:31Z" hostname="86e4ea469a51" tests="10" skipped="0" failures="0" errors="0" time="2.939">
    <testcase time="1.265" classname="table_dmt01" name="DMT01_variant_1_is_produced_correctly"/>
    <testcase time="0.182999999999993" classname="table_dmt01" name="DMT01_variant_1_is_produced_correctly"/>
    <testcase time="0.225000000000009" classname="table_dmt01" name="DMT01_variant_2_is_produced_correctly"/>
    <testcase time="0.168999999999997" classname="table_dmt01" name="DMT01_variant_2_is_produced_correctly"/>
    <testcase time="0.268000000000001" classname="table_dmt01" name="DMT01_variant_3_is_produced_correctly"/>
    <testcase time="0.170999999999992" classname="table_dmt01" name="DMT01_variant_3_is_produced_correctly"/>
    <testcase time="0.207000000000008" classname="table_dmt01" name="DMT01_variant_4_is_produced_correctly"/>
    <testcase time="0.141999999999996" classname="table_dmt01" name="DMT01_variant_4_is_produced_correctly"/>
    <testcase time="0.177000000000007" classname="table_dmt01" name="DMT01_variant_5_is_produced_correctly"/>
    <testcase time="0.131999999999991" classname="table_dmt01" name="DMT01_variant_5_is_produced_correctly"/>
  </testsuite>
  <testsuite name="table_dort01" timestamp="2025-05-20T21:58:33Z" hostname="86e4ea469a51" tests="8" skipped="0" failures="0" errors="0" time="1.548">
    <testcase time="0.328000000000003" classname="table_dort01" name="DORT01_variant_1_is_produced_correctly"/>
    <testcase time="0.103999999999999" classname="table_dort01" name="DORT01_variant_1_is_produced_correctly"/>
    <testcase time="0.284000000000006" classname="table_dort01" name="DORT01_variant_2_selecting_sectons_is_produced_correctly"/>
    <testcase time="0.113" classname="table_dort01" name="DORT01_variant_2_selecting_sectons_is_produced_correctly"/>
    <testcase time="0.259" classname="table_dort01" name="DORT01_variant_3_modifying_conftype_and_alpha_level_is_produced_correctly"/>
    <testcase time="0.10199999999999" classname="table_dort01" name="DORT01_variant_3_modifying_conftype_and_alpha_level_is_produced_correctly"/>
    <testcase time="0.256" classname="table_dort01" name="DORT01_variant_4_modifying_time_point_for_the_xx_duration_is_produced_correctly"/>
    <testcase time="0.102000000000004" classname="table_dort01" name="DORT01_variant_4_modifying_time_point_for_the_xx_duration_is_produced_correctly"/>
  </testsuite>
  <testsuite name="table_dst01" timestamp="2025-05-20T21:58:35Z" hostname="86e4ea469a51" tests="6" skipped="0" failures="0" errors="0" time="0.779">
    <testcase time="0.150000000000006" classname="table_dst01" name="DST01_default_variant_is_produced_correctly"/>
    <testcase time="0.097999999999999" classname="table_dst01" name="DST01_default_variant_is_produced_correctly"/>
    <testcase time="0.225999999999999" classname="table_dst01" name="DST01_variants_2_and_3_are_produced_correctly"/>
    <testcase time="0.111999999999995" classname="table_dst01" name="DST01_variants_2_and_3_are_produced_correctly"/>
    <testcase time="0.0760000000000076" classname="table_dst01" name="DST01_variants_2_and_3_are_produced_correctly"/>
    <testcase time="0.11699999999999" classname="table_dst01" name="DST01_variants_2_and_3_are_produced_correctly"/>
  </testsuite>
  <testsuite name="table_dtht01" timestamp="2025-05-20T21:58:36Z" hostname="86e4ea469a51" tests="8" skipped="0" failures="0" errors="0" time="1.193">
    <testcase time="0.128" classname="table_dtht01" name="DTHT01_variant_1_is_produced_correctly"/>
    <testcase time="0.0820000000000078" classname="table_dtht01" name="DTHT01_variant_1_is_produced_correctly"/>
    <testcase time="0.269999999999996" classname="table_dtht01" name="DTHT01_variant_2_is_produced_correctly"/>
    <testcase time="0.162000000000006" classname="table_dtht01" name="DTHT01_variant_2_is_produced_correctly"/>
    <testcase time="0.150999999999996" classname="table_dtht01" name="DTHT01_variant_3_is_produced_correctly"/>
    <testcase time="0.0999999999999943" classname="table_dtht01" name="DTHT01_variant_3_is_produced_correctly"/>
    <testcase time="0.192999999999998" classname="table_dtht01" name="DTHT01_variant_4_is_produced_correctly"/>
    <testcase time="0.106999999999999" classname="table_dtht01" name="DTHT01_variant_4_is_produced_correctly"/>
  </testsuite>
  <testsuite name="table_egt01" timestamp="2025-05-20T21:58:38Z" hostname="86e4ea469a51" tests="2" skipped="0" failures="0" errors="0" time="3.428">
    <testcase time="2.60600000000001" classname="table_egt01" name="EGT01_default_variant_is_produced_correctly"/>
    <testcase time="0.822000000000003" classname="table_egt01" name="EGT01_default_variant_is_produced_correctly"/>
  </testsuite>
  <testsuite name="table_egt02" timestamp="2025-05-20T21:58:41Z" hostname="86e4ea469a51" tests="4" skipped="0" failures="0" errors="0" time="1.62">
    <testcase time="1.276" classname="table_egt02" name="_EGT02_1._Regardless_of_Abnormality_at_Baseline"/>
    <testcase time="0.0819999999999936" classname="table_egt02" name="_EGT02_1._Regardless_of_Abnormality_at_Baseline"/>
    <testcase time="0.182000000000002" classname="table_egt02" name="_EGT02_2._Among_Subjects_Without_Abnormality_at_Baseline"/>
    <testcase time="0.0799999999999983" classname="table_egt02" name="_EGT02_2._Among_Subjects_Without_Abnormality_at_Baseline"/>
  </testsuite>
  <testsuite name="table_egt03" timestamp="2025-05-20T21:58:42Z" hostname="86e4ea469a51" tests="8" skipped="0" failures="0" errors="0" time="1.265">
    <testcase time="0.222000000000008" classname="table_egt03" name="EGT03_variant_1_is_produced_correctly"/>
    <testcase time="0.137999999999991" classname="table_egt03" name="EGT03_variant_1_is_produced_correctly"/>
    <testcase time="0.141000000000005" classname="table_egt03" name="EGT03_variant_2_is_produced_correctly"/>
    <testcase time="0.097999999999999" classname="table_egt03" name="EGT03_variant_2_is_produced_correctly"/>
    <testcase time="0.204000000000008" classname="table_egt03" name="EGT03_variant_3_is_produced_correctly"/>
    <testcase time="0.135999999999996" classname="table_egt03" name="EGT03_variant_3_is_produced_correctly"/>
    <testcase time="0.197000000000003" classname="table_egt03" name="EGT03_variant_4_is_produced_correctly"/>
    <testcase time="0.128999999999991" classname="table_egt03" name="EGT03_variant_4_is_produced_correctly"/>
  </testsuite>
  <testsuite name="table_egt04" timestamp="2025-05-20T21:58:45Z" hostname="86e4ea469a51" tests="2" skipped="0" failures="0" errors="0" time="1.546">
    <testcase time="1.453" classname="table_egt04" name="EGT04_default_variant_is_produced_correctly"/>
    <testcase time="0.0930000000000035" classname="table_egt04" name="EGT04_default_variant_is_produced_correctly"/>
  </testsuite>
  <testsuite name="table_egt05_qtcat" timestamp="2025-05-20T21:58:46Z" hostname="86e4ea469a51" tests="2" skipped="0" failures="0" errors="0" time="2.329">
    <testcase time="1.85300000000001" classname="table_egt05_qtcat" name="EGT05_QTCAT_default_variant_is_produced_correctly"/>
    <testcase time="0.475999999999999" classname="table_egt05_qtcat" name="EGT05_QTCAT_default_variant_is_produced_correctly"/>
  </testsuite>
  <testsuite name="table_ent" timestamp="2025-05-20T21:58:47Z" hostname="86e4ea469a51" tests="8" skipped="0" failures="0" errors="0" time="13.724">
    <testcase time="3.554" classname="table_ent" name="ENT01_IT_is_produced_correctly"/>
    <testcase time="0.619" classname="table_ent" name="ENT01_IT_is_produced_correctly"/>
    <testcase time="2.41299999999998" classname="table_ent" name="ENT01a_IT_is_produced_correctly"/>
    <testcase time="0.540999999999997" classname="table_ent" name="ENT01a_IT_is_produced_correctly"/>
    <testcase time="3.30000000000001" classname="table_ent" name="ENT02_IT_is_produced_correctly"/>
    <testcase time="0.576999999999998" classname="table_ent" name="ENT02_IT_is_produced_correctly"/>
    <testcase time="2.17099999999999" classname="table_ent" name="ENT02a_IT_is_produced_correctly"/>
    <testcase time="0.549000000000007" classname="table_ent" name="ENT02a_IT_is_produced_correctly"/>
  </testsuite>
  <testsuite name="table_eudrat01" timestamp="2025-05-20T21:59:01Z" hostname="86e4ea469a51" tests="2" skipped="0" failures="0" errors="0" time="0.603">
    <testcase time="0.467000000000013" classname="table_eudrat01" name="EUDRAT01_is_produced_correctly"/>
    <testcase time="0.135999999999996" classname="table_eudrat01" name="EUDRAT01_is_produced_correctly"/>
  </testsuite>
  <testsuite name="table_eudrat02" timestamp="2025-05-20T21:59:01Z" hostname="86e4ea469a51" tests="2" skipped="0" failures="0" errors="0" time="0.484">
    <testcase time="0.363" classname="table_eudrat02" name="EUDRAT02_is_produced_correctly"/>
    <testcase time="0.120999999999981" classname="table_eudrat02" name="EUDRAT02_is_produced_correctly"/>
  </testsuite>
  <testsuite name="table_ext01" timestamp="2025-05-20T21:59:02Z" hostname="86e4ea469a51" tests="6" skipped="0" failures="0" errors="0" time="1.617">
    <testcase time="0.380000000000024" classname="table_ext01" name="EXT01_default_variant_with_numeric_parameters_is_produced_correctly"/>
    <testcase time="0.173000000000002" classname="table_ext01" name="EXT01_default_variant_with_numeric_parameters_is_produced_correctly"/>
    <testcase time="0.274999999999977" classname="table_ext01" name="EXT01_variant_with_both_numeric_and_categorical_parameters"/>
    <testcase time="0.207999999999998" classname="table_ext01" name="EXT01_variant_with_both_numeric_and_categorical_parameters"/>
    <testcase time="0.336000000000013" classname="table_ext01" name="EXT01_variant_with_user_specified_categories_for_missed_doses"/>
    <testcase time="0.245000000000005" classname="table_ext01" name="EXT01_variant_with_user_specified_categories_for_missed_doses"/>
  </testsuite>
  <testsuite name="table_lbt01" timestamp="2025-05-20T21:59:04Z" hostname="86e4ea469a51" tests="2" skipped="0" failures="0" errors="0" time="2.085">
    <testcase time="1.57599999999999" classname="table_lbt01" name="LBT01_default_variant_is_produced_correctly"/>
    <testcase time="0.508999999999986" classname="table_lbt01" name="LBT01_default_variant_is_produced_correctly"/>
  </testsuite>
  <testsuite name="table_lbt02" timestamp="2025-05-20T21:59:06Z" hostname="86e4ea469a51" tests="2" skipped="0" failures="0" errors="0" time="1.427">
    <testcase time="0.908000000000015" classname="table_lbt02" name="LBT02_default_variant_is_produced_correctly"/>
    <testcase time="0.519000000000005" classname="table_lbt02" name="LBT02_default_variant_is_produced_correctly"/>
  </testsuite>
  <testsuite name="table_lbt03" timestamp="2025-05-20T21:59:07Z" hostname="86e4ea469a51" tests="2" skipped="0" failures="0" errors="0" time="0.267">
    <testcase time="0.168999999999983" classname="table_lbt03" name="LBT03_default_variant_is_produced_correctly"/>
    <testcase time="0.0980000000000132" classname="table_lbt03" name="LBT03_default_variant_is_produced_correctly"/>
  </testsuite>
  <testsuite name="table_lbt04" timestamp="2025-05-20T21:59:08Z" hostname="86e4ea469a51" tests="2" skipped="0" failures="0" errors="0" time="1.32">
    <testcase time="1.114" classname="table_lbt04" name="LBT04_default_variant_is_produced_correctly"/>
    <testcase time="0.205999999999989" classname="table_lbt04" name="LBT04_default_variant_is_produced_correctly"/>
  </testsuite>
  <testsuite name="table_lbt05" timestamp="2025-05-20T21:59:09Z" hostname="86e4ea469a51" tests="6" skipped="0" failures="0" errors="0" time="6.805">
    <testcase time="2.179" classname="table_lbt05" name="LBT05_variant_1_is_produced_correctly"/>
    <testcase time="0.399000000000001" classname="table_lbt05" name="LBT05_variant_1_is_produced_correctly"/>
    <testcase time="1.48699999999999" classname="table_lbt05" name="LBT05_variant_2_is_produced_correctly"/>
    <testcase time="0.533000000000015" classname="table_lbt05" name="LBT05_variant_2_is_produced_correctly"/>
    <testcase time="1.816" classname="table_lbt05" name="LBT05_variant_4_is_produced_correctly"/>
    <testcase time="0.390999999999991" classname="table_lbt05" name="LBT05_variant_4_is_produced_correctly"/>
  </testsuite>
  <testsuite name="table_lbt06" timestamp="2025-05-20T21:59:15Z" hostname="86e4ea469a51" tests="2" skipped="0" failures="0" errors="0" time="0.531">
    <testcase time="0.342999999999989" classname="table_lbt06" name="LBT06_default_variant_is_produced_correctly"/>
    <testcase time="0.188000000000017" classname="table_lbt06" name="LBT06_default_variant_is_produced_correctly"/>
  </testsuite>
  <testsuite name="table_lbt07" timestamp="2025-05-20T21:59:16Z" hostname="86e4ea469a51" tests="2" skipped="0" failures="0" errors="0" time="2.483">
    <testcase time="2.17699999999999" classname="table_lbt07" name="LBT07_is_produced_correctly"/>
    <testcase time="0.306000000000012" classname="table_lbt07" name="LBT07_is_produced_correctly"/>
  </testsuite>
  <testsuite name="table_lbt08" timestamp="2025-05-20T21:59:19Z" hostname="86e4ea469a51" tests="2" skipped="0" failures="0" errors="0" time="0.424">
    <testcase time="0.284999999999997" classname="table_lbt08" name="LBT08_produce_correctly"/>
    <testcase time="0.138999999999982" classname="table_lbt08" name="LBT08_produce_correctly"/>
  </testsuite>
  <testsuite name="table_lbt09" timestamp="2025-05-20T21:59:19Z" hostname="86e4ea469a51" tests="4" skipped="0" failures="0" errors="0" time="1.186">
    <testcase time="0.573000000000008" classname="table_lbt09" name="LBT09_variant_1_works_as_expected"/>
    <testcase time="0.163000000000011" classname="table_lbt09" name="LBT09_variant_1_works_as_expected"/>
    <testcase time="0.292999999999978" classname="table_lbt09" name="LBT09_variant_2_works_as_expected"/>
    <testcase time="0.157000000000011" classname="table_lbt09" name="LBT09_variant_2_works_as_expected"/>
  </testsuite>
  <testsuite name="table_lbt10" timestamp="2025-05-20T21:59:20Z" hostname="86e4ea469a51" tests="4" skipped="0" failures="0" errors="0" time="1.222">
    <testcase time="0.692000000000007" classname="table_lbt10" name="LBT10_variant_1_works_as_expected"/>
    <testcase time="0.0730000000000075" classname="table_lbt10" name="LBT10_variant_1_works_as_expected"/>
    <testcase time="0.395999999999987" classname="table_lbt10" name="LBT10_variant_2_works_as_expected"/>
    <testcase time="0.061000000000007" classname="table_lbt10" name="LBT10_variant_2_works_as_expected"/>
  </testsuite>
  <testsuite name="table_lbt10_bl" timestamp="2025-05-20T21:59:21Z" hostname="86e4ea469a51" tests="4" skipped="0" failures="0" errors="0" time="0.496">
    <testcase time="0.24199999999999" classname="table_lbt10_bl" name="LBT10_BL_variant_1_works_as_expected"/>
    <testcase time="0.0720000000000027" classname="table_lbt10_bl" name="LBT10_BL_variant_1_works_as_expected"/>
    <testcase time="0.121000000000009" classname="table_lbt10_bl" name="LBT10_BL_variant_2_works_as_expected"/>
    <testcase time="0.0609999999999786" classname="table_lbt10_bl" name="LBT10_BL_variant_2_works_as_expected"/>
  </testsuite>
  <testsuite name="table_lbt11" timestamp="2025-05-20T21:59:22Z" hostname="86e4ea469a51" tests="6" skipped="0" failures="0" errors="0" time="0.73">
    <testcase time="0.181000000000012" classname="table_lbt11" name="LBT11_variant_1_works_as_expected"/>
    <testcase time="0.0989999999999895" classname="table_lbt11" name="LBT11_variant_1_works_as_expected"/>
    <testcase time="0.0960000000000036" classname="table_lbt11" name="LBT11_variant_2_works_as_expected"/>
    <testcase time="0.0829999999999984" classname="table_lbt11" name="LBT11_variant_2_works_as_expected"/>
    <testcase time="0.158000000000015" classname="table_lbt11" name="LBT11_variant_3_works_as_expected"/>
    <testcase time="0.113" classname="table_lbt11" name="LBT11_variant_3_works_as_expected"/>
  </testsuite>
  <testsuite name="table_lbt11_bl" timestamp="2025-05-20T21:59:23Z" hostname="86e4ea469a51" tests="6" skipped="0" failures="0" errors="0" time="0.808">
    <testcase time="0.206999999999994" classname="table_lbt11_bl" name="LBT11_BL_variant_1_works_as_expected"/>
    <testcase time="0.0960000000000036" classname="table_lbt11_bl" name="LBT11_BL_variant_1_works_as_expected"/>
    <testcase time="0.111999999999995" classname="table_lbt11_bl" name="LBT11_BL_variant_2_works_as_expected"/>
    <testcase time="0.0809999999999889" classname="table_lbt11_bl" name="LBT11_BL_variant_2_works_as_expected"/>
    <testcase time="0.199000000000012" classname="table_lbt11_bl" name="LBT11_BL_variant_3_works_as_expected"/>
    <testcase time="0.113" classname="table_lbt11_bl" name="LBT11_BL_variant_3_works_as_expected"/>
  </testsuite>
  <testsuite name="table_lbt12" timestamp="2025-05-20T21:59:23Z" hostname="86e4ea469a51" tests="2" skipped="0" failures="0" errors="0" time="0.393">
    <testcase time="0.298000000000002" classname="table_lbt12" name="LBT12_works_as_expected"/>
    <testcase time="0.0949999999999989" classname="table_lbt12" name="LBT12_works_as_expected"/>
  </testsuite>
  <testsuite name="table_lbt12_bl" timestamp="2025-05-20T21:59:24Z" hostname="86e4ea469a51" tests="2" skipped="0" failures="0" errors="0" time="0.362">
    <testcase time="0.283999999999992" classname="table_lbt12_bl" name="LBT12_BL_works_as_expected"/>
    <testcase time="0.078000000000003" classname="table_lbt12_bl" name="LBT12_BL_works_as_expected"/>
  </testsuite>
  <testsuite name="table_lbt13" timestamp="2025-05-20T21:59:25Z" hostname="86e4ea469a51" tests="10" skipped="0" failures="0" errors="0" time="2.318">
    <testcase time="0.816000000000003" classname="table_lbt13" name="LBT13_variant_1_LOW_works_as_expected"/>
    <testcase time="0.0879999999999939" classname="table_lbt13" name="LBT13_variant_1_LOW_works_as_expected"/>
    <testcase time="0.137" classname="table_lbt13" name="LBT13_variant_2_HIGH_works_as_expected"/>
    <testcase time="0.099000000000018" classname="table_lbt13" name="LBT13_variant_2_HIGH_works_as_expected"/>
    <testcase time="0.24799999999999" classname="table_lbt13" name="LBT13_variant_3_LOW_without_baseline_missing_works_as_expected"/>
    <testcase time="0.0900000000000034" classname="table_lbt13" name="LBT13_variant_3_LOW_without_baseline_missing_works_as_expected"/>
    <testcase time="0.146999999999991" classname="table_lbt13" name="LBT13_variant_4_HIGH_with_missing_baseline_considered_as_grade_0_works_as_expected"/>
    <testcase time="0.0660000000000025" classname="table_lbt13" name="LBT13_variant_4_HIGH_with_missing_baseline_considered_as_grade_0_works_as_expected"/>
    <testcase time="0.403999999999996" classname="table_lbt13" name="LBT14_variant_5_HIGH_with_filled_in_grades_works_as_expected"/>
    <testcase time="0.223000000000013" classname="table_lbt13" name="LBT14_variant_5_HIGH_with_filled_in_grades_works_as_expected"/>
  </testsuite>
  <testsuite name="table_lbt14" timestamp="2025-05-20T21:59:27Z" hostname="86e4ea469a51" tests="10" skipped="0" failures="0" errors="0" time="28.691">
    <testcase time="5.655" classname="table_lbt14" name="LBT14_variant_1_HIGH_works_as_expected"/>
    <testcase time="0.463999999999999" classname="table_lbt14" name="LBT14_variant_1_HIGH_works_as_expected"/>
    <testcase time="5.13499999999999" classname="table_lbt14" name="LBT14_variant_2_LOW_works_as_expected"/>
    <testcase time="0.331999999999994" classname="table_lbt14" name="LBT14_variant_2_LOW_works_as_expected"/>
    <testcase time="3.38300000000001" classname="table_lbt14" name="LBT14_variant_3_LOW_without_baseline_missing_works_as_expected"/>
    <testcase time="0.411000000000001" classname="table_lbt14" name="LBT14_variant_3_LOW_without_baseline_missing_works_as_expected"/>
    <testcase time="5.005" classname="table_lbt14" name="LBT14_variant_4_LOW_and_force_1_missing_both_baseline_and_post_baseline_then_force_the_missing_baseline_as_0_as_expected"/>
    <testcase time="0.266999999999996" classname="table_lbt14" name="LBT14_variant_4_LOW_and_force_1_missing_both_baseline_and_post_baseline_then_force_the_missing_baseline_as_0_as_expected"/>
    <testcase time="5.41500000000002" classname="table_lbt14" name="LBT14_variant_5_HIGH_with_fillings_works_as_expected"/>
    <testcase time="2.624" classname="table_lbt14" name="LBT14_variant_5_HIGH_with_fillings_works_as_expected"/>
  </testsuite>
  <testsuite name="table_lbt15" timestamp="2025-05-20T21:59:55Z" hostname="86e4ea469a51" tests="4" skipped="0" failures="0" errors="0" time="1.494">
    <testcase time="0.596000000000004" classname="table_lbt15" name="LBT15_variant_1_works_as_expected"/>
    <testcase time="0.192999999999984" classname="table_lbt15" name="LBT15_variant_1_works_as_expected"/>
    <testcase time="0.512" classname="table_lbt15" name="LBT15_variant_2_works_as_expected"/>
    <testcase time="0.193000000000012" classname="table_lbt15" name="LBT15_variant_2_works_as_expected"/>
  </testsuite>
  <testsuite name="table_lgrt02" timestamp="2025-05-20T21:59:57Z" hostname="86e4ea469a51" tests="8" skipped="0" failures="0" errors="0" time="2.752">
    <testcase time="0.477000000000004" classname="table_lgrt02" name="LGRT02_without_interaction_term_is_produced_correctly"/>
    <testcase time="0.149000000000001" classname="table_lgrt02" name="LGRT02_without_interaction_term_is_produced_correctly"/>
    <testcase time="0.568999999999988" classname="table_lgrt02" name="LGRT02_with_categorical_interaction_is_produced_correctly"/>
    <testcase time="0.175999999999988" classname="table_lgrt02" name="LGRT02_with_categorical_interaction_is_produced_correctly"/>
    <testcase time="0.588000000000022" classname="table_lgrt02" name="LGRT02_with_continuous_interaction_is_produced_correctly"/>
    <testcase time="0.165999999999997" classname="table_lgrt02" name="LGRT02_with_continuous_interaction_is_produced_correctly"/>
    <testcase time="0.469999999999999" classname="table_lgrt02" name="LGRT02_with_setting_values_indicating_an_event_and_custom_alpha_level_is_produced_correctly"/>
    <testcase time="0.156999999999982" classname="table_lgrt02" name="LGRT02_with_setting_values_indicating_an_event_and_custom_alpha_level_is_produced_correctly"/>
  </testsuite>
  <testsuite name="table_mht01" timestamp="2025-05-20T21:59:59Z" hostname="86e4ea469a51" tests="8" skipped="0" failures="0" errors="0" time="1.554">
    <testcase time="0.312000000000012" classname="table_mht01" name="MHT01_variant_1_is_produced_accurately"/>
    <testcase time="0.145999999999987" classname="table_mht01" name="MHT01_variant_1_is_produced_accurately"/>
    <testcase time="0.103000000000009" classname="table_mht01" name="MHT01_variant_2_is_produced_accurately"/>
    <testcase time="0.0840000000000032" classname="table_mht01" name="MHT01_variant_2_is_produced_accurately"/>
    <testcase time="0.263000000000005" classname="table_mht01" name="MHT01_variant_3_is_produced_accurately"/>
    <testcase time="0.119" classname="table_mht01" name="MHT01_variant_3_is_produced_accurately"/>
    <testcase time="0.355999999999995" classname="table_mht01" name="MHT01_variant_5_is_produced_accurately"/>
    <testcase time="0.170999999999992" classname="table_mht01" name="MHT01_variant_5_is_produced_accurately"/>
  </testsuite>
  <testsuite name="table_onct05" timestamp="2025-05-20T22:00:01Z" hostname="86e4ea469a51" tests="10" skipped="0" failures="0" errors="0" time="2.769">
    <testcase time="0.490000000000009" classname="table_onct05" name="ONCT05_variant_1_Objective_Response_Rate_by_Subgroup_is_produced_correctly"/>
    <testcase time="0.13300000000001" classname="table_onct05" name="ONCT05_variant_1_Objective_Response_Rate_by_Subgroup_is_produced_correctly"/>
    <testcase time="0.480999999999995" classname="table_onct05" name="ONCT05_variant_2_Specifying_class_variables_is_produced_correctly"/>
    <testcase time="0.140999999999991" classname="table_onct05" name="ONCT05_variant_2_Specifying_class_variables_is_produced_correctly"/>
    <testcase time="0.223000000000013" classname="table_onct05" name="ONCT05_variant_3_selecting_columns_and_changing_the_alpha_level_is_produced_correctly"/>
    <testcase time="0.0879999999999939" classname="table_onct05" name="ONCT05_variant_3_selecting_columns_and_changing_the_alpha_level_is_produced_correctly"/>
    <testcase time="0.465000000000003" classname="table_onct05" name="ONCT05_variant_4_setting_values_indicating_response_is_produced_correctly"/>
    <testcase time="0.131" classname="table_onct05" name="ONCT05_variant_4_setting_values_indicating_response_is_produced_correctly"/>
    <testcase time="0.492999999999995" classname="table_onct05" name="ONCT05_with_risk_difference_column_is_produced_correctly"/>
    <testcase time="0.123999999999995" classname="table_onct05" name="ONCT05_with_risk_difference_column_is_produced_correctly"/>
  </testsuite>
  <testsuite name="table_pdt01" timestamp="2025-05-20T22:00:04Z" hostname="86e4ea469a51" tests="2" skipped="0" failures="0" errors="0" time="0.428">
    <testcase time="0.27000000000001" classname="table_pdt01" name="PDT01_is_produced_correctly"/>
    <testcase time="0.157999999999987" classname="table_pdt01" name="PDT01_is_produced_correctly"/>
  </testsuite>
  <testsuite name="table_pdt02" timestamp="2025-05-20T22:00:04Z" hostname="86e4ea469a51" tests="2" skipped="0" failures="0" errors="0" time="0.242">
    <testcase time="0.165999999999997" classname="table_pdt02" name="PDT02_is_produced_correctly"/>
    <testcase time="0.0760000000000218" classname="table_pdt02" name="PDT02_is_produced_correctly"/>
  </testsuite>
  <testsuite name="table_pkct01" timestamp="2025-05-20T22:00:04Z" hostname="86e4ea469a51" tests="10" skipped="0" failures="0" errors="0" time="3.349">
    <testcase time="0.274999999999977" classname="table_pkct01" name="PKCT01_is_produced_correctly"/>
    <testcase time="0.0900000000000034" classname="table_pkct01" name="PKCT01_is_produced_correctly"/>
    <testcase time="0.152000000000015" classname="table_pkct01" name="PKCT01_is_produced_correctly"/>
    <testcase time="0.0579999999999927" classname="table_pkct01" name="PKCT01_is_produced_correctly"/>
    <testcase time="1.03800000000001" classname="table_pkct01" name="Specific_PKCT01_features_are_present"/>
    <testcase time="0.22999999999999" classname="table_pkct01" name="Specific_PKCT01_features_are_present"/>
    <testcase time="0.207999999999998" classname="table_pkct01" name="Specific_PKCT01_features_are_present"/>
    <testcase time="0.00300000000001432" classname="table_pkct01" name="Specific_PKCT01_features_are_present"/>
    <testcase time="0.713999999999999" classname="table_pkct01" name="Specific_PKCT01_features_are_present"/>
    <testcase time="0.580999999999989" classname="table_pkct01" name="Specific_PKCT01_features_are_present"/>
  </testsuite>
  <testsuite name="table_pkpt02" timestamp="2025-05-20T22:00:08Z" hostname="86e4ea469a51" tests="2" skipped="0" failures="0" errors="0" time="0.572">
    <testcase time="0.329000000000008" classname="table_pkpt02" name="PKPT02_is_produced_correctly_for_Drug_X"/>
    <testcase time="0.242999999999995" classname="table_pkpt02" name="PKPT02_is_produced_correctly_for_Drug_X"/>
  </testsuite>
  <testsuite name="table_pkpt03" timestamp="2025-05-20T22:00:08Z" hostname="86e4ea469a51" tests="2" skipped="0" failures="0" errors="0" time="1.177">
    <testcase time="0.972000000000008" classname="table_pkpt03" name="PKPT03_Drug_X_is_produced_correctly"/>
    <testcase time="0.204999999999984" classname="table_pkpt03" name="PKPT03_Drug_X_is_produced_correctly"/>
  </testsuite>
  <testsuite name="table_pkpt04" timestamp="2025-05-20T22:00:09Z" hostname="86e4ea469a51" tests="2" skipped="0" failures="0" errors="0" time="0.21">
    <testcase time="0.10499999999999" classname="table_pkpt04" name="PKPT04_is_produced_correctly_for_Drug_X"/>
    <testcase time="0.105000000000018" classname="table_pkpt04" name="PKPT04_is_produced_correctly_for_Drug_X"/>
  </testsuite>
  <testsuite name="table_pkpt05" timestamp="2025-05-20T22:00:10Z" hostname="86e4ea469a51" tests="2" skipped="0" failures="0" errors="0" time="0.411">
    <testcase time="0.299000000000007" classname="table_pkpt05" name="PKPT05_Drug_X_is_produced_correctly"/>
    <testcase time="0.111999999999995" classname="table_pkpt05" name="PKPT05_Drug_X_is_produced_correctly"/>
  </testsuite>
  <testsuite name="table_pkpt06" timestamp="2025-05-20T22:00:10Z" hostname="86e4ea469a51" tests="4" skipped="0" failures="0" errors="0" time="0.303">
    <testcase time="0.105999999999995" classname="table_pkpt06" name="PKPT06_is_produced_correctly_for_Drug_X"/>
    <testcase time="0.0649999999999977" classname="table_pkpt06" name="PKPT06_is_produced_correctly_for_Drug_X"/>
    <testcase time="0.0529999999999973" classname="table_pkpt06" name="PKPT06_is_produced_correctly_for_Drug_Y"/>
    <testcase time="0.0790000000000077" classname="table_pkpt06" name="PKPT06_is_produced_correctly_for_Drug_Y"/>
  </testsuite>
  <testsuite name="table_pkpt07" timestamp="2025-05-20T22:00:10Z" hostname="86e4ea469a51" tests="4" skipped="0" failures="0" errors="0" time="0.563">
    <testcase time="0.207999999999998" classname="table_pkpt07" name="PKPT07_Drug_X_is_produced_correctly"/>
    <testcase time="0.115000000000009" classname="table_pkpt07" name="PKPT07_Drug_X_is_produced_correctly"/>
    <testcase time="0.116000000000014" classname="table_pkpt07" name="PKPT07_Drug_Y_is_produced_correctly"/>
    <testcase time="0.123999999999995" classname="table_pkpt07" name="PKPT07_Drug_Y_is_produced_correctly"/>
  </testsuite>
  <testsuite name="table_ratet01" timestamp="2025-05-20T22:00:11Z" hostname="86e4ea469a51" tests="2" skipped="0" failures="0" errors="0" time="1.289">
    <testcase time="1.101" classname="table_ratet01" name="RATET01_is_produced_correctly"/>
    <testcase time="0.188000000000017" classname="table_ratet01" name="RATET01_is_produced_correctly"/>
  </testsuite>
  <testsuite name="table_rmpt01" timestamp="2025-05-20T22:00:12Z" hostname="86e4ea469a51" tests="2" skipped="0" failures="0" errors="0" time="0.244">
    <testcase time="0.183999999999997" classname="table_rmpt01" name="RMPT01_is_produced_correctly"/>
    <testcase time="0.0600000000000023" classname="table_rmpt01" name="RMPT01_is_produced_correctly"/>
  </testsuite>
  <testsuite name="table_rmpt03" timestamp="2025-05-20T22:00:13Z" hostname="86e4ea469a51" tests="4" skipped="0" failures="0" errors="0" time="0.599">
    <testcase time="0.238" classname="table_rmpt03" name="RMPT03_variant_1_is_produced_correctly"/>
    <testcase time="0.0869999999999891" classname="table_rmpt03" name="RMPT03_variant_1_is_produced_correctly"/>
    <testcase time="0.185000000000002" classname="table_rmpt03" name="RMPT03_variant_2_is_produced_correctly"/>
    <testcase time="0.0889999999999986" classname="table_rmpt03" name="RMPT03_variant_2_is_produced_correctly"/>
  </testsuite>
  <testsuite name="table_rmpt04" timestamp="2025-05-20T22:00:13Z" hostname="86e4ea469a51" tests="2" skipped="0" failures="0" errors="0" time="0.22">
    <testcase time="0.158999999999992" classname="table_rmpt04" name="RMPT04_variant_1_is_produced_correctly"/>
    <testcase time="0.061000000000007" classname="table_rmpt04" name="RMPT04_variant_1_is_produced_correctly"/>
  </testsuite>
  <testsuite name="table_rmpt05" timestamp="2025-05-20T22:00:13Z" hostname="86e4ea469a51" tests="2" skipped="0" failures="0" errors="0" time="0.25">
    <testcase time="0.179000000000002" classname="table_rmpt05" name="RMPT05_is_produced_correctly"/>
    <testcase time="0.070999999999998" classname="table_rmpt05" name="RMPT05_is_produced_correctly"/>
  </testsuite>
  <testsuite name="table_rmpt06" timestamp="2025-05-20T22:00:14Z" hostname="86e4ea469a51" tests="8" skipped="0" failures="0" errors="0" time="1.647">
    <testcase time="0.358000000000004" classname="table_rmpt06" name="RMPT06_variant_1_is_produced_correctly"/>
    <testcase time="0.111999999999995" classname="table_rmpt06" name="RMPT06_variant_1_is_produced_correctly"/>
    <testcase time="0.213999999999999" classname="table_rmpt06" name="RMPT06_variant_2_is_produced_correctly"/>
    <testcase time="0.0860000000000127" classname="table_rmpt06" name="RMPT06_variant_2_is_produced_correctly"/>
    <testcase time="0.328000000000003" classname="table_rmpt06" name="RMPT06_variant_3_is_produced_correctly"/>
    <testcase time="0.115999999999985" classname="table_rmpt06" name="RMPT06_variant_3_is_produced_correctly"/>
    <testcase time="0.306999999999988" classname="table_rmpt06" name="RMPT06_variant_4_is_produced_correctly"/>
    <testcase time="0.126000000000005" classname="table_rmpt06" name="RMPT06_variant_4_is_produced_correctly"/>
  </testsuite>
  <testsuite name="table_rspt01" timestamp="2025-05-20T22:00:15Z" hostname="86e4ea469a51" tests="12" skipped="0" failures="0" errors="0" time="2.705">
    <testcase time="0.298000000000002" classname="table_rspt01" name="RSPT01_1._Best_Overall_Response"/>
    <testcase time="0.134000000000015" classname="table_rspt01" name="RSPT01_1._Best_Overall_Response"/>
    <testcase time="0.257999999999981" classname="table_rspt01" name="RSPT01_2._Best_Overall_Response_selecting_sections_to_display_"/>
    <testcase time="0.112000000000023" classname="table_rspt01" name="RSPT01_2._Best_Overall_Response_selecting_sections_to_display_"/>
    <testcase time="0.336999999999989" classname="table_rspt01" name="RSPT01_3._Best_Overall_Response_modifying_settings_"/>
    <testcase time="0.109999999999985" classname="table_rspt01" name="RSPT01_3._Best_Overall_Response_modifying_settings_"/>
    <testcase time="0.620000000000005" classname="table_rspt01" name="RSPT01_4._Best_Overall_Response_with_stratified_analysis_"/>
    <testcase time="0.12700000000001" classname="table_rspt01" name="RSPT01_4._Best_Overall_Response_with_stratified_analysis_"/>
    <testcase time="0.272999999999996" classname="table_rspt01" name="RSPT01_5._Best_Overall_Response_modifying_the_definition_of_overall_response_"/>
    <testcase time="0.117999999999995" classname="table_rspt01" name="RSPT01_5._Best_Overall_Response_modifying_the_definition_of_overall_response_"/>
    <testcase time="0.223000000000013" classname="table_rspt01" name="RSPT01_6._Best_Overall_Response_define_new_sections_to_display_"/>
    <testcase time="0.0949999999999989" classname="table_rspt01" name="RSPT01_6._Best_Overall_Response_define_new_sections_to_display_"/>
  </testsuite>
  <testsuite name="table_ttet01" timestamp="2025-05-20T22:00:18Z" hostname="86e4ea469a51" tests="14" skipped="0" failures="0" errors="0" time="3.341">
    <testcase time="0.383999999999986" classname="table_ttet01" name="TTET01_default_variant_is_produced_correctly"/>
    <testcase time="0.163000000000011" classname="table_ttet01" name="TTET01_default_variant_is_produced_correctly"/>
    <testcase time="0.385999999999996" classname="table_ttet01" name="TTET01_default_variant_with_Placebo_arm"/>
    <testcase time="0.169000000000011" classname="table_ttet01" name="TTET01_default_variant_with_Placebo_arm"/>
    <testcase time="0.197000000000003" classname="table_ttet01" name="TTET01_variant_2_selecting_sections_to_display"/>
    <testcase time="0.121999999999986" classname="table_ttet01" name="TTET01_variant_2_selecting_sections_to_display"/>
    <testcase time="0.299000000000007" classname="table_ttet01" name="TTET01_variant_3_modifying_analysis_details_like_conftype_ties_alpha_level"/>
    <testcase time="0.143000000000001" classname="table_ttet01" name="TTET01_variant_3_modifying_analysis_details_like_conftype_ties_alpha_level"/>
    <testcase time="0.353999999999985" classname="table_ttet01" name="TTET01_variant_4_with_stratified_analysis"/>
    <testcase time="0.158000000000015" classname="table_ttet01" name="TTET01_variant_4_with_stratified_analysis"/>
    <testcase time="0.299000000000007" classname="table_ttet01" name="TTET01_variant_5_modifying_time_point"/>
    <testcase time="0.143000000000001" classname="table_ttet01" name="TTET01_variant_5_modifying_time_point"/>
    <testcase time="0.370999999999981" classname="table_ttet01" name="TTET01_variant_6_requesting_more_than_one_p_value"/>
    <testcase time="0.15300000000002" classname="table_ttet01" name="TTET01_variant_6_requesting_more_than_one_p_value"/>
  </testsuite>
  <testsuite name="table_vst01" timestamp="2025-05-20T22:00:22Z" hostname="86e4ea469a51" tests="2" skipped="0" failures="0" errors="0" time="2.251">
    <testcase time="1.82899999999998" classname="table_vst01" name="VST01_default_variant_is_produced_correctly"/>
    <testcase time="0.421999999999997" classname="table_vst01" name="VST01_default_variant_is_produced_correctly"/>
  </testsuite>
  <testsuite name="table_vst02" timestamp="2025-05-20T22:00:24Z" hostname="86e4ea469a51" tests="4" skipped="0" failures="0" errors="0" time="1.584">
    <testcase time="1.11600000000001" classname="table_vst02" name="1._Vital_Sign_Abnormalities_Regardless_of_Abnormality_at_Baseline_VST02_1_"/>
    <testcase time="0.109999999999985" classname="table_vst02" name="1._Vital_Sign_Abnormalities_Regardless_of_Abnormality_at_Baseline_VST02_1_"/>
    <testcase time="0.257000000000005" classname="table_vst02" name="2._Vital_Sign_Abnormalities_Among_Subject_Without_Abnormality_at_Baseline_VST02_2_"/>
    <testcase time="0.100999999999999" classname="table_vst02" name="2._Vital_Sign_Abnormalities_Among_Subject_Without_Abnormality_at_Baseline_VST02_2_"/>
  </testsuite>
</testsuites>
