<?xml version="1.0" encoding="UTF-8"?>
<testsuites>
  <testsuite name="listing_adal02" timestamp="2024-01-22T20:20:01Z" hostname="fa5b08c40e87" tests="2" skipped="1" failures="0" errors="0" time="0.321">
    <testcase time="0.13" classname="listing_adal02" name="ADAL02_listing_is_produced_correctly"/>
    <testcase time="0.191" classname="listing_adal02" name="ADAL02_listing_is_produced_correctly">
      <skipped message="Reason: On CRAN ('test-listing_adal02.R:109:3')"/>
    </testcase>
  </testsuite>
  <testsuite name="listing_ael01" timestamp="2024-01-22T20:20:01Z" hostname="fa5b08c40e87" tests="2" skipped="1" failures="0" errors="0" time="0.221">
    <testcase time="0.0840000000000005" classname="listing_ael01" name="AEL01_listing_is_produced_correctly"/>
    <testcase time="0.137" classname="listing_ael01" name="AEL01_listing_is_produced_correctly">
      <skipped message="Reason: On CRAN ('test-listing_ael01.R:20:3')"/>
    </testcase>
  </testsuite>
  <testsuite name="listing_ael01_nollt" timestamp="2024-01-22T20:20:01Z" hostname="fa5b08c40e87" tests="2" skipped="1" failures="0" errors="0" time="0.087">
    <testcase time="0.0570000000000004" classname="listing_ael01_nollt" name="AEL01_NOLLT_listing_is_produced_correctly"/>
    <testcase time="0.0299999999999994" classname="listing_ael01_nollt" name="AEL01_NOLLT_listing_is_produced_correctly">
      <skipped message="Reason: On CRAN ('test-listing_ael01_nollt.R:23:3')"/>
    </testcase>
  </testsuite>
  <testsuite name="listing_ael02" timestamp="2024-01-22T20:20:01Z" hostname="fa5b08c40e87" tests="1" skipped="1" failures="0" errors="0" time="0.305">
    <testcase time="0.305000000000001" classname="listing_ael02" name="AEL02_listing_is_produced_correctly">
      <skipped message="Reason: On CRAN ('test-listing_ael02.R:60:3')"/>
    </testcase>
  </testsuite>
  <testsuite name="listing_ael02_ed" timestamp="2024-01-22T20:20:02Z" hostname="fa5b08c40e87" tests="1" skipped="1" failures="0" errors="0" time="0.355">
    <testcase time="0.355" classname="listing_ael02_ed" name="AEL02_ED_listing_is_produced_correctly">
      <skipped message="Reason: On CRAN ('test-listing_ael02_ed.R:77:3')"/>
    </testcase>
  </testsuite>
  <testsuite name="listing_ael03" timestamp="2024-01-22T20:20:02Z" hostname="fa5b08c40e87" tests="1" skipped="1" failures="0" errors="0" time="0.292">
    <testcase time="0.292" classname="listing_ael03" name="AEL03_listing_is_produced_correctly">
      <skipped message="Reason: On CRAN ('test-listing_ael03.R:73:3')"/>
    </testcase>
  </testsuite>
  <testsuite name="listing_ael04" timestamp="2024-01-22T20:20:02Z" hostname="fa5b08c40e87" tests="2" skipped="1" failures="0" errors="0" time="0.217">
    <testcase time="0.0410000000000004" classname="listing_ael04" name="AEL04_listing_is_produced_correctly"/>
    <testcase time="0.176" classname="listing_ael04" name="AEL04_listing_is_produced_correctly">
      <skipped message="Reason: On CRAN ('test-listing_ael04.R:30:3')"/>
    </testcase>
  </testsuite>
  <testsuite name="listing_cml01" timestamp="2024-01-22T20:20:03Z" hostname="fa5b08c40e87" tests="2" skipped="1" failures="0" errors="0" time="0.331">
    <testcase time="0.0739999999999998" classname="listing_cml01" name="CML01_listing_is_produced_correctly"/>
    <testcase time="0.257" classname="listing_cml01" name="CML01_listing_is_produced_correctly">
      <skipped message="Reason: On CRAN ('test-listing_cml01.R:41:3')"/>
    </testcase>
  </testsuite>
  <testsuite name="listing_cml02a_gl" timestamp="2024-01-22T20:20:03Z" hostname="fa5b08c40e87" tests="2" skipped="1" failures="0" errors="0" time="0.076">
    <testcase time="0.0340000000000007" classname="listing_cml02a_gl" name="CML02A_GL_listing_is_produced_correctly"/>
    <testcase time="0.0419999999999998" classname="listing_cml02a_gl" name="CML02A_GL_listing_is_produced_correctly">
      <skipped message="Reason: On CRAN ('test-listing_cml02a_gl.R:19:3')"/>
    </testcase>
  </testsuite>
  <testsuite name="listing_cml02b_gl" timestamp="2024-01-22T20:20:03Z" hostname="fa5b08c40e87" tests="2" skipped="1" failures="0" errors="0" time="0.102">
    <testcase time="0.0469999999999997" classname="listing_cml02b_gl" name="CML02B_GL_listing_is_produced_correctly"/>
    <testcase time="0.0549999999999997" classname="listing_cml02b_gl" name="CML02B_GL_listing_is_produced_correctly">
      <skipped message="Reason: On CRAN ('test-listing_cml02b_gl.R:22:3')"/>
    </testcase>
  </testsuite>
  <testsuite name="listing_dsl01" timestamp="2024-01-22T20:20:03Z" hostname="fa5b08c40e87" tests="2" skipped="1" failures="0" errors="0" time="0.18">
    <testcase time="0.0370000000000008" classname="listing_dsl01" name="DSL01_listing_is_produced_correctly"/>
    <testcase time="0.142999999999999" classname="listing_dsl01" name="DSL01_listing_is_produced_correctly">
      <skipped message="Reason: On CRAN ('test-listing_dsl01.R:31:3')"/>
    </testcase>
  </testsuite>
  <testsuite name="listing_dsl02" timestamp="2024-01-22T20:20:03Z" hostname="fa5b08c40e87" tests="2" skipped="1" failures="0" errors="0" time="0.075">
    <testcase time="0.0400000000000009" classname="listing_dsl02" name="DSL02_listing_is_produced_correctly"/>
    <testcase time="0.0350000000000001" classname="listing_dsl02" name="DSL02_listing_is_produced_correctly">
      <skipped message="Reason: On CRAN ('test-listing_dsl02.R:37:3')"/>
    </testcase>
  </testsuite>
  <testsuite name="listing_dsur4" timestamp="2024-01-22T20:20:03Z" hostname="fa5b08c40e87" tests="2" skipped="1" failures="0" errors="0" time="0.124">
    <testcase time="0.0339999999999989" classname="listing_dsur4" name="DSUR4_listing_is_produced_correctly"/>
    <testcase time="0.0899999999999999" classname="listing_dsur4" name="DSUR4_listing_is_produced_correctly">
      <skipped message="Reason: On CRAN ('test-listing_dsur4.R:22:3')"/>
    </testcase>
  </testsuite>
  <testsuite name="listing_egl01" timestamp="2024-01-22T20:20:03Z" hostname="fa5b08c40e87" tests="1" skipped="1" failures="0" errors="0" time="0.355">
    <testcase time="0.355" classname="listing_egl01" name="EGL01_listing_is_produced_correctly">
      <skipped message="Reason: On CRAN ('test-listing_egl01.R:61:3')"/>
    </testcase>
  </testsuite>
  <testsuite name="listing_exl01" timestamp="2024-01-22T20:20:04Z" hostname="fa5b08c40e87" tests="1" skipped="1" failures="0" errors="0" time="0.238">
    <testcase time="0.238000000000001" classname="listing_exl01" name="EXL01_listing_is_produced_correctly">
      <skipped message="Reason: On CRAN ('test-listing_exl01.R:29:3')"/>
    </testcase>
  </testsuite>
  <testsuite name="listing_lbl01" timestamp="2024-01-22T20:20:04Z" hostname="fa5b08c40e87" tests="1" skipped="1" failures="0" errors="0" time="1.264">
    <testcase time="1.264" classname="listing_lbl01" name="LBL01_listing_is_produced_correctly">
      <skipped message="Reason: On CRAN ('test-listing_lbl01.R:52:3')"/>
    </testcase>
  </testsuite>
  <testsuite name="listing_lbl01_rls" timestamp="2024-01-22T20:20:05Z" hostname="fa5b08c40e87" tests="1" skipped="1" failures="0" errors="0" time="1.254">
    <testcase time="1.254" classname="listing_lbl01_rls" name="LBL01_RLS_listing_is_produced_correctly">
      <skipped message="Reason: On CRAN ('test-listing_lbl01_rls.R:58:3')"/>
    </testcase>
  </testsuite>
  <testsuite name="listing_lbl02a" timestamp="2024-01-22T20:20:07Z" hostname="fa5b08c40e87" tests="2" skipped="1" failures="0" errors="0" time="0.325">
    <testcase time="0.131" classname="listing_lbl02a" name="LBL02A_listing_is_produced_correctly"/>
    <testcase time="0.194000000000001" classname="listing_lbl02a" name="LBL02A_listing_is_produced_correctly">
      <skipped message="Reason: On CRAN ('test-listing_lbl02a.R:50:3')"/>
    </testcase>
  </testsuite>
  <testsuite name="listing_lbl02a_rls" timestamp="2024-01-22T20:20:07Z" hostname="fa5b08c40e87" tests="2" skipped="1" failures="0" errors="0" time="2.318">
    <testcase time="2.113" classname="listing_lbl02a_rls" name="LBL02A_RLS_listing_is_produced_correctly"/>
    <testcase time="0.205" classname="listing_lbl02a_rls" name="LBL02A_RLS_listing_is_produced_correctly">
      <skipped message="Reason: On CRAN ('test-listing_lbl02a_rls.R:79:3')"/>
    </testcase>
  </testsuite>
  <testsuite name="listing_lbl02b" timestamp="2024-01-22T20:20:09Z" hostname="fa5b08c40e87" tests="2" skipped="1" failures="0" errors="0" time="0.39">
    <testcase time="0.193" classname="listing_lbl02b" name="LBL02B_listing_is_produced_correctly"/>
    <testcase time="0.196999999999999" classname="listing_lbl02b" name="LBL02B_listing_is_produced_correctly">
      <skipped message="Reason: On CRAN ('test-listing_lbl02b.R:56:3')"/>
    </testcase>
  </testsuite>
  <testsuite name="listing_mhl01" timestamp="2024-01-22T20:20:10Z" hostname="fa5b08c40e87" tests="2" skipped="1" failures="0" errors="0" time="0.261">
    <testcase time="0.0510000000000002" classname="listing_mhl01" name="MHL01_listing_is_produced_correctly"/>
    <testcase time="0.210000000000001" classname="listing_mhl01" name="MHL01_listing_is_produced_correctly">
      <skipped message="Reason: On CRAN ('test-listing_mhl01.R:33:3')"/>
    </testcase>
  </testsuite>
  <testsuite name="listing_oncl01" timestamp="2024-01-22T20:20:10Z" hostname="fa5b08c40e87" tests="1" skipped="1" failures="0" errors="0" time="0.26">
    <testcase time="0.26" classname="listing_oncl01" name="ONCL01_listing_is_produced_correctly">
      <skipped message="Reason: On CRAN ('test-listing_oncl01.R:61:3')"/>
    </testcase>
  </testsuite>
  <testsuite name="listing_pkcl01" timestamp="2024-01-22T20:20:10Z" hostname="fa5b08c40e87" tests="2" skipped="1" failures="0" errors="0" time="0.189">
    <testcase time="0.0510000000000002" classname="listing_pkcl01" name="PKCL01_listing_is_produced_correctly"/>
    <testcase time="0.138" classname="listing_pkcl01" name="PKCL01_listing_is_produced_correctly">
      <skipped message="Reason: On CRAN ('test-listing_pkcl01.R:28:3')"/>
    </testcase>
  </testsuite>
  <testsuite name="listing_pkcl02" timestamp="2024-01-22T20:20:10Z" hostname="fa5b08c40e87" tests="2" skipped="1" failures="0" errors="0" time="0.311">
    <testcase time="0.0700000000000003" classname="listing_pkcl02" name="PKCL02_listing_is_produced_correctly"/>
    <testcase time="0.241" classname="listing_pkcl02" name="PKCL02_listing_is_produced_correctly">
      <skipped message="Reason: On CRAN ('test-listing_pkcl02.R:63:3')"/>
    </testcase>
  </testsuite>
  <testsuite name="listing_pkpl01" timestamp="2024-01-22T20:20:11Z" hostname="fa5b08c40e87" tests="2" skipped="1" failures="0" errors="0" time="0.248">
    <testcase time="0.0519999999999996" classname="listing_pkpl01" name="PKPL01_listing_is_produced_correctly"/>
    <testcase time="0.196" classname="listing_pkpl01" name="PKPL01_listing_is_produced_correctly">
      <skipped message="Reason: On CRAN ('test-listing_pkpl01.R:38:3')"/>
    </testcase>
  </testsuite>
  <testsuite name="listing_pkpl02" timestamp="2024-01-22T20:20:11Z" hostname="fa5b08c40e87" tests="2" skipped="1" failures="0" errors="0" time="0.219">
    <testcase time="0.0700000000000003" classname="listing_pkpl02" name="PKPL02_listing_is_produced_correctly"/>
    <testcase time="0.149000000000001" classname="listing_pkpl02" name="PKPL02_listing_is_produced_correctly">
      <skipped message="Reason: On CRAN ('test-listing_pkpl02.R:35:3')"/>
    </testcase>
  </testsuite>
  <testsuite name="listing_pkpl04" timestamp="2024-01-22T20:20:11Z" hostname="fa5b08c40e87" tests="2" skipped="1" failures="0" errors="0" time="0.22">
    <testcase time="0.0599999999999987" classname="listing_pkpl04" name="PKPL04_listing_is_produced_correctly"/>
    <testcase time="0.16" classname="listing_pkpl04" name="PKPL04_listing_is_produced_correctly">
      <skipped message="Reason: On CRAN ('test-listing_pkpl04.R:50:3')"/>
    </testcase>
  </testsuite>
  <testsuite name="listing_vsl01" timestamp="2024-01-22T20:20:11Z" hostname="fa5b08c40e87" tests="1" skipped="1" failures="0" errors="0" time="0.461">
    <testcase time="0.461000000000002" classname="listing_vsl01" name="VSL01_listing_is_produced_correctly">
      <skipped message="Reason: On CRAN ('test-listing_vsl01.R:83:3')"/>
    </testcase>
  </testsuite>
  <testsuite name="pagination_listing" timestamp="2024-01-22T20:20:12Z" hostname="fa5b08c40e87" tests="13" skipped="0" failures="0" errors="0" time="5.117">
    <testcase time="0.0499999999999972" classname="pagination_listing" name="Direct_pagination_works_fine"/>
    <testcase time="0.508000000000003" classname="pagination_listing" name="Direct_pagination_works_fine"/>
    <testcase time="0.00300000000000011" classname="pagination_listing" name="Direct_pagination_works_fine"/>
    <testcase time="0.437999999999999" classname="pagination_listing" name="Direct_pagination_works_fine"/>
    <testcase time="1.356" classname="pagination_listing" name="Direct_pagination_works_fine"/>
    <testcase time="1.379" classname="pagination_listing" name="pagination_counts_the_right_number_of_lines_when_wrapping_on_keycols_is_present"/>
    <testcase time="0.00700000000000145" classname="pagination_listing" name="pagination_counts_the_right_number_of_lines_when_wrapping_on_keycols_is_present"/>
    <testcase time="0.0069999999999979" classname="pagination_listing" name="pagination_counts_the_right_number_of_lines_when_wrapping_on_keycols_is_present"/>
    <testcase time="0.00400000000000134" classname="pagination_listing" name="pagination_counts_the_right_number_of_lines_when_wrapping_on_keycols_is_present"/>
    <testcase time="1.35" classname="pagination_listing" name="pagination_counts_the_right_number_of_lines_when_wrapping_on_keycols_is_present"/>
    <testcase time="0.00600000000000023" classname="pagination_listing" name="pagination_counts_the_right_number_of_lines_when_wrapping_on_keycols_is_present"/>
    <testcase time="0.00499999999999901" classname="pagination_listing" name="pagination_counts_the_right_number_of_lines_when_wrapping_on_keycols_is_present"/>
    <testcase time="0.00399999999999778" classname="pagination_listing" name="pagination_counts_the_right_number_of_lines_when_wrapping_on_keycols_is_present"/>
  </testsuite>
  <testsuite name="pagination_table" timestamp="2024-01-22T20:20:18Z" hostname="fa5b08c40e87" tests="21" skipped="6" failures="0" errors="0" time="14.715">
    <testcase time="2.281" classname="pagination_table" name="Direct_pagination_with_standard_values"/>
    <testcase time="0.00499999999999901" classname="pagination_table" name="Direct_pagination_with_standard_values"/>
    <testcase time="0.00400000000000134" classname="pagination_table" name="Direct_pagination_with_standard_values"/>
    <testcase time="1.564" classname="pagination_table" name="Pagination_with_specific_column_widths_and_minimum_lines_per_page"/>
    <testcase time="0.00499999999999901" classname="pagination_table" name="Pagination_with_specific_column_widths_and_minimum_lines_per_page"/>
    <testcase time="0.117999999999999" classname="pagination_table" name="Pagination_with_specific_column_widths_and_minimum_lines_per_page">
      <skipped message="Reason: On CRAN ('test-pagination_table.R:76:3')"/>
    </testcase>
    <testcase time="1.241" classname="pagination_table" name="Pagination_works_also_if_table_is_decorated"/>
    <testcase time="0.676000000000002" classname="pagination_table" name="Pagination_works_also_if_table_is_decorated"/>
    <testcase time="1.01" classname="pagination_table" name="Pagination_works_also_if_table_is_decorated"/>
    <testcase time="0.824000000000002" classname="pagination_table" name="Pagination_works_also_if_table_is_decorated"/>
    <testcase time="1.68" classname="pagination_table" name="Pagination_works_also_if_table_is_decorated"/>
    <testcase time="0.364000000000001" classname="pagination_table" name="Pagination_works_also_if_table_is_decorated"/>
    <testcase time="0.00499999999999901" classname="pagination_table" name="Pagination_works_also_if_table_is_decorated"/>
    <testcase time="0.00799999999999912" classname="pagination_table" name="Pagination_works_also_if_table_is_decorated">
      <skipped message="Reason: On CRAN ('test-pagination_table.R:126:3')"/>
    </testcase>
    <testcase time="0.887" classname="pagination_table" name="Pagination_works_for_page_types">
      <skipped message="Reason: On CRAN ('test-pagination_table.R:135:3')"/>
    </testcase>
    <testcase time="0.859000000000002" classname="pagination_table" name="Pagination_works_for_page_width_and_height">
      <skipped message="Reason: On CRAN ('test-pagination_table.R:148:3')"/>
    </testcase>
    <testcase time="0.987000000000002" classname="pagination_table" name="Pagination_works_for_page_types">
      <skipped message="Reason: On CRAN ('test-pagination_table.R:162:3')"/>
    </testcase>
    <testcase time="1.129" classname="pagination_table" name="AET04_variant_2_page_by_pagination_tests"/>
    <testcase time="0.938000000000002" classname="pagination_table" name="AET04_variant_2_page_by_pagination_tests"/>
    <testcase time="0.00199999999999534" classname="pagination_table" name="AET04_variant_2_page_by_pagination_tests"/>
    <testcase time="0.128" classname="pagination_table" name="AET04_variant_2_page_by_pagination_tests">
      <skipped message="Reason: On CRAN ('test-pagination_table.R:217:3')"/>
    </testcase>
  </testsuite>
  <testsuite name="table_adat03" timestamp="2024-01-22T20:20:32Z" hostname="fa5b08c40e87" tests="2" skipped="1" failures="0" errors="0" time="0.635">
    <testcase time="0.530000000000001" classname="table_adat03" name="ADAT03_is_produced_correctly"/>
    <testcase time="0.105000000000004" classname="table_adat03" name="ADAT03_is_produced_correctly">
      <skipped message="Reason: On CRAN ('test-table_adat03.R:72:3')"/>
    </testcase>
  </testsuite>
  <testsuite name="table_aet01" timestamp="2024-01-22T20:20:32Z" hostname="fa5b08c40e87" tests="8" skipped="4" failures="0" errors="0" time="2.084">
    <testcase time="0.478999999999999" classname="table_aet01" name="Safety_Summary_Variant_1_works_as_expected"/>
    <testcase time="0.0989999999999966" classname="table_aet01" name="Safety_Summary_Variant_1_works_as_expected">
      <skipped message="Reason: On CRAN ('test-table_aet01.R:105:3')"/>
    </testcase>
    <testcase time="0.408000000000001" classname="table_aet01" name="Safety_Summary_Variant_2_with_Medical_Concepts_Section_works_as_expected"/>
    <testcase time="0.113999999999997" classname="table_aet01" name="Safety_Summary_Variant_2_with_Medical_Concepts_Section_works_as_expected">
      <skipped message="Reason: On CRAN ('test-table_aet01.R:171:3')"/>
    </testcase>
    <testcase time="0.336000000000006" classname="table_aet01" name="Safety_Summary_Variant_3_with_Modified_Rows_works_as_expected"/>
    <testcase time="0.0749999999999957" classname="table_aet01" name="Safety_Summary_Variant_3_with_Modified_Rows_works_as_expected">
      <skipped message="Reason: On CRAN ('test-table_aet01.R:232:3')"/>
    </testcase>
    <testcase time="0.454000000000001" classname="table_aet01" name="Safety_Summary_Variant_4_with_Rows_Counting_Events_and_Additional_Sections_works_as_expected"/>
    <testcase time="0.119" classname="table_aet01" name="Safety_Summary_Variant_4_with_Rows_Counting_Events_and_Additional_Sections_works_as_expected">
      <skipped message="Reason: On CRAN ('test-table_aet01.R:309:3')"/>
    </testcase>
  </testsuite>
  <testsuite name="table_aet01_aesi" timestamp="2024-01-22T20:20:34Z" hostname="fa5b08c40e87" tests="8" skipped="4" failures="0" errors="0" time="2.966">
    <testcase time="0.341999999999999" classname="table_aet01_aesi" name="AET01_AESI_Variant_1_works_as_expected"/>
    <testcase time="0.0850000000000009" classname="table_aet01_aesi" name="AET01_AESI_Variant_1_works_as_expected">
      <skipped message="Reason: On CRAN ('test-table_aet01_aesi.R:115:3')"/>
    </testcase>
    <testcase time="0.591999999999999" classname="table_aet01_aesi" name="AET01_AESI_Variant_2_works_as_expected"/>
    <testcase time="0.142000000000003" classname="table_aet01_aesi" name="AET01_AESI_Variant_2_works_as_expected">
      <skipped message="Reason: On CRAN ('test-table_aet01_aesi.R:181:3')"/>
    </testcase>
    <testcase time="0.880000000000003" classname="table_aet01_aesi" name="AET01_AESI_Variant_3_works_as_expected"/>
    <testcase time="0.221999999999994" classname="table_aet01_aesi" name="AET01_AESI_Variant_3_works_as_expected">
      <skipped message="Reason: On CRAN ('test-table_aet01_aesi.R:414:3')"/>
    </testcase>
    <testcase time="0.541000000000004" classname="table_aet01_aesi" name="AET01_AESI_Variant_4_works_as_expected"/>
    <testcase time="0.161999999999999" classname="table_aet01_aesi" name="AET01_AESI_Variant_4_works_as_expected">
      <skipped message="Reason: On CRAN ('test-table_aet01_aesi.R:553:3')"/>
    </testcase>
  </testsuite>
  <testsuite name="table_aet02" timestamp="2024-01-22T20:20:37Z" hostname="fa5b08c40e87" tests="24" skipped="12" failures="0" errors="0" time="9.414">
    <testcase time="0.761000000000003" classname="table_aet02" name="AET02_variant_1_is_produced_correctly"/>
    <testcase time="0.195999999999998" classname="table_aet02" name="AET02_variant_1_is_produced_correctly">
      <skipped message="Reason: On CRAN ('test-table_aet02.R:66:3')"/>
    </testcase>
    <testcase time="0.905000000000001" classname="table_aet02" name="AET02_variant_2_is_produced_correctly"/>
    <testcase time="0.189" classname="table_aet02" name="AET02_variant_2_is_produced_correctly">
      <skipped message="Reason: On CRAN ('test-table_aet02.R:126:3')"/>
    </testcase>
    <testcase time="1.02" classname="table_aet02" name="AET02_variant_3_is_produced_correctly"/>
    <testcase time="0.292999999999999" classname="table_aet02" name="AET02_variant_3_is_produced_correctly">
      <skipped message="Reason: On CRAN ('test-table_aet02.R:192:3')"/>
    </testcase>
    <testcase time="0.152000000000001" classname="table_aet02" name="AET02_variant_4_is_produced_correctly"/>
    <testcase time="0.0739999999999981" classname="table_aet02" name="AET02_variant_4_is_produced_correctly">
      <skipped message="Reason: On CRAN ('test-table_aet02.R:217:3')"/>
    </testcase>
    <testcase time="0.566000000000003" classname="table_aet02" name="AET02_variant_5_is_produced_correctly"/>
    <testcase time="0.167000000000002" classname="table_aet02" name="AET02_variant_5_is_produced_correctly">
      <skipped message="Reason: On CRAN ('test-table_aet02.R:264:3')"/>
    </testcase>
    <testcase time="0.548000000000002" classname="table_aet02" name="AET02_variant_6_is_produced_correctly"/>
    <testcase time="0.100999999999999" classname="table_aet02" name="AET02_variant_6_is_produced_correctly">
      <skipped message="Reason: On CRAN ('test-table_aet02.R:311:3')"/>
    </testcase>
    <testcase time="1.001" classname="table_aet02" name="AET02_variant_7_is_produced_correctly"/>
    <testcase time="0.139000000000003" classname="table_aet02" name="AET02_variant_7_is_produced_correctly">
      <skipped message="Reason: On CRAN ('test-table_aet02.R:374:3')"/>
    </testcase>
    <testcase time="0.556999999999995" classname="table_aet02" name="AET02_variant_8_is_produced_correctly"/>
    <testcase time="0.0990000000000038" classname="table_aet02" name="AET02_variant_8_is_produced_correctly">
      <skipped message="Reason: On CRAN ('test-table_aet02.R:421:3')"/>
    </testcase>
    <testcase time="0.555" classname="table_aet02" name="AET02_variant_9_is_produced_correctly"/>
    <testcase time="0.0949999999999989" classname="table_aet02" name="AET02_variant_9_is_produced_correctly">
      <skipped message="Reason: On CRAN ('test-table_aet02.R:468:3')"/>
    </testcase>
    <testcase time="0.558" classname="table_aet02" name="AET02_variant_10_is_produced_correctly"/>
    <testcase time="0.0679999999999978" classname="table_aet02" name="AET02_variant_10_is_produced_correctly">
      <skipped message="Reason: On CRAN ('test-table_aet02.R:515:3')"/>
    </testcase>
    <testcase time="0.635000000000005" classname="table_aet02" name="AET02_variant_11_is_produced_correctly"/>
    <testcase time="0.0919999999999987" classname="table_aet02" name="AET02_variant_11_is_produced_correctly">
      <skipped message="Reason: On CRAN ('test-table_aet02.R:562:3')"/>
    </testcase>
    <testcase time="0.561" classname="table_aet02" name="AET02_variant_12_is_produced_correctly"/>
    <testcase time="0.0820000000000007" classname="table_aet02" name="AET02_variant_12_is_produced_correctly">
      <skipped message="Reason: On CRAN ('test-table_aet02.R:608:3')"/>
    </testcase>
  </testsuite>
  <testsuite name="table_aet02_smq" timestamp="2024-01-22T20:20:47Z" hostname="fa5b08c40e87" tests="4" skipped="2" failures="0" errors="0" time="0.552">
    <testcase time="0.183999999999997" classname="table_aet02_smq" name="AET02SMQ_variant_1_is_produced_correctly"/>
    <testcase time="0.0510000000000019" classname="table_aet02_smq" name="AET02SMQ_variant_1_is_produced_correctly">
      <skipped message="Reason: On CRAN ('test-table_aet02_smq.R:52:3')"/>
    </testcase>
    <testcase time="0.237000000000002" classname="table_aet02_smq" name="AET02SMQ_variant_2_is_produced_correctly"/>
    <testcase time="0.0799999999999983" classname="table_aet02_smq" name="AET02SMQ_variant_2_is_produced_correctly">
      <skipped message="Reason: On CRAN ('test-table_aet02_smq.R:91:3')"/>
    </testcase>
  </testsuite>
  <testsuite name="table_aet03" timestamp="2024-01-22T20:20:47Z" hostname="fa5b08c40e87" tests="2" skipped="1" failures="0" errors="0" time="1.868">
    <testcase time="1.5" classname="table_aet03" name="AET03_variant_1_is_produced_correctly"/>
    <testcase time="0.368000000000002" classname="table_aet03" name="AET03_variant_1_is_produced_correctly">
      <skipped message="Reason: On CRAN ('test-table_aet03.R:77:3')"/>
    </testcase>
  </testsuite>
  <testsuite name="table_aet04" timestamp="2024-01-22T20:20:51Z" hostname="fa5b08c40e87" tests="16" skipped="8" failures="0" errors="0" time="13.937">
    <testcase time="2.156" classname="table_aet04" name="AET04_variant_1_is_produced_correctly"/>
    <testcase time="0.457000000000001" classname="table_aet04" name="AET04_variant_1_is_produced_correctly">
      <skipped message="Reason: On CRAN ('test-table_aet04.R:106:3')"/>
    </testcase>
    <testcase time="1.922" classname="table_aet04" name="AET04_variant_2_is_produced_correctly_Fill_in_of_Treatment_Groups_"/>
    <testcase time="0.418999999999997" classname="table_aet04" name="AET04_variant_2_is_produced_correctly_Fill_in_of_Treatment_Groups_">
      <skipped message="Reason: On CRAN ('test-table_aet04.R:188:3')"/>
    </testcase>
    <testcase time="2.164" classname="table_aet04" name="AET04_variant_3_is_produced_correctly_Fill_in_of_Grades_"/>
    <testcase time="0.763000000000005" classname="table_aet04" name="AET04_variant_3_is_produced_correctly_Fill_in_of_Grades_">
      <skipped message="Reason: On CRAN ('test-table_aet04.R:267:3')"/>
    </testcase>
    <testcase time="1.95099999999999" classname="table_aet04" name="AET04_variant_4_is_produced_correctly_Collapsing_of_Grades_grades_1_2_grades_3_4_5_"/>
    <testcase time="0.409999999999997" classname="table_aet04" name="AET04_variant_4_is_produced_correctly_Collapsing_of_Grades_grades_1_2_grades_3_4_5_">
      <skipped message="Reason: On CRAN ('test-table_aet04.R:352:3')"/>
    </testcase>
    <testcase time="1.98" classname="table_aet04" name="AET04_variant_6_is_produced_correctly_with_an_Incidence_Rate_of_at_Least_5_totals_restricted_"/>
    <testcase time="0.406000000000006" classname="table_aet04" name="AET04_variant_6_is_produced_correctly_with_an_Incidence_Rate_of_at_Least_5_totals_restricted_">
      <skipped message="Reason: On CRAN ('test-table_aet04.R:463:5')"/>
    </testcase>
    <testcase time="0.0259999999999962" classname="table_aet04" name="AET04_variant_8_is_produced_correctly_with_an_Incidence_Rate_of_at_Least_X_Patients_"/>
    <testcase time="0.399000000000001" classname="table_aet04" name="AET04_variant_8_is_produced_correctly_with_an_Incidence_Rate_of_at_Least_X_Patients_">
      <skipped message="Reason: On CRAN ('test-table_aet04.R:484:3')"/>
    </testcase>
    <testcase time="0.0240000000000009" classname="table_aet04" name="AET04_variant_9_is_produced_correctly_with_a_Difference_in_Incidence_Rate_of_at_Least_X_"/>
    <testcase time="0.418999999999997" classname="table_aet04" name="AET04_variant_9_is_produced_correctly_with_a_Difference_in_Incidence_Rate_of_at_Least_X_">
      <skipped message="Reason: On CRAN ('test-table_aet04.R:500:3')"/>
    </testcase>
    <testcase time="0.0330000000000013" classname="table_aet04" name="AET04_variant_11_is_produced_correctly_with_Incidence_Rate_of_at_Least_X_all_SOCs_w_o_preferred_terms_removed_"/>
    <testcase time="0.408000000000001" classname="table_aet04" name="AET04_variant_11_is_produced_correctly_with_Incidence_Rate_of_at_Least_X_all_SOCs_w_o_preferred_terms_removed_">
      <skipped message="Reason: On CRAN ('test-table_aet04.R:522:5')"/>
    </testcase>
  </testsuite>
  <testsuite name="table_aet04_pi" timestamp="2024-01-22T20:21:03Z" hostname="fa5b08c40e87" tests="18" skipped="9" failures="0" errors="0" time="8.562">
    <testcase time="0.804999999999993" classname="table_aet04_pi" name="AET04_PI_full_table_is_produced_correctly"/>
    <testcase time="0.215000000000003" classname="table_aet04_pi" name="AET04_PI_full_table_is_produced_correctly">
      <skipped message="Reason: On CRAN ('test-table_aet04_pi.R:62:3')"/>
    </testcase>
    <testcase time="0.840000000000003" classname="table_aet04_pi" name="AET04_PI_variant_1_is_produced_correctly"/>
    <testcase time="0.158000000000001" classname="table_aet04_pi" name="AET04_PI_variant_1_is_produced_correctly">
      <skipped message="Reason: On CRAN ('test-table_aet04_pi.R:84:3')"/>
    </testcase>
    <testcase time="0.951999999999998" classname="table_aet04_pi" name="AET04_PI_variant_2_is_produced_correctly"/>
    <testcase time="0.0819999999999936" classname="table_aet04_pi" name="AET04_PI_variant_2_is_produced_correctly">
      <skipped message="Reason: On CRAN ('test-table_aet04_pi.R:107:3')"/>
    </testcase>
    <testcase time="0.851000000000013" classname="table_aet04_pi" name="AET04_PI_variant_3_is_produced_correctly"/>
    <testcase time="0.0949999999999989" classname="table_aet04_pi" name="AET04_PI_variant_3_is_produced_correctly">
      <skipped message="Reason: On CRAN ('test-table_aet04_pi.R:130:3')"/>
    </testcase>
    <testcase time="0.856999999999999" classname="table_aet04_pi" name="AET04_PI_variant_4_is_produced_correctly"/>
    <testcase time="0.0630000000000024" classname="table_aet04_pi" name="AET04_PI_variant_4_is_produced_correctly">
      <skipped message="Reason: On CRAN ('test-table_aet04_pi.R:154:3')"/>
    </testcase>
    <testcase time="0.842999999999989" classname="table_aet04_pi" name="AET04_PI_variant_5_is_produced_correctly"/>
    <testcase time="0.13000000000001" classname="table_aet04_pi" name="AET04_PI_variant_5_is_produced_correctly">
      <skipped message="Reason: On CRAN ('test-table_aet04_pi.R:178:3')"/>
    </testcase>
    <testcase time="1.04499999999999" classname="table_aet04_pi" name="AET04_PI_variant_6_is_produced_correctly"/>
    <testcase time="0.124000000000009" classname="table_aet04_pi" name="AET04_PI_variant_6_is_produced_correctly">
      <skipped message="Reason: On CRAN ('test-table_aet04_pi.R:229:3')"/>
    </testcase>
    <testcase time="1.06099999999999" classname="table_aet04_pi" name="AET04_PI_variant_7_is_produced_correctly"/>
    <testcase time="0.125" classname="table_aet04_pi" name="AET04_PI_variant_7_is_produced_correctly">
      <skipped message="Reason: On CRAN ('test-table_aet04_pi.R:280:3')"/>
    </testcase>
    <testcase time="0.179000000000002" classname="table_aet04_pi" name="AET04_PI_variant_8_is_produced_correctly"/>
    <testcase time="0.137" classname="table_aet04_pi" name="AET04_PI_variant_8_is_produced_correctly">
      <skipped message="Reason: On CRAN ('test-table_aet04_pi.R:314:3')"/>
    </testcase>
  </testsuite>
  <testsuite name="table_aet05" timestamp="2024-01-22T20:21:12Z" hostname="fa5b08c40e87" tests="4" skipped="2" failures="0" errors="0" time="0.315">
    <testcase time="0.147000000000006" classname="table_aet05" name="AET05_variant_1_is_produced_correctly"/>
    <testcase time="0.0480000000000018" classname="table_aet05" name="AET05_variant_1_is_produced_correctly">
      <skipped message="Reason: On CRAN ('test-table_aet05.R:25:3')"/>
    </testcase>
    <testcase time="0.0809999999999889" classname="table_aet05" name="AET05_variant_2_is_produced_correctly"/>
    <testcase time="0.0390000000000015" classname="table_aet05" name="AET05_variant_2_is_produced_correctly">
      <skipped message="Reason: On CRAN ('test-table_aet05.R:40:3')"/>
    </testcase>
  </testsuite>
  <testsuite name="table_aet05_all" timestamp="2024-01-22T20:21:12Z" hostname="fa5b08c40e87" tests="4" skipped="2" failures="0" errors="0" time="0.293">
    <testcase time="0.14500000000001" classname="table_aet05_all" name="AET05_ALL_variant_1_is_produced_correctly"/>
    <testcase time="0.0389999999999873" classname="table_aet05_all" name="AET05_ALL_variant_1_is_produced_correctly">
      <skipped message="Reason: On CRAN ('test-table_aet05_all.R:32:3')"/>
    </testcase>
    <testcase time="0.0680000000000121" classname="table_aet05_all" name="AET05_ALL_variant_2_is_produced_correctly"/>
    <testcase time="0.0409999999999968" classname="table_aet05_all" name="AET05_ALL_variant_2_is_produced_correctly">
      <skipped message="Reason: On CRAN ('test-table_aet05_all.R:47:3')"/>
    </testcase>
  </testsuite>
  <testsuite name="table_aet06" timestamp="2024-01-22T20:21:12Z" hostname="fa5b08c40e87" tests="6" skipped="3" failures="0" errors="0" time="5.357">
    <testcase time="0.968000000000004" classname="table_aet06" name="AET06_variant_1_is_produced_correctly"/>
    <testcase time="0.230999999999995" classname="table_aet06" name="AET06_variant_1_is_produced_correctly">
      <skipped message="Reason: On CRAN ('test-table_aet06.R:81:3')"/>
    </testcase>
    <testcase time="1.673" classname="table_aet06" name="AET06_variant_3_is_produced_correctly"/>
    <testcase time="0.356999999999999" classname="table_aet06" name="AET06_variant_3_is_produced_correctly">
      <skipped message="Reason: On CRAN ('test-table_aet06.R:133:3')"/>
    </testcase>
    <testcase time="1.72" classname="table_aet06" name="AET06_variant_5_is_produced_correctly"/>
    <testcase time="0.408000000000001" classname="table_aet06" name="AET06_variant_5_is_produced_correctly">
      <skipped message="Reason: On CRAN ('test-table_aet06.R:177:3')"/>
    </testcase>
  </testsuite>
  <testsuite name="table_aet06_smq" timestamp="2024-01-22T20:21:18Z" hostname="fa5b08c40e87" tests="4" skipped="2" failures="0" errors="0" time="1.742">
    <testcase time="0.613" classname="table_aet06_smq" name="AET06_SMQ_variant_1_is_produced_correctly"/>
    <testcase time="0.384" classname="table_aet06_smq" name="AET06_SMQ_variant_1_is_produced_correctly">
      <skipped message="Reason: On CRAN ('test-table_aet06_smq.R:73:3')"/>
    </testcase>
    <testcase time="0.564999999999998" classname="table_aet06_smq" name="AET06_SMQ_variant_2_is_produced_correctly"/>
    <testcase time="0.180000000000007" classname="table_aet06_smq" name="AET06_SMQ_variant_2_is_produced_correctly">
      <skipped message="Reason: On CRAN ('test-table_aet06_smq.R:160:3')"/>
    </testcase>
  </testsuite>
  <testsuite name="table_aet07" timestamp="2024-01-22T20:21:19Z" hostname="fa5b08c40e87" tests="4" skipped="2" failures="0" errors="0" time="0.28">
    <testcase time="0.0949999999999989" classname="table_aet07" name="AET07_variant_1_is_produced_correctly"/>
    <testcase time="0.0330000000000013" classname="table_aet07" name="AET07_variant_1_is_produced_correctly">
      <skipped message="Reason: On CRAN ('test-table_aet07.R:49:3')"/>
    </testcase>
    <testcase time="0.11399999999999" classname="table_aet07" name="AET07_variant_2_is_produced_correctly"/>
    <testcase time="0.0380000000000109" classname="table_aet07" name="AET07_variant_2_is_produced_correctly">
      <skipped message="Reason: On CRAN ('test-table_aet07.R:78:3')"/>
    </testcase>
  </testsuite>
  <testsuite name="table_aet09" timestamp="2024-01-22T20:21:20Z" hostname="fa5b08c40e87" tests="4" skipped="2" failures="0" errors="0" time="1.408">
    <testcase time="0.489999999999995" classname="table_aet09" name="AET09_variant_1_is_produced_correctly_AE_related_to_study_drug"/>
    <testcase time="0.125" classname="table_aet09" name="AET09_variant_1_is_produced_correctly_AE_related_to_study_drug">
      <skipped message="Reason: On CRAN ('test-table_aet09.R:43:3')"/>
    </testcase>
    <testcase time="0.614999999999995" classname="table_aet09" name="AET09_variant_2_is_produced_correctly_AE_related_to_study_drug_including_high_level_terms_"/>
    <testcase time="0.177999999999997" classname="table_aet09" name="AET09_variant_2_is_produced_correctly_AE_related_to_study_drug_including_high_level_terms_">
      <skipped message="Reason: On CRAN ('test-table_aet09.R:100:3')"/>
    </testcase>
  </testsuite>
  <testsuite name="table_aet09_smq" timestamp="2024-01-22T20:21:21Z" hostname="fa5b08c40e87" tests="4" skipped="2" failures="0" errors="0" time="0.619">
    <testcase time="0.174000000000007" classname="table_aet09_smq" name="AET09_variant_1_AEs_related_to_study_drug_by_SMQ_is_produced_correctly"/>
    <testcase time="0.0529999999999973" classname="table_aet09_smq" name="AET09_variant_1_AEs_related_to_study_drug_by_SMQ_is_produced_correctly">
      <skipped message="Reason: On CRAN ('test-table_aet09_smq.R:69:3')"/>
    </testcase>
    <testcase time="0.305999999999997" classname="table_aet09_smq" name="AET09_variant_2_AEs_related_to_study_drug_by_SMQ_with_customized_queries_is_produced_correctly"/>
    <testcase time="0.0859999999999985" classname="table_aet09_smq" name="AET09_variant_2_AEs_related_to_study_drug_by_SMQ_with_customized_queries_is_produced_correctly">
      <skipped message="Reason: On CRAN ('test-table_aet09_smq.R:128:5')"/>
    </testcase>
  </testsuite>
  <testsuite name="table_aet10" timestamp="2024-01-22T20:21:22Z" hostname="fa5b08c40e87" tests="2" skipped="1" failures="0" errors="0" time="0.17">
    <testcase time="0.123999999999995" classname="table_aet10" name="AET10_default_variant_is_produced_correctly"/>
    <testcase time="0.0460000000000065" classname="table_aet10" name="AET10_default_variant_is_produced_correctly">
      <skipped message="Reason: On CRAN ('test-table_aet10.R:23:3')"/>
    </testcase>
  </testsuite>
  <testsuite name="table_aovt01" timestamp="2024-01-22T20:21:22Z" hostname="fa5b08c40e87" tests="4" skipped="2" failures="0" errors="0" time="1.339">
    <testcase time="0.382999999999996" classname="table_aovt01" name="AOVT01_variant_with_single_endpoint_is_produced_correctly"/>
    <testcase time="0.0739999999999981" classname="table_aovt01" name="AOVT01_variant_with_single_endpoint_is_produced_correctly">
      <skipped message="Reason: On CRAN ('test-table_aovt01.R:33:3')"/>
    </testcase>
    <testcase time="0.730000000000004" classname="table_aovt01" name="AOVT01_variant_with_multiple_endpoints_is_produced_correctly"/>
    <testcase time="0.152000000000001" classname="table_aovt01" name="AOVT01_variant_with_multiple_endpoints_is_produced_correctly">
      <skipped message="Reason: On CRAN ('test-table_aovt01.R:52:3')"/>
    </testcase>
  </testsuite>
  <testsuite name="table_aovt02" timestamp="2024-01-22T20:21:23Z" hostname="fa5b08c40e87" tests="2" skipped="1" failures="0" errors="0" time="0.444">
    <testcase time="0.378" classname="table_aovt02" name="AOVT02_is_produced_correctly"/>
    <testcase time="0.0660000000000025" classname="table_aovt02" name="AOVT02_is_produced_correctly">
      <skipped message="Reason: On CRAN ('test-table_aovt02.R:42:3')"/>
    </testcase>
  </testsuite>
  <testsuite name="table_aovt03" timestamp="2024-01-22T20:21:24Z" hostname="fa5b08c40e87" tests="2" skipped="1" failures="0" errors="0" time="1.032">
    <testcase time="0.867000000000004" classname="table_aovt03" name="AOVT03_is_produced_correctly"/>
    <testcase time="0.164999999999992" classname="table_aovt03" name="AOVT03_is_produced_correctly">
      <skipped message="Reason: On CRAN ('test-table_aovt03.R:44:3')"/>
    </testcase>
  </testsuite>
  <testsuite name="table_cfbt01" timestamp="2024-01-22T20:21:25Z" hostname="fa5b08c40e87" tests="2" skipped="1" failures="0" errors="0" time="0.73">
    <testcase time="0.531000000000006" classname="table_cfbt01" name="CFBT01_default_variant_is_produced_correctly"/>
    <testcase time="0.199000000000012" classname="table_cfbt01" name="CFBT01_default_variant_is_produced_correctly">
      <skipped message="Reason: On CRAN ('test-table_cfbt01.R:64:3')"/>
    </testcase>
  </testsuite>
  <testsuite name="table_cmht01" timestamp="2024-01-22T20:21:25Z" hostname="fa5b08c40e87" tests="4" skipped="2" failures="0" errors="0" time="2.11">
    <testcase time="0.500999999999991" classname="table_cmht01" name="CMHT01_variant_1_is_produced_correctly"/>
    <testcase time="0.0690000000000026" classname="table_cmht01" name="CMHT01_variant_1_is_produced_correctly">
      <skipped message="Reason: On CRAN ('test-table_cmht01.R:54:3')"/>
    </testcase>
    <testcase time="1.26300000000001" classname="table_cmht01" name="CMHT01_variant_2_is_produced_correctly"/>
    <testcase time="0.277000000000001" classname="table_cmht01" name="CMHT01_variant_2_is_produced_correctly">
      <skipped message="Reason: On CRAN ('test-table_cmht01.R:114:3')"/>
    </testcase>
  </testsuite>
  <testsuite name="table_cmt01" timestamp="2024-01-22T20:21:27Z" hostname="fa5b08c40e87" tests="8" skipped="4" failures="0" errors="0" time="1.723">
    <testcase time="0.36099999999999" classname="table_cmt01" name="CMT01_default_variant_Concomitant_medications_is_produced_correctly"/>
    <testcase time="0.115000000000009" classname="table_cmt01" name="CMT01_default_variant_Concomitant_medications_is_produced_correctly">
      <skipped message="Reason: On CRAN ('test-table_cmt01.R:36:3')"/>
    </testcase>
    <testcase time="0.268000000000001" classname="table_cmt01" name="CMT01_variant_1_prior_medications_is_produced_correctly"/>
    <testcase time="0.0759999999999934" classname="table_cmt01" name="CMT01_variant_1_prior_medications_is_produced_correctly">
      <skipped message="Reason: On CRAN ('test-table_cmt01.R:71:3')"/>
    </testcase>
    <testcase time="0.340000000000003" classname="table_cmt01" name="CMT01_variant_3_Concomitant_medications_is_produced_correctly"/>
    <testcase time="0.103999999999999" classname="table_cmt01" name="CMT01_variant_3_Concomitant_medications_is_produced_correctly">
      <skipped message="Reason: On CRAN ('test-table_cmt01.R:104:3')"/>
    </testcase>
    <testcase time="0.355000000000004" classname="table_cmt01" name="CMT01_variant_4_Concomitant_medications_is_produced_correctly"/>
    <testcase time="0.103999999999999" classname="table_cmt01" name="CMT01_variant_4_Concomitant_medications_is_produced_correctly">
      <skipped message="Reason: On CRAN ('test-table_cmt01.R:135:3')"/>
    </testcase>
  </testsuite>
  <testsuite name="table_cmt01a" timestamp="2024-01-22T20:21:29Z" hostname="fa5b08c40e87" tests="8" skipped="4" failures="0" errors="0" time="3.567">
    <testcase time="0.748999999999995" classname="table_cmt01a" name="CMT01A_variant_1_is_produced_correctly"/>
    <testcase time="0.198999999999998" classname="table_cmt01a" name="CMT01A_variant_1_is_produced_correctly">
      <skipped message="Reason: On CRAN ('test-table_cmt01a.R:59:3')"/>
    </testcase>
    <testcase time="0.676000000000002" classname="table_cmt01a" name="CMT01A_variant_2_is_produced_correctly"/>
    <testcase time="0.209000000000003" classname="table_cmt01a" name="CMT01A_variant_2_is_produced_correctly">
      <skipped message="Reason: On CRAN ('test-table_cmt01a.R:105:3')"/>
    </testcase>
    <testcase time="0.701999999999998" classname="table_cmt01a" name="CMT01A_variant_3_is_produced_correctly"/>
    <testcase time="0.191000000000003" classname="table_cmt01a" name="CMT01A_variant_3_is_produced_correctly">
      <skipped message="Reason: On CRAN ('test-table_cmt01a.R:148:3')"/>
    </testcase>
    <testcase time="0.676999999999992" classname="table_cmt01a" name="CMT01A_variant_4_is_produced_correctly"/>
    <testcase time="0.164000000000001" classname="table_cmt01a" name="CMT01A_variant_4_is_produced_correctly">
      <skipped message="Reason: On CRAN ('test-table_cmt01a.R:193:3')"/>
    </testcase>
  </testsuite>
  <testsuite name="table_cmt01b" timestamp="2024-01-22T20:21:33Z" hostname="fa5b08c40e87" tests="6" skipped="3" failures="0" errors="0" time="4.112">
    <testcase time="1.143" classname="table_cmt01b" name="CMT01B_variant_1_is_produced_correctly"/>
    <testcase time="0.302000000000007" classname="table_cmt01b" name="CMT01B_variant_1_is_produced_correctly">
      <skipped message="Reason: On CRAN ('test-table_cmt01b.R:88:3')"/>
    </testcase>
    <testcase time="0.824999999999989" classname="table_cmt01b" name="CMT01B_variant_2_is_produced_correctly"/>
    <testcase time="0.248000000000005" classname="table_cmt01b" name="CMT01B_variant_2_is_produced_correctly">
      <skipped message="Reason: On CRAN ('test-table_cmt01b.R:146:3')"/>
    </testcase>
    <testcase time="1.25700000000001" classname="table_cmt01b" name="CMT01B_variant_4_is_produced_correctly"/>
    <testcase time="0.337000000000003" classname="table_cmt01b" name="CMT01B_variant_4_is_produced_correctly">
      <skipped message="Reason: On CRAN ('test-table_cmt01b.R:219:3')"/>
    </testcase>
  </testsuite>
  <testsuite name="table_cmt02_pt" timestamp="2024-01-22T20:21:37Z" hostname="fa5b08c40e87" tests="2" skipped="1" failures="0" errors="0" time="0.309">
    <testcase time="0.239999999999995" classname="table_cmt02_pt" name="CMT02_PT_default_variant_is_produced_correctly"/>
    <testcase time="0.0690000000000026" classname="table_cmt02_pt" name="CMT02_PT_default_variant_is_produced_correctly">
      <skipped message="Reason: On CRAN ('test-table_cmt02_pt.R:42:3')"/>
    </testcase>
  </testsuite>
  <testsuite name="table_coxt01" timestamp="2024-01-22T20:21:37Z" hostname="fa5b08c40e87" tests="8" skipped="4" failures="0" errors="0" time="2.153">
    <testcase time="0.35799999999999" classname="table_coxt01" name="1._Cox_Regression"/>
    <testcase time="0.0650000000000119" classname="table_coxt01" name="1._Cox_Regression">
      <skipped message="Reason: On CRAN ('test-table_coxt01.R:31:3')"/>
    </testcase>
    <testcase time="0.466999999999999" classname="table_coxt01" name="2._Cox_Regression_with_Interaction_Term_"/>
    <testcase time="0.0949999999999989" classname="table_coxt01" name="2._Cox_Regression_with_Interaction_Term_">
      <skipped message="Reason: On CRAN ('test-table_coxt01.R:50:3')"/>
    </testcase>
    <testcase time="0.489000000000004" classname="table_coxt01" name="3._Cox_Regression_specifying_covariates_"/>
    <testcase time="0.0970000000000084" classname="table_coxt01" name="3._Cox_Regression_specifying_covariates_">
      <skipped message="Reason: On CRAN ('test-table_coxt01.R:71:3')"/>
    </testcase>
    <testcase time="0.492999999999995" classname="table_coxt01" name="4._Cox_Regression_setting_strata_ties_and_alpha_level_"/>
    <testcase time="0.0889999999999986" classname="table_coxt01" name="4._Cox_Regression_setting_strata_ties_and_alpha_level_">
      <skipped message="Reason: On CRAN ('test-table_coxt01.R:97:3')"/>
    </testcase>
  </testsuite>
  <testsuite name="table_coxt02" timestamp="2024-01-22T20:21:39Z" hostname="fa5b08c40e87" tests="4" skipped="2" failures="0" errors="0" time="0.812">
    <testcase time="0.369" classname="table_coxt02" name="COXT02_default_variant_1_is_produced_correctly"/>
    <testcase time="0.0669999999999931" classname="table_coxt02" name="COXT02_default_variant_1_is_produced_correctly">
      <skipped message="Reason: On CRAN ('test-table_coxt02.R:30:3')"/>
    </testcase>
    <testcase time="0.323999999999998" classname="table_coxt02" name="COXT02_variant_5_is_produced_correctly"/>
    <testcase time="0.0520000000000067" classname="table_coxt02" name="COXT02_variant_5_is_produced_correctly">
      <skipped message="Reason: On CRAN ('test-table_coxt02.R:48:3')"/>
    </testcase>
  </testsuite>
  <testsuite name="table_disclosures" timestamp="2024-01-22T20:21:40Z" hostname="fa5b08c40e87" tests="12" skipped="6" failures="0" errors="0" time="2.454">
    <testcase time="0.248999999999995" classname="table_disclosures" name="Patient_Disposition_table_is_produced_correctly"/>
    <testcase time="0.0730000000000075" classname="table_disclosures" name="Patient_Disposition_table_is_produced_correctly">
      <skipped message="Reason: On CRAN ('test-table_disclosures.R:110:3')"/>
    </testcase>
    <testcase time="0.280000000000001" classname="table_disclosures" name="Demographic_table_is_produced_correctly"/>
    <testcase time="0.158999999999992" classname="table_disclosures" name="Demographic_table_is_produced_correctly">
      <skipped message="Reason: On CRAN ('test-table_disclosures.R:131:3')"/>
    </testcase>
    <testcase time="0.102000000000004" classname="table_disclosures" name="Enrollment_by_Country_Table_is_produced_correctly"/>
    <testcase time="0.0930000000000035" classname="table_disclosures" name="Enrollment_by_Country_Table_is_produced_correctly">
      <skipped message="Reason: On CRAN ('test-table_disclosures.R:143:3')"/>
    </testcase>
    <testcase time="0.0879999999999939" classname="table_disclosures" name="Death_table_is_produced_correctly"/>
    <testcase time="0.0480000000000018" classname="table_disclosures" name="Death_table_is_produced_correctly">
      <skipped message="Reason: On CRAN ('test-table_disclosures.R:161:3')"/>
    </testcase>
    <testcase time="0.420999999999992" classname="table_disclosures" name="Table_of_Serious_Adverse_Events_is_produced_correctly_for_one_specific_treatment_arm_"/>
    <testcase time="0.0900000000000034" classname="table_disclosures" name="Table_of_Serious_Adverse_Events_is_produced_correctly_for_one_specific_treatment_arm_">
      <skipped message="Reason: On CRAN ('test-table_disclosures.R:189:3')"/>
    </testcase>
    <testcase time="0.736000000000004" classname="table_disclosures" name="Table_of_Non_Serious_Adverse_Events_is_produced_correctly"/>
    <testcase time="0.114999999999995" classname="table_disclosures" name="Table_of_Non_Serious_Adverse_Events_is_produced_correctly">
      <skipped message="Reason: On CRAN ('test-table_disclosures.R:211:3')"/>
    </testcase>
  </testsuite>
  <testsuite name="table_dmt01" timestamp="2024-01-22T20:21:45Z" hostname="fa5b08c40e87" tests="10" skipped="5" failures="0" errors="0" time="4.779">
    <testcase time="3.054" classname="table_dmt01" name="DMT01_variant_1_is_produced_correctly"/>
    <testcase time="0.170000000000002" classname="table_dmt01" name="DMT01_variant_1_is_produced_correctly">
      <skipped message="Reason: On CRAN ('test-table_dmt01.R:90:3')"/>
    </testcase>
    <testcase time="0.265000000000001" classname="table_dmt01" name="DMT01_variant_2_is_produced_correctly"/>
    <testcase time="0.153999999999996" classname="table_dmt01" name="DMT01_variant_2_is_produced_correctly">
      <skipped message="Reason: On CRAN ('test-table_dmt01.R:113:3')"/>
    </testcase>
    <testcase time="0.296000000000006" classname="table_dmt01" name="DMT01_variant_3_is_produced_correctly"/>
    <testcase time="0.160000000000011" classname="table_dmt01" name="DMT01_variant_3_is_produced_correctly">
      <skipped message="Reason: On CRAN ('test-table_dmt01.R:132:3')"/>
    </testcase>
    <testcase time="0.234999999999999" classname="table_dmt01" name="DMT01_variant_4_is_produced_correctly"/>
    <testcase time="0.134999999999991" classname="table_dmt01" name="DMT01_variant_4_is_produced_correctly">
      <skipped message="Reason: On CRAN ('test-table_dmt01.R:151:3')"/>
    </testcase>
    <testcase time="0.194000000000003" classname="table_dmt01" name="DMT01_variant_5_is_produced_correctly"/>
    <testcase time="0.116" classname="table_dmt01" name="DMT01_variant_5_is_produced_correctly">
      <skipped message="Reason: On CRAN ('test-table_dmt01.R:169:3')"/>
    </testcase>
  </testsuite>
  <testsuite name="table_dort01" timestamp="2024-01-22T20:21:47Z" hostname="fa5b08c40e87" tests="8" skipped="4" failures="0" errors="0" time="1.671">
    <testcase time="0.334000000000003" classname="table_dort01" name="DORT01_variant_1_is_produced_correctly"/>
    <testcase time="0.0919999999999987" classname="table_dort01" name="DORT01_variant_1_is_produced_correctly">
      <skipped message="Reason: On CRAN ('test-table_dort01.R:78:3')"/>
    </testcase>
    <testcase time="0.340000000000003" classname="table_dort01" name="DORT01_variant_2_selecting_sectons_is_produced_correctly"/>
    <testcase time="0.0919999999999987" classname="table_dort01" name="DORT01_variant_2_selecting_sectons_is_produced_correctly">
      <skipped message="Reason: On CRAN ('test-table_dort01.R:134:3')"/>
    </testcase>
    <testcase time="0.328999999999994" classname="table_dort01" name="DORT01_variant_3_modifying_conftype_and_alpha_level_is_produced_correctly"/>
    <testcase time="0.0840000000000032" classname="table_dort01" name="DORT01_variant_3_modifying_conftype_and_alpha_level_is_produced_correctly">
      <skipped message="Reason: On CRAN ('test-table_dort01.R:190:3')"/>
    </testcase>
    <testcase time="0.316000000000003" classname="table_dort01" name="DORT01_variant_4_modifying_time_point_for_the_xx_duration_is_produced_correctly"/>
    <testcase time="0.0840000000000032" classname="table_dort01" name="DORT01_variant_4_modifying_time_point_for_the_xx_duration_is_produced_correctly">
      <skipped message="Reason: On CRAN ('test-table_dort01.R:244:3')"/>
    </testcase>
  </testsuite>
  <testsuite name="table_dst01" timestamp="2024-01-22T20:21:49Z" hostname="fa5b08c40e87" tests="4" skipped="2" failures="0" errors="0" time="0.593">
    <testcase time="0.159999999999997" classname="table_dst01" name="DST01_default_variant_is_produced_correctly"/>
    <testcase time="0.0849999999999937" classname="table_dst01" name="DST01_default_variant_is_produced_correctly">
      <skipped message="Reason: On CRAN ('test-table_dst01.R:44:3')"/>
    </testcase>
    <testcase time="0.25500000000001" classname="table_dst01" name="DST01_variants_2_and_3_are_produced_correctly"/>
    <testcase time="0.0929999999999893" classname="table_dst01" name="DST01_variants_2_and_3_are_produced_correctly">
      <skipped message="Reason: On CRAN ('test-table_dst01.R:69:3')"/>
    </testcase>
  </testsuite>
  <testsuite name="table_dtht01" timestamp="2024-01-22T20:21:50Z" hostname="fa5b08c40e87" tests="8" skipped="4" failures="0" errors="0" time="1.237">
    <testcase time="0.140000000000001" classname="table_dtht01" name="DTHT01_variant_1_is_produced_correctly"/>
    <testcase time="0.0530000000000115" classname="table_dtht01" name="DTHT01_variant_1_is_produced_correctly">
      <skipped message="Reason: On CRAN ('test-table_dtht01.R:23:3')"/>
    </testcase>
    <testcase time="0.316999999999993" classname="table_dtht01" name="DTHT01_variant_2_is_produced_correctly"/>
    <testcase time="0.152000000000001" classname="table_dtht01" name="DTHT01_variant_2_is_produced_correctly">
      <skipped message="Reason: On CRAN ('test-table_dtht01.R:60:3')"/>
    </testcase>
    <testcase time="0.189999999999998" classname="table_dtht01" name="DTHT01_variant_3_is_produced_correctly"/>
    <testcase time="0.0640000000000072" classname="table_dtht01" name="DTHT01_variant_3_is_produced_correctly">
      <skipped message="Reason: On CRAN ('test-table_dtht01.R:104:3')"/>
    </testcase>
    <testcase time="0.23599999999999" classname="table_dtht01" name="DTHT01_variant_4_is_produced_correctly"/>
    <testcase time="0.085000000000008" classname="table_dtht01" name="DTHT01_variant_4_is_produced_correctly">
      <skipped message="Reason: On CRAN ('test-table_dtht01.R:158:3')"/>
    </testcase>
  </testsuite>
  <testsuite name="table_egt01" timestamp="2024-01-22T20:21:51Z" hostname="fa5b08c40e87" tests="2" skipped="1" failures="0" errors="0" time="1.887">
    <testcase time="1.32899999999999" classname="table_egt01" name="EGT01_default_variant_is_produced_correctly"/>
    <testcase time="0.558000000000007" classname="table_egt01" name="EGT01_default_variant_is_produced_correctly">
      <skipped message="Reason: On CRAN ('test-table_egt01.R:54:3')"/>
    </testcase>
  </testsuite>
  <testsuite name="table_egt02" timestamp="2024-01-22T20:21:53Z" hostname="fa5b08c40e87" tests="4" skipped="2" failures="0" errors="0" time="0.639">
    <testcase time="0.328999999999994" classname="table_egt02" name="_EGT02_1._Regardless_of_Abnormality_at_Baseline"/>
    <testcase time="0.0720000000000027" classname="table_egt02" name="_EGT02_1._Regardless_of_Abnormality_at_Baseline">
      <skipped message="Reason: On CRAN ('test-table_egt02.R:35:3')"/>
    </testcase>
    <testcase time="0.179000000000002" classname="table_egt02" name="_EGT02_2._Among_Subjects_Without_Abnormality_at_Baseline"/>
    <testcase time="0.0589999999999975" classname="table_egt02" name="_EGT02_2._Among_Subjects_Without_Abnormality_at_Baseline">
      <skipped message="Reason: On CRAN ('test-table_egt02.R:55:3')"/>
    </testcase>
  </testsuite>
  <testsuite name="table_egt03" timestamp="2024-01-22T20:21:53Z" hostname="fa5b08c40e87" tests="8" skipped="4" failures="0" errors="0" time="1.458">
    <testcase time="0.277000000000001" classname="table_egt03" name="EGT03_variant_1_is_produced_correctly"/>
    <testcase time="0.105000000000004" classname="table_egt03" name="EGT03_variant_1_is_produced_correctly">
      <skipped message="Reason: On CRAN ('test-table_egt03.R:50:3')"/>
    </testcase>
    <testcase time="0.238" classname="table_egt03" name="EGT03_variant_2_is_produced_correctly"/>
    <testcase time="0.0960000000000036" classname="table_egt03" name="EGT03_variant_2_is_produced_correctly">
      <skipped message="Reason: On CRAN ('test-table_egt03.R:91:3')"/>
    </testcase>
    <testcase time="0.25800000000001" classname="table_egt03" name="EGT03_variant_3_is_produced_correctly"/>
    <testcase time="0.103999999999999" classname="table_egt03" name="EGT03_variant_3_is_produced_correctly">
      <skipped message="Reason: On CRAN ('test-table_egt03.R:132:3')"/>
    </testcase>
    <testcase time="0.262" classname="table_egt03" name="EGT03_variant_4_is_produced_correctly"/>
    <testcase time="0.117999999999995" classname="table_egt03" name="EGT03_variant_4_is_produced_correctly">
      <skipped message="Reason: On CRAN ('test-table_egt03.R:179:3')"/>
    </testcase>
  </testsuite>
  <testsuite name="table_egt04" timestamp="2024-01-22T20:21:55Z" hostname="fa5b08c40e87" tests="2" skipped="1" failures="0" errors="0" time="0.299">
    <testcase time="0.227000000000004" classname="table_egt04" name="EGT04_default_variant_is_produced_correctly"/>
    <testcase time="0.0719999999999885" classname="table_egt04" name="EGT04_default_variant_is_produced_correctly">
      <skipped message="Reason: On CRAN ('test-table_egt04.R:51:3')"/>
    </testcase>
  </testsuite>
  <testsuite name="table_egt05_qtcat" timestamp="2024-01-22T20:21:55Z" hostname="fa5b08c40e87" tests="2" skipped="1" failures="0" errors="0" time="1.028">
    <testcase time="0.703000000000003" classname="table_egt05_qtcat" name="EGT05_QTCAT_default_variant_is_produced_correctly"/>
    <testcase time="0.325000000000003" classname="table_egt05_qtcat" name="EGT05_QTCAT_default_variant_is_produced_correctly">
      <skipped message="Reason: On CRAN ('test-table_egt05_qtcat.R:83:3')"/>
    </testcase>
  </testsuite>
  <testsuite name="table_ent" timestamp="2024-01-22T20:21:56Z" hostname="fa5b08c40e87" tests="8" skipped="4" failures="0" errors="0" time="17.978">
    <testcase time="4.75" classname="table_ent" name="ENT01_IT_is_produced_correctly"/>
    <testcase time="0.703999999999994" classname="table_ent" name="ENT01_IT_is_produced_correctly">
      <skipped message="Reason: On CRAN ('test-table_ent.R:24:3')"/>
    </testcase>
    <testcase time="3.22700000000002" classname="table_ent" name="ENT01a_IT_is_produced_correctly"/>
    <testcase time="0.867999999999995" classname="table_ent" name="ENT01a_IT_is_produced_correctly">
      <skipped message="Reason: On CRAN ('test-table_ent.R:40:3')"/>
    </testcase>
    <testcase time="4.316" classname="table_ent" name="ENT02_IT_is_produced_correctly"/>
    <testcase time="0.625" classname="table_ent" name="ENT02_IT_is_produced_correctly">
      <skipped message="Reason: On CRAN ('test-table_ent.R:61:3')"/>
    </testcase>
    <testcase time="2.88399999999999" classname="table_ent" name="ENT02a_IT_is_produced_correctly"/>
    <testcase time="0.604000000000013" classname="table_ent" name="ENT02a_IT_is_produced_correctly">
      <skipped message="Reason: On CRAN ('test-table_ent.R:79:3')"/>
    </testcase>
  </testsuite>
  <testsuite name="table_eudrat01" timestamp="2024-01-22T20:22:14Z" hostname="fa5b08c40e87" tests="2" skipped="1" failures="0" errors="0" time="0.676">
    <testcase time="0.576999999999998" classname="table_eudrat01" name="EUDRAT01_is_produced_correctly"/>
    <testcase time="0.0989999999999895" classname="table_eudrat01" name="EUDRAT01_is_produced_correctly">
      <skipped message="Reason: On CRAN ('test-table_eudrat01.R:77:3')"/>
    </testcase>
  </testsuite>
  <testsuite name="table_eudrat02" timestamp="2024-01-22T20:22:15Z" hostname="fa5b08c40e87" tests="2" skipped="1" failures="0" errors="0" time="0.525">
    <testcase time="0.455000000000013" classname="table_eudrat02" name="EUDRAT02_is_produced_correctly"/>
    <testcase time="0.0699999999999932" classname="table_eudrat02" name="EUDRAT02_is_produced_correctly">
      <skipped message="Reason: On CRAN ('test-table_eudrat02.R:44:3')"/>
    </testcase>
  </testsuite>
  <testsuite name="table_ext01" timestamp="2024-01-22T20:22:15Z" hostname="fa5b08c40e87" tests="6" skipped="3" failures="0" errors="0" time="1.839">
    <testcase time="0.444999999999993" classname="table_ext01" name="EXT01_default_variant_with_numeric_parameters_is_produced_correctly"/>
    <testcase time="0.201999999999998" classname="table_ext01" name="EXT01_default_variant_with_numeric_parameters_is_produced_correctly">
      <skipped message="Reason: On CRAN ('test-table_ext01.R:71:3')"/>
    </testcase>
    <testcase time="0.332999999999998" classname="table_ext01" name="EXT01_variant_with_both_numeric_and_categorical_parameters"/>
    <testcase time="0.191000000000003" classname="table_ext01" name="EXT01_variant_with_both_numeric_and_categorical_parameters">
      <skipped message="Reason: On CRAN ('test-table_ext01.R:115:3')"/>
    </testcase>
    <testcase time="0.420000000000016" classname="table_ext01" name="EXT01_variant_with_user_specified_categories_for_missed_doses"/>
    <testcase time="0.24799999999999" classname="table_ext01" name="EXT01_variant_with_user_specified_categories_for_missed_doses">
      <skipped message="Reason: On CRAN ('test-table_ext01.R:164:3')"/>
    </testcase>
  </testsuite>
  <testsuite name="table_lbt01" timestamp="2024-01-22T20:22:19Z" hostname="fa5b08c40e87" tests="2" skipped="1" failures="0" errors="0" time="3.322">
    <testcase time="2.78700000000001" classname="table_lbt01" name="LBT01_default_variant_is_produced_correctly"/>
    <testcase time="0.534999999999997" classname="table_lbt01" name="LBT01_default_variant_is_produced_correctly">
      <skipped message="Reason: On CRAN ('test-table_lbt01.R:55:3')"/>
    </testcase>
  </testsuite>
  <testsuite name="table_lbt02" timestamp="2024-01-22T20:22:21Z" hostname="fa5b08c40e87" tests="2" skipped="1" failures="0" errors="0" time="1.603">
    <testcase time="1.042" classname="table_lbt02" name="LBT02_default_variant_is_produced_correctly"/>
    <testcase time="0.561000000000007" classname="table_lbt02" name="LBT02_default_variant_is_produced_correctly">
      <skipped message="Reason: On CRAN ('test-table_lbt02.R:18:3')"/>
    </testcase>
  </testsuite>
  <testsuite name="table_lbt03" timestamp="2024-01-22T20:22:22Z" hostname="fa5b08c40e87" tests="2" skipped="1" failures="0" errors="0" time="0.316">
    <testcase time="0.23599999999999" classname="table_lbt03" name="LBT03_default_variant_is_produced_correctly"/>
    <testcase time="0.0800000000000125" classname="table_lbt03" name="LBT03_default_variant_is_produced_correctly">
      <skipped message="Reason: On CRAN ('test-table_lbt03.R:29:3')"/>
    </testcase>
  </testsuite>
  <testsuite name="table_lbt04" timestamp="2024-01-22T20:22:24Z" hostname="fa5b08c40e87" tests="2" skipped="1" failures="0" errors="0" time="3.753">
    <testcase time="3.28199999999998" classname="table_lbt04" name="LBT04_default_variant_is_produced_correctly"/>
    <testcase time="0.471000000000004" classname="table_lbt04" name="LBT04_default_variant_is_produced_correctly">
      <skipped message="Reason: On CRAN ('test-table_lbt04.R:34:3')"/>
    </testcase>
  </testsuite>
  <testsuite name="table_lbt05" timestamp="2024-01-22T20:22:28Z" hostname="fa5b08c40e87" tests="6" skipped="3" failures="0" errors="0" time="23.292">
    <testcase time="7.54900000000001" classname="table_lbt05" name="LBT05_variant_1_is_produced_correctly"/>
    <testcase time="1.49099999999999" classname="table_lbt05" name="LBT05_variant_1_is_produced_correctly">
      <skipped message="Reason: On CRAN ('test-table_lbt05.R:85:3')"/>
    </testcase>
    <testcase time="5.53" classname="table_lbt05" name="LBT05_variant_2_is_produced_correctly"/>
    <testcase time="1.86100000000002" classname="table_lbt05" name="LBT05_variant_2_is_produced_correctly">
      <skipped message="Reason: On CRAN ('test-table_lbt05.R:107:3')"/>
    </testcase>
    <testcase time="5.97799999999998" classname="table_lbt05" name="LBT05_variant_4_is_produced_correctly"/>
    <testcase time="0.88300000000001" classname="table_lbt05" name="LBT05_variant_4_is_produced_correctly">
      <skipped message="Reason: On CRAN ('test-table_lbt05.R:131:3')"/>
    </testcase>
  </testsuite>
  <testsuite name="table_lbt06" timestamp="2024-01-22T20:22:49Z" hostname="fa5b08c40e87" tests="2" skipped="1" failures="0" errors="0" time="0.598">
    <testcase time="0.437999999999988" classname="table_lbt06" name="LBT06_default_variant_is_produced_correctly"/>
    <testcase time="0.159999999999997" classname="table_lbt06" name="LBT06_default_variant_is_produced_correctly">
      <skipped message="Reason: On CRAN ('test-table_lbt06.R:32:3')"/>
    </testcase>
  </testsuite>
  <testsuite name="table_lbt07" timestamp="2024-01-22T20:22:51Z" hostname="fa5b08c40e87" tests="2" skipped="1" failures="0" errors="0" time="4.547">
    <testcase time="4.04600000000002" classname="table_lbt07" name="LBT07_is_produced_correctly"/>
    <testcase time="0.500999999999976" classname="table_lbt07" name="LBT07_is_produced_correctly">
      <skipped message="Reason: On CRAN ('test-table_lbt07.R:87:3')"/>
    </testcase>
  </testsuite>
  <testsuite name="table_lbt08" timestamp="2024-01-22T20:22:55Z" hostname="fa5b08c40e87" tests="2" skipped="1" failures="0" errors="0" time="0.567">
    <testcase time="0.436000000000007" classname="table_lbt08" name="LBT08_produce_correctly"/>
    <testcase time="0.131" classname="table_lbt08" name="LBT08_produce_correctly">
      <skipped message="Reason: On CRAN ('test-table_lbt08.R:43:3')"/>
    </testcase>
  </testsuite>
  <testsuite name="table_lbt09" timestamp="2024-01-22T20:22:55Z" hostname="fa5b08c40e87" tests="4" skipped="2" failures="0" errors="0" time="2.114">
    <testcase time="0.968999999999994" classname="table_lbt09" name="LBT09_variant_1_works_as_expected"/>
    <testcase time="0.262" classname="table_lbt09" name="LBT09_variant_1_works_as_expected">
      <skipped message="Reason: On CRAN ('test-table_lbt09.R:107:3')"/>
    </testcase>
    <testcase time="0.673000000000002" classname="table_lbt09" name="LBT09_variant_2_works_as_expected"/>
    <testcase time="0.210000000000008" classname="table_lbt09" name="LBT09_variant_2_works_as_expected">
      <skipped message="Reason: On CRAN ('test-table_lbt09.R:138:3')"/>
    </testcase>
  </testsuite>
  <testsuite name="table_lbt10" timestamp="2024-01-22T20:22:57Z" hostname="fa5b08c40e87" tests="4" skipped="2" failures="0" errors="0" time="0.552">
    <testcase time="0.305000000000007" classname="table_lbt10" name="LBT10_variant_1_works_as_expected"/>
    <testcase time="0.054000000000002" classname="table_lbt10" name="LBT10_variant_1_works_as_expected">
      <skipped message="Reason: On CRAN ('test-table_lbt10.R:45:3')"/>
    </testcase>
    <testcase time="0.139999999999986" classname="table_lbt10" name="LBT10_variant_2_works_as_expected"/>
    <testcase time="0.0529999999999973" classname="table_lbt10" name="LBT10_variant_2_works_as_expected">
      <skipped message="Reason: On CRAN ('test-table_lbt10.R:69:3')"/>
    </testcase>
  </testsuite>
  <testsuite name="table_lbt10_bl" timestamp="2024-01-22T20:22:58Z" hostname="fa5b08c40e87" tests="4" skipped="2" failures="0" errors="0" time="0.536">
    <testcase time="0.288000000000011" classname="table_lbt10_bl" name="LBT10_BL_variant_1_works_as_expected"/>
    <testcase time="0.070999999999998" classname="table_lbt10_bl" name="LBT10_BL_variant_1_works_as_expected">
      <skipped message="Reason: On CRAN ('test-table_lbt10_bl.R:45:3')"/>
    </testcase>
    <testcase time="0.137" classname="table_lbt10_bl" name="LBT10_BL_variant_2_works_as_expected"/>
    <testcase time="0.039999999999992" classname="table_lbt10_bl" name="LBT10_BL_variant_2_works_as_expected">
      <skipped message="Reason: On CRAN ('test-table_lbt10_bl.R:69:3')"/>
    </testcase>
  </testsuite>
  <testsuite name="table_lbt11" timestamp="2024-01-22T20:22:58Z" hostname="fa5b08c40e87" tests="6" skipped="3" failures="0" errors="0" time="0.896">
    <testcase time="0.253999999999991" classname="table_lbt11" name="LBT11_variant_1_works_as_expected"/>
    <testcase time="0.0800000000000125" classname="table_lbt11" name="LBT11_variant_1_works_as_expected">
      <skipped message="Reason: On CRAN ('test-table_lbt11.R:60:3')"/>
    </testcase>
    <testcase time="0.140999999999991" classname="table_lbt11" name="LBT11_variant_2_works_as_expected"/>
    <testcase time="0.0630000000000166" classname="table_lbt11" name="LBT11_variant_2_works_as_expected">
      <skipped message="Reason: On CRAN ('test-table_lbt11.R:77:3')"/>
    </testcase>
    <testcase time="0.259999999999991" classname="table_lbt11" name="LBT11_variant_3_works_as_expected"/>
    <testcase time="0.0979999999999848" classname="table_lbt11" name="LBT11_variant_3_works_as_expected">
      <skipped message="Reason: On CRAN ('test-table_lbt11.R:110:3')"/>
    </testcase>
  </testsuite>
  <testsuite name="table_lbt11_bl" timestamp="2024-01-22T20:22:59Z" hostname="fa5b08c40e87" tests="6" skipped="3" failures="0" errors="0" time="0.897">
    <testcase time="0.259000000000015" classname="table_lbt11_bl" name="LBT11_BL_variant_1_works_as_expected"/>
    <testcase time="0.0799999999999841" classname="table_lbt11_bl" name="LBT11_BL_variant_1_works_as_expected">
      <skipped message="Reason: On CRAN ('test-table_lbt11_bl.R:60:3')"/>
    </testcase>
    <testcase time="0.124000000000024" classname="table_lbt11_bl" name="LBT11_BL_variant_2_works_as_expected"/>
    <testcase time="0.0809999999999889" classname="table_lbt11_bl" name="LBT11_BL_variant_2_works_as_expected">
      <skipped message="Reason: On CRAN ('test-table_lbt11_bl.R:77:3')"/>
    </testcase>
    <testcase time="0.238" classname="table_lbt11_bl" name="LBT11_BL_variant_3_works_as_expected"/>
    <testcase time="0.115000000000009" classname="table_lbt11_bl" name="LBT11_BL_variant_3_works_as_expected">
      <skipped message="Reason: On CRAN ('test-table_lbt11_bl.R:110:3')"/>
    </testcase>
  </testsuite>
  <testsuite name="table_lbt12" timestamp="2024-01-22T20:23:00Z" hostname="fa5b08c40e87" tests="2" skipped="1" failures="0" errors="0" time="0.503">
    <testcase time="0.427999999999997" classname="table_lbt12" name="LBT12_works_as_expected"/>
    <testcase time="0.0749999999999886" classname="table_lbt12" name="LBT12_works_as_expected">
      <skipped message="Reason: On CRAN ('test-table_lbt12.R:50:3')"/>
    </testcase>
  </testsuite>
  <testsuite name="table_lbt12_bl" timestamp="2024-01-22T20:23:01Z" hostname="fa5b08c40e87" tests="2" skipped="1" failures="0" errors="0" time="0.543">
    <testcase time="0.468999999999994" classname="table_lbt12_bl" name="LBT12_BL_works_as_expected"/>
    <testcase time="0.0740000000000123" classname="table_lbt12_bl" name="LBT12_BL_works_as_expected">
      <skipped message="Reason: On CRAN ('test-table_lbt12_bl.R:50:3')"/>
    </testcase>
  </testsuite>
  <testsuite name="table_lbt13" timestamp="2024-01-22T20:23:03Z" hostname="fa5b08c40e87" tests="10" skipped="5" failures="0" errors="0" time="3.797">
    <testcase time="1.887" classname="table_lbt13" name="LBT13_variant_1_LOW_works_as_expected"/>
    <testcase time="0.0790000000000077" classname="table_lbt13" name="LBT13_variant_1_LOW_works_as_expected">
      <skipped message="Reason: On CRAN ('test-table_lbt13.R:85:3')"/>
    </testcase>
    <testcase time="0.186999999999983" classname="table_lbt13" name="LBT13_variant_2_HIGH_works_as_expected"/>
    <testcase time="0.0680000000000121" classname="table_lbt13" name="LBT13_variant_2_HIGH_works_as_expected">
      <skipped message="Reason: On CRAN ('test-table_lbt13.R:157:3')"/>
    </testcase>
    <testcase time="0.350999999999999" classname="table_lbt13" name="LBT13_variant_3_LOW_without_baseline_missing_works_as_expected"/>
    <testcase time="0.078000000000003" classname="table_lbt13" name="LBT13_variant_3_LOW_without_baseline_missing_works_as_expected">
      <skipped message="Reason: On CRAN ('test-table_lbt13.R:229:3')"/>
    </testcase>
    <testcase time="0.201999999999998" classname="table_lbt13" name="LBT13_variant_4_HIGH_with_missing_baseline_considered_as_grade_0_works_as_expected"/>
    <testcase time="0.0529999999999973" classname="table_lbt13" name="LBT13_variant_4_HIGH_with_missing_baseline_considered_as_grade_0_works_as_expected">
      <skipped message="Reason: On CRAN ('test-table_lbt13.R:300:3')"/>
    </testcase>
    <testcase time="0.626000000000005" classname="table_lbt13" name="LBT14_variant_5_HIGH_with_filled_in_grades_works_as_expected"/>
    <testcase time="0.265999999999991" classname="table_lbt13" name="LBT14_variant_5_HIGH_with_filled_in_grades_works_as_expected">
      <skipped message="Reason: On CRAN ('test-table_lbt13.R:374:3')"/>
    </testcase>
  </testsuite>
  <testsuite name="table_lbt14" timestamp="2024-01-22T20:23:07Z" hostname="fa5b08c40e87" tests="10" skipped="5" failures="0" errors="0" time="122.249">
    <testcase time="25.909" classname="table_lbt14" name="LBT14_variant_1_HIGH_works_as_expected"/>
    <testcase time="1.185" classname="table_lbt14" name="LBT14_variant_1_HIGH_works_as_expected">
      <skipped message="Reason: On CRAN ('test-table_lbt14.R:64:3')"/>
    </testcase>
    <testcase time="24.418" classname="table_lbt14" name="LBT14_variant_2_LOW_works_as_expected"/>
    <testcase time="0.978000000000009" classname="table_lbt14" name="LBT14_variant_2_LOW_works_as_expected">
      <skipped message="Reason: On CRAN ('test-table_lbt14.R:117:3')"/>
    </testcase>
    <testcase time="7.672" classname="table_lbt14" name="LBT14_variant_3_LOW_without_baseline_missing_works_as_expected"/>
    <testcase time="0.667000000000002" classname="table_lbt14" name="LBT14_variant_3_LOW_without_baseline_missing_works_as_expected">
      <skipped message="Reason: On CRAN ('test-table_lbt14.R:170:3')"/>
    </testcase>
    <testcase time="22.788" classname="table_lbt14" name="LBT14_variant_4_LOW_and_force_1_missing_both_baseline_and_post_baseline_then_force_the_missing_baseline_as_0_as_expected"/>
    <testcase time="0.462999999999965" classname="table_lbt14" name="LBT14_variant_4_LOW_and_force_1_missing_both_baseline_and_post_baseline_then_force_the_missing_baseline_as_0_as_expected">
      <skipped message="Reason: On CRAN ('test-table_lbt14.R:222:3')"/>
    </testcase>
    <testcase time="25.124" classname="table_lbt14" name="LBT14_variant_5_HIGH_with_fillings_works_as_expected"/>
    <testcase time="13.045" classname="table_lbt14" name="LBT14_variant_5_HIGH_with_fillings_works_as_expected">
      <skipped message="Reason: On CRAN ('test-table_lbt14.R:274:3')"/>
    </testcase>
  </testsuite>
  <testsuite name="table_lbt15" timestamp="2024-01-22T20:25:07Z" hostname="fa5b08c40e87" tests="4" skipped="2" failures="0" errors="0" time="2.967">
    <testcase time="1.16199999999998" classname="table_lbt15" name="LBT15_variant_1_works_as_expected"/>
    <testcase time="0.274999999999977" classname="table_lbt15" name="LBT15_variant_1_works_as_expected">
      <skipped message="Reason: On CRAN ('test-table_lbt15.R:82:3')"/>
    </testcase>
    <testcase time="1.26400000000001" classname="table_lbt15" name="LBT15_variant_2_works_as_expected"/>
    <testcase time="0.26600000000002" classname="table_lbt15" name="LBT15_variant_2_works_as_expected">
      <skipped message="Reason: On CRAN ('test-table_lbt15.R:89:3')"/>
    </testcase>
  </testsuite>
  <testsuite name="table_lgrt02" timestamp="2024-01-22T20:25:10Z" hostname="fa5b08c40e87" tests="8" skipped="4" failures="0" errors="0" time="3.317">
    <testcase time="0.646999999999991" classname="table_lgrt02" name="LGRT02_without_interaction_term_is_produced_correctly"/>
    <testcase time="0.122000000000014" classname="table_lgrt02" name="LGRT02_without_interaction_term_is_produced_correctly">
      <skipped message="Reason: On CRAN ('test-table_lgrt02.R:52:3')"/>
    </testcase>
    <testcase time="0.759999999999991" classname="table_lgrt02" name="LGRT02_with_categorical_interaction_is_produced_correctly"/>
    <testcase time="0.149000000000001" classname="table_lgrt02" name="LGRT02_with_categorical_interaction_is_produced_correctly">
      <skipped message="Reason: On CRAN ('test-table_lgrt02.R:78:3')"/>
    </testcase>
    <testcase time="0.752999999999986" classname="table_lgrt02" name="LGRT02_with_continuous_interaction_is_produced_correctly"/>
    <testcase time="0.158000000000015" classname="table_lgrt02" name="LGRT02_with_continuous_interaction_is_produced_correctly">
      <skipped message="Reason: On CRAN ('test-table_lgrt02.R:104:3')"/>
    </testcase>
    <testcase time="0.603999999999985" classname="table_lgrt02" name="LGRT02_with_setting_values_indicating_an_event_and_custom_alpha_level_is_produced_correctly"/>
    <testcase time="0.124000000000024" classname="table_lgrt02" name="LGRT02_with_setting_values_indicating_an_event_and_custom_alpha_level_is_produced_correctly">
      <skipped message="Reason: On CRAN ('test-table_lgrt02.R:130:3')"/>
    </testcase>
  </testsuite>
  <testsuite name="table_mht01" timestamp="2024-01-22T20:25:14Z" hostname="fa5b08c40e87" tests="8" skipped="4" failures="0" errors="0" time="1.695">
    <testcase time="0.399000000000001" classname="table_mht01" name="MHT01_variant_1_is_produced_accurately"/>
    <testcase time="0.120999999999981" classname="table_mht01" name="MHT01_variant_1_is_produced_accurately">
      <skipped message="Reason: On CRAN ('test-table_mht01.R:49:3')"/>
    </testcase>
    <testcase time="0.126000000000033" classname="table_mht01" name="MHT01_variant_2_is_produced_accurately"/>
    <testcase time="0.0579999999999927" classname="table_mht01" name="MHT01_variant_2_is_produced_accurately">
      <skipped message="Reason: On CRAN ('test-table_mht01.R:60:3')"/>
    </testcase>
    <testcase time="0.325999999999965" classname="table_mht01" name="MHT01_variant_3_is_produced_accurately"/>
    <testcase time="0.102000000000032" classname="table_mht01" name="MHT01_variant_3_is_produced_accurately">
      <skipped message="Reason: On CRAN ('test-table_mht01.R:92:3')"/>
    </testcase>
    <testcase time="0.418999999999983" classname="table_mht01" name="MHT01_variant_5_is_produced_accurately"/>
    <testcase time="0.144000000000005" classname="table_mht01" name="MHT01_variant_5_is_produced_accurately">
      <skipped message="Reason: On CRAN ('test-table_mht01.R:130:3')"/>
    </testcase>
  </testsuite>
  <testsuite name="table_onct05" timestamp="2024-01-22T20:25:15Z" hostname="fa5b08c40e87" tests="8" skipped="4" failures="0" errors="0" time="2.29">
    <testcase time="0.495999999999981" classname="table_onct05" name="ONCT05_variant_1_Objective_Response_Rate_by_Subgroup_is_produced_correctly"/>
    <testcase time="0.0880000000000223" classname="table_onct05" name="ONCT05_variant_1_Objective_Response_Rate_by_Subgroup_is_produced_correctly">
      <skipped message="Reason: On CRAN ('test-table_onct05.R:33:3')"/>
    </testcase>
    <testcase time="0.510999999999967" classname="table_onct05" name="ONCT05_variant_2_Specifying_class_variables_is_produced_correctly"/>
    <testcase time="0.0960000000000036" classname="table_onct05" name="ONCT05_variant_2_Specifying_class_variables_is_produced_correctly">
      <skipped message="Reason: On CRAN ('test-table_onct05.R:57:3')"/>
    </testcase>
    <testcase time="0.244000000000028" classname="table_onct05" name="ONCT05_variant_3_selecting_columns_and_changing_the_alpha_level_is_produced_correctly"/>
    <testcase time="0.0679999999999836" classname="table_onct05" name="ONCT05_variant_3_selecting_columns_and_changing_the_alpha_level_is_produced_correctly">
      <skipped message="Reason: On CRAN ('test-table_onct05.R:75:3')"/>
    </testcase>
    <testcase time="0.706999999999994" classname="table_onct05" name="ONCT05_variant_4_setting_values_indicating_response_is_produced_correctly"/>
    <testcase time="0.0800000000000409" classname="table_onct05" name="ONCT05_variant_4_setting_values_indicating_response_is_produced_correctly">
      <skipped message="Reason: On CRAN ('test-table_onct05.R:96:3')"/>
    </testcase>
  </testsuite>
  <testsuite name="table_pdt01" timestamp="2024-01-22T20:25:18Z" hostname="fa5b08c40e87" tests="2" skipped="1" failures="0" errors="0" time="0.445">
    <testcase time="0.301999999999964" classname="table_pdt01" name="PDT01_is_produced_correctly"/>
    <testcase time="0.143000000000029" classname="table_pdt01" name="PDT01_is_produced_correctly">
      <skipped message="Reason: On CRAN ('test-table_pdt01.R:40:3')"/>
    </testcase>
  </testsuite>
  <testsuite name="table_pdt02" timestamp="2024-01-22T20:25:18Z" hostname="fa5b08c40e87" tests="2" skipped="1" failures="0" errors="0" time="0.246">
    <testcase time="0.18199999999996" classname="table_pdt02" name="PDT02_is_produced_correctly"/>
    <testcase time="0.0640000000000214" classname="table_pdt02" name="PDT02_is_produced_correctly">
      <skipped message="Reason: On CRAN ('test-table_pdt02.R:43:3')"/>
    </testcase>
  </testsuite>
  <testsuite name="table_pkct01" timestamp="2024-01-22T20:25:18Z" hostname="fa5b08c40e87" tests="4" skipped="2" failures="0" errors="0" time="1.416">
    <testcase time="0.30400000000003" classname="table_pkct01" name="PKCT01_is_produced_correctly"/>
    <testcase time="0.06899999999996" classname="table_pkct01" name="PKCT01_is_produced_correctly">
      <skipped message="Reason: On CRAN ('test-table_pkct01.R:18:3')"/>
    </testcase>
    <testcase time="0.87700000000001" classname="table_pkct01" name="Specific_PKCT01_features_are_present"/>
    <testcase time="0.165999999999997" classname="table_pkct01" name="Specific_PKCT01_features_are_present">
      <skipped message="Reason: On CRAN ('test-table_pkct01.R:120:3')"/>
    </testcase>
  </testsuite>
  <testsuite name="table_pkpt02" timestamp="2024-01-22T20:25:20Z" hostname="fa5b08c40e87" tests="2" skipped="1" failures="0" errors="0" time="0.62">
    <testcase time="0.386000000000024" classname="table_pkpt02" name="PKPT02_is_produced_correctly_for_Drug_X"/>
    <testcase time="0.23399999999998" classname="table_pkpt02" name="PKPT02_is_produced_correctly_for_Drug_X">
      <skipped message="Reason: On CRAN ('test-table_pkpt02.R:44:3')"/>
    </testcase>
  </testsuite>
  <testsuite name="table_pkpt03" timestamp="2024-01-22T20:25:20Z" hostname="fa5b08c40e87" tests="2" skipped="1" failures="0" errors="0" time="1.288">
    <testcase time="1.11900000000003" classname="table_pkpt03" name="PKPT03_Drug_X_is_produced_correctly"/>
    <testcase time="0.168999999999983" classname="table_pkpt03" name="PKPT03_Drug_X_is_produced_correctly">
      <skipped message="Reason: On CRAN ('test-table_pkpt03.R:69:3')"/>
    </testcase>
  </testsuite>
  <testsuite name="table_pkpt04" timestamp="2024-01-22T20:25:22Z" hostname="fa5b08c40e87" tests="4" skipped="2" failures="0" errors="0" time="0.628">
    <testcase time="0.226999999999975" classname="table_pkpt04" name="PKPT04_is_produced_correctly_for_Drug_X"/>
    <testcase time="0.121999999999957" classname="table_pkpt04" name="PKPT04_is_produced_correctly_for_Drug_X">
      <skipped message="Reason: On CRAN ('test-table_pkpt04.R:42:3')"/>
    </testcase>
    <testcase time="0.173000000000002" classname="table_pkpt04" name="PKPT04_is_produced_correctly_for_Drug_Y"/>
    <testcase time="0.105999999999995" classname="table_pkpt04" name="PKPT04_is_produced_correctly_for_Drug_Y">
      <skipped message="Reason: On CRAN ('test-table_pkpt04.R:55:3')"/>
    </testcase>
  </testsuite>
  <testsuite name="table_pkpt05" timestamp="2024-01-22T20:25:22Z" hostname="fa5b08c40e87" tests="4" skipped="2" failures="0" errors="0" time="1.152">
    <testcase time="0.63900000000001" classname="table_pkpt05" name="PKPT05_Drug_X_is_produced_correctly"/>
    <testcase time="0.113" classname="table_pkpt05" name="PKPT05_Drug_X_is_produced_correctly">
      <skipped message="Reason: On CRAN ('test-table_pkpt05.R:66:3')"/>
    </testcase>
    <testcase time="0.331999999999994" classname="table_pkpt05" name="PKPT05_Drug_Y_is_produced_correctly"/>
    <testcase time="0.0679999999999836" classname="table_pkpt05" name="PKPT05_Drug_Y_is_produced_correctly">
      <skipped message="Reason: On CRAN ('test-table_pkpt05.R:81:3')"/>
    </testcase>
  </testsuite>
  <testsuite name="table_pkpt06" timestamp="2024-01-22T20:25:23Z" hostname="fa5b08c40e87" tests="4" skipped="2" failures="0" errors="0" time="0.277">
    <testcase time="0.113" classname="table_pkpt06" name="PKPT06_is_produced_correctly_for_Drug_X"/>
    <testcase time="0.0459999999999923" classname="table_pkpt06" name="PKPT06_is_produced_correctly_for_Drug_X">
      <skipped message="Reason: On CRAN ('test-table_pkpt06.R:48:3')"/>
    </testcase>
    <testcase time="0.0790000000000077" classname="table_pkpt06" name="PKPT06_is_produced_correctly_for_Drug_Y"/>
    <testcase time="0.0389999999999873" classname="table_pkpt06" name="PKPT06_is_produced_correctly_for_Drug_Y">
      <skipped message="Reason: On CRAN ('test-table_pkpt06.R:61:3')"/>
    </testcase>
  </testsuite>
  <testsuite name="table_pkpt07" timestamp="2024-01-22T20:25:24Z" hostname="fa5b08c40e87" tests="4" skipped="2" failures="0" errors="0" time="0.518">
    <testcase time="0.27600000000001" classname="table_pkpt07" name="PKPT07_Drug_X_is_produced_correctly"/>
    <testcase time="0.0610000000000355" classname="table_pkpt07" name="PKPT07_Drug_X_is_produced_correctly">
      <skipped message="Reason: On CRAN ('test-table_pkpt07.R:73:3')"/>
    </testcase>
    <testcase time="0.129999999999995" classname="table_pkpt07" name="PKPT07_Drug_Y_is_produced_correctly"/>
    <testcase time="0.0509999999999877" classname="table_pkpt07" name="PKPT07_Drug_Y_is_produced_correctly">
      <skipped message="Reason: On CRAN ('test-table_pkpt07.R:88:3')"/>
    </testcase>
  </testsuite>
  <testsuite name="table_ratet01" timestamp="2024-01-22T20:25:24Z" hostname="fa5b08c40e87" tests="2" skipped="1" failures="0" errors="0" time="0.885">
    <testcase time="0.769999999999982" classname="table_ratet01" name="RATET01_is_produced_correctly"/>
    <testcase time="0.115000000000009" classname="table_ratet01" name="RATET01_is_produced_correctly">
      <skipped message="Reason: On CRAN ('test-table_ratet01.R:66:3')"/>
    </testcase>
  </testsuite>
  <testsuite name="table_rmpt01" timestamp="2024-01-22T20:25:25Z" hostname="fa5b08c40e87" tests="2" skipped="1" failures="0" errors="0" time="0.219">
    <testcase time="0.168999999999983" classname="table_rmpt01" name="RMPT01_is_produced_correctly"/>
    <testcase time="0.0500000000000114" classname="table_rmpt01" name="RMPT01_is_produced_correctly">
      <skipped message="Reason: On CRAN ('test-table_rmpt01.R:58:3')"/>
    </testcase>
  </testsuite>
  <testsuite name="table_rmpt03" timestamp="2024-01-22T20:25:25Z" hostname="fa5b08c40e87" tests="4" skipped="2" failures="0" errors="0" time="0.538">
    <testcase time="0.239000000000033" classname="table_rmpt03" name="RMPT03_variant_1_is_produced_correctly"/>
    <testcase time="0.0509999999999877" classname="table_rmpt03" name="RMPT03_variant_1_is_produced_correctly">
      <skipped message="Reason: On CRAN ('test-table_rmpt03.R:67:3')"/>
    </testcase>
    <testcase time="0.189999999999998" classname="table_rmpt03" name="RMPT03_variant_2_is_produced_correctly"/>
    <testcase time="0.0579999999999927" classname="table_rmpt03" name="RMPT03_variant_2_is_produced_correctly">
      <skipped message="Reason: On CRAN ('test-table_rmpt03.R:91:3')"/>
    </testcase>
  </testsuite>
  <testsuite name="table_rmpt04" timestamp="2024-01-22T20:25:26Z" hostname="fa5b08c40e87" tests="2" skipped="1" failures="0" errors="0" time="0.217">
    <testcase time="0.177999999999997" classname="table_rmpt04" name="RMPT04_variant_1_is_produced_correctly"/>
    <testcase time="0.0389999999999873" classname="table_rmpt04" name="RMPT04_variant_1_is_produced_correctly">
      <skipped message="Reason: On CRAN ('test-table_rmpt04.R:50:3')"/>
    </testcase>
  </testsuite>
  <testsuite name="table_rmpt05" timestamp="2024-01-22T20:25:26Z" hostname="fa5b08c40e87" tests="2" skipped="1" failures="0" errors="0" time="0.239">
    <testcase time="0.187000000000012" classname="table_rmpt05" name="RMPT05_is_produced_correctly"/>
    <testcase time="0.0520000000000209" classname="table_rmpt05" name="RMPT05_is_produced_correctly">
      <skipped message="Reason: On CRAN ('test-table_rmpt05.R:49:3')"/>
    </testcase>
  </testsuite>
  <testsuite name="table_rmpt06" timestamp="2024-01-22T20:25:26Z" hostname="fa5b08c40e87" tests="8" skipped="4" failures="0" errors="0" time="1.743">
    <testcase time="0.394000000000005" classname="table_rmpt06" name="RMPT06_variant_1_is_produced_correctly"/>
    <testcase time="0.0929999999999609" classname="table_rmpt06" name="RMPT06_variant_1_is_produced_correctly">
      <skipped message="Reason: On CRAN ('test-table_rmpt06.R:99:3')"/>
    </testcase>
    <testcase time="0.258000000000038" classname="table_rmpt06" name="RMPT06_variant_2_is_produced_correctly"/>
    <testcase time="0.0669999999999504" classname="table_rmpt06" name="RMPT06_variant_2_is_produced_correctly">
      <skipped message="Reason: On CRAN ('test-table_rmpt06.R:148:3')"/>
    </testcase>
    <testcase time="0.358000000000004" classname="table_rmpt06" name="RMPT06_variant_3_is_produced_correctly"/>
    <testcase time="0.102000000000032" classname="table_rmpt06" name="RMPT06_variant_3_is_produced_correctly">
      <skipped message="Reason: On CRAN ('test-table_rmpt06.R:211:3')"/>
    </testcase>
    <testcase time="0.370000000000005" classname="table_rmpt06" name="RMPT06_variant_4_is_produced_correctly"/>
    <testcase time="0.100999999999999" classname="table_rmpt06" name="RMPT06_variant_4_is_produced_correctly">
      <skipped message="Reason: On CRAN ('test-table_rmpt06.R:277:3')"/>
    </testcase>
  </testsuite>
  <testsuite name="table_rspt01" timestamp="2024-01-22T20:25:28Z" hostname="fa5b08c40e87" tests="12" skipped="6" failures="0" errors="0" time="2.737">
    <testcase time="0.355999999999995" classname="table_rspt01" name="RSPT01_1._Best_Overall_Response"/>
    <testcase time="0.0989999999999895" classname="table_rspt01" name="RSPT01_1._Best_Overall_Response">
      <skipped message="Reason: On CRAN ('test-table_rspt01.R:46:3')"/>
    </testcase>
    <testcase time="0.317000000000007" classname="table_rspt01" name="RSPT01_2._Best_Overall_Response_selecting_sections_to_display_"/>
    <testcase time="0.105000000000018" classname="table_rspt01" name="RSPT01_2._Best_Overall_Response_selecting_sections_to_display_">
      <skipped message="Reason: On CRAN ('test-table_rspt01.R:73:3')"/>
    </testcase>
    <testcase time="0.393999999999949" classname="table_rspt01" name="RSPT01_3._Best_Overall_Response_modifying_settings_"/>
    <testcase time="0.0950000000000273" classname="table_rspt01" name="RSPT01_3._Best_Overall_Response_modifying_settings_">
      <skipped message="Reason: On CRAN ('test-table_rspt01.R:116:3')"/>
    </testcase>
    <testcase time="0.444999999999993" classname="table_rspt01" name="RSPT01_4._Best_Overall_Response_with_stratified_analysis_"/>
    <testcase time="0.115999999999985" classname="table_rspt01" name="RSPT01_4._Best_Overall_Response_with_stratified_analysis_">
      <skipped message="Reason: On CRAN ('test-table_rspt01.R:166:3')"/>
    </testcase>
    <testcase time="0.345000000000027" classname="table_rspt01" name="RSPT01_5._Best_Overall_Response_modifying_the_definition_of_overall_response_"/>
    <testcase time="0.100999999999999" classname="table_rspt01" name="RSPT01_5._Best_Overall_Response_modifying_the_definition_of_overall_response_">
      <skipped message="Reason: On CRAN ('test-table_rspt01.R:198:3')"/>
    </testcase>
    <testcase time="0.272999999999968" classname="table_rspt01" name="RSPT01_6._Best_Overall_Response_define_new_sections_to_display_"/>
    <testcase time="0.0910000000000082" classname="table_rspt01" name="RSPT01_6._Best_Overall_Response_define_new_sections_to_display_">
      <skipped message="Reason: On CRAN ('test-table_rspt01.R:248:3')"/>
    </testcase>
  </testsuite>
  <testsuite name="table_ttet01" timestamp="2024-01-22T20:25:31Z" hostname="fa5b08c40e87" tests="14" skipped="7" failures="0" errors="0" time="3.886">
    <testcase time="0.5" classname="table_ttet01" name="TTET01_default_variant_is_produced_correctly"/>
    <testcase time="0.175000000000011" classname="table_ttet01" name="TTET01_default_variant_is_produced_correctly">
      <skipped message="Reason: On CRAN ('test-table_ttet01.R:79:3')"/>
    </testcase>
    <testcase time="0.47199999999998" classname="table_ttet01" name="TTET01_default_variant_with_Placebo_arm"/>
    <testcase time="0.174000000000035" classname="table_ttet01" name="TTET01_default_variant_with_Placebo_arm">
      <skipped message="Reason: On CRAN ('test-table_ttet01.R:140:3')"/>
    </testcase>
    <testcase time="0.238" classname="table_ttet01" name="TTET01_variant_2_selecting_sections_to_display"/>
    <testcase time="0.115999999999985" classname="table_ttet01" name="TTET01_variant_2_selecting_sections_to_display">
      <skipped message="Reason: On CRAN ('test-table_ttet01.R:185:3')"/>
    </testcase>
    <testcase time="0.370000000000005" classname="table_ttet01" name="TTET01_variant_3_modifying_analysis_details_like_conftype_ties_alpha_level"/>
    <testcase time="0.125" classname="table_ttet01" name="TTET01_variant_3_modifying_analysis_details_like_conftype_ties_alpha_level">
      <skipped message="Reason: On CRAN ('test-table_ttet01.R:251:3')"/>
    </testcase>
    <testcase time="0.442999999999984" classname="table_ttet01" name="TTET01_variant_4_with_stratified_analysis"/>
    <testcase time="0.141999999999996" classname="table_ttet01" name="TTET01_variant_4_with_stratified_analysis">
      <skipped message="Reason: On CRAN ('test-table_ttet01.R:312:3')"/>
    </testcase>
    <testcase time="0.373000000000047" classname="table_ttet01" name="TTET01_variant_5_modifying_time_point"/>
    <testcase time="0.141999999999996" classname="table_ttet01" name="TTET01_variant_5_modifying_time_point">
      <skipped message="Reason: On CRAN ('test-table_ttet01.R:367:3')"/>
    </testcase>
    <testcase time="0.461999999999989" classname="table_ttet01" name="TTET01_variant_6_requesting_more_than_one_p_value"/>
    <testcase time="0.153999999999996" classname="table_ttet01" name="TTET01_variant_6_requesting_more_than_one_p_value">
      <skipped message="Reason: On CRAN ('test-table_ttet01.R:440:3')"/>
    </testcase>
  </testsuite>
  <testsuite name="table_vst01" timestamp="2024-01-22T20:25:35Z" hostname="fa5b08c40e87" tests="2" skipped="1" failures="0" errors="0" time="1.21">
    <testcase time="0.896999999999991" classname="table_vst01" name="VST01_default_variant_is_produced_correctly"/>
    <testcase time="0.312999999999988" classname="table_vst01" name="VST01_default_variant_is_produced_correctly">
      <skipped message="Reason: On CRAN ('test-table_vst01.R:99:3')"/>
    </testcase>
  </testsuite>
  <testsuite name="table_vst02" timestamp="2024-01-22T20:25:36Z" hostname="fa5b08c40e87" tests="4" skipped="2" failures="0" errors="0" time="1.053">
    <testcase time="0.485000000000014" classname="table_vst02" name="1._Vital_Sign_Abnormalities_Regardless_of_Abnormality_at_Baseline_VST02_1_"/>
    <testcase time="0.107000000000028" classname="table_vst02" name="1._Vital_Sign_Abnormalities_Regardless_of_Abnormality_at_Baseline_VST02_1_">
      <skipped message="Reason: On CRAN ('test-table_vst02.R:33:3')"/>
    </testcase>
    <testcase time="0.352999999999952" classname="table_vst02" name="2._Vital_Sign_Abnormalities_Among_Subject_Without_Abnormality_at_Baseline_VST02_2_"/>
    <testcase time="0.108000000000004" classname="table_vst02" name="2._Vital_Sign_Abnormalities_Among_Subject_Without_Abnormality_at_Baseline_VST02_2_">
      <skipped message="Reason: On CRAN ('test-table_vst02.R:51:3')"/>
    </testcase>
  </testsuite>
</testsuites>
