<?xml version="1.0" encoding="UTF-8"?>
<testsuites>
  <testsuite name="listing_adal02" timestamp="2024-10-29T03:36:27Z" hostname="b111e44e202c" tests="1" skipped="0" failures="0" errors="0" time="0.239">
    <testcase time="0.238999999999999" classname="listing_adal02" name="ADAL02_listing_is_produced_correctly"/>
  </testsuite>
  <testsuite name="listing_ael01" timestamp="2024-10-29T03:36:27Z" hostname="b111e44e202c" tests="1" skipped="0" failures="0" errors="0" time="0.195">
    <testcase time="0.195" classname="listing_ael01" name="AEL01_listing_is_produced_correctly"/>
  </testsuite>
  <testsuite name="listing_ael01_nollt" timestamp="2024-10-29T03:36:27Z" hostname="b111e44e202c" tests="1" skipped="0" failures="0" errors="0" time="0.072">
    <testcase time="0.0719999999999992" classname="listing_ael01_nollt" name="AEL01_NOLLT_listing_is_produced_correctly"/>
  </testsuite>
  <testsuite name="listing_ael02" timestamp="2024-10-29T03:36:27Z" hostname="b111e44e202c" tests="1" skipped="0" failures="0" errors="0" time="0.287">
    <testcase time="0.287000000000001" classname="listing_ael02" name="AEL02_listing_is_produced_correctly"/>
  </testsuite>
  <testsuite name="listing_ael02_ed" timestamp="2024-10-29T03:36:28Z" hostname="b111e44e202c" tests="1" skipped="0" failures="0" errors="0" time="0.329">
    <testcase time="0.329000000000001" classname="listing_ael02_ed" name="AEL02_ED_listing_is_produced_correctly"/>
  </testsuite>
  <testsuite name="listing_ael03" timestamp="2024-10-29T03:36:28Z" hostname="b111e44e202c" tests="1" skipped="0" failures="0" errors="0" time="0.276">
    <testcase time="0.276" classname="listing_ael03" name="AEL03_listing_is_produced_correctly"/>
  </testsuite>
  <testsuite name="listing_ael04" timestamp="2024-10-29T03:36:28Z" hostname="b111e44e202c" tests="1" skipped="0" failures="0" errors="0" time="0.216">
    <testcase time="0.215999999999999" classname="listing_ael04" name="AEL04_listing_is_produced_correctly"/>
  </testsuite>
  <testsuite name="listing_cml01" timestamp="2024-10-29T03:36:28Z" hostname="b111e44e202c" tests="1" skipped="0" failures="0" errors="0" time="0.332">
    <testcase time="0.332000000000001" classname="listing_cml01" name="CML01_listing_is_produced_correctly"/>
  </testsuite>
  <testsuite name="listing_cml02a_gl" timestamp="2024-10-29T03:36:29Z" hostname="b111e44e202c" tests="1" skipped="0" failures="0" errors="0" time="0.113">
    <testcase time="0.113" classname="listing_cml02a_gl" name="CML02A_GL_listing_is_produced_correctly"/>
  </testsuite>
  <testsuite name="listing_cml02b_gl" timestamp="2024-10-29T03:36:29Z" hostname="b111e44e202c" tests="1" skipped="0" failures="0" errors="0" time="0.166">
    <testcase time="0.166" classname="listing_cml02b_gl" name="CML02B_GL_listing_is_produced_correctly"/>
  </testsuite>
  <testsuite name="listing_dsl01" timestamp="2024-10-29T03:36:29Z" hostname="b111e44e202c" tests="1" skipped="0" failures="0" errors="0" time="0.167">
    <testcase time="0.167" classname="listing_dsl01" name="DSL01_listing_is_produced_correctly"/>
  </testsuite>
  <testsuite name="listing_dsl02" timestamp="2024-10-29T03:36:29Z" hostname="b111e44e202c" tests="1" skipped="0" failures="0" errors="0" time="0.074">
    <testcase time="0.0739999999999998" classname="listing_dsl02" name="DSL02_listing_is_produced_correctly"/>
  </testsuite>
  <testsuite name="listing_dsur4" timestamp="2024-10-29T03:36:29Z" hostname="b111e44e202c" tests="1" skipped="0" failures="0" errors="0" time="0.11">
    <testcase time="0.109999999999999" classname="listing_dsur4" name="DSUR4_listing_is_produced_correctly"/>
  </testsuite>
  <testsuite name="listing_egl01" timestamp="2024-10-29T03:36:29Z" hostname="b111e44e202c" tests="1" skipped="0" failures="1" errors="0" time="0.375">
    <testcase time="0.375" classname="listing_egl01" name="EGL01_listing_is_produced_correctly">
      <failure type="failure" message="Snapshot of code has changed: ('test-listing_egl01.R:61:3')">Snapshot of code has changed:
old[8:63] vs new[8:63]
                                                                               Study     (BEATS/MIN);        Heart Rate          (msec);          QT Duration          (msec);          RR Duration  
    Treatment   Center/Subject ID            Age/Sex/Race             Visit     Day     Range:(40-100)     Change from BL    Range:(350-450)     Change from BL    Range:(600-1500)    Change from BL
    —————————————————————————————————————————————————————————————————————————————————————————————————————————————————————————————————————————————————————————————————————————————————————————————————
-    Placebo        701/1015                  63/F/WHITE             Week 12    84           54.00              -2.00             408.00              72.00            556.00/L             36.00    
+    Placebo        701/1015                  63/F/WHITE             Week 12    84           67.00              -6.00            466.00/H             -7.00            513.00/L             42.00    
-                                                                    Week 16    126          60.00               4.00             396.00              60.00             652.00             132.00    
+                                                                    Week 16    126          74.00               1.00            468.00/H             -5.00            546.00/L             75.00    
-                                                                    Week 2     15           58.00               2.00            336.00/L              0.00            456.00/L            -64.00    
+                                                                    Week 2     15           63.00             -10.00             449.00             -24.00            316.00/L           -155.00    
-                                                                    Week 20    140          54.00              -2.00             402.00              66.00            548.00/L             28.00    
+                                                                    Week 20    140          60.00             -13.00             433.00             -40.00            522.00/L             51.00    
-                                                                    Week 24    168          55.00              -1.00             378.00              42.00            516.00/L             -4.00    
+                                                                    Week 24    168          76.00               3.00             416.00             -57.00            581.00/L            110.00    
-                                                                    Week 26    182          60.00               4.00             366.00              30.00            508.00/L            -12.00    
+                                                                    Week 26    182          73.00               0.00            559.00/H             86.00            589.00/L            118.00    
-                                                                    Week 4     29           59.00               3.00             384.00              48.00            552.00/L             32.00    
+                                                                    Week 4     29           61.00             -12.00            338.00/L           -135.00            560.00/L             89.00    
-                                                                    Week 6     42           55.00              -1.00            330.00/L             -6.00            592.00/L             72.00    
+                                                                    Week 6     42           64.00              -9.00            463.00/H            -10.00            526.00/L             55.00    
-                                                                    Week 8     63           57.00               1.00             402.00              66.00            552.00/L             32.00    
+                                                                    Week 8     63           59.00             -14.00            525.00/H             52.00            538.00/L             67.00    
-                   701/1023                  64/M/WHITE             Week 2     23           84.00              16.00            528.00/H             24.00            488.00/L            -32.00    
+                   701/1023                  64/M/WHITE             Week 2     23           68.00               6.00             424.00             -18.00            550.00/L             96.00    
-                                                                    Week 4     29           64.00              -4.00            516.00/H             12.00            520.00/L              0.00    
+                                                                    Week 4     29           69.00               7.00            509.00/H             67.00            508.00/L             54.00    
-                   701/1047                  85/F/WHITE             Week 2     14           66.00               8.00             432.00              66.00            580.00/L            -24.00    
+                   701/1047                  85/F/WHITE             Week 2     14           74.00              -9.00            506.00/H            195.00            580.00/L             46.00    
-                                                                    Week 4     27           69.00              11.00             432.00              66.00            540.00/L            -64.00    
+                                                                    Week 4     27           51.00             -32.00             442.00             131.00            462.00/L            -72.00    
-                   701/1118                  52/M/WHITE             Week 12    86           75.00              13.00             432.00             -72.00            492.00/L            -56.00    
+                   701/1118                  52/M/WHITE             Week 12    86           66.00              -3.00            467.00/H            -71.00             618.00               4.00    
-                                                                    Week 16    113          70.00               8.00             432.00             -72.00            488.00/L            -60.00    
+                                                                    Week 16    113          70.00               1.00            563.00/H             25.00            541.00/L            -73.00    
-                                                                    Week 2     15           62.00               0.00            492.00/H            -12.00            516.00/L            -32.00    
+                                                                    Week 2     15           65.00              -4.00             419.00            -119.00            554.00/L            -60.00    
-                                                                    Week 20    141          72.00              10.00            492.00/H            -12.00            544.00/L             -4.00    
+                                                                    Week 20    141          60.00              -9.00            536.00/H             -2.00            488.00/L           -126.00    
-                                                                    Week 24    169          61.00              -1.00            456.00/H            -48.00            520.00/L            -28.00    
+                                                                    Week 24    169          75.00               6.00            538.00/H              0.00            504.00/L           -110.00    
-                                                                    Week 26    182          65.00               3.00             444.00             -60.00            484.00/L            -64.00    
+                                                                    Week 26    182          64.00              -5.00            459.00/H            -79.00            498.00/L           -116.00    
-                                                                    Week 4     29           64.00               2.00             450.00             -54.00            520.00/L            -28.00    
+                                                                    Week 4     29           71.00               2.00             443.00             -95.00            525.00/L            -89.00    
-                                                                    Week 6     43           74.00              12.00             372.00            -132.00            516.00/L            -32.00    
+                                                                    Week 6     43           71.00               2.00             372.00            -166.00            571.00/L            -43.00    
-                                                                    Week 8     58           65.00               3.00             402.00            -102.00            504.00/L            -44.00    
+                                                                    Week 8     58           49.00             -20.00            495.00/H            -43.00            521.00/L            -93.00    
-                   701/1130                  84/M/WHITE             Week 12    91           68.00              -2.00             402.00             -42.00            456.00/L            -32.00    
+                   701/1130                  84/M/WHITE             Week 12    91           62.00               7.00             448.00              66.00            477.00/L           -126.00    
-                                                                    Week 16    113          65.00              -5.00            456.00/H             12.00            492.00/L              4.00    
+                                                                    Week 16    113          78.00              23.00            534.00/H            152.00            584.00/L            -19.00    
-                                                                    Week 2     15           68.00              -2.00             432.00             -12.00            492.00/L              4.00    
+                                                                    Week 2     15           72.00              17.00            585.00/H            203.00            491.00/L           -112.00    
-                                                                    Week 20    138          74.00               4.00             378.00             -66.00            456.00/L            -32.00    
+                                                                    Week 20    138          78.00              23.00             433.00              51.00            434.00/L           -169.00    
-                                                                    Week 24    169          60.00             -10.00            456.00/H             12.00            496.00/L              8.00    
+                                                                    Week 24    169          84.00              29.00            466.00/H             84.00            509.00/L            -94.00    
-                                                                    Week 26    183          63.00              -7.00             420.00             -24.00            560.00/L             72.00    
+                                                                    Week 26    183          55.00               0.00             375.00              -7.00            500.00/L           -103.00    
-                                                                    Week 4     29           74.00               4.00             444.00               0.00            400.00/L            -88.00    
+                                                                    Week 4     29           74.00              19.00             385.00               3.00            425.00/L           -178.00    
-                                                                    Week 6     43           60.00             -10.00             384.00             -60.00            492.00/L              4.00    
+                                                                    Week 6     43           74.00              19.00             413.00              31.00            391.00/L           -212.00    
-                                                                    Week 8     57           70.00               0.00             450.00               6.00            580.00/L             92.00    
+                                                                    Week 8     57           68.00              13.00             442.00              60.00             613.00              10.00    
-                   701/1153                  79/F/WHITE             Week 12    85           80.00              -4.00             378.00              18.00             644.00              76.00    
+                   701/1153                  79/F/WHITE             Week 12    85           54.00             -10.00             369.00            -105.00            410.00/L            -58.00    
-                                                                    Week 16    108          74.00             -10.00             372.00              12.00             600.00              32.00    
+                                                                    Week 16    108          67.00               3.00            476.00/H              2.00            556.00/L             88.00    
-                                                                    Week 2     16           72.00             -12.00             378.00              18.00            568.00/L              0.00    
+                                                                    Week 2     16           67.00               3.00            453.00/H            -21.00            537.00/L             69.00    
-                                                                    Week 20    142          68.00             -16.00            324.00/L            -36.00            576.00/L              8.00    
+                                                                    Week 20    142          60.00              -4.00            511.00/H             37.00             635.00             167.00    
-                                                                    Week 24    170          74.00             -10.00            330.00/L            -30.00             612.00              44.00    
+                                                                    Week 24    170          67.00               3.00            573.00/H             99.00            464.00/L             -4.00    
-                                                                    Week 26    191          76.00              -8.00            348.00/L            -12.00             640.00              72.00    
+                                                                    Week 26    191          72.00               8.00            318.00/L           -156.00             817.00             349.00    
-                                                                    Week 4     27           76.00              -8.00            336.00/L            -24.00            552.00/L            -16.00    
+                                                                    Week 4     27           84.00              20.00            479.00/H              5.00            524.00/L             56.00    
-                                                                    Week 6     43           66.00             -18.00             354.00              -6.00            580.00/L             12.00    
+                                                                    Week 6     43           78.00              14.00            527.00/H             53.00            593.00/L            125.00    
-                                                                    Week 8     57           74.00             -10.00            336.00/L            -24.00            576.00/L              8.00    
+                                                                    Week 8     57           67.00               3.00             437.00             -37.00            518.00/L             50.00    
-                   701/1203        81/F/BLACK OR AFRICAN AMERICAN   Week 12    97           56.00              -1.00            300.00/L             60.00            460.00/L            -56.00    
+                   701/1203        81/F/BLACK OR AFRICAN AMERICAN   Week 12    97           70.00               8.00            458.00/H             63.00            410.00/L           -193.00    
-                                                                    Week 16    113          61.00               4.00             384.00             144.00            524.00/L              8.00    
+                                                                    Week 16    113          70.00               8.00             438.00              43.00            594.00/L             -9.00    
-                                                                    Week 2     22           50.00              -7.00            288.00/L             48.00            520.00/L              4.00    
+                                                                    Week 2     22           72.00              10.00             445.00              50.00             622.00              19.00    
-                                                                    Week 20    141          53.00              -4.00            336.00/L             96.00            520.00/L              4.00    
+                                                                    Week 20    141          55.00              -7.00             363.00             -32.00             889.00             286.00    
-                                                                    Week 24    171          50.00              -7.00            264.00/L             24.00            500.00/L            -16.00    
+                                                                    Week 24    171          74.00              12.00             444.00              49.00             679.00              76.00    
-                                                                    Week 26    183          54.00              -3.00            306.00/L             66.00            548.00/L             32.00    
+                                                                    Week 26    183          72.00              10.00             366.00             -29.00            531.00/L            -72.00    
-                                                                    Week 4     29           57.00               0.00            246.00/L              6.00            512.00/L             -4.00    
+                                                                    Week 4     29           76.00              14.00             448.00              53.00            536.00/L            -67.00    
-                                                                    Week 6     43           53.00              -4.00             366.00             126.00            556.00/L             40.00    
+                                                                    Week 6     43           67.00               5.00             441.00              46.00            560.00/L            -43.00    
-                                                                    Week 8     57           54.00              -3.00            342.00/L            102.00            556.00/L             40.00    
+                                                                    Week 8     57           69.00               7.00            483.00/H             88.00            493.00/L           -110.00    
-                   701/1234                  69/M/WHITE             Week 12    100          53.00              -5.00            474.00/H             18.00            524.00/L            -28.00    
+                   701/1234                  69/M/WHITE             Week 12    100          65.00             -11.00             391.00            -145.00            540.00/L             50.00    
    —————————————————————————————————————————————————————————————————————————————————————————————————————————————————————————————————————————————————————————————————————————————————————————————————
    
    Baseline is the patient's last observation prior to initiation of study drug. Abnormalities are

* Run `testthat::snapshot_accept('listing_egl01')` to accept the change.
* Run `testthat::snapshot_review('listing_egl01')` to interactively review the change.</failure>
    </testcase>
  </testsuite>
  <testsuite name="listing_exl01" timestamp="2024-10-29T03:36:30Z" hostname="b111e44e202c" tests="1" skipped="0" failures="0" errors="0" time="0.222">
    <testcase time="0.222000000000001" classname="listing_exl01" name="EXL01_listing_is_produced_correctly"/>
  </testsuite>
  <testsuite name="listing_lbl01" timestamp="2024-10-29T03:36:30Z" hostname="b111e44e202c" tests="1" skipped="0" failures="0" errors="0" time="0.545">
    <testcase time="0.545" classname="listing_lbl01" name="LBL01_listing_is_produced_correctly"/>
  </testsuite>
  <testsuite name="listing_lbl01_rls" timestamp="2024-10-29T03:36:31Z" hostname="b111e44e202c" tests="1" skipped="0" failures="0" errors="0" time="0.529">
    <testcase time="0.529" classname="listing_lbl01_rls" name="LBL01_RLS_listing_is_produced_correctly"/>
  </testsuite>
  <testsuite name="listing_lbl02a" timestamp="2024-10-29T03:36:31Z" hostname="b111e44e202c" tests="1" skipped="0" failures="0" errors="0" time="0.277">
    <testcase time="0.276999999999999" classname="listing_lbl02a" name="LBL02A_listing_is_produced_correctly"/>
  </testsuite>
  <testsuite name="listing_lbl02a_rls" timestamp="2024-10-29T03:36:31Z" hostname="b111e44e202c" tests="1" skipped="0" failures="1" errors="0" time="0.811">
    <testcase time="0.811" classname="listing_lbl02a_rls" name="LBL02A_RLS_listing_is_produced_correctly">
      <failure type="failure" message="Snapshot of code has changed: ('test-listing_lbl02a_rls.R:79:3')">Snapshot of code has changed:
old[9:15] vs new[9:15]
                                                                     Study   Last Dose of              from       Reference     Reference     Change     Abnormality
    Treatment          Lab Test (Unit)           Center/Patient ID    Day     Study Drug    Result   Baseline       Range         Range     Dec./Inc.       Flag    
    ————————————————————————————————————————————————————————————————————————————————————————————————————————————————————————————————————————————————————————————————
-    Placebo    Alanine Aminotransferase (U/L)       701/1015         -7          0          27.0        0.0     10.0 -  29.0    6 - 34     40% / 40%               
+    Placebo    Alanine Aminotransferase (U/L)       701/1015         -7          0          27.0         NA     10.0 -  29.0    6 - 34     40% / 40%               
                                                                      15          22         41.0       51.9     10.0 -  29.0    6 - 34     40% / 40%        HH     
                                                                      29          14         18.0      -33.3     10.0 -  29.0    6 - 34     40% / 40%               
                                                                      42          13         26.0       -3.7     10.0 -  29.0    6 - 34     40% / 40%               

old[19:32] vs new[19:32]
                                                                      140         14         21.0      -22.2     10.0 -  29.0    6 - 34     40% / 40%               
                                                                      168         28         23.0      -14.8     10.0 -  29.0    6 - 34     40% / 40%               
                                                                      182         14         23.0      -14.8     10.0 -  29.0    6 - 34     40% / 40%               
-                                                    701/1023         -14         0          23.0        0.0     10.0 -  29.0    6 - 43     40% / 40%               
+                                                    701/1023         -14         0          23.0         NA     10.0 -  29.0    6 - 43     40% / 40%               
                                                                      23          37         30.0       30.4     10.0 -  29.0    6 - 43     40% / 40%               
                                                                      29          6          38.0       65.2     10.0 -  29.0    6 - 43     40% / 40%               
-                                                    701/1047         -21         0          22.0        0.0     10.0 -  29.0    6 - 32     40% / 40%               
+                                                    701/1047         -21         0          22.0         NA     10.0 -  29.0    6 - 32     40% / 40%               
                                                                      14          35         16.0      -27.3     10.0 -  29.0    6 - 32     40% / 40%               
                                                                      27          13         20.0       -9.1     10.0 -  29.0    6 - 32     40% / 40%               
                                                                      55          28         17.0      -22.7     10.0 -  29.0    6 - 32     40% / 40%               
-                                                    701/1118         -13         0          15.0        0.0     10.0 -  29.0    6 - 43     40% / 40%               
+                                                    701/1118         -13         0          15.0         NA     10.0 -  29.0    6 - 43     40% / 40%               
                                                                      15          28          7.0      -53.3     10.0 -  29.0    6 - 43     40% / 40%               
                                                                      29          14         15.0        0.0     10.0 -  29.0    6 - 43     40% / 40%               
                                                                      43          14         11.0      -26.7     10.0 -  29.0    6 - 43     40% / 40%               

old[36:42] vs new[36:42]
                                                                      141         28         13.0      -13.3     10.0 -  29.0    6 - 43     40% / 40%               
                                                                      169         28         13.0      -13.3     10.0 -  29.0    6 - 43     40% / 40%               
                                                                      182         13         10.0      -33.3     10.0 -  29.0    6 - 43     40% / 40%               
-                                                    701/1130         -6          0          15.0        0.0     10.0 -  29.0    6 - 35     40% / 40%               
+                                                    701/1130         -6          0          15.0         NA     10.0 -  29.0    6 - 35     40% / 40%               
                                                                      15          21         14.0       -6.7     10.0 -  29.0    6 - 35     40% / 40%               
                                                                      29          14         18.0       20.0     10.0 -  29.0    6 - 35     40% / 40%               
                                                                      43          14         13.0      -13.3     10.0 -  29.0    6 - 35     40% / 40%               

old[46:52] vs new[46:52]
                                                                      138         25         11.0      -26.7     10.0 -  29.0    6 - 35     40% / 40%               
                                                                      169         31         13.0      -13.3     10.0 -  29.0    6 - 35     40% / 40%               
                                                                      183         14         10.0      -33.3     10.0 -  29.0    6 - 35     40% / 40%               
-                                                    701/1153         -17         0          13.0        0.0     10.0 -  29.0    6 - 32     40% / 40%               
+                                                    701/1153         -17         0          13.0         NA     10.0 -  29.0    6 - 32     40% / 40%               
                                                                      16          33         14.0        7.7     10.0 -  29.0    6 - 32     40% / 40%               
                                                                      27          11         14.0        7.7     10.0 -  29.0    6 - 32     40% / 40%               
                                                                      43          16         14.0        7.7     10.0 -  29.0    6 - 32     40% / 40%               

old[56:62] vs new[56:62]
                                                                      142         34         14.0        7.7     10.0 -  29.0    6 - 32     40% / 40%               
                                                                      170         28         13.0        0.0     10.0 -  29.0    6 - 32     40% / 40%               
                                                                      191         21         14.0        7.7     10.0 -  29.0    6 - 32     40% / 40%               
-                                                    701/1203         -8          0          13.0        0.0     10.0 -  29.0    6 - 32     40% / 40%               
+                                                    701/1203         -8          0          13.0         NA     10.0 -  29.0    6 - 32     40% / 40%               
                                                                      22          30         14.0        7.7     10.0 -  29.0    6 - 32     40% / 40%               
                                                                      29          7          10.0      -23.1     10.0 -  29.0    6 - 32     40% / 40%               
    ————————————————————————————————————————————————————————————————————————————————————————————————————————————————————————————————————————————————————————————————

* Run `testthat::snapshot_accept('listing_lbl02a_rls')` to accept the change.
* Run `testthat::snapshot_review('listing_lbl02a_rls')` to interactively review the change.</failure>
    </testcase>
  </testsuite>
  <testsuite name="listing_lbl02b" timestamp="2024-10-29T03:36:32Z" hostname="b111e44e202c" tests="1" skipped="0" failures="0" errors="0" time="0.281">
    <testcase time="0.281000000000001" classname="listing_lbl02b" name="LBL02B_listing_is_produced_correctly"/>
  </testsuite>
  <testsuite name="listing_mhl01" timestamp="2024-10-29T03:36:32Z" hostname="b111e44e202c" tests="1" skipped="0" failures="0" errors="0" time="0.25">
    <testcase time="0.25" classname="listing_mhl01" name="MHL01_listing_is_produced_correctly"/>
  </testsuite>
  <testsuite name="listing_oncl01" timestamp="2024-10-29T03:36:33Z" hostname="b111e44e202c" tests="1" skipped="0" failures="0" errors="0" time="0.241">
    <testcase time="0.241" classname="listing_oncl01" name="ONCL01_listing_is_produced_correctly"/>
  </testsuite>
  <testsuite name="listing_pkcl01" timestamp="2024-10-29T03:36:33Z" hostname="b111e44e202c" tests="1" skipped="0" failures="0" errors="0" time="0.183">
    <testcase time="0.183" classname="listing_pkcl01" name="PKCL01_listing_is_produced_correctly"/>
  </testsuite>
  <testsuite name="listing_pkcl02" timestamp="2024-10-29T03:36:33Z" hostname="b111e44e202c" tests="1" skipped="0" failures="0" errors="0" time="0.206">
    <testcase time="0.206" classname="listing_pkcl02" name="PKCL02_listing_is_produced_correctly"/>
  </testsuite>
  <testsuite name="listing_pkpl01" timestamp="2024-10-29T03:36:33Z" hostname="b111e44e202c" tests="1" skipped="0" failures="0" errors="0" time="0.241">
    <testcase time="0.241000000000001" classname="listing_pkpl01" name="PKPL01_listing_is_produced_correctly"/>
  </testsuite>
  <testsuite name="listing_pkpl02" timestamp="2024-10-29T03:36:34Z" hostname="b111e44e202c" tests="1" skipped="0" failures="0" errors="0" time="0.169">
    <testcase time="0.168999999999999" classname="listing_pkpl02" name="PKPL02_listing_is_produced_correctly"/>
  </testsuite>
  <testsuite name="listing_pkpl04" timestamp="2024-10-29T03:36:34Z" hostname="b111e44e202c" tests="1" skipped="0" failures="0" errors="0" time="0.194">
    <testcase time="0.194000000000001" classname="listing_pkpl04" name="PKPL04_listing_is_produced_correctly"/>
  </testsuite>
  <testsuite name="listing_vsl01" timestamp="2024-10-29T03:36:34Z" hostname="b111e44e202c" tests="1" skipped="0" failures="0" errors="0" time="0.442">
    <testcase time="0.442" classname="listing_vsl01" name="VSL01_listing_is_produced_correctly"/>
  </testsuite>
  <testsuite name="pagination_listing" timestamp="2024-10-29T03:36:34Z" hostname="b111e44e202c" tests="13" skipped="0" failures="0" errors="0" time="5.831">
    <testcase time="0.0279999999999987" classname="pagination_listing" name="Direct_pagination_works_fine"/>
    <testcase time="0.943000000000001" classname="pagination_listing" name="Direct_pagination_works_fine"/>
    <testcase time="0.00300000000000011" classname="pagination_listing" name="Direct_pagination_works_fine"/>
    <testcase time="0.858000000000001" classname="pagination_listing" name="Direct_pagination_works_fine"/>
    <testcase time="1.221" classname="pagination_listing" name="Direct_pagination_works_fine"/>
    <testcase time="1.286" classname="pagination_listing" name="pagination_counts_the_right_number_of_lines_when_wrapping_on_keycols_is_present"/>
    <testcase time="0.00600000000000023" classname="pagination_listing" name="pagination_counts_the_right_number_of_lines_when_wrapping_on_keycols_is_present"/>
    <testcase time="0.00499999999999901" classname="pagination_listing" name="pagination_counts_the_right_number_of_lines_when_wrapping_on_keycols_is_present"/>
    <testcase time="0.00400000000000134" classname="pagination_listing" name="pagination_counts_the_right_number_of_lines_when_wrapping_on_keycols_is_present"/>
    <testcase time="1.465" classname="pagination_listing" name="pagination_counts_the_right_number_of_lines_when_wrapping_on_keycols_is_present"/>
    <testcase time="0.00499999999999901" classname="pagination_listing" name="pagination_counts_the_right_number_of_lines_when_wrapping_on_keycols_is_present"/>
    <testcase time="0.00400000000000134" classname="pagination_listing" name="pagination_counts_the_right_number_of_lines_when_wrapping_on_keycols_is_present"/>
    <testcase time="0.00300000000000011" classname="pagination_listing" name="pagination_counts_the_right_number_of_lines_when_wrapping_on_keycols_is_present"/>
  </testsuite>
  <testsuite name="pagination_table" timestamp="2024-10-29T03:36:41Z" hostname="b111e44e202c" tests="30" skipped="0" failures="0" errors="0" time="13.878">
    <testcase time="1.667" classname="pagination_table" name="Direct_pagination_with_standard_values"/>
    <testcase time="0.00399999999999778" classname="pagination_table" name="Direct_pagination_with_standard_values"/>
    <testcase time="0.00300000000000011" classname="pagination_table" name="Direct_pagination_with_standard_values"/>
    <testcase time="1.193" classname="pagination_table" name="Pagination_with_specific_column_widths_and_minimum_lines_per_page"/>
    <testcase time="0.00300000000000011" classname="pagination_table" name="Pagination_with_specific_column_widths_and_minimum_lines_per_page"/>
    <testcase time="0.121000000000002" classname="pagination_table" name="Pagination_with_specific_column_widths_and_minimum_lines_per_page"/>
    <testcase time="0.936999999999998" classname="pagination_table" name="Pagination_works_also_if_table_is_decorated"/>
    <testcase time="0.532" classname="pagination_table" name="Pagination_works_also_if_table_is_decorated"/>
    <testcase time="0.794" classname="pagination_table" name="Pagination_works_also_if_table_is_decorated"/>
    <testcase time="0.66" classname="pagination_table" name="Pagination_works_also_if_table_is_decorated"/>
    <testcase time="1.338" classname="pagination_table" name="Pagination_works_also_if_table_is_decorated"/>
    <testcase time="0.312000000000001" classname="pagination_table" name="Pagination_works_also_if_table_is_decorated"/>
    <testcase time="0.00399999999999778" classname="pagination_table" name="Pagination_works_also_if_table_is_decorated"/>
    <testcase time="0.0210000000000008" classname="pagination_table" name="Pagination_works_also_if_table_is_decorated"/>
    <testcase time="0.145" classname="pagination_table" name="Pagination_works_also_if_table_is_decorated"/>
    <testcase time="0.0950000000000024" classname="pagination_table" name="Pagination_works_also_if_table_is_decorated"/>
    <testcase time="0.700999999999997" classname="pagination_table" name="Pagination_works_for_page_types"/>
    <testcase time="0.0840000000000032" classname="pagination_table" name="Pagination_works_for_page_types"/>
    <testcase time="0.707999999999998" classname="pagination_table" name="Pagination_works_for_page_types"/>
    <testcase time="0.0749999999999993" classname="pagination_table" name="Pagination_works_for_page_types"/>
    <testcase time="0.665000000000003" classname="pagination_table" name="Pagination_works_for_page_types"/>
    <testcase time="0.414999999999999" classname="pagination_table" name="Pagination_works_for_page_types"/>
    <testcase time="0.707999999999998" classname="pagination_table" name="Pagination_works_for_page_width_and_height"/>
    <testcase time="0.131999999999998" classname="pagination_table" name="Pagination_works_for_page_width_and_height"/>
    <testcase time="0.804000000000002" classname="pagination_table" name="Pagination_works_for_page_types"/>
    <testcase time="0.164000000000001" classname="pagination_table" name="Pagination_works_for_page_types"/>
    <testcase time="0.82" classname="pagination_table" name="AET04_variant_2_page_by_pagination_tests"/>
    <testcase time="0.622" classname="pagination_table" name="AET04_variant_2_page_by_pagination_tests"/>
    <testcase time="0.00199999999999534" classname="pagination_table" name="AET04_variant_2_page_by_pagination_tests"/>
    <testcase time="0.149000000000001" classname="pagination_table" name="AET04_variant_2_page_by_pagination_tests"/>
  </testsuite>
  <testsuite name="table_adat03" timestamp="2024-10-29T03:36:54Z" hostname="b111e44e202c" tests="2" skipped="0" failures="0" errors="0" time="0.555">
    <testcase time="0.417999999999999" classname="table_adat03" name="ADAT03_is_produced_correctly"/>
    <testcase time="0.137" classname="table_adat03" name="ADAT03_is_produced_correctly"/>
  </testsuite>
  <testsuite name="table_aet01" timestamp="2024-10-29T03:36:55Z" hostname="b111e44e202c" tests="8" skipped="0" failures="0" errors="0" time="1.983">
    <testcase time="0.382000000000005" classname="table_aet01" name="Safety_Summary_Variant_1_works_as_expected"/>
    <testcase time="0.114999999999995" classname="table_aet01" name="Safety_Summary_Variant_1_works_as_expected"/>
    <testcase time="0.338000000000001" classname="table_aet01" name="Safety_Summary_Variant_2_with_Medical_Concepts_Section_works_as_expected"/>
    <testcase time="0.126000000000005" classname="table_aet01" name="Safety_Summary_Variant_2_with_Medical_Concepts_Section_works_as_expected"/>
    <testcase time="0.467999999999996" classname="table_aet01" name="Safety_Summary_Variant_3_with_Modified_Rows_works_as_expected"/>
    <testcase time="0.0919999999999987" classname="table_aet01" name="Safety_Summary_Variant_3_with_Modified_Rows_works_as_expected"/>
    <testcase time="0.347000000000001" classname="table_aet01" name="Safety_Summary_Variant_4_with_Rows_Counting_Events_and_Additional_Sections_works_as_expected"/>
    <testcase time="0.115000000000002" classname="table_aet01" name="Safety_Summary_Variant_4_with_Rows_Counting_Events_and_Additional_Sections_works_as_expected"/>
  </testsuite>
  <testsuite name="table_aet01_aesi" timestamp="2024-10-29T03:36:57Z" hostname="b111e44e202c" tests="8" skipped="0" failures="0" errors="0" time="2.538">
    <testcase time="0.250999999999998" classname="table_aet01_aesi" name="AET01_AESI_Variant_1_works_as_expected"/>
    <testcase time="0.100000000000001" classname="table_aet01_aesi" name="AET01_AESI_Variant_1_works_as_expected"/>
    <testcase time="0.433999999999997" classname="table_aet01_aesi" name="AET01_AESI_Variant_2_works_as_expected"/>
    <testcase time="0.170999999999999" classname="table_aet01_aesi" name="AET01_AESI_Variant_2_works_as_expected"/>
    <testcase time="0.615000000000002" classname="table_aet01_aesi" name="AET01_AESI_Variant_3_works_as_expected"/>
    <testcase time="0.204999999999998" classname="table_aet01_aesi" name="AET01_AESI_Variant_3_works_as_expected"/>
    <testcase time="0.545999999999999" classname="table_aet01_aesi" name="AET01_AESI_Variant_4_works_as_expected"/>
    <testcase time="0.216000000000001" classname="table_aet01_aesi" name="AET01_AESI_Variant_4_works_as_expected"/>
  </testsuite>
  <testsuite name="table_aet02" timestamp="2024-10-29T03:36:59Z" hostname="b111e44e202c" tests="26" skipped="0" failures="0" errors="0" time="7.928">
    <testcase time="0.519000000000005" classname="table_aet02" name="AET02_variant_1_is_produced_correctly"/>
    <testcase time="0.173999999999999" classname="table_aet02" name="AET02_variant_1_is_produced_correctly"/>
    <testcase time="0.409999999999997" classname="table_aet02" name="AET02_variant_1_is_produced_correctly"/>
    <testcase time="0.0870000000000033" classname="table_aet02" name="AET02_variant_1_is_produced_correctly"/>
    <testcase time="0.616" classname="table_aet02" name="AET02_variant_2_is_produced_correctly"/>
    <testcase time="0.174999999999997" classname="table_aet02" name="AET02_variant_2_is_produced_correctly"/>
    <testcase time="0.896000000000001" classname="table_aet02" name="AET02_variant_3_is_produced_correctly"/>
    <testcase time="0.298999999999999" classname="table_aet02" name="AET02_variant_3_is_produced_correctly"/>
    <testcase time="0.125" classname="table_aet02" name="AET02_variant_4_is_produced_correctly"/>
    <testcase time="0.0919999999999987" classname="table_aet02" name="AET02_variant_4_is_produced_correctly"/>
    <testcase time="0.401000000000003" classname="table_aet02" name="AET02_variant_5_is_produced_correctly"/>
    <testcase time="0.158000000000001" classname="table_aet02" name="AET02_variant_5_is_produced_correctly"/>
    <testcase time="0.384" classname="table_aet02" name="AET02_variant_6_is_produced_correctly"/>
    <testcase time="0.110999999999997" classname="table_aet02" name="AET02_variant_6_is_produced_correctly"/>
    <testcase time="0.905000000000001" classname="table_aet02" name="AET02_variant_7_is_produced_correctly"/>
    <testcase time="0.149000000000001" classname="table_aet02" name="AET02_variant_7_is_produced_correctly"/>
    <testcase time="0.396000000000001" classname="table_aet02" name="AET02_variant_8_is_produced_correctly"/>
    <testcase time="0.0719999999999956" classname="table_aet02" name="AET02_variant_8_is_produced_correctly"/>
    <testcase time="0.387" classname="table_aet02" name="AET02_variant_9_is_produced_correctly"/>
    <testcase time="0.113" classname="table_aet02" name="AET02_variant_9_is_produced_correctly"/>
    <testcase time="0.398000000000003" classname="table_aet02" name="AET02_variant_10_is_produced_correctly"/>
    <testcase time="0.0850000000000009" classname="table_aet02" name="AET02_variant_10_is_produced_correctly"/>
    <testcase time="0.405999999999999" classname="table_aet02" name="AET02_variant_11_is_produced_correctly"/>
    <testcase time="0.0779999999999959" classname="table_aet02" name="AET02_variant_11_is_produced_correctly"/>
    <testcase time="0.399000000000001" classname="table_aet02" name="AET02_variant_12_is_produced_correctly"/>
    <testcase time="0.0930000000000035" classname="table_aet02" name="AET02_variant_12_is_produced_correctly"/>
  </testsuite>
  <testsuite name="table_aet02_smq" timestamp="2024-10-29T03:37:07Z" hostname="b111e44e202c" tests="4" skipped="0" failures="0" errors="0" time="0.438">
    <testcase time="0.120999999999995" classname="table_aet02_smq" name="AET02SMQ_variant_1_is_produced_correctly"/>
    <testcase time="0.0670000000000002" classname="table_aet02_smq" name="AET02SMQ_variant_1_is_produced_correctly"/>
    <testcase time="0.154000000000003" classname="table_aet02_smq" name="AET02SMQ_variant_2_is_produced_correctly"/>
    <testcase time="0.0959999999999965" classname="table_aet02_smq" name="AET02SMQ_variant_2_is_produced_correctly"/>
  </testsuite>
  <testsuite name="table_aet03" timestamp="2024-10-29T03:37:08Z" hostname="b111e44e202c" tests="6" skipped="0" failures="0" errors="0" time="5.06">
    <testcase time="1.122" classname="table_aet03" name="AET03_variant_1_is_produced_correctly"/>
    <testcase time="0.414000000000001" classname="table_aet03" name="AET03_variant_1_is_produced_correctly"/>
    <testcase time="1.387" classname="table_aet03" name="AET03_variant_1_is_produced_correctly"/>
    <testcase time="0.697000000000003" classname="table_aet03" name="AET03_variant_1_is_produced_correctly"/>
    <testcase time="1.238" classname="table_aet03" name="AET03_variant_1_is_produced_correctly"/>
    <testcase time="0.201999999999998" classname="table_aet03" name="AET03_variant_1_is_produced_correctly"/>
  </testsuite>
  <testsuite name="table_aet04" timestamp="2024-10-29T03:37:13Z" hostname="b111e44e202c" tests="30" skipped="0" failures="0" errors="0" time="11.935">
    <testcase time="0.676000000000002" classname="table_aet04" name="AET04_variant_1_is_produced_correctly"/>
    <testcase time="0.296999999999997" classname="table_aet04" name="AET04_variant_1_is_produced_correctly"/>
    <testcase time="0.707000000000001" classname="table_aet04" name="AET04_variant_1_is_produced_correctly"/>
    <testcase time="0.0399999999999991" classname="table_aet04" name="AET04_variant_1_is_produced_correctly"/>
    <testcase time="0.0380000000000038" classname="table_aet04" name="AET04_variant_1_is_produced_correctly"/>
    <testcase time="0.626999999999995" classname="table_aet04" name="AET04_variant_2_is_produced_correctly_Fill_in_of_Treatment_Groups_"/>
    <testcase time="0.265000000000001" classname="table_aet04" name="AET04_variant_2_is_produced_correctly_Fill_in_of_Treatment_Groups_"/>
    <testcase time="0.655999999999999" classname="table_aet04" name="AET04_variant_2_is_produced_correctly_Fill_in_of_Treatment_Groups_"/>
    <testcase time="0.0390000000000015" classname="table_aet04" name="AET04_variant_2_is_produced_correctly_Fill_in_of_Treatment_Groups_"/>
    <testcase time="0.0429999999999993" classname="table_aet04" name="AET04_variant_2_is_produced_correctly_Fill_in_of_Treatment_Groups_"/>
    <testcase time="0.636000000000003" classname="table_aet04" name="AET04_variant_3_is_produced_correctly_Fill_in_of_Grades_"/>
    <testcase time="0.326000000000001" classname="table_aet04" name="AET04_variant_3_is_produced_correctly_Fill_in_of_Grades_"/>
    <testcase time="0.765999999999998" classname="table_aet04" name="AET04_variant_3_is_produced_correctly_Fill_in_of_Grades_"/>
    <testcase time="0.0399999999999991" classname="table_aet04" name="AET04_variant_3_is_produced_correctly_Fill_in_of_Grades_"/>
    <testcase time="0.0470000000000041" classname="table_aet04" name="AET04_variant_3_is_produced_correctly_Fill_in_of_Grades_"/>
    <testcase time="0.652999999999999" classname="table_aet04" name="AET04_variant_4_is_produced_correctly_Collapsing_of_Grades_grades_1_2_grades_3_4_5_"/>
    <testcase time="0.314999999999998" classname="table_aet04" name="AET04_variant_4_is_produced_correctly_Collapsing_of_Grades_grades_1_2_grades_3_4_5_"/>
    <testcase time="0.733000000000004" classname="table_aet04" name="AET04_variant_4_is_produced_correctly_Collapsing_of_Grades_grades_1_2_grades_3_4_5_"/>
    <testcase time="0.714999999999996" classname="table_aet04" name="AET04_variant_6_is_produced_correctly_with_an_Incidence_Rate_of_at_Least_5_totals_restricted_"/>
    <testcase time="0.307000000000002" classname="table_aet04" name="AET04_variant_6_is_produced_correctly_with_an_Incidence_Rate_of_at_Least_5_totals_restricted_"/>
    <testcase time="0.747999999999998" classname="table_aet04" name="AET04_variant_6_is_produced_correctly_with_an_Incidence_Rate_of_at_Least_5_totals_restricted_"/>
    <testcase time="0.00999999999999801" classname="table_aet04" name="AET04_variant_8_is_produced_correctly_with_an_Incidence_Rate_of_at_Least_X_Patients_"/>
    <testcase time="0.317" classname="table_aet04" name="AET04_variant_8_is_produced_correctly_with_an_Incidence_Rate_of_at_Least_X_Patients_"/>
    <testcase time="0.750999999999998" classname="table_aet04" name="AET04_variant_8_is_produced_correctly_with_an_Incidence_Rate_of_at_Least_X_Patients_"/>
    <testcase time="0.00900000000000034" classname="table_aet04" name="AET04_variant_9_is_produced_correctly_with_a_Difference_in_Incidence_Rate_of_at_Least_X_"/>
    <testcase time="0.325000000000003" classname="table_aet04" name="AET04_variant_9_is_produced_correctly_with_a_Difference_in_Incidence_Rate_of_at_Least_X_"/>
    <testcase time="0.762" classname="table_aet04" name="AET04_variant_9_is_produced_correctly_with_a_Difference_in_Incidence_Rate_of_at_Least_X_"/>
    <testcase time="0.0100000000000051" classname="table_aet04" name="AET04_variant_11_is_produced_correctly_with_Incidence_Rate_of_at_Least_X_all_SOCs_w_o_preferred_terms_removed_"/>
    <testcase time="0.310000000000002" classname="table_aet04" name="AET04_variant_11_is_produced_correctly_with_Incidence_Rate_of_at_Least_X_all_SOCs_w_o_preferred_terms_removed_"/>
    <testcase time="0.766999999999996" classname="table_aet04" name="AET04_variant_11_is_produced_correctly_with_Incidence_Rate_of_at_Least_X_all_SOCs_w_o_preferred_terms_removed_"/>
  </testsuite>
  <testsuite name="table_aet04_pi" timestamp="2024-10-29T03:37:25Z" hostname="b111e44e202c" tests="18" skipped="0" failures="0" errors="0" time="6.536">
    <testcase time="0.575999999999993" classname="table_aet04_pi" name="AET04_PI_full_table_is_produced_correctly"/>
    <testcase time="0.231999999999999" classname="table_aet04_pi" name="AET04_PI_full_table_is_produced_correctly"/>
    <testcase time="0.599000000000004" classname="table_aet04_pi" name="AET04_PI_variant_1_is_produced_correctly"/>
    <testcase time="0.183999999999997" classname="table_aet04_pi" name="AET04_PI_variant_1_is_produced_correctly"/>
    <testcase time="0.587999999999994" classname="table_aet04_pi" name="AET04_PI_variant_2_is_produced_correctly"/>
    <testcase time="0.121000000000009" classname="table_aet04_pi" name="AET04_PI_variant_2_is_produced_correctly"/>
    <testcase time="0.599999999999994" classname="table_aet04_pi" name="AET04_PI_variant_3_is_produced_correctly"/>
    <testcase time="0.340000000000003" classname="table_aet04_pi" name="AET04_PI_variant_3_is_produced_correctly"/>
    <testcase time="0.542999999999992" classname="table_aet04_pi" name="AET04_PI_variant_4_is_produced_correctly"/>
    <testcase time="0.0970000000000084" classname="table_aet04_pi" name="AET04_PI_variant_4_is_produced_correctly"/>
    <testcase time="0.543999999999997" classname="table_aet04_pi" name="AET04_PI_variant_5_is_produced_correctly"/>
    <testcase time="0.146000000000001" classname="table_aet04_pi" name="AET04_PI_variant_5_is_produced_correctly"/>
    <testcase time="0.676000000000002" classname="table_aet04_pi" name="AET04_PI_variant_6_is_produced_correctly"/>
    <testcase time="0.149000000000001" classname="table_aet04_pi" name="AET04_PI_variant_6_is_produced_correctly"/>
    <testcase time="0.691000000000003" classname="table_aet04_pi" name="AET04_PI_variant_7_is_produced_correctly"/>
    <testcase time="0.150999999999996" classname="table_aet04_pi" name="AET04_PI_variant_7_is_produced_correctly"/>
    <testcase time="0.176000000000002" classname="table_aet04_pi" name="AET04_PI_variant_8_is_produced_correctly"/>
    <testcase time="0.12299999999999" classname="table_aet04_pi" name="AET04_PI_variant_8_is_produced_correctly"/>
  </testsuite>
  <testsuite name="table_aet05" timestamp="2024-10-29T03:37:31Z" hostname="b111e44e202c" tests="4" skipped="0" failures="0" errors="0" time="0.261">
    <testcase time="0.0760000000000076" classname="table_aet05" name="AET05_variant_1_is_produced_correctly"/>
    <testcase time="0.0660000000000025" classname="table_aet05" name="AET05_variant_1_is_produced_correctly"/>
    <testcase time="0.0529999999999973" classname="table_aet05" name="AET05_variant_2_is_produced_correctly"/>
    <testcase time="0.0660000000000025" classname="table_aet05" name="AET05_variant_2_is_produced_correctly"/>
  </testsuite>
  <testsuite name="table_aet05_all" timestamp="2024-10-29T03:37:31Z" hostname="b111e44e202c" tests="4" skipped="0" failures="0" errors="0" time="0.281">
    <testcase time="0.097999999999999" classname="table_aet05_all" name="AET05_ALL_variant_1_is_produced_correctly"/>
    <testcase time="0.0660000000000025" classname="table_aet05_all" name="AET05_ALL_variant_1_is_produced_correctly"/>
    <testcase time="0.054000000000002" classname="table_aet05_all" name="AET05_ALL_variant_2_is_produced_correctly"/>
    <testcase time="0.0629999999999882" classname="table_aet05_all" name="AET05_ALL_variant_2_is_produced_correctly"/>
  </testsuite>
  <testsuite name="table_aet06" timestamp="2024-10-29T03:37:32Z" hostname="b111e44e202c" tests="6" skipped="0" failures="0" errors="0" time="3.603">
    <testcase time="0.553000000000011" classname="table_aet06" name="AET06_variant_1_is_produced_correctly"/>
    <testcase time="0.221999999999994" classname="table_aet06" name="AET06_variant_1_is_produced_correctly"/>
    <testcase time="0.927999999999997" classname="table_aet06" name="AET06_variant_3_is_produced_correctly"/>
    <testcase time="0.322000000000003" classname="table_aet06" name="AET06_variant_3_is_produced_correctly"/>
    <testcase time="1.19799999999999" classname="table_aet06" name="AET06_variant_5_is_produced_correctly"/>
    <testcase time="0.38000000000001" classname="table_aet06" name="AET06_variant_5_is_produced_correctly"/>
  </testsuite>
  <testsuite name="table_aet06_smq" timestamp="2024-10-29T03:37:35Z" hostname="b111e44e202c" tests="4" skipped="0" failures="0" errors="0" time="0.985">
    <testcase time="0.343000000000004" classname="table_aet06_smq" name="AET06_SMQ_variant_1_is_produced_correctly"/>
    <testcase time="0.148999999999987" classname="table_aet06_smq" name="AET06_SMQ_variant_1_is_produced_correctly"/>
    <testcase time="0.351000000000013" classname="table_aet06_smq" name="AET06_SMQ_variant_2_is_produced_correctly"/>
    <testcase time="0.141999999999996" classname="table_aet06_smq" name="AET06_SMQ_variant_2_is_produced_correctly"/>
  </testsuite>
  <testsuite name="table_aet07" timestamp="2024-10-29T03:37:36Z" hostname="b111e44e202c" tests="4" skipped="0" failures="0" errors="0" time="0.203">
    <testcase time="0.0609999999999928" classname="table_aet07" name="AET07_variant_1_is_produced_correctly"/>
    <testcase time="0.0420000000000016" classname="table_aet07" name="AET07_variant_1_is_produced_correctly"/>
    <testcase time="0.046999999999997" classname="table_aet07" name="AET07_variant_2_is_produced_correctly"/>
    <testcase time="0.0530000000000115" classname="table_aet07" name="AET07_variant_2_is_produced_correctly"/>
  </testsuite>
  <testsuite name="table_aet09" timestamp="2024-10-29T03:37:36Z" hostname="b111e44e202c" tests="4" skipped="0" failures="0" errors="0" time="1.924">
    <testcase time="0.530999999999992" classname="table_aet09" name="AET09_variant_1_is_produced_correctly_AE_related_to_study_drug"/>
    <testcase time="0.180999999999997" classname="table_aet09" name="AET09_variant_1_is_produced_correctly_AE_related_to_study_drug"/>
    <testcase time="0.926000000000002" classname="table_aet09" name="AET09_variant_2_is_produced_correctly_AE_related_to_study_drug_including_high_level_terms_"/>
    <testcase time="0.286000000000001" classname="table_aet09" name="AET09_variant_2_is_produced_correctly_AE_related_to_study_drug_including_high_level_terms_"/>
  </testsuite>
  <testsuite name="table_aet09_smq" timestamp="2024-10-29T03:37:38Z" hostname="b111e44e202c" tests="4" skipped="0" failures="0" errors="0" time="0.515">
    <testcase time="0.123999999999995" classname="table_aet09_smq" name="AET09_variant_1_AEs_related_to_study_drug_by_SMQ_is_produced_correctly"/>
    <testcase time="0.0870000000000033" classname="table_aet09_smq" name="AET09_variant_1_AEs_related_to_study_drug_by_SMQ_is_produced_correctly"/>
    <testcase time="0.197000000000003" classname="table_aet09_smq" name="AET09_variant_2_AEs_related_to_study_drug_by_SMQ_with_customized_queries_is_produced_correctly"/>
    <testcase time="0.106999999999999" classname="table_aet09_smq" name="AET09_variant_2_AEs_related_to_study_drug_by_SMQ_with_customized_queries_is_produced_correctly"/>
  </testsuite>
  <testsuite name="table_aet10" timestamp="2024-10-29T03:37:39Z" hostname="b111e44e202c" tests="2" skipped="0" failures="0" errors="0" time="0.165">
    <testcase time="0.109999999999999" classname="table_aet10" name="AET10_default_variant_is_produced_correctly"/>
    <testcase time="0.0550000000000068" classname="table_aet10" name="AET10_default_variant_is_produced_correctly"/>
  </testsuite>
  <testsuite name="table_aovt01" timestamp="2024-10-29T03:37:39Z" hostname="b111e44e202c" tests="4" skipped="0" failures="0" errors="0" time="1.187">
    <testcase time="0.35199999999999" classname="table_aovt01" name="AOVT01_variant_with_single_endpoint_is_produced_correctly"/>
    <testcase time="0.0960000000000036" classname="table_aovt01" name="AOVT01_variant_with_single_endpoint_is_produced_correctly"/>
    <testcase time="0.573999999999998" classname="table_aovt01" name="AOVT01_variant_with_multiple_endpoints_is_produced_correctly"/>
    <testcase time="0.165000000000006" classname="table_aovt01" name="AOVT01_variant_with_multiple_endpoints_is_produced_correctly"/>
  </testsuite>
  <testsuite name="table_aovt02" timestamp="2024-10-29T03:37:40Z" hostname="b111e44e202c" tests="2" skipped="0" failures="0" errors="0" time="0.392">
    <testcase time="0.310000000000002" classname="table_aovt02" name="AOVT02_is_produced_correctly"/>
    <testcase time="0.0819999999999936" classname="table_aovt02" name="AOVT02_is_produced_correctly"/>
  </testsuite>
  <testsuite name="table_aovt03" timestamp="2024-10-29T03:37:41Z" hostname="b111e44e202c" tests="2" skipped="0" failures="0" errors="0" time="0.873">
    <testcase time="0.703000000000003" classname="table_aovt03" name="AOVT03_is_produced_correctly"/>
    <testcase time="0.170000000000002" classname="table_aovt03" name="AOVT03_is_produced_correctly"/>
  </testsuite>
  <testsuite name="table_cfbt01" timestamp="2024-10-29T03:37:42Z" hostname="b111e44e202c" tests="2" skipped="0" failures="0" errors="0" time="0.669">
    <testcase time="0.438000000000002" classname="table_cfbt01" name="CFBT01_default_variant_is_produced_correctly"/>
    <testcase time="0.230999999999995" classname="table_cfbt01" name="CFBT01_default_variant_is_produced_correctly"/>
  </testsuite>
  <testsuite name="table_cmht01" timestamp="2024-10-29T03:37:42Z" hostname="b111e44e202c" tests="4" skipped="0" failures="0" errors="0" time="1.764">
    <testcase time="0.415000000000006" classname="table_cmht01" name="CMHT01_variant_1_is_produced_correctly"/>
    <testcase time="0.0989999999999895" classname="table_cmht01" name="CMHT01_variant_1_is_produced_correctly"/>
    <testcase time="0.975999999999999" classname="table_cmht01" name="CMHT01_variant_2_is_produced_correctly"/>
    <testcase time="0.274000000000001" classname="table_cmht01" name="CMHT01_variant_2_is_produced_correctly"/>
  </testsuite>
  <testsuite name="table_cmt01" timestamp="2024-10-29T03:37:44Z" hostname="b111e44e202c" tests="8" skipped="0" failures="0" errors="0" time="3.644">
    <testcase time="0.835999999999999" classname="table_cmt01" name="CMT01_default_variant_Concomitant_medications_is_produced_correctly"/>
    <testcase time="0.274000000000001" classname="table_cmt01" name="CMT01_default_variant_Concomitant_medications_is_produced_correctly"/>
    <testcase time="0.660000000000011" classname="table_cmt01" name="CMT01_variant_1_prior_medications_is_produced_correctly"/>
    <testcase time="0.288999999999987" classname="table_cmt01" name="CMT01_variant_1_prior_medications_is_produced_correctly"/>
    <testcase time="0.531000000000006" classname="table_cmt01" name="CMT01_variant_3_Concomitant_medications_is_produced_correctly"/>
    <testcase time="0.230999999999995" classname="table_cmt01" name="CMT01_variant_3_Concomitant_medications_is_produced_correctly"/>
    <testcase time="0.556000000000012" classname="table_cmt01" name="CMT01_variant_4_Concomitant_medications_is_produced_correctly"/>
    <testcase time="0.266999999999996" classname="table_cmt01" name="CMT01_variant_4_Concomitant_medications_is_produced_correctly"/>
  </testsuite>
  <testsuite name="table_cmt01a" timestamp="2024-10-29T03:37:48Z" hostname="b111e44e202c" tests="8" skipped="0" failures="0" errors="0" time="5.023">
    <testcase time="1.123" classname="table_cmt01a" name="CMT01A_variant_1_is_produced_correctly"/>
    <testcase time="0.242999999999995" classname="table_cmt01a" name="CMT01A_variant_1_is_produced_correctly"/>
    <testcase time="0.965000000000003" classname="table_cmt01a" name="CMT01A_variant_2_is_produced_correctly"/>
    <testcase time="0.248000000000005" classname="table_cmt01a" name="CMT01A_variant_2_is_produced_correctly"/>
    <testcase time="0.975999999999999" classname="table_cmt01a" name="CMT01A_variant_3_is_produced_correctly"/>
    <testcase time="0.242999999999995" classname="table_cmt01a" name="CMT01A_variant_3_is_produced_correctly"/>
    <testcase time="1.00500000000001" classname="table_cmt01a" name="CMT01A_variant_4_is_produced_correctly"/>
    <testcase time="0.219999999999999" classname="table_cmt01a" name="CMT01A_variant_4_is_produced_correctly"/>
  </testsuite>
  <testsuite name="table_cmt01b" timestamp="2024-10-29T03:37:53Z" hostname="b111e44e202c" tests="6" skipped="0" failures="0" errors="0" time="4.996">
    <testcase time="1.444" classname="table_cmt01b" name="CMT01B_variant_1_is_produced_correctly"/>
    <testcase time="0.35499999999999" classname="table_cmt01b" name="CMT01B_variant_1_is_produced_correctly"/>
    <testcase time="1.09700000000001" classname="table_cmt01b" name="CMT01B_variant_2_is_produced_correctly"/>
    <testcase time="0.280999999999992" classname="table_cmt01b" name="CMT01B_variant_2_is_produced_correctly"/>
    <testcase time="1.43100000000001" classname="table_cmt01b" name="CMT01B_variant_4_is_produced_correctly"/>
    <testcase time="0.387999999999991" classname="table_cmt01b" name="CMT01B_variant_4_is_produced_correctly"/>
  </testsuite>
  <testsuite name="table_cmt02_pt" timestamp="2024-10-29T03:37:58Z" hostname="b111e44e202c" tests="2" skipped="0" failures="0" errors="0" time="0.556">
    <testcase time="0.38600000000001" classname="table_cmt02_pt" name="CMT02_PT_default_variant_is_produced_correctly"/>
    <testcase time="0.169999999999987" classname="table_cmt02_pt" name="CMT02_PT_default_variant_is_produced_correctly"/>
  </testsuite>
  <testsuite name="table_coxt01" timestamp="2024-10-29T03:37:58Z" hostname="b111e44e202c" tests="8" skipped="0" failures="0" errors="0" time="1.712">
    <testcase time="0.263000000000005" classname="table_coxt01" name="1._Cox_Regression"/>
    <testcase time="0.0840000000000032" classname="table_coxt01" name="1._Cox_Regression"/>
    <testcase time="0.341999999999999" classname="table_coxt01" name="2._Cox_Regression_with_Interaction_Term_"/>
    <testcase time="0.0960000000000036" classname="table_coxt01" name="2._Cox_Regression_with_Interaction_Term_"/>
    <testcase time="0.358999999999995" classname="table_coxt01" name="3._Cox_Regression_specifying_covariates_"/>
    <testcase time="0.119" classname="table_coxt01" name="3._Cox_Regression_specifying_covariates_"/>
    <testcase time="0.344999999999999" classname="table_coxt01" name="4._Cox_Regression_setting_strata_ties_and_alpha_level_"/>
    <testcase time="0.103999999999999" classname="table_coxt01" name="4._Cox_Regression_setting_strata_ties_and_alpha_level_"/>
  </testsuite>
  <testsuite name="table_coxt02" timestamp="2024-10-29T03:38:00Z" hostname="b111e44e202c" tests="4" skipped="0" failures="0" errors="0" time="0.669">
    <testcase time="0.266999999999996" classname="table_coxt02" name="COXT02_default_variant_1_is_produced_correctly"/>
    <testcase time="0.092000000000013" classname="table_coxt02" name="COXT02_default_variant_1_is_produced_correctly"/>
    <testcase time="0.227999999999994" classname="table_coxt02" name="COXT02_variant_5_is_produced_correctly"/>
    <testcase time="0.0819999999999936" classname="table_coxt02" name="COXT02_variant_5_is_produced_correctly"/>
  </testsuite>
  <testsuite name="table_disclosures" timestamp="2024-10-29T03:38:00Z" hostname="b111e44e202c" tests="12" skipped="0" failures="0" errors="0" time="1.834">
    <testcase time="0.163000000000011" classname="table_disclosures" name="Patient_Disposition_table_is_produced_correctly"/>
    <testcase time="0.0999999999999943" classname="table_disclosures" name="Patient_Disposition_table_is_produced_correctly"/>
    <testcase time="0.182000000000002" classname="table_disclosures" name="Demographic_table_is_produced_correctly"/>
    <testcase time="0.155000000000001" classname="table_disclosures" name="Demographic_table_is_produced_correctly"/>
    <testcase time="0.0849999999999937" classname="table_disclosures" name="Enrollment_by_Country_Table_is_produced_correctly"/>
    <testcase time="0.0880000000000081" classname="table_disclosures" name="Enrollment_by_Country_Table_is_produced_correctly"/>
    <testcase time="0.0919999999999987" classname="table_disclosures" name="Death_table_is_produced_correctly"/>
    <testcase time="0.0549999999999926" classname="table_disclosures" name="Death_table_is_produced_correctly"/>
    <testcase time="0.299999999999997" classname="table_disclosures" name="Table_of_Serious_Adverse_Events_is_produced_correctly_for_one_specific_treatment_arm_"/>
    <testcase time="0.0880000000000081" classname="table_disclosures" name="Table_of_Serious_Adverse_Events_is_produced_correctly_for_one_specific_treatment_arm_"/>
    <testcase time="0.402999999999992" classname="table_disclosures" name="Table_of_Non_Serious_Adverse_Events_is_produced_correctly"/>
    <testcase time="0.123000000000005" classname="table_disclosures" name="Table_of_Non_Serious_Adverse_Events_is_produced_correctly"/>
  </testsuite>
  <testsuite name="table_dmt01" timestamp="2024-10-29T03:38:03Z" hostname="b111e44e202c" tests="10" skipped="0" failures="0" errors="0" time="2.641">
    <testcase time="1.122" classname="table_dmt01" name="DMT01_variant_1_is_produced_correctly"/>
    <testcase time="0.167000000000002" classname="table_dmt01" name="DMT01_variant_1_is_produced_correctly"/>
    <testcase time="0.204000000000008" classname="table_dmt01" name="DMT01_variant_2_is_produced_correctly"/>
    <testcase time="0.162999999999997" classname="table_dmt01" name="DMT01_variant_2_is_produced_correctly"/>
    <testcase time="0.218000000000004" classname="table_dmt01" name="DMT01_variant_3_is_produced_correctly"/>
    <testcase time="0.175999999999988" classname="table_dmt01" name="DMT01_variant_3_is_produced_correctly"/>
    <testcase time="0.182000000000002" classname="table_dmt01" name="DMT01_variant_4_is_produced_correctly"/>
    <testcase time="0.13300000000001" classname="table_dmt01" name="DMT01_variant_4_is_produced_correctly"/>
    <testcase time="0.157999999999987" classname="table_dmt01" name="DMT01_variant_5_is_produced_correctly"/>
    <testcase time="0.118000000000009" classname="table_dmt01" name="DMT01_variant_5_is_produced_correctly"/>
  </testsuite>
  <testsuite name="table_dort01" timestamp="2024-10-29T03:38:05Z" hostname="b111e44e202c" tests="8" skipped="0" failures="0" errors="0" time="1.452">
    <testcase time="0.268000000000001" classname="table_dort01" name="DORT01_variant_1_is_produced_correctly"/>
    <testcase time="0.137" classname="table_dort01" name="DORT01_variant_1_is_produced_correctly"/>
    <testcase time="0.275999999999996" classname="table_dort01" name="DORT01_variant_2_selecting_sectons_is_produced_correctly"/>
    <testcase time="0.0969999999999942" classname="table_dort01" name="DORT01_variant_2_selecting_sectons_is_produced_correctly"/>
    <testcase time="0.242000000000004" classname="table_dort01" name="DORT01_variant_3_modifying_conftype_and_alpha_level_is_produced_correctly"/>
    <testcase time="0.0949999999999989" classname="table_dort01" name="DORT01_variant_3_modifying_conftype_and_alpha_level_is_produced_correctly"/>
    <testcase time="0.242000000000004" classname="table_dort01" name="DORT01_variant_4_modifying_time_point_for_the_xx_duration_is_produced_correctly"/>
    <testcase time="0.0949999999999989" classname="table_dort01" name="DORT01_variant_4_modifying_time_point_for_the_xx_duration_is_produced_correctly"/>
  </testsuite>
  <testsuite name="table_dst01" timestamp="2024-10-29T03:38:06Z" hostname="b111e44e202c" tests="6" skipped="0" failures="0" errors="0" time="0.725">
    <testcase time="0.140000000000001" classname="table_dst01" name="DST01_default_variant_is_produced_correctly"/>
    <testcase time="0.0900000000000034" classname="table_dst01" name="DST01_default_variant_is_produced_correctly"/>
    <testcase time="0.203999999999994" classname="table_dst01" name="DST01_variants_2_and_3_are_produced_correctly"/>
    <testcase time="0.097999999999999" classname="table_dst01" name="DST01_variants_2_and_3_are_produced_correctly"/>
    <testcase time="0.0840000000000032" classname="table_dst01" name="DST01_variants_2_and_3_are_produced_correctly"/>
    <testcase time="0.108999999999995" classname="table_dst01" name="DST01_variants_2_and_3_are_produced_correctly"/>
  </testsuite>
  <testsuite name="table_dtht01" timestamp="2024-10-29T03:38:07Z" hostname="b111e44e202c" tests="8" skipped="0" failures="0" errors="0" time="1.107">
    <testcase time="0.111000000000004" classname="table_dtht01" name="DTHT01_variant_1_is_produced_correctly"/>
    <testcase time="0.0889999999999986" classname="table_dtht01" name="DTHT01_variant_1_is_produced_correctly"/>
    <testcase time="0.241" classname="table_dtht01" name="DTHT01_variant_2_is_produced_correctly"/>
    <testcase time="0.146000000000001" classname="table_dtht01" name="DTHT01_variant_2_is_produced_correctly"/>
    <testcase time="0.158000000000001" classname="table_dtht01" name="DTHT01_variant_3_is_produced_correctly"/>
    <testcase time="0.0819999999999936" classname="table_dtht01" name="DTHT01_variant_3_is_produced_correctly"/>
    <testcase time="0.184000000000012" classname="table_dtht01" name="DTHT01_variant_4_is_produced_correctly"/>
    <testcase time="0.0960000000000036" classname="table_dtht01" name="DTHT01_variant_4_is_produced_correctly"/>
  </testsuite>
  <testsuite name="table_egt01" timestamp="2024-10-29T03:38:08Z" hostname="b111e44e202c" tests="2" skipped="0" failures="0" errors="0" time="1.47">
    <testcase time="0.984999999999999" classname="table_egt01" name="EGT01_default_variant_is_produced_correctly"/>
    <testcase time="0.484999999999999" classname="table_egt01" name="EGT01_default_variant_is_produced_correctly"/>
  </testsuite>
  <testsuite name="table_egt02" timestamp="2024-10-29T03:38:10Z" hostname="b111e44e202c" tests="4" skipped="0" failures="0" errors="0" time="0.542">
    <testcase time="0.245999999999995" classname="table_egt02" name="_EGT02_1._Regardless_of_Abnormality_at_Baseline"/>
    <testcase time="0.0910000000000082" classname="table_egt02" name="_EGT02_1._Regardless_of_Abnormality_at_Baseline"/>
    <testcase time="0.128999999999991" classname="table_egt02" name="_EGT02_2._Among_Subjects_Without_Abnormality_at_Baseline"/>
    <testcase time="0.0760000000000076" classname="table_egt02" name="_EGT02_2._Among_Subjects_Without_Abnormality_at_Baseline"/>
  </testsuite>
  <testsuite name="table_egt03" timestamp="2024-10-29T03:38:10Z" hostname="b111e44e202c" tests="8" skipped="0" failures="0" errors="0" time="1.245">
    <testcase time="0.201999999999998" classname="table_egt03" name="EGT03_variant_1_is_produced_correctly"/>
    <testcase time="0.131999999999991" classname="table_egt03" name="EGT03_variant_1_is_produced_correctly"/>
    <testcase time="0.156000000000006" classname="table_egt03" name="EGT03_variant_2_is_produced_correctly"/>
    <testcase time="0.120999999999995" classname="table_egt03" name="EGT03_variant_2_is_produced_correctly"/>
    <testcase time="0.197000000000003" classname="table_egt03" name="EGT03_variant_3_is_produced_correctly"/>
    <testcase time="0.114000000000004" classname="table_egt03" name="EGT03_variant_3_is_produced_correctly"/>
    <testcase time="0.204999999999998" classname="table_egt03" name="EGT03_variant_4_is_produced_correctly"/>
    <testcase time="0.117999999999995" classname="table_egt03" name="EGT03_variant_4_is_produced_correctly"/>
  </testsuite>
  <testsuite name="table_egt04" timestamp="2024-10-29T03:38:11Z" hostname="b111e44e202c" tests="2" skipped="0" failures="0" errors="0" time="0.256">
    <testcase time="0.169000000000011" classname="table_egt04" name="EGT04_default_variant_is_produced_correctly"/>
    <testcase time="0.0869999999999891" classname="table_egt04" name="EGT04_default_variant_is_produced_correctly"/>
  </testsuite>
  <testsuite name="table_egt05_qtcat" timestamp="2024-10-29T03:38:12Z" hostname="b111e44e202c" tests="2" skipped="0" failures="0" errors="0" time="0.791">
    <testcase time="0.507000000000005" classname="table_egt05_qtcat" name="EGT05_QTCAT_default_variant_is_produced_correctly"/>
    <testcase time="0.284000000000006" classname="table_egt05_qtcat" name="EGT05_QTCAT_default_variant_is_produced_correctly"/>
  </testsuite>
  <testsuite name="table_ent" timestamp="2024-10-29T03:38:13Z" hostname="b111e44e202c" tests="8" skipped="0" failures="0" errors="0" time="12.955">
    <testcase time="3.25399999999999" classname="table_ent" name="ENT01_IT_is_produced_correctly"/>
    <testcase time="0.561999999999998" classname="table_ent" name="ENT01_IT_is_produced_correctly"/>
    <testcase time="2.155" classname="table_ent" name="ENT01a_IT_is_produced_correctly"/>
    <testcase time="0.534000000000006" classname="table_ent" name="ENT01a_IT_is_produced_correctly"/>
    <testcase time="3.502" classname="table_ent" name="ENT02_IT_is_produced_correctly"/>
    <testcase time="0.512" classname="table_ent" name="ENT02_IT_is_produced_correctly"/>
    <testcase time="1.949" classname="table_ent" name="ENT02a_IT_is_produced_correctly"/>
    <testcase time="0.487000000000009" classname="table_ent" name="ENT02a_IT_is_produced_correctly"/>
  </testsuite>
  <testsuite name="table_eudrat01" timestamp="2024-10-29T03:38:26Z" hostname="b111e44e202c" tests="2" skipped="0" failures="0" errors="0" time="0.546">
    <testcase time="0.420999999999992" classname="table_eudrat01" name="EUDRAT01_is_produced_correctly"/>
    <testcase time="0.125" classname="table_eudrat01" name="EUDRAT01_is_produced_correctly"/>
  </testsuite>
  <testsuite name="table_eudrat02" timestamp="2024-10-29T03:38:26Z" hostname="b111e44e202c" tests="2" skipped="0" failures="0" errors="0" time="0.416">
    <testcase time="0.328000000000003" classname="table_eudrat02" name="EUDRAT02_is_produced_correctly"/>
    <testcase time="0.0879999999999939" classname="table_eudrat02" name="EUDRAT02_is_produced_correctly"/>
  </testsuite>
  <testsuite name="table_ext01" timestamp="2024-10-29T03:38:27Z" hostname="b111e44e202c" tests="6" skipped="0" failures="0" errors="0" time="1.455">
    <testcase time="0.319000000000017" classname="table_ext01" name="EXT01_default_variant_with_numeric_parameters_is_produced_correctly"/>
    <testcase time="0.179000000000002" classname="table_ext01" name="EXT01_default_variant_with_numeric_parameters_is_produced_correctly"/>
    <testcase time="0.231999999999999" classname="table_ext01" name="EXT01_variant_with_both_numeric_and_categorical_parameters"/>
    <testcase time="0.206999999999994" classname="table_ext01" name="EXT01_variant_with_both_numeric_and_categorical_parameters"/>
    <testcase time="0.292000000000002" classname="table_ext01" name="EXT01_variant_with_user_specified_categories_for_missed_doses"/>
    <testcase time="0.225999999999999" classname="table_ext01" name="EXT01_variant_with_user_specified_categories_for_missed_doses"/>
  </testsuite>
  <testsuite name="table_lbt01" timestamp="2024-10-29T03:38:28Z" hostname="b111e44e202c" tests="2" skipped="0" failures="0" errors="0" time="1.875">
    <testcase time="1.41800000000001" classname="table_lbt01" name="LBT01_default_variant_is_produced_correctly"/>
    <testcase time="0.456999999999994" classname="table_lbt01" name="LBT01_default_variant_is_produced_correctly"/>
  </testsuite>
  <testsuite name="table_lbt02" timestamp="2024-10-29T03:38:30Z" hostname="b111e44e202c" tests="2" skipped="0" failures="0" errors="0" time="1.216">
    <testcase time="0.74799999999999" classname="table_lbt02" name="LBT02_default_variant_is_produced_correctly"/>
    <testcase time="0.468000000000018" classname="table_lbt02" name="LBT02_default_variant_is_produced_correctly"/>
  </testsuite>
  <testsuite name="table_lbt03" timestamp="2024-10-29T03:38:31Z" hostname="b111e44e202c" tests="2" skipped="0" failures="1" errors="0" time="0.275">
    <testcase time="0.165999999999997" classname="table_lbt03" name="LBT03_default_variant_is_produced_correctly"/>
    <testcase time="0.10899999999998" classname="table_lbt03" name="LBT03_default_variant_is_produced_correctly">
      <failure type="failure" message="Snapshot of code has changed: ('test-table_lbt03.R:29:3')">Snapshot of code has changed:
old[5:14] vs new[5:14]
                      (N=86)              (N=84)                (N=84)       
    —————————————————————————————————————————————————————————————————————————
    Baseline                                                                 
-     n                 86                  84                    82         
+     n                 0                   0                      0         
-     Mean (SD)    17.57 (9.22)       19.20 (10.05)          17.96 (8.72)    
+     Mean (SD)         NA                  NA                    NA         
-     Median          15.00               16.00                  17.00       
+     Median            NA                  NA                    NA         
-     Min - Max    7.00 - 69.00        6.00 - 64.00          5.00 - 70.00    
+     Min - Max         NA                  NA                    NA         
    Week 2                                                                   
      n                 83                  78                    80         
      Mean (SD)    0.29 (7.80)         1.72 (6.85)            2.78 (7.03)    

* Run `testthat::snapshot_accept('table_lbt03')` to accept the change.
* Run `testthat::snapshot_review('table_lbt03')` to interactively review the change.</failure>
    </testcase>
  </testsuite>
  <testsuite name="table_lbt04" timestamp="2024-10-29T03:38:32Z" hostname="b111e44e202c" tests="2" skipped="0" failures="0" errors="0" time="1.242">
    <testcase time="1.054" classname="table_lbt04" name="LBT04_default_variant_is_produced_correctly"/>
    <testcase time="0.188000000000017" classname="table_lbt04" name="LBT04_default_variant_is_produced_correctly"/>
  </testsuite>
  <testsuite name="table_lbt05" timestamp="2024-10-29T03:38:33Z" hostname="b111e44e202c" tests="6" skipped="0" failures="0" errors="0" time="6.357">
    <testcase time="2.06299999999999" classname="table_lbt05" name="LBT05_variant_1_is_produced_correctly"/>
    <testcase time="0.370000000000005" classname="table_lbt05" name="LBT05_variant_1_is_produced_correctly"/>
    <testcase time="1.55500000000001" classname="table_lbt05" name="LBT05_variant_2_is_produced_correctly"/>
    <testcase time="0.469999999999999" classname="table_lbt05" name="LBT05_variant_2_is_produced_correctly"/>
    <testcase time="1.56099999999998" classname="table_lbt05" name="LBT05_variant_4_is_produced_correctly"/>
    <testcase time="0.338000000000022" classname="table_lbt05" name="LBT05_variant_4_is_produced_correctly"/>
  </testsuite>
  <testsuite name="table_lbt06" timestamp="2024-10-29T03:38:39Z" hostname="b111e44e202c" tests="2" skipped="0" failures="0" errors="0" time="0.471">
    <testcase time="0.310000000000002" classname="table_lbt06" name="LBT06_default_variant_is_produced_correctly"/>
    <testcase time="0.161000000000001" classname="table_lbt06" name="LBT06_default_variant_is_produced_correctly"/>
  </testsuite>
  <testsuite name="table_lbt07" timestamp="2024-10-29T03:38:40Z" hostname="b111e44e202c" tests="2" skipped="0" failures="0" errors="0" time="2.233">
    <testcase time="1.94799999999998" classname="table_lbt07" name="LBT07_is_produced_correctly"/>
    <testcase time="0.284999999999997" classname="table_lbt07" name="LBT07_is_produced_correctly"/>
  </testsuite>
  <testsuite name="table_lbt08" timestamp="2024-10-29T03:38:42Z" hostname="b111e44e202c" tests="2" skipped="0" failures="0" errors="0" time="0.36">
    <testcase time="0.241000000000014" classname="table_lbt08" name="LBT08_produce_correctly"/>
    <testcase time="0.119" classname="table_lbt08" name="LBT08_produce_correctly"/>
  </testsuite>
  <testsuite name="table_lbt09" timestamp="2024-10-29T03:38:42Z" hostname="b111e44e202c" tests="4" skipped="0" failures="0" errors="0" time="0.884">
    <testcase time="0.300000000000011" classname="table_lbt09" name="LBT09_variant_1_works_as_expected"/>
    <testcase time="0.149000000000001" classname="table_lbt09" name="LBT09_variant_1_works_as_expected"/>
    <testcase time="0.276999999999987" classname="table_lbt09" name="LBT09_variant_2_works_as_expected"/>
    <testcase time="0.157999999999987" classname="table_lbt09" name="LBT09_variant_2_works_as_expected"/>
  </testsuite>
  <testsuite name="table_lbt10" timestamp="2024-10-29T03:38:43Z" hostname="b111e44e202c" tests="4" skipped="0" failures="0" errors="0" time="1.146">
    <testcase time="0.643000000000001" classname="table_lbt10" name="LBT10_variant_1_works_as_expected"/>
    <testcase time="0.0790000000000077" classname="table_lbt10" name="LBT10_variant_1_works_as_expected"/>
    <testcase time="0.366000000000014" classname="table_lbt10" name="LBT10_variant_2_works_as_expected"/>
    <testcase time="0.0579999999999927" classname="table_lbt10" name="LBT10_variant_2_works_as_expected"/>
  </testsuite>
  <testsuite name="table_lbt10_bl" timestamp="2024-10-29T03:38:44Z" hostname="b111e44e202c" tests="4" skipped="0" failures="0" errors="0" time="0.47">
    <testcase time="0.224999999999994" classname="table_lbt10_bl" name="LBT10_BL_variant_1_works_as_expected"/>
    <testcase time="0.0699999999999932" classname="table_lbt10_bl" name="LBT10_BL_variant_1_works_as_expected"/>
    <testcase time="0.117000000000019" classname="table_lbt10_bl" name="LBT10_BL_variant_2_works_as_expected"/>
    <testcase time="0.0579999999999927" classname="table_lbt10_bl" name="LBT10_BL_variant_2_works_as_expected"/>
  </testsuite>
  <testsuite name="table_lbt11" timestamp="2024-10-29T03:38:44Z" hostname="b111e44e202c" tests="6" skipped="0" failures="0" errors="0" time="0.696">
    <testcase time="0.175000000000011" classname="table_lbt11" name="LBT11_variant_1_works_as_expected"/>
    <testcase time="0.0929999999999893" classname="table_lbt11" name="LBT11_variant_1_works_as_expected"/>
    <testcase time="0.0829999999999984" classname="table_lbt11" name="LBT11_variant_2_works_as_expected"/>
    <testcase time="0.0869999999999891" classname="table_lbt11" name="LBT11_variant_2_works_as_expected"/>
    <testcase time="0.141999999999996" classname="table_lbt11" name="LBT11_variant_3_works_as_expected"/>
    <testcase time="0.116000000000014" classname="table_lbt11" name="LBT11_variant_3_works_as_expected"/>
  </testsuite>
  <testsuite name="table_lbt11_bl" timestamp="2024-10-29T03:38:45Z" hostname="b111e44e202c" tests="6" skipped="0" failures="0" errors="0" time="0.753">
    <testcase time="0.181000000000012" classname="table_lbt11_bl" name="LBT11_BL_variant_1_works_as_expected"/>
    <testcase time="0.100999999999999" classname="table_lbt11_bl" name="LBT11_BL_variant_1_works_as_expected"/>
    <testcase time="0.0960000000000036" classname="table_lbt11_bl" name="LBT11_BL_variant_2_works_as_expected"/>
    <testcase time="0.0779999999999745" classname="table_lbt11_bl" name="LBT11_BL_variant_2_works_as_expected"/>
    <testcase time="0.191000000000003" classname="table_lbt11_bl" name="LBT11_BL_variant_3_works_as_expected"/>
    <testcase time="0.106000000000023" classname="table_lbt11_bl" name="LBT11_BL_variant_3_works_as_expected"/>
  </testsuite>
  <testsuite name="table_lbt12" timestamp="2024-10-29T03:38:46Z" hostname="b111e44e202c" tests="2" skipped="0" failures="0" errors="0" time="0.383">
    <testcase time="0.288999999999987" classname="table_lbt12" name="LBT12_works_as_expected"/>
    <testcase time="0.0939999999999941" classname="table_lbt12" name="LBT12_works_as_expected"/>
  </testsuite>
  <testsuite name="table_lbt12_bl" timestamp="2024-10-29T03:38:46Z" hostname="b111e44e202c" tests="2" skipped="0" failures="0" errors="0" time="0.344">
    <testcase time="0.265999999999991" classname="table_lbt12_bl" name="LBT12_BL_works_as_expected"/>
    <testcase time="0.078000000000003" classname="table_lbt12_bl" name="LBT12_BL_works_as_expected"/>
  </testsuite>
  <testsuite name="table_lbt13" timestamp="2024-10-29T03:38:47Z" hostname="b111e44e202c" tests="10" skipped="0" failures="0" errors="0" time="2.166">
    <testcase time="0.768000000000001" classname="table_lbt13" name="LBT13_variant_1_LOW_works_as_expected"/>
    <testcase time="0.0829999999999984" classname="table_lbt13" name="LBT13_variant_1_LOW_works_as_expected"/>
    <testcase time="0.14500000000001" classname="table_lbt13" name="LBT13_variant_2_HIGH_works_as_expected"/>
    <testcase time="0.061000000000007" classname="table_lbt13" name="LBT13_variant_2_HIGH_works_as_expected"/>
    <testcase time="0.224999999999994" classname="table_lbt13" name="LBT13_variant_3_LOW_without_baseline_missing_works_as_expected"/>
    <testcase time="0.0829999999999984" classname="table_lbt13" name="LBT13_variant_3_LOW_without_baseline_missing_works_as_expected"/>
    <testcase time="0.138000000000005" classname="table_lbt13" name="LBT13_variant_4_HIGH_with_missing_baseline_considered_as_grade_0_works_as_expected"/>
    <testcase time="0.0660000000000025" classname="table_lbt13" name="LBT13_variant_4_HIGH_with_missing_baseline_considered_as_grade_0_works_as_expected"/>
    <testcase time="0.382999999999981" classname="table_lbt13" name="LBT14_variant_5_HIGH_with_filled_in_grades_works_as_expected"/>
    <testcase time="0.213999999999999" classname="table_lbt13" name="LBT14_variant_5_HIGH_with_filled_in_grades_works_as_expected"/>
  </testsuite>
  <testsuite name="table_lbt14" timestamp="2024-10-29T03:38:49Z" hostname="b111e44e202c" tests="10" skipped="0" failures="0" errors="0" time="27.044">
    <testcase time="5.42600000000002" classname="table_lbt14" name="LBT14_variant_1_HIGH_works_as_expected"/>
    <testcase time="0.431999999999988" classname="table_lbt14" name="LBT14_variant_1_HIGH_works_as_expected"/>
    <testcase time="4.90700000000001" classname="table_lbt14" name="LBT14_variant_2_LOW_works_as_expected"/>
    <testcase time="0.305000000000007" classname="table_lbt14" name="LBT14_variant_2_LOW_works_as_expected"/>
    <testcase time="3.25699999999998" classname="table_lbt14" name="LBT14_variant_3_LOW_without_baseline_missing_works_as_expected"/>
    <testcase time="0.387" classname="table_lbt14" name="LBT14_variant_3_LOW_without_baseline_missing_works_as_expected"/>
    <testcase time="4.90200000000002" classname="table_lbt14" name="LBT14_variant_4_LOW_and_force_1_missing_both_baseline_and_post_baseline_then_force_the_missing_baseline_as_0_as_expected"/>
    <testcase time="0.228999999999985" classname="table_lbt14" name="LBT14_variant_4_LOW_and_force_1_missing_both_baseline_and_post_baseline_then_force_the_missing_baseline_as_0_as_expected"/>
    <testcase time="4.64600000000002" classname="table_lbt14" name="LBT14_variant_5_HIGH_with_fillings_works_as_expected"/>
    <testcase time="2.553" classname="table_lbt14" name="LBT14_variant_5_HIGH_with_fillings_works_as_expected"/>
  </testsuite>
  <testsuite name="table_lbt15" timestamp="2024-10-29T03:39:16Z" hostname="b111e44e202c" tests="4" skipped="0" failures="0" errors="0" time="1.418">
    <testcase time="0.562000000000012" classname="table_lbt15" name="LBT15_variant_1_works_as_expected"/>
    <testcase time="0.184999999999974" classname="table_lbt15" name="LBT15_variant_1_works_as_expected"/>
    <testcase time="0.498000000000019" classname="table_lbt15" name="LBT15_variant_2_works_as_expected"/>
    <testcase time="0.173000000000002" classname="table_lbt15" name="LBT15_variant_2_works_as_expected"/>
  </testsuite>
  <testsuite name="table_lgrt02" timestamp="2024-10-29T03:39:17Z" hostname="b111e44e202c" tests="8" skipped="0" failures="0" errors="0" time="2.701">
    <testcase time="0.489000000000004" classname="table_lgrt02" name="LGRT02_without_interaction_term_is_produced_correctly"/>
    <testcase time="0.145999999999987" classname="table_lgrt02" name="LGRT02_without_interaction_term_is_produced_correctly"/>
    <testcase time="0.558999999999997" classname="table_lgrt02" name="LGRT02_with_categorical_interaction_is_produced_correctly"/>
    <testcase time="0.170999999999992" classname="table_lgrt02" name="LGRT02_with_categorical_interaction_is_produced_correctly"/>
    <testcase time="0.549000000000007" classname="table_lgrt02" name="LGRT02_with_continuous_interaction_is_produced_correctly"/>
    <testcase time="0.157000000000011" classname="table_lgrt02" name="LGRT02_with_continuous_interaction_is_produced_correctly"/>
    <testcase time="0.480999999999995" classname="table_lgrt02" name="LGRT02_with_setting_values_indicating_an_event_and_custom_alpha_level_is_produced_correctly"/>
    <testcase time="0.149000000000001" classname="table_lgrt02" name="LGRT02_with_setting_values_indicating_an_event_and_custom_alpha_level_is_produced_correctly"/>
  </testsuite>
  <testsuite name="table_mht01" timestamp="2024-10-29T03:39:20Z" hostname="b111e44e202c" tests="8" skipped="0" failures="0" errors="0" time="1.432">
    <testcase time="0.296999999999997" classname="table_mht01" name="MHT01_variant_1_is_produced_accurately"/>
    <testcase time="0.126000000000005" classname="table_mht01" name="MHT01_variant_1_is_produced_accurately"/>
    <testcase time="0.109000000000009" classname="table_mht01" name="MHT01_variant_2_is_produced_accurately"/>
    <testcase time="0.0659999999999741" classname="table_mht01" name="MHT01_variant_2_is_produced_accurately"/>
    <testcase time="0.248000000000019" classname="table_mht01" name="MHT01_variant_3_is_produced_accurately"/>
    <testcase time="0.120000000000005" classname="table_mht01" name="MHT01_variant_3_is_produced_accurately"/>
    <testcase time="0.324999999999989" classname="table_mht01" name="MHT01_variant_5_is_produced_accurately"/>
    <testcase time="0.140999999999991" classname="table_mht01" name="MHT01_variant_5_is_produced_accurately"/>
  </testsuite>
  <testsuite name="table_onct05" timestamp="2024-10-29T03:39:21Z" hostname="b111e44e202c" tests="8" skipped="0" failures="0" errors="0" time="1.923">
    <testcase time="0.427999999999997" classname="table_onct05" name="ONCT05_variant_1_Objective_Response_Rate_by_Subgroup_is_produced_correctly"/>
    <testcase time="0.109000000000009" classname="table_onct05" name="ONCT05_variant_1_Objective_Response_Rate_by_Subgroup_is_produced_correctly"/>
    <testcase time="0.444999999999993" classname="table_onct05" name="ONCT05_variant_2_Specifying_class_variables_is_produced_correctly"/>
    <testcase time="0.128000000000014" classname="table_onct05" name="ONCT05_variant_2_Specifying_class_variables_is_produced_correctly"/>
    <testcase time="0.186000000000007" classname="table_onct05" name="ONCT05_variant_3_selecting_columns_and_changing_the_alpha_level_is_produced_correctly"/>
    <testcase time="0.0949999999999989" classname="table_onct05" name="ONCT05_variant_3_selecting_columns_and_changing_the_alpha_level_is_produced_correctly"/>
    <testcase time="0.408999999999992" classname="table_onct05" name="ONCT05_variant_4_setting_values_indicating_response_is_produced_correctly"/>
    <testcase time="0.12299999999999" classname="table_onct05" name="ONCT05_variant_4_setting_values_indicating_response_is_produced_correctly"/>
  </testsuite>
  <testsuite name="table_pdt01" timestamp="2024-10-29T03:39:23Z" hostname="b111e44e202c" tests="2" skipped="0" failures="0" errors="0" time="0.406">
    <testcase time="0.265000000000015" classname="table_pdt01" name="PDT01_is_produced_correctly"/>
    <testcase time="0.140999999999991" classname="table_pdt01" name="PDT01_is_produced_correctly"/>
  </testsuite>
  <testsuite name="table_pdt02" timestamp="2024-10-29T03:39:24Z" hostname="b111e44e202c" tests="2" skipped="0" failures="0" errors="0" time="0.231">
    <testcase time="0.158000000000015" classname="table_pdt02" name="PDT02_is_produced_correctly"/>
    <testcase time="0.0729999999999791" classname="table_pdt02" name="PDT02_is_produced_correctly"/>
  </testsuite>
  <testsuite name="table_pkct01" timestamp="2024-10-29T03:39:24Z" hostname="b111e44e202c" tests="10" skipped="0" failures="0" errors="0" time="3.017">
    <testcase time="0.263000000000005" classname="table_pkct01" name="PKCT01_is_produced_correctly"/>
    <testcase time="0.085000000000008" classname="table_pkct01" name="PKCT01_is_produced_correctly"/>
    <testcase time="0.132000000000005" classname="table_pkct01" name="PKCT01_is_produced_correctly"/>
    <testcase time="0.0529999999999973" classname="table_pkct01" name="PKCT01_is_produced_correctly"/>
    <testcase time="0.847999999999985" classname="table_pkct01" name="Specific_PKCT01_features_are_present"/>
    <testcase time="0.217000000000013" classname="table_pkct01" name="Specific_PKCT01_features_are_present"/>
    <testcase time="0.197000000000003" classname="table_pkct01" name="Specific_PKCT01_features_are_present"/>
    <testcase time="0.0029999999999859" classname="table_pkct01" name="Specific_PKCT01_features_are_present"/>
    <testcase time="0.683999999999997" classname="table_pkct01" name="Specific_PKCT01_features_are_present"/>
    <testcase time="0.534999999999997" classname="table_pkct01" name="Specific_PKCT01_features_are_present"/>
  </testsuite>
  <testsuite name="table_pkpt02" timestamp="2024-10-29T03:39:27Z" hostname="b111e44e202c" tests="2" skipped="0" failures="0" errors="0" time="0.524">
    <testcase time="0.298000000000002" classname="table_pkpt02" name="PKPT02_is_produced_correctly_for_Drug_X"/>
    <testcase time="0.225999999999999" classname="table_pkpt02" name="PKPT02_is_produced_correctly_for_Drug_X"/>
  </testsuite>
  <testsuite name="table_pkpt03" timestamp="2024-10-29T03:39:27Z" hostname="b111e44e202c" tests="2" skipped="0" failures="0" errors="0" time="1.073">
    <testcase time="0.878000000000014" classname="table_pkpt03" name="PKPT03_Drug_X_is_produced_correctly"/>
    <testcase time="0.194999999999993" classname="table_pkpt03" name="PKPT03_Drug_X_is_produced_correctly"/>
  </testsuite>
  <testsuite name="table_pkpt04" timestamp="2024-10-29T03:39:29Z" hostname="b111e44e202c" tests="2" skipped="0" failures="0" errors="0" time="0.197">
    <testcase time="0.0960000000000036" classname="table_pkpt04" name="PKPT04_is_produced_correctly_for_Drug_X"/>
    <testcase time="0.100999999999999" classname="table_pkpt04" name="PKPT04_is_produced_correctly_for_Drug_X"/>
  </testsuite>
  <testsuite name="table_pkpt05" timestamp="2024-10-29T03:39:29Z" hostname="b111e44e202c" tests="2" skipped="0" failures="0" errors="0" time="0.396">
    <testcase time="0.292000000000002" classname="table_pkpt05" name="PKPT05_Drug_X_is_produced_correctly"/>
    <testcase time="0.104000000000013" classname="table_pkpt05" name="PKPT05_Drug_X_is_produced_correctly"/>
  </testsuite>
  <testsuite name="table_pkpt06" timestamp="2024-10-29T03:39:29Z" hostname="b111e44e202c" tests="4" skipped="0" failures="0" errors="0" time="0.274">
    <testcase time="0.105999999999995" classname="table_pkpt06" name="PKPT06_is_produced_correctly_for_Drug_X"/>
    <testcase time="0.0660000000000025" classname="table_pkpt06" name="PKPT06_is_produced_correctly_for_Drug_X"/>
    <testcase time="0.0480000000000018" classname="table_pkpt06" name="PKPT06_is_produced_correctly_for_Drug_Y"/>
    <testcase time="0.054000000000002" classname="table_pkpt06" name="PKPT06_is_produced_correctly_for_Drug_Y"/>
  </testsuite>
  <testsuite name="table_pkpt07" timestamp="2024-10-29T03:39:29Z" hostname="b111e44e202c" tests="4" skipped="0" failures="0" errors="0" time="0.525">
    <testcase time="0.214999999999975" classname="table_pkpt07" name="PKPT07_Drug_X_is_produced_correctly"/>
    <testcase time="0.0930000000000177" classname="table_pkpt07" name="PKPT07_Drug_X_is_produced_correctly"/>
    <testcase time="0.132000000000005" classname="table_pkpt07" name="PKPT07_Drug_Y_is_produced_correctly"/>
    <testcase time="0.0849999999999795" classname="table_pkpt07" name="PKPT07_Drug_Y_is_produced_correctly"/>
  </testsuite>
  <testsuite name="table_ratet01" timestamp="2024-10-29T03:39:30Z" hostname="b111e44e202c" tests="2" skipped="0" failures="0" errors="0" time="0.705">
    <testcase time="0.562000000000012" classname="table_ratet01" name="RATET01_is_produced_correctly"/>
    <testcase time="0.143000000000001" classname="table_ratet01" name="RATET01_is_produced_correctly"/>
  </testsuite>
  <testsuite name="table_rmpt01" timestamp="2024-10-29T03:39:31Z" hostname="b111e44e202c" tests="2" skipped="0" failures="0" errors="0" time="0.204">
    <testcase time="0.127999999999986" classname="table_rmpt01" name="RMPT01_is_produced_correctly"/>
    <testcase time="0.0760000000000218" classname="table_rmpt01" name="RMPT01_is_produced_correctly"/>
  </testsuite>
  <testsuite name="table_rmpt03" timestamp="2024-10-29T03:39:31Z" hostname="b111e44e202c" tests="4" skipped="0" failures="0" errors="0" time="0.536">
    <testcase time="0.188999999999993" classname="table_rmpt03" name="RMPT03_variant_1_is_produced_correctly"/>
    <testcase time="0.102000000000004" classname="table_rmpt03" name="RMPT03_variant_1_is_produced_correctly"/>
    <testcase time="0.140999999999991" classname="table_rmpt03" name="RMPT03_variant_2_is_produced_correctly"/>
    <testcase time="0.104000000000013" classname="table_rmpt03" name="RMPT03_variant_2_is_produced_correctly"/>
  </testsuite>
  <testsuite name="table_rmpt04" timestamp="2024-10-29T03:39:31Z" hostname="b111e44e202c" tests="2" skipped="0" failures="0" errors="0" time="0.182">
    <testcase time="0.125999999999976" classname="table_rmpt04" name="RMPT04_variant_1_is_produced_correctly"/>
    <testcase time="0.0560000000000116" classname="table_rmpt04" name="RMPT04_variant_1_is_produced_correctly"/>
  </testsuite>
  <testsuite name="table_rmpt05" timestamp="2024-10-29T03:39:32Z" hostname="b111e44e202c" tests="2" skipped="0" failures="0" errors="0" time="0.23">
    <testcase time="0.164999999999992" classname="table_rmpt05" name="RMPT05_is_produced_correctly"/>
    <testcase time="0.0649999999999977" classname="table_rmpt05" name="RMPT05_is_produced_correctly"/>
  </testsuite>
  <testsuite name="table_rmpt06" timestamp="2024-10-29T03:39:32Z" hostname="b111e44e202c" tests="8" skipped="0" failures="0" errors="0" time="1.538">
    <testcase time="0.305000000000007" classname="table_rmpt06" name="RMPT06_variant_1_is_produced_correctly"/>
    <testcase time="0.123999999999995" classname="table_rmpt06" name="RMPT06_variant_1_is_produced_correctly"/>
    <testcase time="0.198000000000008" classname="table_rmpt06" name="RMPT06_variant_2_is_produced_correctly"/>
    <testcase time="0.102000000000004" classname="table_rmpt06" name="RMPT06_variant_2_is_produced_correctly"/>
    <testcase time="0.282999999999987" classname="table_rmpt06" name="RMPT06_variant_3_is_produced_correctly"/>
    <testcase time="0.110000000000014" classname="table_rmpt06" name="RMPT06_variant_3_is_produced_correctly"/>
    <testcase time="0.284999999999997" classname="table_rmpt06" name="RMPT06_variant_4_is_produced_correctly"/>
    <testcase time="0.131" classname="table_rmpt06" name="RMPT06_variant_4_is_produced_correctly"/>
  </testsuite>
  <testsuite name="table_rspt01" timestamp="2024-10-29T03:39:33Z" hostname="b111e44e202c" tests="12" skipped="0" failures="0" errors="0" time="2.345">
    <testcase time="0.27000000000001" classname="table_rspt01" name="RSPT01_1._Best_Overall_Response"/>
    <testcase time="0.106999999999999" classname="table_rspt01" name="RSPT01_1._Best_Overall_Response"/>
    <testcase time="0.240999999999985" classname="table_rspt01" name="RSPT01_2._Best_Overall_Response_selecting_sections_to_display_"/>
    <testcase time="0.123999999999995" classname="table_rspt01" name="RSPT01_2._Best_Overall_Response_selecting_sections_to_display_"/>
    <testcase time="0.305000000000007" classname="table_rspt01" name="RSPT01_3._Best_Overall_Response_modifying_settings_"/>
    <testcase time="0.103000000000009" classname="table_rspt01" name="RSPT01_3._Best_Overall_Response_modifying_settings_"/>
    <testcase time="0.364000000000004" classname="table_rspt01" name="RSPT01_4._Best_Overall_Response_with_stratified_analysis_"/>
    <testcase time="0.120999999999981" classname="table_rspt01" name="RSPT01_4._Best_Overall_Response_with_stratified_analysis_"/>
    <testcase time="0.263000000000005" classname="table_rspt01" name="RSPT01_5._Best_Overall_Response_modifying_the_definition_of_overall_response_"/>
    <testcase time="0.129999999999995" classname="table_rspt01" name="RSPT01_5._Best_Overall_Response_modifying_the_definition_of_overall_response_"/>
    <testcase time="0.200999999999993" classname="table_rspt01" name="RSPT01_6._Best_Overall_Response_define_new_sections_to_display_"/>
    <testcase time="0.116000000000014" classname="table_rspt01" name="RSPT01_6._Best_Overall_Response_define_new_sections_to_display_"/>
  </testsuite>
  <testsuite name="table_ttet01" timestamp="2024-10-29T03:39:36Z" hostname="b111e44e202c" tests="14" skipped="0" failures="0" errors="0" time="3.38">
    <testcase time="0.389999999999986" classname="table_ttet01" name="TTET01_default_variant_is_produced_correctly"/>
    <testcase time="0.183000000000021" classname="table_ttet01" name="TTET01_default_variant_is_produced_correctly"/>
    <testcase time="0.37299999999999" classname="table_ttet01" name="TTET01_default_variant_with_Placebo_arm"/>
    <testcase time="0.181000000000012" classname="table_ttet01" name="TTET01_default_variant_with_Placebo_arm"/>
    <testcase time="0.213999999999999" classname="table_ttet01" name="TTET01_variant_2_selecting_sections_to_display"/>
    <testcase time="0.106999999999999" classname="table_ttet01" name="TTET01_variant_2_selecting_sections_to_display"/>
    <testcase time="0.307999999999993" classname="table_ttet01" name="TTET01_variant_3_modifying_analysis_details_like_conftype_ties_alpha_level"/>
    <testcase time="0.155000000000001" classname="table_ttet01" name="TTET01_variant_3_modifying_analysis_details_like_conftype_ties_alpha_level"/>
    <testcase time="0.338999999999999" classname="table_ttet01" name="TTET01_variant_4_with_stratified_analysis"/>
    <testcase time="0.171999999999997" classname="table_ttet01" name="TTET01_variant_4_with_stratified_analysis"/>
    <testcase time="0.300000000000011" classname="table_ttet01" name="TTET01_variant_5_modifying_time_point"/>
    <testcase time="0.131" classname="table_ttet01" name="TTET01_variant_5_modifying_time_point"/>
    <testcase time="0.388999999999982" classname="table_ttet01" name="TTET01_variant_6_requesting_more_than_one_p_value"/>
    <testcase time="0.138000000000005" classname="table_ttet01" name="TTET01_variant_6_requesting_more_than_one_p_value"/>
  </testsuite>
  <testsuite name="table_vst01" timestamp="2024-10-29T03:39:39Z" hostname="b111e44e202c" tests="2" skipped="0" failures="0" errors="0" time="1.048">
    <testcase time="0.746000000000009" classname="table_vst01" name="VST01_default_variant_is_produced_correctly"/>
    <testcase time="0.301999999999992" classname="table_vst01" name="VST01_default_variant_is_produced_correctly"/>
  </testsuite>
  <testsuite name="table_vst02" timestamp="2024-10-29T03:39:40Z" hostname="b111e44e202c" tests="4" skipped="0" failures="0" errors="0" time="1.126">
    <testcase time="0.63900000000001" classname="table_vst02" name="1._Vital_Sign_Abnormalities_Regardless_of_Abnormality_at_Baseline_VST02_1_"/>
    <testcase time="0.11099999999999" classname="table_vst02" name="1._Vital_Sign_Abnormalities_Regardless_of_Abnormality_at_Baseline_VST02_1_"/>
    <testcase time="0.263000000000005" classname="table_vst02" name="2._Vital_Sign_Abnormalities_Among_Subject_Without_Abnormality_at_Baseline_VST02_2_"/>
    <testcase time="0.113" classname="table_vst02" name="2._Vital_Sign_Abnormalities_Among_Subject_Without_Abnormality_at_Baseline_VST02_2_"/>
  </testsuite>
</testsuites>
