<?xml version="1.0" encoding="UTF-8"?>
<testsuites>
  <testsuite name="listing_adal02" timestamp="2024-10-15T23:22:26Z" hostname="37849aed6a28" tests="1" skipped="0" failures="0" errors="0" time="0.25">
    <testcase time="0.25" classname="listing_adal02" name="ADAL02_listing_is_produced_correctly"/>
  </testsuite>
  <testsuite name="listing_ael01" timestamp="2024-10-15T23:22:26Z" hostname="37849aed6a28" tests="1" skipped="0" failures="0" errors="0" time="0.197">
    <testcase time="0.196999999999999" classname="listing_ael01" name="AEL01_listing_is_produced_correctly"/>
  </testsuite>
  <testsuite name="listing_ael01_nollt" timestamp="2024-10-15T23:22:26Z" hostname="37849aed6a28" tests="1" skipped="0" failures="0" errors="0" time="0.072">
    <testcase time="0.072000000000001" classname="listing_ael01_nollt" name="AEL01_NOLLT_listing_is_produced_correctly"/>
  </testsuite>
  <testsuite name="listing_ael02" timestamp="2024-10-15T23:22:26Z" hostname="37849aed6a28" tests="1" skipped="0" failures="0" errors="0" time="0.291">
    <testcase time="0.291" classname="listing_ael02" name="AEL02_listing_is_produced_correctly"/>
  </testsuite>
  <testsuite name="listing_ael02_ed" timestamp="2024-10-15T23:22:27Z" hostname="37849aed6a28" tests="1" skipped="0" failures="0" errors="0" time="0.335">
    <testcase time="0.334999999999999" classname="listing_ael02_ed" name="AEL02_ED_listing_is_produced_correctly"/>
  </testsuite>
  <testsuite name="listing_ael03" timestamp="2024-10-15T23:22:27Z" hostname="37849aed6a28" tests="1" skipped="0" failures="0" errors="0" time="0.277">
    <testcase time="0.277000000000001" classname="listing_ael03" name="AEL03_listing_is_produced_correctly"/>
  </testsuite>
  <testsuite name="listing_ael04" timestamp="2024-10-15T23:22:27Z" hostname="37849aed6a28" tests="1" skipped="0" failures="0" errors="0" time="0.218">
    <testcase time="0.218" classname="listing_ael04" name="AEL04_listing_is_produced_correctly"/>
  </testsuite>
  <testsuite name="listing_cml01" timestamp="2024-10-15T23:22:27Z" hostname="37849aed6a28" tests="1" skipped="0" failures="0" errors="0" time="0.335">
    <testcase time="0.334999999999999" classname="listing_cml01" name="CML01_listing_is_produced_correctly"/>
  </testsuite>
  <testsuite name="listing_cml02a_gl" timestamp="2024-10-15T23:22:28Z" hostname="37849aed6a28" tests="1" skipped="0" failures="0" errors="0" time="0.117">
    <testcase time="0.117000000000001" classname="listing_cml02a_gl" name="CML02A_GL_listing_is_produced_correctly"/>
  </testsuite>
  <testsuite name="listing_cml02b_gl" timestamp="2024-10-15T23:22:28Z" hostname="37849aed6a28" tests="1" skipped="0" failures="0" errors="0" time="0.167">
    <testcase time="0.167" classname="listing_cml02b_gl" name="CML02B_GL_listing_is_produced_correctly"/>
  </testsuite>
  <testsuite name="listing_dsl01" timestamp="2024-10-15T23:22:28Z" hostname="37849aed6a28" tests="1" skipped="0" failures="0" errors="0" time="0.173">
    <testcase time="0.173" classname="listing_dsl01" name="DSL01_listing_is_produced_correctly"/>
  </testsuite>
  <testsuite name="listing_dsl02" timestamp="2024-10-15T23:22:28Z" hostname="37849aed6a28" tests="1" skipped="0" failures="0" errors="0" time="0.074">
    <testcase time="0.0739999999999998" classname="listing_dsl02" name="DSL02_listing_is_produced_correctly"/>
  </testsuite>
  <testsuite name="listing_dsur4" timestamp="2024-10-15T23:22:28Z" hostname="37849aed6a28" tests="1" skipped="0" failures="0" errors="0" time="0.113">
    <testcase time="0.113" classname="listing_dsur4" name="DSUR4_listing_is_produced_correctly"/>
  </testsuite>
  <testsuite name="listing_egl01" timestamp="2024-10-15T23:22:28Z" hostname="37849aed6a28" tests="1" skipped="0" failures="0" errors="0" time="0.29">
    <testcase time="0.290000000000001" classname="listing_egl01" name="EGL01_listing_is_produced_correctly"/>
  </testsuite>
  <testsuite name="listing_exl01" timestamp="2024-10-15T23:22:29Z" hostname="37849aed6a28" tests="1" skipped="0" failures="0" errors="0" time="0.224">
    <testcase time="0.223999999999998" classname="listing_exl01" name="EXL01_listing_is_produced_correctly"/>
  </testsuite>
  <testsuite name="listing_lbl01" timestamp="2024-10-15T23:22:29Z" hostname="37849aed6a28" tests="1" skipped="0" failures="0" errors="0" time="0.542">
    <testcase time="0.542000000000002" classname="listing_lbl01" name="LBL01_listing_is_produced_correctly"/>
  </testsuite>
  <testsuite name="listing_lbl01_rls" timestamp="2024-10-15T23:22:29Z" hostname="37849aed6a28" tests="1" skipped="0" failures="0" errors="0" time="0.543">
    <testcase time="0.542999999999999" classname="listing_lbl01_rls" name="LBL01_RLS_listing_is_produced_correctly"/>
  </testsuite>
  <testsuite name="listing_lbl02a" timestamp="2024-10-15T23:22:30Z" hostname="37849aed6a28" tests="1" skipped="0" failures="0" errors="0" time="0.259">
    <testcase time="0.259" classname="listing_lbl02a" name="LBL02A_listing_is_produced_correctly"/>
  </testsuite>
  <testsuite name="listing_lbl02a_rls" timestamp="2024-10-15T23:22:30Z" hostname="37849aed6a28" tests="1" skipped="0" failures="0" errors="0" time="0.84">
    <testcase time="0.84" classname="listing_lbl02a_rls" name="LBL02A_RLS_listing_is_produced_correctly"/>
  </testsuite>
  <testsuite name="listing_lbl02b" timestamp="2024-10-15T23:22:31Z" hostname="37849aed6a28" tests="1" skipped="0" failures="0" errors="0" time="0.262">
    <testcase time="0.262" classname="listing_lbl02b" name="LBL02B_listing_is_produced_correctly"/>
  </testsuite>
  <testsuite name="listing_mhl01" timestamp="2024-10-15T23:22:31Z" hostname="37849aed6a28" tests="1" skipped="0" failures="0" errors="0" time="0.264">
    <testcase time="0.263999999999999" classname="listing_mhl01" name="MHL01_listing_is_produced_correctly"/>
  </testsuite>
  <testsuite name="listing_oncl01" timestamp="2024-10-15T23:22:32Z" hostname="37849aed6a28" tests="1" skipped="0" failures="0" errors="0" time="0.266">
    <testcase time="0.266" classname="listing_oncl01" name="ONCL01_listing_is_produced_correctly"/>
  </testsuite>
  <testsuite name="listing_pkcl01" timestamp="2024-10-15T23:22:32Z" hostname="37849aed6a28" tests="1" skipped="0" failures="0" errors="0" time="0.201">
    <testcase time="0.201000000000001" classname="listing_pkcl01" name="PKCL01_listing_is_produced_correctly"/>
  </testsuite>
  <testsuite name="listing_pkcl02" timestamp="2024-10-15T23:22:32Z" hostname="37849aed6a28" tests="1" skipped="0" failures="0" errors="0" time="0.206">
    <testcase time="0.206" classname="listing_pkcl02" name="PKCL02_listing_is_produced_correctly"/>
  </testsuite>
  <testsuite name="listing_pkpl01" timestamp="2024-10-15T23:22:32Z" hostname="37849aed6a28" tests="1" skipped="0" failures="0" errors="0" time="0.253">
    <testcase time="0.253" classname="listing_pkpl01" name="PKPL01_listing_is_produced_correctly"/>
  </testsuite>
  <testsuite name="listing_pkpl02" timestamp="2024-10-15T23:22:33Z" hostname="37849aed6a28" tests="1" skipped="0" failures="0" errors="0" time="0.158">
    <testcase time="0.157999999999999" classname="listing_pkpl02" name="PKPL02_listing_is_produced_correctly"/>
  </testsuite>
  <testsuite name="listing_pkpl04" timestamp="2024-10-15T23:22:33Z" hostname="37849aed6a28" tests="1" skipped="0" failures="0" errors="0" time="0.215">
    <testcase time="0.215" classname="listing_pkpl04" name="PKPL04_listing_is_produced_correctly"/>
  </testsuite>
  <testsuite name="listing_vsl01" timestamp="2024-10-15T23:22:33Z" hostname="37849aed6a28" tests="1" skipped="0" failures="0" errors="0" time="0.472">
    <testcase time="0.472" classname="listing_vsl01" name="VSL01_listing_is_produced_correctly"/>
  </testsuite>
  <testsuite name="pagination_listing" timestamp="2024-10-15T23:22:33Z" hostname="37849aed6a28" tests="13" skipped="0" failures="0" errors="0" time="6.179">
    <testcase time="0.0350000000000001" classname="pagination_listing" name="Direct_pagination_works_fine"/>
    <testcase time="1.025" classname="pagination_listing" name="Direct_pagination_works_fine"/>
    <testcase time="0.00300000000000011" classname="pagination_listing" name="Direct_pagination_works_fine"/>
    <testcase time="0.907" classname="pagination_listing" name="Direct_pagination_works_fine"/>
    <testcase time="1.285" classname="pagination_listing" name="Direct_pagination_works_fine"/>
    <testcase time="1.372" classname="pagination_listing" name="pagination_counts_the_right_number_of_lines_when_wrapping_on_keycols_is_present"/>
    <testcase time="0.00600000000000023" classname="pagination_listing" name="pagination_counts_the_right_number_of_lines_when_wrapping_on_keycols_is_present"/>
    <testcase time="0.00600000000000023" classname="pagination_listing" name="pagination_counts_the_right_number_of_lines_when_wrapping_on_keycols_is_present"/>
    <testcase time="0.00299999999999656" classname="pagination_listing" name="pagination_counts_the_right_number_of_lines_when_wrapping_on_keycols_is_present"/>
    <testcase time="1.524" classname="pagination_listing" name="pagination_counts_the_right_number_of_lines_when_wrapping_on_keycols_is_present"/>
    <testcase time="0.00500000000000256" classname="pagination_listing" name="pagination_counts_the_right_number_of_lines_when_wrapping_on_keycols_is_present"/>
    <testcase time="0.00499999999999901" classname="pagination_listing" name="pagination_counts_the_right_number_of_lines_when_wrapping_on_keycols_is_present"/>
    <testcase time="0.00300000000000011" classname="pagination_listing" name="pagination_counts_the_right_number_of_lines_when_wrapping_on_keycols_is_present"/>
  </testsuite>
  <testsuite name="pagination_table" timestamp="2024-10-15T23:22:41Z" hostname="37849aed6a28" tests="30" skipped="0" failures="0" errors="0" time="14.023">
    <testcase time="1.797" classname="pagination_table" name="Direct_pagination_with_standard_values"/>
    <testcase time="0.00499999999999901" classname="pagination_table" name="Direct_pagination_with_standard_values"/>
    <testcase time="0.00300000000000011" classname="pagination_table" name="Direct_pagination_with_standard_values"/>
    <testcase time="1.258" classname="pagination_table" name="Pagination_with_specific_column_widths_and_minimum_lines_per_page"/>
    <testcase time="0.00400000000000134" classname="pagination_table" name="Pagination_with_specific_column_widths_and_minimum_lines_per_page"/>
    <testcase time="0.119" classname="pagination_table" name="Pagination_with_specific_column_widths_and_minimum_lines_per_page"/>
    <testcase time="0.939999999999998" classname="pagination_table" name="Pagination_works_also_if_table_is_decorated"/>
    <testcase time="0.537000000000003" classname="pagination_table" name="Pagination_works_also_if_table_is_decorated"/>
    <testcase time="0.795999999999999" classname="pagination_table" name="Pagination_works_also_if_table_is_decorated"/>
    <testcase time="0.66" classname="pagination_table" name="Pagination_works_also_if_table_is_decorated"/>
    <testcase time="1.327" classname="pagination_table" name="Pagination_works_also_if_table_is_decorated"/>
    <testcase time="0.306000000000001" classname="pagination_table" name="Pagination_works_also_if_table_is_decorated"/>
    <testcase time="0.00400000000000134" classname="pagination_table" name="Pagination_works_also_if_table_is_decorated"/>
    <testcase time="0.0219999999999985" classname="pagination_table" name="Pagination_works_also_if_table_is_decorated"/>
    <testcase time="0.143000000000001" classname="pagination_table" name="Pagination_works_also_if_table_is_decorated"/>
    <testcase time="0.0940000000000012" classname="pagination_table" name="Pagination_works_also_if_table_is_decorated"/>
    <testcase time="0.706" classname="pagination_table" name="Pagination_works_for_page_types"/>
    <testcase time="0.0779999999999994" classname="pagination_table" name="Pagination_works_for_page_types"/>
    <testcase time="0.706" classname="pagination_table" name="Pagination_works_for_page_types"/>
    <testcase time="0.0850000000000009" classname="pagination_table" name="Pagination_works_for_page_types"/>
    <testcase time="0.647999999999996" classname="pagination_table" name="Pagination_works_for_page_types"/>
    <testcase time="0.400000000000006" classname="pagination_table" name="Pagination_works_for_page_types"/>
    <testcase time="0.704999999999998" classname="pagination_table" name="Pagination_works_for_page_width_and_height"/>
    <testcase time="0.134999999999998" classname="pagination_table" name="Pagination_works_for_page_width_and_height"/>
    <testcase time="0.789000000000001" classname="pagination_table" name="Pagination_works_for_page_types"/>
    <testcase time="0.164000000000001" classname="pagination_table" name="Pagination_works_for_page_types"/>
    <testcase time="0.832000000000001" classname="pagination_table" name="AET04_variant_2_page_by_pagination_tests"/>
    <testcase time="0.607999999999997" classname="pagination_table" name="AET04_variant_2_page_by_pagination_tests"/>
    <testcase time="0.00200000000000244" classname="pagination_table" name="AET04_variant_2_page_by_pagination_tests"/>
    <testcase time="0.149999999999999" classname="pagination_table" name="AET04_variant_2_page_by_pagination_tests"/>
  </testsuite>
  <testsuite name="table_adat03" timestamp="2024-10-15T23:22:54Z" hostname="37849aed6a28" tests="2" skipped="0" failures="0" errors="0" time="0.548">
    <testcase time="0.411999999999999" classname="table_adat03" name="ADAT03_is_produced_correctly"/>
    <testcase time="0.136000000000003" classname="table_adat03" name="ADAT03_is_produced_correctly"/>
  </testsuite>
  <testsuite name="table_aet01" timestamp="2024-10-15T23:22:54Z" hostname="37849aed6a28" tests="8" skipped="0" failures="0" errors="0" time="1.837">
    <testcase time="0.384" classname="table_aet01" name="Safety_Summary_Variant_1_works_as_expected"/>
    <testcase time="0.114999999999995" classname="table_aet01" name="Safety_Summary_Variant_1_works_as_expected"/>
    <testcase time="0.345000000000006" classname="table_aet01" name="Safety_Summary_Variant_2_with_Medical_Concepts_Section_works_as_expected"/>
    <testcase time="0.134999999999998" classname="table_aet01" name="Safety_Summary_Variant_2_with_Medical_Concepts_Section_works_as_expected"/>
    <testcase time="0.268999999999998" classname="table_aet01" name="Safety_Summary_Variant_3_with_Modified_Rows_works_as_expected"/>
    <testcase time="0.102000000000004" classname="table_aet01" name="Safety_Summary_Variant_3_with_Modified_Rows_works_as_expected"/>
    <testcase time="0.352999999999994" classname="table_aet01" name="Safety_Summary_Variant_4_with_Rows_Counting_Events_and_Additional_Sections_works_as_expected"/>
    <testcase time="0.134" classname="table_aet01" name="Safety_Summary_Variant_4_with_Rows_Counting_Events_and_Additional_Sections_works_as_expected"/>
  </testsuite>
  <testsuite name="table_aet01_aesi" timestamp="2024-10-15T23:22:56Z" hostname="37849aed6a28" tests="8" skipped="0" failures="0" errors="0" time="2.797">
    <testcase time="0.270000000000003" classname="table_aet01_aesi" name="AET01_AESI_Variant_1_works_as_expected"/>
    <testcase time="0.115000000000002" classname="table_aet01_aesi" name="AET01_AESI_Variant_1_works_as_expected"/>
    <testcase time="0.455999999999996" classname="table_aet01_aesi" name="AET01_AESI_Variant_2_works_as_expected"/>
    <testcase time="0.157000000000004" classname="table_aet01_aesi" name="AET01_AESI_Variant_2_works_as_expected"/>
    <testcase time="0.863" classname="table_aet01_aesi" name="AET01_AESI_Variant_3_works_as_expected"/>
    <testcase time="0.199999999999996" classname="table_aet01_aesi" name="AET01_AESI_Variant_3_works_as_expected"/>
    <testcase time="0.524000000000001" classname="table_aet01_aesi" name="AET01_AESI_Variant_4_works_as_expected"/>
    <testcase time="0.212000000000003" classname="table_aet01_aesi" name="AET01_AESI_Variant_4_works_as_expected"/>
  </testsuite>
  <testsuite name="table_aet02" timestamp="2024-10-15T23:22:59Z" hostname="37849aed6a28" tests="26" skipped="0" failures="0" errors="0" time="7.868">
    <testcase time="0.501999999999995" classname="table_aet02" name="AET02_variant_1_is_produced_correctly"/>
    <testcase time="0.182000000000002" classname="table_aet02" name="AET02_variant_1_is_produced_correctly"/>
    <testcase time="0.402000000000001" classname="table_aet02" name="AET02_variant_1_is_produced_correctly"/>
    <testcase time="0.0919999999999987" classname="table_aet02" name="AET02_variant_1_is_produced_correctly"/>
    <testcase time="0.585999999999999" classname="table_aet02" name="AET02_variant_2_is_produced_correctly"/>
    <testcase time="0.198" classname="table_aet02" name="AET02_variant_2_is_produced_correctly"/>
    <testcase time="0.893999999999998" classname="table_aet02" name="AET02_variant_3_is_produced_correctly"/>
    <testcase time="0.300000000000004" classname="table_aet02" name="AET02_variant_3_is_produced_correctly"/>
    <testcase time="0.122" classname="table_aet02" name="AET02_variant_4_is_produced_correctly"/>
    <testcase time="0.0949999999999989" classname="table_aet02" name="AET02_variant_4_is_produced_correctly"/>
    <testcase time="0.395000000000003" classname="table_aet02" name="AET02_variant_5_is_produced_correctly"/>
    <testcase time="0.162999999999997" classname="table_aet02" name="AET02_variant_5_is_produced_correctly"/>
    <testcase time="0.390000000000001" classname="table_aet02" name="AET02_variant_6_is_produced_correctly"/>
    <testcase time="0.109000000000002" classname="table_aet02" name="AET02_variant_6_is_produced_correctly"/>
    <testcase time="0.899999999999999" classname="table_aet02" name="AET02_variant_7_is_produced_correctly"/>
    <testcase time="0.146000000000001" classname="table_aet02" name="AET02_variant_7_is_produced_correctly"/>
    <testcase time="0.387999999999998" classname="table_aet02" name="AET02_variant_8_is_produced_correctly"/>
    <testcase time="0.0750000000000028" classname="table_aet02" name="AET02_variant_8_is_produced_correctly"/>
    <testcase time="0.387" classname="table_aet02" name="AET02_variant_9_is_produced_correctly"/>
    <testcase time="0.109999999999999" classname="table_aet02" name="AET02_variant_9_is_produced_correctly"/>
    <testcase time="0.388999999999996" classname="table_aet02" name="AET02_variant_10_is_produced_correctly"/>
    <testcase time="0.0850000000000009" classname="table_aet02" name="AET02_variant_10_is_produced_correctly"/>
    <testcase time="0.390000000000001" classname="table_aet02" name="AET02_variant_11_is_produced_correctly"/>
    <testcase time="0.0829999999999984" classname="table_aet02" name="AET02_variant_11_is_produced_correctly"/>
    <testcase time="0.378" classname="table_aet02" name="AET02_variant_12_is_produced_correctly"/>
    <testcase time="0.106999999999999" classname="table_aet02" name="AET02_variant_12_is_produced_correctly"/>
  </testsuite>
  <testsuite name="table_aet02_smq" timestamp="2024-10-15T23:23:07Z" hostname="37849aed6a28" tests="4" skipped="0" failures="0" errors="0" time="0.448">
    <testcase time="0.126000000000005" classname="table_aet02_smq" name="AET02SMQ_variant_1_is_produced_correctly"/>
    <testcase time="0.0700000000000003" classname="table_aet02_smq" name="AET02SMQ_variant_1_is_produced_correctly"/>
    <testcase time="0.158000000000001" classname="table_aet02_smq" name="AET02SMQ_variant_2_is_produced_correctly"/>
    <testcase time="0.0939999999999941" classname="table_aet02_smq" name="AET02SMQ_variant_2_is_produced_correctly"/>
  </testsuite>
  <testsuite name="table_aet03" timestamp="2024-10-15T23:23:07Z" hostname="37849aed6a28" tests="6" skipped="0" failures="0" errors="0" time="4.88">
    <testcase time="1.108" classname="table_aet03" name="AET03_variant_1_is_produced_correctly"/>
    <testcase time="0.417999999999999" classname="table_aet03" name="AET03_variant_1_is_produced_correctly"/>
    <testcase time="1.384" classname="table_aet03" name="AET03_variant_1_is_produced_correctly"/>
    <testcase time="0.667999999999999" classname="table_aet03" name="AET03_variant_1_is_produced_correctly"/>
    <testcase time="1.087" classname="table_aet03" name="AET03_variant_1_is_produced_correctly"/>
    <testcase time="0.215000000000003" classname="table_aet03" name="AET03_variant_1_is_produced_correctly"/>
  </testsuite>
  <testsuite name="table_aet04" timestamp="2024-10-15T23:23:13Z" hostname="37849aed6a28" tests="30" skipped="0" failures="0" errors="0" time="12.625">
    <testcase time="0.762999999999998" classname="table_aet04" name="AET04_variant_1_is_produced_correctly"/>
    <testcase time="0.347999999999999" classname="table_aet04" name="AET04_variant_1_is_produced_correctly"/>
    <testcase time="0.803000000000004" classname="table_aet04" name="AET04_variant_1_is_produced_correctly"/>
    <testcase time="0.0439999999999969" classname="table_aet04" name="AET04_variant_1_is_produced_correctly"/>
    <testcase time="0.0399999999999991" classname="table_aet04" name="AET04_variant_1_is_produced_correctly"/>
    <testcase time="0.697000000000003" classname="table_aet04" name="AET04_variant_2_is_produced_correctly_Fill_in_of_Treatment_Groups_"/>
    <testcase time="0.292000000000002" classname="table_aet04" name="AET04_variant_2_is_produced_correctly_Fill_in_of_Treatment_Groups_"/>
    <testcase time="0.735999999999997" classname="table_aet04" name="AET04_variant_2_is_produced_correctly_Fill_in_of_Treatment_Groups_"/>
    <testcase time="0.0519999999999996" classname="table_aet04" name="AET04_variant_2_is_produced_correctly_Fill_in_of_Treatment_Groups_"/>
    <testcase time="0.0450000000000017" classname="table_aet04" name="AET04_variant_2_is_produced_correctly_Fill_in_of_Treatment_Groups_"/>
    <testcase time="0.884999999999998" classname="table_aet04" name="AET04_variant_3_is_produced_correctly_Fill_in_of_Grades_"/>
    <testcase time="0.324000000000005" classname="table_aet04" name="AET04_variant_3_is_produced_correctly_Fill_in_of_Grades_"/>
    <testcase time="0.748999999999995" classname="table_aet04" name="AET04_variant_3_is_produced_correctly_Fill_in_of_Grades_"/>
    <testcase time="0.0410000000000039" classname="table_aet04" name="AET04_variant_3_is_produced_correctly_Fill_in_of_Grades_"/>
    <testcase time="0.0459999999999994" classname="table_aet04" name="AET04_variant_3_is_produced_correctly_Fill_in_of_Grades_"/>
    <testcase time="0.647999999999996" classname="table_aet04" name="AET04_variant_4_is_produced_correctly_Collapsing_of_Grades_grades_1_2_grades_3_4_5_"/>
    <testcase time="0.300000000000004" classname="table_aet04" name="AET04_variant_4_is_produced_correctly_Collapsing_of_Grades_grades_1_2_grades_3_4_5_"/>
    <testcase time="0.769999999999996" classname="table_aet04" name="AET04_variant_4_is_produced_correctly_Collapsing_of_Grades_grades_1_2_grades_3_4_5_"/>
    <testcase time="0.707000000000001" classname="table_aet04" name="AET04_variant_6_is_produced_correctly_with_an_Incidence_Rate_of_at_Least_5_totals_restricted_"/>
    <testcase time="0.317999999999998" classname="table_aet04" name="AET04_variant_6_is_produced_correctly_with_an_Incidence_Rate_of_at_Least_5_totals_restricted_"/>
    <testcase time="0.740000000000002" classname="table_aet04" name="AET04_variant_6_is_produced_correctly_with_an_Incidence_Rate_of_at_Least_5_totals_restricted_"/>
    <testcase time="0.0109999999999957" classname="table_aet04" name="AET04_variant_8_is_produced_correctly_with_an_Incidence_Rate_of_at_Least_X_Patients_"/>
    <testcase time="0.317000000000007" classname="table_aet04" name="AET04_variant_8_is_produced_correctly_with_an_Incidence_Rate_of_at_Least_X_Patients_"/>
    <testcase time="0.754999999999995" classname="table_aet04" name="AET04_variant_8_is_produced_correctly_with_an_Incidence_Rate_of_at_Least_X_Patients_"/>
    <testcase time="0.0100000000000051" classname="table_aet04" name="AET04_variant_9_is_produced_correctly_with_a_Difference_in_Incidence_Rate_of_at_Least_X_"/>
    <testcase time="0.317999999999998" classname="table_aet04" name="AET04_variant_9_is_produced_correctly_with_a_Difference_in_Incidence_Rate_of_at_Least_X_"/>
    <testcase time="0.777999999999992" classname="table_aet04" name="AET04_variant_9_is_produced_correctly_with_a_Difference_in_Incidence_Rate_of_at_Least_X_"/>
    <testcase time="0.0100000000000051" classname="table_aet04" name="AET04_variant_11_is_produced_correctly_with_Incidence_Rate_of_at_Least_X_all_SOCs_w_o_preferred_terms_removed_"/>
    <testcase time="0.314999999999998" classname="table_aet04" name="AET04_variant_11_is_produced_correctly_with_Incidence_Rate_of_at_Least_X_all_SOCs_w_o_preferred_terms_removed_"/>
    <testcase time="0.763000000000005" classname="table_aet04" name="AET04_variant_11_is_produced_correctly_with_Incidence_Rate_of_at_Least_X_all_SOCs_w_o_preferred_terms_removed_"/>
  </testsuite>
  <testsuite name="table_aet04_pi" timestamp="2024-10-15T23:23:25Z" hostname="37849aed6a28" tests="18" skipped="0" failures="0" errors="0" time="6.783">
    <testcase time="0.578999999999994" classname="table_aet04_pi" name="AET04_PI_full_table_is_produced_correctly"/>
    <testcase time="0.241" classname="table_aet04_pi" name="AET04_PI_full_table_is_produced_correctly"/>
    <testcase time="0.616" classname="table_aet04_pi" name="AET04_PI_variant_1_is_produced_correctly"/>
    <testcase time="0.180999999999997" classname="table_aet04_pi" name="AET04_PI_variant_1_is_produced_correctly"/>
    <testcase time="0.612000000000009" classname="table_aet04_pi" name="AET04_PI_variant_2_is_produced_correctly"/>
    <testcase time="0.125" classname="table_aet04_pi" name="AET04_PI_variant_2_is_produced_correctly"/>
    <testcase time="0.597999999999999" classname="table_aet04_pi" name="AET04_PI_variant_3_is_produced_correctly"/>
    <testcase time="0.140000000000001" classname="table_aet04_pi" name="AET04_PI_variant_3_is_produced_correctly"/>
    <testcase time="0.599000000000004" classname="table_aet04_pi" name="AET04_PI_variant_4_is_produced_correctly"/>
    <testcase time="0.108999999999995" classname="table_aet04_pi" name="AET04_PI_variant_4_is_produced_correctly"/>
    <testcase time="0.617000000000004" classname="table_aet04_pi" name="AET04_PI_variant_5_is_produced_correctly"/>
    <testcase time="0.161999999999992" classname="table_aet04_pi" name="AET04_PI_variant_5_is_produced_correctly"/>
    <testcase time="0.757000000000005" classname="table_aet04_pi" name="AET04_PI_variant_6_is_produced_correctly"/>
    <testcase time="0.173000000000002" classname="table_aet04_pi" name="AET04_PI_variant_6_is_produced_correctly"/>
    <testcase time="0.766999999999996" classname="table_aet04_pi" name="AET04_PI_variant_7_is_produced_correctly"/>
    <testcase time="0.173999999999992" classname="table_aet04_pi" name="AET04_PI_variant_7_is_produced_correctly"/>
    <testcase time="0.189000000000007" classname="table_aet04_pi" name="AET04_PI_variant_8_is_produced_correctly"/>
    <testcase time="0.144000000000005" classname="table_aet04_pi" name="AET04_PI_variant_8_is_produced_correctly"/>
  </testsuite>
  <testsuite name="table_aet05" timestamp="2024-10-15T23:23:31Z" hostname="37849aed6a28" tests="4" skipped="0" failures="0" errors="0" time="0.296">
    <testcase time="0.0869999999999891" classname="table_aet05" name="AET05_variant_1_is_produced_correctly"/>
    <testcase time="0.0820000000000078" classname="table_aet05" name="AET05_variant_1_is_produced_correctly"/>
    <testcase time="0.0600000000000023" classname="table_aet05" name="AET05_variant_2_is_produced_correctly"/>
    <testcase time="0.0669999999999931" classname="table_aet05" name="AET05_variant_2_is_produced_correctly"/>
  </testsuite>
  <testsuite name="table_aet05_all" timestamp="2024-10-15T23:23:32Z" hostname="37849aed6a28" tests="4" skipped="0" failures="0" errors="0" time="0.338">
    <testcase time="0.122" classname="table_aet05_all" name="AET05_ALL_variant_1_is_produced_correctly"/>
    <testcase time="0.0829999999999984" classname="table_aet05_all" name="AET05_ALL_variant_1_is_produced_correctly"/>
    <testcase time="0.0700000000000074" classname="table_aet05_all" name="AET05_ALL_variant_2_is_produced_correctly"/>
    <testcase time="0.0630000000000024" classname="table_aet05_all" name="AET05_ALL_variant_2_is_produced_correctly"/>
  </testsuite>
  <testsuite name="table_aet06" timestamp="2024-10-15T23:23:32Z" hostname="37849aed6a28" tests="6" skipped="0" failures="0" errors="0" time="4.216">
    <testcase time="0.625999999999991" classname="table_aet06" name="AET06_variant_1_is_produced_correctly"/>
    <testcase time="0.257000000000005" classname="table_aet06" name="AET06_variant_1_is_produced_correctly"/>
    <testcase time="1.015" classname="table_aet06" name="AET06_variant_3_is_produced_correctly"/>
    <testcase time="0.376000000000005" classname="table_aet06" name="AET06_variant_3_is_produced_correctly"/>
    <testcase time="1.56099999999999" classname="table_aet06" name="AET06_variant_5_is_produced_correctly"/>
    <testcase time="0.381" classname="table_aet06" name="AET06_variant_5_is_produced_correctly"/>
  </testsuite>
  <testsuite name="table_aet06_smq" timestamp="2024-10-15T23:23:36Z" hostname="37849aed6a28" tests="4" skipped="0" failures="0" errors="0" time="1.006">
    <testcase time="0.361999999999995" classname="table_aet06_smq" name="AET06_SMQ_variant_1_is_produced_correctly"/>
    <testcase time="0.141000000000005" classname="table_aet06_smq" name="AET06_SMQ_variant_1_is_produced_correctly"/>
    <testcase time="0.359999999999999" classname="table_aet06_smq" name="AET06_SMQ_variant_2_is_produced_correctly"/>
    <testcase time="0.143000000000001" classname="table_aet06_smq" name="AET06_SMQ_variant_2_is_produced_correctly"/>
  </testsuite>
  <testsuite name="table_aet07" timestamp="2024-10-15T23:23:37Z" hostname="37849aed6a28" tests="4" skipped="0" failures="0" errors="0" time="0.203">
    <testcase time="0.0550000000000068" classname="table_aet07" name="AET07_variant_1_is_produced_correctly"/>
    <testcase time="0.0529999999999973" classname="table_aet07" name="AET07_variant_1_is_produced_correctly"/>
    <testcase time="0.0499999999999972" classname="table_aet07" name="AET07_variant_2_is_produced_correctly"/>
    <testcase time="0.0450000000000017" classname="table_aet07" name="AET07_variant_2_is_produced_correctly"/>
  </testsuite>
  <testsuite name="table_aet09" timestamp="2024-10-15T23:23:38Z" hostname="37849aed6a28" tests="4" skipped="0" failures="0" errors="0" time="1.931">
    <testcase time="0.537999999999997" classname="table_aet09" name="AET09_variant_1_is_produced_correctly_AE_related_to_study_drug"/>
    <testcase time="0.177999999999997" classname="table_aet09" name="AET09_variant_1_is_produced_correctly_AE_related_to_study_drug"/>
    <testcase time="0.924000000000007" classname="table_aet09" name="AET09_variant_2_is_produced_correctly_AE_related_to_study_drug_including_high_level_terms_"/>
    <testcase time="0.290999999999997" classname="table_aet09" name="AET09_variant_2_is_produced_correctly_AE_related_to_study_drug_including_high_level_terms_"/>
  </testsuite>
  <testsuite name="table_aet09_smq" timestamp="2024-10-15T23:23:39Z" hostname="37849aed6a28" tests="4" skipped="0" failures="0" errors="0" time="0.536">
    <testcase time="0.129999999999995" classname="table_aet09_smq" name="AET09_variant_1_AEs_related_to_study_drug_by_SMQ_is_produced_correctly"/>
    <testcase time="0.0799999999999983" classname="table_aet09_smq" name="AET09_variant_1_AEs_related_to_study_drug_by_SMQ_is_produced_correctly"/>
    <testcase time="0.212000000000003" classname="table_aet09_smq" name="AET09_variant_2_AEs_related_to_study_drug_by_SMQ_with_customized_queries_is_produced_correctly"/>
    <testcase time="0.114000000000004" classname="table_aet09_smq" name="AET09_variant_2_AEs_related_to_study_drug_by_SMQ_with_customized_queries_is_produced_correctly"/>
  </testsuite>
  <testsuite name="table_aet10" timestamp="2024-10-15T23:23:40Z" hostname="37849aed6a28" tests="2" skipped="0" failures="0" errors="0" time="0.168">
    <testcase time="0.0999999999999943" classname="table_aet10" name="AET10_default_variant_is_produced_correctly"/>
    <testcase time="0.0679999999999978" classname="table_aet10" name="AET10_default_variant_is_produced_correctly"/>
  </testsuite>
  <testsuite name="table_aovt01" timestamp="2024-10-15T23:23:40Z" hostname="37849aed6a28" tests="4" skipped="0" failures="0" errors="0" time="1.229">
    <testcase time="0.348000000000013" classname="table_aovt01" name="AOVT01_variant_with_single_endpoint_is_produced_correctly"/>
    <testcase time="0.0930000000000035" classname="table_aovt01" name="AOVT01_variant_with_single_endpoint_is_produced_correctly"/>
    <testcase time="0.628" classname="table_aovt01" name="AOVT01_variant_with_multiple_endpoints_is_produced_correctly"/>
    <testcase time="0.159999999999997" classname="table_aovt01" name="AOVT01_variant_with_multiple_endpoints_is_produced_correctly"/>
  </testsuite>
  <testsuite name="table_aovt02" timestamp="2024-10-15T23:23:41Z" hostname="37849aed6a28" tests="2" skipped="0" failures="0" errors="0" time="0.432">
    <testcase time="0.346000000000004" classname="table_aovt02" name="AOVT02_is_produced_correctly"/>
    <testcase time="0.0859999999999985" classname="table_aovt02" name="AOVT02_is_produced_correctly"/>
  </testsuite>
  <testsuite name="table_aovt03" timestamp="2024-10-15T23:23:42Z" hostname="37849aed6a28" tests="2" skipped="0" failures="0" errors="0" time="0.955">
    <testcase time="0.784000000000006" classname="table_aovt03" name="AOVT03_is_produced_correctly"/>
    <testcase time="0.170999999999992" classname="table_aovt03" name="AOVT03_is_produced_correctly"/>
  </testsuite>
  <testsuite name="table_cfbt01" timestamp="2024-10-15T23:23:43Z" hostname="37849aed6a28" tests="2" skipped="0" failures="0" errors="0" time="0.672">
    <testcase time="0.454000000000008" classname="table_cfbt01" name="CFBT01_default_variant_is_produced_correctly"/>
    <testcase time="0.217999999999989" classname="table_cfbt01" name="CFBT01_default_variant_is_produced_correctly"/>
  </testsuite>
  <testsuite name="table_cmht01" timestamp="2024-10-15T23:23:43Z" hostname="37849aed6a28" tests="4" skipped="0" failures="0" errors="0" time="1.804">
    <testcase time="0.435000000000002" classname="table_cmht01" name="CMHT01_variant_1_is_produced_correctly"/>
    <testcase time="0.103000000000009" classname="table_cmht01" name="CMHT01_variant_1_is_produced_correctly"/>
    <testcase time="0.983999999999995" classname="table_cmht01" name="CMHT01_variant_2_is_produced_correctly"/>
    <testcase time="0.281999999999996" classname="table_cmht01" name="CMHT01_variant_2_is_produced_correctly"/>
  </testsuite>
  <testsuite name="table_cmt01" timestamp="2024-10-15T23:23:45Z" hostname="37849aed6a28" tests="8" skipped="0" failures="0" errors="0" time="3.978">
    <testcase time="0.676000000000002" classname="table_cmt01" name="CMT01_default_variant_Concomitant_medications_is_produced_correctly"/>
    <testcase time="0.311999999999998" classname="table_cmt01" name="CMT01_default_variant_Concomitant_medications_is_produced_correctly"/>
    <testcase time="0.747" classname="table_cmt01" name="CMT01_variant_1_prior_medications_is_produced_correctly"/>
    <testcase time="0.344999999999999" classname="table_cmt01" name="CMT01_variant_1_prior_medications_is_produced_correctly"/>
    <testcase time="0.650000000000006" classname="table_cmt01" name="CMT01_variant_3_Concomitant_medications_is_produced_correctly"/>
    <testcase time="0.275999999999996" classname="table_cmt01" name="CMT01_variant_3_Concomitant_medications_is_produced_correctly"/>
    <testcase time="0.665000000000006" classname="table_cmt01" name="CMT01_variant_4_Concomitant_medications_is_produced_correctly"/>
    <testcase time="0.307000000000002" classname="table_cmt01" name="CMT01_variant_4_Concomitant_medications_is_produced_correctly"/>
  </testsuite>
  <testsuite name="table_cmt01a" timestamp="2024-10-15T23:23:49Z" hostname="37849aed6a28" tests="8" skipped="0" failures="0" errors="0" time="6.092">
    <testcase time="1.297" classname="table_cmt01a" name="CMT01A_variant_1_is_produced_correctly"/>
    <testcase time="0.292999999999992" classname="table_cmt01a" name="CMT01A_variant_1_is_produced_correctly"/>
    <testcase time="1.194" classname="table_cmt01a" name="CMT01A_variant_2_is_produced_correctly"/>
    <testcase time="0.287000000000006" classname="table_cmt01a" name="CMT01A_variant_2_is_produced_correctly"/>
    <testcase time="1.23899999999999" classname="table_cmt01a" name="CMT01A_variant_3_is_produced_correctly"/>
    <testcase time="0.310000000000002" classname="table_cmt01a" name="CMT01A_variant_3_is_produced_correctly"/>
    <testcase time="1.209" classname="table_cmt01a" name="CMT01A_variant_4_is_produced_correctly"/>
    <testcase time="0.262999999999991" classname="table_cmt01a" name="CMT01A_variant_4_is_produced_correctly"/>
  </testsuite>
  <testsuite name="table_cmt01b" timestamp="2024-10-15T23:23:55Z" hostname="37849aed6a28" tests="6" skipped="0" failures="0" errors="0" time="5.783">
    <testcase time="1.81700000000001" classname="table_cmt01b" name="CMT01B_variant_1_is_produced_correctly"/>
    <testcase time="0.605999999999995" classname="table_cmt01b" name="CMT01B_variant_1_is_produced_correctly"/>
    <testcase time="1.173" classname="table_cmt01b" name="CMT01B_variant_2_is_produced_correctly"/>
    <testcase time="0.284999999999997" classname="table_cmt01b" name="CMT01B_variant_2_is_produced_correctly"/>
    <testcase time="1.50700000000001" classname="table_cmt01b" name="CMT01B_variant_4_is_produced_correctly"/>
    <testcase time="0.394999999999996" classname="table_cmt01b" name="CMT01B_variant_4_is_produced_correctly"/>
  </testsuite>
  <testsuite name="table_cmt02_pt" timestamp="2024-10-15T23:24:01Z" hostname="37849aed6a28" tests="2" skipped="0" failures="0" errors="0" time="0.595">
    <testcase time="0.403000000000006" classname="table_cmt02_pt" name="CMT02_PT_default_variant_is_produced_correctly"/>
    <testcase time="0.191999999999993" classname="table_cmt02_pt" name="CMT02_PT_default_variant_is_produced_correctly"/>
  </testsuite>
  <testsuite name="table_coxt01" timestamp="2024-10-15T23:24:02Z" hostname="37849aed6a28" tests="8" skipped="0" failures="0" errors="0" time="1.813">
    <testcase time="0.288000000000011" classname="table_coxt01" name="1._Cox_Regression"/>
    <testcase time="0.0799999999999983" classname="table_coxt01" name="1._Cox_Regression"/>
    <testcase time="0.363" classname="table_coxt01" name="2._Cox_Regression_with_Interaction_Term_"/>
    <testcase time="0.111999999999995" classname="table_coxt01" name="2._Cox_Regression_with_Interaction_Term_"/>
    <testcase time="0.366" classname="table_coxt01" name="3._Cox_Regression_specifying_covariates_"/>
    <testcase time="0.122" classname="table_coxt01" name="3._Cox_Regression_specifying_covariates_"/>
    <testcase time="0.366" classname="table_coxt01" name="4._Cox_Regression_setting_strata_ties_and_alpha_level_"/>
    <testcase time="0.116" classname="table_coxt01" name="4._Cox_Regression_setting_strata_ties_and_alpha_level_"/>
  </testsuite>
  <testsuite name="table_coxt02" timestamp="2024-10-15T23:24:03Z" hostname="37849aed6a28" tests="4" skipped="0" failures="0" errors="0" time="0.736">
    <testcase time="0.310000000000002" classname="table_coxt02" name="COXT02_default_variant_1_is_produced_correctly"/>
    <testcase time="0.0759999999999934" classname="table_coxt02" name="COXT02_default_variant_1_is_produced_correctly"/>
    <testcase time="0.277000000000001" classname="table_coxt02" name="COXT02_variant_5_is_produced_correctly"/>
    <testcase time="0.0730000000000075" classname="table_coxt02" name="COXT02_variant_5_is_produced_correctly"/>
  </testsuite>
  <testsuite name="table_disclosures" timestamp="2024-10-15T23:24:04Z" hostname="37849aed6a28" tests="12" skipped="0" failures="0" errors="0" time="1.976">
    <testcase time="0.188000000000002" classname="table_disclosures" name="Patient_Disposition_table_is_produced_correctly"/>
    <testcase time="0.0919999999999987" classname="table_disclosures" name="Patient_Disposition_table_is_produced_correctly"/>
    <testcase time="0.203000000000003" classname="table_disclosures" name="Demographic_table_is_produced_correctly"/>
    <testcase time="0.158000000000001" classname="table_disclosures" name="Demographic_table_is_produced_correctly"/>
    <testcase time="0.0919999999999987" classname="table_disclosures" name="Enrollment_by_Country_Table_is_produced_correctly"/>
    <testcase time="0.0999999999999943" classname="table_disclosures" name="Enrollment_by_Country_Table_is_produced_correctly"/>
    <testcase time="0.0960000000000036" classname="table_disclosures" name="Death_table_is_produced_correctly"/>
    <testcase time="0.0609999999999928" classname="table_disclosures" name="Death_table_is_produced_correctly"/>
    <testcase time="0.317999999999998" classname="table_disclosures" name="Table_of_Serious_Adverse_Events_is_produced_correctly_for_one_specific_treatment_arm_"/>
    <testcase time="0.111000000000004" classname="table_disclosures" name="Table_of_Serious_Adverse_Events_is_produced_correctly_for_one_specific_treatment_arm_"/>
    <testcase time="0.406999999999996" classname="table_disclosures" name="Table_of_Non_Serious_Adverse_Events_is_produced_correctly"/>
    <testcase time="0.150000000000006" classname="table_disclosures" name="Table_of_Non_Serious_Adverse_Events_is_produced_correctly"/>
  </testsuite>
  <testsuite name="table_dmt01" timestamp="2024-10-15T23:24:07Z" hostname="37849aed6a28" tests="10" skipped="0" failures="0" errors="0" time="2.746">
    <testcase time="1.15600000000001" classname="table_dmt01" name="DMT01_variant_1_is_produced_correctly"/>
    <testcase time="0.171999999999997" classname="table_dmt01" name="DMT01_variant_1_is_produced_correctly"/>
    <testcase time="0.206999999999994" classname="table_dmt01" name="DMT01_variant_2_is_produced_correctly"/>
    <testcase time="0.165999999999997" classname="table_dmt01" name="DMT01_variant_2_is_produced_correctly"/>
    <testcase time="0.265000000000001" classname="table_dmt01" name="DMT01_variant_3_is_produced_correctly"/>
    <testcase time="0.168000000000006" classname="table_dmt01" name="DMT01_variant_3_is_produced_correctly"/>
    <testcase time="0.173000000000002" classname="table_dmt01" name="DMT01_variant_4_is_produced_correctly"/>
    <testcase time="0.146999999999991" classname="table_dmt01" name="DMT01_variant_4_is_produced_correctly"/>
    <testcase time="0.165000000000006" classname="table_dmt01" name="DMT01_variant_5_is_produced_correctly"/>
    <testcase time="0.126999999999995" classname="table_dmt01" name="DMT01_variant_5_is_produced_correctly"/>
  </testsuite>
  <testsuite name="table_dort01" timestamp="2024-10-15T23:24:09Z" hostname="37849aed6a28" tests="8" skipped="0" failures="0" errors="0" time="1.578">
    <testcase time="0.286000000000001" classname="table_dort01" name="DORT01_variant_1_is_produced_correctly"/>
    <testcase time="0.118000000000009" classname="table_dort01" name="DORT01_variant_1_is_produced_correctly"/>
    <testcase time="0.290999999999997" classname="table_dort01" name="DORT01_variant_2_selecting_sectons_is_produced_correctly"/>
    <testcase time="0.102999999999994" classname="table_dort01" name="DORT01_variant_2_selecting_sectons_is_produced_correctly"/>
    <testcase time="0.274000000000001" classname="table_dort01" name="DORT01_variant_3_modifying_conftype_and_alpha_level_is_produced_correctly"/>
    <testcase time="0.126000000000005" classname="table_dort01" name="DORT01_variant_3_modifying_conftype_and_alpha_level_is_produced_correctly"/>
    <testcase time="0.274999999999991" classname="table_dort01" name="DORT01_variant_4_modifying_time_point_for_the_xx_duration_is_produced_correctly"/>
    <testcase time="0.105000000000004" classname="table_dort01" name="DORT01_variant_4_modifying_time_point_for_the_xx_duration_is_produced_correctly"/>
  </testsuite>
  <testsuite name="table_dst01" timestamp="2024-10-15T23:24:11Z" hostname="37849aed6a28" tests="6" skipped="0" failures="0" errors="0" time="0.779">
    <testcase time="0.150000000000006" classname="table_dst01" name="DST01_default_variant_is_produced_correctly"/>
    <testcase time="0.0999999999999943" classname="table_dst01" name="DST01_default_variant_is_produced_correctly"/>
    <testcase time="0.222000000000008" classname="table_dst01" name="DST01_variants_2_and_3_are_produced_correctly"/>
    <testcase time="0.102999999999994" classname="table_dst01" name="DST01_variants_2_and_3_are_produced_correctly"/>
    <testcase time="0.0870000000000033" classname="table_dst01" name="DST01_variants_2_and_3_are_produced_correctly"/>
    <testcase time="0.11699999999999" classname="table_dst01" name="DST01_variants_2_and_3_are_produced_correctly"/>
  </testsuite>
  <testsuite name="table_dtht01" timestamp="2024-10-15T23:24:11Z" hostname="37849aed6a28" tests="8" skipped="0" failures="0" errors="0" time="1.195">
    <testcase time="0.115000000000009" classname="table_dtht01" name="DTHT01_variant_1_is_produced_correctly"/>
    <testcase time="0.0949999999999989" classname="table_dtht01" name="DTHT01_variant_1_is_produced_correctly"/>
    <testcase time="0.259" classname="table_dtht01" name="DTHT01_variant_2_is_produced_correctly"/>
    <testcase time="0.152000000000001" classname="table_dtht01" name="DTHT01_variant_2_is_produced_correctly"/>
    <testcase time="0.170000000000002" classname="table_dtht01" name="DTHT01_variant_3_is_produced_correctly"/>
    <testcase time="0.0859999999999985" classname="table_dtht01" name="DTHT01_variant_3_is_produced_correctly"/>
    <testcase time="0.196999999999989" classname="table_dtht01" name="DTHT01_variant_4_is_produced_correctly"/>
    <testcase time="0.121000000000009" classname="table_dtht01" name="DTHT01_variant_4_is_produced_correctly"/>
  </testsuite>
  <testsuite name="table_egt01" timestamp="2024-10-15T23:24:13Z" hostname="37849aed6a28" tests="2" skipped="0" failures="0" errors="0" time="1.53">
    <testcase time="1.02499999999999" classname="table_egt01" name="EGT01_default_variant_is_produced_correctly"/>
    <testcase time="0.50500000000001" classname="table_egt01" name="EGT01_default_variant_is_produced_correctly"/>
  </testsuite>
  <testsuite name="table_egt02" timestamp="2024-10-15T23:24:14Z" hostname="37849aed6a28" tests="4" skipped="0" failures="0" errors="0" time="0.612">
    <testcase time="0.283000000000001" classname="table_egt02" name="_EGT02_1._Regardless_of_Abnormality_at_Baseline"/>
    <testcase time="0.0829999999999984" classname="table_egt02" name="_EGT02_1._Regardless_of_Abnormality_at_Baseline"/>
    <testcase time="0.162999999999997" classname="table_egt02" name="_EGT02_2._Among_Subjects_Without_Abnormality_at_Baseline"/>
    <testcase time="0.0829999999999984" classname="table_egt02" name="_EGT02_2._Among_Subjects_Without_Abnormality_at_Baseline"/>
  </testsuite>
  <testsuite name="table_egt03" timestamp="2024-10-15T23:24:15Z" hostname="37849aed6a28" tests="8" skipped="0" failures="0" errors="0" time="1.356">
    <testcase time="0.224000000000004" classname="table_egt03" name="EGT03_variant_1_is_produced_correctly"/>
    <testcase time="0.122" classname="table_egt03" name="EGT03_variant_1_is_produced_correctly"/>
    <testcase time="0.189999999999998" classname="table_egt03" name="EGT03_variant_2_is_produced_correctly"/>
    <testcase time="0.149000000000001" classname="table_egt03" name="EGT03_variant_2_is_produced_correctly"/>
    <testcase time="0.192999999999998" classname="table_egt03" name="EGT03_variant_3_is_produced_correctly"/>
    <testcase time="0.135999999999996" classname="table_egt03" name="EGT03_variant_3_is_produced_correctly"/>
    <testcase time="0.218000000000004" classname="table_egt03" name="EGT03_variant_4_is_produced_correctly"/>
    <testcase time="0.124000000000009" classname="table_egt03" name="EGT03_variant_4_is_produced_correctly"/>
  </testsuite>
  <testsuite name="table_egt04" timestamp="2024-10-15T23:24:16Z" hostname="37849aed6a28" tests="2" skipped="0" failures="0" errors="0" time="0.28">
    <testcase time="0.187999999999988" classname="table_egt04" name="EGT04_default_variant_is_produced_correctly"/>
    <testcase time="0.0919999999999987" classname="table_egt04" name="EGT04_default_variant_is_produced_correctly"/>
  </testsuite>
  <testsuite name="table_egt05_qtcat" timestamp="2024-10-15T23:24:16Z" hostname="37849aed6a28" tests="2" skipped="0" failures="0" errors="0" time="0.825">
    <testcase time="0.540000000000006" classname="table_egt05_qtcat" name="EGT05_QTCAT_default_variant_is_produced_correctly"/>
    <testcase time="0.284999999999997" classname="table_egt05_qtcat" name="EGT05_QTCAT_default_variant_is_produced_correctly"/>
  </testsuite>
  <testsuite name="table_ent" timestamp="2024-10-15T23:24:17Z" hostname="37849aed6a28" tests="8" skipped="0" failures="0" errors="0" time="14.553">
    <testcase time="3.556" classname="table_ent" name="ENT01_IT_is_produced_correctly"/>
    <testcase time="0.602000000000004" classname="table_ent" name="ENT01_IT_is_produced_correctly"/>
    <testcase time="2.369" classname="table_ent" name="ENT01a_IT_is_produced_correctly"/>
    <testcase time="0.576999999999998" classname="table_ent" name="ENT01a_IT_is_produced_correctly"/>
    <testcase time="3.65900000000001" classname="table_ent" name="ENT02_IT_is_produced_correctly"/>
    <testcase time="0.632000000000005" classname="table_ent" name="ENT02_IT_is_produced_correctly"/>
    <testcase time="2.65600000000001" classname="table_ent" name="ENT02a_IT_is_produced_correctly"/>
    <testcase time="0.501999999999981" classname="table_ent" name="ENT02a_IT_is_produced_correctly"/>
  </testsuite>
  <testsuite name="table_eudrat01" timestamp="2024-10-15T23:24:32Z" hostname="37849aed6a28" tests="2" skipped="0" failures="0" errors="0" time="0.578">
    <testcase time="0.454000000000008" classname="table_eudrat01" name="EUDRAT01_is_produced_correctly"/>
    <testcase time="0.123999999999995" classname="table_eudrat01" name="EUDRAT01_is_produced_correctly"/>
  </testsuite>
  <testsuite name="table_eudrat02" timestamp="2024-10-15T23:24:32Z" hostname="37849aed6a28" tests="2" skipped="0" failures="0" errors="0" time="0.457">
    <testcase time="0.361999999999995" classname="table_eudrat02" name="EUDRAT02_is_produced_correctly"/>
    <testcase time="0.0949999999999989" classname="table_eudrat02" name="EUDRAT02_is_produced_correctly"/>
  </testsuite>
  <testsuite name="table_ext01" timestamp="2024-10-15T23:24:33Z" hostname="37849aed6a28" tests="6" skipped="0" failures="0" errors="0" time="1.552">
    <testcase time="0.358000000000004" classname="table_ext01" name="EXT01_default_variant_with_numeric_parameters_is_produced_correctly"/>
    <testcase time="0.181000000000012" classname="table_ext01" name="EXT01_default_variant_with_numeric_parameters_is_produced_correctly"/>
    <testcase time="0.265999999999991" classname="table_ext01" name="EXT01_variant_with_both_numeric_and_categorical_parameters"/>
    <testcase time="0.197000000000003" classname="table_ext01" name="EXT01_variant_with_both_numeric_and_categorical_parameters"/>
    <testcase time="0.311000000000007" classname="table_ext01" name="EXT01_variant_with_user_specified_categories_for_missed_doses"/>
    <testcase time="0.239000000000004" classname="table_ext01" name="EXT01_variant_with_user_specified_categories_for_missed_doses"/>
  </testsuite>
  <testsuite name="table_lbt01" timestamp="2024-10-15T23:24:35Z" hostname="37849aed6a28" tests="2" skipped="0" failures="0" errors="0" time="1.907">
    <testcase time="1.43899999999999" classname="table_lbt01" name="LBT01_default_variant_is_produced_correctly"/>
    <testcase time="0.467999999999989" classname="table_lbt01" name="LBT01_default_variant_is_produced_correctly"/>
  </testsuite>
  <testsuite name="table_lbt02" timestamp="2024-10-15T23:24:36Z" hostname="37849aed6a28" tests="2" skipped="0" failures="0" errors="0" time="1.278">
    <testcase time="0.794000000000011" classname="table_lbt02" name="LBT02_default_variant_is_produced_correctly"/>
    <testcase time="0.484000000000009" classname="table_lbt02" name="LBT02_default_variant_is_produced_correctly"/>
  </testsuite>
  <testsuite name="table_lbt03" timestamp="2024-10-15T23:24:37Z" hostname="37849aed6a28" tests="2" skipped="0" failures="0" errors="0" time="0.286">
    <testcase time="0.190999999999974" classname="table_lbt03" name="LBT03_default_variant_is_produced_correctly"/>
    <testcase time="0.0949999999999989" classname="table_lbt03" name="LBT03_default_variant_is_produced_correctly"/>
  </testsuite>
  <testsuite name="table_lbt04" timestamp="2024-10-15T23:24:38Z" hostname="37849aed6a28" tests="2" skipped="0" failures="0" errors="0" time="1.238">
    <testcase time="1.04900000000001" classname="table_lbt04" name="LBT04_default_variant_is_produced_correctly"/>
    <testcase time="0.189000000000021" classname="table_lbt04" name="LBT04_default_variant_is_produced_correctly"/>
  </testsuite>
  <testsuite name="table_lbt05" timestamp="2024-10-15T23:24:40Z" hostname="37849aed6a28" tests="6" skipped="0" failures="0" errors="0" time="6.356">
    <testcase time="2.148" classname="table_lbt05" name="LBT05_variant_1_is_produced_correctly"/>
    <testcase time="0.365999999999985" classname="table_lbt05" name="LBT05_variant_1_is_produced_correctly"/>
    <testcase time="1.33600000000001" classname="table_lbt05" name="LBT05_variant_2_is_produced_correctly"/>
    <testcase time="0.484999999999985" classname="table_lbt05" name="LBT05_variant_2_is_produced_correctly"/>
    <testcase time="1.67000000000002" classname="table_lbt05" name="LBT05_variant_4_is_produced_correctly"/>
    <testcase time="0.350999999999999" classname="table_lbt05" name="LBT05_variant_4_is_produced_correctly"/>
  </testsuite>
  <testsuite name="table_lbt06" timestamp="2024-10-15T23:24:45Z" hostname="37849aed6a28" tests="2" skipped="0" failures="0" errors="0" time="0.5">
    <testcase time="0.328999999999979" classname="table_lbt06" name="LBT06_default_variant_is_produced_correctly"/>
    <testcase time="0.171000000000021" classname="table_lbt06" name="LBT06_default_variant_is_produced_correctly"/>
  </testsuite>
  <testsuite name="table_lbt07" timestamp="2024-10-15T23:24:46Z" hostname="37849aed6a28" tests="2" skipped="0" failures="0" errors="0" time="2.24">
    <testcase time="1.94" classname="table_lbt07" name="LBT07_is_produced_correctly"/>
    <testcase time="0.299999999999983" classname="table_lbt07" name="LBT07_is_produced_correctly"/>
  </testsuite>
  <testsuite name="table_lbt08" timestamp="2024-10-15T23:24:48Z" hostname="37849aed6a28" tests="2" skipped="0" failures="0" errors="0" time="0.382">
    <testcase time="0.25800000000001" classname="table_lbt08" name="LBT08_produce_correctly"/>
    <testcase time="0.123999999999995" classname="table_lbt08" name="LBT08_produce_correctly"/>
  </testsuite>
  <testsuite name="table_lbt09" timestamp="2024-10-15T23:24:48Z" hostname="37849aed6a28" tests="4" skipped="0" failures="0" errors="0" time="0.903">
    <testcase time="0.311000000000007" classname="table_lbt09" name="LBT09_variant_1_works_as_expected"/>
    <testcase time="0.163999999999987" classname="table_lbt09" name="LBT09_variant_1_works_as_expected"/>
    <testcase time="0.277000000000015" classname="table_lbt09" name="LBT09_variant_2_works_as_expected"/>
    <testcase time="0.150999999999982" classname="table_lbt09" name="LBT09_variant_2_works_as_expected"/>
  </testsuite>
  <testsuite name="table_lbt10" timestamp="2024-10-15T23:24:49Z" hostname="37849aed6a28" tests="4" skipped="0" failures="0" errors="0" time="1.191">
    <testcase time="0.673000000000002" classname="table_lbt10" name="LBT10_variant_1_works_as_expected"/>
    <testcase time="0.0700000000000216" classname="table_lbt10" name="LBT10_variant_1_works_as_expected"/>
    <testcase time="0.382999999999981" classname="table_lbt10" name="LBT10_variant_2_works_as_expected"/>
    <testcase time="0.0649999999999977" classname="table_lbt10" name="LBT10_variant_2_works_as_expected"/>
  </testsuite>
  <testsuite name="table_lbt10_bl" timestamp="2024-10-15T23:24:51Z" hostname="37849aed6a28" tests="4" skipped="0" failures="0" errors="0" time="0.484">
    <testcase time="0.231999999999999" classname="table_lbt10_bl" name="LBT10_BL_variant_1_works_as_expected"/>
    <testcase time="0.0700000000000216" classname="table_lbt10_bl" name="LBT10_BL_variant_1_works_as_expected"/>
    <testcase time="0.12299999999999" classname="table_lbt10_bl" name="LBT10_BL_variant_2_works_as_expected"/>
    <testcase time="0.0589999999999975" classname="table_lbt10_bl" name="LBT10_BL_variant_2_works_as_expected"/>
  </testsuite>
  <testsuite name="table_lbt11" timestamp="2024-10-15T23:24:51Z" hostname="37849aed6a28" tests="6" skipped="0" failures="0" errors="0" time="0.722">
    <testcase time="0.181000000000012" classname="table_lbt11" name="LBT11_variant_1_works_as_expected"/>
    <testcase time="0.0939999999999941" classname="table_lbt11" name="LBT11_variant_1_works_as_expected"/>
    <testcase time="0.0979999999999848" classname="table_lbt11" name="LBT11_variant_2_works_as_expected"/>
    <testcase time="0.0790000000000077" classname="table_lbt11" name="LBT11_variant_2_works_as_expected"/>
    <testcase time="0.161000000000001" classname="table_lbt11" name="LBT11_variant_3_works_as_expected"/>
    <testcase time="0.109000000000009" classname="table_lbt11" name="LBT11_variant_3_works_as_expected"/>
  </testsuite>
  <testsuite name="table_lbt11_bl" timestamp="2024-10-15T23:24:52Z" hostname="37849aed6a28" tests="6" skipped="0" failures="0" errors="0" time="0.795">
    <testcase time="0.200999999999993" classname="table_lbt11_bl" name="LBT11_BL_variant_1_works_as_expected"/>
    <testcase time="0.0929999999999893" classname="table_lbt11_bl" name="LBT11_BL_variant_1_works_as_expected"/>
    <testcase time="0.114000000000004" classname="table_lbt11_bl" name="LBT11_BL_variant_2_works_as_expected"/>
    <testcase time="0.0790000000000077" classname="table_lbt11_bl" name="LBT11_BL_variant_2_works_as_expected"/>
    <testcase time="0.199999999999989" classname="table_lbt11_bl" name="LBT11_BL_variant_3_works_as_expected"/>
    <testcase time="0.108000000000004" classname="table_lbt11_bl" name="LBT11_BL_variant_3_works_as_expected"/>
  </testsuite>
  <testsuite name="table_lbt12" timestamp="2024-10-15T23:24:53Z" hostname="37849aed6a28" tests="2" skipped="0" failures="0" errors="0" time="0.397">
    <testcase time="0.301000000000016" classname="table_lbt12" name="LBT12_works_as_expected"/>
    <testcase time="0.0959999999999752" classname="table_lbt12" name="LBT12_works_as_expected"/>
  </testsuite>
  <testsuite name="table_lbt12_bl" timestamp="2024-10-15T23:24:53Z" hostname="37849aed6a28" tests="2" skipped="0" failures="0" errors="0" time="0.372">
    <testcase time="0.296999999999997" classname="table_lbt12_bl" name="LBT12_BL_works_as_expected"/>
    <testcase time="0.0750000000000171" classname="table_lbt12_bl" name="LBT12_BL_works_as_expected"/>
  </testsuite>
  <testsuite name="table_lbt13" timestamp="2024-10-15T23:24:54Z" hostname="37849aed6a28" tests="10" skipped="0" failures="0" errors="0" time="2.198">
    <testcase time="0.744" classname="table_lbt13" name="LBT13_variant_1_LOW_works_as_expected"/>
    <testcase time="0.100999999999999" classname="table_lbt13" name="LBT13_variant_1_LOW_works_as_expected"/>
    <testcase time="0.137" classname="table_lbt13" name="LBT13_variant_2_HIGH_works_as_expected"/>
    <testcase time="0.0799999999999841" classname="table_lbt13" name="LBT13_variant_2_HIGH_works_as_expected"/>
    <testcase time="0.233000000000004" classname="table_lbt13" name="LBT13_variant_3_LOW_without_baseline_missing_works_as_expected"/>
    <testcase time="0.0840000000000032" classname="table_lbt13" name="LBT13_variant_3_LOW_without_baseline_missing_works_as_expected"/>
    <testcase time="0.14500000000001" classname="table_lbt13" name="LBT13_variant_4_HIGH_with_missing_baseline_considered_as_grade_0_works_as_expected"/>
    <testcase time="0.0660000000000025" classname="table_lbt13" name="LBT13_variant_4_HIGH_with_missing_baseline_considered_as_grade_0_works_as_expected"/>
    <testcase time="0.397999999999996" classname="table_lbt13" name="LBT14_variant_5_HIGH_with_filled_in_grades_works_as_expected"/>
    <testcase time="0.210000000000008" classname="table_lbt13" name="LBT14_variant_5_HIGH_with_filled_in_grades_works_as_expected"/>
  </testsuite>
  <testsuite name="table_lbt14" timestamp="2024-10-15T23:24:56Z" hostname="37849aed6a28" tests="10" skipped="0" failures="0" errors="0" time="27.557">
    <testcase time="5.524" classname="table_lbt14" name="LBT14_variant_1_HIGH_works_as_expected"/>
    <testcase time="0.456999999999994" classname="table_lbt14" name="LBT14_variant_1_HIGH_works_as_expected"/>
    <testcase time="5.06299999999999" classname="table_lbt14" name="LBT14_variant_2_LOW_works_as_expected"/>
    <testcase time="0.308000000000021" classname="table_lbt14" name="LBT14_variant_2_LOW_works_as_expected"/>
    <testcase time="3.21099999999998" classname="table_lbt14" name="LBT14_variant_3_LOW_without_baseline_missing_works_as_expected"/>
    <testcase time="0.372000000000014" classname="table_lbt14" name="LBT14_variant_3_LOW_without_baseline_missing_works_as_expected"/>
    <testcase time="4.56599999999997" classname="table_lbt14" name="LBT14_variant_4_LOW_and_force_1_missing_both_baseline_and_post_baseline_then_force_the_missing_baseline_as_0_as_expected"/>
    <testcase time="0.245000000000005" classname="table_lbt14" name="LBT14_variant_4_LOW_and_force_1_missing_both_baseline_and_post_baseline_then_force_the_missing_baseline_as_0_as_expected"/>
    <testcase time="5.08000000000001" classname="table_lbt14" name="LBT14_variant_5_HIGH_with_fillings_works_as_expected"/>
    <testcase time="2.73099999999999" classname="table_lbt14" name="LBT14_variant_5_HIGH_with_fillings_works_as_expected"/>
  </testsuite>
  <testsuite name="table_lbt15" timestamp="2024-10-15T23:25:23Z" hostname="37849aed6a28" tests="4" skipped="0" failures="0" errors="0" time="1.503">
    <testcase time="0.591000000000008" classname="table_lbt15" name="LBT15_variant_1_works_as_expected"/>
    <testcase time="0.198000000000008" classname="table_lbt15" name="LBT15_variant_1_works_as_expected"/>
    <testcase time="0.528999999999996" classname="table_lbt15" name="LBT15_variant_2_works_as_expected"/>
    <testcase time="0.185000000000002" classname="table_lbt15" name="LBT15_variant_2_works_as_expected"/>
  </testsuite>
  <testsuite name="table_lgrt02" timestamp="2024-10-15T23:25:25Z" hostname="37849aed6a28" tests="8" skipped="0" failures="0" errors="0" time="3.09">
    <testcase time="0.552999999999997" classname="table_lgrt02" name="LGRT02_without_interaction_term_is_produced_correctly"/>
    <testcase time="0.138999999999982" classname="table_lgrt02" name="LGRT02_without_interaction_term_is_produced_correctly"/>
    <testcase time="0.598000000000013" classname="table_lgrt02" name="LGRT02_with_categorical_interaction_is_produced_correctly"/>
    <testcase time="0.182999999999993" classname="table_lgrt02" name="LGRT02_with_categorical_interaction_is_produced_correctly"/>
    <testcase time="0.838999999999999" classname="table_lgrt02" name="LGRT02_with_continuous_interaction_is_produced_correctly"/>
    <testcase time="0.165999999999997" classname="table_lgrt02" name="LGRT02_with_continuous_interaction_is_produced_correctly"/>
    <testcase time="0.468999999999994" classname="table_lgrt02" name="LGRT02_with_setting_values_indicating_an_event_and_custom_alpha_level_is_produced_correctly"/>
    <testcase time="0.143000000000001" classname="table_lgrt02" name="LGRT02_with_setting_values_indicating_an_event_and_custom_alpha_level_is_produced_correctly"/>
  </testsuite>
  <testsuite name="table_mht01" timestamp="2024-10-15T23:25:28Z" hostname="37849aed6a28" tests="8" skipped="0" failures="0" errors="0" time="1.422">
    <testcase time="0.293000000000006" classname="table_mht01" name="MHT01_variant_1_is_produced_accurately"/>
    <testcase time="0.13300000000001" classname="table_mht01" name="MHT01_variant_1_is_produced_accurately"/>
    <testcase time="0.0970000000000084" classname="table_mht01" name="MHT01_variant_2_is_produced_accurately"/>
    <testcase time="0.0679999999999836" classname="table_mht01" name="MHT01_variant_2_is_produced_accurately"/>
    <testcase time="0.241000000000014" classname="table_mht01" name="MHT01_variant_3_is_produced_accurately"/>
    <testcase time="0.119" classname="table_mht01" name="MHT01_variant_3_is_produced_accurately"/>
    <testcase time="0.318999999999988" classname="table_mht01" name="MHT01_variant_5_is_produced_accurately"/>
    <testcase time="0.152000000000015" classname="table_mht01" name="MHT01_variant_5_is_produced_accurately"/>
  </testsuite>
  <testsuite name="table_onct05" timestamp="2024-10-15T23:25:29Z" hostname="37849aed6a28" tests="8" skipped="0" failures="0" errors="0" time="1.887">
    <testcase time="0.417000000000002" classname="table_onct05" name="ONCT05_variant_1_Objective_Response_Rate_by_Subgroup_is_produced_correctly"/>
    <testcase time="0.11099999999999" classname="table_onct05" name="ONCT05_variant_1_Objective_Response_Rate_by_Subgroup_is_produced_correctly"/>
    <testcase time="0.436999999999983" classname="table_onct05" name="ONCT05_variant_2_Specifying_class_variables_is_produced_correctly"/>
    <testcase time="0.121000000000009" classname="table_onct05" name="ONCT05_variant_2_Specifying_class_variables_is_produced_correctly"/>
    <testcase time="0.191000000000003" classname="table_onct05" name="ONCT05_variant_3_selecting_columns_and_changing_the_alpha_level_is_produced_correctly"/>
    <testcase time="0.0889999999999986" classname="table_onct05" name="ONCT05_variant_3_selecting_columns_and_changing_the_alpha_level_is_produced_correctly"/>
    <testcase time="0.413000000000011" classname="table_onct05" name="ONCT05_variant_4_setting_values_indicating_response_is_produced_correctly"/>
    <testcase time="0.108000000000004" classname="table_onct05" name="ONCT05_variant_4_setting_values_indicating_response_is_produced_correctly"/>
  </testsuite>
  <testsuite name="table_pdt01" timestamp="2024-10-15T23:25:31Z" hostname="37849aed6a28" tests="2" skipped="0" failures="0" errors="0" time="0.395">
    <testcase time="0.244999999999976" classname="table_pdt01" name="PDT01_is_produced_correctly"/>
    <testcase time="0.150000000000006" classname="table_pdt01" name="PDT01_is_produced_correctly"/>
  </testsuite>
  <testsuite name="table_pdt02" timestamp="2024-10-15T23:25:31Z" hostname="37849aed6a28" tests="2" skipped="0" failures="0" errors="0" time="0.227">
    <testcase time="0.146000000000015" classname="table_pdt02" name="PDT02_is_produced_correctly"/>
    <testcase time="0.0809999999999889" classname="table_pdt02" name="PDT02_is_produced_correctly"/>
  </testsuite>
  <testsuite name="table_pkct01" timestamp="2024-10-15T23:25:32Z" hostname="37849aed6a28" tests="10" skipped="0" failures="0" errors="0" time="2.998">
    <testcase time="0.265000000000015" classname="table_pkct01" name="PKCT01_is_produced_correctly"/>
    <testcase time="0.0869999999999891" classname="table_pkct01" name="PKCT01_is_produced_correctly"/>
    <testcase time="0.113" classname="table_pkct01" name="PKCT01_is_produced_correctly"/>
    <testcase time="0.0680000000000121" classname="table_pkct01" name="PKCT01_is_produced_correctly"/>
    <testcase time="0.844000000000023" classname="table_pkct01" name="Specific_PKCT01_features_are_present"/>
    <testcase time="0.22399999999999" classname="table_pkct01" name="Specific_PKCT01_features_are_present"/>
    <testcase time="0.197000000000003" classname="table_pkct01" name="Specific_PKCT01_features_are_present"/>
    <testcase time="0.0029999999999859" classname="table_pkct01" name="Specific_PKCT01_features_are_present"/>
    <testcase time="0.673000000000002" classname="table_pkct01" name="Specific_PKCT01_features_are_present"/>
    <testcase time="0.524000000000001" classname="table_pkct01" name="Specific_PKCT01_features_are_present"/>
  </testsuite>
  <testsuite name="table_pkpt02" timestamp="2024-10-15T23:25:35Z" hostname="37849aed6a28" tests="2" skipped="0" failures="0" errors="0" time="0.52">
    <testcase time="0.293999999999983" classname="table_pkpt02" name="PKPT02_is_produced_correctly_for_Drug_X"/>
    <testcase time="0.225999999999999" classname="table_pkpt02" name="PKPT02_is_produced_correctly_for_Drug_X"/>
  </testsuite>
  <testsuite name="table_pkpt03" timestamp="2024-10-15T23:25:35Z" hostname="37849aed6a28" tests="2" skipped="0" failures="0" errors="0" time="1.059">
    <testcase time="0.871000000000009" classname="table_pkpt03" name="PKPT03_Drug_X_is_produced_correctly"/>
    <testcase time="0.187999999999988" classname="table_pkpt03" name="PKPT03_Drug_X_is_produced_correctly"/>
  </testsuite>
  <testsuite name="table_pkpt04" timestamp="2024-10-15T23:25:36Z" hostname="37849aed6a28" tests="2" skipped="0" failures="0" errors="0" time="0.183">
    <testcase time="0.0980000000000132" classname="table_pkpt04" name="PKPT04_is_produced_correctly_for_Drug_X"/>
    <testcase time="0.085000000000008" classname="table_pkpt04" name="PKPT04_is_produced_correctly_for_Drug_X"/>
  </testsuite>
  <testsuite name="table_pkpt05" timestamp="2024-10-15T23:25:36Z" hostname="37849aed6a28" tests="2" skipped="0" failures="0" errors="0" time="0.398">
    <testcase time="0.290999999999997" classname="table_pkpt05" name="PKPT05_Drug_X_is_produced_correctly"/>
    <testcase time="0.106999999999999" classname="table_pkpt05" name="PKPT05_Drug_X_is_produced_correctly"/>
  </testsuite>
  <testsuite name="table_pkpt06" timestamp="2024-10-15T23:25:37Z" hostname="37849aed6a28" tests="4" skipped="0" failures="0" errors="0" time="0.289">
    <testcase time="0.0859999999999843" classname="table_pkpt06" name="PKPT06_is_produced_correctly_for_Drug_X"/>
    <testcase time="0.0960000000000036" classname="table_pkpt06" name="PKPT06_is_produced_correctly_for_Drug_X"/>
    <testcase time="0.0510000000000161" classname="table_pkpt06" name="PKPT06_is_produced_correctly_for_Drug_Y"/>
    <testcase time="0.0559999999999832" classname="table_pkpt06" name="PKPT06_is_produced_correctly_for_Drug_Y"/>
  </testsuite>
  <testsuite name="table_pkpt07" timestamp="2024-10-15T23:25:37Z" hostname="37849aed6a28" tests="4" skipped="0" failures="0" errors="0" time="0.528">
    <testcase time="0.222000000000008" classname="table_pkpt07" name="PKPT07_Drug_X_is_produced_correctly"/>
    <testcase time="0.0949999999999989" classname="table_pkpt07" name="PKPT07_Drug_X_is_produced_correctly"/>
    <testcase time="0.12700000000001" classname="table_pkpt07" name="PKPT07_Drug_Y_is_produced_correctly"/>
    <testcase time="0.0840000000000032" classname="table_pkpt07" name="PKPT07_Drug_Y_is_produced_correctly"/>
  </testsuite>
  <testsuite name="table_ratet01" timestamp="2024-10-15T23:25:38Z" hostname="37849aed6a28" tests="2" skipped="0" failures="0" errors="0" time="0.672">
    <testcase time="0.549999999999983" classname="table_ratet01" name="RATET01_is_produced_correctly"/>
    <testcase time="0.122000000000014" classname="table_ratet01" name="RATET01_is_produced_correctly"/>
  </testsuite>
  <testsuite name="table_rmpt01" timestamp="2024-10-15T23:25:38Z" hostname="37849aed6a28" tests="2" skipped="0" failures="0" errors="0" time="0.198">
    <testcase time="0.139999999999986" classname="table_rmpt01" name="RMPT01_is_produced_correctly"/>
    <testcase time="0.0579999999999927" classname="table_rmpt01" name="RMPT01_is_produced_correctly"/>
  </testsuite>
  <testsuite name="table_rmpt03" timestamp="2024-10-15T23:25:38Z" hostname="37849aed6a28" tests="4" skipped="0" failures="0" errors="0" time="0.519">
    <testcase time="0.186000000000007" classname="table_rmpt03" name="RMPT03_variant_1_is_produced_correctly"/>
    <testcase time="0.0930000000000177" classname="table_rmpt03" name="RMPT03_variant_1_is_produced_correctly"/>
    <testcase time="0.152999999999992" classname="table_rmpt03" name="RMPT03_variant_2_is_produced_correctly"/>
    <testcase time="0.0869999999999891" classname="table_rmpt03" name="RMPT03_variant_2_is_produced_correctly"/>
  </testsuite>
  <testsuite name="table_rmpt04" timestamp="2024-10-15T23:25:39Z" hostname="37849aed6a28" tests="2" skipped="0" failures="0" errors="0" time="0.196">
    <testcase time="0.126000000000005" classname="table_rmpt04" name="RMPT04_variant_1_is_produced_correctly"/>
    <testcase time="0.0699999999999932" classname="table_rmpt04" name="RMPT04_variant_1_is_produced_correctly"/>
  </testsuite>
  <testsuite name="table_rmpt05" timestamp="2024-10-15T23:25:39Z" hostname="37849aed6a28" tests="2" skipped="0" failures="0" errors="0" time="0.209">
    <testcase time="0.141999999999996" classname="table_rmpt05" name="RMPT05_is_produced_correctly"/>
    <testcase time="0.0670000000000073" classname="table_rmpt05" name="RMPT05_is_produced_correctly"/>
  </testsuite>
  <testsuite name="table_rmpt06" timestamp="2024-10-15T23:25:39Z" hostname="37849aed6a28" tests="8" skipped="0" failures="0" errors="0" time="1.515">
    <testcase time="0.307999999999993" classname="table_rmpt06" name="RMPT06_variant_1_is_produced_correctly"/>
    <testcase time="0.102000000000004" classname="table_rmpt06" name="RMPT06_variant_1_is_produced_correctly"/>
    <testcase time="0.197000000000003" classname="table_rmpt06" name="RMPT06_variant_2_is_produced_correctly"/>
    <testcase time="0.0810000000000173" classname="table_rmpt06" name="RMPT06_variant_2_is_produced_correctly"/>
    <testcase time="0.292000000000002" classname="table_rmpt06" name="RMPT06_variant_3_is_produced_correctly"/>
    <testcase time="0.113999999999976" classname="table_rmpt06" name="RMPT06_variant_3_is_produced_correctly"/>
    <testcase time="0.297000000000025" classname="table_rmpt06" name="RMPT06_variant_4_is_produced_correctly"/>
    <testcase time="0.123999999999995" classname="table_rmpt06" name="RMPT06_variant_4_is_produced_correctly"/>
  </testsuite>
  <testsuite name="table_rspt01" timestamp="2024-10-15T23:25:41Z" hostname="37849aed6a28" tests="12" skipped="0" failures="0" errors="0" time="2.297">
    <testcase time="0.268000000000001" classname="table_rspt01" name="RSPT01_1._Best_Overall_Response"/>
    <testcase time="0.10899999999998" classname="table_rspt01" name="RSPT01_1._Best_Overall_Response"/>
    <testcase time="0.234000000000009" classname="table_rspt01" name="RSPT01_2._Best_Overall_Response_selecting_sections_to_display_"/>
    <testcase time="0.116000000000014" classname="table_rspt01" name="RSPT01_2._Best_Overall_Response_selecting_sections_to_display_"/>
    <testcase time="0.290999999999997" classname="table_rspt01" name="RSPT01_3._Best_Overall_Response_modifying_settings_"/>
    <testcase time="0.115999999999985" classname="table_rspt01" name="RSPT01_3._Best_Overall_Response_modifying_settings_"/>
    <testcase time="0.355999999999995" classname="table_rspt01" name="RSPT01_4._Best_Overall_Response_with_stratified_analysis_"/>
    <testcase time="0.122000000000014" classname="table_rspt01" name="RSPT01_4._Best_Overall_Response_with_stratified_analysis_"/>
    <testcase time="0.256" classname="table_rspt01" name="RSPT01_5._Best_Overall_Response_modifying_the_definition_of_overall_response_"/>
    <testcase time="0.12700000000001" classname="table_rspt01" name="RSPT01_5._Best_Overall_Response_modifying_the_definition_of_overall_response_"/>
    <testcase time="0.20999999999998" classname="table_rspt01" name="RSPT01_6._Best_Overall_Response_define_new_sections_to_display_"/>
    <testcase time="0.092000000000013" classname="table_rspt01" name="RSPT01_6._Best_Overall_Response_define_new_sections_to_display_"/>
  </testsuite>
  <testsuite name="table_ttet01" timestamp="2024-10-15T23:25:43Z" hostname="37849aed6a28" tests="14" skipped="0" failures="0" errors="0" time="3.354">
    <testcase time="0.400999999999982" classname="table_ttet01" name="TTET01_default_variant_is_produced_correctly"/>
    <testcase time="0.16500000000002" classname="table_ttet01" name="TTET01_default_variant_is_produced_correctly"/>
    <testcase time="0.381" classname="table_ttet01" name="TTET01_default_variant_with_Placebo_arm"/>
    <testcase time="0.181999999999988" classname="table_ttet01" name="TTET01_default_variant_with_Placebo_arm"/>
    <testcase time="0.210000000000008" classname="table_ttet01" name="TTET01_variant_2_selecting_sections_to_display"/>
    <testcase time="0.109000000000009" classname="table_ttet01" name="TTET01_variant_2_selecting_sections_to_display"/>
    <testcase time="0.291999999999973" classname="table_ttet01" name="TTET01_variant_3_modifying_analysis_details_like_conftype_ties_alpha_level"/>
    <testcase time="0.146000000000015" classname="table_ttet01" name="TTET01_variant_3_modifying_analysis_details_like_conftype_ties_alpha_level"/>
    <testcase time="0.334000000000003" classname="table_ttet01" name="TTET01_variant_4_with_stratified_analysis"/>
    <testcase time="0.162000000000006" classname="table_ttet01" name="TTET01_variant_4_with_stratified_analysis"/>
    <testcase time="0.292000000000002" classname="table_ttet01" name="TTET01_variant_5_modifying_time_point"/>
    <testcase time="0.145999999999987" classname="table_ttet01" name="TTET01_variant_5_modifying_time_point"/>
    <testcase time="0.369" classname="table_ttet01" name="TTET01_variant_6_requesting_more_than_one_p_value"/>
    <testcase time="0.164999999999992" classname="table_ttet01" name="TTET01_variant_6_requesting_more_than_one_p_value"/>
  </testsuite>
  <testsuite name="table_vst01" timestamp="2024-10-15T23:25:47Z" hostname="37849aed6a28" tests="2" skipped="0" failures="0" errors="0" time="1.024">
    <testcase time="0.712000000000018" classname="table_vst01" name="VST01_default_variant_is_produced_correctly"/>
    <testcase time="0.311999999999983" classname="table_vst01" name="VST01_default_variant_is_produced_correctly"/>
  </testsuite>
  <testsuite name="table_vst02" timestamp="2024-10-15T23:25:48Z" hostname="37849aed6a28" tests="4" skipped="0" failures="0" errors="0" time="0.914">
    <testcase time="0.366000000000014" classname="table_vst02" name="1._Vital_Sign_Abnormalities_Regardless_of_Abnormality_at_Baseline_VST02_1_"/>
    <testcase time="0.132999999999981" classname="table_vst02" name="1._Vital_Sign_Abnormalities_Regardless_of_Abnormality_at_Baseline_VST02_1_"/>
    <testcase time="0.283000000000015" classname="table_vst02" name="2._Vital_Sign_Abnormalities_Among_Subject_Without_Abnormality_at_Baseline_VST02_2_"/>
    <testcase time="0.132000000000005" classname="table_vst02" name="2._Vital_Sign_Abnormalities_Among_Subject_Without_Abnormality_at_Baseline_VST02_2_"/>
  </testsuite>
</testsuites>
