<?xml version="1.0" encoding="UTF-8"?>
<testsuites>
  <testsuite name="listing_adal02" timestamp="2024-10-29T19:31:50Z" hostname="e4183ad7a891" tests="1" skipped="0" failures="0" errors="0" time="0.239">
    <testcase time="0.239000000000001" classname="listing_adal02" name="ADAL02_listing_is_produced_correctly"/>
  </testsuite>
  <testsuite name="listing_ael01" timestamp="2024-10-29T19:31:50Z" hostname="e4183ad7a891" tests="1" skipped="0" failures="0" errors="0" time="0.199">
    <testcase time="0.199" classname="listing_ael01" name="AEL01_listing_is_produced_correctly"/>
  </testsuite>
  <testsuite name="listing_ael01_nollt" timestamp="2024-10-29T19:31:50Z" hostname="e4183ad7a891" tests="1" skipped="0" failures="0" errors="0" time="0.074">
    <testcase time="0.0739999999999998" classname="listing_ael01_nollt" name="AEL01_NOLLT_listing_is_produced_correctly"/>
  </testsuite>
  <testsuite name="listing_ael02" timestamp="2024-10-29T19:31:50Z" hostname="e4183ad7a891" tests="1" skipped="0" failures="0" errors="0" time="0.295">
    <testcase time="0.295" classname="listing_ael02" name="AEL02_listing_is_produced_correctly"/>
  </testsuite>
  <testsuite name="listing_ael02_ed" timestamp="2024-10-29T19:31:51Z" hostname="e4183ad7a891" tests="1" skipped="0" failures="0" errors="0" time="0.33">
    <testcase time="0.33" classname="listing_ael02_ed" name="AEL02_ED_listing_is_produced_correctly"/>
  </testsuite>
  <testsuite name="listing_ael03" timestamp="2024-10-29T19:31:51Z" hostname="e4183ad7a891" tests="1" skipped="0" failures="0" errors="0" time="0.273">
    <testcase time="0.273" classname="listing_ael03" name="AEL03_listing_is_produced_correctly"/>
  </testsuite>
  <testsuite name="listing_ael04" timestamp="2024-10-29T19:31:51Z" hostname="e4183ad7a891" tests="1" skipped="0" failures="0" errors="0" time="0.218">
    <testcase time="0.218" classname="listing_ael04" name="AEL04_listing_is_produced_correctly"/>
  </testsuite>
  <testsuite name="listing_cml01" timestamp="2024-10-29T19:31:52Z" hostname="e4183ad7a891" tests="1" skipped="0" failures="0" errors="0" time="0.335">
    <testcase time="0.335000000000001" classname="listing_cml01" name="CML01_listing_is_produced_correctly"/>
  </testsuite>
  <testsuite name="listing_cml02a_gl" timestamp="2024-10-29T19:31:52Z" hostname="e4183ad7a891" tests="1" skipped="0" failures="0" errors="0" time="0.115">
    <testcase time="0.115" classname="listing_cml02a_gl" name="CML02A_GL_listing_is_produced_correctly"/>
  </testsuite>
  <testsuite name="listing_cml02b_gl" timestamp="2024-10-29T19:31:52Z" hostname="e4183ad7a891" tests="1" skipped="0" failures="0" errors="0" time="0.168">
    <testcase time="0.167999999999999" classname="listing_cml02b_gl" name="CML02B_GL_listing_is_produced_correctly"/>
  </testsuite>
  <testsuite name="listing_dsl01" timestamp="2024-10-29T19:31:52Z" hostname="e4183ad7a891" tests="1" skipped="0" failures="0" errors="0" time="0.17">
    <testcase time="0.17" classname="listing_dsl01" name="DSL01_listing_is_produced_correctly"/>
  </testsuite>
  <testsuite name="listing_dsl02" timestamp="2024-10-29T19:31:52Z" hostname="e4183ad7a891" tests="1" skipped="0" failures="0" errors="0" time="0.073">
    <testcase time="0.0730000000000004" classname="listing_dsl02" name="DSL02_listing_is_produced_correctly"/>
  </testsuite>
  <testsuite name="listing_dsur4" timestamp="2024-10-29T19:31:52Z" hostname="e4183ad7a891" tests="1" skipped="0" failures="0" errors="0" time="0.112">
    <testcase time="0.112" classname="listing_dsur4" name="DSUR4_listing_is_produced_correctly"/>
  </testsuite>
  <testsuite name="listing_egl01" timestamp="2024-10-29T19:31:53Z" hostname="e4183ad7a891" tests="1" skipped="0" failures="0" errors="0" time="0.292">
    <testcase time="0.292" classname="listing_egl01" name="EGL01_listing_is_produced_correctly"/>
  </testsuite>
  <testsuite name="listing_exl01" timestamp="2024-10-29T19:31:53Z" hostname="e4183ad7a891" tests="1" skipped="0" failures="0" errors="0" time="0.219">
    <testcase time="0.218999999999999" classname="listing_exl01" name="EXL01_listing_is_produced_correctly"/>
  </testsuite>
  <testsuite name="listing_lbl01" timestamp="2024-10-29T19:31:53Z" hostname="e4183ad7a891" tests="1" skipped="0" failures="0" errors="0" time="0.526">
    <testcase time="0.526" classname="listing_lbl01" name="LBL01_listing_is_produced_correctly"/>
  </testsuite>
  <testsuite name="listing_lbl01_rls" timestamp="2024-10-29T19:31:54Z" hostname="e4183ad7a891" tests="1" skipped="0" failures="0" errors="0" time="0.542">
    <testcase time="0.542" classname="listing_lbl01_rls" name="LBL01_RLS_listing_is_produced_correctly"/>
  </testsuite>
  <testsuite name="listing_lbl02a" timestamp="2024-10-29T19:31:54Z" hostname="e4183ad7a891" tests="1" skipped="0" failures="0" errors="0" time="0.252">
    <testcase time="0.252000000000001" classname="listing_lbl02a" name="LBL02A_listing_is_produced_correctly"/>
  </testsuite>
  <testsuite name="listing_lbl02a_rls" timestamp="2024-10-29T19:31:54Z" hostname="e4183ad7a891" tests="1" skipped="0" failures="0" errors="0" time="0.828">
    <testcase time="0.827999999999999" classname="listing_lbl02a_rls" name="LBL02A_RLS_listing_is_produced_correctly"/>
  </testsuite>
  <testsuite name="listing_lbl02b" timestamp="2024-10-29T19:31:55Z" hostname="e4183ad7a891" tests="1" skipped="0" failures="0" errors="0" time="0.255">
    <testcase time="0.255000000000001" classname="listing_lbl02b" name="LBL02B_listing_is_produced_correctly"/>
  </testsuite>
  <testsuite name="listing_mhl01" timestamp="2024-10-29T19:31:55Z" hostname="e4183ad7a891" tests="1" skipped="0" failures="0" errors="0" time="0.254">
    <testcase time="0.254" classname="listing_mhl01" name="MHL01_listing_is_produced_correctly"/>
  </testsuite>
  <testsuite name="listing_oncl01" timestamp="2024-10-29T19:31:56Z" hostname="e4183ad7a891" tests="1" skipped="0" failures="0" errors="0" time="0.248">
    <testcase time="0.248000000000001" classname="listing_oncl01" name="ONCL01_listing_is_produced_correctly"/>
  </testsuite>
  <testsuite name="listing_pkcl01" timestamp="2024-10-29T19:31:56Z" hostname="e4183ad7a891" tests="1" skipped="0" failures="0" errors="0" time="0.183">
    <testcase time="0.183" classname="listing_pkcl01" name="PKCL01_listing_is_produced_correctly"/>
  </testsuite>
  <testsuite name="listing_pkcl02" timestamp="2024-10-29T19:31:56Z" hostname="e4183ad7a891" tests="1" skipped="0" failures="0" errors="0" time="0.199">
    <testcase time="0.199" classname="listing_pkcl02" name="PKCL02_listing_is_produced_correctly"/>
  </testsuite>
  <testsuite name="listing_pkpl01" timestamp="2024-10-29T19:31:56Z" hostname="e4183ad7a891" tests="1" skipped="0" failures="0" errors="0" time="0.242">
    <testcase time="0.241999999999999" classname="listing_pkpl01" name="PKPL01_listing_is_produced_correctly"/>
  </testsuite>
  <testsuite name="listing_pkpl02" timestamp="2024-10-29T19:31:57Z" hostname="e4183ad7a891" tests="1" skipped="0" failures="0" errors="0" time="0.151">
    <testcase time="0.151" classname="listing_pkpl02" name="PKPL02_listing_is_produced_correctly"/>
  </testsuite>
  <testsuite name="listing_pkpl04" timestamp="2024-10-29T19:31:57Z" hostname="e4183ad7a891" tests="1" skipped="0" failures="0" errors="0" time="0.203">
    <testcase time="0.203000000000001" classname="listing_pkpl04" name="PKPL04_listing_is_produced_correctly"/>
  </testsuite>
  <testsuite name="listing_vsl01" timestamp="2024-10-29T19:31:57Z" hostname="e4183ad7a891" tests="1" skipped="0" failures="0" errors="0" time="0.443">
    <testcase time="0.443000000000001" classname="listing_vsl01" name="VSL01_listing_is_produced_correctly"/>
  </testsuite>
  <testsuite name="pagination_listing" timestamp="2024-10-29T19:31:57Z" hostname="e4183ad7a891" tests="13" skipped="0" failures="0" errors="0" time="5.964">
    <testcase time="0.0299999999999976" classname="pagination_listing" name="Direct_pagination_works_fine"/>
    <testcase time="0.994" classname="pagination_listing" name="Direct_pagination_works_fine"/>
    <testcase time="0.00300000000000011" classname="pagination_listing" name="Direct_pagination_works_fine"/>
    <testcase time="0.874000000000002" classname="pagination_listing" name="Direct_pagination_works_fine"/>
    <testcase time="1.24" classname="pagination_listing" name="Direct_pagination_works_fine"/>
    <testcase time="1.327" classname="pagination_listing" name="pagination_counts_the_right_number_of_lines_when_wrapping_on_keycols_is_present"/>
    <testcase time="0.00599999999999667" classname="pagination_listing" name="pagination_counts_the_right_number_of_lines_when_wrapping_on_keycols_is_present"/>
    <testcase time="0.00500000000000256" classname="pagination_listing" name="pagination_counts_the_right_number_of_lines_when_wrapping_on_keycols_is_present"/>
    <testcase time="0.00300000000000011" classname="pagination_listing" name="pagination_counts_the_right_number_of_lines_when_wrapping_on_keycols_is_present"/>
    <testcase time="1.47" classname="pagination_listing" name="pagination_counts_the_right_number_of_lines_when_wrapping_on_keycols_is_present"/>
    <testcase time="0.00499999999999901" classname="pagination_listing" name="pagination_counts_the_right_number_of_lines_when_wrapping_on_keycols_is_present"/>
    <testcase time="0.00400000000000134" classname="pagination_listing" name="pagination_counts_the_right_number_of_lines_when_wrapping_on_keycols_is_present"/>
    <testcase time="0.00300000000000011" classname="pagination_listing" name="pagination_counts_the_right_number_of_lines_when_wrapping_on_keycols_is_present"/>
  </testsuite>
  <testsuite name="pagination_table" timestamp="2024-10-29T19:32:04Z" hostname="e4183ad7a891" tests="30" skipped="0" failures="0" errors="0" time="13.951">
    <testcase time="1.691" classname="pagination_table" name="Direct_pagination_with_standard_values"/>
    <testcase time="0.00400000000000134" classname="pagination_table" name="Direct_pagination_with_standard_values"/>
    <testcase time="0.00300000000000011" classname="pagination_table" name="Direct_pagination_with_standard_values"/>
    <testcase time="1.207" classname="pagination_table" name="Pagination_with_specific_column_widths_and_minimum_lines_per_page"/>
    <testcase time="0.00300000000000011" classname="pagination_table" name="Pagination_with_specific_column_widths_and_minimum_lines_per_page"/>
    <testcase time="0.122" classname="pagination_table" name="Pagination_with_specific_column_widths_and_minimum_lines_per_page"/>
    <testcase time="0.943999999999999" classname="pagination_table" name="Pagination_works_also_if_table_is_decorated"/>
    <testcase time="0.529" classname="pagination_table" name="Pagination_works_also_if_table_is_decorated"/>
    <testcase time="0.805" classname="pagination_table" name="Pagination_works_also_if_table_is_decorated"/>
    <testcase time="0.673999999999999" classname="pagination_table" name="Pagination_works_also_if_table_is_decorated"/>
    <testcase time="1.336" classname="pagination_table" name="Pagination_works_also_if_table_is_decorated"/>
    <testcase time="0.309999999999999" classname="pagination_table" name="Pagination_works_also_if_table_is_decorated"/>
    <testcase time="0.00400000000000134" classname="pagination_table" name="Pagination_works_also_if_table_is_decorated"/>
    <testcase time="0.0239999999999974" classname="pagination_table" name="Pagination_works_also_if_table_is_decorated"/>
    <testcase time="0.145" classname="pagination_table" name="Pagination_works_also_if_table_is_decorated"/>
    <testcase time="0.0950000000000024" classname="pagination_table" name="Pagination_works_also_if_table_is_decorated"/>
    <testcase time="0.718999999999998" classname="pagination_table" name="Pagination_works_for_page_types"/>
    <testcase time="0.0770000000000017" classname="pagination_table" name="Pagination_works_for_page_types"/>
    <testcase time="0.707999999999998" classname="pagination_table" name="Pagination_works_for_page_types"/>
    <testcase time="0.0760000000000005" classname="pagination_table" name="Pagination_works_for_page_types"/>
    <testcase time="0.673000000000002" classname="pagination_table" name="Pagination_works_for_page_types"/>
    <testcase time="0.408000000000001" classname="pagination_table" name="Pagination_works_for_page_types"/>
    <testcase time="0.707999999999998" classname="pagination_table" name="Pagination_works_for_page_width_and_height"/>
    <testcase time="0.131999999999998" classname="pagination_table" name="Pagination_works_for_page_width_and_height"/>
    <testcase time="0.798999999999999" classname="pagination_table" name="Pagination_works_for_page_types"/>
    <testcase time="0.166000000000004" classname="pagination_table" name="Pagination_works_for_page_types"/>
    <testcase time="0.814999999999998" classname="pagination_table" name="AET04_variant_2_page_by_pagination_tests"/>
    <testcase time="0.622" classname="pagination_table" name="AET04_variant_2_page_by_pagination_tests"/>
    <testcase time="0.00200000000000244" classname="pagination_table" name="AET04_variant_2_page_by_pagination_tests"/>
    <testcase time="0.149999999999999" classname="pagination_table" name="AET04_variant_2_page_by_pagination_tests"/>
  </testsuite>
  <testsuite name="table_adat03" timestamp="2024-10-29T19:32:17Z" hostname="e4183ad7a891" tests="2" skipped="0" failures="0" errors="0" time="0.547">
    <testcase time="0.409999999999997" classname="table_adat03" name="ADAT03_is_produced_correctly"/>
    <testcase time="0.137" classname="table_adat03" name="ADAT03_is_produced_correctly"/>
  </testsuite>
  <testsuite name="table_aet01" timestamp="2024-10-29T19:32:18Z" hostname="e4183ad7a891" tests="8" skipped="0" failures="0" errors="0" time="1.834">
    <testcase time="0.396000000000001" classname="table_aet01" name="Safety_Summary_Variant_1_works_as_expected"/>
    <testcase time="0.117000000000004" classname="table_aet01" name="Safety_Summary_Variant_1_works_as_expected"/>
    <testcase time="0.327999999999996" classname="table_aet01" name="Safety_Summary_Variant_2_with_Medical_Concepts_Section_works_as_expected"/>
    <testcase time="0.129000000000005" classname="table_aet01" name="Safety_Summary_Variant_2_with_Medical_Concepts_Section_works_as_expected"/>
    <testcase time="0.267999999999994" classname="table_aet01" name="Safety_Summary_Variant_3_with_Modified_Rows_works_as_expected"/>
    <testcase time="0.0910000000000011" classname="table_aet01" name="Safety_Summary_Variant_3_with_Modified_Rows_works_as_expected"/>
    <testcase time="0.372" classname="table_aet01" name="Safety_Summary_Variant_4_with_Rows_Counting_Events_and_Additional_Sections_works_as_expected"/>
    <testcase time="0.133000000000003" classname="table_aet01" name="Safety_Summary_Variant_4_with_Rows_Counting_Events_and_Additional_Sections_works_as_expected"/>
  </testsuite>
  <testsuite name="table_aet01_aesi" timestamp="2024-10-29T19:32:20Z" hostname="e4183ad7a891" tests="8" skipped="0" failures="0" errors="0" time="2.803">
    <testcase time="0.274000000000001" classname="table_aet01_aesi" name="AET01_AESI_Variant_1_works_as_expected"/>
    <testcase time="0.097999999999999" classname="table_aet01_aesi" name="AET01_AESI_Variant_1_works_as_expected"/>
    <testcase time="0.478999999999999" classname="table_aet01_aesi" name="AET01_AESI_Variant_2_works_as_expected"/>
    <testcase time="0.155999999999999" classname="table_aet01_aesi" name="AET01_AESI_Variant_2_works_as_expected"/>
    <testcase time="0.861000000000004" classname="table_aet01_aesi" name="AET01_AESI_Variant_3_works_as_expected"/>
    <testcase time="0.202999999999996" classname="table_aet01_aesi" name="AET01_AESI_Variant_3_works_as_expected"/>
    <testcase time="0.527000000000001" classname="table_aet01_aesi" name="AET01_AESI_Variant_4_works_as_expected"/>
    <testcase time="0.204999999999998" classname="table_aet01_aesi" name="AET01_AESI_Variant_4_works_as_expected"/>
  </testsuite>
  <testsuite name="table_aet02" timestamp="2024-10-29T19:32:23Z" hostname="e4183ad7a891" tests="26" skipped="0" failures="0" errors="0" time="7.821">
    <testcase time="0.512" classname="table_aet02" name="AET02_variant_1_is_produced_correctly"/>
    <testcase time="0.173999999999999" classname="table_aet02" name="AET02_variant_1_is_produced_correctly"/>
    <testcase time="0.400000000000006" classname="table_aet02" name="AET02_variant_1_is_produced_correctly"/>
    <testcase time="0.0859999999999985" classname="table_aet02" name="AET02_variant_1_is_produced_correctly"/>
    <testcase time="0.595999999999997" classname="table_aet02" name="AET02_variant_2_is_produced_correctly"/>
    <testcase time="0.187000000000005" classname="table_aet02" name="AET02_variant_2_is_produced_correctly"/>
    <testcase time="0.883999999999993" classname="table_aet02" name="AET02_variant_3_is_produced_correctly"/>
    <testcase time="0.290000000000006" classname="table_aet02" name="AET02_variant_3_is_produced_correctly"/>
    <testcase time="0.110999999999997" classname="table_aet02" name="AET02_variant_4_is_produced_correctly"/>
    <testcase time="0.103000000000002" classname="table_aet02" name="AET02_variant_4_is_produced_correctly"/>
    <testcase time="0.393000000000001" classname="table_aet02" name="AET02_variant_5_is_produced_correctly"/>
    <testcase time="0.156999999999996" classname="table_aet02" name="AET02_variant_5_is_produced_correctly"/>
    <testcase time="0.380000000000003" classname="table_aet02" name="AET02_variant_6_is_produced_correctly"/>
    <testcase time="0.103999999999999" classname="table_aet02" name="AET02_variant_6_is_produced_correctly"/>
    <testcase time="0.893000000000001" classname="table_aet02" name="AET02_variant_7_is_produced_correctly"/>
    <testcase time="0.144999999999996" classname="table_aet02" name="AET02_variant_7_is_produced_correctly"/>
    <testcase time="0.396000000000001" classname="table_aet02" name="AET02_variant_8_is_produced_correctly"/>
    <testcase time="0.0720000000000027" classname="table_aet02" name="AET02_variant_8_is_produced_correctly"/>
    <testcase time="0.390000000000001" classname="table_aet02" name="AET02_variant_9_is_produced_correctly"/>
    <testcase time="0.109000000000002" classname="table_aet02" name="AET02_variant_9_is_produced_correctly"/>
    <testcase time="0.378" classname="table_aet02" name="AET02_variant_10_is_produced_correctly"/>
    <testcase time="0.0969999999999942" classname="table_aet02" name="AET02_variant_10_is_produced_correctly"/>
    <testcase time="0.393000000000001" classname="table_aet02" name="AET02_variant_11_is_produced_correctly"/>
    <testcase time="0.0730000000000004" classname="table_aet02" name="AET02_variant_11_is_produced_correctly"/>
    <testcase time="0.391000000000005" classname="table_aet02" name="AET02_variant_12_is_produced_correctly"/>
    <testcase time="0.106999999999999" classname="table_aet02" name="AET02_variant_12_is_produced_correctly"/>
  </testsuite>
  <testsuite name="table_aet02_smq" timestamp="2024-10-29T19:32:30Z" hostname="e4183ad7a891" tests="4" skipped="0" failures="0" errors="0" time="0.429">
    <testcase time="0.117999999999995" classname="table_aet02_smq" name="AET02SMQ_variant_1_is_produced_correctly"/>
    <testcase time="0.0700000000000003" classname="table_aet02_smq" name="AET02SMQ_variant_1_is_produced_correctly"/>
    <testcase time="0.152000000000001" classname="table_aet02_smq" name="AET02SMQ_variant_2_is_produced_correctly"/>
    <testcase time="0.0889999999999986" classname="table_aet02_smq" name="AET02SMQ_variant_2_is_produced_correctly"/>
  </testsuite>
  <testsuite name="table_aet03" timestamp="2024-10-29T19:32:31Z" hostname="e4183ad7a891" tests="6" skipped="0" failures="0" errors="0" time="4.81">
    <testcase time="1.08600000000001" classname="table_aet03" name="AET03_variant_1_is_produced_correctly"/>
    <testcase time="0.412999999999997" classname="table_aet03" name="AET03_variant_1_is_produced_correctly"/>
    <testcase time="1.348" classname="table_aet03" name="AET03_variant_1_is_produced_correctly"/>
    <testcase time="0.685000000000002" classname="table_aet03" name="AET03_variant_1_is_produced_correctly"/>
    <testcase time="1.056" classname="table_aet03" name="AET03_variant_1_is_produced_correctly"/>
    <testcase time="0.222000000000001" classname="table_aet03" name="AET03_variant_1_is_produced_correctly"/>
  </testsuite>
  <testsuite name="table_aet04" timestamp="2024-10-29T19:32:36Z" hostname="e4183ad7a891" tests="30" skipped="0" failures="0" errors="0" time="12.171">
    <testcase time="0.731999999999999" classname="table_aet04" name="AET04_variant_1_is_produced_correctly"/>
    <testcase time="0.330000000000005" classname="table_aet04" name="AET04_variant_1_is_produced_correctly"/>
    <testcase time="0.775999999999996" classname="table_aet04" name="AET04_variant_1_is_produced_correctly"/>
    <testcase time="0.0450000000000017" classname="table_aet04" name="AET04_variant_1_is_produced_correctly"/>
    <testcase time="0.0399999999999991" classname="table_aet04" name="AET04_variant_1_is_produced_correctly"/>
    <testcase time="0.663000000000004" classname="table_aet04" name="AET04_variant_2_is_produced_correctly_Fill_in_of_Treatment_Groups_"/>
    <testcase time="0.286999999999999" classname="table_aet04" name="AET04_variant_2_is_produced_correctly_Fill_in_of_Treatment_Groups_"/>
    <testcase time="0.704999999999998" classname="table_aet04" name="AET04_variant_2_is_produced_correctly_Fill_in_of_Treatment_Groups_"/>
    <testcase time="0.0399999999999991" classname="table_aet04" name="AET04_variant_2_is_produced_correctly_Fill_in_of_Treatment_Groups_"/>
    <testcase time="0.0439999999999969" classname="table_aet04" name="AET04_variant_2_is_produced_correctly_Fill_in_of_Treatment_Groups_"/>
    <testcase time="0.848000000000006" classname="table_aet04" name="AET04_variant_3_is_produced_correctly_Fill_in_of_Grades_"/>
    <testcase time="0.311" classname="table_aet04" name="AET04_variant_3_is_produced_correctly_Fill_in_of_Grades_"/>
    <testcase time="0.744" classname="table_aet04" name="AET04_variant_3_is_produced_correctly_Fill_in_of_Grades_"/>
    <testcase time="0.0409999999999968" classname="table_aet04" name="AET04_variant_3_is_produced_correctly_Fill_in_of_Grades_"/>
    <testcase time="0.0380000000000038" classname="table_aet04" name="AET04_variant_3_is_produced_correctly_Fill_in_of_Grades_"/>
    <testcase time="0.637999999999998" classname="table_aet04" name="AET04_variant_4_is_produced_correctly_Collapsing_of_Grades_grades_1_2_grades_3_4_5_"/>
    <testcase time="0.295000000000002" classname="table_aet04" name="AET04_variant_4_is_produced_correctly_Collapsing_of_Grades_grades_1_2_grades_3_4_5_"/>
    <testcase time="0.724999999999994" classname="table_aet04" name="AET04_variant_4_is_produced_correctly_Collapsing_of_Grades_grades_1_2_grades_3_4_5_"/>
    <testcase time="0.677" classname="table_aet04" name="AET04_variant_6_is_produced_correctly_with_an_Incidence_Rate_of_at_Least_5_totals_restricted_"/>
    <testcase time="0.301000000000002" classname="table_aet04" name="AET04_variant_6_is_produced_correctly_with_an_Incidence_Rate_of_at_Least_5_totals_restricted_"/>
    <testcase time="0.731000000000002" classname="table_aet04" name="AET04_variant_6_is_produced_correctly_with_an_Incidence_Rate_of_at_Least_5_totals_restricted_"/>
    <testcase time="0.00999999999999801" classname="table_aet04" name="AET04_variant_8_is_produced_correctly_with_an_Incidence_Rate_of_at_Least_X_Patients_"/>
    <testcase time="0.303000000000004" classname="table_aet04" name="AET04_variant_8_is_produced_correctly_with_an_Incidence_Rate_of_at_Least_X_Patients_"/>
    <testcase time="0.731999999999999" classname="table_aet04" name="AET04_variant_8_is_produced_correctly_with_an_Incidence_Rate_of_at_Least_X_Patients_"/>
    <testcase time="0.00900000000000034" classname="table_aet04" name="AET04_variant_9_is_produced_correctly_with_a_Difference_in_Incidence_Rate_of_at_Least_X_"/>
    <testcase time="0.308999999999997" classname="table_aet04" name="AET04_variant_9_is_produced_correctly_with_a_Difference_in_Incidence_Rate_of_at_Least_X_"/>
    <testcase time="0.733000000000004" classname="table_aet04" name="AET04_variant_9_is_produced_correctly_with_a_Difference_in_Incidence_Rate_of_at_Least_X_"/>
    <testcase time="0.00900000000000034" classname="table_aet04" name="AET04_variant_11_is_produced_correctly_with_Incidence_Rate_of_at_Least_X_all_SOCs_w_o_preferred_terms_removed_"/>
    <testcase time="0.313000000000002" classname="table_aet04" name="AET04_variant_11_is_produced_correctly_with_Incidence_Rate_of_at_Least_X_all_SOCs_w_o_preferred_terms_removed_"/>
    <testcase time="0.74199999999999" classname="table_aet04" name="AET04_variant_11_is_produced_correctly_with_Incidence_Rate_of_at_Least_X_all_SOCs_w_o_preferred_terms_removed_"/>
  </testsuite>
  <testsuite name="table_aet04_pi" timestamp="2024-10-29T19:32:48Z" hostname="e4183ad7a891" tests="18" skipped="0" failures="0" errors="0" time="6.432">
    <testcase time="0.537000000000006" classname="table_aet04_pi" name="AET04_PI_full_table_is_produced_correctly"/>
    <testcase time="0.23899999999999" classname="table_aet04_pi" name="AET04_PI_full_table_is_produced_correctly"/>
    <testcase time="0.582000000000008" classname="table_aet04_pi" name="AET04_PI_variant_1_is_produced_correctly"/>
    <testcase time="0.170999999999992" classname="table_aet04_pi" name="AET04_PI_variant_1_is_produced_correctly"/>
    <testcase time="0.577000000000012" classname="table_aet04_pi" name="AET04_PI_variant_2_is_produced_correctly"/>
    <testcase time="0.117999999999995" classname="table_aet04_pi" name="AET04_PI_variant_2_is_produced_correctly"/>
    <testcase time="0.573999999999998" classname="table_aet04_pi" name="AET04_PI_variant_3_is_produced_correctly"/>
    <testcase time="0.134" classname="table_aet04_pi" name="AET04_PI_variant_3_is_produced_correctly"/>
    <testcase time="0.576000000000008" classname="table_aet04_pi" name="AET04_PI_variant_4_is_produced_correctly"/>
    <testcase time="0.0939999999999941" classname="table_aet04_pi" name="AET04_PI_variant_4_is_produced_correctly"/>
    <testcase time="0.590000000000003" classname="table_aet04_pi" name="AET04_PI_variant_5_is_produced_correctly"/>
    <testcase time="0.156999999999996" classname="table_aet04_pi" name="AET04_PI_variant_5_is_produced_correctly"/>
    <testcase time="0.722999999999999" classname="table_aet04_pi" name="AET04_PI_variant_6_is_produced_correctly"/>
    <testcase time="0.159999999999997" classname="table_aet04_pi" name="AET04_PI_variant_6_is_produced_correctly"/>
    <testcase time="0.731999999999999" classname="table_aet04_pi" name="AET04_PI_variant_7_is_produced_correctly"/>
    <testcase time="0.159000000000006" classname="table_aet04_pi" name="AET04_PI_variant_7_is_produced_correctly"/>
    <testcase time="0.174999999999997" classname="table_aet04_pi" name="AET04_PI_variant_8_is_produced_correctly"/>
    <testcase time="0.134" classname="table_aet04_pi" name="AET04_PI_variant_8_is_produced_correctly"/>
  </testsuite>
  <testsuite name="table_aet05" timestamp="2024-10-29T19:32:54Z" hostname="e4183ad7a891" tests="4" skipped="0" failures="0" errors="0" time="0.278">
    <testcase time="0.0910000000000082" classname="table_aet05" name="AET05_variant_1_is_produced_correctly"/>
    <testcase time="0.0589999999999975" classname="table_aet05" name="AET05_variant_1_is_produced_correctly"/>
    <testcase time="0.0669999999999931" classname="table_aet05" name="AET05_variant_2_is_produced_correctly"/>
    <testcase time="0.061000000000007" classname="table_aet05" name="AET05_variant_2_is_produced_correctly"/>
  </testsuite>
  <testsuite name="table_aet05_all" timestamp="2024-10-29T19:32:54Z" hostname="e4183ad7a891" tests="4" skipped="0" failures="0" errors="0" time="0.312">
    <testcase time="0.114000000000004" classname="table_aet05_all" name="AET05_ALL_variant_1_is_produced_correctly"/>
    <testcase time="0.0589999999999975" classname="table_aet05_all" name="AET05_ALL_variant_1_is_produced_correctly"/>
    <testcase time="0.0559999999999974" classname="table_aet05_all" name="AET05_ALL_variant_2_is_produced_correctly"/>
    <testcase time="0.0830000000000126" classname="table_aet05_all" name="AET05_ALL_variant_2_is_produced_correctly"/>
  </testsuite>
  <testsuite name="table_aet06" timestamp="2024-10-29T19:32:55Z" hostname="e4183ad7a891" tests="6" skipped="0" failures="0" errors="0" time="3.932">
    <testcase time="0.585999999999999" classname="table_aet06" name="AET06_variant_1_is_produced_correctly"/>
    <testcase time="0.22399999999999" classname="table_aet06" name="AET06_variant_1_is_produced_correctly"/>
    <testcase time="0.984999999999999" classname="table_aet06" name="AET06_variant_3_is_produced_correctly"/>
    <testcase time="0.337000000000003" classname="table_aet06" name="AET06_variant_3_is_produced_correctly"/>
    <testcase time="1.437" classname="table_aet06" name="AET06_variant_5_is_produced_correctly"/>
    <testcase time="0.363" classname="table_aet06" name="AET06_variant_5_is_produced_correctly"/>
  </testsuite>
  <testsuite name="table_aet06_smq" timestamp="2024-10-29T19:32:59Z" hostname="e4183ad7a891" tests="4" skipped="0" failures="0" errors="0" time="0.937">
    <testcase time="0.331000000000003" classname="table_aet06_smq" name="AET06_SMQ_variant_1_is_produced_correctly"/>
    <testcase time="0.135000000000005" classname="table_aet06_smq" name="AET06_SMQ_variant_1_is_produced_correctly"/>
    <testcase time="0.337000000000003" classname="table_aet06_smq" name="AET06_SMQ_variant_2_is_produced_correctly"/>
    <testcase time="0.134" classname="table_aet06_smq" name="AET06_SMQ_variant_2_is_produced_correctly"/>
  </testsuite>
  <testsuite name="table_aet07" timestamp="2024-10-29T19:33:00Z" hostname="e4183ad7a891" tests="4" skipped="0" failures="0" errors="0" time="0.188">
    <testcase time="0.0519999999999925" classname="table_aet07" name="AET07_variant_1_is_produced_correctly"/>
    <testcase time="0.0409999999999968" classname="table_aet07" name="AET07_variant_1_is_produced_correctly"/>
    <testcase time="0.046999999999997" classname="table_aet07" name="AET07_variant_2_is_produced_correctly"/>
    <testcase time="0.0480000000000018" classname="table_aet07" name="AET07_variant_2_is_produced_correctly"/>
  </testsuite>
  <testsuite name="table_aet09" timestamp="2024-10-29T19:33:00Z" hostname="e4183ad7a891" tests="4" skipped="0" failures="0" errors="0" time="1.835">
    <testcase time="0.493000000000009" classname="table_aet09" name="AET09_variant_1_is_produced_correctly_AE_related_to_study_drug"/>
    <testcase time="0.179999999999993" classname="table_aet09" name="AET09_variant_1_is_produced_correctly_AE_related_to_study_drug"/>
    <testcase time="0.879000000000005" classname="table_aet09" name="AET09_variant_2_is_produced_correctly_AE_related_to_study_drug_including_high_level_terms_"/>
    <testcase time="0.283000000000001" classname="table_aet09" name="AET09_variant_2_is_produced_correctly_AE_related_to_study_drug_including_high_level_terms_"/>
  </testsuite>
  <testsuite name="table_aet09_smq" timestamp="2024-10-29T19:33:02Z" hostname="e4183ad7a891" tests="4" skipped="0" failures="0" errors="0" time="0.48">
    <testcase time="0.11999999999999" classname="table_aet09_smq" name="AET09_variant_1_AEs_related_to_study_drug_by_SMQ_is_produced_correctly"/>
    <testcase time="0.0670000000000073" classname="table_aet09_smq" name="AET09_variant_1_AEs_related_to_study_drug_by_SMQ_is_produced_correctly"/>
    <testcase time="0.200000000000003" classname="table_aet09_smq" name="AET09_variant_2_AEs_related_to_study_drug_by_SMQ_with_customized_queries_is_produced_correctly"/>
    <testcase time="0.0930000000000035" classname="table_aet09_smq" name="AET09_variant_2_AEs_related_to_study_drug_by_SMQ_with_customized_queries_is_produced_correctly"/>
  </testsuite>
  <testsuite name="table_aet10" timestamp="2024-10-29T19:33:02Z" hostname="e4183ad7a891" tests="2" skipped="0" failures="0" errors="0" time="0.158">
    <testcase time="0.102999999999994" classname="table_aet10" name="AET10_default_variant_is_produced_correctly"/>
    <testcase time="0.0549999999999926" classname="table_aet10" name="AET10_default_variant_is_produced_correctly"/>
  </testsuite>
  <testsuite name="table_aovt01" timestamp="2024-10-29T19:33:02Z" hostname="e4183ad7a891" tests="4" skipped="0" failures="0" errors="0" time="1.134">
    <testcase time="0.339000000000013" classname="table_aovt01" name="AOVT01_variant_with_single_endpoint_is_produced_correctly"/>
    <testcase time="0.0949999999999989" classname="table_aovt01" name="AOVT01_variant_with_single_endpoint_is_produced_correctly"/>
    <testcase time="0.547999999999988" classname="table_aovt01" name="AOVT01_variant_with_multiple_endpoints_is_produced_correctly"/>
    <testcase time="0.152000000000001" classname="table_aovt01" name="AOVT01_variant_with_multiple_endpoints_is_produced_correctly"/>
  </testsuite>
  <testsuite name="table_aovt02" timestamp="2024-10-29T19:33:03Z" hostname="e4183ad7a891" tests="2" skipped="0" failures="0" errors="0" time="0.381">
    <testcase time="0.290000000000006" classname="table_aovt02" name="AOVT02_is_produced_correctly"/>
    <testcase time="0.090999999999994" classname="table_aovt02" name="AOVT02_is_produced_correctly"/>
  </testsuite>
  <testsuite name="table_aovt03" timestamp="2024-10-29T19:33:04Z" hostname="e4183ad7a891" tests="2" skipped="0" failures="0" errors="0" time="0.849">
    <testcase time="0.684000000000012" classname="table_aovt03" name="AOVT03_is_produced_correctly"/>
    <testcase time="0.164999999999992" classname="table_aovt03" name="AOVT03_is_produced_correctly"/>
  </testsuite>
  <testsuite name="table_cfbt01" timestamp="2024-10-29T19:33:05Z" hostname="e4183ad7a891" tests="2" skipped="0" failures="0" errors="0" time="0.617">
    <testcase time="0.409000000000006" classname="table_cfbt01" name="CFBT01_default_variant_is_produced_correctly"/>
    <testcase time="0.207999999999998" classname="table_cfbt01" name="CFBT01_default_variant_is_produced_correctly"/>
  </testsuite>
  <testsuite name="table_cmht01" timestamp="2024-10-29T19:33:05Z" hostname="e4183ad7a891" tests="4" skipped="0" failures="0" errors="0" time="1.677">
    <testcase time="0.402999999999992" classname="table_cmht01" name="CMHT01_variant_1_is_produced_correctly"/>
    <testcase time="0.0840000000000032" classname="table_cmht01" name="CMHT01_variant_1_is_produced_correctly"/>
    <testcase time="0.924000000000007" classname="table_cmht01" name="CMHT01_variant_2_is_produced_correctly"/>
    <testcase time="0.265999999999991" classname="table_cmht01" name="CMHT01_variant_2_is_produced_correctly"/>
  </testsuite>
  <testsuite name="table_cmt01" timestamp="2024-10-29T19:33:07Z" hostname="e4183ad7a891" tests="8" skipped="0" failures="0" errors="0" time="3.711">
    <testcase time="0.626000000000005" classname="table_cmt01" name="CMT01_default_variant_Concomitant_medications_is_produced_correctly"/>
    <testcase time="0.293000000000006" classname="table_cmt01" name="CMT01_default_variant_Concomitant_medications_is_produced_correctly"/>
    <testcase time="0.687999999999988" classname="table_cmt01" name="CMT01_variant_1_prior_medications_is_produced_correctly"/>
    <testcase time="0.320000000000007" classname="table_cmt01" name="CMT01_variant_1_prior_medications_is_produced_correctly"/>
    <testcase time="0.587999999999994" classname="table_cmt01" name="CMT01_variant_3_Concomitant_medications_is_produced_correctly"/>
    <testcase time="0.26400000000001" classname="table_cmt01" name="CMT01_variant_3_Concomitant_medications_is_produced_correctly"/>
    <testcase time="0.61699999999999" classname="table_cmt01" name="CMT01_variant_4_Concomitant_medications_is_produced_correctly"/>
    <testcase time="0.314999999999998" classname="table_cmt01" name="CMT01_variant_4_Concomitant_medications_is_produced_correctly"/>
  </testsuite>
  <testsuite name="table_cmt01a" timestamp="2024-10-29T19:33:11Z" hostname="e4183ad7a891" tests="8" skipped="0" failures="0" errors="0" time="5.659">
    <testcase time="1.215" classname="table_cmt01a" name="CMT01A_variant_1_is_produced_correctly"/>
    <testcase time="0.27300000000001" classname="table_cmt01a" name="CMT01A_variant_1_is_produced_correctly"/>
    <testcase time="1.09999999999999" classname="table_cmt01a" name="CMT01A_variant_2_is_produced_correctly"/>
    <testcase time="0.286000000000001" classname="table_cmt01a" name="CMT01A_variant_2_is_produced_correctly"/>
    <testcase time="1.13199999999999" classname="table_cmt01a" name="CMT01A_variant_3_is_produced_correctly"/>
    <testcase time="0.279000000000011" classname="table_cmt01a" name="CMT01A_variant_3_is_produced_correctly"/>
    <testcase time="1.122" classname="table_cmt01a" name="CMT01A_variant_4_is_produced_correctly"/>
    <testcase time="0.251999999999995" classname="table_cmt01a" name="CMT01A_variant_4_is_produced_correctly"/>
  </testsuite>
  <testsuite name="table_cmt01b" timestamp="2024-10-29T19:33:16Z" hostname="e4183ad7a891" tests="6" skipped="0" failures="0" errors="0" time="5.46">
    <testcase time="1.65600000000001" classname="table_cmt01b" name="CMT01B_variant_1_is_produced_correctly"/>
    <testcase time="0.585999999999999" classname="table_cmt01b" name="CMT01B_variant_1_is_produced_correctly"/>
    <testcase time="1.122" classname="table_cmt01b" name="CMT01B_variant_2_is_produced_correctly"/>
    <testcase time="0.293999999999997" classname="table_cmt01b" name="CMT01B_variant_2_is_produced_correctly"/>
    <testcase time="1.42700000000001" classname="table_cmt01b" name="CMT01B_variant_4_is_produced_correctly"/>
    <testcase time="0.375" classname="table_cmt01b" name="CMT01B_variant_4_is_produced_correctly"/>
  </testsuite>
  <testsuite name="table_cmt02_pt" timestamp="2024-10-29T19:33:22Z" hostname="e4183ad7a891" tests="2" skipped="0" failures="0" errors="0" time="0.567">
    <testcase time="0.384999999999991" classname="table_cmt02_pt" name="CMT02_PT_default_variant_is_produced_correctly"/>
    <testcase time="0.182000000000002" classname="table_cmt02_pt" name="CMT02_PT_default_variant_is_produced_correctly"/>
  </testsuite>
  <testsuite name="table_coxt01" timestamp="2024-10-29T19:33:22Z" hostname="e4183ad7a891" tests="8" skipped="0" failures="0" errors="0" time="1.693">
    <testcase time="0.259" classname="table_coxt01" name="1._Cox_Regression"/>
    <testcase time="0.0720000000000027" classname="table_coxt01" name="1._Cox_Regression"/>
    <testcase time="0.343000000000004" classname="table_coxt01" name="2._Cox_Regression_with_Interaction_Term_"/>
    <testcase time="0.106999999999999" classname="table_coxt01" name="2._Cox_Regression_with_Interaction_Term_"/>
    <testcase time="0.343999999999994" classname="table_coxt01" name="3._Cox_Regression_specifying_covariates_"/>
    <testcase time="0.114000000000004" classname="table_coxt01" name="3._Cox_Regression_specifying_covariates_"/>
    <testcase time="0.338999999999999" classname="table_coxt01" name="4._Cox_Regression_setting_strata_ties_and_alpha_level_"/>
    <testcase time="0.114999999999995" classname="table_coxt01" name="4._Cox_Regression_setting_strata_ties_and_alpha_level_"/>
  </testsuite>
  <testsuite name="table_coxt02" timestamp="2024-10-29T19:33:24Z" hostname="e4183ad7a891" tests="4" skipped="0" failures="0" errors="0" time="0.672">
    <testcase time="0.286000000000001" classname="table_coxt02" name="COXT02_default_variant_1_is_produced_correctly"/>
    <testcase time="0.0750000000000028" classname="table_coxt02" name="COXT02_default_variant_1_is_produced_correctly"/>
    <testcase time="0.244" classname="table_coxt02" name="COXT02_variant_5_is_produced_correctly"/>
    <testcase time="0.0669999999999931" classname="table_coxt02" name="COXT02_variant_5_is_produced_correctly"/>
  </testsuite>
  <testsuite name="table_disclosures" timestamp="2024-10-29T19:33:25Z" hostname="e4183ad7a891" tests="12" skipped="0" failures="0" errors="0" time="1.849">
    <testcase time="0.175000000000011" classname="table_disclosures" name="Patient_Disposition_table_is_produced_correctly"/>
    <testcase time="0.0879999999999939" classname="table_disclosures" name="Patient_Disposition_table_is_produced_correctly"/>
    <testcase time="0.194000000000003" classname="table_disclosures" name="Demographic_table_is_produced_correctly"/>
    <testcase time="0.141999999999996" classname="table_disclosures" name="Demographic_table_is_produced_correctly"/>
    <testcase time="0.0949999999999989" classname="table_disclosures" name="Enrollment_by_Country_Table_is_produced_correctly"/>
    <testcase time="0.0910000000000082" classname="table_disclosures" name="Enrollment_by_Country_Table_is_produced_correctly"/>
    <testcase time="0.0869999999999891" classname="table_disclosures" name="Death_table_is_produced_correctly"/>
    <testcase time="0.0570000000000022" classname="table_disclosures" name="Death_table_is_produced_correctly"/>
    <testcase time="0.302000000000007" classname="table_disclosures" name="Table_of_Serious_Adverse_Events_is_produced_correctly_for_one_specific_treatment_arm_"/>
    <testcase time="0.0989999999999895" classname="table_disclosures" name="Table_of_Serious_Adverse_Events_is_produced_correctly_for_one_specific_treatment_arm_"/>
    <testcase time="0.384" classname="table_disclosures" name="Table_of_Non_Serious_Adverse_Events_is_produced_correctly"/>
    <testcase time="0.135000000000005" classname="table_disclosures" name="Table_of_Non_Serious_Adverse_Events_is_produced_correctly"/>
  </testsuite>
  <testsuite name="table_dmt01" timestamp="2024-10-29T19:33:27Z" hostname="e4183ad7a891" tests="10" skipped="0" failures="0" errors="0" time="2.621">
    <testcase time="1.10899999999999" classname="table_dmt01" name="DMT01_variant_1_is_produced_correctly"/>
    <testcase time="0.166000000000011" classname="table_dmt01" name="DMT01_variant_1_is_produced_correctly"/>
    <testcase time="0.200999999999993" classname="table_dmt01" name="DMT01_variant_2_is_produced_correctly"/>
    <testcase time="0.162000000000006" classname="table_dmt01" name="DMT01_variant_2_is_produced_correctly"/>
    <testcase time="0.22999999999999" classname="table_dmt01" name="DMT01_variant_3_is_produced_correctly"/>
    <testcase time="0.165000000000006" classname="table_dmt01" name="DMT01_variant_3_is_produced_correctly"/>
    <testcase time="0.168999999999997" classname="table_dmt01" name="DMT01_variant_4_is_produced_correctly"/>
    <testcase time="0.14500000000001" classname="table_dmt01" name="DMT01_variant_4_is_produced_correctly"/>
    <testcase time="0.154999999999987" classname="table_dmt01" name="DMT01_variant_5_is_produced_correctly"/>
    <testcase time="0.119" classname="table_dmt01" name="DMT01_variant_5_is_produced_correctly"/>
  </testsuite>
  <testsuite name="table_dort01" timestamp="2024-10-29T19:33:29Z" hostname="e4183ad7a891" tests="8" skipped="0" failures="0" errors="0" time="1.455">
    <testcase time="0.26700000000001" classname="table_dort01" name="DORT01_variant_1_is_produced_correctly"/>
    <testcase time="0.109999999999999" classname="table_dort01" name="DORT01_variant_1_is_produced_correctly"/>
    <testcase time="0.268999999999991" classname="table_dort01" name="DORT01_variant_2_selecting_sectons_is_produced_correctly"/>
    <testcase time="0.0960000000000036" classname="table_dort01" name="DORT01_variant_2_selecting_sectons_is_produced_correctly"/>
    <testcase time="0.259" classname="table_dort01" name="DORT01_variant_3_modifying_conftype_and_alpha_level_is_produced_correctly"/>
    <testcase time="0.111000000000004" classname="table_dort01" name="DORT01_variant_3_modifying_conftype_and_alpha_level_is_produced_correctly"/>
    <testcase time="0.244" classname="table_dort01" name="DORT01_variant_4_modifying_time_point_for_the_xx_duration_is_produced_correctly"/>
    <testcase time="0.0990000000000038" classname="table_dort01" name="DORT01_variant_4_modifying_time_point_for_the_xx_duration_is_produced_correctly"/>
  </testsuite>
  <testsuite name="table_dst01" timestamp="2024-10-29T19:33:31Z" hostname="e4183ad7a891" tests="6" skipped="0" failures="0" errors="0" time="0.738">
    <testcase time="0.137999999999991" classname="table_dst01" name="DST01_default_variant_is_produced_correctly"/>
    <testcase time="0.0919999999999987" classname="table_dst01" name="DST01_default_variant_is_produced_correctly"/>
    <testcase time="0.207000000000008" classname="table_dst01" name="DST01_variants_2_and_3_are_produced_correctly"/>
    <testcase time="0.10499999999999" classname="table_dst01" name="DST01_variants_2_and_3_are_produced_correctly"/>
    <testcase time="0.0830000000000126" classname="table_dst01" name="DST01_variants_2_and_3_are_produced_correctly"/>
    <testcase time="0.113" classname="table_dst01" name="DST01_variants_2_and_3_are_produced_correctly"/>
  </testsuite>
  <testsuite name="table_dtht01" timestamp="2024-10-29T19:33:31Z" hostname="e4183ad7a891" tests="8" skipped="0" failures="0" errors="0" time="1.143">
    <testcase time="0.109999999999999" classname="table_dtht01" name="DTHT01_variant_1_is_produced_correctly"/>
    <testcase time="0.0889999999999986" classname="table_dtht01" name="DTHT01_variant_1_is_produced_correctly"/>
    <testcase time="0.244" classname="table_dtht01" name="DTHT01_variant_2_is_produced_correctly"/>
    <testcase time="0.149000000000001" classname="table_dtht01" name="DTHT01_variant_2_is_produced_correctly"/>
    <testcase time="0.162999999999997" classname="table_dtht01" name="DTHT01_variant_3_is_produced_correctly"/>
    <testcase time="0.0840000000000032" classname="table_dtht01" name="DTHT01_variant_3_is_produced_correctly"/>
    <testcase time="0.186999999999998" classname="table_dtht01" name="DTHT01_variant_4_is_produced_correctly"/>
    <testcase time="0.117000000000004" classname="table_dtht01" name="DTHT01_variant_4_is_produced_correctly"/>
  </testsuite>
  <testsuite name="table_egt01" timestamp="2024-10-29T19:33:33Z" hostname="e4183ad7a891" tests="2" skipped="0" failures="0" errors="0" time="1.486">
    <testcase time="1.002" classname="table_egt01" name="EGT01_default_variant_is_produced_correctly"/>
    <testcase time="0.483999999999995" classname="table_egt01" name="EGT01_default_variant_is_produced_correctly"/>
  </testsuite>
  <testsuite name="table_egt02" timestamp="2024-10-29T19:33:34Z" hostname="e4183ad7a891" tests="4" skipped="0" failures="0" errors="0" time="0.565">
    <testcase time="0.265000000000001" classname="table_egt02" name="_EGT02_1._Regardless_of_Abnormality_at_Baseline"/>
    <testcase time="0.0769999999999982" classname="table_egt02" name="_EGT02_1._Regardless_of_Abnormality_at_Baseline"/>
    <testcase time="0.146000000000001" classname="table_egt02" name="_EGT02_2._Among_Subjects_Without_Abnormality_at_Baseline"/>
    <testcase time="0.0769999999999982" classname="table_egt02" name="_EGT02_2._Among_Subjects_Without_Abnormality_at_Baseline"/>
  </testsuite>
  <testsuite name="table_egt03" timestamp="2024-10-29T19:33:35Z" hostname="e4183ad7a891" tests="8" skipped="0" failures="0" errors="0" time="1.254">
    <testcase time="0.203000000000003" classname="table_egt03" name="EGT03_variant_1_is_produced_correctly"/>
    <testcase time="0.119" classname="table_egt03" name="EGT03_variant_1_is_produced_correctly"/>
    <testcase time="0.173000000000002" classname="table_egt03" name="EGT03_variant_2_is_produced_correctly"/>
    <testcase time="0.138999999999996" classname="table_egt03" name="EGT03_variant_2_is_produced_correctly"/>
    <testcase time="0.179000000000002" classname="table_egt03" name="EGT03_variant_3_is_produced_correctly"/>
    <testcase time="0.125" classname="table_egt03" name="EGT03_variant_3_is_produced_correctly"/>
    <testcase time="0.197000000000003" classname="table_egt03" name="EGT03_variant_4_is_produced_correctly"/>
    <testcase time="0.119" classname="table_egt03" name="EGT03_variant_4_is_produced_correctly"/>
  </testsuite>
  <testsuite name="table_egt04" timestamp="2024-10-29T19:33:36Z" hostname="e4183ad7a891" tests="2" skipped="0" failures="0" errors="0" time="0.252">
    <testcase time="0.165000000000006" classname="table_egt04" name="EGT04_default_variant_is_produced_correctly"/>
    <testcase time="0.0869999999999891" classname="table_egt04" name="EGT04_default_variant_is_produced_correctly"/>
  </testsuite>
  <testsuite name="table_egt05_qtcat" timestamp="2024-10-29T19:33:36Z" hostname="e4183ad7a891" tests="2" skipped="0" failures="0" errors="0" time="0.786">
    <testcase time="0.503" classname="table_egt05_qtcat" name="EGT05_QTCAT_default_variant_is_produced_correctly"/>
    <testcase time="0.283000000000001" classname="table_egt05_qtcat" name="EGT05_QTCAT_default_variant_is_produced_correctly"/>
  </testsuite>
  <testsuite name="table_ent" timestamp="2024-10-29T19:33:37Z" hostname="e4183ad7a891" tests="8" skipped="0" failures="0" errors="0" time="13.529">
    <testcase time="3.265" classname="table_ent" name="ENT01_IT_is_produced_correctly"/>
    <testcase time="0.570000000000007" classname="table_ent" name="ENT01_IT_is_produced_correctly"/>
    <testcase time="2.188" classname="table_ent" name="ENT01a_IT_is_produced_correctly"/>
    <testcase time="0.542999999999992" classname="table_ent" name="ENT01a_IT_is_produced_correctly"/>
    <testcase time="3.413" classname="table_ent" name="ENT02_IT_is_produced_correctly"/>
    <testcase time="0.602000000000004" classname="table_ent" name="ENT02_IT_is_produced_correctly"/>
    <testcase time="2.45299999999999" classname="table_ent" name="ENT02a_IT_is_produced_correctly"/>
    <testcase time="0.495000000000005" classname="table_ent" name="ENT02a_IT_is_produced_correctly"/>
  </testsuite>
  <testsuite name="table_eudrat01" timestamp="2024-10-29T19:33:50Z" hostname="e4183ad7a891" tests="2" skipped="0" failures="0" errors="0" time="0.543">
    <testcase time="0.424000000000007" classname="table_eudrat01" name="EUDRAT01_is_produced_correctly"/>
    <testcase time="0.119" classname="table_eudrat01" name="EUDRAT01_is_produced_correctly"/>
  </testsuite>
  <testsuite name="table_eudrat02" timestamp="2024-10-29T19:33:51Z" hostname="e4183ad7a891" tests="2" skipped="0" failures="0" errors="0" time="0.424">
    <testcase time="0.335000000000008" classname="table_eudrat02" name="EUDRAT02_is_produced_correctly"/>
    <testcase time="0.0889999999999986" classname="table_eudrat02" name="EUDRAT02_is_produced_correctly"/>
  </testsuite>
  <testsuite name="table_ext01" timestamp="2024-10-29T19:33:51Z" hostname="e4183ad7a891" tests="6" skipped="0" failures="0" errors="0" time="1.436">
    <testcase time="0.331999999999994" classname="table_ext01" name="EXT01_default_variant_with_numeric_parameters_is_produced_correctly"/>
    <testcase time="0.174000000000007" classname="table_ext01" name="EXT01_default_variant_with_numeric_parameters_is_produced_correctly"/>
    <testcase time="0.234999999999985" classname="table_ext01" name="EXT01_variant_with_both_numeric_and_categorical_parameters"/>
    <testcase time="0.183999999999997" classname="table_ext01" name="EXT01_variant_with_both_numeric_and_categorical_parameters"/>
    <testcase time="0.29000000000002" classname="table_ext01" name="EXT01_variant_with_user_specified_categories_for_missed_doses"/>
    <testcase time="0.221000000000004" classname="table_ext01" name="EXT01_variant_with_user_specified_categories_for_missed_doses"/>
  </testsuite>
  <testsuite name="table_lbt01" timestamp="2024-10-29T19:33:53Z" hostname="e4183ad7a891" tests="2" skipped="0" failures="0" errors="0" time="1.848">
    <testcase time="1.39699999999999" classname="table_lbt01" name="LBT01_default_variant_is_produced_correctly"/>
    <testcase time="0.450999999999993" classname="table_lbt01" name="LBT01_default_variant_is_produced_correctly"/>
  </testsuite>
  <testsuite name="table_lbt02" timestamp="2024-10-29T19:33:55Z" hostname="e4183ad7a891" tests="2" skipped="0" failures="0" errors="0" time="1.25">
    <testcase time="0.771999999999991" classname="table_lbt02" name="LBT02_default_variant_is_produced_correctly"/>
    <testcase time="0.478000000000009" classname="table_lbt02" name="LBT02_default_variant_is_produced_correctly"/>
  </testsuite>
  <testsuite name="table_lbt03" timestamp="2024-10-29T19:33:56Z" hostname="e4183ad7a891" tests="2" skipped="0" failures="0" errors="0" time="0.269">
    <testcase time="0.177999999999997" classname="table_lbt03" name="LBT03_default_variant_is_produced_correctly"/>
    <testcase time="0.0910000000000082" classname="table_lbt03" name="LBT03_default_variant_is_produced_correctly"/>
  </testsuite>
  <testsuite name="table_lbt04" timestamp="2024-10-29T19:33:57Z" hostname="e4183ad7a891" tests="2" skipped="0" failures="0" errors="0" time="1.176">
    <testcase time="0.989000000000004" classname="table_lbt04" name="LBT04_default_variant_is_produced_correctly"/>
    <testcase time="0.186999999999983" classname="table_lbt04" name="LBT04_default_variant_is_produced_correctly"/>
  </testsuite>
  <testsuite name="table_lbt05" timestamp="2024-10-29T19:33:58Z" hostname="e4183ad7a891" tests="6" skipped="0" failures="0" errors="0" time="6.28">
    <testcase time="2" classname="table_lbt05" name="LBT05_variant_1_is_produced_correctly"/>
    <testcase time="0.375" classname="table_lbt05" name="LBT05_variant_1_is_produced_correctly"/>
    <testcase time="1.40100000000001" classname="table_lbt05" name="LBT05_variant_2_is_produced_correctly"/>
    <testcase time="0.503999999999991" classname="table_lbt05" name="LBT05_variant_2_is_produced_correctly"/>
    <testcase time="1.64700000000002" classname="table_lbt05" name="LBT05_variant_4_is_produced_correctly"/>
    <testcase time="0.35299999999998" classname="table_lbt05" name="LBT05_variant_4_is_produced_correctly"/>
  </testsuite>
  <testsuite name="table_lbt06" timestamp="2024-10-29T19:34:04Z" hostname="e4183ad7a891" tests="2" skipped="0" failures="0" errors="0" time="0.506">
    <testcase time="0.337999999999994" classname="table_lbt06" name="LBT06_default_variant_is_produced_correctly"/>
    <testcase time="0.168000000000006" classname="table_lbt06" name="LBT06_default_variant_is_produced_correctly"/>
  </testsuite>
  <testsuite name="table_lbt07" timestamp="2024-10-29T19:34:05Z" hostname="e4183ad7a891" tests="2" skipped="0" failures="0" errors="0" time="2.288">
    <testcase time="1.999" classname="table_lbt07" name="LBT07_is_produced_correctly"/>
    <testcase time="0.289000000000016" classname="table_lbt07" name="LBT07_is_produced_correctly"/>
  </testsuite>
  <testsuite name="table_lbt08" timestamp="2024-10-29T19:34:06Z" hostname="e4183ad7a891" tests="2" skipped="0" failures="0" errors="0" time="0.383">
    <testcase time="0.263000000000005" classname="table_lbt08" name="LBT08_produce_correctly"/>
    <testcase time="0.119999999999976" classname="table_lbt08" name="LBT08_produce_correctly"/>
  </testsuite>
  <testsuite name="table_lbt09" timestamp="2024-10-29T19:34:07Z" hostname="e4183ad7a891" tests="4" skipped="0" failures="0" errors="0" time="0.929">
    <testcase time="0.317000000000007" classname="table_lbt09" name="LBT09_variant_1_works_as_expected"/>
    <testcase time="0.15100000000001" classname="table_lbt09" name="LBT09_variant_1_works_as_expected"/>
    <testcase time="0.302999999999997" classname="table_lbt09" name="LBT09_variant_2_works_as_expected"/>
    <testcase time="0.157999999999987" classname="table_lbt09" name="LBT09_variant_2_works_as_expected"/>
  </testsuite>
  <testsuite name="table_lbt10" timestamp="2024-10-29T19:34:08Z" hostname="e4183ad7a891" tests="4" skipped="0" failures="0" errors="0" time="1.223">
    <testcase time="0.689999999999998" classname="table_lbt10" name="LBT10_variant_1_works_as_expected"/>
    <testcase time="0.0710000000000264" classname="table_lbt10" name="LBT10_variant_1_works_as_expected"/>
    <testcase time="0.401999999999987" classname="table_lbt10" name="LBT10_variant_2_works_as_expected"/>
    <testcase time="0.0600000000000023" classname="table_lbt10" name="LBT10_variant_2_works_as_expected"/>
  </testsuite>
  <testsuite name="table_lbt10_bl" timestamp="2024-10-29T19:34:09Z" hostname="e4183ad7a891" tests="4" skipped="0" failures="0" errors="0" time="0.493">
    <testcase time="0.23599999999999" classname="table_lbt10_bl" name="LBT10_BL_variant_1_works_as_expected"/>
    <testcase time="0.070999999999998" classname="table_lbt10_bl" name="LBT10_BL_variant_1_works_as_expected"/>
    <testcase time="0.126000000000005" classname="table_lbt10_bl" name="LBT10_BL_variant_2_works_as_expected"/>
    <testcase time="0.0600000000000023" classname="table_lbt10_bl" name="LBT10_BL_variant_2_works_as_expected"/>
  </testsuite>
  <testsuite name="table_lbt11" timestamp="2024-10-29T19:34:09Z" hostname="e4183ad7a891" tests="6" skipped="0" failures="0" errors="0" time="0.732">
    <testcase time="0.186000000000007" classname="table_lbt11" name="LBT11_variant_1_works_as_expected"/>
    <testcase time="0.0939999999999941" classname="table_lbt11" name="LBT11_variant_1_works_as_expected"/>
    <testcase time="0.0999999999999943" classname="table_lbt11" name="LBT11_variant_2_works_as_expected"/>
    <testcase time="0.0800000000000125" classname="table_lbt11" name="LBT11_variant_2_works_as_expected"/>
    <testcase time="0.162999999999982" classname="table_lbt11" name="LBT11_variant_3_works_as_expected"/>
    <testcase time="0.109000000000009" classname="table_lbt11" name="LBT11_variant_3_works_as_expected"/>
  </testsuite>
  <testsuite name="table_lbt11_bl" timestamp="2024-10-29T19:34:10Z" hostname="e4183ad7a891" tests="6" skipped="0" failures="0" errors="0" time="0.835">
    <testcase time="0.200000000000017" classname="table_lbt11_bl" name="LBT11_BL_variant_1_works_as_expected"/>
    <testcase time="0.0939999999999941" classname="table_lbt11_bl" name="LBT11_BL_variant_1_works_as_expected"/>
    <testcase time="0.11699999999999" classname="table_lbt11_bl" name="LBT11_BL_variant_2_works_as_expected"/>
    <testcase time="0.0809999999999889" classname="table_lbt11_bl" name="LBT11_BL_variant_2_works_as_expected"/>
    <testcase time="0.224000000000018" classname="table_lbt11_bl" name="LBT11_BL_variant_3_works_as_expected"/>
    <testcase time="0.119" classname="table_lbt11_bl" name="LBT11_BL_variant_3_works_as_expected"/>
  </testsuite>
  <testsuite name="table_lbt12" timestamp="2024-10-29T19:34:11Z" hostname="e4183ad7a891" tests="2" skipped="0" failures="0" errors="0" time="0.409">
    <testcase time="0.299999999999983" classname="table_lbt12" name="LBT12_works_as_expected"/>
    <testcase time="0.109000000000009" classname="table_lbt12" name="LBT12_works_as_expected"/>
  </testsuite>
  <testsuite name="table_lbt12_bl" timestamp="2024-10-29T19:34:11Z" hostname="e4183ad7a891" tests="2" skipped="0" failures="0" errors="0" time="0.366">
    <testcase time="0.288999999999987" classname="table_lbt12_bl" name="LBT12_BL_works_as_expected"/>
    <testcase time="0.0769999999999982" classname="table_lbt12_bl" name="LBT12_BL_works_as_expected"/>
  </testsuite>
  <testsuite name="table_lbt13" timestamp="2024-10-29T19:34:12Z" hostname="e4183ad7a891" tests="10" skipped="0" failures="0" errors="0" time="2.255">
    <testcase time="0.765000000000015" classname="table_lbt13" name="LBT13_variant_1_LOW_works_as_expected"/>
    <testcase time="0.0919999999999845" classname="table_lbt13" name="LBT13_variant_1_LOW_works_as_expected"/>
    <testcase time="0.143000000000001" classname="table_lbt13" name="LBT13_variant_2_HIGH_works_as_expected"/>
    <testcase time="0.0730000000000075" classname="table_lbt13" name="LBT13_variant_2_HIGH_works_as_expected"/>
    <testcase time="0.23599999999999" classname="table_lbt13" name="LBT13_variant_3_LOW_without_baseline_missing_works_as_expected"/>
    <testcase time="0.0870000000000175" classname="table_lbt13" name="LBT13_variant_3_LOW_without_baseline_missing_works_as_expected"/>
    <testcase time="0.150999999999982" classname="table_lbt13" name="LBT13_variant_4_HIGH_with_missing_baseline_considered_as_grade_0_works_as_expected"/>
    <testcase time="0.0640000000000214" classname="table_lbt13" name="LBT13_variant_4_HIGH_with_missing_baseline_considered_as_grade_0_works_as_expected"/>
    <testcase time="0.420999999999992" classname="table_lbt13" name="LBT14_variant_5_HIGH_with_filled_in_grades_works_as_expected"/>
    <testcase time="0.222999999999985" classname="table_lbt13" name="LBT14_variant_5_HIGH_with_filled_in_grades_works_as_expected"/>
  </testsuite>
  <testsuite name="table_lbt14" timestamp="2024-10-29T19:34:15Z" hostname="e4183ad7a891" tests="10" skipped="0" failures="5" errors="0" time="28.141">
    <testcase time="5.596" classname="table_lbt14" name="LBT14_variant_1_HIGH_works_as_expected"/>
    <testcase time="0.527000000000015" classname="table_lbt14" name="LBT14_variant_1_HIGH_works_as_expected">
      <failure type="failure" message="Snapshot of code has changed: ('test-table_lbt14.R:64:3')">Snapshot of code has changed:
old[7:109] vs new[7:109]
    —————————————————————————————————————————————————————————————————————————————————————————————————————
    Alanine Aminotransferase (U/L)                                                                       
          Not High                                    79                68                    73         
-                 Not High                        73 (84.9%)        61 (84.7%)            65 (67.7%)     
+                 Not High                        73 (92.4%)        61 (89.7%)            65 (89.0%)     
-                 1                                5 (5.8%)          6 (8.3%)              8 (8.3%)      
+                 1                                5 (6.3%)          6 (8.8%)              8 (11.0%)     
-                 2                                1 (1.2%)          1 (1.4%)                  0         
+                 2                                1 (1.3%)          1 (1.5%)                  0         
          1                                           4                 4                      2         
-                 Not High                         1 (1.2%)             0                      0         
+                 Not High                        1 (25.0%)             0                      0         
-                 1                                2 (2.3%)          4 (5.6%)              2 (2.1%)      
+                 1                               2 (50.0%)          4 (100%)              2 (100%)      
-                 2                                1 (1.2%)             0                      0         
+                 2                               1 (25.0%)             0                      0         
    Albumin (g/L)                                                                                        
          Not High                                    83                72                    75         
-                 Not High                        83 (96.5%)        72 (100%)             75 (78.1%)     
+                 Not High                        83 (100%)         72 (100%)              75 (100%)     
    Alkaline Phosphatase (U/L)                                                                           
          Not High                                    78                71                    71         
-                 Not High                        74 (86.0%)        67 (93.1%)            67 (69.8%)     
+                 Not High                        74 (94.9%)        67 (94.4%)            67 (94.4%)     
-                 1                                3 (3.5%)          4 (5.6%)              4 (4.2%)      
+                 1                                3 (3.8%)          4 (5.6%)              4 (5.6%)      
-                 3                                1 (1.2%)             0                      0         
+                 3                                1 (1.3%)             0                      0         
          1                                           4                 0                      3         
-                 Not High                         1 (1.2%)             0                      0         
+                 Not High                        1 (25.0%)             0                      0         
-                 1                                3 (3.5%)             0                  3 (3.1%)      
+                 1                               3 (75.0%)             0                  3 (100%)      
          2                                           1                 1                      0         
-                 2                                   0              1 (1.4%)                  0         
+                 2                                   0              1 (100%)                  0         
-                 3                                1 (1.2%)             0                      0         
+                 3                                1 (100%)             0                      0         
          Missing                                     0                 0                      1         
-                 Not High                            0                 0                  1 (1.0%)      
+                 Not High                            0                 0                  1 (100%)      
    Aspartate Aminotransferase (U/L)                                                                     
          Not High                                    77                69                    67         
-                 Not High                        69 (80.2%)        64 (88.9%)            61 (63.5%)     
+                 Not High                        69 (89.6%)        64 (92.8%)            61 (91.0%)     
-                 1                                7 (8.1%)          4 (5.6%)              6 (6.2%)      
+                 1                                7 (9.1%)          4 (5.8%)              6 (9.0%)      
-                 2                                1 (1.2%)          1 (1.4%)                  0         
+                 2                                1 (1.3%)          1 (1.4%)                  0         
          1                                           6                 3                      8         
-                 Not High                         2 (2.3%)          1 (1.4%)              4 (4.2%)      
+                 Not High                        2 (33.3%)         1 (33.3%)              4 (50.0%)     
-                 1                                3 (3.5%)          2 (2.8%)              3 (3.1%)      
+                 1                               3 (50.0%)         2 (66.7%)              3 (37.5%)     
-                 2                                1 (1.2%)             0                  1 (1.0%)      
+                 2                               1 (16.7%)             0                  1 (12.5%)     
    Bilirubin (umol/L)                                                                                   
          Not High                                    81                69                    71         
-                 Not High                        77 (89.5%)        67 (93.1%)            70 (72.9%)     
+                 Not High                        77 (95.1%)        67 (97.1%)            70 (98.6%)     
-                 1                                4 (4.7%)          2 (2.8%)              1 (1.0%)      
+                 1                                4 (4.9%)          2 (2.9%)              1 (1.4%)      
          1                                           2                 2                      3         
-                 Not High                            0                 0                  2 (2.1%)      
+                 Not High                            0                 0                  2 (66.7%)     
-                 1                                1 (1.2%)             0                      0         
+                 1                               1 (50.0%)             0                      0         
-                 2                                   0              2 (2.8%)              1 (1.0%)      
+                 2                                   0              2 (100%)              1 (33.3%)     
-                 3                                1 (1.2%)             0                      0         
+                 3                               1 (50.0%)             0                      0         
          2                                           0                 1                      0         
-                 2                                   0              1 (1.4%)                  0         
+                 2                                   0              1 (100%)                  0         
    Blood Urea Nitrogen (mmol/L)                                                                         
          Missing                                     83                72                    75         
-                 Missing                         83 (96.5%)        72 (100%)             75 (78.1%)     
+                 Missing                         83 (100%)         72 (100%)              75 (100%)     
    Calcium (mmol/L)                                                                                     
          Not High                                    83                72                    73         
-                 Not High                        82 (95.3%)        70 (97.2%)            71 (74.0%)     
+                 Not High                        82 (98.8%)        70 (97.2%)            71 (97.3%)     
-                 1                                1 (1.2%)          2 (2.8%)              2 (2.1%)      
+                 1                                1 (1.2%)          2 (2.8%)              2 (2.7%)      
          1                                           0                 0                      2         
-                 Not High                            0                 0                  1 (1.0%)      
+                 Not High                            0                 0                  1 (50.0%)     
-                 1                                   0                 0                  1 (1.0%)      
+                 1                                   0                 0                  1 (50.0%)     
    Cholesterol (mmol/L)                                                                                 
          Not High                                    79                70                    74         
-                 Not High                        76 (88.4%)        67 (93.1%)            71 (74.0%)     
+                 Not High                        76 (96.2%)        67 (95.7%)            71 (95.9%)     
-                 1                                1 (1.2%)          3 (4.2%)              1 (1.0%)      
+                 1                                1 (1.3%)          3 (4.3%)              1 (1.4%)      
-                 2                                2 (2.3%)             0                  2 (2.1%)      
+                 2                                2 (2.5%)             0                  2 (2.7%)      
          2                                           4                 2                      1         
-                 Not High                         2 (2.3%)          1 (1.4%)                  0         
+                 Not High                        2 (50.0%)         1 (50.0%)                  0         
-                 2                                2 (2.3%)          1 (1.4%)              1 (1.0%)      
+                 2                               2 (50.0%)         1 (50.0%)              1 (100%)      
    Creatinine (umol/L)                                                                                  
          Not High                                    82                67                    70         
-                 Not High                        25 (29.1%)        16 (22.2%)            20 (20.8%)     
+                 Not High                        25 (30.5%)        16 (23.9%)            20 (28.6%)     
-                 1                               57 (66.3%)        51 (70.8%)            50 (52.1%)     
+                 1                               57 (69.5%)        51 (76.1%)            50 (71.4%)     
          1                                           1                 5                      5         
-                 1                                1 (1.2%)          5 (6.9%)              5 (5.2%)      
+                 1                                1 (100%)          5 (100%)              5 (100%)      
    Gamma Glutamyl Transferase (U/L)                                                                     
          Not High                                    79                69                    70         
-                 Not High                        76 (88.4%)        64 (88.9%)            65 (67.7%)     
+                 Not High                        76 (96.2%)        64 (92.8%)            65 (92.9%)     
-                 1                                3 (3.5%)          4 (5.6%)              5 (5.2%)      
+                 1                                3 (3.8%)          4 (5.8%)              5 (7.1%)      
                  2                                   0              1 (1.4%)                  0         
          1                                           3                 3                      5         
-                 Not High                            0                 0                  1 (1.0%)      
+                 Not High                            0                 0                  1 (20.0%)     
-                 1                                3 (3.5%)          2 (2.8%)              4 (4.2%)      
+                 1                                3 (100%)         2 (66.7%)              4 (80.0%)     
-                 2                                   0              1 (1.4%)                  0         
+                 2                                   0             1 (33.3%)                  0         
          3                                           1                 0                      0         
-                 3                                1 (1.2%)             0                      0         
+                 3                                1 (100%)             0                      0         
    Microcytes                                                                                           
          Missing                                     0                 1                      0         
-                 Missing                             0              1 (1.4%)                  0         
+                 Missing                             0              1 (100%)                  0         
    Phosphate (mmol/L)                                                                                   
          Not High                                    83                72                    74         
-                 Not High                        83 (96.5%)        72 (100%)             74 (77.1%)     
+                 Not High                        83 (100%)         72 (100%)              74 (100%)     
          Missing                                     0                 0                      1         
-                 Not High                            0                 0                  1 (1.0%)      
+                 Not High                            0                 0                  1 (100%)      
    Protein (g/L)                                                                                        
          Missing                                     83                72                    75         
-                 Missing                         83 (96.5%)        72 (100%)             75 (78.1%)     
+                 Missing                         83 (100%)         72 (100%)              75 (100%)     
    Sodium (mmol/L)                                                                                      
          Not High                                    80                68                    75         
-                 Not High                        70 (81.4%)        59 (81.9%)            69 (71.9%)     
+                 Not High                        70 (87.5%)        59 (86.8%)            69 (92.0%)     
-                 1                               10 (11.6%)         7 (9.7%)              6 (6.2%)      
+                 1                               10 (12.5%)        7 (10.3%)              6 (8.0%)      
-                 2                                   0              2 (2.8%)                  0         
+                 2                                   0              2 (2.9%)                  0         
          1                                           3                 4                      0         
-                 Not High                         3 (3.5%)          2 (2.8%)                  0         
+                 Not High                         3 (100%)         2 (50.0%)                  0         
-                 1                                   0              2 (2.8%)                  0         
+                 1                                   0             2 (50.0%)                  0         
    Urate (umol/L)                                                                                       
          Missing                                     83                72                    75         
-                 Missing                         83 (96.5%)        72 (100%)             75 (78.1%)     
+                 Missing                         83 (100%)         72 (100%)              75 (100%)     

* Run `testthat::snapshot_accept('table_lbt14')` to accept the change.
* Run `testthat::snapshot_review('table_lbt14')` to interactively review the change.</failure>
    </testcase>
    <testcase time="4.89400000000001" classname="table_lbt14" name="LBT14_variant_2_LOW_works_as_expected"/>
    <testcase time="0.353999999999985" classname="table_lbt14" name="LBT14_variant_2_LOW_works_as_expected">
      <failure type="failure" message="Snapshot of code has changed: ('test-table_lbt14.R:117:3')">Snapshot of code has changed:
old[7:73] vs new[7:73]
    —————————————————————————————————————————————————————————————————————————————————————————————————————
    Alanine Aminotransferase (U/L)                                                                       
          Not Low                                     83                72                    75         
-                 Not Low                         83 (96.5%)        72 (100%)             75 (78.1%)     
+                 Not Low                         83 (100%)         72 (100%)              75 (100%)     
    Albumin (g/L)                                                                                        
          Not Low                                     81                72                    74         
-                 Not Low                         66 (76.7%)        67 (93.1%)            62 (64.6%)     
+                 Not Low                         66 (81.5%)        67 (93.1%)            62 (83.8%)     
-                 1                               14 (16.3%)         5 (6.9%)             12 (12.5%)     
+                 1                               14 (17.3%)         5 (6.9%)             12 (16.2%)     
                  2                                1 (1.2%)             0                      0         
          1                                           2                 0                      1         
-                 1                                1 (1.2%)             0                  1 (1.0%)      
+                 1                               1 (50.0%)             0                  1 (100%)      
-                 2                                1 (1.2%)             0                      0         
+                 2                               1 (50.0%)             0                      0         
    Alkaline Phosphatase (U/L)                                                                           
          Not Low                                     83                72                    74         
-                 Not Low                         83 (96.5%)        72 (100%)             74 (77.1%)     
+                 Not Low                         83 (100%)         72 (100%)              74 (100%)     
          Missing                                     0                 0                      1         
-                 Not Low                             0                 0                  1 (1.0%)      
+                 Not Low                             0                 0                  1 (100%)      
    Aspartate Aminotransferase (U/L)                                                                     
          Not Low                                     83                72                    75         
-                 Not Low                         83 (96.5%)        72 (100%)             75 (78.1%)     
+                 Not Low                         83 (100%)         72 (100%)              75 (100%)     
    Bilirubin (umol/L)                                                                                   
          Not Low                                     83                72                    74         
-                 Not Low                         83 (96.5%)        72 (100%)             74 (77.1%)     
+                 Not Low                         83 (100%)         72 (100%)              74 (100%)     
    Blood Urea Nitrogen (mmol/L)                                                                         
          Missing                                     83                72                    75         
-                 Missing                         83 (96.5%)        72 (100%)             75 (78.1%)     
+                 Missing                         83 (100%)         72 (100%)              75 (100%)     
    Calcium (mmol/L)                                                                                     
          Not Low                                     82                71                    73         
-                 Not Low                         72 (83.7%)        62 (86.1%)            65 (67.7%)     
+                 Not Low                         72 (87.8%)        62 (87.3%)            65 (89.0%)     
-                 1                               10 (11.6%)         7 (9.7%)              7 (7.3%)      
+                 1                               10 (12.2%)         7 (9.9%)              7 (9.6%)      
-                 2                                   0              2 (2.8%)              1 (1.0%)      
+                 2                                   0              2 (2.8%)              1 (1.4%)      
          1                                           1                 1                      2         
-                 Not Low                          1 (1.2%)             0                  2 (2.1%)      
+                 Not Low                          1 (100%)             0                  2 (100%)      
-                 1                                   0              1 (1.4%)                  0         
+                 1                                   0              1 (100%)                  0         
    Cholesterol (mmol/L)                                                                                 
          Not Low                                     83                72                    75         
-                 Not Low                         83 (96.5%)        72 (100%)             75 (78.1%)     
+                 Not Low                         83 (100%)         72 (100%)              75 (100%)     
    Creatinine (umol/L)                                                                                  
          Not Low                                     83                72                    75         
-                 Not Low                         83 (96.5%)        72 (100%)             75 (78.1%)     
+                 Not Low                         83 (100%)         72 (100%)              75 (100%)     
    Gamma Glutamyl Transferase (U/L)                                                                     
          Not Low                                     83                72                    75         
-                 Not Low                         83 (96.5%)        72 (100%)             75 (78.1%)     
+                 Not Low                         83 (100%)         72 (100%)              75 (100%)     
    Microcytes                                                                                           
          Missing                                     0                 1                      0         
-                 Missing                             0              1 (1.4%)                  0         
+                 Missing                             0              1 (100%)                  0         
    Phosphate (mmol/L)                                                                                   
          Not Low                                     83                72                    74         
-                 Not Low                         78 (90.7%)        68 (94.4%)            72 (75.0%)     
+                 Not Low                         78 (94.0%)        68 (94.4%)            72 (97.3%)     
-                 2                                4 (4.7%)          4 (5.6%)              2 (2.1%)      
+                 2                                4 (4.8%)          4 (5.6%)              2 (2.7%)      
                  3                                1 (1.2%)             0                      0         
          Missing                                     0                 0                      1         
-                 Not Low                             0                 0                  1 (1.0%)      
+                 Not Low                             0                 0                  1 (100%)      
    Protein (g/L)                                                                                        
          Missing                                     83                72                    75         
-                 Missing                         83 (96.5%)        72 (100%)             75 (78.1%)     
+                 Missing                         83 (100%)         72 (100%)              75 (100%)     
    Sodium (mmol/L)                                                                                      
          Not Low                                     81                70                    73         
-                 Not Low                         78 (90.7%)        66 (91.7%)            71 (74.0%)     
+                 Not Low                         78 (96.3%)        66 (94.3%)            71 (97.3%)     
-                 1                                3 (3.5%)          4 (5.6%)              2 (2.1%)      
+                 1                                3 (3.7%)          4 (5.7%)              2 (2.7%)      
          1                                           2                 2                      2         
-                 Not Low                          1 (1.2%)          1 (1.4%)              1 (1.0%)      
+                 Not Low                         1 (50.0%)         1 (50.0%)              1 (50.0%)     
-                 1                                   0              1 (1.4%)              1 (1.0%)      
+                 1                                   0             1 (50.0%)              1 (50.0%)     
-                 3                                1 (1.2%)             0                      0         
+                 3                               1 (50.0%)             0                      0         
    Urate (umol/L)                                                                                       
          Missing                                     83                72                    75         
-                 Missing                         83 (96.5%)        72 (100%)             75 (78.1%)     
+                 Missing                         83 (100%)         72 (100%)              75 (100%)     

* Run `testthat::snapshot_accept('table_lbt14')` to accept the change.
* Run `testthat::snapshot_review('table_lbt14')` to interactively review the change.</failure>
    </testcase>
    <testcase time="3.226" classname="table_lbt14" name="LBT14_variant_3_LOW_without_baseline_missing_works_as_expected"/>
    <testcase time="0.436000000000007" classname="table_lbt14" name="LBT14_variant_3_LOW_without_baseline_missing_works_as_expected">
      <failure type="failure" message="Snapshot of code has changed: ('test-table_lbt14.R:170:3')">Snapshot of code has changed:
old[7:93] vs new[7:93]
    —————————————————————————————————————————————————————————————————————————————————————————————————————
    Alanine Aminotransferase (U/L)                                                                       
          Not High                                    79                68                    73         
-                 Not High                        73 (84.9%)        61 (84.7%)            65 (67.7%)     
+                 Not High                        73 (92.4%)        61 (89.7%)            65 (89.0%)     
-                 1                                5 (5.8%)          6 (8.3%)              8 (8.3%)      
+                 1                                5 (6.3%)          6 (8.8%)              8 (11.0%)     
-                 2                                1 (1.2%)          1 (1.4%)                  0         
+                 2                                1 (1.3%)          1 (1.5%)                  0         
          1                                           4                 4                      2         
-                 Not High                         1 (1.2%)             0                      0         
+                 Not High                        1 (25.0%)             0                      0         
-                 1                                2 (2.3%)          4 (5.6%)              2 (2.1%)      
+                 1                               2 (50.0%)          4 (100%)              2 (100%)      
-                 2                                1 (1.2%)             0                      0         
+                 2                               1 (25.0%)             0                      0         
    Albumin (g/L)                                                                                        
          Not High                                    83                72                    75         
-                 Not High                        83 (96.5%)        72 (100%)             75 (78.1%)     
+                 Not High                        83 (100%)         72 (100%)              75 (100%)     
    Alkaline Phosphatase (U/L)                                                                           
          Not High                                    78                71                    71         
-                 Not High                        74 (86.0%)        67 (93.1%)            67 (69.8%)     
+                 Not High                        74 (94.9%)        67 (94.4%)            67 (94.4%)     
-                 1                                3 (3.5%)          4 (5.6%)              4 (4.2%)      
+                 1                                3 (3.8%)          4 (5.6%)              4 (5.6%)      
-                 3                                1 (1.2%)             0                      0         
+                 3                                1 (1.3%)             0                      0         
          1                                           4                 0                      3         
-                 Not High                         1 (1.2%)             0                      0         
+                 Not High                        1 (25.0%)             0                      0         
-                 1                                3 (3.5%)             0                  3 (3.1%)      
+                 1                               3 (75.0%)             0                  3 (100%)      
          2                                           1                 1                      0         
-                 2                                   0              1 (1.4%)                  0         
+                 2                                   0              1 (100%)                  0         
-                 3                                1 (1.2%)             0                      0         
+                 3                                1 (100%)             0                      0         
    Aspartate Aminotransferase (U/L)                                                                     
          Not High                                    77                69                    67         
-                 Not High                        69 (80.2%)        64 (88.9%)            61 (63.5%)     
+                 Not High                        69 (89.6%)        64 (92.8%)            61 (91.0%)     
-                 1                                7 (8.1%)          4 (5.6%)              6 (6.2%)      
+                 1                                7 (9.1%)          4 (5.8%)              6 (9.0%)      
-                 2                                1 (1.2%)          1 (1.4%)                  0         
+                 2                                1 (1.3%)          1 (1.4%)                  0         
          1                                           6                 3                      8         
-                 Not High                         2 (2.3%)          1 (1.4%)              4 (4.2%)      
+                 Not High                        2 (33.3%)         1 (33.3%)              4 (50.0%)     
-                 1                                3 (3.5%)          2 (2.8%)              3 (3.1%)      
+                 1                               3 (50.0%)         2 (66.7%)              3 (37.5%)     
-                 2                                1 (1.2%)             0                  1 (1.0%)      
+                 2                               1 (16.7%)             0                  1 (12.5%)     
    Bilirubin (umol/L)                                                                                   
          Not High                                    81                69                    71         
-                 Not High                        77 (89.5%)        67 (93.1%)            70 (72.9%)     
+                 Not High                        77 (95.1%)        67 (97.1%)            70 (98.6%)     
-                 1                                4 (4.7%)          2 (2.8%)              1 (1.0%)      
+                 1                                4 (4.9%)          2 (2.9%)              1 (1.4%)      
          1                                           2                 2                      3         
-                 Not High                            0                 0                  2 (2.1%)      
+                 Not High                            0                 0                  2 (66.7%)     
-                 1                                1 (1.2%)             0                      0         
+                 1                               1 (50.0%)             0                      0         
-                 2                                   0              2 (2.8%)              1 (1.0%)      
+                 2                                   0              2 (100%)              1 (33.3%)     
-                 3                                1 (1.2%)             0                      0         
+                 3                               1 (50.0%)             0                      0         
          2                                           0                 1                      0         
-                 2                                   0              1 (1.4%)                  0         
+                 2                                   0              1 (100%)                  0         
    Calcium (mmol/L)                                                                                     
          Not High                                    83                72                    73         
-                 Not High                        82 (95.3%)        70 (97.2%)            71 (74.0%)     
+                 Not High                        82 (98.8%)        70 (97.2%)            71 (97.3%)     
-                 1                                1 (1.2%)          2 (2.8%)              2 (2.1%)      
+                 1                                1 (1.2%)          2 (2.8%)              2 (2.7%)      
          1                                           0                 0                      2         
-                 Not High                            0                 0                  1 (1.0%)      
+                 Not High                            0                 0                  1 (50.0%)     
-                 1                                   0                 0                  1 (1.0%)      
+                 1                                   0                 0                  1 (50.0%)     
    Cholesterol (mmol/L)                                                                                 
          Not High                                    79                70                    74         
-                 Not High                        76 (88.4%)        67 (93.1%)            71 (74.0%)     
+                 Not High                        76 (96.2%)        67 (95.7%)            71 (95.9%)     
-                 1                                1 (1.2%)          3 (4.2%)              1 (1.0%)      
+                 1                                1 (1.3%)          3 (4.3%)              1 (1.4%)      
-                 2                                2 (2.3%)             0                  2 (2.1%)      
+                 2                                2 (2.5%)             0                  2 (2.7%)      
          2                                           4                 2                      1         
-                 Not High                         2 (2.3%)          1 (1.4%)                  0         
+                 Not High                        2 (50.0%)         1 (50.0%)                  0         
-                 2                                2 (2.3%)          1 (1.4%)              1 (1.0%)      
+                 2                               2 (50.0%)         1 (50.0%)              1 (100%)      
    Creatinine (umol/L)                                                                                  
          Not High                                    82                67                    70         
-                 Not High                        25 (29.1%)        16 (22.2%)            20 (20.8%)     
+                 Not High                        25 (30.5%)        16 (23.9%)            20 (28.6%)     
-                 1                               57 (66.3%)        51 (70.8%)            50 (52.1%)     
+                 1                               57 (69.5%)        51 (76.1%)            50 (71.4%)     
          1                                           1                 5                      5         
-                 1                                1 (1.2%)          5 (6.9%)              5 (5.2%)      
+                 1                                1 (100%)          5 (100%)              5 (100%)      
    Gamma Glutamyl Transferase (U/L)                                                                     
          Not High                                    79                69                    70         
-                 Not High                        76 (88.4%)        64 (88.9%)            65 (67.7%)     
+                 Not High                        76 (96.2%)        64 (92.8%)            65 (92.9%)     
-                 1                                3 (3.5%)          4 (5.6%)              5 (5.2%)      
+                 1                                3 (3.8%)          4 (5.8%)              5 (7.1%)      
                  2                                   0              1 (1.4%)                  0         
          1                                           3                 3                      5         
-                 Not High                            0                 0                  1 (1.0%)      
+                 Not High                            0                 0                  1 (20.0%)     
-                 1                                3 (3.5%)          2 (2.8%)              4 (4.2%)      
+                 1                                3 (100%)         2 (66.7%)              4 (80.0%)     
-                 2                                   0              1 (1.4%)                  0         
+                 2                                   0             1 (33.3%)                  0         
          3                                           1                 0                      0         
-                 3                                1 (1.2%)             0                      0         
+                 3                                1 (100%)             0                      0         
    Phosphate (mmol/L)                                                                                   
          Not High                                    83                72                    74         
-                 Not High                        83 (96.5%)        72 (100%)             74 (77.1%)     
+                 Not High                        83 (100%)         72 (100%)              74 (100%)     
    Sodium (mmol/L)                                                                                      
          Not High                                    80                68                    75         
-                 Not High                        70 (81.4%)        59 (81.9%)            69 (71.9%)     
+                 Not High                        70 (87.5%)        59 (86.8%)            69 (92.0%)     
-                 1                               10 (11.6%)         7 (9.7%)              6 (6.2%)      
+                 1                               10 (12.5%)        7 (10.3%)              6 (8.0%)      
-                 2                                   0              2 (2.8%)                  0         
+                 2                                   0              2 (2.9%)                  0         
          1                                           3                 4                      0         
-                 Not High                         3 (3.5%)          2 (2.8%)                  0         
+                 Not High                         3 (100%)         2 (50.0%)                  0         
-                 1                                   0              2 (2.8%)                  0         
+                 1                                   0             2 (50.0%)                  0         

* Run `testthat::snapshot_accept('table_lbt14')` to accept the change.
* Run `testthat::snapshot_review('table_lbt14')` to interactively review the change.</failure>
    </testcase>
    <testcase time="4.84700000000001" classname="table_lbt14" name="LBT14_variant_4_LOW_and_force_1_missing_both_baseline_and_post_baseline_then_force_the_missing_baseline_as_0_as_expected"/>
    <testcase time="0.284999999999997" classname="table_lbt14" name="LBT14_variant_4_LOW_and_force_1_missing_both_baseline_and_post_baseline_then_force_the_missing_baseline_as_0_as_expected">
      <failure type="failure" message="Snapshot of code has changed: ('test-table_lbt14.R:222:3')">Snapshot of code has changed:
old[7:57] vs new[7:57]
    —————————————————————————————————————————————————————————————————————————————————————————————————————
    Alanine Aminotransferase (U/L)                                                                       
          Not Low                                     83                72                    75         
-                 Not Low                         83 (96.5%)        72 (100%)             75 (78.1%)     
+                 Not Low                         83 (100%)         72 (100%)              75 (100%)     
    Albumin (g/L)                                                                                        
          Not Low                                     81                72                    74         
-                 Not Low                         66 (76.7%)        67 (93.1%)            62 (64.6%)     
+                 Not Low                         66 (81.5%)        67 (93.1%)            62 (83.8%)     
-                 1                               14 (16.3%)         5 (6.9%)             12 (12.5%)     
+                 1                               14 (17.3%)         5 (6.9%)             12 (16.2%)     
                  2                                1 (1.2%)             0                      0         
          1                                           2                 0                      1         
-                 1                                1 (1.2%)             0                  1 (1.0%)      
+                 1                               1 (50.0%)             0                  1 (100%)      
-                 2                                1 (1.2%)             0                      0         
+                 2                               1 (50.0%)             0                      0         
    Alkaline Phosphatase (U/L)                                                                           
          Not Low                                     83                72                    75         
-                 Not Low                         83 (96.5%)        72 (100%)             75 (78.1%)     
+                 Not Low                         83 (100%)         72 (100%)              75 (100%)     
    Aspartate Aminotransferase (U/L)                                                                     
          Not Low                                     83                72                    75         
-                 Not Low                         83 (96.5%)        72 (100%)             75 (78.1%)     
+                 Not Low                         83 (100%)         72 (100%)              75 (100%)     
    Bilirubin (umol/L)                                                                                   
          Not Low                                     83                72                    74         
-                 Not Low                         83 (96.5%)        72 (100%)             74 (77.1%)     
+                 Not Low                         83 (100%)         72 (100%)              74 (100%)     
    Calcium (mmol/L)                                                                                     
          Not Low                                     82                71                    73         
-                 Not Low                         72 (83.7%)        62 (86.1%)            65 (67.7%)     
+                 Not Low                         72 (87.8%)        62 (87.3%)            65 (89.0%)     
-                 1                               10 (11.6%)         7 (9.7%)              7 (7.3%)      
+                 1                               10 (12.2%)         7 (9.9%)              7 (9.6%)      
-                 2                                   0              2 (2.8%)              1 (1.0%)      
+                 2                                   0              2 (2.8%)              1 (1.4%)      
          1                                           1                 1                      2         
-                 Not Low                          1 (1.2%)             0                  2 (2.1%)      
+                 Not Low                          1 (100%)             0                  2 (100%)      
-                 1                                   0              1 (1.4%)                  0         
+                 1                                   0              1 (100%)                  0         
    Cholesterol (mmol/L)                                                                                 
          Not Low                                     83                72                    75         
-                 Not Low                         83 (96.5%)        72 (100%)             75 (78.1%)     
+                 Not Low                         83 (100%)         72 (100%)              75 (100%)     
    Creatinine (umol/L)                                                                                  
          Not Low                                     83                72                    75         
-                 Not Low                         83 (96.5%)        72 (100%)             75 (78.1%)     
+                 Not Low                         83 (100%)         72 (100%)              75 (100%)     
    Gamma Glutamyl Transferase (U/L)                                                                     
          Not Low                                     83                72                    75         
-                 Not Low                         83 (96.5%)        72 (100%)             75 (78.1%)     
+                 Not Low                         83 (100%)         72 (100%)              75 (100%)     
    Phosphate (mmol/L)                                                                                   
          Not Low                                     83                72                    75         
-                 Not Low                         78 (90.7%)        68 (94.4%)            73 (76.0%)     
+                 Not Low                         78 (94.0%)        68 (94.4%)            73 (97.3%)     
-                 2                                4 (4.7%)          4 (5.6%)              2 (2.1%)      
+                 2                                4 (4.8%)          4 (5.6%)              2 (2.7%)      
                  3                                1 (1.2%)             0                      0         
    Sodium (mmol/L)                                                                                      
          Not Low                                     81                70                    73         
-                 Not Low                         78 (90.7%)        66 (91.7%)            71 (74.0%)     
+                 Not Low                         78 (96.3%)        66 (94.3%)            71 (97.3%)     
-                 1                                3 (3.5%)          4 (5.6%)              2 (2.1%)      
+                 1                                3 (3.7%)          4 (5.7%)              2 (2.7%)      
          1                                           2                 2                      2         
-                 Not Low                          1 (1.2%)          1 (1.4%)              1 (1.0%)      
+                 Not Low                         1 (50.0%)         1 (50.0%)              1 (50.0%)     
-                 1                                   0              1 (1.4%)              1 (1.0%)      
+                 1                                   0             1 (50.0%)              1 (50.0%)     
-                 3                                1 (1.2%)             0                      0         
+                 3                               1 (50.0%)             0                      0         

* Run `testthat::snapshot_accept('table_lbt14')` to accept the change.
* Run `testthat::snapshot_review('table_lbt14')` to interactively review the change.</failure>
    </testcase>
    <testcase time="5.35499999999999" classname="table_lbt14" name="LBT14_variant_5_HIGH_with_fillings_works_as_expected"/>
    <testcase time="2.62100000000001" classname="table_lbt14" name="LBT14_variant_5_HIGH_with_fillings_works_as_expected">
      <failure type="failure" message="Snapshot of code has changed: ('test-table_lbt14.R:274:3')">Snapshot of code has changed:
old[7:22] vs new[7:22]
    —————————————————————————————————————————————————————————————————————————————————————————————————————
    Alanine Aminotransferase (U/L)                                                                       
          Not High                                    79                68                    73         
-                 Not High                        73 (84.9%)        61 (84.7%)            65 (67.7%)     
+                 Not High                        73 (92.4%)        61 (89.7%)            65 (89.0%)     
-                 1                                5 (5.8%)          6 (8.3%)              8 (8.3%)      
+                 1                                5 (6.3%)          6 (8.8%)              8 (11.0%)     
-                 2                                1 (1.2%)          1 (1.4%)                  0         
+                 2                                1 (1.3%)          1 (1.5%)                  0         
                  3                                   0                 0                      0         
                  4                                   0                 0                      0         
                  Missing                             0                 0                      0         
          1                                           4                 4                      2         
-                 Not High                         1 (1.2%)             0                      0         
+                 Not High                        1 (25.0%)             0                      0         
-                 1                                2 (2.3%)          4 (5.6%)              2 (2.1%)      
+                 1                               2 (50.0%)          4 (100%)              2 (100%)      
-                 2                                1 (1.2%)             0                      0         
+                 2                               1 (25.0%)             0                      0         
                  3                                   0                 0                      0         
                  4                                   0                 0                      0         
                  Missing                             0                 0                      0         

old[50:56] vs new[50:56]
                  Missing                             0                 0                      0         
    Albumin (g/L)                                                                                        
          Not High                                    83                72                    75         
-                 Not High                        83 (96.5%)        72 (100%)             75 (78.1%)     
+                 Not High                        83 (100%)         72 (100%)              75 (100%)     
                  1                                   0                 0                      0         
                  2                                   0                 0                      0         
                  3                                   0                 0                      0         

old[93:107] vs new[93:107]
                  Missing                             0                 0                      0         
    Alkaline Phosphatase (U/L)                                                                           
          Not High                                    78                71                    71         
-                 Not High                        74 (86.0%)        67 (93.1%)            67 (69.8%)     
+                 Not High                        74 (94.9%)        67 (94.4%)            67 (94.4%)     
-                 1                                3 (3.5%)          4 (5.6%)              4 (4.2%)      
+                 1                                3 (3.8%)          4 (5.6%)              4 (5.6%)      
                  2                                   0                 0                      0         
-                 3                                1 (1.2%)             0                      0         
+                 3                                1 (1.3%)             0                      0         
                  4                                   0                 0                      0         
                  Missing                             0                 0                      0         
          1                                           4                 0                      3         
-                 Not High                         1 (1.2%)             0                      0         
+                 Not High                        1 (25.0%)             0                      0         
-                 1                                3 (3.5%)             0                  3 (3.1%)      
+                 1                               3 (75.0%)             0                  3 (100%)      
                  2                                   0                 0                      0         
                  3                                   0                 0                      0         
                  4                                   0                 0                      0         

old[109:116] vs new[109:116]
          2                                           1                 1                      0         
                  Not High                            0                 0                      0         
                  1                                   0                 0                      0         
-                 2                                   0              1 (1.4%)                  0         
+                 2                                   0              1 (100%)                  0         
-                 3                                1 (1.2%)             0                      0         
+                 3                                1 (100%)             0                      0         
                  4                                   0                 0                      0         
                  Missing                             0                 0                      0         
          3                                           0                 0                      0         

old[128:134] vs new[128:134]
                  4                                   0                 0                      0         
                  Missing                             0                 0                      0         
          Missing                                     0                 0                      1         
-                 Not High                            0                 0                  1 (1.0%)      
+                 Not High                            0                 0                  1 (100%)      
                  1                                   0                 0                      0         
                  2                                   0                 0                      0         
                  3                                   0                 0                      0         

old[136:151] vs new[136:151]
                  Missing                             0                 0                      0         
    Aspartate Aminotransferase (U/L)                                                                     
          Not High                                    77                69                    67         
-                 Not High                        69 (80.2%)        64 (88.9%)            61 (63.5%)     
+                 Not High                        69 (89.6%)        64 (92.8%)            61 (91.0%)     
-                 1                                7 (8.1%)          4 (5.6%)              6 (6.2%)      
+                 1                                7 (9.1%)          4 (5.8%)              6 (9.0%)      
-                 2                                1 (1.2%)          1 (1.4%)                  0         
+                 2                                1 (1.3%)          1 (1.4%)                  0         
                  3                                   0                 0                      0         
                  4                                   0                 0                      0         
                  Missing                             0                 0                      0         
          1                                           6                 3                      8         
-                 Not High                         2 (2.3%)          1 (1.4%)              4 (4.2%)      
+                 Not High                        2 (33.3%)         1 (33.3%)              4 (50.0%)     
-                 1                                3 (3.5%)          2 (2.8%)              3 (3.1%)      
+                 1                               3 (50.0%)         2 (66.7%)              3 (37.5%)     
-                 2                                1 (1.2%)             0                  1 (1.0%)      
+                 2                               1 (16.7%)             0                  1 (12.5%)     
                  3                                   0                 0                      0         
                  4                                   0                 0                      0         
                  Missing                             0                 0                      0         

old[179:201] vs new[179:201]
                  Missing                             0                 0                      0         
    Bilirubin (umol/L)                                                                                   
          Not High                                    81                69                    71         
-                 Not High                        77 (89.5%)        67 (93.1%)            70 (72.9%)     
+                 Not High                        77 (95.1%)        67 (97.1%)            70 (98.6%)     
-                 1                                4 (4.7%)          2 (2.8%)              1 (1.0%)      
+                 1                                4 (4.9%)          2 (2.9%)              1 (1.4%)      
                  2                                   0                 0                      0         
                  3                                   0                 0                      0         
                  4                                   0                 0                      0         
                  Missing                             0                 0                      0         
          1                                           2                 2                      3         
-                 Not High                            0                 0                  2 (2.1%)      
+                 Not High                            0                 0                  2 (66.7%)     
-                 1                                1 (1.2%)             0                      0         
+                 1                               1 (50.0%)             0                      0         
-                 2                                   0              2 (2.8%)              1 (1.0%)      
+                 2                                   0              2 (100%)              1 (33.3%)     
-                 3                                1 (1.2%)             0                      0         
+                 3                               1 (50.0%)             0                      0         
                  4                                   0                 0                      0         
                  Missing                             0                 0                      0         
          2                                           0                 1                      0         
                  Not High                            0                 0                      0         
                  1                                   0                 0                      0         
-                 2                                   0              1 (1.4%)                  0         
+                 2                                   0              1 (100%)                  0         
                  3                                   0                 0                      0         
                  4                                   0                 0                      0         
                  Missing                             0                 0                      0         

old[262:279] vs new[262:279]
                  2                                   0                 0                      0         
                  3                                   0                 0                      0         
                  4                                   0                 0                      0         
-                 Missing                         83 (96.5%)        72 (100%)             75 (78.1%)     
+                 Missing                         83 (100%)         72 (100%)              75 (100%)     
    Calcium (mmol/L)                                                                                     
          Not High                                    83                72                    73         
-                 Not High                        82 (95.3%)        70 (97.2%)            71 (74.0%)     
+                 Not High                        82 (98.8%)        70 (97.2%)            71 (97.3%)     
-                 1                                1 (1.2%)          2 (2.8%)              2 (2.1%)      
+                 1                                1 (1.2%)          2 (2.8%)              2 (2.7%)      
                  2                                   0                 0                      0         
                  3                                   0                 0                      0         
                  4                                   0                 0                      0         
                  Missing                             0                 0                      0         
          1                                           0                 0                      2         
-                 Not High                            0                 0                  1 (1.0%)      
+                 Not High                            0                 0                  1 (50.0%)     
-                 1                                   0                 0                  1 (1.0%)      
+                 1                                   0                 0                  1 (50.0%)     
                  2                                   0                 0                      0         
                  3                                   0                 0                      0         
                  4                                   0                 0                      0         

old[308:316] vs new[308:316]
                  Missing                             0                 0                      0         
    Cholesterol (mmol/L)                                                                                 
          Not High                                    79                70                    74         
-                 Not High                        76 (88.4%)        67 (93.1%)            71 (74.0%)     
+                 Not High                        76 (96.2%)        67 (95.7%)            71 (95.9%)     
-                 1                                1 (1.2%)          3 (4.2%)              1 (1.0%)      
+                 1                                1 (1.3%)          3 (4.3%)              1 (1.4%)      
-                 2                                2 (2.3%)             0                  2 (2.1%)      
+                 2                                2 (2.5%)             0                  2 (2.7%)      
                  3                                   0                 0                      0         
                  4                                   0                 0                      0         
                  Missing                             0                 0                      0         

old[322:330] vs new[322:330]
                  4                                   0                 0                      0         
                  Missing                             0                 0                      0         
          2                                           4                 2                      1         
-                 Not High                         2 (2.3%)          1 (1.4%)                  0         
+                 Not High                        2 (50.0%)         1 (50.0%)                  0         
                  1                                   0                 0                      0         
-                 2                                2 (2.3%)          1 (1.4%)              1 (1.0%)      
+                 2                               2 (50.0%)         1 (50.0%)              1 (100%)      
                  3                                   0                 0                      0         
                  4                                   0                 0                      0         
                  Missing                             0                 0                      0         

old[351:358] vs new[351:358]
                  Missing                             0                 0                      0         
    Creatinine (umol/L)                                                                                  
          Not High                                    82                67                    70         
-                 Not High                        25 (29.1%)        16 (22.2%)            20 (20.8%)     
+                 Not High                        25 (30.5%)        16 (23.9%)            20 (28.6%)     
-                 1                               57 (66.3%)        51 (70.8%)            50 (52.1%)     
+                 1                               57 (69.5%)        51 (76.1%)            50 (71.4%)     
                  2                                   0                 0                      0         
                  3                                   0                 0                      0         
                  4                                   0                 0                      0         

old[359:365] vs new[359:365]
                  Missing                             0                 0                      0         
          1                                           1                 5                      5         
                  Not High                            0                 0                      0         
-                 1                                1 (1.2%)          5 (6.9%)              5 (5.2%)      
+                 1                                1 (100%)          5 (100%)              5 (100%)      
                  2                                   0                 0                      0         
                  3                                   0                 0                      0         
                  4                                   0                 0                      0         

old[394:409] vs new[394:409]
                  Missing                             0                 0                      0         
    Gamma Glutamyl Transferase (U/L)                                                                     
          Not High                                    79                69                    70         
-                 Not High                        76 (88.4%)        64 (88.9%)            65 (67.7%)     
+                 Not High                        76 (96.2%)        64 (92.8%)            65 (92.9%)     
-                 1                                3 (3.5%)          4 (5.6%)              5 (5.2%)      
+                 1                                3 (3.8%)          4 (5.8%)              5 (7.1%)      
                  2                                   0              1 (1.4%)                  0         
                  3                                   0                 0                      0         
                  4                                   0                 0                      0         
                  Missing                             0                 0                      0         
          1                                           3                 3                      5         
-                 Not High                            0                 0                  1 (1.0%)      
+                 Not High                            0                 0                  1 (20.0%)     
-                 1                                3 (3.5%)          2 (2.8%)              4 (4.2%)      
+                 1                                3 (100%)         2 (66.7%)              4 (80.0%)     
-                 2                                   0              1 (1.4%)                  0         
+                 2                                   0             1 (33.3%)                  0         
                  3                                   0                 0                      0         
                  4                                   0                 0                      0         
                  Missing                             0                 0                      0         

old[418:424] vs new[418:424]
                  Not High                            0                 0                      0         
                  1                                   0                 0                      0         
                  2                                   0                 0                      0         
-                 3                                1 (1.2%)             0                      0         
+                 3                                1 (100%)             0                      0         
                  4                                   0                 0                      0         
                  Missing                             0                 0                      0         
          4                                           0                 0                      0         

old[477:486] vs new[477:486]
                  2                                   0                 0                      0         
                  3                                   0                 0                      0         
                  4                                   0                 0                      0         
-                 Missing                             0              1 (1.4%)                  0         
+                 Missing                             0              1 (100%)                  0         
    Phosphate (mmol/L)                                                                                   
          Not High                                    83                72                    74         
-                 Not High                        83 (96.5%)        72 (100%)             74 (77.1%)     
+                 Not High                        83 (100%)         72 (100%)              74 (100%)     
                  1                                   0                 0                      0         
                  2                                   0                 0                      0         
                  3                                   0                 0                      0         

old[515:521] vs new[515:521]
                  4                                   0                 0                      0         
                  Missing                             0                 0                      0         
          Missing                                     0                 0                      1         
-                 Not High                            0                 0                  1 (1.0%)      
+                 Not High                            0                 0                  1 (100%)      
                  1                                   0                 0                      0         
                  2                                   0                 0                      0         
                  3                                   0                 0                      0         

old[563:580] vs new[563:580]
                  2                                   0                 0                      0         
                  3                                   0                 0                      0         
                  4                                   0                 0                      0         
-                 Missing                         83 (96.5%)        72 (100%)             75 (78.1%)     
+                 Missing                         83 (100%)         72 (100%)              75 (100%)     
    Sodium (mmol/L)                                                                                      
          Not High                                    80                68                    75         
-                 Not High                        70 (81.4%)        59 (81.9%)            69 (71.9%)     
+                 Not High                        70 (87.5%)        59 (86.8%)            69 (92.0%)     
-                 1                               10 (11.6%)         7 (9.7%)              6 (6.2%)      
+                 1                               10 (12.5%)        7 (10.3%)              6 (8.0%)      
-                 2                                   0              2 (2.8%)                  0         
+                 2                                   0              2 (2.9%)                  0         
                  3                                   0                 0                      0         
                  4                                   0                 0                      0         
                  Missing                             0                 0                      0         
          1                                           3                 4                      0         
-                 Not High                         3 (3.5%)          2 (2.8%)                  0         
+                 Not High                         3 (100%)         2 (50.0%)                  0         
-                 1                                   0              2 (2.8%)                  0         
+                 1                                   0             2 (50.0%)                  0         
                  2                                   0                 0                      0         
                  3                                   0                 0                      0         
                  4                                   0                 0                      0         

old[649:652] vs new[649:652]
                  2                                   0                 0                      0         
                  3                                   0                 0                      0         
                  4                                   0                 0                      0         
-                 Missing                         83 (96.5%)        72 (100%)             75 (78.1%)     
+                 Missing                         83 (100%)         72 (100%)              75 (100%)     

* Run `testthat::snapshot_accept('table_lbt14')` to accept the change.
* Run `testthat::snapshot_review('table_lbt14')` to interactively review the change.</failure>
    </testcase>
  </testsuite>
  <testsuite name="table_lbt15" timestamp="2024-10-29T19:34:42Z" hostname="e4183ad7a891" tests="4" skipped="0" failures="0" errors="0" time="1.52">
    <testcase time="0.61099999999999" classname="table_lbt15" name="LBT15_variant_1_works_as_expected"/>
    <testcase time="0.185000000000002" classname="table_lbt15" name="LBT15_variant_1_works_as_expected"/>
    <testcase time="0.537000000000006" classname="table_lbt15" name="LBT15_variant_2_works_as_expected"/>
    <testcase time="0.186999999999983" classname="table_lbt15" name="LBT15_variant_2_works_as_expected"/>
  </testsuite>
  <testsuite name="table_lgrt02" timestamp="2024-10-29T19:34:44Z" hostname="e4183ad7a891" tests="8" skipped="0" failures="0" errors="0" time="2.714">
    <testcase time="0.493000000000023" classname="table_lgrt02" name="LGRT02_without_interaction_term_is_produced_correctly"/>
    <testcase time="0.145999999999987" classname="table_lgrt02" name="LGRT02_without_interaction_term_is_produced_correctly"/>
    <testcase time="0.550000000000011" classname="table_lgrt02" name="LGRT02_with_categorical_interaction_is_produced_correctly"/>
    <testcase time="0.169999999999987" classname="table_lgrt02" name="LGRT02_with_categorical_interaction_is_produced_correctly"/>
    <testcase time="0.556000000000012" classname="table_lgrt02" name="LGRT02_with_continuous_interaction_is_produced_correctly"/>
    <testcase time="0.168999999999983" classname="table_lgrt02" name="LGRT02_with_continuous_interaction_is_produced_correctly"/>
    <testcase time="0.478000000000009" classname="table_lgrt02" name="LGRT02_with_setting_values_indicating_an_event_and_custom_alpha_level_is_produced_correctly"/>
    <testcase time="0.151999999999987" classname="table_lgrt02" name="LGRT02_with_setting_values_indicating_an_event_and_custom_alpha_level_is_produced_correctly"/>
  </testsuite>
  <testsuite name="table_mht01" timestamp="2024-10-29T19:34:46Z" hostname="e4183ad7a891" tests="8" skipped="0" failures="0" errors="0" time="1.485">
    <testcase time="0.295000000000016" classname="table_mht01" name="MHT01_variant_1_is_produced_accurately"/>
    <testcase time="0.138000000000005" classname="table_mht01" name="MHT01_variant_1_is_produced_accurately"/>
    <testcase time="0.0959999999999752" classname="table_mht01" name="MHT01_variant_2_is_produced_accurately"/>
    <testcase time="0.078000000000003" classname="table_mht01" name="MHT01_variant_2_is_produced_accurately"/>
    <testcase time="0.268000000000001" classname="table_mht01" name="MHT01_variant_3_is_produced_accurately"/>
    <testcase time="0.114000000000004" classname="table_mht01" name="MHT01_variant_3_is_produced_accurately"/>
    <testcase time="0.340000000000003" classname="table_mht01" name="MHT01_variant_5_is_produced_accurately"/>
    <testcase time="0.156000000000006" classname="table_mht01" name="MHT01_variant_5_is_produced_accurately"/>
  </testsuite>
  <testsuite name="table_onct05" timestamp="2024-10-29T19:34:48Z" hostname="e4183ad7a891" tests="8" skipped="0" failures="0" errors="0" time="1.958">
    <testcase time="0.442999999999984" classname="table_onct05" name="ONCT05_variant_1_Objective_Response_Rate_by_Subgroup_is_produced_correctly"/>
    <testcase time="0.108000000000004" classname="table_onct05" name="ONCT05_variant_1_Objective_Response_Rate_by_Subgroup_is_produced_correctly"/>
    <testcase time="0.445999999999998" classname="table_onct05" name="ONCT05_variant_2_Specifying_class_variables_is_produced_correctly"/>
    <testcase time="0.128000000000014" classname="table_onct05" name="ONCT05_variant_2_Specifying_class_variables_is_produced_correctly"/>
    <testcase time="0.201999999999998" classname="table_onct05" name="ONCT05_variant_3_selecting_columns_and_changing_the_alpha_level_is_produced_correctly"/>
    <testcase time="0.0799999999999841" classname="table_onct05" name="ONCT05_variant_3_selecting_columns_and_changing_the_alpha_level_is_produced_correctly"/>
    <testcase time="0.428000000000026" classname="table_onct05" name="ONCT05_variant_4_setting_values_indicating_response_is_produced_correctly"/>
    <testcase time="0.12299999999999" classname="table_onct05" name="ONCT05_variant_4_setting_values_indicating_response_is_produced_correctly"/>
  </testsuite>
  <testsuite name="table_pdt01" timestamp="2024-10-29T19:34:50Z" hostname="e4183ad7a891" tests="2" skipped="0" failures="0" errors="0" time="0.404">
    <testcase time="0.248999999999995" classname="table_pdt01" name="PDT01_is_produced_correctly"/>
    <testcase time="0.155000000000001" classname="table_pdt01" name="PDT01_is_produced_correctly"/>
  </testsuite>
  <testsuite name="table_pdt02" timestamp="2024-10-29T19:34:50Z" hostname="e4183ad7a891" tests="2" skipped="0" failures="0" errors="0" time="0.24">
    <testcase time="0.152999999999992" classname="table_pdt02" name="PDT02_is_produced_correctly"/>
    <testcase time="0.0870000000000175" classname="table_pdt02" name="PDT02_is_produced_correctly"/>
  </testsuite>
  <testsuite name="table_pkct01" timestamp="2024-10-29T19:34:50Z" hostname="e4183ad7a891" tests="10" skipped="0" failures="0" errors="0" time="3.094">
    <testcase time="0.265999999999991" classname="table_pkct01" name="PKCT01_is_produced_correctly"/>
    <testcase time="0.0860000000000127" classname="table_pkct01" name="PKCT01_is_produced_correctly"/>
    <testcase time="0.129999999999995" classname="table_pkct01" name="PKCT01_is_produced_correctly"/>
    <testcase time="0.054000000000002" classname="table_pkct01" name="PKCT01_is_produced_correctly"/>
    <testcase time="0.876999999999981" classname="table_pkct01" name="Specific_PKCT01_features_are_present"/>
    <testcase time="0.219000000000023" classname="table_pkct01" name="Specific_PKCT01_features_are_present"/>
    <testcase time="0.198999999999984" classname="table_pkct01" name="Specific_PKCT01_features_are_present"/>
    <testcase time="0.00300000000001432" classname="table_pkct01" name="Specific_PKCT01_features_are_present"/>
    <testcase time="0.692999999999984" classname="table_pkct01" name="Specific_PKCT01_features_are_present"/>
    <testcase time="0.567000000000007" classname="table_pkct01" name="Specific_PKCT01_features_are_present"/>
  </testsuite>
  <testsuite name="table_pkpt02" timestamp="2024-10-29T19:34:54Z" hostname="e4183ad7a891" tests="2" skipped="0" failures="0" errors="0" time="0.546">
    <testcase time="0.311999999999983" classname="table_pkpt02" name="PKPT02_is_produced_correctly_for_Drug_X"/>
    <testcase time="0.234000000000009" classname="table_pkpt02" name="PKPT02_is_produced_correctly_for_Drug_X"/>
  </testsuite>
  <testsuite name="table_pkpt03" timestamp="2024-10-29T19:34:54Z" hostname="e4183ad7a891" tests="2" skipped="0" failures="0" errors="0" time="1.11">
    <testcase time="0.913000000000011" classname="table_pkpt03" name="PKPT03_Drug_X_is_produced_correctly"/>
    <testcase time="0.197000000000003" classname="table_pkpt03" name="PKPT03_Drug_X_is_produced_correctly"/>
  </testsuite>
  <testsuite name="table_pkpt04" timestamp="2024-10-29T19:34:55Z" hostname="e4183ad7a891" tests="2" skipped="0" failures="0" errors="0" time="0.199">
    <testcase time="0.0960000000000036" classname="table_pkpt04" name="PKPT04_is_produced_correctly_for_Drug_X"/>
    <testcase time="0.10299999999998" classname="table_pkpt04" name="PKPT04_is_produced_correctly_for_Drug_X"/>
  </testsuite>
  <testsuite name="table_pkpt05" timestamp="2024-10-29T19:34:55Z" hostname="e4183ad7a891" tests="2" skipped="0" failures="0" errors="0" time="0.407">
    <testcase time="0.282000000000011" classname="table_pkpt05" name="PKPT05_Drug_X_is_produced_correctly"/>
    <testcase time="0.125" classname="table_pkpt05" name="PKPT05_Drug_X_is_produced_correctly"/>
  </testsuite>
  <testsuite name="table_pkpt06" timestamp="2024-10-29T19:34:56Z" hostname="e4183ad7a891" tests="4" skipped="0" failures="0" errors="0" time="0.27">
    <testcase time="0.0840000000000032" classname="table_pkpt06" name="PKPT06_is_produced_correctly_for_Drug_X"/>
    <testcase time="0.0629999999999882" classname="table_pkpt06" name="PKPT06_is_produced_correctly_for_Drug_X"/>
    <testcase time="0.0670000000000073" classname="table_pkpt06" name="PKPT06_is_produced_correctly_for_Drug_Y"/>
    <testcase time="0.0560000000000116" classname="table_pkpt06" name="PKPT06_is_produced_correctly_for_Drug_Y"/>
  </testsuite>
  <testsuite name="table_pkpt07" timestamp="2024-10-29T19:34:56Z" hostname="e4183ad7a891" tests="4" skipped="0" failures="0" errors="0" time="0.542">
    <testcase time="0.230999999999995" classname="table_pkpt07" name="PKPT07_Drug_X_is_produced_correctly"/>
    <testcase time="0.0960000000000036" classname="table_pkpt07" name="PKPT07_Drug_X_is_produced_correctly"/>
    <testcase time="0.129999999999995" classname="table_pkpt07" name="PKPT07_Drug_Y_is_produced_correctly"/>
    <testcase time="0.0849999999999795" classname="table_pkpt07" name="PKPT07_Drug_Y_is_produced_correctly"/>
  </testsuite>
  <testsuite name="table_ratet01" timestamp="2024-10-29T19:34:57Z" hostname="e4183ad7a891" tests="2" skipped="0" failures="0" errors="0" time="0.7">
    <testcase time="0.561000000000007" classname="table_ratet01" name="RATET01_is_produced_correctly"/>
    <testcase time="0.13900000000001" classname="table_ratet01" name="RATET01_is_produced_correctly"/>
  </testsuite>
  <testsuite name="table_rmpt01" timestamp="2024-10-29T19:34:57Z" hostname="e4183ad7a891" tests="2" skipped="0" failures="0" errors="0" time="0.196">
    <testcase time="0.13900000000001" classname="table_rmpt01" name="RMPT01_is_produced_correctly"/>
    <testcase time="0.0569999999999879" classname="table_rmpt01" name="RMPT01_is_produced_correctly"/>
  </testsuite>
  <testsuite name="table_rmpt03" timestamp="2024-10-29T19:34:58Z" hostname="e4183ad7a891" tests="4" skipped="0" failures="0" errors="0" time="0.558">
    <testcase time="0.207999999999998" classname="table_rmpt03" name="RMPT03_variant_1_is_produced_correctly"/>
    <testcase time="0.100999999999999" classname="table_rmpt03" name="RMPT03_variant_1_is_produced_correctly"/>
    <testcase time="0.143000000000001" classname="table_rmpt03" name="RMPT03_variant_2_is_produced_correctly"/>
    <testcase time="0.105999999999995" classname="table_rmpt03" name="RMPT03_variant_2_is_produced_correctly"/>
  </testsuite>
  <testsuite name="table_rmpt04" timestamp="2024-10-29T19:34:58Z" hostname="e4183ad7a891" tests="2" skipped="0" failures="0" errors="0" time="0.204">
    <testcase time="0.128000000000014" classname="table_rmpt04" name="RMPT04_variant_1_is_produced_correctly"/>
    <testcase time="0.0759999999999934" classname="table_rmpt04" name="RMPT04_variant_1_is_produced_correctly"/>
  </testsuite>
  <testsuite name="table_rmpt05" timestamp="2024-10-29T19:34:58Z" hostname="e4183ad7a891" tests="2" skipped="0" failures="0" errors="0" time="0.232">
    <testcase time="0.14500000000001" classname="table_rmpt05" name="RMPT05_is_produced_correctly"/>
    <testcase time="0.0869999999999891" classname="table_rmpt05" name="RMPT05_is_produced_correctly"/>
  </testsuite>
  <testsuite name="table_rmpt06" timestamp="2024-10-29T19:34:59Z" hostname="e4183ad7a891" tests="8" skipped="0" failures="0" errors="0" time="1.567">
    <testcase time="0.308999999999997" classname="table_rmpt06" name="RMPT06_variant_1_is_produced_correctly"/>
    <testcase time="0.125" classname="table_rmpt06" name="RMPT06_variant_1_is_produced_correctly"/>
    <testcase time="0.209000000000003" classname="table_rmpt06" name="RMPT06_variant_2_is_produced_correctly"/>
    <testcase time="0.0819999999999936" classname="table_rmpt06" name="RMPT06_variant_2_is_produced_correctly"/>
    <testcase time="0.306000000000012" classname="table_rmpt06" name="RMPT06_variant_3_is_produced_correctly"/>
    <testcase time="0.119" classname="table_rmpt06" name="RMPT06_variant_3_is_produced_correctly"/>
    <testcase time="0.301999999999992" classname="table_rmpt06" name="RMPT06_variant_4_is_produced_correctly"/>
    <testcase time="0.115000000000009" classname="table_rmpt06" name="RMPT06_variant_4_is_produced_correctly"/>
  </testsuite>
  <testsuite name="table_rspt01" timestamp="2024-10-29T19:35:00Z" hostname="e4183ad7a891" tests="12" skipped="0" failures="0" errors="0" time="2.558">
    <testcase time="0.270999999999987" classname="table_rspt01" name="RSPT01_1._Best_Overall_Response"/>
    <testcase time="0.12700000000001" classname="table_rspt01" name="RSPT01_1._Best_Overall_Response"/>
    <testcase time="0.245000000000005" classname="table_rspt01" name="RSPT01_2._Best_Overall_Response_selecting_sections_to_display_"/>
    <testcase time="0.126000000000005" classname="table_rspt01" name="RSPT01_2._Best_Overall_Response_selecting_sections_to_display_"/>
    <testcase time="0.569999999999993" classname="table_rspt01" name="RSPT01_3._Best_Overall_Response_modifying_settings_"/>
    <testcase time="0.120999999999981" classname="table_rspt01" name="RSPT01_3._Best_Overall_Response_modifying_settings_"/>
    <testcase time="0.325000000000017" classname="table_rspt01" name="RSPT01_4._Best_Overall_Response_with_stratified_analysis_"/>
    <testcase time="0.129999999999995" classname="table_rspt01" name="RSPT01_4._Best_Overall_Response_with_stratified_analysis_"/>
    <testcase time="0.24199999999999" classname="table_rspt01" name="RSPT01_5._Best_Overall_Response_modifying_the_definition_of_overall_response_"/>
    <testcase time="0.106000000000023" classname="table_rspt01" name="RSPT01_5._Best_Overall_Response_modifying_the_definition_of_overall_response_"/>
    <testcase time="0.195999999999998" classname="table_rspt01" name="RSPT01_6._Best_Overall_Response_define_new_sections_to_display_"/>
    <testcase time="0.0989999999999895" classname="table_rspt01" name="RSPT01_6._Best_Overall_Response_define_new_sections_to_display_"/>
  </testsuite>
  <testsuite name="table_ttet01" timestamp="2024-10-29T19:35:03Z" hostname="e4183ad7a891" tests="14" skipped="0" failures="0" errors="0" time="3.172">
    <testcase time="0.370000000000005" classname="table_ttet01" name="TTET01_default_variant_is_produced_correctly"/>
    <testcase time="0.163999999999987" classname="table_ttet01" name="TTET01_default_variant_is_produced_correctly"/>
    <testcase time="0.367000000000019" classname="table_ttet01" name="TTET01_default_variant_with_Placebo_arm"/>
    <testcase time="0.162999999999982" classname="table_ttet01" name="TTET01_default_variant_with_Placebo_arm"/>
    <testcase time="0.183999999999997" classname="table_ttet01" name="TTET01_variant_2_selecting_sections_to_display"/>
    <testcase time="0.116000000000014" classname="table_ttet01" name="TTET01_variant_2_selecting_sections_to_display"/>
    <testcase time="0.280000000000001" classname="table_ttet01" name="TTET01_variant_3_modifying_analysis_details_like_conftype_ties_alpha_level"/>
    <testcase time="0.138000000000005" classname="table_ttet01" name="TTET01_variant_3_modifying_analysis_details_like_conftype_ties_alpha_level"/>
    <testcase time="0.327999999999975" classname="table_ttet01" name="TTET01_variant_4_with_stratified_analysis"/>
    <testcase time="0.152000000000015" classname="table_ttet01" name="TTET01_variant_4_with_stratified_analysis"/>
    <testcase time="0.277999999999992" classname="table_ttet01" name="TTET01_variant_5_modifying_time_point"/>
    <testcase time="0.137" classname="table_ttet01" name="TTET01_variant_5_modifying_time_point"/>
    <testcase time="0.355999999999995" classname="table_ttet01" name="TTET01_variant_6_requesting_more_than_one_p_value"/>
    <testcase time="0.13900000000001" classname="table_ttet01" name="TTET01_variant_6_requesting_more_than_one_p_value"/>
  </testsuite>
  <testsuite name="table_vst01" timestamp="2024-10-29T19:35:06Z" hostname="e4183ad7a891" tests="2" skipped="0" failures="0" errors="0" time="1.015">
    <testcase time="0.722000000000008" classname="table_vst01" name="VST01_default_variant_is_produced_correctly"/>
    <testcase time="0.293000000000006" classname="table_vst01" name="VST01_default_variant_is_produced_correctly"/>
  </testsuite>
  <testsuite name="table_vst02" timestamp="2024-10-29T19:35:07Z" hostname="e4183ad7a891" tests="4" skipped="0" failures="0" errors="0" time="0.89">
    <testcase time="0.359999999999985" classname="table_vst02" name="1._Vital_Sign_Abnormalities_Regardless_of_Abnormality_at_Baseline_VST02_1_"/>
    <testcase time="0.12700000000001" classname="table_vst02" name="1._Vital_Sign_Abnormalities_Regardless_of_Abnormality_at_Baseline_VST02_1_"/>
    <testcase time="0.275999999999982" classname="table_vst02" name="2._Vital_Sign_Abnormalities_Among_Subject_Without_Abnormality_at_Baseline_VST02_2_"/>
    <testcase time="0.12700000000001" classname="table_vst02" name="2._Vital_Sign_Abnormalities_Among_Subject_Without_Abnormality_at_Baseline_VST02_2_"/>
  </testsuite>
</testsuites>
