<?xml version="1.0" encoding="UTF-8"?>
<testsuites>
  <testsuite name="listing_adal02" timestamp="2023-07-17T18:41:17Z" hostname="bcb693dd517e" tests="1" skipped="0" failures="0" errors="1" time="0.095">
    <testcase time="0.0949999999999998" classname="listing_adal02" name="ADAL02_listing_is_produced_correctly">
      <error type="error" message="Error in `filter(., NRELTM1%%1 == 0 &amp; NRELTM1 &gt; 0)`: i In argument: `NRELTM1%%1 == 0 &amp; NRELTM1 &gt; 0`. ('test-listing_adal02.R:2:3')">Error in `filter(., NRELTM1%%1 == 0 &amp; NRELTM1 &gt; 0)`: i In argument: `NRELTM1%%1 == 0 &amp; NRELTM1 &gt; 0`.
Caused by error:
! object 'NRELTM1' not found
Backtrace:
     x
  1. +-adab_raw %&gt;% filter(NRELTM1%%1 == 0 &amp; NRELTM1 &gt; 0) at test-listing_adal02.R:2:2
  2. +-dplyr::filter(., NRELTM1%%1 == 0 &amp; NRELTM1 &gt; 0)
  3. +-dplyr:::filter.data.frame(., NRELTM1%%1 == 0 &amp; NRELTM1 &gt; 0)
  4. | \-dplyr:::filter_rows(.data, dots, by)
  5. |   \-dplyr:::filter_eval(...)
  6. |     +-base::withCallingHandlers(...)
  7. |     \-mask$eval_all_filter(dots, env_filter)
  8. |       \-dplyr (local) eval()
  9. \-base::.handleSimpleError(...)
 10.   \-dplyr (local) h(simpleError(msg, call))
 11.     \-rlang::abort(message, class = error_class, parent = parent, call = error_call)</error>
    </testcase>
  </testsuite>
  <testsuite name="listing_ael01" timestamp="2023-07-17T18:41:17Z" hostname="bcb693dd517e" tests="2" skipped="0" failures="0" errors="1" time="0.357">
    <testcase time="0.246" classname="listing_ael01" name="AEL01_listing_is_produced_correctly"/>
    <testcase time="0.111" classname="listing_ael01" name="AEL01_listing_is_produced_correctly">
      <error type="error" message="`result` threw an unexpected error. ('test-listing_ael01.R:20:3')">`result` threw an unexpected error.
Message: error in evaluating the argument 'x' in selecting a method for function 'toString': 'data' must be of a vector type, was 'NULL'
Class:   simpleError/error/condition</error>
    </testcase>
  </testsuite>
  <testsuite name="listing_ael01_nollt" timestamp="2023-07-17T18:41:18Z" hostname="bcb693dd517e" tests="2" skipped="0" failures="0" errors="1" time="0.198">
    <testcase time="0.0899999999999999" classname="listing_ael01_nollt" name="AEL01_NOLLT_listing_is_produced_correctly"/>
    <testcase time="0.108000000000001" classname="listing_ael01_nollt" name="AEL01_NOLLT_listing_is_produced_correctly">
      <error type="error" message="`result` threw an unexpected error. ('test-listing_ael01_nollt.R:19:3')">`result` threw an unexpected error.
Message: error in evaluating the argument 'x' in selecting a method for function 'toString': 'data' must be of a vector type, was 'NULL'
Class:   simpleError/error/condition</error>
    </testcase>
  </testsuite>
  <testsuite name="listing_ael02" timestamp="2023-07-17T18:41:18Z" hostname="bcb693dd517e" tests="1" skipped="0" failures="0" errors="1" time="0.212">
    <testcase time="0.212" classname="listing_ael02" name="AEL02_listing_is_produced_correctly">
      <error type="error" message="`result` threw an unexpected error. ('test-listing_ael02.R:60:3')">`result` threw an unexpected error.
Message: error in evaluating the argument 'x' in selecting a method for function 'toString': 'data' must be of a vector type, was 'NULL'
Class:   simpleError/error/condition</error>
    </testcase>
  </testsuite>
  <testsuite name="listing_ael02_ed" timestamp="2023-07-17T18:41:18Z" hostname="bcb693dd517e" tests="1" skipped="0" failures="0" errors="1" time="0.257">
    <testcase time="0.257" classname="listing_ael02_ed" name="AEL02_ED_listing_is_produced_correctly">
      <error type="error" message="`result` threw an unexpected error. ('test-listing_ael02_ed.R:77:3')">`result` threw an unexpected error.
Message: error in evaluating the argument 'x' in selecting a method for function 'toString': 'data' must be of a vector type, was 'NULL'
Class:   simpleError/error/condition</error>
    </testcase>
  </testsuite>
  <testsuite name="listing_ael03" timestamp="2023-07-17T18:41:18Z" hostname="bcb693dd517e" tests="1" skipped="0" failures="0" errors="1" time="0.198">
    <testcase time="0.198" classname="listing_ael03" name="AEL03_listing_is_produced_correctly">
      <error type="error" message="`result` threw an unexpected error. ('test-listing_ael03.R:73:3')">`result` threw an unexpected error.
Message: error in evaluating the argument 'x' in selecting a method for function 'toString': 'data' must be of a vector type, was 'NULL'
Class:   simpleError/error/condition</error>
    </testcase>
  </testsuite>
  <testsuite name="listing_ael04" timestamp="2023-07-17T18:41:18Z" hostname="bcb693dd517e" tests="2" skipped="0" failures="0" errors="1" time="0.158">
    <testcase time="0.0609999999999999" classname="listing_ael04" name="AEL04_listing_is_produced_correctly"/>
    <testcase time="0.0970000000000004" classname="listing_ael04" name="AEL04_listing_is_produced_correctly">
      <error type="error" message="`result` threw an unexpected error. ('test-listing_ael04.R:30:3')">`result` threw an unexpected error.
Message: error in evaluating the argument 'x' in selecting a method for function 'toString': 'data' must be of a vector type, was 'NULL'
Class:   simpleError/error/condition</error>
    </testcase>
  </testsuite>
  <testsuite name="listing_cml01" timestamp="2023-07-17T18:41:19Z" hostname="bcb693dd517e" tests="2" skipped="0" failures="0" errors="1" time="0.233">
    <testcase time="0.0889999999999995" classname="listing_cml01" name="CML01_listing_is_produced_correctly"/>
    <testcase time="0.144" classname="listing_cml01" name="CML01_listing_is_produced_correctly">
      <error type="error" message="`result` threw an unexpected error. ('test-listing_cml01.R:41:3')">`result` threw an unexpected error.
Message: error in evaluating the argument 'x' in selecting a method for function 'toString': 'data' must be of a vector type, was 'NULL'
Class:   simpleError/error/condition</error>
    </testcase>
  </testsuite>
  <testsuite name="listing_cml02a_gl" timestamp="2023-07-17T18:41:19Z" hostname="bcb693dd517e" tests="2" skipped="0" failures="0" errors="1" time="0.074">
    <testcase time="0.0510000000000002" classname="listing_cml02a_gl" name="CML02A_GL_listing_is_produced_correctly"/>
    <testcase time="0.0229999999999997" classname="listing_cml02a_gl" name="CML02A_GL_listing_is_produced_correctly">
      <error type="error" message="`result` threw an unexpected error. ('test-listing_cml02a_gl.R:19:3')">`result` threw an unexpected error.
Message: error in evaluating the argument 'x' in selecting a method for function 'toString': 'data' must be of a vector type, was 'NULL'
Class:   simpleError/error/condition</error>
    </testcase>
  </testsuite>
  <testsuite name="listing_cml02b_gl" timestamp="2023-07-17T18:41:19Z" hostname="bcb693dd517e" tests="2" skipped="0" failures="0" errors="1" time="0.095">
    <testcase time="0.0590000000000002" classname="listing_cml02b_gl" name="CML02B_GL_listing_is_produced_correctly"/>
    <testcase time="0.0359999999999996" classname="listing_cml02b_gl" name="CML02B_GL_listing_is_produced_correctly">
      <error type="error" message="`result` threw an unexpected error. ('test-listing_cml02b_gl.R:22:3')">`result` threw an unexpected error.
Message: error in evaluating the argument 'x' in selecting a method for function 'toString': 'data' must be of a vector type, was 'NULL'
Class:   simpleError/error/condition</error>
    </testcase>
  </testsuite>
  <testsuite name="listing_dsl01" timestamp="2023-07-17T18:41:19Z" hostname="bcb693dd517e" tests="2" skipped="0" failures="0" errors="1" time="0.15">
    <testcase time="0.0560000000000009" classname="listing_dsl01" name="DSL01_listing_is_produced_correctly"/>
    <testcase time="0.0939999999999994" classname="listing_dsl01" name="DSL01_listing_is_produced_correctly">
      <error type="error" message="`result` threw an unexpected error. ('test-listing_dsl01.R:30:3')">`result` threw an unexpected error.
Message: error in evaluating the argument 'x' in selecting a method for function 'toString': 'data' must be of a vector type, was 'NULL'
Class:   simpleError/error/condition</error>
    </testcase>
  </testsuite>
  <testsuite name="listing_dsl02" timestamp="2023-07-17T18:41:19Z" hostname="bcb693dd517e" tests="2" skipped="0" failures="0" errors="1" time="0.086">
    <testcase time="0.0600000000000005" classname="listing_dsl02" name="DSL02_listing_is_produced_correctly"/>
    <testcase time="0.0259999999999998" classname="listing_dsl02" name="DSL02_listing_is_produced_correctly">
      <error type="error" message="`result` threw an unexpected error. ('test-listing_dsl02.R:36:3')">`result` threw an unexpected error.
Message: error in evaluating the argument 'x' in selecting a method for function 'toString': 'data' must be of a vector type, was 'NULL'
Class:   simpleError/error/condition</error>
    </testcase>
  </testsuite>
  <testsuite name="listing_dsur4" timestamp="2023-07-17T18:41:19Z" hostname="bcb693dd517e" tests="2" skipped="1" failures="0" errors="0" time="0.162">
    <testcase time="0.0570000000000004" classname="listing_dsur4" name="DSUR4_listing_is_produced_correctly"/>
    <testcase time="0.104999999999999" classname="listing_dsur4" name="DSUR4_listing_is_produced_correctly">
      <skipped message="Reason: On CRAN ('test-listing_dsur4.R:22:3')"/>
    </testcase>
  </testsuite>
  <testsuite name="listing_egl01" timestamp="2023-07-17T18:41:19Z" hostname="bcb693dd517e" tests="1" skipped="0" failures="0" errors="1" time="0.28">
    <testcase time="0.280000000000001" classname="listing_egl01" name="EGL01_listing_is_produced_correctly">
      <error type="error" message="`result` threw an unexpected error. ('test-listing_egl01.R:61:3')">`result` threw an unexpected error.
Message: error in evaluating the argument 'x' in selecting a method for function 'toString': 'data' must be of a vector type, was 'NULL'
Class:   simpleError/error/condition</error>
    </testcase>
  </testsuite>
  <testsuite name="listing_exl01" timestamp="2023-07-17T18:41:20Z" hostname="bcb693dd517e" tests="1" skipped="0" failures="0" errors="1" time="0.165">
    <testcase time="0.164999999999999" classname="listing_exl01" name="EXL01_listing_is_produced_correctly">
      <error type="error" message="`result` threw an unexpected error. ('test-listing_exl01.R:29:3')">`result` threw an unexpected error.
Message: error in evaluating the argument 'x' in selecting a method for function 'toString': 'data' must be of a vector type, was 'NULL'
Class:   simpleError/error/condition</error>
    </testcase>
  </testsuite>
  <testsuite name="listing_lbl01" timestamp="2023-07-17T18:41:20Z" hostname="bcb693dd517e" tests="1" skipped="0" failures="0" errors="1" time="0.27">
    <testcase time="0.27" classname="listing_lbl01" name="LBL01_listing_is_produced_correctly">
      <error type="error" message="`result` threw an unexpected error. ('test-listing_lbl01.R:52:3')">`result` threw an unexpected error.
Message: error in evaluating the argument 'x' in selecting a method for function 'toString': 'data' must be of a vector type, was 'NULL'
Class:   simpleError/error/condition</error>
    </testcase>
  </testsuite>
  <testsuite name="listing_lbl01_rls" timestamp="2023-07-17T18:41:20Z" hostname="bcb693dd517e" tests="1" skipped="0" failures="0" errors="1" time="0.258">
    <testcase time="0.258000000000001" classname="listing_lbl01_rls" name="LBL01_RLS_listing_is_produced_correctly">
      <error type="error" message="`result` threw an unexpected error. ('test-listing_lbl01_rls.R:58:3')">`result` threw an unexpected error.
Message: error in evaluating the argument 'x' in selecting a method for function 'toString': 'data' must be of a vector type, was 'NULL'
Class:   simpleError/error/condition</error>
    </testcase>
  </testsuite>
  <testsuite name="listing_lbl02a" timestamp="2023-07-17T18:41:20Z" hostname="bcb693dd517e" tests="2" skipped="0" failures="0" errors="1" time="0.275">
    <testcase time="0.172000000000001" classname="listing_lbl02a" name="LBL02A_listing_is_produced_correctly"/>
    <testcase time="0.103" classname="listing_lbl02a" name="LBL02A_listing_is_produced_correctly">
      <error type="error" message="`result` threw an unexpected error. ('test-listing_lbl02a.R:49:3')">`result` threw an unexpected error.
Message: error in evaluating the argument 'x' in selecting a method for function 'toString': 'data' must be of a vector type, was 'NULL'
Class:   simpleError/error/condition</error>
    </testcase>
  </testsuite>
  <testsuite name="listing_lbl02a_rls" timestamp="2023-07-17T18:41:21Z" hostname="bcb693dd517e" tests="2" skipped="0" failures="0" errors="1" time="0.432">
    <testcase time="0.311" classname="listing_lbl02a_rls" name="LBL02A_RLS_listing_is_produced_correctly"/>
    <testcase time="0.121" classname="listing_lbl02a_rls" name="LBL02A_RLS_listing_is_produced_correctly">
      <error type="error" message="`result` threw an unexpected error. ('test-listing_lbl02a_rls.R:79:3')">`result` threw an unexpected error.
Message: error in evaluating the argument 'x' in selecting a method for function 'toString': 'data' must be of a vector type, was 'NULL'
Class:   simpleError/error/condition</error>
    </testcase>
  </testsuite>
  <testsuite name="listing_lbl02b" timestamp="2023-07-17T18:41:21Z" hostname="bcb693dd517e" tests="2" skipped="0" failures="0" errors="1" time="0.257">
    <testcase time="0.145999999999999" classname="listing_lbl02b" name="LBL02B_listing_is_produced_correctly"/>
    <testcase time="0.111000000000001" classname="listing_lbl02b" name="LBL02B_listing_is_produced_correctly">
      <error type="error" message="`result` threw an unexpected error. ('test-listing_lbl02b.R:55:3')">`result` threw an unexpected error.
Message: error in evaluating the argument 'x' in selecting a method for function 'toString': 'data' must be of a vector type, was 'NULL'
Class:   simpleError/error/condition</error>
    </testcase>
  </testsuite>
  <testsuite name="listing_mhl01" timestamp="2023-07-17T18:41:21Z" hostname="bcb693dd517e" tests="2" skipped="0" failures="0" errors="1" time="0.187">
    <testcase time="0.0739999999999998" classname="listing_mhl01" name="MHL01_listing_is_produced_correctly"/>
    <testcase time="0.113" classname="listing_mhl01" name="MHL01_listing_is_produced_correctly">
      <error type="error" message="`result` threw an unexpected error. ('test-listing_mhl01.R:33:3')">`result` threw an unexpected error.
Message: error in evaluating the argument 'x' in selecting a method for function 'toString': 'data' must be of a vector type, was 'NULL'
Class:   simpleError/error/condition</error>
    </testcase>
  </testsuite>
  <testsuite name="listing_oncl01" timestamp="2023-07-17T18:41:22Z" hostname="bcb693dd517e" tests="1" skipped="1" failures="0" errors="0" time="0.444">
    <testcase time="0.444000000000001" classname="listing_oncl01" name="ONCL01_listing_is_produced_correctly">
      <skipped message="Reason: On CRAN ('test-listing_oncl01.R:61:3')"/>
    </testcase>
  </testsuite>
  <testsuite name="listing_pkcl01" timestamp="2023-07-17T18:41:22Z" hostname="bcb693dd517e" tests="1" skipped="0" failures="0" errors="1" time="0.062">
    <testcase time="0.0619999999999994" classname="listing_pkcl01" name="PKCL01_listing_is_produced_correctly">
      <error type="error" message="&lt;vctrs_error_subscript_oob/vctrs_error_subscript/rlang_error/error/condition&gt; ('test-listing_pkcl01.R:4:3')">&lt;vctrs_error_subscript_oob/vctrs_error_subscript/rlang_error/error/condition&gt;
Error in `select(., ARM, USUBJID, VISIT, NRELTM1, ARELTM1, AVAL)`: Can't subset columns that don't exist.
x Column `NRELTM1` doesn't exist.
Backtrace:
     x
  1. +-adpc %&gt;% filter(PARAM == analyte) %&gt;% ... at test-listing_pkcl01.R:4:2
  2. +-dplyr::select(., ARM, USUBJID, VISIT, NRELTM1, ARELTM1, AVAL)
  3. +-dplyr:::select.data.frame(., ARM, USUBJID, VISIT, NRELTM1, ARELTM1, AVAL)
  4. | \-tidyselect::eval_select(expr(c(...)), data = .data, error_call = error_call)
  5. |   \-tidyselect:::eval_select_impl(...)
  6. |     +-tidyselect:::with_subscript_errors(...)
  7. |     | \-rlang::try_fetch(...)
  8. |     |   \-base::withCallingHandlers(...)
  9. |     \-tidyselect:::vars_select_eval(...)
 10. |       \-tidyselect:::walk_data_tree(expr, data_mask, context_mask)
 11. |         \-tidyselect:::eval_c(expr, data_mask, context_mask)
 12. |           \-tidyselect:::reduce_sels(node, data_mask, context_mask, init = init)
 13. |             \-tidyselect:::walk_data_tree(new, data_mask, context_mask)
 14. |               \-tidyselect:::as_indices_sel_impl(...)
 15. |                 \-tidyselect:::as_indices_impl(...)
 16. |                   \-tidyselect:::chr_as_locations(x, vars, call = call, arg = arg)
 17. |                     \-vctrs::vec_as_location(...)
 18. \-vctrs (local) `&lt;fn&gt;`()
 19.   \-vctrs:::stop_subscript_oob(...)
 20.     \-vctrs:::stop_subscript(...)
 21.       \-rlang::abort(...)</error>
    </testcase>
  </testsuite>
  <testsuite name="listing_pkcl02" timestamp="2023-07-17T18:41:22Z" hostname="bcb693dd517e" tests="2" skipped="0" failures="0" errors="1" time="0.365">
    <testcase time="0.228" classname="listing_pkcl02" name="PKCL02_listing_is_produced_correctly"/>
    <testcase time="0.137" classname="listing_pkcl02" name="PKCL02_listing_is_produced_correctly">
      <error type="error" message="`result` threw an unexpected error. ('test-listing_pkcl02.R:63:3')">`result` threw an unexpected error.
Message: error in evaluating the argument 'x' in selecting a method for function 'toString': 'data' must be of a vector type, was 'NULL'
Class:   simpleError/error/condition</error>
    </testcase>
  </testsuite>
  <testsuite name="listing_pkpl01" timestamp="2023-07-17T18:41:22Z" hostname="bcb693dd517e" tests="2" skipped="1" failures="0" errors="0" time="0.227">
    <testcase time="0.0739999999999998" classname="listing_pkpl01" name="PKPL01_listing_is_produced_correctly"/>
    <testcase time="0.153" classname="listing_pkpl01" name="PKPL01_listing_is_produced_correctly">
      <skipped message="Reason: On CRAN ('test-listing_pkpl01.R:34:3')"/>
    </testcase>
  </testsuite>
  <testsuite name="listing_pkpl02" timestamp="2023-07-17T18:41:23Z" hostname="bcb693dd517e" tests="2" skipped="1" failures="0" errors="0" time="0.283">
    <testcase time="0.126999999999999" classname="listing_pkpl02" name="PKPL02_listing_is_produced_correctly"/>
    <testcase time="0.156000000000001" classname="listing_pkpl02" name="PKPL02_listing_is_produced_correctly">
      <skipped message="Reason: On CRAN ('test-listing_pkpl02.R:35:3')"/>
    </testcase>
  </testsuite>
  <testsuite name="listing_pkpl04" timestamp="2023-07-17T18:41:23Z" hostname="bcb693dd517e" tests="2" skipped="0" failures="0" errors="1" time="0.183">
    <testcase time="0.0980000000000008" classname="listing_pkpl04" name="PKPL04_listing_is_produced_correctly"/>
    <testcase time="0.0849999999999991" classname="listing_pkpl04" name="PKPL04_listing_is_produced_correctly">
      <error type="error" message="`result` threw an unexpected error. ('test-listing_pkpl04.R:50:3')">`result` threw an unexpected error.
Message: error in evaluating the argument 'x' in selecting a method for function 'toString': 'data' must be of a vector type, was 'NULL'
Class:   simpleError/error/condition</error>
    </testcase>
  </testsuite>
  <testsuite name="listing_vsl01" timestamp="2023-07-17T18:41:23Z" hostname="bcb693dd517e" tests="1" skipped="0" failures="0" errors="1" time="0.417">
    <testcase time="0.417000000000002" classname="listing_vsl01" name="VSL01_listing_is_produced_correctly">
      <error type="error" message="`result` threw an unexpected error. ('test-listing_vsl01.R:83:3')">`result` threw an unexpected error.
Message: error in evaluating the argument 'x' in selecting a method for function 'toString': 'data' must be of a vector type, was 'NULL'
Class:   simpleError/error/condition</error>
    </testcase>
  </testsuite>
  <testsuite name="pagination_listing" timestamp="2023-07-17T18:41:24Z" hostname="bcb693dd517e" tests="2" skipped="0" failures="0" errors="1" time="0.219">
    <testcase time="0.0709999999999997" classname="pagination_listing" name="Direct_pagination_works_fine"/>
    <testcase time="0.148" classname="pagination_listing" name="Direct_pagination_works_fine">
      <error type="error" message="Error in `matrix(unlist(lapply(vec, rep, times = len)), nrow = len)`: 'data' must be of a vector type, was 'NULL' ('test-pagination_listing.R:82:3')">Error in `matrix(unlist(lapply(vec, rep, times = len)), nrow = len)`: 'data' must be of a vector type, was 'NULL'
Backtrace:
     x
  1. \-formatters::propose_column_widths(lst_res) at test-pagination_listing.R:82:2
  2.   +-formatters::matrix_form(x, indent_rownames = TRUE, indent_size = indent_size)
  3.   \-rlistings::matrix_form(x, indent_rownames = TRUE, indent_size = indent_size)
  4.     \-rlistings (local) .local(obj, indent_rownames)
  5.       \-formatters::MatrixPrintForm(...)
  6.         \-formatters:::mform_handle_newlines(ret)
  7.           \-formatters:::expand_mat_rows(...)
  8.             \-base::lapply(...)
  9.               \-formatters (local) FUN(X[[i]], ...)
 10.                 \-formatters (local) expfun(rw, len = leni, ...)
 11.                   \-base::matrix(unlist(lapply(vec, rep, times = len)), nrow = len)</error>
    </testcase>
  </testsuite>
  <testsuite name="pagination_table" timestamp="2023-07-17T18:41:26Z" hostname="bcb693dd517e" tests="21" skipped="6" failures="0" errors="0" time="20.93">
    <testcase time="3.294" classname="pagination_table" name="Direct_pagination_with_standard_values"/>
    <testcase time="0.00999999999999801" classname="pagination_table" name="Direct_pagination_with_standard_values"/>
    <testcase time="0.00700000000000145" classname="pagination_table" name="Direct_pagination_with_standard_values"/>
    <testcase time="2.372" classname="pagination_table" name="Pagination_with_specific_column_widths_and_minimum_lines_per_page"/>
    <testcase time="0.00700000000000145" classname="pagination_table" name="Pagination_with_specific_column_widths_and_minimum_lines_per_page"/>
    <testcase time="0.136999999999997" classname="pagination_table" name="Pagination_with_specific_column_widths_and_minimum_lines_per_page">
      <skipped message="Reason: On CRAN ('test-pagination_table.R:76:3')"/>
    </testcase>
    <testcase time="1.833" classname="pagination_table" name="Pagination_works_also_if_table_is_decorated"/>
    <testcase time="0.954000000000001" classname="pagination_table" name="Pagination_works_also_if_table_is_decorated"/>
    <testcase time="1.817" classname="pagination_table" name="Pagination_works_also_if_table_is_decorated"/>
    <testcase time="1.121" classname="pagination_table" name="Pagination_works_also_if_table_is_decorated"/>
    <testcase time="2.343" classname="pagination_table" name="Pagination_works_also_if_table_is_decorated"/>
    <testcase time="0.521000000000001" classname="pagination_table" name="Pagination_works_also_if_table_is_decorated"/>
    <testcase time="0.00899999999999679" classname="pagination_table" name="Pagination_works_also_if_table_is_decorated"/>
    <testcase time="0.0120000000000005" classname="pagination_table" name="Pagination_works_also_if_table_is_decorated">
      <skipped message="Reason: On CRAN ('test-pagination_table.R:126:3')"/>
    </testcase>
    <testcase time="1.256" classname="pagination_table" name="Pagination_works_for_page_types">
      <skipped message="Reason: On CRAN ('test-pagination_table.R:135:3')"/>
    </testcase>
    <testcase time="1.227" classname="pagination_table" name="Pagination_works_for_page_width_and_height">
      <skipped message="Reason: On CRAN ('test-pagination_table.R:148:3')"/>
    </testcase>
    <testcase time="1.337" classname="pagination_table" name="Pagination_works_for_page_types">
      <skipped message="Reason: On CRAN ('test-pagination_table.R:162:3')"/>
    </testcase>
    <testcase time="1.505" classname="pagination_table" name="AET04_variant_2_page_by_pagination_tests"/>
    <testcase time="0.991999999999997" classname="pagination_table" name="AET04_variant_2_page_by_pagination_tests"/>
    <testcase time="0.00200000000000244" classname="pagination_table" name="AET04_variant_2_page_by_pagination_tests"/>
    <testcase time="0.173999999999999" classname="pagination_table" name="AET04_variant_2_page_by_pagination_tests">
      <skipped message="Reason: On CRAN ('test-pagination_table.R:217:3')"/>
    </testcase>
    <testcase time="0.0450000000000017" classname="character(0)" name="_unnamed_">
      <error type="error" message="&lt;vctrs_error_subscript_oob/vctrs_error_subscript/rlang_error/error/condition&gt; ('test-table_adat03.R:1:1')">&lt;vctrs_error_subscript_oob/vctrs_error_subscript/rlang_error/error/condition&gt;
Error in `select(., USUBJID, NRELTM1, AVAL, AVALU, AVALC)`: Can't subset columns that don't exist.
✖ Column `NRELTM1` doesn't exist.
Backtrace:
     ▆
  1. ├─adpc_raw %&gt;% select(USUBJID, NRELTM1, AVAL, AVALU, AVALC) at test-table_adat03.R:1:0
  2. ├─dplyr::select(., USUBJID, NRELTM1, AVAL, AVALU, AVALC)
  3. ├─dplyr:::select.data.frame(., USUBJID, NRELTM1, AVAL, AVALU, AVALC)
  4. │ └─tidyselect::eval_select(expr(c(...)), data = .data, error_call = error_call)
  5. │   └─tidyselect:::eval_select_impl(...)
  6. │     ├─tidyselect:::with_subscript_errors(...)
  7. │     │ └─rlang::try_fetch(...)
  8. │     │   └─base::withCallingHandlers(...)
  9. │     └─tidyselect:::vars_select_eval(...)
 10. │       └─tidyselect:::walk_data_tree(expr, data_mask, context_mask)
 11. │         └─tidyselect:::eval_c(expr, data_mask, context_mask)
 12. │           └─tidyselect:::reduce_sels(node, data_mask, context_mask, init = init)
 13. │             └─tidyselect:::walk_data_tree(new, data_mask, context_mask)
 14. │               └─tidyselect:::as_indices_sel_impl(...)
 15. │                 └─tidyselect:::as_indices_impl(...)
 16. │                   └─tidyselect:::chr_as_locations(x, vars, call = call, arg = arg)
 17. │                     └─vctrs::vec_as_location(...)
 18. └─vctrs (local) `&lt;fn&gt;`()
 19.   └─vctrs:::stop_subscript_oob(...)
 20.     └─vctrs:::stop_subscript(...)
 21.       └─rlang::abort(...)</error>
    </testcase>
  </testsuite>
  <testsuite name="table_aet01" timestamp="2023-07-17T18:41:45Z" hostname="bcb693dd517e" tests="9" skipped="4" failures="0" errors="1" time="3.139">
    <testcase time="0.700000000000003" classname="table_aet01" name="Safety_Summary_Variant_1_works_as_expected"/>
    <testcase time="0.132999999999996" classname="table_aet01" name="Safety_Summary_Variant_1_works_as_expected">
      <skipped message="Reason: On CRAN ('test-table_aet01.R:94:3')"/>
    </testcase>
    <testcase time="0.591999999999999" classname="table_aet01" name="Safety_Summary_Variant_2_with_Medical_Concepts_Section_works_as_expected"/>
    <testcase time="0.158000000000001" classname="table_aet01" name="Safety_Summary_Variant_2_with_Medical_Concepts_Section_works_as_expected">
      <skipped message="Reason: On CRAN ('test-table_aet01.R:214:3')"/>
    </testcase>
    <testcase time="0.555" classname="table_aet01" name="Safety_Summary_Variant_3_with_Modified_Rows_works_as_expected"/>
    <testcase time="0.125" classname="table_aet01" name="Safety_Summary_Variant_3_with_Modified_Rows_works_as_expected">
      <skipped message="Reason: On CRAN ('test-table_aet01.R:306:3')"/>
    </testcase>
    <testcase time="0.658000000000001" classname="table_aet01" name="Safety_Summary_Variant_4_with_Rows_Counting_Events_and_Additional_Sections_works_as_expected"/>
    <testcase time="0.173000000000002" classname="table_aet01" name="Safety_Summary_Variant_4_with_Rows_Counting_Events_and_Additional_Sections_works_as_expected">
      <skipped message="Reason: On CRAN ('test-table_aet01.R:419:3')"/>
    </testcase>
  </testsuite>
  <testsuite name="table_aet01_aesi" timestamp="2023-07-17T18:41:48Z" hostname="bcb693dd517e" tests="8" skipped="4" failures="0" errors="0" time="3.488">
    <testcase time="0.494999999999997" classname="table_aet01_aesi" name="AET01_AESI_Variant_1_works_as_expected"/>
    <testcase time="0.117000000000004" classname="table_aet01_aesi" name="AET01_AESI_Variant_1_works_as_expected">
      <skipped message="Reason: On CRAN ('test-table_aet01_aesi.R:114:3')"/>
    </testcase>
    <testcase time="0.500999999999998" classname="table_aet01_aesi" name="AET01_AESI_Variant_2_works_as_expected"/>
    <testcase time="0.207000000000001" classname="table_aet01_aesi" name="AET01_AESI_Variant_2_works_as_expected">
      <skipped message="Reason: On CRAN ('test-table_aet01_aesi.R:153:3')"/>
    </testcase>
    <testcase time="0.854999999999997" classname="table_aet01_aesi" name="AET01_AESI_Variant_3_works_as_expected"/>
    <testcase time="0.286999999999999" classname="table_aet01_aesi" name="AET01_AESI_Variant_3_works_as_expected">
      <skipped message="Reason: On CRAN ('test-table_aet01_aesi.R:315:3')"/>
    </testcase>
    <testcase time="0.800000000000004" classname="table_aet01_aesi" name="AET01_AESI_Variant_4_works_as_expected"/>
    <testcase time="0.225999999999999" classname="table_aet01_aesi" name="AET01_AESI_Variant_4_works_as_expected">
      <skipped message="Reason: On CRAN ('test-table_aet01_aesi.R:457:3')"/>
    </testcase>
  </testsuite>
  <testsuite name="table_aet02" timestamp="2023-07-17T18:41:51Z" hostname="bcb693dd517e" tests="24" skipped="12" failures="0" errors="0" time="12.33">
    <testcase time="0.966999999999999" classname="table_aet02" name="AET02_variant_1_is_produced_correctly"/>
    <testcase time="0.264000000000003" classname="table_aet02" name="AET02_variant_1_is_produced_correctly">
      <skipped message="Reason: On CRAN ('test-table_aet02.R:42:3')"/>
    </testcase>
    <testcase time="1.124" classname="table_aet02" name="AET02_variant_2_is_produced_correctly"/>
    <testcase time="0.25" classname="table_aet02" name="AET02_variant_2_is_produced_correctly">
      <skipped message="Reason: On CRAN ('test-table_aet02.R:95:3')"/>
    </testcase>
    <testcase time="1.316" classname="table_aet02" name="AET02_variant_3_is_produced_correctly"/>
    <testcase time="0.384" classname="table_aet02" name="AET02_variant_3_is_produced_correctly">
      <skipped message="Reason: On CRAN ('test-table_aet02.R:149:3')"/>
    </testcase>
    <testcase time="0.198999999999998" classname="table_aet02" name="AET02_variant_4_is_produced_correctly"/>
    <testcase time="0.123000000000005" classname="table_aet02" name="AET02_variant_4_is_produced_correctly">
      <skipped message="Reason: On CRAN ('test-table_aet02.R:174:3')"/>
    </testcase>
    <testcase time="0.739999999999995" classname="table_aet02" name="AET02_variant_5_is_produced_correctly"/>
    <testcase time="0.217999999999996" classname="table_aet02" name="AET02_variant_5_is_produced_correctly">
      <skipped message="Reason: On CRAN ('test-table_aet02.R:214:3')"/>
    </testcase>
    <testcase time="0.736000000000004" classname="table_aet02" name="AET02_variant_6_is_produced_correctly"/>
    <testcase time="0.0799999999999983" classname="table_aet02" name="AET02_variant_6_is_produced_correctly">
      <skipped message="Reason: On CRAN ('test-table_aet02.R:253:3')"/>
    </testcase>
    <testcase time="1.359" classname="table_aet02" name="AET02_variant_7_is_produced_correctly"/>
    <testcase time="0.196999999999996" classname="table_aet02" name="AET02_variant_7_is_produced_correctly">
      <skipped message="Reason: On CRAN ('test-table_aet02.R:316:3')"/>
    </testcase>
    <testcase time="0.713000000000001" classname="table_aet02" name="AET02_variant_8_is_produced_correctly"/>
    <testcase time="0.137999999999998" classname="table_aet02" name="AET02_variant_8_is_produced_correctly">
      <skipped message="Reason: On CRAN ('test-table_aet02.R:367:3')"/>
    </testcase>
    <testcase time="0.749000000000002" classname="table_aet02" name="AET02_variant_9_is_produced_correctly"/>
    <testcase time="0.128" classname="table_aet02" name="AET02_variant_9_is_produced_correctly">
      <skipped message="Reason: On CRAN ('test-table_aet02.R:418:3')"/>
    </testcase>
    <testcase time="0.753999999999998" classname="table_aet02" name="AET02_variant_10_is_produced_correctly"/>
    <testcase time="0.0970000000000013" classname="table_aet02" name="AET02_variant_10_is_produced_correctly">
      <skipped message="Reason: On CRAN ('test-table_aet02.R:469:3')"/>
    </testcase>
    <testcase time="0.844000000000001" classname="table_aet02" name="AET02_variant_11_is_produced_correctly"/>
    <testcase time="0.141999999999996" classname="table_aet02" name="AET02_variant_11_is_produced_correctly">
      <skipped message="Reason: On CRAN ('test-table_aet02.R:517:3')"/>
    </testcase>
    <testcase time="0.732000000000006" classname="table_aet02" name="AET02_variant_12_is_produced_correctly"/>
    <testcase time="0.0759999999999934" classname="table_aet02" name="AET02_variant_12_is_produced_correctly">
      <skipped message="Reason: On CRAN ('test-table_aet02.R:568:3')"/>
    </testcase>
  </testsuite>
  <testsuite name="table_aet02_smq" timestamp="2023-07-17T18:42:04Z" hostname="bcb693dd517e" tests="4" skipped="2" failures="0" errors="0" time="0.701">
    <testcase time="0.224000000000004" classname="table_aet02_smq" name="AET02SMQ_variant_1_is_produced_correctly"/>
    <testcase time="0.0700000000000003" classname="table_aet02_smq" name="AET02SMQ_variant_1_is_produced_correctly">
      <skipped message="Reason: On CRAN ('test-table_aet02_smq.R:52:3')"/>
    </testcase>
    <testcase time="0.310000000000002" classname="table_aet02_smq" name="AET02SMQ_variant_2_is_produced_correctly"/>
    <testcase time="0.0969999999999942" classname="table_aet02_smq" name="AET02SMQ_variant_2_is_produced_correctly">
      <skipped message="Reason: On CRAN ('test-table_aet02_smq.R:91:3')"/>
    </testcase>
  </testsuite>
  <testsuite name="table_aet03" timestamp="2023-07-17T18:42:04Z" hostname="bcb693dd517e" tests="2" skipped="1" failures="0" errors="0" time="2.293">
    <testcase time="1.823" classname="table_aet03" name="AET03_variant_1_is_produced_correctly"/>
    <testcase time="0.470000000000006" classname="table_aet03" name="AET03_variant_1_is_produced_correctly">
      <skipped message="Reason: On CRAN ('test-table_aet03.R:57:3')"/>
    </testcase>
  </testsuite>
  <testsuite name="table_aet04" timestamp="2023-07-17T18:42:08Z" hostname="bcb693dd517e" tests="16" skipped="8" failures="0" errors="0" time="12.144">
    <testcase time="1.882" classname="table_aet04" name="AET04_variant_1_is_produced_correctly"/>
    <testcase time="0.491" classname="table_aet04" name="AET04_variant_1_is_produced_correctly">
      <skipped message="Reason: On CRAN ('test-table_aet04.R:60:3')"/>
    </testcase>
    <testcase time="1.618" classname="table_aet04" name="AET04_variant_2_is_produced_correctly_Fill_in_of_Treatment_Groups_"/>
    <testcase time="0.491999999999997" classname="table_aet04" name="AET04_variant_2_is_produced_correctly_Fill_in_of_Treatment_Groups_">
      <skipped message="Reason: On CRAN ('test-table_aet04.R:125:3')"/>
    </testcase>
    <testcase time="2.699" classname="table_aet04" name="AET04_variant_3_is_produced_correctly_Fill_in_of_Grades_"/>
    <testcase time="0.5" classname="table_aet04" name="AET04_variant_3_is_produced_correctly_Fill_in_of_Grades_">
      <skipped message="Reason: On CRAN ('test-table_aet04.R:182:3')"/>
    </testcase>
    <testcase time="1.935" classname="table_aet04" name="AET04_variant_4_is_produced_correctly_Collapsing_of_Grades_grades_1_2_grades_3_4_5_"/>
    <testcase time="0.528000000000006" classname="table_aet04" name="AET04_variant_4_is_produced_correctly_Collapsing_of_Grades_grades_1_2_grades_3_4_5_">
      <skipped message="Reason: On CRAN ('test-table_aet04.R:250:3')"/>
    </testcase>
    <testcase time="0.960000000000008" classname="table_aet04" name="AET04_variant_6_is_produced_correctly_with_an_Incidence_Rate_of_at_Least_5_totals_restricted_"/>
    <testcase time="0.261999999999986" classname="table_aet04" name="AET04_variant_6_is_produced_correctly_with_an_Incidence_Rate_of_at_Least_5_totals_restricted_">
      <skipped message="Reason: On CRAN ('test-table_aet04.R:345:5')"/>
    </testcase>
    <testcase time="0.0320000000000107" classname="table_aet04" name="AET04_variant_8_is_produced_correctly_with_an_Incidence_Rate_of_at_Least_X_Patients_"/>
    <testcase time="0.200999999999993" classname="table_aet04" name="AET04_variant_8_is_produced_correctly_with_an_Incidence_Rate_of_at_Least_X_Patients_">
      <skipped message="Reason: On CRAN ('test-table_aet04.R:378:3')"/>
    </testcase>
    <testcase time="0.0310000000000059" classname="table_aet04" name="AET04_variant_9_is_produced_correctlyb_with_a_Difference_in_Incidence_Rate_of_at_Least_X_"/>
    <testcase time="0.179999999999993" classname="table_aet04" name="AET04_variant_9_is_produced_correctlyb_with_a_Difference_in_Incidence_Rate_of_at_Least_X_">
      <skipped message="Reason: On CRAN ('test-table_aet04.R:394:3')"/>
    </testcase>
    <testcase time="0.0320000000000107" classname="table_aet04" name="AET04_variant_11_is_produced_correctly_with_Incidence_Rate_of_at_Least_X_all_SOCs_w_o_preferred_terms_removed_"/>
    <testcase time="0.300999999999988" classname="table_aet04" name="AET04_variant_11_is_produced_correctly_with_Incidence_Rate_of_at_Least_X_all_SOCs_w_o_preferred_terms_removed_">
      <skipped message="Reason: On CRAN ('test-table_aet04.R:416:5')"/>
    </testcase>
  </testsuite>
  <testsuite name="table_aet04_pi" timestamp="2023-07-17T18:42:19Z" hostname="bcb693dd517e" tests="18" skipped="9" failures="0" errors="0" time="12.35">
    <testcase time="1.194" classname="table_aet04_pi" name="AET04_PI_full_table_is_produced_correctly"/>
    <testcase time="0.299000000000007" classname="table_aet04_pi" name="AET04_PI_full_table_is_produced_correctly">
      <skipped message="Reason: On CRAN ('test-table_aet04_pi.R:62:3')"/>
    </testcase>
    <testcase time="1.238" classname="table_aet04_pi" name="AET04_PI_variant_1_is_produced_correctly"/>
    <testcase time="0.224000000000004" classname="table_aet04_pi" name="AET04_PI_variant_1_is_produced_correctly">
      <skipped message="Reason: On CRAN ('test-table_aet04_pi.R:84:3')"/>
    </testcase>
    <testcase time="1.791" classname="table_aet04_pi" name="AET04_PI_variant_2_is_produced_correctly"/>
    <testcase time="0.10799999999999" classname="table_aet04_pi" name="AET04_PI_variant_2_is_produced_correctly">
      <skipped message="Reason: On CRAN ('test-table_aet04_pi.R:107:3')"/>
    </testcase>
    <testcase time="1.143" classname="table_aet04_pi" name="AET04_PI_variant_3_is_produced_correctly"/>
    <testcase time="0.132000000000005" classname="table_aet04_pi" name="AET04_PI_variant_3_is_produced_correctly">
      <skipped message="Reason: On CRAN ('test-table_aet04_pi.R:130:3')"/>
    </testcase>
    <testcase time="1.194" classname="table_aet04_pi" name="AET04_PI_variant_4_is_produced_correctly"/>
    <testcase time="0.0949999999999989" classname="table_aet04_pi" name="AET04_PI_variant_4_is_produced_correctly">
      <skipped message="Reason: On CRAN ('test-table_aet04_pi.R:154:3')"/>
    </testcase>
    <testcase time="1.163" classname="table_aet04_pi" name="AET04_PI_variant_5_is_produced_correctly"/>
    <testcase time="0.167000000000002" classname="table_aet04_pi" name="AET04_PI_variant_5_is_produced_correctly">
      <skipped message="Reason: On CRAN ('test-table_aet04_pi.R:178:3')"/>
    </testcase>
    <testcase time="1.44500000000001" classname="table_aet04_pi" name="AET04_PI_variant_6_is_produced_correctly"/>
    <testcase time="0.159999999999997" classname="table_aet04_pi" name="AET04_PI_variant_6_is_produced_correctly">
      <skipped message="Reason: On CRAN ('test-table_aet04_pi.R:229:3')"/>
    </testcase>
    <testcase time="1.413" classname="table_aet04_pi" name="AET04_PI_variant_7_is_produced_correctly"/>
    <testcase time="0.162000000000006" classname="table_aet04_pi" name="AET04_PI_variant_7_is_produced_correctly">
      <skipped message="Reason: On CRAN ('test-table_aet04_pi.R:280:3')"/>
    </testcase>
    <testcase time="0.257999999999996" classname="table_aet04_pi" name="AET04_PI_variant_8_is_produced_correctly"/>
    <testcase time="0.164000000000001" classname="table_aet04_pi" name="AET04_PI_variant_8_is_produced_correctly">
      <skipped message="Reason: On CRAN ('test-table_aet04_pi.R:314:3')"/>
    </testcase>
  </testsuite>
  <testsuite name="table_aet05" timestamp="2023-07-17T18:42:31Z" hostname="bcb693dd517e" tests="4" skipped="2" failures="0" errors="0" time="0.381">
    <testcase time="0.155999999999992" classname="table_aet05" name="AET05_variant_1_is_produced_correctly"/>
    <testcase time="0.0560000000000116" classname="table_aet05" name="AET05_variant_1_is_produced_correctly">
      <skipped message="Reason: On CRAN ('test-table_aet05.R:22:3')"/>
    </testcase>
    <testcase time="0.113" classname="table_aet05" name="AET05_variant_2_is_produced_correctly"/>
    <testcase time="0.0559999999999974" classname="table_aet05" name="AET05_variant_2_is_produced_correctly">
      <skipped message="Reason: On CRAN ('test-table_aet05.R:42:3')"/>
    </testcase>
  </testsuite>
  <testsuite name="table_aet05_all" timestamp="2023-07-17T18:42:32Z" hostname="bcb693dd517e" tests="4" skipped="2" failures="0" errors="0" time="0.431">
    <testcase time="0.212000000000003" classname="table_aet05_all" name="AET05_ALL_variant_1_is_produced_correctly"/>
    <testcase time="0.0579999999999927" classname="table_aet05_all" name="AET05_ALL_variant_1_is_produced_correctly">
      <skipped message="Reason: On CRAN ('test-table_aet05_all.R:32:3')"/>
    </testcase>
    <testcase time="0.0959999999999894" classname="table_aet05_all" name="AET05_ALL_variant_2_is_produced_correctly"/>
    <testcase time="0.0650000000000119" classname="table_aet05_all" name="AET05_ALL_variant_2_is_produced_correctly">
      <skipped message="Reason: On CRAN ('test-table_aet05_all.R:47:3')"/>
    </testcase>
  </testsuite>
  <testsuite name="table_aet06" timestamp="2023-07-17T18:42:32Z" hostname="bcb693dd517e" tests="6" skipped="3" failures="0" errors="0" time="6.806">
    <testcase time="1.285" classname="table_aet06" name="AET06_variant_1_is_produced_correctly"/>
    <testcase time="0.313000000000002" classname="table_aet06" name="AET06_variant_1_is_produced_correctly">
      <skipped message="Reason: On CRAN ('test-table_aet06.R:81:3')"/>
    </testcase>
    <testcase time="2.12299999999999" classname="table_aet06" name="AET06_variant_3_is_produced_correctly"/>
    <testcase time="0.442000000000007" classname="table_aet06" name="AET06_variant_3_is_produced_correctly">
      <skipped message="Reason: On CRAN ('test-table_aet06.R:133:3')"/>
    </testcase>
    <testcase time="2.143" classname="table_aet06" name="AET06_variant_5_is_produced_correctly"/>
    <testcase time="0.5" classname="table_aet06" name="AET06_variant_5_is_produced_correctly">
      <skipped message="Reason: On CRAN ('test-table_aet06.R:177:3')"/>
    </testcase>
  </testsuite>
  <testsuite name="table_aet06_smq" timestamp="2023-07-17T18:42:39Z" hostname="bcb693dd517e" tests="4" skipped="2" failures="0" errors="0" time="2.127">
    <testcase time="0.778999999999996" classname="table_aet06_smq" name="AET06_SMQ_variant_1_is_produced_correctly"/>
    <testcase time="0.265000000000001" classname="table_aet06_smq" name="AET06_SMQ_variant_1_is_produced_correctly">
      <skipped message="Reason: On CRAN ('test-table_aet06_smq.R:73:3')"/>
    </testcase>
    <testcase time="0.816000000000003" classname="table_aet06_smq" name="AET06_SMQ_variant_2_is_produced_correctly"/>
    <testcase time="0.266999999999996" classname="table_aet06_smq" name="AET06_SMQ_variant_2_is_produced_correctly">
      <skipped message="Reason: On CRAN ('test-table_aet06_smq.R:160:3')"/>
    </testcase>
  </testsuite>
  <testsuite name="table_aet07" timestamp="2023-07-17T18:42:41Z" hostname="bcb693dd517e" tests="4" skipped="2" failures="0" errors="0" time="0.402">
    <testcase time="0.131" classname="table_aet07" name="AET07_variant_1_is_produced_correctly"/>
    <testcase time="0.0480000000000018" classname="table_aet07" name="AET07_variant_1_is_produced_correctly">
      <skipped message="Reason: On CRAN ('test-table_aet07.R:49:3')"/>
    </testcase>
    <testcase time="0.147999999999996" classname="table_aet07" name="AET07_variant_2_is_produced_correctly"/>
    <testcase time="0.0750000000000028" classname="table_aet07" name="AET07_variant_2_is_produced_correctly">
      <skipped message="Reason: On CRAN ('test-table_aet07.R:78:3')"/>
    </testcase>
  </testsuite>
  <testsuite name="table_aet09" timestamp="2023-07-17T18:42:41Z" hostname="bcb693dd517e" tests="4" skipped="2" failures="0" errors="0" time="2.002">
    <testcase time="0.682000000000002" classname="table_aet09" name="AET09_variant_1_is_produced_correctly_AE_related_to_study_drug"/>
    <testcase time="0.194999999999993" classname="table_aet09" name="AET09_variant_1_is_produced_correctly_AE_related_to_study_drug">
      <skipped message="Reason: On CRAN ('test-table_aet09.R:43:3')"/>
    </testcase>
    <testcase time="0.863" classname="table_aet09" name="AET09_variant_2_is_produced_correctly_AE_related_to_study_drug_including_high_level_terms_"/>
    <testcase time="0.262" classname="table_aet09" name="AET09_variant_2_is_produced_correctly_AE_related_to_study_drug_including_high_level_terms_">
      <skipped message="Reason: On CRAN ('test-table_aet09.R:100:3')"/>
    </testcase>
  </testsuite>
  <testsuite name="table_aet09_smq" timestamp="2023-07-17T18:42:43Z" hostname="bcb693dd517e" tests="4" skipped="2" failures="0" errors="0" time="0.884">
    <testcase time="0.236000000000004" classname="table_aet09_smq" name="AET09_variant_1_AEs_related_to_study_drug_by_SMQ_is_produced_correctly"/>
    <testcase time="0.078000000000003" classname="table_aet09_smq" name="AET09_variant_1_AEs_related_to_study_drug_by_SMQ_is_produced_correctly">
      <skipped message="Reason: On CRAN ('test-table_aet09_smq.R:69:3')"/>
    </testcase>
    <testcase time="0.444999999999993" classname="table_aet09_smq" name="AET09_variant_2_AEs_related_to_study_drug_by_SMQ_with_customized_queries_is_produced_correctly"/>
    <testcase time="0.125" classname="table_aet09_smq" name="AET09_variant_2_AEs_related_to_study_drug_by_SMQ_with_customized_queries_is_produced_correctly">
      <skipped message="Reason: On CRAN ('test-table_aet09_smq.R:128:5')"/>
    </testcase>
  </testsuite>
  <testsuite name="table_aet10" timestamp="2023-07-17T18:42:44Z" hostname="bcb693dd517e" tests="2" skipped="1" failures="0" errors="0" time="0.239">
    <testcase time="0.173000000000002" classname="table_aet10" name="AET10_default_variant_is_produced_correctly"/>
    <testcase time="0.0660000000000025" classname="table_aet10" name="AET10_default_variant_is_produced_correctly">
      <skipped message="Reason: On CRAN ('test-table_aet10.R:23:3')"/>
    </testcase>
  </testsuite>
  <testsuite name="table_aovt01" timestamp="2023-07-17T18:42:44Z" hostname="bcb693dd517e" tests="4" skipped="2" failures="0" errors="0" time="1.884">
    <testcase time="0.548000000000002" classname="table_aovt01" name="AOVT01_variant_with_single_endpoint_is_produced_correctly"/>
    <testcase time="0.122" classname="table_aovt01" name="AOVT01_variant_with_single_endpoint_is_produced_correctly">
      <skipped message="Reason: On CRAN ('test-table_aovt01.R:33:3')"/>
    </testcase>
    <testcase time="1.002" classname="table_aovt01" name="AOVT01_variant_with_multiple_endpoints_is_produced_correctly"/>
    <testcase time="0.212000000000003" classname="table_aovt01" name="AOVT01_variant_with_multiple_endpoints_is_produced_correctly">
      <skipped message="Reason: On CRAN ('test-table_aovt01.R:52:3')"/>
    </testcase>
  </testsuite>
  <testsuite name="table_aovt02" timestamp="2023-07-17T18:42:46Z" hostname="bcb693dd517e" tests="2" skipped="1" failures="0" errors="0" time="0.656">
    <testcase time="0.557000000000002" classname="table_aovt02" name="AOVT02_is_produced_correctly"/>
    <testcase time="0.0990000000000038" classname="table_aovt02" name="AOVT02_is_produced_correctly">
      <skipped message="Reason: On CRAN ('test-table_aovt02.R:42:3')"/>
    </testcase>
  </testsuite>
  <testsuite name="table_aovt03" timestamp="2023-07-17T18:42:47Z" hostname="bcb693dd517e" tests="2" skipped="1" failures="0" errors="0" time="1.504">
    <testcase time="1.277" classname="table_aovt03" name="AOVT03_is_produced_correctly"/>
    <testcase time="0.22699999999999" classname="table_aovt03" name="AOVT03_is_produced_correctly">
      <skipped message="Reason: On CRAN ('test-table_aovt03.R:44:3')"/>
    </testcase>
  </testsuite>
  <testsuite name="table_cfbt01" timestamp="2023-07-17T18:42:49Z" hostname="bcb693dd517e" tests="2" skipped="1" failures="0" errors="0" time="1.518">
    <testcase time="1.20700000000001" classname="table_cfbt01" name="CFBT01_default_variant_is_produced_correctly"/>
    <testcase time="0.310999999999993" classname="table_cfbt01" name="CFBT01_default_variant_is_produced_correctly">
      <skipped message="Reason: On CRAN ('test-table_cfbt01.R:36:3')"/>
    </testcase>
  </testsuite>
  <testsuite name="table_cmht01" timestamp="2023-07-17T18:42:50Z" hostname="bcb693dd517e" tests="4" skipped="2" failures="0" errors="0" time="2.894">
    <testcase time="0.694000000000003" classname="table_cmht01" name="CMHT01_variant_1_is_produced_correctly"/>
    <testcase time="0.120000000000005" classname="table_cmht01" name="CMHT01_variant_1_is_produced_correctly">
      <skipped message="Reason: On CRAN ('test-table_cmht01.R:54:3')"/>
    </testcase>
    <testcase time="1.667" classname="table_cmht01" name="CMHT01_variant_2_is_produced_correctly"/>
    <testcase time="0.412999999999997" classname="table_cmht01" name="CMHT01_variant_2_is_produced_correctly">
      <skipped message="Reason: On CRAN ('test-table_cmht01.R:114:3')"/>
    </testcase>
  </testsuite>
  <testsuite name="table_cmt01" timestamp="2023-07-17T18:42:53Z" hostname="bcb693dd517e" tests="8" skipped="4" failures="0" errors="0" time="2.372">
    <testcase time="0.483000000000004" classname="table_cmt01" name="CMT01_default_variant_Concomitant_medications_is_produced_correctly"/>
    <testcase time="0.152000000000001" classname="table_cmt01" name="CMT01_default_variant_Concomitant_medications_is_produced_correctly">
      <skipped message="Reason: On CRAN ('test-table_cmt01.R:36:3')"/>
    </testcase>
    <testcase time="0.355999999999995" classname="table_cmt01" name="CMT01_variant_1_prior_medications_is_produced_correctly"/>
    <testcase time="0.128" classname="table_cmt01" name="CMT01_variant_1_prior_medications_is_produced_correctly">
      <skipped message="Reason: On CRAN ('test-table_cmt01.R:71:3')"/>
    </testcase>
    <testcase time="0.462000000000003" classname="table_cmt01" name="CMT01_variant_3_Concomitant_medications_is_produced_correctly"/>
    <testcase time="0.128" classname="table_cmt01" name="CMT01_variant_3_Concomitant_medications_is_produced_correctly">
      <skipped message="Reason: On CRAN ('test-table_cmt01.R:104:3')"/>
    </testcase>
    <testcase time="0.507999999999996" classname="table_cmt01" name="CMT01_variant_4_Concomitant_medications_is_produced_correctly"/>
    <testcase time="0.155000000000001" classname="table_cmt01" name="CMT01_variant_4_Concomitant_medications_is_produced_correctly">
      <skipped message="Reason: On CRAN ('test-table_cmt01.R:135:3')"/>
    </testcase>
  </testsuite>
  <testsuite name="table_cmt01a" timestamp="2023-07-17T18:42:55Z" hostname="bcb693dd517e" tests="8" skipped="4" failures="0" errors="0" time="4.996">
    <testcase time="1.108" classname="table_cmt01a" name="CMT01A_variant_1_is_produced_correctly"/>
    <testcase time="0.274999999999991" classname="table_cmt01a" name="CMT01A_variant_1_is_produced_correctly">
      <skipped message="Reason: On CRAN ('test-table_cmt01a.R:64:3')"/>
    </testcase>
    <testcase time="0.944000000000003" classname="table_cmt01a" name="CMT01A_variant_2_is_produced_correctly"/>
    <testcase time="0.289000000000001" classname="table_cmt01a" name="CMT01A_variant_2_is_produced_correctly">
      <skipped message="Reason: On CRAN ('test-table_cmt01a.R:114:3')"/>
    </testcase>
    <testcase time="0.983999999999995" classname="table_cmt01a" name="CMT01A_variant_3_is_produced_correctly"/>
    <testcase time="0.275000000000006" classname="table_cmt01a" name="CMT01A_variant_3_is_produced_correctly">
      <skipped message="Reason: On CRAN ('test-table_cmt01a.R:161:3')"/>
    </testcase>
    <testcase time="0.894999999999996" classname="table_cmt01a" name="CMT01A_variant_4_is_produced_correctly"/>
    <testcase time="0.225999999999999" classname="table_cmt01a" name="CMT01A_variant_4_is_produced_correctly">
      <skipped message="Reason: On CRAN ('test-table_cmt01a.R:210:3')"/>
    </testcase>
  </testsuite>
  <testsuite name="table_cmt01b" timestamp="2023-07-17T18:43:00Z" hostname="bcb693dd517e" tests="6" skipped="3" failures="0" errors="0" time="5.706">
    <testcase time="1.637" classname="table_cmt01b" name="CMT01B_variant_1_is_produced_correctly"/>
    <testcase time="0.412999999999997" classname="table_cmt01b" name="CMT01B_variant_1_is_produced_correctly">
      <skipped message="Reason: On CRAN ('test-table_cmt01b.R:88:3')"/>
    </testcase>
    <testcase time="1.143" classname="table_cmt01b" name="CMT01B_variant_2_is_produced_correctly"/>
    <testcase time="0.313000000000002" classname="table_cmt01b" name="CMT01B_variant_2_is_produced_correctly">
      <skipped message="Reason: On CRAN ('test-table_cmt01b.R:146:3')"/>
    </testcase>
    <testcase time="1.714" classname="table_cmt01b" name="CMT01B_variant_4_is_produced_correctly"/>
    <testcase time="0.486000000000004" classname="table_cmt01b" name="CMT01B_variant_4_is_produced_correctly">
      <skipped message="Reason: On CRAN ('test-table_cmt01b.R:219:3')"/>
    </testcase>
  </testsuite>
  <testsuite name="table_cmt02_pt" timestamp="2023-07-17T18:43:06Z" hostname="bcb693dd517e" tests="2" skipped="1" failures="0" errors="0" time="0.394">
    <testcase time="0.254000000000005" classname="table_cmt02_pt" name="CMT02_PT_default_variant_is_produced_correctly"/>
    <testcase time="0.140000000000001" classname="table_cmt02_pt" name="CMT02_PT_default_variant_is_produced_correctly">
      <skipped message="Reason: On CRAN ('test-table_cmt02_pt.R:39:3')"/>
    </testcase>
  </testsuite>
  <testsuite name="table_coxt01" timestamp="2023-07-17T18:43:06Z" hostname="bcb693dd517e" tests="8" skipped="4" failures="0" errors="0" time="2.878">
    <testcase time="0.478999999999999" classname="table_coxt01" name="1._Cox_Regression"/>
    <testcase time="0.0720000000000027" classname="table_coxt01" name="1._Cox_Regression">
      <skipped message="Reason: On CRAN ('test-table_coxt01.R:31:3')"/>
    </testcase>
    <testcase time="0.643000000000001" classname="table_coxt01" name="2._Cox_Regression_with_Interaction_Term_"/>
    <testcase time="0.120000000000005" classname="table_coxt01" name="2._Cox_Regression_with_Interaction_Term_">
      <skipped message="Reason: On CRAN ('test-table_coxt01.R:50:3')"/>
    </testcase>
    <testcase time="0.652999999999992" classname="table_coxt01" name="3._Cox_Regression_specifying_covariates_"/>
    <testcase time="0.134" classname="table_coxt01" name="3._Cox_Regression_specifying_covariates_">
      <skipped message="Reason: On CRAN ('test-table_coxt01.R:71:3')"/>
    </testcase>
    <testcase time="0.646000000000001" classname="table_coxt01" name="4._Cox_Regression_setting_strata_ties_and_alpha_level_"/>
    <testcase time="0.131" classname="table_coxt01" name="4._Cox_Regression_setting_strata_ties_and_alpha_level_">
      <skipped message="Reason: On CRAN ('test-table_coxt01.R:97:3')"/>
    </testcase>
  </testsuite>
  <testsuite name="table_coxt02" timestamp="2023-07-17T18:43:09Z" hostname="bcb693dd517e" tests="4" skipped="2" failures="0" errors="0" time="1.149">
    <testcase time="0.509" classname="table_coxt02" name="COXT02_default_variant_1_is_produced_correctly"/>
    <testcase time="0.0799999999999983" classname="table_coxt02" name="COXT02_default_variant_1_is_produced_correctly">
      <skipped message="Reason: On CRAN ('test-table_coxt02.R:30:3')"/>
    </testcase>
    <testcase time="0.476000000000013" classname="table_coxt02" name="COXT02_variant_5_is_produced_correctly"/>
    <testcase time="0.083999999999989" classname="table_coxt02" name="COXT02_variant_5_is_produced_correctly">
      <skipped message="Reason: On CRAN ('test-table_coxt02.R:48:3')"/>
    </testcase>
  </testsuite>
  <testsuite name="table_disclosures" timestamp="2023-07-17T18:43:10Z" hostname="bcb693dd517e" tests="12" skipped="6" failures="0" errors="0" time="3.03">
    <testcase time="0.319000000000003" classname="table_disclosures" name="Patient_Disposition_table_is_produced_correctly"/>
    <testcase time="0.109999999999999" classname="table_disclosures" name="Patient_Disposition_table_is_produced_correctly">
      <skipped message="Reason: On CRAN ('test-table_disclosures.R:110:3')"/>
    </testcase>
    <testcase time="0.433000000000007" classname="table_disclosures" name="Demographic_table_is_produced_correctly"/>
    <testcase time="0.219999999999999" classname="table_disclosures" name="Demographic_table_is_produced_correctly">
      <skipped message="Reason: On CRAN ('test-table_disclosures.R:131:3')"/>
    </testcase>
    <testcase time="0.155000000000001" classname="table_disclosures" name="Enrollment_by_Country_Table_is_produced_correctly"/>
    <testcase time="0.115000000000009" classname="table_disclosures" name="Enrollment_by_Country_Table_is_produced_correctly">
      <skipped message="Reason: On CRAN ('test-table_disclosures.R:143:3')"/>
    </testcase>
    <testcase time="0.138000000000005" classname="table_disclosures" name="Death_table_is_produced_correctly"/>
    <testcase time="0.0480000000000018" classname="table_disclosures" name="Death_table_is_produced_correctly">
      <skipped message="Reason: On CRAN ('test-table_disclosures.R:161:3')"/>
    </testcase>
    <testcase time="0.554999999999993" classname="table_disclosures" name="Table_of_Serious_Adverse_Events_is_produced_correctly_for_one_specific_treatment_arm_"/>
    <testcase time="0.105000000000004" classname="table_disclosures" name="Table_of_Serious_Adverse_Events_is_produced_correctly_for_one_specific_treatment_arm_">
      <skipped message="Reason: On CRAN ('test-table_disclosures.R:189:3')"/>
    </testcase>
    <testcase time="0.677000000000007" classname="table_disclosures" name="Table_of_Non_Serious_Adverse_Events_is_produced_correctly"/>
    <testcase time="0.155000000000001" classname="table_disclosures" name="Table_of_Non_Serious_Adverse_Events_is_produced_correctly">
      <skipped message="Reason: On CRAN ('test-table_disclosures.R:211:3')"/>
    </testcase>
  </testsuite>
  <testsuite name="table_dmt01" timestamp="2023-07-17T18:43:13Z" hostname="bcb693dd517e" tests="2" skipped="1" failures="0" errors="0" time="1.259">
    <testcase time="0.98599999999999" classname="table_dmt01" name="DMT01_default_and_alternative_variants_are_produced_correctly"/>
    <testcase time="0.27300000000001" classname="table_dmt01" name="DMT01_default_and_alternative_variants_are_produced_correctly">
      <skipped message="Reason: On CRAN ('test-table_dmt01.R:62:3')"/>
    </testcase>
  </testsuite>
  <testsuite name="table_dort01" timestamp="2023-07-17T18:43:15Z" hostname="bcb693dd517e" tests="8" skipped="4" failures="0" errors="0" time="2.286">
    <testcase time="0.492999999999995" classname="table_dort01" name="DORT01_variant_1_is_produced_correctly"/>
    <testcase time="0.123000000000005" classname="table_dort01" name="DORT01_variant_1_is_produced_correctly">
      <skipped message="Reason: On CRAN ('test-table_dort01.R:78:3')"/>
    </testcase>
    <testcase time="0.459000000000003" classname="table_dort01" name="DORT01_variant_2_selecting_sectons_is_produced_correctly"/>
    <testcase time="0.125" classname="table_dort01" name="DORT01_variant_2_selecting_sectons_is_produced_correctly">
      <skipped message="Reason: On CRAN ('test-table_dort01.R:134:3')"/>
    </testcase>
    <testcase time="0.409999999999997" classname="table_dort01" name="DORT01_variant_3_modifying_conftype_and_alpha_level_is_produced_correctly"/>
    <testcase time="0.135000000000005" classname="table_dort01" name="DORT01_variant_3_modifying_conftype_and_alpha_level_is_produced_correctly">
      <skipped message="Reason: On CRAN ('test-table_dort01.R:190:3')"/>
    </testcase>
    <testcase time="0.414000000000001" classname="table_dort01" name="DORT01_variant_4_modifying_time_point_for_the_xx_duration_is_produced_correctly"/>
    <testcase time="0.126999999999995" classname="table_dort01" name="DORT01_variant_4_modifying_time_point_for_the_xx_duration_is_produced_correctly">
      <skipped message="Reason: On CRAN ('test-table_dort01.R:244:3')"/>
    </testcase>
  </testsuite>
  <testsuite name="table_dst01" timestamp="2023-07-17T18:43:17Z" hostname="bcb693dd517e" tests="6" skipped="3" failures="0" errors="0" time="1.183">
    <testcase time="0.239000000000004" classname="table_dst01" name="DST01_default_variant_is_produced_correctly"/>
    <testcase time="0.0889999999999986" classname="table_dst01" name="DST01_default_variant_is_produced_correctly">
      <skipped message="Reason: On CRAN ('test-table_dst01.R:83:3')"/>
    </testcase>
    <testcase time="0.400999999999996" classname="table_dst01" name="DST01_variant_with_grouping_of_reasons_is_produced_correctly"/>
    <testcase time="0.103000000000009" classname="table_dst01" name="DST01_variant_with_grouping_of_reasons_is_produced_correctly">
      <skipped message="Reason: On CRAN ('test-table_dst01.R:102:3')"/>
    </testcase>
    <testcase time="0.259" classname="table_dst01" name="DST01_variant_with_adding_other_optional_rows_is_produced_correctly"/>
    <testcase time="0.0919999999999987" classname="table_dst01" name="DST01_variant_with_adding_other_optional_rows_is_produced_correctly">
      <skipped message="Reason: On CRAN ('test-table_dst01.R:119:3')"/>
    </testcase>
  </testsuite>
  <testsuite name="table_dtht01" timestamp="2023-07-17T18:43:18Z" hostname="bcb693dd517e" tests="8" skipped="4" failures="0" errors="0" time="2.223">
    <testcase time="0.193999999999988" classname="table_dtht01" name="DTHT01_variant_1_is_produced_correctly"/>
    <testcase time="0.0730000000000075" classname="table_dtht01" name="DTHT01_variant_1_is_produced_correctly">
      <skipped message="Reason: On CRAN ('test-table_dtht01.R:22:3')"/>
    </testcase>
    <testcase time="0.676999999999992" classname="table_dtht01" name="DTHT01_variant_2_is_produced_correctly"/>
    <testcase time="0.204000000000008" classname="table_dtht01" name="DTHT01_variant_2_is_produced_correctly">
      <skipped message="Reason: On CRAN ('test-table_dtht01.R:81:3')"/>
    </testcase>
    <testcase time="0.349999999999994" classname="table_dtht01" name="DTHT01_variant_3_is_produced_correctly"/>
    <testcase time="0.0889999999999986" classname="table_dtht01" name="DTHT01_variant_3_is_produced_correctly">
      <skipped message="Reason: On CRAN ('test-table_dtht01.R:140:3')"/>
    </testcase>
    <testcase time="0.509000000000015" classname="table_dtht01" name="DTHT01_variant_4_is_produced_correctly"/>
    <testcase time="0.126999999999981" classname="table_dtht01" name="DTHT01_variant_4_is_produced_correctly">
      <skipped message="Reason: On CRAN ('test-table_dtht01.R:217:3')"/>
    </testcase>
  </testsuite>
  <testsuite name="table_egt01" timestamp="2023-07-17T18:43:20Z" hostname="bcb693dd517e" tests="2" skipped="1" failures="0" errors="0" time="1.518">
    <testcase time="1.14500000000001" classname="table_egt01" name="EGT01_default_variant_is_produced_correctly"/>
    <testcase time="0.37299999999999" classname="table_egt01" name="EGT01_default_variant_is_produced_correctly">
      <skipped message="Reason: On CRAN ('test-table_egt01.R:22:3')"/>
    </testcase>
  </testsuite>
  <testsuite name="table_egt02" timestamp="2023-07-17T18:43:22Z" hostname="bcb693dd517e" tests="4" skipped="2" failures="0" errors="0" time="0.848">
    <testcase time="0.343999999999994" classname="table_egt02" name="_EGT02_1._Regardless_of_Abnormality_at_Baseline"/>
    <testcase time="0.100000000000023" classname="table_egt02" name="_EGT02_1._Regardless_of_Abnormality_at_Baseline">
      <skipped message="Reason: On CRAN ('test-table_egt02.R:28:3')"/>
    </testcase>
    <testcase time="0.301999999999992" classname="table_egt02" name="_EGT02_2._Among_Subjects_Without_Abnormality_at_Baseline"/>
    <testcase time="0.102000000000004" classname="table_egt02" name="_EGT02_2._Among_Subjects_Without_Abnormality_at_Baseline">
      <skipped message="Reason: On CRAN ('test-table_egt02.R:51:3')"/>
    </testcase>
  </testsuite>
  <testsuite name="table_egt03" timestamp="2023-07-17T18:43:23Z" hostname="bcb693dd517e" tests="8" skipped="4" failures="0" errors="0" time="2.002">
    <testcase time="0.391999999999996" classname="table_egt03" name="EGT03_variant_1_is_produced_correctly"/>
    <testcase time="0.144000000000005" classname="table_egt03" name="EGT03_variant_1_is_produced_correctly">
      <skipped message="Reason: On CRAN ('test-table_egt03.R:50:3')"/>
    </testcase>
    <testcase time="0.329999999999984" classname="table_egt03" name="EGT03_variant_2_is_produced_correctly"/>
    <testcase time="0.13300000000001" classname="table_egt03" name="EGT03_variant_2_is_produced_correctly">
      <skipped message="Reason: On CRAN ('test-table_egt03.R:91:3')"/>
    </testcase>
    <testcase time="0.352000000000004" classname="table_egt03" name="EGT03_variant_3_is_produced_correctly"/>
    <testcase time="0.139999999999986" classname="table_egt03" name="EGT03_variant_3_is_produced_correctly">
      <skipped message="Reason: On CRAN ('test-table_egt03.R:132:3')"/>
    </testcase>
    <testcase time="0.36699999999999" classname="table_egt03" name="EGT03_variant_4_is_produced_correctly"/>
    <testcase time="0.144000000000005" classname="table_egt03" name="EGT03_variant_4_is_produced_correctly">
      <skipped message="Reason: On CRAN ('test-table_egt03.R:179:3')"/>
    </testcase>
  </testsuite>
  <testsuite name="table_egt04" timestamp="2023-07-17T18:43:25Z" hostname="bcb693dd517e" tests="2" skipped="1" failures="0" errors="0" time="0.401">
    <testcase time="0.302999999999997" classname="table_egt04" name="EGT04_default_variant_is_produced_correctly"/>
    <testcase time="0.0980000000000132" classname="table_egt04" name="EGT04_default_variant_is_produced_correctly">
      <skipped message="Reason: On CRAN ('test-table_egt04.R:51:3')"/>
    </testcase>
  </testsuite>
  <testsuite name="table_egt05_qtcat" timestamp="2023-07-17T18:43:25Z" hostname="bcb693dd517e" tests="2" skipped="1" failures="0" errors="0" time="1.588">
    <testcase time="1.19399999999999" classname="table_egt05_qtcat" name="EGT05_QTCAT_default_variant_is_produced_correctly"/>
    <testcase time="0.394000000000005" classname="table_egt05_qtcat" name="EGT05_QTCAT_default_variant_is_produced_correctly">
      <skipped message="Reason: On CRAN ('test-table_egt05_qtcat.R:57:3')"/>
    </testcase>
  </testsuite>
  <testsuite name="table_ent" timestamp="2023-07-17T18:43:27Z" hostname="bcb693dd517e" tests="8" skipped="4" failures="0" errors="0" time="22.63">
    <testcase time="5.61099999999999" classname="table_ent" name="ENT01_IT_is_produced_correctly"/>
    <testcase time="0.91500000000002" classname="table_ent" name="ENT01_IT_is_produced_correctly">
      <skipped message="Reason: On CRAN ('test-table_ent.R:24:3')"/>
    </testcase>
    <testcase time="3.76999999999998" classname="table_ent" name="ENT01a_IT_is_produced_correctly"/>
    <testcase time="0.890000000000015" classname="table_ent" name="ENT01a_IT_is_produced_correctly">
      <skipped message="Reason: On CRAN ('test-table_ent.R:40:3')"/>
    </testcase>
    <testcase time="5.75799999999998" classname="table_ent" name="ENT02_IT_is_produced_correctly"/>
    <testcase time="0.960000000000008" classname="table_ent" name="ENT02_IT_is_produced_correctly">
      <skipped message="Reason: On CRAN ('test-table_ent.R:61:3')"/>
    </testcase>
    <testcase time="3.80700000000002" classname="table_ent" name="ENT02a_IT_is_produced_correctly"/>
    <testcase time="0.918999999999983" classname="table_ent" name="ENT02a_IT_is_produced_correctly">
      <skipped message="Reason: On CRAN ('test-table_ent.R:79:3')"/>
    </testcase>
  </testsuite>
  <testsuite name="table_eudrat01" timestamp="2023-07-17T18:43:49Z" hostname="bcb693dd517e" tests="2" skipped="1" failures="0" errors="0" time="1.056">
    <testcase time="0.884000000000015" classname="table_eudrat01" name="EUDRAT01_is_produced_correctly"/>
    <testcase time="0.171999999999997" classname="table_eudrat01" name="EUDRAT01_is_produced_correctly">
      <skipped message="Reason: On CRAN ('test-table_eudrat01.R:77:3')"/>
    </testcase>
  </testsuite>
  <testsuite name="table_eudrat02" timestamp="2023-07-17T18:43:50Z" hostname="bcb693dd517e" tests="2" skipped="1" failures="0" errors="0" time="0.751">
    <testcase time="0.651999999999987" classname="table_eudrat02" name="EUDRAT02_is_produced_correctly"/>
    <testcase time="0.0989999999999895" classname="table_eudrat02" name="EUDRAT02_is_produced_correctly">
      <skipped message="Reason: On CRAN ('test-table_eudrat02.R:44:3')"/>
    </testcase>
  </testsuite>
  <testsuite name="table_ext01" timestamp="2023-07-17T18:43:51Z" hostname="bcb693dd517e" tests="6" skipped="3" failures="0" errors="0" time="1.905">
    <testcase time="0.434000000000026" classname="table_ext01" name="EXT01_default_variant_with_numeric_parameters_is_produced_correctly"/>
    <testcase time="0.182999999999993" classname="table_ext01" name="EXT01_default_variant_with_numeric_parameters_is_produced_correctly">
      <skipped message="Reason: On CRAN ('test-table_ext01.R:58:3')"/>
    </testcase>
    <testcase time="0.425999999999988" classname="table_ext01" name="EXT01_variant_with_both_numeric_and_categorical_parameters"/>
    <testcase time="0.15100000000001" classname="table_ext01" name="EXT01_variant_with_both_numeric_and_categorical_parameters">
      <skipped message="Reason: On CRAN ('test-table_ext01.R:147:3')"/>
    </testcase>
    <testcase time="0.527999999999992" classname="table_ext01" name="EXT01_variant_with_user_specified_categories_for_missed_doses"/>
    <testcase time="0.182999999999993" classname="table_ext01" name="EXT01_variant_with_user_specified_categories_for_missed_doses">
      <skipped message="Reason: On CRAN ('test-table_ext01.R:241:3')"/>
    </testcase>
  </testsuite>
  <testsuite name="table_fstg02" timestamp="2023-07-17T18:43:53Z" hostname="bcb693dd517e" tests="8" skipped="4" failures="0" errors="0" time="3.629">
    <testcase time="0.921000000000021" classname="table_fstg02" name="FSTG02_table_variant_1_Subgroup_Analysis_of_Survival_Duration_is_produced_correctly"/>
    <testcase time="0.126000000000005" classname="table_fstg02" name="FSTG02_table_variant_1_Subgroup_Analysis_of_Survival_Duration_is_produced_correctly">
      <skipped message="Reason: On CRAN ('test-table_fstg02.R:43:3')"/>
    </testcase>
    <testcase time="0.882999999999981" classname="table_fstg02" name="FSTG02_table_variant_2_specifying_class_variables_and_options_for_the_treatment_variable_"/>
    <testcase time="0.140999999999991" classname="table_fstg02" name="FSTG02_table_variant_2_specifying_class_variables_and_options_for_the_treatment_variable_">
      <skipped message="Reason: On CRAN ('test-table_fstg02.R:80:3')"/>
    </testcase>
    <testcase time="0.454000000000008" classname="table_fstg02" name="FSTG02_table_variant_3_selecting_columns_and_changing_the_alpha_level_"/>
    <testcase time="0.0930000000000177" classname="table_fstg02" name="FSTG02_table_variant_3_selecting_columns_and_changing_the_alpha_level_">
      <skipped message="Reason: On CRAN ('test-table_fstg02.R:105:3')"/>
    </testcase>
    <testcase time="0.878999999999991" classname="table_fstg02" name="FSTG02_table_variant_4_fixed_symbol_size_is_produced_correctly"/>
    <testcase time="0.132000000000005" classname="table_fstg02" name="FSTG02_table_variant_4_fixed_symbol_size_is_produced_correctly">
      <skipped message="Reason: On CRAN ('test-table_fstg02.R:135:3')"/>
    </testcase>
  </testsuite>
  <testsuite name="table_lbt01" timestamp="2023-07-17T18:43:57Z" hostname="bcb693dd517e" tests="2" skipped="1" failures="0" errors="0" time="1.578">
    <testcase time="1.315" classname="table_lbt01" name="LBT01_default_variant_is_produced_correctly"/>
    <testcase time="0.263000000000005" classname="table_lbt01" name="LBT01_default_variant_is_produced_correctly">
      <skipped message="Reason: On CRAN ('test-table_lbt01.R:26:3')"/>
    </testcase>
  </testsuite>
  <testsuite name="table_lbt02" timestamp="2023-07-17T18:43:58Z" hostname="bcb693dd517e" tests="2" skipped="1" failures="0" errors="0" time="0.751">
    <testcase time="0.531999999999982" classname="table_lbt02" name="LBT02_default_variant_is_produced_correctly"/>
    <testcase time="0.218999999999994" classname="table_lbt02" name="LBT02_default_variant_is_produced_correctly">
      <skipped message="Reason: On CRAN ('test-table_lbt02.R:19:3')"/>
    </testcase>
  </testsuite>
  <testsuite name="table_lbt03" timestamp="2023-07-17T18:43:59Z" hostname="bcb693dd517e" tests="2" skipped="1" failures="0" errors="0" time="0.769">
    <testcase time="0.580000000000013" classname="table_lbt03" name="LBT03_default_variant_is_produced_correctly"/>
    <testcase time="0.188999999999993" classname="table_lbt03" name="LBT03_default_variant_is_produced_correctly">
      <skipped message="Reason: On CRAN ('test-table_lbt03.R:29:3')"/>
    </testcase>
  </testsuite>
  <testsuite name="table_lbt04" timestamp="2023-07-17T18:44:00Z" hostname="bcb693dd517e" tests="2" skipped="1" failures="0" errors="0" time="0.377">
    <testcase time="0.283000000000015" classname="table_lbt04" name="LBT04_default_variant_is_produced_correctly"/>
    <testcase time="0.0939999999999941" classname="table_lbt04" name="LBT04_default_variant_is_produced_correctly">
      <skipped message="Reason: On CRAN ('test-table_lbt04.R:25:3')"/>
    </testcase>
  </testsuite>
  <testsuite name="table_lbt05" timestamp="2023-07-17T18:44:00Z" hostname="bcb693dd517e" tests="6" skipped="3" failures="0" errors="0" time="2.392">
    <testcase time="0.759999999999991" classname="table_lbt05" name="LBT05_variant_1_is_produced_correctly"/>
    <testcase time="0.162000000000006" classname="table_lbt05" name="LBT05_variant_1_is_produced_correctly">
      <skipped message="Reason: On CRAN ('test-table_lbt05.R:102:3')"/>
    </testcase>
    <testcase time="0.620000000000005" classname="table_lbt05" name="LBT05_variant_2_is_produced_correctly"/>
    <testcase time="0.188999999999993" classname="table_lbt05" name="LBT05_variant_2_is_produced_correctly">
      <skipped message="Reason: On CRAN ('test-table_lbt05.R:165:3')"/>
    </testcase>
    <testcase time="0.515000000000015" classname="table_lbt05" name="LBT05_variant_4_is_produced_correctly"/>
    <testcase time="0.145999999999987" classname="table_lbt05" name="LBT05_variant_4_is_produced_correctly">
      <skipped message="Reason: On CRAN ('test-table_lbt05.R:234:3')"/>
    </testcase>
  </testsuite>
  <testsuite name="table_lbt06" timestamp="2023-07-17T18:44:02Z" hostname="bcb693dd517e" tests="2" skipped="1" failures="0" errors="0" time="1.054">
    <testcase time="0.789000000000016" classname="table_lbt06" name="LBT06_default_variant_is_produced_correctly"/>
    <testcase time="0.264999999999986" classname="table_lbt06" name="LBT06_default_variant_is_produced_correctly">
      <skipped message="Reason: On CRAN ('test-table_lbt06.R:24:3')"/>
    </testcase>
  </testsuite>
  <testsuite name="table_lbt07" timestamp="2023-07-17T18:44:04Z" hostname="bcb693dd517e" tests="2" skipped="1" failures="0" errors="0" time="0.9">
    <testcase time="0.688999999999993" classname="table_lbt07" name="LBT07_is_produced_correctly"/>
    <testcase time="0.211000000000013" classname="table_lbt07" name="LBT07_is_produced_correctly">
      <skipped message="Reason: On CRAN ('test-table_lbt07.R:67:3')"/>
    </testcase>
  </testsuite>
  <testsuite name="table_lbt08" timestamp="2023-07-17T18:44:04Z" hostname="bcb693dd517e" tests="2" skipped="1" failures="0" errors="0" time="0.806">
    <testcase time="0.625" classname="table_lbt08" name="LBT08_produce_correctly"/>
    <testcase time="0.180999999999983" classname="table_lbt08" name="LBT08_produce_correctly">
      <skipped message="Reason: On CRAN ('test-table_lbt08.R:38:3')"/>
    </testcase>
  </testsuite>
  <testsuite name="table_lbt09" timestamp="2023-07-17T18:44:05Z" hostname="bcb693dd517e" tests="4" skipped="2" failures="0" errors="0" time="3.043">
    <testcase time="1.441" classname="table_lbt09" name="LBT09_variant_1_works_as_expected"/>
    <testcase time="0.347000000000008" classname="table_lbt09" name="LBT09_variant_1_works_as_expected">
      <skipped message="Reason: On CRAN ('test-table_lbt09.R:107:3')"/>
    </testcase>
    <testcase time="0.971000000000004" classname="table_lbt09" name="LBT09_variant_2_works_as_expected"/>
    <testcase time="0.283999999999992" classname="table_lbt09" name="LBT09_variant_2_works_as_expected">
      <skipped message="Reason: On CRAN ('test-table_lbt09.R:138:3')"/>
    </testcase>
  </testsuite>
  <testsuite name="table_lbt10" timestamp="2023-07-17T18:44:08Z" hostname="bcb693dd517e" tests="4" skipped="2" failures="0" errors="0" time="0.774">
    <testcase time="0.429000000000002" classname="table_lbt10" name="LBT10_variant_1_works_as_expected"/>
    <testcase time="0.0769999999999982" classname="table_lbt10" name="LBT10_variant_1_works_as_expected">
      <skipped message="Reason: On CRAN ('test-table_lbt10.R:45:3')"/>
    </testcase>
    <testcase time="0.200000000000017" classname="table_lbt10" name="LBT10_variant_2_works_as_expected"/>
    <testcase time="0.0679999999999836" classname="table_lbt10" name="LBT10_variant_2_works_as_expected">
      <skipped message="Reason: On CRAN ('test-table_lbt10.R:69:3')"/>
    </testcase>
  </testsuite>
  <testsuite name="table_lbt10_bl" timestamp="2023-07-17T18:44:09Z" hostname="bcb693dd517e" tests="4" skipped="2" failures="0" errors="0" time="0.803">
    <testcase time="0.445999999999998" classname="table_lbt10_bl" name="LBT10_BL_variant_1_works_as_expected"/>
    <testcase time="0.078000000000003" classname="table_lbt10_bl" name="LBT10_BL_variant_1_works_as_expected">
      <skipped message="Reason: On CRAN ('test-table_lbt10_bl.R:45:3')"/>
    </testcase>
    <testcase time="0.213999999999999" classname="table_lbt10_bl" name="LBT10_BL_variant_2_works_as_expected"/>
    <testcase time="0.0649999999999977" classname="table_lbt10_bl" name="LBT10_BL_variant_2_works_as_expected">
      <skipped message="Reason: On CRAN ('test-table_lbt10_bl.R:69:3')"/>
    </testcase>
  </testsuite>
  <testsuite name="table_lbt11" timestamp="2023-07-17T18:44:10Z" hostname="bcb693dd517e" tests="6" skipped="3" failures="0" errors="0" time="1.21">
    <testcase time="0.363" classname="table_lbt11" name="LBT11_variant_1_works_as_expected"/>
    <testcase time="0.105000000000018" classname="table_lbt11" name="LBT11_variant_1_works_as_expected">
      <skipped message="Reason: On CRAN ('test-table_lbt11.R:60:3')"/>
    </testcase>
    <testcase time="0.167999999999978" classname="table_lbt11" name="LBT11_variant_2_works_as_expected"/>
    <testcase time="0.103000000000009" classname="table_lbt11" name="LBT11_variant_2_works_as_expected">
      <skipped message="Reason: On CRAN ('test-table_lbt11.R:77:3')"/>
    </testcase>
    <testcase time="0.342000000000013" classname="table_lbt11" name="LBT11_variant_3_works_as_expected"/>
    <testcase time="0.128999999999991" classname="table_lbt11" name="LBT11_variant_3_works_as_expected">
      <skipped message="Reason: On CRAN ('test-table_lbt11.R:110:3')"/>
    </testcase>
  </testsuite>
  <testsuite name="table_lbt11_bl" timestamp="2023-07-17T18:44:11Z" hostname="bcb693dd517e" tests="6" skipped="3" failures="0" errors="0" time="1.197">
    <testcase time="0.349999999999994" classname="table_lbt11_bl" name="LBT11_BL_variant_1_works_as_expected"/>
    <testcase time="0.0970000000000084" classname="table_lbt11_bl" name="LBT11_BL_variant_1_works_as_expected">
      <skipped message="Reason: On CRAN ('test-table_lbt11_bl.R:60:3')"/>
    </testcase>
    <testcase time="0.192000000000007" classname="table_lbt11_bl" name="LBT11_BL_variant_2_works_as_expected"/>
    <testcase time="0.0799999999999841" classname="table_lbt11_bl" name="LBT11_BL_variant_2_works_as_expected">
      <skipped message="Reason: On CRAN ('test-table_lbt11_bl.R:77:3')"/>
    </testcase>
    <testcase time="0.352000000000004" classname="table_lbt11_bl" name="LBT11_BL_variant_3_works_as_expected"/>
    <testcase time="0.126000000000005" classname="table_lbt11_bl" name="LBT11_BL_variant_3_works_as_expected">
      <skipped message="Reason: On CRAN ('test-table_lbt11_bl.R:110:3')"/>
    </testcase>
  </testsuite>
  <testsuite name="table_lbt12" timestamp="2023-07-17T18:44:12Z" hostname="bcb693dd517e" tests="2" skipped="1" failures="0" errors="0" time="0.768">
    <testcase time="0.657999999999987" classname="table_lbt12" name="LBT12_works_as_expected"/>
    <testcase time="0.110000000000014" classname="table_lbt12" name="LBT12_works_as_expected">
      <skipped message="Reason: On CRAN ('test-table_lbt12.R:50:3')"/>
    </testcase>
  </testsuite>
  <testsuite name="table_lbt12_bl" timestamp="2023-07-17T18:44:13Z" hostname="bcb693dd517e" tests="2" skipped="1" failures="0" errors="0" time="0.753">
    <testcase time="0.647999999999996" classname="table_lbt12_bl" name="LBT12_BL_works_as_expected"/>
    <testcase time="0.10499999999999" classname="table_lbt12_bl" name="LBT12_BL_works_as_expected">
      <skipped message="Reason: On CRAN ('test-table_lbt12_bl.R:50:3')"/>
    </testcase>
  </testsuite>
  <testsuite name="table_lbt13" timestamp="2023-07-17T18:44:14Z" hostname="bcb693dd517e" tests="10" skipped="5" failures="0" errors="0" time="19.402">
    <testcase time="2.89400000000001" classname="table_lbt13" name="LBT13_variant_1_LOW_works_as_expected"/>
    <testcase time="0.736000000000018" classname="table_lbt13" name="LBT13_variant_1_LOW_works_as_expected">
      <skipped message="Reason: On CRAN ('test-table_lbt13.R:81:3')"/>
    </testcase>
    <testcase time="2.726" classname="table_lbt13" name="LBT13_variant_2_HIGH_works_as_expected"/>
    <testcase time="0.786000000000001" classname="table_lbt13" name="LBT13_variant_2_HIGH_works_as_expected">
      <skipped message="Reason: On CRAN ('test-table_lbt13.R:153:3')"/>
    </testcase>
    <testcase time="2.73599999999999" classname="table_lbt13" name="LBT13_variant_3_LOW_without_baseline_missing_works_as_expected"/>
    <testcase time="0.731999999999999" classname="table_lbt13" name="LBT13_variant_3_LOW_without_baseline_missing_works_as_expected">
      <skipped message="Reason: On CRAN ('test-table_lbt13.R:225:3')"/>
    </testcase>
    <testcase time="2.79499999999999" classname="table_lbt13" name="LBT13_variant_4_HIGH_with_missing_baseline_considered_as_grade_0_works_as_expected"/>
    <testcase time="0.789999999999992" classname="table_lbt13" name="LBT13_variant_4_HIGH_with_missing_baseline_considered_as_grade_0_works_as_expected">
      <skipped message="Reason: On CRAN ('test-table_lbt13.R:296:3')"/>
    </testcase>
    <testcase time="3.76500000000001" classname="table_lbt13" name="LBT14_variant_5_HIGH_with_filled_in_grades_works_as_expected"/>
    <testcase time="1.44200000000001" classname="table_lbt13" name="LBT14_variant_5_HIGH_with_filled_in_grades_works_as_expected">
      <skipped message="Reason: On CRAN ('test-table_lbt13.R:370:3')"/>
    </testcase>
  </testsuite>
  <testsuite name="table_lbt14" timestamp="2023-07-17T18:44:33Z" hostname="bcb693dd517e" tests="10" skipped="5" failures="0" errors="0" time="5.017">
    <testcase time="0.736999999999995" classname="table_lbt14" name="LBT14_variant_1_HIGH_works_as_expected"/>
    <testcase time="0.210999999999984" classname="table_lbt14" name="LBT14_variant_1_HIGH_works_as_expected">
      <skipped message="Reason: On CRAN ('test-table_lbt14.R:48:3')"/>
    </testcase>
    <testcase time="1.08100000000002" classname="table_lbt14" name="LBT14_variant_2_LOW_works_as_expected"/>
    <testcase time="0.186000000000007" classname="table_lbt14" name="LBT14_variant_2_LOW_works_as_expected">
      <skipped message="Reason: On CRAN ('test-table_lbt14.R:95:3')"/>
    </testcase>
    <testcase time="0.650999999999982" classname="table_lbt14" name="LBT14_variant_3_LOW_without_baseline_missing_works_as_expected"/>
    <testcase time="0.211000000000013" classname="table_lbt14" name="LBT14_variant_3_LOW_without_baseline_missing_works_as_expected">
      <skipped message="Reason: On CRAN ('test-table_lbt14.R:141:3')"/>
    </testcase>
    <testcase time="0.664999999999992" classname="table_lbt14" name="LBT14_variant_4_LOW_and_force_1_missing_both_baseline_and_post_baseline_then_force_the_missing_baseline_as_0_as_expected"/>
    <testcase time="0.199000000000012" classname="table_lbt14" name="LBT14_variant_4_LOW_and_force_1_missing_both_baseline_and_post_baseline_then_force_the_missing_baseline_as_0_as_expected">
      <skipped message="Reason: On CRAN ('test-table_lbt14.R:189:3')"/>
    </testcase>
    <testcase time="0.793999999999983" classname="table_lbt14" name="LBT14_variant_5_HIGH_with_fillings_works_as_expected"/>
    <testcase time="0.282000000000011" classname="table_lbt14" name="LBT14_variant_5_HIGH_with_fillings_works_as_expected">
      <skipped message="Reason: On CRAN ('test-table_lbt14.R:236:3')"/>
    </testcase>
  </testsuite>
  <testsuite name="table_lbt15" timestamp="2023-07-17T18:44:38Z" hostname="bcb693dd517e" tests="4" skipped="2" failures="0" errors="0" time="0.869">
    <testcase time="0.352000000000004" classname="table_lbt15" name="LBT15_variant_1_works_as_expected"/>
    <testcase time="0.117999999999995" classname="table_lbt15" name="LBT15_variant_1_works_as_expected">
      <skipped message="Reason: On CRAN ('test-table_lbt15.R:82:3')"/>
    </testcase>
    <testcase time="0.282999999999987" classname="table_lbt15" name="LBT15_variant_2_works_as_expected"/>
    <testcase time="0.116000000000014" classname="table_lbt15" name="LBT15_variant_2_works_as_expected">
      <skipped message="Reason: On CRAN ('test-table_lbt15.R:89:3')"/>
    </testcase>
  </testsuite>
  <testsuite name="table_lgrt02" timestamp="2023-07-17T18:44:39Z" hostname="bcb693dd517e" tests="8" skipped="4" failures="0" errors="0" time="4.265">
    <testcase time="0.752999999999986" classname="table_lgrt02" name="LGRT02_without_interaction_term_is_produced_correctly"/>
    <testcase time="0.183999999999997" classname="table_lgrt02" name="LGRT02_without_interaction_term_is_produced_correctly">
      <skipped message="Reason: On CRAN ('test-table_lgrt02.R:52:3')"/>
    </testcase>
    <testcase time="0.943000000000012" classname="table_lgrt02" name="LGRT02_with_categorical_interaction_is_produced_correctly"/>
    <testcase time="0.222000000000008" classname="table_lgrt02" name="LGRT02_with_categorical_interaction_is_produced_correctly">
      <skipped message="Reason: On CRAN ('test-table_lgrt02.R:78:3')"/>
    </testcase>
    <testcase time="0.943999999999988" classname="table_lgrt02" name="LGRT02_with_continuous_interaction_is_produced_correctly"/>
    <testcase time="0.248999999999995" classname="table_lgrt02" name="LGRT02_with_continuous_interaction_is_produced_correctly">
      <skipped message="Reason: On CRAN ('test-table_lgrt02.R:104:3')"/>
    </testcase>
    <testcase time="0.793000000000006" classname="table_lgrt02" name="LGRT02_with_setting_values_indicating_an_event_and_custom_alpha_level_is_produced_correctly"/>
    <testcase time="0.176999999999992" classname="table_lgrt02" name="LGRT02_with_setting_values_indicating_an_event_and_custom_alpha_level_is_produced_correctly">
      <skipped message="Reason: On CRAN ('test-table_lgrt02.R:130:3')"/>
    </testcase>
  </testsuite>
  <testsuite name="table_mht01" timestamp="2023-07-17T18:44:43Z" hostname="bcb693dd517e" tests="8" skipped="4" failures="0" errors="0" time="2.332">
    <testcase time="0.507000000000005" classname="table_mht01" name="MHT01_variant_1_is_produced_accurately"/>
    <testcase time="0.176999999999992" classname="table_mht01" name="MHT01_variant_1_is_produced_accurately">
      <skipped message="Reason: On CRAN ('test-table_mht01.R:41:3')"/>
    </testcase>
    <testcase time="0.201999999999998" classname="table_mht01" name="MHT01_variant_2_is_produced_accurately"/>
    <testcase time="0.0670000000000073" classname="table_mht01" name="MHT01_variant_2_is_produced_accurately">
      <skipped message="Reason: On CRAN ('test-table_mht01.R:82:3')"/>
    </testcase>
    <testcase time="0.447000000000003" classname="table_mht01" name="MHT01_variant_3_is_produced_accurately"/>
    <testcase time="0.158999999999992" classname="table_mht01" name="MHT01_variant_3_is_produced_accurately">
      <skipped message="Reason: On CRAN ('test-table_mht01.R:120:3')"/>
    </testcase>
    <testcase time="0.581000000000017" classname="table_mht01" name="MHT01_variant_5_is_produced_accurately"/>
    <testcase time="0.191999999999979" classname="table_mht01" name="MHT01_variant_5_is_produced_accurately">
      <skipped message="Reason: On CRAN ('test-table_mht01.R:163:3')"/>
    </testcase>
  </testsuite>
  <testsuite name="table_onct05" timestamp="2023-07-17T18:44:46Z" hostname="bcb693dd517e" tests="8" skipped="4" failures="0" errors="0" time="3.073">
    <testcase time="0.735000000000014" classname="table_onct05" name="ONCT05_variant_1_Objective_Response_Rate_by_Subgroup_is_produced_correctly"/>
    <testcase time="0.12299999999999" classname="table_onct05" name="ONCT05_variant_1_Objective_Response_Rate_by_Subgroup_is_produced_correctly">
      <skipped message="Reason: On CRAN ('test-table_onct05.R:33:3')"/>
    </testcase>
    <testcase time="0.792000000000002" classname="table_onct05" name="ONCT05_variant_2_Specifying_class_variables_is_produced_correctly"/>
    <testcase time="0.129999999999995" classname="table_onct05" name="ONCT05_variant_2_Specifying_class_variables_is_produced_correctly">
      <skipped message="Reason: On CRAN ('test-table_onct05.R:57:3')"/>
    </testcase>
    <testcase time="0.376000000000005" classname="table_onct05" name="ONCT05_variant_3_selecting_columns_and_changing_the_alpha_level_is_produced_correctly"/>
    <testcase time="0.0819999999999936" classname="table_onct05" name="ONCT05_variant_3_selecting_columns_and_changing_the_alpha_level_is_produced_correctly">
      <skipped message="Reason: On CRAN ('test-table_onct05.R:75:3')"/>
    </testcase>
    <testcase time="0.700000000000017" classname="table_onct05" name="ONCT05_variant_4_setting_values_indicating_response_is_produced_correctly"/>
    <testcase time="0.134999999999991" classname="table_onct05" name="ONCT05_variant_4_setting_values_indicating_response_is_produced_correctly">
      <skipped message="Reason: On CRAN ('test-table_onct05.R:96:3')"/>
    </testcase>
  </testsuite>
  <testsuite name="table_pdt01" timestamp="2023-07-17T18:44:49Z" hostname="bcb693dd517e" tests="2" skipped="1" failures="0" errors="0" time="0.683">
    <testcase time="0.47399999999999" classname="table_pdt01" name="PDT01_is_produced_correctly"/>
    <testcase time="0.209000000000003" classname="table_pdt01" name="PDT01_is_produced_correctly">
      <skipped message="Reason: On CRAN ('test-table_pdt01.R:38:3')"/>
    </testcase>
  </testsuite>
  <testsuite name="table_pdt02" timestamp="2023-07-17T18:44:50Z" hostname="bcb693dd517e" tests="2" skipped="1" failures="0" errors="0" time="0.385">
    <testcase time="0.273000000000025" classname="table_pdt02" name="PDT02_is_produced_correctly"/>
    <testcase time="0.111999999999995" classname="table_pdt02" name="PDT02_is_produced_correctly">
      <skipped message="Reason: On CRAN ('test-table_pdt02.R:33:3')"/>
    </testcase>
  </testsuite>
  <testsuite name="table_pkct01" timestamp="2023-07-17T18:44:50Z" hostname="bcb693dd517e" tests="3" skipped="1" failures="0" errors="1" time="0.843">
    <testcase time="0.639999999999986" classname="table_pkct01" name="PKCT01_is_produced_correctly"/>
    <testcase time="0.146000000000015" classname="table_pkct01" name="PKCT01_is_produced_correctly">
      <skipped message="Reason: On CRAN ('test-table_pkct01.R:18:3')"/>
    </testcase>
    <testcase time="0.0569999999999879" classname="table_pkct01" name="Specific_PKCT01_features_are_present">
      <error type="error" message="&lt;dplyr:::mutate_error/rlang_error/error/condition&gt; ('test-table_pkct01.R:45:3')">&lt;dplyr:::mutate_error/rlang_error/error/condition&gt;
Error in `mutate(., NRELTM1 = as.factor(NRELTM1), AVALC = as.factor(AVALC))`: i In argument: `NRELTM1 = as.factor(NRELTM1)`.
Caused by error:
! object 'NRELTM1' not found
Backtrace:
     x
  1. +-... %&gt;% select(NRELTM1, ACTARM, VISIT, AVAL, PARAM, AVALC) at test-table_pkct01.R:45:2
  2. +-dplyr::select(., NRELTM1, ACTARM, VISIT, AVAL, PARAM, AVALC)
  3. +-dplyr::mutate(., ACTARM = factor(ACTARM, levels = c("A: Drug X")))
  4. +-dplyr::filter(., ACTARM %in% c("A: Drug X"))
  5. +-dplyr::mutate(., NRELTM1 = as.factor(NRELTM1), AVALC = as.factor(AVALC))
  6. +-dplyr:::mutate.data.frame(., NRELTM1 = as.factor(NRELTM1), AVALC = as.factor(AVALC))
  7. | \-dplyr:::mutate_cols(.data, dplyr_quosures(...), by)
  8. |   +-base::withCallingHandlers(...)
  9. |   \-dplyr:::mutate_col(dots[[i]], data, mask, new_columns)
 10. |     \-mask$eval_all_mutate(quo)
 11. |       \-dplyr (local) eval()
 12. +-base::as.factor(NRELTM1)
 13. | \-base::is.factor(x)
 14. \-base::.handleSimpleError(...)
 15.   \-dplyr (local) h(simpleError(msg, call))
 16.     \-rlang::abort(message, class = error_class, parent = parent, call = error_call)</error>
    </testcase>
  </testsuite>
  <testsuite name="table_pkpt02" timestamp="2023-07-17T18:44:51Z" hostname="bcb693dd517e" tests="4" skipped="2" failures="0" errors="0" time="1.061">
    <testcase time="0.510999999999996" classname="table_pkpt02" name="PKPT02_is_produced_correctly_for_Drug_X"/>
    <testcase time="0.175000000000011" classname="table_pkpt02" name="PKPT02_is_produced_correctly_for_Drug_X">
      <skipped message="Reason: On CRAN ('test-table_pkpt02.R:42:3')"/>
    </testcase>
    <testcase time="0.233000000000004" classname="table_pkpt02" name="PKPT02_is_produced_correctly_for_Drug_Y"/>
    <testcase time="0.141999999999996" classname="table_pkpt02" name="PKPT02_is_produced_correctly_for_Drug_Y">
      <skipped message="Reason: On CRAN ('test-table_pkpt02.R:55:3')"/>
    </testcase>
  </testsuite>
  <testsuite name="table_pkpt03" timestamp="2023-07-17T18:44:52Z" hostname="bcb693dd517e" tests="4" skipped="2" failures="0" errors="0" time="1.335">
    <testcase time="0.716999999999985" classname="table_pkpt03" name="PKPT03_Drug_X_is_produced_correctly"/>
    <testcase time="0.12700000000001" classname="table_pkpt03" name="PKPT03_Drug_X_is_produced_correctly">
      <skipped message="Reason: On CRAN ('test-table_pkpt03.R:67:3')"/>
    </testcase>
    <testcase time="0.385999999999996" classname="table_pkpt03" name="PKPT03_Drug_Y_is_produced_correctly"/>
    <testcase time="0.10499999999999" classname="table_pkpt03" name="PKPT03_Drug_Y_is_produced_correctly">
      <skipped message="Reason: On CRAN ('test-table_pkpt03.R:81:3')"/>
    </testcase>
  </testsuite>
  <testsuite name="table_pkpt04" timestamp="2023-07-17T18:44:53Z" hostname="bcb693dd517e" tests="4" skipped="2" failures="0" errors="0" time="1.053">
    <testcase time="0.398000000000025" classname="table_pkpt04" name="PKPT04_is_produced_correctly_for_Drug_X"/>
    <testcase time="0.175000000000011" classname="table_pkpt04" name="PKPT04_is_produced_correctly_for_Drug_X">
      <skipped message="Reason: On CRAN ('test-table_pkpt04.R:42:3')"/>
    </testcase>
    <testcase time="0.301999999999992" classname="table_pkpt04" name="PKPT04_is_produced_correctly_for_Drug_Y"/>
    <testcase time="0.177999999999997" classname="table_pkpt04" name="PKPT04_is_produced_correctly_for_Drug_Y">
      <skipped message="Reason: On CRAN ('test-table_pkpt04.R:55:3')"/>
    </testcase>
  </testsuite>
  <testsuite name="table_pkpt05" timestamp="2023-07-17T18:44:54Z" hostname="bcb693dd517e" tests="4" skipped="2" failures="0" errors="0" time="1.611">
    <testcase time="0.882000000000005" classname="table_pkpt05" name="PKPT05_Drug_X_is_produced_correctly"/>
    <testcase time="0.167000000000002" classname="table_pkpt05" name="PKPT05_Drug_X_is_produced_correctly">
      <skipped message="Reason: On CRAN ('test-table_pkpt05.R:66:3')"/>
    </testcase>
    <testcase time="0.460999999999984" classname="table_pkpt05" name="PKPT05_Drug_Y_is_produced_correctly"/>
    <testcase time="0.100999999999999" classname="table_pkpt05" name="PKPT05_Drug_Y_is_produced_correctly">
      <skipped message="Reason: On CRAN ('test-table_pkpt05.R:81:3')"/>
    </testcase>
  </testsuite>
  <testsuite name="table_pkpt06" timestamp="2023-07-17T18:44:56Z" hostname="bcb693dd517e" tests="4" skipped="2" failures="0" errors="0" time="0.45">
    <testcase time="0.206000000000017" classname="table_pkpt06" name="PKPT06_is_produced_correctly_for_Drug_X"/>
    <testcase time="0.0649999999999977" classname="table_pkpt06" name="PKPT06_is_produced_correctly_for_Drug_X">
      <skipped message="Reason: On CRAN ('test-table_pkpt06.R:48:3')"/>
    </testcase>
    <testcase time="0.11099999999999" classname="table_pkpt06" name="PKPT06_is_produced_correctly_for_Drug_Y"/>
    <testcase time="0.0680000000000121" classname="table_pkpt06" name="PKPT06_is_produced_correctly_for_Drug_Y">
      <skipped message="Reason: On CRAN ('test-table_pkpt06.R:61:3')"/>
    </testcase>
  </testsuite>
  <testsuite name="table_pkpt07" timestamp="2023-07-17T18:44:56Z" hostname="bcb693dd517e" tests="4" skipped="2" failures="0" errors="0" time="0.693">
    <testcase time="0.338999999999999" classname="table_pkpt07" name="PKPT07_Drug_X_is_produced_correctly"/>
    <testcase time="0.105999999999995" classname="table_pkpt07" name="PKPT07_Drug_X_is_produced_correctly">
      <skipped message="Reason: On CRAN ('test-table_pkpt07.R:73:3')"/>
    </testcase>
    <testcase time="0.175000000000011" classname="table_pkpt07" name="PKPT07_Drug_Y_is_produced_correctly"/>
    <testcase time="0.0729999999999791" classname="table_pkpt07" name="PKPT07_Drug_Y_is_produced_correctly">
      <skipped message="Reason: On CRAN ('test-table_pkpt07.R:88:3')"/>
    </testcase>
  </testsuite>
  <testsuite name="table_ratet01" timestamp="2023-07-17T18:44:57Z" hostname="bcb693dd517e" tests="2" skipped="1" failures="0" errors="0" time="0.88">
    <testcase time="0.745000000000005" classname="table_ratet01" name="RATET01_is_produced_correctly"/>
    <testcase time="0.134999999999991" classname="table_ratet01" name="RATET01_is_produced_correctly">
      <skipped message="Reason: On CRAN ('test-table_ratet01.R:49:3')"/>
    </testcase>
  </testsuite>
  <testsuite name="table_rmpt01" timestamp="2023-07-17T18:44:58Z" hostname="bcb693dd517e" tests="2" skipped="1" failures="0" errors="0" time="0.323">
    <testcase time="0.267000000000024" classname="table_rmpt01" name="RMPT01_is_produced_correctly"/>
    <testcase time="0.0559999999999832" classname="table_rmpt01" name="RMPT01_is_produced_correctly">
      <skipped message="Reason: On CRAN ('test-table_rmpt01.R:58:3')"/>
    </testcase>
  </testsuite>
  <testsuite name="table_rmpt03" timestamp="2023-07-17T18:44:58Z" hostname="bcb693dd517e" tests="4" skipped="2" failures="0" errors="0" time="0.769">
    <testcase time="0.352000000000004" classname="table_rmpt03" name="RMPT03_variant_1_is_produced_correctly"/>
    <testcase time="0.0749999999999886" classname="table_rmpt03" name="RMPT03_variant_1_is_produced_correctly">
      <skipped message="Reason: On CRAN ('test-table_rmpt03.R:67:3')"/>
    </testcase>
    <testcase time="0.261000000000024" classname="table_rmpt03" name="RMPT03_variant_2_is_produced_correctly"/>
    <testcase time="0.0809999999999889" classname="table_rmpt03" name="RMPT03_variant_2_is_produced_correctly">
      <skipped message="Reason: On CRAN ('test-table_rmpt03.R:91:3')"/>
    </testcase>
  </testsuite>
  <testsuite name="table_rmpt04" timestamp="2023-07-17T18:44:59Z" hostname="bcb693dd517e" tests="2" skipped="1" failures="0" errors="0" time="0.324">
    <testcase time="0.266999999999996" classname="table_rmpt04" name="RMPT04_variant_1_is_produced_correctly"/>
    <testcase time="0.0570000000000164" classname="table_rmpt04" name="RMPT04_variant_1_is_produced_correctly">
      <skipped message="Reason: On CRAN ('test-table_rmpt04.R:50:3')"/>
    </testcase>
  </testsuite>
  <testsuite name="table_rmpt05" timestamp="2023-07-17T18:44:59Z" hostname="bcb693dd517e" tests="2" skipped="1" failures="0" errors="0" time="0.365">
    <testcase time="0.290999999999997" classname="table_rmpt05" name="RMPT05_is_produced_correctly"/>
    <testcase time="0.0739999999999839" classname="table_rmpt05" name="RMPT05_is_produced_correctly">
      <skipped message="Reason: On CRAN ('test-table_rmpt05.R:49:3')"/>
    </testcase>
  </testsuite>
  <testsuite name="table_rmpt06" timestamp="2023-07-17T18:45:00Z" hostname="bcb693dd517e" tests="8" skipped="4" failures="0" errors="0" time="2.447">
    <testcase time="0.554000000000002" classname="table_rmpt06" name="AET05_ALL_variant_1_is_produced_correctly"/>
    <testcase time="0.152000000000015" classname="table_rmpt06" name="AET05_ALL_variant_1_is_produced_correctly">
      <skipped message="Reason: On CRAN ('test-table_rmpt06.R:100:3')"/>
    </testcase>
    <testcase time="0.34899999999999" classname="table_rmpt06" name="RMPT06_variant_2_is_produced_correctly"/>
    <testcase time="0.0929999999999893" classname="table_rmpt06" name="RMPT06_variant_2_is_produced_correctly">
      <skipped message="Reason: On CRAN ('test-table_rmpt06.R:150:3')"/>
    </testcase>
    <testcase time="0.471000000000004" classname="table_rmpt06" name="RMPT06_variant_3_is_produced_correctly"/>
    <testcase time="0.162000000000006" classname="table_rmpt06" name="RMPT06_variant_3_is_produced_correctly">
      <skipped message="Reason: On CRAN ('test-table_rmpt06.R:215:3')"/>
    </testcase>
    <testcase time="0.492999999999995" classname="table_rmpt06" name="RMPT06_variant_4_is_produced_correctly"/>
    <testcase time="0.173000000000002" classname="table_rmpt06" name="RMPT06_variant_4_is_produced_correctly">
      <skipped message="Reason: On CRAN ('test-table_rmpt06.R:283:3')"/>
    </testcase>
  </testsuite>
  <testsuite name="table_rspt01" timestamp="2023-07-17T18:45:02Z" hostname="bcb693dd517e" tests="12" skipped="6" failures="0" errors="0" time="3.751">
    <testcase time="0.469999999999999" classname="table_rspt01" name="RSPT01_1._Best_Overall_Response"/>
    <testcase time="0.143000000000001" classname="table_rspt01" name="RSPT01_1._Best_Overall_Response">
      <skipped message="Reason: On CRAN ('test-table_rspt01.R:46:3')"/>
    </testcase>
    <testcase time="0.449000000000012" classname="table_rspt01" name="RSPT01_2._Best_Overall_Response_selecting_sections_to_display_"/>
    <testcase time="0.131" classname="table_rspt01" name="RSPT01_2._Best_Overall_Response_selecting_sections_to_display_">
      <skipped message="Reason: On CRAN ('test-table_rspt01.R:73:3')"/>
    </testcase>
    <testcase time="0.541000000000025" classname="table_rspt01" name="RSPT01_3._Best_Overall_Response_modifying_settings_"/>
    <testcase time="0.141999999999996" classname="table_rspt01" name="RSPT01_3._Best_Overall_Response_modifying_settings_">
      <skipped message="Reason: On CRAN ('test-table_rspt01.R:116:3')"/>
    </testcase>
    <testcase time="0.596000000000004" classname="table_rspt01" name="RSPT01_4._Best_Overall_Response_with_stratified_analysis_"/>
    <testcase time="0.168999999999983" classname="table_rspt01" name="RSPT01_4._Best_Overall_Response_with_stratified_analysis_">
      <skipped message="Reason: On CRAN ('test-table_rspt01.R:166:3')"/>
    </testcase>
    <testcase time="0.447000000000003" classname="table_rspt01" name="RSPT01_5._Best_Overall_Response_modifying_the_definition_of_overall_response_"/>
    <testcase time="0.175999999999988" classname="table_rspt01" name="RSPT01_5._Best_Overall_Response_modifying_the_definition_of_overall_response_">
      <skipped message="Reason: On CRAN ('test-table_rspt01.R:198:3')"/>
    </testcase>
    <testcase time="0.362000000000023" classname="table_rspt01" name="RSPT01_6._Best_Overall_Response_define_new_sections_to_display_"/>
    <testcase time="0.125" classname="table_rspt01" name="RSPT01_6._Best_Overall_Response_define_new_sections_to_display_">
      <skipped message="Reason: On CRAN ('test-table_rspt01.R:248:3')"/>
    </testcase>
  </testsuite>
  <testsuite name="table_ttet01" timestamp="2023-07-17T18:45:06Z" hostname="bcb693dd517e" tests="12" skipped="6" failures="0" errors="0" time="4.502">
    <testcase time="0.72799999999998" classname="table_ttet01" name="TTET01_default_variant_is_produced_correctly"/>
    <testcase time="0.222000000000008" classname="table_ttet01" name="TTET01_default_variant_is_produced_correctly">
      <skipped message="Reason: On CRAN ('test-table_ttet01.R:79:3')"/>
    </testcase>
    <testcase time="0.36699999999999" classname="table_ttet01" name="TTET01_variant_2_selecting_sections_to_display"/>
    <testcase time="0.12700000000001" classname="table_ttet01" name="TTET01_variant_2_selecting_sections_to_display">
      <skipped message="Reason: On CRAN ('test-table_ttet01.R:124:3')"/>
    </testcase>
    <testcase time="0.544000000000011" classname="table_ttet01" name="TTET01_variant_3_modifying_analysis_details_like_conftype_ties_alpha_level"/>
    <testcase time="0.185000000000002" classname="table_ttet01" name="TTET01_variant_3_modifying_analysis_details_like_conftype_ties_alpha_level">
      <skipped message="Reason: On CRAN ('test-table_ttet01.R:190:3')"/>
    </testcase>
    <testcase time="0.631" classname="table_ttet01" name="TTET01_variant_4_with_stratified_analysis"/>
    <testcase time="0.168999999999983" classname="table_ttet01" name="TTET01_variant_4_with_stratified_analysis">
      <skipped message="Reason: On CRAN ('test-table_ttet01.R:251:3')"/>
    </testcase>
    <testcase time="0.543000000000006" classname="table_ttet01" name="TTET01_variant_5_modifying_time_point"/>
    <testcase time="0.149000000000001" classname="table_ttet01" name="TTET01_variant_5_modifying_time_point">
      <skipped message="Reason: On CRAN ('test-table_ttet01.R:306:3')"/>
    </testcase>
    <testcase time="0.669999999999987" classname="table_ttet01" name="TTET01_variant_6_requesting_more_than_one_p_value"/>
    <testcase time="0.167000000000002" classname="table_ttet01" name="TTET01_variant_6_requesting_more_than_one_p_value">
      <skipped message="Reason: On CRAN ('test-table_ttet01.R:379:3')"/>
    </testcase>
  </testsuite>
  <testsuite name="table_vst01" timestamp="2023-07-17T18:45:10Z" hostname="bcb693dd517e" tests="2" skipped="1" failures="0" errors="0" time="2.273">
    <testcase time="1.815" classname="table_vst01" name="VST01_default_variant_is_produced_correctly"/>
    <testcase time="0.457999999999998" classname="table_vst01" name="VST01_default_variant_is_produced_correctly">
      <skipped message="Reason: On CRAN ('test-table_vst01.R:66:3')"/>
    </testcase>
  </testsuite>
  <testsuite name="table_vst02" timestamp="2023-07-17T18:45:13Z" hostname="bcb693dd517e" tests="4" skipped="2" failures="0" errors="0" time="1.33">
    <testcase time="0.527000000000015" classname="table_vst02" name="1._Vital_Sign_Abnormalities_Regardless_of_Abnormality_at_Baseline_VST02_1_"/>
    <testcase time="0.151999999999987" classname="table_vst02" name="1._Vital_Sign_Abnormalities_Regardless_of_Abnormality_at_Baseline_VST02_1_">
      <skipped message="Reason: On CRAN ('test-table_vst02.R:18:3')"/>
    </testcase>
    <testcase time="0.475999999999999" classname="table_vst02" name="2._Vital_Sign_Abnormalities_Among_Subject_Without_Abnormality_at_Baseline_VST02_2_"/>
    <testcase time="0.175000000000011" classname="table_vst02" name="2._Vital_Sign_Abnormalities_Among_Subject_Without_Abnormality_at_Baseline_VST02_2_">
      <skipped message="Reason: On CRAN ('test-table_vst02.R:33:3')"/>
    </testcase>
  </testsuite>
</testsuites>
