<?xml version="1.0" encoding="UTF-8"?>
<testsuites>
  <testsuite name="listing_adal02" timestamp="2023-07-18T15:48:03Z" hostname="4a6358133d95" tests="1" skipped="0" failures="0" errors="1" time="0.065">
    <testcase time="0.0649999999999995" classname="listing_adal02" name="ADAL02_listing_is_produced_correctly">
      <error type="error" message="Error in `filter(., NRELTM1%%1 == 0 &amp; NRELTM1 &gt; 0)`: i In argument: `NRELTM1%%1 == 0 &amp; NRELTM1 &gt; 0`. ('test-listing_adal02.R:2:3')">Error in `filter(., NRELTM1%%1 == 0 &amp; NRELTM1 &gt; 0)`: i In argument: `NRELTM1%%1 == 0 &amp; NRELTM1 &gt; 0`.
Caused by error:
! object 'NRELTM1' not found
Backtrace:
     x
  1. +-adab_raw %&gt;% filter(NRELTM1%%1 == 0 &amp; NRELTM1 &gt; 0) at test-listing_adal02.R:2:2
  2. +-dplyr::filter(., NRELTM1%%1 == 0 &amp; NRELTM1 &gt; 0)
  3. +-dplyr:::filter.data.frame(., NRELTM1%%1 == 0 &amp; NRELTM1 &gt; 0)
  4. | \-dplyr:::filter_rows(.data, dots, by)
  5. |   \-dplyr:::filter_eval(...)
  6. |     +-base::withCallingHandlers(...)
  7. |     \-mask$eval_all_filter(dots, env_filter)
  8. |       \-dplyr (local) eval()
  9. \-base::.handleSimpleError(...)
 10.   \-dplyr (local) h(simpleError(msg, call))
 11.     \-rlang::abort(message, class = error_class, parent = parent, call = error_call)</error>
    </testcase>
  </testsuite>
  <testsuite name="listing_ael01" timestamp="2023-07-18T15:48:03Z" hostname="4a6358133d95" tests="2" skipped="1" failures="0" errors="0" time="0.248">
    <testcase time="0.16" classname="listing_ael01" name="AEL01_listing_is_produced_correctly"/>
    <testcase time="0.0880000000000001" classname="listing_ael01" name="AEL01_listing_is_produced_correctly">
      <skipped message="Reason: On CRAN ('test-listing_ael01.R:20:3')"/>
    </testcase>
  </testsuite>
  <testsuite name="listing_ael01_nollt" timestamp="2023-07-18T15:48:03Z" hostname="4a6358133d95" tests="2" skipped="1" failures="0" errors="0" time="0.188">
    <testcase time="0.0679999999999996" classname="listing_ael01_nollt" name="AEL01_NOLLT_listing_is_produced_correctly"/>
    <testcase time="0.12" classname="listing_ael01_nollt" name="AEL01_NOLLT_listing_is_produced_correctly">
      <skipped message="Reason: On CRAN ('test-listing_ael01_nollt.R:19:3')"/>
    </testcase>
  </testsuite>
  <testsuite name="listing_ael02" timestamp="2023-07-18T15:48:03Z" hostname="4a6358133d95" tests="1" skipped="1" failures="0" errors="0" time="0.217">
    <testcase time="0.217000000000001" classname="listing_ael02" name="AEL02_listing_is_produced_correctly">
      <skipped message="Reason: On CRAN ('test-listing_ael02.R:60:3')"/>
    </testcase>
  </testsuite>
  <testsuite name="listing_ael02_ed" timestamp="2023-07-18T15:48:03Z" hostname="4a6358133d95" tests="1" skipped="1" failures="0" errors="0" time="0.245">
    <testcase time="0.245" classname="listing_ael02_ed" name="AEL02_ED_listing_is_produced_correctly">
      <skipped message="Reason: On CRAN ('test-listing_ael02_ed.R:77:3')"/>
    </testcase>
  </testsuite>
  <testsuite name="listing_ael03" timestamp="2023-07-18T15:48:04Z" hostname="4a6358133d95" tests="1" skipped="1" failures="0" errors="0" time="0.203">
    <testcase time="0.202999999999999" classname="listing_ael03" name="AEL03_listing_is_produced_correctly">
      <skipped message="Reason: On CRAN ('test-listing_ael03.R:73:3')"/>
    </testcase>
  </testsuite>
  <testsuite name="listing_ael04" timestamp="2023-07-18T15:48:04Z" hostname="4a6358133d95" tests="2" skipped="1" failures="0" errors="0" time="0.171">
    <testcase time="0.0550000000000006" classname="listing_ael04" name="AEL04_listing_is_produced_correctly"/>
    <testcase time="0.116" classname="listing_ael04" name="AEL04_listing_is_produced_correctly">
      <skipped message="Reason: On CRAN ('test-listing_ael04.R:30:3')"/>
    </testcase>
  </testsuite>
  <testsuite name="listing_cml01" timestamp="2023-07-18T15:48:04Z" hostname="4a6358133d95" tests="2" skipped="1" failures="0" errors="0" time="0.226">
    <testcase time="0.0519999999999996" classname="listing_cml01" name="CML01_listing_is_produced_correctly"/>
    <testcase time="0.174" classname="listing_cml01" name="CML01_listing_is_produced_correctly">
      <skipped message="Reason: On CRAN ('test-listing_cml01.R:41:3')"/>
    </testcase>
  </testsuite>
  <testsuite name="listing_cml02a_gl" timestamp="2023-07-18T15:48:04Z" hostname="4a6358133d95" tests="2" skipped="1" failures="0" errors="0" time="0.063">
    <testcase time="0.0330000000000004" classname="listing_cml02a_gl" name="CML02A_GL_listing_is_produced_correctly"/>
    <testcase time="0.0299999999999994" classname="listing_cml02a_gl" name="CML02A_GL_listing_is_produced_correctly">
      <skipped message="Reason: On CRAN ('test-listing_cml02a_gl.R:19:3')"/>
    </testcase>
  </testsuite>
  <testsuite name="listing_cml02b_gl" timestamp="2023-07-18T15:48:04Z" hostname="4a6358133d95" tests="2" skipped="1" failures="0" errors="0" time="0.084">
    <testcase time="0.0390000000000006" classname="listing_cml02b_gl" name="CML02B_GL_listing_is_produced_correctly"/>
    <testcase time="0.0449999999999999" classname="listing_cml02b_gl" name="CML02B_GL_listing_is_produced_correctly">
      <skipped message="Reason: On CRAN ('test-listing_cml02b_gl.R:22:3')"/>
    </testcase>
  </testsuite>
  <testsuite name="listing_dsl01" timestamp="2023-07-18T15:48:04Z" hostname="4a6358133d95" tests="2" skipped="1" failures="0" errors="0" time="0.127">
    <testcase time="0.0329999999999995" classname="listing_dsl01" name="DSL01_listing_is_produced_correctly"/>
    <testcase time="0.0940000000000003" classname="listing_dsl01" name="DSL01_listing_is_produced_correctly">
      <skipped message="Reason: On CRAN ('test-listing_dsl01.R:30:3')"/>
    </testcase>
  </testsuite>
  <testsuite name="listing_dsl02" timestamp="2023-07-18T15:48:04Z" hostname="4a6358133d95" tests="2" skipped="1" failures="0" errors="0" time="0.068">
    <testcase time="0.0389999999999997" classname="listing_dsl02" name="DSL02_listing_is_produced_correctly"/>
    <testcase time="0.0289999999999999" classname="listing_dsl02" name="DSL02_listing_is_produced_correctly">
      <skipped message="Reason: On CRAN ('test-listing_dsl02.R:36:3')"/>
    </testcase>
  </testsuite>
  <testsuite name="listing_dsur4" timestamp="2023-07-18T15:48:05Z" hostname="4a6358133d95" tests="2" skipped="1" failures="0" errors="0" time="0.096">
    <testcase time="0.0309999999999997" classname="listing_dsur4" name="DSUR4_listing_is_produced_correctly"/>
    <testcase time="0.0650000000000004" classname="listing_dsur4" name="DSUR4_listing_is_produced_correctly">
      <skipped message="Reason: On CRAN ('test-listing_dsur4.R:22:3')"/>
    </testcase>
  </testsuite>
  <testsuite name="listing_egl01" timestamp="2023-07-18T15:48:05Z" hostname="4a6358133d95" tests="1" skipped="1" failures="0" errors="0" time="0.251">
    <testcase time="0.250999999999999" classname="listing_egl01" name="EGL01_listing_is_produced_correctly">
      <skipped message="Reason: On CRAN ('test-listing_egl01.R:61:3')"/>
    </testcase>
  </testsuite>
  <testsuite name="listing_exl01" timestamp="2023-07-18T15:48:05Z" hostname="4a6358133d95" tests="1" skipped="1" failures="0" errors="0" time="0.167">
    <testcase time="0.167" classname="listing_exl01" name="EXL01_listing_is_produced_correctly">
      <skipped message="Reason: On CRAN ('test-listing_exl01.R:29:3')"/>
    </testcase>
  </testsuite>
  <testsuite name="listing_lbl01" timestamp="2023-07-18T15:48:05Z" hostname="4a6358133d95" tests="1" skipped="1" failures="0" errors="0" time="0.223">
    <testcase time="0.223000000000001" classname="listing_lbl01" name="LBL01_listing_is_produced_correctly">
      <skipped message="Reason: On CRAN ('test-listing_lbl01.R:52:3')"/>
    </testcase>
  </testsuite>
  <testsuite name="listing_lbl01_rls" timestamp="2023-07-18T15:48:05Z" hostname="4a6358133d95" tests="1" skipped="1" failures="0" errors="0" time="0.223">
    <testcase time="0.223" classname="listing_lbl01_rls" name="LBL01_RLS_listing_is_produced_correctly">
      <skipped message="Reason: On CRAN ('test-listing_lbl01_rls.R:58:3')"/>
    </testcase>
  </testsuite>
  <testsuite name="listing_lbl02a" timestamp="2023-07-18T15:48:06Z" hostname="4a6358133d95" tests="2" skipped="1" failures="0" errors="0" time="0.23">
    <testcase time="0.0999999999999996" classname="listing_lbl02a" name="LBL02A_listing_is_produced_correctly"/>
    <testcase time="0.13" classname="listing_lbl02a" name="LBL02A_listing_is_produced_correctly">
      <skipped message="Reason: On CRAN ('test-listing_lbl02a.R:49:3')"/>
    </testcase>
  </testsuite>
  <testsuite name="listing_lbl02a_rls" timestamp="2023-07-18T15:48:06Z" hostname="4a6358133d95" tests="2" skipped="1" failures="0" errors="0" time="0.357">
    <testcase time="0.207" classname="listing_lbl02a_rls" name="LBL02A_RLS_listing_is_produced_correctly"/>
    <testcase time="0.15" classname="listing_lbl02a_rls" name="LBL02A_RLS_listing_is_produced_correctly">
      <skipped message="Reason: On CRAN ('test-listing_lbl02a_rls.R:79:3')"/>
    </testcase>
  </testsuite>
  <testsuite name="listing_lbl02b" timestamp="2023-07-18T15:48:06Z" hostname="4a6358133d95" tests="2" skipped="1" failures="0" errors="0" time="0.231">
    <testcase time="0.0919999999999996" classname="listing_lbl02b" name="LBL02B_listing_is_produced_correctly"/>
    <testcase time="0.139" classname="listing_lbl02b" name="LBL02B_listing_is_produced_correctly">
      <skipped message="Reason: On CRAN ('test-listing_lbl02b.R:55:3')"/>
    </testcase>
  </testsuite>
  <testsuite name="listing_mhl01" timestamp="2023-07-18T15:48:06Z" hostname="4a6358133d95" tests="2" skipped="1" failures="0" errors="0" time="0.188">
    <testcase time="0.0440000000000005" classname="listing_mhl01" name="MHL01_listing_is_produced_correctly"/>
    <testcase time="0.144" classname="listing_mhl01" name="MHL01_listing_is_produced_correctly">
      <skipped message="Reason: On CRAN ('test-listing_mhl01.R:33:3')"/>
    </testcase>
  </testsuite>
  <testsuite name="listing_oncl01" timestamp="2023-07-18T15:48:07Z" hostname="4a6358133d95" tests="1" skipped="1" failures="0" errors="0" time="0.23">
    <testcase time="0.229999999999999" classname="listing_oncl01" name="ONCL01_listing_is_produced_correctly">
      <skipped message="Reason: On CRAN ('test-listing_oncl01.R:61:3')"/>
    </testcase>
  </testsuite>
  <testsuite name="listing_pkcl01" timestamp="2023-07-18T15:48:07Z" hostname="4a6358133d95" tests="1" skipped="0" failures="0" errors="1" time="0.037">
    <testcase time="0.0370000000000008" classname="listing_pkcl01" name="PKCL01_listing_is_produced_correctly">
      <error type="error" message="&lt;vctrs_error_subscript_oob/vctrs_error_subscript/rlang_error/error/condition&gt; ('test-listing_pkcl01.R:4:3')">&lt;vctrs_error_subscript_oob/vctrs_error_subscript/rlang_error/error/condition&gt;
Error in `select(., ARM, USUBJID, VISIT, NRELTM1, ARELTM1, AVAL)`: Can't subset columns that don't exist.
x Column `NRELTM1` doesn't exist.
Backtrace:
     x
  1. +-adpc %&gt;% filter(PARAM == analyte) %&gt;% ... at test-listing_pkcl01.R:4:2
  2. +-dplyr::select(., ARM, USUBJID, VISIT, NRELTM1, ARELTM1, AVAL)
  3. +-dplyr:::select.data.frame(., ARM, USUBJID, VISIT, NRELTM1, ARELTM1, AVAL)
  4. | \-tidyselect::eval_select(expr(c(...)), data = .data, error_call = error_call)
  5. |   \-tidyselect:::eval_select_impl(...)
  6. |     +-tidyselect:::with_subscript_errors(...)
  7. |     | \-rlang::try_fetch(...)
  8. |     |   \-base::withCallingHandlers(...)
  9. |     \-tidyselect:::vars_select_eval(...)
 10. |       \-tidyselect:::walk_data_tree(expr, data_mask, context_mask)
 11. |         \-tidyselect:::eval_c(expr, data_mask, context_mask)
 12. |           \-tidyselect:::reduce_sels(node, data_mask, context_mask, init = init)
 13. |             \-tidyselect:::walk_data_tree(new, data_mask, context_mask)
 14. |               \-tidyselect:::as_indices_sel_impl(...)
 15. |                 \-tidyselect:::as_indices_impl(...)
 16. |                   \-tidyselect:::chr_as_locations(x, vars, call = call, arg = arg)
 17. |                     \-vctrs::vec_as_location(...)
 18. \-vctrs (local) `&lt;fn&gt;`()
 19.   \-vctrs:::stop_subscript_oob(...)
 20.     \-vctrs:::stop_subscript(...)
 21.       \-rlang::abort(...)</error>
    </testcase>
  </testsuite>
  <testsuite name="listing_pkcl02" timestamp="2023-07-18T15:48:07Z" hostname="4a6358133d95" tests="2" skipped="1" failures="0" errors="0" time="0.313">
    <testcase time="0.145" classname="listing_pkcl02" name="PKCL02_listing_is_produced_correctly"/>
    <testcase time="0.168000000000001" classname="listing_pkcl02" name="PKCL02_listing_is_produced_correctly">
      <skipped message="Reason: On CRAN ('test-listing_pkcl02.R:63:3')"/>
    </testcase>
  </testsuite>
  <testsuite name="listing_pkpl01" timestamp="2023-07-18T15:48:07Z" hostname="4a6358133d95" tests="2" skipped="1" failures="0" errors="0" time="0.136">
    <testcase time="0.0489999999999995" classname="listing_pkpl01" name="PKPL01_listing_is_produced_correctly"/>
    <testcase time="0.0869999999999997" classname="listing_pkpl01" name="PKPL01_listing_is_produced_correctly">
      <skipped message="Reason: On CRAN ('test-listing_pkpl01.R:34:3')"/>
    </testcase>
  </testsuite>
  <testsuite name="listing_pkpl02" timestamp="2023-07-18T15:48:07Z" hostname="4a6358133d95" tests="2" skipped="1" failures="0" errors="0" time="0.163">
    <testcase time="0.0679999999999996" classname="listing_pkpl02" name="PKPL02_listing_is_produced_correctly"/>
    <testcase time="0.0950000000000006" classname="listing_pkpl02" name="PKPL02_listing_is_produced_correctly">
      <skipped message="Reason: On CRAN ('test-listing_pkpl02.R:35:3')"/>
    </testcase>
  </testsuite>
  <testsuite name="listing_pkpl04" timestamp="2023-07-18T15:48:07Z" hostname="4a6358133d95" tests="2" skipped="1" failures="0" errors="0" time="0.17">
    <testcase time="0.0609999999999999" classname="listing_pkpl04" name="PKPL04_listing_is_produced_correctly"/>
    <testcase time="0.109" classname="listing_pkpl04" name="PKPL04_listing_is_produced_correctly">
      <skipped message="Reason: On CRAN ('test-listing_pkpl04.R:50:3')"/>
    </testcase>
  </testsuite>
  <testsuite name="listing_vsl01" timestamp="2023-07-18T15:48:08Z" hostname="4a6358133d95" tests="1" skipped="1" failures="0" errors="0" time="0.408">
    <testcase time="0.407999999999999" classname="listing_vsl01" name="VSL01_listing_is_produced_correctly">
      <skipped message="Reason: On CRAN ('test-listing_vsl01.R:83:3')"/>
    </testcase>
  </testsuite>
  <testsuite name="pagination_listing" timestamp="2023-07-18T15:48:08Z" hostname="4a6358133d95" tests="5" skipped="0" failures="0" errors="0" time="1.474">
    <testcase time="0.0460000000000012" classname="pagination_listing" name="Direct_pagination_works_fine"/>
    <testcase time="0.520999999999999" classname="pagination_listing" name="Direct_pagination_works_fine"/>
    <testcase time="0.00399999999999956" classname="pagination_listing" name="Direct_pagination_works_fine"/>
    <testcase time="0.305000000000001" classname="pagination_listing" name="Direct_pagination_works_fine"/>
    <testcase time="0.597999999999999" classname="pagination_listing" name="Direct_pagination_works_fine"/>
  </testsuite>
  <testsuite name="pagination_table" timestamp="2023-07-18T15:48:11Z" hostname="4a6358133d95" tests="21" skipped="6" failures="0" errors="0" time="12.06">
    <testcase time="1.893" classname="pagination_table" name="Direct_pagination_with_standard_values"/>
    <testcase time="0.00600000000000023" classname="pagination_table" name="Direct_pagination_with_standard_values"/>
    <testcase time="0.00399999999999956" classname="pagination_table" name="Direct_pagination_with_standard_values"/>
    <testcase time="1.312" classname="pagination_table" name="Pagination_with_specific_column_widths_and_minimum_lines_per_page"/>
    <testcase time="0.00500000000000078" classname="pagination_table" name="Pagination_with_specific_column_widths_and_minimum_lines_per_page"/>
    <testcase time="0.0809999999999995" classname="pagination_table" name="Pagination_with_specific_column_widths_and_minimum_lines_per_page">
      <skipped message="Reason: On CRAN ('test-pagination_table.R:76:3')"/>
    </testcase>
    <testcase time="1.238" classname="pagination_table" name="Pagination_works_also_if_table_is_decorated"/>
    <testcase time="0.516" classname="pagination_table" name="Pagination_works_also_if_table_is_decorated"/>
    <testcase time="0.829000000000001" classname="pagination_table" name="Pagination_works_also_if_table_is_decorated"/>
    <testcase time="0.649000000000001" classname="pagination_table" name="Pagination_works_also_if_table_is_decorated"/>
    <testcase time="1.38" classname="pagination_table" name="Pagination_works_also_if_table_is_decorated"/>
    <testcase time="0.298000000000002" classname="pagination_table" name="Pagination_works_also_if_table_is_decorated"/>
    <testcase time="0.00499999999999901" classname="pagination_table" name="Pagination_works_also_if_table_is_decorated"/>
    <testcase time="0.0069999999999979" classname="pagination_table" name="Pagination_works_also_if_table_is_decorated">
      <skipped message="Reason: On CRAN ('test-pagination_table.R:126:3')"/>
    </testcase>
    <testcase time="0.724" classname="pagination_table" name="Pagination_works_for_page_types">
      <skipped message="Reason: On CRAN ('test-pagination_table.R:135:3')"/>
    </testcase>
    <testcase time="0.706000000000003" classname="pagination_table" name="Pagination_works_for_page_width_and_height">
      <skipped message="Reason: On CRAN ('test-pagination_table.R:148:3')"/>
    </testcase>
    <testcase time="0.765999999999998" classname="pagination_table" name="Pagination_works_for_page_types">
      <skipped message="Reason: On CRAN ('test-pagination_table.R:162:3')"/>
    </testcase>
    <testcase time="0.93" classname="pagination_table" name="AET04_variant_2_page_by_pagination_tests"/>
    <testcase time="0.599" classname="pagination_table" name="AET04_variant_2_page_by_pagination_tests"/>
    <testcase time="0.00199999999999889" classname="pagination_table" name="AET04_variant_2_page_by_pagination_tests"/>
    <testcase time="0.110000000000003" classname="pagination_table" name="AET04_variant_2_page_by_pagination_tests">
      <skipped message="Reason: On CRAN ('test-pagination_table.R:217:3')"/>
    </testcase>
    <testcase time="0.0289999999999999" classname="character(0)" name="_unnamed_">
      <error type="error" message="&lt;vctrs_error_subscript_oob/vctrs_error_subscript/rlang_error/error/condition&gt; ('test-table_adat03.R:1:1')">&lt;vctrs_error_subscript_oob/vctrs_error_subscript/rlang_error/error/condition&gt;
Error in `select(., USUBJID, NRELTM1, AVAL, AVALU, AVALC)`: Can't subset columns that don't exist.
✖ Column `NRELTM1` doesn't exist.
Backtrace:
     ▆
  1. ├─adpc_raw %&gt;% select(USUBJID, NRELTM1, AVAL, AVALU, AVALC) at test-table_adat03.R:1:0
  2. ├─dplyr::select(., USUBJID, NRELTM1, AVAL, AVALU, AVALC)
  3. ├─dplyr:::select.data.frame(., USUBJID, NRELTM1, AVAL, AVALU, AVALC)
  4. │ └─tidyselect::eval_select(expr(c(...)), data = .data, error_call = error_call)
  5. │   └─tidyselect:::eval_select_impl(...)
  6. │     ├─tidyselect:::with_subscript_errors(...)
  7. │     │ └─rlang::try_fetch(...)
  8. │     │   └─base::withCallingHandlers(...)
  9. │     └─tidyselect:::vars_select_eval(...)
 10. │       └─tidyselect:::walk_data_tree(expr, data_mask, context_mask)
 11. │         └─tidyselect:::eval_c(expr, data_mask, context_mask)
 12. │           └─tidyselect:::reduce_sels(node, data_mask, context_mask, init = init)
 13. │             └─tidyselect:::walk_data_tree(new, data_mask, context_mask)
 14. │               └─tidyselect:::as_indices_sel_impl(...)
 15. │                 └─tidyselect:::as_indices_impl(...)
 16. │                   └─tidyselect:::chr_as_locations(x, vars, call = call, arg = arg)
 17. │                     └─vctrs::vec_as_location(...)
 18. └─vctrs (local) `&lt;fn&gt;`()
 19.   └─vctrs:::stop_subscript_oob(...)
 20.     └─vctrs:::stop_subscript(...)
 21.       └─rlang::abort(...)</error>
    </testcase>
  </testsuite>
  <testsuite name="table_aet01" timestamp="2023-07-18T15:48:22Z" hostname="4a6358133d95" tests="9" skipped="4" failures="0" errors="1" time="1.989">
    <testcase time="0.442" classname="table_aet01" name="Safety_Summary_Variant_1_works_as_expected"/>
    <testcase time="0.0749999999999993" classname="table_aet01" name="Safety_Summary_Variant_1_works_as_expected">
      <skipped message="Reason: On CRAN ('test-table_aet01.R:94:3')"/>
    </testcase>
    <testcase time="0.378999999999998" classname="table_aet01" name="Safety_Summary_Variant_2_with_Medical_Concepts_Section_works_as_expected"/>
    <testcase time="0.0970000000000013" classname="table_aet01" name="Safety_Summary_Variant_2_with_Medical_Concepts_Section_works_as_expected">
      <skipped message="Reason: On CRAN ('test-table_aet01.R:214:3')"/>
    </testcase>
    <testcase time="0.350000000000001" classname="table_aet01" name="Safety_Summary_Variant_3_with_Modified_Rows_works_as_expected"/>
    <testcase time="0.0659999999999989" classname="table_aet01" name="Safety_Summary_Variant_3_with_Modified_Rows_works_as_expected">
      <skipped message="Reason: On CRAN ('test-table_aet01.R:306:3')"/>
    </testcase>
    <testcase time="0.445999999999998" classname="table_aet01" name="Safety_Summary_Variant_4_with_Rows_Counting_Events_and_Additional_Sections_works_as_expected"/>
    <testcase time="0.105" classname="table_aet01" name="Safety_Summary_Variant_4_with_Rows_Counting_Events_and_Additional_Sections_works_as_expected">
      <skipped message="Reason: On CRAN ('test-table_aet01.R:419:3')"/>
    </testcase>
  </testsuite>
  <testsuite name="table_aet01_aesi" timestamp="2023-07-18T15:48:24Z" hostname="4a6358133d95" tests="8" skipped="4" failures="0" errors="0" time="2.207">
    <testcase time="0.317" classname="table_aet01_aesi" name="AET01_AESI_Variant_1_works_as_expected"/>
    <testcase time="0.0700000000000003" classname="table_aet01_aesi" name="AET01_AESI_Variant_1_works_as_expected">
      <skipped message="Reason: On CRAN ('test-table_aet01_aesi.R:114:3')"/>
    </testcase>
    <testcase time="0.324999999999999" classname="table_aet01_aesi" name="AET01_AESI_Variant_2_works_as_expected"/>
    <testcase time="0.122" classname="table_aet01_aesi" name="AET01_AESI_Variant_2_works_as_expected">
      <skipped message="Reason: On CRAN ('test-table_aet01_aesi.R:153:3')"/>
    </testcase>
    <testcase time="0.551000000000002" classname="table_aet01_aesi" name="AET01_AESI_Variant_3_works_as_expected"/>
    <testcase time="0.178999999999998" classname="table_aet01_aesi" name="AET01_AESI_Variant_3_works_as_expected">
      <skipped message="Reason: On CRAN ('test-table_aet01_aesi.R:315:3')"/>
    </testcase>
    <testcase time="0.516999999999999" classname="table_aet01_aesi" name="AET01_AESI_Variant_4_works_as_expected"/>
    <testcase time="0.126000000000001" classname="table_aet01_aesi" name="AET01_AESI_Variant_4_works_as_expected">
      <skipped message="Reason: On CRAN ('test-table_aet01_aesi.R:457:3')"/>
    </testcase>
  </testsuite>
  <testsuite name="table_aet02" timestamp="2023-07-18T15:48:26Z" hostname="4a6358133d95" tests="24" skipped="12" failures="0" errors="0" time="7.91">
    <testcase time="0.615000000000002" classname="table_aet02" name="AET02_variant_1_is_produced_correctly"/>
    <testcase time="0.149999999999999" classname="table_aet02" name="AET02_variant_1_is_produced_correctly">
      <skipped message="Reason: On CRAN ('test-table_aet02.R:42:3')"/>
    </testcase>
    <testcase time="0.736000000000001" classname="table_aet02" name="AET02_variant_2_is_produced_correctly"/>
    <testcase time="0.146000000000001" classname="table_aet02" name="AET02_variant_2_is_produced_correctly">
      <skipped message="Reason: On CRAN ('test-table_aet02.R:95:3')"/>
    </testcase>
    <testcase time="0.872999999999998" classname="table_aet02" name="AET02_variant_3_is_produced_correctly"/>
    <testcase time="0.229000000000003" classname="table_aet02" name="AET02_variant_3_is_produced_correctly">
      <skipped message="Reason: On CRAN ('test-table_aet02.R:149:3')"/>
    </testcase>
    <testcase time="0.119999999999997" classname="table_aet02" name="AET02_variant_4_is_produced_correctly"/>
    <testcase time="0.0620000000000012" classname="table_aet02" name="AET02_variant_4_is_produced_correctly">
      <skipped message="Reason: On CRAN ('test-table_aet02.R:174:3')"/>
    </testcase>
    <testcase time="0.481999999999999" classname="table_aet02" name="AET02_variant_5_is_produced_correctly"/>
    <testcase time="0.141000000000002" classname="table_aet02" name="AET02_variant_5_is_produced_correctly">
      <skipped message="Reason: On CRAN ('test-table_aet02.R:214:3')"/>
    </testcase>
    <testcase time="0.478999999999999" classname="table_aet02" name="AET02_variant_6_is_produced_correctly"/>
    <testcase time="0.0479999999999983" classname="table_aet02" name="AET02_variant_6_is_produced_correctly">
      <skipped message="Reason: On CRAN ('test-table_aet02.R:253:3')"/>
    </testcase>
    <testcase time="0.862000000000002" classname="table_aet02" name="AET02_variant_7_is_produced_correctly"/>
    <testcase time="0.101999999999997" classname="table_aet02" name="AET02_variant_7_is_produced_correctly">
      <skipped message="Reason: On CRAN ('test-table_aet02.R:316:3')"/>
    </testcase>
    <testcase time="0.481999999999999" classname="table_aet02" name="AET02_variant_8_is_produced_correctly"/>
    <testcase time="0.0760000000000005" classname="table_aet02" name="AET02_variant_8_is_produced_correctly">
      <skipped message="Reason: On CRAN ('test-table_aet02.R:367:3')"/>
    </testcase>
    <testcase time="0.483000000000004" classname="table_aet02" name="AET02_variant_9_is_produced_correctly"/>
    <testcase time="0.0889999999999986" classname="table_aet02" name="AET02_variant_9_is_produced_correctly">
      <skipped message="Reason: On CRAN ('test-table_aet02.R:418:3')"/>
    </testcase>
    <testcase time="0.481000000000002" classname="table_aet02" name="AET02_variant_10_is_produced_correctly"/>
    <testcase time="0.0559999999999974" classname="table_aet02" name="AET02_variant_10_is_produced_correctly">
      <skipped message="Reason: On CRAN ('test-table_aet02.R:469:3')"/>
    </testcase>
    <testcase time="0.544000000000004" classname="table_aet02" name="AET02_variant_11_is_produced_correctly"/>
    <testcase time="0.0769999999999982" classname="table_aet02" name="AET02_variant_11_is_produced_correctly">
      <skipped message="Reason: On CRAN ('test-table_aet02.R:517:3')"/>
    </testcase>
    <testcase time="0.515000000000001" classname="table_aet02" name="AET02_variant_12_is_produced_correctly"/>
    <testcase time="0.0619999999999976" classname="table_aet02" name="AET02_variant_12_is_produced_correctly">
      <skipped message="Reason: On CRAN ('test-table_aet02.R:568:3')"/>
    </testcase>
  </testsuite>
  <testsuite name="table_aet02_smq" timestamp="2023-07-18T15:48:34Z" hostname="4a6358133d95" tests="4" skipped="2" failures="0" errors="0" time="0.456">
    <testcase time="0.139000000000003" classname="table_aet02_smq" name="AET02SMQ_variant_1_is_produced_correctly"/>
    <testcase time="0.0449999999999946" classname="table_aet02_smq" name="AET02SMQ_variant_1_is_produced_correctly">
      <skipped message="Reason: On CRAN ('test-table_aet02_smq.R:52:3')"/>
    </testcase>
    <testcase time="0.213000000000001" classname="table_aet02_smq" name="AET02SMQ_variant_2_is_produced_correctly"/>
    <testcase time="0.0590000000000046" classname="table_aet02_smq" name="AET02SMQ_variant_2_is_produced_correctly">
      <skipped message="Reason: On CRAN ('test-table_aet02_smq.R:91:3')"/>
    </testcase>
  </testsuite>
  <testsuite name="table_aet03" timestamp="2023-07-18T15:48:34Z" hostname="4a6358133d95" tests="2" skipped="1" failures="0" errors="0" time="1.479">
    <testcase time="1.201" classname="table_aet03" name="AET03_variant_1_is_produced_correctly"/>
    <testcase time="0.277999999999999" classname="table_aet03" name="AET03_variant_1_is_produced_correctly">
      <skipped message="Reason: On CRAN ('test-table_aet03.R:57:3')"/>
    </testcase>
  </testsuite>
  <testsuite name="table_aet04" timestamp="2023-07-18T15:48:37Z" hostname="4a6358133d95" tests="16" skipped="8" failures="0" errors="0" time="7.615">
    <testcase time="1.217" classname="table_aet04" name="AET04_variant_1_is_produced_correctly"/>
    <testcase time="0.293999999999997" classname="table_aet04" name="AET04_variant_1_is_produced_correctly">
      <skipped message="Reason: On CRAN ('test-table_aet04.R:60:3')"/>
    </testcase>
    <testcase time="1.024" classname="table_aet04" name="AET04_variant_2_is_produced_correctly_Fill_in_of_Treatment_Groups_"/>
    <testcase time="0.288000000000004" classname="table_aet04" name="AET04_variant_2_is_produced_correctly_Fill_in_of_Treatment_Groups_">
      <skipped message="Reason: On CRAN ('test-table_aet04.R:125:3')"/>
    </testcase>
    <testcase time="1.714" classname="table_aet04" name="AET04_variant_3_is_produced_correctly_Fill_in_of_Grades_"/>
    <testcase time="0.308999999999997" classname="table_aet04" name="AET04_variant_3_is_produced_correctly_Fill_in_of_Grades_">
      <skipped message="Reason: On CRAN ('test-table_aet04.R:182:3')"/>
    </testcase>
    <testcase time="1.218" classname="table_aet04" name="AET04_variant_4_is_produced_correctly_Collapsing_of_Grades_grades_1_2_grades_3_4_5_"/>
    <testcase time="0.301000000000002" classname="table_aet04" name="AET04_variant_4_is_produced_correctly_Collapsing_of_Grades_grades_1_2_grades_3_4_5_">
      <skipped message="Reason: On CRAN ('test-table_aet04.R:250:3')"/>
    </testcase>
    <testcase time="0.635999999999996" classname="table_aet04" name="AET04_variant_6_is_produced_correctly_with_an_Incidence_Rate_of_at_Least_5_totals_restricted_"/>
    <testcase time="0.142000000000003" classname="table_aet04" name="AET04_variant_6_is_produced_correctly_with_an_Incidence_Rate_of_at_Least_5_totals_restricted_">
      <skipped message="Reason: On CRAN ('test-table_aet04.R:345:5')"/>
    </testcase>
    <testcase time="0.019999999999996" classname="table_aet04" name="AET04_variant_8_is_produced_correctly_with_an_Incidence_Rate_of_at_Least_X_Patients_"/>
    <testcase time="0.122" classname="table_aet04" name="AET04_variant_8_is_produced_correctly_with_an_Incidence_Rate_of_at_Least_X_Patients_">
      <skipped message="Reason: On CRAN ('test-table_aet04.R:378:3')"/>
    </testcase>
    <testcase time="0.0210000000000008" classname="table_aet04" name="AET04_variant_9_is_produced_correctlyb_with_a_Difference_in_Incidence_Rate_of_at_Least_X_"/>
    <testcase time="0.108000000000004" classname="table_aet04" name="AET04_variant_9_is_produced_correctlyb_with_a_Difference_in_Incidence_Rate_of_at_Least_X_">
      <skipped message="Reason: On CRAN ('test-table_aet04.R:394:3')"/>
    </testcase>
    <testcase time="0.0279999999999987" classname="table_aet04" name="AET04_variant_11_is_produced_correctly_with_Incidence_Rate_of_at_Least_X_all_SOCs_w_o_preferred_terms_removed_"/>
    <testcase time="0.173000000000002" classname="table_aet04" name="AET04_variant_11_is_produced_correctly_with_Incidence_Rate_of_at_Least_X_all_SOCs_w_o_preferred_terms_removed_">
      <skipped message="Reason: On CRAN ('test-table_aet04.R:416:5')"/>
    </testcase>
  </testsuite>
  <testsuite name="table_aet04_pi" timestamp="2023-07-18T15:48:43Z" hostname="4a6358133d95" tests="18" skipped="9" failures="0" errors="0" time="7.496">
    <testcase time="0.910999999999994" classname="table_aet04_pi" name="AET04_PI_full_table_is_produced_correctly"/>
    <testcase time="0.167999999999999" classname="table_aet04_pi" name="AET04_PI_full_table_is_produced_correctly">
      <skipped message="Reason: On CRAN ('test-table_aet04_pi.R:62:3')"/>
    </testcase>
    <testcase time="0.727000000000004" classname="table_aet04_pi" name="AET04_PI_variant_1_is_produced_correctly"/>
    <testcase time="0.119999999999997" classname="table_aet04_pi" name="AET04_PI_variant_1_is_produced_correctly">
      <skipped message="Reason: On CRAN ('test-table_aet04_pi.R:84:3')"/>
    </testcase>
    <testcase time="0.814" classname="table_aet04_pi" name="AET04_PI_variant_2_is_produced_correctly"/>
    <testcase time="0.0710000000000051" classname="table_aet04_pi" name="AET04_PI_variant_2_is_produced_correctly">
      <skipped message="Reason: On CRAN ('test-table_aet04_pi.R:107:3')"/>
    </testcase>
    <testcase time="0.712999999999994" classname="table_aet04_pi" name="AET04_PI_variant_3_is_produced_correctly"/>
    <testcase time="0.0870000000000033" classname="table_aet04_pi" name="AET04_PI_variant_3_is_produced_correctly">
      <skipped message="Reason: On CRAN ('test-table_aet04_pi.R:130:3')"/>
    </testcase>
    <testcase time="0.722999999999999" classname="table_aet04_pi" name="AET04_PI_variant_4_is_produced_correctly"/>
    <testcase time="0.0549999999999997" classname="table_aet04_pi" name="AET04_PI_variant_4_is_produced_correctly">
      <skipped message="Reason: On CRAN ('test-table_aet04_pi.R:154:3')"/>
    </testcase>
    <testcase time="0.731999999999999" classname="table_aet04_pi" name="AET04_PI_variant_5_is_produced_correctly"/>
    <testcase time="0.097999999999999" classname="table_aet04_pi" name="AET04_PI_variant_5_is_produced_correctly">
      <skipped message="Reason: On CRAN ('test-table_aet04_pi.R:178:3')"/>
    </testcase>
    <testcase time="0.911999999999999" classname="table_aet04_pi" name="AET04_PI_variant_6_is_produced_correctly"/>
    <testcase time="0.0940000000000012" classname="table_aet04_pi" name="AET04_PI_variant_6_is_produced_correctly">
      <skipped message="Reason: On CRAN ('test-table_aet04_pi.R:229:3')"/>
    </testcase>
    <testcase time="0.903000000000006" classname="table_aet04_pi" name="AET04_PI_variant_7_is_produced_correctly"/>
    <testcase time="0.103999999999999" classname="table_aet04_pi" name="AET04_PI_variant_7_is_produced_correctly">
      <skipped message="Reason: On CRAN ('test-table_aet04_pi.R:280:3')"/>
    </testcase>
    <testcase time="0.164999999999999" classname="table_aet04_pi" name="AET04_PI_variant_8_is_produced_correctly"/>
    <testcase time="0.0989999999999966" classname="table_aet04_pi" name="AET04_PI_variant_8_is_produced_correctly">
      <skipped message="Reason: On CRAN ('test-table_aet04_pi.R:314:3')"/>
    </testcase>
  </testsuite>
  <testsuite name="table_aet05" timestamp="2023-07-18T15:48:51Z" hostname="4a6358133d95" tests="4" skipped="2" failures="0" errors="0" time="0.245">
    <testcase time="0.0960000000000036" classname="table_aet05" name="AET05_variant_1_is_produced_correctly"/>
    <testcase time="0.0349999999999966" classname="table_aet05" name="AET05_variant_1_is_produced_correctly">
      <skipped message="Reason: On CRAN ('test-table_aet05.R:22:3')"/>
    </testcase>
    <testcase time="0.0799999999999983" classname="table_aet05" name="AET05_variant_2_is_produced_correctly"/>
    <testcase time="0.034000000000006" classname="table_aet05" name="AET05_variant_2_is_produced_correctly">
      <skipped message="Reason: On CRAN ('test-table_aet05.R:42:3')"/>
    </testcase>
  </testsuite>
  <testsuite name="table_aet05_all" timestamp="2023-07-18T15:48:51Z" hostname="4a6358133d95" tests="4" skipped="2" failures="0" errors="0" time="0.259">
    <testcase time="0.122" classname="table_aet05_all" name="AET05_ALL_variant_1_is_produced_correctly"/>
    <testcase time="0.0349999999999966" classname="table_aet05_all" name="AET05_ALL_variant_1_is_produced_correctly">
      <skipped message="Reason: On CRAN ('test-table_aet05_all.R:32:3')"/>
    </testcase>
    <testcase time="0.0679999999999978" classname="table_aet05_all" name="AET05_ALL_variant_2_is_produced_correctly"/>
    <testcase time="0.034000000000006" classname="table_aet05_all" name="AET05_ALL_variant_2_is_produced_correctly">
      <skipped message="Reason: On CRAN ('test-table_aet05_all.R:47:3')"/>
    </testcase>
  </testsuite>
  <testsuite name="table_aet06" timestamp="2023-07-18T15:48:51Z" hostname="4a6358133d95" tests="6" skipped="3" failures="0" errors="0" time="4.37">
    <testcase time="0.811999999999998" classname="table_aet06" name="AET06_variant_1_is_produced_correctly"/>
    <testcase time="0.183999999999997" classname="table_aet06" name="AET06_variant_1_is_produced_correctly">
      <skipped message="Reason: On CRAN ('test-table_aet06.R:81:3')"/>
    </testcase>
    <testcase time="1.388" classname="table_aet06" name="AET06_variant_3_is_produced_correctly"/>
    <testcase time="0.257000000000005" classname="table_aet06" name="AET06_variant_3_is_produced_correctly">
      <skipped message="Reason: On CRAN ('test-table_aet06.R:133:3')"/>
    </testcase>
    <testcase time="1.435" classname="table_aet06" name="AET06_variant_5_is_produced_correctly"/>
    <testcase time="0.294000000000004" classname="table_aet06" name="AET06_variant_5_is_produced_correctly">
      <skipped message="Reason: On CRAN ('test-table_aet06.R:177:3')"/>
    </testcase>
  </testsuite>
  <testsuite name="table_aet06_smq" timestamp="2023-07-18T15:48:56Z" hostname="4a6358133d95" tests="4" skipped="2" failures="0" errors="0" time="1.333">
    <testcase time="0.513999999999996" classname="table_aet06_smq" name="AET06_SMQ_variant_1_is_produced_correctly"/>
    <testcase time="0.155000000000001" classname="table_aet06_smq" name="AET06_SMQ_variant_1_is_produced_correctly">
      <skipped message="Reason: On CRAN ('test-table_aet06_smq.R:73:3')"/>
    </testcase>
    <testcase time="0.522000000000006" classname="table_aet06_smq" name="AET06_SMQ_variant_2_is_produced_correctly"/>
    <testcase time="0.141999999999996" classname="table_aet06_smq" name="AET06_SMQ_variant_2_is_produced_correctly">
      <skipped message="Reason: On CRAN ('test-table_aet06_smq.R:160:3')"/>
    </testcase>
  </testsuite>
  <testsuite name="table_aet07" timestamp="2023-07-18T15:48:57Z" hostname="4a6358133d95" tests="4" skipped="2" failures="0" errors="0" time="0.249">
    <testcase time="0.0930000000000035" classname="table_aet07" name="AET07_variant_1_is_produced_correctly"/>
    <testcase time="0.0289999999999964" classname="table_aet07" name="AET07_variant_1_is_produced_correctly">
      <skipped message="Reason: On CRAN ('test-table_aet07.R:49:3')"/>
    </testcase>
    <testcase time="0.0940000000000012" classname="table_aet07" name="AET07_variant_2_is_produced_correctly"/>
    <testcase time="0.0330000000000013" classname="table_aet07" name="AET07_variant_2_is_produced_correctly">
      <skipped message="Reason: On CRAN ('test-table_aet07.R:78:3')"/>
    </testcase>
  </testsuite>
  <testsuite name="table_aet09" timestamp="2023-07-18T15:48:57Z" hostname="4a6358133d95" tests="4" skipped="2" failures="0" errors="0" time="1.266">
    <testcase time="0.442999999999998" classname="table_aet09" name="AET09_variant_1_is_produced_correctly_AE_related_to_study_drug"/>
    <testcase time="0.116" classname="table_aet09" name="AET09_variant_1_is_produced_correctly_AE_related_to_study_drug">
      <skipped message="Reason: On CRAN ('test-table_aet09.R:43:3')"/>
    </testcase>
    <testcase time="0.551000000000002" classname="table_aet09" name="AET09_variant_2_is_produced_correctly_AE_related_to_study_drug_including_high_level_terms_"/>
    <testcase time="0.155999999999999" classname="table_aet09" name="AET09_variant_2_is_produced_correctly_AE_related_to_study_drug_including_high_level_terms_">
      <skipped message="Reason: On CRAN ('test-table_aet09.R:100:3')"/>
    </testcase>
  </testsuite>
  <testsuite name="table_aet09_smq" timestamp="2023-07-18T15:48:58Z" hostname="4a6358133d95" tests="4" skipped="2" failures="0" errors="0" time="0.551">
    <testcase time="0.149999999999999" classname="table_aet09_smq" name="AET09_variant_1_AEs_related_to_study_drug_by_SMQ_is_produced_correctly"/>
    <testcase time="0.0459999999999994" classname="table_aet09_smq" name="AET09_variant_1_AEs_related_to_study_drug_by_SMQ_is_produced_correctly">
      <skipped message="Reason: On CRAN ('test-table_aet09_smq.R:69:3')"/>
    </testcase>
    <testcase time="0.283999999999999" classname="table_aet09_smq" name="AET09_variant_2_AEs_related_to_study_drug_by_SMQ_with_customized_queries_is_produced_correctly"/>
    <testcase time="0.0710000000000051" classname="table_aet09_smq" name="AET09_variant_2_AEs_related_to_study_drug_by_SMQ_with_customized_queries_is_produced_correctly">
      <skipped message="Reason: On CRAN ('test-table_aet09_smq.R:128:5')"/>
    </testcase>
  </testsuite>
  <testsuite name="table_aet10" timestamp="2023-07-18T15:48:59Z" hostname="4a6358133d95" tests="2" skipped="1" failures="0" errors="0" time="0.149">
    <testcase time="0.109000000000002" classname="table_aet10" name="AET10_default_variant_is_produced_correctly"/>
    <testcase time="0.0399999999999991" classname="table_aet10" name="AET10_default_variant_is_produced_correctly">
      <skipped message="Reason: On CRAN ('test-table_aet10.R:23:3')"/>
    </testcase>
  </testsuite>
  <testsuite name="table_aovt01" timestamp="2023-07-18T15:48:59Z" hostname="4a6358133d95" tests="4" skipped="2" failures="0" errors="0" time="1.223">
    <testcase time="0.346999999999994" classname="table_aovt01" name="AOVT01_variant_with_single_endpoint_is_produced_correctly"/>
    <testcase time="0.0800000000000054" classname="table_aovt01" name="AOVT01_variant_with_single_endpoint_is_produced_correctly">
      <skipped message="Reason: On CRAN ('test-table_aovt01.R:33:3')"/>
    </testcase>
    <testcase time="0.673999999999999" classname="table_aovt01" name="AOVT01_variant_with_multiple_endpoints_is_produced_correctly"/>
    <testcase time="0.122" classname="table_aovt01" name="AOVT01_variant_with_multiple_endpoints_is_produced_correctly">
      <skipped message="Reason: On CRAN ('test-table_aovt01.R:52:3')"/>
    </testcase>
  </testsuite>
  <testsuite name="table_aovt02" timestamp="2023-07-18T15:49:00Z" hostname="4a6358133d95" tests="2" skipped="1" failures="0" errors="0" time="0.428">
    <testcase time="0.369" classname="table_aovt02" name="AOVT02_is_produced_correctly"/>
    <testcase time="0.0589999999999975" classname="table_aovt02" name="AOVT02_is_produced_correctly">
      <skipped message="Reason: On CRAN ('test-table_aovt02.R:42:3')"/>
    </testcase>
  </testsuite>
  <testsuite name="table_aovt03" timestamp="2023-07-18T15:49:01Z" hostname="4a6358133d95" tests="2" skipped="1" failures="0" errors="0" time="0.959">
    <testcase time="0.825000000000003" classname="table_aovt03" name="AOVT03_is_produced_correctly"/>
    <testcase time="0.134" classname="table_aovt03" name="AOVT03_is_produced_correctly">
      <skipped message="Reason: On CRAN ('test-table_aovt03.R:44:3')"/>
    </testcase>
  </testsuite>
  <testsuite name="table_cfbt01" timestamp="2023-07-18T15:49:02Z" hostname="4a6358133d95" tests="2" skipped="1" failures="0" errors="0" time="0.902">
    <testcase time="0.728000000000002" classname="table_cfbt01" name="CFBT01_default_variant_is_produced_correctly"/>
    <testcase time="0.173999999999992" classname="table_cfbt01" name="CFBT01_default_variant_is_produced_correctly">
      <skipped message="Reason: On CRAN ('test-table_cfbt01.R:36:3')"/>
    </testcase>
  </testsuite>
  <testsuite name="table_cmht01" timestamp="2023-07-18T15:49:03Z" hostname="4a6358133d95" tests="4" skipped="2" failures="0" errors="0" time="1.848">
    <testcase time="0.432000000000002" classname="table_cmht01" name="CMHT01_variant_1_is_produced_correctly"/>
    <testcase time="0.0750000000000028" classname="table_cmht01" name="CMHT01_variant_1_is_produced_correctly">
      <skipped message="Reason: On CRAN ('test-table_cmht01.R:54:3')"/>
    </testcase>
    <testcase time="1.099" classname="table_cmht01" name="CMHT01_variant_2_is_produced_correctly"/>
    <testcase time="0.24199999999999" classname="table_cmht01" name="CMHT01_variant_2_is_produced_correctly">
      <skipped message="Reason: On CRAN ('test-table_cmht01.R:114:3')"/>
    </testcase>
  </testsuite>
  <testsuite name="table_cmt01" timestamp="2023-07-18T15:49:04Z" hostname="4a6358133d95" tests="8" skipped="4" failures="0" errors="0" time="1.554">
    <testcase time="0.320000000000007" classname="table_cmt01" name="CMT01_default_variant_Concomitant_medications_is_produced_correctly"/>
    <testcase time="0.102000000000004" classname="table_cmt01" name="CMT01_default_variant_Concomitant_medications_is_produced_correctly">
      <skipped message="Reason: On CRAN ('test-table_cmt01.R:36:3')"/>
    </testcase>
    <testcase time="0.234999999999999" classname="table_cmt01" name="CMT01_variant_1_prior_medications_is_produced_correctly"/>
    <testcase time="0.0659999999999883" classname="table_cmt01" name="CMT01_variant_1_prior_medications_is_produced_correctly">
      <skipped message="Reason: On CRAN ('test-table_cmt01.R:71:3')"/>
    </testcase>
    <testcase time="0.330000000000013" classname="table_cmt01" name="CMT01_variant_3_Concomitant_medications_is_produced_correctly"/>
    <testcase time="0.0940000000000083" classname="table_cmt01" name="CMT01_variant_3_Concomitant_medications_is_produced_correctly">
      <skipped message="Reason: On CRAN ('test-table_cmt01.R:104:3')"/>
    </testcase>
    <testcase time="0.317999999999998" classname="table_cmt01" name="CMT01_variant_4_Concomitant_medications_is_produced_correctly"/>
    <testcase time="0.0889999999999986" classname="table_cmt01" name="CMT01_variant_4_Concomitant_medications_is_produced_correctly">
      <skipped message="Reason: On CRAN ('test-table_cmt01.R:135:3')"/>
    </testcase>
  </testsuite>
  <testsuite name="table_cmt01a" timestamp="2023-07-18T15:49:06Z" hostname="4a6358133d95" tests="8" skipped="4" failures="0" errors="0" time="3.173">
    <testcase time="0.712000000000003" classname="table_cmt01a" name="CMT01A_variant_1_is_produced_correctly"/>
    <testcase time="0.162999999999997" classname="table_cmt01a" name="CMT01A_variant_1_is_produced_correctly">
      <skipped message="Reason: On CRAN ('test-table_cmt01a.R:64:3')"/>
    </testcase>
    <testcase time="0.625" classname="table_cmt01a" name="CMT01A_variant_2_is_produced_correctly"/>
    <testcase time="0.161000000000001" classname="table_cmt01a" name="CMT01A_variant_2_is_produced_correctly">
      <skipped message="Reason: On CRAN ('test-table_cmt01a.R:114:3')"/>
    </testcase>
    <testcase time="0.62299999999999" classname="table_cmt01a" name="CMT01A_variant_3_is_produced_correctly"/>
    <testcase time="0.162000000000006" classname="table_cmt01a" name="CMT01A_variant_3_is_produced_correctly">
      <skipped message="Reason: On CRAN ('test-table_cmt01a.R:161:3')"/>
    </testcase>
    <testcase time="0.603999999999999" classname="table_cmt01a" name="CMT01A_variant_4_is_produced_correctly"/>
    <testcase time="0.123000000000005" classname="table_cmt01a" name="CMT01A_variant_4_is_produced_correctly">
      <skipped message="Reason: On CRAN ('test-table_cmt01a.R:210:3')"/>
    </testcase>
  </testsuite>
  <testsuite name="table_cmt01b" timestamp="2023-07-18T15:49:09Z" hostname="4a6358133d95" tests="6" skipped="3" failures="0" errors="0" time="3.594">
    <testcase time="1.02799999999999" classname="table_cmt01b" name="CMT01B_variant_1_is_produced_correctly"/>
    <testcase time="0.239000000000004" classname="table_cmt01b" name="CMT01B_variant_1_is_produced_correctly">
      <skipped message="Reason: On CRAN ('test-table_cmt01b.R:88:3')"/>
    </testcase>
    <testcase time="0.75" classname="table_cmt01b" name="CMT01B_variant_2_is_produced_correctly"/>
    <testcase time="0.189999999999998" classname="table_cmt01b" name="CMT01B_variant_2_is_produced_correctly">
      <skipped message="Reason: On CRAN ('test-table_cmt01b.R:146:3')"/>
    </testcase>
    <testcase time="1.12400000000001" classname="table_cmt01b" name="CMT01B_variant_4_is_produced_correctly"/>
    <testcase time="0.262999999999991" classname="table_cmt01b" name="CMT01B_variant_4_is_produced_correctly">
      <skipped message="Reason: On CRAN ('test-table_cmt01b.R:219:3')"/>
    </testcase>
  </testsuite>
  <testsuite name="table_cmt02_pt" timestamp="2023-07-18T15:49:13Z" hostname="4a6358133d95" tests="2" skipped="1" failures="0" errors="0" time="0.239">
    <testcase time="0.173000000000002" classname="table_cmt02_pt" name="CMT02_PT_default_variant_is_produced_correctly"/>
    <testcase time="0.0660000000000025" classname="table_cmt02_pt" name="CMT02_PT_default_variant_is_produced_correctly">
      <skipped message="Reason: On CRAN ('test-table_cmt02_pt.R:39:3')"/>
    </testcase>
  </testsuite>
  <testsuite name="table_coxt01" timestamp="2023-07-18T15:49:13Z" hostname="4a6358133d95" tests="8" skipped="4" failures="0" errors="0" time="1.852">
    <testcase time="0.307000000000002" classname="table_coxt01" name="1._Cox_Regression"/>
    <testcase time="0.0450000000000017" classname="table_coxt01" name="1._Cox_Regression">
      <skipped message="Reason: On CRAN ('test-table_coxt01.R:31:3')"/>
    </testcase>
    <testcase time="0.422999999999988" classname="table_coxt01" name="2._Cox_Regression_with_Interaction_Term_"/>
    <testcase time="0.0700000000000074" classname="table_coxt01" name="2._Cox_Regression_with_Interaction_Term_">
      <skipped message="Reason: On CRAN ('test-table_coxt01.R:50:3')"/>
    </testcase>
    <testcase time="0.421000000000006" classname="table_coxt01" name="3._Cox_Regression_specifying_covariates_"/>
    <testcase time="0.0779999999999887" classname="table_coxt01" name="3._Cox_Regression_specifying_covariates_">
      <skipped message="Reason: On CRAN ('test-table_coxt01.R:71:3')"/>
    </testcase>
    <testcase time="0.424000000000007" classname="table_coxt01" name="4._Cox_Regression_setting_strata_ties_and_alpha_level_"/>
    <testcase time="0.0840000000000032" classname="table_coxt01" name="4._Cox_Regression_setting_strata_ties_and_alpha_level_">
      <skipped message="Reason: On CRAN ('test-table_coxt01.R:97:3')"/>
    </testcase>
  </testsuite>
  <testsuite name="table_coxt02" timestamp="2023-07-18T15:49:15Z" hostname="4a6358133d95" tests="4" skipped="2" failures="0" errors="0" time="0.736">
    <testcase time="0.342999999999989" classname="table_coxt02" name="COXT02_default_variant_1_is_produced_correctly"/>
    <testcase time="0.0490000000000066" classname="table_coxt02" name="COXT02_default_variant_1_is_produced_correctly">
      <skipped message="Reason: On CRAN ('test-table_coxt02.R:30:3')"/>
    </testcase>
    <testcase time="0.298000000000002" classname="table_coxt02" name="COXT02_variant_5_is_produced_correctly"/>
    <testcase time="0.0459999999999923" classname="table_coxt02" name="COXT02_variant_5_is_produced_correctly">
      <skipped message="Reason: On CRAN ('test-table_coxt02.R:48:3')"/>
    </testcase>
  </testsuite>
  <testsuite name="table_disclosures" timestamp="2023-07-18T15:49:16Z" hostname="4a6358133d95" tests="12" skipped="6" failures="0" errors="0" time="2.01">
    <testcase time="0.40100000000001" classname="table_disclosures" name="Patient_Disposition_table_is_produced_correctly"/>
    <testcase time="0.0719999999999885" classname="table_disclosures" name="Patient_Disposition_table_is_produced_correctly">
      <skipped message="Reason: On CRAN ('test-table_disclosures.R:110:3')"/>
    </testcase>
    <testcase time="0.249000000000009" classname="table_disclosures" name="Demographic_table_is_produced_correctly"/>
    <testcase time="0.11099999999999" classname="table_disclosures" name="Demographic_table_is_produced_correctly">
      <skipped message="Reason: On CRAN ('test-table_disclosures.R:131:3')"/>
    </testcase>
    <testcase time="0.102000000000004" classname="table_disclosures" name="Enrollment_by_Country_Table_is_produced_correctly"/>
    <testcase time="0.0619999999999976" classname="table_disclosures" name="Enrollment_by_Country_Table_is_produced_correctly">
      <skipped message="Reason: On CRAN ('test-table_disclosures.R:143:3')"/>
    </testcase>
    <testcase time="0.0720000000000027" classname="table_disclosures" name="Death_table_is_produced_correctly"/>
    <testcase time="0.0289999999999964" classname="table_disclosures" name="Death_table_is_produced_correctly">
      <skipped message="Reason: On CRAN ('test-table_disclosures.R:161:3')"/>
    </testcase>
    <testcase time="0.346000000000004" classname="table_disclosures" name="Table_of_Serious_Adverse_Events_is_produced_correctly_for_one_specific_treatment_arm_"/>
    <testcase time="0.0580000000000069" classname="table_disclosures" name="Table_of_Serious_Adverse_Events_is_produced_correctly_for_one_specific_treatment_arm_">
      <skipped message="Reason: On CRAN ('test-table_disclosures.R:189:3')"/>
    </testcase>
    <testcase time="0.414999999999992" classname="table_disclosures" name="Table_of_Non_Serious_Adverse_Events_is_produced_correctly"/>
    <testcase time="0.0930000000000035" classname="table_disclosures" name="Table_of_Non_Serious_Adverse_Events_is_produced_correctly">
      <skipped message="Reason: On CRAN ('test-table_disclosures.R:211:3')"/>
    </testcase>
  </testsuite>
  <testsuite name="table_dmt01" timestamp="2023-07-18T15:49:18Z" hostname="4a6358133d95" tests="2" skipped="1" failures="0" errors="0" time="0.561">
    <testcase time="0.399000000000001" classname="table_dmt01" name="DMT01_default_and_alternative_variants_are_produced_correctly"/>
    <testcase time="0.161999999999992" classname="table_dmt01" name="DMT01_default_and_alternative_variants_are_produced_correctly">
      <skipped message="Reason: On CRAN ('test-table_dmt01.R:62:3')"/>
    </testcase>
  </testsuite>
  <testsuite name="table_dort01" timestamp="2023-07-18T15:49:18Z" hostname="4a6358133d95" tests="8" skipped="4" failures="0" errors="0" time="1.479">
    <testcase time="0.320000000000007" classname="table_dort01" name="DORT01_variant_1_is_produced_correctly"/>
    <testcase time="0.0849999999999937" classname="table_dort01" name="DORT01_variant_1_is_produced_correctly">
      <skipped message="Reason: On CRAN ('test-table_dort01.R:78:3')"/>
    </testcase>
    <testcase time="0.298000000000002" classname="table_dort01" name="DORT01_variant_2_selecting_sectons_is_produced_correctly"/>
    <testcase time="0.0769999999999982" classname="table_dort01" name="DORT01_variant_2_selecting_sectons_is_produced_correctly">
      <skipped message="Reason: On CRAN ('test-table_dort01.R:134:3')"/>
    </testcase>
    <testcase time="0.26700000000001" classname="table_dort01" name="DORT01_variant_3_modifying_conftype_and_alpha_level_is_produced_correctly"/>
    <testcase time="0.083999999999989" classname="table_dort01" name="DORT01_variant_3_modifying_conftype_and_alpha_level_is_produced_correctly">
      <skipped message="Reason: On CRAN ('test-table_dort01.R:190:3')"/>
    </testcase>
    <testcase time="0.269000000000005" classname="table_dort01" name="DORT01_variant_4_modifying_time_point_for_the_xx_duration_is_produced_correctly"/>
    <testcase time="0.0790000000000077" classname="table_dort01" name="DORT01_variant_4_modifying_time_point_for_the_xx_duration_is_produced_correctly">
      <skipped message="Reason: On CRAN ('test-table_dort01.R:244:3')"/>
    </testcase>
  </testsuite>
  <testsuite name="table_dst01" timestamp="2023-07-18T15:49:20Z" hostname="4a6358133d95" tests="6" skipped="3" failures="0" errors="0" time="0.772">
    <testcase time="0.155999999999992" classname="table_dst01" name="DST01_default_variant_is_produced_correctly"/>
    <testcase time="0.0550000000000068" classname="table_dst01" name="DST01_default_variant_is_produced_correctly">
      <skipped message="Reason: On CRAN ('test-table_dst01.R:83:3')"/>
    </testcase>
    <testcase time="0.262" classname="table_dst01" name="DST01_variant_with_grouping_of_reasons_is_produced_correctly"/>
    <testcase time="0.063999999999993" classname="table_dst01" name="DST01_variant_with_grouping_of_reasons_is_produced_correctly">
      <skipped message="Reason: On CRAN ('test-table_dst01.R:102:3')"/>
    </testcase>
    <testcase time="0.177000000000007" classname="table_dst01" name="DST01_variant_with_adding_other_optional_rows_is_produced_correctly"/>
    <testcase time="0.0579999999999927" classname="table_dst01" name="DST01_variant_with_adding_other_optional_rows_is_produced_correctly">
      <skipped message="Reason: On CRAN ('test-table_dst01.R:119:3')"/>
    </testcase>
  </testsuite>
  <testsuite name="table_dtht01" timestamp="2023-07-18T15:49:20Z" hostname="4a6358133d95" tests="8" skipped="4" failures="0" errors="0" time="1.461">
    <testcase time="0.120999999999995" classname="table_dtht01" name="DTHT01_variant_1_is_produced_correctly"/>
    <testcase time="0.0670000000000073" classname="table_dtht01" name="DTHT01_variant_1_is_produced_correctly">
      <skipped message="Reason: On CRAN ('test-table_dtht01.R:22:3')"/>
    </testcase>
    <testcase time="0.453999999999994" classname="table_dtht01" name="DTHT01_variant_2_is_produced_correctly"/>
    <testcase time="0.118000000000009" classname="table_dtht01" name="DTHT01_variant_2_is_produced_correctly">
      <skipped message="Reason: On CRAN ('test-table_dtht01.R:81:3')"/>
    </testcase>
    <testcase time="0.230999999999995" classname="table_dtht01" name="DTHT01_variant_3_is_produced_correctly"/>
    <testcase time="0.0570000000000022" classname="table_dtht01" name="DTHT01_variant_3_is_produced_correctly">
      <skipped message="Reason: On CRAN ('test-table_dtht01.R:140:3')"/>
    </testcase>
    <testcase time="0.340000000000003" classname="table_dtht01" name="DTHT01_variant_4_is_produced_correctly"/>
    <testcase time="0.0729999999999933" classname="table_dtht01" name="DTHT01_variant_4_is_produced_correctly">
      <skipped message="Reason: On CRAN ('test-table_dtht01.R:217:3')"/>
    </testcase>
  </testsuite>
  <testsuite name="table_egt01" timestamp="2023-07-18T15:49:22Z" hostname="4a6358133d95" tests="2" skipped="1" failures="0" errors="0" time="0.964">
    <testcase time="0.762" classname="table_egt01" name="EGT01_default_variant_is_produced_correctly"/>
    <testcase time="0.201999999999998" classname="table_egt01" name="EGT01_default_variant_is_produced_correctly">
      <skipped message="Reason: On CRAN ('test-table_egt01.R:22:3')"/>
    </testcase>
  </testsuite>
  <testsuite name="table_egt02" timestamp="2023-07-18T15:49:23Z" hostname="4a6358133d95" tests="4" skipped="2" failures="0" errors="0" time="0.541">
    <testcase time="0.215000000000003" classname="table_egt02" name="_EGT02_1._Regardless_of_Abnormality_at_Baseline"/>
    <testcase time="0.0700000000000074" classname="table_egt02" name="_EGT02_1._Regardless_of_Abnormality_at_Baseline">
      <skipped message="Reason: On CRAN ('test-table_egt02.R:28:3')"/>
    </testcase>
    <testcase time="0.186999999999998" classname="table_egt02" name="_EGT02_2._Among_Subjects_Without_Abnormality_at_Baseline"/>
    <testcase time="0.0690000000000026" classname="table_egt02" name="_EGT02_2._Among_Subjects_Without_Abnormality_at_Baseline">
      <skipped message="Reason: On CRAN ('test-table_egt02.R:51:3')"/>
    </testcase>
  </testsuite>
  <testsuite name="table_egt03" timestamp="2023-07-18T15:49:23Z" hostname="4a6358133d95" tests="8" skipped="4" failures="0" errors="0" time="1.288">
    <testcase time="0.247" classname="table_egt03" name="EGT03_variant_1_is_produced_correctly"/>
    <testcase time="0.0879999999999939" classname="table_egt03" name="EGT03_variant_1_is_produced_correctly">
      <skipped message="Reason: On CRAN ('test-table_egt03.R:50:3')"/>
    </testcase>
    <testcase time="0.212999999999994" classname="table_egt03" name="EGT03_variant_2_is_produced_correctly"/>
    <testcase time="0.0900000000000034" classname="table_egt03" name="EGT03_variant_2_is_produced_correctly">
      <skipped message="Reason: On CRAN ('test-table_egt03.R:91:3')"/>
    </testcase>
    <testcase time="0.233000000000004" classname="table_egt03" name="EGT03_variant_3_is_produced_correctly"/>
    <testcase time="0.0759999999999934" classname="table_egt03" name="EGT03_variant_3_is_produced_correctly">
      <skipped message="Reason: On CRAN ('test-table_egt03.R:132:3')"/>
    </testcase>
    <testcase time="0.243000000000009" classname="table_egt03" name="EGT03_variant_4_is_produced_correctly"/>
    <testcase time="0.097999999999999" classname="table_egt03" name="EGT03_variant_4_is_produced_correctly">
      <skipped message="Reason: On CRAN ('test-table_egt03.R:179:3')"/>
    </testcase>
  </testsuite>
  <testsuite name="table_egt04" timestamp="2023-07-18T15:49:25Z" hostname="4a6358133d95" tests="2" skipped="1" failures="0" errors="0" time="0.26">
    <testcase time="0.201000000000008" classname="table_egt04" name="EGT04_default_variant_is_produced_correctly"/>
    <testcase time="0.0589999999999975" classname="table_egt04" name="EGT04_default_variant_is_produced_correctly">
      <skipped message="Reason: On CRAN ('test-table_egt04.R:51:3')"/>
    </testcase>
  </testsuite>
  <testsuite name="table_egt05_qtcat" timestamp="2023-07-18T15:49:25Z" hostname="4a6358133d95" tests="2" skipped="1" failures="0" errors="0" time="0.995">
    <testcase time="0.754999999999995" classname="table_egt05_qtcat" name="EGT05_QTCAT_default_variant_is_produced_correctly"/>
    <testcase time="0.240000000000009" classname="table_egt05_qtcat" name="EGT05_QTCAT_default_variant_is_produced_correctly">
      <skipped message="Reason: On CRAN ('test-table_egt05_qtcat.R:57:3')"/>
    </testcase>
  </testsuite>
  <testsuite name="table_ent" timestamp="2023-07-18T15:49:26Z" hostname="4a6358133d95" tests="8" skipped="4" failures="0" errors="0" time="14.512">
    <testcase time="3.584" classname="table_ent" name="ENT01_IT_is_produced_correctly"/>
    <testcase time="0.577999999999989" classname="table_ent" name="ENT01_IT_is_produced_correctly">
      <skipped message="Reason: On CRAN ('test-table_ent.R:24:3')"/>
    </testcase>
    <testcase time="2.41500000000001" classname="table_ent" name="ENT01a_IT_is_produced_correctly"/>
    <testcase time="0.542999999999992" classname="table_ent" name="ENT01a_IT_is_produced_correctly">
      <skipped message="Reason: On CRAN ('test-table_ent.R:40:3')"/>
    </testcase>
    <testcase time="3.72300000000001" classname="table_ent" name="ENT02_IT_is_produced_correctly"/>
    <testcase time="0.580999999999989" classname="table_ent" name="ENT02_IT_is_produced_correctly">
      <skipped message="Reason: On CRAN ('test-table_ent.R:61:3')"/>
    </testcase>
    <testcase time="2.53100000000001" classname="table_ent" name="ENT02a_IT_is_produced_correctly"/>
    <testcase time="0.557000000000002" classname="table_ent" name="ENT02a_IT_is_produced_correctly">
      <skipped message="Reason: On CRAN ('test-table_ent.R:79:3')"/>
    </testcase>
  </testsuite>
  <testsuite name="table_eudrat01" timestamp="2023-07-18T15:49:41Z" hostname="4a6358133d95" tests="2" skipped="1" failures="0" errors="0" time="0.653">
    <testcase time="0.563000000000002" classname="table_eudrat01" name="EUDRAT01_is_produced_correctly"/>
    <testcase time="0.0899999999999892" classname="table_eudrat01" name="EUDRAT01_is_produced_correctly">
      <skipped message="Reason: On CRAN ('test-table_eudrat01.R:77:3')"/>
    </testcase>
  </testsuite>
  <testsuite name="table_eudrat02" timestamp="2023-07-18T15:49:41Z" hostname="4a6358133d95" tests="2" skipped="1" failures="0" errors="0" time="0.532">
    <testcase time="0.451000000000008" classname="table_eudrat02" name="EUDRAT02_is_produced_correctly"/>
    <testcase time="0.0810000000000031" classname="table_eudrat02" name="EUDRAT02_is_produced_correctly">
      <skipped message="Reason: On CRAN ('test-table_eudrat02.R:44:3')"/>
    </testcase>
  </testsuite>
  <testsuite name="table_ext01" timestamp="2023-07-18T15:49:42Z" hostname="4a6358133d95" tests="6" skipped="3" failures="0" errors="0" time="1.174">
    <testcase time="0.274000000000001" classname="table_ext01" name="EXT01_default_variant_with_numeric_parameters_is_produced_correctly"/>
    <testcase time="0.0879999999999939" classname="table_ext01" name="EXT01_default_variant_with_numeric_parameters_is_produced_correctly">
      <skipped message="Reason: On CRAN ('test-table_ext01.R:58:3')"/>
    </testcase>
    <testcase time="0.277000000000001" classname="table_ext01" name="EXT01_variant_with_both_numeric_and_categorical_parameters"/>
    <testcase time="0.100999999999999" classname="table_ext01" name="EXT01_variant_with_both_numeric_and_categorical_parameters">
      <skipped message="Reason: On CRAN ('test-table_ext01.R:147:3')"/>
    </testcase>
    <testcase time="0.307000000000002" classname="table_ext01" name="EXT01_variant_with_user_specified_categories_for_missed_doses"/>
    <testcase time="0.126999999999995" classname="table_ext01" name="EXT01_variant_with_user_specified_categories_for_missed_doses">
      <skipped message="Reason: On CRAN ('test-table_ext01.R:241:3')"/>
    </testcase>
  </testsuite>
  <testsuite name="table_fstg02" timestamp="2023-07-18T15:49:43Z" hostname="4a6358133d95" tests="8" skipped="4" failures="0" errors="0" time="2.281">
    <testcase time="0.549999999999997" classname="table_fstg02" name="FSTG02_table_variant_1_Subgroup_Analysis_of_Survival_Duration_is_produced_correctly"/>
    <testcase time="0.293000000000006" classname="table_fstg02" name="FSTG02_table_variant_1_Subgroup_Analysis_of_Survival_Duration_is_produced_correctly">
      <skipped message="Reason: On CRAN ('test-table_fstg02.R:43:3')"/>
    </testcase>
    <testcase time="0.491" classname="table_fstg02" name="FSTG02_table_variant_2_specifying_class_variables_and_options_for_the_treatment_variable_"/>
    <testcase time="0.0739999999999981" classname="table_fstg02" name="FSTG02_table_variant_2_specifying_class_variables_and_options_for_the_treatment_variable_">
      <skipped message="Reason: On CRAN ('test-table_fstg02.R:80:3')"/>
    </testcase>
    <testcase time="0.256" classname="table_fstg02" name="FSTG02_table_variant_3_selecting_columns_and_changing_the_alpha_level_"/>
    <testcase time="0.0520000000000067" classname="table_fstg02" name="FSTG02_table_variant_3_selecting_columns_and_changing_the_alpha_level_">
      <skipped message="Reason: On CRAN ('test-table_fstg02.R:105:3')"/>
    </testcase>
    <testcase time="0.49199999999999" classname="table_fstg02" name="FSTG02_table_variant_4_fixed_symbol_size_is_produced_correctly"/>
    <testcase time="0.0730000000000075" classname="table_fstg02" name="FSTG02_table_variant_4_fixed_symbol_size_is_produced_correctly">
      <skipped message="Reason: On CRAN ('test-table_fstg02.R:135:3')"/>
    </testcase>
  </testsuite>
  <testsuite name="table_lbt01" timestamp="2023-07-18T15:49:45Z" hostname="4a6358133d95" tests="2" skipped="1" failures="0" errors="0" time="0.73">
    <testcase time="0.576999999999998" classname="table_lbt01" name="LBT01_default_variant_is_produced_correctly"/>
    <testcase time="0.152999999999992" classname="table_lbt01" name="LBT01_default_variant_is_produced_correctly">
      <skipped message="Reason: On CRAN ('test-table_lbt01.R:26:3')"/>
    </testcase>
  </testsuite>
  <testsuite name="table_lbt02" timestamp="2023-07-18T15:49:46Z" hostname="4a6358133d95" tests="2" skipped="1" failures="0" errors="0" time="0.461">
    <testcase time="0.339000000000013" classname="table_lbt02" name="LBT02_default_variant_is_produced_correctly"/>
    <testcase time="0.122" classname="table_lbt02" name="LBT02_default_variant_is_produced_correctly">
      <skipped message="Reason: On CRAN ('test-table_lbt02.R:19:3')"/>
    </testcase>
  </testsuite>
  <testsuite name="table_lbt03" timestamp="2023-07-18T15:49:46Z" hostname="4a6358133d95" tests="2" skipped="1" failures="0" errors="0" time="0.485">
    <testcase time="0.363" classname="table_lbt03" name="LBT03_default_variant_is_produced_correctly"/>
    <testcase time="0.122" classname="table_lbt03" name="LBT03_default_variant_is_produced_correctly">
      <skipped message="Reason: On CRAN ('test-table_lbt03.R:29:3')"/>
    </testcase>
  </testsuite>
  <testsuite name="table_lbt04" timestamp="2023-07-18T15:49:47Z" hostname="4a6358133d95" tests="2" skipped="1" failures="0" errors="0" time="0.245">
    <testcase time="0.188999999999993" classname="table_lbt04" name="LBT04_default_variant_is_produced_correctly"/>
    <testcase time="0.0559999999999974" classname="table_lbt04" name="LBT04_default_variant_is_produced_correctly">
      <skipped message="Reason: On CRAN ('test-table_lbt04.R:25:3')"/>
    </testcase>
  </testsuite>
  <testsuite name="table_lbt05" timestamp="2023-07-18T15:49:47Z" hostname="4a6358133d95" tests="6" skipped="3" failures="0" errors="0" time="1.546">
    <testcase time="0.481999999999999" classname="table_lbt05" name="LBT05_variant_1_is_produced_correctly"/>
    <testcase time="0.106000000000009" classname="table_lbt05" name="LBT05_variant_1_is_produced_correctly">
      <skipped message="Reason: On CRAN ('test-table_lbt05.R:102:3')"/>
    </testcase>
    <testcase time="0.409999999999997" classname="table_lbt05" name="LBT05_variant_2_is_produced_correctly"/>
    <testcase time="0.111000000000004" classname="table_lbt05" name="LBT05_variant_2_is_produced_correctly">
      <skipped message="Reason: On CRAN ('test-table_lbt05.R:165:3')"/>
    </testcase>
    <testcase time="0.350999999999999" classname="table_lbt05" name="LBT05_variant_4_is_produced_correctly"/>
    <testcase time="0.0859999999999985" classname="table_lbt05" name="LBT05_variant_4_is_produced_correctly">
      <skipped message="Reason: On CRAN ('test-table_lbt05.R:234:3')"/>
    </testcase>
  </testsuite>
  <testsuite name="table_lbt06" timestamp="2023-07-18T15:49:49Z" hostname="4a6358133d95" tests="2" skipped="1" failures="0" errors="0" time="0.657">
    <testcase time="0.488" classname="table_lbt06" name="LBT06_default_variant_is_produced_correctly"/>
    <testcase time="0.168999999999997" classname="table_lbt06" name="LBT06_default_variant_is_produced_correctly">
      <skipped message="Reason: On CRAN ('test-table_lbt06.R:24:3')"/>
    </testcase>
  </testsuite>
  <testsuite name="table_lbt07" timestamp="2023-07-18T15:49:49Z" hostname="4a6358133d95" tests="2" skipped="1" failures="0" errors="0" time="0.58">
    <testcase time="0.456000000000003" classname="table_lbt07" name="LBT07_is_produced_correctly"/>
    <testcase time="0.123999999999995" classname="table_lbt07" name="LBT07_is_produced_correctly">
      <skipped message="Reason: On CRAN ('test-table_lbt07.R:67:3')"/>
    </testcase>
  </testsuite>
  <testsuite name="table_lbt08" timestamp="2023-07-18T15:49:50Z" hostname="4a6358133d95" tests="2" skipped="1" failures="0" errors="0" time="0.515">
    <testcase time="0.408000000000001" classname="table_lbt08" name="LBT08_produce_correctly"/>
    <testcase time="0.106999999999999" classname="table_lbt08" name="LBT08_produce_correctly">
      <skipped message="Reason: On CRAN ('test-table_lbt08.R:38:3')"/>
    </testcase>
  </testsuite>
  <testsuite name="table_lbt09" timestamp="2023-07-18T15:49:50Z" hostname="4a6358133d95" tests="4" skipped="2" failures="0" errors="0" time="1.894">
    <testcase time="0.912999999999997" classname="table_lbt09" name="LBT09_variant_1_works_as_expected"/>
    <testcase time="0.204000000000008" classname="table_lbt09" name="LBT09_variant_1_works_as_expected">
      <skipped message="Reason: On CRAN ('test-table_lbt09.R:107:3')"/>
    </testcase>
    <testcase time="0.611999999999995" classname="table_lbt09" name="LBT09_variant_2_works_as_expected"/>
    <testcase time="0.165000000000006" classname="table_lbt09" name="LBT09_variant_2_works_as_expected">
      <skipped message="Reason: On CRAN ('test-table_lbt09.R:138:3')"/>
    </testcase>
  </testsuite>
  <testsuite name="table_lbt10" timestamp="2023-07-18T15:49:52Z" hostname="4a6358133d95" tests="4" skipped="2" failures="0" errors="0" time="0.495">
    <testcase time="0.277000000000001" classname="table_lbt10" name="LBT10_variant_1_works_as_expected"/>
    <testcase time="0.0450000000000017" classname="table_lbt10" name="LBT10_variant_1_works_as_expected">
      <skipped message="Reason: On CRAN ('test-table_lbt10.R:45:3')"/>
    </testcase>
    <testcase time="0.135999999999996" classname="table_lbt10" name="LBT10_variant_2_works_as_expected"/>
    <testcase time="0.0369999999999919" classname="table_lbt10" name="LBT10_variant_2_works_as_expected">
      <skipped message="Reason: On CRAN ('test-table_lbt10.R:69:3')"/>
    </testcase>
  </testsuite>
  <testsuite name="table_lbt10_bl" timestamp="2023-07-18T15:49:53Z" hostname="4a6358133d95" tests="4" skipped="2" failures="0" errors="0" time="0.521">
    <testcase time="0.296000000000006" classname="table_lbt10_bl" name="LBT10_BL_variant_1_works_as_expected"/>
    <testcase time="0.0450000000000017" classname="table_lbt10_bl" name="LBT10_BL_variant_1_works_as_expected">
      <skipped message="Reason: On CRAN ('test-table_lbt10_bl.R:45:3')"/>
    </testcase>
    <testcase time="0.144999999999996" classname="table_lbt10_bl" name="LBT10_BL_variant_2_works_as_expected"/>
    <testcase time="0.0349999999999966" classname="table_lbt10_bl" name="LBT10_BL_variant_2_works_as_expected">
      <skipped message="Reason: On CRAN ('test-table_lbt10_bl.R:69:3')"/>
    </testcase>
  </testsuite>
  <testsuite name="table_lbt11" timestamp="2023-07-18T15:49:53Z" hostname="4a6358133d95" tests="6" skipped="3" failures="0" errors="0" time="0.755">
    <testcase time="0.228000000000009" classname="table_lbt11" name="LBT11_variant_1_works_as_expected"/>
    <testcase time="0.0600000000000023" classname="table_lbt11" name="LBT11_variant_1_works_as_expected">
      <skipped message="Reason: On CRAN ('test-table_lbt11.R:60:3')"/>
    </testcase>
    <testcase time="0.108999999999995" classname="table_lbt11" name="LBT11_variant_2_works_as_expected"/>
    <testcase time="0.061000000000007" classname="table_lbt11" name="LBT11_variant_2_works_as_expected">
      <skipped message="Reason: On CRAN ('test-table_lbt11.R:77:3')"/>
    </testcase>
    <testcase time="0.212999999999994" classname="table_lbt11" name="LBT11_variant_3_works_as_expected"/>
    <testcase time="0.0840000000000032" classname="table_lbt11" name="LBT11_variant_3_works_as_expected">
      <skipped message="Reason: On CRAN ('test-table_lbt11.R:110:3')"/>
    </testcase>
  </testsuite>
  <testsuite name="table_lbt11_bl" timestamp="2023-07-18T15:49:54Z" hostname="4a6358133d95" tests="6" skipped="3" failures="0" errors="0" time="0.756">
    <testcase time="0.228999999999999" classname="table_lbt11_bl" name="LBT11_BL_variant_1_works_as_expected"/>
    <testcase time="0.0600000000000023" classname="table_lbt11_bl" name="LBT11_BL_variant_1_works_as_expected">
      <skipped message="Reason: On CRAN ('test-table_lbt11_bl.R:60:3')"/>
    </testcase>
    <testcase time="0.108999999999995" classname="table_lbt11_bl" name="LBT11_BL_variant_2_works_as_expected"/>
    <testcase time="0.061000000000007" classname="table_lbt11_bl" name="LBT11_BL_variant_2_works_as_expected">
      <skipped message="Reason: On CRAN ('test-table_lbt11_bl.R:77:3')"/>
    </testcase>
    <testcase time="0.225999999999999" classname="table_lbt11_bl" name="LBT11_BL_variant_3_works_as_expected"/>
    <testcase time="0.070999999999998" classname="table_lbt11_bl" name="LBT11_BL_variant_3_works_as_expected">
      <skipped message="Reason: On CRAN ('test-table_lbt11_bl.R:110:3')"/>
    </testcase>
  </testsuite>
  <testsuite name="table_lbt12" timestamp="2023-07-18T15:49:55Z" hostname="4a6358133d95" tests="2" skipped="1" failures="0" errors="0" time="0.476">
    <testcase time="0.411999999999992" classname="table_lbt12" name="LBT12_works_as_expected"/>
    <testcase time="0.0640000000000072" classname="table_lbt12" name="LBT12_works_as_expected">
      <skipped message="Reason: On CRAN ('test-table_lbt12.R:50:3')"/>
    </testcase>
  </testsuite>
  <testsuite name="table_lbt12_bl" timestamp="2023-07-18T15:49:55Z" hostname="4a6358133d95" tests="2" skipped="1" failures="0" errors="0" time="0.474">
    <testcase time="0.409999999999997" classname="table_lbt12_bl" name="LBT12_BL_works_as_expected"/>
    <testcase time="0.0640000000000072" classname="table_lbt12_bl" name="LBT12_BL_works_as_expected">
      <skipped message="Reason: On CRAN ('test-table_lbt12_bl.R:50:3')"/>
    </testcase>
  </testsuite>
  <testsuite name="table_lbt13" timestamp="2023-07-18T15:49:56Z" hostname="4a6358133d95" tests="10" skipped="5" failures="0" errors="0" time="11.79">
    <testcase time="1.761" classname="table_lbt13" name="LBT13_variant_1_LOW_works_as_expected"/>
    <testcase time="0.441000000000003" classname="table_lbt13" name="LBT13_variant_1_LOW_works_as_expected">
      <skipped message="Reason: On CRAN ('test-table_lbt13.R:81:3')"/>
    </testcase>
    <testcase time="1.68899999999999" classname="table_lbt13" name="LBT13_variant_2_HIGH_works_as_expected"/>
    <testcase time="0.442000000000007" classname="table_lbt13" name="LBT13_variant_2_HIGH_works_as_expected">
      <skipped message="Reason: On CRAN ('test-table_lbt13.R:153:3')"/>
    </testcase>
    <testcase time="1.69499999999999" classname="table_lbt13" name="LBT13_variant_3_LOW_without_baseline_missing_works_as_expected"/>
    <testcase time="0.466999999999999" classname="table_lbt13" name="LBT13_variant_3_LOW_without_baseline_missing_works_as_expected">
      <skipped message="Reason: On CRAN ('test-table_lbt13.R:225:3')"/>
    </testcase>
    <testcase time="1.70400000000001" classname="table_lbt13" name="LBT13_variant_4_HIGH_with_missing_baseline_considered_as_grade_0_works_as_expected"/>
    <testcase time="0.453999999999994" classname="table_lbt13" name="LBT13_variant_4_HIGH_with_missing_baseline_considered_as_grade_0_works_as_expected">
      <skipped message="Reason: On CRAN ('test-table_lbt13.R:296:3')"/>
    </testcase>
    <testcase time="2.295" classname="table_lbt13" name="LBT14_variant_5_HIGH_with_filled_in_grades_works_as_expected"/>
    <testcase time="0.842000000000013" classname="table_lbt13" name="LBT14_variant_5_HIGH_with_filled_in_grades_works_as_expected">
      <skipped message="Reason: On CRAN ('test-table_lbt13.R:370:3')"/>
    </testcase>
  </testsuite>
  <testsuite name="table_lbt14" timestamp="2023-07-18T15:50:07Z" hostname="4a6358133d95" tests="10" skipped="5" failures="0" errors="0" time="3.114">
    <testcase time="0.458999999999975" classname="table_lbt14" name="LBT14_variant_1_HIGH_works_as_expected"/>
    <testcase time="0.126000000000005" classname="table_lbt14" name="LBT14_variant_1_HIGH_works_as_expected">
      <skipped message="Reason: On CRAN ('test-table_lbt14.R:48:3')"/>
    </testcase>
    <testcase time="0.456999999999994" classname="table_lbt14" name="LBT14_variant_2_LOW_works_as_expected"/>
    <testcase time="0.142000000000024" classname="table_lbt14" name="LBT14_variant_2_LOW_works_as_expected">
      <skipped message="Reason: On CRAN ('test-table_lbt14.R:95:3')"/>
    </testcase>
    <testcase time="0.456999999999994" classname="table_lbt14" name="LBT14_variant_3_LOW_without_baseline_missing_works_as_expected"/>
    <testcase time="0.143000000000001" classname="table_lbt14" name="LBT14_variant_3_LOW_without_baseline_missing_works_as_expected">
      <skipped message="Reason: On CRAN ('test-table_lbt14.R:141:3')"/>
    </testcase>
    <testcase time="0.455999999999989" classname="table_lbt14" name="LBT14_variant_4_LOW_and_force_1_missing_both_baseline_and_post_baseline_then_force_the_missing_baseline_as_0_as_expected"/>
    <testcase time="0.125" classname="table_lbt14" name="LBT14_variant_4_LOW_and_force_1_missing_both_baseline_and_post_baseline_then_force_the_missing_baseline_as_0_as_expected">
      <skipped message="Reason: On CRAN ('test-table_lbt14.R:189:3')"/>
    </testcase>
    <testcase time="0.557000000000016" classname="table_lbt14" name="LBT14_variant_5_HIGH_with_fillings_works_as_expected"/>
    <testcase time="0.191999999999979" classname="table_lbt14" name="LBT14_variant_5_HIGH_with_fillings_works_as_expected">
      <skipped message="Reason: On CRAN ('test-table_lbt14.R:236:3')"/>
    </testcase>
  </testsuite>
  <testsuite name="table_lbt15" timestamp="2023-07-18T15:50:11Z" hostname="4a6358133d95" tests="4" skipped="2" failures="0" errors="0" time="0.607">
    <testcase time="0.259000000000015" classname="table_lbt15" name="LBT15_variant_1_works_as_expected"/>
    <testcase time="0.0660000000000025" classname="table_lbt15" name="LBT15_variant_1_works_as_expected">
      <skipped message="Reason: On CRAN ('test-table_lbt15.R:82:3')"/>
    </testcase>
    <testcase time="0.215000000000003" classname="table_lbt15" name="LBT15_variant_2_works_as_expected"/>
    <testcase time="0.0669999999999789" classname="table_lbt15" name="LBT15_variant_2_works_as_expected">
      <skipped message="Reason: On CRAN ('test-table_lbt15.R:89:3')"/>
    </testcase>
  </testsuite>
  <testsuite name="table_lgrt02" timestamp="2023-07-18T15:50:11Z" hostname="4a6358133d95" tests="8" skipped="4" failures="0" errors="0" time="2.831">
    <testcase time="0.710000000000008" classname="table_lgrt02" name="LGRT02_without_interaction_term_is_produced_correctly"/>
    <testcase time="0.105999999999995" classname="table_lgrt02" name="LGRT02_without_interaction_term_is_produced_correctly">
      <skipped message="Reason: On CRAN ('test-table_lgrt02.R:52:3')"/>
    </testcase>
    <testcase time="0.588999999999999" classname="table_lgrt02" name="LGRT02_with_categorical_interaction_is_produced_correctly"/>
    <testcase time="0.137" classname="table_lgrt02" name="LGRT02_with_categorical_interaction_is_produced_correctly">
      <skipped message="Reason: On CRAN ('test-table_lgrt02.R:78:3')"/>
    </testcase>
    <testcase time="0.580000000000013" classname="table_lgrt02" name="LGRT02_with_continuous_interaction_is_produced_correctly"/>
    <testcase time="0.134999999999991" classname="table_lgrt02" name="LGRT02_with_continuous_interaction_is_produced_correctly">
      <skipped message="Reason: On CRAN ('test-table_lgrt02.R:104:3')"/>
    </testcase>
    <testcase time="0.462000000000018" classname="table_lgrt02" name="LGRT02_with_setting_values_indicating_an_event_and_custom_alpha_level_is_produced_correctly"/>
    <testcase time="0.111999999999995" classname="table_lgrt02" name="LGRT02_with_setting_values_indicating_an_event_and_custom_alpha_level_is_produced_correctly">
      <skipped message="Reason: On CRAN ('test-table_lgrt02.R:130:3')"/>
    </testcase>
  </testsuite>
  <testsuite name="table_mht01" timestamp="2023-07-18T15:50:14Z" hostname="4a6358133d95" tests="8" skipped="4" failures="0" errors="0" time="1.433">
    <testcase time="0.304999999999978" classname="table_mht01" name="MHT01_variant_1_is_produced_accurately"/>
    <testcase time="0.106000000000023" classname="table_mht01" name="MHT01_variant_1_is_produced_accurately">
      <skipped message="Reason: On CRAN ('test-table_mht01.R:41:3')"/>
    </testcase>
    <testcase time="0.121999999999986" classname="table_mht01" name="MHT01_variant_2_is_produced_accurately"/>
    <testcase time="0.0490000000000066" classname="table_mht01" name="MHT01_variant_2_is_produced_accurately">
      <skipped message="Reason: On CRAN ('test-table_mht01.R:82:3')"/>
    </testcase>
    <testcase time="0.280000000000001" classname="table_mht01" name="MHT01_variant_3_is_produced_accurately"/>
    <testcase time="0.085000000000008" classname="table_mht01" name="MHT01_variant_3_is_produced_accurately">
      <skipped message="Reason: On CRAN ('test-table_mht01.R:120:3')"/>
    </testcase>
    <testcase time="0.364999999999981" classname="table_mht01" name="MHT01_variant_5_is_produced_accurately"/>
    <testcase time="0.121000000000009" classname="table_mht01" name="MHT01_variant_5_is_produced_accurately">
      <skipped message="Reason: On CRAN ('test-table_mht01.R:163:3')"/>
    </testcase>
  </testsuite>
  <testsuite name="table_onct05" timestamp="2023-07-18T15:50:15Z" hostname="4a6358133d95" tests="8" skipped="4" failures="0" errors="0" time="1.88">
    <testcase time="0.442000000000007" classname="table_onct05" name="ONCT05_variant_1_Objective_Response_Rate_by_Subgroup_is_produced_correctly"/>
    <testcase time="0.0699999999999932" classname="table_onct05" name="ONCT05_variant_1_Objective_Response_Rate_by_Subgroup_is_produced_correctly">
      <skipped message="Reason: On CRAN ('test-table_onct05.R:33:3')"/>
    </testcase>
    <testcase time="0.486999999999995" classname="table_onct05" name="ONCT05_variant_2_Specifying_class_variables_is_produced_correctly"/>
    <testcase time="0.0759999999999934" classname="table_onct05" name="ONCT05_variant_2_Specifying_class_variables_is_produced_correctly">
      <skipped message="Reason: On CRAN ('test-table_onct05.R:57:3')"/>
    </testcase>
    <testcase time="0.225999999999999" classname="table_onct05" name="ONCT05_variant_3_selecting_columns_and_changing_the_alpha_level_is_produced_correctly"/>
    <testcase time="0.0620000000000118" classname="table_onct05" name="ONCT05_variant_3_selecting_columns_and_changing_the_alpha_level_is_produced_correctly">
      <skipped message="Reason: On CRAN ('test-table_onct05.R:75:3')"/>
    </testcase>
    <testcase time="0.447000000000003" classname="table_onct05" name="ONCT05_variant_4_setting_values_indicating_response_is_produced_correctly"/>
    <testcase time="0.0699999999999932" classname="table_onct05" name="ONCT05_variant_4_setting_values_indicating_response_is_produced_correctly">
      <skipped message="Reason: On CRAN ('test-table_onct05.R:96:3')"/>
    </testcase>
  </testsuite>
  <testsuite name="table_pdt01" timestamp="2023-07-18T15:50:17Z" hostname="4a6358133d95" tests="2" skipped="1" failures="0" errors="0" time="0.41">
    <testcase time="0.288000000000011" classname="table_pdt01" name="PDT01_is_produced_correctly"/>
    <testcase time="0.121999999999986" classname="table_pdt01" name="PDT01_is_produced_correctly">
      <skipped message="Reason: On CRAN ('test-table_pdt01.R:38:3')"/>
    </testcase>
  </testsuite>
  <testsuite name="table_pdt02" timestamp="2023-07-18T15:50:18Z" hostname="4a6358133d95" tests="2" skipped="1" failures="0" errors="0" time="0.221">
    <testcase time="0.174000000000007" classname="table_pdt02" name="PDT02_is_produced_correctly"/>
    <testcase time="0.046999999999997" classname="table_pdt02" name="PDT02_is_produced_correctly">
      <skipped message="Reason: On CRAN ('test-table_pdt02.R:33:3')"/>
    </testcase>
  </testsuite>
  <testsuite name="table_pkct01" timestamp="2023-07-18T15:50:18Z" hostname="4a6358133d95" tests="3" skipped="1" failures="0" errors="1" time="0.541">
    <testcase time="0.435000000000002" classname="table_pkct01" name="PKCT01_is_produced_correctly"/>
    <testcase time="0.070999999999998" classname="table_pkct01" name="PKCT01_is_produced_correctly">
      <skipped message="Reason: On CRAN ('test-table_pkct01.R:18:3')"/>
    </testcase>
    <testcase time="0.0349999999999966" classname="table_pkct01" name="Specific_PKCT01_features_are_present">
      <error type="error" message="&lt;dplyr:::mutate_error/rlang_error/error/condition&gt; ('test-table_pkct01.R:45:3')">&lt;dplyr:::mutate_error/rlang_error/error/condition&gt;
Error in `mutate(., NRELTM1 = as.factor(NRELTM1), AVALC = as.factor(AVALC))`: i In argument: `NRELTM1 = as.factor(NRELTM1)`.
Caused by error:
! object 'NRELTM1' not found
Backtrace:
     x
  1. +-... %&gt;% select(NRELTM1, ACTARM, VISIT, AVAL, PARAM, AVALC) at test-table_pkct01.R:45:2
  2. +-dplyr::select(., NRELTM1, ACTARM, VISIT, AVAL, PARAM, AVALC)
  3. +-dplyr::mutate(., ACTARM = factor(ACTARM, levels = c("A: Drug X")))
  4. +-dplyr::filter(., ACTARM %in% c("A: Drug X"))
  5. +-dplyr::mutate(., NRELTM1 = as.factor(NRELTM1), AVALC = as.factor(AVALC))
  6. +-dplyr:::mutate.data.frame(., NRELTM1 = as.factor(NRELTM1), AVALC = as.factor(AVALC))
  7. | \-dplyr:::mutate_cols(.data, dplyr_quosures(...), by)
  8. |   +-base::withCallingHandlers(...)
  9. |   \-dplyr:::mutate_col(dots[[i]], data, mask, new_columns)
 10. |     \-mask$eval_all_mutate(quo)
 11. |       \-dplyr (local) eval()
 12. +-base::as.factor(NRELTM1)
 13. | \-base::is.factor(x)
 14. \-base::.handleSimpleError(...)
 15.   \-dplyr (local) h(simpleError(msg, call))
 16.     \-rlang::abort(message, class = error_class, parent = parent, call = error_call)</error>
    </testcase>
  </testsuite>
  <testsuite name="table_pkpt02" timestamp="2023-07-18T15:50:19Z" hostname="4a6358133d95" tests="4" skipped="2" failures="0" errors="0" time="0.629">
    <testcase time="0.325999999999993" classname="table_pkpt02" name="PKPT02_is_produced_correctly_for_Drug_X"/>
    <testcase time="0.0829999999999984" classname="table_pkpt02" name="PKPT02_is_produced_correctly_for_Drug_X">
      <skipped message="Reason: On CRAN ('test-table_pkpt02.R:42:3')"/>
    </testcase>
    <testcase time="0.148000000000025" classname="table_pkpt02" name="PKPT02_is_produced_correctly_for_Drug_Y"/>
    <testcase time="0.0720000000000027" classname="table_pkpt02" name="PKPT02_is_produced_correctly_for_Drug_Y">
      <skipped message="Reason: On CRAN ('test-table_pkpt02.R:55:3')"/>
    </testcase>
  </testsuite>
  <testsuite name="table_pkpt03" timestamp="2023-07-18T15:50:19Z" hostname="4a6358133d95" tests="4" skipped="2" failures="0" errors="0" time="0.8">
    <testcase time="0.431999999999988" classname="table_pkpt03" name="PKPT03_Drug_X_is_produced_correctly"/>
    <testcase time="0.0859999999999843" classname="table_pkpt03" name="PKPT03_Drug_X_is_produced_correctly">
      <skipped message="Reason: On CRAN ('test-table_pkpt03.R:67:3')"/>
    </testcase>
    <testcase time="0.228000000000009" classname="table_pkpt03" name="PKPT03_Drug_Y_is_produced_correctly"/>
    <testcase time="0.054000000000002" classname="table_pkpt03" name="PKPT03_Drug_Y_is_produced_correctly">
      <skipped message="Reason: On CRAN ('test-table_pkpt03.R:81:3')"/>
    </testcase>
  </testsuite>
  <testsuite name="table_pkpt04" timestamp="2023-07-18T15:50:20Z" hostname="4a6358133d95" tests="4" skipped="2" failures="0" errors="0" time="0.634">
    <testcase time="0.245000000000005" classname="table_pkpt04" name="PKPT04_is_produced_correctly_for_Drug_X"/>
    <testcase time="0.114000000000004" classname="table_pkpt04" name="PKPT04_is_produced_correctly_for_Drug_X">
      <skipped message="Reason: On CRAN ('test-table_pkpt04.R:42:3')"/>
    </testcase>
    <testcase time="0.182999999999993" classname="table_pkpt04" name="PKPT04_is_produced_correctly_for_Drug_Y"/>
    <testcase time="0.0919999999999845" classname="table_pkpt04" name="PKPT04_is_produced_correctly_for_Drug_Y">
      <skipped message="Reason: On CRAN ('test-table_pkpt04.R:55:3')"/>
    </testcase>
  </testsuite>
  <testsuite name="table_pkpt05" timestamp="2023-07-18T15:50:21Z" hostname="4a6358133d95" tests="4" skipped="2" failures="0" errors="0" time="1.034">
    <testcase time="0.582999999999998" classname="table_pkpt05" name="PKPT05_Drug_X_is_produced_correctly"/>
    <testcase time="0.0860000000000127" classname="table_pkpt05" name="PKPT05_Drug_X_is_produced_correctly">
      <skipped message="Reason: On CRAN ('test-table_pkpt05.R:66:3')"/>
    </testcase>
    <testcase time="0.289999999999992" classname="table_pkpt05" name="PKPT05_Drug_Y_is_produced_correctly"/>
    <testcase time="0.0750000000000171" classname="table_pkpt05" name="PKPT05_Drug_Y_is_produced_correctly">
      <skipped message="Reason: On CRAN ('test-table_pkpt05.R:81:3')"/>
    </testcase>
  </testsuite>
  <testsuite name="table_pkpt06" timestamp="2023-07-18T15:50:22Z" hostname="4a6358133d95" tests="4" skipped="2" failures="0" errors="0" time="0.273">
    <testcase time="0.113999999999976" classname="table_pkpt06" name="PKPT06_is_produced_correctly_for_Drug_X"/>
    <testcase time="0.0400000000000205" classname="table_pkpt06" name="PKPT06_is_produced_correctly_for_Drug_X">
      <skipped message="Reason: On CRAN ('test-table_pkpt06.R:48:3')"/>
    </testcase>
    <testcase time="0.0849999999999795" classname="table_pkpt06" name="PKPT06_is_produced_correctly_for_Drug_Y"/>
    <testcase time="0.0340000000000202" classname="table_pkpt06" name="PKPT06_is_produced_correctly_for_Drug_Y">
      <skipped message="Reason: On CRAN ('test-table_pkpt06.R:61:3')"/>
    </testcase>
  </testsuite>
  <testsuite name="table_pkpt07" timestamp="2023-07-18T15:50:22Z" hostname="4a6358133d95" tests="4" skipped="2" failures="0" errors="0" time="0.448">
    <testcase time="0.22999999999999" classname="table_pkpt07" name="PKPT07_Drug_X_is_produced_correctly"/>
    <testcase time="0.0519999999999925" classname="table_pkpt07" name="PKPT07_Drug_X_is_produced_correctly">
      <skipped message="Reason: On CRAN ('test-table_pkpt07.R:73:3')"/>
    </testcase>
    <testcase time="0.117999999999995" classname="table_pkpt07" name="PKPT07_Drug_Y_is_produced_correctly"/>
    <testcase time="0.0480000000000018" classname="table_pkpt07" name="PKPT07_Drug_Y_is_produced_correctly">
      <skipped message="Reason: On CRAN ('test-table_pkpt07.R:88:3')"/>
    </testcase>
  </testsuite>
  <testsuite name="table_ratet01" timestamp="2023-07-18T15:50:22Z" hostname="4a6358133d95" tests="2" skipped="1" failures="0" errors="0" time="0.551">
    <testcase time="0.459000000000003" classname="table_ratet01" name="RATET01_is_produced_correctly"/>
    <testcase time="0.092000000000013" classname="table_ratet01" name="RATET01_is_produced_correctly">
      <skipped message="Reason: On CRAN ('test-table_ratet01.R:49:3')"/>
    </testcase>
  </testsuite>
  <testsuite name="table_rmpt01" timestamp="2023-07-18T15:50:23Z" hostname="4a6358133d95" tests="2" skipped="1" failures="0" errors="0" time="0.197">
    <testcase time="0.162999999999982" classname="table_rmpt01" name="RMPT01_is_produced_correctly"/>
    <testcase time="0.0340000000000202" classname="table_rmpt01" name="RMPT01_is_produced_correctly">
      <skipped message="Reason: On CRAN ('test-table_rmpt01.R:58:3')"/>
    </testcase>
  </testsuite>
  <testsuite name="table_rmpt03" timestamp="2023-07-18T15:50:23Z" hostname="4a6358133d95" tests="4" skipped="2" failures="0" errors="0" time="0.499">
    <testcase time="0.230999999999995" classname="table_rmpt03" name="RMPT03_variant_1_is_produced_correctly"/>
    <testcase time="0.046999999999997" classname="table_rmpt03" name="RMPT03_variant_1_is_produced_correctly">
      <skipped message="Reason: On CRAN ('test-table_rmpt03.R:67:3')"/>
    </testcase>
    <testcase time="0.169999999999987" classname="table_rmpt03" name="RMPT03_variant_2_is_produced_correctly"/>
    <testcase time="0.0510000000000161" classname="table_rmpt03" name="RMPT03_variant_2_is_produced_correctly">
      <skipped message="Reason: On CRAN ('test-table_rmpt03.R:91:3')"/>
    </testcase>
  </testsuite>
  <testsuite name="table_rmpt04" timestamp="2023-07-18T15:50:24Z" hostname="4a6358133d95" tests="2" skipped="1" failures="0" errors="0" time="0.205">
    <testcase time="0.169999999999987" classname="table_rmpt04" name="RMPT04_variant_1_is_produced_correctly"/>
    <testcase time="0.0349999999999966" classname="table_rmpt04" name="RMPT04_variant_1_is_produced_correctly">
      <skipped message="Reason: On CRAN ('test-table_rmpt04.R:50:3')"/>
    </testcase>
  </testsuite>
  <testsuite name="table_rmpt05" timestamp="2023-07-18T15:50:24Z" hostname="4a6358133d95" tests="2" skipped="1" failures="0" errors="0" time="0.239">
    <testcase time="0.194000000000017" classname="table_rmpt05" name="RMPT05_is_produced_correctly"/>
    <testcase time="0.0449999999999875" classname="table_rmpt05" name="RMPT05_is_produced_correctly">
      <skipped message="Reason: On CRAN ('test-table_rmpt05.R:49:3')"/>
    </testcase>
  </testsuite>
  <testsuite name="table_rmpt06" timestamp="2023-07-18T15:50:24Z" hostname="4a6358133d95" tests="8" skipped="4" failures="0" errors="0" time="1.536">
    <testcase time="0.356999999999999" classname="table_rmpt06" name="AET05_ALL_variant_1_is_produced_correctly"/>
    <testcase time="0.0790000000000077" classname="table_rmpt06" name="AET05_ALL_variant_1_is_produced_correctly">
      <skipped message="Reason: On CRAN ('test-table_rmpt06.R:100:3')"/>
    </testcase>
    <testcase time="0.22399999999999" classname="table_rmpt06" name="RMPT06_variant_2_is_produced_correctly"/>
    <testcase time="0.0570000000000164" classname="table_rmpt06" name="RMPT06_variant_2_is_produced_correctly">
      <skipped message="Reason: On CRAN ('test-table_rmpt06.R:150:3')"/>
    </testcase>
    <testcase time="0.322000000000003" classname="table_rmpt06" name="RMPT06_variant_3_is_produced_correctly"/>
    <testcase time="0.0859999999999843" classname="table_rmpt06" name="RMPT06_variant_3_is_produced_correctly">
      <skipped message="Reason: On CRAN ('test-table_rmpt06.R:215:3')"/>
    </testcase>
    <testcase time="0.323000000000008" classname="table_rmpt06" name="RMPT06_variant_4_is_produced_correctly"/>
    <testcase time="0.0879999999999939" classname="table_rmpt06" name="RMPT06_variant_4_is_produced_correctly">
      <skipped message="Reason: On CRAN ('test-table_rmpt06.R:283:3')"/>
    </testcase>
  </testsuite>
  <testsuite name="table_rspt01" timestamp="2023-07-18T15:50:26Z" hostname="4a6358133d95" tests="12" skipped="6" failures="0" errors="0" time="2.394">
    <testcase time="0.320000000000022" classname="table_rspt01" name="RSPT01_1._Best_Overall_Response"/>
    <testcase time="0.10499999999999" classname="table_rspt01" name="RSPT01_1._Best_Overall_Response">
      <skipped message="Reason: On CRAN ('test-table_rspt01.R:46:3')"/>
    </testcase>
    <testcase time="0.265999999999991" classname="table_rspt01" name="RSPT01_2._Best_Overall_Response_selecting_sections_to_display_"/>
    <testcase time="0.0840000000000032" classname="table_rspt01" name="RSPT01_2._Best_Overall_Response_selecting_sections_to_display_">
      <skipped message="Reason: On CRAN ('test-table_rspt01.R:73:3')"/>
    </testcase>
    <testcase time="0.353000000000009" classname="table_rspt01" name="RSPT01_3._Best_Overall_Response_modifying_settings_"/>
    <testcase time="0.0829999999999984" classname="table_rspt01" name="RSPT01_3._Best_Overall_Response_modifying_settings_">
      <skipped message="Reason: On CRAN ('test-table_rspt01.R:116:3')"/>
    </testcase>
    <testcase time="0.388000000000005" classname="table_rspt01" name="RSPT01_4._Best_Overall_Response_with_stratified_analysis_"/>
    <testcase time="0.10299999999998" classname="table_rspt01" name="RSPT01_4._Best_Overall_Response_with_stratified_analysis_">
      <skipped message="Reason: On CRAN ('test-table_rspt01.R:166:3')"/>
    </testcase>
    <testcase time="0.286000000000001" classname="table_rspt01" name="RSPT01_5._Best_Overall_Response_modifying_the_definition_of_overall_response_"/>
    <testcase time="0.102000000000004" classname="table_rspt01" name="RSPT01_5._Best_Overall_Response_modifying_the_definition_of_overall_response_">
      <skipped message="Reason: On CRAN ('test-table_rspt01.R:198:3')"/>
    </testcase>
    <testcase time="0.233000000000004" classname="table_rspt01" name="RSPT01_6._Best_Overall_Response_define_new_sections_to_display_"/>
    <testcase time="0.070999999999998" classname="table_rspt01" name="RSPT01_6._Best_Overall_Response_define_new_sections_to_display_">
      <skipped message="Reason: On CRAN ('test-table_rspt01.R:248:3')"/>
    </testcase>
  </testsuite>
  <testsuite name="table_ttet01" timestamp="2023-07-18T15:50:28Z" hostname="4a6358133d95" tests="12" skipped="6" failures="0" errors="0" time="2.819">
    <testcase time="0.456999999999994" classname="table_ttet01" name="TTET01_default_variant_is_produced_correctly"/>
    <testcase time="0.128000000000014" classname="table_ttet01" name="TTET01_default_variant_is_produced_correctly">
      <skipped message="Reason: On CRAN ('test-table_ttet01.R:79:3')"/>
    </testcase>
    <testcase time="0.230999999999995" classname="table_ttet01" name="TTET01_variant_2_selecting_sections_to_display"/>
    <testcase time="0.0740000000000123" classname="table_ttet01" name="TTET01_variant_2_selecting_sections_to_display">
      <skipped message="Reason: On CRAN ('test-table_ttet01.R:124:3')"/>
    </testcase>
    <testcase time="0.351999999999975" classname="table_ttet01" name="TTET01_variant_3_modifying_analysis_details_like_conftype_ties_alpha_level"/>
    <testcase time="0.0900000000000034" classname="table_ttet01" name="TTET01_variant_3_modifying_analysis_details_like_conftype_ties_alpha_level">
      <skipped message="Reason: On CRAN ('test-table_ttet01.R:190:3')"/>
    </testcase>
    <testcase time="0.39700000000002" classname="table_ttet01" name="TTET01_variant_4_with_stratified_analysis"/>
    <testcase time="0.10299999999998" classname="table_ttet01" name="TTET01_variant_4_with_stratified_analysis">
      <skipped message="Reason: On CRAN ('test-table_ttet01.R:251:3')"/>
    </testcase>
    <testcase time="0.346000000000004" classname="table_ttet01" name="TTET01_variant_5_modifying_time_point"/>
    <testcase time="0.092000000000013" classname="table_ttet01" name="TTET01_variant_5_modifying_time_point">
      <skipped message="Reason: On CRAN ('test-table_ttet01.R:306:3')"/>
    </testcase>
    <testcase time="0.430999999999983" classname="table_ttet01" name="TTET01_variant_6_requesting_more_than_one_p_value"/>
    <testcase time="0.118000000000023" classname="table_ttet01" name="TTET01_variant_6_requesting_more_than_one_p_value">
      <skipped message="Reason: On CRAN ('test-table_ttet01.R:379:3')"/>
    </testcase>
  </testsuite>
  <testsuite name="table_vst01" timestamp="2023-07-18T15:50:31Z" hostname="4a6358133d95" tests="2" skipped="1" failures="0" errors="0" time="1.399">
    <testcase time="1.13999999999999" classname="table_vst01" name="VST01_default_variant_is_produced_correctly"/>
    <testcase time="0.258999999999986" classname="table_vst01" name="VST01_default_variant_is_produced_correctly">
      <skipped message="Reason: On CRAN ('test-table_vst01.R:66:3')"/>
    </testcase>
  </testsuite>
  <testsuite name="table_vst02" timestamp="2023-07-18T15:50:32Z" hostname="4a6358133d95" tests="4" skipped="2" failures="0" errors="0" time="0.825">
    <testcase time="0.316000000000003" classname="table_vst02" name="1._Vital_Sign_Abnormalities_Regardless_of_Abnormality_at_Baseline_VST02_1_"/>
    <testcase time="0.0970000000000084" classname="table_vst02" name="1._Vital_Sign_Abnormalities_Regardless_of_Abnormality_at_Baseline_VST02_1_">
      <skipped message="Reason: On CRAN ('test-table_vst02.R:18:3')"/>
    </testcase>
    <testcase time="0.304000000000002" classname="table_vst02" name="2._Vital_Sign_Abnormalities_Among_Subject_Without_Abnormality_at_Baseline_VST02_2_"/>
    <testcase time="0.108000000000004" classname="table_vst02" name="2._Vital_Sign_Abnormalities_Among_Subject_Without_Abnormality_at_Baseline_VST02_2_">
      <skipped message="Reason: On CRAN ('test-table_vst02.R:33:3')"/>
    </testcase>
  </testsuite>
</testsuites>
