<?xml version="1.0" encoding="UTF-8"?>
<testsuites>
  <testsuite name="listing_adal02" timestamp="2023-08-22T14:41:48Z" hostname="d0b94ba27c25" tests="2" skipped="1" failures="0" errors="0" time="0.487">
    <testcase time="0.329000000000001" classname="listing_adal02" name="ADAL02_listing_is_produced_correctly"/>
    <testcase time="0.157999999999999" classname="listing_adal02" name="ADAL02_listing_is_produced_correctly">
      <skipped message="Reason: On CRAN ('test-listing_adal02.R:109:3')"/>
    </testcase>
  </testsuite>
  <testsuite name="listing_ael01" timestamp="2023-08-22T14:41:48Z" hostname="d0b94ba27c25" tests="2" skipped="1" failures="0" errors="0" time="0.253">
    <testcase time="0.0920000000000005" classname="listing_ael01" name="AEL01_listing_is_produced_correctly"/>
    <testcase time="0.161" classname="listing_ael01" name="AEL01_listing_is_produced_correctly">
      <skipped message="Reason: On CRAN ('test-listing_ael01.R:20:3')"/>
    </testcase>
  </testsuite>
  <testsuite name="listing_ael01_nollt" timestamp="2023-08-22T14:41:49Z" hostname="d0b94ba27c25" tests="2" skipped="1" failures="0" errors="0" time="0.082">
    <testcase time="0.056" classname="listing_ael01_nollt" name="AEL01_NOLLT_listing_is_produced_correctly"/>
    <testcase time="0.0259999999999998" classname="listing_ael01_nollt" name="AEL01_NOLLT_listing_is_produced_correctly">
      <skipped message="Reason: On CRAN ('test-listing_ael01_nollt.R:23:3')"/>
    </testcase>
  </testsuite>
  <testsuite name="listing_ael02" timestamp="2023-08-22T14:41:49Z" hostname="d0b94ba27c25" tests="1" skipped="1" failures="0" errors="0" time="0.233">
    <testcase time="0.233000000000001" classname="listing_ael02" name="AEL02_listing_is_produced_correctly">
      <skipped message="Reason: On CRAN ('test-listing_ael02.R:60:3')"/>
    </testcase>
  </testsuite>
  <testsuite name="listing_ael02_ed" timestamp="2023-08-22T14:41:49Z" hostname="d0b94ba27c25" tests="1" skipped="1" failures="0" errors="0" time="0.264">
    <testcase time="0.263999999999999" classname="listing_ael02_ed" name="AEL02_ED_listing_is_produced_correctly">
      <skipped message="Reason: On CRAN ('test-listing_ael02_ed.R:77:3')"/>
    </testcase>
  </testsuite>
  <testsuite name="listing_ael03" timestamp="2023-08-22T14:41:49Z" hostname="d0b94ba27c25" tests="1" skipped="1" failures="0" errors="0" time="0.225">
    <testcase time="0.225000000000001" classname="listing_ael03" name="AEL03_listing_is_produced_correctly">
      <skipped message="Reason: On CRAN ('test-listing_ael03.R:73:3')"/>
    </testcase>
  </testsuite>
  <testsuite name="listing_ael04" timestamp="2023-08-22T14:41:49Z" hostname="d0b94ba27c25" tests="2" skipped="1" failures="0" errors="0" time="0.17">
    <testcase time="0.0449999999999999" classname="listing_ael04" name="AEL04_listing_is_produced_correctly"/>
    <testcase time="0.125" classname="listing_ael04" name="AEL04_listing_is_produced_correctly">
      <skipped message="Reason: On CRAN ('test-listing_ael04.R:30:3')"/>
    </testcase>
  </testsuite>
  <testsuite name="listing_cml01" timestamp="2023-08-22T14:41:50Z" hostname="d0b94ba27c25" tests="2" skipped="1" failures="0" errors="0" time="0.246">
    <testcase time="0.0609999999999999" classname="listing_cml01" name="CML01_listing_is_produced_correctly"/>
    <testcase time="0.185" classname="listing_cml01" name="CML01_listing_is_produced_correctly">
      <skipped message="Reason: On CRAN ('test-listing_cml01.R:41:3')"/>
    </testcase>
  </testsuite>
  <testsuite name="listing_cml02a_gl" timestamp="2023-08-22T14:41:50Z" hostname="d0b94ba27c25" tests="2" skipped="1" failures="0" errors="0" time="0.078">
    <testcase time="0.0380000000000003" classname="listing_cml02a_gl" name="CML02A_GL_listing_is_produced_correctly"/>
    <testcase time="0.04" classname="listing_cml02a_gl" name="CML02A_GL_listing_is_produced_correctly">
      <skipped message="Reason: On CRAN ('test-listing_cml02a_gl.R:19:3')"/>
    </testcase>
  </testsuite>
  <testsuite name="listing_cml02b_gl" timestamp="2023-08-22T14:41:50Z" hostname="d0b94ba27c25" tests="2" skipped="1" failures="0" errors="0" time="0.088">
    <testcase time="0.0440000000000005" classname="listing_cml02b_gl" name="CML02B_GL_listing_is_produced_correctly"/>
    <testcase time="0.0439999999999996" classname="listing_cml02b_gl" name="CML02B_GL_listing_is_produced_correctly">
      <skipped message="Reason: On CRAN ('test-listing_cml02b_gl.R:22:3')"/>
    </testcase>
  </testsuite>
  <testsuite name="listing_dsl01" timestamp="2023-08-22T14:41:50Z" hostname="d0b94ba27c25" tests="2" skipped="1" failures="0" errors="0" time="0.139">
    <testcase time="0.0389999999999997" classname="listing_dsl01" name="DSL01_listing_is_produced_correctly"/>
    <testcase time="0.100000000000001" classname="listing_dsl01" name="DSL01_listing_is_produced_correctly">
      <skipped message="Reason: On CRAN ('test-listing_dsl01.R:30:3')"/>
    </testcase>
  </testsuite>
  <testsuite name="listing_dsl02" timestamp="2023-08-22T14:41:50Z" hostname="d0b94ba27c25" tests="2" skipped="1" failures="0" errors="0" time="0.083">
    <testcase time="0.0519999999999996" classname="listing_dsl02" name="DSL02_listing_is_produced_correctly"/>
    <testcase time="0.0310000000000006" classname="listing_dsl02" name="DSL02_listing_is_produced_correctly">
      <skipped message="Reason: On CRAN ('test-listing_dsl02.R:36:3')"/>
    </testcase>
  </testsuite>
  <testsuite name="listing_dsur4" timestamp="2023-08-22T14:41:50Z" hostname="d0b94ba27c25" tests="2" skipped="1" failures="0" errors="0" time="0.1">
    <testcase time="0.0349999999999993" classname="listing_dsur4" name="DSUR4_listing_is_produced_correctly"/>
    <testcase time="0.0650000000000004" classname="listing_dsur4" name="DSUR4_listing_is_produced_correctly">
      <skipped message="Reason: On CRAN ('test-listing_dsur4.R:22:3')"/>
    </testcase>
  </testsuite>
  <testsuite name="listing_egl01" timestamp="2023-08-22T14:41:50Z" hostname="d0b94ba27c25" tests="1" skipped="1" failures="0" errors="0" time="0.285">
    <testcase time="0.285" classname="listing_egl01" name="EGL01_listing_is_produced_correctly">
      <skipped message="Reason: On CRAN ('test-listing_egl01.R:61:3')"/>
    </testcase>
  </testsuite>
  <testsuite name="listing_exl01" timestamp="2023-08-22T14:41:51Z" hostname="d0b94ba27c25" tests="1" skipped="1" failures="0" errors="0" time="0.181">
    <testcase time="0.181" classname="listing_exl01" name="EXL01_listing_is_produced_correctly">
      <skipped message="Reason: On CRAN ('test-listing_exl01.R:29:3')"/>
    </testcase>
  </testsuite>
  <testsuite name="listing_lbl01" timestamp="2023-08-22T14:41:51Z" hostname="d0b94ba27c25" tests="1" skipped="1" failures="0" errors="0" time="0.241">
    <testcase time="0.241" classname="listing_lbl01" name="LBL01_listing_is_produced_correctly">
      <skipped message="Reason: On CRAN ('test-listing_lbl01.R:52:3')"/>
    </testcase>
  </testsuite>
  <testsuite name="listing_lbl01_rls" timestamp="2023-08-22T14:41:51Z" hostname="d0b94ba27c25" tests="1" skipped="1" failures="0" errors="0" time="0.248">
    <testcase time="0.248" classname="listing_lbl01_rls" name="LBL01_RLS_listing_is_produced_correctly">
      <skipped message="Reason: On CRAN ('test-listing_lbl01_rls.R:58:3')"/>
    </testcase>
  </testsuite>
  <testsuite name="listing_lbl02a" timestamp="2023-08-22T14:41:51Z" hostname="d0b94ba27c25" tests="2" skipped="1" failures="0" errors="0" time="0.249">
    <testcase time="0.117" classname="listing_lbl02a" name="LBL02A_listing_is_produced_correctly"/>
    <testcase time="0.132" classname="listing_lbl02a" name="LBL02A_listing_is_produced_correctly">
      <skipped message="Reason: On CRAN ('test-listing_lbl02a.R:49:3')"/>
    </testcase>
  </testsuite>
  <testsuite name="listing_lbl02a_rls" timestamp="2023-08-22T14:41:51Z" hostname="d0b94ba27c25" tests="2" skipped="1" failures="0" errors="0" time="0.4">
    <testcase time="0.237" classname="listing_lbl02a_rls" name="LBL02A_RLS_listing_is_produced_correctly"/>
    <testcase time="0.163" classname="listing_lbl02a_rls" name="LBL02A_RLS_listing_is_produced_correctly">
      <skipped message="Reason: On CRAN ('test-listing_lbl02a_rls.R:79:3')"/>
    </testcase>
  </testsuite>
  <testsuite name="listing_lbl02b" timestamp="2023-08-22T14:41:52Z" hostname="d0b94ba27c25" tests="2" skipped="1" failures="0" errors="0" time="0.254">
    <testcase time="0.103" classname="listing_lbl02b" name="LBL02B_listing_is_produced_correctly"/>
    <testcase time="0.151" classname="listing_lbl02b" name="LBL02B_listing_is_produced_correctly">
      <skipped message="Reason: On CRAN ('test-listing_lbl02b.R:55:3')"/>
    </testcase>
  </testsuite>
  <testsuite name="listing_mhl01" timestamp="2023-08-22T14:41:52Z" hostname="d0b94ba27c25" tests="2" skipped="1" failures="0" errors="0" time="0.209">
    <testcase time="0.0510000000000002" classname="listing_mhl01" name="MHL01_listing_is_produced_correctly"/>
    <testcase time="0.157999999999999" classname="listing_mhl01" name="MHL01_listing_is_produced_correctly">
      <skipped message="Reason: On CRAN ('test-listing_mhl01.R:33:3')"/>
    </testcase>
  </testsuite>
  <testsuite name="listing_oncl01" timestamp="2023-08-22T14:41:52Z" hostname="d0b94ba27c25" tests="1" skipped="1" failures="0" errors="0" time="0.227">
    <testcase time="0.227" classname="listing_oncl01" name="ONCL01_listing_is_produced_correctly">
      <skipped message="Reason: On CRAN ('test-listing_oncl01.R:61:3')"/>
    </testcase>
  </testsuite>
  <testsuite name="listing_pkcl01" timestamp="2023-08-22T14:41:53Z" hostname="d0b94ba27c25" tests="2" skipped="1" failures="0" errors="0" time="0.179">
    <testcase time="0.0809999999999995" classname="listing_pkcl01" name="PKCL01_listing_is_produced_correctly"/>
    <testcase time="0.0980000000000008" classname="listing_pkcl01" name="PKCL01_listing_is_produced_correctly">
      <skipped message="Reason: On CRAN ('test-listing_pkcl01.R:28:3')"/>
    </testcase>
  </testsuite>
  <testsuite name="listing_pkcl02" timestamp="2023-08-22T14:41:53Z" hostname="d0b94ba27c25" tests="2" skipped="1" failures="0" errors="0" time="0.26">
    <testcase time="0.0809999999999995" classname="listing_pkcl02" name="PKCL02_listing_is_produced_correctly"/>
    <testcase time="0.179" classname="listing_pkcl02" name="PKCL02_listing_is_produced_correctly">
      <skipped message="Reason: On CRAN ('test-listing_pkcl02.R:63:3')"/>
    </testcase>
  </testsuite>
  <testsuite name="listing_pkpl01" timestamp="2023-08-22T14:41:53Z" hostname="d0b94ba27c25" tests="2" skipped="1" failures="0" errors="0" time="0.147">
    <testcase time="0.0549999999999997" classname="listing_pkpl01" name="PKPL01_listing_is_produced_correctly"/>
    <testcase time="0.0920000000000005" classname="listing_pkpl01" name="PKPL01_listing_is_produced_correctly">
      <skipped message="Reason: On CRAN ('test-listing_pkpl01.R:34:3')"/>
    </testcase>
  </testsuite>
  <testsuite name="listing_pkpl02" timestamp="2023-08-22T14:41:53Z" hostname="d0b94ba27c25" tests="2" skipped="1" failures="0" errors="0" time="0.178">
    <testcase time="0.0750000000000011" classname="listing_pkpl02" name="PKPL02_listing_is_produced_correctly"/>
    <testcase time="0.103" classname="listing_pkpl02" name="PKPL02_listing_is_produced_correctly">
      <skipped message="Reason: On CRAN ('test-listing_pkpl02.R:35:3')"/>
    </testcase>
  </testsuite>
  <testsuite name="listing_pkpl04" timestamp="2023-08-22T14:41:53Z" hostname="d0b94ba27c25" tests="2" skipped="1" failures="0" errors="0" time="0.185">
    <testcase time="0.0689999999999991" classname="listing_pkpl04" name="PKPL04_listing_is_produced_correctly"/>
    <testcase time="0.116000000000001" classname="listing_pkpl04" name="PKPL04_listing_is_produced_correctly">
      <skipped message="Reason: On CRAN ('test-listing_pkpl04.R:50:3')"/>
    </testcase>
  </testsuite>
  <testsuite name="listing_vsl01" timestamp="2023-08-22T14:41:54Z" hostname="d0b94ba27c25" tests="1" skipped="1" failures="0" errors="0" time="0.433">
    <testcase time="0.433" classname="listing_vsl01" name="VSL01_listing_is_produced_correctly">
      <skipped message="Reason: On CRAN ('test-listing_vsl01.R:83:3')"/>
    </testcase>
  </testsuite>
  <testsuite name="pagination_listing" timestamp="2023-08-22T14:41:54Z" hostname="d0b94ba27c25" tests="5" skipped="0" failures="0" errors="0" time="1.948">
    <testcase time="0.0540000000000003" classname="pagination_listing" name="Direct_pagination_works_fine"/>
    <testcase time="0.389999999999999" classname="pagination_listing" name="Direct_pagination_works_fine"/>
    <testcase time="0.00500000000000078" classname="pagination_listing" name="Direct_pagination_works_fine"/>
    <testcase time="0.339" classname="pagination_listing" name="Direct_pagination_works_fine"/>
    <testcase time="1.16" classname="pagination_listing" name="Direct_pagination_works_fine"/>
  </testsuite>
  <testsuite name="pagination_table" timestamp="2023-08-22T14:41:58Z" hostname="d0b94ba27c25" tests="21" skipped="6" failures="0" errors="0" time="14.367">
    <testcase time="2.382" classname="pagination_table" name="Direct_pagination_with_standard_values"/>
    <testcase time="0.00699999999999967" classname="pagination_table" name="Direct_pagination_with_standard_values"/>
    <testcase time="0.00500000000000078" classname="pagination_table" name="Direct_pagination_with_standard_values"/>
    <testcase time="1.581" classname="pagination_table" name="Pagination_with_specific_column_widths_and_minimum_lines_per_page"/>
    <testcase time="0.00499999999999901" classname="pagination_table" name="Pagination_with_specific_column_widths_and_minimum_lines_per_page"/>
    <testcase time="0.105" classname="pagination_table" name="Pagination_with_specific_column_widths_and_minimum_lines_per_page">
      <skipped message="Reason: On CRAN ('test-pagination_table.R:76:3')"/>
    </testcase>
    <testcase time="1.23" classname="pagination_table" name="Pagination_works_also_if_table_is_decorated"/>
    <testcase time="0.620999999999999" classname="pagination_table" name="Pagination_works_also_if_table_is_decorated"/>
    <testcase time="0.983000000000001" classname="pagination_table" name="Pagination_works_also_if_table_is_decorated"/>
    <testcase time="0.809000000000001" classname="pagination_table" name="Pagination_works_also_if_table_is_decorated"/>
    <testcase time="1.653" classname="pagination_table" name="Pagination_works_also_if_table_is_decorated"/>
    <testcase time="0.348000000000003" classname="pagination_table" name="Pagination_works_also_if_table_is_decorated"/>
    <testcase time="0.00499999999999901" classname="pagination_table" name="Pagination_works_also_if_table_is_decorated"/>
    <testcase time="0.00900000000000034" classname="pagination_table" name="Pagination_works_also_if_table_is_decorated">
      <skipped message="Reason: On CRAN ('test-pagination_table.R:126:3')"/>
    </testcase>
    <testcase time="0.863" classname="pagination_table" name="Pagination_works_for_page_types">
      <skipped message="Reason: On CRAN ('test-pagination_table.R:135:3')"/>
    </testcase>
    <testcase time="0.834" classname="pagination_table" name="Pagination_works_for_page_width_and_height">
      <skipped message="Reason: On CRAN ('test-pagination_table.R:148:3')"/>
    </testcase>
    <testcase time="0.901" classname="pagination_table" name="Pagination_works_for_page_types">
      <skipped message="Reason: On CRAN ('test-pagination_table.R:162:3')"/>
    </testcase>
    <testcase time="1.188" classname="pagination_table" name="AET04_variant_2_page_by_pagination_tests"/>
    <testcase time="0.715999999999998" classname="pagination_table" name="AET04_variant_2_page_by_pagination_tests"/>
    <testcase time="0.00200000000000244" classname="pagination_table" name="AET04_variant_2_page_by_pagination_tests"/>
    <testcase time="0.119999999999997" classname="pagination_table" name="AET04_variant_2_page_by_pagination_tests">
      <skipped message="Reason: On CRAN ('test-pagination_table.R:217:3')"/>
    </testcase>
  </testsuite>
  <testsuite name="table_adat03" timestamp="2023-08-22T14:42:10Z" hostname="d0b94ba27c25" tests="2" skipped="1" failures="0" errors="0" time="0.707">
    <testcase time="0.606999999999999" classname="table_adat03" name="ADAT03_is_produced_correctly"/>
    <testcase time="0.100000000000001" classname="table_adat03" name="ADAT03_is_produced_correctly">
      <skipped message="Reason: On CRAN ('test-table_adat03.R:72:3')"/>
    </testcase>
  </testsuite>
  <testsuite name="table_aet01" timestamp="2023-08-22T14:42:11Z" hostname="d0b94ba27c25" tests="8" skipped="4" failures="0" errors="0" time="2.324">
    <testcase time="0.558" classname="table_aet01" name="Safety_Summary_Variant_1_works_as_expected"/>
    <testcase time="0.105" classname="table_aet01" name="Safety_Summary_Variant_1_works_as_expected">
      <skipped message="Reason: On CRAN ('test-table_aet01.R:105:3')"/>
    </testcase>
    <testcase time="0.454999999999998" classname="table_aet01" name="Safety_Summary_Variant_2_with_Medical_Concepts_Section_works_as_expected"/>
    <testcase time="0.118000000000002" classname="table_aet01" name="Safety_Summary_Variant_2_with_Medical_Concepts_Section_works_as_expected">
      <skipped message="Reason: On CRAN ('test-table_aet01.R:171:3')"/>
    </testcase>
    <testcase time="0.370999999999999" classname="table_aet01" name="Safety_Summary_Variant_3_with_Modified_Rows_works_as_expected"/>
    <testcase time="0.0890000000000022" classname="table_aet01" name="Safety_Summary_Variant_3_with_Modified_Rows_works_as_expected">
      <skipped message="Reason: On CRAN ('test-table_aet01.R:232:3')"/>
    </testcase>
    <testcase time="0.517999999999997" classname="table_aet01" name="Safety_Summary_Variant_4_with_Rows_Counting_Events_and_Additional_Sections_works_as_expected"/>
    <testcase time="0.110000000000003" classname="table_aet01" name="Safety_Summary_Variant_4_with_Rows_Counting_Events_and_Additional_Sections_works_as_expected">
      <skipped message="Reason: On CRAN ('test-table_aet01.R:309:3')"/>
    </testcase>
  </testsuite>
  <testsuite name="table_aet01_aesi" timestamp="2023-08-22T14:42:13Z" hostname="d0b94ba27c25" tests="8" skipped="4" failures="0" errors="0" time="3.315">
    <testcase time="0.385999999999999" classname="table_aet01_aesi" name="AET01_AESI_Variant_1_works_as_expected"/>
    <testcase time="0.097999999999999" classname="table_aet01_aesi" name="AET01_AESI_Variant_1_works_as_expected">
      <skipped message="Reason: On CRAN ('test-table_aet01_aesi.R:115:3')"/>
    </testcase>
    <testcase time="0.635999999999999" classname="table_aet01_aesi" name="AET01_AESI_Variant_2_works_as_expected"/>
    <testcase time="0.149000000000001" classname="table_aet01_aesi" name="AET01_AESI_Variant_2_works_as_expected">
      <skipped message="Reason: On CRAN ('test-table_aet01_aesi.R:181:3')"/>
    </testcase>
    <testcase time="1.068" classname="table_aet01_aesi" name="AET01_AESI_Variant_3_works_as_expected"/>
    <testcase time="0.195999999999998" classname="table_aet01_aesi" name="AET01_AESI_Variant_3_works_as_expected">
      <skipped message="Reason: On CRAN ('test-table_aet01_aesi.R:414:3')"/>
    </testcase>
    <testcase time="0.637999999999998" classname="table_aet01_aesi" name="AET01_AESI_Variant_4_works_as_expected"/>
    <testcase time="0.144000000000005" classname="table_aet01_aesi" name="AET01_AESI_Variant_4_works_as_expected">
      <skipped message="Reason: On CRAN ('test-table_aet01_aesi.R:553:3')"/>
    </testcase>
  </testsuite>
  <testsuite name="table_aet02" timestamp="2023-08-22T14:42:17Z" hostname="d0b94ba27c25" tests="24" skipped="12" failures="0" errors="0" time="9.994">
    <testcase time="0.928999999999995" classname="table_aet02" name="AET02_variant_1_is_produced_correctly"/>
    <testcase time="0.166000000000004" classname="table_aet02" name="AET02_variant_1_is_produced_correctly">
      <skipped message="Reason: On CRAN ('test-table_aet02.R:66:3')"/>
    </testcase>
    <testcase time="1.027" classname="table_aet02" name="AET02_variant_2_is_produced_correctly"/>
    <testcase time="0.184999999999995" classname="table_aet02" name="AET02_variant_2_is_produced_correctly">
      <skipped message="Reason: On CRAN ('test-table_aet02.R:126:3')"/>
    </testcase>
    <testcase time="1.143" classname="table_aet02" name="AET02_variant_3_is_produced_correctly"/>
    <testcase time="0.501000000000005" classname="table_aet02" name="AET02_variant_3_is_produced_correctly">
      <skipped message="Reason: On CRAN ('test-table_aet02.R:192:3')"/>
    </testcase>
    <testcase time="0.145999999999994" classname="table_aet02" name="AET02_variant_4_is_produced_correctly"/>
    <testcase time="0.0680000000000049" classname="table_aet02" name="AET02_variant_4_is_produced_correctly">
      <skipped message="Reason: On CRAN ('test-table_aet02.R:217:3')"/>
    </testcase>
    <testcase time="0.595999999999997" classname="table_aet02" name="AET02_variant_5_is_produced_correctly"/>
    <testcase time="0.138000000000005" classname="table_aet02" name="AET02_variant_5_is_produced_correctly">
      <skipped message="Reason: On CRAN ('test-table_aet02.R:264:3')"/>
    </testcase>
    <testcase time="0.558" classname="table_aet02" name="AET02_variant_6_is_produced_correctly"/>
    <testcase time="0.0889999999999986" classname="table_aet02" name="AET02_variant_6_is_produced_correctly">
      <skipped message="Reason: On CRAN ('test-table_aet02.R:311:3')"/>
    </testcase>
    <testcase time="1.01" classname="table_aet02" name="AET02_variant_7_is_produced_correctly"/>
    <testcase time="0.109000000000002" classname="table_aet02" name="AET02_variant_7_is_produced_correctly">
      <skipped message="Reason: On CRAN ('test-table_aet02.R:374:3')"/>
    </testcase>
    <testcase time="0.579999999999998" classname="table_aet02" name="AET02_variant_8_is_produced_correctly"/>
    <testcase time="0.0889999999999986" classname="table_aet02" name="AET02_variant_8_is_produced_correctly">
      <skipped message="Reason: On CRAN ('test-table_aet02.R:421:3')"/>
    </testcase>
    <testcase time="0.565000000000005" classname="table_aet02" name="AET02_variant_9_is_produced_correctly"/>
    <testcase time="0.0879999999999939" classname="table_aet02" name="AET02_variant_9_is_produced_correctly">
      <skipped message="Reason: On CRAN ('test-table_aet02.R:468:3')"/>
    </testcase>
    <testcase time="0.557000000000002" classname="table_aet02" name="AET02_variant_10_is_produced_correctly"/>
    <testcase time="0.0609999999999999" classname="table_aet02" name="AET02_variant_10_is_produced_correctly">
      <skipped message="Reason: On CRAN ('test-table_aet02.R:515:3')"/>
    </testcase>
    <testcase time="0.651000000000003" classname="table_aet02" name="AET02_variant_11_is_produced_correctly"/>
    <testcase time="0.0829999999999984" classname="table_aet02" name="AET02_variant_11_is_produced_correctly">
      <skipped message="Reason: On CRAN ('test-table_aet02.R:562:3')"/>
    </testcase>
    <testcase time="0.582000000000001" classname="table_aet02" name="AET02_variant_12_is_produced_correctly"/>
    <testcase time="0.0730000000000004" classname="table_aet02" name="AET02_variant_12_is_produced_correctly">
      <skipped message="Reason: On CRAN ('test-table_aet02.R:608:3')"/>
    </testcase>
  </testsuite>
  <testsuite name="table_aet02_smq" timestamp="2023-08-22T14:42:27Z" hostname="d0b94ba27c25" tests="4" skipped="2" failures="0" errors="0" time="0.528">
    <testcase time="0.166999999999994" classname="table_aet02_smq" name="AET02SMQ_variant_1_is_produced_correctly"/>
    <testcase time="0.0490000000000066" classname="table_aet02_smq" name="AET02SMQ_variant_1_is_produced_correctly">
      <skipped message="Reason: On CRAN ('test-table_aet02_smq.R:52:3')"/>
    </testcase>
    <testcase time="0.245999999999995" classname="table_aet02_smq" name="AET02SMQ_variant_2_is_produced_correctly"/>
    <testcase time="0.0660000000000025" classname="table_aet02_smq" name="AET02SMQ_variant_2_is_produced_correctly">
      <skipped message="Reason: On CRAN ('test-table_aet02_smq.R:91:3')"/>
    </testcase>
  </testsuite>
  <testsuite name="table_aet03" timestamp="2023-08-22T14:42:27Z" hostname="d0b94ba27c25" tests="2" skipped="1" failures="0" errors="0" time="1.751">
    <testcase time="1.456" classname="table_aet03" name="AET03_variant_1_is_produced_correctly"/>
    <testcase time="0.295000000000002" classname="table_aet03" name="AET03_variant_1_is_produced_correctly">
      <skipped message="Reason: On CRAN ('test-table_aet03.R:77:3')"/>
    </testcase>
  </testsuite>
  <testsuite name="table_aet04" timestamp="2023-08-22T14:42:31Z" hostname="d0b94ba27c25" tests="16" skipped="8" failures="0" errors="0" time="13.753">
    <testcase time="2.165" classname="table_aet04" name="AET04_variant_1_is_produced_correctly"/>
    <testcase time="0.349000000000004" classname="table_aet04" name="AET04_variant_1_is_produced_correctly">
      <skipped message="Reason: On CRAN ('test-table_aet04.R:106:3')"/>
    </testcase>
    <testcase time="1.926" classname="table_aet04" name="AET04_variant_2_is_produced_correctly_Fill_in_of_Treatment_Groups_"/>
    <testcase time="0.336999999999996" classname="table_aet04" name="AET04_variant_2_is_produced_correctly_Fill_in_of_Treatment_Groups_">
      <skipped message="Reason: On CRAN ('test-table_aet04.R:188:3')"/>
    </testcase>
    <testcase time="2.097" classname="table_aet04" name="AET04_variant_3_is_produced_correctly_Fill_in_of_Grades_"/>
    <testcase time="0.661000000000001" classname="table_aet04" name="AET04_variant_3_is_produced_correctly_Fill_in_of_Grades_">
      <skipped message="Reason: On CRAN ('test-table_aet04.R:267:3')"/>
    </testcase>
    <testcase time="2.143" classname="table_aet04" name="AET04_variant_4_is_produced_correctly_Collapsing_of_Grades_grades_1_2_grades_3_4_5_"/>
    <testcase time="0.373999999999995" classname="table_aet04" name="AET04_variant_4_is_produced_correctly_Collapsing_of_Grades_grades_1_2_grades_3_4_5_">
      <skipped message="Reason: On CRAN ('test-table_aet04.R:352:3')"/>
    </testcase>
    <testcase time="2.188" classname="table_aet04" name="AET04_variant_6_is_produced_correctly_with_an_Incidence_Rate_of_at_Least_5_totals_restricted_"/>
    <testcase time="0.359000000000002" classname="table_aet04" name="AET04_variant_6_is_produced_correctly_with_an_Incidence_Rate_of_at_Least_5_totals_restricted_">
      <skipped message="Reason: On CRAN ('test-table_aet04.R:463:5')"/>
    </testcase>
    <testcase time="0.0259999999999962" classname="table_aet04" name="AET04_variant_8_is_produced_correctly_with_an_Incidence_Rate_of_at_Least_X_Patients_"/>
    <testcase time="0.347000000000001" classname="table_aet04" name="AET04_variant_8_is_produced_correctly_with_an_Incidence_Rate_of_at_Least_X_Patients_">
      <skipped message="Reason: On CRAN ('test-table_aet04.R:484:3')"/>
    </testcase>
    <testcase time="0.0510000000000019" classname="table_aet04" name="AET04_variant_9_is_produced_correctly_with_a_Difference_in_Incidence_Rate_of_at_Least_X_"/>
    <testcase time="0.353000000000002" classname="table_aet04" name="AET04_variant_9_is_produced_correctly_with_a_Difference_in_Incidence_Rate_of_at_Least_X_">
      <skipped message="Reason: On CRAN ('test-table_aet04.R:500:3')"/>
    </testcase>
    <testcase time="0.0259999999999962" classname="table_aet04" name="AET04_variant_11_is_produced_correctly_with_Incidence_Rate_of_at_Least_X_all_SOCs_w_o_preferred_terms_removed_"/>
    <testcase time="0.350999999999999" classname="table_aet04" name="AET04_variant_11_is_produced_correctly_with_Incidence_Rate_of_at_Least_X_all_SOCs_w_o_preferred_terms_removed_">
      <skipped message="Reason: On CRAN ('test-table_aet04.R:522:5')"/>
    </testcase>
  </testsuite>
  <testsuite name="table_aet04_pi" timestamp="2023-08-22T14:42:43Z" hostname="d0b94ba27c25" tests="18" skipped="9" failures="0" errors="0" time="9.229">
    <testcase time="0.877000000000002" classname="table_aet04_pi" name="AET04_PI_full_table_is_produced_correctly"/>
    <testcase time="0.202999999999996" classname="table_aet04_pi" name="AET04_PI_full_table_is_produced_correctly">
      <skipped message="Reason: On CRAN ('test-table_aet04_pi.R:62:3')"/>
    </testcase>
    <testcase time="0.930000000000007" classname="table_aet04_pi" name="AET04_PI_variant_1_is_produced_correctly"/>
    <testcase time="0.157999999999994" classname="table_aet04_pi" name="AET04_PI_variant_1_is_produced_correctly">
      <skipped message="Reason: On CRAN ('test-table_aet04_pi.R:84:3')"/>
    </testcase>
    <testcase time="1.047" classname="table_aet04_pi" name="AET04_PI_variant_2_is_produced_correctly"/>
    <testcase time="0.0959999999999965" classname="table_aet04_pi" name="AET04_PI_variant_2_is_produced_correctly">
      <skipped message="Reason: On CRAN ('test-table_aet04_pi.R:107:3')"/>
    </testcase>
    <testcase time="0.922000000000004" classname="table_aet04_pi" name="AET04_PI_variant_3_is_produced_correctly"/>
    <testcase time="0.0910000000000011" classname="table_aet04_pi" name="AET04_PI_variant_3_is_produced_correctly">
      <skipped message="Reason: On CRAN ('test-table_aet04_pi.R:130:3')"/>
    </testcase>
    <testcase time="0.932000000000002" classname="table_aet04_pi" name="AET04_PI_variant_4_is_produced_correctly"/>
    <testcase time="0.10499999999999" classname="table_aet04_pi" name="AET04_PI_variant_4_is_produced_correctly">
      <skipped message="Reason: On CRAN ('test-table_aet04_pi.R:154:3')"/>
    </testcase>
    <testcase time="0.932000000000002" classname="table_aet04_pi" name="AET04_PI_variant_5_is_produced_correctly"/>
    <testcase time="0.109999999999999" classname="table_aet04_pi" name="AET04_PI_variant_5_is_produced_correctly">
      <skipped message="Reason: On CRAN ('test-table_aet04_pi.R:178:3')"/>
    </testcase>
    <testcase time="1.14400000000001" classname="table_aet04_pi" name="AET04_PI_variant_6_is_produced_correctly"/>
    <testcase time="0.122" classname="table_aet04_pi" name="AET04_PI_variant_6_is_produced_correctly">
      <skipped message="Reason: On CRAN ('test-table_aet04_pi.R:229:3')"/>
    </testcase>
    <testcase time="1.12599999999999" classname="table_aet04_pi" name="AET04_PI_variant_7_is_produced_correctly"/>
    <testcase time="0.12700000000001" classname="table_aet04_pi" name="AET04_PI_variant_7_is_produced_correctly">
      <skipped message="Reason: On CRAN ('test-table_aet04_pi.R:280:3')"/>
    </testcase>
    <testcase time="0.187999999999988" classname="table_aet04_pi" name="AET04_PI_variant_8_is_produced_correctly"/>
    <testcase time="0.119000000000014" classname="table_aet04_pi" name="AET04_PI_variant_8_is_produced_correctly">
      <skipped message="Reason: On CRAN ('test-table_aet04_pi.R:314:3')"/>
    </testcase>
  </testsuite>
  <testsuite name="table_aet05" timestamp="2023-08-22T14:42:52Z" hostname="d0b94ba27c25" tests="4" skipped="2" failures="0" errors="0" time="0.347">
    <testcase time="0.180999999999997" classname="table_aet05" name="AET05_variant_1_is_produced_correctly"/>
    <testcase time="0.0459999999999923" classname="table_aet05" name="AET05_variant_1_is_produced_correctly">
      <skipped message="Reason: On CRAN ('test-table_aet05.R:25:3')"/>
    </testcase>
    <testcase time="0.0799999999999983" classname="table_aet05" name="AET05_variant_2_is_produced_correctly"/>
    <testcase time="0.0400000000000063" classname="table_aet05" name="AET05_variant_2_is_produced_correctly">
      <skipped message="Reason: On CRAN ('test-table_aet05.R:40:3')"/>
    </testcase>
  </testsuite>
  <testsuite name="table_aet05_all" timestamp="2023-08-22T14:42:52Z" hostname="d0b94ba27c25" tests="4" skipped="2" failures="0" errors="0" time="0.324">
    <testcase time="0.165999999999997" classname="table_aet05_all" name="AET05_ALL_variant_1_is_produced_correctly"/>
    <testcase time="0.0460000000000065" classname="table_aet05_all" name="AET05_ALL_variant_1_is_produced_correctly">
      <skipped message="Reason: On CRAN ('test-table_aet05_all.R:32:3')"/>
    </testcase>
    <testcase time="0.0720000000000027" classname="table_aet05_all" name="AET05_ALL_variant_2_is_produced_correctly"/>
    <testcase time="0.039999999999992" classname="table_aet05_all" name="AET05_ALL_variant_2_is_produced_correctly">
      <skipped message="Reason: On CRAN ('test-table_aet05_all.R:47:3')"/>
    </testcase>
  </testsuite>
  <testsuite name="table_aet06" timestamp="2023-08-22T14:42:53Z" hostname="d0b94ba27c25" tests="6" skipped="3" failures="0" errors="0" time="5.46">
    <testcase time="1.074" classname="table_aet06" name="AET06_variant_1_is_produced_correctly"/>
    <testcase time="0.213000000000008" classname="table_aet06" name="AET06_variant_1_is_produced_correctly">
      <skipped message="Reason: On CRAN ('test-table_aet06.R:81:3')"/>
    </testcase>
    <testcase time="1.887" classname="table_aet06" name="AET06_variant_3_is_produced_correctly"/>
    <testcase time="0.274000000000001" classname="table_aet06" name="AET06_variant_3_is_produced_correctly">
      <skipped message="Reason: On CRAN ('test-table_aet06.R:133:3')"/>
    </testcase>
    <testcase time="1.70099999999999" classname="table_aet06" name="AET06_variant_5_is_produced_correctly"/>
    <testcase time="0.311000000000007" classname="table_aet06" name="AET06_variant_5_is_produced_correctly">
      <skipped message="Reason: On CRAN ('test-table_aet06.R:177:3')"/>
    </testcase>
  </testsuite>
  <testsuite name="table_aet06_smq" timestamp="2023-08-22T14:42:58Z" hostname="d0b94ba27c25" tests="4" skipped="2" failures="0" errors="0" time="1.562">
    <testcase time="0.611999999999995" classname="table_aet06_smq" name="AET06_SMQ_variant_1_is_produced_correctly"/>
    <testcase time="0.149999999999991" classname="table_aet06_smq" name="AET06_SMQ_variant_1_is_produced_correctly">
      <skipped message="Reason: On CRAN ('test-table_aet06_smq.R:73:3')"/>
    </testcase>
    <testcase time="0.64500000000001" classname="table_aet06_smq" name="AET06_SMQ_variant_2_is_produced_correctly"/>
    <testcase time="0.155000000000001" classname="table_aet06_smq" name="AET06_SMQ_variant_2_is_produced_correctly">
      <skipped message="Reason: On CRAN ('test-table_aet06_smq.R:160:3')"/>
    </testcase>
  </testsuite>
  <testsuite name="table_aet07" timestamp="2023-08-22T14:43:00Z" hostname="d0b94ba27c25" tests="4" skipped="2" failures="0" errors="0" time="0.298">
    <testcase time="0.114999999999995" classname="table_aet07" name="AET07_variant_1_is_produced_correctly"/>
    <testcase time="0.0310000000000059" classname="table_aet07" name="AET07_variant_1_is_produced_correctly">
      <skipped message="Reason: On CRAN ('test-table_aet07.R:49:3')"/>
    </testcase>
    <testcase time="0.114999999999995" classname="table_aet07" name="AET07_variant_2_is_produced_correctly"/>
    <testcase time="0.0370000000000061" classname="table_aet07" name="AET07_variant_2_is_produced_correctly">
      <skipped message="Reason: On CRAN ('test-table_aet07.R:78:3')"/>
    </testcase>
  </testsuite>
  <testsuite name="table_aet09" timestamp="2023-08-22T14:43:00Z" hostname="d0b94ba27c25" tests="4" skipped="2" failures="0" errors="0" time="1.513">
    <testcase time="0.543999999999997" classname="table_aet09" name="AET09_variant_1_is_produced_correctly_AE_related_to_study_drug"/>
    <testcase time="0.125" classname="table_aet09" name="AET09_variant_1_is_produced_correctly_AE_related_to_study_drug">
      <skipped message="Reason: On CRAN ('test-table_aet09.R:43:3')"/>
    </testcase>
    <testcase time="0.676000000000002" classname="table_aet09" name="AET09_variant_2_is_produced_correctly_AE_related_to_study_drug_including_high_level_terms_"/>
    <testcase time="0.167999999999992" classname="table_aet09" name="AET09_variant_2_is_produced_correctly_AE_related_to_study_drug_including_high_level_terms_">
      <skipped message="Reason: On CRAN ('test-table_aet09.R:100:3')"/>
    </testcase>
  </testsuite>
  <testsuite name="table_aet09_smq" timestamp="2023-08-22T14:43:01Z" hostname="d0b94ba27c25" tests="4" skipped="2" failures="0" errors="0" time="0.651">
    <testcase time="0.189999999999998" classname="table_aet09_smq" name="AET09_variant_1_AEs_related_to_study_drug_by_SMQ_is_produced_correctly"/>
    <testcase time="0.0510000000000019" classname="table_aet09_smq" name="AET09_variant_1_AEs_related_to_study_drug_by_SMQ_is_produced_correctly">
      <skipped message="Reason: On CRAN ('test-table_aet09_smq.R:69:3')"/>
    </testcase>
    <testcase time="0.329999999999998" classname="table_aet09_smq" name="AET09_variant_2_AEs_related_to_study_drug_by_SMQ_with_customized_queries_is_produced_correctly"/>
    <testcase time="0.0799999999999983" classname="table_aet09_smq" name="AET09_variant_2_AEs_related_to_study_drug_by_SMQ_with_customized_queries_is_produced_correctly">
      <skipped message="Reason: On CRAN ('test-table_aet09_smq.R:128:5')"/>
    </testcase>
  </testsuite>
  <testsuite name="table_aet10" timestamp="2023-08-22T14:43:02Z" hostname="d0b94ba27c25" tests="2" skipped="1" failures="0" errors="0" time="0.181">
    <testcase time="0.137" classname="table_aet10" name="AET10_default_variant_is_produced_correctly"/>
    <testcase time="0.0439999999999969" classname="table_aet10" name="AET10_default_variant_is_produced_correctly">
      <skipped message="Reason: On CRAN ('test-table_aet10.R:23:3')"/>
    </testcase>
  </testsuite>
  <testsuite name="table_aovt01" timestamp="2023-08-22T14:43:02Z" hostname="d0b94ba27c25" tests="4" skipped="2" failures="0" errors="0" time="1.354">
    <testcase time="0.403000000000006" classname="table_aovt01" name="AOVT01_variant_with_single_endpoint_is_produced_correctly"/>
    <testcase time="0.063999999999993" classname="table_aovt01" name="AOVT01_variant_with_single_endpoint_is_produced_correctly">
      <skipped message="Reason: On CRAN ('test-table_aovt01.R:33:3')"/>
    </testcase>
    <testcase time="0.756" classname="table_aovt01" name="AOVT01_variant_with_multiple_endpoints_is_produced_correctly"/>
    <testcase time="0.131" classname="table_aovt01" name="AOVT01_variant_with_multiple_endpoints_is_produced_correctly">
      <skipped message="Reason: On CRAN ('test-table_aovt01.R:52:3')"/>
    </testcase>
  </testsuite>
  <testsuite name="table_aovt02" timestamp="2023-08-22T14:43:04Z" hostname="d0b94ba27c25" tests="2" skipped="1" failures="0" errors="0" time="0.495">
    <testcase time="0.430000000000007" classname="table_aovt02" name="AOVT02_is_produced_correctly"/>
    <testcase time="0.0649999999999977" classname="table_aovt02" name="AOVT02_is_produced_correctly">
      <skipped message="Reason: On CRAN ('test-table_aovt02.R:42:3')"/>
    </testcase>
  </testsuite>
  <testsuite name="table_aovt03" timestamp="2023-08-22T14:43:04Z" hostname="d0b94ba27c25" tests="2" skipped="1" failures="0" errors="0" time="1.108">
    <testcase time="0.951000000000008" classname="table_aovt03" name="AOVT03_is_produced_correctly"/>
    <testcase time="0.156999999999996" classname="table_aovt03" name="AOVT03_is_produced_correctly">
      <skipped message="Reason: On CRAN ('test-table_aovt03.R:44:3')"/>
    </testcase>
  </testsuite>
  <testsuite name="table_cfbt01" timestamp="2023-08-22T14:43:05Z" hostname="d0b94ba27c25" tests="2" skipped="1" failures="0" errors="0" time="0.785">
    <testcase time="0.593000000000004" classname="table_cfbt01" name="CFBT01_default_variant_is_produced_correctly"/>
    <testcase time="0.191999999999993" classname="table_cfbt01" name="CFBT01_default_variant_is_produced_correctly">
      <skipped message="Reason: On CRAN ('test-table_cfbt01.R:64:3')"/>
    </testcase>
  </testsuite>
  <testsuite name="table_cmht01" timestamp="2023-08-22T14:43:06Z" hostname="d0b94ba27c25" tests="4" skipped="2" failures="0" errors="0" time="2.189">
    <testcase time="0.527000000000001" classname="table_cmht01" name="CMHT01_variant_1_is_produced_correctly"/>
    <testcase time="0.0679999999999978" classname="table_cmht01" name="CMHT01_variant_1_is_produced_correctly">
      <skipped message="Reason: On CRAN ('test-table_cmht01.R:54:3')"/>
    </testcase>
    <testcase time="1.333" classname="table_cmht01" name="CMHT01_variant_2_is_produced_correctly"/>
    <testcase time="0.260999999999996" classname="table_cmht01" name="CMHT01_variant_2_is_produced_correctly">
      <skipped message="Reason: On CRAN ('test-table_cmht01.R:114:3')"/>
    </testcase>
  </testsuite>
  <testsuite name="table_cmt01" timestamp="2023-08-22T14:43:08Z" hostname="d0b94ba27c25" tests="8" skipped="4" failures="0" errors="0" time="1.808">
    <testcase time="0.396000000000001" classname="table_cmt01" name="CMT01_default_variant_Concomitant_medications_is_produced_correctly"/>
    <testcase time="0.0960000000000036" classname="table_cmt01" name="CMT01_default_variant_Concomitant_medications_is_produced_correctly">
      <skipped message="Reason: On CRAN ('test-table_cmt01.R:36:3')"/>
    </testcase>
    <testcase time="0.287000000000006" classname="table_cmt01" name="CMT01_variant_1_prior_medications_is_produced_correctly"/>
    <testcase time="0.0769999999999982" classname="table_cmt01" name="CMT01_variant_1_prior_medications_is_produced_correctly">
      <skipped message="Reason: On CRAN ('test-table_cmt01.R:71:3')"/>
    </testcase>
    <testcase time="0.364000000000004" classname="table_cmt01" name="CMT01_variant_3_Concomitant_medications_is_produced_correctly"/>
    <testcase time="0.0999999999999943" classname="table_cmt01" name="CMT01_variant_3_Concomitant_medications_is_produced_correctly">
      <skipped message="Reason: On CRAN ('test-table_cmt01.R:104:3')"/>
    </testcase>
    <testcase time="0.376000000000005" classname="table_cmt01" name="CMT01_variant_4_Concomitant_medications_is_produced_correctly"/>
    <testcase time="0.111999999999995" classname="table_cmt01" name="CMT01_variant_4_Concomitant_medications_is_produced_correctly">
      <skipped message="Reason: On CRAN ('test-table_cmt01.R:135:3')"/>
    </testcase>
  </testsuite>
  <testsuite name="table_cmt01a" timestamp="2023-08-22T14:43:10Z" hostname="d0b94ba27c25" tests="8" skipped="4" failures="0" errors="0" time="3.792">
    <testcase time="0.841999999999999" classname="table_cmt01a" name="CMT01A_variant_1_is_produced_correctly"/>
    <testcase time="0.170000000000002" classname="table_cmt01a" name="CMT01A_variant_1_is_produced_correctly">
      <skipped message="Reason: On CRAN ('test-table_cmt01a.R:59:3')"/>
    </testcase>
    <testcase time="0.778000000000006" classname="table_cmt01a" name="CMT01A_variant_2_is_produced_correctly"/>
    <testcase time="0.176999999999992" classname="table_cmt01a" name="CMT01A_variant_2_is_produced_correctly">
      <skipped message="Reason: On CRAN ('test-table_cmt01a.R:105:3')"/>
    </testcase>
    <testcase time="0.781999999999996" classname="table_cmt01a" name="CMT01A_variant_3_is_produced_correctly"/>
    <testcase time="0.177000000000007" classname="table_cmt01a" name="CMT01A_variant_3_is_produced_correctly">
      <skipped message="Reason: On CRAN ('test-table_cmt01a.R:148:3')"/>
    </testcase>
    <testcase time="0.715999999999994" classname="table_cmt01a" name="CMT01A_variant_4_is_produced_correctly"/>
    <testcase time="0.150000000000006" classname="table_cmt01a" name="CMT01A_variant_4_is_produced_correctly">
      <skipped message="Reason: On CRAN ('test-table_cmt01a.R:193:3')"/>
    </testcase>
  </testsuite>
  <testsuite name="table_cmt01b" timestamp="2023-08-22T14:43:14Z" hostname="d0b94ba27c25" tests="6" skipped="3" failures="0" errors="0" time="4.261">
    <testcase time="1.232" classname="table_cmt01b" name="CMT01B_variant_1_is_produced_correctly"/>
    <testcase time="0.274000000000001" classname="table_cmt01b" name="CMT01B_variant_1_is_produced_correctly">
      <skipped message="Reason: On CRAN ('test-table_cmt01b.R:88:3')"/>
    </testcase>
    <testcase time="0.884" classname="table_cmt01b" name="CMT01B_variant_2_is_produced_correctly"/>
    <testcase time="0.204999999999998" classname="table_cmt01b" name="CMT01B_variant_2_is_produced_correctly">
      <skipped message="Reason: On CRAN ('test-table_cmt01b.R:146:3')"/>
    </testcase>
    <testcase time="1.376" classname="table_cmt01b" name="CMT01B_variant_4_is_produced_correctly"/>
    <testcase time="0.289999999999992" classname="table_cmt01b" name="CMT01B_variant_4_is_produced_correctly">
      <skipped message="Reason: On CRAN ('test-table_cmt01b.R:219:3')"/>
    </testcase>
  </testsuite>
  <testsuite name="table_cmt02_pt" timestamp="2023-08-22T14:43:18Z" hostname="d0b94ba27c25" tests="2" skipped="1" failures="0" errors="0" time="0.342">
    <testcase time="0.275999999999996" classname="table_cmt02_pt" name="CMT02_PT_default_variant_is_produced_correctly"/>
    <testcase time="0.0660000000000025" classname="table_cmt02_pt" name="CMT02_PT_default_variant_is_produced_correctly">
      <skipped message="Reason: On CRAN ('test-table_cmt02_pt.R:42:3')"/>
    </testcase>
  </testsuite>
  <testsuite name="table_coxt01" timestamp="2023-08-22T14:43:18Z" hostname="d0b94ba27c25" tests="8" skipped="4" failures="0" errors="0" time="2.285">
    <testcase time="0.394000000000005" classname="table_coxt01" name="1._Cox_Regression"/>
    <testcase time="0.0499999999999972" classname="table_coxt01" name="1._Cox_Regression">
      <skipped message="Reason: On CRAN ('test-table_coxt01.R:31:3')"/>
    </testcase>
    <testcase time="0.537000000000006" classname="table_coxt01" name="2._Cox_Regression_with_Interaction_Term_"/>
    <testcase time="0.0759999999999934" classname="table_coxt01" name="2._Cox_Regression_with_Interaction_Term_">
      <skipped message="Reason: On CRAN ('test-table_coxt01.R:50:3')"/>
    </testcase>
    <testcase time="0.519000000000005" classname="table_coxt01" name="3._Cox_Regression_specifying_covariates_"/>
    <testcase time="0.0859999999999985" classname="table_coxt01" name="3._Cox_Regression_specifying_covariates_">
      <skipped message="Reason: On CRAN ('test-table_coxt01.R:71:3')"/>
    </testcase>
    <testcase time="0.515999999999991" classname="table_coxt01" name="4._Cox_Regression_setting_strata_ties_and_alpha_level_"/>
    <testcase time="0.107000000000014" classname="table_coxt01" name="4._Cox_Regression_setting_strata_ties_and_alpha_level_">
      <skipped message="Reason: On CRAN ('test-table_coxt01.R:97:3')"/>
    </testcase>
  </testsuite>
  <testsuite name="table_coxt02" timestamp="2023-08-22T14:43:21Z" hostname="d0b94ba27c25" tests="4" skipped="2" failures="0" errors="0" time="0.893">
    <testcase time="0.399999999999991" classname="table_coxt02" name="COXT02_default_variant_1_is_produced_correctly"/>
    <testcase time="0.0570000000000022" classname="table_coxt02" name="COXT02_default_variant_1_is_produced_correctly">
      <skipped message="Reason: On CRAN ('test-table_coxt02.R:30:3')"/>
    </testcase>
    <testcase time="0.385999999999996" classname="table_coxt02" name="COXT02_variant_5_is_produced_correctly"/>
    <testcase time="0.0499999999999972" classname="table_coxt02" name="COXT02_variant_5_is_produced_correctly">
      <skipped message="Reason: On CRAN ('test-table_coxt02.R:48:3')"/>
    </testcase>
  </testsuite>
  <testsuite name="table_disclosures" timestamp="2023-08-22T14:43:22Z" hostname="d0b94ba27c25" tests="12" skipped="6" failures="0" errors="0" time="2.289">
    <testcase time="0.25800000000001" classname="table_disclosures" name="Patient_Disposition_table_is_produced_correctly"/>
    <testcase time="0.0699999999999932" classname="table_disclosures" name="Patient_Disposition_table_is_produced_correctly">
      <skipped message="Reason: On CRAN ('test-table_disclosures.R:110:3')"/>
    </testcase>
    <testcase time="0.27600000000001" classname="table_disclosures" name="Demographic_table_is_produced_correctly"/>
    <testcase time="0.145999999999987" classname="table_disclosures" name="Demographic_table_is_produced_correctly">
      <skipped message="Reason: On CRAN ('test-table_disclosures.R:131:3')"/>
    </testcase>
    <testcase time="0.109000000000009" classname="table_disclosures" name="Enrollment_by_Country_Table_is_produced_correctly"/>
    <testcase time="0.116" classname="table_disclosures" name="Enrollment_by_Country_Table_is_produced_correctly">
      <skipped message="Reason: On CRAN ('test-table_disclosures.R:143:3')"/>
    </testcase>
    <testcase time="0.0919999999999987" classname="table_disclosures" name="Death_table_is_produced_correctly"/>
    <testcase time="0.034000000000006" classname="table_disclosures" name="Death_table_is_produced_correctly">
      <skipped message="Reason: On CRAN ('test-table_disclosures.R:161:3')"/>
    </testcase>
    <testcase time="0.444999999999993" classname="table_disclosures" name="Table_of_Serious_Adverse_Events_is_produced_correctly_for_one_specific_treatment_arm_"/>
    <testcase time="0.0670000000000073" classname="table_disclosures" name="Table_of_Serious_Adverse_Events_is_produced_correctly_for_one_specific_treatment_arm_">
      <skipped message="Reason: On CRAN ('test-table_disclosures.R:189:3')"/>
    </testcase>
    <testcase time="0.565999999999988" classname="table_disclosures" name="Table_of_Non_Serious_Adverse_Events_is_produced_correctly"/>
    <testcase time="0.109999999999999" classname="table_disclosures" name="Table_of_Non_Serious_Adverse_Events_is_produced_correctly">
      <skipped message="Reason: On CRAN ('test-table_disclosures.R:211:3')"/>
    </testcase>
  </testsuite>
  <testsuite name="table_dmt01" timestamp="2023-08-22T14:43:24Z" hostname="d0b94ba27c25" tests="10" skipped="5" failures="0" errors="0" time="2.359">
    <testcase time="0.550000000000011" classname="table_dmt01" name="DMT01_variant_1_is_produced_correctly"/>
    <testcase time="0.183999999999997" classname="table_dmt01" name="DMT01_variant_1_is_produced_correctly">
      <skipped message="Reason: On CRAN ('test-table_dmt01.R:86:3')"/>
    </testcase>
    <testcase time="0.275999999999996" classname="table_dmt01" name="DMT01_variant_2_is_produced_correctly"/>
    <testcase time="0.164000000000001" classname="table_dmt01" name="DMT01_variant_2_is_produced_correctly">
      <skipped message="Reason: On CRAN ('test-table_dmt01.R:109:3')"/>
    </testcase>
    <testcase time="0.319000000000003" classname="table_dmt01" name="DMT01_variant_3_is_produced_correctly"/>
    <testcase time="0.158000000000001" classname="table_dmt01" name="DMT01_variant_3_is_produced_correctly">
      <skipped message="Reason: On CRAN ('test-table_dmt01.R:128:3')"/>
    </testcase>
    <testcase time="0.234999999999999" classname="table_dmt01" name="DMT01_variant_4_is_produced_correctly"/>
    <testcase time="0.144999999999996" classname="table_dmt01" name="DMT01_variant_4_is_produced_correctly">
      <skipped message="Reason: On CRAN ('test-table_dmt01.R:147:3')"/>
    </testcase>
    <testcase time="0.212000000000003" classname="table_dmt01" name="DMT01_variant_5_is_produced_correctly"/>
    <testcase time="0.116" classname="table_dmt01" name="DMT01_variant_5_is_produced_correctly">
      <skipped message="Reason: On CRAN ('test-table_dmt01.R:165:3')"/>
    </testcase>
  </testsuite>
  <testsuite name="table_dort01" timestamp="2023-08-22T14:43:26Z" hostname="d0b94ba27c25" tests="8" skipped="4" failures="0" errors="0" time="2.1">
    <testcase time="0.418999999999997" classname="table_dort01" name="DORT01_variant_1_is_produced_correctly"/>
    <testcase time="0.0859999999999985" classname="table_dort01" name="DORT01_variant_1_is_produced_correctly">
      <skipped message="Reason: On CRAN ('test-table_dort01.R:78:3')"/>
    </testcase>
    <testcase time="0.399000000000001" classname="table_dort01" name="DORT01_variant_2_selecting_sectons_is_produced_correctly"/>
    <testcase time="0.0870000000000033" classname="table_dort01" name="DORT01_variant_2_selecting_sectons_is_produced_correctly">
      <skipped message="Reason: On CRAN ('test-table_dort01.R:134:3')"/>
    </testcase>
    <testcase time="0.367999999999995" classname="table_dort01" name="DORT01_variant_3_modifying_conftype_and_alpha_level_is_produced_correctly"/>
    <testcase time="0.085000000000008" classname="table_dort01" name="DORT01_variant_3_modifying_conftype_and_alpha_level_is_produced_correctly">
      <skipped message="Reason: On CRAN ('test-table_dort01.R:190:3')"/>
    </testcase>
    <testcase time="0.573999999999998" classname="table_dort01" name="DORT01_variant_4_modifying_time_point_for_the_xx_duration_is_produced_correctly"/>
    <testcase time="0.0819999999999936" classname="table_dort01" name="DORT01_variant_4_modifying_time_point_for_the_xx_duration_is_produced_correctly">
      <skipped message="Reason: On CRAN ('test-table_dort01.R:244:3')"/>
    </testcase>
  </testsuite>
  <testsuite name="table_dst01" timestamp="2023-08-22T14:43:28Z" hostname="d0b94ba27c25" tests="4" skipped="2" failures="0" errors="0" time="0.585">
    <testcase time="0.174000000000007" classname="table_dst01" name="DST01_default_variant_is_produced_correctly"/>
    <testcase time="0.0679999999999978" classname="table_dst01" name="DST01_default_variant_is_produced_correctly">
      <skipped message="Reason: On CRAN ('test-table_dst01.R:45:3')"/>
    </testcase>
    <testcase time="0.266999999999996" classname="table_dst01" name="DST01_variants_2_and_3_are_produced_correctly"/>
    <testcase time="0.0760000000000076" classname="table_dst01" name="DST01_variants_2_and_3_are_produced_correctly">
      <skipped message="Reason: On CRAN ('test-table_dst01.R:71:3')"/>
    </testcase>
  </testsuite>
  <testsuite name="table_dtht01" timestamp="2023-08-22T14:43:29Z" hostname="d0b94ba27c25" tests="8" skipped="4" failures="0" errors="0" time="1.243">
    <testcase time="0.147999999999996" classname="table_dtht01" name="DTHT01_variant_1_is_produced_correctly"/>
    <testcase time="0.0510000000000019" classname="table_dtht01" name="DTHT01_variant_1_is_produced_correctly">
      <skipped message="Reason: On CRAN ('test-table_dtht01.R:23:3')"/>
    </testcase>
    <testcase time="0.319000000000003" classname="table_dtht01" name="DTHT01_variant_2_is_produced_correctly"/>
    <testcase time="0.134999999999991" classname="table_dtht01" name="DTHT01_variant_2_is_produced_correctly">
      <skipped message="Reason: On CRAN ('test-table_dtht01.R:60:3')"/>
    </testcase>
    <testcase time="0.201000000000008" classname="table_dtht01" name="DTHT01_variant_3_is_produced_correctly"/>
    <testcase time="0.0619999999999976" classname="table_dtht01" name="DTHT01_variant_3_is_produced_correctly">
      <skipped message="Reason: On CRAN ('test-table_dtht01.R:104:3')"/>
    </testcase>
    <testcase time="0.239999999999995" classname="table_dtht01" name="DTHT01_variant_4_is_produced_correctly"/>
    <testcase time="0.0870000000000033" classname="table_dtht01" name="DTHT01_variant_4_is_produced_correctly">
      <skipped message="Reason: On CRAN ('test-table_dtht01.R:158:3')"/>
    </testcase>
  </testsuite>
  <testsuite name="table_egt01" timestamp="2023-08-22T14:43:30Z" hostname="d0b94ba27c25" tests="2" skipped="1" failures="0" errors="0" time="1.849">
    <testcase time="1.38" classname="table_egt01" name="EGT01_default_variant_is_produced_correctly"/>
    <testcase time="0.469000000000008" classname="table_egt01" name="EGT01_default_variant_is_produced_correctly">
      <skipped message="Reason: On CRAN ('test-table_egt01.R:54:3')"/>
    </testcase>
  </testsuite>
  <testsuite name="table_egt02" timestamp="2023-08-22T14:43:32Z" hostname="d0b94ba27c25" tests="4" skipped="2" failures="0" errors="0" time="0.67">
    <testcase time="0.36699999999999" classname="table_egt02" name="_EGT02_1._Regardless_of_Abnormality_at_Baseline"/>
    <testcase time="0.0650000000000119" classname="table_egt02" name="_EGT02_1._Regardless_of_Abnormality_at_Baseline">
      <skipped message="Reason: On CRAN ('test-table_egt02.R:35:3')"/>
    </testcase>
    <testcase time="0.172999999999988" classname="table_egt02" name="_EGT02_2._Among_Subjects_Without_Abnormality_at_Baseline"/>
    <testcase time="0.0650000000000119" classname="table_egt02" name="_EGT02_2._Among_Subjects_Without_Abnormality_at_Baseline">
      <skipped message="Reason: On CRAN ('test-table_egt02.R:55:3')"/>
    </testcase>
  </testsuite>
  <testsuite name="table_egt03" timestamp="2023-08-22T14:43:33Z" hostname="d0b94ba27c25" tests="8" skipped="4" failures="0" errors="0" time="1.481">
    <testcase time="0.296999999999997" classname="table_egt03" name="EGT03_variant_1_is_produced_correctly"/>
    <testcase time="0.0960000000000036" classname="table_egt03" name="EGT03_variant_1_is_produced_correctly">
      <skipped message="Reason: On CRAN ('test-table_egt03.R:50:3')"/>
    </testcase>
    <testcase time="0.24199999999999" classname="table_egt03" name="EGT03_variant_2_is_produced_correctly"/>
    <testcase time="0.100999999999999" classname="table_egt03" name="EGT03_variant_2_is_produced_correctly">
      <skipped message="Reason: On CRAN ('test-table_egt03.R:91:3')"/>
    </testcase>
    <testcase time="0.269000000000005" classname="table_egt03" name="EGT03_variant_3_is_produced_correctly"/>
    <testcase time="0.0840000000000032" classname="table_egt03" name="EGT03_variant_3_is_produced_correctly">
      <skipped message="Reason: On CRAN ('test-table_egt03.R:132:3')"/>
    </testcase>
    <testcase time="0.283000000000001" classname="table_egt03" name="EGT03_variant_4_is_produced_correctly"/>
    <testcase time="0.108999999999995" classname="table_egt03" name="EGT03_variant_4_is_produced_correctly">
      <skipped message="Reason: On CRAN ('test-table_egt03.R:179:3')"/>
    </testcase>
  </testsuite>
  <testsuite name="table_egt04" timestamp="2023-08-22T14:43:34Z" hostname="d0b94ba27c25" tests="2" skipped="1" failures="0" errors="0" time="0.296">
    <testcase time="0.228999999999999" classname="table_egt04" name="EGT04_default_variant_is_produced_correctly"/>
    <testcase time="0.0670000000000073" classname="table_egt04" name="EGT04_default_variant_is_produced_correctly">
      <skipped message="Reason: On CRAN ('test-table_egt04.R:51:3')"/>
    </testcase>
  </testsuite>
  <testsuite name="table_egt05_qtcat" timestamp="2023-08-22T14:43:35Z" hostname="d0b94ba27c25" tests="2" skipped="1" failures="0" errors="0" time="0.979">
    <testcase time="0.718999999999994" classname="table_egt05_qtcat" name="EGT05_QTCAT_default_variant_is_produced_correctly"/>
    <testcase time="0.260000000000005" classname="table_egt05_qtcat" name="EGT05_QTCAT_default_variant_is_produced_correctly">
      <skipped message="Reason: On CRAN ('test-table_egt05_qtcat.R:83:3')"/>
    </testcase>
  </testsuite>
  <testsuite name="table_ent" timestamp="2023-08-22T14:43:35Z" hostname="d0b94ba27c25" tests="8" skipped="4" failures="0" errors="0" time="19.247">
    <testcase time="4.958" classname="table_ent" name="ENT01_IT_is_produced_correctly"/>
    <testcase time="0.61699999999999" classname="table_ent" name="ENT01_IT_is_produced_correctly">
      <skipped message="Reason: On CRAN ('test-table_ent.R:24:3')"/>
    </testcase>
    <testcase time="3.25200000000001" classname="table_ent" name="ENT01a_IT_is_produced_correctly"/>
    <testcase time="0.586999999999989" classname="table_ent" name="ENT01a_IT_is_produced_correctly">
      <skipped message="Reason: On CRAN ('test-table_ent.R:40:3')"/>
    </testcase>
    <testcase time="5.09" classname="table_ent" name="ENT02_IT_is_produced_correctly"/>
    <testcase time="0.647000000000006" classname="table_ent" name="ENT02_IT_is_produced_correctly">
      <skipped message="Reason: On CRAN ('test-table_ent.R:61:3')"/>
    </testcase>
    <testcase time="3.47299999999998" classname="table_ent" name="ENT02a_IT_is_produced_correctly"/>
    <testcase time="0.623000000000019" classname="table_ent" name="ENT02a_IT_is_produced_correctly">
      <skipped message="Reason: On CRAN ('test-table_ent.R:79:3')"/>
    </testcase>
  </testsuite>
  <testsuite name="table_eudrat01" timestamp="2023-08-22T14:43:55Z" hostname="d0b94ba27c25" tests="2" skipped="1" failures="0" errors="0" time="0.821">
    <testcase time="0.698000000000008" classname="table_eudrat01" name="EUDRAT01_is_produced_correctly"/>
    <testcase time="0.12299999999999" classname="table_eudrat01" name="EUDRAT01_is_produced_correctly">
      <skipped message="Reason: On CRAN ('test-table_eudrat01.R:77:3')"/>
    </testcase>
  </testsuite>
  <testsuite name="table_eudrat02" timestamp="2023-08-22T14:43:55Z" hostname="d0b94ba27c25" tests="2" skipped="1" failures="0" errors="0" time="0.597">
    <testcase time="0.531000000000006" classname="table_eudrat02" name="EUDRAT02_is_produced_correctly"/>
    <testcase time="0.0660000000000025" classname="table_eudrat02" name="EUDRAT02_is_produced_correctly">
      <skipped message="Reason: On CRAN ('test-table_eudrat02.R:44:3')"/>
    </testcase>
  </testsuite>
  <testsuite name="table_ext01" timestamp="2023-08-22T14:43:56Z" hostname="d0b94ba27c25" tests="6" skipped="3" failures="0" errors="0" time="2.288">
    <testcase time="0.541000000000025" classname="table_ext01" name="EXT01_default_variant_with_numeric_parameters_is_produced_correctly"/>
    <testcase time="0.207999999999998" classname="table_ext01" name="EXT01_default_variant_with_numeric_parameters_is_produced_correctly">
      <skipped message="Reason: On CRAN ('test-table_ext01.R:71:3')"/>
    </testcase>
    <testcase time="0.418999999999983" classname="table_ext01" name="EXT01_variant_with_both_numeric_and_categorical_parameters"/>
    <testcase time="0.445999999999998" classname="table_ext01" name="EXT01_variant_with_both_numeric_and_categorical_parameters">
      <skipped message="Reason: On CRAN ('test-table_ext01.R:115:3')"/>
    </testcase>
    <testcase time="0.450000000000017" classname="table_ext01" name="EXT01_variant_with_user_specified_categories_for_missed_doses"/>
    <testcase time="0.22399999999999" classname="table_ext01" name="EXT01_variant_with_user_specified_categories_for_missed_doses">
      <skipped message="Reason: On CRAN ('test-table_ext01.R:164:3')"/>
    </testcase>
  </testsuite>
  <testsuite name="table_fstg02" timestamp="2023-08-22T14:43:58Z" hostname="d0b94ba27c25" tests="8" skipped="4" failures="0" errors="0" time="2.433">
    <testcase time="0.61699999999999" classname="table_fstg02" name="FSTG02_table_variant_1_Subgroup_Analysis_of_Survival_Duration_is_produced_correctly"/>
    <testcase time="0.0840000000000032" classname="table_fstg02" name="FSTG02_table_variant_1_Subgroup_Analysis_of_Survival_Duration_is_produced_correctly">
      <skipped message="Reason: On CRAN ('test-table_fstg02.R:43:3')"/>
    </testcase>
    <testcase time="0.604000000000013" classname="table_fstg02" name="FSTG02_table_variant_2_specifying_class_variables_and_options_for_the_treatment_variable_"/>
    <testcase time="0.0840000000000032" classname="table_fstg02" name="FSTG02_table_variant_2_specifying_class_variables_and_options_for_the_treatment_variable_">
      <skipped message="Reason: On CRAN ('test-table_fstg02.R:80:3')"/>
    </testcase>
    <testcase time="0.308999999999997" classname="table_fstg02" name="FSTG02_table_variant_3_selecting_columns_and_changing_the_alpha_level_"/>
    <testcase time="0.0660000000000025" classname="table_fstg02" name="FSTG02_table_variant_3_selecting_columns_and_changing_the_alpha_level_">
      <skipped message="Reason: On CRAN ('test-table_fstg02.R:105:3')"/>
    </testcase>
    <testcase time="0.585999999999984" classname="table_fstg02" name="FSTG02_table_variant_4_fixed_symbol_size_is_produced_correctly"/>
    <testcase time="0.0829999999999984" classname="table_fstg02" name="FSTG02_table_variant_4_fixed_symbol_size_is_produced_correctly">
      <skipped message="Reason: On CRAN ('test-table_fstg02.R:135:3')"/>
    </testcase>
  </testsuite>
  <testsuite name="table_lbt01" timestamp="2023-08-22T14:44:01Z" hostname="d0b94ba27c25" tests="2" skipped="1" failures="0" errors="0" time="0.788">
    <testcase time="0.598000000000013" classname="table_lbt01" name="LBT01_default_variant_is_produced_correctly"/>
    <testcase time="0.189999999999998" classname="table_lbt01" name="LBT01_default_variant_is_produced_correctly">
      <skipped message="Reason: On CRAN ('test-table_lbt01.R:59:3')"/>
    </testcase>
  </testsuite>
  <testsuite name="table_lbt02" timestamp="2023-08-22T14:44:02Z" hostname="d0b94ba27c25" tests="2" skipped="1" failures="0" errors="0" time="0.435">
    <testcase time="0.306999999999988" classname="table_lbt02" name="LBT02_default_variant_is_produced_correctly"/>
    <testcase time="0.128000000000014" classname="table_lbt02" name="LBT02_default_variant_is_produced_correctly">
      <skipped message="Reason: On CRAN ('test-table_lbt02.R:19:3')"/>
    </testcase>
  </testsuite>
  <testsuite name="table_lbt03" timestamp="2023-08-22T14:44:02Z" hostname="d0b94ba27c25" tests="2" skipped="1" failures="0" errors="0" time="0.575">
    <testcase time="0.438999999999993" classname="table_lbt03" name="LBT03_default_variant_is_produced_correctly"/>
    <testcase time="0.135999999999996" classname="table_lbt03" name="LBT03_default_variant_is_produced_correctly">
      <skipped message="Reason: On CRAN ('test-table_lbt03.R:29:3')"/>
    </testcase>
  </testsuite>
  <testsuite name="table_lbt04" timestamp="2023-08-22T14:44:03Z" hostname="d0b94ba27c25" tests="2" skipped="1" failures="0" errors="0" time="0.379">
    <testcase time="0.322000000000003" classname="table_lbt04" name="LBT04_default_variant_is_produced_correctly"/>
    <testcase time="0.0570000000000164" classname="table_lbt04" name="LBT04_default_variant_is_produced_correctly">
      <skipped message="Reason: On CRAN ('test-table_lbt04.R:34:3')"/>
    </testcase>
  </testsuite>
  <testsuite name="table_lbt05" timestamp="2023-08-22T14:44:03Z" hostname="d0b94ba27c25" tests="6" skipped="3" failures="0" errors="0" time="2.036">
    <testcase time="0.701999999999998" classname="table_lbt05" name="LBT05_variant_1_is_produced_correctly"/>
    <testcase time="0.111999999999995" classname="table_lbt05" name="LBT05_variant_1_is_produced_correctly">
      <skipped message="Reason: On CRAN ('test-table_lbt05.R:84:3')"/>
    </testcase>
    <testcase time="0.467999999999989" classname="table_lbt05" name="LBT05_variant_2_is_produced_correctly"/>
    <testcase time="0.137" classname="table_lbt05" name="LBT05_variant_2_is_produced_correctly">
      <skipped message="Reason: On CRAN ('test-table_lbt05.R:106:3')"/>
    </testcase>
    <testcase time="0.521000000000015" classname="table_lbt05" name="LBT05_variant_4_is_produced_correctly"/>
    <testcase time="0.0960000000000036" classname="table_lbt05" name="LBT05_variant_4_is_produced_correctly">
      <skipped message="Reason: On CRAN ('test-table_lbt05.R:130:3')"/>
    </testcase>
  </testsuite>
  <testsuite name="table_lbt06" timestamp="2023-08-22T14:44:05Z" hostname="d0b94ba27c25" tests="2" skipped="1" failures="0" errors="0" time="0.792">
    <testcase time="0.60499999999999" classname="table_lbt06" name="LBT06_default_variant_is_produced_correctly"/>
    <testcase time="0.186999999999983" classname="table_lbt06" name="LBT06_default_variant_is_produced_correctly">
      <skipped message="Reason: On CRAN ('test-table_lbt06.R:24:3')"/>
    </testcase>
  </testsuite>
  <testsuite name="table_lbt07" timestamp="2023-08-22T14:44:06Z" hostname="d0b94ba27c25" tests="2" skipped="1" failures="0" errors="0" time="0.97">
    <testcase time="0.844999999999999" classname="table_lbt07" name="LBT07_is_produced_correctly"/>
    <testcase time="0.125" classname="table_lbt07" name="LBT07_is_produced_correctly">
      <skipped message="Reason: On CRAN ('test-table_lbt07.R:83:3')"/>
    </testcase>
  </testsuite>
  <testsuite name="table_lbt08" timestamp="2023-08-22T14:44:07Z" hostname="d0b94ba27c25" tests="2" skipped="1" failures="0" errors="0" time="0.624">
    <testcase time="0.484000000000009" classname="table_lbt08" name="LBT08_produce_correctly"/>
    <testcase time="0.140000000000015" classname="table_lbt08" name="LBT08_produce_correctly">
      <skipped message="Reason: On CRAN ('test-table_lbt08.R:38:3')"/>
    </testcase>
  </testsuite>
  <testsuite name="table_lbt09" timestamp="2023-08-22T14:44:07Z" hostname="d0b94ba27c25" tests="4" skipped="2" failures="0" errors="0" time="2.272">
    <testcase time="1.11099999999999" classname="table_lbt09" name="LBT09_variant_1_works_as_expected"/>
    <testcase time="0.230999999999995" classname="table_lbt09" name="LBT09_variant_1_works_as_expected">
      <skipped message="Reason: On CRAN ('test-table_lbt09.R:107:3')"/>
    </testcase>
    <testcase time="0.745000000000005" classname="table_lbt09" name="LBT09_variant_2_works_as_expected"/>
    <testcase time="0.185000000000002" classname="table_lbt09" name="LBT09_variant_2_works_as_expected">
      <skipped message="Reason: On CRAN ('test-table_lbt09.R:138:3')"/>
    </testcase>
  </testsuite>
  <testsuite name="table_lbt10" timestamp="2023-08-22T14:44:10Z" hostname="d0b94ba27c25" tests="4" skipped="2" failures="0" errors="0" time="0.596">
    <testcase time="0.337999999999994" classname="table_lbt10" name="LBT10_variant_1_works_as_expected"/>
    <testcase time="0.0680000000000121" classname="table_lbt10" name="LBT10_variant_1_works_as_expected">
      <skipped message="Reason: On CRAN ('test-table_lbt10.R:45:3')"/>
    </testcase>
    <testcase time="0.150000000000006" classname="table_lbt10" name="LBT10_variant_2_works_as_expected"/>
    <testcase time="0.039999999999992" classname="table_lbt10" name="LBT10_variant_2_works_as_expected">
      <skipped message="Reason: On CRAN ('test-table_lbt10.R:69:3')"/>
    </testcase>
  </testsuite>
  <testsuite name="table_lbt10_bl" timestamp="2023-08-22T14:44:10Z" hostname="d0b94ba27c25" tests="4" skipped="2" failures="0" errors="0" time="0.614">
    <testcase time="0.353000000000009" classname="table_lbt10_bl" name="LBT10_BL_variant_1_works_as_expected"/>
    <testcase time="0.0519999999999925" classname="table_lbt10_bl" name="LBT10_BL_variant_1_works_as_expected">
      <skipped message="Reason: On CRAN ('test-table_lbt10_bl.R:45:3')"/>
    </testcase>
    <testcase time="0.168000000000006" classname="table_lbt10_bl" name="LBT10_BL_variant_2_works_as_expected"/>
    <testcase time="0.0409999999999968" classname="table_lbt10_bl" name="LBT10_BL_variant_2_works_as_expected">
      <skipped message="Reason: On CRAN ('test-table_lbt10_bl.R:69:3')"/>
    </testcase>
  </testsuite>
  <testsuite name="table_lbt11" timestamp="2023-08-22T14:44:11Z" hostname="d0b94ba27c25" tests="6" skipped="3" failures="0" errors="0" time="0.897">
    <testcase time="0.276999999999987" classname="table_lbt11" name="LBT11_variant_1_works_as_expected"/>
    <testcase time="0.0660000000000025" classname="table_lbt11" name="LBT11_variant_1_works_as_expected">
      <skipped message="Reason: On CRAN ('test-table_lbt11.R:60:3')"/>
    </testcase>
    <testcase time="0.147999999999996" classname="table_lbt11" name="LBT11_variant_2_works_as_expected"/>
    <testcase time="0.054000000000002" classname="table_lbt11" name="LBT11_variant_2_works_as_expected">
      <skipped message="Reason: On CRAN ('test-table_lbt11.R:77:3')"/>
    </testcase>
    <testcase time="0.274000000000001" classname="table_lbt11" name="LBT11_variant_3_works_as_expected"/>
    <testcase time="0.078000000000003" classname="table_lbt11" name="LBT11_variant_3_works_as_expected">
      <skipped message="Reason: On CRAN ('test-table_lbt11.R:110:3')"/>
    </testcase>
  </testsuite>
  <testsuite name="table_lbt11_bl" timestamp="2023-08-22T14:44:12Z" hostname="d0b94ba27c25" tests="6" skipped="3" failures="0" errors="0" time="0.921">
    <testcase time="0.283999999999992" classname="table_lbt11_bl" name="LBT11_BL_variant_1_works_as_expected"/>
    <testcase time="0.0840000000000032" classname="table_lbt11_bl" name="LBT11_BL_variant_1_works_as_expected">
      <skipped message="Reason: On CRAN ('test-table_lbt11_bl.R:60:3')"/>
    </testcase>
    <testcase time="0.13300000000001" classname="table_lbt11_bl" name="LBT11_BL_variant_2_works_as_expected"/>
    <testcase time="0.054000000000002" classname="table_lbt11_bl" name="LBT11_BL_variant_2_works_as_expected">
      <skipped message="Reason: On CRAN ('test-table_lbt11_bl.R:77:3')"/>
    </testcase>
    <testcase time="0.281999999999982" classname="table_lbt11_bl" name="LBT11_BL_variant_3_works_as_expected"/>
    <testcase time="0.0840000000000032" classname="table_lbt11_bl" name="LBT11_BL_variant_3_works_as_expected">
      <skipped message="Reason: On CRAN ('test-table_lbt11_bl.R:110:3')"/>
    </testcase>
  </testsuite>
  <testsuite name="table_lbt12" timestamp="2023-08-22T14:44:13Z" hostname="d0b94ba27c25" tests="2" skipped="1" failures="0" errors="0" time="0.56">
    <testcase time="0.489000000000004" classname="table_lbt12" name="LBT12_works_as_expected"/>
    <testcase time="0.070999999999998" classname="table_lbt12" name="LBT12_works_as_expected">
      <skipped message="Reason: On CRAN ('test-table_lbt12.R:50:3')"/>
    </testcase>
  </testsuite>
  <testsuite name="table_lbt12_bl" timestamp="2023-08-22T14:44:13Z" hostname="d0b94ba27c25" tests="2" skipped="1" failures="0" errors="0" time="0.572">
    <testcase time="0.50200000000001" classname="table_lbt12_bl" name="LBT12_BL_works_as_expected"/>
    <testcase time="0.0699999999999932" classname="table_lbt12_bl" name="LBT12_BL_works_as_expected">
      <skipped message="Reason: On CRAN ('test-table_lbt12_bl.R:50:3')"/>
    </testcase>
  </testsuite>
  <testsuite name="table_lbt13" timestamp="2023-08-22T14:44:14Z" hostname="d0b94ba27c25" tests="10" skipped="5" failures="0" errors="0" time="14.268">
    <testcase time="2.215" classname="table_lbt13" name="LBT13_variant_1_LOW_works_as_expected"/>
    <testcase time="0.501000000000005" classname="table_lbt13" name="LBT13_variant_1_LOW_works_as_expected">
      <skipped message="Reason: On CRAN ('test-table_lbt13.R:81:3')"/>
    </testcase>
    <testcase time="2.15899999999999" classname="table_lbt13" name="LBT13_variant_2_HIGH_works_as_expected"/>
    <testcase time="0.5" classname="table_lbt13" name="LBT13_variant_2_HIGH_works_as_expected">
      <skipped message="Reason: On CRAN ('test-table_lbt13.R:153:3')"/>
    </testcase>
    <testcase time="2.14099999999999" classname="table_lbt13" name="LBT13_variant_3_LOW_without_baseline_missing_works_as_expected"/>
    <testcase time="0.494" classname="table_lbt13" name="LBT13_variant_3_LOW_without_baseline_missing_works_as_expected">
      <skipped message="Reason: On CRAN ('test-table_lbt13.R:225:3')"/>
    </testcase>
    <testcase time="2.334" classname="table_lbt13" name="LBT13_variant_4_HIGH_with_missing_baseline_considered_as_grade_0_works_as_expected"/>
    <testcase time="0.463999999999999" classname="table_lbt13" name="LBT13_variant_4_HIGH_with_missing_baseline_considered_as_grade_0_works_as_expected">
      <skipped message="Reason: On CRAN ('test-table_lbt13.R:296:3')"/>
    </testcase>
    <testcase time="2.59800000000001" classname="table_lbt13" name="LBT14_variant_5_HIGH_with_filled_in_grades_works_as_expected"/>
    <testcase time="0.861999999999995" classname="table_lbt13" name="LBT14_variant_5_HIGH_with_filled_in_grades_works_as_expected">
      <skipped message="Reason: On CRAN ('test-table_lbt13.R:370:3')"/>
    </testcase>
  </testsuite>
  <testsuite name="table_lbt14" timestamp="2023-08-22T14:44:28Z" hostname="d0b94ba27c25" tests="10" skipped="5" failures="0" errors="0" time="9.804">
    <testcase time="1.78700000000001" classname="table_lbt14" name="LBT14_variant_1_HIGH_works_as_expected"/>
    <testcase time="0.254999999999995" classname="table_lbt14" name="LBT14_variant_1_HIGH_works_as_expected">
      <skipped message="Reason: On CRAN ('test-table_lbt14.R:60:3')"/>
    </testcase>
    <testcase time="1.637" classname="table_lbt14" name="LBT14_variant_2_LOW_works_as_expected"/>
    <testcase time="0.265999999999991" classname="table_lbt14" name="LBT14_variant_2_LOW_works_as_expected">
      <skipped message="Reason: On CRAN ('test-table_lbt14.R:113:3')"/>
    </testcase>
    <testcase time="1.46100000000001" classname="table_lbt14" name="LBT14_variant_3_LOW_without_baseline_missing_works_as_expected"/>
    <testcase time="0.270999999999987" classname="table_lbt14" name="LBT14_variant_3_LOW_without_baseline_missing_works_as_expected">
      <skipped message="Reason: On CRAN ('test-table_lbt14.R:166:3')"/>
    </testcase>
    <testcase time="1.62100000000001" classname="table_lbt14" name="LBT14_variant_4_LOW_and_force_1_missing_both_baseline_and_post_baseline_then_force_the_missing_baseline_as_0_as_expected"/>
    <testcase time="0.258999999999986" classname="table_lbt14" name="LBT14_variant_4_LOW_and_force_1_missing_both_baseline_and_post_baseline_then_force_the_missing_baseline_as_0_as_expected">
      <skipped message="Reason: On CRAN ('test-table_lbt14.R:218:3')"/>
    </testcase>
    <testcase time="1.708" classname="table_lbt14" name="LBT14_variant_5_HIGH_with_fillings_works_as_expected"/>
    <testcase time="0.539000000000016" classname="table_lbt14" name="LBT14_variant_5_HIGH_with_fillings_works_as_expected">
      <skipped message="Reason: On CRAN ('test-table_lbt14.R:270:3')"/>
    </testcase>
  </testsuite>
  <testsuite name="table_lbt15" timestamp="2023-08-22T14:44:38Z" hostname="d0b94ba27c25" tests="4" skipped="2" failures="0" errors="0" time="0.712">
    <testcase time="0.299999999999983" classname="table_lbt15" name="LBT15_variant_1_works_as_expected"/>
    <testcase time="0.0900000000000034" classname="table_lbt15" name="LBT15_variant_1_works_as_expected">
      <skipped message="Reason: On CRAN ('test-table_lbt15.R:82:3')"/>
    </testcase>
    <testcase time="0.251000000000005" classname="table_lbt15" name="LBT15_variant_2_works_as_expected"/>
    <testcase time="0.070999999999998" classname="table_lbt15" name="LBT15_variant_2_works_as_expected">
      <skipped message="Reason: On CRAN ('test-table_lbt15.R:89:3')"/>
    </testcase>
  </testsuite>
  <testsuite name="table_lgrt02" timestamp="2023-08-22T14:44:39Z" hostname="d0b94ba27c25" tests="8" skipped="4" failures="0" errors="0" time="3.802">
    <testcase time="0.72999999999999" classname="table_lgrt02" name="LGRT02_without_interaction_term_is_produced_correctly"/>
    <testcase time="0.14500000000001" classname="table_lgrt02" name="LGRT02_without_interaction_term_is_produced_correctly">
      <skipped message="Reason: On CRAN ('test-table_lgrt02.R:52:3')"/>
    </testcase>
    <testcase time="0.872000000000014" classname="table_lgrt02" name="LGRT02_with_categorical_interaction_is_produced_correctly"/>
    <testcase time="0.168999999999983" classname="table_lgrt02" name="LGRT02_with_categorical_interaction_is_produced_correctly">
      <skipped message="Reason: On CRAN ('test-table_lgrt02.R:78:3')"/>
    </testcase>
    <testcase time="0.888000000000005" classname="table_lgrt02" name="LGRT02_with_continuous_interaction_is_produced_correctly"/>
    <testcase time="0.163999999999987" classname="table_lgrt02" name="LGRT02_with_continuous_interaction_is_produced_correctly">
      <skipped message="Reason: On CRAN ('test-table_lgrt02.R:104:3')"/>
    </testcase>
    <testcase time="0.716000000000008" classname="table_lgrt02" name="LGRT02_with_setting_values_indicating_an_event_and_custom_alpha_level_is_produced_correctly"/>
    <testcase time="0.117999999999995" classname="table_lgrt02" name="LGRT02_with_setting_values_indicating_an_event_and_custom_alpha_level_is_produced_correctly">
      <skipped message="Reason: On CRAN ('test-table_lgrt02.R:130:3')"/>
    </testcase>
  </testsuite>
  <testsuite name="table_mht01" timestamp="2023-08-22T14:44:42Z" hostname="d0b94ba27c25" tests="8" skipped="4" failures="0" errors="0" time="1.983">
    <testcase time="0.478000000000009" classname="table_mht01" name="MHT01_variant_1_is_produced_accurately"/>
    <testcase time="0.137" classname="table_mht01" name="MHT01_variant_1_is_produced_accurately">
      <skipped message="Reason: On CRAN ('test-table_mht01.R:49:3')"/>
    </testcase>
    <testcase time="0.146999999999991" classname="table_mht01" name="MHT01_variant_2_is_produced_accurately"/>
    <testcase time="0.0730000000000075" classname="table_mht01" name="MHT01_variant_2_is_produced_accurately">
      <skipped message="Reason: On CRAN ('test-table_mht01.R:60:3')"/>
    </testcase>
    <testcase time="0.378999999999991" classname="table_mht01" name="MHT01_variant_3_is_produced_accurately"/>
    <testcase time="0.119" classname="table_mht01" name="MHT01_variant_3_is_produced_accurately">
      <skipped message="Reason: On CRAN ('test-table_mht01.R:92:3')"/>
    </testcase>
    <testcase time="0.506" classname="table_mht01" name="MHT01_variant_5_is_produced_accurately"/>
    <testcase time="0.144000000000005" classname="table_mht01" name="MHT01_variant_5_is_produced_accurately">
      <skipped message="Reason: On CRAN ('test-table_mht01.R:130:3')"/>
    </testcase>
  </testsuite>
  <testsuite name="table_onct05" timestamp="2023-08-22T14:44:44Z" hostname="d0b94ba27c25" tests="8" skipped="4" failures="0" errors="0" time="2.375">
    <testcase time="0.572000000000003" classname="table_onct05" name="ONCT05_variant_1_Objective_Response_Rate_by_Subgroup_is_produced_correctly"/>
    <testcase time="0.0800000000000125" classname="table_onct05" name="ONCT05_variant_1_Objective_Response_Rate_by_Subgroup_is_produced_correctly">
      <skipped message="Reason: On CRAN ('test-table_onct05.R:33:3')"/>
    </testcase>
    <testcase time="0.615999999999985" classname="table_onct05" name="ONCT05_variant_2_Specifying_class_variables_is_produced_correctly"/>
    <testcase time="0.0840000000000032" classname="table_onct05" name="ONCT05_variant_2_Specifying_class_variables_is_produced_correctly">
      <skipped message="Reason: On CRAN ('test-table_onct05.R:57:3')"/>
    </testcase>
    <testcase time="0.286000000000001" classname="table_onct05" name="ONCT05_variant_3_selecting_columns_and_changing_the_alpha_level_is_produced_correctly"/>
    <testcase time="0.0800000000000125" classname="table_onct05" name="ONCT05_variant_3_selecting_columns_and_changing_the_alpha_level_is_produced_correctly">
      <skipped message="Reason: On CRAN ('test-table_onct05.R:75:3')"/>
    </testcase>
    <testcase time="0.561999999999983" classname="table_onct05" name="ONCT05_variant_4_setting_values_indicating_response_is_produced_correctly"/>
    <testcase time="0.0949999999999989" classname="table_onct05" name="ONCT05_variant_4_setting_values_indicating_response_is_produced_correctly">
      <skipped message="Reason: On CRAN ('test-table_onct05.R:96:3')"/>
    </testcase>
  </testsuite>
  <testsuite name="table_pdt01" timestamp="2023-08-22T14:44:47Z" hostname="d0b94ba27c25" tests="2" skipped="1" failures="0" errors="0" time="0.545">
    <testcase time="0.373999999999995" classname="table_pdt01" name="PDT01_is_produced_correctly"/>
    <testcase time="0.171000000000021" classname="table_pdt01" name="PDT01_is_produced_correctly">
      <skipped message="Reason: On CRAN ('test-table_pdt01.R:40:3')"/>
    </testcase>
  </testsuite>
  <testsuite name="table_pdt02" timestamp="2023-08-22T14:44:47Z" hostname="d0b94ba27c25" tests="2" skipped="1" failures="0" errors="0" time="0.291">
    <testcase time="0.234999999999985" classname="table_pdt02" name="PDT02_is_produced_correctly"/>
    <testcase time="0.0560000000000116" classname="table_pdt02" name="PDT02_is_produced_correctly">
      <skipped message="Reason: On CRAN ('test-table_pdt02.R:43:3')"/>
    </testcase>
  </testsuite>
  <testsuite name="table_pkct01" timestamp="2023-08-22T14:44:48Z" hostname="d0b94ba27c25" tests="4" skipped="2" failures="0" errors="0" time="2.438">
    <testcase time="0.578999999999979" classname="table_pkct01" name="PKCT01_is_produced_correctly"/>
    <testcase time="0.0970000000000084" classname="table_pkct01" name="PKCT01_is_produced_correctly">
      <skipped message="Reason: On CRAN ('test-table_pkct01.R:18:3')"/>
    </testcase>
    <testcase time="1.608" classname="table_pkct01" name="Specific_PKCT01_features_are_present"/>
    <testcase time="0.153999999999996" classname="table_pkct01" name="Specific_PKCT01_features_are_present">
      <skipped message="Reason: On CRAN ('test-table_pkct01.R:117:3')"/>
    </testcase>
  </testsuite>
  <testsuite name="table_pkpt02" timestamp="2023-08-22T14:44:50Z" hostname="d0b94ba27c25" tests="4" skipped="2" failures="0" errors="0" time="0.571">
    <testcase time="0.224000000000018" classname="table_pkpt02" name="PKPT02_is_produced_correctly_for_Drug_X"/>
    <testcase time="0.0929999999999893" classname="table_pkpt02" name="PKPT02_is_produced_correctly_for_Drug_X">
      <skipped message="Reason: On CRAN ('test-table_pkpt02.R:42:3')"/>
    </testcase>
    <testcase time="0.173000000000002" classname="table_pkpt02" name="PKPT02_is_produced_correctly_for_Drug_Y"/>
    <testcase time="0.0809999999999889" classname="table_pkpt02" name="PKPT02_is_produced_correctly_for_Drug_Y">
      <skipped message="Reason: On CRAN ('test-table_pkpt02.R:55:3')"/>
    </testcase>
  </testsuite>
  <testsuite name="table_pkpt03" timestamp="2023-08-22T14:44:51Z" hostname="d0b94ba27c25" tests="4" skipped="2" failures="0" errors="0" time="1.087">
    <testcase time="0.611000000000018" classname="table_pkpt03" name="PKPT03_Drug_X_is_produced_correctly"/>
    <testcase time="0.0849999999999795" classname="table_pkpt03" name="PKPT03_Drug_X_is_produced_correctly">
      <skipped message="Reason: On CRAN ('test-table_pkpt03.R:67:3')"/>
    </testcase>
    <testcase time="0.330000000000013" classname="table_pkpt03" name="PKPT03_Drug_Y_is_produced_correctly"/>
    <testcase time="0.061000000000007" classname="table_pkpt03" name="PKPT03_Drug_Y_is_produced_correctly">
      <skipped message="Reason: On CRAN ('test-table_pkpt03.R:81:3')"/>
    </testcase>
  </testsuite>
  <testsuite name="table_pkpt04" timestamp="2023-08-22T14:44:52Z" hostname="d0b94ba27c25" tests="4" skipped="2" failures="0" errors="0" time="0.958">
    <testcase time="0.268000000000001" classname="table_pkpt04" name="PKPT04_is_produced_correctly_for_Drug_X"/>
    <testcase time="0.143999999999977" classname="table_pkpt04" name="PKPT04_is_produced_correctly_for_Drug_X">
      <skipped message="Reason: On CRAN ('test-table_pkpt04.R:42:3')"/>
    </testcase>
    <testcase time="0.445999999999998" classname="table_pkpt04" name="PKPT04_is_produced_correctly_for_Drug_Y"/>
    <testcase time="0.100000000000023" classname="table_pkpt04" name="PKPT04_is_produced_correctly_for_Drug_Y">
      <skipped message="Reason: On CRAN ('test-table_pkpt04.R:55:3')"/>
    </testcase>
  </testsuite>
  <testsuite name="table_pkpt05" timestamp="2023-08-22T14:44:53Z" hostname="d0b94ba27c25" tests="4" skipped="2" failures="0" errors="0" time="1.235">
    <testcase time="0.697000000000003" classname="table_pkpt05" name="PKPT05_Drug_X_is_produced_correctly"/>
    <testcase time="0.103999999999985" classname="table_pkpt05" name="PKPT05_Drug_X_is_produced_correctly">
      <skipped message="Reason: On CRAN ('test-table_pkpt05.R:66:3')"/>
    </testcase>
    <testcase time="0.358000000000004" classname="table_pkpt05" name="PKPT05_Drug_Y_is_produced_correctly"/>
    <testcase time="0.0759999999999934" classname="table_pkpt05" name="PKPT05_Drug_Y_is_produced_correctly">
      <skipped message="Reason: On CRAN ('test-table_pkpt05.R:81:3')"/>
    </testcase>
  </testsuite>
  <testsuite name="table_pkpt06" timestamp="2023-08-22T14:44:54Z" hostname="d0b94ba27c25" tests="4" skipped="2" failures="0" errors="0" time="0.284">
    <testcase time="0.122000000000014" classname="table_pkpt06" name="PKPT06_is_produced_correctly_for_Drug_X"/>
    <testcase time="0.0420000000000016" classname="table_pkpt06" name="PKPT06_is_produced_correctly_for_Drug_X">
      <skipped message="Reason: On CRAN ('test-table_pkpt06.R:48:3')"/>
    </testcase>
    <testcase time="0.0739999999999839" classname="table_pkpt06" name="PKPT06_is_produced_correctly_for_Drug_Y"/>
    <testcase time="0.0459999999999923" classname="table_pkpt06" name="PKPT06_is_produced_correctly_for_Drug_Y">
      <skipped message="Reason: On CRAN ('test-table_pkpt06.R:61:3')"/>
    </testcase>
  </testsuite>
  <testsuite name="table_pkpt07" timestamp="2023-08-22T14:44:54Z" hostname="d0b94ba27c25" tests="4" skipped="2" failures="0" errors="0" time="0.51">
    <testcase time="0.26600000000002" classname="table_pkpt07" name="PKPT07_Drug_X_is_produced_correctly"/>
    <testcase time="0.0559999999999832" classname="table_pkpt07" name="PKPT07_Drug_X_is_produced_correctly">
      <skipped message="Reason: On CRAN ('test-table_pkpt07.R:73:3')"/>
    </testcase>
    <testcase time="0.142000000000024" classname="table_pkpt07" name="PKPT07_Drug_Y_is_produced_correctly"/>
    <testcase time="0.0459999999999923" classname="table_pkpt07" name="PKPT07_Drug_Y_is_produced_correctly">
      <skipped message="Reason: On CRAN ('test-table_pkpt07.R:88:3')"/>
    </testcase>
  </testsuite>
  <testsuite name="table_ratet01" timestamp="2023-08-22T14:44:55Z" hostname="d0b94ba27c25" tests="2" skipped="1" failures="0" errors="0" time="0.618">
    <testcase time="0.512" classname="table_ratet01" name="RATET01_is_produced_correctly"/>
    <testcase time="0.105999999999995" classname="table_ratet01" name="RATET01_is_produced_correctly">
      <skipped message="Reason: On CRAN ('test-table_ratet01.R:49:3')"/>
    </testcase>
  </testsuite>
  <testsuite name="table_rmpt01" timestamp="2023-08-22T14:44:55Z" hostname="d0b94ba27c25" tests="2" skipped="1" failures="0" errors="0" time="0.219">
    <testcase time="0.181999999999988" classname="table_rmpt01" name="RMPT01_is_produced_correctly"/>
    <testcase time="0.0370000000000061" classname="table_rmpt01" name="RMPT01_is_produced_correctly">
      <skipped message="Reason: On CRAN ('test-table_rmpt01.R:58:3')"/>
    </testcase>
  </testsuite>
  <testsuite name="table_rmpt03" timestamp="2023-08-22T14:44:56Z" hostname="d0b94ba27c25" tests="4" skipped="2" failures="0" errors="0" time="0.581">
    <testcase time="0.268000000000001" classname="table_rmpt03" name="RMPT03_variant_1_is_produced_correctly"/>
    <testcase time="0.0600000000000023" classname="table_rmpt03" name="RMPT03_variant_1_is_produced_correctly">
      <skipped message="Reason: On CRAN ('test-table_rmpt03.R:67:3')"/>
    </testcase>
    <testcase time="0.197000000000003" classname="table_rmpt03" name="RMPT03_variant_2_is_produced_correctly"/>
    <testcase time="0.0560000000000116" classname="table_rmpt03" name="RMPT03_variant_2_is_produced_correctly">
      <skipped message="Reason: On CRAN ('test-table_rmpt03.R:91:3')"/>
    </testcase>
  </testsuite>
  <testsuite name="table_rmpt04" timestamp="2023-08-22T14:44:56Z" hostname="d0b94ba27c25" tests="2" skipped="1" failures="0" errors="0" time="0.228">
    <testcase time="0.189999999999998" classname="table_rmpt04" name="RMPT04_variant_1_is_produced_correctly"/>
    <testcase time="0.0379999999999825" classname="table_rmpt04" name="RMPT04_variant_1_is_produced_correctly">
      <skipped message="Reason: On CRAN ('test-table_rmpt04.R:50:3')"/>
    </testcase>
  </testsuite>
  <testsuite name="table_rmpt05" timestamp="2023-08-22T14:44:56Z" hostname="d0b94ba27c25" tests="2" skipped="1" failures="0" errors="0" time="0.262">
    <testcase time="0.201999999999998" classname="table_rmpt05" name="RMPT05_is_produced_correctly"/>
    <testcase time="0.0600000000000023" classname="table_rmpt05" name="RMPT05_is_produced_correctly">
      <skipped message="Reason: On CRAN ('test-table_rmpt05.R:49:3')"/>
    </testcase>
  </testsuite>
  <testsuite name="table_rmpt06" timestamp="2023-08-22T14:44:57Z" hostname="d0b94ba27c25" tests="8" skipped="4" failures="0" errors="0" time="1.8">
    <testcase time="0.406000000000006" classname="table_rmpt06" name="RMPT06_variant_1_is_produced_correctly"/>
    <testcase time="0.0929999999999893" classname="table_rmpt06" name="RMPT06_variant_1_is_produced_correctly">
      <skipped message="Reason: On CRAN ('test-table_rmpt06.R:99:3')"/>
    </testcase>
    <testcase time="0.261000000000024" classname="table_rmpt06" name="RMPT06_variant_2_is_produced_correctly"/>
    <testcase time="0.0619999999999834" classname="table_rmpt06" name="RMPT06_variant_2_is_produced_correctly">
      <skipped message="Reason: On CRAN ('test-table_rmpt06.R:148:3')"/>
    </testcase>
    <testcase time="0.394000000000005" classname="table_rmpt06" name="RMPT06_variant_3_is_produced_correctly"/>
    <testcase time="0.0949999999999989" classname="table_rmpt06" name="RMPT06_variant_3_is_produced_correctly">
      <skipped message="Reason: On CRAN ('test-table_rmpt06.R:211:3')"/>
    </testcase>
    <testcase time="0.384000000000015" classname="table_rmpt06" name="RMPT06_variant_4_is_produced_correctly"/>
    <testcase time="0.10499999999999" classname="table_rmpt06" name="RMPT06_variant_4_is_produced_correctly">
      <skipped message="Reason: On CRAN ('test-table_rmpt06.R:277:3')"/>
    </testcase>
  </testsuite>
  <testsuite name="table_rspt01" timestamp="2023-08-22T14:44:58Z" hostname="d0b94ba27c25" tests="12" skipped="6" failures="0" errors="0" time="2.828">
    <testcase time="0.36699999999999" classname="table_rspt01" name="RSPT01_1._Best_Overall_Response"/>
    <testcase time="0.105999999999995" classname="table_rspt01" name="RSPT01_1._Best_Overall_Response">
      <skipped message="Reason: On CRAN ('test-table_rspt01.R:46:3')"/>
    </testcase>
    <testcase time="0.326000000000022" classname="table_rspt01" name="RSPT01_2._Best_Overall_Response_selecting_sections_to_display_"/>
    <testcase time="0.0900000000000034" classname="table_rspt01" name="RSPT01_2._Best_Overall_Response_selecting_sections_to_display_">
      <skipped message="Reason: On CRAN ('test-table_rspt01.R:73:3')"/>
    </testcase>
    <testcase time="0.424999999999983" classname="table_rspt01" name="RSPT01_3._Best_Overall_Response_modifying_settings_"/>
    <testcase time="0.103000000000009" classname="table_rspt01" name="RSPT01_3._Best_Overall_Response_modifying_settings_">
      <skipped message="Reason: On CRAN ('test-table_rspt01.R:116:3')"/>
    </testcase>
    <testcase time="0.454999999999984" classname="table_rspt01" name="RSPT01_4._Best_Overall_Response_with_stratified_analysis_"/>
    <testcase time="0.121000000000009" classname="table_rspt01" name="RSPT01_4._Best_Overall_Response_with_stratified_analysis_">
      <skipped message="Reason: On CRAN ('test-table_rspt01.R:166:3')"/>
    </testcase>
    <testcase time="0.36699999999999" classname="table_rspt01" name="RSPT01_5._Best_Overall_Response_modifying_the_definition_of_overall_response_"/>
    <testcase time="0.0949999999999989" classname="table_rspt01" name="RSPT01_5._Best_Overall_Response_modifying_the_definition_of_overall_response_">
      <skipped message="Reason: On CRAN ('test-table_rspt01.R:198:3')"/>
    </testcase>
    <testcase time="0.28400000000002" classname="table_rspt01" name="RSPT01_6._Best_Overall_Response_define_new_sections_to_display_"/>
    <testcase time="0.0889999999999986" classname="table_rspt01" name="RSPT01_6._Best_Overall_Response_define_new_sections_to_display_">
      <skipped message="Reason: On CRAN ('test-table_rspt01.R:248:3')"/>
    </testcase>
  </testsuite>
  <testsuite name="table_ttet01" timestamp="2023-08-22T14:45:01Z" hostname="d0b94ba27c25" tests="12" skipped="6" failures="0" errors="0" time="3.196">
    <testcase time="0.521999999999991" classname="table_ttet01" name="TTET01_default_variant_is_produced_correctly"/>
    <testcase time="0.121000000000009" classname="table_ttet01" name="TTET01_default_variant_is_produced_correctly">
      <skipped message="Reason: On CRAN ('test-table_ttet01.R:79:3')"/>
    </testcase>
    <testcase time="0.275999999999982" classname="table_ttet01" name="TTET01_variant_2_selecting_sections_to_display"/>
    <testcase time="0.0800000000000125" classname="table_ttet01" name="TTET01_variant_2_selecting_sections_to_display">
      <skipped message="Reason: On CRAN ('test-table_ttet01.R:124:3')"/>
    </testcase>
    <testcase time="0.409999999999997" classname="table_ttet01" name="TTET01_variant_3_modifying_analysis_details_like_conftype_ties_alpha_level"/>
    <testcase time="0.0960000000000036" classname="table_ttet01" name="TTET01_variant_3_modifying_analysis_details_like_conftype_ties_alpha_level">
      <skipped message="Reason: On CRAN ('test-table_ttet01.R:190:3')"/>
    </testcase>
    <testcase time="0.460999999999984" classname="table_ttet01" name="TTET01_variant_4_with_stratified_analysis"/>
    <testcase time="0.126000000000005" classname="table_ttet01" name="TTET01_variant_4_with_stratified_analysis">
      <skipped message="Reason: On CRAN ('test-table_ttet01.R:251:3')"/>
    </testcase>
    <testcase time="0.385999999999996" classname="table_ttet01" name="TTET01_variant_5_modifying_time_point"/>
    <testcase time="0.115000000000009" classname="table_ttet01" name="TTET01_variant_5_modifying_time_point">
      <skipped message="Reason: On CRAN ('test-table_ttet01.R:306:3')"/>
    </testcase>
    <testcase time="0.49799999999999" classname="table_ttet01" name="TTET01_variant_6_requesting_more_than_one_p_value"/>
    <testcase time="0.10499999999999" classname="table_ttet01" name="TTET01_variant_6_requesting_more_than_one_p_value">
      <skipped message="Reason: On CRAN ('test-table_ttet01.R:379:3')"/>
    </testcase>
  </testsuite>
  <testsuite name="table_vst01" timestamp="2023-08-22T14:45:05Z" hostname="d0b94ba27c25" tests="2" skipped="1" failures="0" errors="0" time="1.298">
    <testcase time="1" classname="table_vst01" name="VST01_default_variant_is_produced_correctly"/>
    <testcase time="0.298000000000002" classname="table_vst01" name="VST01_default_variant_is_produced_correctly">
      <skipped message="Reason: On CRAN ('test-table_vst01.R:99:3')"/>
    </testcase>
  </testsuite>
  <testsuite name="table_vst02" timestamp="2023-08-22T14:45:06Z" hostname="d0b94ba27c25" tests="4" skipped="2" failures="0" errors="0" time="1.115">
    <testcase time="0.52800000000002" classname="table_vst02" name="1._Vital_Sign_Abnormalities_Regardless_of_Abnormality_at_Baseline_VST02_1_"/>
    <testcase time="0.0960000000000036" classname="table_vst02" name="1._Vital_Sign_Abnormalities_Regardless_of_Abnormality_at_Baseline_VST02_1_">
      <skipped message="Reason: On CRAN ('test-table_vst02.R:33:3')"/>
    </testcase>
    <testcase time="0.394999999999982" classname="table_vst02" name="2._Vital_Sign_Abnormalities_Among_Subject_Without_Abnormality_at_Baseline_VST02_2_"/>
    <testcase time="0.0960000000000036" classname="table_vst02" name="2._Vital_Sign_Abnormalities_Among_Subject_Without_Abnormality_at_Baseline_VST02_2_">
      <skipped message="Reason: On CRAN ('test-table_vst02.R:51:3')"/>
    </testcase>
  </testsuite>
</testsuites>
