<?xml version="1.0" encoding="UTF-8"?>
<testsuites>
  <testsuite name="listing_adal02" timestamp="2023-04-27T14:46:27Z" hostname="fd9551013ea2" tests="2" skipped="1" failures="0" errors="0" time="0.272">
    <testcase time="0.141" classname="listing_adal02" name="ADAL02_listing_is_produced_correctly"/>
    <testcase time="0.130999999999999" classname="listing_adal02" name="ADAL02_listing_is_produced_correctly">
      <skipped message="Reason: On CRAN ('test-listing_adal02.R:100:3')"/>
    </testcase>
  </testsuite>
  <testsuite name="listing_ael01" timestamp="2023-04-27T14:46:27Z" hostname="fd9551013ea2" tests="2" skipped="1" failures="0" errors="0" time="0.241">
    <testcase time="0.0780000000000003" classname="listing_ael01" name="AEL01_listing_is_produced_correctly"/>
    <testcase time="0.163" classname="listing_ael01" name="AEL01_listing_is_produced_correctly">
      <skipped message="Reason: On CRAN ('test-listing_ael01.R:20:3')"/>
    </testcase>
  </testsuite>
  <testsuite name="listing_ael01_nollt" timestamp="2023-04-27T14:46:27Z" hostname="fd9551013ea2" tests="2" skipped="1" failures="0" errors="0" time="0.069">
    <testcase time="0.0499999999999998" classname="listing_ael01_nollt" name="AEL01_NOLLT_listing_is_produced_correctly"/>
    <testcase time="0.0190000000000001" classname="listing_ael01_nollt" name="AEL01_NOLLT_listing_is_produced_correctly">
      <skipped message="Reason: On CRAN ('test-listing_ael01_nollt.R:19:3')"/>
    </testcase>
  </testsuite>
  <testsuite name="listing_ael02" timestamp="2023-04-27T14:46:28Z" hostname="fd9551013ea2" tests="1" skipped="1" failures="0" errors="0" time="0.194">
    <testcase time="0.194" classname="listing_ael02" name="AEL02_listing_is_produced_correctly">
      <skipped message="Reason: On CRAN ('test-listing_ael02.R:60:3')"/>
    </testcase>
  </testsuite>
  <testsuite name="listing_ael02_ed" timestamp="2023-04-27T14:46:28Z" hostname="fd9551013ea2" tests="1" skipped="1" failures="0" errors="0" time="0.225">
    <testcase time="0.225" classname="listing_ael02_ed" name="AEL02_ED_listing_is_produced_correctly">
      <skipped message="Reason: On CRAN ('test-listing_ael02_ed.R:77:3')"/>
    </testcase>
  </testsuite>
  <testsuite name="listing_ael03" timestamp="2023-04-27T14:46:28Z" hostname="fd9551013ea2" tests="1" skipped="1" failures="0" errors="0" time="0.191">
    <testcase time="0.191" classname="listing_ael03" name="AEL03_listing_is_produced_correctly">
      <skipped message="Reason: On CRAN ('test-listing_ael03.R:73:3')"/>
    </testcase>
  </testsuite>
  <testsuite name="listing_ael04" timestamp="2023-04-27T14:46:28Z" hostname="fd9551013ea2" tests="2" skipped="1" failures="0" errors="0" time="0.138">
    <testcase time="0.04" classname="listing_ael04" name="AEL04_listing_is_produced_correctly"/>
    <testcase time="0.0980000000000008" classname="listing_ael04" name="AEL04_listing_is_produced_correctly">
      <skipped message="Reason: On CRAN ('test-listing_ael04.R:30:3')"/>
    </testcase>
  </testsuite>
  <testsuite name="listing_cml01" timestamp="2023-04-27T14:46:28Z" hostname="fd9551013ea2" tests="2" skipped="1" failures="0" errors="0" time="0.21">
    <testcase time="0.0539999999999994" classname="listing_cml01" name="CML01_listing_is_produced_correctly"/>
    <testcase time="0.156000000000001" classname="listing_cml01" name="CML01_listing_is_produced_correctly">
      <skipped message="Reason: On CRAN ('test-listing_cml01.R:41:3')"/>
    </testcase>
  </testsuite>
  <testsuite name="listing_cml02a_gl" timestamp="2023-04-27T14:46:28Z" hostname="fd9551013ea2" tests="2" skipped="1" failures="0" errors="0" time="0.056">
    <testcase time="0.0339999999999998" classname="listing_cml02a_gl" name="CML02A_GL_listing_is_produced_correctly"/>
    <testcase time="0.0220000000000002" classname="listing_cml02a_gl" name="CML02A_GL_listing_is_produced_correctly">
      <skipped message="Reason: On CRAN ('test-listing_cml02a_gl.R:19:3')"/>
    </testcase>
  </testsuite>
  <testsuite name="listing_cml02b_gl" timestamp="2023-04-27T14:46:29Z" hostname="fd9551013ea2" tests="2" skipped="1" failures="0" errors="0" time="0.079">
    <testcase time="0.0469999999999997" classname="listing_cml02b_gl" name="CML02B_GL_listing_is_produced_correctly"/>
    <testcase time="0.032" classname="listing_cml02b_gl" name="CML02B_GL_listing_is_produced_correctly">
      <skipped message="Reason: On CRAN ('test-listing_cml02b_gl.R:22:3')"/>
    </testcase>
  </testsuite>
  <testsuite name="listing_dsl01" timestamp="2023-04-27T14:46:29Z" hostname="fd9551013ea2" tests="2" skipped="1" failures="0" errors="0" time="0.111">
    <testcase time="0.0339999999999998" classname="listing_dsl01" name="DSL01_listing_is_produced_correctly"/>
    <testcase time="0.077" classname="listing_dsl01" name="DSL01_listing_is_produced_correctly">
      <skipped message="Reason: On CRAN ('test-listing_dsl01.R:30:3')"/>
    </testcase>
  </testsuite>
  <testsuite name="listing_dsl02" timestamp="2023-04-27T14:46:29Z" hostname="fd9551013ea2" tests="2" skipped="1" failures="0" errors="0" time="0.065">
    <testcase time="0.0389999999999997" classname="listing_dsl02" name="DSL02_listing_is_produced_correctly"/>
    <testcase time="0.0260000000000007" classname="listing_dsl02" name="DSL02_listing_is_produced_correctly">
      <skipped message="Reason: On CRAN ('test-listing_dsl02.R:36:3')"/>
    </testcase>
  </testsuite>
  <testsuite name="listing_dsur4" timestamp="2023-04-27T14:46:29Z" hostname="fd9551013ea2" tests="2" skipped="1" failures="0" errors="0" time="0.08">
    <testcase time="0.0419999999999998" classname="listing_dsur4" name="DSUR4_listing_is_produced_correctly"/>
    <testcase time="0.0380000000000003" classname="listing_dsur4" name="DSUR4_listing_is_produced_correctly">
      <skipped message="Reason: On CRAN ('test-listing_dsur4.R:22:3')"/>
    </testcase>
  </testsuite>
  <testsuite name="listing_egl01" timestamp="2023-04-27T14:46:29Z" hostname="fd9551013ea2" tests="1" skipped="1" failures="0" errors="0" time="0.253">
    <testcase time="0.252999999999999" classname="listing_egl01" name="EGL01_listing_is_produced_correctly">
      <skipped message="Reason: On CRAN ('test-listing_egl01.R:61:3')"/>
    </testcase>
  </testsuite>
  <testsuite name="listing_exl01" timestamp="2023-04-27T14:46:29Z" hostname="fd9551013ea2" tests="1" skipped="1" failures="0" errors="0" time="0.141">
    <testcase time="0.141" classname="listing_exl01" name="EXL01_listing_is_produced_correctly">
      <skipped message="Reason: On CRAN ('test-listing_exl01.R:29:3')"/>
    </testcase>
  </testsuite>
  <testsuite name="listing_lbl01" timestamp="2023-04-27T14:46:29Z" hostname="fd9551013ea2" tests="1" skipped="1" failures="0" errors="0" time="0.218">
    <testcase time="0.218000000000001" classname="listing_lbl01" name="LBL01_listing_is_produced_correctly">
      <skipped message="Reason: On CRAN ('test-listing_lbl01.R:52:3')"/>
    </testcase>
  </testsuite>
  <testsuite name="listing_lbl01_rls" timestamp="2023-04-27T14:46:29Z" hostname="fd9551013ea2" tests="1" skipped="1" failures="0" errors="0" time="0.219">
    <testcase time="0.218999999999999" classname="listing_lbl01_rls" name="LBL01_RLS_listing_is_produced_correctly">
      <skipped message="Reason: On CRAN ('test-listing_lbl01_rls.R:58:3')"/>
    </testcase>
  </testsuite>
  <testsuite name="listing_lbl02a" timestamp="2023-04-27T14:46:30Z" hostname="fd9551013ea2" tests="2" skipped="1" failures="0" errors="0" time="0.217">
    <testcase time="0.104" classname="listing_lbl02a" name="LBL02A_listing_is_produced_correctly"/>
    <testcase time="0.113" classname="listing_lbl02a" name="LBL02A_listing_is_produced_correctly">
      <skipped message="Reason: On CRAN ('test-listing_lbl02a.R:49:3')"/>
    </testcase>
  </testsuite>
  <testsuite name="listing_lbl02a_rls" timestamp="2023-04-27T14:46:30Z" hostname="fd9551013ea2" tests="2" skipped="1" failures="0" errors="0" time="0.355">
    <testcase time="0.232" classname="listing_lbl02a_rls" name="LBL02A_RLS_listing_is_produced_correctly"/>
    <testcase time="0.122999999999999" classname="listing_lbl02a_rls" name="LBL02A_RLS_listing_is_produced_correctly">
      <skipped message="Reason: On CRAN ('test-listing_lbl02a_rls.R:79:3')"/>
    </testcase>
  </testsuite>
  <testsuite name="listing_lbl02b" timestamp="2023-04-27T14:46:30Z" hostname="fd9551013ea2" tests="2" skipped="1" failures="0" errors="0" time="0.219">
    <testcase time="0.0960000000000001" classname="listing_lbl02b" name="LBL02B_listing_is_produced_correctly"/>
    <testcase time="0.122999999999999" classname="listing_lbl02b" name="LBL02B_listing_is_produced_correctly">
      <skipped message="Reason: On CRAN ('test-listing_lbl02b.R:55:3')"/>
    </testcase>
  </testsuite>
  <testsuite name="listing_mhl01" timestamp="2023-04-27T14:46:30Z" hostname="fd9551013ea2" tests="2" skipped="1" failures="0" errors="0" time="0.412">
    <testcase time="0.0449999999999999" classname="listing_mhl01" name="MHL01_listing_is_produced_correctly"/>
    <testcase time="0.367000000000001" classname="listing_mhl01" name="MHL01_listing_is_produced_correctly">
      <skipped message="Reason: On CRAN ('test-listing_mhl01.R:33:3')"/>
    </testcase>
  </testsuite>
  <testsuite name="listing_oncl01" timestamp="2023-04-27T14:46:31Z" hostname="fd9551013ea2" tests="1" skipped="1" failures="0" errors="0" time="0.206">
    <testcase time="0.206" classname="listing_oncl01" name="ONCL01_listing_is_produced_correctly">
      <skipped message="Reason: On CRAN ('test-listing_oncl01.R:61:3')"/>
    </testcase>
  </testsuite>
  <testsuite name="listing_pkcl01" timestamp="2023-04-27T14:46:31Z" hostname="fd9551013ea2" tests="2" skipped="1" failures="0" errors="0" time="0.101">
    <testcase time="0.0339999999999989" classname="listing_pkcl01" name="PKCL01_listing_is_produced_correctly"/>
    <testcase time="0.0670000000000002" classname="listing_pkcl01" name="PKCL01_listing_is_produced_correctly">
      <skipped message="Reason: On CRAN ('test-listing_pkcl01.R:28:3')"/>
    </testcase>
  </testsuite>
  <testsuite name="listing_pkcl02" timestamp="2023-04-27T14:46:31Z" hostname="fd9551013ea2" tests="2" skipped="1" failures="0" errors="0" time="0.214">
    <testcase time="0.0709999999999997" classname="listing_pkcl02" name="PKCL02_listing_is_produced_correctly"/>
    <testcase time="0.143000000000001" classname="listing_pkcl02" name="PKCL02_listing_is_produced_correctly">
      <skipped message="Reason: On CRAN ('test-listing_pkcl02.R:63:3')"/>
    </testcase>
  </testsuite>
  <testsuite name="listing_pkpl01" timestamp="2023-04-27T14:46:31Z" hostname="fd9551013ea2" tests="2" skipped="1" failures="0" errors="0" time="0.116">
    <testcase time="0.0499999999999989" classname="listing_pkpl01" name="PKPL01_listing_is_produced_correctly"/>
    <testcase time="0.0660000000000007" classname="listing_pkpl01" name="PKPL01_listing_is_produced_correctly">
      <skipped message="Reason: On CRAN ('test-listing_pkpl01.R:34:3')"/>
    </testcase>
  </testsuite>
  <testsuite name="listing_pkpl02" timestamp="2023-04-27T14:46:32Z" hostname="fd9551013ea2" tests="2" skipped="1" failures="0" errors="0" time="0.142">
    <testcase time="0.0700000000000003" classname="listing_pkpl02" name="PKPL02_listing_is_produced_correctly"/>
    <testcase time="0.0719999999999992" classname="listing_pkpl02" name="PKPL02_listing_is_produced_correctly">
      <skipped message="Reason: On CRAN ('test-listing_pkpl02.R:35:3')"/>
    </testcase>
  </testsuite>
  <testsuite name="listing_pkpl04" timestamp="2023-04-27T14:46:32Z" hostname="fd9551013ea2" tests="2" skipped="1" failures="0" errors="0" time="0.147">
    <testcase time="0.0640000000000001" classname="listing_pkpl04" name="PKPL04_listing_is_produced_correctly"/>
    <testcase time="0.0830000000000002" classname="listing_pkpl04" name="PKPL04_listing_is_produced_correctly">
      <skipped message="Reason: On CRAN ('test-listing_pkpl04.R:50:3')"/>
    </testcase>
  </testsuite>
  <testsuite name="listing_vsl01" timestamp="2023-04-27T14:46:32Z" hostname="fd9551013ea2" tests="1" skipped="1" failures="0" errors="0" time="0.365">
    <testcase time="0.365" classname="listing_vsl01" name="VSL01_listing_is_produced_correctly">
      <skipped message="Reason: On CRAN ('test-listing_vsl01.R:83:3')"/>
    </testcase>
  </testsuite>
  <testsuite name="table_adat03" timestamp="2023-04-27T14:46:32Z" hostname="fd9551013ea2" tests="2" skipped="1" failures="0" errors="0" time="0.815">
    <testcase time="0.711" classname="table_adat03" name="ADAT03_is_produced_correctly"/>
    <testcase time="0.103999999999999" classname="table_adat03" name="ADAT03_is_produced_correctly">
      <skipped message="Reason: On CRAN ('test-table_adat03.R:71:3')"/>
    </testcase>
  </testsuite>
  <testsuite name="table_aet01" timestamp="2023-04-27T14:46:33Z" hostname="fd9551013ea2" tests="8" skipped="4" failures="0" errors="0" time="2.139">
    <testcase time="0.479000000000001" classname="table_aet01" name="Safety_Summary_Variant_1_works_as_expected"/>
    <testcase time="0.0869999999999997" classname="table_aet01" name="Safety_Summary_Variant_1_works_as_expected">
      <skipped message="Reason: On CRAN ('test-table_aet01.R:94:3')"/>
    </testcase>
    <testcase time="0.436" classname="table_aet01" name="Safety_Summary_Variant_2_with_Medical_Concepts_Section_works_as_expected"/>
    <testcase time="0.0839999999999996" classname="table_aet01" name="Safety_Summary_Variant_2_with_Medical_Concepts_Section_works_as_expected">
      <skipped message="Reason: On CRAN ('test-table_aet01.R:214:3')"/>
    </testcase>
    <testcase time="0.407999999999999" classname="table_aet01" name="Safety_Summary_Variant_3_with_Modified_Rows_works_as_expected"/>
    <testcase time="0.0640000000000001" classname="table_aet01" name="Safety_Summary_Variant_3_with_Modified_Rows_works_as_expected">
      <skipped message="Reason: On CRAN ('test-table_aet01.R:306:3')"/>
    </testcase>
    <testcase time="0.488000000000001" classname="table_aet01" name="Safety_Summary_Variant_4_with_Rows_Counting_Events_and_Additional_Sections_works_as_expected"/>
    <testcase time="0.093" classname="table_aet01" name="Safety_Summary_Variant_4_with_Rows_Counting_Events_and_Additional_Sections_works_as_expected">
      <skipped message="Reason: On CRAN ('test-table_aet01.R:419:3')"/>
    </testcase>
  </testsuite>
  <testsuite name="table_aet01_aesi" timestamp="2023-04-27T14:46:35Z" hostname="fd9551013ea2" tests="8" skipped="4" failures="0" errors="0" time="2.447">
    <testcase time="0.388999999999999" classname="table_aet01_aesi" name="AET01_AESI_Variant_1_works_as_expected"/>
    <testcase time="0.0670000000000002" classname="table_aet01_aesi" name="AET01_AESI_Variant_1_works_as_expected">
      <skipped message="Reason: On CRAN ('test-table_aet01_aesi.R:114:3')"/>
    </testcase>
    <testcase time="0.356999999999999" classname="table_aet01_aesi" name="AET01_AESI_Variant_2_works_as_expected"/>
    <testcase time="0.109" classname="table_aet01_aesi" name="AET01_AESI_Variant_2_works_as_expected">
      <skipped message="Reason: On CRAN ('test-table_aet01_aesi.R:153:3')"/>
    </testcase>
    <testcase time="0.653" classname="table_aet01_aesi" name="AET01_AESI_Variant_3_works_as_expected"/>
    <testcase time="0.164" classname="table_aet01_aesi" name="AET01_AESI_Variant_3_works_as_expected">
      <skipped message="Reason: On CRAN ('test-table_aet01_aesi.R:315:3')"/>
    </testcase>
    <testcase time="0.588000000000001" classname="table_aet01_aesi" name="AET01_AESI_Variant_4_works_as_expected"/>
    <testcase time="0.119999999999999" classname="table_aet01_aesi" name="AET01_AESI_Variant_4_works_as_expected">
      <skipped message="Reason: On CRAN ('test-table_aet01_aesi.R:457:3')"/>
    </testcase>
  </testsuite>
  <testsuite name="table_aet02" timestamp="2023-04-27T14:46:38Z" hostname="fd9551013ea2" tests="24" skipped="12" failures="0" errors="0" time="8.525">
    <testcase time="0.693000000000001" classname="table_aet02" name="AET02_variant_1_is_produced_correctly"/>
    <testcase time="0.158999999999999" classname="table_aet02" name="AET02_variant_1_is_produced_correctly">
      <skipped message="Reason: On CRAN ('test-table_aet02.R:42:3')"/>
    </testcase>
    <testcase time="0.800000000000001" classname="table_aet02" name="AET02_variant_2_is_produced_correctly"/>
    <testcase time="0.161999999999999" classname="table_aet02" name="AET02_variant_2_is_produced_correctly">
      <skipped message="Reason: On CRAN ('test-table_aet02.R:95:3')"/>
    </testcase>
    <testcase time="0.934000000000001" classname="table_aet02" name="AET02_variant_3_is_produced_correctly"/>
    <testcase time="0.225999999999999" classname="table_aet02" name="AET02_variant_3_is_produced_correctly">
      <skipped message="Reason: On CRAN ('test-table_aet02.R:149:3')"/>
    </testcase>
    <testcase time="0.129000000000001" classname="table_aet02" name="AET02_variant_4_is_produced_correctly"/>
    <testcase time="0.0749999999999993" classname="table_aet02" name="AET02_variant_4_is_produced_correctly">
      <skipped message="Reason: On CRAN ('test-table_aet02.R:174:3')"/>
    </testcase>
    <testcase time="0.544" classname="table_aet02" name="AET02_variant_5_is_produced_correctly"/>
    <testcase time="0.143000000000001" classname="table_aet02" name="AET02_variant_5_is_produced_correctly">
      <skipped message="Reason: On CRAN ('test-table_aet02.R:214:3')"/>
    </testcase>
    <testcase time="0.535999999999998" classname="table_aet02" name="AET02_variant_6_is_produced_correctly"/>
    <testcase time="0.0450000000000017" classname="table_aet02" name="AET02_variant_6_is_produced_correctly">
      <skipped message="Reason: On CRAN ('test-table_aet02.R:247:3')"/>
    </testcase>
    <testcase time="0.945999999999998" classname="table_aet02" name="AET02_variant_7_is_produced_correctly"/>
    <testcase time="0.0579999999999998" classname="table_aet02" name="AET02_variant_7_is_produced_correctly">
      <skipped message="Reason: On CRAN ('test-table_aet02.R:294:3')"/>
    </testcase>
    <testcase time="0.548999999999999" classname="table_aet02" name="AET02_variant_8_is_produced_correctly"/>
    <testcase time="0.0660000000000025" classname="table_aet02" name="AET02_variant_8_is_produced_correctly">
      <skipped message="Reason: On CRAN ('test-table_aet02.R:327:3')"/>
    </testcase>
    <testcase time="0.548999999999999" classname="table_aet02" name="AET02_variant_9_is_produced_correctly"/>
    <testcase time="0.0519999999999996" classname="table_aet02" name="AET02_variant_9_is_produced_correctly">
      <skipped message="Reason: On CRAN ('test-table_aet02.R:360:3')"/>
    </testcase>
    <testcase time="0.556000000000001" classname="table_aet02" name="AET02_variant_10_is_produced_correctly"/>
    <testcase time="0.0700000000000003" classname="table_aet02" name="AET02_variant_10_is_produced_correctly">
      <skipped message="Reason: On CRAN ('test-table_aet02.R:393:3')"/>
    </testcase>
    <testcase time="0.584" classname="table_aet02" name="AET02_variant_11_is_produced_correctly"/>
    <testcase time="0.0359999999999978" classname="table_aet02" name="AET02_variant_11_is_produced_correctly">
      <skipped message="Reason: On CRAN ('test-table_aet02.R:426:3')"/>
    </testcase>
    <testcase time="0.548000000000002" classname="table_aet02" name="AET02_variant_12_is_produced_correctly"/>
    <testcase time="0.0650000000000013" classname="table_aet02" name="AET02_variant_12_is_produced_correctly">
      <skipped message="Reason: On CRAN ('test-table_aet02.R:475:3')"/>
    </testcase>
  </testsuite>
  <testsuite name="table_aet02_smq" timestamp="2023-04-27T14:46:46Z" hostname="fd9551013ea2" tests="4" skipped="2" failures="0" errors="0" time="0.524">
    <testcase time="0.149999999999999" classname="table_aet02_smq" name="AET02SMQ_variant_1_is_produced_correctly"/>
    <testcase time="0.0429999999999993" classname="table_aet02_smq" name="AET02SMQ_variant_1_is_produced_correctly">
      <skipped message="Reason: On CRAN ('test-table_aet02_smq.R:52:3')"/>
    </testcase>
    <testcase time="0.25" classname="table_aet02_smq" name="AET02SMQ_variant_2_is_produced_correctly"/>
    <testcase time="0.0809999999999995" classname="table_aet02_smq" name="AET02SMQ_variant_2_is_produced_correctly">
      <skipped message="Reason: On CRAN ('test-table_aet02_smq.R:91:3')"/>
    </testcase>
  </testsuite>
  <testsuite name="table_aet03" timestamp="2023-04-27T14:46:47Z" hostname="fd9551013ea2" tests="2" skipped="1" failures="0" errors="0" time="1.681">
    <testcase time="1.387" classname="table_aet03" name="AET03_variant_1_is_produced_correctly"/>
    <testcase time="0.294" classname="table_aet03" name="AET03_variant_1_is_produced_correctly">
      <skipped message="Reason: On CRAN ('test-table_aet03.R:57:3')"/>
    </testcase>
  </testsuite>
  <testsuite name="table_aet04" timestamp="2023-04-27T14:46:50Z" hostname="fd9551013ea2" tests="16" skipped="8" failures="0" errors="0" time="8.615">
    <testcase time="1.444" classname="table_aet04" name="AET04_variant_1_is_produced_correctly"/>
    <testcase time="0.306000000000001" classname="table_aet04" name="AET04_variant_1_is_produced_correctly">
      <skipped message="Reason: On CRAN ('test-table_aet04.R:60:3')"/>
    </testcase>
    <testcase time="1.195" classname="table_aet04" name="AET04_variant_2_is_produced_correctly_Fill_in_of_Treatment_Groups_"/>
    <testcase time="0.347999999999999" classname="table_aet04" name="AET04_variant_2_is_produced_correctly_Fill_in_of_Treatment_Groups_">
      <skipped message="Reason: On CRAN ('test-table_aet04.R:125:3')"/>
    </testcase>
    <testcase time="1.967" classname="table_aet04" name="AET04_variant_3_is_produced_correctly_Fill_in_of_Grades_"/>
    <testcase time="0.295999999999999" classname="table_aet04" name="AET04_variant_3_is_produced_correctly_Fill_in_of_Grades_">
      <skipped message="Reason: On CRAN ('test-table_aet04.R:182:3')"/>
    </testcase>
    <testcase time="1.376" classname="table_aet04" name="AET04_variant_4_is_produced_correctly_Collapsing_of_Grades_grades_1_2_grades_3_4_5_"/>
    <testcase time="0.311999999999998" classname="table_aet04" name="AET04_variant_4_is_produced_correctly_Collapsing_of_Grades_grades_1_2_grades_3_4_5_">
      <skipped message="Reason: On CRAN ('test-table_aet04.R:250:3')"/>
    </testcase>
    <testcase time="0.710999999999999" classname="table_aet04" name="AET04_variant_6_is_produced_correctly_with_an_Incidence_Rate_of_at_Least_5_totals_restricted_"/>
    <testcase time="0.161000000000001" classname="table_aet04" name="AET04_variant_6_is_produced_correctly_with_an_Incidence_Rate_of_at_Least_5_totals_restricted_">
      <skipped message="Reason: On CRAN ('test-table_aet04.R:345:5')"/>
    </testcase>
    <testcase time="0.0210000000000008" classname="table_aet04" name="AET04_variant_8_is_produced_correctly_with_an_Incidence_Rate_of_at_Least_X_Patients_"/>
    <testcase time="0.140000000000001" classname="table_aet04" name="AET04_variant_8_is_produced_correctly_with_an_Incidence_Rate_of_at_Least_X_Patients_">
      <skipped message="Reason: On CRAN ('test-table_aet04.R:378:3')"/>
    </testcase>
    <testcase time="0.0210000000000008" classname="table_aet04" name="AET04_variant_9_is_produced_correctlyb_with_a_Difference_in_Incidence_Rate_of_at_Least_X_"/>
    <testcase time="0.104999999999997" classname="table_aet04" name="AET04_variant_9_is_produced_correctlyb_with_a_Difference_in_Incidence_Rate_of_at_Least_X_">
      <skipped message="Reason: On CRAN ('test-table_aet04.R:394:3')"/>
    </testcase>
    <testcase time="0.0219999999999985" classname="table_aet04" name="AET04_variant_11_is_produced_correctly_with_Incidence_Rate_of_at_Least_X_all_SOCs_w_o_preferred_terms_removed_"/>
    <testcase time="0.190000000000005" classname="table_aet04" name="AET04_variant_11_is_produced_correctly_with_Incidence_Rate_of_at_Least_X_all_SOCs_w_o_preferred_terms_removed_">
      <skipped message="Reason: On CRAN ('test-table_aet04.R:416:5')"/>
    </testcase>
  </testsuite>
  <testsuite name="table_aet04_pi" timestamp="2023-04-27T14:46:57Z" hostname="fd9551013ea2" tests="18" skipped="9" failures="0" errors="0" time="8.676">
    <testcase time="0.832000000000001" classname="table_aet04_pi" name="AET04_PI_full_table_is_produced_correctly"/>
    <testcase time="0.195" classname="table_aet04_pi" name="AET04_PI_full_table_is_produced_correctly">
      <skipped message="Reason: On CRAN ('test-table_aet04_pi.R:62:3')"/>
    </testcase>
    <testcase time="0.878999999999998" classname="table_aet04_pi" name="AET04_PI_variant_1_is_produced_correctly"/>
    <testcase time="0.153999999999996" classname="table_aet04_pi" name="AET04_PI_variant_1_is_produced_correctly">
      <skipped message="Reason: On CRAN ('test-table_aet04_pi.R:84:3')"/>
    </testcase>
    <testcase time="1.027" classname="table_aet04_pi" name="AET04_PI_variant_2_is_produced_correctly"/>
    <testcase time="0.0680000000000049" classname="table_aet04_pi" name="AET04_PI_variant_2_is_produced_correctly">
      <skipped message="Reason: On CRAN ('test-table_aet04_pi.R:107:3')"/>
    </testcase>
    <testcase time="0.872999999999998" classname="table_aet04_pi" name="AET04_PI_variant_3_is_produced_correctly"/>
    <testcase time="0.109999999999999" classname="table_aet04_pi" name="AET04_PI_variant_3_is_produced_correctly">
      <skipped message="Reason: On CRAN ('test-table_aet04_pi.R:130:3')"/>
    </testcase>
    <testcase time="0.866999999999997" classname="table_aet04_pi" name="AET04_PI_variant_4_is_produced_correctly"/>
    <testcase time="0.326000000000001" classname="table_aet04_pi" name="AET04_PI_variant_4_is_produced_correctly">
      <skipped message="Reason: On CRAN ('test-table_aet04_pi.R:154:3')"/>
    </testcase>
    <testcase time="0.806000000000004" classname="table_aet04_pi" name="AET04_PI_variant_5_is_produced_correctly"/>
    <testcase time="0.0959999999999965" classname="table_aet04_pi" name="AET04_PI_variant_5_is_produced_correctly">
      <skipped message="Reason: On CRAN ('test-table_aet04_pi.R:178:3')"/>
    </testcase>
    <testcase time="0.984000000000002" classname="table_aet04_pi" name="AET04_PI_variant_6_is_produced_correctly"/>
    <testcase time="0.097999999999999" classname="table_aet04_pi" name="AET04_PI_variant_6_is_produced_correctly">
      <skipped message="Reason: On CRAN ('test-table_aet04_pi.R:229:3')"/>
    </testcase>
    <testcase time="0.980000000000004" classname="table_aet04_pi" name="AET04_PI_variant_7_is_produced_correctly"/>
    <testcase time="0.102999999999994" classname="table_aet04_pi" name="AET04_PI_variant_7_is_produced_correctly">
      <skipped message="Reason: On CRAN ('test-table_aet04_pi.R:280:3')"/>
    </testcase>
    <testcase time="0.179000000000002" classname="table_aet04_pi" name="AET04_PI_variant_8_is_produced_correctly"/>
    <testcase time="0.0990000000000038" classname="table_aet04_pi" name="AET04_PI_variant_8_is_produced_correctly">
      <skipped message="Reason: On CRAN ('test-table_aet04_pi.R:314:3')"/>
    </testcase>
  </testsuite>
  <testsuite name="table_aet05" timestamp="2023-04-27T14:47:06Z" hostname="fd9551013ea2" tests="4" skipped="2" failures="0" errors="0" time="0.25">
    <testcase time="0.101999999999997" classname="table_aet05" name="AET05_variant_1_is_produced_correctly"/>
    <testcase time="0.0429999999999993" classname="table_aet05" name="AET05_variant_1_is_produced_correctly">
      <skipped message="Reason: On CRAN ('test-table_aet05.R:22:3')"/>
    </testcase>
    <testcase time="0.0730000000000004" classname="table_aet05" name="AET05_variant_2_is_produced_correctly"/>
    <testcase time="0.0320000000000036" classname="table_aet05" name="AET05_variant_2_is_produced_correctly">
      <skipped message="Reason: On CRAN ('test-table_aet05.R:42:3')"/>
    </testcase>
  </testsuite>
  <testsuite name="table_aet05_all" timestamp="2023-04-27T14:47:06Z" hostname="fd9551013ea2" tests="4" skipped="2" failures="0" errors="0" time="0.277">
    <testcase time="0.139999999999993" classname="table_aet05_all" name="AET05_ALL_variant_1_is_produced_correctly"/>
    <testcase time="0.0430000000000064" classname="table_aet05_all" name="AET05_ALL_variant_1_is_produced_correctly">
      <skipped message="Reason: On CRAN ('test-table_aet05_all.R:32:3')"/>
    </testcase>
    <testcase time="0.0619999999999976" classname="table_aet05_all" name="AET05_ALL_variant_2_is_produced_correctly"/>
    <testcase time="0.0319999999999965" classname="table_aet05_all" name="AET05_ALL_variant_2_is_produced_correctly">
      <skipped message="Reason: On CRAN ('test-table_aet05_all.R:47:3')"/>
    </testcase>
  </testsuite>
  <testsuite name="table_aet06" timestamp="2023-04-27T14:47:06Z" hostname="fd9551013ea2" tests="6" skipped="3" failures="0" errors="0" time="4.571">
    <testcase time="0.866" classname="table_aet06" name="AET06_variant_1_is_produced_correctly"/>
    <testcase time="0.184000000000005" classname="table_aet06" name="AET06_variant_1_is_produced_correctly">
      <skipped message="Reason: On CRAN ('test-table_aet06.R:81:3')"/>
    </testcase>
    <testcase time="1.469" classname="table_aet06" name="AET06_variant_3_is_produced_correctly"/>
    <testcase time="0.266999999999996" classname="table_aet06" name="AET06_variant_3_is_produced_correctly">
      <skipped message="Reason: On CRAN ('test-table_aet06.R:133:3')"/>
    </testcase>
    <testcase time="1.493" classname="table_aet06" name="AET06_variant_5_is_produced_correctly"/>
    <testcase time="0.292000000000002" classname="table_aet06" name="AET06_variant_5_is_produced_correctly">
      <skipped message="Reason: On CRAN ('test-table_aet06.R:177:3')"/>
    </testcase>
  </testsuite>
  <testsuite name="table_aet06_smq" timestamp="2023-04-27T14:47:11Z" hostname="fd9551013ea2" tests="4" skipped="2" failures="0" errors="0" time="1.409">
    <testcase time="0.564" classname="table_aet06_smq" name="AET06_SMQ_variant_1_is_produced_correctly"/>
    <testcase time="0.140999999999998" classname="table_aet06_smq" name="AET06_SMQ_variant_1_is_produced_correctly">
      <skipped message="Reason: On CRAN ('test-table_aet06_smq.R:73:3')"/>
    </testcase>
    <testcase time="0.564" classname="table_aet06_smq" name="AET06_SMQ_variant_2_is_produced_correctly"/>
    <testcase time="0.140000000000001" classname="table_aet06_smq" name="AET06_SMQ_variant_2_is_produced_correctly">
      <skipped message="Reason: On CRAN ('test-table_aet06_smq.R:160:3')"/>
    </testcase>
  </testsuite>
  <testsuite name="table_aet07" timestamp="2023-04-27T14:47:12Z" hostname="fd9551013ea2" tests="4" skipped="2" failures="0" errors="0" time="0.286">
    <testcase time="0.125999999999998" classname="table_aet07" name="AET07_variant_1_is_produced_correctly"/>
    <testcase time="0.027000000000001" classname="table_aet07" name="AET07_variant_1_is_produced_correctly">
      <skipped message="Reason: On CRAN ('test-table_aet07.R:51:3')"/>
    </testcase>
    <testcase time="0.100999999999999" classname="table_aet07" name="AET07_variant_2_is_produced_correctly"/>
    <testcase time="0.0320000000000036" classname="table_aet07" name="AET07_variant_2_is_produced_correctly">
      <skipped message="Reason: On CRAN ('test-table_aet07.R:82:3')"/>
    </testcase>
  </testsuite>
  <testsuite name="table_aet09" timestamp="2023-04-27T14:47:12Z" hostname="fd9551013ea2" tests="4" skipped="2" failures="0" errors="0" time="1.344">
    <testcase time="0.478000000000002" classname="table_aet09" name="AET09_variant_1_is_produced_correctly_AE_related_to_study_drug"/>
    <testcase time="0.116999999999997" classname="table_aet09" name="AET09_variant_1_is_produced_correctly_AE_related_to_study_drug">
      <skipped message="Reason: On CRAN ('test-table_aet09.R:43:3')"/>
    </testcase>
    <testcase time="0.597999999999999" classname="table_aet09" name="AET09_variant_2_is_produced_correctly_AE_related_to_study_drug_including_high_level_terms_"/>
    <testcase time="0.151000000000003" classname="table_aet09" name="AET09_variant_2_is_produced_correctly_AE_related_to_study_drug_including_high_level_terms_">
      <skipped message="Reason: On CRAN ('test-table_aet09.R:100:3')"/>
    </testcase>
  </testsuite>
  <testsuite name="table_aet09_smq" timestamp="2023-04-27T14:47:14Z" hostname="fd9551013ea2" tests="4" skipped="2" failures="0" errors="0" time="0.586">
    <testcase time="0.177999999999997" classname="table_aet09_smq" name="AET09_variant_1_AEs_related_to_study_drug_by_SMQ_is_produced_correctly"/>
    <testcase time="0.0429999999999993" classname="table_aet09_smq" name="AET09_variant_1_AEs_related_to_study_drug_by_SMQ_is_produced_correctly">
      <skipped message="Reason: On CRAN ('test-table_aet09_smq.R:69:3')"/>
    </testcase>
    <testcase time="0.294000000000004" classname="table_aet09_smq" name="AET09_variant_2_AEs_related_to_study_drug_by_SMQ_with_customized_queries_is_produced_correctly"/>
    <testcase time="0.070999999999998" classname="table_aet09_smq" name="AET09_variant_2_AEs_related_to_study_drug_by_SMQ_with_customized_queries_is_produced_correctly">
      <skipped message="Reason: On CRAN ('test-table_aet09_smq.R:128:5')"/>
    </testcase>
  </testsuite>
  <testsuite name="table_aet10" timestamp="2023-04-27T14:47:14Z" hostname="fd9551013ea2" tests="2" skipped="1" failures="0" errors="0" time="0.172">
    <testcase time="0.131999999999998" classname="table_aet10" name="AET10_default_variant_is_produced_correctly"/>
    <testcase time="0.0399999999999991" classname="table_aet10" name="AET10_default_variant_is_produced_correctly">
      <skipped message="Reason: On CRAN ('test-table_aet10.R:23:3')"/>
    </testcase>
  </testsuite>
  <testsuite name="table_aovt01" timestamp="2023-04-27T14:47:15Z" hostname="fd9551013ea2" tests="4" skipped="2" failures="0" errors="0" time="1.318">
    <testcase time="0.393000000000001" classname="table_aovt01" name="AOVT01_variant_with_single_endpoint_is_produced_correctly"/>
    <testcase time="0.0549999999999997" classname="table_aovt01" name="AOVT01_variant_with_single_endpoint_is_produced_correctly">
      <skipped message="Reason: On CRAN ('test-table_aovt01.R:33:3')"/>
    </testcase>
    <testcase time="0.756" classname="table_aovt01" name="AOVT01_variant_with_multiple_endpoints_is_produced_correctly"/>
    <testcase time="0.114000000000004" classname="table_aovt01" name="AOVT01_variant_with_multiple_endpoints_is_produced_correctly">
      <skipped message="Reason: On CRAN ('test-table_aovt01.R:52:3')"/>
    </testcase>
  </testsuite>
  <testsuite name="table_aovt02" timestamp="2023-04-27T14:47:16Z" hostname="fd9551013ea2" tests="2" skipped="1" failures="0" errors="0" time="0.468">
    <testcase time="0.403999999999996" classname="table_aovt02" name="AOVT02_is_produced_correctly"/>
    <testcase time="0.0640000000000001" classname="table_aovt02" name="AOVT02_is_produced_correctly">
      <skipped message="Reason: On CRAN ('test-table_aovt02.R:42:3')"/>
    </testcase>
  </testsuite>
  <testsuite name="table_aovt03" timestamp="2023-04-27T14:47:16Z" hostname="fd9551013ea2" tests="2" skipped="1" failures="0" errors="0" time="1.05">
    <testcase time="0.910000000000004" classname="table_aovt03" name="AOVT03_is_produced_correctly"/>
    <testcase time="0.140000000000001" classname="table_aovt03" name="AOVT03_is_produced_correctly">
      <skipped message="Reason: On CRAN ('test-table_aovt03.R:44:3')"/>
    </testcase>
  </testsuite>
  <testsuite name="table_cfbt01" timestamp="2023-04-27T14:47:17Z" hostname="fd9551013ea2" tests="2" skipped="1" failures="0" errors="0" time="0.958">
    <testcase time="0.780000000000001" classname="table_cfbt01" name="CFBT01_default_variant_is_produced_correctly"/>
    <testcase time="0.177999999999997" classname="table_cfbt01" name="CFBT01_default_variant_is_produced_correctly">
      <skipped message="Reason: On CRAN ('test-table_cfbt01.R:36:3')"/>
    </testcase>
  </testsuite>
  <testsuite name="table_cmht01" timestamp="2023-04-27T14:47:18Z" hostname="fd9551013ea2" tests="4" skipped="2" failures="0" errors="0" time="2.01">
    <testcase time="0.478999999999999" classname="table_cmht01" name="CMHT01_variant_1_is_produced_correctly"/>
    <testcase time="0.0820000000000007" classname="table_cmht01" name="CMHT01_variant_1_is_produced_correctly">
      <skipped message="Reason: On CRAN ('test-table_cmht01.R:54:3')"/>
    </testcase>
    <testcase time="1.197" classname="table_cmht01" name="CMHT01_variant_2_is_produced_correctly"/>
    <testcase time="0.251999999999995" classname="table_cmht01" name="CMHT01_variant_2_is_produced_correctly">
      <skipped message="Reason: On CRAN ('test-table_cmht01.R:114:3')"/>
    </testcase>
  </testsuite>
  <testsuite name="table_cmt01" timestamp="2023-04-27T14:47:20Z" hostname="fd9551013ea2" tests="8" skipped="4" failures="0" errors="0" time="1.642">
    <testcase time="0.346000000000004" classname="table_cmt01" name="CMT01_default_variant_Concomitant_medications_is_produced_correctly"/>
    <testcase time="0.0869999999999962" classname="table_cmt01" name="CMT01_default_variant_Concomitant_medications_is_produced_correctly">
      <skipped message="Reason: On CRAN ('test-table_cmt01.R:36:3')"/>
    </testcase>
    <testcase time="0.274000000000001" classname="table_cmt01" name="CMT01_variant_1_prior_medications_is_produced_correctly"/>
    <testcase time="0.0640000000000001" classname="table_cmt01" name="CMT01_variant_1_prior_medications_is_produced_correctly">
      <skipped message="Reason: On CRAN ('test-table_cmt01.R:71:3')"/>
    </testcase>
    <testcase time="0.326999999999998" classname="table_cmt01" name="CMT01_variant_3_Concomitant_medications_is_produced_correctly"/>
    <testcase time="0.0960000000000036" classname="table_cmt01" name="CMT01_variant_3_Concomitant_medications_is_produced_correctly">
      <skipped message="Reason: On CRAN ('test-table_cmt01.R:104:3')"/>
    </testcase>
    <testcase time="0.342999999999996" classname="table_cmt01" name="CMT01_variant_4_Concomitant_medications_is_produced_correctly"/>
    <testcase time="0.105000000000004" classname="table_cmt01" name="CMT01_variant_4_Concomitant_medications_is_produced_correctly">
      <skipped message="Reason: On CRAN ('test-table_cmt01.R:135:3')"/>
    </testcase>
  </testsuite>
  <testsuite name="table_cmt01a" timestamp="2023-04-27T14:47:22Z" hostname="fd9551013ea2" tests="8" skipped="4" failures="0" errors="0" time="3.486">
    <testcase time="0.775999999999996" classname="table_cmt01a" name="CMT01A_variant_1_is_produced_correctly"/>
    <testcase time="0.161000000000001" classname="table_cmt01a" name="CMT01A_variant_1_is_produced_correctly">
      <skipped message="Reason: On CRAN ('test-table_cmt01a.R:64:3')"/>
    </testcase>
    <testcase time="0.715000000000003" classname="table_cmt01a" name="CMT01A_variant_2_is_produced_correctly"/>
    <testcase time="0.163999999999994" classname="table_cmt01a" name="CMT01A_variant_2_is_produced_correctly">
      <skipped message="Reason: On CRAN ('test-table_cmt01a.R:114:3')"/>
    </testcase>
    <testcase time="0.714000000000006" classname="table_cmt01a" name="CMT01A_variant_3_is_produced_correctly"/>
    <testcase time="0.165999999999997" classname="table_cmt01a" name="CMT01A_variant_3_is_produced_correctly">
      <skipped message="Reason: On CRAN ('test-table_cmt01a.R:161:3')"/>
    </testcase>
    <testcase time="0.649999999999999" classname="table_cmt01a" name="CMT01A_variant_4_is_produced_correctly"/>
    <testcase time="0.140000000000001" classname="table_cmt01a" name="CMT01A_variant_4_is_produced_correctly">
      <skipped message="Reason: On CRAN ('test-table_cmt01a.R:210:3')"/>
    </testcase>
  </testsuite>
  <testsuite name="table_cmt01b" timestamp="2023-04-27T14:47:26Z" hostname="fd9551013ea2" tests="6" skipped="3" failures="0" errors="0" time="3.924">
    <testcase time="1.157" classname="table_cmt01b" name="CMT01B_variant_1_is_produced_correctly"/>
    <testcase time="0.246000000000009" classname="table_cmt01b" name="CMT01B_variant_1_is_produced_correctly">
      <skipped message="Reason: On CRAN ('test-table_cmt01b.R:88:3')"/>
    </testcase>
    <testcase time="0.807999999999993" classname="table_cmt01b" name="CMT01B_variant_2_is_produced_correctly"/>
    <testcase time="0.185000000000002" classname="table_cmt01b" name="CMT01B_variant_2_is_produced_correctly">
      <skipped message="Reason: On CRAN ('test-table_cmt01b.R:146:3')"/>
    </testcase>
    <testcase time="1.25399999999999" classname="table_cmt01b" name="CMT01B_variant_4_is_produced_correctly"/>
    <testcase time="0.274000000000001" classname="table_cmt01b" name="CMT01B_variant_4_is_produced_correctly">
      <skipped message="Reason: On CRAN ('test-table_cmt01b.R:219:3')"/>
    </testcase>
  </testsuite>
  <testsuite name="table_cmt02_pt" timestamp="2023-04-27T14:47:29Z" hostname="fd9551013ea2" tests="2" skipped="1" failures="0" errors="0" time="0.263">
    <testcase time="0.183000000000007" classname="table_cmt02_pt" name="CMT02_PT_default_variant_is_produced_correctly"/>
    <testcase time="0.0799999999999983" classname="table_cmt02_pt" name="CMT02_PT_default_variant_is_produced_correctly">
      <skipped message="Reason: On CRAN ('test-table_cmt02_pt.R:26:3')"/>
    </testcase>
  </testsuite>
  <testsuite name="table_coxt01" timestamp="2023-04-27T14:47:30Z" hostname="fd9551013ea2" tests="8" skipped="4" failures="0" errors="0" time="2.066">
    <testcase time="0.355000000000004" classname="table_coxt01" name="1._Cox_Regression"/>
    <testcase time="0.0429999999999922" classname="table_coxt01" name="1._Cox_Regression">
      <skipped message="Reason: On CRAN ('test-table_coxt01.R:31:3')"/>
    </testcase>
    <testcase time="0.474000000000004" classname="table_coxt01" name="2._Cox_Regression_with_Interaction_Term_"/>
    <testcase time="0.0669999999999931" classname="table_coxt01" name="2._Cox_Regression_with_Interaction_Term_">
      <skipped message="Reason: On CRAN ('test-table_coxt01.R:50:3')"/>
    </testcase>
    <testcase time="0.474000000000004" classname="table_coxt01" name="3._Cox_Regression_specifying_covariates_"/>
    <testcase time="0.0910000000000082" classname="table_coxt01" name="3._Cox_Regression_specifying_covariates_">
      <skipped message="Reason: On CRAN ('test-table_coxt01.R:71:3')"/>
    </testcase>
    <testcase time="0.458999999999989" classname="table_coxt01" name="4._Cox_Regression_setting_strata_ties_and_alpha_level_"/>
    <testcase time="0.103000000000009" classname="table_coxt01" name="4._Cox_Regression_setting_strata_ties_and_alpha_level_">
      <skipped message="Reason: On CRAN ('test-table_coxt01.R:97:3')"/>
    </testcase>
  </testsuite>
  <testsuite name="table_coxt02" timestamp="2023-04-27T14:47:32Z" hostname="fd9551013ea2" tests="4" skipped="2" failures="0" errors="0" time="0.839">
    <testcase time="0.378" classname="table_coxt02" name="COXT02_default_variant_1_is_produced_correctly"/>
    <testcase time="0.0700000000000074" classname="table_coxt02" name="COXT02_default_variant_1_is_produced_correctly">
      <skipped message="Reason: On CRAN ('test-table_coxt02.R:30:3')"/>
    </testcase>
    <testcase time="0.349000000000004" classname="table_coxt02" name="COXT02_variant_5_is_produced_correctly"/>
    <testcase time="0.0420000000000016" classname="table_coxt02" name="COXT02_variant_5_is_produced_correctly">
      <skipped message="Reason: On CRAN ('test-table_coxt02.R:48:3')"/>
    </testcase>
  </testsuite>
  <testsuite name="table_disclosures" timestamp="2023-04-27T14:47:33Z" hostname="fd9551013ea2" tests="12" skipped="6" failures="0" errors="0" time="2.254">
    <testcase time="0.239999999999995" classname="table_disclosures" name="Patient_Disposition_table_is_produced_correctly"/>
    <testcase time="0.063999999999993" classname="table_disclosures" name="Patient_Disposition_table_is_produced_correctly">
      <skipped message="Reason: On CRAN ('test-table_disclosures.R:110:3')"/>
    </testcase>
    <testcase time="0.316000000000003" classname="table_disclosures" name="Demographic_table_is_produced_correctly"/>
    <testcase time="0.112000000000009" classname="table_disclosures" name="Demographic_table_is_produced_correctly">
      <skipped message="Reason: On CRAN ('test-table_disclosures.R:131:3')"/>
    </testcase>
    <testcase time="0.379999999999995" classname="table_disclosures" name="Enrollment_by_Country_Table_is_produced_correctly"/>
    <testcase time="0.0609999999999928" classname="table_disclosures" name="Enrollment_by_Country_Table_is_produced_correctly">
      <skipped message="Reason: On CRAN ('test-table_disclosures.R:143:3')"/>
    </testcase>
    <testcase time="0.0790000000000077" classname="table_disclosures" name="Death_table_is_produced_correctly"/>
    <testcase time="0.0379999999999967" classname="table_disclosures" name="Death_table_is_produced_correctly">
      <skipped message="Reason: On CRAN ('test-table_disclosures.R:161:3')"/>
    </testcase>
    <testcase time="0.356999999999999" classname="table_disclosures" name="Table_of_Serious_Adverse_Events_is_produced_correctly_for_one_specific_treatment_arm_"/>
    <testcase time="0.0660000000000025" classname="table_disclosures" name="Table_of_Serious_Adverse_Events_is_produced_correctly_for_one_specific_treatment_arm_">
      <skipped message="Reason: On CRAN ('test-table_disclosures.R:189:3')"/>
    </testcase>
    <testcase time="0.450999999999993" classname="table_disclosures" name="Table_of_Non_Serious_Adverse_Events_is_produced_correctly"/>
    <testcase time="0.0900000000000034" classname="table_disclosures" name="Table_of_Non_Serious_Adverse_Events_is_produced_correctly">
      <skipped message="Reason: On CRAN ('test-table_disclosures.R:211:3')"/>
    </testcase>
  </testsuite>
  <testsuite name="table_dmt01" timestamp="2023-04-27T14:47:35Z" hostname="fd9551013ea2" tests="2" skipped="1" failures="0" errors="0" time="0.598">
    <testcase time="0.436000000000007" classname="table_dmt01" name="DMT01_default_and_alternative_variants_are_produced_correctly"/>
    <testcase time="0.161999999999992" classname="table_dmt01" name="DMT01_default_and_alternative_variants_are_produced_correctly">
      <skipped message="Reason: On CRAN ('test-table_dmt01.R:62:3')"/>
    </testcase>
  </testsuite>
  <testsuite name="table_dort01" timestamp="2023-04-27T14:47:35Z" hostname="fd9551013ea2" tests="8" skipped="4" failures="0" errors="0" time="1.559">
    <testcase time="0.356000000000009" classname="table_dort01" name="DORT01_variant_1_is_produced_correctly"/>
    <testcase time="0.0719999999999885" classname="table_dort01" name="DORT01_variant_1_is_produced_correctly">
      <skipped message="Reason: On CRAN ('test-table_dort01.R:78:3')"/>
    </testcase>
    <testcase time="0.321000000000012" classname="table_dort01" name="DORT01_variant_2_selecting_sectons_is_produced_correctly"/>
    <testcase time="0.0829999999999984" classname="table_dort01" name="DORT01_variant_2_selecting_sectons_is_produced_correctly">
      <skipped message="Reason: On CRAN ('test-table_dort01.R:134:3')"/>
    </testcase>
    <testcase time="0.281000000000006" classname="table_dort01" name="DORT01_variant_3_modifying_conftype_and_alpha_level_is_produced_correctly"/>
    <testcase time="0.0739999999999981" classname="table_dort01" name="DORT01_variant_3_modifying_conftype_and_alpha_level_is_produced_correctly">
      <skipped message="Reason: On CRAN ('test-table_dort01.R:190:3')"/>
    </testcase>
    <testcase time="0.296999999999997" classname="table_dort01" name="DORT01_variant_4_modifying_time_point_for_the_xx_duration_is_produced_correctly"/>
    <testcase time="0.0750000000000028" classname="table_dort01" name="DORT01_variant_4_modifying_time_point_for_the_xx_duration_is_produced_correctly">
      <skipped message="Reason: On CRAN ('test-table_dort01.R:244:3')"/>
    </testcase>
  </testsuite>
  <testsuite name="table_dst01" timestamp="2023-04-27T14:47:37Z" hostname="fd9551013ea2" tests="6" skipped="3" failures="0" errors="0" time="0.818">
    <testcase time="0.173999999999992" classname="table_dst01" name="DST01_default_variant_is_produced_correctly"/>
    <testcase time="0.0520000000000067" classname="table_dst01" name="DST01_default_variant_is_produced_correctly">
      <skipped message="Reason: On CRAN ('test-table_dst01.R:83:3')"/>
    </testcase>
    <testcase time="0.283000000000001" classname="table_dst01" name="DST01_variant_with_grouping_of_reasons_is_produced_correctly"/>
    <testcase time="0.0619999999999976" classname="table_dst01" name="DST01_variant_with_grouping_of_reasons_is_produced_correctly">
      <skipped message="Reason: On CRAN ('test-table_dst01.R:102:3')"/>
    </testcase>
    <testcase time="0.189999999999998" classname="table_dst01" name="DST01_variant_with_adding_other_optional_rows_is_produced_correctly"/>
    <testcase time="0.0570000000000022" classname="table_dst01" name="DST01_variant_with_adding_other_optional_rows_is_produced_correctly">
      <skipped message="Reason: On CRAN ('test-table_dst01.R:119:3')"/>
    </testcase>
  </testsuite>
  <testsuite name="table_dtht01" timestamp="2023-04-27T14:47:38Z" hostname="fd9551013ea2" tests="8" skipped="4" failures="0" errors="0" time="1.585">
    <testcase time="0.144000000000005" classname="table_dtht01" name="DTHT01_variant_1_is_produced_correctly"/>
    <testcase time="0.0439999999999969" classname="table_dtht01" name="DTHT01_variant_1_is_produced_correctly">
      <skipped message="Reason: On CRAN ('test-table_dtht01.R:22:3')"/>
    </testcase>
    <testcase time="0.510999999999996" classname="table_dtht01" name="DTHT01_variant_2_is_produced_correctly"/>
    <testcase time="0.132999999999996" classname="table_dtht01" name="DTHT01_variant_2_is_produced_correctly">
      <skipped message="Reason: On CRAN ('test-table_dtht01.R:81:3')"/>
    </testcase>
    <testcase time="0.249000000000009" classname="table_dtht01" name="DTHT01_variant_3_is_produced_correctly"/>
    <testcase time="0.054000000000002" classname="table_dtht01" name="DTHT01_variant_3_is_produced_correctly">
      <skipped message="Reason: On CRAN ('test-table_dtht01.R:140:3')"/>
    </testcase>
    <testcase time="0.378999999999991" classname="table_dtht01" name="DTHT01_variant_4_is_produced_correctly"/>
    <testcase time="0.070999999999998" classname="table_dtht01" name="DTHT01_variant_4_is_produced_correctly">
      <skipped message="Reason: On CRAN ('test-table_dtht01.R:217:3')"/>
    </testcase>
  </testsuite>
  <testsuite name="table_egt01" timestamp="2023-04-27T14:47:39Z" hostname="fd9551013ea2" tests="2" skipped="1" failures="0" errors="0" time="1.018">
    <testcase time="0.810000000000002" classname="table_egt01" name="EGT01_default_variant_is_produced_correctly"/>
    <testcase time="0.207999999999998" classname="table_egt01" name="EGT01_default_variant_is_produced_correctly">
      <skipped message="Reason: On CRAN ('test-table_egt01.R:22:3')"/>
    </testcase>
  </testsuite>
  <testsuite name="table_egt02" timestamp="2023-04-27T14:47:40Z" hostname="fd9551013ea2" tests="4" skipped="2" failures="0" errors="0" time="0.598">
    <testcase time="0.266000000000005" classname="table_egt02" name="_EGT02_1._Regardless_of_Abnormality_at_Baseline"/>
    <testcase time="0.0570000000000022" classname="table_egt02" name="_EGT02_1._Regardless_of_Abnormality_at_Baseline">
      <skipped message="Reason: On CRAN ('test-table_egt02.R:28:3')"/>
    </testcase>
    <testcase time="0.217000000000013" classname="table_egt02" name="_EGT02_2._Among_Subjects_Without_Abnormality_at_Baseline"/>
    <testcase time="0.0579999999999927" classname="table_egt02" name="_EGT02_2._Among_Subjects_Without_Abnormality_at_Baseline">
      <skipped message="Reason: On CRAN ('test-table_egt02.R:51:3')"/>
    </testcase>
  </testsuite>
  <testsuite name="table_egt03" timestamp="2023-04-27T14:47:41Z" hostname="fd9551013ea2" tests="8" skipped="4" failures="0" errors="0" time="1.42">
    <testcase time="0.296999999999997" classname="table_egt03" name="EGT03_variant_1_is_produced_correctly"/>
    <testcase time="0.085000000000008" classname="table_egt03" name="EGT03_variant_1_is_produced_correctly">
      <skipped message="Reason: On CRAN ('test-table_egt03.R:50:3')"/>
    </testcase>
    <testcase time="0.241" classname="table_egt03" name="EGT03_variant_2_is_produced_correctly"/>
    <testcase time="0.0949999999999989" classname="table_egt03" name="EGT03_variant_2_is_produced_correctly">
      <skipped message="Reason: On CRAN ('test-table_egt03.R:91:3')"/>
    </testcase>
    <testcase time="0.250999999999991" classname="table_egt03" name="EGT03_variant_3_is_produced_correctly"/>
    <testcase time="0.0770000000000124" classname="table_egt03" name="EGT03_variant_3_is_produced_correctly">
      <skipped message="Reason: On CRAN ('test-table_egt03.R:132:3')"/>
    </testcase>
    <testcase time="0.284999999999997" classname="table_egt03" name="EGT03_variant_4_is_produced_correctly"/>
    <testcase time="0.0889999999999986" classname="table_egt03" name="EGT03_variant_4_is_produced_correctly">
      <skipped message="Reason: On CRAN ('test-table_egt03.R:179:3')"/>
    </testcase>
  </testsuite>
  <testsuite name="table_egt04" timestamp="2023-04-27T14:47:42Z" hostname="fd9551013ea2" tests="2" skipped="1" failures="0" errors="0" time="0.28">
    <testcase time="0.221000000000004" classname="table_egt04" name="EGT04_default_variant_is_produced_correctly"/>
    <testcase time="0.0589999999999975" classname="table_egt04" name="EGT04_default_variant_is_produced_correctly">
      <skipped message="Reason: On CRAN ('test-table_egt04.R:51:3')"/>
    </testcase>
  </testsuite>
  <testsuite name="table_egt05_qtcat" timestamp="2023-04-27T14:47:43Z" hostname="fd9551013ea2" tests="2" skipped="1" failures="0" errors="0" time="1.117">
    <testcase time="0.879999999999995" classname="table_egt05_qtcat" name="EGT05_QTCAT_default_variant_is_produced_correctly"/>
    <testcase time="0.237000000000009" classname="table_egt05_qtcat" name="EGT05_QTCAT_default_variant_is_produced_correctly">
      <skipped message="Reason: On CRAN ('test-table_egt05_qtcat.R:57:3')"/>
    </testcase>
  </testsuite>
  <testsuite name="table_ent" timestamp="2023-04-27T14:47:44Z" hostname="fd9551013ea2" tests="8" skipped="4" failures="0" errors="0" time="16.192">
    <testcase time="4.06599999999999" classname="table_ent" name="ENT01_IT_is_produced_correctly"/>
    <testcase time="0.585999999999999" classname="table_ent" name="ENT01_IT_is_produced_correctly">
      <skipped message="Reason: On CRAN ('test-table_ent.R:24:3')"/>
    </testcase>
    <testcase time="2.676" classname="table_ent" name="ENT01a_IT_is_produced_correctly"/>
    <testcase time="0.573000000000008" classname="table_ent" name="ENT01a_IT_is_produced_correctly">
      <skipped message="Reason: On CRAN ('test-table_ent.R:40:3')"/>
    </testcase>
    <testcase time="4.22" classname="table_ent" name="ENT02_IT_is_produced_correctly"/>
    <testcase time="0.623000000000005" classname="table_ent" name="ENT02_IT_is_produced_correctly">
      <skipped message="Reason: On CRAN ('test-table_ent.R:61:3')"/>
    </testcase>
    <testcase time="2.851" classname="table_ent" name="ENT02a_IT_is_produced_correctly"/>
    <testcase time="0.596999999999994" classname="table_ent" name="ENT02a_IT_is_produced_correctly">
      <skipped message="Reason: On CRAN ('test-table_ent.R:79:3')"/>
    </testcase>
  </testsuite>
  <testsuite name="table_eudrat01" timestamp="2023-04-27T14:48:00Z" hostname="fd9551013ea2" tests="2" skipped="1" failures="0" errors="0" time="0.936">
    <testcase time="0.840999999999994" classname="table_eudrat01" name="EUDRAT01_is_produced_correctly"/>
    <testcase time="0.0950000000000131" classname="table_eudrat01" name="EUDRAT01_is_produced_correctly">
      <skipped message="Reason: On CRAN ('test-table_eudrat01.R:77:3')"/>
    </testcase>
  </testsuite>
  <testsuite name="table_eudrat02" timestamp="2023-04-27T14:48:01Z" hostname="fd9551013ea2" tests="2" skipped="1" failures="0" errors="0" time="0.495">
    <testcase time="0.436999999999998" classname="table_eudrat02" name="EUDRAT02_is_produced_correctly"/>
    <testcase time="0.0579999999999927" classname="table_eudrat02" name="EUDRAT02_is_produced_correctly">
      <skipped message="Reason: On CRAN ('test-table_eudrat02.R:44:3')"/>
    </testcase>
  </testsuite>
  <testsuite name="table_ext01" timestamp="2023-04-27T14:48:01Z" hostname="fd9551013ea2" tests="6" skipped="3" failures="0" errors="0" time="1.147">
    <testcase time="0.271000000000001" classname="table_ext01" name="EXT01_default_variant_with_numeric_parameters_is_produced_correctly"/>
    <testcase time="0.0900000000000034" classname="table_ext01" name="EXT01_default_variant_with_numeric_parameters_is_produced_correctly">
      <skipped message="Reason: On CRAN ('test-table_ext01.R:58:3')"/>
    </testcase>
    <testcase time="0.275999999999996" classname="table_ext01" name="EXT01_variant_with_both_numeric_and_categorical_parameters"/>
    <testcase time="0.0940000000000083" classname="table_ext01" name="EXT01_variant_with_both_numeric_and_categorical_parameters">
      <skipped message="Reason: On CRAN ('test-table_ext01.R:147:3')"/>
    </testcase>
    <testcase time="0.313999999999993" classname="table_ext01" name="EXT01_variant_with_user_specified_categories_for_missed_doses"/>
    <testcase time="0.102000000000004" classname="table_ext01" name="EXT01_variant_with_user_specified_categories_for_missed_doses">
      <skipped message="Reason: On CRAN ('test-table_ext01.R:241:3')"/>
    </testcase>
  </testsuite>
  <testsuite name="table_fstg02" timestamp="2023-04-27T14:48:03Z" hostname="fd9551013ea2" tests="8" skipped="4" failures="0" errors="0" time="3.05">
    <testcase time="0.826999999999998" classname="table_fstg02" name="FSTG02_table_variant_1_Subgroup_Analysis_of_Survival_Duration_is_produced_correctly"/>
    <testcase time="0.0769999999999982" classname="table_fstg02" name="FSTG02_table_variant_1_Subgroup_Analysis_of_Survival_Duration_is_produced_correctly">
      <skipped message="Reason: On CRAN ('test-table_fstg02.R:43:3')"/>
    </testcase>
    <testcase time="0.816000000000003" classname="table_fstg02" name="FSTG02_table_variant_2_specifying_class_variables_and_options_for_the_treatment_variable_"/>
    <testcase time="0.0769999999999982" classname="table_fstg02" name="FSTG02_table_variant_2_specifying_class_variables_and_options_for_the_treatment_variable_">
      <skipped message="Reason: On CRAN ('test-table_fstg02.R:80:3')"/>
    </testcase>
    <testcase time="0.299999999999997" classname="table_fstg02" name="FSTG02_table_variant_3_selecting_columns_and_changing_the_alpha_level_"/>
    <testcase time="0.0499999999999972" classname="table_fstg02" name="FSTG02_table_variant_3_selecting_columns_and_changing_the_alpha_level_">
      <skipped message="Reason: On CRAN ('test-table_fstg02.R:105:3')"/>
    </testcase>
    <testcase time="0.815000000000012" classname="table_fstg02" name="FSTG02_table_variant_4_fixed_symbol_size_is_produced_correctly"/>
    <testcase time="0.0879999999999939" classname="table_fstg02" name="FSTG02_table_variant_4_fixed_symbol_size_is_produced_correctly">
      <skipped message="Reason: On CRAN ('test-table_fstg02.R:135:3')"/>
    </testcase>
  </testsuite>
  <testsuite name="table_lbt01" timestamp="2023-04-27T14:48:06Z" hostname="fd9551013ea2" tests="2" skipped="1" failures="0" errors="0" time="0.793">
    <testcase time="0.623000000000005" classname="table_lbt01" name="LBT01_default_variant_is_produced_correctly"/>
    <testcase time="0.170000000000002" classname="table_lbt01" name="LBT01_default_variant_is_produced_correctly">
      <skipped message="Reason: On CRAN ('test-table_lbt01.R:26:3')"/>
    </testcase>
  </testsuite>
  <testsuite name="table_lbt02" timestamp="2023-04-27T14:48:06Z" hostname="fd9551013ea2" tests="2" skipped="1" failures="0" errors="0" time="0.503">
    <testcase time="0.375" classname="table_lbt02" name="LBT02_default_variant_is_produced_correctly"/>
    <testcase time="0.128" classname="table_lbt02" name="LBT02_default_variant_is_produced_correctly">
      <skipped message="Reason: On CRAN ('test-table_lbt02.R:19:3')"/>
    </testcase>
  </testsuite>
  <testsuite name="table_lbt03" timestamp="2023-04-27T14:48:07Z" hostname="fd9551013ea2" tests="2" skipped="1" failures="0" errors="0" time="0.554">
    <testcase time="0.427000000000007" classname="table_lbt03" name="LBT03_default_variant_is_produced_correctly"/>
    <testcase time="0.126999999999995" classname="table_lbt03" name="LBT03_default_variant_is_produced_correctly">
      <skipped message="Reason: On CRAN ('test-table_lbt03.R:29:3')"/>
    </testcase>
  </testsuite>
  <testsuite name="table_lbt04" timestamp="2023-04-27T14:48:07Z" hostname="fd9551013ea2" tests="2" skipped="1" failures="0" errors="0" time="0.275">
    <testcase time="0.219000000000008" classname="table_lbt04" name="LBT04_default_variant_is_produced_correctly"/>
    <testcase time="0.0559999999999974" classname="table_lbt04" name="LBT04_default_variant_is_produced_correctly">
      <skipped message="Reason: On CRAN ('test-table_lbt04.R:25:3')"/>
    </testcase>
  </testsuite>
  <testsuite name="table_lbt05" timestamp="2023-04-27T14:48:08Z" hostname="fd9551013ea2" tests="6" skipped="3" failures="0" errors="0" time="1.779">
    <testcase time="0.564999999999998" classname="table_lbt05" name="LBT05_variant_1_is_produced_correctly"/>
    <testcase time="0.111999999999995" classname="table_lbt05" name="LBT05_variant_1_is_produced_correctly">
      <skipped message="Reason: On CRAN ('test-table_lbt05.R:102:3')"/>
    </testcase>
    <testcase time="0.474000000000004" classname="table_lbt05" name="LBT05_variant_2_is_produced_correctly"/>
    <testcase time="0.125" classname="table_lbt05" name="LBT05_variant_2_is_produced_correctly">
      <skipped message="Reason: On CRAN ('test-table_lbt05.R:165:3')"/>
    </testcase>
    <testcase time="0.382999999999996" classname="table_lbt05" name="LBT05_variant_4_is_produced_correctly"/>
    <testcase time="0.120000000000005" classname="table_lbt05" name="LBT05_variant_4_is_produced_correctly">
      <skipped message="Reason: On CRAN ('test-table_lbt05.R:234:3')"/>
    </testcase>
  </testsuite>
  <testsuite name="table_lbt06" timestamp="2023-04-27T14:48:10Z" hostname="fd9551013ea2" tests="2" skipped="1" failures="0" errors="0" time="0.73">
    <testcase time="0.558999999999997" classname="table_lbt06" name="LBT06_default_variant_is_produced_correctly"/>
    <testcase time="0.171000000000006" classname="table_lbt06" name="LBT06_default_variant_is_produced_correctly">
      <skipped message="Reason: On CRAN ('test-table_lbt06.R:24:3')"/>
    </testcase>
  </testsuite>
  <testsuite name="table_lbt07" timestamp="2023-04-27T14:48:10Z" hostname="fd9551013ea2" tests="2" skipped="1" failures="0" errors="0" time="0.649">
    <testcase time="0.539000000000001" classname="table_lbt07" name="LBT07_is_produced_correctly"/>
    <testcase time="0.109999999999999" classname="table_lbt07" name="LBT07_is_produced_correctly">
      <skipped message="Reason: On CRAN ('test-table_lbt07.R:67:3')"/>
    </testcase>
  </testsuite>
  <testsuite name="table_lbt08" timestamp="2023-04-27T14:48:11Z" hostname="fd9551013ea2" tests="2" skipped="1" failures="0" errors="0" time="0.592">
    <testcase time="0.465999999999994" classname="table_lbt08" name="LBT08_produce_correctly"/>
    <testcase time="0.126000000000005" classname="table_lbt08" name="LBT08_produce_correctly">
      <skipped message="Reason: On CRAN ('test-table_lbt08.R:38:3')"/>
    </testcase>
  </testsuite>
  <testsuite name="table_lbt09" timestamp="2023-04-27T14:48:12Z" hostname="fd9551013ea2" tests="4" skipped="2" failures="0" errors="0" time="2.17">
    <testcase time="1.071" classname="table_lbt09" name="LBT09_variant_1_works_as_expected"/>
    <testcase time="0.215999999999994" classname="table_lbt09" name="LBT09_variant_1_works_as_expected">
      <skipped message="Reason: On CRAN ('test-table_lbt09.R:107:3')"/>
    </testcase>
    <testcase time="0.707999999999998" classname="table_lbt09" name="LBT09_variant_2_works_as_expected"/>
    <testcase time="0.175000000000011" classname="table_lbt09" name="LBT09_variant_2_works_as_expected">
      <skipped message="Reason: On CRAN ('test-table_lbt09.R:138:3')"/>
    </testcase>
  </testsuite>
  <testsuite name="table_lbt10" timestamp="2023-04-27T14:48:14Z" hostname="fd9551013ea2" tests="4" skipped="2" failures="0" errors="0" time="0.577">
    <testcase time="0.328999999999994" classname="table_lbt10" name="LBT10_variant_1_works_as_expected"/>
    <testcase time="0.0460000000000065" classname="table_lbt10" name="LBT10_variant_1_works_as_expected">
      <skipped message="Reason: On CRAN ('test-table_lbt10.R:45:3')"/>
    </testcase>
    <testcase time="0.167999999999992" classname="table_lbt10" name="LBT10_variant_2_works_as_expected"/>
    <testcase time="0.034000000000006" classname="table_lbt10" name="LBT10_variant_2_works_as_expected">
      <skipped message="Reason: On CRAN ('test-table_lbt10.R:69:3')"/>
    </testcase>
  </testsuite>
  <testsuite name="table_lbt10_bl" timestamp="2023-04-27T14:48:14Z" hostname="fd9551013ea2" tests="4" skipped="2" failures="0" errors="0" time="0.629">
    <testcase time="0.376999999999995" classname="table_lbt10_bl" name="LBT10_BL_variant_1_works_as_expected"/>
    <testcase time="0.0480000000000018" classname="table_lbt10_bl" name="LBT10_BL_variant_1_works_as_expected">
      <skipped message="Reason: On CRAN ('test-table_lbt10_bl.R:45:3')"/>
    </testcase>
    <testcase time="0.150999999999996" classname="table_lbt10_bl" name="LBT10_BL_variant_2_works_as_expected"/>
    <testcase time="0.0529999999999973" classname="table_lbt10_bl" name="LBT10_BL_variant_2_works_as_expected">
      <skipped message="Reason: On CRAN ('test-table_lbt10_bl.R:69:3')"/>
    </testcase>
  </testsuite>
  <testsuite name="table_lbt11" timestamp="2023-04-27T14:48:15Z" hostname="fd9551013ea2" tests="6" skipped="3" failures="0" errors="0" time="0.824">
    <testcase time="0.263000000000005" classname="table_lbt11" name="LBT11_variant_1_works_as_expected"/>
    <testcase time="0.0600000000000023" classname="table_lbt11" name="LBT11_variant_1_works_as_expected">
      <skipped message="Reason: On CRAN ('test-table_lbt11.R:60:3')"/>
    </testcase>
    <testcase time="0.11699999999999" classname="table_lbt11" name="LBT11_variant_2_works_as_expected"/>
    <testcase time="0.0660000000000025" classname="table_lbt11" name="LBT11_variant_2_works_as_expected">
      <skipped message="Reason: On CRAN ('test-table_lbt11.R:77:3')"/>
    </testcase>
    <testcase time="0.248999999999995" classname="table_lbt11" name="LBT11_variant_3_works_as_expected"/>
    <testcase time="0.0690000000000026" classname="table_lbt11" name="LBT11_variant_3_works_as_expected">
      <skipped message="Reason: On CRAN ('test-table_lbt11.R:110:3')"/>
    </testcase>
  </testsuite>
  <testsuite name="table_lbt11_bl" timestamp="2023-04-27T14:48:16Z" hostname="fd9551013ea2" tests="6" skipped="3" failures="0" errors="0" time="0.843">
    <testcase time="0.263999999999996" classname="table_lbt11_bl" name="LBT11_BL_variant_1_works_as_expected"/>
    <testcase time="0.0590000000000117" classname="table_lbt11_bl" name="LBT11_BL_variant_1_works_as_expected">
      <skipped message="Reason: On CRAN ('test-table_lbt11_bl.R:60:3')"/>
    </testcase>
    <testcase time="0.137" classname="table_lbt11_bl" name="LBT11_BL_variant_2_works_as_expected"/>
    <testcase time="0.046999999999997" classname="table_lbt11_bl" name="LBT11_BL_variant_2_works_as_expected">
      <skipped message="Reason: On CRAN ('test-table_lbt11_bl.R:77:3')"/>
    </testcase>
    <testcase time="0.251000000000005" classname="table_lbt11_bl" name="LBT11_BL_variant_3_works_as_expected"/>
    <testcase time="0.085000000000008" classname="table_lbt11_bl" name="LBT11_BL_variant_3_works_as_expected">
      <skipped message="Reason: On CRAN ('test-table_lbt11_bl.R:110:3')"/>
    </testcase>
  </testsuite>
  <testsuite name="table_lbt12" timestamp="2023-04-27T14:48:17Z" hostname="fd9551013ea2" tests="2" skipped="1" failures="0" errors="0" time="0.556">
    <testcase time="0.483999999999995" classname="table_lbt12" name="LBT12_works_as_expected"/>
    <testcase time="0.0720000000000027" classname="table_lbt12" name="LBT12_works_as_expected">
      <skipped message="Reason: On CRAN ('test-table_lbt12.R:50:3')"/>
    </testcase>
  </testsuite>
  <testsuite name="table_lbt12_bl" timestamp="2023-04-27T14:48:17Z" hostname="fd9551013ea2" tests="2" skipped="1" failures="0" errors="0" time="0.549">
    <testcase time="0.48599999999999" classname="table_lbt12_bl" name="LBT12_BL_works_as_expected"/>
    <testcase time="0.0630000000000024" classname="table_lbt12_bl" name="LBT12_BL_works_as_expected">
      <skipped message="Reason: On CRAN ('test-table_lbt12_bl.R:50:3')"/>
    </testcase>
  </testsuite>
  <testsuite name="table_lbt13" timestamp="2023-04-27T14:48:18Z" hostname="fd9551013ea2" tests="10" skipped="5" failures="0" errors="0" time="13.031">
    <testcase time="2.06700000000001" classname="table_lbt13" name="LBT13_variant_1_LOW_works_as_expected"/>
    <testcase time="0.444000000000003" classname="table_lbt13" name="LBT13_variant_1_LOW_works_as_expected">
      <skipped message="Reason: On CRAN ('test-table_lbt13.R:81:3')"/>
    </testcase>
    <testcase time="1.97500000000001" classname="table_lbt13" name="LBT13_variant_2_HIGH_works_as_expected"/>
    <testcase time="0.456999999999994" classname="table_lbt13" name="LBT13_variant_2_HIGH_works_as_expected">
      <skipped message="Reason: On CRAN ('test-table_lbt13.R:153:3')"/>
    </testcase>
    <testcase time="2.196" classname="table_lbt13" name="LBT13_variant_3_LOW_without_baseline_missing_works_as_expected"/>
    <testcase time="0.409000000000006" classname="table_lbt13" name="LBT13_variant_3_LOW_without_baseline_missing_works_as_expected">
      <skipped message="Reason: On CRAN ('test-table_lbt13.R:225:3')"/>
    </testcase>
    <testcase time="1.804" classname="table_lbt13" name="LBT13_variant_4_HIGH_with_missing_baseline_considered_as_grade_0_works_as_expected"/>
    <testcase time="0.430999999999997" classname="table_lbt13" name="LBT13_variant_4_HIGH_with_missing_baseline_considered_as_grade_0_works_as_expected">
      <skipped message="Reason: On CRAN ('test-table_lbt13.R:296:3')"/>
    </testcase>
    <testcase time="2.44799999999999" classname="table_lbt13" name="LBT14_variant_5_HIGH_with_filled_in_grades_works_as_expected"/>
    <testcase time="0.799999999999997" classname="table_lbt13" name="LBT14_variant_5_HIGH_with_filled_in_grades_works_as_expected">
      <skipped message="Reason: On CRAN ('test-table_lbt13.R:370:3')"/>
    </testcase>
  </testsuite>
  <testsuite name="table_lbt14" timestamp="2023-04-27T14:48:31Z" hostname="fd9551013ea2" tests="10" skipped="5" failures="0" errors="0" time="3.207">
    <testcase time="0.488" classname="table_lbt14" name="LBT14_variant_1_HIGH_works_as_expected"/>
    <testcase time="0.132000000000005" classname="table_lbt14" name="LBT14_variant_1_HIGH_works_as_expected">
      <skipped message="Reason: On CRAN ('test-table_lbt14.R:48:3')"/>
    </testcase>
    <testcase time="0.462000000000018" classname="table_lbt14" name="LBT14_variant_2_LOW_works_as_expected"/>
    <testcase time="0.132999999999981" classname="table_lbt14" name="LBT14_variant_2_LOW_works_as_expected">
      <skipped message="Reason: On CRAN ('test-table_lbt14.R:95:3')"/>
    </testcase>
    <testcase time="0.471000000000004" classname="table_lbt14" name="LBT14_variant_3_LOW_without_baseline_missing_works_as_expected"/>
    <testcase time="0.15100000000001" classname="table_lbt14" name="LBT14_variant_3_LOW_without_baseline_missing_works_as_expected">
      <skipped message="Reason: On CRAN ('test-table_lbt14.R:141:3')"/>
    </testcase>
    <testcase time="0.483000000000004" classname="table_lbt14" name="LBT14_variant_4_LOW_and_force_1_missing_both_baseline_and_post_baseline_then_force_the_missing_baseline_as_0_as_expected"/>
    <testcase time="0.137999999999977" classname="table_lbt14" name="LBT14_variant_4_LOW_and_force_1_missing_both_baseline_and_post_baseline_then_force_the_missing_baseline_as_0_as_expected">
      <skipped message="Reason: On CRAN ('test-table_lbt14.R:189:3')"/>
    </testcase>
    <testcase time="0.570000000000022" classname="table_lbt14" name="LBT14_variant_5_HIGH_with_fillings_works_as_expected"/>
    <testcase time="0.179000000000002" classname="table_lbt14" name="LBT14_variant_5_HIGH_with_fillings_works_as_expected">
      <skipped message="Reason: On CRAN ('test-table_lbt14.R:236:3')"/>
    </testcase>
  </testsuite>
  <testsuite name="table_lbt15" timestamp="2023-04-27T14:48:34Z" hostname="fd9551013ea2" tests="4" skipped="2" failures="0" errors="0" time="0.637">
    <testcase time="0.279999999999973" classname="table_lbt15" name="LBT15_variant_1_works_as_expected"/>
    <testcase time="0.0630000000000166" classname="table_lbt15" name="LBT15_variant_1_works_as_expected">
      <skipped message="Reason: On CRAN ('test-table_lbt15.R:82:3')"/>
    </testcase>
    <testcase time="0.228999999999985" classname="table_lbt15" name="LBT15_variant_2_works_as_expected"/>
    <testcase time="0.0650000000000261" classname="table_lbt15" name="LBT15_variant_2_works_as_expected">
      <skipped message="Reason: On CRAN ('test-table_lbt15.R:89:3')"/>
    </testcase>
  </testsuite>
  <testsuite name="table_lgrt02" timestamp="2023-04-27T14:48:35Z" hostname="fd9551013ea2" tests="8" skipped="4" failures="0" errors="0" time="3.1">
    <testcase time="0.580999999999989" classname="table_lgrt02" name="LGRT02_without_interaction_term_is_produced_correctly"/>
    <testcase time="0.127999999999986" classname="table_lgrt02" name="LGRT02_without_interaction_term_is_produced_correctly">
      <skipped message="Reason: On CRAN ('test-table_lgrt02.R:52:3')"/>
    </testcase>
    <testcase time="0.704000000000008" classname="table_lgrt02" name="LGRT02_with_categorical_interaction_is_produced_correctly"/>
    <testcase time="0.147999999999996" classname="table_lgrt02" name="LGRT02_with_categorical_interaction_is_produced_correctly">
      <skipped message="Reason: On CRAN ('test-table_lgrt02.R:78:3')"/>
    </testcase>
    <testcase time="0.716000000000008" classname="table_lgrt02" name="LGRT02_with_continuous_interaction_is_produced_correctly"/>
    <testcase time="0.143000000000001" classname="table_lgrt02" name="LGRT02_with_continuous_interaction_is_produced_correctly">
      <skipped message="Reason: On CRAN ('test-table_lgrt02.R:104:3')"/>
    </testcase>
    <testcase time="0.572000000000003" classname="table_lgrt02" name="LGRT02_with_setting_values_indicating_an_event_and_custom_alpha_level_is_produced_correctly"/>
    <testcase time="0.108000000000004" classname="table_lgrt02" name="LGRT02_with_setting_values_indicating_an_event_and_custom_alpha_level_is_produced_correctly">
      <skipped message="Reason: On CRAN ('test-table_lgrt02.R:130:3')"/>
    </testcase>
  </testsuite>
  <testsuite name="table_mht01" timestamp="2023-04-27T14:48:38Z" hostname="fd9551013ea2" tests="8" skipped="4" failures="0" errors="0" time="1.673">
    <testcase time="0.376000000000005" classname="table_mht01" name="MHT01_variant_1_is_produced_accurately"/>
    <testcase time="0.123999999999995" classname="table_mht01" name="MHT01_variant_1_is_produced_accurately">
      <skipped message="Reason: On CRAN ('test-table_mht01.R:41:3')"/>
    </testcase>
    <testcase time="0.134999999999991" classname="table_mht01" name="MHT01_variant_2_is_produced_accurately"/>
    <testcase time="0.0629999999999882" classname="table_mht01" name="MHT01_variant_2_is_produced_accurately">
      <skipped message="Reason: On CRAN ('test-table_mht01.R:82:3')"/>
    </testcase>
    <testcase time="0.326000000000022" classname="table_mht01" name="MHT01_variant_3_is_produced_accurately"/>
    <testcase time="0.109999999999985" classname="table_mht01" name="MHT01_variant_3_is_produced_accurately">
      <skipped message="Reason: On CRAN ('test-table_mht01.R:120:3')"/>
    </testcase>
    <testcase time="0.429000000000002" classname="table_mht01" name="MHT01_variant_5_is_produced_accurately"/>
    <testcase time="0.109999999999985" classname="table_mht01" name="MHT01_variant_5_is_produced_accurately">
      <skipped message="Reason: On CRAN ('test-table_mht01.R:163:3')"/>
    </testcase>
  </testsuite>
  <testsuite name="table_onct05" timestamp="2023-04-27T14:48:39Z" hostname="fd9551013ea2" tests="8" skipped="4" failures="0" errors="0" time="3.076">
    <testcase time="0.810000000000002" classname="table_onct05" name="ONCT05_variant_1_Objective_Response_Rate_by_Subgroup_is_produced_correctly"/>
    <testcase time="0.0860000000000127" classname="table_onct05" name="ONCT05_variant_1_Objective_Response_Rate_by_Subgroup_is_produced_correctly">
      <skipped message="Reason: On CRAN ('test-table_onct05.R:33:3')"/>
    </testcase>
    <testcase time="0.841000000000008" classname="table_onct05" name="ONCT05_variant_2_Specifying_class_variables_is_produced_correctly"/>
    <testcase time="0.0999999999999943" classname="table_onct05" name="ONCT05_variant_2_Specifying_class_variables_is_produced_correctly">
      <skipped message="Reason: On CRAN ('test-table_onct05.R:57:3')"/>
    </testcase>
    <testcase time="0.282999999999987" classname="table_onct05" name="ONCT05_variant_3_selecting_columns_and_changing_the_alpha_level_is_produced_correctly"/>
    <testcase time="0.0520000000000209" classname="table_onct05" name="ONCT05_variant_3_selecting_columns_and_changing_the_alpha_level_is_produced_correctly">
      <skipped message="Reason: On CRAN ('test-table_onct05.R:75:3')"/>
    </testcase>
    <testcase time="0.831999999999994" classname="table_onct05" name="ONCT05_variant_4_setting_values_indicating_response_is_produced_correctly"/>
    <testcase time="0.0720000000000027" classname="table_onct05" name="ONCT05_variant_4_setting_values_indicating_response_is_produced_correctly">
      <skipped message="Reason: On CRAN ('test-table_onct05.R:96:3')"/>
    </testcase>
  </testsuite>
  <testsuite name="table_pagination" timestamp="2023-04-27T14:48:44Z" hostname="fd9551013ea2" tests="16" skipped="6" failures="0" errors="0" time="17.734">
    <testcase time="2.31399999999999" classname="table_pagination" name="Direct_pagination_with_standard_values"/>
    <testcase time="0.0159999999999911" classname="table_pagination" name="Direct_pagination_with_standard_values"/>
    <testcase time="0.00499999999999545" classname="table_pagination" name="Direct_pagination_with_standard_values"/>
    <testcase time="4.50900000000001" classname="table_pagination" name="Pagination_with_specific_column_widths_and_minimum_lines_per_page"/>
    <testcase time="0.00600000000000023" classname="table_pagination" name="Pagination_with_specific_column_widths_and_minimum_lines_per_page"/>
    <testcase time="0.114000000000004" classname="table_pagination" name="Pagination_with_specific_column_widths_and_minimum_lines_per_page">
      <skipped message="Reason: On CRAN ('test-table_pagination.R:76:3')"/>
    </testcase>
    <testcase time="2.09399999999999" classname="table_pagination" name="Pagination_works_also_if_table_is_decorated"/>
    <testcase time="0.00499999999999545" classname="table_pagination" name="Pagination_works_also_if_table_is_decorated"/>
    <testcase time="0.00900000000001455" classname="table_pagination" name="Pagination_works_also_if_table_is_decorated">
      <skipped message="Reason: On CRAN ('test-table_pagination.R:110:3')"/>
    </testcase>
    <testcase time="1.86499999999998" classname="table_pagination" name="Pagination_works_for_page_types">
      <skipped message="Reason: On CRAN ('test-table_pagination.R:119:3')"/>
    </testcase>
    <testcase time="1.99100000000001" classname="table_pagination" name="Pagination_works_for_page_width_and_height">
      <skipped message="Reason: On CRAN ('test-table_pagination.R:132:3')"/>
    </testcase>
    <testcase time="2.93699999999998" classname="table_pagination" name="Pagination_works_for_page_types">
      <skipped message="Reason: On CRAN ('test-table_pagination.R:146:3')"/>
    </testcase>
    <testcase time="1.05600000000001" classname="table_pagination" name="AET04_variant_2_page_by_pagination_tests"/>
    <testcase time="0.705999999999989" classname="table_pagination" name="AET04_variant_2_page_by_pagination_tests"/>
    <testcase time="0.00200000000000955" classname="table_pagination" name="AET04_variant_2_page_by_pagination_tests"/>
    <testcase time="0.10499999999999" classname="table_pagination" name="AET04_variant_2_page_by_pagination_tests">
      <skipped message="Reason: On CRAN ('test-table_pagination.R:201:3')"/>
    </testcase>
  </testsuite>
  <testsuite name="table_pdt01" timestamp="2023-04-27T14:49:00Z" hostname="fd9551013ea2" tests="2" skipped="1" failures="0" errors="0" time="0.452">
    <testcase time="0.342000000000013" classname="table_pdt01" name="PDT01_is_produced_correctly"/>
    <testcase time="0.109999999999985" classname="table_pdt01" name="PDT01_is_produced_correctly">
      <skipped message="Reason: On CRAN ('test-table_pdt01.R:38:3')"/>
    </testcase>
  </testsuite>
  <testsuite name="table_pdt02" timestamp="2023-04-27T14:49:01Z" hostname="fd9551013ea2" tests="2" skipped="1" failures="0" errors="0" time="0.246">
    <testcase time="0.201000000000022" classname="table_pdt02" name="PDT02_is_produced_correctly"/>
    <testcase time="0.0449999999999875" classname="table_pdt02" name="PDT02_is_produced_correctly">
      <skipped message="Reason: On CRAN ('test-table_pdt02.R:33:3')"/>
    </testcase>
  </testsuite>
  <testsuite name="table_pkct01" timestamp="2023-04-27T14:49:01Z" hostname="fd9551013ea2" tests="4" skipped="2" failures="0" errors="0" time="2.065">
    <testcase time="0.503999999999991" classname="table_pkct01" name="PKCT01_is_produced_correctly"/>
    <testcase time="0.100000000000023" classname="table_pkct01" name="PKCT01_is_produced_correctly">
      <skipped message="Reason: On CRAN ('test-table_pkct01.R:18:3')"/>
    </testcase>
    <testcase time="1.30599999999998" classname="table_pkct01" name="Specific_PKCT01_features_are_present"/>
    <testcase time="0.155000000000001" classname="table_pkct01" name="Specific_PKCT01_features_are_present">
      <skipped message="Reason: On CRAN ('test-table_pkct01.R:116:3')"/>
    </testcase>
  </testsuite>
  <testsuite name="table_pkpt02" timestamp="2023-04-27T14:49:03Z" hostname="fd9551013ea2" tests="4" skipped="2" failures="0" errors="0" time="0.548">
    <testcase time="0.222000000000008" classname="table_pkpt02" name="PKPT02_is_produced_correctly_for_Drug_X"/>
    <testcase time="0.0939999999999941" classname="table_pkpt02" name="PKPT02_is_produced_correctly_for_Drug_X">
      <skipped message="Reason: On CRAN ('test-table_pkpt02.R:42:3')"/>
    </testcase>
    <testcase time="0.15100000000001" classname="table_pkpt02" name="PKPT02_is_produced_correctly_for_Drug_Y"/>
    <testcase time="0.0809999999999889" classname="table_pkpt02" name="PKPT02_is_produced_correctly_for_Drug_Y">
      <skipped message="Reason: On CRAN ('test-table_pkpt02.R:55:3')"/>
    </testcase>
  </testsuite>
  <testsuite name="table_pkpt03" timestamp="2023-04-27T14:49:03Z" hostname="fd9551013ea2" tests="4" skipped="2" failures="0" errors="0" time="0.971">
    <testcase time="0.516999999999996" classname="table_pkpt03" name="PKPT03_Drug_X_is_produced_correctly"/>
    <testcase time="0.110000000000014" classname="table_pkpt03" name="PKPT03_Drug_X_is_produced_correctly">
      <skipped message="Reason: On CRAN ('test-table_pkpt03.R:66:3')"/>
    </testcase>
    <testcase time="0.268999999999977" classname="table_pkpt03" name="PKPT03_Drug_Y_is_produced_correctly"/>
    <testcase time="0.0750000000000171" classname="table_pkpt03" name="PKPT03_Drug_Y_is_produced_correctly">
      <skipped message="Reason: On CRAN ('test-table_pkpt03.R:80:3')"/>
    </testcase>
  </testsuite>
  <testsuite name="table_pkpt04" timestamp="2023-04-27T14:49:04Z" hostname="fd9551013ea2" tests="4" skipped="2" failures="0" errors="0" time="0.692">
    <testcase time="0.283999999999992" classname="table_pkpt04" name="PKPT04_is_produced_correctly_for_Drug_X"/>
    <testcase time="0.0999999999999943" classname="table_pkpt04" name="PKPT04_is_produced_correctly_for_Drug_X">
      <skipped message="Reason: On CRAN ('test-table_pkpt04.R:42:3')"/>
    </testcase>
    <testcase time="0.204000000000008" classname="table_pkpt04" name="PKPT04_is_produced_correctly_for_Drug_Y"/>
    <testcase time="0.104000000000013" classname="table_pkpt04" name="PKPT04_is_produced_correctly_for_Drug_Y">
      <skipped message="Reason: On CRAN ('test-table_pkpt04.R:55:3')"/>
    </testcase>
  </testsuite>
  <testsuite name="table_pkpt05" timestamp="2023-04-27T14:49:05Z" hostname="fd9551013ea2" tests="4" skipped="2" failures="0" errors="0" time="1.2">
    <testcase time="0.657999999999987" classname="table_pkpt05" name="PKPT05_Drug_X_is_produced_correctly"/>
    <testcase time="0.125" classname="table_pkpt05" name="PKPT05_Drug_X_is_produced_correctly">
      <skipped message="Reason: On CRAN ('test-table_pkpt05.R:65:3')"/>
    </testcase>
    <testcase time="0.330000000000013" classname="table_pkpt05" name="PKPT05_Drug_Y_is_produced_correctly"/>
    <testcase time="0.0869999999999891" classname="table_pkpt05" name="PKPT05_Drug_Y_is_produced_correctly">
      <skipped message="Reason: On CRAN ('test-table_pkpt05.R:80:3')"/>
    </testcase>
  </testsuite>
  <testsuite name="table_pkpt06" timestamp="2023-04-27T14:49:06Z" hostname="fd9551013ea2" tests="4" skipped="2" failures="0" errors="0" time="0.285">
    <testcase time="0.12700000000001" classname="table_pkpt06" name="PKPT06_is_produced_correctly_for_Drug_X"/>
    <testcase time="0.0480000000000018" classname="table_pkpt06" name="PKPT06_is_produced_correctly_for_Drug_X">
      <skipped message="Reason: On CRAN ('test-table_pkpt06.R:48:3')"/>
    </testcase>
    <testcase time="0.0789999999999793" classname="table_pkpt06" name="PKPT06_is_produced_correctly_for_Drug_Y"/>
    <testcase time="0.0310000000000059" classname="table_pkpt06" name="PKPT06_is_produced_correctly_for_Drug_Y">
      <skipped message="Reason: On CRAN ('test-table_pkpt06.R:61:3')"/>
    </testcase>
  </testsuite>
  <testsuite name="table_pkpt07" timestamp="2023-04-27T14:49:07Z" hostname="fd9551013ea2" tests="4" skipped="2" failures="0" errors="0" time="0.495">
    <testcase time="0.251000000000005" classname="table_pkpt07" name="PKPT07_Drug_X_is_produced_correctly"/>
    <testcase time="0.0699999999999932" classname="table_pkpt07" name="PKPT07_Drug_X_is_produced_correctly">
      <skipped message="Reason: On CRAN ('test-table_pkpt07.R:72:3')"/>
    </testcase>
    <testcase time="0.12700000000001" classname="table_pkpt07" name="PKPT07_Drug_Y_is_produced_correctly"/>
    <testcase time="0.046999999999997" classname="table_pkpt07" name="PKPT07_Drug_Y_is_produced_correctly">
      <skipped message="Reason: On CRAN ('test-table_pkpt07.R:87:3')"/>
    </testcase>
  </testsuite>
  <testsuite name="table_ratet01" timestamp="2023-04-27T14:49:07Z" hostname="fd9551013ea2" tests="2" skipped="1" failures="0" errors="0" time="0.631">
    <testcase time="0.543000000000006" classname="table_ratet01" name="RATET01_is_produced_correctly"/>
    <testcase time="0.0879999999999939" classname="table_ratet01" name="RATET01_is_produced_correctly">
      <skipped message="Reason: On CRAN ('test-table_ratet01.R:49:3')"/>
    </testcase>
  </testsuite>
  <testsuite name="table_rmpt01" timestamp="2023-04-27T14:49:08Z" hostname="fd9551013ea2" tests="2" skipped="1" failures="0" errors="0" time="0.289">
    <testcase time="0.25" classname="table_rmpt01" name="RMPT01_is_produced_correctly"/>
    <testcase time="0.0389999999999873" classname="table_rmpt01" name="RMPT01_is_produced_correctly">
      <skipped message="Reason: On CRAN ('test-table_rmpt01.R:58:3')"/>
    </testcase>
  </testsuite>
  <testsuite name="table_rmpt03" timestamp="2023-04-27T14:49:08Z" hostname="fd9551013ea2" tests="4" skipped="2" failures="0" errors="0" time="0.694">
    <testcase time="0.320000000000022" classname="table_rmpt03" name="RMPT03_variant_1_is_produced_correctly"/>
    <testcase time="0.0480000000000018" classname="table_rmpt03" name="RMPT03_variant_1_is_produced_correctly">
      <skipped message="Reason: On CRAN ('test-table_rmpt03.R:67:3')"/>
    </testcase>
    <testcase time="0.265999999999991" classname="table_rmpt03" name="RMPT03_variant_2_is_produced_correctly"/>
    <testcase time="0.0600000000000023" classname="table_rmpt03" name="RMPT03_variant_2_is_produced_correctly">
      <skipped message="Reason: On CRAN ('test-table_rmpt03.R:93:3')"/>
    </testcase>
  </testsuite>
  <testsuite name="table_rmpt04" timestamp="2023-04-27T14:49:09Z" hostname="fd9551013ea2" tests="2" skipped="1" failures="0" errors="0" time="0.288">
    <testcase time="0.251999999999981" classname="table_rmpt04" name="RMPT04_variant_1_is_produced_correctly"/>
    <testcase time="0.0360000000000014" classname="table_rmpt04" name="RMPT04_variant_1_is_produced_correctly">
      <skipped message="Reason: On CRAN ('test-table_rmpt04.R:50:3')"/>
    </testcase>
  </testsuite>
  <testsuite name="table_rmpt05" timestamp="2023-04-27T14:49:09Z" hostname="fd9551013ea2" tests="2" skipped="1" failures="0" errors="0" time="0.399">
    <testcase time="0.328000000000003" classname="table_rmpt05" name="RMPT05_is_produced_correctly"/>
    <testcase time="0.070999999999998" classname="table_rmpt05" name="RMPT05_is_produced_correctly">
      <skipped message="Reason: On CRAN ('test-table_rmpt05.R:49:3')"/>
    </testcase>
  </testsuite>
  <testsuite name="table_rmpt06" timestamp="2023-04-27T14:49:09Z" hostname="fd9551013ea2" tests="8" skipped="4" failures="0" errors="0" time="1.663">
    <testcase time="0.387" classname="table_rmpt06" name="AET05_ALL_variant_1_is_produced_correctly"/>
    <testcase time="0.0970000000000084" classname="table_rmpt06" name="AET05_ALL_variant_1_is_produced_correctly">
      <skipped message="Reason: On CRAN ('test-table_rmpt06.R:100:3')"/>
    </testcase>
    <testcase time="0.239000000000004" classname="table_rmpt06" name="RMPT06_variant_2_is_produced_correctly"/>
    <testcase time="0.054000000000002" classname="table_rmpt06" name="RMPT06_variant_2_is_produced_correctly">
      <skipped message="Reason: On CRAN ('test-table_rmpt06.R:150:3')"/>
    </testcase>
    <testcase time="0.353999999999985" classname="table_rmpt06" name="RMPT06_variant_3_is_produced_correctly"/>
    <testcase time="0.0829999999999984" classname="table_rmpt06" name="RMPT06_variant_3_is_produced_correctly">
      <skipped message="Reason: On CRAN ('test-table_rmpt06.R:215:3')"/>
    </testcase>
    <testcase time="0.354000000000013" classname="table_rmpt06" name="RMPT06_variant_4_is_produced_correctly"/>
    <testcase time="0.0949999999999989" classname="table_rmpt06" name="RMPT06_variant_4_is_produced_correctly">
      <skipped message="Reason: On CRAN ('test-table_rmpt06.R:283:3')"/>
    </testcase>
  </testsuite>
  <testsuite name="table_rspt01" timestamp="2023-04-27T14:49:11Z" hostname="fd9551013ea2" tests="12" skipped="6" failures="0" errors="0" time="2.624">
    <testcase time="0.338999999999999" classname="table_rspt01" name="RSPT01_1._Best_Overall_Response"/>
    <testcase time="0.102000000000004" classname="table_rspt01" name="RSPT01_1._Best_Overall_Response">
      <skipped message="Reason: On CRAN ('test-table_rspt01.R:46:3')"/>
    </testcase>
    <testcase time="0.289999999999992" classname="table_rspt01" name="RSPT01_2._Best_Overall_Response_selecting_sections_to_display_"/>
    <testcase time="0.0800000000000125" classname="table_rspt01" name="RSPT01_2._Best_Overall_Response_selecting_sections_to_display_">
      <skipped message="Reason: On CRAN ('test-table_rspt01.R:73:3')"/>
    </testcase>
    <testcase time="0.394000000000005" classname="table_rspt01" name="RSPT01_3._Best_Overall_Response_modifying_settings_"/>
    <testcase time="0.101999999999975" classname="table_rspt01" name="RSPT01_3._Best_Overall_Response_modifying_settings_">
      <skipped message="Reason: On CRAN ('test-table_rspt01.R:116:3')"/>
    </testcase>
    <testcase time="0.434000000000026" classname="table_rspt01" name="RSPT01_4._Best_Overall_Response_with_stratified_analysis_"/>
    <testcase time="0.103999999999985" classname="table_rspt01" name="RSPT01_4._Best_Overall_Response_with_stratified_analysis_">
      <skipped message="Reason: On CRAN ('test-table_rspt01.R:166:3')"/>
    </testcase>
    <testcase time="0.336999999999989" classname="table_rspt01" name="RSPT01_5._Best_Overall_Response_modifying_the_definition_of_overall_response_"/>
    <testcase time="0.0900000000000034" classname="table_rspt01" name="RSPT01_5._Best_Overall_Response_modifying_the_definition_of_overall_response_">
      <skipped message="Reason: On CRAN ('test-table_rspt01.R:198:3')"/>
    </testcase>
    <testcase time="0.26400000000001" classname="table_rspt01" name="RSPT01_6._Best_Overall_Response_define_new_sections_to_display_"/>
    <testcase time="0.0879999999999939" classname="table_rspt01" name="RSPT01_6._Best_Overall_Response_define_new_sections_to_display_">
      <skipped message="Reason: On CRAN ('test-table_rspt01.R:248:3')"/>
    </testcase>
  </testsuite>
  <testsuite name="table_ttet01" timestamp="2023-04-27T14:49:14Z" hostname="fd9551013ea2" tests="12" skipped="6" failures="0" errors="0" time="3.081">
    <testcase time="0.518000000000001" classname="table_ttet01" name="TTET01_default_variant_is_produced_correctly"/>
    <testcase time="0.119" classname="table_ttet01" name="TTET01_default_variant_is_produced_correctly">
      <skipped message="Reason: On CRAN ('test-table_ttet01.R:79:3')"/>
    </testcase>
    <testcase time="0.27000000000001" classname="table_ttet01" name="TTET01_variant_2_selecting_sections_to_display"/>
    <testcase time="0.070999999999998" classname="table_ttet01" name="TTET01_variant_2_selecting_sections_to_display">
      <skipped message="Reason: On CRAN ('test-table_ttet01.R:124:3')"/>
    </testcase>
    <testcase time="0.388999999999982" classname="table_ttet01" name="TTET01_variant_3_modifying_analysis_details_like_conftype_ties_alpha_level"/>
    <testcase time="0.0860000000000127" classname="table_ttet01" name="TTET01_variant_3_modifying_analysis_details_like_conftype_ties_alpha_level">
      <skipped message="Reason: On CRAN ('test-table_ttet01.R:190:3')"/>
    </testcase>
    <testcase time="0.439999999999998" classname="table_ttet01" name="TTET01_variant_4_with_stratified_analysis"/>
    <testcase time="0.126000000000005" classname="table_ttet01" name="TTET01_variant_4_with_stratified_analysis">
      <skipped message="Reason: On CRAN ('test-table_ttet01.R:251:3')"/>
    </testcase>
    <testcase time="0.379999999999995" classname="table_ttet01" name="TTET01_variant_5_modifying_time_point"/>
    <testcase time="0.092000000000013" classname="table_ttet01" name="TTET01_variant_5_modifying_time_point">
      <skipped message="Reason: On CRAN ('test-table_ttet01.R:306:3')"/>
    </testcase>
    <testcase time="0.469999999999999" classname="table_ttet01" name="TTET01_variant_6_requesting_more_than_one_p_value"/>
    <testcase time="0.119999999999976" classname="table_ttet01" name="TTET01_variant_6_requesting_more_than_one_p_value">
      <skipped message="Reason: On CRAN ('test-table_ttet01.R:379:3')"/>
    </testcase>
  </testsuite>
  <testsuite name="table_vst01" timestamp="2023-04-27T14:49:17Z" hostname="fd9551013ea2" tests="2" skipped="1" failures="0" errors="0" time="1.687">
    <testcase time="1.44400000000002" classname="table_vst01" name="VST01_default_variant_is_produced_correctly"/>
    <testcase time="0.242999999999995" classname="table_vst01" name="VST01_default_variant_is_produced_correctly">
      <skipped message="Reason: On CRAN ('test-table_vst01.R:66:3')"/>
    </testcase>
  </testsuite>
  <testsuite name="table_vst02" timestamp="2023-04-27T14:49:18Z" hostname="fd9551013ea2" tests="4" skipped="2" failures="0" errors="0" time="0.834">
    <testcase time="0.336999999999989" classname="table_vst02" name="1._Vital_Sign_Abnormalities_Regardless_of_Abnormality_at_Baseline_VST02_1_"/>
    <testcase time="0.0860000000000127" classname="table_vst02" name="1._Vital_Sign_Abnormalities_Regardless_of_Abnormality_at_Baseline_VST02_1_">
      <skipped message="Reason: On CRAN ('test-table_vst02.R:18:3')"/>
    </testcase>
    <testcase time="0.325999999999993" classname="table_vst02" name="2._Vital_Sign_Abnormalities_Among_Subject_Without_Abnormality_at_Baseline_VST02_2_"/>
    <testcase time="0.085000000000008" classname="table_vst02" name="2._Vital_Sign_Abnormalities_Among_Subject_Without_Abnormality_at_Baseline_VST02_2_">
      <skipped message="Reason: On CRAN ('test-table_vst02.R:33:3')"/>
    </testcase>
  </testsuite>
</testsuites>
