<?xml version="1.0" encoding="UTF-8"?>
<testsuites>
  <testsuite name="listing_adal02" timestamp="2025-02-20T01:13:55Z" hostname="24c1d5762d0b" tests="1" skipped="0" failures="0" errors="0" time="0.264">
    <testcase time="0.264" classname="listing_adal02" name="ADAL02_listing_is_produced_correctly"/>
  </testsuite>
  <testsuite name="listing_ael01" timestamp="2025-02-20T01:13:55Z" hostname="24c1d5762d0b" tests="1" skipped="0" failures="0" errors="0" time="0.199">
    <testcase time="0.199" classname="listing_ael01" name="AEL01_listing_is_produced_correctly"/>
  </testsuite>
  <testsuite name="listing_ael01_nollt" timestamp="2025-02-20T01:13:56Z" hostname="24c1d5762d0b" tests="1" skipped="0" failures="0" errors="0" time="0.073">
    <testcase time="0.0729999999999995" classname="listing_ael01_nollt" name="AEL01_NOLLT_listing_is_produced_correctly"/>
  </testsuite>
  <testsuite name="listing_ael02" timestamp="2025-02-20T01:13:56Z" hostname="24c1d5762d0b" tests="1" skipped="0" failures="0" errors="0" time="0.289">
    <testcase time="0.289000000000001" classname="listing_ael02" name="AEL02_listing_is_produced_correctly"/>
  </testsuite>
  <testsuite name="listing_ael02_ed" timestamp="2025-02-20T01:13:56Z" hostname="24c1d5762d0b" tests="1" skipped="0" failures="0" errors="0" time="0.329">
    <testcase time="0.328999999999999" classname="listing_ael02_ed" name="AEL02_ED_listing_is_produced_correctly"/>
  </testsuite>
  <testsuite name="listing_ael03" timestamp="2025-02-20T01:13:56Z" hostname="24c1d5762d0b" tests="1" skipped="0" failures="0" errors="0" time="0.28">
    <testcase time="0.280000000000001" classname="listing_ael03" name="AEL03_listing_is_produced_correctly"/>
  </testsuite>
  <testsuite name="listing_ael04" timestamp="2025-02-20T01:13:57Z" hostname="24c1d5762d0b" tests="1" skipped="0" failures="0" errors="0" time="0.202">
    <testcase time="0.202" classname="listing_ael04" name="AEL04_listing_is_produced_correctly"/>
  </testsuite>
  <testsuite name="listing_cml01" timestamp="2025-02-20T01:13:57Z" hostname="24c1d5762d0b" tests="1" skipped="0" failures="0" errors="0" time="0.329">
    <testcase time="0.329000000000001" classname="listing_cml01" name="CML01_listing_is_produced_correctly"/>
  </testsuite>
  <testsuite name="listing_cml02a_gl" timestamp="2025-02-20T01:13:57Z" hostname="24c1d5762d0b" tests="1" skipped="0" failures="0" errors="0" time="0.116">
    <testcase time="0.116" classname="listing_cml02a_gl" name="CML02A_GL_listing_is_produced_correctly"/>
  </testsuite>
  <testsuite name="listing_cml02b_gl" timestamp="2025-02-20T01:13:57Z" hostname="24c1d5762d0b" tests="1" skipped="0" failures="0" errors="0" time="0.177">
    <testcase time="0.177" classname="listing_cml02b_gl" name="CML02B_GL_listing_is_produced_correctly"/>
  </testsuite>
  <testsuite name="listing_dsl01" timestamp="2025-02-20T01:13:57Z" hostname="24c1d5762d0b" tests="1" skipped="0" failures="0" errors="0" time="0.181">
    <testcase time="0.180999999999999" classname="listing_dsl01" name="DSL01_listing_is_produced_correctly"/>
  </testsuite>
  <testsuite name="listing_dsl02" timestamp="2025-02-20T01:13:58Z" hostname="24c1d5762d0b" tests="1" skipped="0" failures="0" errors="0" time="0.074">
    <testcase time="0.0740000000000016" classname="listing_dsl02" name="DSL02_listing_is_produced_correctly"/>
  </testsuite>
  <testsuite name="listing_dsur4" timestamp="2025-02-20T01:13:58Z" hostname="24c1d5762d0b" tests="1" skipped="0" failures="0" errors="0" time="0.112">
    <testcase time="0.111999999999998" classname="listing_dsur4" name="DSUR4_listing_is_produced_correctly"/>
  </testsuite>
  <testsuite name="listing_egl01" timestamp="2025-02-20T01:13:58Z" hostname="24c1d5762d0b" tests="1" skipped="0" failures="0" errors="0" time="0.4">
    <testcase time="0.4" classname="listing_egl01" name="EGL01_listing_is_produced_correctly"/>
  </testsuite>
  <testsuite name="listing_exl01" timestamp="2025-02-20T01:13:58Z" hostname="24c1d5762d0b" tests="1" skipped="0" failures="0" errors="0" time="0.221">
    <testcase time="0.221" classname="listing_exl01" name="EXL01_listing_is_produced_correctly"/>
  </testsuite>
  <testsuite name="listing_lbl01" timestamp="2025-02-20T01:13:58Z" hostname="24c1d5762d0b" tests="1" skipped="0" failures="0" errors="0" time="0.51">
    <testcase time="0.51" classname="listing_lbl01" name="LBL01_listing_is_produced_correctly"/>
  </testsuite>
  <testsuite name="listing_lbl01_rls" timestamp="2025-02-20T01:13:59Z" hostname="24c1d5762d0b" tests="1" skipped="0" failures="0" errors="0" time="0.51">
    <testcase time="0.51" classname="listing_lbl01_rls" name="LBL01_RLS_listing_is_produced_correctly"/>
  </testsuite>
  <testsuite name="listing_lbl02a" timestamp="2025-02-20T01:13:59Z" hostname="24c1d5762d0b" tests="1" skipped="0" failures="0" errors="0" time="0.253">
    <testcase time="0.253" classname="listing_lbl02a" name="LBL02A_listing_is_produced_correctly"/>
  </testsuite>
  <testsuite name="listing_lbl02a_rls" timestamp="2025-02-20T01:14:00Z" hostname="24c1d5762d0b" tests="1" skipped="0" failures="0" errors="0" time="0.746">
    <testcase time="0.746" classname="listing_lbl02a_rls" name="LBL02A_RLS_listing_is_produced_correctly"/>
  </testsuite>
  <testsuite name="listing_lbl02b" timestamp="2025-02-20T01:14:00Z" hostname="24c1d5762d0b" tests="1" skipped="0" failures="0" errors="0" time="0.287">
    <testcase time="0.287000000000001" classname="listing_lbl02b" name="LBL02B_listing_is_produced_correctly"/>
  </testsuite>
  <testsuite name="listing_mhl01" timestamp="2025-02-20T01:14:01Z" hostname="24c1d5762d0b" tests="1" skipped="0" failures="0" errors="0" time="0.246">
    <testcase time="0.245999999999999" classname="listing_mhl01" name="MHL01_listing_is_produced_correctly"/>
  </testsuite>
  <testsuite name="listing_oncl01" timestamp="2025-02-20T01:14:01Z" hostname="24c1d5762d0b" tests="1" skipped="0" failures="0" errors="0" time="0.243">
    <testcase time="0.243" classname="listing_oncl01" name="ONCL01_listing_is_produced_correctly"/>
  </testsuite>
  <testsuite name="listing_pkcl01" timestamp="2025-02-20T01:14:01Z" hostname="24c1d5762d0b" tests="2" skipped="0" failures="0" errors="0" time="0.685">
    <testcase time="0.190000000000001" classname="listing_pkcl01" name="PKCL01_listing_is_produced_correctly"/>
    <testcase time="0.494999999999999" classname="listing_pkcl01" name="PKCL01_listing_key_columns_values_are_repeated_when_entries_span_multiple_pages"/>
  </testsuite>
  <testsuite name="listing_pkcl02" timestamp="2025-02-20T01:14:02Z" hostname="24c1d5762d0b" tests="1" skipped="0" failures="0" errors="0" time="0.202">
    <testcase time="0.202" classname="listing_pkcl02" name="PKCL02_listing_is_produced_correctly"/>
  </testsuite>
  <testsuite name="listing_pkpl01" timestamp="2025-02-20T01:14:02Z" hostname="24c1d5762d0b" tests="1" skipped="0" failures="0" errors="0" time="0.237">
    <testcase time="0.237" classname="listing_pkpl01" name="PKPL01_listing_is_produced_correctly"/>
  </testsuite>
  <testsuite name="listing_pkpl02" timestamp="2025-02-20T01:14:02Z" hostname="24c1d5762d0b" tests="1" skipped="0" failures="0" errors="0" time="0.154">
    <testcase time="0.154" classname="listing_pkpl02" name="PKPL02_listing_is_produced_correctly"/>
  </testsuite>
  <testsuite name="listing_pkpl04" timestamp="2025-02-20T01:14:02Z" hostname="24c1d5762d0b" tests="1" skipped="0" failures="0" errors="0" time="0.208">
    <testcase time="0.208" classname="listing_pkpl04" name="PKPL04_listing_is_produced_correctly"/>
  </testsuite>
  <testsuite name="listing_vsl01" timestamp="2025-02-20T01:14:03Z" hostname="24c1d5762d0b" tests="1" skipped="0" failures="0" errors="0" time="0.415">
    <testcase time="0.414999999999999" classname="listing_vsl01" name="VSL01_listing_is_produced_correctly"/>
  </testsuite>
  <testsuite name="pagination_listing" timestamp="2025-02-20T01:14:03Z" hostname="24c1d5762d0b" tests="13" skipped="0" failures="0" errors="0" time="5.744">
    <testcase time="0.0300000000000011" classname="pagination_listing" name="Direct_pagination_works_fine"/>
    <testcase time="0.957000000000001" classname="pagination_listing" name="Direct_pagination_works_fine"/>
    <testcase time="0.00300000000000011" classname="pagination_listing" name="Direct_pagination_works_fine"/>
    <testcase time="0.881" classname="pagination_listing" name="Direct_pagination_works_fine"/>
    <testcase time="1.227" classname="pagination_listing" name="Direct_pagination_works_fine"/>
    <testcase time="1.305" classname="pagination_listing" name="pagination_counts_the_right_number_of_lines_when_wrapping_on_keycols_is_present"/>
    <testcase time="0.00900000000000034" classname="pagination_listing" name="pagination_counts_the_right_number_of_lines_when_wrapping_on_keycols_is_present"/>
    <testcase time="0.00700000000000145" classname="pagination_listing" name="pagination_counts_the_right_number_of_lines_when_wrapping_on_keycols_is_present"/>
    <testcase time="0.00300000000000011" classname="pagination_listing" name="pagination_counts_the_right_number_of_lines_when_wrapping_on_keycols_is_present"/>
    <testcase time="1.31" classname="pagination_listing" name="pagination_counts_the_right_number_of_lines_when_wrapping_on_keycols_is_present"/>
    <testcase time="0.00499999999999901" classname="pagination_listing" name="pagination_counts_the_right_number_of_lines_when_wrapping_on_keycols_is_present"/>
    <testcase time="0.00400000000000134" classname="pagination_listing" name="pagination_counts_the_right_number_of_lines_when_wrapping_on_keycols_is_present"/>
    <testcase time="0.00300000000000011" classname="pagination_listing" name="pagination_counts_the_right_number_of_lines_when_wrapping_on_keycols_is_present"/>
  </testsuite>
  <testsuite name="pagination_table" timestamp="2025-02-20T01:14:10Z" hostname="24c1d5762d0b" tests="30" skipped="0" failures="0" errors="0" time="14.052">
    <testcase time="1.826" classname="pagination_table" name="Direct_pagination_with_standard_values"/>
    <testcase time="0.00399999999999778" classname="pagination_table" name="Direct_pagination_with_standard_values"/>
    <testcase time="0.00300000000000011" classname="pagination_table" name="Direct_pagination_with_standard_values"/>
    <testcase time="1.374" classname="pagination_table" name="Pagination_with_specific_column_widths_and_minimum_lines_per_page"/>
    <testcase time="0.00399999999999778" classname="pagination_table" name="Pagination_with_specific_column_widths_and_minimum_lines_per_page"/>
    <testcase time="0.117000000000001" classname="pagination_table" name="Pagination_with_specific_column_widths_and_minimum_lines_per_page"/>
    <testcase time="0.929000000000002" classname="pagination_table" name="Pagination_works_also_if_table_is_decorated"/>
    <testcase time="0.52" classname="pagination_table" name="Pagination_works_also_if_table_is_decorated"/>
    <testcase time="0.795999999999999" classname="pagination_table" name="Pagination_works_also_if_table_is_decorated"/>
    <testcase time="0.643999999999998" classname="pagination_table" name="Pagination_works_also_if_table_is_decorated"/>
    <testcase time="1.311" classname="pagination_table" name="Pagination_works_also_if_table_is_decorated"/>
    <testcase time="0.310000000000002" classname="pagination_table" name="Pagination_works_also_if_table_is_decorated"/>
    <testcase time="0.00300000000000011" classname="pagination_table" name="Pagination_works_also_if_table_is_decorated"/>
    <testcase time="0.0289999999999999" classname="pagination_table" name="Pagination_works_also_if_table_is_decorated"/>
    <testcase time="0.141999999999999" classname="pagination_table" name="Pagination_works_also_if_table_is_decorated"/>
    <testcase time="0.0859999999999985" classname="pagination_table" name="Pagination_works_also_if_table_is_decorated"/>
    <testcase time="0.704000000000001" classname="pagination_table" name="Pagination_works_for_page_types"/>
    <testcase time="0.0760000000000005" classname="pagination_table" name="Pagination_works_for_page_types"/>
    <testcase time="0.693999999999999" classname="pagination_table" name="Pagination_works_for_page_types"/>
    <testcase time="0.0839999999999996" classname="pagination_table" name="Pagination_works_for_page_types"/>
    <testcase time="0.648" classname="pagination_table" name="Pagination_works_for_page_types"/>
    <testcase time="0.398" classname="pagination_table" name="Pagination_works_for_page_types"/>
    <testcase time="0.706" classname="pagination_table" name="Pagination_works_for_page_width_and_height"/>
    <testcase time="0.123000000000005" classname="pagination_table" name="Pagination_works_for_page_width_and_height"/>
    <testcase time="0.786999999999999" classname="pagination_table" name="Pagination_works_for_page_types"/>
    <testcase time="0.159999999999997" classname="pagination_table" name="Pagination_works_for_page_types"/>
    <testcase time="0.806000000000004" classname="pagination_table" name="AET04_variant_2_page_by_pagination_tests"/>
    <testcase time="0.619999999999997" classname="pagination_table" name="AET04_variant_2_page_by_pagination_tests"/>
    <testcase time="0.00100000000000477" classname="pagination_table" name="AET04_variant_2_page_by_pagination_tests"/>
    <testcase time="0.146999999999998" classname="pagination_table" name="AET04_variant_2_page_by_pagination_tests"/>
  </testsuite>
  <testsuite name="table_adat03" timestamp="2025-02-20T01:14:23Z" hostname="24c1d5762d0b" tests="2" skipped="0" failures="0" errors="0" time="0.547">
    <testcase time="0.411999999999999" classname="table_adat03" name="ADAT03_is_produced_correctly"/>
    <testcase time="0.134999999999998" classname="table_adat03" name="ADAT03_is_produced_correctly"/>
  </testsuite>
  <testsuite name="table_aet01" timestamp="2025-02-20T01:14:23Z" hostname="24c1d5762d0b" tests="8" skipped="0" failures="0" errors="0" time="1.757">
    <testcase time="0.349000000000004" classname="table_aet01" name="Safety_Summary_Variant_1_works_as_expected"/>
    <testcase time="0.113999999999997" classname="table_aet01" name="Safety_Summary_Variant_1_works_as_expected"/>
    <testcase time="0.322000000000003" classname="table_aet01" name="Safety_Summary_Variant_2_with_Medical_Concepts_Section_works_as_expected"/>
    <testcase time="0.126999999999995" classname="table_aet01" name="Safety_Summary_Variant_2_with_Medical_Concepts_Section_works_as_expected"/>
    <testcase time="0.258000000000003" classname="table_aet01" name="Safety_Summary_Variant_3_with_Modified_Rows_works_as_expected"/>
    <testcase time="0.100999999999999" classname="table_aet01" name="Safety_Summary_Variant_3_with_Modified_Rows_works_as_expected"/>
    <testcase time="0.356000000000002" classname="table_aet01" name="Safety_Summary_Variant_4_with_Rows_Counting_Events_and_Additional_Sections_works_as_expected"/>
    <testcase time="0.129999999999995" classname="table_aet01" name="Safety_Summary_Variant_4_with_Rows_Counting_Events_and_Additional_Sections_works_as_expected"/>
  </testsuite>
  <testsuite name="table_aet01_aesi" timestamp="2025-02-20T01:14:25Z" hostname="24c1d5762d0b" tests="8" skipped="0" failures="0" errors="0" time="2.685">
    <testcase time="0.278000000000006" classname="table_aet01_aesi" name="AET01_AESI_Variant_1_works_as_expected"/>
    <testcase time="0.108999999999995" classname="table_aet01_aesi" name="AET01_AESI_Variant_1_works_as_expected"/>
    <testcase time="0.459000000000003" classname="table_aet01_aesi" name="AET01_AESI_Variant_2_works_as_expected"/>
    <testcase time="0.152999999999999" classname="table_aet01_aesi" name="AET01_AESI_Variant_2_works_as_expected"/>
    <testcase time="0.686" classname="table_aet01_aesi" name="AET01_AESI_Variant_3_works_as_expected"/>
    <testcase time="0.210999999999999" classname="table_aet01_aesi" name="AET01_AESI_Variant_3_works_as_expected"/>
    <testcase time="0.559000000000005" classname="table_aet01_aesi" name="AET01_AESI_Variant_4_works_as_expected"/>
    <testcase time="0.229999999999997" classname="table_aet01_aesi" name="AET01_AESI_Variant_4_works_as_expected"/>
  </testsuite>
  <testsuite name="table_aet02" timestamp="2025-02-20T01:14:28Z" hostname="24c1d5762d0b" tests="26" skipped="0" failures="0" errors="0" time="8.026">
    <testcase time="0.553000000000004" classname="table_aet02" name="AET02_variant_1_is_produced_correctly"/>
    <testcase time="0.181999999999995" classname="table_aet02" name="AET02_variant_1_is_produced_correctly"/>
    <testcase time="0.432000000000002" classname="table_aet02" name="AET02_variant_1_is_produced_correctly"/>
    <testcase time="0.100000000000001" classname="table_aet02" name="AET02_variant_1_is_produced_correctly"/>
    <testcase time="0.786999999999999" classname="table_aet02" name="AET02_variant_2_is_produced_correctly"/>
    <testcase time="0.171999999999997" classname="table_aet02" name="AET02_variant_2_is_produced_correctly"/>
    <testcase time="0.868000000000002" classname="table_aet02" name="AET02_variant_3_is_produced_correctly"/>
    <testcase time="0.286000000000001" classname="table_aet02" name="AET02_variant_3_is_produced_correctly"/>
    <testcase time="0.112000000000002" classname="table_aet02" name="AET02_variant_4_is_produced_correctly"/>
    <testcase time="0.097999999999999" classname="table_aet02" name="AET02_variant_4_is_produced_correctly"/>
    <testcase time="0.382999999999996" classname="table_aet02" name="AET02_variant_5_is_produced_correctly"/>
    <testcase time="0.155999999999999" classname="table_aet02" name="AET02_variant_5_is_produced_correctly"/>
    <testcase time="0.387" classname="table_aet02" name="AET02_variant_6_is_produced_correctly"/>
    <testcase time="0.100000000000001" classname="table_aet02" name="AET02_variant_6_is_produced_correctly"/>
    <testcase time="0.889000000000003" classname="table_aet02" name="AET02_variant_7_is_produced_correctly"/>
    <testcase time="0.141999999999996" classname="table_aet02" name="AET02_variant_7_is_produced_correctly"/>
    <testcase time="0.381" classname="table_aet02" name="AET02_variant_8_is_produced_correctly"/>
    <testcase time="0.0810000000000031" classname="table_aet02" name="AET02_variant_8_is_produced_correctly"/>
    <testcase time="0.384" classname="table_aet02" name="AET02_variant_9_is_produced_correctly"/>
    <testcase time="0.0989999999999966" classname="table_aet02" name="AET02_variant_9_is_produced_correctly"/>
    <testcase time="0.385000000000005" classname="table_aet02" name="AET02_variant_10_is_produced_correctly"/>
    <testcase time="0.0939999999999941" classname="table_aet02" name="AET02_variant_10_is_produced_correctly"/>
    <testcase time="0.394000000000005" classname="table_aet02" name="AET02_variant_11_is_produced_correctly"/>
    <testcase time="0.0730000000000004" classname="table_aet02" name="AET02_variant_11_is_produced_correctly"/>
    <testcase time="0.403999999999996" classname="table_aet02" name="AET02_variant_12_is_produced_correctly"/>
    <testcase time="0.0840000000000032" classname="table_aet02" name="AET02_variant_12_is_produced_correctly"/>
  </testsuite>
  <testsuite name="table_aet02_smq" timestamp="2025-02-20T01:14:36Z" hostname="24c1d5762d0b" tests="4" skipped="0" failures="0" errors="0" time="0.433">
    <testcase time="0.119999999999997" classname="table_aet02_smq" name="AET02SMQ_variant_1_is_produced_correctly"/>
    <testcase time="0.0679999999999978" classname="table_aet02_smq" name="AET02SMQ_variant_1_is_produced_correctly"/>
    <testcase time="0.154000000000003" classname="table_aet02_smq" name="AET02SMQ_variant_2_is_produced_correctly"/>
    <testcase time="0.0910000000000011" classname="table_aet02_smq" name="AET02SMQ_variant_2_is_produced_correctly"/>
  </testsuite>
  <testsuite name="table_aet03" timestamp="2025-02-20T01:14:36Z" hostname="24c1d5762d0b" tests="6" skipped="0" failures="0" errors="0" time="4.741">
    <testcase time="1.088" classname="table_aet03" name="AET03_variant_1_is_produced_correctly"/>
    <testcase time="0.407999999999994" classname="table_aet03" name="AET03_variant_1_is_produced_correctly"/>
    <testcase time="1.33300000000001" classname="table_aet03" name="AET03_variant_1_is_produced_correctly"/>
    <testcase time="0.660999999999994" classname="table_aet03" name="AET03_variant_1_is_produced_correctly"/>
    <testcase time="1.034" classname="table_aet03" name="AET03_variant_1_is_produced_correctly"/>
    <testcase time="0.216999999999999" classname="table_aet03" name="AET03_variant_1_is_produced_correctly"/>
  </testsuite>
  <testsuite name="table_aet04" timestamp="2025-02-20T01:14:42Z" hostname="24c1d5762d0b" tests="30" skipped="0" failures="0" errors="0" time="12.243">
    <testcase time="0.731000000000002" classname="table_aet04" name="AET04_variant_1_is_produced_correctly"/>
    <testcase time="0.314" classname="table_aet04" name="AET04_variant_1_is_produced_correctly"/>
    <testcase time="0.75" classname="table_aet04" name="AET04_variant_1_is_produced_correctly"/>
    <testcase time="0.0429999999999993" classname="table_aet04" name="AET04_variant_1_is_produced_correctly"/>
    <testcase time="0.0499999999999972" classname="table_aet04" name="AET04_variant_1_is_produced_correctly"/>
    <testcase time="0.646000000000001" classname="table_aet04" name="AET04_variant_2_is_produced_correctly_Fill_in_of_Treatment_Groups_"/>
    <testcase time="0.277000000000001" classname="table_aet04" name="AET04_variant_2_is_produced_correctly_Fill_in_of_Treatment_Groups_"/>
    <testcase time="0.706000000000003" classname="table_aet04" name="AET04_variant_2_is_produced_correctly_Fill_in_of_Treatment_Groups_"/>
    <testcase time="0.0670000000000002" classname="table_aet04" name="AET04_variant_2_is_produced_correctly_Fill_in_of_Treatment_Groups_"/>
    <testcase time="0.0529999999999973" classname="table_aet04" name="AET04_variant_2_is_produced_correctly_Fill_in_of_Treatment_Groups_"/>
    <testcase time="0.68" classname="table_aet04" name="AET04_variant_3_is_produced_correctly_Fill_in_of_Grades_"/>
    <testcase time="0.350999999999999" classname="table_aet04" name="AET04_variant_3_is_produced_correctly_Fill_in_of_Grades_"/>
    <testcase time="0.792999999999999" classname="table_aet04" name="AET04_variant_3_is_produced_correctly_Fill_in_of_Grades_"/>
    <testcase time="0.0549999999999997" classname="table_aet04" name="AET04_variant_3_is_produced_correctly_Fill_in_of_Grades_"/>
    <testcase time="0.0390000000000015" classname="table_aet04" name="AET04_variant_3_is_produced_correctly_Fill_in_of_Grades_"/>
    <testcase time="0.698" classname="table_aet04" name="AET04_variant_4_is_produced_correctly_Collapsing_of_Grades_grades_1_2_grades_3_4_5_"/>
    <testcase time="0.506999999999998" classname="table_aet04" name="AET04_variant_4_is_produced_correctly_Collapsing_of_Grades_grades_1_2_grades_3_4_5_"/>
    <testcase time="0.702000000000005" classname="table_aet04" name="AET04_variant_4_is_produced_correctly_Collapsing_of_Grades_grades_1_2_grades_3_4_5_"/>
    <testcase time="0.671999999999997" classname="table_aet04" name="AET04_variant_6_is_produced_correctly_with_an_Incidence_Rate_of_at_Least_5_totals_restricted_"/>
    <testcase time="0.292000000000002" classname="table_aet04" name="AET04_variant_6_is_produced_correctly_with_an_Incidence_Rate_of_at_Least_5_totals_restricted_"/>
    <testcase time="0.710000000000001" classname="table_aet04" name="AET04_variant_6_is_produced_correctly_with_an_Incidence_Rate_of_at_Least_5_totals_restricted_"/>
    <testcase time="0.00999999999999801" classname="table_aet04" name="AET04_variant_8_is_produced_correctly_with_an_Incidence_Rate_of_at_Least_X_Patients_"/>
    <testcase time="0.290999999999997" classname="table_aet04" name="AET04_variant_8_is_produced_correctly_with_an_Incidence_Rate_of_at_Least_X_Patients_"/>
    <testcase time="0.732000000000006" classname="table_aet04" name="AET04_variant_8_is_produced_correctly_with_an_Incidence_Rate_of_at_Least_X_Patients_"/>
    <testcase time="0.0159999999999982" classname="table_aet04" name="AET04_variant_9_is_produced_correctly_with_a_Difference_in_Incidence_Rate_of_at_Least_X_"/>
    <testcase time="0.305" classname="table_aet04" name="AET04_variant_9_is_produced_correctly_with_a_Difference_in_Incidence_Rate_of_at_Least_X_"/>
    <testcase time="0.719999999999999" classname="table_aet04" name="AET04_variant_9_is_produced_correctly_with_a_Difference_in_Incidence_Rate_of_at_Least_X_"/>
    <testcase time="0.00900000000000034" classname="table_aet04" name="AET04_variant_11_is_produced_correctly_with_Incidence_Rate_of_at_Least_X_all_SOCs_w_o_preferred_terms_removed_"/>
    <testcase time="0.299999999999997" classname="table_aet04" name="AET04_variant_11_is_produced_correctly_with_Incidence_Rate_of_at_Least_X_all_SOCs_w_o_preferred_terms_removed_"/>
    <testcase time="0.724000000000004" classname="table_aet04" name="AET04_variant_11_is_produced_correctly_with_Incidence_Rate_of_at_Least_X_all_SOCs_w_o_preferred_terms_removed_"/>
  </testsuite>
  <testsuite name="table_aet04_pi" timestamp="2025-02-20T01:14:53Z" hostname="24c1d5762d0b" tests="18" skipped="0" failures="0" errors="0" time="6.603">
    <testcase time="0.596000000000004" classname="table_aet04_pi" name="AET04_PI_full_table_is_produced_correctly"/>
    <testcase time="0.218000000000004" classname="table_aet04_pi" name="AET04_PI_full_table_is_produced_correctly"/>
    <testcase time="0.597999999999999" classname="table_aet04_pi" name="AET04_PI_variant_1_is_produced_correctly"/>
    <testcase time="0.179999999999993" classname="table_aet04_pi" name="AET04_PI_variant_1_is_produced_correctly"/>
    <testcase time="0.600000000000009" classname="table_aet04_pi" name="AET04_PI_variant_2_is_produced_correctly"/>
    <testcase time="0.108999999999995" classname="table_aet04_pi" name="AET04_PI_variant_2_is_produced_correctly"/>
    <testcase time="0.593000000000004" classname="table_aet04_pi" name="AET04_PI_variant_3_is_produced_correctly"/>
    <testcase time="0.134" classname="table_aet04_pi" name="AET04_PI_variant_3_is_produced_correctly"/>
    <testcase time="0.60499999999999" classname="table_aet04_pi" name="AET04_PI_variant_4_is_produced_correctly"/>
    <testcase time="0.106000000000009" classname="table_aet04_pi" name="AET04_PI_variant_4_is_produced_correctly"/>
    <testcase time="0.599999999999994" classname="table_aet04_pi" name="AET04_PI_variant_5_is_produced_correctly"/>
    <testcase time="0.153999999999996" classname="table_aet04_pi" name="AET04_PI_variant_5_is_produced_correctly"/>
    <testcase time="0.742000000000004" classname="table_aet04_pi" name="AET04_PI_variant_6_is_produced_correctly"/>
    <testcase time="0.158000000000001" classname="table_aet04_pi" name="AET04_PI_variant_6_is_produced_correctly"/>
    <testcase time="0.744" classname="table_aet04_pi" name="AET04_PI_variant_7_is_produced_correctly"/>
    <testcase time="0.158000000000001" classname="table_aet04_pi" name="AET04_PI_variant_7_is_produced_correctly"/>
    <testcase time="0.177999999999997" classname="table_aet04_pi" name="AET04_PI_variant_8_is_produced_correctly"/>
    <testcase time="0.129999999999995" classname="table_aet04_pi" name="AET04_PI_variant_8_is_produced_correctly"/>
  </testsuite>
  <testsuite name="table_aet05" timestamp="2025-02-20T01:15:00Z" hostname="24c1d5762d0b" tests="4" skipped="0" failures="0" errors="0" time="0.285">
    <testcase time="0.0960000000000036" classname="table_aet05" name="AET05_variant_1_is_produced_correctly"/>
    <testcase time="0.0589999999999975" classname="table_aet05" name="AET05_variant_1_is_produced_correctly"/>
    <testcase time="0.0690000000000026" classname="table_aet05" name="AET05_variant_2_is_produced_correctly"/>
    <testcase time="0.061000000000007" classname="table_aet05" name="AET05_variant_2_is_produced_correctly"/>
  </testsuite>
  <testsuite name="table_aet05_all" timestamp="2025-02-20T01:15:00Z" hostname="24c1d5762d0b" tests="4" skipped="0" failures="0" errors="0" time="0.306">
    <testcase time="0.114999999999995" classname="table_aet05_all" name="AET05_ALL_variant_1_is_produced_correctly"/>
    <testcase time="0.0630000000000024" classname="table_aet05_all" name="AET05_ALL_variant_1_is_produced_correctly"/>
    <testcase time="0.0559999999999974" classname="table_aet05_all" name="AET05_ALL_variant_2_is_produced_correctly"/>
    <testcase time="0.0720000000000027" classname="table_aet05_all" name="AET05_ALL_variant_2_is_produced_correctly"/>
  </testsuite>
  <testsuite name="table_aet06" timestamp="2025-02-20T01:15:01Z" hostname="24c1d5762d0b" tests="6" skipped="0" failures="0" errors="0" time="3.885">
    <testcase time="0.596000000000004" classname="table_aet06" name="AET06_variant_1_is_produced_correctly"/>
    <testcase time="0.22699999999999" classname="table_aet06" name="AET06_variant_1_is_produced_correctly"/>
    <testcase time="1.015" classname="table_aet06" name="AET06_variant_3_is_produced_correctly"/>
    <testcase time="0.337000000000003" classname="table_aet06" name="AET06_variant_3_is_produced_correctly"/>
    <testcase time="1.31" classname="table_aet06" name="AET06_variant_5_is_produced_correctly"/>
    <testcase time="0.400000000000006" classname="table_aet06" name="AET06_variant_5_is_produced_correctly"/>
  </testsuite>
  <testsuite name="table_aet06_smq" timestamp="2025-02-20T01:15:04Z" hostname="24c1d5762d0b" tests="4" skipped="0" failures="0" errors="0" time="1.043">
    <testcase time="0.378999999999991" classname="table_aet06_smq" name="AET06_SMQ_variant_1_is_produced_correctly"/>
    <testcase time="0.147000000000006" classname="table_aet06_smq" name="AET06_SMQ_variant_1_is_produced_correctly"/>
    <testcase time="0.369" classname="table_aet06_smq" name="AET06_SMQ_variant_2_is_produced_correctly"/>
    <testcase time="0.147999999999996" classname="table_aet06_smq" name="AET06_SMQ_variant_2_is_produced_correctly"/>
  </testsuite>
  <testsuite name="table_aet07" timestamp="2025-02-20T01:15:05Z" hostname="24c1d5762d0b" tests="4" skipped="0" failures="0" errors="0" time="0.203">
    <testcase time="0.0529999999999973" classname="table_aet07" name="AET07_variant_1_is_produced_correctly"/>
    <testcase time="0.0570000000000022" classname="table_aet07" name="AET07_variant_1_is_produced_correctly"/>
    <testcase time="0.0490000000000066" classname="table_aet07" name="AET07_variant_2_is_produced_correctly"/>
    <testcase time="0.0439999999999969" classname="table_aet07" name="AET07_variant_2_is_produced_correctly"/>
  </testsuite>
  <testsuite name="table_aet09" timestamp="2025-02-20T01:15:06Z" hostname="24c1d5762d0b" tests="4" skipped="0" failures="0" errors="0" time="2.112">
    <testcase time="0.563999999999993" classname="table_aet09" name="AET09_variant_1_is_produced_correctly_AE_related_to_study_drug"/>
    <testcase time="0.400000000000006" classname="table_aet09" name="AET09_variant_1_is_produced_correctly_AE_related_to_study_drug"/>
    <testcase time="0.873999999999995" classname="table_aet09" name="AET09_variant_2_is_produced_correctly_AE_related_to_study_drug_including_high_level_terms_"/>
    <testcase time="0.274000000000001" classname="table_aet09" name="AET09_variant_2_is_produced_correctly_AE_related_to_study_drug_including_high_level_terms_"/>
  </testsuite>
  <testsuite name="table_aet09_smq" timestamp="2025-02-20T01:15:08Z" hostname="24c1d5762d0b" tests="4" skipped="0" failures="0" errors="0" time="0.479">
    <testcase time="0.118000000000009" classname="table_aet09_smq" name="AET09_variant_1_AEs_related_to_study_drug_by_SMQ_is_produced_correctly"/>
    <testcase time="0.0669999999999931" classname="table_aet09_smq" name="AET09_variant_1_AEs_related_to_study_drug_by_SMQ_is_produced_correctly"/>
    <testcase time="0.194000000000003" classname="table_aet09_smq" name="AET09_variant_2_AEs_related_to_study_drug_by_SMQ_with_customized_queries_is_produced_correctly"/>
    <testcase time="0.0999999999999943" classname="table_aet09_smq" name="AET09_variant_2_AEs_related_to_study_drug_by_SMQ_with_customized_queries_is_produced_correctly"/>
  </testsuite>
  <testsuite name="table_aet10" timestamp="2025-02-20T01:15:08Z" hostname="24c1d5762d0b" tests="2" skipped="0" failures="0" errors="0" time="0.159">
    <testcase time="0.102999999999994" classname="table_aet10" name="AET10_default_variant_is_produced_correctly"/>
    <testcase time="0.0560000000000116" classname="table_aet10" name="AET10_default_variant_is_produced_correctly"/>
  </testsuite>
  <testsuite name="table_aovt01" timestamp="2025-02-20T01:15:08Z" hostname="24c1d5762d0b" tests="4" skipped="0" failures="0" errors="0" time="1.094">
    <testcase time="0.325999999999993" classname="table_aovt01" name="AOVT01_variant_with_single_endpoint_is_produced_correctly"/>
    <testcase time="0.0829999999999984" classname="table_aovt01" name="AOVT01_variant_with_single_endpoint_is_produced_correctly"/>
    <testcase time="0.534000000000006" classname="table_aovt01" name="AOVT01_variant_with_multiple_endpoints_is_produced_correctly"/>
    <testcase time="0.150999999999996" classname="table_aovt01" name="AOVT01_variant_with_multiple_endpoints_is_produced_correctly"/>
  </testsuite>
  <testsuite name="table_aovt02" timestamp="2025-02-20T01:15:10Z" hostname="24c1d5762d0b" tests="2" skipped="0" failures="0" errors="0" time="0.375">
    <testcase time="0.295000000000002" classname="table_aovt02" name="AOVT02_is_produced_correctly"/>
    <testcase time="0.0799999999999983" classname="table_aovt02" name="AOVT02_is_produced_correctly"/>
  </testsuite>
  <testsuite name="table_aovt03" timestamp="2025-02-20T01:15:10Z" hostname="24c1d5762d0b" tests="2" skipped="0" failures="0" errors="0" time="0.856">
    <testcase time="0.691999999999993" classname="table_aovt03" name="AOVT03_is_produced_correctly"/>
    <testcase time="0.164000000000001" classname="table_aovt03" name="AOVT03_is_produced_correctly"/>
  </testsuite>
  <testsuite name="table_cfbt01" timestamp="2025-02-20T01:15:11Z" hostname="24c1d5762d0b" tests="2" skipped="0" failures="0" errors="0" time="0.616">
    <testcase time="0.403000000000006" classname="table_cfbt01" name="CFBT01_default_variant_is_produced_correctly"/>
    <testcase time="0.212999999999994" classname="table_cfbt01" name="CFBT01_default_variant_is_produced_correctly"/>
  </testsuite>
  <testsuite name="table_cmht01" timestamp="2025-02-20T01:15:11Z" hostname="24c1d5762d0b" tests="4" skipped="0" failures="0" errors="0" time="1.673">
    <testcase time="0.388000000000005" classname="table_cmht01" name="CMHT01_variant_1_is_produced_correctly"/>
    <testcase time="0.0939999999999941" classname="table_cmht01" name="CMHT01_variant_1_is_produced_correctly"/>
    <testcase time="0.932000000000002" classname="table_cmht01" name="CMHT01_variant_2_is_produced_correctly"/>
    <testcase time="0.259" classname="table_cmht01" name="CMHT01_variant_2_is_produced_correctly"/>
  </testsuite>
  <testsuite name="table_cmt01" timestamp="2025-02-20T01:15:13Z" hostname="24c1d5762d0b" tests="8" skipped="0" failures="0" errors="0" time="3.721">
    <testcase time="0.629999999999995" classname="table_cmt01" name="CMT01_default_variant_Concomitant_medications_is_produced_correctly"/>
    <testcase time="0.287999999999997" classname="table_cmt01" name="CMT01_default_variant_Concomitant_medications_is_produced_correctly"/>
    <testcase time="0.706000000000003" classname="table_cmt01" name="CMT01_variant_1_prior_medications_is_produced_correctly"/>
    <testcase time="0.322999999999993" classname="table_cmt01" name="CMT01_variant_1_prior_medications_is_produced_correctly"/>
    <testcase time="0.591000000000008" classname="table_cmt01" name="CMT01_variant_3_Concomitant_medications_is_produced_correctly"/>
    <testcase time="0.257999999999996" classname="table_cmt01" name="CMT01_variant_3_Concomitant_medications_is_produced_correctly"/>
    <testcase time="0.634" classname="table_cmt01" name="CMT01_variant_4_Concomitant_medications_is_produced_correctly"/>
    <testcase time="0.290999999999997" classname="table_cmt01" name="CMT01_variant_4_Concomitant_medications_is_produced_correctly"/>
  </testsuite>
  <testsuite name="table_cmt01a" timestamp="2025-02-20T01:15:17Z" hostname="24c1d5762d0b" tests="8" skipped="0" failures="0" errors="0" time="5.366">
    <testcase time="1.17400000000001" classname="table_cmt01a" name="CMT01A_variant_1_is_produced_correctly"/>
    <testcase time="0.272000000000006" classname="table_cmt01a" name="CMT01A_variant_1_is_produced_correctly"/>
    <testcase time="1.029" classname="table_cmt01a" name="CMT01A_variant_2_is_produced_correctly"/>
    <testcase time="0.269999999999996" classname="table_cmt01a" name="CMT01A_variant_2_is_produced_correctly"/>
    <testcase time="1.069" classname="table_cmt01a" name="CMT01A_variant_3_is_produced_correctly"/>
    <testcase time="0.274000000000001" classname="table_cmt01a" name="CMT01A_variant_3_is_produced_correctly"/>
    <testcase time="1.033" classname="table_cmt01a" name="CMT01A_variant_4_is_produced_correctly"/>
    <testcase time="0.24499999999999" classname="table_cmt01a" name="CMT01A_variant_4_is_produced_correctly"/>
  </testsuite>
  <testsuite name="table_cmt01b" timestamp="2025-02-20T01:15:22Z" hostname="24c1d5762d0b" tests="6" skipped="0" failures="0" errors="0" time="5.702">
    <testcase time="1.59400000000001" classname="table_cmt01b" name="CMT01B_variant_1_is_produced_correctly"/>
    <testcase time="0.400999999999996" classname="table_cmt01b" name="CMT01B_variant_1_is_produced_correctly"/>
    <testcase time="1.193" classname="table_cmt01b" name="CMT01B_variant_2_is_produced_correctly"/>
    <testcase time="0.319000000000003" classname="table_cmt01b" name="CMT01B_variant_2_is_produced_correctly"/>
    <testcase time="1.596" classname="table_cmt01b" name="CMT01B_variant_4_is_produced_correctly"/>
    <testcase time="0.599000000000004" classname="table_cmt01b" name="CMT01B_variant_4_is_produced_correctly"/>
  </testsuite>
  <testsuite name="table_cmt02_pt" timestamp="2025-02-20T01:15:28Z" hostname="24c1d5762d0b" tests="2" skipped="0" failures="0" errors="0" time="0.571">
    <testcase time="0.398999999999987" classname="table_cmt02_pt" name="CMT02_PT_default_variant_is_produced_correctly"/>
    <testcase time="0.172000000000011" classname="table_cmt02_pt" name="CMT02_PT_default_variant_is_produced_correctly"/>
  </testsuite>
  <testsuite name="table_coxt01" timestamp="2025-02-20T01:15:28Z" hostname="24c1d5762d0b" tests="8" skipped="0" failures="0" errors="0" time="1.706">
    <testcase time="0.268000000000001" classname="table_coxt01" name="1._Cox_Regression"/>
    <testcase time="0.0819999999999936" classname="table_coxt01" name="1._Cox_Regression"/>
    <testcase time="0.343000000000004" classname="table_coxt01" name="2._Cox_Regression_with_Interaction_Term_"/>
    <testcase time="0.0990000000000038" classname="table_coxt01" name="2._Cox_Regression_with_Interaction_Term_"/>
    <testcase time="0.35199999999999" classname="table_coxt01" name="3._Cox_Regression_specifying_covariates_"/>
    <testcase time="0.106000000000009" classname="table_coxt01" name="3._Cox_Regression_specifying_covariates_"/>
    <testcase time="0.350999999999999" classname="table_coxt01" name="4._Cox_Regression_setting_strata_ties_and_alpha_level_"/>
    <testcase time="0.10499999999999" classname="table_coxt01" name="4._Cox_Regression_setting_strata_ties_and_alpha_level_"/>
  </testsuite>
  <testsuite name="table_coxt02" timestamp="2025-02-20T01:15:30Z" hostname="24c1d5762d0b" tests="4" skipped="0" failures="0" errors="0" time="0.657">
    <testcase time="0.265000000000001" classname="table_coxt02" name="COXT02_default_variant_1_is_produced_correctly"/>
    <testcase time="0.0760000000000076" classname="table_coxt02" name="COXT02_default_variant_1_is_produced_correctly"/>
    <testcase time="0.241" classname="table_coxt02" name="COXT02_variant_5_is_produced_correctly"/>
    <testcase time="0.0750000000000028" classname="table_coxt02" name="COXT02_variant_5_is_produced_correctly"/>
  </testsuite>
  <testsuite name="table_disclosures" timestamp="2025-02-20T01:15:31Z" hostname="24c1d5762d0b" tests="12" skipped="0" failures="0" errors="0" time="1.847">
    <testcase time="0.159999999999997" classname="table_disclosures" name="Patient_Disposition_table_is_produced_correctly"/>
    <testcase time="0.0960000000000036" classname="table_disclosures" name="Patient_Disposition_table_is_produced_correctly"/>
    <testcase time="0.206999999999994" classname="table_disclosures" name="Demographic_table_is_produced_correctly"/>
    <testcase time="0.140000000000001" classname="table_disclosures" name="Demographic_table_is_produced_correctly"/>
    <testcase time="0.0990000000000038" classname="table_disclosures" name="Enrollment_by_Country_Table_is_produced_correctly"/>
    <testcase time="0.0900000000000034" classname="table_disclosures" name="Enrollment_by_Country_Table_is_produced_correctly"/>
    <testcase time="0.0739999999999981" classname="table_disclosures" name="Death_table_is_produced_correctly"/>
    <testcase time="0.0640000000000072" classname="table_disclosures" name="Death_table_is_produced_correctly"/>
    <testcase time="0.298999999999992" classname="table_disclosures" name="Table_of_Serious_Adverse_Events_is_produced_correctly_for_one_specific_treatment_arm_"/>
    <testcase time="0.0900000000000034" classname="table_disclosures" name="Table_of_Serious_Adverse_Events_is_produced_correctly_for_one_specific_treatment_arm_"/>
    <testcase time="0.393000000000001" classname="table_disclosures" name="Table_of_Non_Serious_Adverse_Events_is_produced_correctly"/>
    <testcase time="0.135000000000005" classname="table_disclosures" name="Table_of_Non_Serious_Adverse_Events_is_produced_correctly"/>
  </testsuite>
  <testsuite name="table_dmt01" timestamp="2025-02-20T01:15:34Z" hostname="24c1d5762d0b" tests="10" skipped="0" failures="0" errors="0" time="2.831">
    <testcase time="1.23999999999999" classname="table_dmt01" name="DMT01_variant_1_is_produced_correctly"/>
    <testcase time="0.165000000000006" classname="table_dmt01" name="DMT01_variant_1_is_produced_correctly"/>
    <testcase time="0.218999999999994" classname="table_dmt01" name="DMT01_variant_2_is_produced_correctly"/>
    <testcase time="0.159000000000006" classname="table_dmt01" name="DMT01_variant_2_is_produced_correctly"/>
    <testcase time="0.256" classname="table_dmt01" name="DMT01_variant_3_is_produced_correctly"/>
    <testcase time="0.161999999999992" classname="table_dmt01" name="DMT01_variant_3_is_produced_correctly"/>
    <testcase time="0.197000000000003" classname="table_dmt01" name="DMT01_variant_4_is_produced_correctly"/>
    <testcase time="0.135000000000005" classname="table_dmt01" name="DMT01_variant_4_is_produced_correctly"/>
    <testcase time="0.170000000000002" classname="table_dmt01" name="DMT01_variant_5_is_produced_correctly"/>
    <testcase time="0.128" classname="table_dmt01" name="DMT01_variant_5_is_produced_correctly"/>
  </testsuite>
  <testsuite name="table_dort01" timestamp="2025-02-20T01:15:35Z" hostname="24c1d5762d0b" tests="8" skipped="0" failures="0" errors="0" time="1.461">
    <testcase time="0.281999999999996" classname="table_dort01" name="DORT01_variant_1_is_produced_correctly"/>
    <testcase time="0.0969999999999942" classname="table_dort01" name="DORT01_variant_1_is_produced_correctly"/>
    <testcase time="0.278000000000006" classname="table_dort01" name="DORT01_variant_2_selecting_sectons_is_produced_correctly"/>
    <testcase time="0.106999999999999" classname="table_dort01" name="DORT01_variant_2_selecting_sectons_is_produced_correctly"/>
    <testcase time="0.245999999999995" classname="table_dort01" name="DORT01_variant_3_modifying_conftype_and_alpha_level_is_produced_correctly"/>
    <testcase time="0.0970000000000084" classname="table_dort01" name="DORT01_variant_3_modifying_conftype_and_alpha_level_is_produced_correctly"/>
    <testcase time="0.245999999999995" classname="table_dort01" name="DORT01_variant_4_modifying_time_point_for_the_xx_duration_is_produced_correctly"/>
    <testcase time="0.108000000000004" classname="table_dort01" name="DORT01_variant_4_modifying_time_point_for_the_xx_duration_is_produced_correctly"/>
  </testsuite>
  <testsuite name="table_dst01" timestamp="2025-02-20T01:15:37Z" hostname="24c1d5762d0b" tests="6" skipped="0" failures="0" errors="0" time="0.73">
    <testcase time="0.126999999999995" classname="table_dst01" name="DST01_default_variant_is_produced_correctly"/>
    <testcase time="0.0930000000000035" classname="table_dst01" name="DST01_default_variant_is_produced_correctly"/>
    <testcase time="0.210999999999999" classname="table_dst01" name="DST01_variants_2_and_3_are_produced_correctly"/>
    <testcase time="0.108000000000004" classname="table_dst01" name="DST01_variants_2_and_3_are_produced_correctly"/>
    <testcase time="0.0699999999999932" classname="table_dst01" name="DST01_variants_2_and_3_are_produced_correctly"/>
    <testcase time="0.120999999999995" classname="table_dst01" name="DST01_variants_2_and_3_are_produced_correctly"/>
  </testsuite>
  <testsuite name="table_dtht01" timestamp="2025-02-20T01:15:38Z" hostname="24c1d5762d0b" tests="8" skipped="0" failures="0" errors="0" time="1.121">
    <testcase time="0.109000000000009" classname="table_dtht01" name="DTHT01_variant_1_is_produced_correctly"/>
    <testcase time="0.0750000000000028" classname="table_dtht01" name="DTHT01_variant_1_is_produced_correctly"/>
    <testcase time="0.262" classname="table_dtht01" name="DTHT01_variant_2_is_produced_correctly"/>
    <testcase time="0.145999999999987" classname="table_dtht01" name="DTHT01_variant_2_is_produced_correctly"/>
    <testcase time="0.149000000000001" classname="table_dtht01" name="DTHT01_variant_3_is_produced_correctly"/>
    <testcase time="0.0840000000000032" classname="table_dtht01" name="DTHT01_variant_3_is_produced_correctly"/>
    <testcase time="0.197000000000003" classname="table_dtht01" name="DTHT01_variant_4_is_produced_correctly"/>
    <testcase time="0.0990000000000038" classname="table_dtht01" name="DTHT01_variant_4_is_produced_correctly"/>
  </testsuite>
  <testsuite name="table_egt01" timestamp="2025-02-20T01:15:40Z" hostname="24c1d5762d0b" tests="2" skipped="0" failures="0" errors="0" time="3.463">
    <testcase time="2.74299999999999" classname="table_egt01" name="EGT01_default_variant_is_produced_correctly"/>
    <testcase time="0.719999999999999" classname="table_egt01" name="EGT01_default_variant_is_produced_correctly"/>
  </testsuite>
  <testsuite name="table_egt02" timestamp="2025-02-20T01:15:43Z" hostname="24c1d5762d0b" tests="4" skipped="0" failures="0" errors="0" time="1.506">
    <testcase time="1.182" classname="table_egt02" name="_EGT02_1._Regardless_of_Abnormality_at_Baseline"/>
    <testcase time="0.0759999999999934" classname="table_egt02" name="_EGT02_1._Regardless_of_Abnormality_at_Baseline"/>
    <testcase time="0.157000000000011" classname="table_egt02" name="_EGT02_2._Among_Subjects_Without_Abnormality_at_Baseline"/>
    <testcase time="0.090999999999994" classname="table_egt02" name="_EGT02_2._Among_Subjects_Without_Abnormality_at_Baseline"/>
  </testsuite>
  <testsuite name="table_egt03" timestamp="2025-02-20T01:15:44Z" hostname="24c1d5762d0b" tests="8" skipped="0" failures="0" errors="0" time="1.152">
    <testcase time="0.194000000000003" classname="table_egt03" name="EGT03_variant_1_is_produced_correctly"/>
    <testcase time="0.116" classname="table_egt03" name="EGT03_variant_1_is_produced_correctly"/>
    <testcase time="0.135999999999996" classname="table_egt03" name="EGT03_variant_2_is_produced_correctly"/>
    <testcase time="0.0930000000000035" classname="table_egt03" name="EGT03_variant_2_is_produced_correctly"/>
    <testcase time="0.185000000000002" classname="table_egt03" name="EGT03_variant_3_is_produced_correctly"/>
    <testcase time="0.116" classname="table_egt03" name="EGT03_variant_3_is_produced_correctly"/>
    <testcase time="0.185999999999993" classname="table_egt03" name="EGT03_variant_4_is_produced_correctly"/>
    <testcase time="0.126000000000005" classname="table_egt03" name="EGT03_variant_4_is_produced_correctly"/>
  </testsuite>
  <testsuite name="table_egt04" timestamp="2025-02-20T01:15:46Z" hostname="24c1d5762d0b" tests="2" skipped="0" failures="0" errors="0" time="1.498">
    <testcase time="1.402" classname="table_egt04" name="EGT04_default_variant_is_produced_correctly"/>
    <testcase time="0.0960000000000036" classname="table_egt04" name="EGT04_default_variant_is_produced_correctly"/>
  </testsuite>
  <testsuite name="table_egt05_qtcat" timestamp="2025-02-20T01:15:48Z" hostname="24c1d5762d0b" tests="2" skipped="0" failures="0" errors="0" time="2.319">
    <testcase time="1.904" classname="table_egt05_qtcat" name="EGT05_QTCAT_default_variant_is_produced_correctly"/>
    <testcase time="0.415000000000006" classname="table_egt05_qtcat" name="EGT05_QTCAT_default_variant_is_produced_correctly"/>
  </testsuite>
  <testsuite name="table_ent" timestamp="2025-02-20T01:15:49Z" hostname="24c1d5762d0b" tests="8" skipped="0" failures="0" errors="0" time="12.74">
    <testcase time="3.339" classname="table_ent" name="ENT01_IT_is_produced_correctly"/>
    <testcase time="0.524000000000001" classname="table_ent" name="ENT01_IT_is_produced_correctly"/>
    <testcase time="2.009" classname="table_ent" name="ENT01a_IT_is_produced_correctly"/>
    <testcase time="0.49799999999999" classname="table_ent" name="ENT01a_IT_is_produced_correctly"/>
    <testcase time="3.17300000000002" classname="table_ent" name="ENT02_IT_is_produced_correctly"/>
    <testcase time="0.545999999999992" classname="table_ent" name="ENT02_IT_is_produced_correctly"/>
    <testcase time="2.12700000000001" classname="table_ent" name="ENT02a_IT_is_produced_correctly"/>
    <testcase time="0.523999999999972" classname="table_ent" name="ENT02a_IT_is_produced_correctly"/>
  </testsuite>
  <testsuite name="table_eudrat01" timestamp="2025-02-20T01:16:01Z" hostname="24c1d5762d0b" tests="2" skipped="0" failures="0" errors="0" time="0.583">
    <testcase time="0.462000000000018" classname="table_eudrat01" name="EUDRAT01_is_produced_correctly"/>
    <testcase time="0.121000000000009" classname="table_eudrat01" name="EUDRAT01_is_produced_correctly"/>
  </testsuite>
  <testsuite name="table_eudrat02" timestamp="2025-02-20T01:16:02Z" hostname="24c1d5762d0b" tests="2" skipped="0" failures="0" errors="0" time="0.457">
    <testcase time="0.364999999999981" classname="table_eudrat02" name="EUDRAT02_is_produced_correctly"/>
    <testcase time="0.092000000000013" classname="table_eudrat02" name="EUDRAT02_is_produced_correctly"/>
  </testsuite>
  <testsuite name="table_ext01" timestamp="2025-02-20T01:16:03Z" hostname="24c1d5762d0b" tests="6" skipped="0" failures="0" errors="0" time="1.554">
    <testcase time="0.379999999999995" classname="table_ext01" name="EXT01_default_variant_with_numeric_parameters_is_produced_correctly"/>
    <testcase time="0.15100000000001" classname="table_ext01" name="EXT01_default_variant_with_numeric_parameters_is_produced_correctly"/>
    <testcase time="0.258999999999986" classname="table_ext01" name="EXT01_variant_with_both_numeric_and_categorical_parameters"/>
    <testcase time="0.195999999999998" classname="table_ext01" name="EXT01_variant_with_both_numeric_and_categorical_parameters"/>
    <testcase time="0.332999999999998" classname="table_ext01" name="EXT01_variant_with_user_specified_categories_for_missed_doses"/>
    <testcase time="0.235000000000014" classname="table_ext01" name="EXT01_variant_with_user_specified_categories_for_missed_doses"/>
  </testsuite>
  <testsuite name="table_lbt01" timestamp="2025-02-20T01:16:05Z" hostname="24c1d5762d0b" tests="2" skipped="0" failures="0" errors="0" time="1.967">
    <testcase time="1.46899999999999" classname="table_lbt01" name="LBT01_default_variant_is_produced_correctly"/>
    <testcase time="0.49799999999999" classname="table_lbt01" name="LBT01_default_variant_is_produced_correctly"/>
  </testsuite>
  <testsuite name="table_lbt02" timestamp="2025-02-20T01:16:06Z" hostname="24c1d5762d0b" tests="2" skipped="0" failures="0" errors="0" time="1.37">
    <testcase time="0.879000000000019" classname="table_lbt02" name="LBT02_default_variant_is_produced_correctly"/>
    <testcase time="0.490999999999985" classname="table_lbt02" name="LBT02_default_variant_is_produced_correctly"/>
  </testsuite>
  <testsuite name="table_lbt03" timestamp="2025-02-20T01:16:07Z" hostname="24c1d5762d0b" tests="2" skipped="0" failures="0" errors="0" time="0.254">
    <testcase time="0.159999999999997" classname="table_lbt03" name="LBT03_default_variant_is_produced_correctly"/>
    <testcase time="0.0939999999999941" classname="table_lbt03" name="LBT03_default_variant_is_produced_correctly"/>
  </testsuite>
  <testsuite name="table_lbt04" timestamp="2025-02-20T01:16:08Z" hostname="24c1d5762d0b" tests="2" skipped="0" failures="0" errors="0" time="1.251">
    <testcase time="1.06700000000001" classname="table_lbt04" name="LBT04_default_variant_is_produced_correctly"/>
    <testcase time="0.183999999999997" classname="table_lbt04" name="LBT04_default_variant_is_produced_correctly"/>
  </testsuite>
  <testsuite name="table_lbt05" timestamp="2025-02-20T01:16:09Z" hostname="24c1d5762d0b" tests="6" skipped="0" failures="0" errors="0" time="6.604">
    <testcase time="2.279" classname="table_lbt05" name="LBT05_variant_1_is_produced_correctly"/>
    <testcase time="0.368000000000023" classname="table_lbt05" name="LBT05_variant_1_is_produced_correctly"/>
    <testcase time="1.55099999999999" classname="table_lbt05" name="LBT05_variant_2_is_produced_correctly"/>
    <testcase time="0.472000000000008" classname="table_lbt05" name="LBT05_variant_2_is_produced_correctly"/>
    <testcase time="1.59099999999998" classname="table_lbt05" name="LBT05_variant_4_is_produced_correctly"/>
    <testcase time="0.343000000000018" classname="table_lbt05" name="LBT05_variant_4_is_produced_correctly"/>
  </testsuite>
  <testsuite name="table_lbt06" timestamp="2025-02-20T01:16:15Z" hostname="24c1d5762d0b" tests="2" skipped="0" failures="0" errors="0" time="0.475">
    <testcase time="0.308999999999997" classname="table_lbt06" name="LBT06_default_variant_is_produced_correctly"/>
    <testcase time="0.165999999999997" classname="table_lbt06" name="LBT06_default_variant_is_produced_correctly"/>
  </testsuite>
  <testsuite name="table_lbt07" timestamp="2025-02-20T01:16:16Z" hostname="24c1d5762d0b" tests="2" skipped="0" failures="0" errors="0" time="2.233">
    <testcase time="1.95099999999999" classname="table_lbt07" name="LBT07_is_produced_correctly"/>
    <testcase time="0.282000000000011" classname="table_lbt07" name="LBT07_is_produced_correctly"/>
  </testsuite>
  <testsuite name="table_lbt08" timestamp="2025-02-20T01:16:18Z" hostname="24c1d5762d0b" tests="2" skipped="0" failures="0" errors="0" time="0.378">
    <testcase time="0.257999999999981" classname="table_lbt08" name="LBT08_produce_correctly"/>
    <testcase time="0.120000000000005" classname="table_lbt08" name="LBT08_produce_correctly"/>
  </testsuite>
  <testsuite name="table_lbt09" timestamp="2025-02-20T01:16:19Z" hostname="24c1d5762d0b" tests="4" skipped="0" failures="0" errors="0" time="0.904">
    <testcase time="0.308999999999997" classname="table_lbt09" name="LBT09_variant_1_works_as_expected"/>
    <testcase time="0.15100000000001" classname="table_lbt09" name="LBT09_variant_1_works_as_expected"/>
    <testcase time="0.293000000000006" classname="table_lbt09" name="LBT09_variant_2_works_as_expected"/>
    <testcase time="0.150999999999982" classname="table_lbt09" name="LBT09_variant_2_works_as_expected"/>
  </testsuite>
  <testsuite name="table_lbt10" timestamp="2025-02-20T01:16:20Z" hostname="24c1d5762d0b" tests="4" skipped="0" failures="0" errors="0" time="1.197">
    <testcase time="0.676000000000016" classname="table_lbt10" name="LBT10_variant_1_works_as_expected"/>
    <testcase time="0.0749999999999886" classname="table_lbt10" name="LBT10_variant_1_works_as_expected"/>
    <testcase time="0.387" classname="table_lbt10" name="LBT10_variant_2_works_as_expected"/>
    <testcase time="0.0589999999999975" classname="table_lbt10" name="LBT10_variant_2_works_as_expected"/>
  </testsuite>
  <testsuite name="table_lbt10_bl" timestamp="2025-02-20T01:16:21Z" hostname="24c1d5762d0b" tests="4" skipped="0" failures="0" errors="0" time="0.483">
    <testcase time="0.231000000000023" classname="table_lbt10_bl" name="LBT10_BL_variant_1_works_as_expected"/>
    <testcase time="0.070999999999998" classname="table_lbt10_bl" name="LBT10_BL_variant_1_works_as_expected"/>
    <testcase time="0.120999999999981" classname="table_lbt10_bl" name="LBT10_BL_variant_2_works_as_expected"/>
    <testcase time="0.0600000000000023" classname="table_lbt10_bl" name="LBT10_BL_variant_2_works_as_expected"/>
  </testsuite>
  <testsuite name="table_lbt11" timestamp="2025-02-20T01:16:21Z" hostname="24c1d5762d0b" tests="6" skipped="0" failures="0" errors="0" time="0.728">
    <testcase time="0.183999999999997" classname="table_lbt11" name="LBT11_variant_1_works_as_expected"/>
    <testcase time="0.0940000000000225" classname="table_lbt11" name="LBT11_variant_1_works_as_expected"/>
    <testcase time="0.0959999999999752" classname="table_lbt11" name="LBT11_variant_2_works_as_expected"/>
    <testcase time="0.0800000000000125" classname="table_lbt11" name="LBT11_variant_2_works_as_expected"/>
    <testcase time="0.163000000000011" classname="table_lbt11" name="LBT11_variant_3_works_as_expected"/>
    <testcase time="0.11099999999999" classname="table_lbt11" name="LBT11_variant_3_works_as_expected"/>
  </testsuite>
  <testsuite name="table_lbt11_bl" timestamp="2025-02-20T01:16:22Z" hostname="24c1d5762d0b" tests="6" skipped="0" failures="0" errors="0" time="0.831">
    <testcase time="0.198999999999984" classname="table_lbt11_bl" name="LBT11_BL_variant_1_works_as_expected"/>
    <testcase time="0.0960000000000036" classname="table_lbt11_bl" name="LBT11_BL_variant_1_works_as_expected"/>
    <testcase time="0.122000000000014" classname="table_lbt11_bl" name="LBT11_BL_variant_2_works_as_expected"/>
    <testcase time="0.0799999999999841" classname="table_lbt11_bl" name="LBT11_BL_variant_2_works_as_expected"/>
    <testcase time="0.223000000000013" classname="table_lbt11_bl" name="LBT11_BL_variant_3_works_as_expected"/>
    <testcase time="0.11099999999999" classname="table_lbt11_bl" name="LBT11_BL_variant_3_works_as_expected"/>
  </testsuite>
  <testsuite name="table_lbt12" timestamp="2025-02-20T01:16:23Z" hostname="24c1d5762d0b" tests="2" skipped="0" failures="0" errors="0" time="0.382">
    <testcase time="0.287000000000006" classname="table_lbt12" name="LBT12_works_as_expected"/>
    <testcase time="0.0949999999999989" classname="table_lbt12" name="LBT12_works_as_expected"/>
  </testsuite>
  <testsuite name="table_lbt12_bl" timestamp="2025-02-20T01:16:23Z" hostname="24c1d5762d0b" tests="2" skipped="0" failures="0" errors="0" time="0.355">
    <testcase time="0.277999999999992" classname="table_lbt12_bl" name="LBT12_BL_works_as_expected"/>
    <testcase time="0.0769999999999982" classname="table_lbt12_bl" name="LBT12_BL_works_as_expected"/>
  </testsuite>
  <testsuite name="table_lbt13" timestamp="2025-02-20T01:16:24Z" hostname="24c1d5762d0b" tests="10" skipped="0" failures="0" errors="0" time="2.27">
    <testcase time="0.823000000000008" classname="table_lbt13" name="LBT13_variant_1_LOW_works_as_expected"/>
    <testcase time="0.0960000000000036" classname="table_lbt13" name="LBT13_variant_1_LOW_works_as_expected"/>
    <testcase time="0.134999999999991" classname="table_lbt13" name="LBT13_variant_2_HIGH_works_as_expected"/>
    <testcase time="0.0640000000000214" classname="table_lbt13" name="LBT13_variant_2_HIGH_works_as_expected"/>
    <testcase time="0.228999999999985" classname="table_lbt13" name="LBT13_variant_3_LOW_without_baseline_missing_works_as_expected"/>
    <testcase time="0.0970000000000084" classname="table_lbt13" name="LBT13_variant_3_LOW_without_baseline_missing_works_as_expected"/>
    <testcase time="0.133999999999986" classname="table_lbt13" name="LBT13_variant_4_HIGH_with_missing_baseline_considered_as_grade_0_works_as_expected"/>
    <testcase time="0.0759999999999934" classname="table_lbt13" name="LBT13_variant_4_HIGH_with_missing_baseline_considered_as_grade_0_works_as_expected"/>
    <testcase time="0.40300000000002" classname="table_lbt13" name="LBT14_variant_5_HIGH_with_filled_in_grades_works_as_expected"/>
    <testcase time="0.212999999999994" classname="table_lbt13" name="LBT14_variant_5_HIGH_with_filled_in_grades_works_as_expected"/>
  </testsuite>
  <testsuite name="table_lbt14" timestamp="2025-02-20T01:16:26Z" hostname="24c1d5762d0b" tests="10" skipped="0" failures="0" errors="0" time="28.18">
    <testcase time="5.70699999999999" classname="table_lbt14" name="LBT14_variant_1_HIGH_works_as_expected"/>
    <testcase time="0.467000000000013" classname="table_lbt14" name="LBT14_variant_1_HIGH_works_as_expected"/>
    <testcase time="5.17699999999999" classname="table_lbt14" name="LBT14_variant_2_LOW_works_as_expected"/>
    <testcase time="0.330000000000013" classname="table_lbt14" name="LBT14_variant_2_LOW_works_as_expected"/>
    <testcase time="3.43199999999999" classname="table_lbt14" name="LBT14_variant_3_LOW_without_baseline_missing_works_as_expected"/>
    <testcase time="0.407999999999987" classname="table_lbt14" name="LBT14_variant_3_LOW_without_baseline_missing_works_as_expected"/>
    <testcase time="4.88400000000001" classname="table_lbt14" name="LBT14_variant_4_LOW_and_force_1_missing_both_baseline_and_post_baseline_then_force_the_missing_baseline_as_0_as_expected"/>
    <testcase time="0.240000000000009" classname="table_lbt14" name="LBT14_variant_4_LOW_and_force_1_missing_both_baseline_and_post_baseline_then_force_the_missing_baseline_as_0_as_expected"/>
    <testcase time="4.90199999999999" classname="table_lbt14" name="LBT14_variant_5_HIGH_with_fillings_works_as_expected"/>
    <testcase time="2.63300000000001" classname="table_lbt14" name="LBT14_variant_5_HIGH_with_fillings_works_as_expected"/>
  </testsuite>
  <testsuite name="table_lbt15" timestamp="2025-02-20T01:16:54Z" hostname="24c1d5762d0b" tests="4" skipped="0" failures="0" errors="0" time="1.445">
    <testcase time="0.578999999999979" classname="table_lbt15" name="LBT15_variant_1_works_as_expected"/>
    <testcase time="0.190000000000026" classname="table_lbt15" name="LBT15_variant_1_works_as_expected"/>
    <testcase time="0.48599999999999" classname="table_lbt15" name="LBT15_variant_2_works_as_expected"/>
    <testcase time="0.189999999999998" classname="table_lbt15" name="LBT15_variant_2_works_as_expected"/>
  </testsuite>
  <testsuite name="table_lgrt02" timestamp="2025-02-20T01:16:55Z" hostname="24c1d5762d0b" tests="8" skipped="0" failures="0" errors="0" time="2.785">
    <testcase time="0.47999999999999" classname="table_lgrt02" name="LGRT02_without_interaction_term_is_produced_correctly"/>
    <testcase time="0.150000000000006" classname="table_lgrt02" name="LGRT02_without_interaction_term_is_produced_correctly"/>
    <testcase time="0.590000000000003" classname="table_lgrt02" name="LGRT02_with_categorical_interaction_is_produced_correctly"/>
    <testcase time="0.163999999999987" classname="table_lgrt02" name="LGRT02_with_categorical_interaction_is_produced_correctly"/>
    <testcase time="0.602000000000004" classname="table_lgrt02" name="LGRT02_with_continuous_interaction_is_produced_correctly"/>
    <testcase time="0.177999999999997" classname="table_lgrt02" name="LGRT02_with_continuous_interaction_is_produced_correctly"/>
    <testcase time="0.467000000000013" classname="table_lgrt02" name="LGRT02_with_setting_values_indicating_an_event_and_custom_alpha_level_is_produced_correctly"/>
    <testcase time="0.153999999999996" classname="table_lgrt02" name="LGRT02_with_setting_values_indicating_an_event_and_custom_alpha_level_is_produced_correctly"/>
  </testsuite>
  <testsuite name="table_mht01" timestamp="2025-02-20T01:16:58Z" hostname="24c1d5762d0b" tests="8" skipped="0" failures="0" errors="0" time="1.506">
    <testcase time="0.308999999999997" classname="table_mht01" name="MHT01_variant_1_is_produced_accurately"/>
    <testcase time="0.14100000000002" classname="table_mht01" name="MHT01_variant_1_is_produced_accurately"/>
    <testcase time="0.10299999999998" classname="table_mht01" name="MHT01_variant_2_is_produced_accurately"/>
    <testcase time="0.0699999999999932" classname="table_mht01" name="MHT01_variant_2_is_produced_accurately"/>
    <testcase time="0.260000000000019" classname="table_mht01" name="MHT01_variant_3_is_produced_accurately"/>
    <testcase time="0.128999999999991" classname="table_mht01" name="MHT01_variant_3_is_produced_accurately"/>
    <testcase time="0.347000000000008" classname="table_mht01" name="MHT01_variant_5_is_produced_accurately"/>
    <testcase time="0.146999999999991" classname="table_mht01" name="MHT01_variant_5_is_produced_accurately"/>
  </testsuite>
  <testsuite name="table_onct05" timestamp="2025-02-20T01:17:00Z" hostname="24c1d5762d0b" tests="10" skipped="0" failures="0" errors="0" time="2.676">
    <testcase time="0.447000000000003" classname="table_onct05" name="ONCT05_variant_1_Objective_Response_Rate_by_Subgroup_is_produced_correctly"/>
    <testcase time="0.128000000000014" classname="table_onct05" name="ONCT05_variant_1_Objective_Response_Rate_by_Subgroup_is_produced_correctly"/>
    <testcase time="0.461999999999989" classname="table_onct05" name="ONCT05_variant_2_Specifying_class_variables_is_produced_correctly"/>
    <testcase time="0.11699999999999" classname="table_onct05" name="ONCT05_variant_2_Specifying_class_variables_is_produced_correctly"/>
    <testcase time="0.207999999999998" classname="table_onct05" name="ONCT05_variant_3_selecting_columns_and_changing_the_alpha_level_is_produced_correctly"/>
    <testcase time="0.099000000000018" classname="table_onct05" name="ONCT05_variant_3_selecting_columns_and_changing_the_alpha_level_is_produced_correctly"/>
    <testcase time="0.455999999999989" classname="table_onct05" name="ONCT05_variant_4_setting_values_indicating_response_is_produced_correctly"/>
    <testcase time="0.114000000000004" classname="table_onct05" name="ONCT05_variant_4_setting_values_indicating_response_is_produced_correctly"/>
    <testcase time="0.507000000000005" classname="table_onct05" name="ONCT05_with_risk_difference_column_is_produced_correctly"/>
    <testcase time="0.138000000000005" classname="table_onct05" name="ONCT05_with_risk_difference_column_is_produced_correctly"/>
  </testsuite>
  <testsuite name="table_pdt01" timestamp="2025-02-20T01:17:02Z" hostname="24c1d5762d0b" tests="2" skipped="0" failures="0" errors="0" time="0.416">
    <testcase time="0.259999999999991" classname="table_pdt01" name="PDT01_is_produced_correctly"/>
    <testcase time="0.156000000000006" classname="table_pdt01" name="PDT01_is_produced_correctly"/>
  </testsuite>
  <testsuite name="table_pdt02" timestamp="2025-02-20T01:17:03Z" hostname="24c1d5762d0b" tests="2" skipped="0" failures="0" errors="0" time="0.244">
    <testcase time="0.156999999999982" classname="table_pdt02" name="PDT02_is_produced_correctly"/>
    <testcase time="0.0870000000000175" classname="table_pdt02" name="PDT02_is_produced_correctly"/>
  </testsuite>
  <testsuite name="table_pkct01" timestamp="2025-02-20T01:17:03Z" hostname="24c1d5762d0b" tests="10" skipped="0" failures="0" errors="0" time="3.31">
    <testcase time="0.259999999999991" classname="table_pkct01" name="PKCT01_is_produced_correctly"/>
    <testcase time="0.105999999999995" classname="table_pkct01" name="PKCT01_is_produced_correctly"/>
    <testcase time="0.131" classname="table_pkct01" name="PKCT01_is_produced_correctly"/>
    <testcase time="0.0740000000000123" classname="table_pkct01" name="PKCT01_is_produced_correctly"/>
    <testcase time="1.01300000000001" classname="table_pkct01" name="Specific_PKCT01_features_are_present"/>
    <testcase time="0.22399999999999" classname="table_pkct01" name="Specific_PKCT01_features_are_present"/>
    <testcase time="0.201999999999998" classname="table_pkct01" name="Specific_PKCT01_features_are_present"/>
    <testcase time="0.0029999999999859" classname="table_pkct01" name="Specific_PKCT01_features_are_present"/>
    <testcase time="0.713000000000022" classname="table_pkct01" name="Specific_PKCT01_features_are_present"/>
    <testcase time="0.584000000000003" classname="table_pkct01" name="Specific_PKCT01_features_are_present"/>
  </testsuite>
  <testsuite name="table_pkpt02" timestamp="2025-02-20T01:17:06Z" hostname="24c1d5762d0b" tests="2" skipped="0" failures="0" errors="0" time="0.59">
    <testcase time="0.34699999999998" classname="table_pkpt02" name="PKPT02_is_produced_correctly_for_Drug_X"/>
    <testcase time="0.242999999999995" classname="table_pkpt02" name="PKPT02_is_produced_correctly_for_Drug_X"/>
  </testsuite>
  <testsuite name="table_pkpt03" timestamp="2025-02-20T01:17:07Z" hostname="24c1d5762d0b" tests="2" skipped="0" failures="0" errors="0" time="1.16">
    <testcase time="0.962000000000018" classname="table_pkpt03" name="PKPT03_Drug_X_is_produced_correctly"/>
    <testcase time="0.198000000000008" classname="table_pkpt03" name="PKPT03_Drug_X_is_produced_correctly"/>
  </testsuite>
  <testsuite name="table_pkpt04" timestamp="2025-02-20T01:17:08Z" hostname="24c1d5762d0b" tests="2" skipped="0" failures="0" errors="0" time="0.199">
    <testcase time="0.111999999999995" classname="table_pkpt04" name="PKPT04_is_produced_correctly_for_Drug_X"/>
    <testcase time="0.0869999999999891" classname="table_pkpt04" name="PKPT04_is_produced_correctly_for_Drug_X"/>
  </testsuite>
  <testsuite name="table_pkpt05" timestamp="2025-02-20T01:17:08Z" hostname="24c1d5762d0b" tests="2" skipped="0" failures="0" errors="0" time="0.427">
    <testcase time="0.319000000000017" classname="table_pkpt05" name="PKPT05_Drug_X_is_produced_correctly"/>
    <testcase time="0.107999999999976" classname="table_pkpt05" name="PKPT05_Drug_X_is_produced_correctly"/>
  </testsuite>
  <testsuite name="table_pkpt06" timestamp="2025-02-20T01:17:09Z" hostname="24c1d5762d0b" tests="4" skipped="0" failures="0" errors="0" time="0.284">
    <testcase time="0.105000000000018" classname="table_pkpt06" name="PKPT06_is_produced_correctly_for_Drug_X"/>
    <testcase time="0.0689999999999884" classname="table_pkpt06" name="PKPT06_is_produced_correctly_for_Drug_X"/>
    <testcase time="0.0519999999999925" classname="table_pkpt06" name="PKPT06_is_produced_correctly_for_Drug_Y"/>
    <testcase time="0.0580000000000211" classname="table_pkpt06" name="PKPT06_is_produced_correctly_for_Drug_Y"/>
  </testsuite>
  <testsuite name="table_pkpt07" timestamp="2025-02-20T01:17:09Z" hostname="24c1d5762d0b" tests="4" skipped="0" failures="0" errors="0" time="0.566">
    <testcase time="0.224999999999994" classname="table_pkpt07" name="PKPT07_Drug_X_is_produced_correctly"/>
    <testcase time="0.117999999999995" classname="table_pkpt07" name="PKPT07_Drug_X_is_produced_correctly"/>
    <testcase time="0.114000000000004" classname="table_pkpt07" name="PKPT07_Drug_Y_is_produced_correctly"/>
    <testcase time="0.109000000000009" classname="table_pkpt07" name="PKPT07_Drug_Y_is_produced_correctly"/>
  </testsuite>
  <testsuite name="table_ratet01" timestamp="2025-02-20T01:17:09Z" hostname="24c1d5762d0b" tests="2" skipped="0" failures="0" errors="0" time="1.243">
    <testcase time="1.05799999999999" classname="table_ratet01" name="RATET01_is_produced_correctly"/>
    <testcase time="0.185000000000002" classname="table_ratet01" name="RATET01_is_produced_correctly"/>
  </testsuite>
  <testsuite name="table_rmpt01" timestamp="2025-02-20T01:17:11Z" hostname="24c1d5762d0b" tests="2" skipped="0" failures="0" errors="0" time="0.212">
    <testcase time="0.155000000000001" classname="table_rmpt01" name="RMPT01_is_produced_correctly"/>
    <testcase time="0.0569999999999879" classname="table_rmpt01" name="RMPT01_is_produced_correctly"/>
  </testsuite>
  <testsuite name="table_rmpt03" timestamp="2025-02-20T01:17:11Z" hostname="24c1d5762d0b" tests="4" skipped="0" failures="0" errors="0" time="0.552">
    <testcase time="0.213999999999999" classname="table_rmpt03" name="RMPT03_variant_1_is_produced_correctly"/>
    <testcase time="0.0819999999999936" classname="table_rmpt03" name="RMPT03_variant_1_is_produced_correctly"/>
    <testcase time="0.168000000000006" classname="table_rmpt03" name="RMPT03_variant_2_is_produced_correctly"/>
    <testcase time="0.0879999999999939" classname="table_rmpt03" name="RMPT03_variant_2_is_produced_correctly"/>
  </testsuite>
  <testsuite name="table_rmpt04" timestamp="2025-02-20T01:17:12Z" hostname="24c1d5762d0b" tests="2" skipped="0" failures="0" errors="0" time="0.208">
    <testcase time="0.15100000000001" classname="table_rmpt04" name="RMPT04_variant_1_is_produced_correctly"/>
    <testcase time="0.0569999999999879" classname="table_rmpt04" name="RMPT04_variant_1_is_produced_correctly"/>
  </testsuite>
  <testsuite name="table_rmpt05" timestamp="2025-02-20T01:17:12Z" hostname="24c1d5762d0b" tests="2" skipped="0" failures="0" errors="0" time="0.474">
    <testcase time="0.407000000000011" classname="table_rmpt05" name="RMPT05_is_produced_correctly"/>
    <testcase time="0.0670000000000073" classname="table_rmpt05" name="RMPT05_is_produced_correctly"/>
  </testsuite>
  <testsuite name="table_rmpt06" timestamp="2025-02-20T01:17:12Z" hostname="24c1d5762d0b" tests="8" skipped="0" failures="0" errors="0" time="1.456">
    <testcase time="0.294999999999987" classname="table_rmpt06" name="RMPT06_variant_1_is_produced_correctly"/>
    <testcase time="0.110000000000014" classname="table_rmpt06" name="RMPT06_variant_1_is_produced_correctly"/>
    <testcase time="0.194999999999993" classname="table_rmpt06" name="RMPT06_variant_2_is_produced_correctly"/>
    <testcase time="0.0799999999999841" classname="table_rmpt06" name="RMPT06_variant_2_is_produced_correctly"/>
    <testcase time="0.275000000000006" classname="table_rmpt06" name="RMPT06_variant_3_is_produced_correctly"/>
    <testcase time="0.117000000000019" classname="table_rmpt06" name="RMPT06_variant_3_is_produced_correctly"/>
    <testcase time="0.272999999999996" classname="table_rmpt06" name="RMPT06_variant_4_is_produced_correctly"/>
    <testcase time="0.11099999999999" classname="table_rmpt06" name="RMPT06_variant_4_is_produced_correctly"/>
  </testsuite>
  <testsuite name="table_rspt01" timestamp="2025-02-20T01:17:14Z" hostname="24c1d5762d0b" tests="12" skipped="0" failures="0" errors="0" time="2.214">
    <testcase time="0.25800000000001" classname="table_rspt01" name="RSPT01_1._Best_Overall_Response"/>
    <testcase time="0.119" classname="table_rspt01" name="RSPT01_1._Best_Overall_Response"/>
    <testcase time="0.22999999999999" classname="table_rspt01" name="RSPT01_2._Best_Overall_Response_selecting_sections_to_display_"/>
    <testcase time="0.103000000000009" classname="table_rspt01" name="RSPT01_2._Best_Overall_Response_selecting_sections_to_display_"/>
    <testcase time="0.295999999999992" classname="table_rspt01" name="RSPT01_3._Best_Overall_Response_modifying_settings_"/>
    <testcase time="0.102000000000004" classname="table_rspt01" name="RSPT01_3._Best_Overall_Response_modifying_settings_"/>
    <testcase time="0.323000000000008" classname="table_rspt01" name="RSPT01_4._Best_Overall_Response_with_stratified_analysis_"/>
    <testcase time="0.126999999999981" classname="table_rspt01" name="RSPT01_4._Best_Overall_Response_with_stratified_analysis_"/>
    <testcase time="0.248000000000019" classname="table_rspt01" name="RSPT01_5._Best_Overall_Response_modifying_the_definition_of_overall_response_"/>
    <testcase time="0.10899999999998" classname="table_rspt01" name="RSPT01_5._Best_Overall_Response_modifying_the_definition_of_overall_response_"/>
    <testcase time="0.201000000000022" classname="table_rspt01" name="RSPT01_6._Best_Overall_Response_define_new_sections_to_display_"/>
    <testcase time="0.0979999999999848" classname="table_rspt01" name="RSPT01_6._Best_Overall_Response_define_new_sections_to_display_"/>
  </testsuite>
  <testsuite name="table_ttet01" timestamp="2025-02-20T01:17:16Z" hostname="24c1d5762d0b" tests="14" skipped="0" failures="0" errors="0" time="3.326">
    <testcase time="0.396000000000015" classname="table_ttet01" name="TTET01_default_variant_is_produced_correctly"/>
    <testcase time="0.162999999999982" classname="table_ttet01" name="TTET01_default_variant_is_produced_correctly"/>
    <testcase time="0.382000000000005" classname="table_ttet01" name="TTET01_default_variant_with_Placebo_arm"/>
    <testcase time="0.157000000000011" classname="table_ttet01" name="TTET01_default_variant_with_Placebo_arm"/>
    <testcase time="0.211999999999989" classname="table_ttet01" name="TTET01_variant_2_selecting_sections_to_display"/>
    <testcase time="0.119" classname="table_ttet01" name="TTET01_variant_2_selecting_sections_to_display"/>
    <testcase time="0.299000000000007" classname="table_ttet01" name="TTET01_variant_3_modifying_analysis_details_like_conftype_ties_alpha_level"/>
    <testcase time="0.141999999999996" classname="table_ttet01" name="TTET01_variant_3_modifying_analysis_details_like_conftype_ties_alpha_level"/>
    <testcase time="0.347000000000008" classname="table_ttet01" name="TTET01_variant_4_with_stratified_analysis"/>
    <testcase time="0.155000000000001" classname="table_ttet01" name="TTET01_variant_4_with_stratified_analysis"/>
    <testcase time="0.296999999999997" classname="table_ttet01" name="TTET01_variant_5_modifying_time_point"/>
    <testcase time="0.140999999999991" classname="table_ttet01" name="TTET01_variant_5_modifying_time_point"/>
    <testcase time="0.36699999999999" classname="table_ttet01" name="TTET01_variant_6_requesting_more_than_one_p_value"/>
    <testcase time="0.149000000000001" classname="table_ttet01" name="TTET01_variant_6_requesting_more_than_one_p_value"/>
  </testsuite>
  <testsuite name="table_vst01" timestamp="2025-02-20T01:17:20Z" hostname="24c1d5762d0b" tests="2" skipped="0" failures="0" errors="0" time="2.109">
    <testcase time="1.708" classname="table_vst01" name="VST01_default_variant_is_produced_correctly"/>
    <testcase time="0.40100000000001" classname="table_vst01" name="VST01_default_variant_is_produced_correctly"/>
  </testsuite>
  <testsuite name="table_vst02" timestamp="2025-02-20T01:17:22Z" hostname="24c1d5762d0b" tests="4" skipped="0" failures="0" errors="0" time="1.544">
    <testcase time="1.101" classname="table_vst02" name="1._Vital_Sign_Abnormalities_Regardless_of_Abnormality_at_Baseline_VST02_1_"/>
    <testcase time="0.105999999999995" classname="table_vst02" name="1._Vital_Sign_Abnormalities_Regardless_of_Abnormality_at_Baseline_VST02_1_"/>
    <testcase time="0.242000000000019" classname="table_vst02" name="2._Vital_Sign_Abnormalities_Among_Subject_Without_Abnormality_at_Baseline_VST02_2_"/>
    <testcase time="0.0950000000000273" classname="table_vst02" name="2._Vital_Sign_Abnormalities_Among_Subject_Without_Abnormality_at_Baseline_VST02_2_"/>
  </testsuite>
</testsuites>
