<?xml version="1.0" encoding="UTF-8"?>
<testsuites>
  <testsuite name="listing_adal02" timestamp="2025-01-07T04:15:20Z" hostname="56de896564bf" tests="1" skipped="0" failures="0" errors="0" time="0.264">
    <testcase time="0.264" classname="listing_adal02" name="ADAL02_listing_is_produced_correctly"/>
  </testsuite>
  <testsuite name="listing_ael01" timestamp="2025-01-07T04:15:20Z" hostname="56de896564bf" tests="1" skipped="0" failures="0" errors="0" time="0.202">
    <testcase time="0.202" classname="listing_ael01" name="AEL01_listing_is_produced_correctly"/>
  </testsuite>
  <testsuite name="listing_ael01_nollt" timestamp="2025-01-07T04:15:21Z" hostname="56de896564bf" tests="1" skipped="0" failures="0" errors="0" time="0.075">
    <testcase time="0.0749999999999993" classname="listing_ael01_nollt" name="AEL01_NOLLT_listing_is_produced_correctly"/>
  </testsuite>
  <testsuite name="listing_ael02" timestamp="2025-01-07T04:15:21Z" hostname="56de896564bf" tests="1" skipped="0" failures="0" errors="0" time="0.296">
    <testcase time="0.296000000000001" classname="listing_ael02" name="AEL02_listing_is_produced_correctly"/>
  </testsuite>
  <testsuite name="listing_ael02_ed" timestamp="2025-01-07T04:15:21Z" hostname="56de896564bf" tests="1" skipped="0" failures="0" errors="0" time="0.34">
    <testcase time="0.34" classname="listing_ael02_ed" name="AEL02_ED_listing_is_produced_correctly"/>
  </testsuite>
  <testsuite name="listing_ael03" timestamp="2025-01-07T04:15:21Z" hostname="56de896564bf" tests="1" skipped="0" failures="0" errors="0" time="0.296">
    <testcase time="0.295999999999999" classname="listing_ael03" name="AEL03_listing_is_produced_correctly"/>
  </testsuite>
  <testsuite name="listing_ael04" timestamp="2025-01-07T04:15:22Z" hostname="56de896564bf" tests="1" skipped="0" failures="0" errors="0" time="0.205">
    <testcase time="0.205" classname="listing_ael04" name="AEL04_listing_is_produced_correctly"/>
  </testsuite>
  <testsuite name="listing_cml01" timestamp="2025-01-07T04:15:22Z" hostname="56de896564bf" tests="1" skipped="0" failures="0" errors="0" time="0.339">
    <testcase time="0.339" classname="listing_cml01" name="CML01_listing_is_produced_correctly"/>
  </testsuite>
  <testsuite name="listing_cml02a_gl" timestamp="2025-01-07T04:15:22Z" hostname="56de896564bf" tests="1" skipped="0" failures="0" errors="0" time="0.116">
    <testcase time="0.116" classname="listing_cml02a_gl" name="CML02A_GL_listing_is_produced_correctly"/>
  </testsuite>
  <testsuite name="listing_cml02b_gl" timestamp="2025-01-07T04:15:22Z" hostname="56de896564bf" tests="1" skipped="0" failures="0" errors="0" time="0.176">
    <testcase time="0.176" classname="listing_cml02b_gl" name="CML02B_GL_listing_is_produced_correctly"/>
  </testsuite>
  <testsuite name="listing_dsl01" timestamp="2025-01-07T04:15:22Z" hostname="56de896564bf" tests="1" skipped="0" failures="0" errors="0" time="0.184">
    <testcase time="0.183999999999999" classname="listing_dsl01" name="DSL01_listing_is_produced_correctly"/>
  </testsuite>
  <testsuite name="listing_dsl02" timestamp="2025-01-07T04:15:23Z" hostname="56de896564bf" tests="1" skipped="0" failures="0" errors="0" time="0.075">
    <testcase time="0.0750000000000011" classname="listing_dsl02" name="DSL02_listing_is_produced_correctly"/>
  </testsuite>
  <testsuite name="listing_dsur4" timestamp="2025-01-07T04:15:23Z" hostname="56de896564bf" tests="1" skipped="0" failures="0" errors="0" time="0.113">
    <testcase time="0.113" classname="listing_dsur4" name="DSUR4_listing_is_produced_correctly"/>
  </testsuite>
  <testsuite name="listing_egl01" timestamp="2025-01-07T04:15:23Z" hostname="56de896564bf" tests="1" skipped="0" failures="0" errors="0" time="0.414">
    <testcase time="0.414" classname="listing_egl01" name="EGL01_listing_is_produced_correctly"/>
  </testsuite>
  <testsuite name="listing_exl01" timestamp="2025-01-07T04:15:23Z" hostname="56de896564bf" tests="1" skipped="0" failures="0" errors="0" time="0.23">
    <testcase time="0.23" classname="listing_exl01" name="EXL01_listing_is_produced_correctly"/>
  </testsuite>
  <testsuite name="listing_lbl01" timestamp="2025-01-07T04:15:23Z" hostname="56de896564bf" tests="1" skipped="0" failures="0" errors="0" time="0.524">
    <testcase time="0.523999999999999" classname="listing_lbl01" name="LBL01_listing_is_produced_correctly"/>
  </testsuite>
  <testsuite name="listing_lbl01_rls" timestamp="2025-01-07T04:15:24Z" hostname="56de896564bf" tests="1" skipped="0" failures="0" errors="0" time="0.527">
    <testcase time="0.527000000000001" classname="listing_lbl01_rls" name="LBL01_RLS_listing_is_produced_correctly"/>
  </testsuite>
  <testsuite name="listing_lbl02a" timestamp="2025-01-07T04:15:25Z" hostname="56de896564bf" tests="1" skipped="0" failures="0" errors="0" time="0.258">
    <testcase time="0.257999999999999" classname="listing_lbl02a" name="LBL02A_listing_is_produced_correctly"/>
  </testsuite>
  <testsuite name="listing_lbl02a_rls" timestamp="2025-01-07T04:15:25Z" hostname="56de896564bf" tests="1" skipped="0" failures="0" errors="0" time="0.849">
    <testcase time="0.849" classname="listing_lbl02a_rls" name="LBL02A_RLS_listing_is_produced_correctly"/>
  </testsuite>
  <testsuite name="listing_lbl02b" timestamp="2025-01-07T04:15:26Z" hostname="56de896564bf" tests="1" skipped="0" failures="0" errors="0" time="0.293">
    <testcase time="0.293000000000001" classname="listing_lbl02b" name="LBL02B_listing_is_produced_correctly"/>
  </testsuite>
  <testsuite name="listing_mhl01" timestamp="2025-01-07T04:15:26Z" hostname="56de896564bf" tests="1" skipped="0" failures="0" errors="0" time="0.25">
    <testcase time="0.25" classname="listing_mhl01" name="MHL01_listing_is_produced_correctly"/>
  </testsuite>
  <testsuite name="listing_oncl01" timestamp="2025-01-07T04:15:26Z" hostname="56de896564bf" tests="1" skipped="0" failures="0" errors="0" time="0.253">
    <testcase time="0.253" classname="listing_oncl01" name="ONCL01_listing_is_produced_correctly"/>
  </testsuite>
  <testsuite name="listing_pkcl01" timestamp="2025-01-07T04:15:26Z" hostname="56de896564bf" tests="1" skipped="0" failures="0" errors="0" time="0.194">
    <testcase time="0.193999999999999" classname="listing_pkcl01" name="PKCL01_listing_is_produced_correctly"/>
  </testsuite>
  <testsuite name="listing_pkcl02" timestamp="2025-01-07T04:15:27Z" hostname="56de896564bf" tests="1" skipped="0" failures="0" errors="0" time="0.203">
    <testcase time="0.203000000000001" classname="listing_pkcl02" name="PKCL02_listing_is_produced_correctly"/>
  </testsuite>
  <testsuite name="listing_pkpl01" timestamp="2025-01-07T04:15:27Z" hostname="56de896564bf" tests="1" skipped="0" failures="0" errors="0" time="0.239">
    <testcase time="0.238999999999999" classname="listing_pkpl01" name="PKPL01_listing_is_produced_correctly"/>
  </testsuite>
  <testsuite name="listing_pkpl02" timestamp="2025-01-07T04:15:27Z" hostname="56de896564bf" tests="1" skipped="0" failures="0" errors="0" time="0.154">
    <testcase time="0.154" classname="listing_pkpl02" name="PKPL02_listing_is_produced_correctly"/>
  </testsuite>
  <testsuite name="listing_pkpl04" timestamp="2025-01-07T04:15:27Z" hostname="56de896564bf" tests="1" skipped="0" failures="0" errors="0" time="0.209">
    <testcase time="0.209000000000001" classname="listing_pkpl04" name="PKPL04_listing_is_produced_correctly"/>
  </testsuite>
  <testsuite name="listing_vsl01" timestamp="2025-01-07T04:15:27Z" hostname="56de896564bf" tests="1" skipped="0" failures="0" errors="0" time="0.429">
    <testcase time="0.428999999999998" classname="listing_vsl01" name="VSL01_listing_is_produced_correctly"/>
  </testsuite>
  <testsuite name="pagination_listing" timestamp="2025-01-07T04:15:28Z" hostname="56de896564bf" tests="13" skipped="0" failures="0" errors="0" time="5.776">
    <testcase time="0.0310000000000006" classname="pagination_listing" name="Direct_pagination_works_fine"/>
    <testcase time="0.966999999999999" classname="pagination_listing" name="Direct_pagination_works_fine"/>
    <testcase time="0.00300000000000011" classname="pagination_listing" name="Direct_pagination_works_fine"/>
    <testcase time="0.883000000000003" classname="pagination_listing" name="Direct_pagination_works_fine"/>
    <testcase time="1.224" classname="pagination_listing" name="Direct_pagination_works_fine"/>
    <testcase time="1.307" classname="pagination_listing" name="pagination_counts_the_right_number_of_lines_when_wrapping_on_keycols_is_present"/>
    <testcase time="0.00499999999999901" classname="pagination_listing" name="pagination_counts_the_right_number_of_lines_when_wrapping_on_keycols_is_present"/>
    <testcase time="0.00499999999999901" classname="pagination_listing" name="pagination_counts_the_right_number_of_lines_when_wrapping_on_keycols_is_present"/>
    <testcase time="0.00300000000000011" classname="pagination_listing" name="pagination_counts_the_right_number_of_lines_when_wrapping_on_keycols_is_present"/>
    <testcase time="1.335" classname="pagination_listing" name="pagination_counts_the_right_number_of_lines_when_wrapping_on_keycols_is_present"/>
    <testcase time="0.00499999999999901" classname="pagination_listing" name="pagination_counts_the_right_number_of_lines_when_wrapping_on_keycols_is_present"/>
    <testcase time="0.00400000000000134" classname="pagination_listing" name="pagination_counts_the_right_number_of_lines_when_wrapping_on_keycols_is_present"/>
    <testcase time="0.00399999999999778" classname="pagination_listing" name="pagination_counts_the_right_number_of_lines_when_wrapping_on_keycols_is_present"/>
  </testsuite>
  <testsuite name="pagination_table" timestamp="2025-01-07T04:15:35Z" hostname="56de896564bf" tests="30" skipped="0" failures="0" errors="0" time="14.169">
    <testcase time="1.823" classname="pagination_table" name="Direct_pagination_with_standard_values"/>
    <testcase time="0.00400000000000134" classname="pagination_table" name="Direct_pagination_with_standard_values"/>
    <testcase time="0.00400000000000134" classname="pagination_table" name="Direct_pagination_with_standard_values"/>
    <testcase time="1.431" classname="pagination_table" name="Pagination_with_specific_column_widths_and_minimum_lines_per_page"/>
    <testcase time="0.00300000000000011" classname="pagination_table" name="Pagination_with_specific_column_widths_and_minimum_lines_per_page"/>
    <testcase time="0.120000000000001" classname="pagination_table" name="Pagination_with_specific_column_widths_and_minimum_lines_per_page"/>
    <testcase time="0.922000000000001" classname="pagination_table" name="Pagination_works_also_if_table_is_decorated"/>
    <testcase time="0.518999999999998" classname="pagination_table" name="Pagination_works_also_if_table_is_decorated"/>
    <testcase time="0.803000000000001" classname="pagination_table" name="Pagination_works_also_if_table_is_decorated"/>
    <testcase time="0.651" classname="pagination_table" name="Pagination_works_also_if_table_is_decorated"/>
    <testcase time="1.335" classname="pagination_table" name="Pagination_works_also_if_table_is_decorated"/>
    <testcase time="0.309000000000001" classname="pagination_table" name="Pagination_works_also_if_table_is_decorated"/>
    <testcase time="0.00300000000000011" classname="pagination_table" name="Pagination_works_also_if_table_is_decorated"/>
    <testcase time="0.0219999999999985" classname="pagination_table" name="Pagination_works_also_if_table_is_decorated"/>
    <testcase time="0.145" classname="pagination_table" name="Pagination_works_also_if_table_is_decorated"/>
    <testcase time="0.0869999999999997" classname="pagination_table" name="Pagination_works_also_if_table_is_decorated"/>
    <testcase time="0.699000000000002" classname="pagination_table" name="Pagination_works_for_page_types"/>
    <testcase time="0.0869999999999997" classname="pagination_table" name="Pagination_works_for_page_types"/>
    <testcase time="0.695" classname="pagination_table" name="Pagination_works_for_page_types"/>
    <testcase time="0.0850000000000009" classname="pagination_table" name="Pagination_works_for_page_types"/>
    <testcase time="0.654" classname="pagination_table" name="Pagination_works_for_page_types"/>
    <testcase time="0.404" classname="pagination_table" name="Pagination_works_for_page_types"/>
    <testcase time="0.700999999999997" classname="pagination_table" name="Pagination_works_for_page_width_and_height"/>
    <testcase time="0.132000000000005" classname="pagination_table" name="Pagination_works_for_page_width_and_height"/>
    <testcase time="0.798999999999999" classname="pagination_table" name="Pagination_works_for_page_types"/>
    <testcase time="0.160999999999994" classname="pagination_table" name="Pagination_works_for_page_types"/>
    <testcase time="0.807000000000002" classname="pagination_table" name="AET04_variant_2_page_by_pagination_tests"/>
    <testcase time="0.608000000000004" classname="pagination_table" name="AET04_variant_2_page_by_pagination_tests"/>
    <testcase time="0.00199999999999534" classname="pagination_table" name="AET04_variant_2_page_by_pagination_tests"/>
    <testcase time="0.154000000000003" classname="pagination_table" name="AET04_variant_2_page_by_pagination_tests"/>
  </testsuite>
  <testsuite name="table_adat03" timestamp="2025-01-07T04:15:48Z" hostname="56de896564bf" tests="2" skipped="0" failures="0" errors="0" time="0.54">
    <testcase time="0.413999999999994" classname="table_adat03" name="ADAT03_is_produced_correctly"/>
    <testcase time="0.126000000000005" classname="table_adat03" name="ADAT03_is_produced_correctly"/>
  </testsuite>
  <testsuite name="table_aet01" timestamp="2025-01-07T04:15:48Z" hostname="56de896564bf" tests="8" skipped="0" failures="0" errors="0" time="1.752">
    <testcase time="0.360999999999997" classname="table_aet01" name="Safety_Summary_Variant_1_works_as_expected"/>
    <testcase time="0.103000000000002" classname="table_aet01" name="Safety_Summary_Variant_1_works_as_expected"/>
    <testcase time="0.329999999999998" classname="table_aet01" name="Safety_Summary_Variant_2_with_Medical_Concepts_Section_works_as_expected"/>
    <testcase time="0.115000000000002" classname="table_aet01" name="Safety_Summary_Variant_2_with_Medical_Concepts_Section_works_as_expected"/>
    <testcase time="0.256" classname="table_aet01" name="Safety_Summary_Variant_3_with_Modified_Rows_works_as_expected"/>
    <testcase time="0.101999999999997" classname="table_aet01" name="Safety_Summary_Variant_3_with_Modified_Rows_works_as_expected"/>
    <testcase time="0.353000000000002" classname="table_aet01" name="Safety_Summary_Variant_4_with_Rows_Counting_Events_and_Additional_Sections_works_as_expected"/>
    <testcase time="0.131999999999998" classname="table_aet01" name="Safety_Summary_Variant_4_with_Rows_Counting_Events_and_Additional_Sections_works_as_expected"/>
  </testsuite>
  <testsuite name="table_aet01_aesi" timestamp="2025-01-07T04:15:50Z" hostname="56de896564bf" tests="8" skipped="0" failures="0" errors="0" time="2.631">
    <testcase time="0.270000000000003" classname="table_aet01_aesi" name="AET01_AESI_Variant_1_works_as_expected"/>
    <testcase time="0.110999999999997" classname="table_aet01_aesi" name="AET01_AESI_Variant_1_works_as_expected"/>
    <testcase time="0.443000000000005" classname="table_aet01_aesi" name="AET01_AESI_Variant_2_works_as_expected"/>
    <testcase time="0.155000000000001" classname="table_aet01_aesi" name="AET01_AESI_Variant_2_works_as_expected"/>
    <testcase time="0.653999999999996" classname="table_aet01_aesi" name="AET01_AESI_Variant_3_works_as_expected"/>
    <testcase time="0.215000000000003" classname="table_aet01_aesi" name="AET01_AESI_Variant_3_works_as_expected"/>
    <testcase time="0.555999999999997" classname="table_aet01_aesi" name="AET01_AESI_Variant_4_works_as_expected"/>
    <testcase time="0.226999999999997" classname="table_aet01_aesi" name="AET01_AESI_Variant_4_works_as_expected"/>
  </testsuite>
  <testsuite name="table_aet02" timestamp="2025-01-07T04:15:53Z" hostname="56de896564bf" tests="26" skipped="0" failures="0" errors="0" time="8.053">
    <testcase time="0.555000000000007" classname="table_aet02" name="AET02_variant_1_is_produced_correctly"/>
    <testcase time="0.183999999999997" classname="table_aet02" name="AET02_variant_1_is_produced_correctly"/>
    <testcase time="0.435000000000002" classname="table_aet02" name="AET02_variant_1_is_produced_correctly"/>
    <testcase time="0.101999999999997" classname="table_aet02" name="AET02_variant_1_is_produced_correctly"/>
    <testcase time="0.853000000000002" classname="table_aet02" name="AET02_variant_2_is_produced_correctly"/>
    <testcase time="0.174999999999997" classname="table_aet02" name="AET02_variant_2_is_produced_correctly"/>
    <testcase time="0.856000000000002" classname="table_aet02" name="AET02_variant_3_is_produced_correctly"/>
    <testcase time="0.283000000000001" classname="table_aet02" name="AET02_variant_3_is_produced_correctly"/>
    <testcase time="0.117999999999995" classname="table_aet02" name="AET02_variant_4_is_produced_correctly"/>
    <testcase time="0.0990000000000038" classname="table_aet02" name="AET02_variant_4_is_produced_correctly"/>
    <testcase time="0.380000000000003" classname="table_aet02" name="AET02_variant_5_is_produced_correctly"/>
    <testcase time="0.155999999999999" classname="table_aet02" name="AET02_variant_5_is_produced_correctly"/>
    <testcase time="0.366999999999997" classname="table_aet02" name="AET02_variant_6_is_produced_correctly"/>
    <testcase time="0.103999999999999" classname="table_aet02" name="AET02_variant_6_is_produced_correctly"/>
    <testcase time="0.891000000000005" classname="table_aet02" name="AET02_variant_7_is_produced_correctly"/>
    <testcase time="0.135999999999996" classname="table_aet02" name="AET02_variant_7_is_produced_correctly"/>
    <testcase time="0.383000000000003" classname="table_aet02" name="AET02_variant_8_is_produced_correctly"/>
    <testcase time="0.0820000000000007" classname="table_aet02" name="AET02_variant_8_is_produced_correctly"/>
    <testcase time="0.375" classname="table_aet02" name="AET02_variant_9_is_produced_correctly"/>
    <testcase time="0.105999999999995" classname="table_aet02" name="AET02_variant_9_is_produced_correctly"/>
    <testcase time="0.382000000000005" classname="table_aet02" name="AET02_variant_10_is_produced_correctly"/>
    <testcase time="0.0940000000000012" classname="table_aet02" name="AET02_variant_10_is_produced_correctly"/>
    <testcase time="0.382999999999996" classname="table_aet02" name="AET02_variant_11_is_produced_correctly"/>
    <testcase time="0.0810000000000031" classname="table_aet02" name="AET02_variant_11_is_produced_correctly"/>
    <testcase time="0.393000000000001" classname="table_aet02" name="AET02_variant_12_is_produced_correctly"/>
    <testcase time="0.0799999999999983" classname="table_aet02" name="AET02_variant_12_is_produced_correctly"/>
  </testsuite>
  <testsuite name="table_aet02_smq" timestamp="2025-01-07T04:16:01Z" hostname="56de896564bf" tests="4" skipped="0" failures="0" errors="0" time="0.436">
    <testcase time="0.119" classname="table_aet02_smq" name="AET02SMQ_variant_1_is_produced_correctly"/>
    <testcase time="0.070999999999998" classname="table_aet02_smq" name="AET02SMQ_variant_1_is_produced_correctly"/>
    <testcase time="0.152999999999999" classname="table_aet02_smq" name="AET02SMQ_variant_2_is_produced_correctly"/>
    <testcase time="0.0930000000000035" classname="table_aet02_smq" name="AET02SMQ_variant_2_is_produced_correctly"/>
  </testsuite>
  <testsuite name="table_aet03" timestamp="2025-01-07T04:16:01Z" hostname="56de896564bf" tests="6" skipped="0" failures="0" errors="0" time="4.803">
    <testcase time="1.095" classname="table_aet03" name="AET03_variant_1_is_produced_correctly"/>
    <testcase time="0.414000000000001" classname="table_aet03" name="AET03_variant_1_is_produced_correctly"/>
    <testcase time="1.367" classname="table_aet03" name="AET03_variant_1_is_produced_correctly"/>
    <testcase time="0.661999999999999" classname="table_aet03" name="AET03_variant_1_is_produced_correctly"/>
    <testcase time="1.054" classname="table_aet03" name="AET03_variant_1_is_produced_correctly"/>
    <testcase time="0.210999999999999" classname="table_aet03" name="AET03_variant_1_is_produced_correctly"/>
  </testsuite>
  <testsuite name="table_aet04" timestamp="2025-01-07T04:16:07Z" hostname="56de896564bf" tests="30" skipped="0" failures="0" errors="0" time="12.342">
    <testcase time="0.725000000000001" classname="table_aet04" name="AET04_variant_1_is_produced_correctly"/>
    <testcase time="0.323" classname="table_aet04" name="AET04_variant_1_is_produced_correctly"/>
    <testcase time="0.768000000000001" classname="table_aet04" name="AET04_variant_1_is_produced_correctly"/>
    <testcase time="0.0459999999999994" classname="table_aet04" name="AET04_variant_1_is_produced_correctly"/>
    <testcase time="0.0390000000000015" classname="table_aet04" name="AET04_variant_1_is_produced_correctly"/>
    <testcase time="0.658999999999999" classname="table_aet04" name="AET04_variant_2_is_produced_correctly_Fill_in_of_Treatment_Groups_"/>
    <testcase time="0.283000000000001" classname="table_aet04" name="AET04_variant_2_is_produced_correctly_Fill_in_of_Treatment_Groups_"/>
    <testcase time="0.701999999999998" classname="table_aet04" name="AET04_variant_2_is_produced_correctly_Fill_in_of_Treatment_Groups_"/>
    <testcase time="0.0390000000000015" classname="table_aet04" name="AET04_variant_2_is_produced_correctly_Fill_in_of_Treatment_Groups_"/>
    <testcase time="0.036999999999999" classname="table_aet04" name="AET04_variant_2_is_produced_correctly_Fill_in_of_Treatment_Groups_"/>
    <testcase time="0.700000000000003" classname="table_aet04" name="AET04_variant_3_is_produced_correctly_Fill_in_of_Grades_"/>
    <testcase time="0.350999999999999" classname="table_aet04" name="AET04_variant_3_is_produced_correctly_Fill_in_of_Grades_"/>
    <testcase time="0.811" classname="table_aet04" name="AET04_variant_3_is_produced_correctly_Fill_in_of_Grades_"/>
    <testcase time="0.0489999999999995" classname="table_aet04" name="AET04_variant_3_is_produced_correctly_Fill_in_of_Grades_"/>
    <testcase time="0.046999999999997" classname="table_aet04" name="AET04_variant_3_is_produced_correctly_Fill_in_of_Grades_"/>
    <testcase time="0.704000000000001" classname="table_aet04" name="AET04_variant_4_is_produced_correctly_Collapsing_of_Grades_grades_1_2_grades_3_4_5_"/>
    <testcase time="0.323" classname="table_aet04" name="AET04_variant_4_is_produced_correctly_Collapsing_of_Grades_grades_1_2_grades_3_4_5_"/>
    <testcase time="0.93" classname="table_aet04" name="AET04_variant_4_is_produced_correctly_Collapsing_of_Grades_grades_1_2_grades_3_4_5_"/>
    <testcase time="0.661000000000001" classname="table_aet04" name="AET04_variant_6_is_produced_correctly_with_an_Incidence_Rate_of_at_Least_5_totals_restricted_"/>
    <testcase time="0.298000000000002" classname="table_aet04" name="AET04_variant_6_is_produced_correctly_with_an_Incidence_Rate_of_at_Least_5_totals_restricted_"/>
    <testcase time="0.713000000000001" classname="table_aet04" name="AET04_variant_6_is_produced_correctly_with_an_Incidence_Rate_of_at_Least_5_totals_restricted_"/>
    <testcase time="0.00999999999999801" classname="table_aet04" name="AET04_variant_8_is_produced_correctly_with_an_Incidence_Rate_of_at_Least_X_Patients_"/>
    <testcase time="0.295999999999999" classname="table_aet04" name="AET04_variant_8_is_produced_correctly_with_an_Incidence_Rate_of_at_Least_X_Patients_"/>
    <testcase time="0.741999999999997" classname="table_aet04" name="AET04_variant_8_is_produced_correctly_with_an_Incidence_Rate_of_at_Least_X_Patients_"/>
    <testcase time="0.0100000000000051" classname="table_aet04" name="AET04_variant_9_is_produced_correctly_with_a_Difference_in_Incidence_Rate_of_at_Least_X_"/>
    <testcase time="0.303999999999995" classname="table_aet04" name="AET04_variant_9_is_produced_correctly_with_a_Difference_in_Incidence_Rate_of_at_Least_X_"/>
    <testcase time="0.728000000000009" classname="table_aet04" name="AET04_variant_9_is_produced_correctly_with_a_Difference_in_Incidence_Rate_of_at_Least_X_"/>
    <testcase time="0.00900000000000034" classname="table_aet04" name="AET04_variant_11_is_produced_correctly_with_Incidence_Rate_of_at_Least_X_all_SOCs_w_o_preferred_terms_removed_"/>
    <testcase time="0.303999999999988" classname="table_aet04" name="AET04_variant_11_is_produced_correctly_with_Incidence_Rate_of_at_Least_X_all_SOCs_w_o_preferred_terms_removed_"/>
    <testcase time="0.731000000000009" classname="table_aet04" name="AET04_variant_11_is_produced_correctly_with_Incidence_Rate_of_at_Least_X_all_SOCs_w_o_preferred_terms_removed_"/>
  </testsuite>
  <testsuite name="table_aet04_pi" timestamp="2025-01-07T04:16:18Z" hostname="56de896564bf" tests="18" skipped="0" failures="0" errors="0" time="6.379">
    <testcase time="0.543999999999997" classname="table_aet04_pi" name="AET04_PI_full_table_is_produced_correctly"/>
    <testcase time="0.221999999999994" classname="table_aet04_pi" name="AET04_PI_full_table_is_produced_correctly"/>
    <testcase time="0.579000000000008" classname="table_aet04_pi" name="AET04_PI_variant_1_is_produced_correctly"/>
    <testcase time="0.171999999999997" classname="table_aet04_pi" name="AET04_PI_variant_1_is_produced_correctly"/>
    <testcase time="0.576999999999998" classname="table_aet04_pi" name="AET04_PI_variant_2_is_produced_correctly"/>
    <testcase time="0.118000000000009" classname="table_aet04_pi" name="AET04_PI_variant_2_is_produced_correctly"/>
    <testcase time="0.571999999999989" classname="table_aet04_pi" name="AET04_PI_variant_3_is_produced_correctly"/>
    <testcase time="0.13600000000001" classname="table_aet04_pi" name="AET04_PI_variant_3_is_produced_correctly"/>
    <testcase time="0.574999999999989" classname="table_aet04_pi" name="AET04_PI_variant_4_is_produced_correctly"/>
    <testcase time="0.0940000000000083" classname="table_aet04_pi" name="AET04_PI_variant_4_is_produced_correctly"/>
    <testcase time="0.587000000000003" classname="table_aet04_pi" name="AET04_PI_variant_5_is_produced_correctly"/>
    <testcase time="0.155999999999992" classname="table_aet04_pi" name="AET04_PI_variant_5_is_produced_correctly"/>
    <testcase time="0.716000000000008" classname="table_aet04_pi" name="AET04_PI_variant_6_is_produced_correctly"/>
    <testcase time="0.156999999999996" classname="table_aet04_pi" name="AET04_PI_variant_6_is_produced_correctly"/>
    <testcase time="0.713999999999999" classname="table_aet04_pi" name="AET04_PI_variant_7_is_produced_correctly"/>
    <testcase time="0.156999999999996" classname="table_aet04_pi" name="AET04_PI_variant_7_is_produced_correctly"/>
    <testcase time="0.173000000000002" classname="table_aet04_pi" name="AET04_PI_variant_8_is_produced_correctly"/>
    <testcase time="0.129999999999995" classname="table_aet04_pi" name="AET04_PI_variant_8_is_produced_correctly"/>
  </testsuite>
  <testsuite name="table_aet05" timestamp="2025-01-07T04:16:25Z" hostname="56de896564bf" tests="4" skipped="0" failures="0" errors="0" time="0.276">
    <testcase time="0.0900000000000034" classname="table_aet05" name="AET05_variant_1_is_produced_correctly"/>
    <testcase time="0.0600000000000023" classname="table_aet05" name="AET05_variant_1_is_produced_correctly"/>
    <testcase time="0.0559999999999974" classname="table_aet05" name="AET05_variant_2_is_produced_correctly"/>
    <testcase time="0.0700000000000074" classname="table_aet05" name="AET05_variant_2_is_produced_correctly"/>
  </testsuite>
  <testsuite name="table_aet05_all" timestamp="2025-01-07T04:16:25Z" hostname="56de896564bf" tests="4" skipped="0" failures="0" errors="0" time="0.303">
    <testcase time="0.10199999999999" classname="table_aet05_all" name="AET05_ALL_variant_1_is_produced_correctly"/>
    <testcase time="0.0700000000000074" classname="table_aet05_all" name="AET05_ALL_variant_1_is_produced_correctly"/>
    <testcase time="0.0559999999999974" classname="table_aet05_all" name="AET05_ALL_variant_2_is_produced_correctly"/>
    <testcase time="0.0750000000000028" classname="table_aet05_all" name="AET05_ALL_variant_2_is_produced_correctly"/>
  </testsuite>
  <testsuite name="table_aet06" timestamp="2025-01-07T04:16:25Z" hostname="56de896564bf" tests="6" skipped="0" failures="0" errors="0" time="3.807">
    <testcase time="0.576999999999998" classname="table_aet06" name="AET06_variant_1_is_produced_correctly"/>
    <testcase time="0.239000000000004" classname="table_aet06" name="AET06_variant_1_is_produced_correctly"/>
    <testcase time="0.967999999999989" classname="table_aet06" name="AET06_variant_3_is_produced_correctly"/>
    <testcase time="0.351000000000013" classname="table_aet06" name="AET06_variant_3_is_produced_correctly"/>
    <testcase time="1.26199999999999" classname="table_aet06" name="AET06_variant_5_is_produced_correctly"/>
    <testcase time="0.410000000000011" classname="table_aet06" name="AET06_variant_5_is_produced_correctly"/>
  </testsuite>
  <testsuite name="table_aet06_smq" timestamp="2025-01-07T04:16:29Z" hostname="56de896564bf" tests="4" skipped="0" failures="0" errors="0" time="1.02">
    <testcase time="0.359999999999999" classname="table_aet06_smq" name="AET06_SMQ_variant_1_is_produced_correctly"/>
    <testcase time="0.149000000000001" classname="table_aet06_smq" name="AET06_SMQ_variant_1_is_produced_correctly"/>
    <testcase time="0.361999999999995" classname="table_aet06_smq" name="AET06_SMQ_variant_2_is_produced_correctly"/>
    <testcase time="0.149000000000001" classname="table_aet06_smq" name="AET06_SMQ_variant_2_is_produced_correctly"/>
  </testsuite>
  <testsuite name="table_aet07" timestamp="2025-01-07T04:16:30Z" hostname="56de896564bf" tests="4" skipped="0" failures="0" errors="0" time="0.221">
    <testcase time="0.0660000000000025" classname="table_aet07" name="AET07_variant_1_is_produced_correctly"/>
    <testcase time="0.0429999999999922" classname="table_aet07" name="AET07_variant_1_is_produced_correctly"/>
    <testcase time="0.0550000000000068" classname="table_aet07" name="AET07_variant_2_is_produced_correctly"/>
    <testcase time="0.0570000000000022" classname="table_aet07" name="AET07_variant_2_is_produced_correctly"/>
  </testsuite>
  <testsuite name="table_aet09" timestamp="2025-01-07T04:16:30Z" hostname="56de896564bf" tests="4" skipped="0" failures="0" errors="0" time="2.135">
    <testcase time="0.546999999999997" classname="table_aet09" name="AET09_variant_1_is_produced_correctly_AE_related_to_study_drug"/>
    <testcase time="0.194000000000003" classname="table_aet09" name="AET09_variant_1_is_produced_correctly_AE_related_to_study_drug"/>
    <testcase time="1.10899999999999" classname="table_aet09" name="AET09_variant_2_is_produced_correctly_AE_related_to_study_drug_including_high_level_terms_"/>
    <testcase time="0.284999999999997" classname="table_aet09" name="AET09_variant_2_is_produced_correctly_AE_related_to_study_drug_including_high_level_terms_"/>
  </testsuite>
  <testsuite name="table_aet09_smq" timestamp="2025-01-07T04:16:33Z" hostname="56de896564bf" tests="4" skipped="0" failures="0" errors="0" time="0.489">
    <testcase time="0.120000000000005" classname="table_aet09_smq" name="AET09_variant_1_AEs_related_to_study_drug_by_SMQ_is_produced_correctly"/>
    <testcase time="0.0739999999999981" classname="table_aet09_smq" name="AET09_variant_1_AEs_related_to_study_drug_by_SMQ_is_produced_correctly"/>
    <testcase time="0.194000000000003" classname="table_aet09_smq" name="AET09_variant_2_AEs_related_to_study_drug_by_SMQ_with_customized_queries_is_produced_correctly"/>
    <testcase time="0.100999999999999" classname="table_aet09_smq" name="AET09_variant_2_AEs_related_to_study_drug_by_SMQ_with_customized_queries_is_produced_correctly"/>
  </testsuite>
  <testsuite name="table_aet10" timestamp="2025-01-07T04:16:33Z" hostname="56de896564bf" tests="2" skipped="0" failures="0" errors="0" time="0.16">
    <testcase time="0.0960000000000036" classname="table_aet10" name="AET10_default_variant_is_produced_correctly"/>
    <testcase time="0.063999999999993" classname="table_aet10" name="AET10_default_variant_is_produced_correctly"/>
  </testsuite>
  <testsuite name="table_aovt01" timestamp="2025-01-07T04:16:33Z" hostname="56de896564bf" tests="4" skipped="0" failures="0" errors="0" time="1.141">
    <testcase time="0.344000000000008" classname="table_aovt01" name="AOVT01_variant_with_single_endpoint_is_produced_correctly"/>
    <testcase time="0.0879999999999939" classname="table_aovt01" name="AOVT01_variant_with_single_endpoint_is_produced_correctly"/>
    <testcase time="0.555999999999997" classname="table_aovt01" name="AOVT01_variant_with_multiple_endpoints_is_produced_correctly"/>
    <testcase time="0.153000000000006" classname="table_aovt01" name="AOVT01_variant_with_multiple_endpoints_is_produced_correctly"/>
  </testsuite>
  <testsuite name="table_aovt02" timestamp="2025-01-07T04:16:34Z" hostname="56de896564bf" tests="2" skipped="0" failures="0" errors="0" time="0.387">
    <testcase time="0.298000000000002" classname="table_aovt02" name="AOVT02_is_produced_correctly"/>
    <testcase time="0.0889999999999986" classname="table_aovt02" name="AOVT02_is_produced_correctly"/>
  </testsuite>
  <testsuite name="table_aovt03" timestamp="2025-01-07T04:16:35Z" hostname="56de896564bf" tests="2" skipped="0" failures="0" errors="0" time="0.879">
    <testcase time="0.713999999999999" classname="table_aovt03" name="AOVT03_is_produced_correctly"/>
    <testcase time="0.165000000000006" classname="table_aovt03" name="AOVT03_is_produced_correctly"/>
  </testsuite>
  <testsuite name="table_cfbt01" timestamp="2025-01-07T04:16:36Z" hostname="56de896564bf" tests="2" skipped="0" failures="0" errors="0" time="0.619">
    <testcase time="0.403999999999996" classname="table_cfbt01" name="CFBT01_default_variant_is_produced_correctly"/>
    <testcase time="0.215000000000003" classname="table_cfbt01" name="CFBT01_default_variant_is_produced_correctly"/>
  </testsuite>
  <testsuite name="table_cmht01" timestamp="2025-01-07T04:16:36Z" hostname="56de896564bf" tests="4" skipped="0" failures="0" errors="0" time="1.697">
    <testcase time="0.394999999999996" classname="table_cmht01" name="CMHT01_variant_1_is_produced_correctly"/>
    <testcase time="0.0960000000000036" classname="table_cmht01" name="CMHT01_variant_1_is_produced_correctly"/>
    <testcase time="0.940999999999988" classname="table_cmht01" name="CMHT01_variant_2_is_produced_correctly"/>
    <testcase time="0.265000000000001" classname="table_cmht01" name="CMHT01_variant_2_is_produced_correctly"/>
  </testsuite>
  <testsuite name="table_cmt01" timestamp="2025-01-07T04:16:38Z" hostname="56de896564bf" tests="8" skipped="0" failures="0" errors="0" time="3.693">
    <testcase time="0.622" classname="table_cmt01" name="CMT01_default_variant_Concomitant_medications_is_produced_correctly"/>
    <testcase time="0.306000000000012" classname="table_cmt01" name="CMT01_default_variant_Concomitant_medications_is_produced_correctly"/>
    <testcase time="0.689999999999998" classname="table_cmt01" name="CMT01_variant_1_prior_medications_is_produced_correctly"/>
    <testcase time="0.328999999999994" classname="table_cmt01" name="CMT01_variant_1_prior_medications_is_produced_correctly"/>
    <testcase time="0.575000000000003" classname="table_cmt01" name="CMT01_variant_3_Concomitant_medications_is_produced_correctly"/>
    <testcase time="0.260000000000005" classname="table_cmt01" name="CMT01_variant_3_Concomitant_medications_is_produced_correctly"/>
    <testcase time="0.616" classname="table_cmt01" name="CMT01_variant_4_Concomitant_medications_is_produced_correctly"/>
    <testcase time="0.295000000000002" classname="table_cmt01" name="CMT01_variant_4_Concomitant_medications_is_produced_correctly"/>
  </testsuite>
  <testsuite name="table_cmt01a" timestamp="2025-01-07T04:16:42Z" hostname="56de896564bf" tests="8" skipped="0" failures="0" errors="0" time="5.495">
    <testcase time="1.19099999999999" classname="table_cmt01a" name="CMT01A_variant_1_is_produced_correctly"/>
    <testcase time="0.266000000000005" classname="table_cmt01a" name="CMT01A_variant_1_is_produced_correctly"/>
    <testcase time="1.065" classname="table_cmt01a" name="CMT01A_variant_2_is_produced_correctly"/>
    <testcase time="0.278000000000006" classname="table_cmt01a" name="CMT01A_variant_2_is_produced_correctly"/>
    <testcase time="1.084" classname="table_cmt01a" name="CMT01A_variant_3_is_produced_correctly"/>
    <testcase time="0.275999999999996" classname="table_cmt01a" name="CMT01A_variant_3_is_produced_correctly"/>
    <testcase time="1.08800000000001" classname="table_cmt01a" name="CMT01A_variant_4_is_produced_correctly"/>
    <testcase time="0.247" classname="table_cmt01a" name="CMT01A_variant_4_is_produced_correctly"/>
  </testsuite>
  <testsuite name="table_cmt01b" timestamp="2025-01-07T04:16:47Z" hostname="56de896564bf" tests="6" skipped="0" failures="0" errors="0" time="5.773">
    <testcase time="1.595" classname="table_cmt01b" name="CMT01B_variant_1_is_produced_correctly"/>
    <testcase time="0.391999999999996" classname="table_cmt01b" name="CMT01B_variant_1_is_produced_correctly"/>
    <testcase time="1.23" classname="table_cmt01b" name="CMT01B_variant_2_is_produced_correctly"/>
    <testcase time="0.338999999999999" classname="table_cmt01b" name="CMT01B_variant_2_is_produced_correctly"/>
    <testcase time="1.59400000000001" classname="table_cmt01b" name="CMT01B_variant_4_is_produced_correctly"/>
    <testcase time="0.62299999999999" classname="table_cmt01b" name="CMT01B_variant_4_is_produced_correctly"/>
  </testsuite>
  <testsuite name="table_cmt02_pt" timestamp="2025-01-07T04:16:53Z" hostname="56de896564bf" tests="2" skipped="0" failures="0" errors="0" time="0.569">
    <testcase time="0.388999999999996" classname="table_cmt02_pt" name="CMT02_PT_default_variant_is_produced_correctly"/>
    <testcase time="0.180000000000007" classname="table_cmt02_pt" name="CMT02_PT_default_variant_is_produced_correctly"/>
  </testsuite>
  <testsuite name="table_coxt01" timestamp="2025-01-07T04:16:53Z" hostname="56de896564bf" tests="8" skipped="0" failures="0" errors="0" time="1.696">
    <testcase time="0.263000000000005" classname="table_coxt01" name="1._Cox_Regression"/>
    <testcase time="0.0729999999999933" classname="table_coxt01" name="1._Cox_Regression"/>
    <testcase time="0.349000000000004" classname="table_coxt01" name="2._Cox_Regression_with_Interaction_Term_"/>
    <testcase time="0.0990000000000038" classname="table_coxt01" name="2._Cox_Regression_with_Interaction_Term_"/>
    <testcase time="0.340999999999994" classname="table_coxt01" name="3._Cox_Regression_specifying_covariates_"/>
    <testcase time="0.111999999999995" classname="table_coxt01" name="3._Cox_Regression_specifying_covariates_"/>
    <testcase time="0.344000000000008" classname="table_coxt01" name="4._Cox_Regression_setting_strata_ties_and_alpha_level_"/>
    <testcase time="0.114999999999995" classname="table_coxt01" name="4._Cox_Regression_setting_strata_ties_and_alpha_level_"/>
  </testsuite>
  <testsuite name="table_coxt02" timestamp="2025-01-07T04:16:55Z" hostname="56de896564bf" tests="4" skipped="0" failures="0" errors="0" time="0.656">
    <testcase time="0.263999999999996" classname="table_coxt02" name="COXT02_default_variant_1_is_produced_correctly"/>
    <testcase time="0.0760000000000076" classname="table_coxt02" name="COXT02_default_variant_1_is_produced_correctly"/>
    <testcase time="0.248999999999995" classname="table_coxt02" name="COXT02_variant_5_is_produced_correctly"/>
    <testcase time="0.0670000000000073" classname="table_coxt02" name="COXT02_variant_5_is_produced_correctly"/>
  </testsuite>
  <testsuite name="table_disclosures" timestamp="2025-01-07T04:16:56Z" hostname="56de896564bf" tests="12" skipped="0" failures="0" errors="0" time="1.815">
    <testcase time="0.171999999999997" classname="table_disclosures" name="Patient_Disposition_table_is_produced_correctly"/>
    <testcase time="0.0879999999999939" classname="table_disclosures" name="Patient_Disposition_table_is_produced_correctly"/>
    <testcase time="0.190000000000012" classname="table_disclosures" name="Demographic_table_is_produced_correctly"/>
    <testcase time="0.148999999999987" classname="table_disclosures" name="Demographic_table_is_produced_correctly"/>
    <testcase time="0.085000000000008" classname="table_disclosures" name="Enrollment_by_Country_Table_is_produced_correctly"/>
    <testcase time="0.0900000000000034" classname="table_disclosures" name="Enrollment_by_Country_Table_is_produced_correctly"/>
    <testcase time="0.0809999999999889" classname="table_disclosures" name="Death_table_is_produced_correctly"/>
    <testcase time="0.0560000000000116" classname="table_disclosures" name="Death_table_is_produced_correctly"/>
    <testcase time="0.295999999999992" classname="table_disclosures" name="Table_of_Serious_Adverse_Events_is_produced_correctly_for_one_specific_treatment_arm_"/>
    <testcase time="0.0970000000000084" classname="table_disclosures" name="Table_of_Serious_Adverse_Events_is_produced_correctly_for_one_specific_treatment_arm_"/>
    <testcase time="0.378999999999991" classname="table_disclosures" name="Table_of_Non_Serious_Adverse_Events_is_produced_correctly"/>
    <testcase time="0.132000000000005" classname="table_disclosures" name="Table_of_Non_Serious_Adverse_Events_is_produced_correctly"/>
  </testsuite>
  <testsuite name="table_dmt01" timestamp="2025-01-07T04:16:58Z" hostname="56de896564bf" tests="10" skipped="0" failures="0" errors="0" time="2.676">
    <testcase time="1.149" classname="table_dmt01" name="DMT01_variant_1_is_produced_correctly"/>
    <testcase time="0.170000000000002" classname="table_dmt01" name="DMT01_variant_1_is_produced_correctly"/>
    <testcase time="0.200000000000003" classname="table_dmt01" name="DMT01_variant_2_is_produced_correctly"/>
    <testcase time="0.160999999999987" classname="table_dmt01" name="DMT01_variant_2_is_produced_correctly"/>
    <testcase time="0.231000000000009" classname="table_dmt01" name="DMT01_variant_3_is_produced_correctly"/>
    <testcase time="0.165999999999997" classname="table_dmt01" name="DMT01_variant_3_is_produced_correctly"/>
    <testcase time="0.176000000000002" classname="table_dmt01" name="DMT01_variant_4_is_produced_correctly"/>
    <testcase time="0.143000000000001" classname="table_dmt01" name="DMT01_variant_4_is_produced_correctly"/>
    <testcase time="0.161999999999992" classname="table_dmt01" name="DMT01_variant_5_is_produced_correctly"/>
    <testcase time="0.118000000000009" classname="table_dmt01" name="DMT01_variant_5_is_produced_correctly"/>
  </testsuite>
  <testsuite name="table_dort01" timestamp="2025-01-07T04:17:00Z" hostname="56de896564bf" tests="8" skipped="0" failures="0" errors="0" time="1.437">
    <testcase time="0.266999999999996" classname="table_dort01" name="DORT01_variant_1_is_produced_correctly"/>
    <testcase time="0.106999999999999" classname="table_dort01" name="DORT01_variant_1_is_produced_correctly"/>
    <testcase time="0.274000000000001" classname="table_dort01" name="DORT01_variant_2_selecting_sectons_is_produced_correctly"/>
    <testcase time="0.097999999999999" classname="table_dort01" name="DORT01_variant_2_selecting_sectons_is_produced_correctly"/>
    <testcase time="0.242000000000004" classname="table_dort01" name="DORT01_variant_3_modifying_conftype_and_alpha_level_is_produced_correctly"/>
    <testcase time="0.106999999999999" classname="table_dort01" name="DORT01_variant_3_modifying_conftype_and_alpha_level_is_produced_correctly"/>
    <testcase time="0.244" classname="table_dort01" name="DORT01_variant_4_modifying_time_point_for_the_xx_duration_is_produced_correctly"/>
    <testcase time="0.097999999999999" classname="table_dort01" name="DORT01_variant_4_modifying_time_point_for_the_xx_duration_is_produced_correctly"/>
  </testsuite>
  <testsuite name="table_dst01" timestamp="2025-01-07T04:17:02Z" hostname="56de896564bf" tests="6" skipped="0" failures="0" errors="0" time="0.719">
    <testcase time="0.137" classname="table_dst01" name="DST01_default_variant_is_produced_correctly"/>
    <testcase time="0.0919999999999987" classname="table_dst01" name="DST01_default_variant_is_produced_correctly"/>
    <testcase time="0.200000000000003" classname="table_dst01" name="DST01_variants_2_and_3_are_produced_correctly"/>
    <testcase time="0.0990000000000038" classname="table_dst01" name="DST01_variants_2_and_3_are_produced_correctly"/>
    <testcase time="0.0799999999999983" classname="table_dst01" name="DST01_variants_2_and_3_are_produced_correctly"/>
    <testcase time="0.11099999999999" classname="table_dst01" name="DST01_variants_2_and_3_are_produced_correctly"/>
  </testsuite>
  <testsuite name="table_dtht01" timestamp="2025-01-07T04:17:02Z" hostname="56de896564bf" tests="8" skipped="0" failures="0" errors="0" time="1.107">
    <testcase time="0.118000000000009" classname="table_dtht01" name="DTHT01_variant_1_is_produced_correctly"/>
    <testcase time="0.0739999999999981" classname="table_dtht01" name="DTHT01_variant_1_is_produced_correctly"/>
    <testcase time="0.242999999999995" classname="table_dtht01" name="DTHT01_variant_2_is_produced_correctly"/>
    <testcase time="0.156999999999996" classname="table_dtht01" name="DTHT01_variant_2_is_produced_correctly"/>
    <testcase time="0.143000000000001" classname="table_dtht01" name="DTHT01_variant_3_is_produced_correctly"/>
    <testcase time="0.0940000000000083" classname="table_dtht01" name="DTHT01_variant_3_is_produced_correctly"/>
    <testcase time="0.170000000000002" classname="table_dtht01" name="DTHT01_variant_4_is_produced_correctly"/>
    <testcase time="0.10799999999999" classname="table_dtht01" name="DTHT01_variant_4_is_produced_correctly"/>
  </testsuite>
  <testsuite name="table_egt01" timestamp="2025-01-07T04:17:05Z" hostname="56de896564bf" tests="2" skipped="0" failures="0" errors="0" time="3.204">
    <testcase time="2.44600000000001" classname="table_egt01" name="EGT01_default_variant_is_produced_correctly"/>
    <testcase time="0.757999999999996" classname="table_egt01" name="EGT01_default_variant_is_produced_correctly"/>
  </testsuite>
  <testsuite name="table_egt02" timestamp="2025-01-07T04:17:08Z" hostname="56de896564bf" tests="4" skipped="0" failures="0" errors="0" time="1.548">
    <testcase time="1.21599999999999" classname="table_egt02" name="_EGT02_1._Regardless_of_Abnormality_at_Baseline"/>
    <testcase time="0.0769999999999982" classname="table_egt02" name="_EGT02_1._Regardless_of_Abnormality_at_Baseline"/>
    <testcase time="0.179000000000002" classname="table_egt02" name="_EGT02_2._Among_Subjects_Without_Abnormality_at_Baseline"/>
    <testcase time="0.0760000000000076" classname="table_egt02" name="_EGT02_2._Among_Subjects_Without_Abnormality_at_Baseline"/>
  </testsuite>
  <testsuite name="table_egt03" timestamp="2025-01-07T04:17:08Z" hostname="56de896564bf" tests="8" skipped="0" failures="0" errors="0" time="1.16">
    <testcase time="0.192999999999998" classname="table_egt03" name="EGT03_variant_1_is_produced_correctly"/>
    <testcase time="0.117999999999995" classname="table_egt03" name="EGT03_variant_1_is_produced_correctly"/>
    <testcase time="0.138000000000005" classname="table_egt03" name="EGT03_variant_2_is_produced_correctly"/>
    <testcase time="0.0949999999999989" classname="table_egt03" name="EGT03_variant_2_is_produced_correctly"/>
    <testcase time="0.183999999999997" classname="table_egt03" name="EGT03_variant_3_is_produced_correctly"/>
    <testcase time="0.117000000000004" classname="table_egt03" name="EGT03_variant_3_is_produced_correctly"/>
    <testcase time="0.182999999999993" classname="table_egt03" name="EGT03_variant_4_is_produced_correctly"/>
    <testcase time="0.132000000000005" classname="table_egt03" name="EGT03_variant_4_is_produced_correctly"/>
  </testsuite>
  <testsuite name="table_egt04" timestamp="2025-01-07T04:17:11Z" hostname="56de896564bf" tests="2" skipped="0" failures="0" errors="0" time="1.542">
    <testcase time="1.453" classname="table_egt04" name="EGT04_default_variant_is_produced_correctly"/>
    <testcase time="0.0889999999999986" classname="table_egt04" name="EGT04_default_variant_is_produced_correctly"/>
  </testsuite>
  <testsuite name="table_egt05_qtcat" timestamp="2025-01-07T04:17:12Z" hostname="56de896564bf" tests="2" skipped="0" failures="0" errors="0" time="2.235">
    <testcase time="1.804" classname="table_egt05_qtcat" name="EGT05_QTCAT_default_variant_is_produced_correctly"/>
    <testcase time="0.430999999999997" classname="table_egt05_qtcat" name="EGT05_QTCAT_default_variant_is_produced_correctly"/>
  </testsuite>
  <testsuite name="table_ent" timestamp="2025-01-07T04:17:13Z" hostname="56de896564bf" tests="8" skipped="0" failures="0" errors="0" time="12.563">
    <testcase time="3.093" classname="table_ent" name="ENT01_IT_is_produced_correctly"/>
    <testcase time="0.534999999999997" classname="table_ent" name="ENT01_IT_is_produced_correctly"/>
    <testcase time="2.03" classname="table_ent" name="ENT01a_IT_is_produced_correctly"/>
    <testcase time="0.509999999999991" classname="table_ent" name="ENT01a_IT_is_produced_correctly"/>
    <testcase time="3.18300000000001" classname="table_ent" name="ENT02_IT_is_produced_correctly"/>
    <testcase time="0.562000000000012" classname="table_ent" name="ENT02_IT_is_produced_correctly"/>
    <testcase time="2.11499999999998" classname="table_ent" name="ENT02a_IT_is_produced_correctly"/>
    <testcase time="0.534999999999997" classname="table_ent" name="ENT02a_IT_is_produced_correctly"/>
  </testsuite>
  <testsuite name="table_eudrat01" timestamp="2025-01-07T04:17:26Z" hostname="56de896564bf" tests="2" skipped="0" failures="0" errors="0" time="0.597">
    <testcase time="0.473000000000013" classname="table_eudrat01" name="EUDRAT01_is_produced_correctly"/>
    <testcase time="0.123999999999995" classname="table_eudrat01" name="EUDRAT01_is_produced_correctly"/>
  </testsuite>
  <testsuite name="table_eudrat02" timestamp="2025-01-07T04:17:26Z" hostname="56de896564bf" tests="2" skipped="0" failures="0" errors="0" time="0.46">
    <testcase time="0.36699999999999" classname="table_eudrat02" name="EUDRAT02_is_produced_correctly"/>
    <testcase time="0.0930000000000177" classname="table_eudrat02" name="EUDRAT02_is_produced_correctly"/>
  </testsuite>
  <testsuite name="table_ext01" timestamp="2025-01-07T04:17:27Z" hostname="56de896564bf" tests="6" skipped="0" failures="0" errors="0" time="1.54">
    <testcase time="0.365999999999985" classname="table_ext01" name="EXT01_default_variant_with_numeric_parameters_is_produced_correctly"/>
    <testcase time="0.157000000000011" classname="table_ext01" name="EXT01_default_variant_with_numeric_parameters_is_produced_correctly"/>
    <testcase time="0.253999999999991" classname="table_ext01" name="EXT01_variant_with_both_numeric_and_categorical_parameters"/>
    <testcase time="0.200000000000017" classname="table_ext01" name="EXT01_variant_with_both_numeric_and_categorical_parameters"/>
    <testcase time="0.319999999999993" classname="table_ext01" name="EXT01_variant_with_user_specified_categories_for_missed_doses"/>
    <testcase time="0.242999999999995" classname="table_ext01" name="EXT01_variant_with_user_specified_categories_for_missed_doses"/>
  </testsuite>
  <testsuite name="table_lbt01" timestamp="2025-01-07T04:17:29Z" hostname="56de896564bf" tests="2" skipped="0" failures="0" errors="0" time="1.961">
    <testcase time="1.452" classname="table_lbt01" name="LBT01_default_variant_is_produced_correctly"/>
    <testcase time="0.509000000000015" classname="table_lbt01" name="LBT01_default_variant_is_produced_correctly"/>
  </testsuite>
  <testsuite name="table_lbt02" timestamp="2025-01-07T04:17:30Z" hostname="56de896564bf" tests="2" skipped="0" failures="0" errors="0" time="1.326">
    <testcase time="0.813999999999993" classname="table_lbt02" name="LBT02_default_variant_is_produced_correctly"/>
    <testcase time="0.512" classname="table_lbt02" name="LBT02_default_variant_is_produced_correctly"/>
  </testsuite>
  <testsuite name="table_lbt03" timestamp="2025-01-07T04:17:32Z" hostname="56de896564bf" tests="2" skipped="0" failures="0" errors="0" time="0.254">
    <testcase time="0.140999999999991" classname="table_lbt03" name="LBT03_default_variant_is_produced_correctly"/>
    <testcase time="0.113" classname="table_lbt03" name="LBT03_default_variant_is_produced_correctly"/>
  </testsuite>
  <testsuite name="table_lbt04" timestamp="2025-01-07T04:17:32Z" hostname="56de896564bf" tests="2" skipped="0" failures="0" errors="0" time="1.479">
    <testcase time="1.06100000000001" classname="table_lbt04" name="LBT04_default_variant_is_produced_correctly"/>
    <testcase time="0.418000000000006" classname="table_lbt04" name="LBT04_default_variant_is_produced_correctly"/>
  </testsuite>
  <testsuite name="table_lbt05" timestamp="2025-01-07T04:17:34Z" hostname="56de896564bf" tests="6" skipped="0" failures="0" errors="0" time="6.336">
    <testcase time="1.96799999999999" classname="table_lbt05" name="LBT05_variant_1_is_produced_correctly"/>
    <testcase time="0.365000000000009" classname="table_lbt05" name="LBT05_variant_1_is_produced_correctly"/>
    <testcase time="1.565" classname="table_lbt05" name="LBT05_variant_2_is_produced_correctly"/>
    <testcase time="0.478000000000009" classname="table_lbt05" name="LBT05_variant_2_is_produced_correctly"/>
    <testcase time="1.61799999999999" classname="table_lbt05" name="LBT05_variant_4_is_produced_correctly"/>
    <testcase time="0.341999999999985" classname="table_lbt05" name="LBT05_variant_4_is_produced_correctly"/>
  </testsuite>
  <testsuite name="table_lbt06" timestamp="2025-01-07T04:17:40Z" hostname="56de896564bf" tests="2" skipped="0" failures="0" errors="0" time="0.488">
    <testcase time="0.329000000000008" classname="table_lbt06" name="LBT06_default_variant_is_produced_correctly"/>
    <testcase time="0.158999999999992" classname="table_lbt06" name="LBT06_default_variant_is_produced_correctly"/>
  </testsuite>
  <testsuite name="table_lbt07" timestamp="2025-01-07T04:17:41Z" hostname="56de896564bf" tests="2" skipped="0" failures="0" errors="0" time="2.25">
    <testcase time="1.96300000000002" classname="table_lbt07" name="LBT07_is_produced_correctly"/>
    <testcase time="0.286999999999978" classname="table_lbt07" name="LBT07_is_produced_correctly"/>
  </testsuite>
  <testsuite name="table_lbt08" timestamp="2025-01-07T04:17:43Z" hostname="56de896564bf" tests="2" skipped="0" failures="0" errors="0" time="0.368">
    <testcase time="0.257000000000005" classname="table_lbt08" name="LBT08_produce_correctly"/>
    <testcase time="0.11099999999999" classname="table_lbt08" name="LBT08_produce_correctly"/>
  </testsuite>
  <testsuite name="table_lbt09" timestamp="2025-01-07T04:17:43Z" hostname="56de896564bf" tests="4" skipped="0" failures="0" errors="0" time="0.915">
    <testcase time="0.307000000000016" classname="table_lbt09" name="LBT09_variant_1_works_as_expected"/>
    <testcase time="0.163000000000011" classname="table_lbt09" name="LBT09_variant_1_works_as_expected"/>
    <testcase time="0.281999999999982" classname="table_lbt09" name="LBT09_variant_2_works_as_expected"/>
    <testcase time="0.163000000000011" classname="table_lbt09" name="LBT09_variant_2_works_as_expected"/>
  </testsuite>
  <testsuite name="table_lbt10" timestamp="2025-01-07T04:17:44Z" hostname="56de896564bf" tests="4" skipped="0" failures="0" errors="0" time="1.182">
    <testcase time="0.668999999999983" classname="table_lbt10" name="LBT10_variant_1_works_as_expected"/>
    <testcase time="0.0720000000000027" classname="table_lbt10" name="LBT10_variant_1_works_as_expected"/>
    <testcase time="0.38300000000001" classname="table_lbt10" name="LBT10_variant_2_works_as_expected"/>
    <testcase time="0.0579999999999927" classname="table_lbt10" name="LBT10_variant_2_works_as_expected"/>
  </testsuite>
  <testsuite name="table_lbt10_bl" timestamp="2025-01-07T04:17:45Z" hostname="56de896564bf" tests="4" skipped="0" failures="0" errors="0" time="0.48">
    <testcase time="0.230999999999995" classname="table_lbt10_bl" name="LBT10_BL_variant_1_works_as_expected"/>
    <testcase time="0.0700000000000216" classname="table_lbt10_bl" name="LBT10_BL_variant_1_works_as_expected"/>
    <testcase time="0.120999999999981" classname="table_lbt10_bl" name="LBT10_BL_variant_2_works_as_expected"/>
    <testcase time="0.0580000000000211" classname="table_lbt10_bl" name="LBT10_BL_variant_2_works_as_expected"/>
  </testsuite>
  <testsuite name="table_lbt11" timestamp="2025-01-07T04:17:45Z" hostname="56de896564bf" tests="6" skipped="0" failures="0" errors="0" time="0.72">
    <testcase time="0.183999999999997" classname="table_lbt11" name="LBT11_variant_1_works_as_expected"/>
    <testcase time="0.0929999999999893" classname="table_lbt11" name="LBT11_variant_1_works_as_expected"/>
    <testcase time="0.0860000000000127" classname="table_lbt11" name="LBT11_variant_2_works_as_expected"/>
    <testcase time="0.089999999999975" classname="table_lbt11" name="LBT11_variant_2_works_as_expected"/>
    <testcase time="0.148000000000025" classname="table_lbt11" name="LBT11_variant_3_works_as_expected"/>
    <testcase time="0.119" classname="table_lbt11" name="LBT11_variant_3_works_as_expected"/>
  </testsuite>
  <testsuite name="table_lbt11_bl" timestamp="2025-01-07T04:17:46Z" hostname="56de896564bf" tests="6" skipped="0" failures="0" errors="0" time="0.822">
    <testcase time="0.198999999999984" classname="table_lbt11_bl" name="LBT11_BL_variant_1_works_as_expected"/>
    <testcase time="0.0930000000000177" classname="table_lbt11_bl" name="LBT11_BL_variant_1_works_as_expected"/>
    <testcase time="0.10299999999998" classname="table_lbt11_bl" name="LBT11_BL_variant_2_works_as_expected"/>
    <testcase time="0.111999999999995" classname="table_lbt11_bl" name="LBT11_BL_variant_2_works_as_expected"/>
    <testcase time="0.206000000000017" classname="table_lbt11_bl" name="LBT11_BL_variant_3_works_as_expected"/>
    <testcase time="0.10899999999998" classname="table_lbt11_bl" name="LBT11_BL_variant_3_works_as_expected"/>
  </testsuite>
  <testsuite name="table_lbt12" timestamp="2025-01-07T04:17:47Z" hostname="56de896564bf" tests="2" skipped="0" failures="0" errors="0" time="0.379">
    <testcase time="0.286000000000001" classname="table_lbt12" name="LBT12_works_as_expected"/>
    <testcase time="0.0930000000000177" classname="table_lbt12" name="LBT12_works_as_expected"/>
  </testsuite>
  <testsuite name="table_lbt12_bl" timestamp="2025-01-07T04:17:47Z" hostname="56de896564bf" tests="2" skipped="0" failures="0" errors="0" time="0.353">
    <testcase time="0.278999999999996" classname="table_lbt12_bl" name="LBT12_BL_works_as_expected"/>
    <testcase time="0.0740000000000123" classname="table_lbt12_bl" name="LBT12_BL_works_as_expected"/>
  </testsuite>
  <testsuite name="table_lbt13" timestamp="2025-01-07T04:17:48Z" hostname="56de896564bf" tests="10" skipped="0" failures="0" errors="0" time="2.192">
    <testcase time="0.756" classname="table_lbt13" name="LBT13_variant_1_LOW_works_as_expected"/>
    <testcase time="0.0849999999999795" classname="table_lbt13" name="LBT13_variant_1_LOW_works_as_expected"/>
    <testcase time="0.14700000000002" classname="table_lbt13" name="LBT13_variant_2_HIGH_works_as_expected"/>
    <testcase time="0.0629999999999882" classname="table_lbt13" name="LBT13_variant_2_HIGH_works_as_expected"/>
    <testcase time="0.228000000000009" classname="table_lbt13" name="LBT13_variant_3_LOW_without_baseline_missing_works_as_expected"/>
    <testcase time="0.09699999999998" classname="table_lbt13" name="LBT13_variant_3_LOW_without_baseline_missing_works_as_expected"/>
    <testcase time="0.13300000000001" classname="table_lbt13" name="LBT13_variant_4_HIGH_with_missing_baseline_considered_as_grade_0_works_as_expected"/>
    <testcase time="0.0620000000000118" classname="table_lbt13" name="LBT13_variant_4_HIGH_with_missing_baseline_considered_as_grade_0_works_as_expected"/>
    <testcase time="0.403999999999996" classname="table_lbt13" name="LBT14_variant_5_HIGH_with_filled_in_grades_works_as_expected"/>
    <testcase time="0.216999999999985" classname="table_lbt13" name="LBT14_variant_5_HIGH_with_filled_in_grades_works_as_expected"/>
  </testsuite>
  <testsuite name="table_lbt14" timestamp="2025-01-07T04:17:50Z" hostname="56de896564bf" tests="10" skipped="0" failures="0" errors="0" time="27.488">
    <testcase time="5.56300000000002" classname="table_lbt14" name="LBT14_variant_1_HIGH_works_as_expected"/>
    <testcase time="0.455999999999989" classname="table_lbt14" name="LBT14_variant_1_HIGH_works_as_expected"/>
    <testcase time="5.05799999999999" classname="table_lbt14" name="LBT14_variant_2_LOW_works_as_expected"/>
    <testcase time="0.325999999999993" classname="table_lbt14" name="LBT14_variant_2_LOW_works_as_expected"/>
    <testcase time="3.31100000000001" classname="table_lbt14" name="LBT14_variant_3_LOW_without_baseline_missing_works_as_expected"/>
    <testcase time="0.378000000000014" classname="table_lbt14" name="LBT14_variant_3_LOW_without_baseline_missing_works_as_expected"/>
    <testcase time="4.494" classname="table_lbt14" name="LBT14_variant_4_LOW_and_force_1_missing_both_baseline_and_post_baseline_then_force_the_missing_baseline_as_0_as_expected"/>
    <testcase time="0.240999999999985" classname="table_lbt14" name="LBT14_variant_4_LOW_and_force_1_missing_both_baseline_and_post_baseline_then_force_the_missing_baseline_as_0_as_expected"/>
    <testcase time="4.94800000000001" classname="table_lbt14" name="LBT14_variant_5_HIGH_with_fillings_works_as_expected"/>
    <testcase time="2.71299999999999" classname="table_lbt14" name="LBT14_variant_5_HIGH_with_fillings_works_as_expected"/>
  </testsuite>
  <testsuite name="table_lbt15" timestamp="2025-01-07T04:18:17Z" hostname="56de896564bf" tests="4" skipped="0" failures="0" errors="0" time="1.505">
    <testcase time="0.594999999999999" classname="table_lbt15" name="LBT15_variant_1_works_as_expected"/>
    <testcase time="0.189999999999998" classname="table_lbt15" name="LBT15_variant_1_works_as_expected"/>
    <testcase time="0.524000000000001" classname="table_lbt15" name="LBT15_variant_2_works_as_expected"/>
    <testcase time="0.195999999999998" classname="table_lbt15" name="LBT15_variant_2_works_as_expected"/>
  </testsuite>
  <testsuite name="table_lgrt02" timestamp="2025-01-07T04:18:19Z" hostname="56de896564bf" tests="8" skipped="0" failures="0" errors="0" time="2.877">
    <testcase time="0.512" classname="table_lgrt02" name="LGRT02_without_interaction_term_is_produced_correctly"/>
    <testcase time="0.153999999999996" classname="table_lgrt02" name="LGRT02_without_interaction_term_is_produced_correctly"/>
    <testcase time="0.590000000000003" classname="table_lgrt02" name="LGRT02_with_categorical_interaction_is_produced_correctly"/>
    <testcase time="0.182000000000016" classname="table_lgrt02" name="LGRT02_with_categorical_interaction_is_produced_correctly"/>
    <testcase time="0.583999999999975" classname="table_lgrt02" name="LGRT02_with_continuous_interaction_is_produced_correctly"/>
    <testcase time="0.182000000000016" classname="table_lgrt02" name="LGRT02_with_continuous_interaction_is_produced_correctly"/>
    <testcase time="0.515999999999991" classname="table_lgrt02" name="LGRT02_with_setting_values_indicating_an_event_and_custom_alpha_level_is_produced_correctly"/>
    <testcase time="0.157000000000011" classname="table_lgrt02" name="LGRT02_with_setting_values_indicating_an_event_and_custom_alpha_level_is_produced_correctly"/>
  </testsuite>
  <testsuite name="table_mht01" timestamp="2025-01-07T04:18:22Z" hostname="56de896564bf" tests="8" skipped="0" failures="0" errors="0" time="1.528">
    <testcase time="0.307999999999993" classname="table_mht01" name="MHT01_variant_1_is_produced_accurately"/>
    <testcase time="0.15100000000001" classname="table_mht01" name="MHT01_variant_1_is_produced_accurately"/>
    <testcase time="0.0979999999999848" classname="table_mht01" name="MHT01_variant_2_is_produced_accurately"/>
    <testcase time="0.0819999999999936" classname="table_mht01" name="MHT01_variant_2_is_produced_accurately"/>
    <testcase time="0.265000000000015" classname="table_mht01" name="MHT01_variant_3_is_produced_accurately"/>
    <testcase time="0.114000000000004" classname="table_mht01" name="MHT01_variant_3_is_produced_accurately"/>
    <testcase time="0.347999999999985" classname="table_mht01" name="MHT01_variant_5_is_produced_accurately"/>
    <testcase time="0.162000000000006" classname="table_mht01" name="MHT01_variant_5_is_produced_accurately"/>
  </testsuite>
  <testsuite name="table_onct05" timestamp="2025-01-07T04:18:23Z" hostname="56de896564bf" tests="8" skipped="0" failures="0" errors="0" time="2.047">
    <testcase time="0.451999999999998" classname="table_onct05" name="ONCT05_variant_1_Objective_Response_Rate_by_Subgroup_is_produced_correctly"/>
    <testcase time="0.114000000000004" classname="table_onct05" name="ONCT05_variant_1_Objective_Response_Rate_by_Subgroup_is_produced_correctly"/>
    <testcase time="0.465000000000003" classname="table_onct05" name="ONCT05_variant_2_Specifying_class_variables_is_produced_correctly"/>
    <testcase time="0.133999999999986" classname="table_onct05" name="ONCT05_variant_2_Specifying_class_variables_is_produced_correctly"/>
    <testcase time="0.211000000000013" classname="table_onct05" name="ONCT05_variant_3_selecting_columns_and_changing_the_alpha_level_is_produced_correctly"/>
    <testcase time="0.0819999999999936" classname="table_onct05" name="ONCT05_variant_3_selecting_columns_and_changing_the_alpha_level_is_produced_correctly"/>
    <testcase time="0.455000000000013" classname="table_onct05" name="ONCT05_variant_4_setting_values_indicating_response_is_produced_correctly"/>
    <testcase time="0.133999999999986" classname="table_onct05" name="ONCT05_variant_4_setting_values_indicating_response_is_produced_correctly"/>
  </testsuite>
  <testsuite name="table_pdt01" timestamp="2025-01-07T04:18:25Z" hostname="56de896564bf" tests="2" skipped="0" failures="0" errors="0" time="0.42">
    <testcase time="0.259999999999991" classname="table_pdt01" name="PDT01_is_produced_correctly"/>
    <testcase time="0.159999999999997" classname="table_pdt01" name="PDT01_is_produced_correctly"/>
  </testsuite>
  <testsuite name="table_pdt02" timestamp="2025-01-07T04:18:26Z" hostname="56de896564bf" tests="2" skipped="0" failures="0" errors="0" time="0.249">
    <testcase time="0.154000000000025" classname="table_pdt02" name="PDT02_is_produced_correctly"/>
    <testcase time="0.0949999999999989" classname="table_pdt02" name="PDT02_is_produced_correctly"/>
  </testsuite>
  <testsuite name="table_pkct01" timestamp="2025-01-07T04:18:26Z" hostname="56de896564bf" tests="10" skipped="0" failures="0" errors="0" time="3.249">
    <testcase time="0.278999999999996" classname="table_pkct01" name="PKCT01_is_produced_correctly"/>
    <testcase time="0.0939999999999941" classname="table_pkct01" name="PKCT01_is_produced_correctly"/>
    <testcase time="0.126000000000005" classname="table_pkct01" name="PKCT01_is_produced_correctly"/>
    <testcase time="0.0699999999999932" classname="table_pkct01" name="PKCT01_is_produced_correctly"/>
    <testcase time="0.929000000000002" classname="table_pkct01" name="Specific_PKCT01_features_are_present"/>
    <testcase time="0.229000000000013" classname="table_pkct01" name="Specific_PKCT01_features_are_present"/>
    <testcase time="0.206999999999994" classname="table_pkct01" name="Specific_PKCT01_features_are_present"/>
    <testcase time="0.0029999999999859" classname="table_pkct01" name="Specific_PKCT01_features_are_present"/>
    <testcase time="0.724999999999994" classname="table_pkct01" name="Specific_PKCT01_features_are_present"/>
    <testcase time="0.587000000000018" classname="table_pkct01" name="Specific_PKCT01_features_are_present"/>
  </testsuite>
  <testsuite name="table_pkpt02" timestamp="2025-01-07T04:18:29Z" hostname="56de896564bf" tests="2" skipped="0" failures="0" errors="0" time="0.561">
    <testcase time="0.318999999999988" classname="table_pkpt02" name="PKPT02_is_produced_correctly_for_Drug_X"/>
    <testcase time="0.242000000000019" classname="table_pkpt02" name="PKPT02_is_produced_correctly_for_Drug_X"/>
  </testsuite>
  <testsuite name="table_pkpt03" timestamp="2025-01-07T04:18:30Z" hostname="56de896564bf" tests="2" skipped="0" failures="0" errors="0" time="1.332">
    <testcase time="1.14599999999999" classname="table_pkpt03" name="PKPT03_Drug_X_is_produced_correctly"/>
    <testcase time="0.186000000000007" classname="table_pkpt03" name="PKPT03_Drug_X_is_produced_correctly"/>
  </testsuite>
  <testsuite name="table_pkpt04" timestamp="2025-01-07T04:18:31Z" hostname="56de896564bf" tests="2" skipped="0" failures="0" errors="0" time="0.179">
    <testcase time="0.0949999999999989" classname="table_pkpt04" name="PKPT04_is_produced_correctly_for_Drug_X"/>
    <testcase time="0.0840000000000032" classname="table_pkpt04" name="PKPT04_is_produced_correctly_for_Drug_X"/>
  </testsuite>
  <testsuite name="table_pkpt05" timestamp="2025-01-07T04:18:31Z" hostname="56de896564bf" tests="2" skipped="0" failures="0" errors="0" time="0.388">
    <testcase time="0.282999999999987" classname="table_pkpt05" name="PKPT05_Drug_X_is_produced_correctly"/>
    <testcase time="0.10499999999999" classname="table_pkpt05" name="PKPT05_Drug_X_is_produced_correctly"/>
  </testsuite>
  <testsuite name="table_pkpt06" timestamp="2025-01-07T04:18:32Z" hostname="56de896564bf" tests="4" skipped="0" failures="0" errors="0" time="0.258">
    <testcase time="0.0840000000000032" classname="table_pkpt06" name="PKPT06_is_produced_correctly_for_Drug_X"/>
    <testcase time="0.0699999999999932" classname="table_pkpt06" name="PKPT06_is_produced_correctly_for_Drug_X"/>
    <testcase time="0.0490000000000066" classname="table_pkpt06" name="PKPT06_is_produced_correctly_for_Drug_Y"/>
    <testcase time="0.0550000000000068" classname="table_pkpt06" name="PKPT06_is_produced_correctly_for_Drug_Y"/>
  </testsuite>
  <testsuite name="table_pkpt07" timestamp="2025-01-07T04:18:32Z" hostname="56de896564bf" tests="4" skipped="0" failures="0" errors="0" time="0.507">
    <testcase time="0.205999999999989" classname="table_pkpt07" name="PKPT07_Drug_X_is_produced_correctly"/>
    <testcase time="0.0930000000000177" classname="table_pkpt07" name="PKPT07_Drug_X_is_produced_correctly"/>
    <testcase time="0.123999999999995" classname="table_pkpt07" name="PKPT07_Drug_Y_is_produced_correctly"/>
    <testcase time="0.0840000000000032" classname="table_pkpt07" name="PKPT07_Drug_Y_is_produced_correctly"/>
  </testsuite>
  <testsuite name="table_ratet01" timestamp="2025-01-07T04:18:32Z" hostname="56de896564bf" tests="2" skipped="0" failures="0" errors="0" time="1.189">
    <testcase time="1.02799999999999" classname="table_ratet01" name="RATET01_is_produced_correctly"/>
    <testcase time="0.161000000000001" classname="table_ratet01" name="RATET01_is_produced_correctly"/>
  </testsuite>
  <testsuite name="table_rmpt01" timestamp="2025-01-07T04:18:34Z" hostname="56de896564bf" tests="2" skipped="0" failures="0" errors="0" time="0.196">
    <testcase time="0.13900000000001" classname="table_rmpt01" name="RMPT01_is_produced_correctly"/>
    <testcase time="0.0569999999999879" classname="table_rmpt01" name="RMPT01_is_produced_correctly"/>
  </testsuite>
  <testsuite name="table_rmpt03" timestamp="2025-01-07T04:18:34Z" hostname="56de896564bf" tests="4" skipped="0" failures="0" errors="0" time="0.514">
    <testcase time="0.195999999999998" classname="table_rmpt03" name="RMPT03_variant_1_is_produced_correctly"/>
    <testcase time="0.0819999999999936" classname="table_rmpt03" name="RMPT03_variant_1_is_produced_correctly"/>
    <testcase time="0.150000000000006" classname="table_rmpt03" name="RMPT03_variant_2_is_produced_correctly"/>
    <testcase time="0.0860000000000127" classname="table_rmpt03" name="RMPT03_variant_2_is_produced_correctly"/>
  </testsuite>
  <testsuite name="table_rmpt04" timestamp="2025-01-07T04:18:34Z" hostname="56de896564bf" tests="2" skipped="0" failures="0" errors="0" time="0.192">
    <testcase time="0.134999999999991" classname="table_rmpt04" name="RMPT04_variant_1_is_produced_correctly"/>
    <testcase time="0.0570000000000164" classname="table_rmpt04" name="RMPT04_variant_1_is_produced_correctly"/>
  </testsuite>
  <testsuite name="table_rmpt05" timestamp="2025-01-07T04:18:35Z" hostname="56de896564bf" tests="2" skipped="0" failures="0" errors="0" time="0.219">
    <testcase time="0.143000000000001" classname="table_rmpt05" name="RMPT05_is_produced_correctly"/>
    <testcase time="0.0759999999999934" classname="table_rmpt05" name="RMPT05_is_produced_correctly"/>
  </testsuite>
  <testsuite name="table_rmpt06" timestamp="2025-01-07T04:18:35Z" hostname="56de896564bf" tests="8" skipped="0" failures="0" errors="0" time="1.47">
    <testcase time="0.290999999999997" classname="table_rmpt06" name="RMPT06_variant_1_is_produced_correctly"/>
    <testcase time="0.10499999999999" classname="table_rmpt06" name="RMPT06_variant_1_is_produced_correctly"/>
    <testcase time="0.193000000000012" classname="table_rmpt06" name="RMPT06_variant_2_is_produced_correctly"/>
    <testcase time="0.0900000000000034" classname="table_rmpt06" name="RMPT06_variant_2_is_produced_correctly"/>
    <testcase time="0.282999999999987" classname="table_rmpt06" name="RMPT06_variant_3_is_produced_correctly"/>
    <testcase time="0.111999999999995" classname="table_rmpt06" name="RMPT06_variant_3_is_produced_correctly"/>
    <testcase time="0.283000000000015" classname="table_rmpt06" name="RMPT06_variant_4_is_produced_correctly"/>
    <testcase time="0.113" classname="table_rmpt06" name="RMPT06_variant_4_is_produced_correctly"/>
  </testsuite>
  <testsuite name="table_rspt01" timestamp="2025-01-07T04:18:36Z" hostname="56de896564bf" tests="12" skipped="0" failures="0" errors="0" time="2.217">
    <testcase time="0.259999999999991" classname="table_rspt01" name="RSPT01_1._Best_Overall_Response"/>
    <testcase time="0.119" classname="table_rspt01" name="RSPT01_1._Best_Overall_Response"/>
    <testcase time="0.229000000000013" classname="table_rspt01" name="RSPT01_2._Best_Overall_Response_selecting_sections_to_display_"/>
    <testcase time="0.10499999999999" classname="table_rspt01" name="RSPT01_2._Best_Overall_Response_selecting_sections_to_display_"/>
    <testcase time="0.289999999999992" classname="table_rspt01" name="RSPT01_3._Best_Overall_Response_modifying_settings_"/>
    <testcase time="0.113" classname="table_rspt01" name="RSPT01_3._Best_Overall_Response_modifying_settings_"/>
    <testcase time="0.316000000000003" classname="table_rspt01" name="RSPT01_4._Best_Overall_Response_with_stratified_analysis_"/>
    <testcase time="0.132000000000005" classname="table_rspt01" name="RSPT01_4._Best_Overall_Response_with_stratified_analysis_"/>
    <testcase time="0.248999999999995" classname="table_rspt01" name="RSPT01_5._Best_Overall_Response_modifying_the_definition_of_overall_response_"/>
    <testcase time="0.106999999999999" classname="table_rspt01" name="RSPT01_5._Best_Overall_Response_modifying_the_definition_of_overall_response_"/>
    <testcase time="0.203000000000003" classname="table_rspt01" name="RSPT01_6._Best_Overall_Response_define_new_sections_to_display_"/>
    <testcase time="0.0939999999999941" classname="table_rspt01" name="RSPT01_6._Best_Overall_Response_define_new_sections_to_display_"/>
  </testsuite>
  <testsuite name="table_ttet01" timestamp="2025-01-07T04:18:38Z" hostname="56de896564bf" tests="14" skipped="0" failures="0" errors="0" time="3.366">
    <testcase time="0.40100000000001" classname="table_ttet01" name="TTET01_default_variant_is_produced_correctly"/>
    <testcase time="0.169000000000011" classname="table_ttet01" name="TTET01_default_variant_is_produced_correctly"/>
    <testcase time="0.369" classname="table_ttet01" name="TTET01_default_variant_with_Placebo_arm"/>
    <testcase time="0.179000000000002" classname="table_ttet01" name="TTET01_default_variant_with_Placebo_arm"/>
    <testcase time="0.199999999999989" classname="table_ttet01" name="TTET01_variant_2_selecting_sections_to_display"/>
    <testcase time="0.111999999999995" classname="table_ttet01" name="TTET01_variant_2_selecting_sections_to_display"/>
    <testcase time="0.302999999999997" classname="table_ttet01" name="TTET01_variant_3_modifying_analysis_details_like_conftype_ties_alpha_level"/>
    <testcase time="0.13900000000001" classname="table_ttet01" name="TTET01_variant_3_modifying_analysis_details_like_conftype_ties_alpha_level"/>
    <testcase time="0.373999999999995" classname="table_ttet01" name="TTET01_variant_4_with_stratified_analysis"/>
    <testcase time="0.149000000000001" classname="table_ttet01" name="TTET01_variant_4_with_stratified_analysis"/>
    <testcase time="0.308999999999997" classname="table_ttet01" name="TTET01_variant_5_modifying_time_point"/>
    <testcase time="0.13300000000001" classname="table_ttet01" name="TTET01_variant_5_modifying_time_point"/>
    <testcase time="0.388999999999982" classname="table_ttet01" name="TTET01_variant_6_requesting_more_than_one_p_value"/>
    <testcase time="0.140000000000015" classname="table_ttet01" name="TTET01_variant_6_requesting_more_than_one_p_value"/>
  </testsuite>
  <testsuite name="table_vst01" timestamp="2025-01-07T04:18:43Z" hostname="56de896564bf" tests="2" skipped="0" failures="0" errors="0" time="2.084">
    <testcase time="1.67599999999999" classname="table_vst01" name="VST01_default_variant_is_produced_correctly"/>
    <testcase time="0.408000000000015" classname="table_vst01" name="VST01_default_variant_is_produced_correctly"/>
  </testsuite>
  <testsuite name="table_vst02" timestamp="2025-01-07T04:18:45Z" hostname="56de896564bf" tests="4" skipped="0" failures="0" errors="0" time="1.481">
    <testcase time="1.02799999999999" classname="table_vst02" name="1._Vital_Sign_Abnormalities_Regardless_of_Abnormality_at_Baseline_VST02_1_"/>
    <testcase time="0.106999999999999" classname="table_vst02" name="1._Vital_Sign_Abnormalities_Regardless_of_Abnormality_at_Baseline_VST02_1_"/>
    <testcase time="0.25" classname="table_vst02" name="2._Vital_Sign_Abnormalities_Among_Subject_Without_Abnormality_at_Baseline_VST02_2_"/>
    <testcase time="0.0960000000000036" classname="table_vst02" name="2._Vital_Sign_Abnormalities_Among_Subject_Without_Abnormality_at_Baseline_VST02_2_"/>
  </testsuite>
</testsuites>
