<?xml version="1.0" encoding="UTF-8"?>
<testsuites>
  <testsuite name="hello" timestamp="2023-02-08T12:29:31Z" hostname="a9f60b1086c8" tests="1" skipped="0" failures="0" errors="0" time="0.221">
    <testcase time="0.221" classname="hello" name="hello_greets_the_entity"/>
  </testsuite>
</testsuites>
