<?xml version="1.0" encoding="UTF-8"?>
<testsuites>
  <testsuite name="listing_adal02" timestamp="2025-01-10T02:40:43Z" hostname="961101bbe344" tests="1" skipped="0" failures="0" errors="0" time="0.275">
    <testcase time="0.275" classname="listing_adal02" name="ADAL02_listing_is_produced_correctly"/>
  </testsuite>
  <testsuite name="listing_ael01" timestamp="2025-01-10T02:40:43Z" hostname="961101bbe344" tests="1" skipped="0" failures="0" errors="0" time="0.208">
    <testcase time="0.208" classname="listing_ael01" name="AEL01_listing_is_produced_correctly"/>
  </testsuite>
  <testsuite name="listing_ael01_nollt" timestamp="2025-01-10T02:40:44Z" hostname="961101bbe344" tests="1" skipped="0" failures="0" errors="0" time="0.076">
    <testcase time="0.0760000000000005" classname="listing_ael01_nollt" name="AEL01_NOLLT_listing_is_produced_correctly"/>
  </testsuite>
  <testsuite name="listing_ael02" timestamp="2025-01-10T02:40:44Z" hostname="961101bbe344" tests="1" skipped="0" failures="0" errors="0" time="0.303">
    <testcase time="0.302999999999999" classname="listing_ael02" name="AEL02_listing_is_produced_correctly"/>
  </testsuite>
  <testsuite name="listing_ael02_ed" timestamp="2025-01-10T02:40:44Z" hostname="961101bbe344" tests="1" skipped="0" failures="0" errors="0" time="0.342">
    <testcase time="0.342000000000001" classname="listing_ael02_ed" name="AEL02_ED_listing_is_produced_correctly"/>
  </testsuite>
  <testsuite name="listing_ael03" timestamp="2025-01-10T02:40:44Z" hostname="961101bbe344" tests="1" skipped="0" failures="0" errors="0" time="0.292">
    <testcase time="0.292" classname="listing_ael03" name="AEL03_listing_is_produced_correctly"/>
  </testsuite>
  <testsuite name="listing_ael04" timestamp="2025-01-10T02:40:45Z" hostname="961101bbe344" tests="1" skipped="0" failures="0" errors="0" time="0.211">
    <testcase time="0.211" classname="listing_ael04" name="AEL04_listing_is_produced_correctly"/>
  </testsuite>
  <testsuite name="listing_cml01" timestamp="2025-01-10T02:40:45Z" hostname="961101bbe344" tests="1" skipped="0" failures="0" errors="0" time="0.342">
    <testcase time="0.341999999999999" classname="listing_cml01" name="CML01_listing_is_produced_correctly"/>
  </testsuite>
  <testsuite name="listing_cml02a_gl" timestamp="2025-01-10T02:40:45Z" hostname="961101bbe344" tests="1" skipped="0" failures="0" errors="0" time="0.119">
    <testcase time="0.119000000000002" classname="listing_cml02a_gl" name="CML02A_GL_listing_is_produced_correctly"/>
  </testsuite>
  <testsuite name="listing_cml02b_gl" timestamp="2025-01-10T02:40:45Z" hostname="961101bbe344" tests="1" skipped="0" failures="0" errors="0" time="0.18">
    <testcase time="0.18" classname="listing_cml02b_gl" name="CML02B_GL_listing_is_produced_correctly"/>
  </testsuite>
  <testsuite name="listing_dsl01" timestamp="2025-01-10T02:40:45Z" hostname="961101bbe344" tests="1" skipped="0" failures="0" errors="0" time="0.19">
    <testcase time="0.19" classname="listing_dsl01" name="DSL01_listing_is_produced_correctly"/>
  </testsuite>
  <testsuite name="listing_dsl02" timestamp="2025-01-10T02:40:46Z" hostname="961101bbe344" tests="1" skipped="0" failures="0" errors="0" time="0.075">
    <testcase time="0.0749999999999993" classname="listing_dsl02" name="DSL02_listing_is_produced_correctly"/>
  </testsuite>
  <testsuite name="listing_dsur4" timestamp="2025-01-10T02:40:46Z" hostname="961101bbe344" tests="1" skipped="0" failures="0" errors="0" time="0.116">
    <testcase time="0.116000000000001" classname="listing_dsur4" name="DSUR4_listing_is_produced_correctly"/>
  </testsuite>
  <testsuite name="listing_egl01" timestamp="2025-01-10T02:40:46Z" hostname="961101bbe344" tests="1" skipped="0" failures="0" errors="0" time="0.421">
    <testcase time="0.420999999999999" classname="listing_egl01" name="EGL01_listing_is_produced_correctly"/>
  </testsuite>
  <testsuite name="listing_exl01" timestamp="2025-01-10T02:40:46Z" hostname="961101bbe344" tests="1" skipped="0" failures="0" errors="0" time="0.229">
    <testcase time="0.228999999999999" classname="listing_exl01" name="EXL01_listing_is_produced_correctly"/>
  </testsuite>
  <testsuite name="listing_lbl01" timestamp="2025-01-10T02:40:46Z" hostname="961101bbe344" tests="1" skipped="0" failures="0" errors="0" time="0.544">
    <testcase time="0.544" classname="listing_lbl01" name="LBL01_listing_is_produced_correctly"/>
  </testsuite>
  <testsuite name="listing_lbl01_rls" timestamp="2025-01-10T02:40:47Z" hostname="961101bbe344" tests="1" skipped="0" failures="0" errors="0" time="0.537">
    <testcase time="0.537000000000001" classname="listing_lbl01_rls" name="LBL01_RLS_listing_is_produced_correctly"/>
  </testsuite>
  <testsuite name="listing_lbl02a" timestamp="2025-01-10T02:40:48Z" hostname="961101bbe344" tests="1" skipped="0" failures="0" errors="0" time="0.261">
    <testcase time="0.260999999999999" classname="listing_lbl02a" name="LBL02A_listing_is_produced_correctly"/>
  </testsuite>
  <testsuite name="listing_lbl02a_rls" timestamp="2025-01-10T02:40:48Z" hostname="961101bbe344" tests="1" skipped="0" failures="0" errors="0" time="0.81">
    <testcase time="0.81" classname="listing_lbl02a_rls" name="LBL02A_RLS_listing_is_produced_correctly"/>
  </testsuite>
  <testsuite name="listing_lbl02b" timestamp="2025-01-10T02:40:49Z" hostname="961101bbe344" tests="1" skipped="0" failures="0" errors="0" time="0.3">
    <testcase time="0.299999999999999" classname="listing_lbl02b" name="LBL02B_listing_is_produced_correctly"/>
  </testsuite>
  <testsuite name="listing_mhl01" timestamp="2025-01-10T02:40:49Z" hostname="961101bbe344" tests="1" skipped="0" failures="0" errors="0" time="0.257">
    <testcase time="0.257000000000001" classname="listing_mhl01" name="MHL01_listing_is_produced_correctly"/>
  </testsuite>
  <testsuite name="listing_oncl01" timestamp="2025-01-10T02:40:49Z" hostname="961101bbe344" tests="1" skipped="0" failures="0" errors="0" time="0.253">
    <testcase time="0.253" classname="listing_oncl01" name="ONCL01_listing_is_produced_correctly"/>
  </testsuite>
  <testsuite name="listing_pkcl01" timestamp="2025-01-10T02:40:49Z" hostname="961101bbe344" tests="1" skipped="0" failures="0" errors="0" time="0.204">
    <testcase time="0.203999999999999" classname="listing_pkcl01" name="PKCL01_listing_is_produced_correctly"/>
  </testsuite>
  <testsuite name="listing_pkcl02" timestamp="2025-01-10T02:40:50Z" hostname="961101bbe344" tests="1" skipped="0" failures="0" errors="0" time="0.206">
    <testcase time="0.206" classname="listing_pkcl02" name="PKCL02_listing_is_produced_correctly"/>
  </testsuite>
  <testsuite name="listing_pkpl01" timestamp="2025-01-10T02:40:50Z" hostname="961101bbe344" tests="1" skipped="0" failures="0" errors="0" time="0.243">
    <testcase time="0.243" classname="listing_pkpl01" name="PKPL01_listing_is_produced_correctly"/>
  </testsuite>
  <testsuite name="listing_pkpl02" timestamp="2025-01-10T02:40:50Z" hostname="961101bbe344" tests="1" skipped="0" failures="0" errors="0" time="0.16">
    <testcase time="0.16" classname="listing_pkpl02" name="PKPL02_listing_is_produced_correctly"/>
  </testsuite>
  <testsuite name="listing_pkpl04" timestamp="2025-01-10T02:40:50Z" hostname="961101bbe344" tests="1" skipped="0" failures="0" errors="0" time="0.216">
    <testcase time="0.215999999999999" classname="listing_pkpl04" name="PKPL04_listing_is_produced_correctly"/>
  </testsuite>
  <testsuite name="listing_vsl01" timestamp="2025-01-10T02:40:50Z" hostname="961101bbe344" tests="1" skipped="0" failures="0" errors="0" time="0.441">
    <testcase time="0.441000000000001" classname="listing_vsl01" name="VSL01_listing_is_produced_correctly"/>
  </testsuite>
  <testsuite name="pagination_listing" timestamp="2025-01-10T02:40:51Z" hostname="961101bbe344" tests="13" skipped="0" failures="0" errors="0" time="5.949">
    <testcase time="0.032" classname="pagination_listing" name="Direct_pagination_works_fine"/>
    <testcase time="0.988999999999999" classname="pagination_listing" name="Direct_pagination_works_fine"/>
    <testcase time="0.00300000000000011" classname="pagination_listing" name="Direct_pagination_works_fine"/>
    <testcase time="0.916" classname="pagination_listing" name="Direct_pagination_works_fine"/>
    <testcase time="1.264" classname="pagination_listing" name="Direct_pagination_works_fine"/>
    <testcase time="1.343" classname="pagination_listing" name="pagination_counts_the_right_number_of_lines_when_wrapping_on_keycols_is_present"/>
    <testcase time="0.00700000000000145" classname="pagination_listing" name="pagination_counts_the_right_number_of_lines_when_wrapping_on_keycols_is_present"/>
    <testcase time="0.00499999999999901" classname="pagination_listing" name="pagination_counts_the_right_number_of_lines_when_wrapping_on_keycols_is_present"/>
    <testcase time="0.00300000000000011" classname="pagination_listing" name="pagination_counts_the_right_number_of_lines_when_wrapping_on_keycols_is_present"/>
    <testcase time="1.375" classname="pagination_listing" name="pagination_counts_the_right_number_of_lines_when_wrapping_on_keycols_is_present"/>
    <testcase time="0.00499999999999901" classname="pagination_listing" name="pagination_counts_the_right_number_of_lines_when_wrapping_on_keycols_is_present"/>
    <testcase time="0.00400000000000134" classname="pagination_listing" name="pagination_counts_the_right_number_of_lines_when_wrapping_on_keycols_is_present"/>
    <testcase time="0.00300000000000011" classname="pagination_listing" name="pagination_counts_the_right_number_of_lines_when_wrapping_on_keycols_is_present"/>
  </testsuite>
  <testsuite name="pagination_table" timestamp="2025-01-10T02:40:58Z" hostname="961101bbe344" tests="30" skipped="0" failures="0" errors="0" time="14.544">
    <testcase time="1.888" classname="pagination_table" name="Direct_pagination_with_standard_values"/>
    <testcase time="0.00499999999999901" classname="pagination_table" name="Direct_pagination_with_standard_values"/>
    <testcase time="0.00300000000000011" classname="pagination_table" name="Direct_pagination_with_standard_values"/>
    <testcase time="1.48" classname="pagination_table" name="Pagination_with_specific_column_widths_and_minimum_lines_per_page"/>
    <testcase time="0.00399999999999778" classname="pagination_table" name="Pagination_with_specific_column_widths_and_minimum_lines_per_page"/>
    <testcase time="0.115000000000002" classname="pagination_table" name="Pagination_with_specific_column_widths_and_minimum_lines_per_page"/>
    <testcase time="0.946999999999999" classname="pagination_table" name="Pagination_works_also_if_table_is_decorated"/>
    <testcase time="0.538" classname="pagination_table" name="Pagination_works_also_if_table_is_decorated"/>
    <testcase time="0.812999999999999" classname="pagination_table" name="Pagination_works_also_if_table_is_decorated"/>
    <testcase time="0.662000000000003" classname="pagination_table" name="Pagination_works_also_if_table_is_decorated"/>
    <testcase time="1.354" classname="pagination_table" name="Pagination_works_also_if_table_is_decorated"/>
    <testcase time="0.316000000000003" classname="pagination_table" name="Pagination_works_also_if_table_is_decorated"/>
    <testcase time="0.00300000000000011" classname="pagination_table" name="Pagination_works_also_if_table_is_decorated"/>
    <testcase time="0.0219999999999985" classname="pagination_table" name="Pagination_works_also_if_table_is_decorated"/>
    <testcase time="0.147000000000002" classname="pagination_table" name="Pagination_works_also_if_table_is_decorated"/>
    <testcase time="0.0949999999999989" classname="pagination_table" name="Pagination_works_also_if_table_is_decorated"/>
    <testcase time="0.715" classname="pagination_table" name="Pagination_works_for_page_types"/>
    <testcase time="0.0859999999999985" classname="pagination_table" name="Pagination_works_for_page_types"/>
    <testcase time="0.752000000000002" classname="pagination_table" name="Pagination_works_for_page_types"/>
    <testcase time="0.0769999999999982" classname="pagination_table" name="Pagination_works_for_page_types"/>
    <testcase time="0.677000000000003" classname="pagination_table" name="Pagination_works_for_page_types"/>
    <testcase time="0.401999999999994" classname="pagination_table" name="Pagination_works_for_page_types"/>
    <testcase time="0.716000000000001" classname="pagination_table" name="Pagination_works_for_page_width_and_height"/>
    <testcase time="0.135000000000005" classname="pagination_table" name="Pagination_works_for_page_width_and_height"/>
    <testcase time="0.811" classname="pagination_table" name="Pagination_works_for_page_types"/>
    <testcase time="0.165999999999997" classname="pagination_table" name="Pagination_works_for_page_types"/>
    <testcase time="0.837000000000003" classname="pagination_table" name="AET04_variant_2_page_by_pagination_tests"/>
    <testcase time="0.622999999999998" classname="pagination_table" name="AET04_variant_2_page_by_pagination_tests"/>
    <testcase time="0.000999999999997669" classname="pagination_table" name="AET04_variant_2_page_by_pagination_tests"/>
    <testcase time="0.154000000000003" classname="pagination_table" name="AET04_variant_2_page_by_pagination_tests"/>
  </testsuite>
  <testsuite name="table_adat03" timestamp="2025-01-10T02:41:11Z" hostname="961101bbe344" tests="2" skipped="0" failures="0" errors="0" time="0.575">
    <testcase time="0.434999999999995" classname="table_adat03" name="ADAT03_is_produced_correctly"/>
    <testcase time="0.140000000000001" classname="table_adat03" name="ADAT03_is_produced_correctly"/>
  </testsuite>
  <testsuite name="table_aet01" timestamp="2025-01-10T02:41:12Z" hostname="961101bbe344" tests="8" skipped="0" failures="0" errors="0" time="1.803">
    <testcase time="0.361000000000004" classname="table_aet01" name="Safety_Summary_Variant_1_works_as_expected"/>
    <testcase time="0.119" classname="table_aet01" name="Safety_Summary_Variant_1_works_as_expected"/>
    <testcase time="0.326999999999998" classname="table_aet01" name="Safety_Summary_Variant_2_with_Medical_Concepts_Section_works_as_expected"/>
    <testcase time="0.131" classname="table_aet01" name="Safety_Summary_Variant_2_with_Medical_Concepts_Section_works_as_expected"/>
    <testcase time="0.262999999999998" classname="table_aet01" name="Safety_Summary_Variant_3_with_Modified_Rows_works_as_expected"/>
    <testcase time="0.0930000000000035" classname="table_aet01" name="Safety_Summary_Variant_3_with_Modified_Rows_works_as_expected"/>
    <testcase time="0.372" classname="table_aet01" name="Safety_Summary_Variant_4_with_Rows_Counting_Events_and_Additional_Sections_works_as_expected"/>
    <testcase time="0.137" classname="table_aet01" name="Safety_Summary_Variant_4_with_Rows_Counting_Events_and_Additional_Sections_works_as_expected"/>
  </testsuite>
  <testsuite name="table_aet01_aesi" timestamp="2025-01-10T02:41:14Z" hostname="961101bbe344" tests="8" skipped="0" failures="0" errors="0" time="2.693">
    <testcase time="0.263999999999996" classname="table_aet01_aesi" name="AET01_AESI_Variant_1_works_as_expected"/>
    <testcase time="0.113" classname="table_aet01_aesi" name="AET01_AESI_Variant_1_works_as_expected"/>
    <testcase time="0.451000000000001" classname="table_aet01_aesi" name="AET01_AESI_Variant_2_works_as_expected"/>
    <testcase time="0.158999999999999" classname="table_aet01_aesi" name="AET01_AESI_Variant_2_works_as_expected"/>
    <testcase time="0.674999999999997" classname="table_aet01_aesi" name="AET01_AESI_Variant_3_works_as_expected"/>
    <testcase time="0.218000000000004" classname="table_aet01_aesi" name="AET01_AESI_Variant_3_works_as_expected"/>
    <testcase time="0.574999999999996" classname="table_aet01_aesi" name="AET01_AESI_Variant_4_works_as_expected"/>
    <testcase time="0.238" classname="table_aet01_aesi" name="AET01_AESI_Variant_4_works_as_expected"/>
  </testsuite>
  <testsuite name="table_aet02" timestamp="2025-01-10T02:41:16Z" hostname="961101bbe344" tests="26" skipped="0" failures="0" errors="0" time="8.437">
    <testcase time="0.576000000000001" classname="table_aet02" name="AET02_variant_1_is_produced_correctly"/>
    <testcase time="0.188000000000002" classname="table_aet02" name="AET02_variant_1_is_produced_correctly"/>
    <testcase time="0.459000000000003" classname="table_aet02" name="AET02_variant_1_is_produced_correctly"/>
    <testcase time="0.106999999999999" classname="table_aet02" name="AET02_variant_1_is_produced_correctly"/>
    <testcase time="0.887" classname="table_aet02" name="AET02_variant_2_is_produced_correctly"/>
    <testcase time="0.187999999999995" classname="table_aet02" name="AET02_variant_2_is_produced_correctly"/>
    <testcase time="0.895000000000003" classname="table_aet02" name="AET02_variant_3_is_produced_correctly"/>
    <testcase time="0.301000000000002" classname="table_aet02" name="AET02_variant_3_is_produced_correctly"/>
    <testcase time="0.125999999999998" classname="table_aet02" name="AET02_variant_4_is_produced_correctly"/>
    <testcase time="0.0989999999999966" classname="table_aet02" name="AET02_variant_4_is_produced_correctly"/>
    <testcase time="0.405000000000001" classname="table_aet02" name="AET02_variant_5_is_produced_correctly"/>
    <testcase time="0.161000000000001" classname="table_aet02" name="AET02_variant_5_is_produced_correctly"/>
    <testcase time="0.398000000000003" classname="table_aet02" name="AET02_variant_6_is_produced_correctly"/>
    <testcase time="0.108999999999995" classname="table_aet02" name="AET02_variant_6_is_produced_correctly"/>
    <testcase time="0.929000000000002" classname="table_aet02" name="AET02_variant_7_is_produced_correctly"/>
    <testcase time="0.149000000000001" classname="table_aet02" name="AET02_variant_7_is_produced_correctly"/>
    <testcase time="0.399000000000001" classname="table_aet02" name="AET02_variant_8_is_produced_correctly"/>
    <testcase time="0.0850000000000009" classname="table_aet02" name="AET02_variant_8_is_produced_correctly"/>
    <testcase time="0.393000000000001" classname="table_aet02" name="AET02_variant_9_is_produced_correctly"/>
    <testcase time="0.110999999999997" classname="table_aet02" name="AET02_variant_9_is_produced_correctly"/>
    <testcase time="0.396000000000001" classname="table_aet02" name="AET02_variant_10_is_produced_correctly"/>
    <testcase time="0.0889999999999986" classname="table_aet02" name="AET02_variant_10_is_produced_correctly"/>
    <testcase time="0.402000000000001" classname="table_aet02" name="AET02_variant_11_is_produced_correctly"/>
    <testcase time="0.0850000000000009" classname="table_aet02" name="AET02_variant_11_is_produced_correctly"/>
    <testcase time="0.417999999999999" classname="table_aet02" name="AET02_variant_12_is_produced_correctly"/>
    <testcase time="0.0820000000000007" classname="table_aet02" name="AET02_variant_12_is_produced_correctly"/>
  </testsuite>
  <testsuite name="table_aet02_smq" timestamp="2025-01-10T02:41:25Z" hostname="961101bbe344" tests="4" skipped="0" failures="0" errors="0" time="0.455">
    <testcase time="0.125999999999998" classname="table_aet02_smq" name="AET02SMQ_variant_1_is_produced_correctly"/>
    <testcase time="0.0710000000000051" classname="table_aet02_smq" name="AET02SMQ_variant_1_is_produced_correctly"/>
    <testcase time="0.161999999999999" classname="table_aet02_smq" name="AET02SMQ_variant_2_is_produced_correctly"/>
    <testcase time="0.0959999999999965" classname="table_aet02_smq" name="AET02SMQ_variant_2_is_produced_correctly"/>
  </testsuite>
  <testsuite name="table_aet03" timestamp="2025-01-10T02:41:25Z" hostname="961101bbe344" tests="6" skipped="0" failures="0" errors="0" time="4.94">
    <testcase time="1.14700000000001" classname="table_aet03" name="AET03_variant_1_is_produced_correctly"/>
    <testcase time="0.412999999999997" classname="table_aet03" name="AET03_variant_1_is_produced_correctly"/>
    <testcase time="1.4" classname="table_aet03" name="AET03_variant_1_is_produced_correctly"/>
    <testcase time="0.678000000000004" classname="table_aet03" name="AET03_variant_1_is_produced_correctly"/>
    <testcase time="1.089" classname="table_aet03" name="AET03_variant_1_is_produced_correctly"/>
    <testcase time="0.213000000000001" classname="table_aet03" name="AET03_variant_1_is_produced_correctly"/>
  </testsuite>
  <testsuite name="table_aet04" timestamp="2025-01-10T02:41:31Z" hostname="961101bbe344" tests="30" skipped="0" failures="0" errors="0" time="12.73">
    <testcase time="0.774999999999999" classname="table_aet04" name="AET04_variant_1_is_produced_correctly"/>
    <testcase time="0.332000000000001" classname="table_aet04" name="AET04_variant_1_is_produced_correctly"/>
    <testcase time="0.786000000000001" classname="table_aet04" name="AET04_variant_1_is_produced_correctly"/>
    <testcase time="0.0429999999999993" classname="table_aet04" name="AET04_variant_1_is_produced_correctly"/>
    <testcase time="0.0529999999999973" classname="table_aet04" name="AET04_variant_1_is_produced_correctly"/>
    <testcase time="0.673000000000002" classname="table_aet04" name="AET04_variant_2_is_produced_correctly_Fill_in_of_Treatment_Groups_"/>
    <testcase time="0.289999999999999" classname="table_aet04" name="AET04_variant_2_is_produced_correctly_Fill_in_of_Treatment_Groups_"/>
    <testcase time="0.719000000000001" classname="table_aet04" name="AET04_variant_2_is_produced_correctly_Fill_in_of_Treatment_Groups_"/>
    <testcase time="0.0649999999999977" classname="table_aet04" name="AET04_variant_2_is_produced_correctly_Fill_in_of_Treatment_Groups_"/>
    <testcase time="0.036999999999999" classname="table_aet04" name="AET04_variant_2_is_produced_correctly_Fill_in_of_Treatment_Groups_"/>
    <testcase time="0.716000000000001" classname="table_aet04" name="AET04_variant_3_is_produced_correctly_Fill_in_of_Grades_"/>
    <testcase time="0.346000000000004" classname="table_aet04" name="AET04_variant_3_is_produced_correctly_Fill_in_of_Grades_"/>
    <testcase time="0.833999999999996" classname="table_aet04" name="AET04_variant_3_is_produced_correctly_Fill_in_of_Grades_"/>
    <testcase time="0.044000000000004" classname="table_aet04" name="AET04_variant_3_is_produced_correctly_Fill_in_of_Grades_"/>
    <testcase time="0.0539999999999949" classname="table_aet04" name="AET04_variant_3_is_produced_correctly_Fill_in_of_Grades_"/>
    <testcase time="0.728000000000002" classname="table_aet04" name="AET04_variant_4_is_produced_correctly_Collapsing_of_Grades_grades_1_2_grades_3_4_5_"/>
    <testcase time="0.552" classname="table_aet04" name="AET04_variant_4_is_produced_correctly_Collapsing_of_Grades_grades_1_2_grades_3_4_5_"/>
    <testcase time="0.727000000000004" classname="table_aet04" name="AET04_variant_4_is_produced_correctly_Collapsing_of_Grades_grades_1_2_grades_3_4_5_"/>
    <testcase time="0.699999999999996" classname="table_aet04" name="AET04_variant_6_is_produced_correctly_with_an_Incidence_Rate_of_at_Least_5_totals_restricted_"/>
    <testcase time="0.305" classname="table_aet04" name="AET04_variant_6_is_produced_correctly_with_an_Incidence_Rate_of_at_Least_5_totals_restricted_"/>
    <testcase time="0.747000000000007" classname="table_aet04" name="AET04_variant_6_is_produced_correctly_with_an_Incidence_Rate_of_at_Least_5_totals_restricted_"/>
    <testcase time="0.00999999999999091" classname="table_aet04" name="AET04_variant_8_is_produced_correctly_with_an_Incidence_Rate_of_at_Least_X_Patients_"/>
    <testcase time="0.314000000000007" classname="table_aet04" name="AET04_variant_8_is_produced_correctly_with_an_Incidence_Rate_of_at_Least_X_Patients_"/>
    <testcase time="0.751999999999995" classname="table_aet04" name="AET04_variant_8_is_produced_correctly_with_an_Incidence_Rate_of_at_Least_X_Patients_"/>
    <testcase time="0.0100000000000051" classname="table_aet04" name="AET04_variant_9_is_produced_correctly_with_a_Difference_in_Incidence_Rate_of_at_Least_X_"/>
    <testcase time="0.308999999999997" classname="table_aet04" name="AET04_variant_9_is_produced_correctly_with_a_Difference_in_Incidence_Rate_of_at_Least_X_"/>
    <testcase time="0.742000000000004" classname="table_aet04" name="AET04_variant_9_is_produced_correctly_with_a_Difference_in_Incidence_Rate_of_at_Least_X_"/>
    <testcase time="0.00999999999999091" classname="table_aet04" name="AET04_variant_11_is_produced_correctly_with_Incidence_Rate_of_at_Least_X_all_SOCs_w_o_preferred_terms_removed_"/>
    <testcase time="0.314999999999998" classname="table_aet04" name="AET04_variant_11_is_produced_correctly_with_Incidence_Rate_of_at_Least_X_all_SOCs_w_o_preferred_terms_removed_"/>
    <testcase time="0.742000000000004" classname="table_aet04" name="AET04_variant_11_is_produced_correctly_with_Incidence_Rate_of_at_Least_X_all_SOCs_w_o_preferred_terms_removed_"/>
  </testsuite>
  <testsuite name="table_aet04_pi" timestamp="2025-01-10T02:41:43Z" hostname="961101bbe344" tests="18" skipped="0" failures="0" errors="0" time="6.736">
    <testcase time="0.579000000000008" classname="table_aet04_pi" name="AET04_PI_full_table_is_produced_correctly"/>
    <testcase time="0.227999999999994" classname="table_aet04_pi" name="AET04_PI_full_table_is_produced_correctly"/>
    <testcase time="0.608999999999995" classname="table_aet04_pi" name="AET04_PI_variant_1_is_produced_correctly"/>
    <testcase time="0.189000000000007" classname="table_aet04_pi" name="AET04_PI_variant_1_is_produced_correctly"/>
    <testcase time="0.611999999999995" classname="table_aet04_pi" name="AET04_PI_variant_2_is_produced_correctly"/>
    <testcase time="0.123000000000005" classname="table_aet04_pi" name="AET04_PI_variant_2_is_produced_correctly"/>
    <testcase time="0.605000000000004" classname="table_aet04_pi" name="AET04_PI_variant_3_is_produced_correctly"/>
    <testcase time="0.140000000000001" classname="table_aet04_pi" name="AET04_PI_variant_3_is_produced_correctly"/>
    <testcase time="0.60799999999999" classname="table_aet04_pi" name="AET04_PI_variant_4_is_produced_correctly"/>
    <testcase time="0.109999999999999" classname="table_aet04_pi" name="AET04_PI_variant_4_is_produced_correctly"/>
    <testcase time="0.615000000000009" classname="table_aet04_pi" name="AET04_PI_variant_5_is_produced_correctly"/>
    <testcase time="0.161999999999992" classname="table_aet04_pi" name="AET04_PI_variant_5_is_produced_correctly"/>
    <testcase time="0.762" classname="table_aet04_pi" name="AET04_PI_variant_6_is_produced_correctly"/>
    <testcase time="0.162999999999997" classname="table_aet04_pi" name="AET04_PI_variant_6_is_produced_correctly"/>
    <testcase time="0.748000000000005" classname="table_aet04_pi" name="AET04_PI_variant_7_is_produced_correctly"/>
    <testcase time="0.164000000000001" classname="table_aet04_pi" name="AET04_PI_variant_7_is_produced_correctly"/>
    <testcase time="0.183000000000007" classname="table_aet04_pi" name="AET04_PI_variant_8_is_produced_correctly"/>
    <testcase time="0.135999999999996" classname="table_aet04_pi" name="AET04_PI_variant_8_is_produced_correctly"/>
  </testsuite>
  <testsuite name="table_aet05" timestamp="2025-01-10T02:41:50Z" hostname="961101bbe344" tests="4" skipped="0" failures="0" errors="0" time="0.295">
    <testcase time="0.0810000000000031" classname="table_aet05" name="AET05_variant_1_is_produced_correctly"/>
    <testcase time="0.0799999999999983" classname="table_aet05" name="AET05_variant_1_is_produced_correctly"/>
    <testcase time="0.0570000000000022" classname="table_aet05" name="AET05_variant_2_is_produced_correctly"/>
    <testcase time="0.0769999999999982" classname="table_aet05" name="AET05_variant_2_is_produced_correctly"/>
  </testsuite>
  <testsuite name="table_aet05_all" timestamp="2025-01-10T02:41:50Z" hostname="961101bbe344" tests="4" skipped="0" failures="0" errors="0" time="0.312">
    <testcase time="0.105999999999995" classname="table_aet05_all" name="AET05_ALL_variant_1_is_produced_correctly"/>
    <testcase time="0.0790000000000077" classname="table_aet05_all" name="AET05_ALL_variant_1_is_produced_correctly"/>
    <testcase time="0.063999999999993" classname="table_aet05_all" name="AET05_ALL_variant_2_is_produced_correctly"/>
    <testcase time="0.0630000000000024" classname="table_aet05_all" name="AET05_ALL_variant_2_is_produced_correctly"/>
  </testsuite>
  <testsuite name="table_aet06" timestamp="2025-01-10T02:41:50Z" hostname="961101bbe344" tests="6" skipped="0" failures="0" errors="0" time="4.005">
    <testcase time="0.619" classname="table_aet06" name="AET06_variant_1_is_produced_correctly"/>
    <testcase time="0.245000000000005" classname="table_aet06" name="AET06_variant_1_is_produced_correctly"/>
    <testcase time="1.035" classname="table_aet06" name="AET06_variant_3_is_produced_correctly"/>
    <testcase time="0.355000000000004" classname="table_aet06" name="AET06_variant_3_is_produced_correctly"/>
    <testcase time="1.33" classname="table_aet06" name="AET06_variant_5_is_produced_correctly"/>
    <testcase time="0.420999999999992" classname="table_aet06" name="AET06_variant_5_is_produced_correctly"/>
  </testsuite>
  <testsuite name="table_aet06_smq" timestamp="2025-01-10T02:41:54Z" hostname="961101bbe344" tests="4" skipped="0" failures="0" errors="0" time="1.092">
    <testcase time="0.378" classname="table_aet06_smq" name="AET06_SMQ_variant_1_is_produced_correctly"/>
    <testcase time="0.155000000000001" classname="table_aet06_smq" name="AET06_SMQ_variant_1_is_produced_correctly"/>
    <testcase time="0.397000000000006" classname="table_aet06_smq" name="AET06_SMQ_variant_2_is_produced_correctly"/>
    <testcase time="0.161999999999992" classname="table_aet06_smq" name="AET06_SMQ_variant_2_is_produced_correctly"/>
  </testsuite>
  <testsuite name="table_aet07" timestamp="2025-01-10T02:41:55Z" hostname="961101bbe344" tests="4" skipped="0" failures="0" errors="0" time="0.208">
    <testcase time="0.0529999999999973" classname="table_aet07" name="AET07_variant_1_is_produced_correctly"/>
    <testcase time="0.0550000000000068" classname="table_aet07" name="AET07_variant_1_is_produced_correctly"/>
    <testcase time="0.0559999999999974" classname="table_aet07" name="AET07_variant_2_is_produced_correctly"/>
    <testcase time="0.0439999999999969" classname="table_aet07" name="AET07_variant_2_is_produced_correctly"/>
  </testsuite>
  <testsuite name="table_aet09" timestamp="2025-01-10T02:41:56Z" hostname="961101bbe344" tests="4" skipped="0" failures="0" errors="0" time="2.183">
    <testcase time="0.577000000000012" classname="table_aet09" name="AET09_variant_1_is_produced_correctly_AE_related_to_study_drug"/>
    <testcase time="0.195999999999998" classname="table_aet09" name="AET09_variant_1_is_produced_correctly_AE_related_to_study_drug"/>
    <testcase time="1.12899999999999" classname="table_aet09" name="AET09_variant_2_is_produced_correctly_AE_related_to_study_drug_including_high_level_terms_"/>
    <testcase time="0.281000000000006" classname="table_aet09" name="AET09_variant_2_is_produced_correctly_AE_related_to_study_drug_including_high_level_terms_"/>
  </testsuite>
  <testsuite name="table_aet09_smq" timestamp="2025-01-10T02:41:58Z" hostname="961101bbe344" tests="4" skipped="0" failures="0" errors="0" time="0.491">
    <testcase time="0.114000000000004" classname="table_aet09_smq" name="AET09_variant_1_AEs_related_to_study_drug_by_SMQ_is_produced_correctly"/>
    <testcase time="0.0759999999999934" classname="table_aet09_smq" name="AET09_variant_1_AEs_related_to_study_drug_by_SMQ_is_produced_correctly"/>
    <testcase time="0.198999999999998" classname="table_aet09_smq" name="AET09_variant_2_AEs_related_to_study_drug_by_SMQ_with_customized_queries_is_produced_correctly"/>
    <testcase time="0.102000000000004" classname="table_aet09_smq" name="AET09_variant_2_AEs_related_to_study_drug_by_SMQ_with_customized_queries_is_produced_correctly"/>
  </testsuite>
  <testsuite name="table_aet10" timestamp="2025-01-10T02:41:58Z" hostname="961101bbe344" tests="2" skipped="0" failures="0" errors="0" time="0.166">
    <testcase time="0.109999999999999" classname="table_aet10" name="AET10_default_variant_is_produced_correctly"/>
    <testcase time="0.0559999999999974" classname="table_aet10" name="AET10_default_variant_is_produced_correctly"/>
  </testsuite>
  <testsuite name="table_aovt01" timestamp="2025-01-10T02:41:59Z" hostname="961101bbe344" tests="4" skipped="0" failures="0" errors="0" time="1.141">
    <testcase time="0.343000000000004" classname="table_aovt01" name="AOVT01_variant_with_single_endpoint_is_produced_correctly"/>
    <testcase time="0.0819999999999936" classname="table_aovt01" name="AOVT01_variant_with_single_endpoint_is_produced_correctly"/>
    <testcase time="0.550000000000011" classname="table_aovt01" name="AOVT01_variant_with_multiple_endpoints_is_produced_correctly"/>
    <testcase time="0.165999999999997" classname="table_aovt01" name="AOVT01_variant_with_multiple_endpoints_is_produced_correctly"/>
  </testsuite>
  <testsuite name="table_aovt02" timestamp="2025-01-10T02:42:00Z" hostname="961101bbe344" tests="2" skipped="0" failures="0" errors="0" time="0.442">
    <testcase time="0.322999999999993" classname="table_aovt02" name="AOVT02_is_produced_correctly"/>
    <testcase time="0.119" classname="table_aovt02" name="AOVT02_is_produced_correctly"/>
  </testsuite>
  <testsuite name="table_aovt03" timestamp="2025-01-10T02:42:00Z" hostname="961101bbe344" tests="2" skipped="0" failures="0" errors="0" time="0.954">
    <testcase time="0.777000000000001" classname="table_aovt03" name="AOVT03_is_produced_correctly"/>
    <testcase time="0.177000000000007" classname="table_aovt03" name="AOVT03_is_produced_correctly"/>
  </testsuite>
  <testsuite name="table_cfbt01" timestamp="2025-01-10T02:42:01Z" hostname="961101bbe344" tests="2" skipped="0" failures="0" errors="0" time="0.665">
    <testcase time="0.450000000000003" classname="table_cfbt01" name="CFBT01_default_variant_is_produced_correctly"/>
    <testcase time="0.214999999999989" classname="table_cfbt01" name="CFBT01_default_variant_is_produced_correctly"/>
  </testsuite>
  <testsuite name="table_cmht01" timestamp="2025-01-10T02:42:02Z" hostname="961101bbe344" tests="4" skipped="0" failures="0" errors="0" time="1.762">
    <testcase time="0.418000000000006" classname="table_cmht01" name="CMHT01_variant_1_is_produced_correctly"/>
    <testcase time="0.0990000000000038" classname="table_cmht01" name="CMHT01_variant_1_is_produced_correctly"/>
    <testcase time="0.972999999999999" classname="table_cmht01" name="CMHT01_variant_2_is_produced_correctly"/>
    <testcase time="0.271999999999991" classname="table_cmht01" name="CMHT01_variant_2_is_produced_correctly"/>
  </testsuite>
  <testsuite name="table_cmt01" timestamp="2025-01-10T02:42:03Z" hostname="961101bbe344" tests="8" skipped="0" failures="0" errors="0" time="3.961">
    <testcase time="0.671000000000006" classname="table_cmt01" name="CMT01_default_variant_Concomitant_medications_is_produced_correctly"/>
    <testcase time="0.304999999999993" classname="table_cmt01" name="CMT01_default_variant_Concomitant_medications_is_produced_correctly"/>
    <testcase time="0.742000000000004" classname="table_cmt01" name="CMT01_variant_1_prior_medications_is_produced_correctly"/>
    <testcase time="0.335999999999999" classname="table_cmt01" name="CMT01_variant_1_prior_medications_is_produced_correctly"/>
    <testcase time="0.637" classname="table_cmt01" name="CMT01_variant_3_Concomitant_medications_is_produced_correctly"/>
    <testcase time="0.274000000000001" classname="table_cmt01" name="CMT01_variant_3_Concomitant_medications_is_produced_correctly"/>
    <testcase time="0.682000000000002" classname="table_cmt01" name="CMT01_variant_4_Concomitant_medications_is_produced_correctly"/>
    <testcase time="0.313999999999993" classname="table_cmt01" name="CMT01_variant_4_Concomitant_medications_is_produced_correctly"/>
  </testsuite>
  <testsuite name="table_cmt01a" timestamp="2025-01-10T02:42:08Z" hostname="961101bbe344" tests="8" skipped="0" failures="0" errors="0" time="5.739">
    <testcase time="1.26400000000001" classname="table_cmt01a" name="CMT01A_variant_1_is_produced_correctly"/>
    <testcase time="0.278999999999996" classname="table_cmt01a" name="CMT01A_variant_1_is_produced_correctly"/>
    <testcase time="1.092" classname="table_cmt01a" name="CMT01A_variant_2_is_produced_correctly"/>
    <testcase time="0.278000000000006" classname="table_cmt01a" name="CMT01A_variant_2_is_produced_correctly"/>
    <testcase time="1.16399999999999" classname="table_cmt01a" name="CMT01A_variant_3_is_produced_correctly"/>
    <testcase time="0.289000000000001" classname="table_cmt01a" name="CMT01A_variant_3_is_produced_correctly"/>
    <testcase time="1.12100000000001" classname="table_cmt01a" name="CMT01A_variant_4_is_produced_correctly"/>
    <testcase time="0.251999999999995" classname="table_cmt01a" name="CMT01A_variant_4_is_produced_correctly"/>
  </testsuite>
  <testsuite name="table_cmt01b" timestamp="2025-01-10T02:42:13Z" hostname="961101bbe344" tests="6" skipped="0" failures="0" errors="0" time="6.071">
    <testcase time="1.66800000000001" classname="table_cmt01b" name="CMT01B_variant_1_is_produced_correctly"/>
    <testcase time="0.411000000000001" classname="table_cmt01b" name="CMT01B_variant_1_is_produced_correctly"/>
    <testcase time="1.34399999999999" classname="table_cmt01b" name="CMT01B_variant_2_is_produced_correctly"/>
    <testcase time="0.349000000000004" classname="table_cmt01b" name="CMT01B_variant_2_is_produced_correctly"/>
    <testcase time="1.932" classname="table_cmt01b" name="CMT01B_variant_4_is_produced_correctly"/>
    <testcase time="0.367000000000004" classname="table_cmt01b" name="CMT01B_variant_4_is_produced_correctly"/>
  </testsuite>
  <testsuite name="table_cmt02_pt" timestamp="2025-01-10T02:42:19Z" hostname="961101bbe344" tests="2" skipped="0" failures="0" errors="0" time="0.594">
    <testcase time="0.408000000000001" classname="table_cmt02_pt" name="CMT02_PT_default_variant_is_produced_correctly"/>
    <testcase time="0.185999999999993" classname="table_cmt02_pt" name="CMT02_PT_default_variant_is_produced_correctly"/>
  </testsuite>
  <testsuite name="table_coxt01" timestamp="2025-01-10T02:42:20Z" hostname="961101bbe344" tests="8" skipped="0" failures="0" errors="0" time="1.742">
    <testcase time="0.269000000000005" classname="table_coxt01" name="1._Cox_Regression"/>
    <testcase time="0.0729999999999933" classname="table_coxt01" name="1._Cox_Regression"/>
    <testcase time="0.358999999999995" classname="table_coxt01" name="2._Cox_Regression_with_Interaction_Term_"/>
    <testcase time="0.102000000000004" classname="table_coxt01" name="2._Cox_Regression_with_Interaction_Term_"/>
    <testcase time="0.365000000000009" classname="table_coxt01" name="3._Cox_Regression_specifying_covariates_"/>
    <testcase time="0.106999999999999" classname="table_coxt01" name="3._Cox_Regression_specifying_covariates_"/>
    <testcase time="0.350999999999999" classname="table_coxt01" name="4._Cox_Regression_setting_strata_ties_and_alpha_level_"/>
    <testcase time="0.116" classname="table_coxt01" name="4._Cox_Regression_setting_strata_ties_and_alpha_level_"/>
  </testsuite>
  <testsuite name="table_coxt02" timestamp="2025-01-10T02:42:22Z" hostname="961101bbe344" tests="4" skipped="0" failures="0" errors="0" time="0.669">
    <testcase time="0.274000000000001" classname="table_coxt02" name="COXT02_default_variant_1_is_produced_correctly"/>
    <testcase time="0.0759999999999934" classname="table_coxt02" name="COXT02_default_variant_1_is_produced_correctly"/>
    <testcase time="0.25" classname="table_coxt02" name="COXT02_variant_5_is_produced_correctly"/>
    <testcase time="0.0690000000000026" classname="table_coxt02" name="COXT02_variant_5_is_produced_correctly"/>
  </testsuite>
  <testsuite name="table_disclosures" timestamp="2025-01-10T02:42:22Z" hostname="961101bbe344" tests="12" skipped="0" failures="0" errors="0" time="1.888">
    <testcase time="0.183999999999997" classname="table_disclosures" name="Patient_Disposition_table_is_produced_correctly"/>
    <testcase time="0.0919999999999987" classname="table_disclosures" name="Patient_Disposition_table_is_produced_correctly"/>
    <testcase time="0.203000000000003" classname="table_disclosures" name="Demographic_table_is_produced_correctly"/>
    <testcase time="0.153000000000006" classname="table_disclosures" name="Demographic_table_is_produced_correctly"/>
    <testcase time="0.0889999999999986" classname="table_disclosures" name="Enrollment_by_Country_Table_is_produced_correctly"/>
    <testcase time="0.10199999999999" classname="table_disclosures" name="Enrollment_by_Country_Table_is_produced_correctly"/>
    <testcase time="0.0750000000000028" classname="table_disclosures" name="Death_table_is_produced_correctly"/>
    <testcase time="0.0580000000000069" classname="table_disclosures" name="Death_table_is_produced_correctly"/>
    <testcase time="0.313999999999993" classname="table_disclosures" name="Table_of_Serious_Adverse_Events_is_produced_correctly_for_one_specific_treatment_arm_"/>
    <testcase time="0.0900000000000034" classname="table_disclosures" name="Table_of_Serious_Adverse_Events_is_produced_correctly_for_one_specific_treatment_arm_"/>
    <testcase time="0.400999999999996" classname="table_disclosures" name="Table_of_Non_Serious_Adverse_Events_is_produced_correctly"/>
    <testcase time="0.12700000000001" classname="table_disclosures" name="Table_of_Non_Serious_Adverse_Events_is_produced_correctly"/>
  </testsuite>
  <testsuite name="table_dmt01" timestamp="2025-01-10T02:42:25Z" hostname="961101bbe344" tests="10" skipped="0" failures="0" errors="0" time="2.744">
    <testcase time="1.16999999999999" classname="table_dmt01" name="DMT01_variant_1_is_produced_correctly"/>
    <testcase time="0.170000000000002" classname="table_dmt01" name="DMT01_variant_1_is_produced_correctly"/>
    <testcase time="0.207999999999998" classname="table_dmt01" name="DMT01_variant_2_is_produced_correctly"/>
    <testcase time="0.170000000000002" classname="table_dmt01" name="DMT01_variant_2_is_produced_correctly"/>
    <testcase time="0.242000000000004" classname="table_dmt01" name="DMT01_variant_3_is_produced_correctly"/>
    <testcase time="0.170000000000002" classname="table_dmt01" name="DMT01_variant_3_is_produced_correctly"/>
    <testcase time="0.176999999999992" classname="table_dmt01" name="DMT01_variant_4_is_produced_correctly"/>
    <testcase time="0.150000000000006" classname="table_dmt01" name="DMT01_variant_4_is_produced_correctly"/>
    <testcase time="0.162999999999997" classname="table_dmt01" name="DMT01_variant_5_is_produced_correctly"/>
    <testcase time="0.124000000000009" classname="table_dmt01" name="DMT01_variant_5_is_produced_correctly"/>
  </testsuite>
  <testsuite name="table_dort01" timestamp="2025-01-10T02:42:27Z" hostname="961101bbe344" tests="8" skipped="0" failures="0" errors="0" time="1.506">
    <testcase time="0.281999999999996" classname="table_dort01" name="DORT01_variant_1_is_produced_correctly"/>
    <testcase time="0.113" classname="table_dort01" name="DORT01_variant_1_is_produced_correctly"/>
    <testcase time="0.293999999999997" classname="table_dort01" name="DORT01_variant_2_selecting_sectons_is_produced_correctly"/>
    <testcase time="0.0999999999999943" classname="table_dort01" name="DORT01_variant_2_selecting_sectons_is_produced_correctly"/>
    <testcase time="0.25200000000001" classname="table_dort01" name="DORT01_variant_3_modifying_conftype_and_alpha_level_is_produced_correctly"/>
    <testcase time="0.111999999999995" classname="table_dort01" name="DORT01_variant_3_modifying_conftype_and_alpha_level_is_produced_correctly"/>
    <testcase time="0.251999999999995" classname="table_dort01" name="DORT01_variant_4_modifying_time_point_for_the_xx_duration_is_produced_correctly"/>
    <testcase time="0.101000000000013" classname="table_dort01" name="DORT01_variant_4_modifying_time_point_for_the_xx_duration_is_produced_correctly"/>
  </testsuite>
  <testsuite name="table_dst01" timestamp="2025-01-10T02:42:28Z" hostname="961101bbe344" tests="6" skipped="0" failures="0" errors="0" time="0.76">
    <testcase time="0.141999999999996" classname="table_dst01" name="DST01_default_variant_is_produced_correctly"/>
    <testcase time="0.0960000000000036" classname="table_dst01" name="DST01_default_variant_is_produced_correctly"/>
    <testcase time="0.216999999999999" classname="table_dst01" name="DST01_variants_2_and_3_are_produced_correctly"/>
    <testcase time="0.102999999999994" classname="table_dst01" name="DST01_variants_2_and_3_are_produced_correctly"/>
    <testcase time="0.0870000000000033" classname="table_dst01" name="DST01_variants_2_and_3_are_produced_correctly"/>
    <testcase time="0.114999999999995" classname="table_dst01" name="DST01_variants_2_and_3_are_produced_correctly"/>
  </testsuite>
  <testsuite name="table_dtht01" timestamp="2025-01-10T02:42:29Z" hostname="961101bbe344" tests="8" skipped="0" failures="0" errors="0" time="1.192">
    <testcase time="0.129000000000005" classname="table_dtht01" name="DTHT01_variant_1_is_produced_correctly"/>
    <testcase time="0.0769999999999982" classname="table_dtht01" name="DTHT01_variant_1_is_produced_correctly"/>
    <testcase time="0.257000000000005" classname="table_dtht01" name="DTHT01_variant_2_is_produced_correctly"/>
    <testcase time="0.164999999999992" classname="table_dtht01" name="DTHT01_variant_2_is_produced_correctly"/>
    <testcase time="0.156000000000006" classname="table_dtht01" name="DTHT01_variant_3_is_produced_correctly"/>
    <testcase time="0.0969999999999942" classname="table_dtht01" name="DTHT01_variant_3_is_produced_correctly"/>
    <testcase time="0.203000000000003" classname="table_dtht01" name="DTHT01_variant_4_is_produced_correctly"/>
    <testcase time="0.108000000000004" classname="table_dtht01" name="DTHT01_variant_4_is_produced_correctly"/>
  </testsuite>
  <testsuite name="table_egt01" timestamp="2025-01-10T02:42:31Z" hostname="961101bbe344" tests="2" skipped="0" failures="0" errors="0" time="3.448">
    <testcase time="2.673" classname="table_egt01" name="EGT01_default_variant_is_produced_correctly"/>
    <testcase time="0.774999999999991" classname="table_egt01" name="EGT01_default_variant_is_produced_correctly"/>
  </testsuite>
  <testsuite name="table_egt02" timestamp="2025-01-10T02:42:35Z" hostname="961101bbe344" tests="4" skipped="0" failures="0" errors="0" time="1.722">
    <testcase time="1.366" classname="table_egt02" name="_EGT02_1._Regardless_of_Abnormality_at_Baseline"/>
    <testcase time="0.078000000000003" classname="table_egt02" name="_EGT02_1._Regardless_of_Abnormality_at_Baseline"/>
    <testcase time="0.200000000000003" classname="table_egt02" name="_EGT02_2._Among_Subjects_Without_Abnormality_at_Baseline"/>
    <testcase time="0.078000000000003" classname="table_egt02" name="_EGT02_2._Among_Subjects_Without_Abnormality_at_Baseline"/>
  </testsuite>
  <testsuite name="table_egt03" timestamp="2025-01-10T02:42:36Z" hostname="961101bbe344" tests="8" skipped="0" failures="0" errors="0" time="1.211">
    <testcase time="0.201999999999998" classname="table_egt03" name="EGT03_variant_1_is_produced_correctly"/>
    <testcase time="0.11999999999999" classname="table_egt03" name="EGT03_variant_1_is_produced_correctly"/>
    <testcase time="0.147000000000006" classname="table_egt03" name="EGT03_variant_2_is_produced_correctly"/>
    <testcase time="0.0949999999999989" classname="table_egt03" name="EGT03_variant_2_is_produced_correctly"/>
    <testcase time="0.191000000000003" classname="table_egt03" name="EGT03_variant_3_is_produced_correctly"/>
    <testcase time="0.122" classname="table_egt03" name="EGT03_variant_3_is_produced_correctly"/>
    <testcase time="0.191999999999993" classname="table_egt03" name="EGT03_variant_4_is_produced_correctly"/>
    <testcase time="0.14200000000001" classname="table_egt03" name="EGT03_variant_4_is_produced_correctly"/>
  </testsuite>
  <testsuite name="table_egt04" timestamp="2025-01-10T02:42:38Z" hostname="961101bbe344" tests="2" skipped="0" failures="0" errors="0" time="1.558">
    <testcase time="1.46899999999999" classname="table_egt04" name="EGT04_default_variant_is_produced_correctly"/>
    <testcase time="0.0889999999999986" classname="table_egt04" name="EGT04_default_variant_is_produced_correctly"/>
  </testsuite>
  <testsuite name="table_egt05_qtcat" timestamp="2025-01-10T02:42:39Z" hostname="961101bbe344" tests="2" skipped="0" failures="0" errors="0" time="2.349">
    <testcase time="1.857" classname="table_egt05_qtcat" name="EGT05_QTCAT_default_variant_is_produced_correctly"/>
    <testcase time="0.492000000000004" classname="table_egt05_qtcat" name="EGT05_QTCAT_default_variant_is_produced_correctly"/>
  </testsuite>
  <testsuite name="table_ent" timestamp="2025-01-10T02:42:41Z" hostname="961101bbe344" tests="8" skipped="0" failures="0" errors="0" time="13.278">
    <testcase time="3.63699999999999" classname="table_ent" name="ENT01_IT_is_produced_correctly"/>
    <testcase time="0.541000000000025" classname="table_ent" name="ENT01_IT_is_produced_correctly"/>
    <testcase time="2.06099999999998" classname="table_ent" name="ENT01a_IT_is_produced_correctly"/>
    <testcase time="0.515000000000015" classname="table_ent" name="ENT01a_IT_is_produced_correctly"/>
    <testcase time="3.245" classname="table_ent" name="ENT02_IT_is_produced_correctly"/>
    <testcase time="0.563999999999993" classname="table_ent" name="ENT02_IT_is_produced_correctly"/>
    <testcase time="2.16" classname="table_ent" name="ENT02a_IT_is_produced_correctly"/>
    <testcase time="0.555000000000007" classname="table_ent" name="ENT02a_IT_is_produced_correctly"/>
  </testsuite>
  <testsuite name="table_eudrat01" timestamp="2025-01-10T02:42:54Z" hostname="961101bbe344" tests="2" skipped="0" failures="0" errors="0" time="0.598">
    <testcase time="0.453000000000003" classname="table_eudrat01" name="EUDRAT01_is_produced_correctly"/>
    <testcase time="0.144999999999982" classname="table_eudrat01" name="EUDRAT01_is_produced_correctly"/>
  </testsuite>
  <testsuite name="table_eudrat02" timestamp="2025-01-10T02:42:55Z" hostname="961101bbe344" tests="2" skipped="0" failures="0" errors="0" time="0.473">
    <testcase time="0.381" classname="table_eudrat02" name="EUDRAT02_is_produced_correctly"/>
    <testcase time="0.092000000000013" classname="table_eudrat02" name="EUDRAT02_is_produced_correctly"/>
  </testsuite>
  <testsuite name="table_ext01" timestamp="2025-01-10T02:42:55Z" hostname="961101bbe344" tests="6" skipped="0" failures="0" errors="0" time="1.568">
    <testcase time="0.370999999999981" classname="table_ext01" name="EXT01_default_variant_with_numeric_parameters_is_produced_correctly"/>
    <testcase time="0.170000000000016" classname="table_ext01" name="EXT01_default_variant_with_numeric_parameters_is_produced_correctly"/>
    <testcase time="0.260999999999996" classname="table_ext01" name="EXT01_variant_with_both_numeric_and_categorical_parameters"/>
    <testcase time="0.204999999999984" classname="table_ext01" name="EXT01_variant_with_both_numeric_and_categorical_parameters"/>
    <testcase time="0.318000000000012" classname="table_ext01" name="EXT01_variant_with_user_specified_categories_for_missed_doses"/>
    <testcase time="0.242999999999995" classname="table_ext01" name="EXT01_variant_with_user_specified_categories_for_missed_doses"/>
  </testsuite>
  <testsuite name="table_lbt01" timestamp="2025-01-10T02:42:57Z" hostname="961101bbe344" tests="2" skipped="0" failures="0" errors="0" time="2.081">
    <testcase time="1.578" classname="table_lbt01" name="LBT01_default_variant_is_produced_correctly"/>
    <testcase time="0.503000000000014" classname="table_lbt01" name="LBT01_default_variant_is_produced_correctly"/>
  </testsuite>
  <testsuite name="table_lbt02" timestamp="2025-01-10T02:42:59Z" hostname="961101bbe344" tests="2" skipped="0" failures="0" errors="0" time="1.359">
    <testcase time="0.831999999999994" classname="table_lbt02" name="LBT02_default_variant_is_produced_correctly"/>
    <testcase time="0.526999999999987" classname="table_lbt02" name="LBT02_default_variant_is_produced_correctly"/>
  </testsuite>
  <testsuite name="table_lbt03" timestamp="2025-01-10T02:43:00Z" hostname="961101bbe344" tests="2" skipped="0" failures="0" errors="0" time="0.26">
    <testcase time="0.147999999999996" classname="table_lbt03" name="LBT03_default_variant_is_produced_correctly"/>
    <testcase time="0.112000000000023" classname="table_lbt03" name="LBT03_default_variant_is_produced_correctly"/>
  </testsuite>
  <testsuite name="table_lbt04" timestamp="2025-01-10T02:43:01Z" hostname="961101bbe344" tests="2" skipped="0" failures="0" errors="0" time="1.347">
    <testcase time="1.14099999999999" classname="table_lbt04" name="LBT04_default_variant_is_produced_correctly"/>
    <testcase time="0.205999999999989" classname="table_lbt04" name="LBT04_default_variant_is_produced_correctly"/>
  </testsuite>
  <testsuite name="table_lbt05" timestamp="2025-01-10T02:43:02Z" hostname="961101bbe344" tests="6" skipped="0" failures="0" errors="0" time="7.13">
    <testcase time="2.44" classname="table_lbt05" name="LBT05_variant_1_is_produced_correctly"/>
    <testcase time="0.376000000000005" classname="table_lbt05" name="LBT05_variant_1_is_produced_correctly"/>
    <testcase time="1.68900000000002" classname="table_lbt05" name="LBT05_variant_2_is_produced_correctly"/>
    <testcase time="0.498999999999995" classname="table_lbt05" name="LBT05_variant_2_is_produced_correctly"/>
    <testcase time="1.76599999999999" classname="table_lbt05" name="LBT05_variant_4_is_produced_correctly"/>
    <testcase time="0.360000000000014" classname="table_lbt05" name="LBT05_variant_4_is_produced_correctly"/>
  </testsuite>
  <testsuite name="table_lbt06" timestamp="2025-01-10T02:43:09Z" hostname="961101bbe344" tests="2" skipped="0" failures="0" errors="0" time="0.522">
    <testcase time="0.350999999999999" classname="table_lbt06" name="LBT06_default_variant_is_produced_correctly"/>
    <testcase time="0.170999999999992" classname="table_lbt06" name="LBT06_default_variant_is_produced_correctly"/>
  </testsuite>
  <testsuite name="table_lbt07" timestamp="2025-01-10T02:43:10Z" hostname="961101bbe344" tests="2" skipped="0" failures="0" errors="0" time="2.402">
    <testcase time="2.10499999999999" classname="table_lbt07" name="LBT07_is_produced_correctly"/>
    <testcase time="0.296999999999997" classname="table_lbt07" name="LBT07_is_produced_correctly"/>
  </testsuite>
  <testsuite name="table_lbt08" timestamp="2025-01-10T02:43:12Z" hostname="961101bbe344" tests="2" skipped="0" failures="0" errors="0" time="0.383">
    <testcase time="0.269000000000005" classname="table_lbt08" name="LBT08_produce_correctly"/>
    <testcase time="0.114000000000004" classname="table_lbt08" name="LBT08_produce_correctly"/>
  </testsuite>
  <testsuite name="table_lbt09" timestamp="2025-01-10T02:43:12Z" hostname="961101bbe344" tests="4" skipped="0" failures="0" errors="0" time="0.961">
    <testcase time="0.332999999999998" classname="table_lbt09" name="LBT09_variant_1_works_as_expected"/>
    <testcase time="0.164999999999992" classname="table_lbt09" name="LBT09_variant_1_works_as_expected"/>
    <testcase time="0.295000000000016" classname="table_lbt09" name="LBT09_variant_2_works_as_expected"/>
    <testcase time="0.167999999999978" classname="table_lbt09" name="LBT09_variant_2_works_as_expected"/>
  </testsuite>
  <testsuite name="table_lbt10" timestamp="2025-01-10T02:43:13Z" hostname="961101bbe344" tests="4" skipped="0" failures="0" errors="0" time="1.23">
    <testcase time="0.699000000000012" classname="table_lbt10" name="LBT10_variant_1_works_as_expected"/>
    <testcase time="0.0730000000000075" classname="table_lbt10" name="LBT10_variant_1_works_as_expected"/>
    <testcase time="0.396999999999991" classname="table_lbt10" name="LBT10_variant_2_works_as_expected"/>
    <testcase time="0.061000000000007" classname="table_lbt10" name="LBT10_variant_2_works_as_expected"/>
  </testsuite>
  <testsuite name="table_lbt10_bl" timestamp="2025-01-10T02:43:14Z" hostname="961101bbe344" tests="4" skipped="0" failures="0" errors="0" time="0.514">
    <testcase time="0.239000000000004" classname="table_lbt10_bl" name="LBT10_BL_variant_1_works_as_expected"/>
    <testcase time="0.0789999999999793" classname="table_lbt10_bl" name="LBT10_BL_variant_1_works_as_expected"/>
    <testcase time="0.132000000000005" classname="table_lbt10_bl" name="LBT10_BL_variant_2_works_as_expected"/>
    <testcase time="0.063999999999993" classname="table_lbt10_bl" name="LBT10_BL_variant_2_works_as_expected"/>
  </testsuite>
  <testsuite name="table_lbt11" timestamp="2025-01-10T02:43:15Z" hostname="961101bbe344" tests="6" skipped="0" failures="0" errors="0" time="0.791">
    <testcase time="0.197000000000003" classname="table_lbt11" name="LBT11_variant_1_works_as_expected"/>
    <testcase time="0.100999999999999" classname="table_lbt11" name="LBT11_variant_1_works_as_expected"/>
    <testcase time="0.100999999999999" classname="table_lbt11" name="LBT11_variant_2_works_as_expected"/>
    <testcase time="0.0840000000000032" classname="table_lbt11" name="LBT11_variant_2_works_as_expected"/>
    <testcase time="0.192000000000007" classname="table_lbt11" name="LBT11_variant_3_works_as_expected"/>
    <testcase time="0.116000000000014" classname="table_lbt11" name="LBT11_variant_3_works_as_expected"/>
  </testsuite>
  <testsuite name="table_lbt11_bl" timestamp="2025-01-10T02:43:16Z" hostname="961101bbe344" tests="6" skipped="0" failures="0" errors="0" time="0.831">
    <testcase time="0.210999999999984" classname="table_lbt11_bl" name="LBT11_BL_variant_1_works_as_expected"/>
    <testcase time="0.0970000000000084" classname="table_lbt11_bl" name="LBT11_BL_variant_1_works_as_expected"/>
    <testcase time="0.11699999999999" classname="table_lbt11_bl" name="LBT11_BL_variant_2_works_as_expected"/>
    <testcase time="0.0819999999999936" classname="table_lbt11_bl" name="LBT11_BL_variant_2_works_as_expected"/>
    <testcase time="0.212000000000018" classname="table_lbt11_bl" name="LBT11_BL_variant_3_works_as_expected"/>
    <testcase time="0.111999999999995" classname="table_lbt11_bl" name="LBT11_BL_variant_3_works_as_expected"/>
  </testsuite>
  <testsuite name="table_lbt12" timestamp="2025-01-10T02:43:16Z" hostname="961101bbe344" tests="2" skipped="0" failures="0" errors="0" time="0.403">
    <testcase time="0.305000000000007" classname="table_lbt12" name="LBT12_works_as_expected"/>
    <testcase time="0.0979999999999848" classname="table_lbt12" name="LBT12_works_as_expected"/>
  </testsuite>
  <testsuite name="table_lbt12_bl" timestamp="2025-01-10T02:43:17Z" hostname="961101bbe344" tests="2" skipped="0" failures="0" errors="0" time="0.363">
    <testcase time="0.284999999999997" classname="table_lbt12_bl" name="LBT12_BL_works_as_expected"/>
    <testcase time="0.078000000000003" classname="table_lbt12_bl" name="LBT12_BL_works_as_expected"/>
  </testsuite>
  <testsuite name="table_lbt13" timestamp="2025-01-10T02:43:18Z" hostname="961101bbe344" tests="10" skipped="0" failures="0" errors="0" time="2.348">
    <testcase time="0.832999999999998" classname="table_lbt13" name="LBT13_variant_1_LOW_works_as_expected"/>
    <testcase time="0.0910000000000082" classname="table_lbt13" name="LBT13_variant_1_LOW_works_as_expected"/>
    <testcase time="0.157000000000011" classname="table_lbt13" name="LBT13_variant_2_HIGH_works_as_expected"/>
    <testcase time="0.0669999999999789" classname="table_lbt13" name="LBT13_variant_2_HIGH_works_as_expected"/>
    <testcase time="0.238" classname="table_lbt13" name="LBT13_variant_3_LOW_without_baseline_missing_works_as_expected"/>
    <testcase time="0.105000000000018" classname="table_lbt13" name="LBT13_variant_3_LOW_without_baseline_missing_works_as_expected"/>
    <testcase time="0.138000000000005" classname="table_lbt13" name="LBT13_variant_4_HIGH_with_missing_baseline_considered_as_grade_0_works_as_expected"/>
    <testcase time="0.0759999999999934" classname="table_lbt13" name="LBT13_variant_4_HIGH_with_missing_baseline_considered_as_grade_0_works_as_expected"/>
    <testcase time="0.417000000000002" classname="table_lbt13" name="LBT14_variant_5_HIGH_with_filled_in_grades_works_as_expected"/>
    <testcase time="0.225999999999999" classname="table_lbt13" name="LBT14_variant_5_HIGH_with_filled_in_grades_works_as_expected"/>
  </testsuite>
  <testsuite name="table_lbt14" timestamp="2025-01-10T02:43:20Z" hostname="961101bbe344" tests="10" skipped="0" failures="0" errors="0" time="29.526">
    <testcase time="5.99799999999999" classname="table_lbt14" name="LBT14_variant_1_HIGH_works_as_expected"/>
    <testcase time="0.474999999999994" classname="table_lbt14" name="LBT14_variant_1_HIGH_works_as_expected"/>
    <testcase time="5.49900000000002" classname="table_lbt14" name="LBT14_variant_2_LOW_works_as_expected"/>
    <testcase time="0.324999999999989" classname="table_lbt14" name="LBT14_variant_2_LOW_works_as_expected"/>
    <testcase time="3.602" classname="table_lbt14" name="LBT14_variant_3_LOW_without_baseline_missing_works_as_expected"/>
    <testcase time="0.431999999999988" classname="table_lbt14" name="LBT14_variant_3_LOW_without_baseline_missing_works_as_expected"/>
    <testcase time="4.99100000000001" classname="table_lbt14" name="LBT14_variant_4_LOW_and_force_1_missing_both_baseline_and_post_baseline_then_force_the_missing_baseline_as_0_as_expected"/>
    <testcase time="0.242999999999995" classname="table_lbt14" name="LBT14_variant_4_LOW_and_force_1_missing_both_baseline_and_post_baseline_then_force_the_missing_baseline_as_0_as_expected"/>
    <testcase time="5.22999999999999" classname="table_lbt14" name="LBT14_variant_5_HIGH_with_fillings_works_as_expected"/>
    <testcase time="2.73100000000002" classname="table_lbt14" name="LBT14_variant_5_HIGH_with_fillings_works_as_expected"/>
  </testsuite>
  <testsuite name="table_lbt15" timestamp="2025-01-10T02:43:49Z" hostname="961101bbe344" tests="4" skipped="0" failures="0" errors="0" time="1.57">
    <testcase time="0.628999999999991" classname="table_lbt15" name="LBT15_variant_1_works_as_expected"/>
    <testcase time="0.198999999999984" classname="table_lbt15" name="LBT15_variant_1_works_as_expected"/>
    <testcase time="0.541000000000025" classname="table_lbt15" name="LBT15_variant_2_works_as_expected"/>
    <testcase time="0.200999999999993" classname="table_lbt15" name="LBT15_variant_2_works_as_expected"/>
  </testsuite>
  <testsuite name="table_lgrt02" timestamp="2025-01-10T02:43:51Z" hostname="961101bbe344" tests="8" skipped="0" failures="0" errors="0" time="3.014">
    <testcase time="0.542000000000002" classname="table_lgrt02" name="LGRT02_without_interaction_term_is_produced_correctly"/>
    <testcase time="0.170999999999992" classname="table_lgrt02" name="LGRT02_without_interaction_term_is_produced_correctly"/>
    <testcase time="0.632000000000005" classname="table_lgrt02" name="LGRT02_with_categorical_interaction_is_produced_correctly"/>
    <testcase time="0.168999999999983" classname="table_lgrt02" name="LGRT02_with_categorical_interaction_is_produced_correctly"/>
    <testcase time="0.623000000000019" classname="table_lgrt02" name="LGRT02_with_continuous_interaction_is_produced_correctly"/>
    <testcase time="0.189999999999998" classname="table_lgrt02" name="LGRT02_with_continuous_interaction_is_produced_correctly"/>
    <testcase time="0.531000000000006" classname="table_lgrt02" name="LGRT02_with_setting_values_indicating_an_event_and_custom_alpha_level_is_produced_correctly"/>
    <testcase time="0.155999999999977" classname="table_lgrt02" name="LGRT02_with_setting_values_indicating_an_event_and_custom_alpha_level_is_produced_correctly"/>
  </testsuite>
  <testsuite name="table_mht01" timestamp="2025-01-10T02:43:54Z" hostname="961101bbe344" tests="8" skipped="0" failures="0" errors="0" time="1.604">
    <testcase time="0.338000000000022" classname="table_mht01" name="MHT01_variant_1_is_produced_accurately"/>
    <testcase time="0.135999999999996" classname="table_mht01" name="MHT01_variant_1_is_produced_accurately"/>
    <testcase time="0.120999999999981" classname="table_mht01" name="MHT01_variant_2_is_produced_accurately"/>
    <testcase time="0.0769999999999982" classname="table_mht01" name="MHT01_variant_2_is_produced_accurately"/>
    <testcase time="0.273000000000025" classname="table_mht01" name="MHT01_variant_3_is_produced_accurately"/>
    <testcase time="0.139999999999986" classname="table_mht01" name="MHT01_variant_3_is_produced_accurately"/>
    <testcase time="0.350999999999999" classname="table_mht01" name="MHT01_variant_5_is_produced_accurately"/>
    <testcase time="0.168000000000006" classname="table_mht01" name="MHT01_variant_5_is_produced_accurately"/>
  </testsuite>
  <testsuite name="table_onct05" timestamp="2025-01-10T02:43:55Z" hostname="961101bbe344" tests="8" skipped="0" failures="0" errors="0" time="2.146">
    <testcase time="0.467999999999989" classname="table_onct05" name="ONCT05_variant_1_Objective_Response_Rate_by_Subgroup_is_produced_correctly"/>
    <testcase time="0.135000000000019" classname="table_onct05" name="ONCT05_variant_1_Objective_Response_Rate_by_Subgroup_is_produced_correctly"/>
    <testcase time="0.502999999999986" classname="table_onct05" name="ONCT05_variant_2_Specifying_class_variables_is_produced_correctly"/>
    <testcase time="0.120000000000005" classname="table_onct05" name="ONCT05_variant_2_Specifying_class_variables_is_produced_correctly"/>
    <testcase time="0.222999999999985" classname="table_onct05" name="ONCT05_variant_3_selecting_columns_and_changing_the_alpha_level_is_produced_correctly"/>
    <testcase time="0.0860000000000127" classname="table_onct05" name="ONCT05_variant_3_selecting_columns_and_changing_the_alpha_level_is_produced_correctly"/>
    <testcase time="0.466000000000008" classname="table_onct05" name="ONCT05_variant_4_setting_values_indicating_response_is_produced_correctly"/>
    <testcase time="0.144999999999982" classname="table_onct05" name="ONCT05_variant_4_setting_values_indicating_response_is_produced_correctly"/>
  </testsuite>
  <testsuite name="table_pdt01" timestamp="2025-01-10T02:43:57Z" hostname="961101bbe344" tests="2" skipped="0" failures="0" errors="0" time="0.448">
    <testcase time="0.275000000000006" classname="table_pdt01" name="PDT01_is_produced_correctly"/>
    <testcase time="0.173000000000002" classname="table_pdt01" name="PDT01_is_produced_correctly"/>
  </testsuite>
  <testsuite name="table_pdt02" timestamp="2025-01-10T02:43:58Z" hostname="961101bbe344" tests="2" skipped="0" failures="0" errors="0" time="0.25">
    <testcase time="0.152000000000015" classname="table_pdt02" name="PDT02_is_produced_correctly"/>
    <testcase time="0.0979999999999848" classname="table_pdt02" name="PDT02_is_produced_correctly"/>
  </testsuite>
  <testsuite name="table_pkct01" timestamp="2025-01-10T02:43:58Z" hostname="961101bbe344" tests="10" skipped="0" failures="0" errors="0" time="3.337">
    <testcase time="0.275000000000006" classname="table_pkct01" name="PKCT01_is_produced_correctly"/>
    <testcase time="0.0999999999999943" classname="table_pkct01" name="PKCT01_is_produced_correctly"/>
    <testcase time="0.12299999999999" classname="table_pkct01" name="PKCT01_is_produced_correctly"/>
    <testcase time="0.078000000000003" classname="table_pkct01" name="PKCT01_is_produced_correctly"/>
    <testcase time="0.947000000000003" classname="table_pkct01" name="Specific_PKCT01_features_are_present"/>
    <testcase time="0.234000000000009" classname="table_pkct01" name="Specific_PKCT01_features_are_present"/>
    <testcase time="0.212999999999994" classname="table_pkct01" name="Specific_PKCT01_features_are_present"/>
    <testcase time="0.00300000000001432" classname="table_pkct01" name="Specific_PKCT01_features_are_present"/>
    <testcase time="0.765999999999991" classname="table_pkct01" name="Specific_PKCT01_features_are_present"/>
    <testcase time="0.598000000000013" classname="table_pkct01" name="Specific_PKCT01_features_are_present"/>
  </testsuite>
  <testsuite name="table_pkpt02" timestamp="2025-01-10T02:44:01Z" hostname="961101bbe344" tests="2" skipped="0" failures="0" errors="0" time="0.616">
    <testcase time="0.357999999999976" classname="table_pkpt02" name="PKPT02_is_produced_correctly_for_Drug_X"/>
    <testcase time="0.25800000000001" classname="table_pkpt02" name="PKPT02_is_produced_correctly_for_Drug_X"/>
  </testsuite>
  <testsuite name="table_pkpt03" timestamp="2025-01-10T02:44:02Z" hostname="961101bbe344" tests="2" skipped="0" failures="0" errors="0" time="1.208">
    <testcase time="1.00700000000001" classname="table_pkpt03" name="PKPT03_Drug_X_is_produced_correctly"/>
    <testcase time="0.200999999999993" classname="table_pkpt03" name="PKPT03_Drug_X_is_produced_correctly"/>
  </testsuite>
  <testsuite name="table_pkpt04" timestamp="2025-01-10T02:44:03Z" hostname="961101bbe344" tests="2" skipped="0" failures="0" errors="0" time="0.216">
    <testcase time="0.12700000000001" classname="table_pkpt04" name="PKPT04_is_produced_correctly_for_Drug_X"/>
    <testcase time="0.0889999999999986" classname="table_pkpt04" name="PKPT04_is_produced_correctly_for_Drug_X"/>
  </testsuite>
  <testsuite name="table_pkpt05" timestamp="2025-01-10T02:44:03Z" hostname="961101bbe344" tests="2" skipped="0" failures="0" errors="0" time="0.454">
    <testcase time="0.329999999999984" classname="table_pkpt05" name="PKPT05_Drug_X_is_produced_correctly"/>
    <testcase time="0.124000000000024" classname="table_pkpt05" name="PKPT05_Drug_X_is_produced_correctly"/>
  </testsuite>
  <testsuite name="table_pkpt06" timestamp="2025-01-10T02:44:04Z" hostname="961101bbe344" tests="4" skipped="0" failures="0" errors="0" time="0.293">
    <testcase time="0.0889999999999986" classname="table_pkpt06" name="PKPT06_is_produced_correctly_for_Drug_X"/>
    <testcase time="0.0939999999999941" classname="table_pkpt06" name="PKPT06_is_produced_correctly_for_Drug_X"/>
    <testcase time="0.0519999999999925" classname="table_pkpt06" name="PKPT06_is_produced_correctly_for_Drug_Y"/>
    <testcase time="0.0579999999999927" classname="table_pkpt06" name="PKPT06_is_produced_correctly_for_Drug_Y"/>
  </testsuite>
  <testsuite name="table_pkpt07" timestamp="2025-01-10T02:44:04Z" hostname="961101bbe344" tests="4" skipped="0" failures="0" errors="0" time="0.582">
    <testcase time="0.240000000000009" classname="table_pkpt07" name="PKPT07_Drug_X_is_produced_correctly"/>
    <testcase time="0.11699999999999" classname="table_pkpt07" name="PKPT07_Drug_X_is_produced_correctly"/>
    <testcase time="0.132000000000005" classname="table_pkpt07" name="PKPT07_Drug_Y_is_produced_correctly"/>
    <testcase time="0.0930000000000177" classname="table_pkpt07" name="PKPT07_Drug_Y_is_produced_correctly"/>
  </testsuite>
  <testsuite name="table_ratet01" timestamp="2025-01-10T02:44:05Z" hostname="961101bbe344" tests="2" skipped="0" failures="0" errors="0" time="1.357">
    <testcase time="1.15699999999998" classname="table_ratet01" name="RATET01_is_produced_correctly"/>
    <testcase time="0.200000000000017" classname="table_ratet01" name="RATET01_is_produced_correctly"/>
  </testsuite>
  <testsuite name="table_rmpt01" timestamp="2025-01-10T02:44:06Z" hostname="961101bbe344" tests="2" skipped="0" failures="0" errors="0" time="0.221">
    <testcase time="0.134999999999991" classname="table_rmpt01" name="RMPT01_is_produced_correctly"/>
    <testcase time="0.0859999999999843" classname="table_rmpt01" name="RMPT01_is_produced_correctly"/>
  </testsuite>
  <testsuite name="table_rmpt03" timestamp="2025-01-10T02:44:06Z" hostname="961101bbe344" tests="4" skipped="0" failures="0" errors="0" time="0.591">
    <testcase time="0.203000000000003" classname="table_rmpt03" name="RMPT03_variant_1_is_produced_correctly"/>
    <testcase time="0.115000000000009" classname="table_rmpt03" name="RMPT03_variant_1_is_produced_correctly"/>
    <testcase time="0.173000000000002" classname="table_rmpt03" name="RMPT03_variant_2_is_produced_correctly"/>
    <testcase time="0.0999999999999943" classname="table_rmpt03" name="RMPT03_variant_2_is_produced_correctly"/>
  </testsuite>
  <testsuite name="table_rmpt04" timestamp="2025-01-10T02:44:07Z" hostname="961101bbe344" tests="2" skipped="0" failures="0" errors="0" time="0.224">
    <testcase time="0.146999999999991" classname="table_rmpt04" name="RMPT04_variant_1_is_produced_correctly"/>
    <testcase time="0.0770000000000266" classname="table_rmpt04" name="RMPT04_variant_1_is_produced_correctly"/>
  </testsuite>
  <testsuite name="table_rmpt05" timestamp="2025-01-10T02:44:07Z" hostname="961101bbe344" tests="2" skipped="0" failures="0" errors="0" time="0.53">
    <testcase time="0.150999999999982" classname="table_rmpt05" name="RMPT05_is_produced_correctly"/>
    <testcase time="0.378999999999991" classname="table_rmpt05" name="RMPT05_is_produced_correctly"/>
  </testsuite>
  <testsuite name="table_rmpt06" timestamp="2025-01-10T02:44:08Z" hostname="961101bbe344" tests="8" skipped="0" failures="0" errors="0" time="1.533">
    <testcase time="0.304000000000002" classname="table_rmpt06" name="RMPT06_variant_1_is_produced_correctly"/>
    <testcase time="0.106000000000023" classname="table_rmpt06" name="RMPT06_variant_1_is_produced_correctly"/>
    <testcase time="0.208999999999975" classname="table_rmpt06" name="RMPT06_variant_2_is_produced_correctly"/>
    <testcase time="0.085000000000008" classname="table_rmpt06" name="RMPT06_variant_2_is_produced_correctly"/>
    <testcase time="0.302999999999997" classname="table_rmpt06" name="RMPT06_variant_3_is_produced_correctly"/>
    <testcase time="0.116000000000014" classname="table_rmpt06" name="RMPT06_variant_3_is_produced_correctly"/>
    <testcase time="0.287000000000006" classname="table_rmpt06" name="RMPT06_variant_4_is_produced_correctly"/>
    <testcase time="0.12299999999999" classname="table_rmpt06" name="RMPT06_variant_4_is_produced_correctly"/>
  </testsuite>
  <testsuite name="table_rspt01" timestamp="2025-01-10T02:44:09Z" hostname="961101bbe344" tests="12" skipped="0" failures="0" errors="0" time="2.304">
    <testcase time="0.271999999999991" classname="table_rspt01" name="RSPT01_1._Best_Overall_Response"/>
    <testcase time="0.114000000000004" classname="table_rspt01" name="RSPT01_1._Best_Overall_Response"/>
    <testcase time="0.244" classname="table_rspt01" name="RSPT01_2._Best_Overall_Response_selecting_sections_to_display_"/>
    <testcase time="0.115000000000009" classname="table_rspt01" name="RSPT01_2._Best_Overall_Response_selecting_sections_to_display_"/>
    <testcase time="0.301999999999992" classname="table_rspt01" name="RSPT01_3._Best_Overall_Response_modifying_settings_"/>
    <testcase time="0.115999999999985" classname="table_rspt01" name="RSPT01_3._Best_Overall_Response_modifying_settings_"/>
    <testcase time="0.338000000000022" classname="table_rspt01" name="RSPT01_4._Best_Overall_Response_with_stratified_analysis_"/>
    <testcase time="0.125999999999976" classname="table_rspt01" name="RSPT01_4._Best_Overall_Response_with_stratified_analysis_"/>
    <testcase time="0.262" classname="table_rspt01" name="RSPT01_5._Best_Overall_Response_modifying_the_definition_of_overall_response_"/>
    <testcase time="0.108000000000004" classname="table_rspt01" name="RSPT01_5._Best_Overall_Response_modifying_the_definition_of_overall_response_"/>
    <testcase time="0.209000000000003" classname="table_rspt01" name="RSPT01_6._Best_Overall_Response_define_new_sections_to_display_"/>
    <testcase time="0.0980000000000132" classname="table_rspt01" name="RSPT01_6._Best_Overall_Response_define_new_sections_to_display_"/>
  </testsuite>
  <testsuite name="table_ttet01" timestamp="2025-01-10T02:44:12Z" hostname="961101bbe344" tests="14" skipped="0" failures="0" errors="0" time="3.551">
    <testcase time="0.407999999999987" classname="table_ttet01" name="TTET01_default_variant_is_produced_correctly"/>
    <testcase time="0.170999999999992" classname="table_ttet01" name="TTET01_default_variant_is_produced_correctly"/>
    <testcase time="0.40300000000002" classname="table_ttet01" name="TTET01_default_variant_with_Placebo_arm"/>
    <testcase time="0.185000000000002" classname="table_ttet01" name="TTET01_default_variant_with_Placebo_arm"/>
    <testcase time="0.22799999999998" classname="table_ttet01" name="TTET01_variant_2_selecting_sections_to_display"/>
    <testcase time="0.115000000000009" classname="table_ttet01" name="TTET01_variant_2_selecting_sections_to_display"/>
    <testcase time="0.320999999999998" classname="table_ttet01" name="TTET01_variant_3_modifying_analysis_details_like_conftype_ties_alpha_level"/>
    <testcase time="0.134999999999991" classname="table_ttet01" name="TTET01_variant_3_modifying_analysis_details_like_conftype_ties_alpha_level"/>
    <testcase time="0.38300000000001" classname="table_ttet01" name="TTET01_variant_4_with_stratified_analysis"/>
    <testcase time="0.153999999999996" classname="table_ttet01" name="TTET01_variant_4_with_stratified_analysis"/>
    <testcase time="0.320999999999998" classname="table_ttet01" name="TTET01_variant_5_modifying_time_point"/>
    <testcase time="0.152000000000015" classname="table_ttet01" name="TTET01_variant_5_modifying_time_point"/>
    <testcase time="0.429000000000002" classname="table_ttet01" name="TTET01_variant_6_requesting_more_than_one_p_value"/>
    <testcase time="0.145999999999987" classname="table_ttet01" name="TTET01_variant_6_requesting_more_than_one_p_value"/>
  </testsuite>
  <testsuite name="table_vst01" timestamp="2025-01-10T02:44:16Z" hostname="961101bbe344" tests="2" skipped="0" failures="0" errors="0" time="2.225">
    <testcase time="1.80700000000002" classname="table_vst01" name="VST01_default_variant_is_produced_correctly"/>
    <testcase time="0.417999999999978" classname="table_vst01" name="VST01_default_variant_is_produced_correctly"/>
  </testsuite>
  <testsuite name="table_vst02" timestamp="2025-01-10T02:44:18Z" hostname="961101bbe344" tests="4" skipped="0" failures="0" errors="0" time="1.616">
    <testcase time="1.143" classname="table_vst02" name="1._Vital_Sign_Abnormalities_Regardless_of_Abnormality_at_Baseline_VST02_1_"/>
    <testcase time="0.111999999999995" classname="table_vst02" name="1._Vital_Sign_Abnormalities_Regardless_of_Abnormality_at_Baseline_VST02_1_"/>
    <testcase time="0.262" classname="table_vst02" name="2._Vital_Sign_Abnormalities_Among_Subject_Without_Abnormality_at_Baseline_VST02_2_"/>
    <testcase time="0.099000000000018" classname="table_vst02" name="2._Vital_Sign_Abnormalities_Among_Subject_Without_Abnormality_at_Baseline_VST02_2_"/>
  </testsuite>
</testsuites>
