<?xml version="1.0" encoding="UTF-8"?>
<testsuites>
  <testsuite name="listing_adal02" timestamp="2024-10-19T08:43:35Z" hostname="18e2157bbabd" tests="1" skipped="0" failures="0" errors="0" time="0.262">
    <testcase time="0.262" classname="listing_adal02" name="ADAL02_listing_is_produced_correctly"/>
  </testsuite>
  <testsuite name="listing_ael01" timestamp="2024-10-19T08:43:35Z" hostname="18e2157bbabd" tests="1" skipped="0" failures="0" errors="0" time="0.199">
    <testcase time="0.199" classname="listing_ael01" name="AEL01_listing_is_produced_correctly"/>
  </testsuite>
  <testsuite name="listing_ael01_nollt" timestamp="2024-10-19T08:43:35Z" hostname="18e2157bbabd" tests="1" skipped="0" failures="0" errors="0" time="0.073">
    <testcase time="0.0730000000000004" classname="listing_ael01_nollt" name="AEL01_NOLLT_listing_is_produced_correctly"/>
  </testsuite>
  <testsuite name="listing_ael02" timestamp="2024-10-19T08:43:35Z" hostname="18e2157bbabd" tests="1" skipped="0" failures="0" errors="0" time="0.292">
    <testcase time="0.292" classname="listing_ael02" name="AEL02_listing_is_produced_correctly"/>
  </testsuite>
  <testsuite name="listing_ael02_ed" timestamp="2024-10-19T08:43:36Z" hostname="18e2157bbabd" tests="1" skipped="0" failures="0" errors="0" time="0.334">
    <testcase time="0.334000000000001" classname="listing_ael02_ed" name="AEL02_ED_listing_is_produced_correctly"/>
  </testsuite>
  <testsuite name="listing_ael03" timestamp="2024-10-19T08:43:36Z" hostname="18e2157bbabd" tests="1" skipped="0" failures="0" errors="0" time="0.279">
    <testcase time="0.279" classname="listing_ael03" name="AEL03_listing_is_produced_correctly"/>
  </testsuite>
  <testsuite name="listing_ael04" timestamp="2024-10-19T08:43:36Z" hostname="18e2157bbabd" tests="1" skipped="0" failures="0" errors="0" time="0.204">
    <testcase time="0.204" classname="listing_ael04" name="AEL04_listing_is_produced_correctly"/>
  </testsuite>
  <testsuite name="listing_cml01" timestamp="2024-10-19T08:43:36Z" hostname="18e2157bbabd" tests="1" skipped="0" failures="0" errors="0" time="0.3">
    <testcase time="0.3" classname="listing_cml01" name="CML01_listing_is_produced_correctly"/>
  </testsuite>
  <testsuite name="listing_cml02a_gl" timestamp="2024-10-19T08:43:37Z" hostname="18e2157bbabd" tests="1" skipped="0" failures="0" errors="0" time="0.075">
    <testcase time="0.0750000000000002" classname="listing_cml02a_gl" name="CML02A_GL_listing_is_produced_correctly"/>
  </testsuite>
  <testsuite name="listing_cml02b_gl" timestamp="2024-10-19T08:43:37Z" hostname="18e2157bbabd" tests="1" skipped="0" failures="0" errors="0" time="0.096">
    <testcase time="0.0959999999999992" classname="listing_cml02b_gl" name="CML02B_GL_listing_is_produced_correctly"/>
  </testsuite>
  <testsuite name="listing_dsl01" timestamp="2024-10-19T08:43:37Z" hostname="18e2157bbabd" tests="1" skipped="0" failures="0" errors="0" time="0.167">
    <testcase time="0.167000000000002" classname="listing_dsl01" name="DSL01_listing_is_produced_correctly"/>
  </testsuite>
  <testsuite name="listing_dsl02" timestamp="2024-10-19T08:43:37Z" hostname="18e2157bbabd" tests="1" skipped="0" failures="0" errors="0" time="0.073">
    <testcase time="0.0729999999999986" classname="listing_dsl02" name="DSL02_listing_is_produced_correctly"/>
  </testsuite>
  <testsuite name="listing_dsur4" timestamp="2024-10-19T08:43:37Z" hostname="18e2157bbabd" tests="1" skipped="0" failures="0" errors="0" time="0.113">
    <testcase time="0.113000000000001" classname="listing_dsur4" name="DSUR4_listing_is_produced_correctly"/>
  </testsuite>
  <testsuite name="listing_egl01" timestamp="2024-10-19T08:43:37Z" hostname="18e2157bbabd" tests="1" skipped="0" failures="0" errors="0" time="0.482">
    <testcase time="0.481999999999999" classname="listing_egl01" name="EGL01_listing_is_produced_correctly"/>
  </testsuite>
  <testsuite name="listing_exl01" timestamp="2024-10-19T08:43:38Z" hostname="18e2157bbabd" tests="1" skipped="0" failures="0" errors="0" time="0.229">
    <testcase time="0.228999999999999" classname="listing_exl01" name="EXL01_listing_is_produced_correctly"/>
  </testsuite>
  <testsuite name="listing_lbl01" timestamp="2024-10-19T08:43:38Z" hostname="18e2157bbabd" tests="1" skipped="0" failures="0" errors="0" time="0.537">
    <testcase time="0.537000000000001" classname="listing_lbl01" name="LBL01_listing_is_produced_correctly"/>
  </testsuite>
  <testsuite name="listing_lbl01_rls" timestamp="2024-10-19T08:43:38Z" hostname="18e2157bbabd" tests="1" skipped="0" failures="0" errors="0" time="0.511">
    <testcase time="0.510999999999999" classname="listing_lbl01_rls" name="LBL01_RLS_listing_is_produced_correctly"/>
  </testsuite>
  <testsuite name="listing_lbl02a" timestamp="2024-10-19T08:43:39Z" hostname="18e2157bbabd" tests="1" skipped="0" failures="0" errors="0" time="0.251">
    <testcase time="0.251000000000001" classname="listing_lbl02a" name="LBL02A_listing_is_produced_correctly"/>
  </testsuite>
  <testsuite name="listing_lbl02a_rls" timestamp="2024-10-19T08:43:39Z" hostname="18e2157bbabd" tests="1" skipped="0" failures="0" errors="0" time="0.797">
    <testcase time="0.796999999999999" classname="listing_lbl02a_rls" name="LBL02A_RLS_listing_is_produced_correctly"/>
  </testsuite>
  <testsuite name="listing_lbl02b" timestamp="2024-10-19T08:43:40Z" hostname="18e2157bbabd" tests="1" skipped="0" failures="0" errors="0" time="0.263">
    <testcase time="0.263" classname="listing_lbl02b" name="LBL02B_listing_is_produced_correctly"/>
  </testsuite>
  <testsuite name="listing_mhl01" timestamp="2024-10-19T08:43:40Z" hostname="18e2157bbabd" tests="1" skipped="0" failures="0" errors="0" time="0.262">
    <testcase time="0.262" classname="listing_mhl01" name="MHL01_listing_is_produced_correctly"/>
  </testsuite>
  <testsuite name="listing_oncl01" timestamp="2024-10-19T08:43:41Z" hostname="18e2157bbabd" tests="1" skipped="0" failures="0" errors="0" time="0.238">
    <testcase time="0.238" classname="listing_oncl01" name="ONCL01_listing_is_produced_correctly"/>
  </testsuite>
  <testsuite name="listing_pkcl01" timestamp="2024-10-19T08:43:41Z" hostname="18e2157bbabd" tests="1" skipped="0" failures="0" errors="0" time="0.177">
    <testcase time="0.177000000000001" classname="listing_pkcl01" name="PKCL01_listing_is_produced_correctly"/>
  </testsuite>
  <testsuite name="listing_pkcl02" timestamp="2024-10-19T08:43:41Z" hostname="18e2157bbabd" tests="1" skipped="0" failures="0" errors="0" time="0.211">
    <testcase time="0.211" classname="listing_pkcl02" name="PKCL02_listing_is_produced_correctly"/>
  </testsuite>
  <testsuite name="listing_pkpl01" timestamp="2024-10-19T08:43:41Z" hostname="18e2157bbabd" tests="1" skipped="0" failures="0" errors="0" time="0.236">
    <testcase time="0.235999999999999" classname="listing_pkpl01" name="PKPL01_listing_is_produced_correctly"/>
  </testsuite>
  <testsuite name="listing_pkpl02" timestamp="2024-10-19T08:43:41Z" hostname="18e2157bbabd" tests="1" skipped="0" failures="0" errors="0" time="0.156">
    <testcase time="0.156000000000001" classname="listing_pkpl02" name="PKPL02_listing_is_produced_correctly"/>
  </testsuite>
  <testsuite name="listing_pkpl04" timestamp="2024-10-19T08:43:42Z" hostname="18e2157bbabd" tests="1" skipped="0" failures="0" errors="0" time="0.199">
    <testcase time="0.199" classname="listing_pkpl04" name="PKPL04_listing_is_produced_correctly"/>
  </testsuite>
  <testsuite name="listing_vsl01" timestamp="2024-10-19T08:43:42Z" hostname="18e2157bbabd" tests="1" skipped="0" failures="0" errors="0" time="0.436">
    <testcase time="0.436" classname="listing_vsl01" name="VSL01_listing_is_produced_correctly"/>
  </testsuite>
  <testsuite name="pagination_listing" timestamp="2024-10-19T08:43:42Z" hostname="18e2157bbabd" tests="13" skipped="0" failures="0" errors="0" time="5.691">
    <testcase time="0.0410000000000004" classname="pagination_listing" name="Direct_pagination_works_fine"/>
    <testcase time="0.949" classname="pagination_listing" name="Direct_pagination_works_fine"/>
    <testcase time="0.00300000000000011" classname="pagination_listing" name="Direct_pagination_works_fine"/>
    <testcase time="0.873000000000001" classname="pagination_listing" name="Direct_pagination_works_fine"/>
    <testcase time="1.2" classname="pagination_listing" name="Direct_pagination_works_fine"/>
    <testcase time="1.282" classname="pagination_listing" name="pagination_counts_the_right_number_of_lines_when_wrapping_on_keycols_is_present"/>
    <testcase time="0.00600000000000023" classname="pagination_listing" name="pagination_counts_the_right_number_of_lines_when_wrapping_on_keycols_is_present"/>
    <testcase time="0.00499999999999901" classname="pagination_listing" name="pagination_counts_the_right_number_of_lines_when_wrapping_on_keycols_is_present"/>
    <testcase time="0.00300000000000011" classname="pagination_listing" name="pagination_counts_the_right_number_of_lines_when_wrapping_on_keycols_is_present"/>
    <testcase time="1.318" classname="pagination_listing" name="pagination_counts_the_right_number_of_lines_when_wrapping_on_keycols_is_present"/>
    <testcase time="0.00499999999999901" classname="pagination_listing" name="pagination_counts_the_right_number_of_lines_when_wrapping_on_keycols_is_present"/>
    <testcase time="0.00300000000000011" classname="pagination_listing" name="pagination_counts_the_right_number_of_lines_when_wrapping_on_keycols_is_present"/>
    <testcase time="0.00300000000000011" classname="pagination_listing" name="pagination_counts_the_right_number_of_lines_when_wrapping_on_keycols_is_present"/>
  </testsuite>
  <testsuite name="pagination_table" timestamp="2024-10-19T08:43:49Z" hostname="18e2157bbabd" tests="30" skipped="0" failures="0" errors="0" time="14.548">
    <testcase time="1.85" classname="pagination_table" name="Direct_pagination_with_standard_values"/>
    <testcase time="0.00500000000000256" classname="pagination_table" name="Direct_pagination_with_standard_values"/>
    <testcase time="0.00399999999999778" classname="pagination_table" name="Direct_pagination_with_standard_values"/>
    <testcase time="1.285" classname="pagination_table" name="Pagination_with_specific_column_widths_and_minimum_lines_per_page"/>
    <testcase time="0.00400000000000134" classname="pagination_table" name="Pagination_with_specific_column_widths_and_minimum_lines_per_page"/>
    <testcase time="0.131" classname="pagination_table" name="Pagination_with_specific_column_widths_and_minimum_lines_per_page"/>
    <testcase time="0.998999999999999" classname="pagination_table" name="Pagination_works_also_if_table_is_decorated"/>
    <testcase time="0.574000000000002" classname="pagination_table" name="Pagination_works_also_if_table_is_decorated"/>
    <testcase time="0.857999999999997" classname="pagination_table" name="Pagination_works_also_if_table_is_decorated"/>
    <testcase time="0.692" classname="pagination_table" name="Pagination_works_also_if_table_is_decorated"/>
    <testcase time="1.432" classname="pagination_table" name="Pagination_works_also_if_table_is_decorated"/>
    <testcase time="0.332000000000001" classname="pagination_table" name="Pagination_works_also_if_table_is_decorated"/>
    <testcase time="0.00300000000000011" classname="pagination_table" name="Pagination_works_also_if_table_is_decorated"/>
    <testcase time="0.0299999999999976" classname="pagination_table" name="Pagination_works_also_if_table_is_decorated"/>
    <testcase time="0.156000000000002" classname="pagination_table" name="Pagination_works_also_if_table_is_decorated"/>
    <testcase time="0.0939999999999976" classname="pagination_table" name="Pagination_works_also_if_table_is_decorated"/>
    <testcase time="0.917000000000002" classname="pagination_table" name="Pagination_works_for_page_types"/>
    <testcase time="0.0760000000000005" classname="pagination_table" name="Pagination_works_for_page_types"/>
    <testcase time="0.686" classname="pagination_table" name="Pagination_works_for_page_types"/>
    <testcase time="0.0829999999999984" classname="pagination_table" name="Pagination_works_for_page_types"/>
    <testcase time="0.634" classname="pagination_table" name="Pagination_works_for_page_types"/>
    <testcase time="0.395" classname="pagination_table" name="Pagination_works_for_page_types"/>
    <testcase time="0.681000000000001" classname="pagination_table" name="Pagination_works_for_page_width_and_height"/>
    <testcase time="0.131999999999998" classname="pagination_table" name="Pagination_works_for_page_width_and_height"/>
    <testcase time="0.771000000000001" classname="pagination_table" name="Pagination_works_for_page_types"/>
    <testcase time="0.160000000000004" classname="pagination_table" name="Pagination_works_for_page_types"/>
    <testcase time="0.815999999999995" classname="pagination_table" name="AET04_variant_2_page_by_pagination_tests"/>
    <testcase time="0.599999999999994" classname="pagination_table" name="AET04_variant_2_page_by_pagination_tests"/>
    <testcase time="0.00100000000000477" classname="pagination_table" name="AET04_variant_2_page_by_pagination_tests"/>
    <testcase time="0.146999999999998" classname="pagination_table" name="AET04_variant_2_page_by_pagination_tests"/>
  </testsuite>
  <testsuite name="table_adat03" timestamp="2024-10-19T08:44:02Z" hostname="18e2157bbabd" tests="2" skipped="0" failures="0" errors="0" time="0.535">
    <testcase time="0.400999999999996" classname="table_adat03" name="ADAT03_is_produced_correctly"/>
    <testcase time="0.134" classname="table_adat03" name="ADAT03_is_produced_correctly"/>
  </testsuite>
  <testsuite name="table_aet01" timestamp="2024-10-19T08:44:03Z" hostname="18e2157bbabd" tests="8" skipped="0" failures="0" errors="0" time="1.76">
    <testcase time="0.378" classname="table_aet01" name="Safety_Summary_Variant_1_works_as_expected"/>
    <testcase time="0.113" classname="table_aet01" name="Safety_Summary_Variant_1_works_as_expected"/>
    <testcase time="0.317" classname="table_aet01" name="Safety_Summary_Variant_2_with_Medical_Concepts_Section_works_as_expected"/>
    <testcase time="0.127000000000002" classname="table_aet01" name="Safety_Summary_Variant_2_with_Medical_Concepts_Section_works_as_expected"/>
    <testcase time="0.256" classname="table_aet01" name="Safety_Summary_Variant_3_with_Modified_Rows_works_as_expected"/>
    <testcase time="0.088000000000001" classname="table_aet01" name="Safety_Summary_Variant_3_with_Modified_Rows_works_as_expected"/>
    <testcase time="0.353000000000002" classname="table_aet01" name="Safety_Summary_Variant_4_with_Rows_Counting_Events_and_Additional_Sections_works_as_expected"/>
    <testcase time="0.128" classname="table_aet01" name="Safety_Summary_Variant_4_with_Rows_Counting_Events_and_Additional_Sections_works_as_expected"/>
  </testsuite>
  <testsuite name="table_aet01_aesi" timestamp="2024-10-19T08:44:05Z" hostname="18e2157bbabd" tests="8" skipped="0" failures="0" errors="0" time="2.591">
    <testcase time="0.251999999999995" classname="table_aet01_aesi" name="AET01_AESI_Variant_1_works_as_expected"/>
    <testcase time="0.106999999999999" classname="table_aet01_aesi" name="AET01_AESI_Variant_1_works_as_expected"/>
    <testcase time="0.442" classname="table_aet01_aesi" name="AET01_AESI_Variant_2_works_as_expected"/>
    <testcase time="0.153000000000006" classname="table_aet01_aesi" name="AET01_AESI_Variant_2_works_as_expected"/>
    <testcase time="0.647999999999996" classname="table_aet01_aesi" name="AET01_AESI_Variant_3_works_as_expected"/>
    <testcase time="0.210999999999999" classname="table_aet01_aesi" name="AET01_AESI_Variant_3_works_as_expected"/>
    <testcase time="0.553000000000004" classname="table_aet01_aesi" name="AET01_AESI_Variant_4_works_as_expected"/>
    <testcase time="0.225000000000001" classname="table_aet01_aesi" name="AET01_AESI_Variant_4_works_as_expected"/>
  </testsuite>
  <testsuite name="table_aet02" timestamp="2024-10-19T08:44:07Z" hostname="18e2157bbabd" tests="26" skipped="0" failures="0" errors="0" time="8.355">
    <testcase time="0.531999999999996" classname="table_aet02" name="AET02_variant_1_is_produced_correctly"/>
    <testcase time="0.189999999999998" classname="table_aet02" name="AET02_variant_1_is_produced_correctly"/>
    <testcase time="0.416000000000004" classname="table_aet02" name="AET02_variant_1_is_produced_correctly"/>
    <testcase time="0.0989999999999966" classname="table_aet02" name="AET02_variant_1_is_produced_correctly"/>
    <testcase time="0.632000000000005" classname="table_aet02" name="AET02_variant_2_is_produced_correctly"/>
    <testcase time="0.192999999999998" classname="table_aet02" name="AET02_variant_2_is_produced_correctly"/>
    <testcase time="0.906999999999996" classname="table_aet02" name="AET02_variant_3_is_produced_correctly"/>
    <testcase time="0.299999999999997" classname="table_aet02" name="AET02_variant_3_is_produced_correctly"/>
    <testcase time="0.128" classname="table_aet02" name="AET02_variant_4_is_produced_correctly"/>
    <testcase time="0.106999999999999" classname="table_aet02" name="AET02_variant_4_is_produced_correctly"/>
    <testcase time="0.408000000000001" classname="table_aet02" name="AET02_variant_5_is_produced_correctly"/>
    <testcase time="0.164999999999999" classname="table_aet02" name="AET02_variant_5_is_produced_correctly"/>
    <testcase time="0.395000000000003" classname="table_aet02" name="AET02_variant_6_is_produced_correctly"/>
    <testcase time="0.0989999999999966" classname="table_aet02" name="AET02_variant_6_is_produced_correctly"/>
    <testcase time="0.938000000000002" classname="table_aet02" name="AET02_variant_7_is_produced_correctly"/>
    <testcase time="0.152000000000001" classname="table_aet02" name="AET02_variant_7_is_produced_correctly"/>
    <testcase time="0.406999999999996" classname="table_aet02" name="AET02_variant_8_is_produced_correctly"/>
    <testcase time="0.0750000000000028" classname="table_aet02" name="AET02_variant_8_is_produced_correctly"/>
    <testcase time="0.408000000000001" classname="table_aet02" name="AET02_variant_9_is_produced_correctly"/>
    <testcase time="0.126999999999995" classname="table_aet02" name="AET02_variant_9_is_produced_correctly"/>
    <testcase time="0.411999999999999" classname="table_aet02" name="AET02_variant_10_is_produced_correctly"/>
    <testcase time="0.0890000000000057" classname="table_aet02" name="AET02_variant_10_is_produced_correctly"/>
    <testcase time="0.406999999999996" classname="table_aet02" name="AET02_variant_11_is_produced_correctly"/>
    <testcase time="0.0870000000000033" classname="table_aet02" name="AET02_variant_11_is_produced_correctly"/>
    <testcase time="0.602999999999994" classname="table_aet02" name="AET02_variant_12_is_produced_correctly"/>
    <testcase time="0.0790000000000006" classname="table_aet02" name="AET02_variant_12_is_produced_correctly"/>
  </testsuite>
  <testsuite name="table_aet02_smq" timestamp="2024-10-19T08:44:16Z" hostname="18e2157bbabd" tests="4" skipped="0" failures="0" errors="0" time="0.419">
    <testcase time="0.115000000000002" classname="table_aet02_smq" name="AET02SMQ_variant_1_is_produced_correctly"/>
    <testcase time="0.0670000000000002" classname="table_aet02_smq" name="AET02SMQ_variant_1_is_produced_correctly"/>
    <testcase time="0.149999999999999" classname="table_aet02_smq" name="AET02SMQ_variant_2_is_produced_correctly"/>
    <testcase time="0.0870000000000033" classname="table_aet02_smq" name="AET02SMQ_variant_2_is_produced_correctly"/>
  </testsuite>
  <testsuite name="table_aet03" timestamp="2024-10-19T08:44:16Z" hostname="18e2157bbabd" tests="6" skipped="0" failures="0" errors="0" time="4.619">
    <testcase time="1.046" classname="table_aet03" name="AET03_variant_1_is_produced_correctly"/>
    <testcase time="0.400999999999996" classname="table_aet03" name="AET03_variant_1_is_produced_correctly"/>
    <testcase time="1.299" classname="table_aet03" name="AET03_variant_1_is_produced_correctly"/>
    <testcase time="0.653000000000006" classname="table_aet03" name="AET03_variant_1_is_produced_correctly"/>
    <testcase time="1.018" classname="table_aet03" name="AET03_variant_1_is_produced_correctly"/>
    <testcase time="0.201999999999998" classname="table_aet03" name="AET03_variant_1_is_produced_correctly"/>
  </testsuite>
  <testsuite name="table_aet04" timestamp="2024-10-19T08:44:21Z" hostname="18e2157bbabd" tests="30" skipped="0" failures="0" errors="0" time="12.28">
    <testcase time="0.711999999999996" classname="table_aet04" name="AET04_variant_1_is_produced_correctly"/>
    <testcase time="0.317" classname="table_aet04" name="AET04_variant_1_is_produced_correctly"/>
    <testcase time="0.743000000000002" classname="table_aet04" name="AET04_variant_1_is_produced_correctly"/>
    <testcase time="0.0420000000000016" classname="table_aet04" name="AET04_variant_1_is_produced_correctly"/>
    <testcase time="0.0379999999999967" classname="table_aet04" name="AET04_variant_1_is_produced_correctly"/>
    <testcase time="0.644000000000005" classname="table_aet04" name="AET04_variant_2_is_produced_correctly_Fill_in_of_Treatment_Groups_"/>
    <testcase time="0.271999999999998" classname="table_aet04" name="AET04_variant_2_is_produced_correctly_Fill_in_of_Treatment_Groups_"/>
    <testcase time="0.677" classname="table_aet04" name="AET04_variant_2_is_produced_correctly_Fill_in_of_Treatment_Groups_"/>
    <testcase time="0.0390000000000015" classname="table_aet04" name="AET04_variant_2_is_produced_correctly_Fill_in_of_Treatment_Groups_"/>
    <testcase time="0.036999999999999" classname="table_aet04" name="AET04_variant_2_is_produced_correctly_Fill_in_of_Treatment_Groups_"/>
    <testcase time="0.674999999999997" classname="table_aet04" name="AET04_variant_3_is_produced_correctly_Fill_in_of_Grades_"/>
    <testcase time="0.334000000000003" classname="table_aet04" name="AET04_variant_3_is_produced_correctly_Fill_in_of_Grades_"/>
    <testcase time="0.784999999999997" classname="table_aet04" name="AET04_variant_3_is_produced_correctly_Fill_in_of_Grades_"/>
    <testcase time="0.0410000000000039" classname="table_aet04" name="AET04_variant_3_is_produced_correctly_Fill_in_of_Grades_"/>
    <testcase time="0.0390000000000015" classname="table_aet04" name="AET04_variant_3_is_produced_correctly_Fill_in_of_Grades_"/>
    <testcase time="0.680999999999997" classname="table_aet04" name="AET04_variant_4_is_produced_correctly_Collapsing_of_Grades_grades_1_2_grades_3_4_5_"/>
    <testcase time="0.326000000000001" classname="table_aet04" name="AET04_variant_4_is_produced_correctly_Collapsing_of_Grades_grades_1_2_grades_3_4_5_"/>
    <testcase time="0.761000000000003" classname="table_aet04" name="AET04_variant_4_is_produced_correctly_Collapsing_of_Grades_grades_1_2_grades_3_4_5_"/>
    <testcase time="0.708999999999996" classname="table_aet04" name="AET04_variant_6_is_produced_correctly_with_an_Incidence_Rate_of_at_Least_5_totals_restricted_"/>
    <testcase time="0.316000000000003" classname="table_aet04" name="AET04_variant_6_is_produced_correctly_with_an_Incidence_Rate_of_at_Least_5_totals_restricted_"/>
    <testcase time="0.765000000000001" classname="table_aet04" name="AET04_variant_6_is_produced_correctly_with_an_Incidence_Rate_of_at_Least_5_totals_restricted_"/>
    <testcase time="0.00999999999999801" classname="table_aet04" name="AET04_variant_8_is_produced_correctly_with_an_Incidence_Rate_of_at_Least_X_Patients_"/>
    <testcase time="0.314" classname="table_aet04" name="AET04_variant_8_is_produced_correctly_with_an_Incidence_Rate_of_at_Least_X_Patients_"/>
    <testcase time="0.777000000000001" classname="table_aet04" name="AET04_variant_8_is_produced_correctly_with_an_Incidence_Rate_of_at_Least_X_Patients_"/>
    <testcase time="0.0110000000000028" classname="table_aet04" name="AET04_variant_9_is_produced_correctly_with_a_Difference_in_Incidence_Rate_of_at_Least_X_"/>
    <testcase time="0.320999999999998" classname="table_aet04" name="AET04_variant_9_is_produced_correctly_with_a_Difference_in_Incidence_Rate_of_at_Least_X_"/>
    <testcase time="0.768000000000001" classname="table_aet04" name="AET04_variant_9_is_produced_correctly_with_a_Difference_in_Incidence_Rate_of_at_Least_X_"/>
    <testcase time="0.00999999999999801" classname="table_aet04" name="AET04_variant_11_is_produced_correctly_with_Incidence_Rate_of_at_Least_X_all_SOCs_w_o_preferred_terms_removed_"/>
    <testcase time="0.331000000000003" classname="table_aet04" name="AET04_variant_11_is_produced_correctly_with_Incidence_Rate_of_at_Least_X_all_SOCs_w_o_preferred_terms_removed_"/>
    <testcase time="0.784999999999997" classname="table_aet04" name="AET04_variant_11_is_produced_correctly_with_Incidence_Rate_of_at_Least_X_all_SOCs_w_o_preferred_terms_removed_"/>
  </testsuite>
  <testsuite name="table_aet04_pi" timestamp="2024-10-19T08:44:33Z" hostname="18e2157bbabd" tests="18" skipped="0" failures="0" errors="0" time="6.456">
    <testcase time="0.769000000000005" classname="table_aet04_pi" name="AET04_PI_full_table_is_produced_correctly"/>
    <testcase time="0.213999999999999" classname="table_aet04_pi" name="AET04_PI_full_table_is_produced_correctly"/>
    <testcase time="0.566000000000003" classname="table_aet04_pi" name="AET04_PI_variant_1_is_produced_correctly"/>
    <testcase time="0.164999999999992" classname="table_aet04_pi" name="AET04_PI_variant_1_is_produced_correctly"/>
    <testcase time="0.557000000000002" classname="table_aet04_pi" name="AET04_PI_variant_2_is_produced_correctly"/>
    <testcase time="0.114000000000004" classname="table_aet04_pi" name="AET04_PI_variant_2_is_produced_correctly"/>
    <testcase time="0.551999999999992" classname="table_aet04_pi" name="AET04_PI_variant_3_is_produced_correctly"/>
    <testcase time="0.122" classname="table_aet04_pi" name="AET04_PI_variant_3_is_produced_correctly"/>
    <testcase time="0.561000000000007" classname="table_aet04_pi" name="AET04_PI_variant_4_is_produced_correctly"/>
    <testcase time="0.0999999999999943" classname="table_aet04_pi" name="AET04_PI_variant_4_is_produced_correctly"/>
    <testcase time="0.572000000000003" classname="table_aet04_pi" name="AET04_PI_variant_5_is_produced_correctly"/>
    <testcase time="0.150999999999996" classname="table_aet04_pi" name="AET04_PI_variant_5_is_produced_correctly"/>
    <testcase time="0.692000000000007" classname="table_aet04_pi" name="AET04_PI_variant_6_is_produced_correctly"/>
    <testcase time="0.155999999999992" classname="table_aet04_pi" name="AET04_PI_variant_6_is_produced_correctly"/>
    <testcase time="0.710999999999999" classname="table_aet04_pi" name="AET04_PI_variant_7_is_produced_correctly"/>
    <testcase time="0.154000000000011" classname="table_aet04_pi" name="AET04_PI_variant_7_is_produced_correctly"/>
    <testcase time="0.172999999999988" classname="table_aet04_pi" name="AET04_PI_variant_8_is_produced_correctly"/>
    <testcase time="0.12700000000001" classname="table_aet04_pi" name="AET04_PI_variant_8_is_produced_correctly"/>
  </testsuite>
  <testsuite name="table_aet05" timestamp="2024-10-19T08:44:39Z" hostname="18e2157bbabd" tests="4" skipped="0" failures="0" errors="0" time="0.271">
    <testcase time="0.0879999999999939" classname="table_aet05" name="AET05_variant_1_is_produced_correctly"/>
    <testcase time="0.0580000000000069" classname="table_aet05" name="AET05_variant_1_is_produced_correctly"/>
    <testcase time="0.0559999999999974" classname="table_aet05" name="AET05_variant_2_is_produced_correctly"/>
    <testcase time="0.0690000000000026" classname="table_aet05" name="AET05_variant_2_is_produced_correctly"/>
  </testsuite>
  <testsuite name="table_aet05_all" timestamp="2024-10-19T08:44:40Z" hostname="18e2157bbabd" tests="4" skipped="0" failures="0" errors="0" time="0.3">
    <testcase time="0.100999999999999" classname="table_aet05_all" name="AET05_ALL_variant_1_is_produced_correctly"/>
    <testcase time="0.0679999999999978" classname="table_aet05_all" name="AET05_ALL_variant_1_is_produced_correctly"/>
    <testcase time="0.054000000000002" classname="table_aet05_all" name="AET05_ALL_variant_2_is_produced_correctly"/>
    <testcase time="0.0769999999999982" classname="table_aet05_all" name="AET05_ALL_variant_2_is_produced_correctly"/>
  </testsuite>
  <testsuite name="table_aet06" timestamp="2024-10-19T08:44:40Z" hostname="18e2157bbabd" tests="6" skipped="0" failures="0" errors="0" time="3.651">
    <testcase time="0.557999999999993" classname="table_aet06" name="AET06_variant_1_is_produced_correctly"/>
    <testcase time="0.229000000000013" classname="table_aet06" name="AET06_variant_1_is_produced_correctly"/>
    <testcase time="0.934999999999988" classname="table_aet06" name="AET06_variant_3_is_produced_correctly"/>
    <testcase time="0.326999999999998" classname="table_aet06" name="AET06_variant_3_is_produced_correctly"/>
    <testcase time="1.21100000000001" classname="table_aet06" name="AET06_variant_5_is_produced_correctly"/>
    <testcase time="0.390999999999991" classname="table_aet06" name="AET06_variant_5_is_produced_correctly"/>
  </testsuite>
  <testsuite name="table_aet06_smq" timestamp="2024-10-19T08:44:44Z" hostname="18e2157bbabd" tests="4" skipped="0" failures="0" errors="0" time="0.989">
    <testcase time="0.349000000000004" classname="table_aet06_smq" name="AET06_SMQ_variant_1_is_produced_correctly"/>
    <testcase time="0.141999999999996" classname="table_aet06_smq" name="AET06_SMQ_variant_1_is_produced_correctly"/>
    <testcase time="0.353999999999999" classname="table_aet06_smq" name="AET06_SMQ_variant_2_is_produced_correctly"/>
    <testcase time="0.144000000000005" classname="table_aet06_smq" name="AET06_SMQ_variant_2_is_produced_correctly"/>
  </testsuite>
  <testsuite name="table_aet07" timestamp="2024-10-19T08:44:45Z" hostname="18e2157bbabd" tests="4" skipped="0" failures="0" errors="0" time="0.207">
    <testcase time="0.0630000000000024" classname="table_aet07" name="AET07_variant_1_is_produced_correctly"/>
    <testcase time="0.0429999999999922" classname="table_aet07" name="AET07_variant_1_is_produced_correctly"/>
    <testcase time="0.0480000000000018" classname="table_aet07" name="AET07_variant_2_is_produced_correctly"/>
    <testcase time="0.0529999999999973" classname="table_aet07" name="AET07_variant_2_is_produced_correctly"/>
  </testsuite>
  <testsuite name="table_aet09" timestamp="2024-10-19T08:44:45Z" hostname="18e2157bbabd" tests="4" skipped="0" failures="0" errors="0" time="1.936">
    <testcase time="0.52600000000001" classname="table_aet09" name="AET09_variant_1_is_produced_correctly_AE_related_to_study_drug"/>
    <testcase time="0.181999999999988" classname="table_aet09" name="AET09_variant_1_is_produced_correctly_AE_related_to_study_drug"/>
    <testcase time="0.935000000000002" classname="table_aet09" name="AET09_variant_2_is_produced_correctly_AE_related_to_study_drug_including_high_level_terms_"/>
    <testcase time="0.293000000000006" classname="table_aet09" name="AET09_variant_2_is_produced_correctly_AE_related_to_study_drug_including_high_level_terms_"/>
  </testsuite>
  <testsuite name="table_aet09_smq" timestamp="2024-10-19T08:44:47Z" hostname="18e2157bbabd" tests="4" skipped="0" failures="0" errors="0" time="0.509">
    <testcase time="0.129000000000005" classname="table_aet09_smq" name="AET09_variant_1_AEs_related_to_study_drug_by_SMQ_is_produced_correctly"/>
    <testcase time="0.0679999999999978" classname="table_aet09_smq" name="AET09_variant_1_AEs_related_to_study_drug_by_SMQ_is_produced_correctly"/>
    <testcase time="0.208999999999989" classname="table_aet09_smq" name="AET09_variant_2_AEs_related_to_study_drug_by_SMQ_with_customized_queries_is_produced_correctly"/>
    <testcase time="0.103000000000009" classname="table_aet09_smq" name="AET09_variant_2_AEs_related_to_study_drug_by_SMQ_with_customized_queries_is_produced_correctly"/>
  </testsuite>
  <testsuite name="table_aet10" timestamp="2024-10-19T08:44:47Z" hostname="18e2157bbabd" tests="2" skipped="0" failures="0" errors="0" time="0.166">
    <testcase time="0.108999999999995" classname="table_aet10" name="AET10_default_variant_is_produced_correctly"/>
    <testcase time="0.0570000000000022" classname="table_aet10" name="AET10_default_variant_is_produced_correctly"/>
  </testsuite>
  <testsuite name="table_aovt01" timestamp="2024-10-19T08:44:47Z" hostname="18e2157bbabd" tests="4" skipped="0" failures="0" errors="0" time="1.194">
    <testcase time="0.358999999999995" classname="table_aovt01" name="AOVT01_variant_with_single_endpoint_is_produced_correctly"/>
    <testcase time="0.0950000000000131" classname="table_aovt01" name="AOVT01_variant_with_single_endpoint_is_produced_correctly"/>
    <testcase time="0.581999999999994" classname="table_aovt01" name="AOVT01_variant_with_multiple_endpoints_is_produced_correctly"/>
    <testcase time="0.158000000000001" classname="table_aovt01" name="AOVT01_variant_with_multiple_endpoints_is_produced_correctly"/>
  </testsuite>
  <testsuite name="table_aovt02" timestamp="2024-10-19T08:44:49Z" hostname="18e2157bbabd" tests="2" skipped="0" failures="0" errors="0" time="0.396">
    <testcase time="0.301000000000002" classname="table_aovt02" name="AOVT02_is_produced_correctly"/>
    <testcase time="0.0949999999999989" classname="table_aovt02" name="AOVT02_is_produced_correctly"/>
  </testsuite>
  <testsuite name="table_aovt03" timestamp="2024-10-19T08:44:49Z" hostname="18e2157bbabd" tests="2" skipped="0" failures="0" errors="0" time="0.887">
    <testcase time="0.703000000000003" classname="table_aovt03" name="AOVT03_is_produced_correctly"/>
    <testcase time="0.183999999999997" classname="table_aovt03" name="AOVT03_is_produced_correctly"/>
  </testsuite>
  <testsuite name="table_cfbt01" timestamp="2024-10-19T08:44:50Z" hostname="18e2157bbabd" tests="2" skipped="0" failures="0" errors="0" time="0.643">
    <testcase time="0.426999999999992" classname="table_cfbt01" name="CFBT01_default_variant_is_produced_correctly"/>
    <testcase time="0.216000000000008" classname="table_cfbt01" name="CFBT01_default_variant_is_produced_correctly"/>
  </testsuite>
  <testsuite name="table_cmht01" timestamp="2024-10-19T08:44:51Z" hostname="18e2157bbabd" tests="4" skipped="0" failures="0" errors="0" time="1.762">
    <testcase time="0.417999999999992" classname="table_cmht01" name="CMHT01_variant_1_is_produced_correctly"/>
    <testcase time="0.085000000000008" classname="table_cmht01" name="CMHT01_variant_1_is_produced_correctly"/>
    <testcase time="0.97999999999999" classname="table_cmht01" name="CMHT01_variant_2_is_produced_correctly"/>
    <testcase time="0.279000000000011" classname="table_cmht01" name="CMHT01_variant_2_is_produced_correctly"/>
  </testsuite>
  <testsuite name="table_cmt01" timestamp="2024-10-19T08:44:52Z" hostname="18e2157bbabd" tests="8" skipped="0" failures="0" errors="0" time="1.72">
    <testcase time="0.305999999999997" classname="table_cmt01" name="CMT01_default_variant_Concomitant_medications_is_produced_correctly"/>
    <testcase time="0.132000000000005" classname="table_cmt01" name="CMT01_default_variant_Concomitant_medications_is_produced_correctly"/>
    <testcase time="0.416999999999987" classname="table_cmt01" name="CMT01_variant_1_prior_medications_is_produced_correctly"/>
    <testcase time="0.100000000000009" classname="table_cmt01" name="CMT01_variant_1_prior_medications_is_produced_correctly"/>
    <testcase time="0.259999999999991" classname="table_cmt01" name="CMT01_variant_3_Concomitant_medications_is_produced_correctly"/>
    <testcase time="0.113000000000014" classname="table_cmt01" name="CMT01_variant_3_Concomitant_medications_is_produced_correctly"/>
    <testcase time="0.269999999999996" classname="table_cmt01" name="CMT01_variant_4_Concomitant_medications_is_produced_correctly"/>
    <testcase time="0.122" classname="table_cmt01" name="CMT01_variant_4_Concomitant_medications_is_produced_correctly"/>
  </testsuite>
  <testsuite name="table_cmt01a" timestamp="2024-10-19T08:44:54Z" hostname="18e2157bbabd" tests="8" skipped="0" failures="0" errors="0" time="2.788">
    <testcase time="0.554999999999993" classname="table_cmt01a" name="CMT01A_variant_1_is_produced_correctly"/>
    <testcase time="0.175000000000011" classname="table_cmt01a" name="CMT01A_variant_1_is_produced_correctly"/>
    <testcase time="0.501999999999995" classname="table_cmt01a" name="CMT01A_variant_2_is_produced_correctly"/>
    <testcase time="0.177999999999997" classname="table_cmt01a" name="CMT01A_variant_2_is_produced_correctly"/>
    <testcase time="0.524000000000001" classname="table_cmt01a" name="CMT01A_variant_3_is_produced_correctly"/>
    <testcase time="0.182000000000002" classname="table_cmt01a" name="CMT01A_variant_3_is_produced_correctly"/>
    <testcase time="0.515000000000001" classname="table_cmt01a" name="CMT01A_variant_4_is_produced_correctly"/>
    <testcase time="0.156999999999996" classname="table_cmt01a" name="CMT01A_variant_4_is_produced_correctly"/>
  </testsuite>
  <testsuite name="table_cmt01b" timestamp="2024-10-19T08:44:57Z" hostname="18e2157bbabd" tests="6" skipped="0" failures="0" errors="0" time="3.217">
    <testcase time="0.861000000000004" classname="table_cmt01b" name="CMT01B_variant_1_is_produced_correctly"/>
    <testcase time="0.269999999999996" classname="table_cmt01b" name="CMT01B_variant_1_is_produced_correctly"/>
    <testcase time="0.613" classname="table_cmt01b" name="CMT01B_variant_2_is_produced_correctly"/>
    <testcase time="0.210999999999999" classname="table_cmt01b" name="CMT01B_variant_2_is_produced_correctly"/>
    <testcase time="0.951999999999998" classname="table_cmt01b" name="CMT01B_variant_4_is_produced_correctly"/>
    <testcase time="0.310000000000002" classname="table_cmt01b" name="CMT01B_variant_4_is_produced_correctly"/>
  </testsuite>
  <testsuite name="table_cmt02_pt" timestamp="2024-10-19T08:45:00Z" hostname="18e2157bbabd" tests="2" skipped="0" failures="0" errors="0" time="0.287">
    <testcase time="0.191000000000003" classname="table_cmt02_pt" name="CMT02_PT_default_variant_is_produced_correctly"/>
    <testcase time="0.0960000000000036" classname="table_cmt02_pt" name="CMT02_PT_default_variant_is_produced_correctly"/>
  </testsuite>
  <testsuite name="table_coxt01" timestamp="2024-10-19T08:45:00Z" hostname="18e2157bbabd" tests="8" skipped="0" failures="0" errors="0" time="1.81">
    <testcase time="0.266999999999996" classname="table_coxt01" name="1._Cox_Regression"/>
    <testcase time="0.0829999999999984" classname="table_coxt01" name="1._Cox_Regression"/>
    <testcase time="0.367999999999995" classname="table_coxt01" name="2._Cox_Regression_with_Interaction_Term_"/>
    <testcase time="0.111000000000004" classname="table_coxt01" name="2._Cox_Regression_with_Interaction_Term_"/>
    <testcase time="0.362000000000009" classname="table_coxt01" name="3._Cox_Regression_specifying_covariates_"/>
    <testcase time="0.11699999999999" classname="table_coxt01" name="3._Cox_Regression_specifying_covariates_"/>
    <testcase time="0.38300000000001" classname="table_coxt01" name="4._Cox_Regression_setting_strata_ties_and_alpha_level_"/>
    <testcase time="0.119" classname="table_coxt01" name="4._Cox_Regression_setting_strata_ties_and_alpha_level_"/>
  </testsuite>
  <testsuite name="table_coxt02" timestamp="2024-10-19T08:45:02Z" hostname="18e2157bbabd" tests="4" skipped="0" failures="0" errors="0" time="0.692">
    <testcase time="0.283999999999992" classname="table_coxt02" name="COXT02_default_variant_1_is_produced_correctly"/>
    <testcase time="0.0790000000000077" classname="table_coxt02" name="COXT02_default_variant_1_is_produced_correctly"/>
    <testcase time="0.262" classname="table_coxt02" name="COXT02_variant_5_is_produced_correctly"/>
    <testcase time="0.0669999999999931" classname="table_coxt02" name="COXT02_variant_5_is_produced_correctly"/>
  </testsuite>
  <testsuite name="table_disclosures" timestamp="2024-10-19T08:45:03Z" hostname="18e2157bbabd" tests="12" skipped="0" failures="0" errors="0" time="1.995">
    <testcase time="0.195999999999998" classname="table_disclosures" name="Patient_Disposition_table_is_produced_correctly"/>
    <testcase time="0.0889999999999986" classname="table_disclosures" name="Patient_Disposition_table_is_produced_correctly"/>
    <testcase time="0.210999999999999" classname="table_disclosures" name="Demographic_table_is_produced_correctly"/>
    <testcase time="0.156999999999996" classname="table_disclosures" name="Demographic_table_is_produced_correctly"/>
    <testcase time="0.100000000000009" classname="table_disclosures" name="Enrollment_by_Country_Table_is_produced_correctly"/>
    <testcase time="0.10499999999999" classname="table_disclosures" name="Enrollment_by_Country_Table_is_produced_correctly"/>
    <testcase time="0.078000000000003" classname="table_disclosures" name="Death_table_is_produced_correctly"/>
    <testcase time="0.070999999999998" classname="table_disclosures" name="Death_table_is_produced_correctly"/>
    <testcase time="0.319000000000003" classname="table_disclosures" name="Table_of_Serious_Adverse_Events_is_produced_correctly_for_one_specific_treatment_arm_"/>
    <testcase time="0.103999999999999" classname="table_disclosures" name="Table_of_Serious_Adverse_Events_is_produced_correctly_for_one_specific_treatment_arm_"/>
    <testcase time="0.424999999999997" classname="table_disclosures" name="Table_of_Non_Serious_Adverse_Events_is_produced_correctly"/>
    <testcase time="0.140000000000001" classname="table_disclosures" name="Table_of_Non_Serious_Adverse_Events_is_produced_correctly"/>
  </testsuite>
  <testsuite name="table_dmt01" timestamp="2024-10-19T08:45:06Z" hostname="18e2157bbabd" tests="10" skipped="0" failures="0" errors="0" time="2.844">
    <testcase time="1.191" classname="table_dmt01" name="DMT01_variant_1_is_produced_correctly"/>
    <testcase time="0.182999999999993" classname="table_dmt01" name="DMT01_variant_1_is_produced_correctly"/>
    <testcase time="0.225000000000009" classname="table_dmt01" name="DMT01_variant_2_is_produced_correctly"/>
    <testcase time="0.167000000000002" classname="table_dmt01" name="DMT01_variant_2_is_produced_correctly"/>
    <testcase time="0.251999999999995" classname="table_dmt01" name="DMT01_variant_3_is_produced_correctly"/>
    <testcase time="0.173000000000002" classname="table_dmt01" name="DMT01_variant_3_is_produced_correctly"/>
    <testcase time="0.200000000000003" classname="table_dmt01" name="DMT01_variant_4_is_produced_correctly"/>
    <testcase time="0.152000000000001" classname="table_dmt01" name="DMT01_variant_4_is_produced_correctly"/>
    <testcase time="0.164999999999992" classname="table_dmt01" name="DMT01_variant_5_is_produced_correctly"/>
    <testcase time="0.135999999999996" classname="table_dmt01" name="DMT01_variant_5_is_produced_correctly"/>
  </testsuite>
  <testsuite name="table_dort01" timestamp="2024-10-19T08:45:08Z" hostname="18e2157bbabd" tests="8" skipped="0" failures="0" errors="0" time="1.584">
    <testcase time="0.288000000000011" classname="table_dort01" name="DORT01_variant_1_is_produced_correctly"/>
    <testcase time="0.111999999999995" classname="table_dort01" name="DORT01_variant_1_is_produced_correctly"/>
    <testcase time="0.308000000000007" classname="table_dort01" name="DORT01_variant_2_selecting_sectons_is_produced_correctly"/>
    <testcase time="0.11399999999999" classname="table_dort01" name="DORT01_variant_2_selecting_sectons_is_produced_correctly"/>
    <testcase time="0.265000000000001" classname="table_dort01" name="DORT01_variant_3_modifying_conftype_and_alpha_level_is_produced_correctly"/>
    <testcase time="0.114000000000004" classname="table_dort01" name="DORT01_variant_3_modifying_conftype_and_alpha_level_is_produced_correctly"/>
    <testcase time="0.268000000000001" classname="table_dort01" name="DORT01_variant_4_modifying_time_point_for_the_xx_duration_is_produced_correctly"/>
    <testcase time="0.114999999999995" classname="table_dort01" name="DORT01_variant_4_modifying_time_point_for_the_xx_duration_is_produced_correctly"/>
  </testsuite>
  <testsuite name="table_dst01" timestamp="2024-10-19T08:45:09Z" hostname="18e2157bbabd" tests="6" skipped="0" failures="0" errors="0" time="0.79">
    <testcase time="0.143000000000001" classname="table_dst01" name="DST01_default_variant_is_produced_correctly"/>
    <testcase time="0.0930000000000035" classname="table_dst01" name="DST01_default_variant_is_produced_correctly"/>
    <testcase time="0.225999999999999" classname="table_dst01" name="DST01_variants_2_and_3_are_produced_correctly"/>
    <testcase time="0.117000000000004" classname="table_dst01" name="DST01_variants_2_and_3_are_produced_correctly"/>
    <testcase time="0.0849999999999937" classname="table_dst01" name="DST01_variants_2_and_3_are_produced_correctly"/>
    <testcase time="0.126000000000005" classname="table_dst01" name="DST01_variants_2_and_3_are_produced_correctly"/>
  </testsuite>
  <testsuite name="table_dtht01" timestamp="2024-10-19T08:45:10Z" hostname="18e2157bbabd" tests="8" skipped="0" failures="0" errors="0" time="1.411">
    <testcase time="0.123999999999995" classname="table_dtht01" name="DTHT01_variant_1_is_produced_correctly"/>
    <testcase time="0.085000000000008" classname="table_dtht01" name="DTHT01_variant_1_is_produced_correctly"/>
    <testcase time="0.268999999999991" classname="table_dtht01" name="DTHT01_variant_2_is_produced_correctly"/>
    <testcase time="0.174000000000007" classname="table_dtht01" name="DTHT01_variant_2_is_produced_correctly"/>
    <testcase time="0.171999999999997" classname="table_dtht01" name="DTHT01_variant_3_is_produced_correctly"/>
    <testcase time="0.310000000000002" classname="table_dtht01" name="DTHT01_variant_3_is_produced_correctly"/>
    <testcase time="0.168999999999997" classname="table_dtht01" name="DTHT01_variant_4_is_produced_correctly"/>
    <testcase time="0.108000000000004" classname="table_dtht01" name="DTHT01_variant_4_is_produced_correctly"/>
  </testsuite>
  <testsuite name="table_egt01" timestamp="2024-10-19T08:45:12Z" hostname="18e2157bbabd" tests="2" skipped="0" failures="0" errors="0" time="1.44">
    <testcase time="0.975999999999999" classname="table_egt01" name="EGT01_default_variant_is_produced_correctly"/>
    <testcase time="0.463999999999999" classname="table_egt01" name="EGT01_default_variant_is_produced_correctly"/>
  </testsuite>
  <testsuite name="table_egt02" timestamp="2024-10-19T08:45:13Z" hostname="18e2157bbabd" tests="4" skipped="0" failures="0" errors="0" time="0.553">
    <testcase time="0.266999999999996" classname="table_egt02" name="_EGT02_1._Regardless_of_Abnormality_at_Baseline"/>
    <testcase time="0.0750000000000028" classname="table_egt02" name="_EGT02_1._Regardless_of_Abnormality_at_Baseline"/>
    <testcase time="0.135999999999996" classname="table_egt02" name="_EGT02_2._Among_Subjects_Without_Abnormality_at_Baseline"/>
    <testcase time="0.0750000000000028" classname="table_egt02" name="_EGT02_2._Among_Subjects_Without_Abnormality_at_Baseline"/>
  </testsuite>
  <testsuite name="table_egt03" timestamp="2024-10-19T08:45:13Z" hostname="18e2157bbabd" tests="8" skipped="0" failures="0" errors="0" time="1.157">
    <testcase time="0.188000000000002" classname="table_egt03" name="EGT03_variant_1_is_produced_correctly"/>
    <testcase time="0.116" classname="table_egt03" name="EGT03_variant_1_is_produced_correctly"/>
    <testcase time="0.159999999999997" classname="table_egt03" name="EGT03_variant_2_is_produced_correctly"/>
    <testcase time="0.103999999999999" classname="table_egt03" name="EGT03_variant_2_is_produced_correctly"/>
    <testcase time="0.177000000000007" classname="table_egt03" name="EGT03_variant_3_is_produced_correctly"/>
    <testcase time="0.103999999999999" classname="table_egt03" name="EGT03_variant_3_is_produced_correctly"/>
    <testcase time="0.185000000000002" classname="table_egt03" name="EGT03_variant_4_is_produced_correctly"/>
    <testcase time="0.12299999999999" classname="table_egt03" name="EGT03_variant_4_is_produced_correctly"/>
  </testsuite>
  <testsuite name="table_egt04" timestamp="2024-10-19T08:45:15Z" hostname="18e2157bbabd" tests="2" skipped="0" failures="0" errors="0" time="0.238">
    <testcase time="0.14500000000001" classname="table_egt04" name="EGT04_default_variant_is_produced_correctly"/>
    <testcase time="0.0929999999999893" classname="table_egt04" name="EGT04_default_variant_is_produced_correctly"/>
  </testsuite>
  <testsuite name="table_egt05_qtcat" timestamp="2024-10-19T08:45:15Z" hostname="18e2157bbabd" tests="2" skipped="0" failures="0" errors="0" time="0.745">
    <testcase time="0.469000000000008" classname="table_egt05_qtcat" name="EGT05_QTCAT_default_variant_is_produced_correctly"/>
    <testcase time="0.275999999999996" classname="table_egt05_qtcat" name="EGT05_QTCAT_default_variant_is_produced_correctly"/>
  </testsuite>
  <testsuite name="table_ent" timestamp="2024-10-19T08:45:16Z" hostname="18e2157bbabd" tests="8" skipped="0" failures="0" errors="0" time="12.612">
    <testcase time="3.108" classname="table_ent" name="ENT01_IT_is_produced_correctly"/>
    <testcase time="0.560999999999993" classname="table_ent" name="ENT01_IT_is_produced_correctly"/>
    <testcase time="2.06" classname="table_ent" name="ENT01a_IT_is_produced_correctly"/>
    <testcase time="0.540000000000006" classname="table_ent" name="ENT01a_IT_is_produced_correctly"/>
    <testcase time="3.143" classname="table_ent" name="ENT02_IT_is_produced_correctly"/>
    <testcase time="0.544999999999987" classname="table_ent" name="ENT02_IT_is_produced_correctly"/>
    <testcase time="2.10900000000001" classname="table_ent" name="ENT02a_IT_is_produced_correctly"/>
    <testcase time="0.545999999999992" classname="table_ent" name="ENT02a_IT_is_produced_correctly"/>
  </testsuite>
  <testsuite name="table_eudrat01" timestamp="2024-10-19T08:45:28Z" hostname="18e2157bbabd" tests="2" skipped="0" failures="0" errors="0" time="0.58">
    <testcase time="0.440000000000012" classname="table_eudrat01" name="EUDRAT01_is_produced_correctly"/>
    <testcase time="0.140000000000001" classname="table_eudrat01" name="EUDRAT01_is_produced_correctly"/>
  </testsuite>
  <testsuite name="table_eudrat02" timestamp="2024-10-19T08:45:29Z" hostname="18e2157bbabd" tests="2" skipped="0" failures="0" errors="0" time="0.462">
    <testcase time="0.350999999999999" classname="table_eudrat02" name="EUDRAT02_is_produced_correctly"/>
    <testcase time="0.11099999999999" classname="table_eudrat02" name="EUDRAT02_is_produced_correctly"/>
  </testsuite>
  <testsuite name="table_ext01" timestamp="2024-10-19T08:45:29Z" hostname="18e2157bbabd" tests="6" skipped="0" failures="0" errors="0" time="1.536">
    <testcase time="0.341000000000008" classname="table_ext01" name="EXT01_default_variant_with_numeric_parameters_is_produced_correctly"/>
    <testcase time="0.201999999999998" classname="table_ext01" name="EXT01_default_variant_with_numeric_parameters_is_produced_correctly"/>
    <testcase time="0.251000000000005" classname="table_ext01" name="EXT01_variant_with_both_numeric_and_categorical_parameters"/>
    <testcase time="0.193999999999988" classname="table_ext01" name="EXT01_variant_with_both_numeric_and_categorical_parameters"/>
    <testcase time="0.309000000000012" classname="table_ext01" name="EXT01_variant_with_user_specified_categories_for_missed_doses"/>
    <testcase time="0.23899999999999" classname="table_ext01" name="EXT01_variant_with_user_specified_categories_for_missed_doses"/>
  </testsuite>
  <testsuite name="table_lbt01" timestamp="2024-10-19T08:45:31Z" hostname="18e2157bbabd" tests="2" skipped="0" failures="0" errors="0" time="1.967">
    <testcase time="1.477" classname="table_lbt01" name="LBT01_default_variant_is_produced_correctly"/>
    <testcase time="0.489999999999995" classname="table_lbt01" name="LBT01_default_variant_is_produced_correctly"/>
  </testsuite>
  <testsuite name="table_lbt02" timestamp="2024-10-19T08:45:33Z" hostname="18e2157bbabd" tests="2" skipped="0" failures="0" errors="0" time="1.319">
    <testcase time="0.811999999999998" classname="table_lbt02" name="LBT02_default_variant_is_produced_correctly"/>
    <testcase time="0.507000000000005" classname="table_lbt02" name="LBT02_default_variant_is_produced_correctly"/>
  </testsuite>
  <testsuite name="table_lbt03" timestamp="2024-10-19T08:45:34Z" hostname="18e2157bbabd" tests="2" skipped="0" failures="0" errors="0" time="0.284">
    <testcase time="0.171000000000006" classname="table_lbt03" name="LBT03_default_variant_is_produced_correctly"/>
    <testcase time="0.113" classname="table_lbt03" name="LBT03_default_variant_is_produced_correctly"/>
  </testsuite>
  <testsuite name="table_lbt04" timestamp="2024-10-19T08:45:35Z" hostname="18e2157bbabd" tests="2" skipped="0" failures="0" errors="0" time="1.296">
    <testcase time="1.095" classname="table_lbt04" name="LBT04_default_variant_is_produced_correctly"/>
    <testcase time="0.200999999999993" classname="table_lbt04" name="LBT04_default_variant_is_produced_correctly"/>
  </testsuite>
  <testsuite name="table_lbt05" timestamp="2024-10-19T08:45:36Z" hostname="18e2157bbabd" tests="6" skipped="0" failures="0" errors="0" time="6.435">
    <testcase time="2.108" classname="table_lbt05" name="LBT05_variant_1_is_produced_correctly"/>
    <testcase time="0.628999999999991" classname="table_lbt05" name="LBT05_variant_1_is_produced_correctly"/>
    <testcase time="1.30000000000001" classname="table_lbt05" name="LBT05_variant_2_is_produced_correctly"/>
    <testcase time="0.472000000000008" classname="table_lbt05" name="LBT05_variant_2_is_produced_correctly"/>
    <testcase time="1.58199999999999" classname="table_lbt05" name="LBT05_variant_4_is_produced_correctly"/>
    <testcase time="0.343999999999994" classname="table_lbt05" name="LBT05_variant_4_is_produced_correctly"/>
  </testsuite>
  <testsuite name="table_lbt06" timestamp="2024-10-19T08:45:42Z" hostname="18e2157bbabd" tests="2" skipped="0" failures="0" errors="0" time="0.476">
    <testcase time="0.311000000000007" classname="table_lbt06" name="LBT06_default_variant_is_produced_correctly"/>
    <testcase time="0.164999999999992" classname="table_lbt06" name="LBT06_default_variant_is_produced_correctly"/>
  </testsuite>
  <testsuite name="table_lbt07" timestamp="2024-10-19T08:45:43Z" hostname="18e2157bbabd" tests="2" skipped="0" failures="0" errors="0" time="2.369">
    <testcase time="2.09" classname="table_lbt07" name="LBT07_is_produced_correctly"/>
    <testcase time="0.278999999999996" classname="table_lbt07" name="LBT07_is_produced_correctly"/>
  </testsuite>
  <testsuite name="table_lbt08" timestamp="2024-10-19T08:45:45Z" hostname="18e2157bbabd" tests="2" skipped="0" failures="0" errors="0" time="0.355">
    <testcase time="0.245000000000005" classname="table_lbt08" name="LBT08_produce_correctly"/>
    <testcase time="0.109999999999985" classname="table_lbt08" name="LBT08_produce_correctly"/>
  </testsuite>
  <testsuite name="table_lbt09" timestamp="2024-10-19T08:45:45Z" hostname="18e2157bbabd" tests="4" skipped="0" failures="0" errors="0" time="0.875">
    <testcase time="0.295000000000016" classname="table_lbt09" name="LBT09_variant_1_works_as_expected"/>
    <testcase time="0.155000000000001" classname="table_lbt09" name="LBT09_variant_1_works_as_expected"/>
    <testcase time="0.270999999999987" classname="table_lbt09" name="LBT09_variant_2_works_as_expected"/>
    <testcase time="0.153999999999996" classname="table_lbt09" name="LBT09_variant_2_works_as_expected"/>
  </testsuite>
  <testsuite name="table_lbt10" timestamp="2024-10-19T08:45:46Z" hostname="18e2157bbabd" tests="4" skipped="0" failures="0" errors="0" time="1.139">
    <testcase time="0.64500000000001" classname="table_lbt10" name="LBT10_variant_1_works_as_expected"/>
    <testcase time="0.0769999999999982" classname="table_lbt10" name="LBT10_variant_1_works_as_expected"/>
    <testcase time="0.358000000000004" classname="table_lbt10" name="LBT10_variant_2_works_as_expected"/>
    <testcase time="0.0589999999999975" classname="table_lbt10" name="LBT10_variant_2_works_as_expected"/>
  </testsuite>
  <testsuite name="table_lbt10_bl" timestamp="2024-10-19T08:45:47Z" hostname="18e2157bbabd" tests="4" skipped="0" failures="0" errors="0" time="0.463">
    <testcase time="0.222000000000008" classname="table_lbt10_bl" name="LBT10_BL_variant_1_works_as_expected"/>
    <testcase time="0.0699999999999932" classname="table_lbt10_bl" name="LBT10_BL_variant_1_works_as_expected"/>
    <testcase time="0.113" classname="table_lbt10_bl" name="LBT10_BL_variant_2_works_as_expected"/>
    <testcase time="0.0579999999999927" classname="table_lbt10_bl" name="LBT10_BL_variant_2_works_as_expected"/>
  </testsuite>
  <testsuite name="table_lbt11" timestamp="2024-10-19T08:45:48Z" hostname="18e2157bbabd" tests="6" skipped="0" failures="0" errors="0" time="0.69">
    <testcase time="0.177000000000021" classname="table_lbt11" name="LBT11_variant_1_works_as_expected"/>
    <testcase time="0.0909999999999798" classname="table_lbt11" name="LBT11_variant_1_works_as_expected"/>
    <testcase time="0.0810000000000173" classname="table_lbt11" name="LBT11_variant_2_works_as_expected"/>
    <testcase time="0.0839999999999748" classname="table_lbt11" name="LBT11_variant_2_works_as_expected"/>
    <testcase time="0.143000000000001" classname="table_lbt11" name="LBT11_variant_3_works_as_expected"/>
    <testcase time="0.114000000000004" classname="table_lbt11" name="LBT11_variant_3_works_as_expected"/>
  </testsuite>
  <testsuite name="table_lbt11_bl" timestamp="2024-10-19T08:45:49Z" hostname="18e2157bbabd" tests="6" skipped="0" failures="0" errors="0" time="0.77">
    <testcase time="0.180000000000007" classname="table_lbt11_bl" name="LBT11_BL_variant_1_works_as_expected"/>
    <testcase time="0.0999999999999943" classname="table_lbt11_bl" name="LBT11_BL_variant_1_works_as_expected"/>
    <testcase time="0.0980000000000132" classname="table_lbt11_bl" name="LBT11_BL_variant_2_works_as_expected"/>
    <testcase time="0.0840000000000032" classname="table_lbt11_bl" name="LBT11_BL_variant_2_works_as_expected"/>
    <testcase time="0.180999999999983" classname="table_lbt11_bl" name="LBT11_BL_variant_3_works_as_expected"/>
    <testcase time="0.12700000000001" classname="table_lbt11_bl" name="LBT11_BL_variant_3_works_as_expected"/>
  </testsuite>
  <testsuite name="table_lbt12" timestamp="2024-10-19T08:45:49Z" hostname="18e2157bbabd" tests="2" skipped="0" failures="0" errors="0" time="0.358">
    <testcase time="0.276999999999987" classname="table_lbt12" name="LBT12_works_as_expected"/>
    <testcase time="0.0810000000000173" classname="table_lbt12" name="LBT12_works_as_expected"/>
  </testsuite>
  <testsuite name="table_lbt12_bl" timestamp="2024-10-19T08:45:50Z" hostname="18e2157bbabd" tests="2" skipped="0" failures="0" errors="0" time="0.343">
    <testcase time="0.268000000000001" classname="table_lbt12_bl" name="LBT12_BL_works_as_expected"/>
    <testcase time="0.0749999999999886" classname="table_lbt12_bl" name="LBT12_BL_works_as_expected"/>
  </testsuite>
  <testsuite name="table_lbt13" timestamp="2024-10-19T08:45:51Z" hostname="18e2157bbabd" tests="10" skipped="0" failures="0" errors="0" time="2.306">
    <testcase time="0.938000000000017" classname="table_lbt13" name="LBT13_variant_1_LOW_works_as_expected"/>
    <testcase time="0.0909999999999798" classname="table_lbt13" name="LBT13_variant_1_LOW_works_as_expected"/>
    <testcase time="0.129000000000019" classname="table_lbt13" name="LBT13_variant_2_HIGH_works_as_expected"/>
    <testcase time="0.0609999999999786" classname="table_lbt13" name="LBT13_variant_2_HIGH_works_as_expected"/>
    <testcase time="0.215000000000003" classname="table_lbt13" name="LBT13_variant_3_LOW_without_baseline_missing_works_as_expected"/>
    <testcase time="0.0910000000000082" classname="table_lbt13" name="LBT13_variant_3_LOW_without_baseline_missing_works_as_expected"/>
    <testcase time="0.128999999999991" classname="table_lbt13" name="LBT13_variant_4_HIGH_with_missing_baseline_considered_as_grade_0_works_as_expected"/>
    <testcase time="0.0620000000000118" classname="table_lbt13" name="LBT13_variant_4_HIGH_with_missing_baseline_considered_as_grade_0_works_as_expected"/>
    <testcase time="0.382999999999981" classname="table_lbt13" name="LBT14_variant_5_HIGH_with_filled_in_grades_works_as_expected"/>
    <testcase time="0.207000000000022" classname="table_lbt13" name="LBT14_variant_5_HIGH_with_filled_in_grades_works_as_expected"/>
  </testsuite>
  <testsuite name="table_lbt14" timestamp="2024-10-19T08:45:53Z" hostname="18e2157bbabd" tests="10" skipped="0" failures="0" errors="0" time="26.665">
    <testcase time="5.28799999999998" classname="table_lbt14" name="LBT14_variant_1_HIGH_works_as_expected"/>
    <testcase time="0.437000000000012" classname="table_lbt14" name="LBT14_variant_1_HIGH_works_as_expected"/>
    <testcase time="4.79300000000001" classname="table_lbt14" name="LBT14_variant_2_LOW_works_as_expected"/>
    <testcase time="0.318999999999988" classname="table_lbt14" name="LBT14_variant_2_LOW_works_as_expected"/>
    <testcase time="3.14500000000001" classname="table_lbt14" name="LBT14_variant_3_LOW_without_baseline_missing_works_as_expected"/>
    <testcase time="0.378999999999991" classname="table_lbt14" name="LBT14_variant_3_LOW_without_baseline_missing_works_as_expected"/>
    <testcase time="4.77199999999999" classname="table_lbt14" name="LBT14_variant_4_LOW_and_force_1_missing_both_baseline_and_post_baseline_then_force_the_missing_baseline_as_0_as_expected"/>
    <testcase time="0.231999999999999" classname="table_lbt14" name="LBT14_variant_4_LOW_and_force_1_missing_both_baseline_and_post_baseline_then_force_the_missing_baseline_as_0_as_expected"/>
    <testcase time="4.71100000000001" classname="table_lbt14" name="LBT14_variant_5_HIGH_with_fillings_works_as_expected"/>
    <testcase time="2.589" classname="table_lbt14" name="LBT14_variant_5_HIGH_with_fillings_works_as_expected"/>
  </testsuite>
  <testsuite name="table_lbt15" timestamp="2024-10-19T08:46:19Z" hostname="18e2157bbabd" tests="4" skipped="0" failures="0" errors="0" time="1.662">
    <testcase time="0.560000000000002" classname="table_lbt15" name="LBT15_variant_1_works_as_expected"/>
    <testcase time="0.204999999999984" classname="table_lbt15" name="LBT15_variant_1_works_as_expected"/>
    <testcase time="0.481999999999999" classname="table_lbt15" name="LBT15_variant_2_works_as_expected"/>
    <testcase time="0.41500000000002" classname="table_lbt15" name="LBT15_variant_2_works_as_expected"/>
  </testsuite>
  <testsuite name="table_lgrt02" timestamp="2024-10-19T08:46:21Z" hostname="18e2157bbabd" tests="8" skipped="0" failures="0" errors="0" time="2.657">
    <testcase time="0.490000000000009" classname="table_lgrt02" name="LGRT02_without_interaction_term_is_produced_correctly"/>
    <testcase time="0.138000000000005" classname="table_lgrt02" name="LGRT02_without_interaction_term_is_produced_correctly"/>
    <testcase time="0.548000000000002" classname="table_lgrt02" name="LGRT02_with_categorical_interaction_is_produced_correctly"/>
    <testcase time="0.161000000000001" classname="table_lgrt02" name="LGRT02_with_categorical_interaction_is_produced_correctly"/>
    <testcase time="0.534999999999997" classname="table_lgrt02" name="LGRT02_with_continuous_interaction_is_produced_correctly"/>
    <testcase time="0.164999999999992" classname="table_lgrt02" name="LGRT02_with_continuous_interaction_is_produced_correctly"/>
    <testcase time="0.483000000000004" classname="table_lgrt02" name="LGRT02_with_setting_values_indicating_an_event_and_custom_alpha_level_is_produced_correctly"/>
    <testcase time="0.137" classname="table_lgrt02" name="LGRT02_with_setting_values_indicating_an_event_and_custom_alpha_level_is_produced_correctly"/>
  </testsuite>
  <testsuite name="table_mht01" timestamp="2024-10-19T08:46:23Z" hostname="18e2157bbabd" tests="8" skipped="0" failures="0" errors="0" time="1.393">
    <testcase time="0.293000000000006" classname="table_mht01" name="MHT01_variant_1_is_produced_accurately"/>
    <testcase time="0.125" classname="table_mht01" name="MHT01_variant_1_is_produced_accurately"/>
    <testcase time="0.102000000000004" classname="table_mht01" name="MHT01_variant_2_is_produced_accurately"/>
    <testcase time="0.0660000000000025" classname="table_mht01" name="MHT01_variant_2_is_produced_accurately"/>
    <testcase time="0.238999999999976" classname="table_mht01" name="MHT01_variant_3_is_produced_accurately"/>
    <testcase time="0.111000000000018" classname="table_mht01" name="MHT01_variant_3_is_produced_accurately"/>
    <testcase time="0.316000000000003" classname="table_mht01" name="MHT01_variant_5_is_produced_accurately"/>
    <testcase time="0.140999999999991" classname="table_mht01" name="MHT01_variant_5_is_produced_accurately"/>
  </testsuite>
  <testsuite name="table_onct05" timestamp="2024-10-19T08:46:25Z" hostname="18e2157bbabd" tests="8" skipped="0" failures="0" errors="0" time="1.874">
    <testcase time="0.412000000000006" classname="table_onct05" name="ONCT05_variant_1_Objective_Response_Rate_by_Subgroup_is_produced_correctly"/>
    <testcase time="0.108000000000004" classname="table_onct05" name="ONCT05_variant_1_Objective_Response_Rate_by_Subgroup_is_produced_correctly"/>
    <testcase time="0.426999999999992" classname="table_onct05" name="ONCT05_variant_2_Specifying_class_variables_is_produced_correctly"/>
    <testcase time="0.132000000000005" classname="table_onct05" name="ONCT05_variant_2_Specifying_class_variables_is_produced_correctly"/>
    <testcase time="0.183999999999997" classname="table_onct05" name="ONCT05_variant_3_selecting_columns_and_changing_the_alpha_level_is_produced_correctly"/>
    <testcase time="0.0900000000000034" classname="table_onct05" name="ONCT05_variant_3_selecting_columns_and_changing_the_alpha_level_is_produced_correctly"/>
    <testcase time="0.402999999999992" classname="table_onct05" name="ONCT05_variant_4_setting_values_indicating_response_is_produced_correctly"/>
    <testcase time="0.117999999999995" classname="table_onct05" name="ONCT05_variant_4_setting_values_indicating_response_is_produced_correctly"/>
  </testsuite>
  <testsuite name="table_pdt01" timestamp="2024-10-19T08:46:27Z" hostname="18e2157bbabd" tests="2" skipped="0" failures="0" errors="0" time="0.381">
    <testcase time="0.242000000000019" classname="table_pdt01" name="PDT01_is_produced_correctly"/>
    <testcase time="0.138999999999982" classname="table_pdt01" name="PDT01_is_produced_correctly"/>
  </testsuite>
  <testsuite name="table_pdt02" timestamp="2024-10-19T08:46:27Z" hostname="18e2157bbabd" tests="2" skipped="0" failures="0" errors="0" time="0.227">
    <testcase time="0.153999999999996" classname="table_pdt02" name="PDT02_is_produced_correctly"/>
    <testcase time="0.0730000000000075" classname="table_pdt02" name="PDT02_is_produced_correctly"/>
  </testsuite>
  <testsuite name="table_pkct01" timestamp="2024-10-19T08:46:27Z" hostname="18e2157bbabd" tests="10" skipped="0" failures="0" errors="0" time="2.932">
    <testcase time="0.253999999999991" classname="table_pkct01" name="PKCT01_is_produced_correctly"/>
    <testcase time="0.085000000000008" classname="table_pkct01" name="PKCT01_is_produced_correctly"/>
    <testcase time="0.125" classname="table_pkct01" name="PKCT01_is_produced_correctly"/>
    <testcase time="0.0529999999999973" classname="table_pkct01" name="PKCT01_is_produced_correctly"/>
    <testcase time="0.828000000000003" classname="table_pkct01" name="Specific_PKCT01_features_are_present"/>
    <testcase time="0.211000000000013" classname="table_pkct01" name="Specific_PKCT01_features_are_present"/>
    <testcase time="0.189999999999998" classname="table_pkct01" name="Specific_PKCT01_features_are_present"/>
    <testcase time="0.0029999999999859" classname="table_pkct01" name="Specific_PKCT01_features_are_present"/>
    <testcase time="0.649000000000001" classname="table_pkct01" name="Specific_PKCT01_features_are_present"/>
    <testcase time="0.53400000000002" classname="table_pkct01" name="Specific_PKCT01_features_are_present"/>
  </testsuite>
  <testsuite name="table_pkpt02" timestamp="2024-10-19T08:46:30Z" hostname="18e2157bbabd" tests="2" skipped="0" failures="0" errors="0" time="0.545">
    <testcase time="0.318999999999988" classname="table_pkpt02" name="PKPT02_is_produced_correctly_for_Drug_X"/>
    <testcase time="0.225999999999999" classname="table_pkpt02" name="PKPT02_is_produced_correctly_for_Drug_X"/>
  </testsuite>
  <testsuite name="table_pkpt03" timestamp="2024-10-19T08:46:31Z" hostname="18e2157bbabd" tests="2" skipped="0" failures="0" errors="0" time="1.069">
    <testcase time="0.879999999999995" classname="table_pkpt03" name="PKPT03_Drug_X_is_produced_correctly"/>
    <testcase time="0.188999999999993" classname="table_pkpt03" name="PKPT03_Drug_X_is_produced_correctly"/>
  </testsuite>
  <testsuite name="table_pkpt04" timestamp="2024-10-19T08:46:32Z" hostname="18e2157bbabd" tests="2" skipped="0" failures="0" errors="0" time="0.188">
    <testcase time="0.0930000000000177" classname="table_pkpt04" name="PKPT04_is_produced_correctly_for_Drug_X"/>
    <testcase time="0.0949999999999989" classname="table_pkpt04" name="PKPT04_is_produced_correctly_for_Drug_X"/>
  </testsuite>
  <testsuite name="table_pkpt05" timestamp="2024-10-19T08:46:32Z" hostname="18e2157bbabd" tests="2" skipped="0" failures="0" errors="0" time="0.377">
    <testcase time="0.270999999999987" classname="table_pkpt05" name="PKPT05_Drug_X_is_produced_correctly"/>
    <testcase time="0.105999999999995" classname="table_pkpt05" name="PKPT05_Drug_X_is_produced_correctly"/>
  </testsuite>
  <testsuite name="table_pkpt06" timestamp="2024-10-19T08:46:32Z" hostname="18e2157bbabd" tests="4" skipped="0" failures="0" errors="0" time="0.26">
    <testcase time="0.0829999999999984" classname="table_pkpt06" name="PKPT06_is_produced_correctly_for_Drug_X"/>
    <testcase time="0.0740000000000123" classname="table_pkpt06" name="PKPT06_is_produced_correctly_for_Drug_X"/>
    <testcase time="0.0490000000000066" classname="table_pkpt06" name="PKPT06_is_produced_correctly_for_Drug_Y"/>
    <testcase time="0.054000000000002" classname="table_pkpt06" name="PKPT06_is_produced_correctly_for_Drug_Y"/>
  </testsuite>
  <testsuite name="table_pkpt07" timestamp="2024-10-19T08:46:33Z" hostname="18e2157bbabd" tests="4" skipped="0" failures="0" errors="0" time="0.515">
    <testcase time="0.210999999999984" classname="table_pkpt07" name="PKPT07_Drug_X_is_produced_correctly"/>
    <testcase time="0.0949999999999989" classname="table_pkpt07" name="PKPT07_Drug_X_is_produced_correctly"/>
    <testcase time="0.123000000000019" classname="table_pkpt07" name="PKPT07_Drug_Y_is_produced_correctly"/>
    <testcase time="0.0859999999999843" classname="table_pkpt07" name="PKPT07_Drug_Y_is_produced_correctly"/>
  </testsuite>
  <testsuite name="table_ratet01" timestamp="2024-10-19T08:46:33Z" hostname="18e2157bbabd" tests="2" skipped="0" failures="0" errors="0" time="0.664">
    <testcase time="0.532000000000011" classname="table_ratet01" name="RATET01_is_produced_correctly"/>
    <testcase time="0.132000000000005" classname="table_ratet01" name="RATET01_is_produced_correctly"/>
  </testsuite>
  <testsuite name="table_rmpt01" timestamp="2024-10-19T08:46:34Z" hostname="18e2157bbabd" tests="2" skipped="0" failures="0" errors="0" time="0.184">
    <testcase time="0.127999999999986" classname="table_rmpt01" name="RMPT01_is_produced_correctly"/>
    <testcase time="0.0560000000000116" classname="table_rmpt01" name="RMPT01_is_produced_correctly"/>
  </testsuite>
  <testsuite name="table_rmpt03" timestamp="2024-10-19T08:46:34Z" hostname="18e2157bbabd" tests="4" skipped="0" failures="0" errors="0" time="0.52">
    <testcase time="0.197999999999979" classname="table_rmpt03" name="RMPT03_variant_1_is_produced_correctly"/>
    <testcase time="0.0810000000000173" classname="table_rmpt03" name="RMPT03_variant_1_is_produced_correctly"/>
    <testcase time="0.156000000000006" classname="table_rmpt03" name="RMPT03_variant_2_is_produced_correctly"/>
    <testcase time="0.085000000000008" classname="table_rmpt03" name="RMPT03_variant_2_is_produced_correctly"/>
  </testsuite>
  <testsuite name="table_rmpt04" timestamp="2024-10-19T08:46:34Z" hostname="18e2157bbabd" tests="2" skipped="0" failures="0" errors="0" time="0.195">
    <testcase time="0.138000000000005" classname="table_rmpt04" name="RMPT04_variant_1_is_produced_correctly"/>
    <testcase time="0.0569999999999879" classname="table_rmpt04" name="RMPT04_variant_1_is_produced_correctly"/>
  </testsuite>
  <testsuite name="table_rmpt05" timestamp="2024-10-19T08:46:35Z" hostname="18e2157bbabd" tests="2" skipped="0" failures="0" errors="0" time="0.221">
    <testcase time="0.155000000000001" classname="table_rmpt05" name="RMPT05_is_produced_correctly"/>
    <testcase time="0.0660000000000025" classname="table_rmpt05" name="RMPT05_is_produced_correctly"/>
  </testsuite>
  <testsuite name="table_rmpt06" timestamp="2024-10-19T08:46:35Z" hostname="18e2157bbabd" tests="8" skipped="0" failures="0" errors="0" time="1.468">
    <testcase time="0.298000000000002" classname="table_rmpt06" name="RMPT06_variant_1_is_produced_correctly"/>
    <testcase time="0.103000000000009" classname="table_rmpt06" name="RMPT06_variant_1_is_produced_correctly"/>
    <testcase time="0.200999999999993" classname="table_rmpt06" name="RMPT06_variant_2_is_produced_correctly"/>
    <testcase time="0.092000000000013" classname="table_rmpt06" name="RMPT06_variant_2_is_produced_correctly"/>
    <testcase time="0.269999999999982" classname="table_rmpt06" name="RMPT06_variant_3_is_produced_correctly"/>
    <testcase time="0.110000000000014" classname="table_rmpt06" name="RMPT06_variant_3_is_produced_correctly"/>
    <testcase time="0.272999999999996" classname="table_rmpt06" name="RMPT06_variant_4_is_produced_correctly"/>
    <testcase time="0.121000000000009" classname="table_rmpt06" name="RMPT06_variant_4_is_produced_correctly"/>
  </testsuite>
  <testsuite name="table_rspt01" timestamp="2024-10-19T08:46:36Z" hostname="18e2157bbabd" tests="12" skipped="0" failures="0" errors="0" time="2.385">
    <testcase time="0.259999999999991" classname="table_rspt01" name="RSPT01_1._Best_Overall_Response"/>
    <testcase time="0.106999999999999" classname="table_rspt01" name="RSPT01_1._Best_Overall_Response"/>
    <testcase time="0.453000000000003" classname="table_rspt01" name="RSPT01_2._Best_Overall_Response_selecting_sections_to_display_"/>
    <testcase time="0.10899999999998" classname="table_rspt01" name="RSPT01_2._Best_Overall_Response_selecting_sections_to_display_"/>
    <testcase time="0.27800000000002" classname="table_rspt01" name="RSPT01_3._Best_Overall_Response_modifying_settings_"/>
    <testcase time="0.0999999999999943" classname="table_rspt01" name="RSPT01_3._Best_Overall_Response_modifying_settings_"/>
    <testcase time="0.317000000000007" classname="table_rspt01" name="RSPT01_4._Best_Overall_Response_with_stratified_analysis_"/>
    <testcase time="0.126000000000005" classname="table_rspt01" name="RSPT01_4._Best_Overall_Response_with_stratified_analysis_"/>
    <testcase time="0.239999999999981" classname="table_rspt01" name="RSPT01_5._Best_Overall_Response_modifying_the_definition_of_overall_response_"/>
    <testcase time="0.105000000000018" classname="table_rspt01" name="RSPT01_5._Best_Overall_Response_modifying_the_definition_of_overall_response_"/>
    <testcase time="0.197999999999979" classname="table_rspt01" name="RSPT01_6._Best_Overall_Response_define_new_sections_to_display_"/>
    <testcase time="0.092000000000013" classname="table_rspt01" name="RSPT01_6._Best_Overall_Response_define_new_sections_to_display_"/>
  </testsuite>
  <testsuite name="table_ttet01" timestamp="2024-10-19T08:46:39Z" hostname="18e2157bbabd" tests="14" skipped="0" failures="0" errors="0" time="3.192">
    <testcase time="0.37299999999999" classname="table_ttet01" name="TTET01_default_variant_is_produced_correctly"/>
    <testcase time="0.161000000000001" classname="table_ttet01" name="TTET01_default_variant_is_produced_correctly"/>
    <testcase time="0.355999999999995" classname="table_ttet01" name="TTET01_default_variant_with_Placebo_arm"/>
    <testcase time="0.168000000000006" classname="table_ttet01" name="TTET01_default_variant_with_Placebo_arm"/>
    <testcase time="0.191000000000003" classname="table_ttet01" name="TTET01_variant_2_selecting_sections_to_display"/>
    <testcase time="0.119" classname="table_ttet01" name="TTET01_variant_2_selecting_sections_to_display"/>
    <testcase time="0.288000000000011" classname="table_ttet01" name="TTET01_variant_3_modifying_analysis_details_like_conftype_ties_alpha_level"/>
    <testcase time="0.144999999999982" classname="table_ttet01" name="TTET01_variant_3_modifying_analysis_details_like_conftype_ties_alpha_level"/>
    <testcase time="0.326000000000022" classname="table_ttet01" name="TTET01_variant_4_with_stratified_analysis"/>
    <testcase time="0.144999999999982" classname="table_ttet01" name="TTET01_variant_4_with_stratified_analysis"/>
    <testcase time="0.293000000000006" classname="table_ttet01" name="TTET01_variant_5_modifying_time_point"/>
    <testcase time="0.129999999999995" classname="table_ttet01" name="TTET01_variant_5_modifying_time_point"/>
    <testcase time="0.360000000000014" classname="table_ttet01" name="TTET01_variant_6_requesting_more_than_one_p_value"/>
    <testcase time="0.137" classname="table_ttet01" name="TTET01_variant_6_requesting_more_than_one_p_value"/>
  </testsuite>
  <testsuite name="table_vst01" timestamp="2024-10-19T08:46:42Z" hostname="18e2157bbabd" tests="2" skipped="0" failures="0" errors="0" time="0.992">
    <testcase time="0.709000000000003" classname="table_vst01" name="VST01_default_variant_is_produced_correctly"/>
    <testcase time="0.282999999999987" classname="table_vst01" name="VST01_default_variant_is_produced_correctly"/>
  </testsuite>
  <testsuite name="table_vst02" timestamp="2024-10-19T08:46:43Z" hostname="18e2157bbabd" tests="4" skipped="0" failures="0" errors="0" time="0.868">
    <testcase time="0.356999999999999" classname="table_vst02" name="1._Vital_Sign_Abnormalities_Regardless_of_Abnormality_at_Baseline_VST02_1_"/>
    <testcase time="0.126000000000005" classname="table_vst02" name="1._Vital_Sign_Abnormalities_Regardless_of_Abnormality_at_Baseline_VST02_1_"/>
    <testcase time="0.269999999999982" classname="table_vst02" name="2._Vital_Sign_Abnormalities_Among_Subject_Without_Abnormality_at_Baseline_VST02_2_"/>
    <testcase time="0.115000000000009" classname="table_vst02" name="2._Vital_Sign_Abnormalities_Among_Subject_Without_Abnormality_at_Baseline_VST02_2_"/>
  </testsuite>
</testsuites>
