<?xml version="1.0" encoding="UTF-8"?>
<testsuites>
  <testsuite name="listing_adal02" timestamp="2025-03-06T18:53:00Z" hostname="23b4b0c19b1b" tests="1" skipped="0" failures="0" errors="0" time="0.257">
    <testcase time="0.257" classname="listing_adal02" name="ADAL02_listing_is_produced_correctly"/>
  </testsuite>
  <testsuite name="listing_ael01" timestamp="2025-03-06T18:53:00Z" hostname="23b4b0c19b1b" tests="1" skipped="0" failures="0" errors="0" time="0.202">
    <testcase time="0.202" classname="listing_ael01" name="AEL01_listing_is_produced_correctly"/>
  </testsuite>
  <testsuite name="listing_ael01_nollt" timestamp="2025-03-06T18:53:00Z" hostname="23b4b0c19b1b" tests="1" skipped="0" failures="0" errors="0" time="0.075">
    <testcase time="0.0750000000000002" classname="listing_ael01_nollt" name="AEL01_NOLLT_listing_is_produced_correctly"/>
  </testsuite>
  <testsuite name="listing_ael02" timestamp="2025-03-06T18:53:00Z" hostname="23b4b0c19b1b" tests="1" skipped="0" failures="0" errors="0" time="0.296">
    <testcase time="0.295999999999999" classname="listing_ael02" name="AEL02_listing_is_produced_correctly"/>
  </testsuite>
  <testsuite name="listing_ael02_ed" timestamp="2025-03-06T18:53:00Z" hostname="23b4b0c19b1b" tests="1" skipped="0" failures="0" errors="0" time="0.341">
    <testcase time="0.341000000000001" classname="listing_ael02_ed" name="AEL02_ED_listing_is_produced_correctly"/>
  </testsuite>
  <testsuite name="listing_ael03" timestamp="2025-03-06T18:53:01Z" hostname="23b4b0c19b1b" tests="1" skipped="0" failures="0" errors="0" time="0.291">
    <testcase time="0.291" classname="listing_ael03" name="AEL03_listing_is_produced_correctly"/>
  </testsuite>
  <testsuite name="listing_ael04" timestamp="2025-03-06T18:53:01Z" hostname="23b4b0c19b1b" tests="1" skipped="0" failures="0" errors="0" time="0.206">
    <testcase time="0.206" classname="listing_ael04" name="AEL04_listing_is_produced_correctly"/>
  </testsuite>
  <testsuite name="listing_cml01" timestamp="2025-03-06T18:53:01Z" hostname="23b4b0c19b1b" tests="1" skipped="0" failures="0" errors="0" time="0.345">
    <testcase time="0.344999999999999" classname="listing_cml01" name="CML01_listing_is_produced_correctly"/>
  </testsuite>
  <testsuite name="listing_cml02a_gl" timestamp="2025-03-06T18:53:02Z" hostname="23b4b0c19b1b" tests="1" skipped="0" failures="0" errors="0" time="0.123">
    <testcase time="0.123000000000001" classname="listing_cml02a_gl" name="CML02A_GL_listing_is_produced_correctly"/>
  </testsuite>
  <testsuite name="listing_cml02b_gl" timestamp="2025-03-06T18:53:02Z" hostname="23b4b0c19b1b" tests="1" skipped="0" failures="0" errors="0" time="0.17">
    <testcase time="0.17" classname="listing_cml02b_gl" name="CML02B_GL_listing_is_produced_correctly"/>
  </testsuite>
  <testsuite name="listing_dsl01" timestamp="2025-03-06T18:53:02Z" hostname="23b4b0c19b1b" tests="1" skipped="0" failures="0" errors="0" time="0.185">
    <testcase time="0.185" classname="listing_dsl01" name="DSL01_listing_is_produced_correctly"/>
  </testsuite>
  <testsuite name="listing_dsl02" timestamp="2025-03-06T18:53:02Z" hostname="23b4b0c19b1b" tests="1" skipped="0" failures="0" errors="0" time="0.076">
    <testcase time="0.0759999999999987" classname="listing_dsl02" name="DSL02_listing_is_produced_correctly"/>
  </testsuite>
  <testsuite name="listing_dsur4" timestamp="2025-03-06T18:53:02Z" hostname="23b4b0c19b1b" tests="1" skipped="0" failures="0" errors="0" time="0.114">
    <testcase time="0.114000000000001" classname="listing_dsur4" name="DSUR4_listing_is_produced_correctly"/>
  </testsuite>
  <testsuite name="listing_egl01" timestamp="2025-03-06T18:53:02Z" hostname="23b4b0c19b1b" tests="1" skipped="0" failures="0" errors="0" time="0.417">
    <testcase time="0.417" classname="listing_egl01" name="EGL01_listing_is_produced_correctly"/>
  </testsuite>
  <testsuite name="listing_exl01" timestamp="2025-03-06T18:53:03Z" hostname="23b4b0c19b1b" tests="1" skipped="0" failures="0" errors="0" time="0.219">
    <testcase time="0.218999999999999" classname="listing_exl01" name="EXL01_listing_is_produced_correctly"/>
  </testsuite>
  <testsuite name="listing_lbl01" timestamp="2025-03-06T18:53:03Z" hostname="23b4b0c19b1b" tests="1" skipped="0" failures="0" errors="0" time="0.538">
    <testcase time="0.538" classname="listing_lbl01" name="LBL01_listing_is_produced_correctly"/>
  </testsuite>
  <testsuite name="listing_lbl01_rls" timestamp="2025-03-06T18:53:03Z" hostname="23b4b0c19b1b" tests="1" skipped="0" failures="0" errors="0" time="0.53">
    <testcase time="0.530000000000001" classname="listing_lbl01_rls" name="LBL01_RLS_listing_is_produced_correctly"/>
  </testsuite>
  <testsuite name="listing_lbl02a" timestamp="2025-03-06T18:53:04Z" hostname="23b4b0c19b1b" tests="1" skipped="0" failures="0" errors="0" time="0.26">
    <testcase time="0.26" classname="listing_lbl02a" name="LBL02A_listing_is_produced_correctly"/>
  </testsuite>
  <testsuite name="listing_lbl02a_rls" timestamp="2025-03-06T18:53:04Z" hostname="23b4b0c19b1b" tests="1" skipped="0" failures="0" errors="0" time="0.788">
    <testcase time="0.788" classname="listing_lbl02a_rls" name="LBL02A_RLS_listing_is_produced_correctly"/>
  </testsuite>
  <testsuite name="listing_lbl02b" timestamp="2025-03-06T18:53:05Z" hostname="23b4b0c19b1b" tests="1" skipped="0" failures="0" errors="0" time="0.269">
    <testcase time="0.268999999999998" classname="listing_lbl02b" name="LBL02B_listing_is_produced_correctly"/>
  </testsuite>
  <testsuite name="listing_mhl01" timestamp="2025-03-06T18:53:05Z" hostname="23b4b0c19b1b" tests="1" skipped="0" failures="0" errors="0" time="0.25">
    <testcase time="0.25" classname="listing_mhl01" name="MHL01_listing_is_produced_correctly"/>
  </testsuite>
  <testsuite name="listing_oncl01" timestamp="2025-03-06T18:53:06Z" hostname="23b4b0c19b1b" tests="1" skipped="0" failures="0" errors="0" time="0.247">
    <testcase time="0.247000000000002" classname="listing_oncl01" name="ONCL01_listing_is_produced_correctly"/>
  </testsuite>
  <testsuite name="listing_pkcl01" timestamp="2025-03-06T18:53:06Z" hostname="23b4b0c19b1b" tests="2" skipped="0" failures="0" errors="0" time="0.703">
    <testcase time="0.203999999999999" classname="listing_pkcl01" name="PKCL01_listing_is_produced_correctly"/>
    <testcase time="0.499000000000001" classname="listing_pkcl01" name="PKCL01_listing_key_columns_values_are_repeated_when_entries_span_multiple_pages"/>
  </testsuite>
  <testsuite name="listing_pkcl02" timestamp="2025-03-06T18:53:06Z" hostname="23b4b0c19b1b" tests="1" skipped="0" failures="0" errors="0" time="0.205">
    <testcase time="0.205" classname="listing_pkcl02" name="PKCL02_listing_is_produced_correctly"/>
  </testsuite>
  <testsuite name="listing_pkpl01" timestamp="2025-03-06T18:53:07Z" hostname="23b4b0c19b1b" tests="1" skipped="0" failures="0" errors="0" time="0.249">
    <testcase time="0.249000000000001" classname="listing_pkpl01" name="PKPL01_listing_is_produced_correctly"/>
  </testsuite>
  <testsuite name="listing_pkpl02" timestamp="2025-03-06T18:53:07Z" hostname="23b4b0c19b1b" tests="1" skipped="0" failures="0" errors="0" time="0.154">
    <testcase time="0.154" classname="listing_pkpl02" name="PKPL02_listing_is_produced_correctly"/>
  </testsuite>
  <testsuite name="listing_pkpl04" timestamp="2025-03-06T18:53:07Z" hostname="23b4b0c19b1b" tests="1" skipped="0" failures="0" errors="0" time="0.2">
    <testcase time="0.199999999999999" classname="listing_pkpl04" name="PKPL04_listing_is_produced_correctly"/>
  </testsuite>
  <testsuite name="listing_vsl01" timestamp="2025-03-06T18:53:07Z" hostname="23b4b0c19b1b" tests="1" skipped="0" failures="0" errors="0" time="0.436">
    <testcase time="0.436" classname="listing_vsl01" name="VSL01_listing_is_produced_correctly"/>
  </testsuite>
  <testsuite name="pagination_listing" timestamp="2025-03-06T18:53:08Z" hostname="23b4b0c19b1b" tests="13" skipped="0" failures="0" errors="0" time="5.951">
    <testcase time="0.0440000000000005" classname="pagination_listing" name="Direct_pagination_works_fine"/>
    <testcase time="0.994999999999999" classname="pagination_listing" name="Direct_pagination_works_fine"/>
    <testcase time="0.00300000000000011" classname="pagination_listing" name="Direct_pagination_works_fine"/>
    <testcase time="0.888000000000002" classname="pagination_listing" name="Direct_pagination_works_fine"/>
    <testcase time="1.224" classname="pagination_listing" name="Direct_pagination_works_fine"/>
    <testcase time="1.494" classname="pagination_listing" name="pagination_counts_the_right_number_of_lines_when_wrapping_on_keycols_is_present"/>
    <testcase time="0.00600000000000023" classname="pagination_listing" name="pagination_counts_the_right_number_of_lines_when_wrapping_on_keycols_is_present"/>
    <testcase time="0.00499999999999901" classname="pagination_listing" name="pagination_counts_the_right_number_of_lines_when_wrapping_on_keycols_is_present"/>
    <testcase time="0.00300000000000011" classname="pagination_listing" name="pagination_counts_the_right_number_of_lines_when_wrapping_on_keycols_is_present"/>
    <testcase time="1.271" classname="pagination_listing" name="pagination_counts_the_right_number_of_lines_when_wrapping_on_keycols_is_present"/>
    <testcase time="0.00499999999999901" classname="pagination_listing" name="pagination_counts_the_right_number_of_lines_when_wrapping_on_keycols_is_present"/>
    <testcase time="0.00400000000000134" classname="pagination_listing" name="pagination_counts_the_right_number_of_lines_when_wrapping_on_keycols_is_present"/>
    <testcase time="0.00899999999999679" classname="pagination_listing" name="pagination_counts_the_right_number_of_lines_when_wrapping_on_keycols_is_present"/>
  </testsuite>
  <testsuite name="pagination_table" timestamp="2025-03-06T18:53:15Z" hostname="23b4b0c19b1b" tests="30" skipped="0" failures="10" errors="0" time="14.611">
    <testcase time="1.688" classname="pagination_table" name="Direct_pagination_with_standard_values"/>
    <testcase time="0.00499999999999901" classname="pagination_table" name="Direct_pagination_with_standard_values"/>
    <testcase time="0.00300000000000011" classname="pagination_table" name="Direct_pagination_with_standard_values"/>
    <testcase time="1.205" classname="pagination_table" name="Pagination_with_specific_column_widths_and_minimum_lines_per_page"/>
    <testcase time="0.00400000000000134" classname="pagination_table" name="Pagination_with_specific_column_widths_and_minimum_lines_per_page"/>
    <testcase time="0.183" classname="pagination_table" name="Pagination_with_specific_column_widths_and_minimum_lines_per_page">
      <failure type="failure" message="Snapshot of code has changed: ('test-pagination_table.R:76:3')">Snapshot of code has changed:
old[11:17] vs new[11:17]
      1                     39 (29.5%)  
      2                     50 (37.9%)  
        dcd A.1.1.1.2                   
-         - Any Grade -     50 (37.9%)  
+         dcd A.1.1.1.2     50 (37.9%)  
          Grade 1-2         50 (37.9%)  
          2                 50 (37.9%)  
    

old[26:32] vs new[26:32]
      Grade 3-4           49 (36.6%)
      3                   49 (36.6%)
        dcd B.2.2.3.1               
-         - Any Grade -   48 (35.8%)
+         dcd B.2.2.3.1   48 (35.8%)
          Grade 1-2       48 (35.8%)
          1               48 (35.8%)
    

* Run `testthat::snapshot_accept('pagination_table')` to accept the change.
* Run `testthat::snapshot_review('pagination_table')` to interactively review the change.</failure>
    </testcase>
    <testcase time="0.994" classname="pagination_table" name="Pagination_works_also_if_table_is_decorated"/>
    <testcase time="0.565000000000001" classname="pagination_table" name="Pagination_works_also_if_table_is_decorated"/>
    <testcase time="0.831" classname="pagination_table" name="Pagination_works_also_if_table_is_decorated"/>
    <testcase time="0.678999999999998" classname="pagination_table" name="Pagination_works_also_if_table_is_decorated"/>
    <testcase time="1.388" classname="pagination_table" name="Pagination_works_also_if_table_is_decorated"/>
    <testcase time="0.323" classname="pagination_table" name="Pagination_works_also_if_table_is_decorated"/>
    <testcase time="0.00300000000000011" classname="pagination_table" name="Pagination_works_also_if_table_is_decorated"/>
    <testcase time="0.0449999999999982" classname="pagination_table" name="Pagination_works_also_if_table_is_decorated">
      <failure type="failure" message="Snapshot of code has changed: ('test-pagination_table.R:126:3')">Snapshot of code has changed:
old[40:49] vs new[40:49]
             dcd A.                                   
             1.1.1.                                   
             1                                        
-              -         50         45      63 (47.7%)
+              dcd       50         45      63 (47.7%)
-              Any    (37.3%)    (33.6%)              
+              A.1.   (37.3%)    (33.6%)              
-              Grad                                   
+              1.1.                                   
-              e -                                    
+              1                                      
               Grad      50         45      63 (47.7%)
               e      (37.3%)    (33.6%)              
               1-2                                    

old[52:61] vs new[52:61]
             dcd A.                                   
             1.1.1.                                   
             2                                        
-              -         48         48      50 (37.9%)
+              dcd       48         48      50 (37.9%)
-              Any    (35.8%)    (35.8%)              
+              A.1.   (35.8%)    (35.8%)              
-              Grad                                   
+              1.1.                                   
-              e -                                    
+              2                                      
               Grad      48         48      50 (37.9%)
               e      (35.8%)    (35.8%)              
               1-2                                    

* Run `testthat::snapshot_accept('pagination_table')` to accept the change.
* Run `testthat::snapshot_review('pagination_table')` to interactively review the change.</failure>
    </testcase>
    <testcase time="0.179000000000002" classname="pagination_table" name="Pagination_works_also_if_table_is_decorated">
      <failure type="failure" message="Snapshot of code has changed: ('test-pagination_table.R:128:3')">Snapshot of code has changed:
old[24:33] vs new[24:33]
             dcd D.                                   
             1.1.4.                                   
             2                                        
-              -         48         42      50 (37.9%)
+              dcd       48         42      50 (37.9%)
-              Any    (35.8%)    (31.3%)              
+              D.1.   (35.8%)    (31.3%)              
-              Grad                                   
+              1.4.                                   
-              e -                                    
+              2                                      
               Grad      48         42      50 (37.9%)
               e      (35.8%)    (31.3%)              
               3-4                                    

old[43:52] vs new[43:52]
             dcd D.                                   
             2.1.5.                                   
             3                                        
-              -         47         58      57 (43.2%)
+              dcd       47         58      57 (43.2%)
-              Any    (35.1%)    (43.3%)              
+              D.2.   (35.1%)    (43.3%)              
-              Grad                                   
+              1.5.                                   
-              e -                                    
+              3                                      
               Grad      47         58      57 (43.2%)
               e      (35.1%)    (43.3%)              
               1-2                                    

old[60:69] vs new[60:69]
             dcd B.                                   
             1.1.1.                                   
             1                                        
-              -         47         49      43 (32.6%)
+              dcd       47         49      43 (32.6%)
-              Any    (35.1%)    (36.6%)              
+              B.1.   (35.1%)    (36.6%)              
-              Grad                                   
+              1.1.                                   
-              e -                                    
+              1                                      
               Grad      47         49      43 (32.6%)
               e 5    (35.1%)    (36.6%)              
         —————————————————————————————————————————————

* Run `testthat::snapshot_accept('pagination_table')` to accept the change.
* Run `testthat::snapshot_review('pagination_table')` to interactively review the change.</failure>
    </testcase>
    <testcase time="0.114999999999998" classname="pagination_table" name="Pagination_works_also_if_table_is_decorated">
      <failure type="failure" message="Snapshot of code has changed: ('test-pagination_table.R:129:3')">Snapshot of code has changed:
old[24:33] vs new[24:33]
             dcd A.                                   
             1.1.1.                                   
             2                                        
-              -         48         48      50 (37.9%)
+              dcd       48         48      50 (37.9%)
-              Any    (35.8%)    (35.8%)              
+              A.1.   (35.8%)    (35.8%)              
-              Grad                                   
+              1.1.                                   
-              e -                                    
+              2                                      
               Grad      48         48      50 (37.9%)
               e      (35.8%)    (35.8%)              
               1-2                                    

* Run `testthat::snapshot_accept('pagination_table')` to accept the change.
* Run `testthat::snapshot_review('pagination_table')` to interactively review the change.</failure>
    </testcase>
    <testcase time="0.731000000000002" classname="pagination_table" name="Pagination_works_for_page_types"/>
    <testcase time="0.0960000000000001" classname="pagination_table" name="Pagination_works_for_page_types">
      <failure type="failure" message="Snapshot of code has changed: ('test-pagination_table.R:136:3')">Snapshot of code has changed:
old[16:22] vs new[16:22]
           Grade 3-4           43 (32.1%)   46 (34.3%)     43 (32.6%)  
           4                   43 (32.1%)   46 (34.3%)     43 (32.6%)  
             dcd C.1.1.1.3                                             
-              - Any Grade -   43 (32.1%)   46 (34.3%)     43 (32.6%)  
+              dcd C.1.1.1.3   43 (32.1%)   46 (34.3%)     43 (32.6%)  
               Grade 3-4       43 (32.1%)   46 (34.3%)     43 (32.6%)  
               4               43 (32.1%)   46 (34.3%)     43 (32.6%)  
         ——————————————————————————————————————————————————————————————

* Run `testthat::snapshot_accept('pagination_table')` to accept the change.
* Run `testthat::snapshot_review('pagination_table')` to interactively review the change.</failure>
    </testcase>
    <testcase time="0.741" classname="pagination_table" name="Pagination_works_for_page_types"/>
    <testcase time="0.0850000000000009" classname="pagination_table" name="Pagination_works_for_page_types">
      <failure type="failure" message="Snapshot of code has changed: ('test-pagination_table.R:139:3')">Snapshot of code has changed:
old[16:22] vs new[16:22]
           Grade 3-4           43 (32.1%)   46 (34.3%)     43 (32.6%)  
           4                   43 (32.1%)   46 (34.3%)     43 (32.6%)  
             dcd C.1.1.1.3                                             
-              - Any Grade -   43 (32.1%)   46 (34.3%)     43 (32.6%)  
+              dcd C.1.1.1.3   43 (32.1%)   46 (34.3%)     43 (32.6%)  
               Grade 3-4       43 (32.1%)   46 (34.3%)     43 (32.6%)  
               4               43 (32.1%)   46 (34.3%)     43 (32.6%)  
         ——————————————————————————————————————————————————————————————

* Run `testthat::snapshot_accept('pagination_table')` to accept the change.
* Run `testthat::snapshot_review('pagination_table')` to interactively review the change.</failure>
    </testcase>
    <testcase time="0.706999999999997" classname="pagination_table" name="Pagination_works_for_page_types"/>
    <testcase time="0.451000000000001" classname="pagination_table" name="Pagination_works_for_page_types">
      <failure type="failure" message="Snapshot of code has changed: ('test-pagination_table.R:142:3')">Snapshot of code has changed:
old[25:35] vs new[25:35]
           1                   30 (22.4%)      27 (20.1%)       39 (29.5%)  
           2                   48 (35.8%)      48 (35.8%)       50 (37.9%)  
             dcd A.1.1.1.1                                                  
-              - Any Grade -   50 (37.3%)      45 (33.6%)       63 (47.7%)  
+              dcd A.1.1.1.1   50 (37.3%)      45 (33.6%)       63 (47.7%)  
               Grade 1-2       50 (37.3%)      45 (33.6%)       63 (47.7%)  
               1               50 (37.3%)      45 (33.6%)       63 (47.7%)  
             dcd A.1.1.1.2                                                  
-              - Any Grade -   48 (35.8%)      48 (35.8%)       50 (37.9%)  
+              dcd A.1.1.1.2   48 (35.8%)      48 (35.8%)       50 (37.9%)  
               Grade 1-2       48 (35.8%)      48 (35.8%)       50 (37.9%)  
               2               48 (35.8%)      48 (35.8%)       50 (37.9%)  
         cl B.2                                                             

old[39:49] vs new[39:49]
           Grade 3-4           49 (36.6%)      44 (32.8%)       52 (39.4%)  
           3                   49 (36.6%)      44 (32.8%)       52 (39.4%)  
             dcd B.2.2.3.1                                                  
-              - Any Grade -   48 (35.8%)      54 (40.3%)       51 (38.6%)  
+              dcd B.2.2.3.1   48 (35.8%)      54 (40.3%)       51 (38.6%)  
               Grade 1-2       48 (35.8%)      54 (40.3%)       51 (38.6%)  
               1               48 (35.8%)      54 (40.3%)       51 (38.6%)  
             dcd B.2.1.2.1                                                  
-              - Any Grade -   49 (36.6%)      44 (32.8%)       52 (39.4%)  
+              dcd B.2.1.2.1   49 (36.6%)      44 (32.8%)       52 (39.4%)  
               Grade 3-4       49 (36.6%)      44 (32.8%)       52 (39.4%)  
               3               49 (36.6%)      44 (32.8%)       52 (39.4%)  
         cl D.1                                                             

old[52:61] vs new[52:61]
           3                   29 (21.6%)      25 (18.7%)       29 (22.0%)  
           Grade 5             50 (37.3%)      42 (31.3%)       51 (38.6%)  
             dcd D.1.1.1.1                                                  
-              - Any Grade -   50 (37.3%)      42 (31.3%)       51 (38.6%)  
+              dcd D.1.1.1.1   50 (37.3%)      42 (31.3%)       51 (38.6%)  
               Grade 5         50 (37.3%)      42 (31.3%)       51 (38.6%)  
             dcd D.1.1.4.2                                                  
-              - Any Grade -   48 (35.8%)      42 (31.3%)       50 (37.9%)  
+              dcd D.1.1.4.2   48 (35.8%)      42 (31.3%)       50 (37.9%)  
               Grade 3-4       48 (35.8%)      42 (31.3%)       50 (37.9%)  
               3               48 (35.8%)      42 (31.3%)       50 (37.9%)  
         cl D.2                                                             

old[63:69] vs new[63:69]
           Grade 1-2           47 (35.1%)      58 (43.3%)       57 (43.2%)  
           1                   47 (35.1%)      58 (43.3%)       57 (43.2%)  
             dcd D.2.1.5.3                                                  
-              - Any Grade -   47 (35.1%)      58 (43.3%)       57 (43.2%)  
+              dcd D.2.1.5.3   47 (35.1%)      58 (43.3%)       57 (43.2%)  
               Grade 1-2       47 (35.1%)      58 (43.3%)       57 (43.2%)  
               1               47 (35.1%)      58 (43.3%)       57 (43.2%)  
         cl B.1                                                             

old[70:76] vs new[70:76]
           - Any Grade -       47 (35.1%)      49 (36.6%)       43 (32.6%)  
           Grade 5             47 (35.1%)      49 (36.6%)       43 (32.6%)  
             dcd B.1.1.1.1                                                  
-              - Any Grade -   47 (35.1%)      49 (36.6%)       43 (32.6%)  
+              dcd B.1.1.1.1   47 (35.1%)      49 (36.6%)       43 (32.6%)  
               Grade 5         47 (35.1%)      49 (36.6%)       43 (32.6%)  
         cl C.2                                                             
           - Any Grade -       35 (26.1%)      48 (35.8%)       55 (41.7%)  

old[77:83] vs new[77:83]
           Grade 1-2           35 (26.1%)      48 (35.8%)       55 (41.7%)  
           2                   35 (26.1%)      48 (35.8%)       55 (41.7%)  
             dcd C.2.1.2.1                                                  
-              - Any Grade -   35 (26.1%)      48 (35.8%)       55 (41.7%)  
+              dcd C.2.1.2.1   35 (26.1%)      48 (35.8%)       55 (41.7%)  
               Grade 1-2       35 (26.1%)      48 (35.8%)       55 (41.7%)  
               2               35 (26.1%)      48 (35.8%)       55 (41.7%)  
         cl C.1                                                             

old[85:91] vs new[85:91]
           Grade 3-4           43 (32.1%)      46 (34.3%)       43 (32.6%)  
           4                   43 (32.1%)      46 (34.3%)       43 (32.6%)  
             dcd C.1.1.1.3                                                  
-              - Any Grade -   43 (32.1%)      46 (34.3%)       43 (32.6%)  
+              dcd C.1.1.1.3   43 (32.1%)      46 (34.3%)       43 (32.6%)  
               Grade 3-4       43 (32.1%)      46 (34.3%)       43 (32.6%)  
               4               43 (32.1%)      46 (34.3%)       43 (32.6%)  
         ———————————————————————————————————————————————————————————————————

* Run `testthat::snapshot_accept('pagination_table')` to accept the change.
* Run `testthat::snapshot_review('pagination_table')` to interactively review the change.</failure>
    </testcase>
    <testcase time="0.749000000000002" classname="pagination_table" name="Pagination_works_for_page_width_and_height"/>
    <testcase time="0.150999999999996" classname="pagination_table" name="Pagination_works_for_page_width_and_height">
      <failure type="failure" message="Snapshot of code has changed: ('test-pagination_table.R:149:3')">Snapshot of code has changed:
old[16:22] vs new[16:22]
           - Any Grade -       47 (35.1%)   49 (36.6%)     43 (32.6%)  
           Grade 5             47 (35.1%)   49 (36.6%)     43 (32.6%)  
             dcd B.1.1.1.1                                             
-              - Any Grade -   47 (35.1%)   49 (36.6%)     43 (32.6%)  
+              dcd B.1.1.1.1   47 (35.1%)   49 (36.6%)     43 (32.6%)  
               Grade 5         47 (35.1%)   49 (36.6%)     43 (32.6%)  
         cl C.2                                                        
           - Any Grade -       35 (26.1%)   48 (35.8%)     55 (41.7%)  

old[23:29] vs new[23:29]
           Grade 1-2           35 (26.1%)   48 (35.8%)     55 (41.7%)  
           2                   35 (26.1%)   48 (35.8%)     55 (41.7%)  
             dcd C.2.1.2.1                                             
-              - Any Grade -   35 (26.1%)   48 (35.8%)     55 (41.7%)  
+              dcd C.2.1.2.1   35 (26.1%)   48 (35.8%)     55 (41.7%)  
               Grade 1-2       35 (26.1%)   48 (35.8%)     55 (41.7%)  
               2               35 (26.1%)   48 (35.8%)     55 (41.7%)  
         cl C.1                                                        

old[31:37] vs new[31:37]
           Grade 3-4           43 (32.1%)   46 (34.3%)     43 (32.6%)  
           4                   43 (32.1%)   46 (34.3%)     43 (32.6%)  
             dcd C.1.1.1.3                                             
-              - Any Grade -   43 (32.1%)   46 (34.3%)     43 (32.6%)  
+              dcd C.1.1.1.3   43 (32.1%)   46 (34.3%)     43 (32.6%)  
               Grade 3-4       43 (32.1%)   46 (34.3%)     43 (32.6%)  
               4               43 (32.1%)   46 (34.3%)     43 (32.6%)  
         ——————————————————————————————————————————————————————————————

* Run `testthat::snapshot_accept('pagination_table')` to accept the change.
* Run `testthat::snapshot_review('pagination_table')` to interactively review the change.</failure>
    </testcase>
    <testcase time="0.832000000000001" classname="pagination_table" name="Pagination_works_for_page_types"/>
    <testcase time="0.188000000000002" classname="pagination_table" name="Pagination_works_for_page_types">
      <failure type="failure" message="Snapshot of code has changed: ('test-pagination_table.R:163:3')">Snapshot of code has changed:
old[17:23] vs new[17:23]
           Grade 1-2           47 (35.1%)   58 (43.3%)     57 (43.2%)  
           1                   47 (35.1%)   58 (43.3%)     57 (43.2%)  
             dcd D.2.1.5.3                                             
-              - Any Grade -   47 (35.1%)   58 (43.3%)     57 (43.2%)  
+              dcd D.2.1.5.3   47 (35.1%)   58 (43.3%)     57 (43.2%)  
               Grade 1-2       47 (35.1%)   58 (43.3%)     57 (43.2%)  
               1               47 (35.1%)   58 (43.3%)     57 (43.2%)  
         cl B.1                                                        

old[24:30] vs new[24:30]
           - Any Grade -       47 (35.1%)   49 (36.6%)     43 (32.6%)  
           Grade 5             47 (35.1%)   49 (36.6%)     43 (32.6%)  
             dcd B.1.1.1.1                                             
-              - Any Grade -   47 (35.1%)   49 (36.6%)     43 (32.6%)  
+              dcd B.1.1.1.1   47 (35.1%)   49 (36.6%)     43 (32.6%)  
               Grade 5         47 (35.1%)   49 (36.6%)     43 (32.6%)  
         ——————————————————————————————————————————————————————————————
    

old[51:57] vs new[51:57]
           Grade 1-2           35 (26.1%)   48 (35.8%)     55 (41.7%)  
           2                   35 (26.1%)   48 (35.8%)     55 (41.7%)  
             dcd C.2.1.2.1                                             
-              - Any Grade -   35 (26.1%)   48 (35.8%)     55 (41.7%)  
+              dcd C.2.1.2.1   35 (26.1%)   48 (35.8%)     55 (41.7%)  
               Grade 1-2       35 (26.1%)   48 (35.8%)     55 (41.7%)  
               2               35 (26.1%)   48 (35.8%)     55 (41.7%)  
         ——————————————————————————————————————————————————————————————

* Run `testthat::snapshot_accept('pagination_table')` to accept the change.
* Run `testthat::snapshot_review('pagination_table')` to interactively review the change.</failure>
    </testcase>
    <testcase time="0.853000000000002" classname="pagination_table" name="AET04_variant_2_page_by_pagination_tests"/>
    <testcase time="0.647999999999996" classname="pagination_table" name="AET04_variant_2_page_by_pagination_tests"/>
    <testcase time="0.00100000000000477" classname="pagination_table" name="AET04_variant_2_page_by_pagination_tests"/>
    <testcase time="0.167999999999999" classname="pagination_table" name="AET04_variant_2_page_by_pagination_tests">
      <failure type="failure" message="Snapshot of code has changed: ('test-pagination_table.R:217:3')">Snapshot of code has changed:
old[14:23] vs new[14:23]
    3                   29 (21.6%)       0              0       
    Grade 5             50 (37.3%)       0              0       
      dcd D.1.1.1.1                                             
-       - Any Grade -   50 (37.3%)       0              0       
+       dcd D.1.1.1.1   50 (37.3%)       0              0       
        Grade 5         50 (37.3%)       0              0       
      dcd D.1.1.4.2                                             
-       - Any Grade -   48 (35.8%)       0              0       
+       dcd D.1.1.4.2   48 (35.8%)       0              0       
        Grade 3-4       48 (35.8%)       0              0       
        3               48 (35.8%)       0              0       
    

old[33:39] vs new[33:39]
    Grade 1-2           47 (35.1%)       0              0       
    1                   47 (35.1%)       0              0       
      dcd D.2.1.5.3                                             
-       - Any Grade -   47 (35.1%)       0              0       
+       dcd D.2.1.5.3   47 (35.1%)       0              0       
        Grade 1-2       47 (35.1%)       0              0       
        1               47 (35.1%)       0              0       
    

* Run `testthat::snapshot_accept('pagination_table')` to accept the change.
* Run `testthat::snapshot_review('pagination_table')` to interactively review the change.</failure>
    </testcase>
  </testsuite>
  <testsuite name="table_adat03" timestamp="2025-03-06T18:53:28Z" hostname="23b4b0c19b1b" tests="2" skipped="0" failures="0" errors="0" time="0.592">
    <testcase time="0.449999999999996" classname="table_adat03" name="ADAT03_is_produced_correctly"/>
    <testcase time="0.142000000000003" classname="table_adat03" name="ADAT03_is_produced_correctly"/>
  </testsuite>
  <testsuite name="table_aet01" timestamp="2025-03-06T18:53:29Z" hostname="23b4b0c19b1b" tests="8" skipped="0" failures="0" errors="0" time="1.951">
    <testcase time="0.390999999999998" classname="table_aet01" name="Safety_Summary_Variant_1_works_as_expected"/>
    <testcase time="0.322000000000003" classname="table_aet01" name="Safety_Summary_Variant_1_works_as_expected"/>
    <testcase time="0.307000000000002" classname="table_aet01" name="Safety_Summary_Variant_2_with_Medical_Concepts_Section_works_as_expected"/>
    <testcase time="0.119999999999997" classname="table_aet01" name="Safety_Summary_Variant_2_with_Medical_Concepts_Section_works_as_expected"/>
    <testcase time="0.243000000000002" classname="table_aet01" name="Safety_Summary_Variant_3_with_Modified_Rows_works_as_expected"/>
    <testcase time="0.0949999999999989" classname="table_aet01" name="Safety_Summary_Variant_3_with_Modified_Rows_works_as_expected"/>
    <testcase time="0.348999999999997" classname="table_aet01" name="Safety_Summary_Variant_4_with_Rows_Counting_Events_and_Additional_Sections_works_as_expected"/>
    <testcase time="0.124000000000002" classname="table_aet01" name="Safety_Summary_Variant_4_with_Rows_Counting_Events_and_Additional_Sections_works_as_expected"/>
  </testsuite>
  <testsuite name="table_aet01_aesi" timestamp="2025-03-06T18:53:31Z" hostname="23b4b0c19b1b" tests="8" skipped="0" failures="0" errors="0" time="2.602">
    <testcase time="0.265000000000001" classname="table_aet01_aesi" name="AET01_AESI_Variant_1_works_as_expected"/>
    <testcase time="0.103999999999999" classname="table_aet01_aesi" name="AET01_AESI_Variant_1_works_as_expected"/>
    <testcase time="0.448999999999998" classname="table_aet01_aesi" name="AET01_AESI_Variant_2_works_as_expected"/>
    <testcase time="0.156000000000006" classname="table_aet01_aesi" name="AET01_AESI_Variant_2_works_as_expected"/>
    <testcase time="0.654999999999994" classname="table_aet01_aesi" name="AET01_AESI_Variant_3_works_as_expected"/>
    <testcase time="0.214000000000006" classname="table_aet01_aesi" name="AET01_AESI_Variant_3_works_as_expected"/>
    <testcase time="0.544999999999995" classname="table_aet01_aesi" name="AET01_AESI_Variant_4_works_as_expected"/>
    <testcase time="0.214000000000006" classname="table_aet01_aesi" name="AET01_AESI_Variant_4_works_as_expected"/>
  </testsuite>
  <testsuite name="table_aet02" timestamp="2025-03-06T18:53:33Z" hostname="23b4b0c19b1b" tests="25" skipped="0" failures="2" errors="2" time="7.704">
    <testcase time="0.544999999999995" classname="table_aet02" name="AET02_variant_1_is_produced_correctly"/>
    <testcase time="0.184000000000005" classname="table_aet02" name="AET02_variant_1_is_produced_correctly">
      <failure type="failure" message="Snapshot of code has changed: ('test-table_aet02.R:66:3')">Snapshot of code has changed:
old[35:38] vs new[35:37]
    VASCULAR DISORDERS                                                                                                                 
      Total number of patients with at least one adverse event       0              1 (1.4%)                  0              1 (0.4%)  
      Total number of events                                         0                 1                      0                 1      
-     WOUND HAEMORRHAGE                                              0              1 (1.4%)                  0              1 (0.4%)  

* Run `testthat::snapshot_accept('table_aet02')` to accept the change.
* Run `testthat::snapshot_review('table_aet02')` to interactively review the change.</failure>
    </testcase>
    <testcase time="0.420999999999999" classname="table_aet02" name="AET02_variant_1_is_produced_correctly"/>
    <testcase time="0.0940000000000012" classname="table_aet02" name="AET02_variant_1_is_produced_correctly"/>
    <testcase time="0.599999999999994" classname="table_aet02" name="AET02_variant_2_is_produced_correctly"/>
    <testcase time="0.122" classname="table_aet02" name="AET02_variant_2_is_produced_correctly">
      <error type="error" message="Error in `(function (cond)  ('test-table_aet02.R:129:3')">Error in `(function (cond) 
.Internal(C_tryCatchHelper(addr, 1L, cond)))(structure(list(message = "all(mapdf$row_num == rinfo$abs_rownumber) is not TRUE", 
    call = update_mf_rinfo_extents(mform)), class = c("simpleError", 
"error", "condition")))`: error in evaluating the argument 'x' in selecting a method for function 'toString': all(mapdf$row_num == rinfo$abs_rownumber) is not TRUE
Backtrace:
    x
 1. \-testthat::expect_snapshot(res) at test-table_aet02.R:129:3
 2.   \-rlang::cnd_signal(state$error)</error>
    </testcase>
    <testcase time="0.907000000000004" classname="table_aet02" name="AET02_variant_3_is_produced_correctly"/>
    <testcase time="0.320999999999998" classname="table_aet02" name="AET02_variant_3_is_produced_correctly">
      <failure type="failure" message="Snapshot of code has changed: ('test-table_aet02.R:195:3')">Snapshot of code has changed:
old[72:75] vs new[72:74]
      HLT_0154                                                                                                            
        Total number of patients with at least one adverse event       0              1 (1.4%)                  0         
        Total number of events                                         0                 1                      0         
-       WOUND HAEMORRHAGE                                              0              1 (1.4%)                  0         

* Run `testthat::snapshot_accept('table_aet02')` to accept the change.
* Run `testthat::snapshot_review('table_aet02')` to interactively review the change.</failure>
    </testcase>
    <testcase time="0.133000000000003" classname="table_aet02" name="AET02_variant_4_is_produced_correctly"/>
    <testcase time="0.104999999999997" classname="table_aet02" name="AET02_variant_4_is_produced_correctly"/>
    <testcase time="0.155999999999999" classname="table_aet02" name="AET02_variant_5_is_produced_correctly">
      <error type="error" message="Error: Error applying analysis function (var - AEDECOD): Number of rows generated by analysis function do not match across all columns.  ('test-table_aet02.R:255:3')">Error: Error applying analysis function (var - AEDECOD): Number of rows generated by analysis function do not match across all columns. 
	occured at (row) path: AEBODSYS[GASTROINTESTINAL DISORDERS]
Backtrace:
     x
  1. +-... %&gt;% ... at test-table_aet02.R:255:3
  2. +-rtables::sort_at_path(...)
  3. | \-base::NROW(tt)
  4. +-rtables::sort_at_path(., path = c("AEBODSYS"), scorefun = cont_n_allcols)
  5. | \-base::NROW(tt)
  6. +-rtables::prune_table(.)
  7. | \-methods::is(tt, "TableRow")
  8. \-rtables::build_table(lyt, df = adae_5, alt_counts_df = adsl)
  9.   \-base::lapply(...)
 10.     \-rtables (local) FUN(X[[i]], ...)
 11.       \-rtables:::recursive_applysplit(...)
 12.         +-rtables:::.make_split_kids(...)
 13.         \-rtables:::.make_split_kids(...)
 14.           \-rtables (local) .local(spl, have_controws, make_lrow, ...)
 15.             +-base::unlist(...)
 16.             \-base::mapply(...)
 17.               \-rtables (local) `&lt;fn&gt;`(...)
 18.                 \-rtables:::recursive_applysplit(...)
 19.                   +-rtables:::.make_split_kids(...)
 20.                   \-rtables:::.make_split_kids(...)
 21.                     \-rtables (local) .local(spl, have_controws, make_lrow, ...)
 22.                       \-rtables:::.make_analyzed_tab(...)</error>
    </testcase>
    <testcase time="0.478000000000002" classname="table_aet02" name="AET02_variant_6_is_produced_correctly"/>
    <testcase time="0.102000000000004" classname="table_aet02" name="AET02_variant_6_is_produced_correctly"/>
    <testcase time="0.915999999999997" classname="table_aet02" name="AET02_variant_7_is_produced_correctly"/>
    <testcase time="0.155000000000001" classname="table_aet02" name="AET02_variant_7_is_produced_correctly"/>
    <testcase time="0.392000000000003" classname="table_aet02" name="AET02_variant_8_is_produced_correctly"/>
    <testcase time="0.0849999999999937" classname="table_aet02" name="AET02_variant_8_is_produced_correctly"/>
    <testcase time="0.398000000000003" classname="table_aet02" name="AET02_variant_9_is_produced_correctly"/>
    <testcase time="0.112000000000002" classname="table_aet02" name="AET02_variant_9_is_produced_correctly"/>
    <testcase time="0.393000000000001" classname="table_aet02" name="AET02_variant_10_is_produced_correctly"/>
    <testcase time="0.0999999999999943" classname="table_aet02" name="AET02_variant_10_is_produced_correctly"/>
    <testcase time="0.405000000000001" classname="table_aet02" name="AET02_variant_11_is_produced_correctly"/>
    <testcase time="0.0840000000000032" classname="table_aet02" name="AET02_variant_11_is_produced_correctly"/>
    <testcase time="0.400999999999996" classname="table_aet02" name="AET02_variant_12_is_produced_correctly"/>
    <testcase time="0.0949999999999989" classname="table_aet02" name="AET02_variant_12_is_produced_correctly"/>
  </testsuite>
  <testsuite name="table_aet02_smq" timestamp="2025-03-06T18:53:41Z" hostname="23b4b0c19b1b" tests="4" skipped="0" failures="0" errors="0" time="0.447">
    <testcase time="0.123000000000005" classname="table_aet02_smq" name="AET02SMQ_variant_1_is_produced_correctly"/>
    <testcase time="0.0689999999999955" classname="table_aet02_smq" name="AET02SMQ_variant_1_is_produced_correctly"/>
    <testcase time="0.158000000000001" classname="table_aet02_smq" name="AET02SMQ_variant_2_is_produced_correctly"/>
    <testcase time="0.0970000000000013" classname="table_aet02_smq" name="AET02SMQ_variant_2_is_produced_correctly"/>
  </testsuite>
  <testsuite name="table_aet03" timestamp="2025-03-06T18:53:42Z" hostname="23b4b0c19b1b" tests="6" skipped="0" failures="1" errors="0" time="5.269">
    <testcase time="1.168" classname="table_aet03" name="AET03_variant_1_is_produced_correctly"/>
    <testcase time="0.468000000000004" classname="table_aet03" name="AET03_variant_1_is_produced_correctly">
      <failure type="failure" message="Snapshot of code has changed: ('test-table_aet03.R:77:3')">Snapshot of code has changed:
old[17:38] vs new[17:38]
      SEVERE                                                   0              1 (1.4%)              3 (3.1%)      
      LIFE THREATENING                                      1 (1.2%)             0                  1 (1.0%)      
      PRURITUS                                                                                                    
-       - Any Intensity -                                   8 (9.3%)         26 (36.1%)            23 (24.0%)     
+       PRURITUS                                            8 (9.3%)         26 (36.1%)            23 (24.0%)     
        MILD                                                7 (8.1%)         17 (23.6%)            11 (11.5%)     
        MODERATE                                            1 (1.2%)         9 (12.5%)             11 (11.5%)     
        SEVERE                                                 0                 0                  1 (1.0%)      
      ERYTHEMA                                                                                                    
-       - Any Intensity -                                  9 (10.5%)         14 (19.4%)            15 (15.6%)     
+       ERYTHEMA                                           9 (10.5%)         14 (19.4%)            15 (15.6%)     
        MILD                                                5 (5.8%)         10 (13.9%)             6 (6.2%)      
        MODERATE                                            3 (3.5%)          4 (5.6%)              8 (8.3%)      
        LIFE THREATENING                                    1 (1.2%)             0                  1 (1.0%)      
      RASH                                                                                                        
-       - Any Intensity -                                   5 (5.8%)         11 (15.3%)            13 (13.5%)     
+       RASH                                                5 (5.8%)         11 (15.3%)            13 (13.5%)     
        MILD                                                2 (2.3%)          6 (8.3%)              9 (9.4%)      
        MODERATE                                            3 (3.5%)          4 (5.6%)              3 (3.1%)      
        SEVERE                                                 0              1 (1.4%)              1 (1.0%)      
      SKIN IRRITATION                                                                                             
-       - Any Intensity -                                   3 (3.5%)          5 (6.9%)              6 (6.2%)      
+       SKIN IRRITATION                                     3 (3.5%)          5 (6.9%)              6 (6.2%)      
        MILD                                                2 (2.3%)          3 (4.2%)              2 (2.1%)      
        MODERATE                                            1 (1.2%)          2 (2.8%)              3 (3.1%)      
        SEVERE                                                 0                 0                  1 (1.0%)      

old[43:61] vs new[43:61]
      SEVERE                                                   0                 0                  5 (5.2%)      
      LIFE THREATENING                                      1 (1.2%)          2 (2.8%)              2 (2.1%)      
      APPLICATION SITE PRURITUS                                                                                   
-       - Any Intensity -                                   6 (7.0%)         21 (29.2%)            23 (24.0%)     
+       APPLICATION SITE PRURITUS                           6 (7.0%)         21 (29.2%)            23 (24.0%)     
        MILD                                                4 (4.7%)         8 (11.1%)             13 (13.5%)     
        MODERATE                                            1 (1.2%)         11 (15.3%)             7 (7.3%)      
        SEVERE                                                 0                 0                  1 (1.0%)      
        LIFE THREATENING                                    1 (1.2%)          2 (2.8%)              2 (2.1%)      
      APPLICATION SITE ERYTHEMA                                                                                   
-       - Any Intensity -                                   3 (3.5%)         14 (19.4%)            13 (13.5%)     
+       APPLICATION SITE ERYTHEMA                           3 (3.5%)         14 (19.4%)            13 (13.5%)     
        MILD                                                2 (2.3%)         8 (11.1%)              4 (4.2%)      
        MODERATE                                               0              5 (6.9%)              6 (6.2%)      
        SEVERE                                                 0                 0                  2 (2.1%)      
        LIFE THREATENING                                    1 (1.2%)          1 (1.4%)              1 (1.0%)      
      APPLICATION SITE IRRITATION                                                                                 
-       - Any Intensity -                                   3 (3.5%)         9 (12.5%)              9 (9.4%)      
+       APPLICATION SITE IRRITATION                         3 (3.5%)         9 (12.5%)              9 (9.4%)      
        MILD                                                1 (1.2%)          3 (4.2%)              3 (3.1%)      
        MODERATE                                            2 (2.3%)          6 (8.3%)              2 (2.1%)      
        SEVERE                                                 0                 0                  3 (3.1%)      

old[66:76] vs new[66:76]
      MODERATE                                              1 (1.2%)          1 (1.4%)              2 (2.1%)      
      SEVERE                                                   0              1 (1.4%)                  0         
      VOMITING                                                                                                    
-       - Any Intensity -                                   3 (3.5%)          6 (8.3%)              4 (4.2%)      
+       VOMITING                                            3 (3.5%)          6 (8.3%)              4 (4.2%)      
        MILD                                                2 (2.3%)          5 (6.9%)              2 (2.1%)      
        MODERATE                                            1 (1.2%)          1 (1.4%)              2 (2.1%)      
      NAUSEA                                                                                                      
-       - Any Intensity -                                   3 (3.5%)          6 (8.3%)              3 (3.1%)      
+       NAUSEA                                              3 (3.5%)          6 (8.3%)              3 (3.1%)      
        MILD                                                2 (2.3%)          5 (6.9%)              2 (2.1%)      
        MODERATE                                            1 (1.2%)             0                  1 (1.0%)      
        SEVERE                                                 0              1 (1.4%)                  0         

old[80:86] vs new[80:86]
      MODERATE                                              3 (3.5%)          2 (2.8%)                  0         
      SEVERE                                                   0                 0                  1 (1.0%)      
      HEADACHE                                                                                                    
-       - Any Intensity -                                   7 (8.1%)          6 (8.3%)              3 (3.1%)      
+       HEADACHE                                            7 (8.1%)          6 (8.3%)              3 (3.1%)      
        MILD                                                4 (4.7%)          4 (5.6%)              2 (2.1%)      
        MODERATE                                            3 (3.5%)          2 (2.8%)                  0         
        SEVERE                                                 0                 0                  1 (1.0%)      

old[90:96] vs new[90:96]
      MODERATE                                              1 (1.2%)          1 (1.4%)                  0         
      SEVERE                                                2 (2.3%)             0                      0         
      MYOCARDIAL INFARCTION                                                                                       
-       - Any Intensity -                                   4 (4.7%)          4 (5.6%)              2 (2.1%)      
+       MYOCARDIAL INFARCTION                               4 (4.7%)          4 (5.6%)              2 (2.1%)      
        MILD                                                1 (1.2%)          3 (4.2%)              2 (2.1%)      
        MODERATE                                            1 (1.2%)          1 (1.4%)                  0         
        SEVERE                                              2 (2.3%)             0                      0         

old[98:102] vs new[98:102]
      - Any Intensity -                                        0              1 (1.4%)                  0         
      MODERATE                                                 0              1 (1.4%)                  0         
      WOUND HAEMORRHAGE                                                                                           
-       - Any Intensity -                                      0              1 (1.4%)                  0         
+       WOUND HAEMORRHAGE                                      0              1 (1.4%)                  0         
        MODERATE                                               0              1 (1.4%)                  0         

* Run `testthat::snapshot_accept('table_aet03')` to accept the change.
* Run `testthat::snapshot_review('table_aet03')` to interactively review the change.</failure>
    </testcase>
    <testcase time="1.443" classname="table_aet03" name="AET03_variant_1_is_produced_correctly"/>
    <testcase time="0.728000000000002" classname="table_aet03" name="AET03_variant_1_is_produced_correctly"/>
    <testcase time="1.254" classname="table_aet03" name="AET03_variant_1_is_produced_correctly"/>
    <testcase time="0.207999999999998" classname="table_aet03" name="AET03_variant_1_is_produced_correctly"/>
  </testsuite>
  <testsuite name="table_aet04" timestamp="2025-03-06T18:53:48Z" hostname="23b4b0c19b1b" tests="30" skipped="0" failures="9" errors="1" time="10.423">
    <testcase time="0.691000000000003" classname="table_aet04" name="AET04_variant_1_is_produced_correctly"/>
    <testcase time="0.322000000000003" classname="table_aet04" name="AET04_variant_1_is_produced_correctly">
      <failure type="failure" message="Snapshot of code has changed: ('test-table_aet04.R:108:3')">Snapshot of code has changed:
old[6:76] vs new[6:76]
                                Grade                        (N=86)            (N=72)                (N=96)       
    ——————————————————————————————————————————————————————————————————————————————————————————————————————————————
    - Any adverse events -                                                                                        
-                               - Any Grade -              23 (26.7%)        51 (70.8%)            54 (56.2%)     
+                 - Any adverse events -                   23 (26.7%)        51 (70.8%)            54 (56.2%)     
-                               Grade 1-2                  17 (19.8%)        42 (58.3%)            43 (44.8%)     
+                 Grade 1-2                                17 (19.8%)        42 (58.3%)            43 (44.8%)     
-                               1                          11 (12.8%)        26 (36.1%)            28 (29.2%)     
+                 1                                        11 (12.8%)        26 (36.1%)            28 (29.2%)     
-                               2                           6 (7.0%)         16 (22.2%)            15 (15.6%)     
+                 2                                         6 (7.0%)         16 (22.2%)            15 (15.6%)     
-                               Grade 3-4                   6 (7.0%)         9 (12.5%)             10 (10.4%)     
+                 Grade 3-4                                 6 (7.0%)         9 (12.5%)             10 (10.4%)     
-                               3                           2 (2.3%)          4 (5.6%)              5 (5.2%)      
+                 3                                         2 (2.3%)          4 (5.6%)              5 (5.2%)      
-                               4                           4 (4.7%)          5 (6.9%)              5 (5.2%)      
+                 4                                         4 (4.7%)          5 (6.9%)              5 (5.2%)      
-                               Grade 5                        0                 0                  1 (1.0%)      
+                 Grade 5                                      0                 0                  1 (1.0%)      
    SKIN AND SUBCUTANEOUS TISSUE DISORDERS                                                                        
      - Overall -                                                                                                 
-                               - Any Grade -              17 (19.8%)        32 (44.4%)            31 (32.3%)     
+                   - Overall -                            17 (19.8%)        32 (44.4%)            31 (32.3%)     
-                               Grade 1-2                  13 (15.1%)        26 (36.1%)            25 (26.0%)     
+                   Grade 1-2                              13 (15.1%)        26 (36.1%)            25 (26.0%)     
-                               1                          10 (11.6%)        18 (25.0%)            15 (15.6%)     
+                   1                                      10 (11.6%)        18 (25.0%)            15 (15.6%)     
-                               2                           3 (3.5%)         8 (11.1%)             10 (10.4%)     
+                   2                                       3 (3.5%)         8 (11.1%)             10 (10.4%)     
-                               Grade 3-4                   4 (4.7%)          6 (8.3%)              5 (5.2%)      
+                   Grade 3-4                               4 (4.7%)          6 (8.3%)              5 (5.2%)      
-                               3                           2 (2.3%)          3 (4.2%)              3 (3.1%)      
+                   3                                       2 (2.3%)          3 (4.2%)              3 (3.1%)      
-                               4                           2 (2.3%)          3 (4.2%)              2 (2.1%)      
+                   4                                       2 (2.3%)          3 (4.2%)              2 (2.1%)      
-                               Grade 5                        0                 0                  1 (1.0%)      
+                   Grade 5                                    0                 0                  1 (1.0%)      
      PRURITUS                                                                                                    
-                               - Any Grade -               8 (9.3%)         26 (36.1%)            23 (24.0%)     
+                   PRURITUS                                8 (9.3%)         26 (36.1%)            23 (24.0%)     
-                               Grade 1-2                   5 (5.8%)         20 (27.8%)            21 (21.9%)     
+                   Grade 1-2                               5 (5.8%)         20 (27.8%)            21 (21.9%)     
-                               1                           4 (4.7%)         15 (20.8%)            14 (14.6%)     
+                   1                                       4 (4.7%)         15 (20.8%)            14 (14.6%)     
-                               2                           1 (1.2%)          5 (6.9%)              7 (7.3%)      
+                   2                                       1 (1.2%)          5 (6.9%)              7 (7.3%)      
-                               Grade 3-4                   3 (3.5%)          6 (8.3%)              1 (1.0%)      
+                   Grade 3-4                               3 (3.5%)          6 (8.3%)              1 (1.0%)      
-                               3                           1 (1.2%)          3 (4.2%)              1 (1.0%)      
+                   3                                       1 (1.2%)          3 (4.2%)              1 (1.0%)      
-                               4                           2 (2.3%)          3 (4.2%)                  0         
+                   4                                       2 (2.3%)          3 (4.2%)                  0         
-                               Grade 5                        0                 0                  1 (1.0%)      
+                   Grade 5                                    0                 0                  1 (1.0%)      
      ERYTHEMA                                                                                                    
-                               - Any Grade -              9 (10.5%)         14 (19.4%)            15 (15.6%)     
+                   ERYTHEMA                               9 (10.5%)         14 (19.4%)            15 (15.6%)     
-                               Grade 1-2                  9 (10.5%)         14 (19.4%)            13 (13.5%)     
+                   Grade 1-2                              9 (10.5%)         14 (19.4%)            13 (13.5%)     
-                               1                           8 (9.3%)         12 (16.7%)             8 (8.3%)      
+                   1                                       8 (9.3%)         12 (16.7%)             8 (8.3%)      
-                               2                           1 (1.2%)          2 (2.8%)              5 (5.2%)      
+                   2                                       1 (1.2%)          2 (2.8%)              5 (5.2%)      
-                               Grade 3-4                      0                 0                  2 (2.1%)      
+                   Grade 3-4                                  0                 0                  2 (2.1%)      
-                               3                              0                 0                  1 (1.0%)      
+                   3                                          0                 0                  1 (1.0%)      
-                               4                              0                 0                  1 (1.0%)      
+                   4                                          0                 0                  1 (1.0%)      
      RASH                                                                                                        
-                               - Any Grade -               5 (5.8%)         11 (15.3%)            13 (13.5%)     
+                   RASH                                    5 (5.8%)         11 (15.3%)            13 (13.5%)     
-                               Grade 1-2                   4 (4.7%)         10 (13.9%)            11 (11.5%)     
+                   Grade 1-2                               4 (4.7%)         10 (13.9%)            11 (11.5%)     
-                               1                           3 (3.5%)          7 (9.7%)             10 (10.4%)     
+                   1                                       3 (3.5%)          7 (9.7%)             10 (10.4%)     
-                               2                           1 (1.2%)          3 (4.2%)              1 (1.0%)      
+                   2                                       1 (1.2%)          3 (4.2%)              1 (1.0%)      
-                               Grade 3-4                   1 (1.2%)          1 (1.4%)              2 (2.1%)      
+                   Grade 3-4                               1 (1.2%)          1 (1.4%)              2 (2.1%)      
-                               3                           1 (1.2%)          1 (1.4%)              1 (1.0%)      
+                   3                                       1 (1.2%)          1 (1.4%)              1 (1.0%)      
-                               4                              0                 0                  1 (1.0%)      
+                   4                                          0                 0                  1 (1.0%)      
    GENERAL DISORDERS AND ADMINISTRATION SITE CONDITIONS                                                          
      - Overall -                                                                                                 
-                               - Any Grade -               8 (9.3%)         24 (33.3%)            25 (26.0%)     
+                   - Overall -                             8 (9.3%)         24 (33.3%)            25 (26.0%)     
-                               Grade 1-2                   6 (7.0%)         20 (27.8%)            20 (20.8%)     
+                   Grade 1-2                               6 (7.0%)         20 (27.8%)            20 (20.8%)     
-                               1                           3 (3.5%)         10 (13.9%)            14 (14.6%)     
+                   1                                       3 (3.5%)         10 (13.9%)            14 (14.6%)     
-                               2                           3 (3.5%)         10 (13.9%)             6 (6.2%)      
+                   2                                       3 (3.5%)         10 (13.9%)             6 (6.2%)      
-                               Grade 3-4                   2 (2.3%)          4 (5.6%)              5 (5.2%)      
+                   Grade 3-4                               2 (2.3%)          4 (5.6%)              5 (5.2%)      
-                               3                              0              2 (2.8%)              2 (2.1%)      
+                   3                                          0              2 (2.8%)              2 (2.1%)      
-                               4                           2 (2.3%)          2 (2.8%)              3 (3.1%)      
+                   4                                       2 (2.3%)          2 (2.8%)              3 (3.1%)      
      APPLICATION SITE PRURITUS                                                                                   
-                               - Any Grade -               6 (7.0%)         21 (29.2%)            23 (24.0%)     
+                   APPLICATION SITE PRURITUS               6 (7.0%)         21 (29.2%)            23 (24.0%)     
-                               Grade 1-2                   4 (4.7%)         19 (26.4%)            20 (20.8%)     
+                   Grade 1-2                               4 (4.7%)         19 (26.4%)            20 (20.8%)     
-                               1                           2 (2.3%)         11 (15.3%)            16 (16.7%)     
+                   1                                       2 (2.3%)         11 (15.3%)            16 (16.7%)     
-                               2                           2 (2.3%)         8 (11.1%)              4 (4.2%)      
+                   2                                       2 (2.3%)         8 (11.1%)              4 (4.2%)      
-                               Grade 3-4                   2 (2.3%)          2 (2.8%)              3 (3.1%)      
+                   Grade 3-4                               2 (2.3%)          2 (2.8%)              3 (3.1%)      
-                               3                              0                 0                  1 (1.0%)      
+                   3                                          0                 0                  1 (1.0%)      
-                               4                           2 (2.3%)          2 (2.8%)              2 (2.1%)      
+                   4                                       2 (2.3%)          2 (2.8%)              2 (2.1%)      
      APPLICATION SITE ERYTHEMA                                                                                   
-                               - Any Grade -               3 (3.5%)         14 (19.4%)            13 (13.5%)     
+                   APPLICATION SITE ERYTHEMA               3 (3.5%)         14 (19.4%)            13 (13.5%)     
-                               Grade 1-2                   3 (3.5%)         12 (16.7%)            11 (11.5%)     
+                   Grade 1-2                               3 (3.5%)         12 (16.7%)            11 (11.5%)     
-                               1                           2 (2.3%)         10 (13.9%)             8 (8.3%)      
+                   1                                       2 (2.3%)         10 (13.9%)             8 (8.3%)      
-                               2                           1 (1.2%)          2 (2.8%)              3 (3.1%)      
+                   2                                       1 (1.2%)          2 (2.8%)              3 (3.1%)      
-                               Grade 3-4                      0              2 (2.8%)              2 (2.1%)      
+                   Grade 3-4                                  0              2 (2.8%)              2 (2.1%)      
-                               3                              0              2 (2.8%)              1 (1.0%)      
+                   3                                          0              2 (2.8%)              1 (1.0%)      
-                               4                              0                 0                  1 (1.0%)      
+                   4                                          0                 0                  1 (1.0%)      

* Run `testthat::snapshot_accept('table_aet04')` to accept the change.
* Run `testthat::snapshot_review('table_aet04')` to interactively review the change.</failure>
    </testcase>
    <testcase time="0.745999999999995" classname="table_aet04" name="AET04_variant_1_is_produced_correctly"/>
    <testcase time="0.0500000000000043" classname="table_aet04" name="AET04_variant_1_is_produced_correctly"/>
    <testcase time="0.0489999999999995" classname="table_aet04" name="AET04_variant_1_is_produced_correctly">
      <failure type="failure" message="trimws(...) (`actual`) not identical to c(&quot;- Any Grade -&quot;, &quot;Grade 1-2&quot;) (`expected`). ('test-table_aet04.R:119:3')">trimws(...) (`actual`) not identical to c("- Any Grade -", "Grade 1-2") (`expected`).

`actual`:   "- Any adverse events -" "Grade 1-2"
`expected`: "- Any Grade -"          "Grade 1-2"</failure>
    </testcase>
    <testcase time="0.634" classname="table_aet04" name="AET04_variant_2_is_produced_correctly_Fill_in_of_Treatment_Groups_"/>
    <testcase time="0.284999999999997" classname="table_aet04" name="AET04_variant_2_is_produced_correctly_Fill_in_of_Treatment_Groups_">
      <failure type="failure" message="Snapshot of code has changed: ('test-table_aet04.R:190:3')">Snapshot of code has changed:
old[6:67] vs new[6:67]
                                Grade                      (N=86)           (N=72)                (N=96)       
    ———————————————————————————————————————————————————————————————————————————————————————————————————————————
    - Any adverse events -                                                                                     
-                               - Any Grade -                 0           51 (70.8%)                 0         
+                 - Any adverse events -                      0           51 (70.8%)                 0         
-                               Grade 1-2                     0           42 (58.3%)                 0         
+                 Grade 1-2                                   0           42 (58.3%)                 0         
-                               1                             0           26 (36.1%)                 0         
+                 1                                           0           26 (36.1%)                 0         
-                               2                             0           16 (22.2%)                 0         
+                 2                                           0           16 (22.2%)                 0         
-                               Grade 3-4                     0           9 (12.5%)                  0         
+                 Grade 3-4                                   0           9 (12.5%)                  0         
-                               3                             0            4 (5.6%)                  0         
+                 3                                           0            4 (5.6%)                  0         
-                               4                             0            5 (6.9%)                  0         
+                 4                                           0            5 (6.9%)                  0         
    SKIN AND SUBCUTANEOUS TISSUE DISORDERS                                                                     
      - Overall -                                                                                              
-                               - Any Grade -                 0           32 (44.4%)                 0         
+                   - Overall -                               0           32 (44.4%)                 0         
-                               Grade 1-2                     0           26 (36.1%)                 0         
+                   Grade 1-2                                 0           26 (36.1%)                 0         
-                               1                             0           18 (25.0%)                 0         
+                   1                                         0           18 (25.0%)                 0         
-                               2                             0           8 (11.1%)                  0         
+                   2                                         0           8 (11.1%)                  0         
-                               Grade 3-4                     0            6 (8.3%)                  0         
+                   Grade 3-4                                 0            6 (8.3%)                  0         
-                               3                             0            3 (4.2%)                  0         
+                   3                                         0            3 (4.2%)                  0         
-                               4                             0            3 (4.2%)                  0         
+                   4                                         0            3 (4.2%)                  0         
      PRURITUS                                                                                                 
-                               - Any Grade -                 0           26 (36.1%)                 0         
+                   PRURITUS                                  0           26 (36.1%)                 0         
-                               Grade 1-2                     0           20 (27.8%)                 0         
+                   Grade 1-2                                 0           20 (27.8%)                 0         
-                               1                             0           15 (20.8%)                 0         
+                   1                                         0           15 (20.8%)                 0         
-                               2                             0            5 (6.9%)                  0         
+                   2                                         0            5 (6.9%)                  0         
-                               Grade 3-4                     0            6 (8.3%)                  0         
+                   Grade 3-4                                 0            6 (8.3%)                  0         
-                               3                             0            3 (4.2%)                  0         
+                   3                                         0            3 (4.2%)                  0         
-                               4                             0            3 (4.2%)                  0         
+                   4                                         0            3 (4.2%)                  0         
      ERYTHEMA                                                                                                 
-                               - Any Grade -                 0           14 (19.4%)                 0         
+                   ERYTHEMA                                  0           14 (19.4%)                 0         
-                               Grade 1-2                     0           14 (19.4%)                 0         
+                   Grade 1-2                                 0           14 (19.4%)                 0         
-                               1                             0           12 (16.7%)                 0         
+                   1                                         0           12 (16.7%)                 0         
-                               2                             0            2 (2.8%)                  0         
+                   2                                         0            2 (2.8%)                  0         
      RASH                                                                                                     
-                               - Any Grade -                 0           11 (15.3%)                 0         
+                   RASH                                      0           11 (15.3%)                 0         
-                               Grade 1-2                     0           10 (13.9%)                 0         
+                   Grade 1-2                                 0           10 (13.9%)                 0         
-                               1                             0            7 (9.7%)                  0         
+                   1                                         0            7 (9.7%)                  0         
-                               2                             0            3 (4.2%)                  0         
+                   2                                         0            3 (4.2%)                  0         
-                               Grade 3-4                     0            1 (1.4%)                  0         
+                   Grade 3-4                                 0            1 (1.4%)                  0         
-                               3                             0            1 (1.4%)                  0         
+                   3                                         0            1 (1.4%)                  0         
    GENERAL DISORDERS AND ADMINISTRATION SITE CONDITIONS                                                       
      - Overall -                                                                                              
-                               - Any Grade -                 0           24 (33.3%)                 0         
+                   - Overall -                               0           24 (33.3%)                 0         
-                               Grade 1-2                     0           20 (27.8%)                 0         
+                   Grade 1-2                                 0           20 (27.8%)                 0         
-                               1                             0           10 (13.9%)                 0         
+                   1                                         0           10 (13.9%)                 0         
-                               2                             0           10 (13.9%)                 0         
+                   2                                         0           10 (13.9%)                 0         
-                               Grade 3-4                     0            4 (5.6%)                  0         
+                   Grade 3-4                                 0            4 (5.6%)                  0         
-                               3                             0            2 (2.8%)                  0         
+                   3                                         0            2 (2.8%)                  0         
-                               4                             0            2 (2.8%)                  0         
+                   4                                         0            2 (2.8%)                  0         
      APPLICATION SITE PRURITUS                                                                                
-                               - Any Grade -                 0           21 (29.2%)                 0         
+                   APPLICATION SITE PRURITUS                 0           21 (29.2%)                 0         
-                               Grade 1-2                     0           19 (26.4%)                 0         
+                   Grade 1-2                                 0           19 (26.4%)                 0         
-                               1                             0           11 (15.3%)                 0         
+                   1                                         0           11 (15.3%)                 0         
-                               2                             0           8 (11.1%)                  0         
+                   2                                         0           8 (11.1%)                  0         
-                               Grade 3-4                     0            2 (2.8%)                  0         
+                   Grade 3-4                                 0            2 (2.8%)                  0         
-                               4                             0            2 (2.8%)                  0         
+                   4                                         0            2 (2.8%)                  0         
      APPLICATION SITE ERYTHEMA                                                                                
-                               - Any Grade -                 0           14 (19.4%)                 0         
+                   APPLICATION SITE ERYTHEMA                 0           14 (19.4%)                 0         
-                               Grade 1-2                     0           12 (16.7%)                 0         
+                   Grade 1-2                                 0           12 (16.7%)                 0         
-                               1                             0           10 (13.9%)                 0         
+                   1                                         0           10 (13.9%)                 0         
-                               2                             0            2 (2.8%)                  0         
+                   2                                         0            2 (2.8%)                  0         
-                               Grade 3-4                     0            2 (2.8%)                  0         
+                   Grade 3-4                                 0            2 (2.8%)                  0         
-                               3                             0            2 (2.8%)                  0         
+                   3                                         0            2 (2.8%)                  0         

* Run `testthat::snapshot_accept('table_aet04')` to accept the change.
* Run `testthat::snapshot_review('table_aet04')` to interactively review the change.</failure>
    </testcase>
    <testcase time="0.691000000000003" classname="table_aet04" name="AET04_variant_2_is_produced_correctly_Fill_in_of_Treatment_Groups_"/>
    <testcase time="0.0399999999999991" classname="table_aet04" name="AET04_variant_2_is_produced_correctly_Fill_in_of_Treatment_Groups_"/>
    <testcase time="0.0439999999999969" classname="table_aet04" name="AET04_variant_2_is_produced_correctly_Fill_in_of_Treatment_Groups_"/>
    <testcase time="0.653000000000006" classname="table_aet04" name="AET04_variant_3_is_produced_correctly_Fill_in_of_Grades_"/>
    <testcase time="0.358999999999995" classname="table_aet04" name="AET04_variant_3_is_produced_correctly_Fill_in_of_Grades_">
      <failure type="failure" message="Snapshot of code has changed: ('test-table_aet04.R:269:3')">Snapshot of code has changed:
old[6:81] vs new[6:81]
                                Grade                        (N=86)            (N=72)                (N=96)       
    ——————————————————————————————————————————————————————————————————————————————————————————————————————————————
    - Any adverse events -                                                                                        
-                               - Any Grade -              23 (26.7%)        51 (70.8%)            54 (56.2%)     
+                 - Any adverse events -                   23 (26.7%)        51 (70.8%)            54 (56.2%)     
-                               Grade 1-2                  17 (19.8%)        42 (58.3%)            43 (44.8%)     
+                 Grade 1-2                                17 (19.8%)        42 (58.3%)            43 (44.8%)     
-                               1                          11 (12.8%)        26 (36.1%)            28 (29.2%)     
+                 1                                        11 (12.8%)        26 (36.1%)            28 (29.2%)     
-                               2                           6 (7.0%)         16 (22.2%)            15 (15.6%)     
+                 2                                         6 (7.0%)         16 (22.2%)            15 (15.6%)     
-                               Grade 3-4                   6 (7.0%)         9 (12.5%)             10 (10.4%)     
+                 Grade 3-4                                 6 (7.0%)         9 (12.5%)             10 (10.4%)     
-                               3                           2 (2.3%)          4 (5.6%)              5 (5.2%)      
+                 3                                         2 (2.3%)          4 (5.6%)              5 (5.2%)      
-                               4                           4 (4.7%)          5 (6.9%)              5 (5.2%)      
+                 4                                         4 (4.7%)          5 (6.9%)              5 (5.2%)      
-                               Grade 5                        0                 0                  1 (1.0%)      
+                 Grade 5                                      0                 0                  1 (1.0%)      
    SKIN AND SUBCUTANEOUS TISSUE DISORDERS                                                                        
      - Overall -                                                                                                 
-                               - Any Grade -              17 (19.8%)        32 (44.4%)            31 (32.3%)     
+                   - Overall -                            17 (19.8%)        32 (44.4%)            31 (32.3%)     
-                               Grade 1-2                  13 (15.1%)        26 (36.1%)            25 (26.0%)     
+                   Grade 1-2                              13 (15.1%)        26 (36.1%)            25 (26.0%)     
-                               1                          10 (11.6%)        18 (25.0%)            15 (15.6%)     
+                   1                                      10 (11.6%)        18 (25.0%)            15 (15.6%)     
-                               2                           3 (3.5%)         8 (11.1%)             10 (10.4%)     
+                   2                                       3 (3.5%)         8 (11.1%)             10 (10.4%)     
-                               Grade 3-4                   4 (4.7%)          6 (8.3%)              5 (5.2%)      
+                   Grade 3-4                               4 (4.7%)          6 (8.3%)              5 (5.2%)      
-                               3                           2 (2.3%)          3 (4.2%)              3 (3.1%)      
+                   3                                       2 (2.3%)          3 (4.2%)              3 (3.1%)      
-                               4                           2 (2.3%)          3 (4.2%)              2 (2.1%)      
+                   4                                       2 (2.3%)          3 (4.2%)              2 (2.1%)      
-                               Grade 5                        0                 0                  1 (1.0%)      
+                   Grade 5                                    0                 0                  1 (1.0%)      
      PRURITUS                                                                                                    
-                               - Any Grade -               8 (9.3%)         26 (36.1%)            23 (24.0%)     
+                   PRURITUS                                8 (9.3%)         26 (36.1%)            23 (24.0%)     
-                               Grade 1-2                   5 (5.8%)         20 (27.8%)            21 (21.9%)     
+                   Grade 1-2                               5 (5.8%)         20 (27.8%)            21 (21.9%)     
-                               1                           4 (4.7%)         15 (20.8%)            14 (14.6%)     
+                   1                                       4 (4.7%)         15 (20.8%)            14 (14.6%)     
-                               2                           1 (1.2%)          5 (6.9%)              7 (7.3%)      
+                   2                                       1 (1.2%)          5 (6.9%)              7 (7.3%)      
-                               Grade 3-4                   3 (3.5%)          6 (8.3%)              1 (1.0%)      
+                   Grade 3-4                               3 (3.5%)          6 (8.3%)              1 (1.0%)      
-                               3                           1 (1.2%)          3 (4.2%)              1 (1.0%)      
+                   3                                       1 (1.2%)          3 (4.2%)              1 (1.0%)      
-                               4                           2 (2.3%)          3 (4.2%)                  0         
+                   4                                       2 (2.3%)          3 (4.2%)                  0         
-                               Grade 5                        0                 0                  1 (1.0%)      
+                   Grade 5                                    0                 0                  1 (1.0%)      
      ERYTHEMA                                                                                                    
-                               - Any Grade -              9 (10.5%)         14 (19.4%)            15 (15.6%)     
+                   ERYTHEMA                               9 (10.5%)         14 (19.4%)            15 (15.6%)     
-                               Grade 1-2                  9 (10.5%)         14 (19.4%)            13 (13.5%)     
+                   Grade 1-2                              9 (10.5%)         14 (19.4%)            13 (13.5%)     
-                               1                           8 (9.3%)         12 (16.7%)             8 (8.3%)      
+                   1                                       8 (9.3%)         12 (16.7%)             8 (8.3%)      
-                               2                           1 (1.2%)          2 (2.8%)              5 (5.2%)      
+                   2                                       1 (1.2%)          2 (2.8%)              5 (5.2%)      
-                               Grade 3-4                      0                 0                  2 (2.1%)      
+                   Grade 3-4                                  0                 0                  2 (2.1%)      
-                               3                              0                 0                  1 (1.0%)      
+                   3                                          0                 0                  1 (1.0%)      
-                               4                              0                 0                  1 (1.0%)      
+                   4                                          0                 0                  1 (1.0%)      
-                               Grade 5                        0                 0                      0         
+                   Grade 5                                    0                 0                      0         
      RASH                                                                                                        
-                               - Any Grade -               5 (5.8%)         11 (15.3%)            13 (13.5%)     
+                   RASH                                    5 (5.8%)         11 (15.3%)            13 (13.5%)     
-                               Grade 1-2                   4 (4.7%)         10 (13.9%)            11 (11.5%)     
+                   Grade 1-2                               4 (4.7%)         10 (13.9%)            11 (11.5%)     
-                               1                           3 (3.5%)          7 (9.7%)             10 (10.4%)     
+                   1                                       3 (3.5%)          7 (9.7%)             10 (10.4%)     
-                               2                           1 (1.2%)          3 (4.2%)              1 (1.0%)      
+                   2                                       1 (1.2%)          3 (4.2%)              1 (1.0%)      
-                               Grade 3-4                   1 (1.2%)          1 (1.4%)              2 (2.1%)      
+                   Grade 3-4                               1 (1.2%)          1 (1.4%)              2 (2.1%)      
-                               3                           1 (1.2%)          1 (1.4%)              1 (1.0%)      
+                   3                                       1 (1.2%)          1 (1.4%)              1 (1.0%)      
-                               4                              0                 0                  1 (1.0%)      
+                   4                                          0                 0                  1 (1.0%)      
-                               Grade 5                        0                 0                      0         
+                   Grade 5                                    0                 0                      0         
    GENERAL DISORDERS AND ADMINISTRATION SITE CONDITIONS                                                          
      - Overall -                                                                                                 
-                               - Any Grade -               8 (9.3%)         24 (33.3%)            25 (26.0%)     
+                   - Overall -                             8 (9.3%)         24 (33.3%)            25 (26.0%)     
-                               Grade 1-2                   6 (7.0%)         20 (27.8%)            20 (20.8%)     
+                   Grade 1-2                               6 (7.0%)         20 (27.8%)            20 (20.8%)     
-                               1                           3 (3.5%)         10 (13.9%)            14 (14.6%)     
+                   1                                       3 (3.5%)         10 (13.9%)            14 (14.6%)     
-                               2                           3 (3.5%)         10 (13.9%)             6 (6.2%)      
+                   2                                       3 (3.5%)         10 (13.9%)             6 (6.2%)      
-                               Grade 3-4                   2 (2.3%)          4 (5.6%)              5 (5.2%)      
+                   Grade 3-4                               2 (2.3%)          4 (5.6%)              5 (5.2%)      
-                               3                              0              2 (2.8%)              2 (2.1%)      
+                   3                                          0              2 (2.8%)              2 (2.1%)      
-                               4                           2 (2.3%)          2 (2.8%)              3 (3.1%)      
+                   4                                       2 (2.3%)          2 (2.8%)              3 (3.1%)      
-                               Grade 5                        0                 0                      0         
+                   Grade 5                                    0                 0                      0         
      APPLICATION SITE PRURITUS                                                                                   
-                               - Any Grade -               6 (7.0%)         21 (29.2%)            23 (24.0%)     
+                   APPLICATION SITE PRURITUS               6 (7.0%)         21 (29.2%)            23 (24.0%)     
-                               Grade 1-2                   4 (4.7%)         19 (26.4%)            20 (20.8%)     
+                   Grade 1-2                               4 (4.7%)         19 (26.4%)            20 (20.8%)     
-                               1                           2 (2.3%)         11 (15.3%)            16 (16.7%)     
+                   1                                       2 (2.3%)         11 (15.3%)            16 (16.7%)     
-                               2                           2 (2.3%)         8 (11.1%)              4 (4.2%)      
+                   2                                       2 (2.3%)         8 (11.1%)              4 (4.2%)      
-                               Grade 3-4                   2 (2.3%)          2 (2.8%)              3 (3.1%)      
+                   Grade 3-4                               2 (2.3%)          2 (2.8%)              3 (3.1%)      
-                               3                              0                 0                  1 (1.0%)      
+                   3                                          0                 0                  1 (1.0%)      
-                               4                           2 (2.3%)          2 (2.8%)              2 (2.1%)      
+                   4                                       2 (2.3%)          2 (2.8%)              2 (2.1%)      
-                               Grade 5                        0                 0                      0         
+                   Grade 5                                    0                 0                      0         
      APPLICATION SITE ERYTHEMA                                                                                   
-                               - Any Grade -               3 (3.5%)         14 (19.4%)            13 (13.5%)     
+                   APPLICATION SITE ERYTHEMA               3 (3.5%)         14 (19.4%)            13 (13.5%)     
-                               Grade 1-2                   3 (3.5%)         12 (16.7%)            11 (11.5%)     
+                   Grade 1-2                               3 (3.5%)         12 (16.7%)            11 (11.5%)     
-                               1                           2 (2.3%)         10 (13.9%)             8 (8.3%)      
+                   1                                       2 (2.3%)         10 (13.9%)             8 (8.3%)      
-                               2                           1 (1.2%)          2 (2.8%)              3 (3.1%)      
+                   2                                       1 (1.2%)          2 (2.8%)              3 (3.1%)      
-                               Grade 3-4                      0              2 (2.8%)              2 (2.1%)      
+                   Grade 3-4                                  0              2 (2.8%)              2 (2.1%)      
-                               3                              0              2 (2.8%)              1 (1.0%)      
+                   3                                          0              2 (2.8%)              1 (1.0%)      
-                               4                              0                 0                  1 (1.0%)      
+                   4                                          0                 0                  1 (1.0%)      
-                               Grade 5                        0                 0                      0         
+                   Grade 5                                    0                 0                      0         

* Run `testthat::snapshot_accept('table_aet04')` to accept the change.
* Run `testthat::snapshot_review('table_aet04')` to interactively review the change.</failure>
    </testcase>
    <testcase time="0.804000000000002" classname="table_aet04" name="AET04_variant_3_is_produced_correctly_Fill_in_of_Grades_"/>
    <testcase time="0.0519999999999996" classname="table_aet04" name="AET04_variant_3_is_produced_correctly_Fill_in_of_Grades_"/>
    <testcase time="0.0390000000000015" classname="table_aet04" name="AET04_variant_3_is_produced_correctly_Fill_in_of_Grades_"/>
    <testcase time="0.683" classname="table_aet04" name="AET04_variant_4_is_produced_correctly_Collapsing_of_Grades_grades_1_2_grades_3_4_5_"/>
    <testcase time="0.326999999999998" classname="table_aet04" name="AET04_variant_4_is_produced_correctly_Collapsing_of_Grades_grades_1_2_grades_3_4_5_">
      <failure type="failure" message="Snapshot of code has changed: ('test-table_aet04.R:354:3')">Snapshot of code has changed:
old[6:76] vs new[6:76]
                                Grade                        (N=86)            (N=72)                (N=96)       
    ——————————————————————————————————————————————————————————————————————————————————————————————————————————————
    - Any adverse events -                                                                                        
-                               - Any Grade -              23 (26.7%)        51 (70.8%)            54 (56.2%)     
+                 - Any adverse events -                   23 (26.7%)        51 (70.8%)            54 (56.2%)     
-                               Grade 1-2                  17 (19.8%)        42 (58.3%)            43 (44.8%)     
+                 Grade 1-2                                17 (19.8%)        42 (58.3%)            43 (44.8%)     
-                               1                          11 (12.8%)        26 (36.1%)            28 (29.2%)     
+                 1                                        11 (12.8%)        26 (36.1%)            28 (29.2%)     
-                               2                           6 (7.0%)         16 (22.2%)            15 (15.6%)     
+                 2                                         6 (7.0%)         16 (22.2%)            15 (15.6%)     
-                               Grade 3-5                   6 (7.0%)         9 (12.5%)             11 (11.5%)     
+                 Grade 3-5                                 6 (7.0%)         9 (12.5%)             11 (11.5%)     
-                               3                           2 (2.3%)          4 (5.6%)              5 (5.2%)      
+                 3                                         2 (2.3%)          4 (5.6%)              5 (5.2%)      
-                               4                           4 (4.7%)          5 (6.9%)              5 (5.2%)      
+                 4                                         4 (4.7%)          5 (6.9%)              5 (5.2%)      
-                               5                              0                 0                  1 (1.0%)      
+                 5                                            0                 0                  1 (1.0%)      
    SKIN AND SUBCUTANEOUS TISSUE DISORDERS                                                                        
      - Overall -                                                                                                 
-                               - Any Grade -              17 (19.8%)        32 (44.4%)            31 (32.3%)     
+                   - Overall -                            17 (19.8%)        32 (44.4%)            31 (32.3%)     
-                               Grade 1-2                  13 (15.1%)        26 (36.1%)            25 (26.0%)     
+                   Grade 1-2                              13 (15.1%)        26 (36.1%)            25 (26.0%)     
-                               1                          10 (11.6%)        18 (25.0%)            15 (15.6%)     
+                   1                                      10 (11.6%)        18 (25.0%)            15 (15.6%)     
-                               2                           3 (3.5%)         8 (11.1%)             10 (10.4%)     
+                   2                                       3 (3.5%)         8 (11.1%)             10 (10.4%)     
-                               Grade 3-5                   4 (4.7%)          6 (8.3%)              6 (6.2%)      
+                   Grade 3-5                               4 (4.7%)          6 (8.3%)              6 (6.2%)      
-                               3                           2 (2.3%)          3 (4.2%)              3 (3.1%)      
+                   3                                       2 (2.3%)          3 (4.2%)              3 (3.1%)      
-                               4                           2 (2.3%)          3 (4.2%)              2 (2.1%)      
+                   4                                       2 (2.3%)          3 (4.2%)              2 (2.1%)      
-                               5                              0                 0                  1 (1.0%)      
+                   5                                          0                 0                  1 (1.0%)      
      PRURITUS                                                                                                    
-                               - Any Grade -               8 (9.3%)         26 (36.1%)            23 (24.0%)     
+                   PRURITUS                                8 (9.3%)         26 (36.1%)            23 (24.0%)     
-                               Grade 1-2                   5 (5.8%)         20 (27.8%)            21 (21.9%)     
+                   Grade 1-2                               5 (5.8%)         20 (27.8%)            21 (21.9%)     
-                               1                           4 (4.7%)         15 (20.8%)            14 (14.6%)     
+                   1                                       4 (4.7%)         15 (20.8%)            14 (14.6%)     
-                               2                           1 (1.2%)          5 (6.9%)              7 (7.3%)      
+                   2                                       1 (1.2%)          5 (6.9%)              7 (7.3%)      
-                               Grade 3-5                   3 (3.5%)          6 (8.3%)              2 (2.1%)      
+                   Grade 3-5                               3 (3.5%)          6 (8.3%)              2 (2.1%)      
-                               3                           1 (1.2%)          3 (4.2%)              1 (1.0%)      
+                   3                                       1 (1.2%)          3 (4.2%)              1 (1.0%)      
-                               4                           2 (2.3%)          3 (4.2%)                  0         
+                   4                                       2 (2.3%)          3 (4.2%)                  0         
-                               5                              0                 0                  1 (1.0%)      
+                   5                                          0                 0                  1 (1.0%)      
      ERYTHEMA                                                                                                    
-                               - Any Grade -              9 (10.5%)         14 (19.4%)            15 (15.6%)     
+                   ERYTHEMA                               9 (10.5%)         14 (19.4%)            15 (15.6%)     
-                               Grade 1-2                  9 (10.5%)         14 (19.4%)            13 (13.5%)     
+                   Grade 1-2                              9 (10.5%)         14 (19.4%)            13 (13.5%)     
-                               1                           8 (9.3%)         12 (16.7%)             8 (8.3%)      
+                   1                                       8 (9.3%)         12 (16.7%)             8 (8.3%)      
-                               2                           1 (1.2%)          2 (2.8%)              5 (5.2%)      
+                   2                                       1 (1.2%)          2 (2.8%)              5 (5.2%)      
-                               Grade 3-5                      0                 0                  2 (2.1%)      
+                   Grade 3-5                                  0                 0                  2 (2.1%)      
-                               3                              0                 0                  1 (1.0%)      
+                   3                                          0                 0                  1 (1.0%)      
-                               4                              0                 0                  1 (1.0%)      
+                   4                                          0                 0                  1 (1.0%)      
      RASH                                                                                                        
-                               - Any Grade -               5 (5.8%)         11 (15.3%)            13 (13.5%)     
+                   RASH                                    5 (5.8%)         11 (15.3%)            13 (13.5%)     
-                               Grade 1-2                   4 (4.7%)         10 (13.9%)            11 (11.5%)     
+                   Grade 1-2                               4 (4.7%)         10 (13.9%)            11 (11.5%)     
-                               1                           3 (3.5%)          7 (9.7%)             10 (10.4%)     
+                   1                                       3 (3.5%)          7 (9.7%)             10 (10.4%)     
-                               2                           1 (1.2%)          3 (4.2%)              1 (1.0%)      
+                   2                                       1 (1.2%)          3 (4.2%)              1 (1.0%)      
-                               Grade 3-5                   1 (1.2%)          1 (1.4%)              2 (2.1%)      
+                   Grade 3-5                               1 (1.2%)          1 (1.4%)              2 (2.1%)      
-                               3                           1 (1.2%)          1 (1.4%)              1 (1.0%)      
+                   3                                       1 (1.2%)          1 (1.4%)              1 (1.0%)      
-                               4                              0                 0                  1 (1.0%)      
+                   4                                          0                 0                  1 (1.0%)      
    GENERAL DISORDERS AND ADMINISTRATION SITE CONDITIONS                                                          
      - Overall -                                                                                                 
-                               - Any Grade -               8 (9.3%)         24 (33.3%)            25 (26.0%)     
+                   - Overall -                             8 (9.3%)         24 (33.3%)            25 (26.0%)     
-                               Grade 1-2                   6 (7.0%)         20 (27.8%)            20 (20.8%)     
+                   Grade 1-2                               6 (7.0%)         20 (27.8%)            20 (20.8%)     
-                               1                           3 (3.5%)         10 (13.9%)            14 (14.6%)     
+                   1                                       3 (3.5%)         10 (13.9%)            14 (14.6%)     
-                               2                           3 (3.5%)         10 (13.9%)             6 (6.2%)      
+                   2                                       3 (3.5%)         10 (13.9%)             6 (6.2%)      
-                               Grade 3-5                   2 (2.3%)          4 (5.6%)              5 (5.2%)      
+                   Grade 3-5                               2 (2.3%)          4 (5.6%)              5 (5.2%)      
-                               3                              0              2 (2.8%)              2 (2.1%)      
+                   3                                          0              2 (2.8%)              2 (2.1%)      
-                               4                           2 (2.3%)          2 (2.8%)              3 (3.1%)      
+                   4                                       2 (2.3%)          2 (2.8%)              3 (3.1%)      
      APPLICATION SITE PRURITUS                                                                                   
-                               - Any Grade -               6 (7.0%)         21 (29.2%)            23 (24.0%)     
+                   APPLICATION SITE PRURITUS               6 (7.0%)         21 (29.2%)            23 (24.0%)     
-                               Grade 1-2                   4 (4.7%)         19 (26.4%)            20 (20.8%)     
+                   Grade 1-2                               4 (4.7%)         19 (26.4%)            20 (20.8%)     
-                               1                           2 (2.3%)         11 (15.3%)            16 (16.7%)     
+                   1                                       2 (2.3%)         11 (15.3%)            16 (16.7%)     
-                               2                           2 (2.3%)         8 (11.1%)              4 (4.2%)      
+                   2                                       2 (2.3%)         8 (11.1%)              4 (4.2%)      
-                               Grade 3-5                   2 (2.3%)          2 (2.8%)              3 (3.1%)      
+                   Grade 3-5                               2 (2.3%)          2 (2.8%)              3 (3.1%)      
-                               3                              0                 0                  1 (1.0%)      
+                   3                                          0                 0                  1 (1.0%)      
-                               4                           2 (2.3%)          2 (2.8%)              2 (2.1%)      
+                   4                                       2 (2.3%)          2 (2.8%)              2 (2.1%)      
      APPLICATION SITE ERYTHEMA                                                                                   
-                               - Any Grade -               3 (3.5%)         14 (19.4%)            13 (13.5%)     
+                   APPLICATION SITE ERYTHEMA               3 (3.5%)         14 (19.4%)            13 (13.5%)     
-                               Grade 1-2                   3 (3.5%)         12 (16.7%)            11 (11.5%)     
+                   Grade 1-2                               3 (3.5%)         12 (16.7%)            11 (11.5%)     
-                               1                           2 (2.3%)         10 (13.9%)             8 (8.3%)      
+                   1                                       2 (2.3%)         10 (13.9%)             8 (8.3%)      
-                               2                           1 (1.2%)          2 (2.8%)              3 (3.1%)      
+                   2                                       1 (1.2%)          2 (2.8%)              3 (3.1%)      
-                               Grade 3-5                      0              2 (2.8%)              2 (2.1%)      
+                   Grade 3-5                                  0              2 (2.8%)              2 (2.1%)      
-                               3                              0              2 (2.8%)              1 (1.0%)      
+                   3                                          0              2 (2.8%)              1 (1.0%)      
-                               4                              0                 0                  1 (1.0%)      
+                   4                                          0                 0                  1 (1.0%)      

* Run `testthat::snapshot_accept('table_aet04')` to accept the change.
* Run `testthat::snapshot_review('table_aet04')` to interactively review the change.</failure>
    </testcase>
    <testcase time="0.783000000000001" classname="table_aet04" name="AET04_variant_4_is_produced_correctly_Collapsing_of_Grades_grades_1_2_grades_3_4_5_"/>
    <testcase time="0.719000000000001" classname="table_aet04" name="AET04_variant_6_is_produced_correctly_with_an_Incidence_Rate_of_at_Least_5_totals_restricted_"/>
    <testcase time="0.339999999999996" classname="table_aet04" name="AET04_variant_6_is_produced_correctly_with_an_Incidence_Rate_of_at_Least_5_totals_restricted_">
      <failure type="failure" message="Snapshot of code has changed: ('test-table_aet04.R:465:5')">Snapshot of code has changed:
old[6:76] vs new[6:76]
                                Grade                        (N=86)            (N=72)                (N=96)       
    ——————————————————————————————————————————————————————————————————————————————————————————————————————————————
    - Any adverse events -                                                                                        
-                               - Any Grade -              23 (26.7%)        51 (70.8%)            54 (56.2%)     
+                 - Any adverse events -                   23 (26.7%)        51 (70.8%)            54 (56.2%)     
-                               Grade 1-2                  17 (19.8%)        42 (58.3%)            43 (44.8%)     
+                 Grade 1-2                                17 (19.8%)        42 (58.3%)            43 (44.8%)     
-                               1                          11 (12.8%)        26 (36.1%)            28 (29.2%)     
+                 1                                        11 (12.8%)        26 (36.1%)            28 (29.2%)     
-                               2                           6 (7.0%)         16 (22.2%)            15 (15.6%)     
+                 2                                         6 (7.0%)         16 (22.2%)            15 (15.6%)     
-                               Grade 3-4                   6 (7.0%)         9 (12.5%)             10 (10.4%)     
+                 Grade 3-4                                 6 (7.0%)         9 (12.5%)             10 (10.4%)     
-                               3                           2 (2.3%)          4 (5.6%)              5 (5.2%)      
+                 3                                         2 (2.3%)          4 (5.6%)              5 (5.2%)      
-                               4                           4 (4.7%)          5 (6.9%)              5 (5.2%)      
+                 4                                         4 (4.7%)          5 (6.9%)              5 (5.2%)      
-                               Grade 5                        0                 0                  1 (1.0%)      
+                 Grade 5                                      0                 0                  1 (1.0%)      
    SKIN AND SUBCUTANEOUS TISSUE DISORDERS                                                                        
      - Overall -                                                                                                 
-                               - Any Grade -              17 (19.8%)        32 (44.4%)            31 (32.3%)     
+                   - Overall -                            17 (19.8%)        32 (44.4%)            31 (32.3%)     
-                               Grade 1-2                  13 (15.1%)        26 (36.1%)            25 (26.0%)     
+                   Grade 1-2                              13 (15.1%)        26 (36.1%)            25 (26.0%)     
-                               1                          10 (11.6%)        18 (25.0%)            15 (15.6%)     
+                   1                                      10 (11.6%)        18 (25.0%)            15 (15.6%)     
-                               2                           3 (3.5%)         8 (11.1%)             10 (10.4%)     
+                   2                                       3 (3.5%)         8 (11.1%)             10 (10.4%)     
-                               Grade 3-4                   4 (4.7%)          6 (8.3%)              5 (5.2%)      
+                   Grade 3-4                               4 (4.7%)          6 (8.3%)              5 (5.2%)      
-                               3                           2 (2.3%)          3 (4.2%)              3 (3.1%)      
+                   3                                       2 (2.3%)          3 (4.2%)              3 (3.1%)      
-                               4                           2 (2.3%)          3 (4.2%)              2 (2.1%)      
+                   4                                       2 (2.3%)          3 (4.2%)              2 (2.1%)      
-                               Grade 5                        0                 0                  1 (1.0%)      
+                   Grade 5                                    0                 0                  1 (1.0%)      
      PRURITUS                                                                                                    
-                               - Any Grade -               8 (9.3%)         26 (36.1%)            23 (24.0%)     
+                   PRURITUS                                8 (9.3%)         26 (36.1%)            23 (24.0%)     
-                               Grade 1-2                   5 (5.8%)         20 (27.8%)            21 (21.9%)     
+                   Grade 1-2                               5 (5.8%)         20 (27.8%)            21 (21.9%)     
-                               1                           4 (4.7%)         15 (20.8%)            14 (14.6%)     
+                   1                                       4 (4.7%)         15 (20.8%)            14 (14.6%)     
-                               2                           1 (1.2%)          5 (6.9%)              7 (7.3%)      
+                   2                                       1 (1.2%)          5 (6.9%)              7 (7.3%)      
-                               Grade 3-4                   3 (3.5%)          6 (8.3%)              1 (1.0%)      
+                   Grade 3-4                               3 (3.5%)          6 (8.3%)              1 (1.0%)      
-                               3                           1 (1.2%)          3 (4.2%)              1 (1.0%)      
+                   3                                       1 (1.2%)          3 (4.2%)              1 (1.0%)      
-                               4                           2 (2.3%)          3 (4.2%)                  0         
+                   4                                       2 (2.3%)          3 (4.2%)                  0         
-                               Grade 5                        0                 0                  1 (1.0%)      
+                   Grade 5                                    0                 0                  1 (1.0%)      
      ERYTHEMA                                                                                                    
-                               - Any Grade -              9 (10.5%)         14 (19.4%)            15 (15.6%)     
+                   ERYTHEMA                               9 (10.5%)         14 (19.4%)            15 (15.6%)     
-                               Grade 1-2                  9 (10.5%)         14 (19.4%)            13 (13.5%)     
+                   Grade 1-2                              9 (10.5%)         14 (19.4%)            13 (13.5%)     
-                               1                           8 (9.3%)         12 (16.7%)             8 (8.3%)      
+                   1                                       8 (9.3%)         12 (16.7%)             8 (8.3%)      
-                               2                           1 (1.2%)          2 (2.8%)              5 (5.2%)      
+                   2                                       1 (1.2%)          2 (2.8%)              5 (5.2%)      
-                               Grade 3-4                      0                 0                  2 (2.1%)      
+                   Grade 3-4                                  0                 0                  2 (2.1%)      
-                               3                              0                 0                  1 (1.0%)      
+                   3                                          0                 0                  1 (1.0%)      
-                               4                              0                 0                  1 (1.0%)      
+                   4                                          0                 0                  1 (1.0%)      
      RASH                                                                                                        
-                               - Any Grade -               5 (5.8%)         11 (15.3%)            13 (13.5%)     
+                   RASH                                    5 (5.8%)         11 (15.3%)            13 (13.5%)     
-                               Grade 1-2                   4 (4.7%)         10 (13.9%)            11 (11.5%)     
+                   Grade 1-2                               4 (4.7%)         10 (13.9%)            11 (11.5%)     
-                               1                           3 (3.5%)          7 (9.7%)             10 (10.4%)     
+                   1                                       3 (3.5%)          7 (9.7%)             10 (10.4%)     
-                               2                           1 (1.2%)          3 (4.2%)              1 (1.0%)      
+                   2                                       1 (1.2%)          3 (4.2%)              1 (1.0%)      
-                               Grade 3-4                   1 (1.2%)          1 (1.4%)              2 (2.1%)      
+                   Grade 3-4                               1 (1.2%)          1 (1.4%)              2 (2.1%)      
-                               3                           1 (1.2%)          1 (1.4%)              1 (1.0%)      
+                   3                                       1 (1.2%)          1 (1.4%)              1 (1.0%)      
-                               4                              0                 0                  1 (1.0%)      
+                   4                                          0                 0                  1 (1.0%)      
    GENERAL DISORDERS AND ADMINISTRATION SITE CONDITIONS                                                          
      - Overall -                                                                                                 
-                               - Any Grade -               8 (9.3%)         24 (33.3%)            25 (26.0%)     
+                   - Overall -                             8 (9.3%)         24 (33.3%)            25 (26.0%)     
-                               Grade 1-2                   6 (7.0%)         20 (27.8%)            20 (20.8%)     
+                   Grade 1-2                               6 (7.0%)         20 (27.8%)            20 (20.8%)     
-                               1                           3 (3.5%)         10 (13.9%)            14 (14.6%)     
+                   1                                       3 (3.5%)         10 (13.9%)            14 (14.6%)     
-                               2                           3 (3.5%)         10 (13.9%)             6 (6.2%)      
+                   2                                       3 (3.5%)         10 (13.9%)             6 (6.2%)      
-                               Grade 3-4                   2 (2.3%)          4 (5.6%)              5 (5.2%)      
+                   Grade 3-4                               2 (2.3%)          4 (5.6%)              5 (5.2%)      
-                               3                              0              2 (2.8%)              2 (2.1%)      
+                   3                                          0              2 (2.8%)              2 (2.1%)      
-                               4                           2 (2.3%)          2 (2.8%)              3 (3.1%)      
+                   4                                       2 (2.3%)          2 (2.8%)              3 (3.1%)      
      APPLICATION SITE PRURITUS                                                                                   
-                               - Any Grade -               6 (7.0%)         21 (29.2%)            23 (24.0%)     
+                   APPLICATION SITE PRURITUS               6 (7.0%)         21 (29.2%)            23 (24.0%)     
-                               Grade 1-2                   4 (4.7%)         19 (26.4%)            20 (20.8%)     
+                   Grade 1-2                               4 (4.7%)         19 (26.4%)            20 (20.8%)     
-                               1                           2 (2.3%)         11 (15.3%)            16 (16.7%)     
+                   1                                       2 (2.3%)         11 (15.3%)            16 (16.7%)     
-                               2                           2 (2.3%)         8 (11.1%)              4 (4.2%)      
+                   2                                       2 (2.3%)         8 (11.1%)              4 (4.2%)      
-                               Grade 3-4                   2 (2.3%)          2 (2.8%)              3 (3.1%)      
+                   Grade 3-4                               2 (2.3%)          2 (2.8%)              3 (3.1%)      
-                               3                              0                 0                  1 (1.0%)      
+                   3                                          0                 0                  1 (1.0%)      
-                               4                           2 (2.3%)          2 (2.8%)              2 (2.1%)      
+                   4                                       2 (2.3%)          2 (2.8%)              2 (2.1%)      
      APPLICATION SITE ERYTHEMA                                                                                   
-                               - Any Grade -               3 (3.5%)         14 (19.4%)            13 (13.5%)     
+                   APPLICATION SITE ERYTHEMA               3 (3.5%)         14 (19.4%)            13 (13.5%)     
-                               Grade 1-2                   3 (3.5%)         12 (16.7%)            11 (11.5%)     
+                   Grade 1-2                               3 (3.5%)         12 (16.7%)            11 (11.5%)     
-                               1                           2 (2.3%)         10 (13.9%)             8 (8.3%)      
+                   1                                       2 (2.3%)         10 (13.9%)             8 (8.3%)      
-                               2                           1 (1.2%)          2 (2.8%)              3 (3.1%)      
+                   2                                       1 (1.2%)          2 (2.8%)              3 (3.1%)      
-                               Grade 3-4                      0              2 (2.8%)              2 (2.1%)      
+                   Grade 3-4                                  0              2 (2.8%)              2 (2.1%)      
-                               3                              0              2 (2.8%)              1 (1.0%)      
+                   3                                          0              2 (2.8%)              1 (1.0%)      
-                               4                              0                 0                  1 (1.0%)      
+                   4                                          0                 0                  1 (1.0%)      

* Run `testthat::snapshot_accept('table_aet04')` to accept the change.
* Run `testthat::snapshot_review('table_aet04')` to interactively review the change.</failure>
    </testcase>
    <testcase time="0.779000000000003" classname="table_aet04" name="AET04_variant_6_is_produced_correctly_with_an_Incidence_Rate_of_at_Least_5_totals_restricted_"/>
    <testcase time="0.0069999999999979" classname="table_aet04" name="AET04_variant_8_is_produced_correctly_with_an_Incidence_Rate_of_at_Least_X_Patients_"/>
    <testcase time="0.0309999999999988" classname="table_aet04" name="AET04_variant_8_is_produced_correctly_with_an_Incidence_Rate_of_at_Least_X_Patients_">
      <failure type="failure" message="Snapshot of code has changed: ('test-table_aet04.R:486:3')">Snapshot of code has changed:
old vs new
  Code
    res
  Output
-   MedDRA System Organ Class                                                                                     
-     MedDRA Preferred Term                                 Placebo     Xanomeline High Dose   Xanomeline Low Dose
-                               Grade                        (N=86)            (N=72)                (N=96)       
-   ——————————————————————————————————————————————————————————————————————————————————————————————————————————————
-   - Any adverse events -                                                                                        
-                               - Any Grade -              23 (26.7%)        51 (70.8%)            54 (56.2%)     
-                               Grade 1-2                  17 (19.8%)        42 (58.3%)            43 (44.8%)     
-                               1                          11 (12.8%)        26 (36.1%)            28 (29.2%)     
-                               2                           6 (7.0%)         16 (22.2%)            15 (15.6%)     
-                               Grade 3-4                   6 (7.0%)         9 (12.5%)             10 (10.4%)     
-                               3                           2 (2.3%)          4 (5.6%)              5 (5.2%)      
-                               4                           4 (4.7%)          5 (6.9%)              5 (5.2%)      
-                               Grade 5                        0                 0                  1 (1.0%)      
-   SKIN AND SUBCUTANEOUS TISSUE DISORDERS                                                                        
-     - Overall -                                                                                                 
-                               - Any Grade -              17 (19.8%)        32 (44.4%)            31 (32.3%)     
-                               Grade 1-2                  13 (15.1%)        26 (36.1%)            25 (26.0%)     
-                               1                          10 (11.6%)        18 (25.0%)            15 (15.6%)     
-                               2                           3 (3.5%)         8 (11.1%)             10 (10.4%)     
-                               Grade 3-4                   4 (4.7%)          6 (8.3%)              5 (5.2%)      
-                               3                           2 (2.3%)          3 (4.2%)              3 (3.1%)      
-                               4                           2 (2.3%)          3 (4.2%)              2 (2.1%)      
-                               Grade 5                        0                 0                  1 (1.0%)      
-     PRURITUS                                                                                                    
-                               - Any Grade -               8 (9.3%)         26 (36.1%)            23 (24.0%)     
-                               Grade 1-2                   5 (5.8%)         20 (27.8%)            21 (21.9%)     
-                               1                           4 (4.7%)         15 (20.8%)            14 (14.6%)     
-                               2                           1 (1.2%)          5 (6.9%)              7 (7.3%)      
-                               Grade 3-4                   3 (3.5%)          6 (8.3%)              1 (1.0%)      
-                               3                           1 (1.2%)          3 (4.2%)              1 (1.0%)      
-                               4                           2 (2.3%)          3 (4.2%)                  0         
-                               Grade 5                        0                 0                  1 (1.0%)      
-     ERYTHEMA                                                                                                    
-                               - Any Grade -              9 (10.5%)         14 (19.4%)            15 (15.6%)     
-                               Grade 1-2                  9 (10.5%)         14 (19.4%)            13 (13.5%)     
-                               1                           8 (9.3%)         12 (16.7%)             8 (8.3%)      
-                               2                           1 (1.2%)          2 (2.8%)              5 (5.2%)      
-                               Grade 3-4                      0                 0                  2 (2.1%)      
-                               3                              0                 0                  1 (1.0%)      
-                               4                              0                 0                  1 (1.0%)      
-     RASH                                                                                                        
-                               - Any Grade -               5 (5.8%)         11 (15.3%)            13 (13.5%)     
-                               Grade 1-2                   4 (4.7%)         10 (13.9%)            11 (11.5%)     
-                               1                           3 (3.5%)          7 (9.7%)             10 (10.4%)     
-                               2                           1 (1.2%)          3 (4.2%)              1 (1.0%)      
-                               Grade 3-4                   1 (1.2%)          1 (1.4%)              2 (2.1%)      
-                               3                           1 (1.2%)          1 (1.4%)              1 (1.0%)      
-                               4                              0                 0                  1 (1.0%)      
-   GENERAL DISORDERS AND ADMINISTRATION SITE CONDITIONS                                                          
-     - Overall -                                                                                                 
-                               - Any Grade -               8 (9.3%)         24 (33.3%)            25 (26.0%)     
-                               Grade 1-2                   6 (7.0%)         20 (27.8%)            20 (20.8%)     
-                               1                           3 (3.5%)         10 (13.9%)            14 (14.6%)     
-                               2                           3 (3.5%)         10 (13.9%)             6 (6.2%)      
-                               Grade 3-4                   2 (2.3%)          4 (5.6%)              5 (5.2%)      
-                               3                              0              2 (2.8%)              2 (2.1%)      
-                               4                           2 (2.3%)          2 (2.8%)              3 (3.1%)      
-     APPLICATION SITE PRURITUS                                                                                   
-                               - Any Grade -               6 (7.0%)         21 (29.2%)            23 (24.0%)     
-                               Grade 1-2                   4 (4.7%)         19 (26.4%)            20 (20.8%)     
-                               1                           2 (2.3%)         11 (15.3%)            16 (16.7%)     
-                               2                           2 (2.3%)         8 (11.1%)              4 (4.2%)      
-                               Grade 3-4                   2 (2.3%)          2 (2.8%)              3 (3.1%)      
-                               3                              0                 0                  1 (1.0%)      
-                               4                           2 (2.3%)          2 (2.8%)              2 (2.1%)      
-     APPLICATION SITE ERYTHEMA                                                                                   
-                               - Any Grade -               3 (3.5%)         14 (19.4%)            13 (13.5%)     
-                               Grade 1-2                   3 (3.5%)         12 (16.7%)            11 (11.5%)     
-                               1                           2 (2.3%)         10 (13.9%)             8 (8.3%)      
-                               2                           1 (1.2%)          2 (2.8%)              3 (3.1%)      
-                               Grade 3-4                      0              2 (2.8%)              2 (2.1%)      
-                               3                              0              2 (2.8%)              1 (1.0%)      
-                               4                              0                 0                  1 (1.0%)      
+   NULL

* Run `testthat::snapshot_accept('table_aet04')` to accept the change.
* Run `testthat::snapshot_review('table_aet04')` to interactively review the change.</failure>
    </testcase>
    <testcase time="0.0300000000000011" classname="table_aet04" name="AET04_variant_8_is_produced_correctly_with_an_Incidence_Rate_of_at_Least_X_Patients_">
      <error type="error" message="Error: unable to find an inherited method for function 'matrix_form' for signature 'obj = &quot;NULL&quot;' ('test-table_aet04.R:489:3')">Error: unable to find an inherited method for function 'matrix_form' for signature 'obj = "NULL"'
Backtrace:
     x
  1. +-testthat::expect_silent(...) at test-table_aet04.R:489:3
  2. | \-testthat:::quasi_capture(enquo(object), NULL, evaluate_promise)
  3. |   +-testthat (local) .capture(...)
  4. |   | +-withr::with_output_sink(...)
  5. |   | | \-base::force(code)
  6. |   | +-base::withCallingHandlers(...)
  7. |   | \-base::withVisible(code)
  8. |   \-rlang::eval_bare(quo_get_expr(.quo), quo_get_env(.quo))
  9. \-rtables::paginate_table(result, lpp = 15)
 10.   +-formatters::propose_column_widths(...)
 11.   | \-methods::is(x, "MatrixPrintForm")
 12.   \-formatters::matrix_form(...)
 13.     \-methods (local) `&lt;fn&gt;`(`&lt;list&gt;`, `&lt;nnstndGF&gt;`, `&lt;env&gt;`)</error>
    </testcase>
    <testcase time="0.0240000000000009" classname="table_aet04" name="AET04_variant_9_is_produced_correctly_with_a_Difference_in_Incidence_Rate_of_at_Least_X_"/>
    <testcase time="0.270999999999994" classname="table_aet04" name="AET04_variant_9_is_produced_correctly_with_a_Difference_in_Incidence_Rate_of_at_Least_X_">
      <failure type="failure" message="Snapshot of code has changed: ('test-table_aet04.R:502:3')">Snapshot of code has changed:
old[6:76] vs new[6:60]
                                Grade                        (N=86)            (N=72)                (N=96)       
    ——————————————————————————————————————————————————————————————————————————————————————————————————————————————
    - Any adverse events -                                                                                        
-                               - Any Grade -              23 (26.7%)        51 (70.8%)            54 (56.2%)     
+                 - Any adverse events -                   23 (26.7%)        51 (70.8%)            54 (56.2%)     
-                               Grade 1-2                  17 (19.8%)        42 (58.3%)            43 (44.8%)     
+                 Grade 1-2                                17 (19.8%)        42 (58.3%)            43 (44.8%)     
-                               1                          11 (12.8%)        26 (36.1%)            28 (29.2%)     
+                 1                                        11 (12.8%)        26 (36.1%)            28 (29.2%)     
-                               2                           6 (7.0%)         16 (22.2%)            15 (15.6%)     
+                 2                                         6 (7.0%)         16 (22.2%)            15 (15.6%)     
-                               Grade 3-4                   6 (7.0%)         9 (12.5%)             10 (10.4%)     
+                 Grade 3-4                                 6 (7.0%)         9 (12.5%)             10 (10.4%)     
-                               3                           2 (2.3%)          4 (5.6%)              5 (5.2%)      
+                 3                                         2 (2.3%)          4 (5.6%)              5 (5.2%)      
-                               4                           4 (4.7%)          5 (6.9%)              5 (5.2%)      
+                 4                                         4 (4.7%)          5 (6.9%)              5 (5.2%)      
-                               Grade 5                        0                 0                  1 (1.0%)      
+                 Grade 5                                      0                 0                  1 (1.0%)      
    SKIN AND SUBCUTANEOUS TISSUE DISORDERS                                                                        
      - Overall -                                                                                                 
-                               - Any Grade -              17 (19.8%)        32 (44.4%)            31 (32.3%)     
+                   - Overall -                            17 (19.8%)        32 (44.4%)            31 (32.3%)     
-                               Grade 1-2                  13 (15.1%)        26 (36.1%)            25 (26.0%)     
+                   Grade 1-2                              13 (15.1%)        26 (36.1%)            25 (26.0%)     
-                               1                          10 (11.6%)        18 (25.0%)            15 (15.6%)     
+                   1                                      10 (11.6%)        18 (25.0%)            15 (15.6%)     
-                               2                           3 (3.5%)         8 (11.1%)             10 (10.4%)     
+                   2                                       3 (3.5%)         8 (11.1%)             10 (10.4%)     
-                               Grade 3-4                   4 (4.7%)          6 (8.3%)              5 (5.2%)      
+                   Grade 3-4                               4 (4.7%)          6 (8.3%)              5 (5.2%)      
-                               3                           2 (2.3%)          3 (4.2%)              3 (3.1%)      
+                   3                                       2 (2.3%)          3 (4.2%)              3 (3.1%)      
-                               4                           2 (2.3%)          3 (4.2%)              2 (2.1%)      
+                   4                                       2 (2.3%)          3 (4.2%)              2 (2.1%)      
-                               Grade 5                        0                 0                  1 (1.0%)      
+                   Grade 5                                    0                 0                  1 (1.0%)      
      PRURITUS                                                                                                    
-                               - Any Grade -               8 (9.3%)         26 (36.1%)            23 (24.0%)     
-                               Grade 1-2                   5 (5.8%)         20 (27.8%)            21 (21.9%)     
-                               1                           4 (4.7%)         15 (20.8%)            14 (14.6%)     
-                               2                           1 (1.2%)          5 (6.9%)              7 (7.3%)      
-                               Grade 3-4                   3 (3.5%)          6 (8.3%)              1 (1.0%)      
-                               3                           1 (1.2%)          3 (4.2%)              1 (1.0%)      
-                               4                           2 (2.3%)          3 (4.2%)                  0         
-                               Grade 5                        0                 0                  1 (1.0%)      
-     ERYTHEMA                                                                                                    
-                               - Any Grade -              9 (10.5%)         14 (19.4%)            15 (15.6%)     
-                               Grade 1-2                  9 (10.5%)         14 (19.4%)            13 (13.5%)     
-                               1                           8 (9.3%)         12 (16.7%)             8 (8.3%)      
-                               2                           1 (1.2%)          2 (2.8%)              5 (5.2%)      
-                               Grade 3-4                      0                 0                  2 (2.1%)      
-                               3                              0                 0                  1 (1.0%)      
-                               4                              0                 0                  1 (1.0%)      
-     RASH                                                                                                        
-                               - Any Grade -               5 (5.8%)         11 (15.3%)            13 (13.5%)     
-                               Grade 1-2                   4 (4.7%)         10 (13.9%)            11 (11.5%)     
-                               1                           3 (3.5%)          7 (9.7%)             10 (10.4%)     
-                               2                           1 (1.2%)          3 (4.2%)              1 (1.0%)      
-                               Grade 3-4                   1 (1.2%)          1 (1.4%)              2 (2.1%)      
-                               3                           1 (1.2%)          1 (1.4%)              1 (1.0%)      
-                               4                              0                 0                  1 (1.0%)      
-   GENERAL DISORDERS AND ADMINISTRATION SITE CONDITIONS                                                          
-     - Overall -                                                                                                 
-                               - Any Grade -               8 (9.3%)         24 (33.3%)            25 (26.0%)     
-                               Grade 1-2                   6 (7.0%)         20 (27.8%)            20 (20.8%)     
-                               1                           3 (3.5%)         10 (13.9%)            14 (14.6%)     
-                               2                           3 (3.5%)         10 (13.9%)             6 (6.2%)      
-                               Grade 3-4                   2 (2.3%)          4 (5.6%)              5 (5.2%)      
-                               3                              0              2 (2.8%)              2 (2.1%)      
-                               4                           2 (2.3%)          2 (2.8%)              3 (3.1%)      
-     APPLICATION SITE PRURITUS                                                                                   
-                               - Any Grade -               6 (7.0%)         21 (29.2%)            23 (24.0%)     
-                               Grade 1-2                   4 (4.7%)         19 (26.4%)            20 (20.8%)     
-                               1                           2 (2.3%)         11 (15.3%)            16 (16.7%)     
-                               2                           2 (2.3%)         8 (11.1%)              4 (4.2%)      
-                               Grade 3-4                   2 (2.3%)          2 (2.8%)              3 (3.1%)      
-                               3                              0                 0                  1 (1.0%)      
-                               4                           2 (2.3%)          2 (2.8%)              2 (2.1%)      
-     APPLICATION SITE ERYTHEMA                                                                                   
-                               - Any Grade -               3 (3.5%)         14 (19.4%)            13 (13.5%)     
-                               Grade 1-2                   3 (3.5%)         12 (16.7%)            11 (11.5%)     
-                               1                           2 (2.3%)         10 (13.9%)             8 (8.3%)      
-                               2                           1 (1.2%)          2 (2.8%)              3 (3.1%)      
-                               Grade 3-4                      0              2 (2.8%)              2 (2.1%)      
-                               3                              0              2 (2.8%)              1 (1.0%)      
-                               4                              0                 0                  1 (1.0%)      
+                   PRURITUS                                8 (9.3%)         26 (36.1%)            23 (24.0%)     
+                   Grade 1-2                               5 (5.8%)         20 (27.8%)            21 (21.9%)     
+                   1                                       4 (4.7%)         15 (20.8%)            14 (14.6%)     
+                   2                                       1 (1.2%)          5 (6.9%)              7 (7.3%)      
+                   Grade 3-4                               3 (3.5%)          6 (8.3%)              1 (1.0%)      
+                   3                                       1 (1.2%)          3 (4.2%)              1 (1.0%)      
+                   4                                       2 (2.3%)          3 (4.2%)                  0         
+                   Grade 5                                    0                 0                  1 (1.0%)      
+   GENERAL DISORDERS AND ADMINISTRATION SITE CONDITIONS                                                          
+     - Overall -                                                                                                 
+                   - Overall -                             8 (9.3%)         24 (33.3%)            25 (26.0%)     
+                   Grade 1-2                               6 (7.0%)         20 (27.8%)            20 (20.8%)     
+                   1                                       3 (3.5%)         10 (13.9%)            14 (14.6%)     
+                   2                                       3 (3.5%)         10 (13.9%)             6 (6.2%)      
+                   Grade 3-4                               2 (2.3%)          4 (5.6%)              5 (5.2%)      
+                   3                                          0              2 (2.8%)              2 (2.1%)      
+                   4                                       2 (2.3%)          2 (2.8%)              3 (3.1%)      
+     APPLICATION SITE PRURITUS                                                                                   
+                   APPLICATION SITE PRURITUS               6 (7.0%)         21 (29.2%)            23 (24.0%)     
+                   Grade 1-2                               4 (4.7%)         19 (26.4%)            20 (20.8%)     
+                   1                                       2 (2.3%)         11 (15.3%)            16 (16.7%)     
+                   2                                       2 (2.3%)         8 (11.1%)              4 (4.2%)      
+                   Grade 3-4                               2 (2.3%)          2 (2.8%)              3 (3.1%)      
+                   3                                          0                 0                  1 (1.0%)      
+                   4                                       2 (2.3%)          2 (2.8%)              2 (2.1%)      
+     APPLICATION SITE ERYTHEMA                                                                                   
+                   APPLICATION SITE ERYTHEMA               3 (3.5%)         14 (19.4%)            13 (13.5%)     
+                   Grade 1-2                               3 (3.5%)         12 (16.7%)            11 (11.5%)     
+                   1                                       2 (2.3%)         10 (13.9%)             8 (8.3%)      
+                   2                                       1 (1.2%)          2 (2.8%)              3 (3.1%)      
+                   Grade 3-4                                  0              2 (2.8%)              2 (2.1%)      
+                   3                                          0              2 (2.8%)              1 (1.0%)      
+                   4                                          0                 0                  1 (1.0%)      

* Run `testthat::snapshot_accept('table_aet04')` to accept the change.
* Run `testthat::snapshot_review('table_aet04')` to interactively review the change.</failure>
    </testcase>
    <testcase time="0.624000000000009" classname="table_aet04" name="AET04_variant_9_is_produced_correctly_with_a_Difference_in_Incidence_Rate_of_at_Least_X_"/>
    <testcase time="0.00799999999999557" classname="table_aet04" name="AET04_variant_11_is_produced_correctly_with_Incidence_Rate_of_at_Least_X_all_SOCs_w_o_preferred_terms_removed_"/>
    <testcase time="0.140000000000001" classname="table_aet04" name="AET04_variant_11_is_produced_correctly_with_Incidence_Rate_of_at_Least_X_all_SOCs_w_o_preferred_terms_removed_">
      <failure type="failure" message="Snapshot of code has changed: ('test-table_aet04.R:524:5')">Snapshot of code has changed:
old vs new
  Code
    res
  Output
-   MedDRA System Organ Class                                                                                     
-     MedDRA Preferred Term                                 Placebo     Xanomeline High Dose   Xanomeline Low Dose
-                               Grade                        (N=86)            (N=72)                (N=96)       
-   ——————————————————————————————————————————————————————————————————————————————————————————————————————————————
-   - Any adverse events -                                                                                        
-                               - Any Grade -              23 (26.7%)        51 (70.8%)            54 (56.2%)     
-                               Grade 1-2                  17 (19.8%)        42 (58.3%)            43 (44.8%)     
-                               1                          11 (12.8%)        26 (36.1%)            28 (29.2%)     
-                               2                           6 (7.0%)         16 (22.2%)            15 (15.6%)     
-                               Grade 3-4                   6 (7.0%)         9 (12.5%)             10 (10.4%)     
-                               3                           2 (2.3%)          4 (5.6%)              5 (5.2%)      
-                               4                           4 (4.7%)          5 (6.9%)              5 (5.2%)      
-                               Grade 5                        0                 0                  1 (1.0%)      
-   SKIN AND SUBCUTANEOUS TISSUE DISORDERS                                                                        
-     - Overall -                                                                                                 
-                               - Any Grade -              17 (19.8%)        32 (44.4%)            31 (32.3%)     
-                               Grade 1-2                  13 (15.1%)        26 (36.1%)            25 (26.0%)     
-                               1                          10 (11.6%)        18 (25.0%)            15 (15.6%)     
-                               2                           3 (3.5%)         8 (11.1%)             10 (10.4%)     
-                               Grade 3-4                   4 (4.7%)          6 (8.3%)              5 (5.2%)      
-                               3                           2 (2.3%)          3 (4.2%)              3 (3.1%)      
-                               4                           2 (2.3%)          3 (4.2%)              2 (2.1%)      
-                               Grade 5                        0                 0                  1 (1.0%)      
-     PRURITUS                                                                                                    
-                               - Any Grade -               8 (9.3%)         26 (36.1%)            23 (24.0%)     
-                               Grade 1-2                   5 (5.8%)         20 (27.8%)            21 (21.9%)     
-                               1                           4 (4.7%)         15 (20.8%)            14 (14.6%)     
-                               2                           1 (1.2%)          5 (6.9%)              7 (7.3%)      
-                               Grade 3-4                   3 (3.5%)          6 (8.3%)              1 (1.0%)      
-                               3                           1 (1.2%)          3 (4.2%)              1 (1.0%)      
-                               4                           2 (2.3%)          3 (4.2%)                  0         
-                               Grade 5                        0                 0                  1 (1.0%)      
-     ERYTHEMA                                                                                                    
-                               - Any Grade -              9 (10.5%)         14 (19.4%)            15 (15.6%)     
-                               Grade 1-2                  9 (10.5%)         14 (19.4%)            13 (13.5%)     
-                               1                           8 (9.3%)         12 (16.7%)             8 (8.3%)      
-                               2                           1 (1.2%)          2 (2.8%)              5 (5.2%)      
-                               Grade 3-4                      0                 0                  2 (2.1%)      
-                               3                              0                 0                  1 (1.0%)      
-                               4                              0                 0                  1 (1.0%)      
-     RASH                                                                                                        
-                               - Any Grade -               5 (5.8%)         11 (15.3%)            13 (13.5%)     
-                               Grade 1-2                   4 (4.7%)         10 (13.9%)            11 (11.5%)     
-                               1                           3 (3.5%)          7 (9.7%)             10 (10.4%)     
-                               2                           1 (1.2%)          3 (4.2%)              1 (1.0%)      
-                               Grade 3-4                   1 (1.2%)          1 (1.4%)              2 (2.1%)      
-                               3                           1 (1.2%)          1 (1.4%)              1 (1.0%)      
-                               4                              0                 0                  1 (1.0%)      
-   GENERAL DISORDERS AND ADMINISTRATION SITE CONDITIONS                                                          
-     - Overall -                                                                                                 
-                               - Any Grade -               8 (9.3%)         24 (33.3%)            25 (26.0%)     
-                               Grade 1-2                   6 (7.0%)         20 (27.8%)            20 (20.8%)     
-                               1                           3 (3.5%)         10 (13.9%)            14 (14.6%)     
-                               2                           3 (3.5%)         10 (13.9%)             6 (6.2%)      
-                               Grade 3-4                   2 (2.3%)          4 (5.6%)              5 (5.2%)      
-                               3                              0              2 (2.8%)              2 (2.1%)      
-                               4                           2 (2.3%)          2 (2.8%)              3 (3.1%)      
-     APPLICATION SITE PRURITUS                                                                                   
-                               - Any Grade -               6 (7.0%)         21 (29.2%)            23 (24.0%)     
-                               Grade 1-2                   4 (4.7%)         19 (26.4%)            20 (20.8%)     
-                               1                           2 (2.3%)         11 (15.3%)            16 (16.7%)     
-                               2                           2 (2.3%)         8 (11.1%)              4 (4.2%)      
-                               Grade 3-4                   2 (2.3%)          2 (2.8%)              3 (3.1%)      
-                               3                              0                 0                  1 (1.0%)      
-                               4                           2 (2.3%)          2 (2.8%)              2 (2.1%)      
-     APPLICATION SITE ERYTHEMA                                                                                   
-                               - Any Grade -               3 (3.5%)         14 (19.4%)            13 (13.5%)     
-                               Grade 1-2                   3 (3.5%)         12 (16.7%)            11 (11.5%)     
-                               1                           2 (2.3%)         10 (13.9%)             8 (8.3%)      
-                               2                           1 (1.2%)          2 (2.8%)              3 (3.1%)      
-                               Grade 3-4                      0              2 (2.8%)              2 (2.1%)      
-                               3                              0              2 (2.8%)              1 (1.0%)      
-                               4                              0                 0                  1 (1.0%)      
+   MedDRA System Organ Class                                                                       
+     MedDRA Preferred Term                   Placebo     Xanomeline High Dose   Xanomeline Low Dose
+                               Grade          (N=86)            (N=72)                (N=96)       
+   ————————————————————————————————————————————————————————————————————————————————————————————————
+   - Any adverse events -                                                                          
+                 - Any adverse events -     23 (26.7%)        51 (70.8%)            54 (56.2%)     
+                 Grade 1-2                  17 (19.8%)        42 (58.3%)            43 (44.8%)     
+                 1                          11 (12.8%)        26 (36.1%)            28 (29.2%)     
+                 2                           6 (7.0%)         16 (22.2%)            15 (15.6%)     
+                 Grade 3-4                   6 (7.0%)         9 (12.5%)             10 (10.4%)     
+                 3                           2 (2.3%)          4 (5.6%)              5 (5.2%)      
+                 4                           4 (4.7%)          5 (6.9%)              5 (5.2%)      
+                 Grade 5                        0                 0                  1 (1.0%)      
+   SKIN AND SUBCUTANEOUS TISSUE DISORDERS                                                          
+     - Overall -                                                                                   
+                   - Overall -              17 (19.8%)        32 (44.4%)            31 (32.3%)     
+                   Grade 1-2                13 (15.1%)        26 (36.1%)            25 (26.0%)     
+                   1                        10 (11.6%)        18 (25.0%)            15 (15.6%)     
+                   2                         3 (3.5%)         8 (11.1%)             10 (10.4%)     
+                   Grade 3-4                 4 (4.7%)          6 (8.3%)              5 (5.2%)      
+                   3                         2 (2.3%)          3 (4.2%)              3 (3.1%)      
+                   4                         2 (2.3%)          3 (4.2%)              2 (2.1%)      
+                   Grade 5                      0                 0                  1 (1.0%)      

* Run `testthat::snapshot_accept('table_aet04')` to accept the change.
* Run `testthat::snapshot_review('table_aet04')` to interactively review the change.</failure>
    </testcase>
    <testcase time="0.198000000000008" classname="table_aet04" name="AET04_variant_11_is_produced_correctly_with_Incidence_Rate_of_at_Least_X_all_SOCs_w_o_preferred_terms_removed_"/>
  </testsuite>
  <testsuite name="table_aet04_pi" timestamp="2025-03-06T18:53:57Z" hostname="23b4b0c19b1b" tests="18" skipped="0" failures="1" errors="0" time="6.84">
    <testcase time="0.608999999999995" classname="table_aet04_pi" name="AET04_PI_full_table_is_produced_correctly"/>
    <testcase time="0.253" classname="table_aet04_pi" name="AET04_PI_full_table_is_produced_correctly">
      <failure type="failure" message="Snapshot of code has changed: ('test-table_aet04_pi.R:66:3')">Snapshot of code has changed:
old vs new
  Code
    res
  Output
-                                                                                Placebo                                Xanomeline High Dose                           Xanomeline Low Dose            
+                                                                            Placebo                                Xanomeline High Dose                           Xanomeline Low Dose            
-                                                              Any Grade (%)   Grade 3-4 (%)   Grade 5 (%)   Any Grade (%)   Grade 3-4 (%)   Grade 5 (%)   Any Grade (%)   Grade 3-4 (%)   Grade 5 (%)
+                                                          Any Grade (%)   Grade 3-4 (%)   Grade 5 (%)   Any Grade (%)   Grade 3-4 (%)   Grade 5 (%)   Any Grade (%)   Grade 3-4 (%)   Grade 5 (%)
-                                                                 (N=86)          (N=86)         (N=86)         (N=72)          (N=72)         (N=72)         (N=96)          (N=96)         (N=96)   
+                                                             (N=86)          (N=86)         (N=86)         (N=72)          (N=72)         (N=72)         (N=96)          (N=96)         (N=96)   
-   ——————————————————————————————————————————————————————————————————————————————————————————————————————————————————————————————————————————————————————————————————————————————————————————————————
+   ——————————————————————————————————————————————————————————————————————————————————————————————————————————————————————————————————————————————————————————————————————————————————————————————
-   SKIN AND SUBCUTANEOUS TISSUE DISORDERS                                                                                                                                                            
+   SKIN AND SUBCUTANEOUS TISSUE DISORDERS                                                                                                                                                        
-   Total number of patients with at least one adverse event    19 (22.1%)       4 (4.7%)           0         34 (47.2%)       6 (8.3%)           0         35 (36.5%)       6 (6.2%)       2 (2.1%)  
+   SKIN AND SUBCUTANEOUS TISSUE DISORDERS                  19 (22.1%)       4 (4.7%)           0         34 (47.2%)       6 (8.3%)           0         35 (36.5%)       6 (6.2%)       2 (2.1%)  
-     PRURITUS                                                       9               3              0             36               8              0             24               1              1     
+     PRURITUS                                                   9               3              0             36               8              0             24               1              1     
-     ERYTHEMA                                                      10               0              0             19               0              0             16               2              0     
+     ERYTHEMA                                                  10               0              0             19               0              0             16               2              0     
-     RASH                                                           6               1              0             15               1              0             14               2              0     
+     RASH                                                       6               1              0             15               1              0             14               2              0     
-     SKIN IRRITATION                                                3               0              0              7               0              0              6               1              1     
+     SKIN IRRITATION                                            3               0              0              7               0              0              6               1              1     
-   GENERAL DISORDERS AND ADMINISTRATION SITE CONDITIONS                                                                                                                                              
+   GENERAL DISORDERS AND ADMINISTRATION SITE CONDITIONS                                                                                                                                          
-   Total number of patients with at least one adverse event    10 (11.6%)       2 (2.3%)           0         29 (40.3%)       5 (6.9%)           0         31 (32.3%)       8 (8.3%)           0     
+   GENERAL DISORDERS AND ADMINISTRATION SITE CONDITIONS    10 (11.6%)       2 (2.3%)           0         29 (40.3%)       5 (6.9%)           0         31 (32.3%)       8 (8.3%)           0     
-     APPLICATION SITE PRURITUS                                      7               2              0             29               3              0             24               3              0     
+     APPLICATION SITE PRURITUS                                  7               2              0             29               3              0             24               3              0     
-     APPLICATION SITE ERYTHEMA                                      3               0              0             19               3              0             14               2              0     
+     APPLICATION SITE ERYTHEMA                                  3               0              0             19               3              0             14               2              0     
-     APPLICATION SITE IRRITATION                                    3               1              0             12               1              0              9               3              0     
+     APPLICATION SITE IRRITATION                                3               1              0             12               1              0              9               3              0     
-   GASTROINTESTINAL DISORDERS                                                                                                                                                                        
+   GASTROINTESTINAL DISORDERS                                                                                                                                                                    
-   Total number of patients with at least one adverse event     4 (4.7%)            0          1 (1.2%)      10 (13.9%)       2 (2.8%)       1 (1.4%)       6 (6.2%)        1 (1.0%)           0     
+   GASTROINTESTINAL DISORDERS                               4 (4.7%)            0          1 (1.2%)      10 (13.9%)       2 (2.8%)       1 (1.4%)       6 (6.2%)        1 (1.0%)           0     
-     VOMITING                                                       3               0              1              8               0              0              4               0              0     
+     VOMITING                                                   3               0              1              8               0              0              4               0              0     
-     NAUSEA                                                         3               0              0              8               3              1              3               1              0     
+     NAUSEA                                                     3               0              0              8               3              1              3               1              0     
-   NERVOUS SYSTEM DISORDERS                                                                                                                                                                          
+   NERVOUS SYSTEM DISORDERS                                                                                                                                                                      
-   Total number of patients with at least one adverse event     7 (8.1%)        1 (1.2%)           0          6 (8.3%)            0              0          3 (3.1%)            0              0     
+   NERVOUS SYSTEM DISORDERS                                 7 (8.1%)        1 (1.2%)           0          6 (8.3%)            0              0          3 (3.1%)            0              0     
-     HEADACHE                                                       8               1              0              8               0              0              3               0              0     
+     HEADACHE                                                   8               1              0              8               0              0              3               0              0     
-   CARDIAC DISORDERS                                                                                                                                                                                 
+   CARDIAC DISORDERS                                                                                                                                                                             
-   Total number of patients with at least one adverse event     4 (4.7%)        1 (1.2%)           0          4 (5.6%)        1 (1.4%)           0          2 (2.1%)            0              0     
+   CARDIAC DISORDERS                                        4 (4.7%)        1 (1.2%)           0          4 (5.6%)        1 (1.4%)           0          2 (2.1%)            0              0     
-     MYOCARDIAL INFARCTION                                          5               1              0              6               1              0              2               0              0     
+     MYOCARDIAL INFARCTION                                      5               1              0              6               1              0              2               0              0     
-   VASCULAR DISORDERS                                                                                                                                                                                
+   VASCULAR DISORDERS                                                                                                                                                                            
-   Total number of patients with at least one adverse event         0               0              0          1 (1.4%)            0              0              0               0              0     
+   VASCULAR DISORDERS                                           0               0              0          1 (1.4%)            0              0              0               0              0     
-     WOUND HAEMORRHAGE                                              0               0              0              1               0              0              0               0              0     
+     WOUND HAEMORRHAGE                                          0               0              0              1               0              0              0               0              0     

* Run `testthat::snapshot_accept('table_aet04_pi')` to accept the change.
* Run `testthat::snapshot_review('table_aet04_pi')` to interactively review the change.</failure>
    </testcase>
    <testcase time="0.623000000000005" classname="table_aet04_pi" name="AET04_PI_variant_1_is_produced_correctly"/>
    <testcase time="0.189999999999998" classname="table_aet04_pi" name="AET04_PI_variant_1_is_produced_correctly"/>
    <testcase time="0.61699999999999" classname="table_aet04_pi" name="AET04_PI_variant_2_is_produced_correctly"/>
    <testcase time="0.123000000000005" classname="table_aet04_pi" name="AET04_PI_variant_2_is_produced_correctly"/>
    <testcase time="0.605000000000004" classname="table_aet04_pi" name="AET04_PI_variant_3_is_produced_correctly"/>
    <testcase time="0.143999999999991" classname="table_aet04_pi" name="AET04_PI_variant_3_is_produced_correctly"/>
    <testcase time="0.619" classname="table_aet04_pi" name="AET04_PI_variant_4_is_produced_correctly"/>
    <testcase time="0.110000000000014" classname="table_aet04_pi" name="AET04_PI_variant_4_is_produced_correctly"/>
    <testcase time="0.60499999999999" classname="table_aet04_pi" name="AET04_PI_variant_5_is_produced_correctly"/>
    <testcase time="0.38600000000001" classname="table_aet04_pi" name="AET04_PI_variant_5_is_produced_correctly"/>
    <testcase time="0.671999999999997" classname="table_aet04_pi" name="AET04_PI_variant_6_is_produced_correctly"/>
    <testcase time="0.156000000000006" classname="table_aet04_pi" name="AET04_PI_variant_6_is_produced_correctly"/>
    <testcase time="0.674999999999997" classname="table_aet04_pi" name="AET04_PI_variant_7_is_produced_correctly"/>
    <testcase time="0.150999999999996" classname="table_aet04_pi" name="AET04_PI_variant_7_is_produced_correctly"/>
    <testcase time="0.173000000000002" classname="table_aet04_pi" name="AET04_PI_variant_8_is_produced_correctly"/>
    <testcase time="0.129000000000005" classname="table_aet04_pi" name="AET04_PI_variant_8_is_produced_correctly"/>
  </testsuite>
  <testsuite name="table_aet05" timestamp="2025-03-06T18:54:04Z" hostname="23b4b0c19b1b" tests="4" skipped="0" failures="0" errors="0" time="0.275">
    <testcase time="0.0930000000000035" classname="table_aet05" name="AET05_variant_1_is_produced_correctly"/>
    <testcase time="0.0600000000000023" classname="table_aet05" name="AET05_variant_1_is_produced_correctly"/>
    <testcase time="0.0559999999999974" classname="table_aet05" name="AET05_variant_2_is_produced_correctly"/>
    <testcase time="0.0660000000000025" classname="table_aet05" name="AET05_variant_2_is_produced_correctly"/>
  </testsuite>
  <testsuite name="table_aet05_all" timestamp="2025-03-06T18:54:04Z" hostname="23b4b0c19b1b" tests="4" skipped="0" failures="0" errors="0" time="0.288">
    <testcase time="0.10499999999999" classname="table_aet05_all" name="AET05_ALL_variant_1_is_produced_correctly"/>
    <testcase time="0.0600000000000023" classname="table_aet05_all" name="AET05_ALL_variant_1_is_produced_correctly"/>
    <testcase time="0.0570000000000022" classname="table_aet05_all" name="AET05_ALL_variant_2_is_produced_correctly"/>
    <testcase time="0.0660000000000025" classname="table_aet05_all" name="AET05_ALL_variant_2_is_produced_correctly"/>
  </testsuite>
  <testsuite name="table_aet06" timestamp="2025-03-06T18:54:05Z" hostname="23b4b0c19b1b" tests="5" skipped="0" failures="2" errors="1" time="2.673">
    <testcase time="0.528999999999996" classname="table_aet06" name="AET06_variant_1_is_produced_correctly"/>
    <testcase time="0.231999999999999" classname="table_aet06" name="AET06_variant_1_is_produced_correctly">
      <failure type="failure" message="Snapshot of code has changed: ('test-table_aet06.R:97:3')">Snapshot of code has changed:
old[28:39] vs new[28:39]
      NERVOUS SYSTEM DISORDERS                                                                                                                
        Total number of patients with at least one adverse event    4 (7.5%)     3 (9.1%)    4 (10.0%)     2 (4.5%)        0         3 (8.8%) 
        Total number of events                                         5            3            7            2            0            4     
-         HEADACHE                                                  4 (7.5%)     3 (9.1%)    4 (10.0%)     2 (4.5%)        0         3 (8.8%) 
+         HEADACHE                                                  4 (7.5%)     3 (9.1%)    4 (10.0%)     2 (4.5%)        NA        3 (8.8%) 
      CARDIAC DISORDERS                                                                                                                       
        Total number of patients with at least one adverse event    4 (7.5%)        0         1 (2.5%)     3 (6.8%)     2 (4.0%)        0     
        Total number of events                                         4            0            1            7            4            0     
-         MYOCARDIAL INFARCTION                                     4 (7.5%)        0         1 (2.5%)     3 (6.8%)     2 (4.0%)        0     
+         MYOCARDIAL INFARCTION                                     4 (7.5%)        NA        1 (2.5%)     3 (6.8%)     2 (4.0%)        NA    
      VASCULAR DISORDERS                                                                                                                      
        Total number of patients with at least one adverse event       0            0         1 (2.5%)        0            0            0     
        Total number of events                                         0            0            1            0            0            0     
-         WOUND HAEMORRHAGE                                            0            0         1 (2.5%)        0            0            0     
+         count_fraction_fixed_dp                                      NA           NA        1 (2.5%)        NA           NA           NA    

* Run `testthat::snapshot_accept('table_aet06')` to accept the change.
* Run `testthat::snapshot_review('table_aet06')` to interactively review the change.</failure>
    </testcase>
    <testcase time="0.287000000000006" classname="table_aet06" name="AET06_variant_3_is_produced_correctly">
      <error type="error" message="Error: Error applying analysis function (var - AEDECOD): Number of rows generated by analysis function do not match across all columns.  ('test-table_aet06.R:132:3')">Error: Error applying analysis function (var - AEDECOD): Number of rows generated by analysis function do not match across all columns. 
Perhaps convert analysis variable AEDECOD to a factor?
	occured at (row) path: AEBODSYS[GENERAL DISORDERS AND ADMINISTRATION SITE CONDITIONS]
Backtrace:
     x
  1. +-... %&gt;% ... at test-table_aet06.R:132:3
  2. +-rtables::sort_at_path(...)
  3. | \-base::NROW(tt)
  4. +-rtables::sort_at_path(., path = c("AEBODSYS"), scorefun = cont_n_allcols)
  5. | \-base::NROW(tt)
  6. +-rtables::prune_table(.)
  7. | \-methods::is(tt, "TableRow")
  8. \-rtables::build_table(lyt = lyt, df = adae, alt_counts_df = adsl)
  9.   \-base::lapply(...)
 10.     \-rtables (local) FUN(X[[i]], ...)
 11.       \-rtables:::recursive_applysplit(...)
 12.         +-rtables:::.make_split_kids(...)
 13.         \-rtables:::.make_split_kids(...)
 14.           \-rtables (local) .local(spl, have_controws, make_lrow, ...)
 15.             +-base::unlist(...)
 16.             \-base::mapply(...)
 17.               \-rtables (local) `&lt;fn&gt;`(...)
 18.                 \-rtables:::recursive_applysplit(...)
 19.                   +-rtables:::.make_split_kids(...)
 20.                   \-rtables:::.make_split_kids(...)
 21.                     \-rtables (local) .local(spl, have_controws, make_lrow, ...)
 22.                       \-rtables:::.make_analyzed_tab(...)</error>
    </testcase>
    <testcase time="1.2" classname="table_aet06" name="AET06_variant_5_is_produced_correctly"/>
    <testcase time="0.424999999999997" classname="table_aet06" name="AET06_variant_5_is_produced_correctly">
      <failure type="failure" message="Snapshot of code has changed: ('test-table_aet06.R:193:3')">Snapshot of code has changed:
old[21:27] vs new[21:27]
      HLT_0061                                                                                                                                
        Total number of patients with at least one adverse event    3 (5.7%)        0        5 (12.5%)     4 (9.1%)    6 (12.0%)     3 (8.8%) 
        Total number of events                                         7            0            9            7            10           8     
-         APPLICATION SITE IRRITATION                               3 (5.7%)        0        5 (12.5%)     4 (9.1%)    6 (12.0%)     3 (8.8%) 
+         APPLICATION SITE IRRITATION                               3 (5.7%)        NA       5 (12.5%)     4 (9.1%)    6 (12.0%)     3 (8.8%) 
    SKIN AND SUBCUTANEOUS TISSUE DISORDERS                                                                                                    
      Total number of patients with at least one adverse event     12 (22.6%)   7 (21.2%)    12 (30.0%)   22 (50.0%)   21 (42.0%)   14 (41.2%)
      Total number of events                                           26           11           29           57           63           27    

old[36:42] vs new[36:42]
      HLT_0583                                                                                                                                
        Total number of patients with at least one adverse event    3 (5.7%)        0         1 (2.5%)     4 (9.1%)    5 (10.0%)     1 (2.9%) 
        Total number of events                                         4            0            2            6            11           2     
-         SKIN IRRITATION                                           3 (5.7%)        0         1 (2.5%)     4 (9.1%)    5 (10.0%)     1 (2.9%) 
+         SKIN IRRITATION                                           3 (5.7%)        NA        1 (2.5%)     4 (9.1%)    5 (10.0%)     1 (2.9%) 
      HLT_0762                                                                                                                                
        Total number of patients with at least one adverse event    2 (3.8%)     3 (9.1%)     3 (7.5%)    8 (18.2%)    8 (16.0%)    5 (14.7%) 
        Total number of events                                         5            4            5            13           13           5     

old[47:57] vs new[47:57]
      HLT_0016                                                                                                                                
        Total number of patients with at least one adverse event    2 (3.8%)     1 (3.0%)        0        7 (15.9%)     3 (6.0%)        0     
        Total number of events                                         2            1            0            9            4            0     
-         VOMITING                                                  2 (3.8%)     1 (3.0%)        0        7 (15.9%)     3 (6.0%)        0     
+         VOMITING                                                  2 (3.8%)     1 (3.0%)        NA       7 (15.9%)     3 (6.0%)        NA    
      HLT_0742                                                                                                                                
        Total number of patients with at least one adverse event    3 (5.7%)        0        4 (10.0%)     2 (4.5%)     2 (4.0%)     1 (2.9%) 
        Total number of events                                         3            0            10           3            4            1     
-         NAUSEA                                                    3 (5.7%)        0        4 (10.0%)     2 (4.5%)     2 (4.0%)     1 (2.9%) 
+         NAUSEA                                                    3 (5.7%)        NA       4 (10.0%)     2 (4.5%)     2 (4.0%)     1 (2.9%) 
    NERVOUS SYSTEM DISORDERS                                                                                                                  
      Total number of patients with at least one adverse event      4 (7.5%)     3 (9.1%)    4 (10.0%)     2 (4.5%)        0         3 (8.8%) 
      Total number of events                                           5            3            7            2            0            4     

old[58:64] vs new[58:64]
      HLT_0064                                                                                                                                
        Total number of patients with at least one adverse event    4 (7.5%)     3 (9.1%)    4 (10.0%)     2 (4.5%)        0         3 (8.8%) 
        Total number of events                                         5            3            7            2            0            4     
-         HEADACHE                                                  4 (7.5%)     3 (9.1%)    4 (10.0%)     2 (4.5%)        0         3 (8.8%) 
+         HEADACHE                                                  4 (7.5%)     3 (9.1%)    4 (10.0%)     2 (4.5%)        NA        3 (8.8%) 
    CARDIAC DISORDERS                                                                                                                         
      Total number of patients with at least one adverse event      4 (7.5%)        0         1 (2.5%)     3 (6.8%)     2 (4.0%)        0     
      Total number of events                                           4            0            1            7            4            0     

old[65:71] vs new[65:71]
      HLT_0649                                                                                                                                
        Total number of patients with at least one adverse event    4 (7.5%)        0         1 (2.5%)     3 (6.8%)     2 (4.0%)        0     
        Total number of events                                         4            0            1            7            4            0     
-         MYOCARDIAL INFARCTION                                     4 (7.5%)        0         1 (2.5%)     3 (6.8%)     2 (4.0%)        0     
+         MYOCARDIAL INFARCTION                                     4 (7.5%)        NA        1 (2.5%)     3 (6.8%)     2 (4.0%)        NA    
    VASCULAR DISORDERS                                                                                                                        
      Total number of patients with at least one adverse event         0            0         1 (2.5%)        0            0            0     
      Total number of events                                           0            0            1            0            0            0     

old[72:75] vs new[72:75]
      HLT_0154                                                                                                                                
        Total number of patients with at least one adverse event       0            0         1 (2.5%)        0            0            0     
        Total number of events                                         0            0            1            0            0            0     
-         WOUND HAEMORRHAGE                                            0            0         1 (2.5%)        0            0            0     
+         count_fraction_fixed_dp                                      NA           NA        1 (2.5%)        NA           NA           NA    

* Run `testthat::snapshot_accept('table_aet06')` to accept the change.
* Run `testthat::snapshot_review('table_aet06')` to interactively review the change.</failure>
    </testcase>
  </testsuite>
  <testsuite name="table_aet06_smq" timestamp="2025-03-06T18:54:07Z" hostname="23b4b0c19b1b" tests="3" skipped="0" failures="1" errors="1" time="0.679">
    <testcase time="0.342999999999989" classname="table_aet06_smq" name="AET06_SMQ_variant_1_is_produced_correctly"/>
    <testcase time="0.14200000000001" classname="table_aet06_smq" name="AET06_SMQ_variant_1_is_produced_correctly">
      <failure type="failure" message="Snapshot of code has changed: ('test-table_aet06_smq.R:73:3')">Snapshot of code has changed:
old[14:21] vs new[14:19]
    SMQ 1 (narrow)                                                                                                                       
      Total number of patients with at least one adverse event   7 (15.9%)        0        1 (3.0%)    2 (3.8%)        0        3 (6.0%) 
      Total number of events                                         9            0            1           2           0            4    
-       VOMITING                                                 7 (15.9%)        0        1 (3.0%)    2 (3.8%)        0        3 (6.0%) 
-   AESI                                                                                                                                 
-     Total number of patients with at least one adverse event    2 (4.5%)    4 (10.0%)    3 (9.1%)    4 (7.5%)     3 (8.8%)        0    
-     Total number of events                                         2            7            3           5           4            0    
-       HEADACHE                                                  2 (4.5%)    4 (10.0%)    3 (9.1%)    4 (7.5%)     3 (8.8%)        0    
+   AESI                                                                                                                                 
+     Total number of patients with at least one adverse event    2 (4.5%)    4 (10.0%)    3 (9.1%)    4 (7.5%)     3 (8.8%)        0    
+     Total number of events                                         2            7            3           5           4            0    

* Run `testthat::snapshot_accept('table_aet06_smq')` to accept the change.
* Run `testthat::snapshot_review('table_aet06_smq')` to interactively review the change.</failure>
    </testcase>
    <testcase time="0.194000000000003" classname="table_aet06_smq" name="AET06_SMQ_variant_2_is_produced_correctly">
      <error type="error" message="Error: Error applying analysis function (var - AEDECOD): Number of rows generated by analysis function do not match across all columns.  ('test-table_aet06_smq.R:156:3')">Error: Error applying analysis function (var - AEDECOD): Number of rows generated by analysis function do not match across all columns. 
Perhaps convert analysis variable AEDECOD to a factor?
	occured at (row) path: SMQ[SMQ 1 (broad)]
Backtrace:
     x
  1. +-build_table(lyt, adae_f, alt_counts_df = adsl) %&gt;% ... at test-table_aet06_smq.R:156:3
  2. +-rtables::sort_at_path(., path = c("SMQ", "*", "AEDECOD"), scorefun = score_occurrences)
  3. | \-base::NROW(tt)
  4. \-rtables::build_table(lyt, adae_f, alt_counts_df = adsl)
  5.   \-base::lapply(...)
  6.     \-rtables (local) FUN(X[[i]], ...)
  7.       \-rtables:::recursive_applysplit(...)
  8.         +-rtables:::.make_split_kids(...)
  9.         \-rtables:::.make_split_kids(...)
 10.           \-rtables (local) .local(spl, have_controws, make_lrow, ...)
 11.             +-base::unlist(...)
 12.             \-base::mapply(...)
 13.               \-rtables (local) `&lt;fn&gt;`(...)
 14.                 \-rtables:::recursive_applysplit(...)
 15.                   +-rtables:::.make_split_kids(...)
 16.                   \-rtables:::.make_split_kids(...)
 17.                     \-rtables (local) .local(spl, have_controws, make_lrow, ...)
 18.                       \-rtables:::.make_analyzed_tab(...)</error>
    </testcase>
  </testsuite>
  <testsuite name="table_aet07" timestamp="2025-03-06T18:54:08Z" hostname="23b4b0c19b1b" tests="4" skipped="0" failures="0" errors="0" time="0.247">
    <testcase time="0.109999999999999" classname="table_aet07" name="AET07_variant_1_is_produced_correctly"/>
    <testcase time="0.0449999999999875" classname="table_aet07" name="AET07_variant_1_is_produced_correctly"/>
    <testcase time="0.0490000000000066" classname="table_aet07" name="AET07_variant_2_is_produced_correctly"/>
    <testcase time="0.0430000000000064" classname="table_aet07" name="AET07_variant_2_is_produced_correctly"/>
  </testsuite>
  <testsuite name="table_aet09" timestamp="2025-03-06T18:54:08Z" hostname="23b4b0c19b1b" tests="4" skipped="0" failures="2" errors="0" time="1.861">
    <testcase time="0.504999999999995" classname="table_aet09" name="AET09_variant_1_is_produced_correctly_AE_related_to_study_drug"/>
    <testcase time="0.188000000000002" classname="table_aet09" name="AET09_variant_1_is_produced_correctly_AE_related_to_study_drug">
      <failure type="failure" message="Snapshot of code has changed: ('test-table_aet09.R:46:3')">Snapshot of code has changed:
old[35:38] vs new[35:37]
    VASCULAR DISORDERS                                                                                                                                       
      Total number of patients with at least one adverse event related to study drug       0              1 (1.2%)                  0              1 (0.4%)  
      Total number of events related to study drug                                         0                 1                      0                 1      
-     WOUND HAEMORRHAGE                                                                    0              1 (1.2%)                  0              1 (0.4%)  

* Run `testthat::snapshot_accept('table_aet09')` to accept the change.
* Run `testthat::snapshot_review('table_aet09')` to interactively review the change.</failure>
    </testcase>
    <testcase time="0.875999999999991" classname="table_aet09" name="AET09_variant_2_is_produced_correctly_AE_related_to_study_drug_including_high_level_terms_"/>
    <testcase time="0.292000000000002" classname="table_aet09" name="AET09_variant_2_is_produced_correctly_AE_related_to_study_drug_including_high_level_terms_">
      <failure type="failure" message="Snapshot of code has changed: ('test-table_aet09.R:103:3')">Snapshot of code has changed:
old[71:74] vs new[71:73]
      HLT_0154                                                                                                                                  
        Total number of patients with at least one adverse event related to study drug       0              1 (1.2%)                  0         
        Total number of events related to study drug                                         0                 1                      0         
-       WOUND HAEMORRHAGE                                                                    0              1 (1.2%)                  0         

* Run `testthat::snapshot_accept('table_aet09')` to accept the change.
* Run `testthat::snapshot_review('table_aet09')` to interactively review the change.</failure>
    </testcase>
  </testsuite>
  <testsuite name="table_aet09_smq" timestamp="2025-03-06T18:54:10Z" hostname="23b4b0c19b1b" tests="4" skipped="0" failures="0" errors="0" time="0.486">
    <testcase time="0.128" classname="table_aet09_smq" name="AET09_variant_1_AEs_related_to_study_drug_by_SMQ_is_produced_correctly"/>
    <testcase time="0.0700000000000074" classname="table_aet09_smq" name="AET09_variant_1_AEs_related_to_study_drug_by_SMQ_is_produced_correctly"/>
    <testcase time="0.191000000000003" classname="table_aet09_smq" name="AET09_variant_2_AEs_related_to_study_drug_by_SMQ_with_customized_queries_is_produced_correctly"/>
    <testcase time="0.0969999999999942" classname="table_aet09_smq" name="AET09_variant_2_AEs_related_to_study_drug_by_SMQ_with_customized_queries_is_produced_correctly"/>
  </testsuite>
  <testsuite name="table_aet10" timestamp="2025-03-06T18:54:11Z" hostname="23b4b0c19b1b" tests="2" skipped="0" failures="0" errors="0" time="0.164">
    <testcase time="0.106999999999999" classname="table_aet10" name="AET10_default_variant_is_produced_correctly"/>
    <testcase time="0.0570000000000022" classname="table_aet10" name="AET10_default_variant_is_produced_correctly"/>
  </testsuite>
  <testsuite name="table_aovt01" timestamp="2025-03-06T18:54:11Z" hostname="23b4b0c19b1b" tests="4" skipped="0" failures="0" errors="0" time="1.118">
    <testcase time="0.329999999999998" classname="table_aovt01" name="AOVT01_variant_with_single_endpoint_is_produced_correctly"/>
    <testcase time="0.0840000000000032" classname="table_aovt01" name="AOVT01_variant_with_single_endpoint_is_produced_correctly"/>
    <testcase time="0.545000000000002" classname="table_aovt01" name="AOVT01_variant_with_multiple_endpoints_is_produced_correctly"/>
    <testcase time="0.158999999999992" classname="table_aovt01" name="AOVT01_variant_with_multiple_endpoints_is_produced_correctly"/>
  </testsuite>
  <testsuite name="table_aovt02" timestamp="2025-03-06T18:54:12Z" hostname="23b4b0c19b1b" tests="2" skipped="0" failures="0" errors="0" time="0.384">
    <testcase time="0.290999999999997" classname="table_aovt02" name="AOVT02_is_produced_correctly"/>
    <testcase time="0.0930000000000035" classname="table_aovt02" name="AOVT02_is_produced_correctly"/>
  </testsuite>
  <testsuite name="table_aovt03" timestamp="2025-03-06T18:54:12Z" hostname="23b4b0c19b1b" tests="2" skipped="0" failures="0" errors="0" time="0.839">
    <testcase time="0.676000000000002" classname="table_aovt03" name="AOVT03_is_produced_correctly"/>
    <testcase time="0.162999999999997" classname="table_aovt03" name="AOVT03_is_produced_correctly"/>
  </testsuite>
  <testsuite name="table_cfbt01" timestamp="2025-03-06T18:54:13Z" hostname="23b4b0c19b1b" tests="2" skipped="0" failures="0" errors="0" time="0.649">
    <testcase time="0.433000000000007" classname="table_cfbt01" name="CFBT01_default_variant_is_produced_correctly"/>
    <testcase time="0.215999999999994" classname="table_cfbt01" name="CFBT01_default_variant_is_produced_correctly"/>
  </testsuite>
  <testsuite name="table_cmht01" timestamp="2025-03-06T18:54:14Z" hostname="23b4b0c19b1b" tests="4" skipped="0" failures="0" errors="0" time="1.68">
    <testcase time="0.412000000000006" classname="table_cmht01" name="CMHT01_variant_1_is_produced_correctly"/>
    <testcase time="0.102000000000004" classname="table_cmht01" name="CMHT01_variant_1_is_produced_correctly"/>
    <testcase time="0.887999999999991" classname="table_cmht01" name="CMHT01_variant_2_is_produced_correctly"/>
    <testcase time="0.278000000000006" classname="table_cmht01" name="CMHT01_variant_2_is_produced_correctly"/>
  </testsuite>
  <testsuite name="table_cmt01" timestamp="2025-03-06T18:54:15Z" hostname="23b4b0c19b1b" tests="5" skipped="0" failures="1" errors="3" time="2.047">
    <testcase time="0.260999999999996" classname="table_cmt01" name="CMT01_default_variant_Concomitant_medications_is_produced_correctly">
      <error type="error" message="Error: Error applying analysis function (var - CMDECOD): Number of rows generated by analysis function do not match across all columns.  ('test-table_cmt01.R:7:3')">Error: Error applying analysis function (var - CMDECOD): Number of rows generated by analysis function do not match across all columns. 
Perhaps convert analysis variable CMDECOD to a factor?
	occured at (row) path: CMCLAS[RESPIRATORY SYSTEM]
Backtrace:
     x
  1. +-... %&gt;% ... at test-table_cmt01.R:7:3
  2. +-rtables::sort_at_path(...)
  3. | \-base::NROW(tt)
  4. \-rtables::build_table(., adcm_c, alt_counts_df = adsl)
  5.   \-base::lapply(...)
  6.     \-rtables (local) FUN(X[[i]], ...)
  7.       \-rtables:::recursive_applysplit(...)
  8.         +-rtables:::.make_split_kids(...)
  9.         \-rtables:::.make_split_kids(...)
 10.           \-rtables (local) .local(spl, have_controws, make_lrow, ...)
 11.             +-base::unlist(...)
 12.             \-base::mapply(...)
 13.               \-rtables (local) `&lt;fn&gt;`(...)
 14.                 \-rtables:::recursive_applysplit(...)
 15.                   +-rtables:::.make_split_kids(...)
 16.                   \-rtables:::.make_split_kids(...)
 17.                     \-rtables (local) .local(spl, have_controws, make_lrow, ...)
 18.                       \-rtables:::.make_analyzed_tab(...)</error>
    </testcase>
    <testcase time="0.819000000000003" classname="table_cmt01" name="CMT01_variant_1_prior_medications_is_produced_correctly"/>
    <testcase time="0.317999999999998" classname="table_cmt01" name="CMT01_variant_1_prior_medications_is_produced_correctly">
      <failure type="failure" message="Snapshot of code has changed: ('test-table_cmt01.R:71:3')">Snapshot of code has changed:
old[48:54] vs new[48:53]
      ANTINEOPLASTIC AND IMMUNOMODULATING AGENTS                                                                                     
        Total number of patients with at least one treatment    1 (1.2%)          1 (1.2%)                  0              2 (0.8%)  
        Total number of treatments                                 7                 4                      0                 11     
-         LEUPRORELIN ACETATE                                   1 (1.2%)          1 (1.2%)                  0              2 (0.8%)  
      ALIMENTARY TRACT AND METABOLISM                                                                                                
        Total number of patients with at least one treatment   12 (14.0%)        9 (10.7%)             11 (13.1%)         32 (12.6%) 
        Total number of treatments                                 80                74                    63                217     

old[63:70] vs new[62:67]
      DERMATOLOGICALS                                                                                                                
        Total number of patients with at least one treatment       0              1 (1.2%)                  0              1 (0.4%)  
        Total number of treatments                                 0                 1                      0                 1      
-         CLOBETASOL PROPIONATE                                    0              1 (1.2%)                  0              1 (0.4%)  
      BLOOD AND BLOOD FORMING ORGANS                                                                                                 
        Total number of patients with at least one treatment       0                 0                  1 (1.2%)           1 (0.4%)  
        Total number of treatments                                 0                 0                     10                 10     
-         FERROUS SULFATE                                          0                 0                  1 (1.2%)           1 (0.4%)  

* Run `testthat::snapshot_accept('table_cmt01')` to accept the change.
* Run `testthat::snapshot_review('table_cmt01')` to interactively review the change.</failure>
    </testcase>
    <testcase time="0.263999999999996" classname="table_cmt01" name="CMT01_variant_3_Concomitant_medications_is_produced_correctly">
      <error type="error" message="Error: Error applying analysis function (var - CMDECOD): Number of rows generated by analysis function do not match across all columns.  ('test-table_cmt01.R:77:3')">Error: Error applying analysis function (var - CMDECOD): Number of rows generated by analysis function do not match across all columns. 
Perhaps convert analysis variable CMDECOD to a factor?
	occured at (row) path: CMCLAS[RESPIRATORY SYSTEM]
Backtrace:
     x
  1. +-... %&gt;% ... at test-table_cmt01.R:77:3
  2. +-rtables::sort_at_path(...)
  3. | \-base::NROW(tt)
  4. \-rtables::build_table(., adcm_c, alt_counts_df = adsl)
  5.   \-base::lapply(...)
  6.     \-rtables (local) FUN(X[[i]], ...)
  7.       \-rtables:::recursive_applysplit(...)
  8.         +-rtables:::.make_split_kids(...)
  9.         \-rtables:::.make_split_kids(...)
 10.           \-rtables (local) .local(spl, have_controws, make_lrow, ...)
 11.             +-base::unlist(...)
 12.             \-base::mapply(...)
 13.               \-rtables (local) `&lt;fn&gt;`(...)
 14.                 \-rtables:::recursive_applysplit(...)
 15.                   +-rtables:::.make_split_kids(...)
 16.                   \-rtables:::.make_split_kids(...)
 17.                     \-rtables (local) .local(spl, have_controws, make_lrow, ...)
 18.                       \-rtables:::.make_analyzed_tab(...)</error>
    </testcase>
    <testcase time="0.385000000000005" classname="table_cmt01" name="CMT01_variant_4_Concomitant_medications_is_produced_correctly">
      <error type="error" message="Error: Error applying analysis function (var - CMDECOD): Number of rows generated by analysis function do not match across all columns.  ('test-table_cmt01.R:110:3')">Error: Error applying analysis function (var - CMDECOD): Number of rows generated by analysis function do not match across all columns. 
Perhaps convert analysis variable CMDECOD to a factor?
	occured at (row) path: CMCLAS[RESPIRATORY SYSTEM]
Backtrace:
     x
  1. +-... %&gt;% ... at test-table_cmt01.R:110:3
  2. +-rtables::sort_at_path(...)
  3. | \-base::NROW(tt)
  4. +-rtables::sort_at_path(...)
  5. | \-base::NROW(tt)
  6. \-rtables::build_table(., adcm_c, alt_counts_df = adsl)
  7.   \-base::lapply(...)
  8.     \-rtables (local) FUN(X[[i]], ...)
  9.       \-rtables:::recursive_applysplit(...)
 10.         +-rtables:::.make_split_kids(...)
 11.         \-rtables:::.make_split_kids(...)
 12.           \-rtables (local) .local(spl, have_controws, make_lrow, ...)
 13.             +-base::unlist(...)
 14.             \-base::mapply(...)
 15.               \-rtables (local) `&lt;fn&gt;`(...)
 16.                 \-rtables:::recursive_applysplit(...)
 17.                   +-rtables:::.make_split_kids(...)
 18.                   \-rtables:::.make_split_kids(...)
 19.                     \-rtables (local) .local(spl, have_controws, make_lrow, ...)
 20.                       \-rtables:::.make_analyzed_tab(...)</error>
    </testcase>
  </testsuite>
  <testsuite name="table_cmt01a" timestamp="2025-03-06T18:54:18Z" hostname="23b4b0c19b1b" tests="4" skipped="0" failures="0" errors="4" time="3.348">
    <testcase time="1.05500000000001" classname="table_cmt01a" name="CMT01A_variant_1_is_produced_correctly">
      <error type="error" message="Error: Error applying analysis function (var - CMDECOD): Number of rows generated by analysis function do not match across all columns.  ('test-table_cmt01a.R:50:3')">Error: Error applying analysis function (var - CMDECOD): Number of rows generated by analysis function do not match across all columns. 
	occured at (row) path: ATC2[ATCCLAS2_8]
Backtrace:
     x
  1. +-... %&gt;% ... at test-table_cmt01a.R:50:3
  2. +-rtables::sort_at_path(., path = c("ATC2", "*", "CMDECOD"), scorefun = score_occurrences)
  3. | \-base::NROW(tt)
  4. +-rtables::prune_table(.)
  5. | \-methods::is(tt, "TableRow")
  6. \-rtables::build_table(lyt = lyt, df = adcm, alt_counts_df = adsl)
  7.   \-base::lapply(...)
  8.     \-rtables (local) FUN(X[[i]], ...)
  9.       \-rtables:::recursive_applysplit(...)
 10.         +-rtables:::.make_split_kids(...)
 11.         \-rtables:::.make_split_kids(...)
 12.           \-rtables (local) .local(spl, have_controws, make_lrow, ...)
 13.             +-base::unlist(...)
 14.             \-base::mapply(...)
 15.               \-rtables (local) `&lt;fn&gt;`(...)
 16.                 \-rtables:::recursive_applysplit(...)
 17.                   +-rtables:::.make_split_kids(...)
 18.                   \-rtables:::.make_split_kids(...)
 19.                     \-rtables (local) .local(spl, have_controws, make_lrow, ...)
 20.                       \-rtables:::.make_analyzed_tab(...)</error>
    </testcase>
    <testcase time="0.771999999999991" classname="table_cmt01a" name="CMT01A_variant_2_is_produced_correctly">
      <error type="error" message="Error: Error applying analysis function (var - CMDECOD): Number of rows generated by analysis function do not match across all columns.  ('test-table_cmt01a.R:96:3')">Error: Error applying analysis function (var - CMDECOD): Number of rows generated by analysis function do not match across all columns. 
	occured at (row) path: ATC1[ATCCLAS1_8]
Backtrace:
     x
  1. +-... %&gt;% ... at test-table_cmt01a.R:96:3
  2. +-rtables::sort_at_path(., path = c("ATC1", "*", "CMDECOD"), scorefun = score_occurrences)
  3. | \-base::NROW(tt)
  4. +-rtables::prune_table(.)
  5. | \-methods::is(tt, "TableRow")
  6. \-rtables::build_table(lyt = lyt, df = adcm, alt_counts_df = adsl)
  7.   \-base::lapply(...)
  8.     \-rtables (local) FUN(X[[i]], ...)
  9.       \-rtables:::recursive_applysplit(...)
 10.         +-rtables:::.make_split_kids(...)
 11.         \-rtables:::.make_split_kids(...)
 12.           \-rtables (local) .local(spl, have_controws, make_lrow, ...)
 13.             +-base::unlist(...)
 14.             \-base::mapply(...)
 15.               \-rtables (local) `&lt;fn&gt;`(...)
 16.                 \-rtables:::recursive_applysplit(...)
 17.                   +-rtables:::.make_split_kids(...)
 18.                   \-rtables:::.make_split_kids(...)
 19.                     \-rtables (local) .local(spl, have_controws, make_lrow, ...)
 20.                       \-rtables:::.make_analyzed_tab(...)</error>
    </testcase>
    <testcase time="0.753" classname="table_cmt01a" name="CMT01A_variant_3_is_produced_correctly">
      <error type="error" message="Error: Error applying analysis function (var - CMDECOD): Number of rows generated by analysis function do not match across all columns.  ('test-table_cmt01a.R:142:3')">Error: Error applying analysis function (var - CMDECOD): Number of rows generated by analysis function do not match across all columns. 
	occured at (row) path: ATC2[ATCCLAS2_8]
Backtrace:
     x
  1. +-... %&gt;% ... at test-table_cmt01a.R:142:3
  2. +-rtables::sort_at_path(., path = c("ATC2", "*", "CMDECOD"), scorefun = score_occurrences)
  3. | \-base::NROW(tt)
  4. +-rtables::sort_at_path(., path = c("ATC2"), scorefun = cont_n_allcols)
  5. | \-base::NROW(tt)
  6. +-rtables::prune_table(.)
  7. | \-methods::is(tt, "TableRow")
  8. \-rtables::build_table(lyt = lyt, df = adcm, alt_counts_df = adsl)
  9.   \-base::lapply(...)
 10.     \-rtables (local) FUN(X[[i]], ...)
 11.       \-rtables:::recursive_applysplit(...)
 12.         +-rtables:::.make_split_kids(...)
 13.         \-rtables:::.make_split_kids(...)
 14.           \-rtables (local) .local(spl, have_controws, make_lrow, ...)
 15.             +-base::unlist(...)
 16.             \-base::mapply(...)
 17.               \-rtables (local) `&lt;fn&gt;`(...)
 18.                 \-rtables:::recursive_applysplit(...)
 19.                   +-rtables:::.make_split_kids(...)
 20.                   \-rtables:::.make_split_kids(...)
 21.                     \-rtables (local) .local(spl, have_controws, make_lrow, ...)
 22.                       \-rtables:::.make_analyzed_tab(...)</error>
    </testcase>
    <testcase time="0.768000000000001" classname="table_cmt01a" name="CMT01A_variant_4_is_produced_correctly">
      <error type="error" message="Error: Error applying analysis function (var - CMDECOD): Number of rows generated by analysis function do not match across all columns.  ('test-table_cmt01a.R:184:3')">Error: Error applying analysis function (var - CMDECOD): Number of rows generated by analysis function do not match across all columns. 
	occured at (row) path: ATC2[ATCCLAS2_8]
Backtrace:
     x
  1. +-... %&gt;% ... at test-table_cmt01a.R:184:3
  2. +-rtables::sort_at_path(., path = c("ATC2", "*", "CMDECOD"), scorefun = score_occurrences)
  3. | \-base::NROW(tt)
  4. +-rtables::prune_table(.)
  5. | \-methods::is(tt, "TableRow")
  6. \-rtables::build_table(lyt = lyt, df = adcm, alt_counts_df = adsl)
  7.   \-base::lapply(...)
  8.     \-rtables (local) FUN(X[[i]], ...)
  9.       \-rtables:::recursive_applysplit(...)
 10.         +-rtables:::.make_split_kids(...)
 11.         \-rtables:::.make_split_kids(...)
 12.           \-rtables (local) .local(spl, have_controws, make_lrow, ...)
 13.             +-base::unlist(...)
 14.             \-base::mapply(...)
 15.               \-rtables (local) `&lt;fn&gt;`(...)
 16.                 \-rtables:::recursive_applysplit(...)
 17.                   +-rtables:::.make_split_kids(...)
 18.                   \-rtables:::.make_split_kids(...)
 19.                     \-rtables (local) .local(spl, have_controws, make_lrow, ...)
 20.                       \-rtables:::.make_analyzed_tab(...)</error>
    </testcase>
  </testsuite>
  <testsuite name="table_cmt01b" timestamp="2025-03-06T18:54:21Z" hostname="23b4b0c19b1b" tests="3" skipped="0" failures="0" errors="3" time="2.943">
    <testcase time="1.08799999999999" classname="table_cmt01b" name="CMT01B_variant_1_is_produced_correctly">
      <error type="error" message="Error: Error applying analysis function (var - CMDECOD): Number of rows generated by analysis function do not match across all columns.  ('test-table_cmt01b.R:75:3')">Error: Error applying analysis function (var - CMDECOD): Number of rows generated by analysis function do not match across all columns. 
	occured at (row) path: ATC1[ATCCLAS1_8]-&gt;ATC2[ATCCLAS2_8]-&gt;ATC3[ATCCLAS3_8]-&gt;ATC4[ATCCLAS4_8]
Backtrace:
     x
  1. +-... %&gt;% ... at test-table_cmt01b.R:75:3
  2. +-rtables::sort_at_path(...)
  3. | \-base::NROW(tt)
  4. +-rtables::prune_table(.)
  5. | \-methods::is(tt, "TableRow")
  6. \-rtables::build_table(lyt = lyt, df = adcm, alt_counts_df = adsl)
  7.   \-base::lapply(...)
  8.     \-rtables (local) FUN(X[[i]], ...)
  9.       \-rtables:::recursive_applysplit(...)
 10.         +-rtables:::.make_split_kids(...)
 11.         \-rtables:::.make_split_kids(...)
 12.           \-rtables (local) .local(spl, have_controws, make_lrow, ...)
 13.             +-base::unlist(...)
 14.             \-base::mapply(...)
 15.               \-rtables (local) `&lt;fn&gt;`(...)
 16.                 \-rtables:::recursive_applysplit(...)
 17.                   +-rtables:::.make_split_kids(...)
 18.                   \-rtables:::.make_split_kids(...)
 19.                     \-rtables (local) .local(spl, have_controws, make_lrow, ...)
 20.                       +-base::unlist(...)
 21.                       \-base::mapply(...)
 22.                         \-rtables (local) `&lt;fn&gt;`(...)
 23.                           \-rtables:::recursive_applysplit(...)
 24.                             +-rtables:::.make_split_kids(...)
 25.                             \-rtables:::.make_split_kids(...)
 26.                               \-rtables (local) .local(spl, have_controws, make_lrow, ...)
 27.                                 +-base::unlist(...)
 28.                                 \-base::mapply(...)
 29.                                   \-rtables (local) `&lt;fn&gt;`(...)
 30.                                     \-rtables:::recursive_applysplit(...)
 31.                                       +-rtables:::.make_split_kids(...)
 32.                                       \-rtables:::.make_split_kids(...)
 33.                                         \-rtables (local) .local(spl, have_controws, make_lrow, ...)
 34.                                           +-base::unlist(...)
 35.                                           \-base::mapply(...)
 36.                                             \-rtables (local) `&lt;fn&gt;`(...)
 37.                                               \-rtables:::recursive_applysplit(...)
 38.                                                 +-rtables:::.make_split_kids(...)
 39.                                                 \-rtables:::.make_split_kids(...)
 40.                                                   \-rtables (local) .local(spl, have_controws, make_lrow, ...)
 41.                                                     \-rtables:::.make_analyzed_tab(...)</error>
    </testcase>
    <testcase time="0.835999999999999" classname="table_cmt01b" name="CMT01B_variant_2_is_produced_correctly">
      <error type="error" message="Error: Error applying analysis function (var - CMDECOD): Number of rows generated by analysis function do not match across all columns.  ('test-table_cmt01b.R:133:3')">Error: Error applying analysis function (var - CMDECOD): Number of rows generated by analysis function do not match across all columns. 
	occured at (row) path: ATC3[ATCCLAS3_8]-&gt;ATC2[ATCCLAS2_8]
Backtrace:
     x
  1. +-... %&gt;% ... at test-table_cmt01b.R:133:3
  2. +-rtables::sort_at_path(...)
  3. | \-base::NROW(tt)
  4. +-rtables::prune_table(.)
  5. | \-methods::is(tt, "TableRow")
  6. \-rtables::build_table(lyt = lyt, df = adcm, alt_counts_df = adsl)
  7.   \-base::lapply(...)
  8.     \-rtables (local) FUN(X[[i]], ...)
  9.       \-rtables:::recursive_applysplit(...)
 10.         +-rtables:::.make_split_kids(...)
 11.         \-rtables:::.make_split_kids(...)
 12.           \-rtables (local) .local(spl, have_controws, make_lrow, ...)
 13.             +-base::unlist(...)
 14.             \-base::mapply(...)
 15.               \-rtables (local) `&lt;fn&gt;`(...)
 16.                 \-rtables:::recursive_applysplit(...)
 17.                   +-rtables:::.make_split_kids(...)
 18.                   \-rtables:::.make_split_kids(...)
 19.                     \-rtables (local) .local(spl, have_controws, make_lrow, ...)
 20.                       +-base::unlist(...)
 21.                       \-base::mapply(...)
 22.                         \-rtables (local) `&lt;fn&gt;`(...)
 23.                           \-rtables:::recursive_applysplit(...)
 24.                             +-rtables:::.make_split_kids(...)
 25.                             \-rtables:::.make_split_kids(...)
 26.                               \-rtables (local) .local(spl, have_controws, make_lrow, ...)
 27.                                 \-rtables:::.make_analyzed_tab(...)</error>
    </testcase>
    <testcase time="1.01900000000001" classname="table_cmt01b" name="CMT01B_variant_4_is_produced_correctly">
      <error type="error" message="Error: Error applying analysis function (var - CMDECOD): Number of rows generated by analysis function do not match across all columns.  ('test-table_cmt01b.R:206:3')">Error: Error applying analysis function (var - CMDECOD): Number of rows generated by analysis function do not match across all columns. 
	occured at (row) path: ATC1[ATCCLAS1_8]-&gt;ATC2[ATCCLAS2_8]-&gt;ATC3[ATCCLAS3_8]-&gt;ATC4[ATCCLAS4_8]
Backtrace:
     x
  1. +-... %&gt;% ... at test-table_cmt01b.R:206:3
  2. +-rtables::sort_at_path(...)
  3. | \-base::NROW(tt)
  4. +-rtables::prune_table(.)
  5. | \-methods::is(tt, "TableRow")
  6. \-rtables::build_table(lyt = lyt, df = adcm, alt_counts_df = adsl)
  7.   \-base::lapply(...)
  8.     \-rtables (local) FUN(X[[i]], ...)
  9.       \-rtables:::recursive_applysplit(...)
 10.         +-rtables:::.make_split_kids(...)
 11.         \-rtables:::.make_split_kids(...)
 12.           \-rtables (local) .local(spl, have_controws, make_lrow, ...)
 13.             +-base::unlist(...)
 14.             \-base::mapply(...)
 15.               \-rtables (local) `&lt;fn&gt;`(...)
 16.                 \-rtables:::recursive_applysplit(...)
 17.                   +-rtables:::.make_split_kids(...)
 18.                   \-rtables:::.make_split_kids(...)
 19.                     \-rtables (local) .local(spl, have_controws, make_lrow, ...)
 20.                       +-base::unlist(...)
 21.                       \-base::mapply(...)
 22.                         \-rtables (local) `&lt;fn&gt;`(...)
 23.                           \-rtables:::recursive_applysplit(...)
 24.                             +-rtables:::.make_split_kids(...)
 25.                             \-rtables:::.make_split_kids(...)
 26.                               \-rtables (local) .local(spl, have_controws, make_lrow, ...)
 27.                                 +-base::unlist(...)
 28.                                 \-base::mapply(...)
 29.                                   \-rtables (local) `&lt;fn&gt;`(...)
 30.                                     \-rtables:::recursive_applysplit(...)
 31.                                       +-rtables:::.make_split_kids(...)
 32.                                       \-rtables:::.make_split_kids(...)
 33.                                         \-rtables (local) .local(spl, have_controws, make_lrow, ...)
 34.                                           +-base::unlist(...)
 35.                                           \-base::mapply(...)
 36.                                             \-rtables (local) `&lt;fn&gt;`(...)
 37.                                               \-rtables:::recursive_applysplit(...)
 38.                                                 +-rtables:::.make_split_kids(...)
 39.                                                 \-rtables:::.make_split_kids(...)
 40.                                                   \-rtables (local) .local(spl, have_controws, make_lrow, ...)
 41.                                                     \-rtables:::.make_analyzed_tab(...)</error>
    </testcase>
  </testsuite>
  <testsuite name="table_cmt02_pt" timestamp="2025-03-06T18:54:24Z" hostname="23b4b0c19b1b" tests="2" skipped="0" failures="0" errors="0" time="0.679">
    <testcase time="0.488" classname="table_cmt02_pt" name="CMT02_PT_default_variant_is_produced_correctly"/>
    <testcase time="0.191000000000003" classname="table_cmt02_pt" name="CMT02_PT_default_variant_is_produced_correctly"/>
  </testsuite>
  <testsuite name="table_coxt01" timestamp="2025-03-06T18:54:24Z" hostname="23b4b0c19b1b" tests="8" skipped="0" failures="0" errors="0" time="1.849">
    <testcase time="0.274999999999991" classname="table_coxt01" name="1._Cox_Regression"/>
    <testcase time="0.0750000000000028" classname="table_coxt01" name="1._Cox_Regression"/>
    <testcase time="0.373000000000005" classname="table_coxt01" name="2._Cox_Regression_with_Interaction_Term_"/>
    <testcase time="0.132999999999996" classname="table_coxt01" name="2._Cox_Regression_with_Interaction_Term_"/>
    <testcase time="0.373999999999995" classname="table_coxt01" name="3._Cox_Regression_specifying_covariates_"/>
    <testcase time="0.126000000000005" classname="table_coxt01" name="3._Cox_Regression_specifying_covariates_"/>
    <testcase time="0.364999999999995" classname="table_coxt01" name="4._Cox_Regression_setting_strata_ties_and_alpha_level_"/>
    <testcase time="0.128" classname="table_coxt01" name="4._Cox_Regression_setting_strata_ties_and_alpha_level_"/>
  </testsuite>
  <testsuite name="table_coxt02" timestamp="2025-03-06T18:54:26Z" hostname="23b4b0c19b1b" tests="4" skipped="0" failures="0" errors="0" time="0.686">
    <testcase time="0.281000000000006" classname="table_coxt02" name="COXT02_default_variant_1_is_produced_correctly"/>
    <testcase time="0.0790000000000077" classname="table_coxt02" name="COXT02_default_variant_1_is_produced_correctly"/>
    <testcase time="0.256999999999991" classname="table_coxt02" name="COXT02_variant_5_is_produced_correctly"/>
    <testcase time="0.0690000000000026" classname="table_coxt02" name="COXT02_variant_5_is_produced_correctly"/>
  </testsuite>
  <testsuite name="table_disclosures" timestamp="2025-03-06T18:54:27Z" hostname="23b4b0c19b1b" tests="12" skipped="0" failures="0" errors="0" time="2.02">
    <testcase time="0.183999999999997" classname="table_disclosures" name="Patient_Disposition_table_is_produced_correctly"/>
    <testcase time="0.115000000000009" classname="table_disclosures" name="Patient_Disposition_table_is_produced_correctly"/>
    <testcase time="0.225999999999999" classname="table_disclosures" name="Demographic_table_is_produced_correctly"/>
    <testcase time="0.149999999999991" classname="table_disclosures" name="Demographic_table_is_produced_correctly"/>
    <testcase time="0.109999999999999" classname="table_disclosures" name="Enrollment_by_Country_Table_is_produced_correctly"/>
    <testcase time="0.0960000000000036" classname="table_disclosures" name="Enrollment_by_Country_Table_is_produced_correctly"/>
    <testcase time="0.0900000000000034" classname="table_disclosures" name="Death_table_is_produced_correctly"/>
    <testcase time="0.0619999999999976" classname="table_disclosures" name="Death_table_is_produced_correctly"/>
    <testcase time="0.317999999999998" classname="table_disclosures" name="Table_of_Serious_Adverse_Events_is_produced_correctly_for_one_specific_treatment_arm_"/>
    <testcase time="0.111999999999995" classname="table_disclosures" name="Table_of_Serious_Adverse_Events_is_produced_correctly_for_one_specific_treatment_arm_"/>
    <testcase time="0.426000000000002" classname="table_disclosures" name="Table_of_Non_Serious_Adverse_Events_is_produced_correctly"/>
    <testcase time="0.131" classname="table_disclosures" name="Table_of_Non_Serious_Adverse_Events_is_produced_correctly"/>
  </testsuite>
  <testsuite name="table_dmt01" timestamp="2025-03-06T18:54:30Z" hostname="23b4b0c19b1b" tests="10" skipped="0" failures="0" errors="0" time="3.102">
    <testcase time="1.33200000000001" classname="table_dmt01" name="DMT01_variant_1_is_produced_correctly"/>
    <testcase time="0.194000000000003" classname="table_dmt01" name="DMT01_variant_1_is_produced_correctly"/>
    <testcase time="0.236999999999995" classname="table_dmt01" name="DMT01_variant_2_is_produced_correctly"/>
    <testcase time="0.177999999999997" classname="table_dmt01" name="DMT01_variant_2_is_produced_correctly"/>
    <testcase time="0.289000000000001" classname="table_dmt01" name="DMT01_variant_3_is_produced_correctly"/>
    <testcase time="0.186999999999998" classname="table_dmt01" name="DMT01_variant_3_is_produced_correctly"/>
    <testcase time="0.216000000000008" classname="table_dmt01" name="DMT01_variant_4_is_produced_correctly"/>
    <testcase time="0.140999999999991" classname="table_dmt01" name="DMT01_variant_4_is_produced_correctly"/>
    <testcase time="0.185000000000002" classname="table_dmt01" name="DMT01_variant_5_is_produced_correctly"/>
    <testcase time="0.143000000000001" classname="table_dmt01" name="DMT01_variant_5_is_produced_correctly"/>
  </testsuite>
  <testsuite name="table_dort01" timestamp="2025-03-06T18:54:32Z" hostname="23b4b0c19b1b" tests="8" skipped="0" failures="0" errors="0" time="1.559">
    <testcase time="0.308999999999997" classname="table_dort01" name="DORT01_variant_1_is_produced_correctly"/>
    <testcase time="0.100999999999999" classname="table_dort01" name="DORT01_variant_1_is_produced_correctly"/>
    <testcase time="0.301999999999992" classname="table_dort01" name="DORT01_variant_2_selecting_sectons_is_produced_correctly"/>
    <testcase time="0.103000000000009" classname="table_dort01" name="DORT01_variant_2_selecting_sectons_is_produced_correctly"/>
    <testcase time="0.259999999999991" classname="table_dort01" name="DORT01_variant_3_modifying_conftype_and_alpha_level_is_produced_correctly"/>
    <testcase time="0.119" classname="table_dort01" name="DORT01_variant_3_modifying_conftype_and_alpha_level_is_produced_correctly"/>
    <testcase time="0.263000000000005" classname="table_dort01" name="DORT01_variant_4_modifying_time_point_for_the_xx_duration_is_produced_correctly"/>
    <testcase time="0.102000000000004" classname="table_dort01" name="DORT01_variant_4_modifying_time_point_for_the_xx_duration_is_produced_correctly"/>
  </testsuite>
  <testsuite name="table_dst01" timestamp="2025-03-06T18:54:34Z" hostname="23b4b0c19b1b" tests="6" skipped="0" failures="0" errors="0" time="0.804">
    <testcase time="0.150999999999996" classname="table_dst01" name="DST01_default_variant_is_produced_correctly"/>
    <testcase time="0.0960000000000036" classname="table_dst01" name="DST01_default_variant_is_produced_correctly"/>
    <testcase time="0.236999999999995" classname="table_dst01" name="DST01_variants_2_and_3_are_produced_correctly"/>
    <testcase time="0.113" classname="table_dst01" name="DST01_variants_2_and_3_are_produced_correctly"/>
    <testcase time="0.0739999999999981" classname="table_dst01" name="DST01_variants_2_and_3_are_produced_correctly"/>
    <testcase time="0.13300000000001" classname="table_dst01" name="DST01_variants_2_and_3_are_produced_correctly"/>
  </testsuite>
  <testsuite name="table_dtht01" timestamp="2025-03-06T18:54:35Z" hostname="23b4b0c19b1b" tests="8" skipped="0" failures="0" errors="0" time="1.204">
    <testcase time="0.114999999999995" classname="table_dtht01" name="DTHT01_variant_1_is_produced_correctly"/>
    <testcase time="0.0949999999999989" classname="table_dtht01" name="DTHT01_variant_1_is_produced_correctly"/>
    <testcase time="0.271000000000001" classname="table_dtht01" name="DTHT01_variant_2_is_produced_correctly"/>
    <testcase time="0.173000000000002" classname="table_dtht01" name="DTHT01_variant_2_is_produced_correctly"/>
    <testcase time="0.144000000000005" classname="table_dtht01" name="DTHT01_variant_3_is_produced_correctly"/>
    <testcase time="0.105000000000004" classname="table_dtht01" name="DTHT01_variant_3_is_produced_correctly"/>
    <testcase time="0.197000000000003" classname="table_dtht01" name="DTHT01_variant_4_is_produced_correctly"/>
    <testcase time="0.103999999999999" classname="table_dtht01" name="DTHT01_variant_4_is_produced_correctly"/>
  </testsuite>
  <testsuite name="table_egt01" timestamp="2025-03-06T18:54:37Z" hostname="23b4b0c19b1b" tests="2" skipped="0" failures="0" errors="0" time="3.603">
    <testcase time="2.843" classname="table_egt01" name="EGT01_default_variant_is_produced_correctly"/>
    <testcase time="0.759999999999991" classname="table_egt01" name="EGT01_default_variant_is_produced_correctly"/>
  </testsuite>
  <testsuite name="table_egt02" timestamp="2025-03-06T18:54:40Z" hostname="23b4b0c19b1b" tests="4" skipped="0" failures="0" errors="0" time="1.66">
    <testcase time="1.34400000000001" classname="table_egt02" name="_EGT02_1._Regardless_of_Abnormality_at_Baseline"/>
    <testcase time="0.0779999999999887" classname="table_egt02" name="_EGT02_1._Regardless_of_Abnormality_at_Baseline"/>
    <testcase time="0.161000000000001" classname="table_egt02" name="_EGT02_2._Among_Subjects_Without_Abnormality_at_Baseline"/>
    <testcase time="0.0769999999999982" classname="table_egt02" name="_EGT02_2._Among_Subjects_Without_Abnormality_at_Baseline"/>
  </testsuite>
  <testsuite name="table_egt03" timestamp="2025-03-06T18:54:41Z" hostname="23b4b0c19b1b" tests="8" skipped="0" failures="0" errors="0" time="1.166">
    <testcase time="0.192000000000007" classname="table_egt03" name="EGT03_variant_1_is_produced_correctly"/>
    <testcase time="0.126000000000005" classname="table_egt03" name="EGT03_variant_1_is_produced_correctly"/>
    <testcase time="0.128999999999991" classname="table_egt03" name="EGT03_variant_2_is_produced_correctly"/>
    <testcase time="0.103999999999999" classname="table_egt03" name="EGT03_variant_2_is_produced_correctly"/>
    <testcase time="0.186000000000007" classname="table_egt03" name="EGT03_variant_3_is_produced_correctly"/>
    <testcase time="0.119" classname="table_egt03" name="EGT03_variant_3_is_produced_correctly"/>
    <testcase time="0.183999999999997" classname="table_egt03" name="EGT03_variant_4_is_produced_correctly"/>
    <testcase time="0.126000000000005" classname="table_egt03" name="EGT03_variant_4_is_produced_correctly"/>
  </testsuite>
  <testsuite name="table_egt04" timestamp="2025-03-06T18:54:43Z" hostname="23b4b0c19b1b" tests="2" skipped="0" failures="0" errors="0" time="1.552">
    <testcase time="1.45299999999999" classname="table_egt04" name="EGT04_default_variant_is_produced_correctly"/>
    <testcase time="0.0990000000000038" classname="table_egt04" name="EGT04_default_variant_is_produced_correctly"/>
  </testsuite>
  <testsuite name="table_egt05_qtcat" timestamp="2025-03-06T18:54:45Z" hostname="23b4b0c19b1b" tests="2" skipped="0" failures="0" errors="0" time="2.337">
    <testcase time="1.884" classname="table_egt05_qtcat" name="EGT05_QTCAT_default_variant_is_produced_correctly"/>
    <testcase time="0.453000000000003" classname="table_egt05_qtcat" name="EGT05_QTCAT_default_variant_is_produced_correctly"/>
  </testsuite>
  <testsuite name="table_ent" timestamp="2025-03-06T18:54:46Z" hostname="23b4b0c19b1b" tests="8" skipped="0" failures="0" errors="0" time="13.455">
    <testcase time="3.29300000000001" classname="table_ent" name="ENT01_IT_is_produced_correctly"/>
    <testcase time="0.588999999999999" classname="table_ent" name="ENT01_IT_is_produced_correctly"/>
    <testcase time="2.172" classname="table_ent" name="ENT01a_IT_is_produced_correctly"/>
    <testcase time="0.587999999999994" classname="table_ent" name="ENT01a_IT_is_produced_correctly"/>
    <testcase time="3.35300000000001" classname="table_ent" name="ENT02_IT_is_produced_correctly"/>
    <testcase time="0.614999999999995" classname="table_ent" name="ENT02_IT_is_produced_correctly"/>
    <testcase time="2.261" classname="table_ent" name="ENT02a_IT_is_produced_correctly"/>
    <testcase time="0.584000000000003" classname="table_ent" name="ENT02a_IT_is_produced_correctly"/>
  </testsuite>
  <testsuite name="table_eudrat01" timestamp="2025-03-06T18:55:00Z" hostname="23b4b0c19b1b" tests="2" skipped="0" failures="0" errors="0" time="0.623">
    <testcase time="0.478000000000009" classname="table_eudrat01" name="EUDRAT01_is_produced_correctly"/>
    <testcase time="0.144999999999982" classname="table_eudrat01" name="EUDRAT01_is_produced_correctly"/>
  </testsuite>
  <testsuite name="table_eudrat02" timestamp="2025-03-06T18:55:00Z" hostname="23b4b0c19b1b" tests="2" skipped="0" failures="0" errors="0" time="0.478">
    <testcase time="0.38300000000001" classname="table_eudrat02" name="EUDRAT02_is_produced_correctly"/>
    <testcase time="0.0949999999999989" classname="table_eudrat02" name="EUDRAT02_is_produced_correctly"/>
  </testsuite>
  <testsuite name="table_ext01" timestamp="2025-03-06T18:55:01Z" hostname="23b4b0c19b1b" tests="6" skipped="0" failures="0" errors="0" time="1.705">
    <testcase time="0.423000000000002" classname="table_ext01" name="EXT01_default_variant_with_numeric_parameters_is_produced_correctly"/>
    <testcase time="0.168999999999983" classname="table_ext01" name="EXT01_default_variant_with_numeric_parameters_is_produced_correctly"/>
    <testcase time="0.29000000000002" classname="table_ext01" name="EXT01_variant_with_both_numeric_and_categorical_parameters"/>
    <testcase time="0.21599999999998" classname="table_ext01" name="EXT01_variant_with_both_numeric_and_categorical_parameters"/>
    <testcase time="0.343000000000018" classname="table_ext01" name="EXT01_variant_with_user_specified_categories_for_missed_doses"/>
    <testcase time="0.263999999999982" classname="table_ext01" name="EXT01_variant_with_user_specified_categories_for_missed_doses"/>
  </testsuite>
  <testsuite name="table_lbt01" timestamp="2025-03-06T18:55:03Z" hostname="23b4b0c19b1b" tests="2" skipped="0" failures="0" errors="0" time="2.198">
    <testcase time="1.65900000000002" classname="table_lbt01" name="LBT01_default_variant_is_produced_correctly"/>
    <testcase time="0.538999999999987" classname="table_lbt01" name="LBT01_default_variant_is_produced_correctly"/>
  </testsuite>
  <testsuite name="table_lbt02" timestamp="2025-03-06T18:55:04Z" hostname="23b4b0c19b1b" tests="2" skipped="0" failures="0" errors="0" time="1.734">
    <testcase time="0.929000000000002" classname="table_lbt02" name="LBT02_default_variant_is_produced_correctly"/>
    <testcase time="0.805000000000007" classname="table_lbt02" name="LBT02_default_variant_is_produced_correctly"/>
  </testsuite>
  <testsuite name="table_lbt03" timestamp="2025-03-06T18:55:06Z" hostname="23b4b0c19b1b" tests="2" skipped="0" failures="1" errors="0" time="0.255">
    <testcase time="0.14500000000001" classname="table_lbt03" name="LBT03_default_variant_is_produced_correctly"/>
    <testcase time="0.109999999999985" classname="table_lbt03" name="LBT03_default_variant_is_produced_correctly">
      <failure type="failure" message="Snapshot of code has changed: ('test-table_lbt03.R:29:3')">Snapshot of code has changed:
old[5:14] vs new[5:14]
                      (N=86)              (N=84)                (N=84)       
    —————————————————————————————————————————————————————————————————————————
    Baseline                                                                 
-     n                 86                  84                    82         
+     n                 0                   0                      0         
-     Mean (SD)    17.57 (9.22)       19.20 (10.05)          17.96 (8.72)    
+     Mean (SD)         NA                  NA                    NA         
-     Median          15.00               16.00                  17.00       
+     Median            NA                  NA                    NA         
-     Min - Max    7.00 - 69.00        6.00 - 64.00          5.00 - 70.00    
+     Min - Max         NA                  NA                    NA         
    Week 2                                                                   
      n                 83                  78                    80         
      Mean (SD)    0.29 (7.80)         1.72 (6.85)            2.78 (7.03)    

* Run `testthat::snapshot_accept('table_lbt03')` to accept the change.
* Run `testthat::snapshot_review('table_lbt03')` to interactively review the change.</failure>
    </testcase>
  </testsuite>
  <testsuite name="table_lbt04" timestamp="2025-03-06T18:55:07Z" hostname="23b4b0c19b1b" tests="2" skipped="0" failures="0" errors="0" time="1.289">
    <testcase time="1.09800000000001" classname="table_lbt04" name="LBT04_default_variant_is_produced_correctly"/>
    <testcase time="0.191000000000003" classname="table_lbt04" name="LBT04_default_variant_is_produced_correctly"/>
  </testsuite>
  <testsuite name="table_lbt05" timestamp="2025-03-06T18:55:08Z" hostname="23b4b0c19b1b" tests="6" skipped="0" failures="0" errors="0" time="6.259">
    <testcase time="2.01399999999998" classname="table_lbt05" name="LBT05_variant_1_is_produced_correctly"/>
    <testcase time="0.381" classname="table_lbt05" name="LBT05_variant_1_is_produced_correctly"/>
    <testcase time="1.328" classname="table_lbt05" name="LBT05_variant_2_is_produced_correctly"/>
    <testcase time="0.509000000000015" classname="table_lbt05" name="LBT05_variant_2_is_produced_correctly"/>
    <testcase time="1.66199999999998" classname="table_lbt05" name="LBT05_variant_4_is_produced_correctly"/>
    <testcase time="0.365000000000009" classname="table_lbt05" name="LBT05_variant_4_is_produced_correctly"/>
  </testsuite>
  <testsuite name="table_lbt06" timestamp="2025-03-06T18:55:14Z" hostname="23b4b0c19b1b" tests="2" skipped="0" failures="0" errors="0" time="0.486">
    <testcase time="0.313999999999993" classname="table_lbt06" name="LBT06_default_variant_is_produced_correctly"/>
    <testcase time="0.171999999999997" classname="table_lbt06" name="LBT06_default_variant_is_produced_correctly"/>
  </testsuite>
  <testsuite name="table_lbt07" timestamp="2025-03-06T18:55:15Z" hostname="23b4b0c19b1b" tests="2" skipped="0" failures="0" errors="0" time="2.309">
    <testcase time="2.01900000000001" classname="table_lbt07" name="LBT07_is_produced_correctly"/>
    <testcase time="0.289999999999992" classname="table_lbt07" name="LBT07_is_produced_correctly"/>
  </testsuite>
  <testsuite name="table_lbt08" timestamp="2025-03-06T18:55:17Z" hostname="23b4b0c19b1b" tests="2" skipped="0" failures="0" errors="0" time="0.396">
    <testcase time="0.269000000000005" classname="table_lbt08" name="LBT08_produce_correctly"/>
    <testcase time="0.12700000000001" classname="table_lbt08" name="LBT08_produce_correctly"/>
  </testsuite>
  <testsuite name="table_lbt09" timestamp="2025-03-06T18:55:17Z" hostname="23b4b0c19b1b" tests="2" skipped="0" failures="0" errors="2" time="0.427">
    <testcase time="0.171999999999997" classname="table_lbt09" name="LBT09_variant_1_works_as_expected">
      <error type="error" message="Error: Error applying analysis function (var - ALTAST_CAT): Number of rows generated by analysis function do not match across all columns.  ('test-table_lbt09.R:76:3')">Error: Error applying analysis function (var - ALTAST_CAT): Number of rows generated by analysis function do not match across all columns. 
	occured at (row) path: TBILI_CAT[Total Bilirubin &gt; 2xULN]-&gt;ALTAST_ind[ALT]
Backtrace:
     x
  1. +-... %&gt;% build_table(df = adhy_liver) at test-table_lbt09.R:76:3
  2. \-rtables::build_table(., df = adhy_liver)
  3.   \-base::lapply(...)
  4.     \-rtables (local) FUN(X[[i]], ...)
  5.       \-rtables:::recursive_applysplit(...)
  6.         +-rtables:::.make_split_kids(...)
  7.         \-rtables:::.make_split_kids(...)
  8.           \-rtables (local) .local(spl, have_controws, make_lrow, ...)
  9.             +-base::unlist(...)
 10.             \-base::mapply(...)
 11.               \-rtables (local) `&lt;fn&gt;`(...)
 12.                 \-rtables:::recursive_applysplit(...)
 13.                   +-rtables:::.make_split_kids(...)
 14.                   \-rtables:::.make_split_kids(...)
 15.                     \-rtables (local) .local(spl, have_controws, make_lrow, ...)
 16.                       +-base::unlist(...)
 17.                       \-base::mapply(...)
 18.                         \-rtables (local) `&lt;fn&gt;`(...)
 19.                           \-rtables:::recursive_applysplit(...)
 20.                             +-rtables:::.make_split_kids(...)
 21.                             \-rtables:::.make_split_kids(...)
 22.                               \-rtables (local) .local(spl, have_controws, make_lrow, ...)
 23.                                 \-rtables:::.make_analyzed_tab(...)</error>
    </testcase>
    <testcase time="0.254999999999995" classname="table_lbt09" name="LBT09_variant_2_works_as_expected">
      <error type="error" message="Error: Error applying analysis function (var - ALTAST_CAT): Number of rows generated by analysis function do not match across all columns.  ('test-table_lbt09.R:104:3')">Error: Error applying analysis function (var - ALTAST_CAT): Number of rows generated by analysis function do not match across all columns. 
	occured at (row) path: TBILI_CAT[Total Bilirubin &gt; 2xULN]-&gt;ALTAST_ind[ALT]
Backtrace:
     x
  1. +-... %&gt;% build_table(df = adhy_liver) at test-table_lbt09.R:104:3
  2. \-rtables::build_table(., df = adhy_liver)
  3.   \-base::lapply(...)
  4.     \-rtables (local) FUN(X[[i]], ...)
  5.       \-rtables:::recursive_applysplit(...)
  6.         +-rtables:::.make_split_kids(...)
  7.         \-rtables:::.make_split_kids(...)
  8.           \-rtables (local) .local(spl, have_controws, make_lrow, ...)
  9.             +-base::unlist(...)
 10.             \-base::mapply(...)
 11.               \-rtables (local) `&lt;fn&gt;`(...)
 12.                 \-rtables:::recursive_applysplit(...)
 13.                   +-rtables:::.make_split_kids(...)
 14.                   \-rtables:::.make_split_kids(...)
 15.                     \-rtables (local) .local(spl, have_controws, make_lrow, ...)
 16.                       +-base::unlist(...)
 17.                       \-base::mapply(...)
 18.                         \-rtables (local) `&lt;fn&gt;`(...)
 19.                           \-rtables:::recursive_applysplit(...)
 20.                             +-rtables:::.make_split_kids(...)
 21.                             \-rtables:::.make_split_kids(...)
 22.                               \-rtables (local) .local(spl, have_controws, make_lrow, ...)
 23.                                 \-rtables:::.make_analyzed_tab(...)</error>
    </testcase>
  </testsuite>
  <testsuite name="table_lbt10" timestamp="2025-03-06T18:55:18Z" hostname="23b4b0c19b1b" tests="4" skipped="0" failures="0" errors="0" time="1.334">
    <testcase time="0.798000000000002" classname="table_lbt10" name="LBT10_variant_1_works_as_expected"/>
    <testcase time="0.0730000000000075" classname="table_lbt10" name="LBT10_variant_1_works_as_expected"/>
    <testcase time="0.401999999999987" classname="table_lbt10" name="LBT10_variant_2_works_as_expected"/>
    <testcase time="0.061000000000007" classname="table_lbt10" name="LBT10_variant_2_works_as_expected"/>
  </testsuite>
  <testsuite name="table_lbt10_bl" timestamp="2025-03-06T18:55:19Z" hostname="23b4b0c19b1b" tests="4" skipped="0" failures="0" errors="0" time="0.498">
    <testcase time="0.241000000000014" classname="table_lbt10_bl" name="LBT10_BL_variant_1_works_as_expected"/>
    <testcase time="0.0859999999999843" classname="table_lbt10_bl" name="LBT10_BL_variant_1_works_as_expected"/>
    <testcase time="0.11099999999999" classname="table_lbt10_bl" name="LBT10_BL_variant_2_works_as_expected"/>
    <testcase time="0.0600000000000023" classname="table_lbt10_bl" name="LBT10_BL_variant_2_works_as_expected"/>
  </testsuite>
  <testsuite name="table_lbt11" timestamp="2025-03-06T18:55:20Z" hostname="23b4b0c19b1b" tests="6" skipped="0" failures="0" errors="0" time="0.75">
    <testcase time="0.185000000000002" classname="table_lbt11" name="LBT11_variant_1_works_as_expected"/>
    <testcase time="0.110000000000014" classname="table_lbt11" name="LBT11_variant_1_works_as_expected"/>
    <testcase time="0.0869999999999891" classname="table_lbt11" name="LBT11_variant_2_works_as_expected"/>
    <testcase time="0.0889999999999986" classname="table_lbt11" name="LBT11_variant_2_works_as_expected"/>
    <testcase time="0.152000000000015" classname="table_lbt11" name="LBT11_variant_3_works_as_expected"/>
    <testcase time="0.126999999999981" classname="table_lbt11" name="LBT11_variant_3_works_as_expected"/>
  </testsuite>
  <testsuite name="table_lbt11_bl" timestamp="2025-03-06T18:55:20Z" hostname="23b4b0c19b1b" tests="6" skipped="0" failures="0" errors="0" time="0.808">
    <testcase time="0.200000000000017" classname="table_lbt11_bl" name="LBT11_BL_variant_1_works_as_expected"/>
    <testcase time="0.0979999999999848" classname="table_lbt11_bl" name="LBT11_BL_variant_1_works_as_expected"/>
    <testcase time="0.110000000000014" classname="table_lbt11_bl" name="LBT11_BL_variant_2_works_as_expected"/>
    <testcase time="0.0869999999999891" classname="table_lbt11_bl" name="LBT11_BL_variant_2_works_as_expected"/>
    <testcase time="0.200000000000017" classname="table_lbt11_bl" name="LBT11_BL_variant_3_works_as_expected"/>
    <testcase time="0.113" classname="table_lbt11_bl" name="LBT11_BL_variant_3_works_as_expected"/>
  </testsuite>
  <testsuite name="table_lbt12" timestamp="2025-03-06T18:55:21Z" hostname="23b4b0c19b1b" tests="2" skipped="0" failures="0" errors="0" time="0.412">
    <testcase time="0.324999999999989" classname="table_lbt12" name="LBT12_works_as_expected"/>
    <testcase time="0.0869999999999891" classname="table_lbt12" name="LBT12_works_as_expected"/>
  </testsuite>
  <testsuite name="table_lbt12_bl" timestamp="2025-03-06T18:55:21Z" hostname="23b4b0c19b1b" tests="2" skipped="0" failures="0" errors="0" time="0.364">
    <testcase time="0.287000000000006" classname="table_lbt12_bl" name="LBT12_BL_works_as_expected"/>
    <testcase time="0.0769999999999982" classname="table_lbt12_bl" name="LBT12_BL_works_as_expected"/>
  </testsuite>
  <testsuite name="table_lbt13" timestamp="2025-03-06T18:55:22Z" hostname="23b4b0c19b1b" tests="8" skipped="0" failures="1" errors="2" time="2.209">
    <testcase time="0.804000000000002" classname="table_lbt13" name="LBT13_variant_1_LOW_works_as_expected">
      <error type="error" message="Error: Error applying analysis function (var - BTOXGR_GP): Number of rows generated by analysis function do not match across all columns.  ('test-table_lbt13.R:59:3')">Error: Error applying analysis function (var - BTOXGR_GP): Number of rows generated by analysis function do not match across all columns. 
	occured at (row) path: PARAMCD[ALB]-&gt;AVISIT[POST-BASELINE MINIMUM]-&gt;ATOXGR_GP[2]
Backtrace:
     x
  1. +-... %&gt;% build_table(df = adlb_out, alt_counts_df = adsl_f) at test-table_lbt13.R:59:3
  2. \-rtables::build_table(., df = adlb_out, alt_counts_df = adsl_f)
  3.   \-base::lapply(...)
  4.     \-rtables (local) FUN(X[[i]], ...)
  5.       \-rtables:::recursive_applysplit(...)
  6.         +-rtables:::.make_split_kids(...)
  7.         \-rtables:::.make_split_kids(...)
  8.           \-rtables (local) .local(spl, have_controws, make_lrow, ...)
  9.             +-base::unlist(...)
 10.             \-base::mapply(...)
 11.               \-rtables (local) `&lt;fn&gt;`(...)
 12.                 \-rtables:::recursive_applysplit(...)
 13.                   +-rtables:::.make_split_kids(...)
 14.                   \-rtables:::.make_split_kids(...)
 15.                     \-rtables (local) .local(spl, have_controws, make_lrow, ...)
 16.                       +-base::unlist(...)
 17.                       \-base::mapply(...)
 18.                         \-rtables (local) `&lt;fn&gt;`(...)
 19.                           \-rtables:::recursive_applysplit(...)
 20.                             +-rtables:::.make_split_kids(...)
 21.                             \-rtables:::.make_split_kids(...)
 22.                               \-rtables (local) .local(spl, have_controws, make_lrow, ...)
 23.                                 +-base::unlist(...)
 24.                                 \-base::mapply(...)
 25.                                   \-rtables (local) `&lt;fn&gt;`(...)
 26.                                     \-rtables:::recursive_applysplit(...)
 27.                                       +-rtables:::.make_split_kids(...)
 28.                                       \-rtables:::.make_split_kids(...)
 29.                                         \-rtables (local) .local(spl, have_controws, make_lrow, ...)
 30.                                           \-rtables:::.make_analyzed_tab(...)</error>
    </testcase>
    <testcase time="0.310000000000002" classname="table_lbt13" name="LBT13_variant_2_HIGH_works_as_expected"/>
    <testcase time="0.0649999999999977" classname="table_lbt13" name="LBT13_variant_2_HIGH_works_as_expected"/>
    <testcase time="0.200000000000017" classname="table_lbt13" name="LBT13_variant_3_LOW_without_baseline_missing_works_as_expected">
      <error type="error" message="Error: Error applying analysis function (var - BTOXGR_GP): Number of rows generated by analysis function do not match across all columns.  ('test-table_lbt13.R:203:3')">Error: Error applying analysis function (var - BTOXGR_GP): Number of rows generated by analysis function do not match across all columns. 
	occured at (row) path: PARAMCD[ALB]-&gt;AVISIT[POST-BASELINE MINIMUM]-&gt;ATOXGR_GP[2]
Backtrace:
     x
  1. +-... %&gt;% build_table(df = adlb_out, alt_counts_df = adsl_f) at test-table_lbt13.R:203:3
  2. \-rtables::build_table(., df = adlb_out, alt_counts_df = adsl_f)
  3.   \-base::lapply(...)
  4.     \-rtables (local) FUN(X[[i]], ...)
  5.       \-rtables:::recursive_applysplit(...)
  6.         +-rtables:::.make_split_kids(...)
  7.         \-rtables:::.make_split_kids(...)
  8.           \-rtables (local) .local(spl, have_controws, make_lrow, ...)
  9.             +-base::unlist(...)
 10.             \-base::mapply(...)
 11.               \-rtables (local) `&lt;fn&gt;`(...)
 12.                 \-rtables:::recursive_applysplit(...)
 13.                   +-rtables:::.make_split_kids(...)
 14.                   \-rtables:::.make_split_kids(...)
 15.                     \-rtables (local) .local(spl, have_controws, make_lrow, ...)
 16.                       +-base::unlist(...)
 17.                       \-base::mapply(...)
 18.                         \-rtables (local) `&lt;fn&gt;`(...)
 19.                           \-rtables:::recursive_applysplit(...)
 20.                             +-rtables:::.make_split_kids(...)
 21.                             \-rtables:::.make_split_kids(...)
 22.                               \-rtables (local) .local(spl, have_controws, make_lrow, ...)
 23.                                 +-base::unlist(...)
 24.                                 \-base::mapply(...)
 25.                                   \-rtables (local) `&lt;fn&gt;`(...)
 26.                                     \-rtables:::recursive_applysplit(...)
 27.                                       +-rtables:::.make_split_kids(...)
 28.                                       \-rtables:::.make_split_kids(...)
 29.                                         \-rtables (local) .local(spl, have_controws, make_lrow, ...)
 30.                                           \-rtables:::.make_analyzed_tab(...)</error>
    </testcase>
    <testcase time="0.289999999999992" classname="table_lbt13" name="LBT13_variant_4_HIGH_with_missing_baseline_considered_as_grade_0_works_as_expected"/>
    <testcase time="0.0799999999999841" classname="table_lbt13" name="LBT13_variant_4_HIGH_with_missing_baseline_considered_as_grade_0_works_as_expected"/>
    <testcase time="0.316000000000003" classname="table_lbt13" name="LBT14_variant_5_HIGH_with_filled_in_grades_works_as_expected"/>
    <testcase time="0.144000000000005" classname="table_lbt13" name="LBT14_variant_5_HIGH_with_filled_in_grades_works_as_expected">
      <failure type="failure" message="Snapshot of code has changed: ('test-table_lbt13.R:368:3')">Snapshot of code has changed:
old[16:52] vs new[16:27]
          4                              0                0                      0         
          Missing                        0                0                      0         
        1 (n)                            0                0                      0         
-         Not High                       0                0                      0         
-         1                              0                0                      0         
-         2                              0                0                      0         
-         3                              0                0                      0         
-         4                              0                0                      0         
-         Missing                        0                0                      0         
-       2 (n)                            0                0                      0         
-         Not High                       0                0                      0         
-         1                              0                0                      0         
-         2                              0                0                      0         
-         3                              0                0                      0         
-         4                              0                0                      0         
-         Missing                        0                0                      0         
-       3 (n)                            0                0                      0         
-         Not High                       0                0                      0         
-         1                              0                0                      0         
-         2                              0                0                      0         
-         3                              0                0                      0         
-         4                              0                0                      0         
-         Missing                        0                0                      0         
-       4 (n)                            0                0                      0         
-         Not High                       0                0                      0         
-         1                              0                0                      0         
-         2                              0                0                      0         
-         3                              0                0                      0         
-         4                              0                0                      0         
-         Missing                        0                0                      0         
-       Missing (n)                      0                0                      0         
-         Not High                       0                0                      0         
-         1                              0                0                      0         
-         2                              0                0                      0         
-         3                              0                0                      0         
-         4                              0                0                      0         
-         Missing                        0                0                      0         
+         count_fraction_fixed_dp       NA                NA                    NA         
+       2 (n)                            0                0                      0         
+         count_fraction_fixed_dp       NA                NA                    NA         
+       3 (n)                            0                0                      0         
+         count_fraction_fixed_dp       NA                NA                    NA         
+       4 (n)                            0                0                      0         
+         count_fraction_fixed_dp       NA                NA                    NA         
+       Missing (n)                      0                0                      0         
+         count_fraction_fixed_dp       NA                NA                    NA         

* Run `testthat::snapshot_accept('table_lbt13')` to accept the change.
* Run `testthat::snapshot_review('table_lbt13')` to interactively review the change.</failure>
    </testcase>
  </testsuite>
  <testsuite name="table_lbt14" timestamp="2025-03-06T18:55:25Z" hostname="23b4b0c19b1b" tests="10" skipped="0" failures="0" errors="0" time="27.988">
    <testcase time="5.75200000000001" classname="table_lbt14" name="LBT14_variant_1_HIGH_works_as_expected"/>
    <testcase time="0.47999999999999" classname="table_lbt14" name="LBT14_variant_1_HIGH_works_as_expected"/>
    <testcase time="5.197" classname="table_lbt14" name="LBT14_variant_2_LOW_works_as_expected"/>
    <testcase time="0.570999999999998" classname="table_lbt14" name="LBT14_variant_2_LOW_works_as_expected"/>
    <testcase time="3.03200000000001" classname="table_lbt14" name="LBT14_variant_3_LOW_without_baseline_missing_works_as_expected"/>
    <testcase time="0.377999999999986" classname="table_lbt14" name="LBT14_variant_3_LOW_without_baseline_missing_works_as_expected"/>
    <testcase time="4.535" classname="table_lbt14" name="LBT14_variant_4_LOW_and_force_1_missing_both_baseline_and_post_baseline_then_force_the_missing_baseline_as_0_as_expected"/>
    <testcase time="0.243000000000023" classname="table_lbt14" name="LBT14_variant_4_LOW_and_force_1_missing_both_baseline_and_post_baseline_then_force_the_missing_baseline_as_0_as_expected"/>
    <testcase time="5.02099999999999" classname="table_lbt14" name="LBT14_variant_5_HIGH_with_fillings_works_as_expected"/>
    <testcase time="2.779" classname="table_lbt14" name="LBT14_variant_5_HIGH_with_fillings_works_as_expected"/>
  </testsuite>
  <testsuite name="table_lbt15" timestamp="2025-03-06T18:55:52Z" hostname="23b4b0c19b1b" tests="4" skipped="0" failures="0" errors="0" time="1.519">
    <testcase time="0.596000000000004" classname="table_lbt15" name="LBT15_variant_1_works_as_expected"/>
    <testcase time="0.200000000000017" classname="table_lbt15" name="LBT15_variant_1_works_as_expected"/>
    <testcase time="0.523999999999972" classname="table_lbt15" name="LBT15_variant_2_works_as_expected"/>
    <testcase time="0.199000000000012" classname="table_lbt15" name="LBT15_variant_2_works_as_expected"/>
  </testsuite>
  <testsuite name="table_lgrt02" timestamp="2025-03-06T18:55:54Z" hostname="23b4b0c19b1b" tests="8" skipped="0" failures="0" errors="0" time="2.864">
    <testcase time="0.503000000000014" classname="table_lgrt02" name="LGRT02_without_interaction_term_is_produced_correctly"/>
    <testcase time="0.158999999999992" classname="table_lgrt02" name="LGRT02_without_interaction_term_is_produced_correctly"/>
    <testcase time="0.599999999999994" classname="table_lgrt02" name="LGRT02_with_categorical_interaction_is_produced_correctly"/>
    <testcase time="0.175000000000011" classname="table_lgrt02" name="LGRT02_with_categorical_interaction_is_produced_correctly"/>
    <testcase time="0.605999999999995" classname="table_lgrt02" name="LGRT02_with_continuous_interaction_is_produced_correctly"/>
    <testcase time="0.189999999999998" classname="table_lgrt02" name="LGRT02_with_continuous_interaction_is_produced_correctly"/>
    <testcase time="0.484999999999985" classname="table_lgrt02" name="LGRT02_with_setting_values_indicating_an_event_and_custom_alpha_level_is_produced_correctly"/>
    <testcase time="0.146000000000015" classname="table_lgrt02" name="LGRT02_with_setting_values_indicating_an_event_and_custom_alpha_level_is_produced_correctly"/>
  </testsuite>
  <testsuite name="table_mht01" timestamp="2025-03-06T18:55:56Z" hostname="23b4b0c19b1b" tests="8" skipped="0" failures="3" errors="0" time="1.636">
    <testcase time="0.324999999999989" classname="table_mht01" name="MHT01_variant_1_is_produced_accurately"/>
    <testcase time="0.161000000000001" classname="table_mht01" name="MHT01_variant_1_is_produced_accurately">
      <failure type="failure" message="Snapshot of code has changed: ('test-table_mht01.R:49:3')">Snapshot of code has changed:
old vs new
  Code
    res
  Output
-   MedDRA System Organ Class                                 A: Drug X    B: Placebo    C: Combination
+   MedDRA System Organ Class                       A: Drug X    B: Placebo    C: Combination
-     MedDRA Preferred Term                                    (N=134)       (N=134)        (N=132)    
+     MedDRA Preferred Term                          (N=134)       (N=134)        (N=132)    
-   ———————————————————————————————————————————————————————————————————————————————————————————————————
+   —————————————————————————————————————————————————————————————————————————————————————————
-   Total number of patients with at least one condition     122 (91.0%)   123 (91.8%)    120 (90.9%)  
+   Number of patients with at least one event     122 (91.0%)   123 (91.8%)    120 (90.9%)  
-   Total number of conditions                                   609           622            703      
+   Number of events                                   609           622            703      
-   cl A                                                                                               
+   cl A                                                                                     
-     Total number of patients with at least one condition   78 (58.2%)    75 (56.0%)      89 (67.4%)  
+     Number of patients with at least one event   78 (58.2%)    75 (56.0%)      89 (67.4%)  
-     Total number of conditions                                 132           130            160      
+     Number of events                                 132           130            160      
-     trm A_1/2                                              50 (37.3%)    45 (33.6%)      63 (47.7%)  
+     trm A_1/2                                    50 (37.3%)    45 (33.6%)      63 (47.7%)  
-     trm A_2/2                                              48 (35.8%)    48 (35.8%)      50 (37.9%)  
+     trm A_2/2                                    48 (35.8%)    48 (35.8%)      50 (37.9%)  
-   cl B                                                                                               
+   cl B                                                                                     
-     Total number of patients with at least one condition   96 (71.6%)    89 (66.4%)      97 (73.5%)  
+     Number of patients with at least one event   96 (71.6%)    89 (66.4%)      97 (73.5%)  
-     Total number of conditions                                 185           198            205      
+     Number of events                                 185           198            205      
-     trm B_1/3                                              47 (35.1%)    49 (36.6%)      43 (32.6%)  
+     trm B_1/3                                    47 (35.1%)    49 (36.6%)      43 (32.6%)  
-     trm B_2/3                                              49 (36.6%)    44 (32.8%)      52 (39.4%)  
+     trm B_2/3                                    49 (36.6%)    44 (32.8%)      52 (39.4%)  
-     trm B_3/3                                              48 (35.8%)    54 (40.3%)      51 (38.6%)  
+     trm B_3/3                                    48 (35.8%)    54 (40.3%)      51 (38.6%)  
-   cl C                                                                                               
+   cl C                                                                                     
-     Total number of patients with at least one condition   67 (50.0%)    75 (56.0%)      79 (59.8%)  
+     Number of patients with at least one event   67 (50.0%)    75 (56.0%)      79 (59.8%)  
-     Total number of conditions                                 103           116            129      
+     Number of events                                 103           116            129      
-     trm C_1/2                                              43 (32.1%)    46 (34.3%)      43 (32.6%)  
+     trm C_1/2                                    43 (32.1%)    46 (34.3%)      43 (32.6%)  
-     trm C_2/2                                              35 (26.1%)    48 (35.8%)      55 (41.7%)  
+     trm C_2/2                                    35 (26.1%)    48 (35.8%)      55 (41.7%)  
-   cl D                                                                                               
+   cl D                                                                                     
-     Total number of patients with at least one condition   96 (71.6%)    90 (67.2%)      98 (74.2%)  
+     Number of patients with at least one event   96 (71.6%)    90 (67.2%)      98 (74.2%)  
-     Total number of conditions                                 189           178            209      
+     Number of events                                 189           178            209      
-     trm D_1/3                                              50 (37.3%)    42 (31.3%)      51 (38.6%)  
+     trm D_1/3                                    50 (37.3%)    42 (31.3%)      51 (38.6%)  
-     trm D_2/3                                              48 (35.8%)    42 (31.3%)      50 (37.9%)  
+     trm D_2/3                                    48 (35.8%)    42 (31.3%)      50 (37.9%)  
-     trm D_3/3                                              47 (35.1%)    58 (43.3%)      57 (43.2%)  
+     trm D_3/3                                    47 (35.1%)    58 (43.3%)      57 (43.2%)  

* Run `testthat::snapshot_accept('table_mht01')` to accept the change.
* Run `testthat::snapshot_review('table_mht01')` to interactively review the change.</failure>
    </testcase>
    <testcase time="0.110000000000014" classname="table_mht01" name="MHT01_variant_2_is_produced_accurately"/>
    <testcase time="0.0799999999999841" classname="table_mht01" name="MHT01_variant_2_is_produced_accurately">
      <failure type="failure" message="Snapshot of code has changed: ('test-table_mht01.R:60:3')">Snapshot of code has changed:
old vs new
  Code
    res
  Output
-   MedDRA System Organ Class                                A: Drug X   B: Placebo   C: Combination
+   MedDRA System Organ Class                      A: Drug X   B: Placebo   C: Combination
-     MedDRA Preferred Term                                   (N=134)     (N=134)        (N=132)    
+     MedDRA Preferred Term                         (N=134)     (N=134)        (N=132)    
-   ————————————————————————————————————————————————————————————————————————————————————————————————
+   ——————————————————————————————————————————————————————————————————————————————————————
-   Total number of patients with at least one condition         0           0           1 (0.8%)   
+   Number of patients with at least one event         0           0           1 (0.8%)   
-   Total number of conditions                                   0           0              1       
+   Number of events                                   0           0              1       
-   cl D                                                                                            
+   cl D                                                                                  
-     Total number of patients with at least one condition       0           0           1 (0.8%)   
+     Number of patients with at least one event       0           0           1 (0.8%)   
-     Total number of conditions                                 0           0              1       
+     Number of events                                 0           0              1       
-     trm D_2/3                                                  0           0           1 (0.8%)   
+     count_fraction_fixed_dp                         NA           NA          1 (0.8%)   

* Run `testthat::snapshot_accept('table_mht01')` to accept the change.
* Run `testthat::snapshot_review('table_mht01')` to interactively review the change.</failure>
    </testcase>
    <testcase time="0.284999999999997" classname="table_mht01" name="MHT01_variant_3_is_produced_accurately"/>
    <testcase time="0.126000000000005" classname="table_mht01" name="MHT01_variant_3_is_produced_accurately">
      <failure type="failure" message="Snapshot of code has changed: ('test-table_mht01.R:92:3')">Snapshot of code has changed:
old vs new
  Code
    res
  Output
-   MedDRA System Organ Class                                 A: Drug X    B: Placebo    C: Combination
+   MedDRA System Organ Class                       A: Drug X    B: Placebo    C: Combination
-     MedDRA Preferred Term                                    (N=134)       (N=134)        (N=132)    
+     MedDRA Preferred Term                          (N=134)       (N=134)        (N=132)    
-   ———————————————————————————————————————————————————————————————————————————————————————————————————
+   —————————————————————————————————————————————————————————————————————————————————————————
-   Total number of patients with at least one condition     122 (91.0%)   123 (91.8%)    120 (90.9%)  
+   Number of patients with at least one event     122 (91.0%)   123 (91.8%)    120 (90.9%)  
-   cl A                                                                                               
+   cl A                                                                                     
-     Total number of patients with at least one condition   78 (58.2%)    75 (56.0%)      89 (67.4%)  
+     Number of patients with at least one event   78 (58.2%)    75 (56.0%)      89 (67.4%)  
-     trm A_1/2                                              50 (37.3%)    45 (33.6%)      63 (47.7%)  
+     trm A_1/2                                    50 (37.3%)    45 (33.6%)      63 (47.7%)  
-     trm A_2/2                                              48 (35.8%)    48 (35.8%)      50 (37.9%)  
+     trm A_2/2                                    48 (35.8%)    48 (35.8%)      50 (37.9%)  
-   cl B                                                                                               
+   cl B                                                                                     
-     Total number of patients with at least one condition   96 (71.6%)    89 (66.4%)      97 (73.5%)  
+     Number of patients with at least one event   96 (71.6%)    89 (66.4%)      97 (73.5%)  
-     trm B_1/3                                              47 (35.1%)    49 (36.6%)      43 (32.6%)  
+     trm B_1/3                                    47 (35.1%)    49 (36.6%)      43 (32.6%)  
-     trm B_2/3                                              49 (36.6%)    44 (32.8%)      52 (39.4%)  
+     trm B_2/3                                    49 (36.6%)    44 (32.8%)      52 (39.4%)  
-     trm B_3/3                                              48 (35.8%)    54 (40.3%)      51 (38.6%)  
+     trm B_3/3                                    48 (35.8%)    54 (40.3%)      51 (38.6%)  
-   cl C                                                                                               
+   cl C                                                                                     
-     Total number of patients with at least one condition   67 (50.0%)    75 (56.0%)      79 (59.8%)  
+     Number of patients with at least one event   67 (50.0%)    75 (56.0%)      79 (59.8%)  
-     trm C_1/2                                              43 (32.1%)    46 (34.3%)      43 (32.6%)  
+     trm C_1/2                                    43 (32.1%)    46 (34.3%)      43 (32.6%)  
-     trm C_2/2                                              35 (26.1%)    48 (35.8%)      55 (41.7%)  
+     trm C_2/2                                    35 (26.1%)    48 (35.8%)      55 (41.7%)  
-   cl D                                                                                               
+   cl D                                                                                     
-     Total number of patients with at least one condition   96 (71.6%)    90 (67.2%)      98 (74.2%)  
+     Number of patients with at least one event   96 (71.6%)    90 (67.2%)      98 (74.2%)  
-     trm D_1/3                                              50 (37.3%)    42 (31.3%)      51 (38.6%)  
+     trm D_1/3                                    50 (37.3%)    42 (31.3%)      51 (38.6%)  
-     trm D_2/3                                              48 (35.8%)    42 (31.3%)      50 (37.9%)  
+     trm D_2/3                                    48 (35.8%)    42 (31.3%)      50 (37.9%)  
-     trm D_3/3                                              47 (35.1%)    58 (43.3%)      57 (43.2%)  
+     trm D_3/3                                    47 (35.1%)    58 (43.3%)      57 (43.2%)  

* Run `testthat::snapshot_accept('table_mht01')` to accept the change.
* Run `testthat::snapshot_review('table_mht01')` to interactively review the change.</failure>
    </testcase>
    <testcase time="0.379999999999995" classname="table_mht01" name="MHT01_variant_5_is_produced_accurately"/>
    <testcase time="0.169000000000011" classname="table_mht01" name="MHT01_variant_5_is_produced_accurately"/>
  </testsuite>
  <testsuite name="table_onct05" timestamp="2025-03-06T18:55:58Z" hostname="23b4b0c19b1b" tests="10" skipped="0" failures="0" errors="0" time="2.826">
    <testcase time="0.495000000000005" classname="table_onct05" name="ONCT05_variant_1_Objective_Response_Rate_by_Subgroup_is_produced_correctly"/>
    <testcase time="0.137" classname="table_onct05" name="ONCT05_variant_1_Objective_Response_Rate_by_Subgroup_is_produced_correctly"/>
    <testcase time="0.492999999999995" classname="table_onct05" name="ONCT05_variant_2_Specifying_class_variables_is_produced_correctly"/>
    <testcase time="0.135999999999996" classname="table_onct05" name="ONCT05_variant_2_Specifying_class_variables_is_produced_correctly"/>
    <testcase time="0.224000000000018" classname="table_onct05" name="ONCT05_variant_3_selecting_columns_and_changing_the_alpha_level_is_produced_correctly"/>
    <testcase time="0.0889999999999986" classname="table_onct05" name="ONCT05_variant_3_selecting_columns_and_changing_the_alpha_level_is_produced_correctly"/>
    <testcase time="0.469999999999999" classname="table_onct05" name="ONCT05_variant_4_setting_values_indicating_response_is_produced_correctly"/>
    <testcase time="0.133999999999986" classname="table_onct05" name="ONCT05_variant_4_setting_values_indicating_response_is_produced_correctly"/>
    <testcase time="0.498999999999995" classname="table_onct05" name="ONCT05_with_risk_difference_column_is_produced_correctly"/>
    <testcase time="0.149000000000001" classname="table_onct05" name="ONCT05_with_risk_difference_column_is_produced_correctly"/>
  </testsuite>
  <testsuite name="table_pdt01" timestamp="2025-03-06T18:56:01Z" hostname="23b4b0c19b1b" tests="2" skipped="0" failures="0" errors="0" time="0.434">
    <testcase time="0.26600000000002" classname="table_pdt01" name="PDT01_is_produced_correctly"/>
    <testcase time="0.167999999999978" classname="table_pdt01" name="PDT01_is_produced_correctly"/>
  </testsuite>
  <testsuite name="table_pdt02" timestamp="2025-03-06T18:56:01Z" hostname="23b4b0c19b1b" tests="2" skipped="0" failures="0" errors="0" time="0.25">
    <testcase time="0.16500000000002" classname="table_pdt02" name="PDT02_is_produced_correctly"/>
    <testcase time="0.0849999999999795" classname="table_pdt02" name="PDT02_is_produced_correctly"/>
  </testsuite>
  <testsuite name="table_pkct01" timestamp="2025-03-06T18:56:02Z" hostname="23b4b0c19b1b" tests="10" skipped="0" failures="0" errors="0" time="3.498">
    <testcase time="0.293000000000006" classname="table_pkct01" name="PKCT01_is_produced_correctly"/>
    <testcase time="0.103000000000009" classname="table_pkct01" name="PKCT01_is_produced_correctly"/>
    <testcase time="0.150999999999982" classname="table_pkct01" name="PKCT01_is_produced_correctly"/>
    <testcase time="0.0580000000000211" classname="table_pkct01" name="PKCT01_is_produced_correctly"/>
    <testcase time="1.26599999999999" classname="table_pkct01" name="Specific_PKCT01_features_are_present"/>
    <testcase time="0.212999999999994" classname="table_pkct01" name="Specific_PKCT01_features_are_present"/>
    <testcase time="0.191000000000003" classname="table_pkct01" name="Specific_PKCT01_features_are_present"/>
    <testcase time="0.00300000000001432" classname="table_pkct01" name="Specific_PKCT01_features_are_present"/>
    <testcase time="0.675999999999988" classname="table_pkct01" name="Specific_PKCT01_features_are_present"/>
    <testcase time="0.544000000000011" classname="table_pkct01" name="Specific_PKCT01_features_are_present"/>
  </testsuite>
  <testsuite name="table_pkpt02" timestamp="2025-03-06T18:56:05Z" hostname="23b4b0c19b1b" tests="2" skipped="0" failures="0" errors="0" time="0.529">
    <testcase time="0.308999999999997" classname="table_pkpt02" name="PKPT02_is_produced_correctly_for_Drug_X"/>
    <testcase time="0.219999999999999" classname="table_pkpt02" name="PKPT02_is_produced_correctly_for_Drug_X"/>
  </testsuite>
  <testsuite name="table_pkpt03" timestamp="2025-03-06T18:56:06Z" hostname="23b4b0c19b1b" tests="2" skipped="0" failures="0" errors="0" time="1.086">
    <testcase time="0.896999999999991" classname="table_pkpt03" name="PKPT03_Drug_X_is_produced_correctly"/>
    <testcase time="0.188999999999993" classname="table_pkpt03" name="PKPT03_Drug_X_is_produced_correctly"/>
  </testsuite>
  <testsuite name="table_pkpt04" timestamp="2025-03-06T18:56:07Z" hostname="23b4b0c19b1b" tests="2" skipped="0" failures="0" errors="0" time="0.192">
    <testcase time="0.108000000000004" classname="table_pkpt04" name="PKPT04_is_produced_correctly_for_Drug_X"/>
    <testcase time="0.0840000000000032" classname="table_pkpt04" name="PKPT04_is_produced_correctly_for_Drug_X"/>
  </testsuite>
  <testsuite name="table_pkpt05" timestamp="2025-03-06T18:56:07Z" hostname="23b4b0c19b1b" tests="2" skipped="0" failures="0" errors="0" time="0.414">
    <testcase time="0.307000000000016" classname="table_pkpt05" name="PKPT05_Drug_X_is_produced_correctly"/>
    <testcase time="0.106999999999999" classname="table_pkpt05" name="PKPT05_Drug_X_is_produced_correctly"/>
  </testsuite>
  <testsuite name="table_pkpt06" timestamp="2025-03-06T18:56:07Z" hostname="23b4b0c19b1b" tests="4" skipped="0" failures="0" errors="0" time="0.268">
    <testcase time="0.0889999999999986" classname="table_pkpt06" name="PKPT06_is_produced_correctly_for_Drug_X"/>
    <testcase time="0.0720000000000027" classname="table_pkpt06" name="PKPT06_is_produced_correctly_for_Drug_X"/>
    <testcase time="0.0509999999999877" classname="table_pkpt06" name="PKPT06_is_produced_correctly_for_Drug_Y"/>
    <testcase time="0.0560000000000116" classname="table_pkpt06" name="PKPT06_is_produced_correctly_for_Drug_Y"/>
  </testsuite>
  <testsuite name="table_pkpt07" timestamp="2025-03-06T18:56:08Z" hostname="23b4b0c19b1b" tests="4" skipped="0" failures="0" errors="0" time="0.534">
    <testcase time="0.211999999999989" classname="table_pkpt07" name="PKPT07_Drug_X_is_produced_correctly"/>
    <testcase time="0.106999999999999" classname="table_pkpt07" name="PKPT07_Drug_X_is_produced_correctly"/>
    <testcase time="0.117999999999995" classname="table_pkpt07" name="PKPT07_Drug_Y_is_produced_correctly"/>
    <testcase time="0.0970000000000084" classname="table_pkpt07" name="PKPT07_Drug_Y_is_produced_correctly"/>
  </testsuite>
  <testsuite name="table_ratet01" timestamp="2025-03-06T18:56:08Z" hostname="23b4b0c19b1b" tests="2" skipped="0" failures="0" errors="0" time="1.232">
    <testcase time="1.06" classname="table_ratet01" name="RATET01_is_produced_correctly"/>
    <testcase time="0.171999999999997" classname="table_ratet01" name="RATET01_is_produced_correctly"/>
  </testsuite>
  <testsuite name="table_rmpt01" timestamp="2025-03-06T18:56:09Z" hostname="23b4b0c19b1b" tests="2" skipped="0" failures="0" errors="0" time="0.224">
    <testcase time="0.167000000000002" classname="table_rmpt01" name="RMPT01_is_produced_correctly"/>
    <testcase time="0.0569999999999879" classname="table_rmpt01" name="RMPT01_is_produced_correctly"/>
  </testsuite>
  <testsuite name="table_rmpt03" timestamp="2025-03-06T18:56:10Z" hostname="23b4b0c19b1b" tests="4" skipped="0" failures="0" errors="0" time="0.539">
    <testcase time="0.206999999999994" classname="table_rmpt03" name="RMPT03_variant_1_is_produced_correctly"/>
    <testcase time="0.0810000000000173" classname="table_rmpt03" name="RMPT03_variant_1_is_produced_correctly"/>
    <testcase time="0.162000000000006" classname="table_rmpt03" name="RMPT03_variant_2_is_produced_correctly"/>
    <testcase time="0.0889999999999986" classname="table_rmpt03" name="RMPT03_variant_2_is_produced_correctly"/>
  </testsuite>
  <testsuite name="table_rmpt04" timestamp="2025-03-06T18:56:10Z" hostname="23b4b0c19b1b" tests="2" skipped="0" failures="0" errors="0" time="0.199">
    <testcase time="0.140999999999991" classname="table_rmpt04" name="RMPT04_variant_1_is_produced_correctly"/>
    <testcase time="0.0579999999999927" classname="table_rmpt04" name="RMPT04_variant_1_is_produced_correctly"/>
  </testsuite>
  <testsuite name="table_rmpt05" timestamp="2025-03-06T18:56:10Z" hostname="23b4b0c19b1b" tests="2" skipped="0" failures="0" errors="0" time="0.227">
    <testcase time="0.15900000000002" classname="table_rmpt05" name="RMPT05_is_produced_correctly"/>
    <testcase time="0.0679999999999836" classname="table_rmpt05" name="RMPT05_is_produced_correctly"/>
  </testsuite>
  <testsuite name="table_rmpt06" timestamp="2025-03-06T18:56:11Z" hostname="23b4b0c19b1b" tests="8" skipped="0" failures="0" errors="0" time="1.477">
    <testcase time="0.302999999999997" classname="table_rmpt06" name="RMPT06_variant_1_is_produced_correctly"/>
    <testcase time="0.105000000000018" classname="table_rmpt06" name="RMPT06_variant_1_is_produced_correctly"/>
    <testcase time="0.196999999999974" classname="table_rmpt06" name="RMPT06_variant_2_is_produced_correctly"/>
    <testcase time="0.0820000000000221" classname="table_rmpt06" name="RMPT06_variant_2_is_produced_correctly"/>
    <testcase time="0.280000000000001" classname="table_rmpt06" name="RMPT06_variant_3_is_produced_correctly"/>
    <testcase time="0.113" classname="table_rmpt06" name="RMPT06_variant_3_is_produced_correctly"/>
    <testcase time="0.282999999999987" classname="table_rmpt06" name="RMPT06_variant_4_is_produced_correctly"/>
    <testcase time="0.114000000000004" classname="table_rmpt06" name="RMPT06_variant_4_is_produced_correctly"/>
  </testsuite>
  <testsuite name="table_rspt01" timestamp="2025-03-06T18:56:12Z" hostname="23b4b0c19b1b" tests="12" skipped="0" failures="0" errors="0" time="2.297">
    <testcase time="0.283999999999992" classname="table_rspt01" name="RSPT01_1._Best_Overall_Response"/>
    <testcase time="0.114000000000004" classname="table_rspt01" name="RSPT01_1._Best_Overall_Response"/>
    <testcase time="0.230999999999995" classname="table_rspt01" name="RSPT01_2._Best_Overall_Response_selecting_sections_to_display_"/>
    <testcase time="0.119" classname="table_rspt01" name="RSPT01_2._Best_Overall_Response_selecting_sections_to_display_"/>
    <testcase time="0.288999999999987" classname="table_rspt01" name="RSPT01_3._Best_Overall_Response_modifying_settings_"/>
    <testcase time="0.108000000000004" classname="table_rspt01" name="RSPT01_3._Best_Overall_Response_modifying_settings_"/>
    <testcase time="0.326999999999998" classname="table_rspt01" name="RSPT01_4._Best_Overall_Response_with_stratified_analysis_"/>
    <testcase time="0.135000000000019" classname="table_rspt01" name="RSPT01_4._Best_Overall_Response_with_stratified_analysis_"/>
    <testcase time="0.251999999999981" classname="table_rspt01" name="RSPT01_5._Best_Overall_Response_modifying_the_definition_of_overall_response_"/>
    <testcase time="0.111000000000018" classname="table_rspt01" name="RSPT01_5._Best_Overall_Response_modifying_the_definition_of_overall_response_"/>
    <testcase time="0.218999999999994" classname="table_rspt01" name="RSPT01_6._Best_Overall_Response_define_new_sections_to_display_"/>
    <testcase time="0.108000000000004" classname="table_rspt01" name="RSPT01_6._Best_Overall_Response_define_new_sections_to_display_"/>
  </testsuite>
  <testsuite name="table_ttet01" timestamp="2025-03-06T18:56:14Z" hostname="23b4b0c19b1b" tests="14" skipped="0" failures="0" errors="0" time="3.344">
    <testcase time="0.375" classname="table_ttet01" name="TTET01_default_variant_is_produced_correctly"/>
    <testcase time="0.173000000000002" classname="table_ttet01" name="TTET01_default_variant_is_produced_correctly"/>
    <testcase time="0.382000000000005" classname="table_ttet01" name="TTET01_default_variant_with_Placebo_arm"/>
    <testcase time="0.173999999999978" classname="table_ttet01" name="TTET01_default_variant_with_Placebo_arm"/>
    <testcase time="0.204000000000008" classname="table_ttet01" name="TTET01_variant_2_selecting_sections_to_display"/>
    <testcase time="0.113" classname="table_ttet01" name="TTET01_variant_2_selecting_sections_to_display"/>
    <testcase time="0.306000000000012" classname="table_ttet01" name="TTET01_variant_3_modifying_analysis_details_like_conftype_ties_alpha_level"/>
    <testcase time="0.134999999999991" classname="table_ttet01" name="TTET01_variant_3_modifying_analysis_details_like_conftype_ties_alpha_level"/>
    <testcase time="0.346000000000004" classname="table_ttet01" name="TTET01_variant_4_with_stratified_analysis"/>
    <testcase time="0.161000000000001" classname="table_ttet01" name="TTET01_variant_4_with_stratified_analysis"/>
    <testcase time="0.308999999999997" classname="table_ttet01" name="TTET01_variant_5_modifying_time_point"/>
    <testcase time="0.150000000000006" classname="table_ttet01" name="TTET01_variant_5_modifying_time_point"/>
    <testcase time="0.35899999999998" classname="table_ttet01" name="TTET01_variant_6_requesting_more_than_one_p_value"/>
    <testcase time="0.157000000000011" classname="table_ttet01" name="TTET01_variant_6_requesting_more_than_one_p_value"/>
  </testsuite>
  <testsuite name="table_vst01" timestamp="2025-03-06T18:56:19Z" hostname="23b4b0c19b1b" tests="2" skipped="0" failures="0" errors="0" time="2.252">
    <testcase time="1.827" classname="table_vst01" name="VST01_default_variant_is_produced_correctly"/>
    <testcase time="0.425000000000011" classname="table_vst01" name="VST01_default_variant_is_produced_correctly"/>
  </testsuite>
  <testsuite name="table_vst02" timestamp="2025-03-06T18:56:21Z" hostname="23b4b0c19b1b" tests="4" skipped="0" failures="0" errors="0" time="1.606">
    <testcase time="1.148" classname="table_vst02" name="1._Vital_Sign_Abnormalities_Regardless_of_Abnormality_at_Baseline_VST02_1_"/>
    <testcase time="0.111999999999995" classname="table_vst02" name="1._Vital_Sign_Abnormalities_Regardless_of_Abnormality_at_Baseline_VST02_1_"/>
    <testcase time="0.246999999999986" classname="table_vst02" name="2._Vital_Sign_Abnormalities_Among_Subject_Without_Abnormality_at_Baseline_VST02_2_"/>
    <testcase time="0.099000000000018" classname="table_vst02" name="2._Vital_Sign_Abnormalities_Among_Subject_Without_Abnormality_at_Baseline_VST02_2_"/>
  </testsuite>
</testsuites>
