<?xml version="1.0" encoding="UTF-8"?>
<testsuites>
  <testsuite name="listing_adal02" timestamp="2025-03-06T18:53:10Z" hostname="355ee698840d" tests="1" skipped="1" failures="0" errors="0" time="0.223">
    <testcase time="0.223000000000001" classname="listing_adal02" name="ADAL02_listing_is_produced_correctly">
      <skipped message="Reason: On CRAN ('test-listing_adal02.R:109:3')"/>
    </testcase>
  </testsuite>
  <testsuite name="listing_ael01" timestamp="2025-03-06T18:53:10Z" hostname="355ee698840d" tests="1" skipped="1" failures="0" errors="0" time="0.235">
    <testcase time="0.234999999999999" classname="listing_ael01" name="AEL01_listing_is_produced_correctly">
      <skipped message="Reason: On CRAN ('test-listing_ael01.R:20:3')"/>
    </testcase>
  </testsuite>
  <testsuite name="listing_ael01_nollt" timestamp="2025-03-06T18:53:10Z" hostname="355ee698840d" tests="1" skipped="1" failures="0" errors="0" time="0.072">
    <testcase time="0.0719999999999992" classname="listing_ael01_nollt" name="AEL01_NOLLT_listing_is_produced_correctly">
      <skipped message="Reason: On CRAN ('test-listing_ael01_nollt.R:23:3')"/>
    </testcase>
  </testsuite>
  <testsuite name="listing_ael02" timestamp="2025-03-06T18:53:10Z" hostname="355ee698840d" tests="1" skipped="1" failures="0" errors="0" time="0.313">
    <testcase time="0.313000000000001" classname="listing_ael02" name="AEL02_listing_is_produced_correctly">
      <skipped message="Reason: On CRAN ('test-listing_ael02.R:60:3')"/>
    </testcase>
  </testsuite>
  <testsuite name="listing_ael02_ed" timestamp="2025-03-06T18:53:11Z" hostname="355ee698840d" tests="1" skipped="1" failures="0" errors="0" time="0.342">
    <testcase time="0.342000000000001" classname="listing_ael02_ed" name="AEL02_ED_listing_is_produced_correctly">
      <skipped message="Reason: On CRAN ('test-listing_ael02_ed.R:77:3')"/>
    </testcase>
  </testsuite>
  <testsuite name="listing_ael03" timestamp="2025-03-06T18:53:11Z" hostname="355ee698840d" tests="1" skipped="1" failures="0" errors="0" time="0.284">
    <testcase time="0.284000000000001" classname="listing_ael03" name="AEL03_listing_is_produced_correctly">
      <skipped message="Reason: On CRAN ('test-listing_ael03.R:73:3')"/>
    </testcase>
  </testsuite>
  <testsuite name="listing_ael04" timestamp="2025-03-06T18:53:11Z" hostname="355ee698840d" tests="1" skipped="1" failures="0" errors="0" time="0.209">
    <testcase time="0.209" classname="listing_ael04" name="AEL04_listing_is_produced_correctly">
      <skipped message="Reason: On CRAN ('test-listing_ael04.R:30:3')"/>
    </testcase>
  </testsuite>
  <testsuite name="listing_cml01" timestamp="2025-03-06T18:53:12Z" hostname="355ee698840d" tests="1" skipped="1" failures="0" errors="0" time="0.34">
    <testcase time="0.34" classname="listing_cml01" name="CML01_listing_is_produced_correctly">
      <skipped message="Reason: On CRAN ('test-listing_cml01.R:41:3')"/>
    </testcase>
  </testsuite>
  <testsuite name="listing_cml02a_gl" timestamp="2025-03-06T18:53:12Z" hostname="355ee698840d" tests="1" skipped="1" failures="0" errors="0" time="0.116">
    <testcase time="0.116" classname="listing_cml02a_gl" name="CML02A_GL_listing_is_produced_correctly">
      <skipped message="Reason: On CRAN ('test-listing_cml02a_gl.R:19:3')"/>
    </testcase>
  </testsuite>
  <testsuite name="listing_cml02b_gl" timestamp="2025-03-06T18:53:12Z" hostname="355ee698840d" tests="1" skipped="1" failures="0" errors="0" time="0.17">
    <testcase time="0.17" classname="listing_cml02b_gl" name="CML02B_GL_listing_is_produced_correctly">
      <skipped message="Reason: On CRAN ('test-listing_cml02b_gl.R:22:3')"/>
    </testcase>
  </testsuite>
  <testsuite name="listing_dsl01" timestamp="2025-03-06T18:53:12Z" hostname="355ee698840d" tests="1" skipped="1" failures="0" errors="0" time="0.176">
    <testcase time="0.176" classname="listing_dsl01" name="DSL01_listing_is_produced_correctly">
      <skipped message="Reason: On CRAN ('test-listing_dsl01.R:31:3')"/>
    </testcase>
  </testsuite>
  <testsuite name="listing_dsl02" timestamp="2025-03-06T18:53:12Z" hostname="355ee698840d" tests="1" skipped="1" failures="0" errors="0" time="0.103">
    <testcase time="0.103" classname="listing_dsl02" name="DSL02_listing_is_produced_correctly">
      <skipped message="Reason: On CRAN ('test-listing_dsl02.R:33:3')"/>
    </testcase>
  </testsuite>
  <testsuite name="listing_dsur4" timestamp="2025-03-06T18:53:12Z" hostname="355ee698840d" tests="1" skipped="1" failures="0" errors="0" time="0.107">
    <testcase time="0.107000000000001" classname="listing_dsur4" name="DSUR4_listing_is_produced_correctly">
      <skipped message="Reason: On CRAN ('test-listing_dsur4.R:22:3')"/>
    </testcase>
  </testsuite>
  <testsuite name="listing_egl01" timestamp="2025-03-06T18:53:13Z" hostname="355ee698840d" tests="1" skipped="1" failures="0" errors="0" time="0.431">
    <testcase time="0.430999999999999" classname="listing_egl01" name="EGL01_listing_is_produced_correctly">
      <skipped message="Reason: On CRAN ('test-listing_egl01.R:61:3')"/>
    </testcase>
  </testsuite>
  <testsuite name="listing_exl01" timestamp="2025-03-06T18:53:13Z" hostname="355ee698840d" tests="1" skipped="1" failures="0" errors="0" time="0.219">
    <testcase time="0.218999999999999" classname="listing_exl01" name="EXL01_listing_is_produced_correctly">
      <skipped message="Reason: On CRAN ('test-listing_exl01.R:29:3')"/>
    </testcase>
  </testsuite>
  <testsuite name="listing_lbl01" timestamp="2025-03-06T18:53:13Z" hostname="355ee698840d" tests="1" skipped="1" failures="0" errors="0" time="0.54">
    <testcase time="0.540000000000001" classname="listing_lbl01" name="LBL01_listing_is_produced_correctly">
      <skipped message="Reason: On CRAN ('test-listing_lbl01.R:52:3')"/>
    </testcase>
  </testsuite>
  <testsuite name="listing_lbl01_rls" timestamp="2025-03-06T18:53:14Z" hostname="355ee698840d" tests="1" skipped="1" failures="0" errors="0" time="0.526">
    <testcase time="0.526" classname="listing_lbl01_rls" name="LBL01_RLS_listing_is_produced_correctly">
      <skipped message="Reason: On CRAN ('test-listing_lbl01_rls.R:58:3')"/>
    </testcase>
  </testsuite>
  <testsuite name="listing_lbl02a" timestamp="2025-03-06T18:53:14Z" hostname="355ee698840d" tests="1" skipped="1" failures="0" errors="0" time="0.268">
    <testcase time="0.268000000000001" classname="listing_lbl02a" name="LBL02A_listing_is_produced_correctly">
      <skipped message="Reason: On CRAN ('test-listing_lbl02a.R:50:3')"/>
    </testcase>
  </testsuite>
  <testsuite name="listing_lbl02a_rls" timestamp="2025-03-06T18:53:15Z" hostname="355ee698840d" tests="1" skipped="1" failures="0" errors="0" time="0.77">
    <testcase time="0.77" classname="listing_lbl02a_rls" name="LBL02A_RLS_listing_is_produced_correctly">
      <skipped message="Reason: On CRAN ('test-listing_lbl02a_rls.R:79:3')"/>
    </testcase>
  </testsuite>
  <testsuite name="listing_lbl02b" timestamp="2025-03-06T18:53:15Z" hostname="355ee698840d" tests="1" skipped="1" failures="0" errors="0" time="0.299">
    <testcase time="0.298999999999999" classname="listing_lbl02b" name="LBL02B_listing_is_produced_correctly">
      <skipped message="Reason: On CRAN ('test-listing_lbl02b.R:56:3')"/>
    </testcase>
  </testsuite>
  <testsuite name="listing_mhl01" timestamp="2025-03-06T18:53:16Z" hostname="355ee698840d" tests="1" skipped="1" failures="0" errors="0" time="0.256">
    <testcase time="0.256" classname="listing_mhl01" name="MHL01_listing_is_produced_correctly">
      <skipped message="Reason: On CRAN ('test-listing_mhl01.R:33:3')"/>
    </testcase>
  </testsuite>
  <testsuite name="listing_oncl01" timestamp="2025-03-06T18:53:16Z" hostname="355ee698840d" tests="1" skipped="1" failures="0" errors="0" time="0.253">
    <testcase time="0.253" classname="listing_oncl01" name="ONCL01_listing_is_produced_correctly">
      <skipped message="Reason: On CRAN ('test-listing_oncl01.R:61:3')"/>
    </testcase>
  </testsuite>
  <testsuite name="listing_pkcl01" timestamp="2025-03-06T18:53:16Z" hostname="355ee698840d" tests="2" skipped="2" failures="0" errors="0" time="0.722">
    <testcase time="0.198" classname="listing_pkcl01" name="PKCL01_listing_is_produced_correctly">
      <skipped message="Reason: On CRAN ('test-listing_pkcl01.R:28:3')"/>
    </testcase>
    <testcase time="0.523999999999999" classname="listing_pkcl01" name="PKCL01_listing_key_columns_values_are_repeated_when_entries_span_multiple_pages">
      <skipped message="Reason: On CRAN ('test-listing_pkcl01.R:56:3')"/>
    </testcase>
  </testsuite>
  <testsuite name="listing_pkcl02" timestamp="2025-03-06T18:53:17Z" hostname="355ee698840d" tests="1" skipped="1" failures="0" errors="0" time="0.216">
    <testcase time="0.216000000000001" classname="listing_pkcl02" name="PKCL02_listing_is_produced_correctly">
      <skipped message="Reason: On CRAN ('test-listing_pkcl02.R:62:3')"/>
    </testcase>
  </testsuite>
  <testsuite name="listing_pkpl01" timestamp="2025-03-06T18:53:17Z" hostname="355ee698840d" tests="1" skipped="1" failures="0" errors="0" time="0.256">
    <testcase time="0.256" classname="listing_pkpl01" name="PKPL01_listing_is_produced_correctly">
      <skipped message="Reason: On CRAN ('test-listing_pkpl01.R:38:3')"/>
    </testcase>
  </testsuite>
  <testsuite name="listing_pkpl02" timestamp="2025-03-06T18:53:17Z" hostname="355ee698840d" tests="1" skipped="1" failures="0" errors="0" time="0.147">
    <testcase time="0.146999999999998" classname="listing_pkpl02" name="PKPL02_listing_is_produced_correctly">
      <skipped message="Reason: On CRAN ('test-listing_pkpl02.R:37:3')"/>
    </testcase>
  </testsuite>
  <testsuite name="listing_pkpl04" timestamp="2025-03-06T18:53:17Z" hostname="355ee698840d" tests="1" skipped="1" failures="0" errors="0" time="0.213">
    <testcase time="0.213000000000001" classname="listing_pkpl04" name="PKPL04_listing_is_produced_correctly">
      <skipped message="Reason: On CRAN ('test-listing_pkpl04.R:52:3')"/>
    </testcase>
  </testsuite>
  <testsuite name="listing_vsl01" timestamp="2025-03-06T18:53:18Z" hostname="355ee698840d" tests="1" skipped="1" failures="0" errors="0" time="0.436">
    <testcase time="0.435999999999998" classname="listing_vsl01" name="VSL01_listing_is_produced_correctly">
      <skipped message="Reason: On CRAN ('test-listing_vsl01.R:83:3')"/>
    </testcase>
  </testsuite>
  <testsuite name="pagination_listing" timestamp="2025-03-06T18:53:18Z" hostname="355ee698840d" tests="13" skipped="0" failures="0" errors="0" time="6.045">
    <testcase time="0.0410000000000004" classname="pagination_listing" name="Direct_pagination_works_fine"/>
    <testcase time="1.038" classname="pagination_listing" name="Direct_pagination_works_fine"/>
    <testcase time="0.00300000000000011" classname="pagination_listing" name="Direct_pagination_works_fine"/>
    <testcase time="0.911000000000001" classname="pagination_listing" name="Direct_pagination_works_fine"/>
    <testcase time="1.271" classname="pagination_listing" name="Direct_pagination_works_fine"/>
    <testcase time="1.386" classname="pagination_listing" name="pagination_counts_the_right_number_of_lines_when_wrapping_on_keycols_is_present"/>
    <testcase time="0.0069999999999979" classname="pagination_listing" name="pagination_counts_the_right_number_of_lines_when_wrapping_on_keycols_is_present"/>
    <testcase time="0.00500000000000256" classname="pagination_listing" name="pagination_counts_the_right_number_of_lines_when_wrapping_on_keycols_is_present"/>
    <testcase time="0.00300000000000011" classname="pagination_listing" name="pagination_counts_the_right_number_of_lines_when_wrapping_on_keycols_is_present"/>
    <testcase time="1.367" classname="pagination_listing" name="pagination_counts_the_right_number_of_lines_when_wrapping_on_keycols_is_present"/>
    <testcase time="0.00599999999999667" classname="pagination_listing" name="pagination_counts_the_right_number_of_lines_when_wrapping_on_keycols_is_present"/>
    <testcase time="0.00400000000000134" classname="pagination_listing" name="pagination_counts_the_right_number_of_lines_when_wrapping_on_keycols_is_present"/>
    <testcase time="0.00300000000000011" classname="pagination_listing" name="pagination_counts_the_right_number_of_lines_when_wrapping_on_keycols_is_present"/>
  </testsuite>
  <testsuite name="pagination_table" timestamp="2025-03-06T18:53:25Z" hostname="355ee698840d" tests="21" skipped="6" failures="0" errors="0" time="11.971">
    <testcase time="2.043" classname="pagination_table" name="Direct_pagination_with_standard_values"/>
    <testcase time="0.00500000000000256" classname="pagination_table" name="Direct_pagination_with_standard_values"/>
    <testcase time="0.00300000000000011" classname="pagination_table" name="Direct_pagination_with_standard_values"/>
    <testcase time="1.228" classname="pagination_table" name="Pagination_with_specific_column_widths_and_minimum_lines_per_page"/>
    <testcase time="0.00400000000000134" classname="pagination_table" name="Pagination_with_specific_column_widths_and_minimum_lines_per_page"/>
    <testcase time="0.0960000000000001" classname="pagination_table" name="Pagination_with_specific_column_widths_and_minimum_lines_per_page">
      <skipped message="Reason: On CRAN ('test-pagination_table.R:76:3')"/>
    </testcase>
    <testcase time="0.963999999999999" classname="pagination_table" name="Pagination_works_also_if_table_is_decorated"/>
    <testcase time="0.538" classname="pagination_table" name="Pagination_works_also_if_table_is_decorated"/>
    <testcase time="0.818999999999999" classname="pagination_table" name="Pagination_works_also_if_table_is_decorated"/>
    <testcase time="0.678000000000001" classname="pagination_table" name="Pagination_works_also_if_table_is_decorated"/>
    <testcase time="1.366" classname="pagination_table" name="Pagination_works_also_if_table_is_decorated"/>
    <testcase time="0.318000000000001" classname="pagination_table" name="Pagination_works_also_if_table_is_decorated"/>
    <testcase time="0.00300000000000011" classname="pagination_table" name="Pagination_works_also_if_table_is_decorated"/>
    <testcase time="0.00700000000000145" classname="pagination_table" name="Pagination_works_also_if_table_is_decorated">
      <skipped message="Reason: On CRAN ('test-pagination_table.R:126:3')"/>
    </testcase>
    <testcase time="0.727" classname="pagination_table" name="Pagination_works_for_page_types">
      <skipped message="Reason: On CRAN ('test-pagination_table.R:135:3')"/>
    </testcase>
    <testcase time="0.722000000000001" classname="pagination_table" name="Pagination_works_for_page_width_and_height">
      <skipped message="Reason: On CRAN ('test-pagination_table.R:148:3')"/>
    </testcase>
    <testcase time="0.795999999999996" classname="pagination_table" name="Pagination_works_for_page_types">
      <skipped message="Reason: On CRAN ('test-pagination_table.R:162:3')"/>
    </testcase>
    <testcase time="0.859999999999999" classname="pagination_table" name="AET04_variant_2_page_by_pagination_tests"/>
    <testcase time="0.652000000000001" classname="pagination_table" name="AET04_variant_2_page_by_pagination_tests"/>
    <testcase time="0.00199999999999534" classname="pagination_table" name="AET04_variant_2_page_by_pagination_tests"/>
    <testcase time="0.140000000000001" classname="pagination_table" name="AET04_variant_2_page_by_pagination_tests">
      <skipped message="Reason: On CRAN ('test-pagination_table.R:217:3')"/>
    </testcase>
  </testsuite>
  <testsuite name="table_adat03" timestamp="2025-03-06T18:53:36Z" hostname="355ee698840d" tests="2" skipped="1" failures="0" errors="0" time="0.586">
    <testcase time="0.454000000000001" classname="table_adat03" name="ADAT03_is_produced_correctly"/>
    <testcase time="0.131999999999998" classname="table_adat03" name="ADAT03_is_produced_correctly">
      <skipped message="Reason: On CRAN ('test-table_adat03.R:72:3')"/>
    </testcase>
  </testsuite>
  <testsuite name="table_aet01" timestamp="2025-03-06T18:53:37Z" hostname="355ee698840d" tests="8" skipped="4" failures="0" errors="0" time="1.87">
    <testcase time="0.410000000000004" classname="table_aet01" name="Safety_Summary_Variant_1_works_as_expected"/>
    <testcase time="0.0919999999999987" classname="table_aet01" name="Safety_Summary_Variant_1_works_as_expected">
      <skipped message="Reason: On CRAN ('test-table_aet01.R:105:3')"/>
    </testcase>
    <testcase time="0.365000000000002" classname="table_aet01" name="Safety_Summary_Variant_2_with_Medical_Concepts_Section_works_as_expected"/>
    <testcase time="0.106999999999999" classname="table_aet01" name="Safety_Summary_Variant_2_with_Medical_Concepts_Section_works_as_expected">
      <skipped message="Reason: On CRAN ('test-table_aet01.R:172:3')"/>
    </testcase>
    <testcase time="0.292000000000002" classname="table_aet01" name="Safety_Summary_Variant_3_with_Modified_Rows_works_as_expected"/>
    <testcase time="0.0910000000000011" classname="table_aet01" name="Safety_Summary_Variant_3_with_Modified_Rows_works_as_expected">
      <skipped message="Reason: On CRAN ('test-table_aet01.R:233:3')"/>
    </testcase>
    <testcase time="0.392999999999994" classname="table_aet01" name="Safety_Summary_Variant_4_with_Rows_Counting_Events_and_Additional_Sections_works_as_expected"/>
    <testcase time="0.120000000000005" classname="table_aet01" name="Safety_Summary_Variant_4_with_Rows_Counting_Events_and_Additional_Sections_works_as_expected">
      <skipped message="Reason: On CRAN ('test-table_aet01.R:310:3')"/>
    </testcase>
  </testsuite>
  <testsuite name="table_aet01_aesi" timestamp="2025-03-06T18:53:39Z" hostname="355ee698840d" tests="8" skipped="4" failures="0" errors="0" time="2.753">
    <testcase time="0.305" classname="table_aet01_aesi" name="AET01_AESI_Variant_1_works_as_expected"/>
    <testcase time="0.0989999999999966" classname="table_aet01_aesi" name="AET01_AESI_Variant_1_works_as_expected">
      <skipped message="Reason: On CRAN ('test-table_aet01_aesi.R:115:3')"/>
    </testcase>
    <testcase time="0.486000000000004" classname="table_aet01_aesi" name="AET01_AESI_Variant_2_works_as_expected"/>
    <testcase time="0.144999999999996" classname="table_aet01_aesi" name="AET01_AESI_Variant_2_works_as_expected">
      <skipped message="Reason: On CRAN ('test-table_aet01_aesi.R:181:3')"/>
    </testcase>
    <testcase time="0.704000000000001" classname="table_aet01_aesi" name="AET01_AESI_Variant_3_works_as_expected"/>
    <testcase time="0.204000000000001" classname="table_aet01_aesi" name="AET01_AESI_Variant_3_works_as_expected">
      <skipped message="Reason: On CRAN ('test-table_aet01_aesi.R:410:3')"/>
    </testcase>
    <testcase time="0.585000000000001" classname="table_aet01_aesi" name="AET01_AESI_Variant_4_works_as_expected"/>
    <testcase time="0.225000000000001" classname="table_aet01_aesi" name="AET01_AESI_Variant_4_works_as_expected">
      <skipped message="Reason: On CRAN ('test-table_aet01_aesi.R:550:3')"/>
    </testcase>
  </testsuite>
  <testsuite name="table_aet02" timestamp="2025-03-06T18:53:41Z" hostname="355ee698840d" tests="23" skipped="10" failures="0" errors="2" time="7.391">
    <testcase time="0.603000000000002" classname="table_aet02" name="AET02_variant_1_is_produced_correctly"/>
    <testcase time="0.177999999999997" classname="table_aet02" name="AET02_variant_1_is_produced_correctly">
      <skipped message="Reason: On CRAN ('test-table_aet02.R:66:3')"/>
    </testcase>
    <testcase time="0.640000000000001" classname="table_aet02" name="AET02_variant_2_is_produced_correctly"/>
    <testcase time="0.129999999999995" classname="table_aet02" name="AET02_variant_2_is_produced_correctly">
      <error type="error" message="Error in `(function (cond)  ('test-table_aet02.R:129:3')">Error in `(function (cond) 
.Internal(C_tryCatchHelper(addr, 1L, cond)))(structure(list(message = "all(mapdf$row_num == rinfo$abs_rownumber) is not TRUE", 
    call = update_mf_rinfo_extents(mform)), class = c("simpleError", 
"error", "condition")))`: error in evaluating the argument 'x' in selecting a method for function 'toString': all(mapdf$row_num == rinfo$abs_rownumber) is not TRUE
Backtrace:
    x
 1. \-testthat::expect_snapshot(res) at test-table_aet02.R:129:3
 2.   \-rlang::cnd_signal(state$error)</error>
    </testcase>
    <testcase time="0.948" classname="table_aet02" name="AET02_variant_3_is_produced_correctly"/>
    <testcase time="0.296000000000006" classname="table_aet02" name="AET02_variant_3_is_produced_correctly">
      <skipped message="Reason: On CRAN ('test-table_aet02.R:195:3')"/>
    </testcase>
    <testcase time="0.137999999999998" classname="table_aet02" name="AET02_variant_4_is_produced_correctly"/>
    <testcase time="0.097999999999999" classname="table_aet02" name="AET02_variant_4_is_produced_correctly">
      <skipped message="Reason: On CRAN ('test-table_aet02.R:220:3')"/>
    </testcase>
    <testcase time="0.173999999999999" classname="table_aet02" name="AET02_variant_5_is_produced_correctly">
      <error type="error" message="Error: Error applying analysis function (var - AEDECOD): Number of rows generated by analysis function do not match across all columns.  ('test-table_aet02.R:255:3')">Error: Error applying analysis function (var - AEDECOD): Number of rows generated by analysis function do not match across all columns. 
	occured at (row) path: AEBODSYS[GASTROINTESTINAL DISORDERS]
Backtrace:
     x
  1. +-... %&gt;% ... at test-table_aet02.R:255:3
  2. +-rtables::sort_at_path(...)
  3. | \-base::NROW(tt)
  4. +-rtables::sort_at_path(., path = c("AEBODSYS"), scorefun = cont_n_allcols)
  5. | \-base::NROW(tt)
  6. +-rtables::prune_table(.)
  7. | \-methods::is(tt, "TableRow")
  8. \-rtables::build_table(lyt, df = adae_5, alt_counts_df = adsl)
  9.   \-base::lapply(...)
 10.     \-rtables (local) FUN(X[[i]], ...)
 11.       \-rtables:::recursive_applysplit(...)
 12.         +-rtables:::.make_split_kids(...)
 13.         \-rtables:::.make_split_kids(...)
 14.           \-rtables (local) .local(spl, have_controws, make_lrow, ...)
 15.             +-base::unlist(...)
 16.             \-base::mapply(...)
 17.               \-rtables (local) `&lt;fn&gt;`(...)
 18.                 \-rtables:::recursive_applysplit(...)
 19.                   +-rtables:::.make_split_kids(...)
 20.                   \-rtables:::.make_split_kids(...)
 21.                     \-rtables (local) .local(spl, have_controws, make_lrow, ...)
 22.                       \-rtables:::.make_analyzed_tab(...)</error>
    </testcase>
    <testcase time="0.712000000000003" classname="table_aet02" name="AET02_variant_6_is_produced_correctly"/>
    <testcase time="0.0849999999999937" classname="table_aet02" name="AET02_variant_6_is_produced_correctly">
      <skipped message="Reason: On CRAN ('test-table_aet02.R:314:3')"/>
    </testcase>
    <testcase time="0.919000000000004" classname="table_aet02" name="AET02_variant_7_is_produced_correctly"/>
    <testcase time="0.128999999999998" classname="table_aet02" name="AET02_variant_7_is_produced_correctly">
      <skipped message="Reason: On CRAN ('test-table_aet02.R:377:3')"/>
    </testcase>
    <testcase time="0.387" classname="table_aet02" name="AET02_variant_8_is_produced_correctly"/>
    <testcase time="0.0600000000000023" classname="table_aet02" name="AET02_variant_8_is_produced_correctly">
      <skipped message="Reason: On CRAN ('test-table_aet02.R:424:3')"/>
    </testcase>
    <testcase time="0.394999999999996" classname="table_aet02" name="AET02_variant_9_is_produced_correctly"/>
    <testcase time="0.0930000000000035" classname="table_aet02" name="AET02_variant_9_is_produced_correctly">
      <skipped message="Reason: On CRAN ('test-table_aet02.R:471:3')"/>
    </testcase>
    <testcase time="0.400999999999996" classname="table_aet02" name="AET02_variant_10_is_produced_correctly"/>
    <testcase time="0.0730000000000004" classname="table_aet02" name="AET02_variant_10_is_produced_correctly">
      <skipped message="Reason: On CRAN ('test-table_aet02.R:518:3')"/>
    </testcase>
    <testcase time="0.389000000000003" classname="table_aet02" name="AET02_variant_11_is_produced_correctly"/>
    <testcase time="0.0589999999999975" classname="table_aet02" name="AET02_variant_11_is_produced_correctly">
      <skipped message="Reason: On CRAN ('test-table_aet02.R:565:3')"/>
    </testcase>
    <testcase time="0.414000000000001" classname="table_aet02" name="AET02_variant_12_is_produced_correctly"/>
    <testcase time="0.0700000000000003" classname="table_aet02" name="AET02_variant_12_is_produced_correctly">
      <skipped message="Reason: On CRAN ('test-table_aet02.R:611:3')"/>
    </testcase>
  </testsuite>
  <testsuite name="table_aet02_smq" timestamp="2025-03-06T18:53:49Z" hostname="355ee698840d" tests="4" skipped="2" failures="0" errors="0" time="0.423">
    <testcase time="0.127000000000002" classname="table_aet02_smq" name="AET02SMQ_variant_1_is_produced_correctly"/>
    <testcase time="0.0629999999999953" classname="table_aet02_smq" name="AET02SMQ_variant_1_is_produced_correctly">
      <skipped message="Reason: On CRAN ('test-table_aet02_smq.R:52:3')"/>
    </testcase>
    <testcase time="0.161999999999999" classname="table_aet02_smq" name="AET02SMQ_variant_2_is_produced_correctly"/>
    <testcase time="0.070999999999998" classname="table_aet02_smq" name="AET02SMQ_variant_2_is_produced_correctly">
      <skipped message="Reason: On CRAN ('test-table_aet02_smq.R:91:3')"/>
    </testcase>
  </testsuite>
  <testsuite name="table_aet03" timestamp="2025-03-06T18:53:49Z" hostname="355ee698840d" tests="2" skipped="1" failures="0" errors="0" time="1.525">
    <testcase time="1.125" classname="table_aet03" name="AET03_variant_1_is_produced_correctly"/>
    <testcase time="0.399999999999999" classname="table_aet03" name="AET03_variant_1_is_produced_correctly">
      <skipped message="Reason: On CRAN ('test-table_aet03.R:77:3')"/>
    </testcase>
  </testsuite>
  <testsuite name="table_aet04" timestamp="2025-03-06T18:53:51Z" hostname="355ee698840d" tests="16" skipped="8" failures="0" errors="0" time="5.553">
    <testcase time="0.723999999999997" classname="table_aet04" name="AET04_variant_1_is_produced_correctly"/>
    <testcase time="0.316000000000003" classname="table_aet04" name="AET04_variant_1_is_produced_correctly">
      <skipped message="Reason: On CRAN ('test-table_aet04.R:108:3')"/>
    </testcase>
    <testcase time="0.704000000000001" classname="table_aet04" name="AET04_variant_2_is_produced_correctly_Fill_in_of_Treatment_Groups_"/>
    <testcase time="0.259" classname="table_aet04" name="AET04_variant_2_is_produced_correctly_Fill_in_of_Treatment_Groups_">
      <skipped message="Reason: On CRAN ('test-table_aet04.R:190:3')"/>
    </testcase>
    <testcase time="0.717999999999996" classname="table_aet04" name="AET04_variant_3_is_produced_correctly_Fill_in_of_Grades_"/>
    <testcase time="0.319000000000003" classname="table_aet04" name="AET04_variant_3_is_produced_correctly_Fill_in_of_Grades_">
      <skipped message="Reason: On CRAN ('test-table_aet04.R:269:3')"/>
    </testcase>
    <testcase time="0.699999999999996" classname="table_aet04" name="AET04_variant_4_is_produced_correctly_Collapsing_of_Grades_grades_1_2_grades_3_4_5_"/>
    <testcase time="0.321000000000005" classname="table_aet04" name="AET04_variant_4_is_produced_correctly_Collapsing_of_Grades_grades_1_2_grades_3_4_5_">
      <skipped message="Reason: On CRAN ('test-table_aet04.R:354:3')"/>
    </testcase>
    <testcase time="0.732999999999997" classname="table_aet04" name="AET04_variant_6_is_produced_correctly_with_an_Incidence_Rate_of_at_Least_5_totals_restricted_"/>
    <testcase time="0.317" classname="table_aet04" name="AET04_variant_6_is_produced_correctly_with_an_Incidence_Rate_of_at_Least_5_totals_restricted_">
      <skipped message="Reason: On CRAN ('test-table_aet04.R:465:5')"/>
    </testcase>
    <testcase time="0.017000000000003" classname="table_aet04" name="AET04_variant_8_is_produced_correctly_with_an_Incidence_Rate_of_at_Least_X_Patients_"/>
    <testcase time="0.00600000000000023" classname="table_aet04" name="AET04_variant_8_is_produced_correctly_with_an_Incidence_Rate_of_at_Least_X_Patients_">
      <skipped message="Reason: On CRAN ('test-table_aet04.R:486:3')"/>
    </testcase>
    <testcase time="0.019999999999996" classname="table_aet04" name="AET04_variant_9_is_produced_correctly_with_a_Difference_in_Incidence_Rate_of_at_Least_X_"/>
    <testcase time="0.261000000000003" classname="table_aet04" name="AET04_variant_9_is_produced_correctly_with_a_Difference_in_Incidence_Rate_of_at_Least_X_">
      <skipped message="Reason: On CRAN ('test-table_aet04.R:502:3')"/>
    </testcase>
    <testcase time="0.0180000000000007" classname="table_aet04" name="AET04_variant_11_is_produced_correctly_with_Incidence_Rate_of_at_Least_X_all_SOCs_w_o_preferred_terms_removed_"/>
    <testcase time="0.119999999999997" classname="table_aet04" name="AET04_variant_11_is_produced_correctly_with_Incidence_Rate_of_at_Least_X_all_SOCs_w_o_preferred_terms_removed_">
      <skipped message="Reason: On CRAN ('test-table_aet04.R:524:5')"/>
    </testcase>
  </testsuite>
  <testsuite name="table_aet04_pi" timestamp="2025-03-06T18:53:56Z" hostname="355ee698840d" tests="18" skipped="9" failures="0" errors="0" time="6.95">
    <testcase time="0.622" classname="table_aet04_pi" name="AET04_PI_full_table_is_produced_correctly"/>
    <testcase time="0.231000000000002" classname="table_aet04_pi" name="AET04_PI_full_table_is_produced_correctly">
      <skipped message="Reason: On CRAN ('test-table_aet04_pi.R:66:3')"/>
    </testcase>
    <testcase time="0.637" classname="table_aet04_pi" name="AET04_PI_variant_1_is_produced_correctly"/>
    <testcase time="0.173999999999999" classname="table_aet04_pi" name="AET04_PI_variant_1_is_produced_correctly">
      <skipped message="Reason: On CRAN ('test-table_aet04_pi.R:88:3')"/>
    </testcase>
    <testcase time="0.650999999999996" classname="table_aet04_pi" name="AET04_PI_variant_2_is_produced_correctly"/>
    <testcase time="0.115000000000002" classname="table_aet04_pi" name="AET04_PI_variant_2_is_produced_correctly">
      <skipped message="Reason: On CRAN ('test-table_aet04_pi.R:111:3')"/>
    </testcase>
    <testcase time="0.642000000000003" classname="table_aet04_pi" name="AET04_PI_variant_3_is_produced_correctly"/>
    <testcase time="0.137" classname="table_aet04_pi" name="AET04_PI_variant_3_is_produced_correctly">
      <skipped message="Reason: On CRAN ('test-table_aet04_pi.R:134:3')"/>
    </testcase>
    <testcase time="0.640999999999998" classname="table_aet04_pi" name="AET04_PI_variant_4_is_produced_correctly"/>
    <testcase time="0.100000000000001" classname="table_aet04_pi" name="AET04_PI_variant_4_is_produced_correctly">
      <skipped message="Reason: On CRAN ('test-table_aet04_pi.R:158:3')"/>
    </testcase>
    <testcase time="0.626999999999995" classname="table_aet04_pi" name="AET04_PI_variant_5_is_produced_correctly"/>
    <testcase time="0.151999999999994" classname="table_aet04_pi" name="AET04_PI_variant_5_is_produced_correctly">
      <skipped message="Reason: On CRAN ('test-table_aet04_pi.R:182:3')"/>
    </testcase>
    <testcase time="0.788000000000004" classname="table_aet04_pi" name="AET04_PI_variant_6_is_produced_correctly"/>
    <testcase time="0.161000000000001" classname="table_aet04_pi" name="AET04_PI_variant_6_is_produced_correctly">
      <skipped message="Reason: On CRAN ('test-table_aet04_pi.R:233:3')"/>
    </testcase>
    <testcase time="0.786999999999999" classname="table_aet04_pi" name="AET04_PI_variant_7_is_produced_correctly"/>
    <testcase time="0.158000000000001" classname="table_aet04_pi" name="AET04_PI_variant_7_is_produced_correctly">
      <skipped message="Reason: On CRAN ('test-table_aet04_pi.R:284:3')"/>
    </testcase>
    <testcase time="0.196999999999996" classname="table_aet04_pi" name="AET04_PI_variant_8_is_produced_correctly"/>
    <testcase time="0.130000000000003" classname="table_aet04_pi" name="AET04_PI_variant_8_is_produced_correctly">
      <skipped message="Reason: On CRAN ('test-table_aet04_pi.R:318:3')"/>
    </testcase>
  </testsuite>
  <testsuite name="table_aet05" timestamp="2025-03-06T18:54:03Z" hostname="355ee698840d" tests="4" skipped="2" failures="0" errors="0" time="0.301">
    <testcase time="0.125" classname="table_aet05" name="AET05_variant_1_is_produced_correctly"/>
    <testcase time="0.046999999999997" classname="table_aet05" name="AET05_variant_1_is_produced_correctly">
      <skipped message="Reason: On CRAN ('test-table_aet05.R:38:3')"/>
    </testcase>
    <testcase time="0.0670000000000002" classname="table_aet05" name="AET05_variant_2_is_produced_correctly"/>
    <testcase time="0.0620000000000047" classname="table_aet05" name="AET05_variant_2_is_produced_correctly">
      <skipped message="Reason: On CRAN ('test-table_aet05.R:53:3')"/>
    </testcase>
  </testsuite>
  <testsuite name="table_aet05_all" timestamp="2025-03-06T18:54:03Z" hostname="355ee698840d" tests="4" skipped="2" failures="0" errors="0" time="0.288">
    <testcase time="0.113999999999997" classname="table_aet05_all" name="AET05_ALL_variant_1_is_produced_correctly"/>
    <testcase time="0.0619999999999976" classname="table_aet05_all" name="AET05_ALL_variant_1_is_produced_correctly">
      <skipped message="Reason: On CRAN ('test-table_aet05_all.R:32:3')"/>
    </testcase>
    <testcase time="0.0660000000000025" classname="table_aet05_all" name="AET05_ALL_variant_2_is_produced_correctly"/>
    <testcase time="0.0460000000000065" classname="table_aet05_all" name="AET05_ALL_variant_2_is_produced_correctly">
      <skipped message="Reason: On CRAN ('test-table_aet05_all.R:47:3')"/>
    </testcase>
  </testsuite>
  <testsuite name="table_aet06" timestamp="2025-03-06T18:54:04Z" hostname="355ee698840d" tests="5" skipped="2" failures="0" errors="1" time="2.973">
    <testcase time="0.611999999999995" classname="table_aet06" name="AET06_variant_1_is_produced_correctly"/>
    <testcase time="0.240000000000002" classname="table_aet06" name="AET06_variant_1_is_produced_correctly">
      <skipped message="Reason: On CRAN ('test-table_aet06.R:97:3')"/>
    </testcase>
    <testcase time="0.530999999999999" classname="table_aet06" name="AET06_variant_3_is_produced_correctly">
      <error type="error" message="Error: Error applying analysis function (var - AEDECOD): Number of rows generated by analysis function do not match across all columns.  ('test-table_aet06.R:132:3')">Error: Error applying analysis function (var - AEDECOD): Number of rows generated by analysis function do not match across all columns. 
Perhaps convert analysis variable AEDECOD to a factor?
	occured at (row) path: AEBODSYS[GENERAL DISORDERS AND ADMINISTRATION SITE CONDITIONS]
Backtrace:
     x
  1. +-... %&gt;% ... at test-table_aet06.R:132:3
  2. +-rtables::sort_at_path(...)
  3. | \-base::NROW(tt)
  4. +-rtables::sort_at_path(., path = c("AEBODSYS"), scorefun = cont_n_allcols)
  5. | \-base::NROW(tt)
  6. +-rtables::prune_table(.)
  7. | \-methods::is(tt, "TableRow")
  8. \-rtables::build_table(lyt = lyt, df = adae, alt_counts_df = adsl)
  9.   \-base::lapply(...)
 10.     \-rtables (local) FUN(X[[i]], ...)
 11.       \-rtables:::recursive_applysplit(...)
 12.         +-rtables:::.make_split_kids(...)
 13.         \-rtables:::.make_split_kids(...)
 14.           \-rtables (local) .local(spl, have_controws, make_lrow, ...)
 15.             +-base::unlist(...)
 16.             \-base::mapply(...)
 17.               \-rtables (local) `&lt;fn&gt;`(...)
 18.                 \-rtables:::recursive_applysplit(...)
 19.                   +-rtables:::.make_split_kids(...)
 20.                   \-rtables:::.make_split_kids(...)
 21.                     \-rtables (local) .local(spl, have_controws, make_lrow, ...)
 22.                       \-rtables:::.make_analyzed_tab(...)</error>
    </testcase>
    <testcase time="1.229" classname="table_aet06" name="AET06_variant_5_is_produced_correctly"/>
    <testcase time="0.361000000000004" classname="table_aet06" name="AET06_variant_5_is_produced_correctly">
      <skipped message="Reason: On CRAN ('test-table_aet06.R:193:3')"/>
    </testcase>
  </testsuite>
  <testsuite name="table_aet06_smq" timestamp="2025-03-06T18:54:07Z" hostname="355ee698840d" tests="3" skipped="1" failures="0" errors="1" time="0.667">
    <testcase time="0.343999999999994" classname="table_aet06_smq" name="AET06_SMQ_variant_1_is_produced_correctly"/>
    <testcase time="0.109999999999999" classname="table_aet06_smq" name="AET06_SMQ_variant_1_is_produced_correctly">
      <skipped message="Reason: On CRAN ('test-table_aet06_smq.R:73:3')"/>
    </testcase>
    <testcase time="0.213000000000008" classname="table_aet06_smq" name="AET06_SMQ_variant_2_is_produced_correctly">
      <error type="error" message="Error: Error applying analysis function (var - AEDECOD): Number of rows generated by analysis function do not match across all columns.  ('test-table_aet06_smq.R:156:3')">Error: Error applying analysis function (var - AEDECOD): Number of rows generated by analysis function do not match across all columns. 
Perhaps convert analysis variable AEDECOD to a factor?
	occured at (row) path: SMQ[SMQ 1 (broad)]
Backtrace:
     x
  1. +-build_table(lyt, adae_f, alt_counts_df = adsl) %&gt;% ... at test-table_aet06_smq.R:156:3
  2. +-rtables::sort_at_path(., path = c("SMQ", "*", "AEDECOD"), scorefun = score_occurrences)
  3. | \-base::NROW(tt)
  4. \-rtables::build_table(lyt, adae_f, alt_counts_df = adsl)
  5.   \-base::lapply(...)
  6.     \-rtables (local) FUN(X[[i]], ...)
  7.       \-rtables:::recursive_applysplit(...)
  8.         +-rtables:::.make_split_kids(...)
  9.         \-rtables:::.make_split_kids(...)
 10.           \-rtables (local) .local(spl, have_controws, make_lrow, ...)
 11.             +-base::unlist(...)
 12.             \-base::mapply(...)
 13.               \-rtables (local) `&lt;fn&gt;`(...)
 14.                 \-rtables:::recursive_applysplit(...)
 15.                   +-rtables:::.make_split_kids(...)
 16.                   \-rtables:::.make_split_kids(...)
 17.                     \-rtables (local) .local(spl, have_controws, make_lrow, ...)
 18.                       \-rtables:::.make_analyzed_tab(...)</error>
    </testcase>
  </testsuite>
  <testsuite name="table_aet07" timestamp="2025-03-06T18:54:07Z" hostname="355ee698840d" tests="4" skipped="2" failures="0" errors="0" time="0.218">
    <testcase time="0.106999999999999" classname="table_aet07" name="AET07_variant_1_is_produced_correctly"/>
    <testcase time="0.027000000000001" classname="table_aet07" name="AET07_variant_1_is_produced_correctly">
      <skipped message="Reason: On CRAN ('test-table_aet07.R:49:3')"/>
    </testcase>
    <testcase time="0.0559999999999974" classname="table_aet07" name="AET07_variant_2_is_produced_correctly"/>
    <testcase time="0.0279999999999916" classname="table_aet07" name="AET07_variant_2_is_produced_correctly">
      <skipped message="Reason: On CRAN ('test-table_aet07.R:78:3')"/>
    </testcase>
  </testsuite>
  <testsuite name="table_aet09" timestamp="2025-03-06T18:54:08Z" hostname="355ee698840d" tests="4" skipped="2" failures="0" errors="0" time="1.901">
    <testcase time="0.529000000000011" classname="table_aet09" name="AET09_variant_1_is_produced_correctly_AE_related_to_study_drug"/>
    <testcase time="0.177999999999997" classname="table_aet09" name="AET09_variant_1_is_produced_correctly_AE_related_to_study_drug">
      <skipped message="Reason: On CRAN ('test-table_aet09.R:46:3')"/>
    </testcase>
    <testcase time="0.918999999999997" classname="table_aet09" name="AET09_variant_2_is_produced_correctly_AE_related_to_study_drug_including_high_level_terms_"/>
    <testcase time="0.275000000000006" classname="table_aet09" name="AET09_variant_2_is_produced_correctly_AE_related_to_study_drug_including_high_level_terms_">
      <skipped message="Reason: On CRAN ('test-table_aet09.R:103:3')"/>
    </testcase>
  </testsuite>
  <testsuite name="table_aet09_smq" timestamp="2025-03-06T18:54:10Z" hostname="355ee698840d" tests="4" skipped="2" failures="0" errors="0" time="0.476">
    <testcase time="0.128999999999991" classname="table_aet09_smq" name="AET09_variant_1_AEs_related_to_study_drug_by_SMQ_is_produced_correctly"/>
    <testcase time="0.054000000000002" classname="table_aet09_smq" name="AET09_variant_1_AEs_related_to_study_drug_by_SMQ_is_produced_correctly">
      <skipped message="Reason: On CRAN ('test-table_aet09_smq.R:69:3')"/>
    </testcase>
    <testcase time="0.210000000000008" classname="table_aet09_smq" name="AET09_variant_2_AEs_related_to_study_drug_by_SMQ_with_customized_queries_is_produced_correctly"/>
    <testcase time="0.0829999999999984" classname="table_aet09_smq" name="AET09_variant_2_AEs_related_to_study_drug_by_SMQ_with_customized_queries_is_produced_correctly">
      <skipped message="Reason: On CRAN ('test-table_aet09_smq.R:128:5')"/>
    </testcase>
  </testsuite>
  <testsuite name="table_aet10" timestamp="2025-03-06T18:54:10Z" hostname="355ee698840d" tests="2" skipped="1" failures="0" errors="0" time="0.16">
    <testcase time="0.117000000000004" classname="table_aet10" name="AET10_default_variant_is_produced_correctly"/>
    <testcase time="0.0430000000000064" classname="table_aet10" name="AET10_default_variant_is_produced_correctly">
      <skipped message="Reason: On CRAN ('test-table_aet10.R:23:3')"/>
    </testcase>
  </testsuite>
  <testsuite name="table_aovt01" timestamp="2025-03-06T18:54:10Z" hostname="355ee698840d" tests="4" skipped="2" failures="0" errors="0" time="1.117">
    <testcase time="0.313000000000002" classname="table_aovt01" name="AOVT01_variant_with_single_endpoint_is_produced_correctly"/>
    <testcase time="0.0719999999999885" classname="table_aovt01" name="AOVT01_variant_with_single_endpoint_is_produced_correctly">
      <skipped message="Reason: On CRAN ('test-table_aovt01.R:33:3')"/>
    </testcase>
    <testcase time="0.590000000000003" classname="table_aovt01" name="AOVT01_variant_with_multiple_endpoints_is_produced_correctly"/>
    <testcase time="0.141999999999996" classname="table_aovt01" name="AOVT01_variant_with_multiple_endpoints_is_produced_correctly">
      <skipped message="Reason: On CRAN ('test-table_aovt01.R:52:3')"/>
    </testcase>
  </testsuite>
  <testsuite name="table_aovt02" timestamp="2025-03-06T18:54:11Z" hostname="355ee698840d" tests="2" skipped="1" failures="0" errors="0" time="0.391">
    <testcase time="0.319000000000003" classname="table_aovt02" name="AOVT02_is_produced_correctly"/>
    <testcase time="0.0720000000000027" classname="table_aovt02" name="AOVT02_is_produced_correctly">
      <skipped message="Reason: On CRAN ('test-table_aovt02.R:42:3')"/>
    </testcase>
  </testsuite>
  <testsuite name="table_aovt03" timestamp="2025-03-06T18:54:12Z" hostname="355ee698840d" tests="2" skipped="1" failures="0" errors="0" time="0.892">
    <testcase time="0.731999999999999" classname="table_aovt03" name="AOVT03_is_produced_correctly"/>
    <testcase time="0.159999999999997" classname="table_aovt03" name="AOVT03_is_produced_correctly">
      <skipped message="Reason: On CRAN ('test-table_aovt03.R:44:3')"/>
    </testcase>
  </testsuite>
  <testsuite name="table_cfbt01" timestamp="2025-03-06T18:54:13Z" hostname="355ee698840d" tests="2" skipped="1" failures="0" errors="0" time="0.647">
    <testcase time="0.432000000000002" classname="table_cfbt01" name="CFBT01_default_variant_is_produced_correctly"/>
    <testcase time="0.215000000000003" classname="table_cfbt01" name="CFBT01_default_variant_is_produced_correctly">
      <skipped message="Reason: On CRAN ('test-table_cfbt01.R:64:3')"/>
    </testcase>
  </testsuite>
  <testsuite name="table_cmht01" timestamp="2025-03-06T18:54:13Z" hostname="355ee698840d" tests="4" skipped="2" failures="0" errors="0" time="1.76">
    <testcase time="0.444999999999993" classname="table_cmht01" name="CMHT01_variant_1_is_produced_correctly"/>
    <testcase time="0.078000000000003" classname="table_cmht01" name="CMHT01_variant_1_is_produced_correctly">
      <skipped message="Reason: On CRAN ('test-table_cmht01.R:58:3')"/>
    </testcase>
    <testcase time="0.972000000000008" classname="table_cmht01" name="CMHT01_variant_2_is_produced_correctly"/>
    <testcase time="0.265000000000001" classname="table_cmht01" name="CMHT01_variant_2_is_produced_correctly">
      <skipped message="Reason: On CRAN ('test-table_cmht01.R:122:3')"/>
    </testcase>
  </testsuite>
  <testsuite name="table_cmt01" timestamp="2025-03-06T18:54:15Z" hostname="355ee698840d" tests="5" skipped="1" failures="0" errors="3" time="2.164">
    <testcase time="0.287999999999997" classname="table_cmt01" name="CMT01_default_variant_Concomitant_medications_is_produced_correctly">
      <error type="error" message="Error: Error applying analysis function (var - CMDECOD): Number of rows generated by analysis function do not match across all columns.  ('test-table_cmt01.R:7:3')">Error: Error applying analysis function (var - CMDECOD): Number of rows generated by analysis function do not match across all columns. 
Perhaps convert analysis variable CMDECOD to a factor?
	occured at (row) path: CMCLAS[RESPIRATORY SYSTEM]
Backtrace:
     x
  1. +-... %&gt;% ... at test-table_cmt01.R:7:3
  2. +-rtables::sort_at_path(...)
  3. | \-base::NROW(tt)
  4. \-rtables::build_table(., adcm_c, alt_counts_df = adsl)
  5.   \-base::lapply(...)
  6.     \-rtables (local) FUN(X[[i]], ...)
  7.       \-rtables:::recursive_applysplit(...)
  8.         +-rtables:::.make_split_kids(...)
  9.         \-rtables:::.make_split_kids(...)
 10.           \-rtables (local) .local(spl, have_controws, make_lrow, ...)
 11.             +-base::unlist(...)
 12.             \-base::mapply(...)
 13.               \-rtables (local) `&lt;fn&gt;`(...)
 14.                 \-rtables:::recursive_applysplit(...)
 15.                   +-rtables:::.make_split_kids(...)
 16.                   \-rtables:::.make_split_kids(...)
 17.                     \-rtables (local) .local(spl, have_controws, make_lrow, ...)
 18.                       \-rtables:::.make_analyzed_tab(...)</error>
    </testcase>
    <testcase time="0.864999999999995" classname="table_cmt01" name="CMT01_variant_1_prior_medications_is_produced_correctly"/>
    <testcase time="0.299999999999997" classname="table_cmt01" name="CMT01_variant_1_prior_medications_is_produced_correctly">
      <skipped message="Reason: On CRAN ('test-table_cmt01.R:71:3')"/>
    </testcase>
    <testcase time="0.279000000000011" classname="table_cmt01" name="CMT01_variant_3_Concomitant_medications_is_produced_correctly">
      <error type="error" message="Error: Error applying analysis function (var - CMDECOD): Number of rows generated by analysis function do not match across all columns.  ('test-table_cmt01.R:77:3')">Error: Error applying analysis function (var - CMDECOD): Number of rows generated by analysis function do not match across all columns. 
Perhaps convert analysis variable CMDECOD to a factor?
	occured at (row) path: CMCLAS[RESPIRATORY SYSTEM]
Backtrace:
     x
  1. +-... %&gt;% ... at test-table_cmt01.R:77:3
  2. +-rtables::sort_at_path(...)
  3. | \-base::NROW(tt)
  4. \-rtables::build_table(., adcm_c, alt_counts_df = adsl)
  5.   \-base::lapply(...)
  6.     \-rtables (local) FUN(X[[i]], ...)
  7.       \-rtables:::recursive_applysplit(...)
  8.         +-rtables:::.make_split_kids(...)
  9.         \-rtables:::.make_split_kids(...)
 10.           \-rtables (local) .local(spl, have_controws, make_lrow, ...)
 11.             +-base::unlist(...)
 12.             \-base::mapply(...)
 13.               \-rtables (local) `&lt;fn&gt;`(...)
 14.                 \-rtables:::recursive_applysplit(...)
 15.                   +-rtables:::.make_split_kids(...)
 16.                   \-rtables:::.make_split_kids(...)
 17.                     \-rtables (local) .local(spl, have_controws, make_lrow, ...)
 18.                       \-rtables:::.make_analyzed_tab(...)</error>
    </testcase>
    <testcase time="0.431999999999988" classname="table_cmt01" name="CMT01_variant_4_Concomitant_medications_is_produced_correctly">
      <error type="error" message="Error: Error applying analysis function (var - CMDECOD): Number of rows generated by analysis function do not match across all columns.  ('test-table_cmt01.R:110:3')">Error: Error applying analysis function (var - CMDECOD): Number of rows generated by analysis function do not match across all columns. 
Perhaps convert analysis variable CMDECOD to a factor?
	occured at (row) path: CMCLAS[RESPIRATORY SYSTEM]
Backtrace:
     x
  1. +-... %&gt;% ... at test-table_cmt01.R:110:3
  2. +-rtables::sort_at_path(...)
  3. | \-base::NROW(tt)
  4. +-rtables::sort_at_path(...)
  5. | \-base::NROW(tt)
  6. \-rtables::build_table(., adcm_c, alt_counts_df = adsl)
  7.   \-base::lapply(...)
  8.     \-rtables (local) FUN(X[[i]], ...)
  9.       \-rtables:::recursive_applysplit(...)
 10.         +-rtables:::.make_split_kids(...)
 11.         \-rtables:::.make_split_kids(...)
 12.           \-rtables (local) .local(spl, have_controws, make_lrow, ...)
 13.             +-base::unlist(...)
 14.             \-base::mapply(...)
 15.               \-rtables (local) `&lt;fn&gt;`(...)
 16.                 \-rtables:::recursive_applysplit(...)
 17.                   +-rtables:::.make_split_kids(...)
 18.                   \-rtables:::.make_split_kids(...)
 19.                     \-rtables (local) .local(spl, have_controws, make_lrow, ...)
 20.                       \-rtables:::.make_analyzed_tab(...)</error>
    </testcase>
  </testsuite>
  <testsuite name="table_cmt01a" timestamp="2025-03-06T18:54:17Z" hostname="355ee698840d" tests="4" skipped="0" failures="0" errors="4" time="3.596">
    <testcase time="1.05300000000001" classname="table_cmt01a" name="CMT01A_variant_1_is_produced_correctly">
      <error type="error" message="Error: Error applying analysis function (var - CMDECOD): Number of rows generated by analysis function do not match across all columns.  ('test-table_cmt01a.R:50:3')">Error: Error applying analysis function (var - CMDECOD): Number of rows generated by analysis function do not match across all columns. 
	occured at (row) path: ATC2[ATCCLAS2_8]
Backtrace:
     x
  1. +-... %&gt;% ... at test-table_cmt01a.R:50:3
  2. +-rtables::sort_at_path(., path = c("ATC2", "*", "CMDECOD"), scorefun = score_occurrences)
  3. | \-base::NROW(tt)
  4. +-rtables::prune_table(.)
  5. | \-methods::is(tt, "TableRow")
  6. \-rtables::build_table(lyt = lyt, df = adcm, alt_counts_df = adsl)
  7.   \-base::lapply(...)
  8.     \-rtables (local) FUN(X[[i]], ...)
  9.       \-rtables:::recursive_applysplit(...)
 10.         +-rtables:::.make_split_kids(...)
 11.         \-rtables:::.make_split_kids(...)
 12.           \-rtables (local) .local(spl, have_controws, make_lrow, ...)
 13.             +-base::unlist(...)
 14.             \-base::mapply(...)
 15.               \-rtables (local) `&lt;fn&gt;`(...)
 16.                 \-rtables:::recursive_applysplit(...)
 17.                   +-rtables:::.make_split_kids(...)
 18.                   \-rtables:::.make_split_kids(...)
 19.                     \-rtables (local) .local(spl, have_controws, make_lrow, ...)
 20.                       \-rtables:::.make_analyzed_tab(...)</error>
    </testcase>
    <testcase time="0.798999999999992" classname="table_cmt01a" name="CMT01A_variant_2_is_produced_correctly">
      <error type="error" message="Error: Error applying analysis function (var - CMDECOD): Number of rows generated by analysis function do not match across all columns.  ('test-table_cmt01a.R:96:3')">Error: Error applying analysis function (var - CMDECOD): Number of rows generated by analysis function do not match across all columns. 
	occured at (row) path: ATC1[ATCCLAS1_8]
Backtrace:
     x
  1. +-... %&gt;% ... at test-table_cmt01a.R:96:3
  2. +-rtables::sort_at_path(., path = c("ATC1", "*", "CMDECOD"), scorefun = score_occurrences)
  3. | \-base::NROW(tt)
  4. +-rtables::prune_table(.)
  5. | \-methods::is(tt, "TableRow")
  6. \-rtables::build_table(lyt = lyt, df = adcm, alt_counts_df = adsl)
  7.   \-base::lapply(...)
  8.     \-rtables (local) FUN(X[[i]], ...)
  9.       \-rtables:::recursive_applysplit(...)
 10.         +-rtables:::.make_split_kids(...)
 11.         \-rtables:::.make_split_kids(...)
 12.           \-rtables (local) .local(spl, have_controws, make_lrow, ...)
 13.             +-base::unlist(...)
 14.             \-base::mapply(...)
 15.               \-rtables (local) `&lt;fn&gt;`(...)
 16.                 \-rtables:::recursive_applysplit(...)
 17.                   +-rtables:::.make_split_kids(...)
 18.                   \-rtables:::.make_split_kids(...)
 19.                     \-rtables (local) .local(spl, have_controws, make_lrow, ...)
 20.                       \-rtables:::.make_analyzed_tab(...)</error>
    </testcase>
    <testcase time="0.856999999999999" classname="table_cmt01a" name="CMT01A_variant_3_is_produced_correctly">
      <error type="error" message="Error: Error applying analysis function (var - CMDECOD): Number of rows generated by analysis function do not match across all columns.  ('test-table_cmt01a.R:142:3')">Error: Error applying analysis function (var - CMDECOD): Number of rows generated by analysis function do not match across all columns. 
	occured at (row) path: ATC2[ATCCLAS2_8]
Backtrace:
     x
  1. +-... %&gt;% ... at test-table_cmt01a.R:142:3
  2. +-rtables::sort_at_path(., path = c("ATC2", "*", "CMDECOD"), scorefun = score_occurrences)
  3. | \-base::NROW(tt)
  4. +-rtables::sort_at_path(., path = c("ATC2"), scorefun = cont_n_allcols)
  5. | \-base::NROW(tt)
  6. +-rtables::prune_table(.)
  7. | \-methods::is(tt, "TableRow")
  8. \-rtables::build_table(lyt = lyt, df = adcm, alt_counts_df = adsl)
  9.   \-base::lapply(...)
 10.     \-rtables (local) FUN(X[[i]], ...)
 11.       \-rtables:::recursive_applysplit(...)
 12.         +-rtables:::.make_split_kids(...)
 13.         \-rtables:::.make_split_kids(...)
 14.           \-rtables (local) .local(spl, have_controws, make_lrow, ...)
 15.             +-base::unlist(...)
 16.             \-base::mapply(...)
 17.               \-rtables (local) `&lt;fn&gt;`(...)
 18.                 \-rtables:::recursive_applysplit(...)
 19.                   +-rtables:::.make_split_kids(...)
 20.                   \-rtables:::.make_split_kids(...)
 21.                     \-rtables (local) .local(spl, have_controws, make_lrow, ...)
 22.                       \-rtables:::.make_analyzed_tab(...)</error>
    </testcase>
    <testcase time="0.887" classname="table_cmt01a" name="CMT01A_variant_4_is_produced_correctly">
      <error type="error" message="Error: Error applying analysis function (var - CMDECOD): Number of rows generated by analysis function do not match across all columns.  ('test-table_cmt01a.R:184:3')">Error: Error applying analysis function (var - CMDECOD): Number of rows generated by analysis function do not match across all columns. 
	occured at (row) path: ATC2[ATCCLAS2_8]
Backtrace:
     x
  1. +-... %&gt;% ... at test-table_cmt01a.R:184:3
  2. +-rtables::sort_at_path(., path = c("ATC2", "*", "CMDECOD"), scorefun = score_occurrences)
  3. | \-base::NROW(tt)
  4. +-rtables::prune_table(.)
  5. | \-methods::is(tt, "TableRow")
  6. \-rtables::build_table(lyt = lyt, df = adcm, alt_counts_df = adsl)
  7.   \-base::lapply(...)
  8.     \-rtables (local) FUN(X[[i]], ...)
  9.       \-rtables:::recursive_applysplit(...)
 10.         +-rtables:::.make_split_kids(...)
 11.         \-rtables:::.make_split_kids(...)
 12.           \-rtables (local) .local(spl, have_controws, make_lrow, ...)
 13.             +-base::unlist(...)
 14.             \-base::mapply(...)
 15.               \-rtables (local) `&lt;fn&gt;`(...)
 16.                 \-rtables:::recursive_applysplit(...)
 17.                   +-rtables:::.make_split_kids(...)
 18.                   \-rtables:::.make_split_kids(...)
 19.                     \-rtables (local) .local(spl, have_controws, make_lrow, ...)
 20.                       \-rtables:::.make_analyzed_tab(...)</error>
    </testcase>
  </testsuite>
  <testsuite name="table_cmt01b" timestamp="2025-03-06T18:54:21Z" hostname="355ee698840d" tests="3" skipped="0" failures="0" errors="3" time="3.479">
    <testcase time="1.239" classname="table_cmt01b" name="CMT01B_variant_1_is_produced_correctly">
      <error type="error" message="Error: Error applying analysis function (var - CMDECOD): Number of rows generated by analysis function do not match across all columns.  ('test-table_cmt01b.R:75:3')">Error: Error applying analysis function (var - CMDECOD): Number of rows generated by analysis function do not match across all columns. 
	occured at (row) path: ATC1[ATCCLAS1_8]-&gt;ATC2[ATCCLAS2_8]-&gt;ATC3[ATCCLAS3_8]-&gt;ATC4[ATCCLAS4_8]
Backtrace:
     x
  1. +-... %&gt;% ... at test-table_cmt01b.R:75:3
  2. +-rtables::sort_at_path(...)
  3. | \-base::NROW(tt)
  4. +-rtables::prune_table(.)
  5. | \-methods::is(tt, "TableRow")
  6. \-rtables::build_table(lyt = lyt, df = adcm, alt_counts_df = adsl)
  7.   \-base::lapply(...)
  8.     \-rtables (local) FUN(X[[i]], ...)
  9.       \-rtables:::recursive_applysplit(...)
 10.         +-rtables:::.make_split_kids(...)
 11.         \-rtables:::.make_split_kids(...)
 12.           \-rtables (local) .local(spl, have_controws, make_lrow, ...)
 13.             +-base::unlist(...)
 14.             \-base::mapply(...)
 15.               \-rtables (local) `&lt;fn&gt;`(...)
 16.                 \-rtables:::recursive_applysplit(...)
 17.                   +-rtables:::.make_split_kids(...)
 18.                   \-rtables:::.make_split_kids(...)
 19.                     \-rtables (local) .local(spl, have_controws, make_lrow, ...)
 20.                       +-base::unlist(...)
 21.                       \-base::mapply(...)
 22.                         \-rtables (local) `&lt;fn&gt;`(...)
 23.                           \-rtables:::recursive_applysplit(...)
 24.                             +-rtables:::.make_split_kids(...)
 25.                             \-rtables:::.make_split_kids(...)
 26.                               \-rtables (local) .local(spl, have_controws, make_lrow, ...)
 27.                                 +-base::unlist(...)
 28.                                 \-base::mapply(...)
 29.                                   \-rtables (local) `&lt;fn&gt;`(...)
 30.                                     \-rtables:::recursive_applysplit(...)
 31.                                       +-rtables:::.make_split_kids(...)
 32.                                       \-rtables:::.make_split_kids(...)
 33.                                         \-rtables (local) .local(spl, have_controws, make_lrow, ...)
 34.                                           +-base::unlist(...)
 35.                                           \-base::mapply(...)
 36.                                             \-rtables (local) `&lt;fn&gt;`(...)
 37.                                               \-rtables:::recursive_applysplit(...)
 38.                                                 +-rtables:::.make_split_kids(...)
 39.                                                 \-rtables:::.make_split_kids(...)
 40.                                                   \-rtables (local) .local(spl, have_controws, make_lrow, ...)
 41.                                                     \-rtables:::.make_analyzed_tab(...)</error>
    </testcase>
    <testcase time="1.035" classname="table_cmt01b" name="CMT01B_variant_2_is_produced_correctly">
      <error type="error" message="Error: Error applying analysis function (var - CMDECOD): Number of rows generated by analysis function do not match across all columns.  ('test-table_cmt01b.R:133:3')">Error: Error applying analysis function (var - CMDECOD): Number of rows generated by analysis function do not match across all columns. 
	occured at (row) path: ATC3[ATCCLAS3_8]-&gt;ATC2[ATCCLAS2_8]
Backtrace:
     x
  1. +-... %&gt;% ... at test-table_cmt01b.R:133:3
  2. +-rtables::sort_at_path(...)
  3. | \-base::NROW(tt)
  4. +-rtables::prune_table(.)
  5. | \-methods::is(tt, "TableRow")
  6. \-rtables::build_table(lyt = lyt, df = adcm, alt_counts_df = adsl)
  7.   \-base::lapply(...)
  8.     \-rtables (local) FUN(X[[i]], ...)
  9.       \-rtables:::recursive_applysplit(...)
 10.         +-rtables:::.make_split_kids(...)
 11.         \-rtables:::.make_split_kids(...)
 12.           \-rtables (local) .local(spl, have_controws, make_lrow, ...)
 13.             +-base::unlist(...)
 14.             \-base::mapply(...)
 15.               \-rtables (local) `&lt;fn&gt;`(...)
 16.                 \-rtables:::recursive_applysplit(...)
 17.                   +-rtables:::.make_split_kids(...)
 18.                   \-rtables:::.make_split_kids(...)
 19.                     \-rtables (local) .local(spl, have_controws, make_lrow, ...)
 20.                       +-base::unlist(...)
 21.                       \-base::mapply(...)
 22.                         \-rtables (local) `&lt;fn&gt;`(...)
 23.                           \-rtables:::recursive_applysplit(...)
 24.                             +-rtables:::.make_split_kids(...)
 25.                             \-rtables:::.make_split_kids(...)
 26.                               \-rtables (local) .local(spl, have_controws, make_lrow, ...)
 27.                                 \-rtables:::.make_analyzed_tab(...)</error>
    </testcase>
    <testcase time="1.205" classname="table_cmt01b" name="CMT01B_variant_4_is_produced_correctly">
      <error type="error" message="Error: Error applying analysis function (var - CMDECOD): Number of rows generated by analysis function do not match across all columns.  ('test-table_cmt01b.R:206:3')">Error: Error applying analysis function (var - CMDECOD): Number of rows generated by analysis function do not match across all columns. 
	occured at (row) path: ATC1[ATCCLAS1_8]-&gt;ATC2[ATCCLAS2_8]-&gt;ATC3[ATCCLAS3_8]-&gt;ATC4[ATCCLAS4_8]
Backtrace:
     x
  1. +-... %&gt;% ... at test-table_cmt01b.R:206:3
  2. +-rtables::sort_at_path(...)
  3. | \-base::NROW(tt)
  4. +-rtables::prune_table(.)
  5. | \-methods::is(tt, "TableRow")
  6. \-rtables::build_table(lyt = lyt, df = adcm, alt_counts_df = adsl)
  7.   \-base::lapply(...)
  8.     \-rtables (local) FUN(X[[i]], ...)
  9.       \-rtables:::recursive_applysplit(...)
 10.         +-rtables:::.make_split_kids(...)
 11.         \-rtables:::.make_split_kids(...)
 12.           \-rtables (local) .local(spl, have_controws, make_lrow, ...)
 13.             +-base::unlist(...)
 14.             \-base::mapply(...)
 15.               \-rtables (local) `&lt;fn&gt;`(...)
 16.                 \-rtables:::recursive_applysplit(...)
 17.                   +-rtables:::.make_split_kids(...)
 18.                   \-rtables:::.make_split_kids(...)
 19.                     \-rtables (local) .local(spl, have_controws, make_lrow, ...)
 20.                       +-base::unlist(...)
 21.                       \-base::mapply(...)
 22.                         \-rtables (local) `&lt;fn&gt;`(...)
 23.                           \-rtables:::recursive_applysplit(...)
 24.                             +-rtables:::.make_split_kids(...)
 25.                             \-rtables:::.make_split_kids(...)
 26.                               \-rtables (local) .local(spl, have_controws, make_lrow, ...)
 27.                                 +-base::unlist(...)
 28.                                 \-base::mapply(...)
 29.                                   \-rtables (local) `&lt;fn&gt;`(...)
 30.                                     \-rtables:::recursive_applysplit(...)
 31.                                       +-rtables:::.make_split_kids(...)
 32.                                       \-rtables:::.make_split_kids(...)
 33.                                         \-rtables (local) .local(spl, have_controws, make_lrow, ...)
 34.                                           +-base::unlist(...)
 35.                                           \-base::mapply(...)
 36.                                             \-rtables (local) `&lt;fn&gt;`(...)
 37.                                               \-rtables:::recursive_applysplit(...)
 38.                                                 +-rtables:::.make_split_kids(...)
 39.                                                 \-rtables:::.make_split_kids(...)
 40.                                                   \-rtables (local) .local(spl, have_controws, make_lrow, ...)
 41.                                                     \-rtables:::.make_analyzed_tab(...)</error>
    </testcase>
  </testsuite>
  <testsuite name="table_cmt02_pt" timestamp="2025-03-06T18:54:24Z" hostname="355ee698840d" tests="2" skipped="1" failures="0" errors="0" time="0.752">
    <testcase time="0.535000000000011" classname="table_cmt02_pt" name="CMT02_PT_default_variant_is_produced_correctly"/>
    <testcase time="0.216999999999999" classname="table_cmt02_pt" name="CMT02_PT_default_variant_is_produced_correctly">
      <skipped message="Reason: On CRAN ('test-table_cmt02_pt.R:42:3')"/>
    </testcase>
  </testsuite>
  <testsuite name="table_coxt01" timestamp="2025-03-06T18:54:25Z" hostname="355ee698840d" tests="8" skipped="4" failures="0" errors="0" time="2.09">
    <testcase time="0.336999999999989" classname="table_coxt01" name="1._Cox_Regression"/>
    <testcase time="0.0650000000000119" classname="table_coxt01" name="1._Cox_Regression">
      <skipped message="Reason: On CRAN ('test-table_coxt01.R:31:3')"/>
    </testcase>
    <testcase time="0.432999999999993" classname="table_coxt01" name="2._Cox_Regression_with_Interaction_Term_"/>
    <testcase time="0.138000000000005" classname="table_coxt01" name="2._Cox_Regression_with_Interaction_Term_">
      <skipped message="Reason: On CRAN ('test-table_coxt01.R:50:3')"/>
    </testcase>
    <testcase time="0.448999999999998" classname="table_coxt01" name="3._Cox_Regression_specifying_covariates_"/>
    <testcase time="0.119" classname="table_coxt01" name="3._Cox_Regression_specifying_covariates_">
      <skipped message="Reason: On CRAN ('test-table_coxt01.R:71:3')"/>
    </testcase>
    <testcase time="0.436999999999998" classname="table_coxt01" name="4._Cox_Regression_setting_strata_ties_and_alpha_level_"/>
    <testcase time="0.111999999999995" classname="table_coxt01" name="4._Cox_Regression_setting_strata_ties_and_alpha_level_">
      <skipped message="Reason: On CRAN ('test-table_coxt01.R:97:3')"/>
    </testcase>
  </testsuite>
  <testsuite name="table_coxt02" timestamp="2025-03-06T18:54:27Z" hostname="355ee698840d" tests="4" skipped="2" failures="0" errors="0" time="0.921">
    <testcase time="0.540000000000006" classname="table_coxt02" name="COXT02_default_variant_1_is_produced_correctly"/>
    <testcase time="0.0630000000000024" classname="table_coxt02" name="COXT02_default_variant_1_is_produced_correctly">
      <skipped message="Reason: On CRAN ('test-table_coxt02.R:30:3')"/>
    </testcase>
    <testcase time="0.263999999999996" classname="table_coxt02" name="COXT02_variant_5_is_produced_correctly"/>
    <testcase time="0.054000000000002" classname="table_coxt02" name="COXT02_variant_5_is_produced_correctly">
      <skipped message="Reason: On CRAN ('test-table_coxt02.R:48:3')"/>
    </testcase>
  </testsuite>
  <testsuite name="table_disclosures" timestamp="2025-03-06T18:54:28Z" hostname="355ee698840d" tests="12" skipped="6" failures="0" errors="0" time="1.857">
    <testcase time="0.182999999999993" classname="table_disclosures" name="Patient_Disposition_table_is_produced_correctly"/>
    <testcase time="0.078000000000003" classname="table_disclosures" name="Patient_Disposition_table_is_produced_correctly">
      <skipped message="Reason: On CRAN ('test-table_disclosures.R:110:3')"/>
    </testcase>
    <testcase time="0.216999999999999" classname="table_disclosures" name="Demographic_table_is_produced_correctly"/>
    <testcase time="0.141000000000005" classname="table_disclosures" name="Demographic_table_is_produced_correctly">
      <skipped message="Reason: On CRAN ('test-table_disclosures.R:131:3')"/>
    </testcase>
    <testcase time="0.0990000000000038" classname="table_disclosures" name="Enrollment_by_Country_Table_is_produced_correctly"/>
    <testcase time="0.0899999999999892" classname="table_disclosures" name="Enrollment_by_Country_Table_is_produced_correctly">
      <skipped message="Reason: On CRAN ('test-table_disclosures.R:143:3')"/>
    </testcase>
    <testcase time="0.0860000000000127" classname="table_disclosures" name="Death_table_is_produced_correctly"/>
    <testcase time="0.0439999999999969" classname="table_disclosures" name="Death_table_is_produced_correctly">
      <skipped message="Reason: On CRAN ('test-table_disclosures.R:161:3')"/>
    </testcase>
    <testcase time="0.313000000000002" classname="table_disclosures" name="Table_of_Serious_Adverse_Events_is_produced_correctly_for_one_specific_treatment_arm_"/>
    <testcase time="0.0819999999999936" classname="table_disclosures" name="Table_of_Serious_Adverse_Events_is_produced_correctly_for_one_specific_treatment_arm_">
      <skipped message="Reason: On CRAN ('test-table_disclosures.R:189:3')"/>
    </testcase>
    <testcase time="0.405000000000001" classname="table_disclosures" name="Table_of_Non_Serious_Adverse_Events_is_produced_correctly"/>
    <testcase time="0.119" classname="table_disclosures" name="Table_of_Non_Serious_Adverse_Events_is_produced_correctly">
      <skipped message="Reason: On CRAN ('test-table_disclosures.R:211:3')"/>
    </testcase>
  </testsuite>
  <testsuite name="table_dmt01" timestamp="2025-03-06T18:54:31Z" hostname="355ee698840d" tests="10" skipped="5" failures="0" errors="0" time="2.775">
    <testcase time="1.191" classname="table_dmt01" name="DMT01_variant_1_is_produced_correctly"/>
    <testcase time="0.158000000000001" classname="table_dmt01" name="DMT01_variant_1_is_produced_correctly">
      <skipped message="Reason: On CRAN ('test-table_dmt01.R:90:3')"/>
    </testcase>
    <testcase time="0.236999999999995" classname="table_dmt01" name="DMT01_variant_2_is_produced_correctly"/>
    <testcase time="0.152000000000001" classname="table_dmt01" name="DMT01_variant_2_is_produced_correctly">
      <skipped message="Reason: On CRAN ('test-table_dmt01.R:113:3')"/>
    </testcase>
    <testcase time="0.266000000000005" classname="table_dmt01" name="DMT01_variant_3_is_produced_correctly"/>
    <testcase time="0.152000000000001" classname="table_dmt01" name="DMT01_variant_3_is_produced_correctly">
      <skipped message="Reason: On CRAN ('test-table_dmt01.R:132:3')"/>
    </testcase>
    <testcase time="0.211999999999989" classname="table_dmt01" name="DMT01_variant_4_is_produced_correctly"/>
    <testcase time="0.122" classname="table_dmt01" name="DMT01_variant_4_is_produced_correctly">
      <skipped message="Reason: On CRAN ('test-table_dmt01.R:151:3')"/>
    </testcase>
    <testcase time="0.177000000000007" classname="table_dmt01" name="DMT01_variant_5_is_produced_correctly"/>
    <testcase time="0.108000000000004" classname="table_dmt01" name="DMT01_variant_5_is_produced_correctly">
      <skipped message="Reason: On CRAN ('test-table_dmt01.R:169:3')"/>
    </testcase>
  </testsuite>
  <testsuite name="table_dort01" timestamp="2025-03-06T18:54:33Z" hostname="355ee698840d" tests="8" skipped="4" failures="0" errors="0" time="1.485">
    <testcase time="0.304999999999993" classname="table_dort01" name="DORT01_variant_1_is_produced_correctly"/>
    <testcase time="0.0940000000000083" classname="table_dort01" name="DORT01_variant_1_is_produced_correctly">
      <skipped message="Reason: On CRAN ('test-table_dort01.R:78:3')"/>
    </testcase>
    <testcase time="0.277999999999992" classname="table_dort01" name="DORT01_variant_2_selecting_sectons_is_produced_correctly"/>
    <testcase time="0.0859999999999985" classname="table_dort01" name="DORT01_variant_2_selecting_sectons_is_produced_correctly">
      <skipped message="Reason: On CRAN ('test-table_dort01.R:134:3')"/>
    </testcase>
    <testcase time="0.280000000000001" classname="table_dort01" name="DORT01_variant_3_modifying_conftype_and_alpha_level_is_produced_correctly"/>
    <testcase time="0.0949999999999989" classname="table_dort01" name="DORT01_variant_3_modifying_conftype_and_alpha_level_is_produced_correctly">
      <skipped message="Reason: On CRAN ('test-table_dort01.R:190:3')"/>
    </testcase>
    <testcase time="0.260000000000005" classname="table_dort01" name="DORT01_variant_4_modifying_time_point_for_the_xx_duration_is_produced_correctly"/>
    <testcase time="0.0870000000000033" classname="table_dort01" name="DORT01_variant_4_modifying_time_point_for_the_xx_duration_is_produced_correctly">
      <skipped message="Reason: On CRAN ('test-table_dort01.R:244:3')"/>
    </testcase>
  </testsuite>
  <testsuite name="table_dst01" timestamp="2025-03-06T18:54:34Z" hostname="355ee698840d" tests="4" skipped="2" failures="0" errors="0" time="0.542">
    <testcase time="0.141999999999996" classname="table_dst01" name="DST01_default_variant_is_produced_correctly"/>
    <testcase time="0.0889999999999986" classname="table_dst01" name="DST01_default_variant_is_produced_correctly">
      <skipped message="Reason: On CRAN ('test-table_dst01.R:44:3')"/>
    </testcase>
    <testcase time="0.224000000000004" classname="table_dst01" name="DST01_variants_2_and_3_are_produced_correctly"/>
    <testcase time="0.0869999999999891" classname="table_dst01" name="DST01_variants_2_and_3_are_produced_correctly">
      <skipped message="Reason: On CRAN ('test-table_dst01.R:69:3')"/>
    </testcase>
  </testsuite>
  <testsuite name="table_dtht01" timestamp="2025-03-06T18:54:35Z" hostname="355ee698840d" tests="8" skipped="4" failures="0" errors="0" time="1.116">
    <testcase time="0.135000000000005" classname="table_dtht01" name="DTHT01_variant_1_is_produced_correctly"/>
    <testcase time="0.061000000000007" classname="table_dtht01" name="DTHT01_variant_1_is_produced_correctly">
      <skipped message="Reason: On CRAN ('test-table_dtht01.R:23:3')"/>
    </testcase>
    <testcase time="0.263999999999996" classname="table_dtht01" name="DTHT01_variant_2_is_produced_correctly"/>
    <testcase time="0.137" classname="table_dtht01" name="DTHT01_variant_2_is_produced_correctly">
      <skipped message="Reason: On CRAN ('test-table_dtht01.R:60:3')"/>
    </testcase>
    <testcase time="0.164999999999992" classname="table_dtht01" name="DTHT01_variant_3_is_produced_correctly"/>
    <testcase time="0.0700000000000074" classname="table_dtht01" name="DTHT01_variant_3_is_produced_correctly">
      <skipped message="Reason: On CRAN ('test-table_dtht01.R:104:3')"/>
    </testcase>
    <testcase time="0.197999999999993" classname="table_dtht01" name="DTHT01_variant_4_is_produced_correctly"/>
    <testcase time="0.0860000000000127" classname="table_dtht01" name="DTHT01_variant_4_is_produced_correctly">
      <skipped message="Reason: On CRAN ('test-table_dtht01.R:158:3')"/>
    </testcase>
  </testsuite>
  <testsuite name="table_egt01" timestamp="2025-03-06T18:54:37Z" hostname="355ee698840d" tests="2" skipped="1" failures="0" errors="0" time="3.369">
    <testcase time="2.57899999999999" classname="table_egt01" name="EGT01_default_variant_is_produced_correctly"/>
    <testcase time="0.790000000000006" classname="table_egt01" name="EGT01_default_variant_is_produced_correctly">
      <skipped message="Reason: On CRAN ('test-table_egt01.R:54:3')"/>
    </testcase>
  </testsuite>
  <testsuite name="table_egt02" timestamp="2025-03-06T18:54:40Z" hostname="355ee698840d" tests="4" skipped="2" failures="0" errors="0" time="1.601">
    <testcase time="1.273" classname="table_egt02" name="_EGT02_1._Regardless_of_Abnormality_at_Baseline"/>
    <testcase time="0.0660000000000025" classname="table_egt02" name="_EGT02_1._Regardless_of_Abnormality_at_Baseline">
      <skipped message="Reason: On CRAN ('test-table_egt02.R:35:3')"/>
    </testcase>
    <testcase time="0.195999999999998" classname="table_egt02" name="_EGT02_2._Among_Subjects_Without_Abnormality_at_Baseline"/>
    <testcase time="0.0660000000000025" classname="table_egt02" name="_EGT02_2._Among_Subjects_Without_Abnormality_at_Baseline">
      <skipped message="Reason: On CRAN ('test-table_egt02.R:55:3')"/>
    </testcase>
  </testsuite>
  <testsuite name="table_egt03" timestamp="2025-03-06T18:54:41Z" hostname="355ee698840d" tests="8" skipped="4" failures="0" errors="0" time="1.242">
    <testcase time="0.221999999999994" classname="table_egt03" name="EGT03_variant_1_is_produced_correctly"/>
    <testcase time="0.108000000000004" classname="table_egt03" name="EGT03_variant_1_is_produced_correctly">
      <skipped message="Reason: On CRAN ('test-table_egt03.R:57:3')"/>
    </testcase>
    <testcase time="0.158999999999992" classname="table_egt03" name="EGT03_variant_2_is_produced_correctly"/>
    <testcase time="0.0840000000000032" classname="table_egt03" name="EGT03_variant_2_is_produced_correctly">
      <skipped message="Reason: On CRAN ('test-table_egt03.R:72:3')"/>
    </testcase>
    <testcase time="0.213000000000008" classname="table_egt03" name="EGT03_variant_3_is_produced_correctly"/>
    <testcase time="0.109999999999999" classname="table_egt03" name="EGT03_variant_3_is_produced_correctly">
      <skipped message="Reason: On CRAN ('test-table_egt03.R:98:3')"/>
    </testcase>
    <testcase time="0.221999999999994" classname="table_egt03" name="EGT03_variant_4_is_produced_correctly"/>
    <testcase time="0.123999999999995" classname="table_egt03" name="EGT03_variant_4_is_produced_correctly">
      <skipped message="Reason: On CRAN ('test-table_egt03.R:123:3')"/>
    </testcase>
  </testsuite>
  <testsuite name="table_egt04" timestamp="2025-03-06T18:54:43Z" hostname="355ee698840d" tests="2" skipped="1" failures="0" errors="0" time="1.568">
    <testcase time="1.48400000000001" classname="table_egt04" name="EGT04_default_variant_is_produced_correctly"/>
    <testcase time="0.083999999999989" classname="table_egt04" name="EGT04_default_variant_is_produced_correctly">
      <skipped message="Reason: On CRAN ('test-table_egt04.R:60:3')"/>
    </testcase>
  </testsuite>
  <testsuite name="table_egt05_qtcat" timestamp="2025-03-06T18:54:45Z" hostname="355ee698840d" tests="2" skipped="1" failures="0" errors="0" time="2.365">
    <testcase time="1.89400000000001" classname="table_egt05_qtcat" name="EGT05_QTCAT_default_variant_is_produced_correctly"/>
    <testcase time="0.471000000000004" classname="table_egt05_qtcat" name="EGT05_QTCAT_default_variant_is_produced_correctly">
      <skipped message="Reason: On CRAN ('test-table_egt05_qtcat.R:88:3')"/>
    </testcase>
  </testsuite>
  <testsuite name="table_ent" timestamp="2025-03-06T18:54:46Z" hostname="355ee698840d" tests="8" skipped="4" failures="0" errors="0" time="14.596">
    <testcase time="3.842" classname="table_ent" name="ENT01_IT_is_produced_correctly"/>
    <testcase time="0.617000000000004" classname="table_ent" name="ENT01_IT_is_produced_correctly">
      <skipped message="Reason: On CRAN ('test-table_ent.R:24:3')"/>
    </testcase>
    <testcase time="2.408" classname="table_ent" name="ENT01a_IT_is_produced_correctly"/>
    <testcase time="0.579999999999998" classname="table_ent" name="ENT01a_IT_is_produced_correctly">
      <skipped message="Reason: On CRAN ('test-table_ent.R:40:3')"/>
    </testcase>
    <testcase time="3.68799999999999" classname="table_ent" name="ENT02_IT_is_produced_correctly"/>
    <testcase time="0.802000000000007" classname="table_ent" name="ENT02_IT_is_produced_correctly">
      <skipped message="Reason: On CRAN ('test-table_ent.R:61:3')"/>
    </testcase>
    <testcase time="2.142" classname="table_ent" name="ENT02a_IT_is_produced_correctly"/>
    <testcase time="0.51700000000001" classname="table_ent" name="ENT02a_IT_is_produced_correctly">
      <skipped message="Reason: On CRAN ('test-table_ent.R:79:3')"/>
    </testcase>
  </testsuite>
  <testsuite name="table_eudrat01" timestamp="2025-03-06T18:55:01Z" hostname="355ee698840d" tests="2" skipped="1" failures="0" errors="0" time="0.581">
    <testcase time="0.471999999999994" classname="table_eudrat01" name="EUDRAT01_is_produced_correctly"/>
    <testcase time="0.108999999999995" classname="table_eudrat01" name="EUDRAT01_is_produced_correctly">
      <skipped message="Reason: On CRAN ('test-table_eudrat01.R:77:3')"/>
    </testcase>
  </testsuite>
  <testsuite name="table_eudrat02" timestamp="2025-03-06T18:55:01Z" hostname="355ee698840d" tests="2" skipped="1" failures="0" errors="0" time="0.443">
    <testcase time="0.364000000000004" classname="table_eudrat02" name="EUDRAT02_is_produced_correctly"/>
    <testcase time="0.0790000000000077" classname="table_eudrat02" name="EUDRAT02_is_produced_correctly">
      <skipped message="Reason: On CRAN ('test-table_eudrat02.R:44:3')"/>
    </testcase>
  </testsuite>
  <testsuite name="table_ext01" timestamp="2025-03-06T18:55:02Z" hostname="355ee698840d" tests="6" skipped="3" failures="0" errors="0" time="1.564">
    <testcase time="0.379999999999995" classname="table_ext01" name="EXT01_default_variant_with_numeric_parameters_is_produced_correctly"/>
    <testcase time="0.143999999999991" classname="table_ext01" name="EXT01_default_variant_with_numeric_parameters_is_produced_correctly">
      <skipped message="Reason: On CRAN ('test-table_ext01.R:85:3')"/>
    </testcase>
    <testcase time="0.277000000000001" classname="table_ext01" name="EXT01_variant_with_both_numeric_and_categorical_parameters"/>
    <testcase time="0.204000000000008" classname="table_ext01" name="EXT01_variant_with_both_numeric_and_categorical_parameters">
      <skipped message="Reason: On CRAN ('test-table_ext01.R:129:3')"/>
    </testcase>
    <testcase time="0.331999999999994" classname="table_ext01" name="EXT01_variant_with_user_specified_categories_for_missed_doses"/>
    <testcase time="0.227000000000004" classname="table_ext01" name="EXT01_variant_with_user_specified_categories_for_missed_doses">
      <skipped message="Reason: On CRAN ('test-table_ext01.R:178:3')"/>
    </testcase>
  </testsuite>
  <testsuite name="table_lbt01" timestamp="2025-03-06T18:55:04Z" hostname="355ee698840d" tests="2" skipped="1" failures="0" errors="0" time="2.001">
    <testcase time="1.51300000000001" classname="table_lbt01" name="LBT01_default_variant_is_produced_correctly"/>
    <testcase time="0.488" classname="table_lbt01" name="LBT01_default_variant_is_produced_correctly">
      <skipped message="Reason: On CRAN ('test-table_lbt01.R:55:3')"/>
    </testcase>
  </testsuite>
  <testsuite name="table_lbt02" timestamp="2025-03-06T18:55:05Z" hostname="355ee698840d" tests="2" skipped="1" failures="0" errors="0" time="1.376">
    <testcase time="0.900999999999996" classname="table_lbt02" name="LBT02_default_variant_is_produced_correctly"/>
    <testcase time="0.474999999999994" classname="table_lbt02" name="LBT02_default_variant_is_produced_correctly">
      <skipped message="Reason: On CRAN ('test-table_lbt02.R:18:3')"/>
    </testcase>
  </testsuite>
  <testsuite name="table_lbt03" timestamp="2025-03-06T18:55:06Z" hostname="355ee698840d" tests="2" skipped="1" failures="0" errors="0" time="0.251">
    <testcase time="0.169000000000011" classname="table_lbt03" name="LBT03_default_variant_is_produced_correctly"/>
    <testcase time="0.0819999999999936" classname="table_lbt03" name="LBT03_default_variant_is_produced_correctly">
      <skipped message="Reason: On CRAN ('test-table_lbt03.R:29:3')"/>
    </testcase>
  </testsuite>
  <testsuite name="table_lbt04" timestamp="2025-03-06T18:55:07Z" hostname="355ee698840d" tests="2" skipped="1" failures="0" errors="0" time="1.261">
    <testcase time="1.077" classname="table_lbt04" name="LBT04_default_variant_is_produced_correctly"/>
    <testcase time="0.183999999999997" classname="table_lbt04" name="LBT04_default_variant_is_produced_correctly">
      <skipped message="Reason: On CRAN ('test-table_lbt04.R:34:3')"/>
    </testcase>
  </testsuite>
  <testsuite name="table_lbt05" timestamp="2025-03-06T18:55:09Z" hostname="355ee698840d" tests="6" skipped="3" failures="0" errors="0" time="6.603">
    <testcase time="2.27" classname="table_lbt05" name="LBT05_variant_1_is_produced_correctly"/>
    <testcase time="0.375" classname="table_lbt05" name="LBT05_variant_1_is_produced_correctly">
      <skipped message="Reason: On CRAN ('test-table_lbt05.R:85:3')"/>
    </testcase>
    <testcase time="1.39400000000001" classname="table_lbt05" name="LBT05_variant_2_is_produced_correctly"/>
    <testcase time="0.486999999999995" classname="table_lbt05" name="LBT05_variant_2_is_produced_correctly">
      <skipped message="Reason: On CRAN ('test-table_lbt05.R:107:3')"/>
    </testcase>
    <testcase time="1.70500000000001" classname="table_lbt05" name="LBT05_variant_4_is_produced_correctly"/>
    <testcase time="0.371999999999986" classname="table_lbt05" name="LBT05_variant_4_is_produced_correctly">
      <skipped message="Reason: On CRAN ('test-table_lbt05.R:131:3')"/>
    </testcase>
  </testsuite>
  <testsuite name="table_lbt06" timestamp="2025-03-06T18:55:15Z" hostname="355ee698840d" tests="2" skipped="1" failures="0" errors="0" time="0.515">
    <testcase time="0.362000000000023" classname="table_lbt06" name="LBT06_default_variant_is_produced_correctly"/>
    <testcase time="0.152999999999992" classname="table_lbt06" name="LBT06_default_variant_is_produced_correctly">
      <skipped message="Reason: On CRAN ('test-table_lbt06.R:32:3')"/>
    </testcase>
  </testsuite>
  <testsuite name="table_lbt07" timestamp="2025-03-06T18:55:16Z" hostname="355ee698840d" tests="2" skipped="1" failures="0" errors="0" time="2.385">
    <testcase time="2.101" classname="table_lbt07" name="LBT07_is_produced_correctly"/>
    <testcase time="0.283999999999992" classname="table_lbt07" name="LBT07_is_produced_correctly">
      <skipped message="Reason: On CRAN ('test-table_lbt07.R:87:3')"/>
    </testcase>
  </testsuite>
  <testsuite name="table_lbt08" timestamp="2025-03-06T18:55:17Z" hostname="355ee698840d" tests="2" skipped="1" failures="0" errors="0" time="0.4">
    <testcase time="0.286000000000001" classname="table_lbt08" name="LBT08_produce_correctly"/>
    <testcase time="0.114000000000004" classname="table_lbt08" name="LBT08_produce_correctly">
      <skipped message="Reason: On CRAN ('test-table_lbt08.R:43:3')"/>
    </testcase>
  </testsuite>
  <testsuite name="table_lbt09" timestamp="2025-03-06T18:55:18Z" hostname="355ee698840d" tests="2" skipped="0" failures="0" errors="2" time="0.454">
    <testcase time="0.201999999999998" classname="table_lbt09" name="LBT09_variant_1_works_as_expected">
      <error type="error" message="Error: Error applying analysis function (var - ALTAST_CAT): Number of rows generated by analysis function do not match across all columns.  ('test-table_lbt09.R:76:3')">Error: Error applying analysis function (var - ALTAST_CAT): Number of rows generated by analysis function do not match across all columns. 
	occured at (row) path: TBILI_CAT[Total Bilirubin &gt; 2xULN]-&gt;ALTAST_ind[ALT]
Backtrace:
     x
  1. +-... %&gt;% build_table(df = adhy_liver) at test-table_lbt09.R:76:3
  2. \-rtables::build_table(., df = adhy_liver)
  3.   \-base::lapply(...)
  4.     \-rtables (local) FUN(X[[i]], ...)
  5.       \-rtables:::recursive_applysplit(...)
  6.         +-rtables:::.make_split_kids(...)
  7.         \-rtables:::.make_split_kids(...)
  8.           \-rtables (local) .local(spl, have_controws, make_lrow, ...)
  9.             +-base::unlist(...)
 10.             \-base::mapply(...)
 11.               \-rtables (local) `&lt;fn&gt;`(...)
 12.                 \-rtables:::recursive_applysplit(...)
 13.                   +-rtables:::.make_split_kids(...)
 14.                   \-rtables:::.make_split_kids(...)
 15.                     \-rtables (local) .local(spl, have_controws, make_lrow, ...)
 16.                       +-base::unlist(...)
 17.                       \-base::mapply(...)
 18.                         \-rtables (local) `&lt;fn&gt;`(...)
 19.                           \-rtables:::recursive_applysplit(...)
 20.                             +-rtables:::.make_split_kids(...)
 21.                             \-rtables:::.make_split_kids(...)
 22.                               \-rtables (local) .local(spl, have_controws, make_lrow, ...)
 23.                                 \-rtables:::.make_analyzed_tab(...)</error>
    </testcase>
    <testcase time="0.25200000000001" classname="table_lbt09" name="LBT09_variant_2_works_as_expected">
      <error type="error" message="Error: Error applying analysis function (var - ALTAST_CAT): Number of rows generated by analysis function do not match across all columns.  ('test-table_lbt09.R:104:3')">Error: Error applying analysis function (var - ALTAST_CAT): Number of rows generated by analysis function do not match across all columns. 
	occured at (row) path: TBILI_CAT[Total Bilirubin &gt; 2xULN]-&gt;ALTAST_ind[ALT]
Backtrace:
     x
  1. +-... %&gt;% build_table(df = adhy_liver) at test-table_lbt09.R:104:3
  2. \-rtables::build_table(., df = adhy_liver)
  3.   \-base::lapply(...)
  4.     \-rtables (local) FUN(X[[i]], ...)
  5.       \-rtables:::recursive_applysplit(...)
  6.         +-rtables:::.make_split_kids(...)
  7.         \-rtables:::.make_split_kids(...)
  8.           \-rtables (local) .local(spl, have_controws, make_lrow, ...)
  9.             +-base::unlist(...)
 10.             \-base::mapply(...)
 11.               \-rtables (local) `&lt;fn&gt;`(...)
 12.                 \-rtables:::recursive_applysplit(...)
 13.                   +-rtables:::.make_split_kids(...)
 14.                   \-rtables:::.make_split_kids(...)
 15.                     \-rtables (local) .local(spl, have_controws, make_lrow, ...)
 16.                       +-base::unlist(...)
 17.                       \-base::mapply(...)
 18.                         \-rtables (local) `&lt;fn&gt;`(...)
 19.                           \-rtables:::recursive_applysplit(...)
 20.                             +-rtables:::.make_split_kids(...)
 21.                             \-rtables:::.make_split_kids(...)
 22.                               \-rtables (local) .local(spl, have_controws, make_lrow, ...)
 23.                                 \-rtables:::.make_analyzed_tab(...)</error>
    </testcase>
  </testsuite>
  <testsuite name="table_lbt10" timestamp="2025-03-06T18:55:18Z" hostname="355ee698840d" tests="4" skipped="2" failures="0" errors="0" time="1.437">
    <testcase time="0.864000000000004" classname="table_lbt10" name="LBT10_variant_1_works_as_expected"/>
    <testcase time="0.063999999999993" classname="table_lbt10" name="LBT10_variant_1_works_as_expected">
      <skipped message="Reason: On CRAN ('test-table_lbt10.R:86:3')"/>
    </testcase>
    <testcase time="0.459000000000003" classname="table_lbt10" name="LBT10_variant_2_works_as_expected"/>
    <testcase time="0.0499999999999829" classname="table_lbt10" name="LBT10_variant_2_works_as_expected">
      <skipped message="Reason: On CRAN ('test-table_lbt10.R:110:3')"/>
    </testcase>
  </testsuite>
  <testsuite name="table_lbt10_bl" timestamp="2025-03-06T18:55:20Z" hostname="355ee698840d" tests="4" skipped="2" failures="0" errors="0" time="0.529">
    <testcase time="0.259000000000015" classname="table_lbt10_bl" name="LBT10_BL_variant_1_works_as_expected"/>
    <testcase time="0.061000000000007" classname="table_lbt10_bl" name="LBT10_BL_variant_1_works_as_expected">
      <skipped message="Reason: On CRAN ('test-table_lbt10_bl.R:45:3')"/>
    </testcase>
    <testcase time="0.153999999999996" classname="table_lbt10_bl" name="LBT10_BL_variant_2_works_as_expected"/>
    <testcase time="0.0549999999999784" classname="table_lbt10_bl" name="LBT10_BL_variant_2_works_as_expected">
      <skipped message="Reason: On CRAN ('test-table_lbt10_bl.R:69:3')"/>
    </testcase>
  </testsuite>
  <testsuite name="table_lbt11" timestamp="2025-03-06T18:55:20Z" hostname="355ee698840d" tests="6" skipped="3" failures="0" errors="0" time="0.769">
    <testcase time="0.195999999999998" classname="table_lbt11" name="LBT11_variant_1_works_as_expected"/>
    <testcase time="0.104000000000013" classname="table_lbt11" name="LBT11_variant_1_works_as_expected">
      <skipped message="Reason: On CRAN ('test-table_lbt11.R:85:3')"/>
    </testcase>
    <testcase time="0.105999999999995" classname="table_lbt11" name="LBT11_variant_2_works_as_expected"/>
    <testcase time="0.070999999999998" classname="table_lbt11" name="LBT11_variant_2_works_as_expected">
      <skipped message="Reason: On CRAN ('test-table_lbt11.R:102:3')"/>
    </testcase>
    <testcase time="0.189000000000021" classname="table_lbt11" name="LBT11_variant_3_works_as_expected"/>
    <testcase time="0.10299999999998" classname="table_lbt11" name="LBT11_variant_3_works_as_expected">
      <skipped message="Reason: On CRAN ('test-table_lbt11.R:135:3')"/>
    </testcase>
  </testsuite>
  <testsuite name="table_lbt11_bl" timestamp="2025-03-06T18:55:21Z" hostname="355ee698840d" tests="6" skipped="3" failures="0" errors="0" time="0.859">
    <testcase time="0.229000000000013" classname="table_lbt11_bl" name="LBT11_BL_variant_1_works_as_expected"/>
    <testcase time="0.09699999999998" classname="table_lbt11_bl" name="LBT11_BL_variant_1_works_as_expected">
      <skipped message="Reason: On CRAN ('test-table_lbt11_bl.R:60:3')"/>
    </testcase>
    <testcase time="0.128000000000014" classname="table_lbt11_bl" name="LBT11_BL_variant_2_works_as_expected"/>
    <testcase time="0.0720000000000027" classname="table_lbt11_bl" name="LBT11_BL_variant_2_works_as_expected">
      <skipped message="Reason: On CRAN ('test-table_lbt11_bl.R:77:3')"/>
    </testcase>
    <testcase time="0.231999999999999" classname="table_lbt11_bl" name="LBT11_BL_variant_3_works_as_expected"/>
    <testcase time="0.100999999999999" classname="table_lbt11_bl" name="LBT11_BL_variant_3_works_as_expected">
      <skipped message="Reason: On CRAN ('test-table_lbt11_bl.R:110:3')"/>
    </testcase>
  </testsuite>
  <testsuite name="table_lbt12" timestamp="2025-03-06T18:55:22Z" hostname="355ee698840d" tests="2" skipped="1" failures="0" errors="0" time="0.429">
    <testcase time="0.353000000000009" classname="table_lbt12" name="LBT12_works_as_expected"/>
    <testcase time="0.0759999999999934" classname="table_lbt12" name="LBT12_works_as_expected">
      <skipped message="Reason: On CRAN ('test-table_lbt12.R:64:3')"/>
    </testcase>
  </testsuite>
  <testsuite name="table_lbt12_bl" timestamp="2025-03-06T18:55:22Z" hostname="355ee698840d" tests="2" skipped="1" failures="0" errors="0" time="0.385">
    <testcase time="0.318999999999988" classname="table_lbt12_bl" name="LBT12_BL_works_as_expected"/>
    <testcase time="0.0660000000000025" classname="table_lbt12_bl" name="LBT12_BL_works_as_expected">
      <skipped message="Reason: On CRAN ('test-table_lbt12_bl.R:64:3')"/>
    </testcase>
  </testsuite>
  <testsuite name="table_lbt13" timestamp="2025-03-06T18:55:23Z" hostname="355ee698840d" tests="8" skipped="3" failures="0" errors="2" time="2.279">
    <testcase time="0.825999999999993" classname="table_lbt13" name="LBT13_variant_1_LOW_works_as_expected">
      <error type="error" message="Error: Error applying analysis function (var - BTOXGR_GP): Number of rows generated by analysis function do not match across all columns.  ('test-table_lbt13.R:59:3')">Error: Error applying analysis function (var - BTOXGR_GP): Number of rows generated by analysis function do not match across all columns. 
	occured at (row) path: PARAMCD[ALB]-&gt;AVISIT[POST-BASELINE MINIMUM]-&gt;ATOXGR_GP[2]
Backtrace:
     x
  1. +-... %&gt;% build_table(df = adlb_out, alt_counts_df = adsl_f) at test-table_lbt13.R:59:3
  2. \-rtables::build_table(., df = adlb_out, alt_counts_df = adsl_f)
  3.   \-base::lapply(...)
  4.     \-rtables (local) FUN(X[[i]], ...)
  5.       \-rtables:::recursive_applysplit(...)
  6.         +-rtables:::.make_split_kids(...)
  7.         \-rtables:::.make_split_kids(...)
  8.           \-rtables (local) .local(spl, have_controws, make_lrow, ...)
  9.             +-base::unlist(...)
 10.             \-base::mapply(...)
 11.               \-rtables (local) `&lt;fn&gt;`(...)
 12.                 \-rtables:::recursive_applysplit(...)
 13.                   +-rtables:::.make_split_kids(...)
 14.                   \-rtables:::.make_split_kids(...)
 15.                     \-rtables (local) .local(spl, have_controws, make_lrow, ...)
 16.                       +-base::unlist(...)
 17.                       \-base::mapply(...)
 18.                         \-rtables (local) `&lt;fn&gt;`(...)
 19.                           \-rtables:::recursive_applysplit(...)
 20.                             +-rtables:::.make_split_kids(...)
 21.                             \-rtables:::.make_split_kids(...)
 22.                               \-rtables (local) .local(spl, have_controws, make_lrow, ...)
 23.                                 +-base::unlist(...)
 24.                                 \-base::mapply(...)
 25.                                   \-rtables (local) `&lt;fn&gt;`(...)
 26.                                     \-rtables:::recursive_applysplit(...)
 27.                                       +-rtables:::.make_split_kids(...)
 28.                                       \-rtables:::.make_split_kids(...)
 29.                                         \-rtables (local) .local(spl, have_controws, make_lrow, ...)
 30.                                           \-rtables:::.make_analyzed_tab(...)</error>
    </testcase>
    <testcase time="0.307000000000016" classname="table_lbt13" name="LBT13_variant_2_HIGH_works_as_expected"/>
    <testcase time="0.0679999999999836" classname="table_lbt13" name="LBT13_variant_2_HIGH_works_as_expected">
      <skipped message="Reason: On CRAN ('test-table_lbt13.R:151:3')"/>
    </testcase>
    <testcase time="0.218999999999994" classname="table_lbt13" name="LBT13_variant_3_LOW_without_baseline_missing_works_as_expected">
      <error type="error" message="Error: Error applying analysis function (var - BTOXGR_GP): Number of rows generated by analysis function do not match across all columns.  ('test-table_lbt13.R:203:3')">Error: Error applying analysis function (var - BTOXGR_GP): Number of rows generated by analysis function do not match across all columns. 
	occured at (row) path: PARAMCD[ALB]-&gt;AVISIT[POST-BASELINE MINIMUM]-&gt;ATOXGR_GP[2]
Backtrace:
     x
  1. +-... %&gt;% build_table(df = adlb_out, alt_counts_df = adsl_f) at test-table_lbt13.R:203:3
  2. \-rtables::build_table(., df = adlb_out, alt_counts_df = adsl_f)
  3.   \-base::lapply(...)
  4.     \-rtables (local) FUN(X[[i]], ...)
  5.       \-rtables:::recursive_applysplit(...)
  6.         +-rtables:::.make_split_kids(...)
  7.         \-rtables:::.make_split_kids(...)
  8.           \-rtables (local) .local(spl, have_controws, make_lrow, ...)
  9.             +-base::unlist(...)
 10.             \-base::mapply(...)
 11.               \-rtables (local) `&lt;fn&gt;`(...)
 12.                 \-rtables:::recursive_applysplit(...)
 13.                   +-rtables:::.make_split_kids(...)
 14.                   \-rtables:::.make_split_kids(...)
 15.                     \-rtables (local) .local(spl, have_controws, make_lrow, ...)
 16.                       +-base::unlist(...)
 17.                       \-base::mapply(...)
 18.                         \-rtables (local) `&lt;fn&gt;`(...)
 19.                           \-rtables:::recursive_applysplit(...)
 20.                             +-rtables:::.make_split_kids(...)
 21.                             \-rtables:::.make_split_kids(...)
 22.                               \-rtables (local) .local(spl, have_controws, make_lrow, ...)
 23.                                 +-base::unlist(...)
 24.                                 \-base::mapply(...)
 25.                                   \-rtables (local) `&lt;fn&gt;`(...)
 26.                                     \-rtables:::recursive_applysplit(...)
 27.                                       +-rtables:::.make_split_kids(...)
 28.                                       \-rtables:::.make_split_kids(...)
 29.                                         \-rtables (local) .local(spl, have_controws, make_lrow, ...)
 30.                                           \-rtables:::.make_analyzed_tab(...)</error>
    </testcase>
    <testcase time="0.325000000000017" classname="table_lbt13" name="LBT13_variant_4_HIGH_with_missing_baseline_considered_as_grade_0_works_as_expected"/>
    <testcase time="0.054000000000002" classname="table_lbt13" name="LBT13_variant_4_HIGH_with_missing_baseline_considered_as_grade_0_works_as_expected">
      <skipped message="Reason: On CRAN ('test-table_lbt13.R:294:3')"/>
    </testcase>
    <testcase time="0.35499999999999" classname="table_lbt13" name="LBT14_variant_5_HIGH_with_filled_in_grades_works_as_expected"/>
    <testcase time="0.125" classname="table_lbt13" name="LBT14_variant_5_HIGH_with_filled_in_grades_works_as_expected">
      <skipped message="Reason: On CRAN ('test-table_lbt13.R:368:3')"/>
    </testcase>
  </testsuite>
  <testsuite name="table_lbt14" timestamp="2025-03-06T18:55:26Z" hostname="355ee698840d" tests="10" skipped="5" failures="0" errors="0" time="29.878">
    <testcase time="5.916" classname="table_lbt14" name="LBT14_variant_1_HIGH_works_as_expected"/>
    <testcase time="0.436000000000007" classname="table_lbt14" name="LBT14_variant_1_HIGH_works_as_expected">
      <skipped message="Reason: On CRAN ('test-table_lbt14.R:64:3')"/>
    </testcase>
    <testcase time="5.035" classname="table_lbt14" name="LBT14_variant_2_LOW_works_as_expected"/>
    <testcase time="0.295999999999992" classname="table_lbt14" name="LBT14_variant_2_LOW_works_as_expected">
      <skipped message="Reason: On CRAN ('test-table_lbt14.R:117:3')"/>
    </testcase>
    <testcase time="3.49200000000002" classname="table_lbt14" name="LBT14_variant_3_LOW_without_baseline_missing_works_as_expected"/>
    <testcase time="0.390999999999991" classname="table_lbt14" name="LBT14_variant_3_LOW_without_baseline_missing_works_as_expected">
      <skipped message="Reason: On CRAN ('test-table_lbt14.R:170:3')"/>
    </testcase>
    <testcase time="5.14099999999999" classname="table_lbt14" name="LBT14_variant_4_LOW_and_force_1_missing_both_baseline_and_post_baseline_then_force_the_missing_baseline_as_0_as_expected"/>
    <testcase time="0.25200000000001" classname="table_lbt14" name="LBT14_variant_4_LOW_and_force_1_missing_both_baseline_and_post_baseline_then_force_the_missing_baseline_as_0_as_expected">
      <skipped message="Reason: On CRAN ('test-table_lbt14.R:222:3')"/>
    </testcase>
    <testcase time="5.875" classname="table_lbt14" name="LBT14_variant_5_HIGH_with_fillings_works_as_expected"/>
    <testcase time="3.04400000000001" classname="table_lbt14" name="LBT14_variant_5_HIGH_with_fillings_works_as_expected">
      <skipped message="Reason: On CRAN ('test-table_lbt14.R:274:3')"/>
    </testcase>
  </testsuite>
  <testsuite name="table_lbt15" timestamp="2025-03-06T18:55:55Z" hostname="355ee698840d" tests="4" skipped="2" failures="0" errors="0" time="1.985">
    <testcase time="0.701999999999998" classname="table_lbt15" name="LBT15_variant_1_works_as_expected"/>
    <testcase time="0.20999999999998" classname="table_lbt15" name="LBT15_variant_1_works_as_expected">
      <skipped message="Reason: On CRAN ('test-table_lbt15.R:82:3')"/>
    </testcase>
    <testcase time="0.900000000000006" classname="table_lbt15" name="LBT15_variant_2_works_as_expected"/>
    <testcase time="0.173000000000002" classname="table_lbt15" name="LBT15_variant_2_works_as_expected">
      <skipped message="Reason: On CRAN ('test-table_lbt15.R:89:3')"/>
    </testcase>
  </testsuite>
  <testsuite name="table_lgrt02" timestamp="2025-03-06T18:55:57Z" hostname="355ee698840d" tests="8" skipped="4" failures="0" errors="0" time="2.873">
    <testcase time="0.510999999999996" classname="table_lgrt02" name="LGRT02_without_interaction_term_is_produced_correctly"/>
    <testcase time="0.135999999999996" classname="table_lgrt02" name="LGRT02_without_interaction_term_is_produced_correctly">
      <skipped message="Reason: On CRAN ('test-table_lgrt02.R:52:3')"/>
    </testcase>
    <testcase time="0.631" classname="table_lgrt02" name="LGRT02_with_categorical_interaction_is_produced_correctly"/>
    <testcase time="0.171000000000021" classname="table_lgrt02" name="LGRT02_with_categorical_interaction_is_produced_correctly">
      <skipped message="Reason: On CRAN ('test-table_lgrt02.R:78:3')"/>
    </testcase>
    <testcase time="0.603999999999985" classname="table_lgrt02" name="LGRT02_with_continuous_interaction_is_produced_correctly"/>
    <testcase time="0.165999999999997" classname="table_lgrt02" name="LGRT02_with_continuous_interaction_is_produced_correctly">
      <skipped message="Reason: On CRAN ('test-table_lgrt02.R:104:3')"/>
    </testcase>
    <testcase time="0.519000000000005" classname="table_lgrt02" name="LGRT02_with_setting_values_indicating_an_event_and_custom_alpha_level_is_produced_correctly"/>
    <testcase time="0.134999999999991" classname="table_lgrt02" name="LGRT02_with_setting_values_indicating_an_event_and_custom_alpha_level_is_produced_correctly">
      <skipped message="Reason: On CRAN ('test-table_lgrt02.R:130:3')"/>
    </testcase>
  </testsuite>
  <testsuite name="table_mht01" timestamp="2025-03-06T18:56:00Z" hostname="355ee698840d" tests="8" skipped="4" failures="0" errors="0" time="1.518">
    <testcase time="0.324000000000012" classname="table_mht01" name="MHT01_variant_1_is_produced_accurately"/>
    <testcase time="0.129999999999995" classname="table_mht01" name="MHT01_variant_1_is_produced_accurately">
      <skipped message="Reason: On CRAN ('test-table_mht01.R:49:3')"/>
    </testcase>
    <testcase time="0.113" classname="table_mht01" name="MHT01_variant_2_is_produced_accurately"/>
    <testcase time="0.0670000000000073" classname="table_mht01" name="MHT01_variant_2_is_produced_accurately">
      <skipped message="Reason: On CRAN ('test-table_mht01.R:60:3')"/>
    </testcase>
    <testcase time="0.277999999999992" classname="table_mht01" name="MHT01_variant_3_is_produced_accurately"/>
    <testcase time="0.105000000000018" classname="table_mht01" name="MHT01_variant_3_is_produced_accurately">
      <skipped message="Reason: On CRAN ('test-table_mht01.R:92:3')"/>
    </testcase>
    <testcase time="0.35299999999998" classname="table_mht01" name="MHT01_variant_5_is_produced_accurately"/>
    <testcase time="0.147999999999996" classname="table_mht01" name="MHT01_variant_5_is_produced_accurately">
      <skipped message="Reason: On CRAN ('test-table_mht01.R:130:3')"/>
    </testcase>
  </testsuite>
  <testsuite name="table_onct05" timestamp="2025-03-06T18:56:01Z" hostname="355ee698840d" tests="10" skipped="5" failures="0" errors="0" time="2.721">
    <testcase time="0.510000000000019" classname="table_onct05" name="ONCT05_variant_1_Objective_Response_Rate_by_Subgroup_is_produced_correctly"/>
    <testcase time="0.0999999999999943" classname="table_onct05" name="ONCT05_variant_1_Objective_Response_Rate_by_Subgroup_is_produced_correctly">
      <skipped message="Reason: On CRAN ('test-table_onct05.R:33:3')"/>
    </testcase>
    <testcase time="0.483000000000004" classname="table_onct05" name="ONCT05_variant_2_Specifying_class_variables_is_produced_correctly"/>
    <testcase time="0.114000000000004" classname="table_onct05" name="ONCT05_variant_2_Specifying_class_variables_is_produced_correctly">
      <skipped message="Reason: On CRAN ('test-table_onct05.R:57:3')"/>
    </testcase>
    <testcase time="0.227000000000004" classname="table_onct05" name="ONCT05_variant_3_selecting_columns_and_changing_the_alpha_level_is_produced_correctly"/>
    <testcase time="0.070999999999998" classname="table_onct05" name="ONCT05_variant_3_selecting_columns_and_changing_the_alpha_level_is_produced_correctly">
      <skipped message="Reason: On CRAN ('test-table_onct05.R:75:3')"/>
    </testcase>
    <testcase time="0.468999999999994" classname="table_onct05" name="ONCT05_variant_4_setting_values_indicating_response_is_produced_correctly"/>
    <testcase time="0.100999999999999" classname="table_onct05" name="ONCT05_variant_4_setting_values_indicating_response_is_produced_correctly">
      <skipped message="Reason: On CRAN ('test-table_onct05.R:96:3')"/>
    </testcase>
    <testcase time="0.527999999999992" classname="table_onct05" name="ONCT05_with_risk_difference_column_is_produced_correctly"/>
    <testcase time="0.117999999999995" classname="table_onct05" name="ONCT05_with_risk_difference_column_is_produced_correctly">
      <skipped message="Reason: On CRAN ('test-table_onct05.R:122:3')"/>
    </testcase>
  </testsuite>
  <testsuite name="table_pdt01" timestamp="2025-03-06T18:56:04Z" hostname="355ee698840d" tests="2" skipped="1" failures="0" errors="0" time="0.412">
    <testcase time="0.278999999999996" classname="table_pdt01" name="PDT01_is_produced_correctly"/>
    <testcase time="0.13300000000001" classname="table_pdt01" name="PDT01_is_produced_correctly">
      <skipped message="Reason: On CRAN ('test-table_pdt01.R:40:3')"/>
    </testcase>
  </testsuite>
  <testsuite name="table_pdt02" timestamp="2025-03-06T18:56:04Z" hostname="355ee698840d" tests="2" skipped="1" failures="0" errors="0" time="0.236">
    <testcase time="0.171999999999997" classname="table_pdt02" name="PDT02_is_produced_correctly"/>
    <testcase time="0.063999999999993" classname="table_pdt02" name="PDT02_is_produced_correctly">
      <skipped message="Reason: On CRAN ('test-table_pdt02.R:43:3')"/>
    </testcase>
  </testsuite>
  <testsuite name="table_pkct01" timestamp="2025-03-06T18:56:05Z" hostname="355ee698840d" tests="4" skipped="2" failures="0" errors="0" time="1.701">
    <testcase time="0.296000000000021" classname="table_pkct01" name="PKCT01_is_produced_correctly"/>
    <testcase time="0.0769999999999982" classname="table_pkct01" name="PKCT01_is_produced_correctly">
      <skipped message="Reason: On CRAN ('test-table_pkct01.R:18:3')"/>
    </testcase>
    <testcase time="1.10499999999999" classname="table_pkct01" name="Specific_PKCT01_features_are_present"/>
    <testcase time="0.223000000000013" classname="table_pkct01" name="Specific_PKCT01_features_are_present">
      <skipped message="Reason: On CRAN ('test-table_pkct01.R:120:3')"/>
    </testcase>
  </testsuite>
  <testsuite name="table_pkpt02" timestamp="2025-03-06T18:56:06Z" hostname="355ee698840d" tests="2" skipped="1" failures="0" errors="0" time="0.589">
    <testcase time="0.379000000000019" classname="table_pkpt02" name="PKPT02_is_produced_correctly_for_Drug_X"/>
    <testcase time="0.20999999999998" classname="table_pkpt02" name="PKPT02_is_produced_correctly_for_Drug_X">
      <skipped message="Reason: On CRAN ('test-table_pkpt02.R:44:3')"/>
    </testcase>
  </testsuite>
  <testsuite name="table_pkpt03" timestamp="2025-03-06T18:56:07Z" hostname="355ee698840d" tests="2" skipped="1" failures="0" errors="0" time="1.244">
    <testcase time="1.05100000000002" classname="table_pkpt03" name="PKPT03_Drug_X_is_produced_correctly"/>
    <testcase time="0.192999999999984" classname="table_pkpt03" name="PKPT03_Drug_X_is_produced_correctly">
      <skipped message="Reason: On CRAN ('test-table_pkpt03.R:69:3')"/>
    </testcase>
  </testsuite>
  <testsuite name="table_pkpt04" timestamp="2025-03-06T18:56:08Z" hostname="355ee698840d" tests="2" skipped="1" failures="0" errors="0" time="0.209">
    <testcase time="0.134000000000015" classname="table_pkpt04" name="PKPT04_is_produced_correctly_for_Drug_X"/>
    <testcase time="0.0749999999999886" classname="table_pkpt04" name="PKPT04_is_produced_correctly_for_Drug_X">
      <skipped message="Reason: On CRAN ('test-table_pkpt04.R:42:3')"/>
    </testcase>
  </testsuite>
  <testsuite name="table_pkpt05" timestamp="2025-03-06T18:56:08Z" hostname="355ee698840d" tests="2" skipped="1" failures="0" errors="0" time="0.439">
    <testcase time="0.326000000000022" classname="table_pkpt05" name="PKPT05_Drug_X_is_produced_correctly"/>
    <testcase time="0.113" classname="table_pkpt05" name="PKPT05_Drug_X_is_produced_correctly">
      <skipped message="Reason: On CRAN ('test-table_pkpt05.R:66:3')"/>
    </testcase>
  </testsuite>
  <testsuite name="table_pkpt06" timestamp="2025-03-06T18:56:09Z" hostname="355ee698840d" tests="4" skipped="2" failures="0" errors="0" time="0.277">
    <testcase time="0.111000000000018" classname="table_pkpt06" name="PKPT06_is_produced_correctly_for_Drug_X"/>
    <testcase time="0.054000000000002" classname="table_pkpt06" name="PKPT06_is_produced_correctly_for_Drug_X">
      <skipped message="Reason: On CRAN ('test-table_pkpt06.R:48:3')"/>
    </testcase>
    <testcase time="0.0669999999999789" classname="table_pkpt06" name="PKPT06_is_produced_correctly_for_Drug_Y"/>
    <testcase time="0.0450000000000159" classname="table_pkpt06" name="PKPT06_is_produced_correctly_for_Drug_Y">
      <skipped message="Reason: On CRAN ('test-table_pkpt06.R:61:3')"/>
    </testcase>
  </testsuite>
  <testsuite name="table_pkpt07" timestamp="2025-03-06T18:56:09Z" hostname="355ee698840d" tests="4" skipped="2" failures="0" errors="0" time="0.592">
    <testcase time="0.260999999999996" classname="table_pkpt07" name="PKPT07_Drug_X_is_produced_correctly"/>
    <testcase time="0.106999999999999" classname="table_pkpt07" name="PKPT07_Drug_X_is_produced_correctly">
      <skipped message="Reason: On CRAN ('test-table_pkpt07.R:73:3')"/>
    </testcase>
    <testcase time="0.13300000000001" classname="table_pkpt07" name="PKPT07_Drug_Y_is_produced_correctly"/>
    <testcase time="0.0909999999999798" classname="table_pkpt07" name="PKPT07_Drug_Y_is_produced_correctly">
      <skipped message="Reason: On CRAN ('test-table_pkpt07.R:88:3')"/>
    </testcase>
  </testsuite>
  <testsuite name="table_ratet01" timestamp="2025-03-06T18:56:10Z" hostname="355ee698840d" tests="2" skipped="1" failures="0" errors="0" time="1.453">
    <testcase time="1.274" classname="table_ratet01" name="RATET01_is_produced_correctly"/>
    <testcase time="0.179000000000002" classname="table_ratet01" name="RATET01_is_produced_correctly">
      <skipped message="Reason: On CRAN ('test-table_ratet01.R:105:3')"/>
    </testcase>
  </testsuite>
  <testsuite name="table_rmpt01" timestamp="2025-03-06T18:56:11Z" hostname="355ee698840d" tests="2" skipped="1" failures="0" errors="0" time="0.227">
    <testcase time="0.181000000000012" classname="table_rmpt01" name="RMPT01_is_produced_correctly"/>
    <testcase time="0.0459999999999923" classname="table_rmpt01" name="RMPT01_is_produced_correctly">
      <skipped message="Reason: On CRAN ('test-table_rmpt01.R:58:3')"/>
    </testcase>
  </testsuite>
  <testsuite name="table_rmpt03" timestamp="2025-03-06T18:56:11Z" hostname="355ee698840d" tests="4" skipped="2" failures="0" errors="0" time="0.6">
    <testcase time="0.239000000000004" classname="table_rmpt03" name="RMPT03_variant_1_is_produced_correctly"/>
    <testcase time="0.0730000000000075" classname="table_rmpt03" name="RMPT03_variant_1_is_produced_correctly">
      <skipped message="Reason: On CRAN ('test-table_rmpt03.R:67:3')"/>
    </testcase>
    <testcase time="0.195999999999998" classname="table_rmpt03" name="RMPT03_variant_2_is_produced_correctly"/>
    <testcase time="0.0919999999999845" classname="table_rmpt03" name="RMPT03_variant_2_is_produced_correctly">
      <skipped message="Reason: On CRAN ('test-table_rmpt03.R:91:3')"/>
    </testcase>
  </testsuite>
  <testsuite name="table_rmpt04" timestamp="2025-03-06T18:56:12Z" hostname="355ee698840d" tests="2" skipped="1" failures="0" errors="0" time="0.202">
    <testcase time="0.155000000000001" classname="table_rmpt04" name="RMPT04_variant_1_is_produced_correctly"/>
    <testcase time="0.046999999999997" classname="table_rmpt04" name="RMPT04_variant_1_is_produced_correctly">
      <skipped message="Reason: On CRAN ('test-table_rmpt04.R:50:3')"/>
    </testcase>
  </testsuite>
  <testsuite name="table_rmpt05" timestamp="2025-03-06T18:56:12Z" hostname="355ee698840d" tests="2" skipped="1" failures="0" errors="0" time="0.248">
    <testcase time="0.189000000000021" classname="table_rmpt05" name="RMPT05_is_produced_correctly"/>
    <testcase time="0.0589999999999975" classname="table_rmpt05" name="RMPT05_is_produced_correctly">
      <skipped message="Reason: On CRAN ('test-table_rmpt05.R:49:3')"/>
    </testcase>
  </testsuite>
  <testsuite name="table_rmpt06" timestamp="2025-03-06T18:56:12Z" hostname="355ee698840d" tests="8" skipped="4" failures="0" errors="0" time="1.604">
    <testcase time="0.337999999999994" classname="table_rmpt06" name="RMPT06_variant_1_is_produced_correctly"/>
    <testcase time="0.115999999999985" classname="table_rmpt06" name="RMPT06_variant_1_is_produced_correctly">
      <skipped message="Reason: On CRAN ('test-table_rmpt06.R:99:3')"/>
    </testcase>
    <testcase time="0.233000000000004" classname="table_rmpt06" name="RMPT06_variant_2_is_produced_correctly"/>
    <testcase time="0.0720000000000027" classname="table_rmpt06" name="RMPT06_variant_2_is_produced_correctly">
      <skipped message="Reason: On CRAN ('test-table_rmpt06.R:148:3')"/>
    </testcase>
    <testcase time="0.308999999999997" classname="table_rmpt06" name="RMPT06_variant_3_is_produced_correctly"/>
    <testcase time="0.117000000000019" classname="table_rmpt06" name="RMPT06_variant_3_is_produced_correctly">
      <skipped message="Reason: On CRAN ('test-table_rmpt06.R:211:3')"/>
    </testcase>
    <testcase time="0.313999999999993" classname="table_rmpt06" name="RMPT06_variant_4_is_produced_correctly"/>
    <testcase time="0.10499999999999" classname="table_rmpt06" name="RMPT06_variant_4_is_produced_correctly">
      <skipped message="Reason: On CRAN ('test-table_rmpt06.R:277:3')"/>
    </testcase>
  </testsuite>
  <testsuite name="table_rspt01" timestamp="2025-03-06T18:56:14Z" hostname="355ee698840d" tests="12" skipped="6" failures="0" errors="0" time="2.511">
    <testcase time="0.314000000000021" classname="table_rspt01" name="RSPT01_1._Best_Overall_Response"/>
    <testcase time="0.125999999999976" classname="table_rspt01" name="RSPT01_1._Best_Overall_Response">
      <skipped message="Reason: On CRAN ('test-table_rspt01.R:46:3')"/>
    </testcase>
    <testcase time="0.27600000000001" classname="table_rspt01" name="RSPT01_2._Best_Overall_Response_selecting_sections_to_display_"/>
    <testcase time="0.102000000000004" classname="table_rspt01" name="RSPT01_2._Best_Overall_Response_selecting_sections_to_display_">
      <skipped message="Reason: On CRAN ('test-table_rspt01.R:73:3')"/>
    </testcase>
    <testcase time="0.353000000000009" classname="table_rspt01" name="RSPT01_3._Best_Overall_Response_modifying_settings_"/>
    <testcase time="0.0999999999999943" classname="table_rspt01" name="RSPT01_3._Best_Overall_Response_modifying_settings_">
      <skipped message="Reason: On CRAN ('test-table_rspt01.R:116:3')"/>
    </testcase>
    <testcase time="0.397999999999996" classname="table_rspt01" name="RSPT01_4._Best_Overall_Response_with_stratified_analysis_"/>
    <testcase time="0.137" classname="table_rspt01" name="RSPT01_4._Best_Overall_Response_with_stratified_analysis_">
      <skipped message="Reason: On CRAN ('test-table_rspt01.R:170:3')"/>
    </testcase>
    <testcase time="0.283999999999992" classname="table_rspt01" name="RSPT01_5._Best_Overall_Response_modifying_the_definition_of_overall_response_"/>
    <testcase time="0.102000000000004" classname="table_rspt01" name="RSPT01_5._Best_Overall_Response_modifying_the_definition_of_overall_response_">
      <skipped message="Reason: On CRAN ('test-table_rspt01.R:202:3')"/>
    </testcase>
    <testcase time="0.23599999999999" classname="table_rspt01" name="RSPT01_6._Best_Overall_Response_define_new_sections_to_display_"/>
    <testcase time="0.0829999999999984" classname="table_rspt01" name="RSPT01_6._Best_Overall_Response_define_new_sections_to_display_">
      <skipped message="Reason: On CRAN ('test-table_rspt01.R:252:3')"/>
    </testcase>
  </testsuite>
  <testsuite name="table_ttet01" timestamp="2025-03-06T18:56:17Z" hostname="355ee698840d" tests="14" skipped="7" failures="0" errors="0" time="3.633">
    <testcase time="0.439999999999998" classname="table_ttet01" name="TTET01_default_variant_is_produced_correctly"/>
    <testcase time="0.175000000000011" classname="table_ttet01" name="TTET01_default_variant_is_produced_correctly">
      <skipped message="Reason: On CRAN ('test-table_ttet01.R:79:3')"/>
    </testcase>
    <testcase time="0.429000000000002" classname="table_ttet01" name="TTET01_default_variant_with_Placebo_arm"/>
    <testcase time="0.173000000000002" classname="table_ttet01" name="TTET01_default_variant_with_Placebo_arm">
      <skipped message="Reason: On CRAN ('test-table_ttet01.R:140:3')"/>
    </testcase>
    <testcase time="0.240000000000009" classname="table_ttet01" name="TTET01_variant_2_selecting_sections_to_display"/>
    <testcase time="0.103999999999985" classname="table_ttet01" name="TTET01_variant_2_selecting_sections_to_display">
      <skipped message="Reason: On CRAN ('test-table_ttet01.R:185:3')"/>
    </testcase>
    <testcase time="0.337999999999994" classname="table_ttet01" name="TTET01_variant_3_modifying_analysis_details_like_conftype_ties_alpha_level"/>
    <testcase time="0.146000000000015" classname="table_ttet01" name="TTET01_variant_3_modifying_analysis_details_like_conftype_ties_alpha_level">
      <skipped message="Reason: On CRAN ('test-table_ttet01.R:251:3')"/>
    </testcase>
    <testcase time="0.382000000000005" classname="table_ttet01" name="TTET01_variant_4_with_stratified_analysis"/>
    <testcase time="0.161999999999978" classname="table_ttet01" name="TTET01_variant_4_with_stratified_analysis">
      <skipped message="Reason: On CRAN ('test-table_ttet01.R:312:3')"/>
    </testcase>
    <testcase time="0.335000000000008" classname="table_ttet01" name="TTET01_variant_5_modifying_time_point"/>
    <testcase time="0.146999999999991" classname="table_ttet01" name="TTET01_variant_5_modifying_time_point">
      <skipped message="Reason: On CRAN ('test-table_ttet01.R:367:3')"/>
    </testcase>
    <testcase time="0.408000000000015" classname="table_ttet01" name="TTET01_variant_6_requesting_more_than_one_p_value"/>
    <testcase time="0.153999999999996" classname="table_ttet01" name="TTET01_variant_6_requesting_more_than_one_p_value">
      <skipped message="Reason: On CRAN ('test-table_ttet01.R:440:3')"/>
    </testcase>
  </testsuite>
  <testsuite name="table_vst01" timestamp="2025-03-06T18:56:21Z" hostname="355ee698840d" tests="2" skipped="1" failures="0" errors="0" time="2.336">
    <testcase time="1.887" classname="table_vst01" name="VST01_default_variant_is_produced_correctly"/>
    <testcase time="0.448999999999984" classname="table_vst01" name="VST01_default_variant_is_produced_correctly">
      <skipped message="Reason: On CRAN ('test-table_vst01.R:100:3')"/>
    </testcase>
  </testsuite>
  <testsuite name="table_vst02" timestamp="2025-03-06T18:56:23Z" hostname="355ee698840d" tests="4" skipped="2" failures="0" errors="0" time="1.62">
    <testcase time="1.126" classname="table_vst02" name="1._Vital_Sign_Abnormalities_Regardless_of_Abnormality_at_Baseline_VST02_1_"/>
    <testcase time="0.112000000000023" classname="table_vst02" name="1._Vital_Sign_Abnormalities_Regardless_of_Abnormality_at_Baseline_VST02_1_">
      <skipped message="Reason: On CRAN ('test-table_vst02.R:33:3')"/>
    </testcase>
    <testcase time="0.292999999999978" classname="table_vst02" name="2._Vital_Sign_Abnormalities_Among_Subject_Without_Abnormality_at_Baseline_VST02_2_"/>
    <testcase time="0.0889999999999986" classname="table_vst02" name="2._Vital_Sign_Abnormalities_Among_Subject_Without_Abnormality_at_Baseline_VST02_2_">
      <skipped message="Reason: On CRAN ('test-table_vst02.R:51:3')"/>
    </testcase>
  </testsuite>
</testsuites>
