<?xml version="1.0" encoding="UTF-8"?>
<testsuites>
  <testsuite name="listing_adal02" timestamp="2023-07-06T19:16:43Z" hostname="a5f2313e2e40" tests="2" skipped="1" failures="0" errors="0" time="0.556">
    <testcase time="0.375999999999999" classname="listing_adal02" name="ADAL02_listing_is_produced_correctly"/>
    <testcase time="0.180000000000001" classname="listing_adal02" name="ADAL02_listing_is_produced_correctly">
      <skipped message="Reason: On CRAN ('test-listing_adal02.R:100:3')"/>
    </testcase>
  </testsuite>
  <testsuite name="listing_ael01" timestamp="2023-07-06T19:16:44Z" hostname="a5f2313e2e40" tests="2" skipped="1" failures="0" errors="0" time="0.277">
    <testcase time="0.105" classname="listing_ael01" name="AEL01_listing_is_produced_correctly"/>
    <testcase time="0.172000000000001" classname="listing_ael01" name="AEL01_listing_is_produced_correctly">
      <skipped message="Reason: On CRAN ('test-listing_ael01.R:20:3')"/>
    </testcase>
  </testsuite>
  <testsuite name="listing_ael01_nollt" timestamp="2023-07-06T19:16:44Z" hostname="a5f2313e2e40" tests="2" skipped="1" failures="0" errors="0" time="0.094">
    <testcase time="0.0619999999999994" classname="listing_ael01_nollt" name="AEL01_NOLLT_listing_is_produced_correctly"/>
    <testcase time="0.032" classname="listing_ael01_nollt" name="AEL01_NOLLT_listing_is_produced_correctly">
      <skipped message="Reason: On CRAN ('test-listing_ael01_nollt.R:19:3')"/>
    </testcase>
  </testsuite>
  <testsuite name="listing_ael02" timestamp="2023-07-06T19:16:44Z" hostname="a5f2313e2e40" tests="1" skipped="1" failures="0" errors="0" time="0.285">
    <testcase time="0.285" classname="listing_ael02" name="AEL02_listing_is_produced_correctly">
      <skipped message="Reason: On CRAN ('test-listing_ael02.R:60:3')"/>
    </testcase>
  </testsuite>
  <testsuite name="listing_ael02_ed" timestamp="2023-07-06T19:16:44Z" hostname="a5f2313e2e40" tests="1" skipped="1" failures="0" errors="0" time="0.336">
    <testcase time="0.336" classname="listing_ael02_ed" name="AEL02_ED_listing_is_produced_correctly">
      <skipped message="Reason: On CRAN ('test-listing_ael02_ed.R:77:3')"/>
    </testcase>
  </testsuite>
  <testsuite name="listing_ael03" timestamp="2023-07-06T19:16:45Z" hostname="a5f2313e2e40" tests="1" skipped="1" failures="0" errors="0" time="0.3">
    <testcase time="0.3" classname="listing_ael03" name="AEL03_listing_is_produced_correctly">
      <skipped message="Reason: On CRAN ('test-listing_ael03.R:73:3')"/>
    </testcase>
  </testsuite>
  <testsuite name="listing_ael04" timestamp="2023-07-06T19:16:45Z" hostname="a5f2313e2e40" tests="2" skipped="1" failures="0" errors="0" time="0.242">
    <testcase time="0.0609999999999999" classname="listing_ael04" name="AEL04_listing_is_produced_correctly"/>
    <testcase time="0.181" classname="listing_ael04" name="AEL04_listing_is_produced_correctly">
      <skipped message="Reason: On CRAN ('test-listing_ael04.R:30:3')"/>
    </testcase>
  </testsuite>
  <testsuite name="listing_cml01" timestamp="2023-07-06T19:16:45Z" hostname="a5f2313e2e40" tests="2" skipped="1" failures="0" errors="0" time="0.31">
    <testcase time="0.077" classname="listing_cml01" name="CML01_listing_is_produced_correctly"/>
    <testcase time="0.233" classname="listing_cml01" name="CML01_listing_is_produced_correctly">
      <skipped message="Reason: On CRAN ('test-listing_cml01.R:41:3')"/>
    </testcase>
  </testsuite>
  <testsuite name="listing_cml02a_gl" timestamp="2023-07-06T19:16:45Z" hostname="a5f2313e2e40" tests="2" skipped="1" failures="0" errors="0" time="0.088">
    <testcase time="0.0420000000000007" classname="listing_cml02a_gl" name="CML02A_GL_listing_is_produced_correctly"/>
    <testcase time="0.0459999999999994" classname="listing_cml02a_gl" name="CML02A_GL_listing_is_produced_correctly">
      <skipped message="Reason: On CRAN ('test-listing_cml02a_gl.R:19:3')"/>
    </testcase>
  </testsuite>
  <testsuite name="listing_cml02b_gl" timestamp="2023-07-06T19:16:45Z" hostname="a5f2313e2e40" tests="2" skipped="1" failures="0" errors="0" time="0.104">
    <testcase time="0.0490000000000004" classname="listing_cml02b_gl" name="CML02B_GL_listing_is_produced_correctly"/>
    <testcase time="0.0549999999999997" classname="listing_cml02b_gl" name="CML02B_GL_listing_is_produced_correctly">
      <skipped message="Reason: On CRAN ('test-listing_cml02b_gl.R:22:3')"/>
    </testcase>
  </testsuite>
  <testsuite name="listing_dsl01" timestamp="2023-07-06T19:16:46Z" hostname="a5f2313e2e40" tests="2" skipped="1" failures="0" errors="0" time="0.176">
    <testcase time="0.0440000000000005" classname="listing_dsl01" name="DSL01_listing_is_produced_correctly"/>
    <testcase time="0.132" classname="listing_dsl01" name="DSL01_listing_is_produced_correctly">
      <skipped message="Reason: On CRAN ('test-listing_dsl01.R:30:3')"/>
    </testcase>
  </testsuite>
  <testsuite name="listing_dsl02" timestamp="2023-07-06T19:16:46Z" hostname="a5f2313e2e40" tests="2" skipped="1" failures="0" errors="0" time="0.092">
    <testcase time="0.0529999999999999" classname="listing_dsl02" name="DSL02_listing_is_produced_correctly"/>
    <testcase time="0.0389999999999997" classname="listing_dsl02" name="DSL02_listing_is_produced_correctly">
      <skipped message="Reason: On CRAN ('test-listing_dsl02.R:36:3')"/>
    </testcase>
  </testsuite>
  <testsuite name="listing_dsur4" timestamp="2023-07-06T19:16:46Z" hostname="a5f2313e2e40" tests="2" skipped="1" failures="0" errors="0" time="0.122">
    <testcase time="0.0379999999999994" classname="listing_dsur4" name="DSUR4_listing_is_produced_correctly"/>
    <testcase time="0.0840000000000014" classname="listing_dsur4" name="DSUR4_listing_is_produced_correctly">
      <skipped message="Reason: On CRAN ('test-listing_dsur4.R:22:3')"/>
    </testcase>
  </testsuite>
  <testsuite name="listing_egl01" timestamp="2023-07-06T19:16:46Z" hostname="a5f2313e2e40" tests="1" skipped="1" failures="0" errors="0" time="0.339">
    <testcase time="0.338999999999999" classname="listing_egl01" name="EGL01_listing_is_produced_correctly">
      <skipped message="Reason: On CRAN ('test-listing_egl01.R:61:3')"/>
    </testcase>
  </testsuite>
  <testsuite name="listing_exl01" timestamp="2023-07-06T19:16:46Z" hostname="a5f2313e2e40" tests="1" skipped="1" failures="0" errors="0" time="0.229">
    <testcase time="0.228999999999999" classname="listing_exl01" name="EXL01_listing_is_produced_correctly">
      <skipped message="Reason: On CRAN ('test-listing_exl01.R:29:3')"/>
    </testcase>
  </testsuite>
  <testsuite name="listing_lbl01" timestamp="2023-07-06T19:16:47Z" hostname="a5f2313e2e40" tests="1" skipped="1" failures="0" errors="0" time="0.306">
    <testcase time="0.306000000000001" classname="listing_lbl01" name="LBL01_listing_is_produced_correctly">
      <skipped message="Reason: On CRAN ('test-listing_lbl01.R:52:3')"/>
    </testcase>
  </testsuite>
  <testsuite name="listing_lbl01_rls" timestamp="2023-07-06T19:16:47Z" hostname="a5f2313e2e40" tests="1" skipped="1" failures="0" errors="0" time="0.301">
    <testcase time="0.301" classname="listing_lbl01_rls" name="LBL01_RLS_listing_is_produced_correctly">
      <skipped message="Reason: On CRAN ('test-listing_lbl01_rls.R:58:3')"/>
    </testcase>
  </testsuite>
  <testsuite name="listing_lbl02a" timestamp="2023-07-06T19:16:47Z" hostname="a5f2313e2e40" tests="2" skipped="1" failures="0" errors="0" time="0.31">
    <testcase time="0.138999999999999" classname="listing_lbl02a" name="LBL02A_listing_is_produced_correctly"/>
    <testcase time="0.170999999999999" classname="listing_lbl02a" name="LBL02A_listing_is_produced_correctly">
      <skipped message="Reason: On CRAN ('test-listing_lbl02a.R:49:3')"/>
    </testcase>
  </testsuite>
  <testsuite name="listing_lbl02a_rls" timestamp="2023-07-06T19:16:47Z" hostname="a5f2313e2e40" tests="2" skipped="1" failures="0" errors="0" time="0.48">
    <testcase time="0.266" classname="listing_lbl02a_rls" name="LBL02A_RLS_listing_is_produced_correctly"/>
    <testcase time="0.214" classname="listing_lbl02a_rls" name="LBL02A_RLS_listing_is_produced_correctly">
      <skipped message="Reason: On CRAN ('test-listing_lbl02a_rls.R:79:3')"/>
    </testcase>
  </testsuite>
  <testsuite name="listing_lbl02b" timestamp="2023-07-06T19:16:48Z" hostname="a5f2313e2e40" tests="2" skipped="1" failures="0" errors="0" time="0.314">
    <testcase time="0.119" classname="listing_lbl02b" name="LBL02B_listing_is_produced_correctly"/>
    <testcase time="0.195" classname="listing_lbl02b" name="LBL02B_listing_is_produced_correctly">
      <skipped message="Reason: On CRAN ('test-listing_lbl02b.R:55:3')"/>
    </testcase>
  </testsuite>
  <testsuite name="listing_mhl01" timestamp="2023-07-06T19:16:48Z" hostname="a5f2313e2e40" tests="2" skipped="1" failures="0" errors="0" time="0.252">
    <testcase time="0.0589999999999993" classname="listing_mhl01" name="MHL01_listing_is_produced_correctly"/>
    <testcase time="0.193000000000001" classname="listing_mhl01" name="MHL01_listing_is_produced_correctly">
      <skipped message="Reason: On CRAN ('test-listing_mhl01.R:33:3')"/>
    </testcase>
  </testsuite>
  <testsuite name="listing_oncl01" timestamp="2023-07-06T19:16:49Z" hostname="a5f2313e2e40" tests="1" skipped="1" failures="0" errors="0" time="0.308">
    <testcase time="0.308" classname="listing_oncl01" name="ONCL01_listing_is_produced_correctly">
      <skipped message="Reason: On CRAN ('test-listing_oncl01.R:61:3')"/>
    </testcase>
  </testsuite>
  <testsuite name="listing_pkcl01" timestamp="2023-07-06T19:16:49Z" hostname="a5f2313e2e40" tests="2" skipped="1" failures="0" errors="0" time="0.423">
    <testcase time="0.0429999999999993" classname="listing_pkcl01" name="PKCL01_listing_is_produced_correctly"/>
    <testcase time="0.380000000000001" classname="listing_pkcl01" name="PKCL01_listing_is_produced_correctly">
      <skipped message="Reason: On CRAN ('test-listing_pkcl01.R:28:3')"/>
    </testcase>
  </testsuite>
  <testsuite name="listing_pkcl02" timestamp="2023-07-06T19:16:49Z" hostname="a5f2313e2e40" tests="2" skipped="1" failures="0" errors="0" time="0.308">
    <testcase time="0.0779999999999994" classname="listing_pkcl02" name="PKCL02_listing_is_produced_correctly"/>
    <testcase time="0.23" classname="listing_pkcl02" name="PKCL02_listing_is_produced_correctly">
      <skipped message="Reason: On CRAN ('test-listing_pkcl02.R:63:3')"/>
    </testcase>
  </testsuite>
  <testsuite name="listing_pkpl01" timestamp="2023-07-06T19:16:50Z" hostname="a5f2313e2e40" tests="2" skipped="1" failures="0" errors="0" time="0.199">
    <testcase time="0.0600000000000005" classname="listing_pkpl01" name="PKPL01_listing_is_produced_correctly"/>
    <testcase time="0.138999999999999" classname="listing_pkpl01" name="PKPL01_listing_is_produced_correctly">
      <skipped message="Reason: On CRAN ('test-listing_pkpl01.R:34:3')"/>
    </testcase>
  </testsuite>
  <testsuite name="listing_pkpl02" timestamp="2023-07-06T19:16:50Z" hostname="a5f2313e2e40" tests="2" skipped="1" failures="0" errors="0" time="0.214">
    <testcase time="0.0839999999999996" classname="listing_pkpl02" name="PKPL02_listing_is_produced_correctly"/>
    <testcase time="0.130000000000001" classname="listing_pkpl02" name="PKPL02_listing_is_produced_correctly">
      <skipped message="Reason: On CRAN ('test-listing_pkpl02.R:35:3')"/>
    </testcase>
  </testsuite>
  <testsuite name="listing_pkpl04" timestamp="2023-07-06T19:16:50Z" hostname="a5f2313e2e40" tests="2" skipped="1" failures="0" errors="0" time="0.225">
    <testcase time="0.077" classname="listing_pkpl04" name="PKPL04_listing_is_produced_correctly"/>
    <testcase time="0.148" classname="listing_pkpl04" name="PKPL04_listing_is_produced_correctly">
      <skipped message="Reason: On CRAN ('test-listing_pkpl04.R:50:3')"/>
    </testcase>
  </testsuite>
  <testsuite name="listing_vsl01" timestamp="2023-07-06T19:16:50Z" hostname="a5f2313e2e40" tests="1" skipped="1" failures="0" errors="0" time="0.516">
    <testcase time="0.516" classname="listing_vsl01" name="VSL01_listing_is_produced_correctly">
      <skipped message="Reason: On CRAN ('test-listing_vsl01.R:83:3')"/>
    </testcase>
  </testsuite>
  <testsuite name="pagination_listing" timestamp="2023-07-06T19:16:51Z" hostname="a5f2313e2e40" tests="5" skipped="0" failures="0" errors="0" time="1.888">
    <testcase time="0.0579999999999998" classname="pagination_listing" name="Direct_pagination_works_fine"/>
    <testcase time="0.516" classname="pagination_listing" name="Direct_pagination_works_fine"/>
    <testcase time="0.00500000000000078" classname="pagination_listing" name="Direct_pagination_works_fine"/>
    <testcase time="0.44" classname="pagination_listing" name="Direct_pagination_works_fine"/>
    <testcase time="0.869" classname="pagination_listing" name="Direct_pagination_works_fine"/>
  </testsuite>
  <testsuite name="pagination_table" timestamp="2023-07-06T19:16:54Z" hostname="a5f2313e2e40" tests="21" skipped="6" failures="0" errors="0" time="17.363">
    <testcase time="2.612" classname="pagination_table" name="Direct_pagination_with_standard_values"/>
    <testcase time="0.00700000000000145" classname="pagination_table" name="Direct_pagination_with_standard_values"/>
    <testcase time="0.00799999999999912" classname="pagination_table" name="Direct_pagination_with_standard_values"/>
    <testcase time="1.944" classname="pagination_table" name="Pagination_with_specific_column_widths_and_minimum_lines_per_page"/>
    <testcase time="0.00700000000000145" classname="pagination_table" name="Pagination_with_specific_column_widths_and_minimum_lines_per_page"/>
    <testcase time="0.137999999999998" classname="pagination_table" name="Pagination_with_specific_column_widths_and_minimum_lines_per_page">
      <skipped message="Reason: On CRAN ('test-pagination_table.R:76:3')"/>
    </testcase>
    <testcase time="1.485" classname="pagination_table" name="Pagination_works_also_if_table_is_decorated"/>
    <testcase time="0.754000000000001" classname="pagination_table" name="Pagination_works_also_if_table_is_decorated"/>
    <testcase time="1.242" classname="pagination_table" name="Pagination_works_also_if_table_is_decorated"/>
    <testcase time="1.038" classname="pagination_table" name="Pagination_works_also_if_table_is_decorated"/>
    <testcase time="2.097" classname="pagination_table" name="Pagination_works_also_if_table_is_decorated"/>
    <testcase time="0.443999999999999" classname="pagination_table" name="Pagination_works_also_if_table_is_decorated"/>
    <testcase time="0.00700000000000145" classname="pagination_table" name="Pagination_works_also_if_table_is_decorated"/>
    <testcase time="0.0120000000000005" classname="pagination_table" name="Pagination_works_also_if_table_is_decorated">
      <skipped message="Reason: On CRAN ('test-pagination_table.R:126:3')"/>
    </testcase>
    <testcase time="1.085" classname="pagination_table" name="Pagination_works_for_page_types">
      <skipped message="Reason: On CRAN ('test-pagination_table.R:135:3')"/>
    </testcase>
    <testcase time="1.035" classname="pagination_table" name="Pagination_works_for_page_width_and_height">
      <skipped message="Reason: On CRAN ('test-pagination_table.R:148:3')"/>
    </testcase>
    <testcase time="1.118" classname="pagination_table" name="Pagination_works_for_page_types">
      <skipped message="Reason: On CRAN ('test-pagination_table.R:162:3')"/>
    </testcase>
    <testcase time="1.242" classname="pagination_table" name="AET04_variant_2_page_by_pagination_tests"/>
    <testcase time="0.905999999999999" classname="pagination_table" name="AET04_variant_2_page_by_pagination_tests"/>
    <testcase time="0.00300000000000011" classname="pagination_table" name="AET04_variant_2_page_by_pagination_tests"/>
    <testcase time="0.179000000000002" classname="pagination_table" name="AET04_variant_2_page_by_pagination_tests">
      <skipped message="Reason: On CRAN ('test-pagination_table.R:217:3')"/>
    </testcase>
  </testsuite>
  <testsuite name="table_adat03" timestamp="2023-07-06T19:17:10Z" hostname="a5f2313e2e40" tests="2" skipped="1" failures="0" errors="0" time="0.812">
    <testcase time="0.665999999999997" classname="table_adat03" name="ADAT03_is_produced_correctly"/>
    <testcase time="0.146000000000001" classname="table_adat03" name="ADAT03_is_produced_correctly">
      <skipped message="Reason: On CRAN ('test-table_adat03.R:72:3')"/>
    </testcase>
  </testsuite>
  <testsuite name="table_aet01" timestamp="2023-07-06T19:17:11Z" hostname="a5f2313e2e40" tests="8" skipped="4" failures="0" errors="0" time="2.561">
    <testcase time="0.613999999999997" classname="table_aet01" name="Safety_Summary_Variant_1_works_as_expected"/>
    <testcase time="0.112000000000002" classname="table_aet01" name="Safety_Summary_Variant_1_works_as_expected">
      <skipped message="Reason: On CRAN ('test-table_aet01.R:105:3')"/>
    </testcase>
    <testcase time="0.530999999999999" classname="table_aet01" name="Safety_Summary_Variant_2_with_Medical_Concepts_Section_works_as_expected"/>
    <testcase time="0.125999999999998" classname="table_aet01" name="Safety_Summary_Variant_2_with_Medical_Concepts_Section_works_as_expected">
      <skipped message="Reason: On CRAN ('test-table_aet01.R:171:3')"/>
    </testcase>
    <testcase time="0.384999999999998" classname="table_aet01" name="Safety_Summary_Variant_3_with_Modified_Rows_works_as_expected"/>
    <testcase time="0.0890000000000057" classname="table_aet01" name="Safety_Summary_Variant_3_with_Modified_Rows_works_as_expected">
      <skipped message="Reason: On CRAN ('test-table_aet01.R:232:3')"/>
    </testcase>
    <testcase time="0.545999999999999" classname="table_aet01" name="Safety_Summary_Variant_4_with_Rows_Counting_Events_and_Additional_Sections_works_as_expected"/>
    <testcase time="0.157999999999994" classname="table_aet01" name="Safety_Summary_Variant_4_with_Rows_Counting_Events_and_Additional_Sections_works_as_expected">
      <skipped message="Reason: On CRAN ('test-table_aet01.R:309:3')"/>
    </testcase>
  </testsuite>
  <testsuite name="table_aet01_aesi" timestamp="2023-07-06T19:17:13Z" hostname="a5f2313e2e40" tests="8" skipped="4" failures="0" errors="0" time="3.549">
    <testcase time="0.400000000000006" classname="table_aet01_aesi" name="AET01_AESI_Variant_1_works_as_expected"/>
    <testcase time="0.0989999999999966" classname="table_aet01_aesi" name="AET01_AESI_Variant_1_works_as_expected">
      <skipped message="Reason: On CRAN ('test-table_aet01_aesi.R:119:3')"/>
    </testcase>
    <testcase time="0.649999999999999" classname="table_aet01_aesi" name="AET01_AESI_Variant_2_works_as_expected"/>
    <testcase time="0.190000000000005" classname="table_aet01_aesi" name="AET01_AESI_Variant_2_works_as_expected">
      <skipped message="Reason: On CRAN ('test-table_aet01_aesi.R:192:3')"/>
    </testcase>
    <testcase time="1.037" classname="table_aet01_aesi" name="AET01_AESI_Variant_3_works_as_expected"/>
    <testcase time="0.266999999999996" classname="table_aet01_aesi" name="AET01_AESI_Variant_3_works_as_expected">
      <skipped message="Reason: On CRAN ('test-table_aet01_aesi.R:434:3')"/>
    </testcase>
    <testcase time="0.684000000000005" classname="table_aet01_aesi" name="AET01_AESI_Variant_4_works_as_expected"/>
    <testcase time="0.222000000000001" classname="table_aet01_aesi" name="AET01_AESI_Variant_4_works_as_expected">
      <skipped message="Reason: On CRAN ('test-table_aet01_aesi.R:576:3')"/>
    </testcase>
  </testsuite>
  <testsuite name="table_aet02" timestamp="2023-07-06T19:17:17Z" hostname="a5f2313e2e40" tests="24" skipped="12" failures="0" errors="0" time="11.117">
    <testcase time="0.927999999999997" classname="table_aet02" name="AET02_variant_1_is_produced_correctly"/>
    <testcase time="0.205999999999996" classname="table_aet02" name="AET02_variant_1_is_produced_correctly">
      <skipped message="Reason: On CRAN ('test-table_aet02.R:66:3')"/>
    </testcase>
    <testcase time="1.041" classname="table_aet02" name="AET02_variant_2_is_produced_correctly"/>
    <testcase time="0.225999999999999" classname="table_aet02" name="AET02_variant_2_is_produced_correctly">
      <skipped message="Reason: On CRAN ('test-table_aet02.R:126:3')"/>
    </testcase>
    <testcase time="1.217" classname="table_aet02" name="AET02_variant_3_is_produced_correctly"/>
    <testcase time="0.331000000000003" classname="table_aet02" name="AET02_variant_3_is_produced_correctly">
      <skipped message="Reason: On CRAN ('test-table_aet02.R:192:3')"/>
    </testcase>
    <testcase time="0.161999999999999" classname="table_aet02" name="AET02_variant_4_is_produced_correctly"/>
    <testcase time="0.0899999999999963" classname="table_aet02" name="AET02_variant_4_is_produced_correctly">
      <skipped message="Reason: On CRAN ('test-table_aet02.R:217:3')"/>
    </testcase>
    <testcase time="0.704000000000001" classname="table_aet02" name="AET02_variant_5_is_produced_correctly"/>
    <testcase time="0.198" classname="table_aet02" name="AET02_variant_5_is_produced_correctly">
      <skipped message="Reason: On CRAN ('test-table_aet02.R:264:3')"/>
    </testcase>
    <testcase time="0.683" classname="table_aet02" name="AET02_variant_6_is_produced_correctly"/>
    <testcase time="0.107999999999997" classname="table_aet02" name="AET02_variant_6_is_produced_correctly">
      <skipped message="Reason: On CRAN ('test-table_aet02.R:311:3')"/>
    </testcase>
    <testcase time="1.403" classname="table_aet02" name="AET02_variant_7_is_produced_correctly"/>
    <testcase time="0.142000000000003" classname="table_aet02" name="AET02_variant_7_is_produced_correctly">
      <skipped message="Reason: On CRAN ('test-table_aet02.R:374:3')"/>
    </testcase>
    <testcase time="0.616999999999997" classname="table_aet02" name="AET02_variant_8_is_produced_correctly"/>
    <testcase time="0.111000000000004" classname="table_aet02" name="AET02_variant_8_is_produced_correctly">
      <skipped message="Reason: On CRAN ('test-table_aet02.R:421:3')"/>
    </testcase>
    <testcase time="0.628999999999998" classname="table_aet02" name="AET02_variant_9_is_produced_correctly"/>
    <testcase time="0.110999999999997" classname="table_aet02" name="AET02_variant_9_is_produced_correctly">
      <skipped message="Reason: On CRAN ('test-table_aet02.R:468:3')"/>
    </testcase>
    <testcase time="0.636000000000003" classname="table_aet02" name="AET02_variant_10_is_produced_correctly"/>
    <testcase time="0.0829999999999984" classname="table_aet02" name="AET02_variant_10_is_produced_correctly">
      <skipped message="Reason: On CRAN ('test-table_aet02.R:515:3')"/>
    </testcase>
    <testcase time="0.698" classname="table_aet02" name="AET02_variant_11_is_produced_correctly"/>
    <testcase time="0.100999999999999" classname="table_aet02" name="AET02_variant_11_is_produced_correctly">
      <skipped message="Reason: On CRAN ('test-table_aet02.R:562:3')"/>
    </testcase>
    <testcase time="0.617000000000004" classname="table_aet02" name="AET02_variant_12_is_produced_correctly"/>
    <testcase time="0.0749999999999957" classname="table_aet02" name="AET02_variant_12_is_produced_correctly">
      <skipped message="Reason: On CRAN ('test-table_aet02.R:608:3')"/>
    </testcase>
  </testsuite>
  <testsuite name="table_aet02_smq" timestamp="2023-07-06T19:17:28Z" hostname="a5f2313e2e40" tests="4" skipped="2" failures="0" errors="0" time="0.569">
    <testcase time="0.182000000000002" classname="table_aet02_smq" name="AET02SMQ_variant_1_is_produced_correctly"/>
    <testcase time="0.0579999999999998" classname="table_aet02_smq" name="AET02SMQ_variant_1_is_produced_correctly">
      <skipped message="Reason: On CRAN ('test-table_aet02_smq.R:52:3')"/>
    </testcase>
    <testcase time="0.249000000000002" classname="table_aet02_smq" name="AET02SMQ_variant_2_is_produced_correctly"/>
    <testcase time="0.0799999999999983" classname="table_aet02_smq" name="AET02SMQ_variant_2_is_produced_correctly">
      <skipped message="Reason: On CRAN ('test-table_aet02_smq.R:91:3')"/>
    </testcase>
  </testsuite>
  <testsuite name="table_aet03" timestamp="2023-07-06T19:17:29Z" hostname="a5f2313e2e40" tests="2" skipped="1" failures="0" errors="0" time="1.951">
    <testcase time="1.577" classname="table_aet03" name="AET03_variant_1_is_produced_correctly"/>
    <testcase time="0.374000000000002" classname="table_aet03" name="AET03_variant_1_is_produced_correctly">
      <skipped message="Reason: On CRAN ('test-table_aet03.R:77:3')"/>
    </testcase>
  </testsuite>
  <testsuite name="table_aet04" timestamp="2023-07-06T19:17:33Z" hostname="a5f2313e2e40" tests="16" skipped="8" failures="0" errors="0" time="15.025">
    <testcase time="2.413" classname="table_aet04" name="AET04_variant_1_is_produced_correctly"/>
    <testcase time="0.435000000000002" classname="table_aet04" name="AET04_variant_1_is_produced_correctly">
      <skipped message="Reason: On CRAN ('test-table_aet04.R:106:3')"/>
    </testcase>
    <testcase time="2.13" classname="table_aet04" name="AET04_variant_2_is_produced_correctly_Fill_in_of_Treatment_Groups_"/>
    <testcase time="0.445999999999998" classname="table_aet04" name="AET04_variant_2_is_produced_correctly_Fill_in_of_Treatment_Groups_">
      <skipped message="Reason: On CRAN ('test-table_aet04.R:188:3')"/>
    </testcase>
    <testcase time="2.355" classname="table_aet04" name="AET04_variant_3_is_produced_correctly_Fill_in_of_Grades_"/>
    <testcase time="0.849000000000004" classname="table_aet04" name="AET04_variant_3_is_produced_correctly_Fill_in_of_Grades_">
      <skipped message="Reason: On CRAN ('test-table_aet04.R:267:3')"/>
    </testcase>
    <testcase time="2.399" classname="table_aet04" name="AET04_variant_4_is_produced_correctly_Collapsing_of_Grades_grades_1_2_grades_3_4_5_"/>
    <testcase time="0.502000000000002" classname="table_aet04" name="AET04_variant_4_is_produced_correctly_Collapsing_of_Grades_grades_1_2_grades_3_4_5_">
      <skipped message="Reason: On CRAN ('test-table_aet04.R:352:3')"/>
    </testcase>
    <testcase time="2.607" classname="table_aet04" name="AET04_variant_6_is_produced_correctly_with_an_Incidence_Rate_of_at_Least_5_totals_restricted_"/>
    <testcase time="0.450999999999993" classname="table_aet04" name="AET04_variant_6_is_produced_correctly_with_an_Incidence_Rate_of_at_Least_5_totals_restricted_">
      <skipped message="Reason: On CRAN ('test-table_aet04.R:463:5')"/>
    </testcase>
    <testcase time="0.0300000000000011" classname="table_aet04" name="AET04_variant_8_is_produced_correctly_with_an_Incidence_Rate_of_at_Least_X_Patients_"/>
    <testcase time="0.0769999999999982" classname="table_aet04" name="AET04_variant_8_is_produced_correctly_with_an_Incidence_Rate_of_at_Least_X_Patients_">
      <skipped message="Reason: On CRAN ('test-table_aet04.R:484:3')"/>
    </testcase>
    <testcase time="0.0330000000000013" classname="table_aet04" name="AET04_variant_9_is_produced_correctly_with_a_Difference_in_Incidence_Rate_of_at_Least_X_"/>
    <testcase time="0.185000000000002" classname="table_aet04" name="AET04_variant_9_is_produced_correctly_with_a_Difference_in_Incidence_Rate_of_at_Least_X_">
      <skipped message="Reason: On CRAN ('test-table_aet04.R:500:3')"/>
    </testcase>
    <testcase time="0.0369999999999919" classname="table_aet04" name="AET04_variant_11_is_produced_correctly_with_Incidence_Rate_of_at_Least_X_all_SOCs_w_o_preferred_terms_removed_"/>
    <testcase time="0.0760000000000076" classname="table_aet04" name="AET04_variant_11_is_produced_correctly_with_Incidence_Rate_of_at_Least_X_all_SOCs_w_o_preferred_terms_removed_">
      <skipped message="Reason: On CRAN ('test-table_aet04.R:522:5')"/>
    </testcase>
  </testsuite>
  <testsuite name="table_aet04_pi" timestamp="2023-07-06T19:17:46Z" hostname="a5f2313e2e40" tests="18" skipped="9" failures="0" errors="0" time="10.765">
    <testcase time="1.011" classname="table_aet04_pi" name="AET04_PI_full_table_is_produced_correctly"/>
    <testcase time="0.242000000000004" classname="table_aet04_pi" name="AET04_PI_full_table_is_produced_correctly">
      <skipped message="Reason: On CRAN ('test-table_aet04_pi.R:62:3')"/>
    </testcase>
    <testcase time="1.143" classname="table_aet04_pi" name="AET04_PI_variant_1_is_produced_correctly"/>
    <testcase time="0.187999999999988" classname="table_aet04_pi" name="AET04_PI_variant_1_is_produced_correctly">
      <skipped message="Reason: On CRAN ('test-table_aet04_pi.R:84:3')"/>
    </testcase>
    <testcase time="1.26700000000001" classname="table_aet04_pi" name="AET04_PI_variant_2_is_produced_correctly"/>
    <testcase time="0.105999999999995" classname="table_aet04_pi" name="AET04_PI_variant_2_is_produced_correctly">
      <skipped message="Reason: On CRAN ('test-table_aet04_pi.R:107:3')"/>
    </testcase>
    <testcase time="1.139" classname="table_aet04_pi" name="AET04_PI_variant_3_is_produced_correctly"/>
    <testcase time="0.122" classname="table_aet04_pi" name="AET04_PI_variant_3_is_produced_correctly">
      <skipped message="Reason: On CRAN ('test-table_aet04_pi.R:130:3')"/>
    </testcase>
    <testcase time="1.05500000000001" classname="table_aet04_pi" name="AET04_PI_variant_4_is_produced_correctly"/>
    <testcase time="0.0949999999999989" classname="table_aet04_pi" name="AET04_PI_variant_4_is_produced_correctly">
      <skipped message="Reason: On CRAN ('test-table_aet04_pi.R:154:3')"/>
    </testcase>
    <testcase time="1.056" classname="table_aet04_pi" name="AET04_PI_variant_5_is_produced_correctly"/>
    <testcase time="0.135000000000005" classname="table_aet04_pi" name="AET04_PI_variant_5_is_produced_correctly">
      <skipped message="Reason: On CRAN ('test-table_aet04_pi.R:178:3')"/>
    </testcase>
    <testcase time="1.26300000000001" classname="table_aet04_pi" name="AET04_PI_variant_6_is_produced_correctly"/>
    <testcase time="0.134999999999991" classname="table_aet04_pi" name="AET04_PI_variant_6_is_produced_correctly">
      <skipped message="Reason: On CRAN ('test-table_aet04_pi.R:229:3')"/>
    </testcase>
    <testcase time="1.26600000000001" classname="table_aet04_pi" name="AET04_PI_variant_7_is_produced_correctly"/>
    <testcase time="0.156999999999996" classname="table_aet04_pi" name="AET04_PI_variant_7_is_produced_correctly">
      <skipped message="Reason: On CRAN ('test-table_aet04_pi.R:280:3')"/>
    </testcase>
    <testcase time="0.221999999999994" classname="table_aet04_pi" name="AET04_PI_variant_8_is_produced_correctly"/>
    <testcase time="0.163000000000011" classname="table_aet04_pi" name="AET04_PI_variant_8_is_produced_correctly">
      <skipped message="Reason: On CRAN ('test-table_aet04_pi.R:314:3')"/>
    </testcase>
  </testsuite>
  <testsuite name="table_aet05" timestamp="2023-07-06T19:17:56Z" hostname="a5f2313e2e40" tests="2" skipped="0" failures="0" errors="2" time="0.338">
    <testcase time="0.211999999999989" classname="table_aet05" name="AET05_variant_1_is_produced_correctly">
      <error type="error" message="Error in `build_table(lyt, anl, alt_counts_df = adsl)`: lyt must be a PreDataTableLayouts object. Got object of class ElementaryTable ('test-table_aet05.R:23:3')">Error in `build_table(lyt, anl, alt_counts_df = adsl)`: lyt must be a PreDataTableLayouts object. Got object of class ElementaryTable
Backtrace:
    x
 1. \-rtables::build_table(lyt, anl, alt_counts_df = adsl) at test-table_aet05.R:23:2</error>
    </testcase>
    <testcase time="0.126000000000005" classname="table_aet05" name="AET05_variant_2_is_produced_correctly">
      <error type="error" message="Error in `build_table(lyt, anl, alt_counts_df = adsl)`: lyt must be a PreDataTableLayouts object. Got object of class ElementaryTable ('test-table_aet05.R:39:3')">Error in `build_table(lyt, anl, alt_counts_df = adsl)`: lyt must be a PreDataTableLayouts object. Got object of class ElementaryTable
Backtrace:
    x
 1. \-rtables::build_table(lyt, anl, alt_counts_df = adsl) at test-table_aet05.R:39:2</error>
    </testcase>
  </testsuite>
  <testsuite name="table_aet05_all" timestamp="2023-07-06T19:17:57Z" hostname="a5f2313e2e40" tests="4" skipped="2" failures="0" errors="0" time="0.408">
    <testcase time="0.189000000000007" classname="table_aet05_all" name="AET05_ALL_variant_1_is_produced_correctly"/>
    <testcase time="0.0489999999999924" classname="table_aet05_all" name="AET05_ALL_variant_1_is_produced_correctly">
      <skipped message="Reason: On CRAN ('test-table_aet05_all.R:32:3')"/>
    </testcase>
    <testcase time="0.119" classname="table_aet05_all" name="AET05_ALL_variant_2_is_produced_correctly"/>
    <testcase time="0.0510000000000019" classname="table_aet05_all" name="AET05_ALL_variant_2_is_produced_correctly">
      <skipped message="Reason: On CRAN ('test-table_aet05_all.R:47:3')"/>
    </testcase>
  </testsuite>
  <testsuite name="table_aet06" timestamp="2023-07-06T19:17:57Z" hostname="a5f2313e2e40" tests="6" skipped="3" failures="0" errors="0" time="6.437">
    <testcase time="1.214" classname="table_aet06" name="AET06_variant_1_is_produced_correctly"/>
    <testcase time="0.295000000000002" classname="table_aet06" name="AET06_variant_1_is_produced_correctly">
      <skipped message="Reason: On CRAN ('test-table_aet06.R:81:3')"/>
    </testcase>
    <testcase time="2.021" classname="table_aet06" name="AET06_variant_3_is_produced_correctly"/>
    <testcase time="0.405000000000001" classname="table_aet06" name="AET06_variant_3_is_produced_correctly">
      <skipped message="Reason: On CRAN ('test-table_aet06.R:133:3')"/>
    </testcase>
    <testcase time="2.033" classname="table_aet06" name="AET06_variant_5_is_produced_correctly"/>
    <testcase time="0.468999999999994" classname="table_aet06" name="AET06_variant_5_is_produced_correctly">
      <skipped message="Reason: On CRAN ('test-table_aet06.R:177:3')"/>
    </testcase>
  </testsuite>
  <testsuite name="table_aet06_smq" timestamp="2023-07-06T19:18:03Z" hostname="a5f2313e2e40" tests="4" skipped="2" failures="0" errors="0" time="2.094">
    <testcase time="0.957000000000008" classname="table_aet06_smq" name="AET06_SMQ_variant_1_is_produced_correctly"/>
    <testcase time="0.230999999999995" classname="table_aet06_smq" name="AET06_SMQ_variant_1_is_produced_correctly">
      <skipped message="Reason: On CRAN ('test-table_aet06_smq.R:73:3')"/>
    </testcase>
    <testcase time="0.697000000000003" classname="table_aet06_smq" name="AET06_SMQ_variant_2_is_produced_correctly"/>
    <testcase time="0.209000000000003" classname="table_aet06_smq" name="AET06_SMQ_variant_2_is_produced_correctly">
      <skipped message="Reason: On CRAN ('test-table_aet06_smq.R:160:3')"/>
    </testcase>
  </testsuite>
  <testsuite name="table_aet07" timestamp="2023-07-06T19:18:06Z" hostname="a5f2313e2e40" tests="4" skipped="2" failures="0" errors="0" time="0.358">
    <testcase time="0.129999999999995" classname="table_aet07" name="AET07_variant_1_is_produced_correctly"/>
    <testcase time="0.039999999999992" classname="table_aet07" name="AET07_variant_1_is_produced_correctly">
      <skipped message="Reason: On CRAN ('test-table_aet07.R:49:3')"/>
    </testcase>
    <testcase time="0.129000000000005" classname="table_aet07" name="AET07_variant_2_is_produced_correctly"/>
    <testcase time="0.0589999999999975" classname="table_aet07" name="AET07_variant_2_is_produced_correctly">
      <skipped message="Reason: On CRAN ('test-table_aet07.R:78:3')"/>
    </testcase>
  </testsuite>
  <testsuite name="table_aet09" timestamp="2023-07-06T19:18:06Z" hostname="a5f2313e2e40" tests="4" skipped="2" failures="0" errors="0" time="1.701">
    <testcase time="0.603999999999999" classname="table_aet09" name="AET09_variant_1_is_produced_correctly_AE_related_to_study_drug"/>
    <testcase time="0.166000000000011" classname="table_aet09" name="AET09_variant_1_is_produced_correctly_AE_related_to_study_drug">
      <skipped message="Reason: On CRAN ('test-table_aet09.R:43:3')"/>
    </testcase>
    <testcase time="0.72399999999999" classname="table_aet09" name="AET09_variant_2_is_produced_correctly_AE_related_to_study_drug_including_high_level_terms_"/>
    <testcase time="0.207000000000008" classname="table_aet09" name="AET09_variant_2_is_produced_correctly_AE_related_to_study_drug_including_high_level_terms_">
      <skipped message="Reason: On CRAN ('test-table_aet09.R:100:3')"/>
    </testcase>
  </testsuite>
  <testsuite name="table_aet09_smq" timestamp="2023-07-06T19:18:08Z" hostname="a5f2313e2e40" tests="4" skipped="2" failures="0" errors="0" time="0.771">
    <testcase time="0.212999999999994" classname="table_aet09_smq" name="AET09_variant_1_AEs_related_to_study_drug_by_SMQ_is_produced_correctly"/>
    <testcase time="0.070999999999998" classname="table_aet09_smq" name="AET09_variant_1_AEs_related_to_study_drug_by_SMQ_is_produced_correctly">
      <skipped message="Reason: On CRAN ('test-table_aet09_smq.R:69:3')"/>
    </testcase>
    <testcase time="0.367000000000004" classname="table_aet09_smq" name="AET09_variant_2_AEs_related_to_study_drug_by_SMQ_with_customized_queries_is_produced_correctly"/>
    <testcase time="0.120000000000005" classname="table_aet09_smq" name="AET09_variant_2_AEs_related_to_study_drug_by_SMQ_with_customized_queries_is_produced_correctly">
      <skipped message="Reason: On CRAN ('test-table_aet09_smq.R:128:5')"/>
    </testcase>
  </testsuite>
  <testsuite name="table_aet10" timestamp="2023-07-06T19:18:08Z" hostname="a5f2313e2e40" tests="2" skipped="1" failures="0" errors="0" time="0.212">
    <testcase time="0.152999999999992" classname="table_aet10" name="AET10_default_variant_is_produced_correctly"/>
    <testcase time="0.0590000000000117" classname="table_aet10" name="AET10_default_variant_is_produced_correctly">
      <skipped message="Reason: On CRAN ('test-table_aet10.R:23:3')"/>
    </testcase>
  </testsuite>
  <testsuite name="table_aovt01" timestamp="2023-07-06T19:18:09Z" hostname="a5f2313e2e40" tests="4" skipped="2" failures="0" errors="0" time="1.648">
    <testcase time="0.478999999999999" classname="table_aovt01" name="AOVT01_variant_with_single_endpoint_is_produced_correctly"/>
    <testcase time="0.0959999999999894" classname="table_aovt01" name="AOVT01_variant_with_single_endpoint_is_produced_correctly">
      <skipped message="Reason: On CRAN ('test-table_aovt01.R:33:3')"/>
    </testcase>
    <testcase time="0.887" classname="table_aovt01" name="AOVT01_variant_with_multiple_endpoints_is_produced_correctly"/>
    <testcase time="0.186000000000007" classname="table_aovt01" name="AOVT01_variant_with_multiple_endpoints_is_produced_correctly">
      <skipped message="Reason: On CRAN ('test-table_aovt01.R:52:3')"/>
    </testcase>
  </testsuite>
  <testsuite name="table_aovt02" timestamp="2023-07-06T19:18:10Z" hostname="a5f2313e2e40" tests="2" skipped="1" failures="0" errors="0" time="0.585">
    <testcase time="0.495999999999995" classname="table_aovt02" name="AOVT02_is_produced_correctly"/>
    <testcase time="0.0889999999999986" classname="table_aovt02" name="AOVT02_is_produced_correctly">
      <skipped message="Reason: On CRAN ('test-table_aovt02.R:42:3')"/>
    </testcase>
  </testsuite>
  <testsuite name="table_aovt03" timestamp="2023-07-06T19:18:11Z" hostname="a5f2313e2e40" tests="2" skipped="1" failures="0" errors="0" time="1.291">
    <testcase time="1.06700000000001" classname="table_aovt03" name="AOVT03_is_produced_correctly"/>
    <testcase time="0.22399999999999" classname="table_aovt03" name="AOVT03_is_produced_correctly">
      <skipped message="Reason: On CRAN ('test-table_aovt03.R:44:3')"/>
    </testcase>
  </testsuite>
  <testsuite name="table_cfbt01" timestamp="2023-07-06T19:18:12Z" hostname="a5f2313e2e40" tests="2" skipped="1" failures="0" errors="0" time="0.872">
    <testcase time="0.624000000000009" classname="table_cfbt01" name="CFBT01_default_variant_is_produced_correctly"/>
    <testcase time="0.24799999999999" classname="table_cfbt01" name="CFBT01_default_variant_is_produced_correctly">
      <skipped message="Reason: On CRAN ('test-table_cfbt01.R:64:3')"/>
    </testcase>
  </testsuite>
  <testsuite name="table_cmht01" timestamp="2023-07-06T19:18:13Z" hostname="a5f2313e2e40" tests="4" skipped="2" failures="0" errors="0" time="2.495">
    <testcase time="0.592000000000013" classname="table_cmht01" name="CMHT01_variant_1_is_produced_correctly"/>
    <testcase time="0.0889999999999986" classname="table_cmht01" name="CMHT01_variant_1_is_produced_correctly">
      <skipped message="Reason: On CRAN ('test-table_cmht01.R:54:3')"/>
    </testcase>
    <testcase time="1.46299999999999" classname="table_cmht01" name="CMHT01_variant_2_is_produced_correctly"/>
    <testcase time="0.350999999999999" classname="table_cmht01" name="CMHT01_variant_2_is_produced_correctly">
      <skipped message="Reason: On CRAN ('test-table_cmht01.R:114:3')"/>
    </testcase>
  </testsuite>
  <testsuite name="table_cmt01" timestamp="2023-07-06T19:18:16Z" hostname="a5f2313e2e40" tests="8" skipped="4" failures="0" errors="0" time="1.993">
    <testcase time="0.451999999999998" classname="table_cmt01" name="CMT01_default_variant_Concomitant_medications_is_produced_correctly"/>
    <testcase time="0.13000000000001" classname="table_cmt01" name="CMT01_default_variant_Concomitant_medications_is_produced_correctly">
      <skipped message="Reason: On CRAN ('test-table_cmt01.R:36:3')"/>
    </testcase>
    <testcase time="0.320999999999998" classname="table_cmt01" name="CMT01_variant_1_prior_medications_is_produced_correctly"/>
    <testcase time="0.0899999999999892" classname="table_cmt01" name="CMT01_variant_1_prior_medications_is_produced_correctly">
      <skipped message="Reason: On CRAN ('test-table_cmt01.R:71:3')"/>
    </testcase>
    <testcase time="0.375" classname="table_cmt01" name="CMT01_variant_3_Concomitant_medications_is_produced_correctly"/>
    <testcase time="0.113000000000014" classname="table_cmt01" name="CMT01_variant_3_Concomitant_medications_is_produced_correctly">
      <skipped message="Reason: On CRAN ('test-table_cmt01.R:104:3')"/>
    </testcase>
    <testcase time="0.394999999999996" classname="table_cmt01" name="CMT01_variant_4_Concomitant_medications_is_produced_correctly"/>
    <testcase time="0.11699999999999" classname="table_cmt01" name="CMT01_variant_4_Concomitant_medications_is_produced_correctly">
      <skipped message="Reason: On CRAN ('test-table_cmt01.R:135:3')"/>
    </testcase>
  </testsuite>
  <testsuite name="table_cmt01a" timestamp="2023-07-06T19:18:18Z" hostname="a5f2313e2e40" tests="8" skipped="4" failures="0" errors="0" time="3.993">
    <testcase time="0.869000000000014" classname="table_cmt01a" name="CMT01A_variant_1_is_produced_correctly"/>
    <testcase time="0.23299999999999" classname="table_cmt01a" name="CMT01A_variant_1_is_produced_correctly">
      <skipped message="Reason: On CRAN ('test-table_cmt01a.R:59:3')"/>
    </testcase>
    <testcase time="0.769000000000005" classname="table_cmt01a" name="CMT01A_variant_2_is_produced_correctly"/>
    <testcase time="0.216999999999999" classname="table_cmt01a" name="CMT01A_variant_2_is_produced_correctly">
      <skipped message="Reason: On CRAN ('test-table_cmt01a.R:105:3')"/>
    </testcase>
    <testcase time="0.774000000000001" classname="table_cmt01a" name="CMT01A_variant_3_is_produced_correctly"/>
    <testcase time="0.215999999999994" classname="table_cmt01a" name="CMT01A_variant_3_is_produced_correctly">
      <skipped message="Reason: On CRAN ('test-table_cmt01a.R:148:3')"/>
    </testcase>
    <testcase time="0.748000000000005" classname="table_cmt01a" name="CMT01A_variant_4_is_produced_correctly"/>
    <testcase time="0.167000000000002" classname="table_cmt01a" name="CMT01A_variant_4_is_produced_correctly">
      <skipped message="Reason: On CRAN ('test-table_cmt01a.R:193:3')"/>
    </testcase>
  </testsuite>
  <testsuite name="table_cmt01b" timestamp="2023-07-06T19:18:22Z" hostname="a5f2313e2e40" tests="6" skipped="3" failures="0" errors="0" time="4.673">
    <testcase time="1.313" classname="table_cmt01b" name="CMT01B_variant_1_is_produced_correctly"/>
    <testcase time="0.349999999999994" classname="table_cmt01b" name="CMT01B_variant_1_is_produced_correctly">
      <skipped message="Reason: On CRAN ('test-table_cmt01b.R:88:3')"/>
    </testcase>
    <testcase time="0.942999999999998" classname="table_cmt01b" name="CMT01B_variant_2_is_produced_correctly"/>
    <testcase time="0.25200000000001" classname="table_cmt01b" name="CMT01B_variant_2_is_produced_correctly">
      <skipped message="Reason: On CRAN ('test-table_cmt01b.R:146:3')"/>
    </testcase>
    <testcase time="1.44999999999999" classname="table_cmt01b" name="CMT01B_variant_4_is_produced_correctly"/>
    <testcase time="0.365000000000009" classname="table_cmt01b" name="CMT01B_variant_4_is_produced_correctly">
      <skipped message="Reason: On CRAN ('test-table_cmt01b.R:219:3')"/>
    </testcase>
  </testsuite>
  <testsuite name="table_cmt02_pt" timestamp="2023-07-06T19:18:26Z" hostname="a5f2313e2e40" tests="2" skipped="1" failures="0" errors="0" time="0.356">
    <testcase time="0.259999999999991" classname="table_cmt02_pt" name="CMT02_PT_default_variant_is_produced_correctly"/>
    <testcase time="0.0960000000000036" classname="table_cmt02_pt" name="CMT02_PT_default_variant_is_produced_correctly">
      <skipped message="Reason: On CRAN ('test-table_cmt02_pt.R:42:3')"/>
    </testcase>
  </testsuite>
  <testsuite name="table_coxt01" timestamp="2023-07-06T19:18:27Z" hostname="a5f2313e2e40" tests="8" skipped="4" failures="0" errors="0" time="2.384">
    <testcase time="0.385000000000005" classname="table_coxt01" name="1._Cox_Regression"/>
    <testcase time="0.063999999999993" classname="table_coxt01" name="1._Cox_Regression">
      <skipped message="Reason: On CRAN ('test-table_coxt01.R:31:3')"/>
    </testcase>
    <testcase time="0.537000000000006" classname="table_coxt01" name="2._Cox_Regression_with_Interaction_Term_"/>
    <testcase time="0.106999999999999" classname="table_coxt01" name="2._Cox_Regression_with_Interaction_Term_">
      <skipped message="Reason: On CRAN ('test-table_coxt01.R:50:3')"/>
    </testcase>
    <testcase time="0.530000000000001" classname="table_coxt01" name="3._Cox_Regression_specifying_covariates_"/>
    <testcase time="0.102999999999994" classname="table_coxt01" name="3._Cox_Regression_specifying_covariates_">
      <skipped message="Reason: On CRAN ('test-table_coxt01.R:71:3')"/>
    </testcase>
    <testcase time="0.546999999999997" classname="table_coxt01" name="4._Cox_Regression_setting_strata_ties_and_alpha_level_"/>
    <testcase time="0.111000000000004" classname="table_coxt01" name="4._Cox_Regression_setting_strata_ties_and_alpha_level_">
      <skipped message="Reason: On CRAN ('test-table_coxt01.R:97:3')"/>
    </testcase>
  </testsuite>
  <testsuite name="table_coxt02" timestamp="2023-07-06T19:18:29Z" hostname="a5f2313e2e40" tests="4" skipped="2" failures="0" errors="0" time="0.947">
    <testcase time="0.429000000000002" classname="table_coxt02" name="COXT02_default_variant_1_is_produced_correctly"/>
    <testcase time="0.0659999999999883" classname="table_coxt02" name="COXT02_default_variant_1_is_produced_correctly">
      <skipped message="Reason: On CRAN ('test-table_coxt02.R:30:3')"/>
    </testcase>
    <testcase time="0.390000000000001" classname="table_coxt02" name="COXT02_variant_5_is_produced_correctly"/>
    <testcase time="0.0620000000000118" classname="table_coxt02" name="COXT02_variant_5_is_produced_correctly">
      <skipped message="Reason: On CRAN ('test-table_coxt02.R:48:3')"/>
    </testcase>
  </testsuite>
  <testsuite name="table_disclosures" timestamp="2023-07-06T19:18:30Z" hostname="a5f2313e2e40" tests="12" skipped="6" failures="0" errors="0" time="2.605">
    <testcase time="0.282999999999987" classname="table_disclosures" name="Patient_Disposition_table_is_produced_correctly"/>
    <testcase time="0.0990000000000038" classname="table_disclosures" name="Patient_Disposition_table_is_produced_correctly">
      <skipped message="Reason: On CRAN ('test-table_disclosures.R:110:3')"/>
    </testcase>
    <testcase time="0.417000000000002" classname="table_disclosures" name="Demographic_table_is_produced_correctly"/>
    <testcase time="0.174999999999997" classname="table_disclosures" name="Demographic_table_is_produced_correctly">
      <skipped message="Reason: On CRAN ('test-table_disclosures.R:131:3')"/>
    </testcase>
    <testcase time="0.135000000000005" classname="table_disclosures" name="Enrollment_by_Country_Table_is_produced_correctly"/>
    <testcase time="0.0919999999999987" classname="table_disclosures" name="Enrollment_by_Country_Table_is_produced_correctly">
      <skipped message="Reason: On CRAN ('test-table_disclosures.R:143:3')"/>
    </testcase>
    <testcase time="0.105000000000004" classname="table_disclosures" name="Death_table_is_produced_correctly"/>
    <testcase time="0.039999999999992" classname="table_disclosures" name="Death_table_is_produced_correctly">
      <skipped message="Reason: On CRAN ('test-table_disclosures.R:161:3')"/>
    </testcase>
    <testcase time="0.469000000000008" classname="table_disclosures" name="Table_of_Serious_Adverse_Events_is_produced_correctly_for_one_specific_treatment_arm_"/>
    <testcase time="0.0810000000000031" classname="table_disclosures" name="Table_of_Serious_Adverse_Events_is_produced_correctly_for_one_specific_treatment_arm_">
      <skipped message="Reason: On CRAN ('test-table_disclosures.R:189:3')"/>
    </testcase>
    <testcase time="0.571999999999989" classname="table_disclosures" name="Table_of_Non_Serious_Adverse_Events_is_produced_correctly"/>
    <testcase time="0.137" classname="table_disclosures" name="Table_of_Non_Serious_Adverse_Events_is_produced_correctly">
      <skipped message="Reason: On CRAN ('test-table_disclosures.R:211:3')"/>
    </testcase>
  </testsuite>
  <testsuite name="table_dmt01" timestamp="2023-07-06T19:18:33Z" hostname="a5f2313e2e40" tests="10" skipped="5" failures="0" errors="0" time="3.049">
    <testcase time="0.691000000000003" classname="table_dmt01" name="DMT01_variant_1_is_produced_correctly"/>
    <testcase time="0.222000000000008" classname="table_dmt01" name="DMT01_variant_1_is_produced_correctly">
      <skipped message="Reason: On CRAN ('test-table_dmt01.R:86:3')"/>
    </testcase>
    <testcase time="0.364999999999995" classname="table_dmt01" name="DMT01_variant_2_is_produced_correctly"/>
    <testcase time="0.209000000000003" classname="table_dmt01" name="DMT01_variant_2_is_produced_correctly">
      <skipped message="Reason: On CRAN ('test-table_dmt01.R:109:3')"/>
    </testcase>
    <testcase time="0.426999999999992" classname="table_dmt01" name="DMT01_variant_3_is_produced_correctly"/>
    <testcase time="0.206000000000003" classname="table_dmt01" name="DMT01_variant_3_is_produced_correctly">
      <skipped message="Reason: On CRAN ('test-table_dmt01.R:128:3')"/>
    </testcase>
    <testcase time="0.329999999999998" classname="table_dmt01" name="DMT01_variant_4_is_produced_correctly"/>
    <testcase time="0.179999999999993" classname="table_dmt01" name="DMT01_variant_4_is_produced_correctly">
      <skipped message="Reason: On CRAN ('test-table_dmt01.R:147:3')"/>
    </testcase>
    <testcase time="0.282000000000011" classname="table_dmt01" name="DMT01_variant_5_is_produced_correctly"/>
    <testcase time="0.137" classname="table_dmt01" name="DMT01_variant_5_is_produced_correctly">
      <skipped message="Reason: On CRAN ('test-table_dmt01.R:165:3')"/>
    </testcase>
  </testsuite>
  <testsuite name="table_dort01" timestamp="2023-07-06T19:18:36Z" hostname="a5f2313e2e40" tests="8" skipped="4" failures="0" errors="0" time="2.071">
    <testcase time="0.459999999999994" classname="table_dort01" name="DORT01_variant_1_is_produced_correctly"/>
    <testcase time="0.105999999999995" classname="table_dort01" name="DORT01_variant_1_is_produced_correctly">
      <skipped message="Reason: On CRAN ('test-table_dort01.R:78:3')"/>
    </testcase>
    <testcase time="0.412000000000006" classname="table_dort01" name="DORT01_variant_2_selecting_sectons_is_produced_correctly"/>
    <testcase time="0.114999999999995" classname="table_dort01" name="DORT01_variant_2_selecting_sectons_is_produced_correctly">
      <skipped message="Reason: On CRAN ('test-table_dort01.R:134:3')"/>
    </testcase>
    <testcase time="0.356999999999999" classname="table_dort01" name="DORT01_variant_3_modifying_conftype_and_alpha_level_is_produced_correctly"/>
    <testcase time="0.129000000000005" classname="table_dort01" name="DORT01_variant_3_modifying_conftype_and_alpha_level_is_produced_correctly">
      <skipped message="Reason: On CRAN ('test-table_dort01.R:190:3')"/>
    </testcase>
    <testcase time="0.382000000000005" classname="table_dort01" name="DORT01_variant_4_modifying_time_point_for_the_xx_duration_is_produced_correctly"/>
    <testcase time="0.109999999999999" classname="table_dort01" name="DORT01_variant_4_modifying_time_point_for_the_xx_duration_is_produced_correctly">
      <skipped message="Reason: On CRAN ('test-table_dort01.R:244:3')"/>
    </testcase>
  </testsuite>
  <testsuite name="table_dst01" timestamp="2023-07-06T19:18:38Z" hostname="a5f2313e2e40" tests="4" skipped="2" failures="0" errors="0" time="0.766">
    <testcase time="0.217999999999989" classname="table_dst01" name="DST01_default_variant_is_produced_correctly"/>
    <testcase time="0.0900000000000034" classname="table_dst01" name="DST01_default_variant_is_produced_correctly">
      <skipped message="Reason: On CRAN ('test-table_dst01.R:44:3')"/>
    </testcase>
    <testcase time="0.337000000000003" classname="table_dst01" name="DST01_variants_2_and_3_are_produced_correctly"/>
    <testcase time="0.120999999999995" classname="table_dst01" name="DST01_variants_2_and_3_are_produced_correctly">
      <skipped message="Reason: On CRAN ('test-table_dst01.R:70:3')"/>
    </testcase>
  </testsuite>
  <testsuite name="table_dtht01" timestamp="2023-07-06T19:18:38Z" hostname="a5f2313e2e40" tests="8" skipped="4" failures="0" errors="0" time="1.677">
    <testcase time="0.165999999999997" classname="table_dtht01" name="DTHT01_variant_1_is_produced_correctly"/>
    <testcase time="0.0880000000000081" classname="table_dtht01" name="DTHT01_variant_1_is_produced_correctly">
      <skipped message="Reason: On CRAN ('test-table_dtht01.R:23:3')"/>
    </testcase>
    <testcase time="0.429000000000002" classname="table_dtht01" name="DTHT01_variant_2_is_produced_correctly"/>
    <testcase time="0.189999999999998" classname="table_dtht01" name="DTHT01_variant_2_is_produced_correctly">
      <skipped message="Reason: On CRAN ('test-table_dtht01.R:60:3')"/>
    </testcase>
    <testcase time="0.238" classname="table_dtht01" name="DTHT01_variant_3_is_produced_correctly"/>
    <testcase time="0.0990000000000038" classname="table_dtht01" name="DTHT01_variant_3_is_produced_correctly">
      <skipped message="Reason: On CRAN ('test-table_dtht01.R:104:3')"/>
    </testcase>
    <testcase time="0.325999999999993" classname="table_dtht01" name="DTHT01_variant_4_is_produced_correctly"/>
    <testcase time="0.141000000000005" classname="table_dtht01" name="DTHT01_variant_4_is_produced_correctly">
      <skipped message="Reason: On CRAN ('test-table_dtht01.R:158:3')"/>
    </testcase>
  </testsuite>
  <testsuite name="table_egt01" timestamp="2023-07-06T19:18:40Z" hostname="a5f2313e2e40" tests="2" skipped="1" failures="0" errors="0" time="2.312">
    <testcase time="1.631" classname="table_egt01" name="EGT01_default_variant_is_produced_correctly"/>
    <testcase time="0.680999999999997" classname="table_egt01" name="EGT01_default_variant_is_produced_correctly">
      <skipped message="Reason: On CRAN ('test-table_egt01.R:54:3')"/>
    </testcase>
  </testsuite>
  <testsuite name="table_egt02" timestamp="2023-07-06T19:18:43Z" hostname="a5f2313e2e40" tests="4" skipped="2" failures="0" errors="0" time="1.092">
    <testcase time="0.456999999999994" classname="table_egt02" name="_EGT02_1._Regardless_of_Abnormality_at_Baseline"/>
    <testcase time="0.0770000000000124" classname="table_egt02" name="_EGT02_1._Regardless_of_Abnormality_at_Baseline">
      <skipped message="Reason: On CRAN ('test-table_egt02.R:35:3')"/>
    </testcase>
    <testcase time="0.481999999999999" classname="table_egt02" name="_EGT02_2._Among_Subjects_Without_Abnormality_at_Baseline"/>
    <testcase time="0.0760000000000076" classname="table_egt02" name="_EGT02_2._Among_Subjects_Without_Abnormality_at_Baseline">
      <skipped message="Reason: On CRAN ('test-table_egt02.R:55:3')"/>
    </testcase>
  </testsuite>
  <testsuite name="table_egt03" timestamp="2023-07-06T19:18:43Z" hostname="a5f2313e2e40" tests="8" skipped="4" failures="0" errors="0" time="1.862">
    <testcase time="0.337999999999994" classname="table_egt03" name="EGT03_variant_1_is_produced_correctly"/>
    <testcase time="0.135999999999996" classname="table_egt03" name="EGT03_variant_1_is_produced_correctly">
      <skipped message="Reason: On CRAN ('test-table_egt03.R:50:3')"/>
    </testcase>
    <testcase time="0.306000000000012" classname="table_egt03" name="EGT03_variant_2_is_produced_correctly"/>
    <testcase time="0.11999999999999" classname="table_egt03" name="EGT03_variant_2_is_produced_correctly">
      <skipped message="Reason: On CRAN ('test-table_egt03.R:91:3')"/>
    </testcase>
    <testcase time="0.375" classname="table_egt03" name="EGT03_variant_3_is_produced_correctly"/>
    <testcase time="0.125" classname="table_egt03" name="EGT03_variant_3_is_produced_correctly">
      <skipped message="Reason: On CRAN ('test-table_egt03.R:132:3')"/>
    </testcase>
    <testcase time="0.332999999999998" classname="table_egt03" name="EGT03_variant_4_is_produced_correctly"/>
    <testcase time="0.129000000000005" classname="table_egt03" name="EGT03_variant_4_is_produced_correctly">
      <skipped message="Reason: On CRAN ('test-table_egt03.R:179:3')"/>
    </testcase>
  </testsuite>
  <testsuite name="table_egt04" timestamp="2023-07-06T19:18:45Z" hostname="a5f2313e2e40" tests="2" skipped="1" failures="0" errors="0" time="0.395">
    <testcase time="0.286000000000001" classname="table_egt04" name="EGT04_default_variant_is_produced_correctly"/>
    <testcase time="0.108999999999995" classname="table_egt04" name="EGT04_default_variant_is_produced_correctly">
      <skipped message="Reason: On CRAN ('test-table_egt04.R:51:3')"/>
    </testcase>
  </testsuite>
  <testsuite name="table_egt05_qtcat" timestamp="2023-07-06T19:18:46Z" hostname="a5f2313e2e40" tests="2" skipped="1" failures="0" errors="0" time="1.36">
    <testcase time="0.885000000000019" classname="table_egt05_qtcat" name="EGT05_QTCAT_default_variant_is_produced_correctly"/>
    <testcase time="0.474999999999994" classname="table_egt05_qtcat" name="EGT05_QTCAT_default_variant_is_produced_correctly">
      <skipped message="Reason: On CRAN ('test-table_egt05_qtcat.R:83:3')"/>
    </testcase>
  </testsuite>
  <testsuite name="table_ent" timestamp="2023-07-06T19:18:47Z" hostname="a5f2313e2e40" tests="8" skipped="4" failures="0" errors="0" time="19.932">
    <testcase time="4.85299999999998" classname="table_ent" name="ENT01_IT_is_produced_correctly"/>
    <testcase time="0.768000000000001" classname="table_ent" name="ENT01_IT_is_produced_correctly">
      <skipped message="Reason: On CRAN ('test-table_ent.R:24:3')"/>
    </testcase>
    <testcase time="3.20100000000002" classname="table_ent" name="ENT01a_IT_is_produced_correctly"/>
    <testcase time="0.777999999999992" classname="table_ent" name="ENT01a_IT_is_produced_correctly">
      <skipped message="Reason: On CRAN ('test-table_ent.R:40:3')"/>
    </testcase>
    <testcase time="5.11500000000001" classname="table_ent" name="ENT02_IT_is_produced_correctly"/>
    <testcase time="0.839999999999975" classname="table_ent" name="ENT02_IT_is_produced_correctly">
      <skipped message="Reason: On CRAN ('test-table_ent.R:61:3')"/>
    </testcase>
    <testcase time="3.54500000000002" classname="table_ent" name="ENT02a_IT_is_produced_correctly"/>
    <testcase time="0.831999999999994" classname="table_ent" name="ENT02a_IT_is_produced_correctly">
      <skipped message="Reason: On CRAN ('test-table_ent.R:79:3')"/>
    </testcase>
  </testsuite>
  <testsuite name="table_eudrat01" timestamp="2023-07-06T19:19:07Z" hostname="a5f2313e2e40" tests="2" skipped="1" failures="0" errors="0" time="0.906">
    <testcase time="0.734000000000009" classname="table_eudrat01" name="EUDRAT01_is_produced_correctly"/>
    <testcase time="0.171999999999997" classname="table_eudrat01" name="EUDRAT01_is_produced_correctly">
      <skipped message="Reason: On CRAN ('test-table_eudrat01.R:77:3')"/>
    </testcase>
  </testsuite>
  <testsuite name="table_eudrat02" timestamp="2023-07-06T19:19:08Z" hostname="a5f2313e2e40" tests="2" skipped="1" failures="0" errors="0" time="0.69">
    <testcase time="0.59899999999999" classname="table_eudrat02" name="EUDRAT02_is_produced_correctly"/>
    <testcase time="0.0910000000000082" classname="table_eudrat02" name="EUDRAT02_is_produced_correctly">
      <skipped message="Reason: On CRAN ('test-table_eudrat02.R:44:3')"/>
    </testcase>
  </testsuite>
  <testsuite name="table_ext01" timestamp="2023-07-06T19:19:09Z" hostname="a5f2313e2e40" tests="6" skipped="3" failures="0" errors="0" time="3.097">
    <testcase time="0.824000000000012" classname="table_ext01" name="EXT01_default_variant_with_numeric_parameters_is_produced_correctly"/>
    <testcase time="0.271999999999991" classname="table_ext01" name="EXT01_default_variant_with_numeric_parameters_is_produced_correctly">
      <skipped message="Reason: On CRAN ('test-table_ext01.R:71:3')"/>
    </testcase>
    <testcase time="0.615999999999985" classname="table_ext01" name="EXT01_variant_with_both_numeric_and_categorical_parameters"/>
    <testcase time="0.291000000000025" classname="table_ext01" name="EXT01_variant_with_both_numeric_and_categorical_parameters">
      <skipped message="Reason: On CRAN ('test-table_ext01.R:115:3')"/>
    </testcase>
    <testcase time="0.758999999999986" classname="table_ext01" name="EXT01_variant_with_user_specified_categories_for_missed_doses"/>
    <testcase time="0.335000000000008" classname="table_ext01" name="EXT01_variant_with_user_specified_categories_for_missed_doses">
      <skipped message="Reason: On CRAN ('test-table_ext01.R:164:3')"/>
    </testcase>
  </testsuite>
  <testsuite name="table_fstg02" timestamp="2023-07-06T19:19:12Z" hostname="a5f2313e2e40" tests="8" skipped="4" failures="0" errors="0" time="3.315">
    <testcase time="0.759999999999991" classname="table_fstg02" name="FSTG02_table_variant_1_Subgroup_Analysis_of_Survival_Duration_is_produced_correctly"/>
    <testcase time="0.140000000000015" classname="table_fstg02" name="FSTG02_table_variant_1_Subgroup_Analysis_of_Survival_Duration_is_produced_correctly">
      <skipped message="Reason: On CRAN ('test-table_fstg02.R:43:3')"/>
    </testcase>
    <testcase time="0.739999999999981" classname="table_fstg02" name="FSTG02_table_variant_2_specifying_class_variables_and_options_for_the_treatment_variable_"/>
    <testcase time="0.129000000000019" classname="table_fstg02" name="FSTG02_table_variant_2_specifying_class_variables_and_options_for_the_treatment_variable_">
      <skipped message="Reason: On CRAN ('test-table_fstg02.R:80:3')"/>
    </testcase>
    <testcase time="0.371999999999986" classname="table_fstg02" name="FSTG02_table_variant_3_selecting_columns_and_changing_the_alpha_level_"/>
    <testcase time="0.070999999999998" classname="table_fstg02" name="FSTG02_table_variant_3_selecting_columns_and_changing_the_alpha_level_">
      <skipped message="Reason: On CRAN ('test-table_fstg02.R:105:3')"/>
    </testcase>
    <testcase time="0.988" classname="table_fstg02" name="FSTG02_table_variant_4_fixed_symbol_size_is_produced_correctly"/>
    <testcase time="0.115000000000009" classname="table_fstg02" name="FSTG02_table_variant_4_fixed_symbol_size_is_produced_correctly">
      <skipped message="Reason: On CRAN ('test-table_fstg02.R:135:3')"/>
    </testcase>
  </testsuite>
  <testsuite name="table_lbt01" timestamp="2023-07-06T19:19:15Z" hostname="a5f2313e2e40" tests="2" skipped="1" failures="0" errors="0" time="0.927">
    <testcase time="0.670999999999992" classname="table_lbt01" name="LBT01_default_variant_is_produced_correctly"/>
    <testcase time="0.256" classname="table_lbt01" name="LBT01_default_variant_is_produced_correctly">
      <skipped message="Reason: On CRAN ('test-table_lbt01.R:59:3')"/>
    </testcase>
  </testsuite>
  <testsuite name="table_lbt02" timestamp="2023-07-06T19:19:16Z" hostname="a5f2313e2e40" tests="2" skipped="1" failures="0" errors="0" time="0.65">
    <testcase time="0.486999999999995" classname="table_lbt02" name="LBT02_default_variant_is_produced_correctly"/>
    <testcase time="0.163000000000011" classname="table_lbt02" name="LBT02_default_variant_is_produced_correctly">
      <skipped message="Reason: On CRAN ('test-table_lbt02.R:19:3')"/>
    </testcase>
  </testsuite>
  <testsuite name="table_lbt03" timestamp="2023-07-06T19:19:17Z" hostname="a5f2313e2e40" tests="2" skipped="1" failures="0" errors="0" time="0.684">
    <testcase time="0.501000000000005" classname="table_lbt03" name="LBT03_default_variant_is_produced_correctly"/>
    <testcase time="0.182999999999993" classname="table_lbt03" name="LBT03_default_variant_is_produced_correctly">
      <skipped message="Reason: On CRAN ('test-table_lbt03.R:29:3')"/>
    </testcase>
  </testsuite>
  <testsuite name="table_lbt04" timestamp="2023-07-06T19:19:17Z" hostname="a5f2313e2e40" tests="2" skipped="1" failures="0" errors="0" time="0.434">
    <testcase time="0.355999999999995" classname="table_lbt04" name="LBT04_default_variant_is_produced_correctly"/>
    <testcase time="0.078000000000003" classname="table_lbt04" name="LBT04_default_variant_is_produced_correctly">
      <skipped message="Reason: On CRAN ('test-table_lbt04.R:34:3')"/>
    </testcase>
  </testsuite>
  <testsuite name="table_lbt05" timestamp="2023-07-06T19:19:18Z" hostname="a5f2313e2e40" tests="6" skipped="3" failures="0" errors="0" time="2.461">
    <testcase time="0.814999999999998" classname="table_lbt05" name="LBT05_variant_1_is_produced_correctly"/>
    <testcase time="0.164999999999992" classname="table_lbt05" name="LBT05_variant_1_is_produced_correctly">
      <skipped message="Reason: On CRAN ('test-table_lbt05.R:84:3')"/>
    </testcase>
    <testcase time="0.536000000000001" classname="table_lbt05" name="LBT05_variant_2_is_produced_correctly"/>
    <testcase time="0.186000000000007" classname="table_lbt05" name="LBT05_variant_2_is_produced_correctly">
      <skipped message="Reason: On CRAN ('test-table_lbt05.R:106:3')"/>
    </testcase>
    <testcase time="0.615999999999985" classname="table_lbt05" name="LBT05_variant_4_is_produced_correctly"/>
    <testcase time="0.143000000000001" classname="table_lbt05" name="LBT05_variant_4_is_produced_correctly">
      <skipped message="Reason: On CRAN ('test-table_lbt05.R:130:3')"/>
    </testcase>
  </testsuite>
  <testsuite name="table_lbt06" timestamp="2023-07-06T19:19:20Z" hostname="a5f2313e2e40" tests="2" skipped="1" failures="0" errors="0" time="0.981">
    <testcase time="0.702000000000027" classname="table_lbt06" name="LBT06_default_variant_is_produced_correctly"/>
    <testcase time="0.278999999999996" classname="table_lbt06" name="LBT06_default_variant_is_produced_correctly">
      <skipped message="Reason: On CRAN ('test-table_lbt06.R:24:3')"/>
    </testcase>
  </testsuite>
  <testsuite name="table_lbt07" timestamp="2023-07-06T19:19:21Z" hostname="a5f2313e2e40" tests="2" skipped="1" failures="0" errors="0" time="1.21">
    <testcase time="1.017" classname="table_lbt07" name="LBT07_is_produced_correctly"/>
    <testcase time="0.192999999999984" classname="table_lbt07" name="LBT07_is_produced_correctly">
      <skipped message="Reason: On CRAN ('test-table_lbt07.R:83:3')"/>
    </testcase>
  </testsuite>
  <testsuite name="table_lbt08" timestamp="2023-07-06T19:19:22Z" hostname="a5f2313e2e40" tests="2" skipped="1" failures="0" errors="0" time="0.718">
    <testcase time="0.562000000000012" classname="table_lbt08" name="LBT08_produce_correctly"/>
    <testcase time="0.156000000000006" classname="table_lbt08" name="LBT08_produce_correctly">
      <skipped message="Reason: On CRAN ('test-table_lbt08.R:38:3')"/>
    </testcase>
  </testsuite>
  <testsuite name="table_lbt09" timestamp="2023-07-06T19:19:23Z" hostname="a5f2313e2e40" tests="4" skipped="2" failures="0" errors="0" time="2.788">
    <testcase time="1.27499999999998" classname="table_lbt09" name="LBT09_variant_1_works_as_expected"/>
    <testcase time="0.326999999999998" classname="table_lbt09" name="LBT09_variant_1_works_as_expected">
      <skipped message="Reason: On CRAN ('test-table_lbt09.R:107:3')"/>
    </testcase>
    <testcase time="0.918000000000006" classname="table_lbt09" name="LBT09_variant_2_works_as_expected"/>
    <testcase time="0.268000000000001" classname="table_lbt09" name="LBT09_variant_2_works_as_expected">
      <skipped message="Reason: On CRAN ('test-table_lbt09.R:138:3')"/>
    </testcase>
  </testsuite>
  <testsuite name="table_lbt10" timestamp="2023-07-06T19:19:26Z" hostname="a5f2313e2e40" tests="4" skipped="2" failures="0" errors="0" time="0.71">
    <testcase time="0.406000000000006" classname="table_lbt10" name="LBT10_variant_1_works_as_expected"/>
    <testcase time="0.0670000000000073" classname="table_lbt10" name="LBT10_variant_1_works_as_expected">
      <skipped message="Reason: On CRAN ('test-table_lbt10.R:45:3')"/>
    </testcase>
    <testcase time="0.188999999999993" classname="table_lbt10" name="LBT10_variant_2_works_as_expected"/>
    <testcase time="0.0480000000000018" classname="table_lbt10" name="LBT10_variant_2_works_as_expected">
      <skipped message="Reason: On CRAN ('test-table_lbt10.R:69:3')"/>
    </testcase>
  </testsuite>
  <testsuite name="table_lbt10_bl" timestamp="2023-07-06T19:19:27Z" hostname="a5f2313e2e40" tests="4" skipped="2" failures="0" errors="0" time="0.717">
    <testcase time="0.408999999999992" classname="table_lbt10_bl" name="LBT10_BL_variant_1_works_as_expected"/>
    <testcase time="0.0690000000000168" classname="table_lbt10_bl" name="LBT10_BL_variant_1_works_as_expected">
      <skipped message="Reason: On CRAN ('test-table_lbt10_bl.R:45:3')"/>
    </testcase>
    <testcase time="0.188999999999993" classname="table_lbt10_bl" name="LBT10_BL_variant_2_works_as_expected"/>
    <testcase time="0.0499999999999829" classname="table_lbt10_bl" name="LBT10_BL_variant_2_works_as_expected">
      <skipped message="Reason: On CRAN ('test-table_lbt10_bl.R:69:3')"/>
    </testcase>
  </testsuite>
  <testsuite name="table_lbt11" timestamp="2023-07-06T19:19:27Z" hostname="a5f2313e2e40" tests="6" skipped="3" failures="0" errors="0" time="1.109">
    <testcase time="0.326000000000022" classname="table_lbt11" name="LBT11_variant_1_works_as_expected"/>
    <testcase time="0.117999999999995" classname="table_lbt11" name="LBT11_variant_1_works_as_expected">
      <skipped message="Reason: On CRAN ('test-table_lbt11.R:60:3')"/>
    </testcase>
    <testcase time="0.157999999999987" classname="table_lbt11" name="LBT11_variant_2_works_as_expected"/>
    <testcase time="0.0720000000000027" classname="table_lbt11" name="LBT11_variant_2_works_as_expected">
      <skipped message="Reason: On CRAN ('test-table_lbt11.R:77:3')"/>
    </testcase>
    <testcase time="0.310000000000002" classname="table_lbt11" name="LBT11_variant_3_works_as_expected"/>
    <testcase time="0.125" classname="table_lbt11" name="LBT11_variant_3_works_as_expected">
      <skipped message="Reason: On CRAN ('test-table_lbt11.R:110:3')"/>
    </testcase>
  </testsuite>
  <testsuite name="table_lbt11_bl" timestamp="2023-07-06T19:19:28Z" hostname="a5f2313e2e40" tests="6" skipped="3" failures="0" errors="0" time="1.086">
    <testcase time="0.301999999999992" classname="table_lbt11_bl" name="LBT11_BL_variant_1_works_as_expected"/>
    <testcase time="0.106999999999999" classname="table_lbt11_bl" name="LBT11_BL_variant_1_works_as_expected">
      <skipped message="Reason: On CRAN ('test-table_lbt11_bl.R:60:3')"/>
    </testcase>
    <testcase time="0.163000000000011" classname="table_lbt11_bl" name="LBT11_BL_variant_2_works_as_expected"/>
    <testcase time="0.0879999999999939" classname="table_lbt11_bl" name="LBT11_BL_variant_2_works_as_expected">
      <skipped message="Reason: On CRAN ('test-table_lbt11_bl.R:77:3')"/>
    </testcase>
    <testcase time="0.302000000000021" classname="table_lbt11_bl" name="LBT11_BL_variant_3_works_as_expected"/>
    <testcase time="0.123999999999995" classname="table_lbt11_bl" name="LBT11_BL_variant_3_works_as_expected">
      <skipped message="Reason: On CRAN ('test-table_lbt11_bl.R:110:3')"/>
    </testcase>
  </testsuite>
  <testsuite name="table_lbt12" timestamp="2023-07-06T19:19:30Z" hostname="a5f2313e2e40" tests="2" skipped="1" failures="0" errors="0" time="0.686">
    <testcase time="0.59099999999998" classname="table_lbt12" name="LBT12_works_as_expected"/>
    <testcase time="0.0949999999999989" classname="table_lbt12" name="LBT12_works_as_expected">
      <skipped message="Reason: On CRAN ('test-table_lbt12.R:50:3')"/>
    </testcase>
  </testsuite>
  <testsuite name="table_lbt12_bl" timestamp="2023-07-06T19:19:30Z" hostname="a5f2313e2e40" tests="2" skipped="1" failures="0" errors="0" time="0.666">
    <testcase time="0.573000000000008" classname="table_lbt12_bl" name="LBT12_BL_works_as_expected"/>
    <testcase time="0.0930000000000177" classname="table_lbt12_bl" name="LBT12_BL_works_as_expected">
      <skipped message="Reason: On CRAN ('test-table_lbt12_bl.R:50:3')"/>
    </testcase>
  </testsuite>
  <testsuite name="table_lbt13" timestamp="2023-07-06T19:19:31Z" hostname="a5f2313e2e40" tests="10" skipped="5" failures="0" errors="0" time="16.15">
    <testcase time="2.5" classname="table_lbt13" name="LBT13_variant_1_LOW_works_as_expected"/>
    <testcase time="0.603999999999985" classname="table_lbt13" name="LBT13_variant_1_LOW_works_as_expected">
      <skipped message="Reason: On CRAN ('test-table_lbt13.R:81:3')"/>
    </testcase>
    <testcase time="2.34399999999999" classname="table_lbt13" name="LBT13_variant_2_HIGH_works_as_expected"/>
    <testcase time="0.617000000000019" classname="table_lbt13" name="LBT13_variant_2_HIGH_works_as_expected">
      <skipped message="Reason: On CRAN ('test-table_lbt13.R:153:3')"/>
    </testcase>
    <testcase time="2.215" classname="table_lbt13" name="LBT13_variant_3_LOW_without_baseline_missing_works_as_expected"/>
    <testcase time="0.60499999999999" classname="table_lbt13" name="LBT13_variant_3_LOW_without_baseline_missing_works_as_expected">
      <skipped message="Reason: On CRAN ('test-table_lbt13.R:225:3')"/>
    </testcase>
    <testcase time="2.309" classname="table_lbt13" name="LBT13_variant_4_HIGH_with_missing_baseline_considered_as_grade_0_works_as_expected"/>
    <testcase time="0.651999999999987" classname="table_lbt13" name="LBT13_variant_4_HIGH_with_missing_baseline_considered_as_grade_0_works_as_expected">
      <skipped message="Reason: On CRAN ('test-table_lbt13.R:296:3')"/>
    </testcase>
    <testcase time="3.11700000000002" classname="table_lbt13" name="LBT14_variant_5_HIGH_with_filled_in_grades_works_as_expected"/>
    <testcase time="1.18699999999998" classname="table_lbt13" name="LBT14_variant_5_HIGH_with_filled_in_grades_works_as_expected">
      <skipped message="Reason: On CRAN ('test-table_lbt13.R:370:3')"/>
    </testcase>
  </testsuite>
  <testsuite name="table_lbt14" timestamp="2023-07-06T19:19:47Z" hostname="a5f2313e2e40" tests="10" skipped="5" failures="0" errors="0" time="11.409">
    <testcase time="2.02500000000001" classname="table_lbt14" name="LBT14_variant_1_HIGH_works_as_expected"/>
    <testcase time="0.338999999999999" classname="table_lbt14" name="LBT14_variant_1_HIGH_works_as_expected">
      <skipped message="Reason: On CRAN ('test-table_lbt14.R:60:3')"/>
    </testcase>
    <testcase time="1.91900000000001" classname="table_lbt14" name="LBT14_variant_2_LOW_works_as_expected"/>
    <testcase time="0.609000000000009" classname="table_lbt14" name="LBT14_variant_2_LOW_works_as_expected">
      <skipped message="Reason: On CRAN ('test-table_lbt14.R:113:3')"/>
    </testcase>
    <testcase time="1.58599999999998" classname="table_lbt14" name="LBT14_variant_3_LOW_without_baseline_missing_works_as_expected"/>
    <testcase time="0.336000000000013" classname="table_lbt14" name="LBT14_variant_3_LOW_without_baseline_missing_works_as_expected">
      <skipped message="Reason: On CRAN ('test-table_lbt14.R:166:3')"/>
    </testcase>
    <testcase time="1.73599999999999" classname="table_lbt14" name="LBT14_variant_4_LOW_and_force_1_missing_both_baseline_and_post_baseline_then_force_the_missing_baseline_as_0_as_expected"/>
    <testcase time="0.328000000000003" classname="table_lbt14" name="LBT14_variant_4_LOW_and_force_1_missing_both_baseline_and_post_baseline_then_force_the_missing_baseline_as_0_as_expected">
      <skipped message="Reason: On CRAN ('test-table_lbt14.R:218:3')"/>
    </testcase>
    <testcase time="1.834" classname="table_lbt14" name="LBT14_variant_5_HIGH_with_fillings_works_as_expected"/>
    <testcase time="0.697000000000003" classname="table_lbt14" name="LBT14_variant_5_HIGH_with_fillings_works_as_expected">
      <skipped message="Reason: On CRAN ('test-table_lbt14.R:270:3')"/>
    </testcase>
  </testsuite>
  <testsuite name="table_lbt15" timestamp="2023-07-06T19:19:58Z" hostname="a5f2313e2e40" tests="4" skipped="2" failures="0" errors="0" time="0.768">
    <testcase time="0.311999999999983" classname="table_lbt15" name="LBT15_variant_1_works_as_expected"/>
    <testcase time="0.0889999999999986" classname="table_lbt15" name="LBT15_variant_1_works_as_expected">
      <skipped message="Reason: On CRAN ('test-table_lbt15.R:82:3')"/>
    </testcase>
    <testcase time="0.263000000000005" classname="table_lbt15" name="LBT15_variant_2_works_as_expected"/>
    <testcase time="0.104000000000013" classname="table_lbt15" name="LBT15_variant_2_works_as_expected">
      <skipped message="Reason: On CRAN ('test-table_lbt15.R:89:3')"/>
    </testcase>
  </testsuite>
  <testsuite name="table_lgrt02" timestamp="2023-07-06T19:19:59Z" hostname="a5f2313e2e40" tests="8" skipped="4" failures="0" errors="0" time="3.664">
    <testcase time="0.676999999999992" classname="table_lgrt02" name="LGRT02_without_interaction_term_is_produced_correctly"/>
    <testcase time="0.151999999999987" classname="table_lgrt02" name="LGRT02_without_interaction_term_is_produced_correctly">
      <skipped message="Reason: On CRAN ('test-table_lgrt02.R:52:3')"/>
    </testcase>
    <testcase time="0.789000000000016" classname="table_lgrt02" name="LGRT02_with_categorical_interaction_is_produced_correctly"/>
    <testcase time="0.193999999999988" classname="table_lgrt02" name="LGRT02_with_categorical_interaction_is_produced_correctly">
      <skipped message="Reason: On CRAN ('test-table_lgrt02.R:78:3')"/>
    </testcase>
    <testcase time="0.855000000000018" classname="table_lgrt02" name="LGRT02_with_continuous_interaction_is_produced_correctly"/>
    <testcase time="0.196999999999974" classname="table_lgrt02" name="LGRT02_with_continuous_interaction_is_produced_correctly">
      <skipped message="Reason: On CRAN ('test-table_lgrt02.R:104:3')"/>
    </testcase>
    <testcase time="0.646000000000015" classname="table_lgrt02" name="LGRT02_with_setting_values_indicating_an_event_and_custom_alpha_level_is_produced_correctly"/>
    <testcase time="0.153999999999996" classname="table_lgrt02" name="LGRT02_with_setting_values_indicating_an_event_and_custom_alpha_level_is_produced_correctly">
      <skipped message="Reason: On CRAN ('test-table_lgrt02.R:130:3')"/>
    </testcase>
  </testsuite>
  <testsuite name="table_mht01" timestamp="2023-07-06T19:20:03Z" hostname="a5f2313e2e40" tests="8" skipped="4" failures="0" errors="0" time="2.08">
    <testcase time="0.49199999999999" classname="table_mht01" name="MHT01_variant_1_is_produced_accurately"/>
    <testcase time="0.136000000000024" classname="table_mht01" name="MHT01_variant_1_is_produced_accurately">
      <skipped message="Reason: On CRAN ('test-table_mht01.R:49:3')"/>
    </testcase>
    <testcase time="0.164999999999992" classname="table_mht01" name="MHT01_variant_2_is_produced_accurately"/>
    <testcase time="0.0589999999999975" classname="table_mht01" name="MHT01_variant_2_is_produced_accurately">
      <skipped message="Reason: On CRAN ('test-table_mht01.R:60:3')"/>
    </testcase>
    <testcase time="0.395999999999987" classname="table_mht01" name="MHT01_variant_3_is_produced_accurately"/>
    <testcase time="0.14100000000002" classname="table_mht01" name="MHT01_variant_3_is_produced_accurately">
      <skipped message="Reason: On CRAN ('test-table_mht01.R:92:3')"/>
    </testcase>
    <testcase time="0.531999999999982" classname="table_mht01" name="MHT01_variant_5_is_produced_accurately"/>
    <testcase time="0.15900000000002" classname="table_mht01" name="MHT01_variant_5_is_produced_accurately">
      <skipped message="Reason: On CRAN ('test-table_mht01.R:130:3')"/>
    </testcase>
  </testsuite>
  <testsuite name="table_onct05" timestamp="2023-07-06T19:20:05Z" hostname="a5f2313e2e40" tests="8" skipped="4" failures="0" errors="0" time="2.667">
    <testcase time="0.619" classname="table_onct05" name="ONCT05_variant_1_Objective_Response_Rate_by_Subgroup_is_produced_correctly"/>
    <testcase time="0.113" classname="table_onct05" name="ONCT05_variant_1_Objective_Response_Rate_by_Subgroup_is_produced_correctly">
      <skipped message="Reason: On CRAN ('test-table_onct05.R:33:3')"/>
    </testcase>
    <testcase time="0.664999999999992" classname="table_onct05" name="ONCT05_variant_2_Specifying_class_variables_is_produced_correctly"/>
    <testcase time="0.117999999999995" classname="table_onct05" name="ONCT05_variant_2_Specifying_class_variables_is_produced_correctly">
      <skipped message="Reason: On CRAN ('test-table_onct05.R:57:3')"/>
    </testcase>
    <testcase time="0.319999999999993" classname="table_onct05" name="ONCT05_variant_3_selecting_columns_and_changing_the_alpha_level_is_produced_correctly"/>
    <testcase time="0.0740000000000123" classname="table_onct05" name="ONCT05_variant_3_selecting_columns_and_changing_the_alpha_level_is_produced_correctly">
      <skipped message="Reason: On CRAN ('test-table_onct05.R:75:3')"/>
    </testcase>
    <testcase time="0.657999999999987" classname="table_onct05" name="ONCT05_variant_4_setting_values_indicating_response_is_produced_correctly"/>
    <testcase time="0.100000000000023" classname="table_onct05" name="ONCT05_variant_4_setting_values_indicating_response_is_produced_correctly">
      <skipped message="Reason: On CRAN ('test-table_onct05.R:96:3')"/>
    </testcase>
  </testsuite>
  <testsuite name="table_pdt01" timestamp="2023-07-06T19:20:08Z" hostname="a5f2313e2e40" tests="2" skipped="1" failures="0" errors="0" time="0.602">
    <testcase time="0.427999999999997" classname="table_pdt01" name="PDT01_is_produced_correctly"/>
    <testcase time="0.173999999999978" classname="table_pdt01" name="PDT01_is_produced_correctly">
      <skipped message="Reason: On CRAN ('test-table_pdt01.R:40:3')"/>
    </testcase>
  </testsuite>
  <testsuite name="table_pdt02" timestamp="2023-07-06T19:20:08Z" hostname="a5f2313e2e40" tests="2" skipped="1" failures="0" errors="0" time="0.316">
    <testcase time="0.237000000000023" classname="table_pdt02" name="PDT02_is_produced_correctly"/>
    <testcase time="0.0789999999999793" classname="table_pdt02" name="PDT02_is_produced_correctly">
      <skipped message="Reason: On CRAN ('test-table_pdt02.R:43:3')"/>
    </testcase>
  </testsuite>
  <testsuite name="table_pkct01" timestamp="2023-07-06T19:20:08Z" hostname="a5f2313e2e40" tests="4" skipped="2" failures="0" errors="0" time="2.425">
    <testcase time="0.570000000000022" classname="table_pkct01" name="PKCT01_is_produced_correctly"/>
    <testcase time="0.139999999999986" classname="table_pkct01" name="PKCT01_is_produced_correctly">
      <skipped message="Reason: On CRAN ('test-table_pkct01.R:18:3')"/>
    </testcase>
    <testcase time="1.541" classname="table_pkct01" name="Specific_PKCT01_features_are_present"/>
    <testcase time="0.174000000000007" classname="table_pkct01" name="Specific_PKCT01_features_are_present">
      <skipped message="Reason: On CRAN ('test-table_pkct01.R:117:3')"/>
    </testcase>
  </testsuite>
  <testsuite name="table_pkpt02" timestamp="2023-07-06T19:20:11Z" hostname="a5f2313e2e40" tests="4" skipped="2" failures="0" errors="0" time="0.712">
    <testcase time="0.280000000000001" classname="table_pkpt02" name="PKPT02_is_produced_correctly_for_Drug_X"/>
    <testcase time="0.11699999999999" classname="table_pkpt02" name="PKPT02_is_produced_correctly_for_Drug_X">
      <skipped message="Reason: On CRAN ('test-table_pkpt02.R:42:3')"/>
    </testcase>
    <testcase time="0.207999999999998" classname="table_pkpt02" name="PKPT02_is_produced_correctly_for_Drug_Y"/>
    <testcase time="0.106999999999999" classname="table_pkpt02" name="PKPT02_is_produced_correctly_for_Drug_Y">
      <skipped message="Reason: On CRAN ('test-table_pkpt02.R:55:3')"/>
    </testcase>
  </testsuite>
  <testsuite name="table_pkpt03" timestamp="2023-07-06T19:20:12Z" hostname="a5f2313e2e40" tests="4" skipped="2" failures="0" errors="0" time="1.118">
    <testcase time="0.626000000000005" classname="table_pkpt03" name="PKPT03_Drug_X_is_produced_correctly"/>
    <testcase time="0.106999999999999" classname="table_pkpt03" name="PKPT03_Drug_X_is_produced_correctly">
      <skipped message="Reason: On CRAN ('test-table_pkpt03.R:67:3')"/>
    </testcase>
    <testcase time="0.307999999999993" classname="table_pkpt03" name="PKPT03_Drug_Y_is_produced_correctly"/>
    <testcase time="0.0770000000000266" classname="table_pkpt03" name="PKPT03_Drug_Y_is_produced_correctly">
      <skipped message="Reason: On CRAN ('test-table_pkpt03.R:81:3')"/>
    </testcase>
  </testsuite>
  <testsuite name="table_pkpt04" timestamp="2023-07-06T19:20:13Z" hostname="a5f2313e2e40" tests="4" skipped="2" failures="0" errors="0" time="0.932">
    <testcase time="0.37299999999999" classname="table_pkpt04" name="PKPT04_is_produced_correctly_for_Drug_X"/>
    <testcase time="0.152999999999992" classname="table_pkpt04" name="PKPT04_is_produced_correctly_for_Drug_X">
      <skipped message="Reason: On CRAN ('test-table_pkpt04.R:42:3')"/>
    </testcase>
    <testcase time="0.259000000000015" classname="table_pkpt04" name="PKPT04_is_produced_correctly_for_Drug_Y"/>
    <testcase time="0.146999999999991" classname="table_pkpt04" name="PKPT04_is_produced_correctly_for_Drug_Y">
      <skipped message="Reason: On CRAN ('test-table_pkpt04.R:55:3')"/>
    </testcase>
  </testsuite>
  <testsuite name="table_pkpt05" timestamp="2023-07-06T19:20:14Z" hostname="a5f2313e2e40" tests="4" skipped="2" failures="0" errors="0" time="1.411">
    <testcase time="0.756" classname="table_pkpt05" name="PKPT05_Drug_X_is_produced_correctly"/>
    <testcase time="0.12299999999999" classname="table_pkpt05" name="PKPT05_Drug_X_is_produced_correctly">
      <skipped message="Reason: On CRAN ('test-table_pkpt05.R:66:3')"/>
    </testcase>
    <testcase time="0.445000000000022" classname="table_pkpt05" name="PKPT05_Drug_Y_is_produced_correctly"/>
    <testcase time="0.0869999999999891" classname="table_pkpt05" name="PKPT05_Drug_Y_is_produced_correctly">
      <skipped message="Reason: On CRAN ('test-table_pkpt05.R:81:3')"/>
    </testcase>
  </testsuite>
  <testsuite name="table_pkpt06" timestamp="2023-07-06T19:20:15Z" hostname="a5f2313e2e40" tests="4" skipped="2" failures="0" errors="0" time="0.363">
    <testcase time="0.150000000000006" classname="table_pkpt06" name="PKPT06_is_produced_correctly_for_Drug_X"/>
    <testcase time="0.0720000000000027" classname="table_pkpt06" name="PKPT06_is_produced_correctly_for_Drug_X">
      <skipped message="Reason: On CRAN ('test-table_pkpt06.R:48:3')"/>
    </testcase>
    <testcase time="0.0919999999999845" classname="table_pkpt06" name="PKPT06_is_produced_correctly_for_Drug_Y"/>
    <testcase time="0.0490000000000066" classname="table_pkpt06" name="PKPT06_is_produced_correctly_for_Drug_Y">
      <skipped message="Reason: On CRAN ('test-table_pkpt06.R:61:3')"/>
    </testcase>
  </testsuite>
  <testsuite name="table_pkpt07" timestamp="2023-07-06T19:20:15Z" hostname="a5f2313e2e40" tests="4" skipped="2" failures="0" errors="0" time="0.62">
    <testcase time="0.317000000000007" classname="table_pkpt07" name="PKPT07_Drug_X_is_produced_correctly"/>
    <testcase time="0.0749999999999886" classname="table_pkpt07" name="PKPT07_Drug_X_is_produced_correctly">
      <skipped message="Reason: On CRAN ('test-table_pkpt07.R:73:3')"/>
    </testcase>
    <testcase time="0.169000000000011" classname="table_pkpt07" name="PKPT07_Drug_Y_is_produced_correctly"/>
    <testcase time="0.0589999999999975" classname="table_pkpt07" name="PKPT07_Drug_Y_is_produced_correctly">
      <skipped message="Reason: On CRAN ('test-table_pkpt07.R:88:3')"/>
    </testcase>
  </testsuite>
  <testsuite name="table_ratet01" timestamp="2023-07-06T19:20:16Z" hostname="a5f2313e2e40" tests="2" skipped="1" failures="0" errors="0" time="0.753">
    <testcase time="0.644999999999982" classname="table_ratet01" name="RATET01_is_produced_correctly"/>
    <testcase time="0.108000000000004" classname="table_ratet01" name="RATET01_is_produced_correctly">
      <skipped message="Reason: On CRAN ('test-table_ratet01.R:49:3')"/>
    </testcase>
  </testsuite>
  <testsuite name="table_rmpt01" timestamp="2023-07-06T19:20:17Z" hostname="a5f2313e2e40" tests="2" skipped="1" failures="0" errors="0" time="0.277">
    <testcase time="0.230000000000018" classname="table_rmpt01" name="RMPT01_is_produced_correctly"/>
    <testcase time="0.046999999999997" classname="table_rmpt01" name="RMPT01_is_produced_correctly">
      <skipped message="Reason: On CRAN ('test-table_rmpt01.R:58:3')"/>
    </testcase>
  </testsuite>
  <testsuite name="table_rmpt03" timestamp="2023-07-06T19:20:17Z" hostname="a5f2313e2e40" tests="4" skipped="2" failures="0" errors="0" time="0.657">
    <testcase time="0.300999999999988" classname="table_rmpt03" name="RMPT03_variant_1_is_produced_correctly"/>
    <testcase time="0.0620000000000118" classname="table_rmpt03" name="RMPT03_variant_1_is_produced_correctly">
      <skipped message="Reason: On CRAN ('test-table_rmpt03.R:67:3')"/>
    </testcase>
    <testcase time="0.22199999999998" classname="table_rmpt03" name="RMPT03_variant_2_is_produced_correctly"/>
    <testcase time="0.0720000000000027" classname="table_rmpt03" name="RMPT03_variant_2_is_produced_correctly">
      <skipped message="Reason: On CRAN ('test-table_rmpt03.R:91:3')"/>
    </testcase>
  </testsuite>
  <testsuite name="table_rmpt04" timestamp="2023-07-06T19:20:18Z" hostname="a5f2313e2e40" tests="2" skipped="1" failures="0" errors="0" time="0.268">
    <testcase time="0.223000000000013" classname="table_rmpt04" name="RMPT04_variant_1_is_produced_correctly"/>
    <testcase time="0.0449999999999875" classname="table_rmpt04" name="RMPT04_variant_1_is_produced_correctly">
      <skipped message="Reason: On CRAN ('test-table_rmpt04.R:50:3')"/>
    </testcase>
  </testsuite>
  <testsuite name="table_rmpt05" timestamp="2023-07-06T19:20:18Z" hostname="a5f2313e2e40" tests="2" skipped="1" failures="0" errors="0" time="0.307">
    <testcase time="0.246000000000009" classname="table_rmpt05" name="RMPT05_is_produced_correctly"/>
    <testcase time="0.061000000000007" classname="table_rmpt05" name="RMPT05_is_produced_correctly">
      <skipped message="Reason: On CRAN ('test-table_rmpt05.R:49:3')"/>
    </testcase>
  </testsuite>
  <testsuite name="table_rmpt06" timestamp="2023-07-06T19:20:18Z" hostname="a5f2313e2e40" tests="8" skipped="4" failures="0" errors="0" time="2.108">
    <testcase time="0.47399999999999" classname="table_rmpt06" name="RMPT06_variant_1_is_produced_correctly"/>
    <testcase time="0.109000000000009" classname="table_rmpt06" name="RMPT06_variant_1_is_produced_correctly">
      <skipped message="Reason: On CRAN ('test-table_rmpt06.R:99:3')"/>
    </testcase>
    <testcase time="0.307999999999993" classname="table_rmpt06" name="RMPT06_variant_2_is_produced_correctly"/>
    <testcase time="0.102000000000004" classname="table_rmpt06" name="RMPT06_variant_2_is_produced_correctly">
      <skipped message="Reason: On CRAN ('test-table_rmpt06.R:148:3')"/>
    </testcase>
    <testcase time="0.435000000000002" classname="table_rmpt06" name="RMPT06_variant_3_is_produced_correctly"/>
    <testcase time="0.128999999999991" classname="table_rmpt06" name="RMPT06_variant_3_is_produced_correctly">
      <skipped message="Reason: On CRAN ('test-table_rmpt06.R:211:3')"/>
    </testcase>
    <testcase time="0.427999999999997" classname="table_rmpt06" name="RMPT06_variant_4_is_produced_correctly"/>
    <testcase time="0.123000000000019" classname="table_rmpt06" name="RMPT06_variant_4_is_produced_correctly">
      <skipped message="Reason: On CRAN ('test-table_rmpt06.R:277:3')"/>
    </testcase>
  </testsuite>
  <testsuite name="table_rspt01" timestamp="2023-07-06T19:20:20Z" hostname="a5f2313e2e40" tests="12" skipped="6" failures="0" errors="0" time="3.327">
    <testcase time="0.441000000000003" classname="table_rspt01" name="RSPT01_1._Best_Overall_Response"/>
    <testcase time="0.120999999999981" classname="table_rspt01" name="RSPT01_1._Best_Overall_Response">
      <skipped message="Reason: On CRAN ('test-table_rspt01.R:46:3')"/>
    </testcase>
    <testcase time="0.38900000000001" classname="table_rspt01" name="RSPT01_2._Best_Overall_Response_selecting_sections_to_display_"/>
    <testcase time="0.120000000000005" classname="table_rspt01" name="RSPT01_2._Best_Overall_Response_selecting_sections_to_display_">
      <skipped message="Reason: On CRAN ('test-table_rspt01.R:73:3')"/>
    </testcase>
    <testcase time="0.503999999999991" classname="table_rspt01" name="RSPT01_3._Best_Overall_Response_modifying_settings_"/>
    <testcase time="0.120000000000005" classname="table_rspt01" name="RSPT01_3._Best_Overall_Response_modifying_settings_">
      <skipped message="Reason: On CRAN ('test-table_rspt01.R:116:3')"/>
    </testcase>
    <testcase time="0.527999999999992" classname="table_rspt01" name="RSPT01_4._Best_Overall_Response_with_stratified_analysis_"/>
    <testcase time="0.140999999999991" classname="table_rspt01" name="RSPT01_4._Best_Overall_Response_with_stratified_analysis_">
      <skipped message="Reason: On CRAN ('test-table_rspt01.R:166:3')"/>
    </testcase>
    <testcase time="0.400000000000006" classname="table_rspt01" name="RSPT01_5._Best_Overall_Response_modifying_the_definition_of_overall_response_"/>
    <testcase time="0.12299999999999" classname="table_rspt01" name="RSPT01_5._Best_Overall_Response_modifying_the_definition_of_overall_response_">
      <skipped message="Reason: On CRAN ('test-table_rspt01.R:198:3')"/>
    </testcase>
    <testcase time="0.318000000000012" classname="table_rspt01" name="RSPT01_6._Best_Overall_Response_define_new_sections_to_display_"/>
    <testcase time="0.122000000000014" classname="table_rspt01" name="RSPT01_6._Best_Overall_Response_define_new_sections_to_display_">
      <skipped message="Reason: On CRAN ('test-table_rspt01.R:248:3')"/>
    </testcase>
  </testsuite>
  <testsuite name="table_ttet01" timestamp="2023-07-06T19:20:24Z" hostname="a5f2313e2e40" tests="12" skipped="6" failures="0" errors="0" time="4.25">
    <testcase time="0.638999999999982" classname="table_ttet01" name="TTET01_default_variant_is_produced_correctly"/>
    <testcase time="0.163000000000011" classname="table_ttet01" name="TTET01_default_variant_is_produced_correctly">
      <skipped message="Reason: On CRAN ('test-table_ttet01.R:79:3')"/>
    </testcase>
    <testcase time="0.370999999999981" classname="table_ttet01" name="TTET01_variant_2_selecting_sections_to_display"/>
    <testcase time="0.13300000000001" classname="table_ttet01" name="TTET01_variant_2_selecting_sections_to_display">
      <skipped message="Reason: On CRAN ('test-table_ttet01.R:124:3')"/>
    </testcase>
    <testcase time="0.468999999999994" classname="table_ttet01" name="TTET01_variant_3_modifying_analysis_details_like_conftype_ties_alpha_level"/>
    <testcase time="0.173000000000002" classname="table_ttet01" name="TTET01_variant_3_modifying_analysis_details_like_conftype_ties_alpha_level">
      <skipped message="Reason: On CRAN ('test-table_ttet01.R:190:3')"/>
    </testcase>
    <testcase time="0.548000000000002" classname="table_ttet01" name="TTET01_variant_4_with_stratified_analysis"/>
    <testcase time="0.143000000000001" classname="table_ttet01" name="TTET01_variant_4_with_stratified_analysis">
      <skipped message="Reason: On CRAN ('test-table_ttet01.R:251:3')"/>
    </testcase>
    <testcase time="0.478000000000009" classname="table_ttet01" name="TTET01_variant_5_modifying_time_point"/>
    <testcase time="0.128999999999991" classname="table_ttet01" name="TTET01_variant_5_modifying_time_point">
      <skipped message="Reason: On CRAN ('test-table_ttet01.R:306:3')"/>
    </testcase>
    <testcase time="0.569999999999993" classname="table_ttet01" name="TTET01_variant_6_requesting_more_than_one_p_value"/>
    <testcase time="0.434000000000026" classname="table_ttet01" name="TTET01_variant_6_requesting_more_than_one_p_value">
      <skipped message="Reason: On CRAN ('test-table_ttet01.R:379:3')"/>
    </testcase>
    <testcase time="0.0239999999999725" classname="character(0)" name="_unnamed_">
      <error type="error" message="Error in `eval(code, test_env)`: object 'adsl' not found ('test-table_vst01.R:5:1')">Error in `eval(code, test_env)`: object 'adsl' not found
Backtrace:
    ▆
 1. └─tern::df_explicit_na(adsl) at test-table_vst01.R:5:0
 2.   └─checkmate::assert_data_frame(data)
 3.     └─checkmate::checkDataFrame(...)
 4.       └─... %and% checkListTypes(x, types)
 5.         └─base::isTRUE(lhs)</error>
    </testcase>
  </testsuite>
  <testsuite name="table_vst02" timestamp="2023-07-06T19:20:28Z" hostname="a5f2313e2e40" tests="5" skipped="2" failures="0" errors="1" time="1.313">
    <testcase time="0.632000000000005" classname="table_vst02" name="1._Vital_Sign_Abnormalities_Regardless_of_Abnormality_at_Baseline_VST02_1_"/>
    <testcase time="0.128000000000014" classname="table_vst02" name="1._Vital_Sign_Abnormalities_Regardless_of_Abnormality_at_Baseline_VST02_1_">
      <skipped message="Reason: On CRAN ('test-table_vst02.R:33:3')"/>
    </testcase>
    <testcase time="0.405000000000001" classname="table_vst02" name="2._Vital_Sign_Abnormalities_Among_Subject_Without_Abnormality_at_Baseline_VST02_2_"/>
    <testcase time="0.123999999999995" classname="table_vst02" name="2._Vital_Sign_Abnormalities_Among_Subject_Without_Abnormality_at_Baseline_VST02_2_">
      <skipped message="Reason: On CRAN ('test-table_vst02.R:51:3')"/>
    </testcase>
  </testsuite>
</testsuites>
