<?xml version="1.0" encoding="UTF-8"?>
<testsuites>
  <testsuite name="listing_adal02" timestamp="2023-03-03T22:09:29Z" hostname="f769d10bcbf9" tests="2" skipped="1" failures="0" errors="0" time="0.445">
    <testcase time="0.28" classname="listing_adal02" name="ADAL02_listing_is_produced_correctly"/>
    <testcase time="0.165" classname="listing_adal02" name="ADAL02_listing_is_produced_correctly">
      <skipped message="Reason: On CRAN ('test-listing_adal02.R:100')"/>
    </testcase>
  </testsuite>
  <testsuite name="listing_ael01" timestamp="2023-03-03T22:09:30Z" hostname="f769d10bcbf9" tests="2" skipped="1" failures="0" errors="0" time="0.228">
    <testcase time="0.0709999999999997" classname="listing_ael01" name="AEL01_listing_is_produced_correctly"/>
    <testcase time="0.157" classname="listing_ael01" name="AEL01_listing_is_produced_correctly">
      <skipped message="Reason: On CRAN ('test-listing_ael01.R:20')"/>
    </testcase>
  </testsuite>
  <testsuite name="listing_ael01_nollt" timestamp="2023-03-03T22:09:30Z" hostname="f769d10bcbf9" tests="2" skipped="1" failures="0" errors="0" time="0.083">
    <testcase time="0.0630000000000006" classname="listing_ael01_nollt" name="AEL01_NOLLT_listing_is_produced_correctly"/>
    <testcase time="0.0199999999999996" classname="listing_ael01_nollt" name="AEL01_NOLLT_listing_is_produced_correctly">
      <skipped message="Reason: On CRAN ('test-listing_ael01_nollt.R:19')"/>
    </testcase>
  </testsuite>
  <testsuite name="listing_ael02" timestamp="2023-03-03T22:09:30Z" hostname="f769d10bcbf9" tests="1" skipped="1" failures="0" errors="0" time="5.764">
    <testcase time="5.764" classname="listing_ael02" name="AEL02_listing_is_produced_correctly">
      <skipped message="Reason: On CRAN ('test-listing_ael02.R:60')"/>
    </testcase>
  </testsuite>
  <testsuite name="listing_ael02_ed" timestamp="2023-03-03T22:09:36Z" hostname="f769d10bcbf9" tests="1" skipped="1" failures="0" errors="0" time="6.931">
    <testcase time="6.931" classname="listing_ael02_ed" name="AEL02_ED_listing_is_produced_correctly">
      <skipped message="Reason: On CRAN ('test-listing_ael02_ed.R:77')"/>
    </testcase>
  </testsuite>
  <testsuite name="listing_ael03" timestamp="2023-03-03T22:09:43Z" hostname="f769d10bcbf9" tests="1" skipped="1" failures="0" errors="0" time="2.616">
    <testcase time="2.616" classname="listing_ael03" name="AEL03_listing_is_produced_correctly">
      <skipped message="Reason: On CRAN ('test-listing_ael03.R:73')"/>
    </testcase>
  </testsuite>
  <testsuite name="listing_ael04" timestamp="2023-03-03T22:09:45Z" hostname="f769d10bcbf9" tests="2" skipped="1" failures="0" errors="0" time="0.207">
    <testcase time="0.0539999999999985" classname="listing_ael04" name="AEL04_listing_is_produced_correctly"/>
    <testcase time="0.153000000000002" classname="listing_ael04" name="AEL04_listing_is_produced_correctly">
      <skipped message="Reason: On CRAN ('test-listing_ael04.R:30')"/>
    </testcase>
  </testsuite>
  <testsuite name="listing_cml01" timestamp="2023-03-03T22:09:46Z" hostname="f769d10bcbf9" tests="2" skipped="1" failures="0" errors="0" time="12.231">
    <testcase time="0.163999999999998" classname="listing_cml01" name="CML01_listing_is_produced_correctly"/>
    <testcase time="12.067" classname="listing_cml01" name="CML01_listing_is_produced_correctly">
      <skipped message="Reason: On CRAN ('test-listing_cml01.R:41')"/>
    </testcase>
  </testsuite>
  <testsuite name="listing_cml02a_gl" timestamp="2023-03-03T22:09:58Z" hostname="f769d10bcbf9" tests="2" skipped="1" failures="0" errors="0" time="0.086">
    <testcase time="0.0609999999999999" classname="listing_cml02a_gl" name="CML02A_GL_listing_is_produced_correctly"/>
    <testcase time="0.0250000000000057" classname="listing_cml02a_gl" name="CML02A_GL_listing_is_produced_correctly">
      <skipped message="Reason: On CRAN ('test-listing_cml02a_gl.R:19')"/>
    </testcase>
  </testsuite>
  <testsuite name="listing_cml02b_gl" timestamp="2023-03-03T22:09:58Z" hostname="f769d10bcbf9" tests="2" skipped="1" failures="0" errors="0" time="0.096">
    <testcase time="0.0439999999999969" classname="listing_cml02b_gl" name="CML02B_GL_listing_is_produced_correctly"/>
    <testcase time="0.0519999999999996" classname="listing_cml02b_gl" name="CML02B_GL_listing_is_produced_correctly">
      <skipped message="Reason: On CRAN ('test-listing_cml02b_gl.R:22')"/>
    </testcase>
  </testsuite>
  <testsuite name="listing_dsl01" timestamp="2023-03-03T22:09:58Z" hostname="f769d10bcbf9" tests="2" skipped="1" failures="0" errors="0" time="0.643">
    <testcase time="0.0480000000000018" classname="listing_dsl01" name="DSL01_listing_is_produced_correctly"/>
    <testcase time="0.594999999999999" classname="listing_dsl01" name="DSL01_listing_is_produced_correctly">
      <skipped message="Reason: On CRAN ('test-listing_dsl01.R:30')"/>
    </testcase>
  </testsuite>
  <testsuite name="listing_dsl02" timestamp="2023-03-03T22:09:59Z" hostname="f769d10bcbf9" tests="2" skipped="1" failures="0" errors="0" time="0.097">
    <testcase time="0.0660000000000025" classname="listing_dsl02" name="DSL02_listing_is_produced_correctly"/>
    <testcase time="0.0309999999999988" classname="listing_dsl02" name="DSL02_listing_is_produced_correctly">
      <skipped message="Reason: On CRAN ('test-listing_dsl02.R:36')"/>
    </testcase>
  </testsuite>
  <testsuite name="listing_dsur4" timestamp="2023-03-03T22:09:59Z" hostname="f769d10bcbf9" tests="2" skipped="1" failures="0" errors="0" time="0.096">
    <testcase time="0.0399999999999991" classname="listing_dsur4" name="DSUR4_listing_is_produced_correctly"/>
    <testcase time="0.0559999999999974" classname="listing_dsur4" name="DSUR4_listing_is_produced_correctly">
      <skipped message="Reason: On CRAN ('test-listing_dsur4.R:22')"/>
    </testcase>
  </testsuite>
  <testsuite name="listing_egl01" timestamp="2023-03-03T22:09:59Z" hostname="f769d10bcbf9" tests="1" skipped="1" failures="0" errors="0" time="7">
    <testcase time="7" classname="listing_egl01" name="EGL01_listing_is_produced_correctly">
      <skipped message="Reason: On CRAN ('test-listing_egl01.R:61')"/>
    </testcase>
  </testsuite>
  <testsuite name="listing_exl01" timestamp="2023-03-03T22:10:06Z" hostname="f769d10bcbf9" tests="1" skipped="1" failures="0" errors="0" time="6.779">
    <testcase time="6.779" classname="listing_exl01" name="EXL01_listing_is_produced_correctly">
      <skipped message="Reason: On CRAN ('test-listing_exl01.R:29')"/>
    </testcase>
  </testsuite>
  <testsuite name="listing_lbl01" timestamp="2023-03-03T22:10:13Z" hostname="f769d10bcbf9" tests="1" skipped="1" failures="0" errors="0" time="14.943">
    <testcase time="14.943" classname="listing_lbl01" name="LBL01_listing_is_produced_correctly">
      <skipped message="Reason: On CRAN ('test-listing_lbl01.R:52')"/>
    </testcase>
  </testsuite>
  <testsuite name="listing_lbl01_rls" timestamp="2023-03-03T22:10:28Z" hostname="f769d10bcbf9" tests="1" skipped="1" failures="0" errors="0" time="15.457">
    <testcase time="15.457" classname="listing_lbl01_rls" name="LBL01_RLS_listing_is_produced_correctly">
      <skipped message="Reason: On CRAN ('test-listing_lbl01_rls.R:58')"/>
    </testcase>
  </testsuite>
  <testsuite name="listing_lbl02a" timestamp="2023-03-03T22:10:43Z" hostname="f769d10bcbf9" tests="2" skipped="1" failures="0" errors="0" time="4.188">
    <testcase time="0.24799999999999" classname="listing_lbl02a" name="LBL02A_listing_is_produced_correctly"/>
    <testcase time="3.94" classname="listing_lbl02a" name="LBL02A_listing_is_produced_correctly">
      <skipped message="Reason: On CRAN ('test-listing_lbl02a.R:49')"/>
    </testcase>
  </testsuite>
  <testsuite name="listing_lbl02a_rls" timestamp="2023-03-03T22:10:47Z" hostname="f769d10bcbf9" tests="2" skipped="1" failures="0" errors="0" time="23.481">
    <testcase time="0.492999999999995" classname="listing_lbl02a_rls" name="LBL02A_RLS_listing_is_produced_correctly"/>
    <testcase time="22.988" classname="listing_lbl02a_rls" name="LBL02A_RLS_listing_is_produced_correctly">
      <skipped message="Reason: On CRAN ('test-listing_lbl02a_rls.R:79')"/>
    </testcase>
  </testsuite>
  <testsuite name="listing_lbl02b" timestamp="2023-03-03T22:11:11Z" hostname="f769d10bcbf9" tests="2" skipped="1" failures="0" errors="0" time="2.891">
    <testcase time="0.212999999999994" classname="listing_lbl02b" name="LBL02B_listing_is_produced_correctly"/>
    <testcase time="2.678" classname="listing_lbl02b" name="LBL02B_listing_is_produced_correctly">
      <skipped message="Reason: On CRAN ('test-listing_lbl02b.R:55')"/>
    </testcase>
  </testsuite>
  <testsuite name="listing_mhl01" timestamp="2023-03-03T22:11:14Z" hostname="f769d10bcbf9" tests="2" skipped="1" failures="0" errors="0" time="4.955">
    <testcase time="0.0970000000000084" classname="listing_mhl01" name="MHL01_listing_is_produced_correctly"/>
    <testcase time="4.85799999999999" classname="listing_mhl01" name="MHL01_listing_is_produced_correctly">
      <skipped message="Reason: On CRAN ('test-listing_mhl01.R:33')"/>
    </testcase>
  </testsuite>
  <testsuite name="listing_oncl01" timestamp="2023-03-03T22:11:18Z" hostname="f769d10bcbf9" tests="1" skipped="1" failures="0" errors="0" time="2.738">
    <testcase time="2.738" classname="listing_oncl01" name="ONCL01_listing_is_produced_correctly">
      <skipped message="Reason: On CRAN ('test-listing_oncl01.R:61')"/>
    </testcase>
  </testsuite>
  <testsuite name="listing_pkcl01" timestamp="2023-03-03T22:11:21Z" hostname="f769d10bcbf9" tests="2" skipped="1" failures="0" errors="0" time="4.467">
    <testcase time="0.0889999999999986" classname="listing_pkcl01" name="PKCL01_listing_is_produced_correctly"/>
    <testcase time="4.378" classname="listing_pkcl01" name="PKCL01_listing_is_produced_correctly">
      <skipped message="Reason: On CRAN ('test-listing_pkcl01.R:28')"/>
    </testcase>
  </testsuite>
  <testsuite name="listing_pkcl02" timestamp="2023-03-03T22:11:26Z" hostname="f769d10bcbf9" tests="2" skipped="1" failures="0" errors="0" time="2.1">
    <testcase time="0.13000000000001" classname="listing_pkcl02" name="PKCL02_listing_is_produced_correctly"/>
    <testcase time="1.97" classname="listing_pkcl02" name="PKCL02_listing_is_produced_correctly">
      <skipped message="Reason: On CRAN ('test-listing_pkcl02.R:63')"/>
    </testcase>
  </testsuite>
  <testsuite name="listing_pkpl01" timestamp="2023-03-03T22:11:28Z" hostname="f769d10bcbf9" tests="2" skipped="1" failures="0" errors="0" time="1.215">
    <testcase time="0.0840000000000032" classname="listing_pkpl01" name="PKPL01_listing_is_produced_correctly"/>
    <testcase time="1.131" classname="listing_pkpl01" name="PKPL01_listing_is_produced_correctly">
      <skipped message="Reason: On CRAN ('test-listing_pkpl01.R:34')"/>
    </testcase>
  </testsuite>
  <testsuite name="listing_pkpl02" timestamp="2023-03-03T22:11:29Z" hostname="f769d10bcbf9" tests="2" skipped="1" failures="0" errors="0" time="1.47">
    <testcase time="0.103999999999999" classname="listing_pkpl02" name="PKPL02_listing_is_produced_correctly"/>
    <testcase time="1.366" classname="listing_pkpl02" name="PKPL02_listing_is_produced_correctly">
      <skipped message="Reason: On CRAN ('test-listing_pkpl02.R:35')"/>
    </testcase>
  </testsuite>
  <testsuite name="listing_pkpl04" timestamp="2023-03-03T22:11:30Z" hostname="f769d10bcbf9" tests="2" skipped="1" failures="0" errors="0" time="0.82">
    <testcase time="0.0959999999999894" classname="listing_pkpl04" name="PKPL04_listing_is_produced_correctly"/>
    <testcase time="0.724000000000004" classname="listing_pkpl04" name="PKPL04_listing_is_produced_correctly">
      <skipped message="Reason: On CRAN ('test-listing_pkpl04.R:50')"/>
    </testcase>
  </testsuite>
  <testsuite name="listing_vsl01" timestamp="2023-03-03T22:11:32Z" hostname="f769d10bcbf9" tests="2" skipped="1" failures="0" errors="0" time="65.022">
    <testcase time="0.820000000000007" classname="listing_vsl01" name="VSL01_listing_is_produced_correctly"/>
    <testcase time="64.202" classname="listing_vsl01" name="VSL01_listing_is_produced_correctly">
      <skipped message="Reason: On CRAN ('test-listing_vsl01.R:83')"/>
    </testcase>
  </testsuite>
  <testsuite name="table_adat03" timestamp="2023-03-03T22:12:36Z" hostname="f769d10bcbf9" tests="2" skipped="1" failures="0" errors="0" time="1.115">
    <testcase time="0.992999999999995" classname="table_adat03" name="ADAT03_is_produced_correctly"/>
    <testcase time="0.122000000000014" classname="table_adat03" name="ADAT03_is_produced_correctly">
      <skipped message="Reason: On CRAN ('test-table_adat03.R:71')"/>
    </testcase>
  </testsuite>
  <testsuite name="table_aet01" timestamp="2023-03-03T22:12:37Z" hostname="f769d10bcbf9" tests="8" skipped="4" failures="0" errors="0" time="2.812">
    <testcase time="0.671999999999997" classname="table_aet01" name="Safety_Summary_Variant_1_works_as_expected"/>
    <testcase time="0.0849999999999795" classname="table_aet01" name="Safety_Summary_Variant_1_works_as_expected">
      <skipped message="Reason: On CRAN ('test-table_aet01.R:94')"/>
    </testcase>
    <testcase time="0.631" classname="table_aet01" name="Safety_Summary_Variant_2_with_Medical_Concepts_Section_works_as_expected"/>
    <testcase time="0.114000000000004" classname="table_aet01" name="Safety_Summary_Variant_2_with_Medical_Concepts_Section_works_as_expected">
      <skipped message="Reason: On CRAN ('test-table_aet01.R:214')"/>
    </testcase>
    <testcase time="0.495000000000005" classname="table_aet01" name="Safety_Summary_Variant_3_with_Modified_Rows_works_as_expected"/>
    <testcase time="0.0699999999999932" classname="table_aet01" name="Safety_Summary_Variant_3_with_Modified_Rows_works_as_expected">
      <skipped message="Reason: On CRAN ('test-table_aet01.R:306')"/>
    </testcase>
    <testcase time="0.620000000000005" classname="table_aet01" name="Safety_Summary_Variant_4_with_Rows_Counting_Events_and_Additional_Sections_works_as_expected"/>
    <testcase time="0.125" classname="table_aet01" name="Safety_Summary_Variant_4_with_Rows_Counting_Events_and_Additional_Sections_works_as_expected">
      <skipped message="Reason: On CRAN ('test-table_aet01.R:419')"/>
    </testcase>
  </testsuite>
  <testsuite name="table_aet02" timestamp="2023-03-03T22:12:40Z" hostname="f769d10bcbf9" tests="24" skipped="12" failures="0" errors="0" time="9.928">
    <testcase time="0.852000000000004" classname="table_aet02" name="AET02_variant_1_is_produced_correctly"/>
    <testcase time="0.156000000000006" classname="table_aet02" name="AET02_variant_1_is_produced_correctly">
      <skipped message="Reason: On CRAN ('test-table_aet02.R:42')"/>
    </testcase>
    <testcase time="0.972000000000008" classname="table_aet02" name="AET02_variant_2_is_produced_correctly"/>
    <testcase time="0.181999999999988" classname="table_aet02" name="AET02_variant_2_is_produced_correctly">
      <skipped message="Reason: On CRAN ('test-table_aet02.R:95')"/>
    </testcase>
    <testcase time="1.10400000000001" classname="table_aet02" name="AET02_variant_3_is_produced_correctly"/>
    <testcase time="0.25" classname="table_aet02" name="AET02_variant_3_is_produced_correctly">
      <skipped message="Reason: On CRAN ('test-table_aet02.R:149')"/>
    </testcase>
    <testcase time="0.162999999999982" classname="table_aet02" name="AET02_variant_4_is_produced_correctly"/>
    <testcase time="0.0670000000000073" classname="table_aet02" name="AET02_variant_4_is_produced_correctly">
      <skipped message="Reason: On CRAN ('test-table_aet02.R:174')"/>
    </testcase>
    <testcase time="0.620000000000005" classname="table_aet02" name="AET02_variant_5_is_produced_correctly"/>
    <testcase time="0.159999999999997" classname="table_aet02" name="AET02_variant_5_is_produced_correctly">
      <skipped message="Reason: On CRAN ('test-table_aet02.R:214')"/>
    </testcase>
    <testcase time="0.628999999999991" classname="table_aet02" name="AET02_variant_6_is_produced_correctly"/>
    <testcase time="0.0510000000000161" classname="table_aet02" name="AET02_variant_6_is_produced_correctly">
      <skipped message="Reason: On CRAN ('test-table_aet02.R:247')"/>
    </testcase>
    <testcase time="1.15299999999999" classname="table_aet02" name="AET02_variant_7_is_produced_correctly"/>
    <testcase time="0.0619999999999834" classname="table_aet02" name="AET02_variant_7_is_produced_correctly">
      <skipped message="Reason: On CRAN ('test-table_aet02.R:294')"/>
    </testcase>
    <testcase time="0.622000000000014" classname="table_aet02" name="AET02_variant_8_is_produced_correctly"/>
    <testcase time="0.0500000000000114" classname="table_aet02" name="AET02_variant_8_is_produced_correctly">
      <skipped message="Reason: On CRAN ('test-table_aet02.R:327')"/>
    </testcase>
    <testcase time="0.628999999999991" classname="table_aet02" name="AET02_variant_9_is_produced_correctly"/>
    <testcase time="0.0549999999999784" classname="table_aet02" name="AET02_variant_9_is_produced_correctly">
      <skipped message="Reason: On CRAN ('test-table_aet02.R:360')"/>
    </testcase>
    <testcase time="0.636000000000024" classname="table_aet02" name="AET02_variant_10_is_produced_correctly"/>
    <testcase time="0.0849999999999795" classname="table_aet02" name="AET02_variant_10_is_produced_correctly">
      <skipped message="Reason: On CRAN ('test-table_aet02.R:393')"/>
    </testcase>
    <testcase time="0.685000000000002" classname="table_aet02" name="AET02_variant_11_is_produced_correctly"/>
    <testcase time="0.0370000000000061" classname="table_aet02" name="AET02_variant_11_is_produced_correctly">
      <skipped message="Reason: On CRAN ('test-table_aet02.R:426')"/>
    </testcase>
    <testcase time="0.656000000000006" classname="table_aet02" name="AET02_variant_12_is_produced_correctly"/>
    <testcase time="0.0519999999999925" classname="table_aet02" name="AET02_variant_12_is_produced_correctly">
      <skipped message="Reason: On CRAN ('test-table_aet02.R:475')"/>
    </testcase>
  </testsuite>
  <testsuite name="table_aet02_smq" timestamp="2023-03-03T22:12:50Z" hostname="f769d10bcbf9" tests="4" skipped="2" failures="0" errors="0" time="0.588">
    <testcase time="0.189999999999998" classname="table_aet02_smq" name="AET02SMQ_variant_1_is_produced_correctly"/>
    <testcase time="0.0459999999999923" classname="table_aet02_smq" name="AET02SMQ_variant_1_is_produced_correctly">
      <skipped message="Reason: On CRAN ('test-table_aet02_smq.R:52')"/>
    </testcase>
    <testcase time="0.288000000000011" classname="table_aet02_smq" name="AET02SMQ_variant_2_is_produced_correctly"/>
    <testcase time="0.063999999999993" classname="table_aet02_smq" name="AET02SMQ_variant_2_is_produced_correctly">
      <skipped message="Reason: On CRAN ('test-table_aet02_smq.R:91')"/>
    </testcase>
  </testsuite>
  <testsuite name="table_aet03" timestamp="2023-03-03T22:12:51Z" hostname="f769d10bcbf9" tests="2" skipped="1" failures="0" errors="0" time="1.894">
    <testcase time="1.56200000000001" classname="table_aet03" name="AET03_variant_1_is_produced_correctly"/>
    <testcase time="0.331999999999994" classname="table_aet03" name="AET03_variant_1_is_produced_correctly">
      <skipped message="Reason: On CRAN ('test-table_aet03.R:57')"/>
    </testcase>
  </testsuite>
  <testsuite name="table_aet04" timestamp="2023-03-03T22:12:54Z" hostname="f769d10bcbf9" tests="16" skipped="8" failures="0" errors="0" time="11.059">
    <testcase time="3.19" classname="table_aet04" name="AET04_variant_1_is_produced_correctly"/>
    <testcase time="0.347000000000008" classname="table_aet04" name="AET04_variant_1_is_produced_correctly">
      <skipped message="Reason: On CRAN ('test-table_aet04.R:102')"/>
    </testcase>
    <testcase time="1.386" classname="table_aet04" name="AET04_variant_2_is_produced_correctly_Fill_in_of_Treatment_Groups_"/>
    <testcase time="0.332999999999998" classname="table_aet04" name="AET04_variant_2_is_produced_correctly_Fill_in_of_Treatment_Groups_">
      <skipped message="Reason: On CRAN ('test-table_aet04.R:167')"/>
    </testcase>
    <testcase time="2.38300000000001" classname="table_aet04" name="AET04_variant_3_is_produced_correctly_Fill_in_of_Grades_"/>
    <testcase time="0.295999999999992" classname="table_aet04" name="AET04_variant_3_is_produced_correctly_Fill_in_of_Grades_">
      <skipped message="Reason: On CRAN ('test-table_aet04.R:224')"/>
    </testcase>
    <testcase time="1.43000000000001" classname="table_aet04" name="AET04_variant_4_is_produced_correctly_Collapsing_of_Grades_grades_1_2_grades_3_4_5_"/>
    <testcase time="0.314999999999998" classname="table_aet04" name="AET04_variant_4_is_produced_correctly_Collapsing_of_Grades_grades_1_2_grades_3_4_5_">
      <skipped message="Reason: On CRAN ('test-table_aet04.R:292')"/>
    </testcase>
    <testcase time="0.740999999999985" classname="table_aet04" name="AET04_variant_6_is_produced_correctly_with_an_Incidence_Rate_of_at_Least_5_totals_restricted_"/>
    <testcase time="0.149000000000001" classname="table_aet04" name="AET04_variant_6_is_produced_correctly_with_an_Incidence_Rate_of_at_Least_5_totals_restricted_">
      <skipped message="Reason: On CRAN ('test-table_aet04.R:387')"/>
    </testcase>
    <testcase time="0.0240000000000009" classname="table_aet04" name="AET04_variant_8_is_produced_correctly_with_an_Incidence_Rate_of_at_Least_X_Patients_"/>
    <testcase time="0.121000000000009" classname="table_aet04" name="AET04_variant_8_is_produced_correctly_with_an_Incidence_Rate_of_at_Least_X_Patients_">
      <skipped message="Reason: On CRAN ('test-table_aet04.R:420')"/>
    </testcase>
    <testcase time="0.0240000000000009" classname="table_aet04" name="AET04_variant_9_is_produced_correctlyb_with_a_Difference_in_Incidence_Rate_of_at_Least_X_"/>
    <testcase time="0.113" classname="table_aet04" name="AET04_variant_9_is_produced_correctlyb_with_a_Difference_in_Incidence_Rate_of_at_Least_X_">
      <skipped message="Reason: On CRAN ('test-table_aet04.R:436')"/>
    </testcase>
    <testcase time="0.0240000000000009" classname="table_aet04" name="AET04_variant_11_is_produced_correctly_with_Incidence_Rate_of_at_Least_X_all_SOCs_w_o_preferred_terms_removed_"/>
    <testcase time="0.182999999999993" classname="table_aet04" name="AET04_variant_11_is_produced_correctly_with_Incidence_Rate_of_at_Least_X_all_SOCs_w_o_preferred_terms_removed_">
      <skipped message="Reason: On CRAN ('test-table_aet04.R:458')"/>
    </testcase>
  </testsuite>
  <testsuite name="table_aet04_pi" timestamp="2023-03-03T22:13:04Z" hostname="f769d10bcbf9" tests="18" skipped="9" failures="0" errors="0" time="8.846">
    <testcase time="0.861000000000018" classname="table_aet04_pi" name="AET04_PI_full_table_is_produced_correctly"/>
    <testcase time="0.192999999999984" classname="table_aet04_pi" name="AET04_PI_full_table_is_produced_correctly">
      <skipped message="Reason: On CRAN ('test-table_aet04_pi.R:62')"/>
    </testcase>
    <testcase time="0.890000000000015" classname="table_aet04_pi" name="AET04_PI_variant_1_is_produced_correctly"/>
    <testcase time="0.144999999999982" classname="table_aet04_pi" name="AET04_PI_variant_1_is_produced_correctly">
      <skipped message="Reason: On CRAN ('test-table_aet04_pi.R:84')"/>
    </testcase>
    <testcase time="1.001" classname="table_aet04_pi" name="AET04_PI_variant_2_is_produced_correctly"/>
    <testcase time="0.0829999999999984" classname="table_aet04_pi" name="AET04_PI_variant_2_is_produced_correctly">
      <skipped message="Reason: On CRAN ('test-table_aet04_pi.R:107')"/>
    </testcase>
    <testcase time="0.885000000000019" classname="table_aet04_pi" name="AET04_PI_variant_3_is_produced_correctly"/>
    <testcase time="0.0879999999999939" classname="table_aet04_pi" name="AET04_PI_variant_3_is_produced_correctly">
      <skipped message="Reason: On CRAN ('test-table_aet04_pi.R:130')"/>
    </testcase>
    <testcase time="0.889999999999986" classname="table_aet04_pi" name="AET04_PI_variant_4_is_produced_correctly"/>
    <testcase time="0.0620000000000118" classname="table_aet04_pi" name="AET04_PI_variant_4_is_produced_correctly">
      <skipped message="Reason: On CRAN ('test-table_aet04_pi.R:154')"/>
    </testcase>
    <testcase time="0.875" classname="table_aet04_pi" name="AET04_PI_variant_5_is_produced_correctly"/>
    <testcase time="0.120999999999981" classname="table_aet04_pi" name="AET04_PI_variant_5_is_produced_correctly">
      <skipped message="Reason: On CRAN ('test-table_aet04_pi.R:178')"/>
    </testcase>
    <testcase time="1.12900000000002" classname="table_aet04_pi" name="AET04_PI_variant_6_is_produced_correctly"/>
    <testcase time="0.10499999999999" classname="table_aet04_pi" name="AET04_PI_variant_6_is_produced_correctly">
      <skipped message="Reason: On CRAN ('test-table_aet04_pi.R:229')"/>
    </testcase>
    <testcase time="1.09100000000001" classname="table_aet04_pi" name="AET04_PI_variant_7_is_produced_correctly"/>
    <testcase time="0.106999999999999" classname="table_aet04_pi" name="AET04_PI_variant_7_is_produced_correctly">
      <skipped message="Reason: On CRAN ('test-table_aet04_pi.R:280')"/>
    </testcase>
    <testcase time="0.195999999999998" classname="table_aet04_pi" name="AET04_PI_variant_8_is_produced_correctly"/>
    <testcase time="0.123999999999995" classname="table_aet04_pi" name="AET04_PI_variant_8_is_produced_correctly">
      <skipped message="Reason: On CRAN ('test-table_aet04_pi.R:314')"/>
    </testcase>
  </testsuite>
  <testsuite name="table_aet05" timestamp="2023-03-03T22:13:13Z" hostname="f769d10bcbf9" tests="4" skipped="2" failures="0" errors="0" time="0.299">
    <testcase time="0.121000000000009" classname="table_aet05" name="AET05_variant_1_is_produced_correctly"/>
    <testcase time="0.0370000000000061" classname="table_aet05" name="AET05_variant_1_is_produced_correctly">
      <skipped message="Reason: On CRAN ('test-table_aet05.R:22')"/>
    </testcase>
    <testcase time="0.0909999999999798" classname="table_aet05" name="AET05_variant_2_is_produced_correctly"/>
    <testcase time="0.0500000000000114" classname="table_aet05" name="AET05_variant_2_is_produced_correctly">
      <skipped message="Reason: On CRAN ('test-table_aet05.R:42')"/>
    </testcase>
  </testsuite>
  <testsuite name="table_aet06" timestamp="2023-03-03T22:13:13Z" hostname="f769d10bcbf9" tests="6" skipped="3" failures="0" errors="0" time="5.381">
    <testcase time="1.035" classname="table_aet06" name="AET06_variant_1_is_produced_correctly"/>
    <testcase time="0.205999999999989" classname="table_aet06" name="AET06_variant_1_is_produced_correctly">
      <skipped message="Reason: On CRAN ('test-table_aet06.R:81')"/>
    </testcase>
    <testcase time="1.72800000000001" classname="table_aet06" name="AET06_variant_3_is_produced_correctly"/>
    <testcase time="0.296999999999997" classname="table_aet06" name="AET06_variant_3_is_produced_correctly">
      <skipped message="Reason: On CRAN ('test-table_aet06.R:133')"/>
    </testcase>
    <testcase time="1.77100000000002" classname="table_aet06" name="AET06_variant_5_is_produced_correctly"/>
    <testcase time="0.343999999999994" classname="table_aet06" name="AET06_variant_5_is_produced_correctly">
      <skipped message="Reason: On CRAN ('test-table_aet06.R:177')"/>
    </testcase>
  </testsuite>
  <testsuite name="table_aet06_smq" timestamp="2023-03-03T22:13:18Z" hostname="f769d10bcbf9" tests="4" skipped="2" failures="0" errors="0" time="1.71">
    <testcase time="0.680000000000007" classname="table_aet06_smq" name="AET06_SMQ_variant_1_is_produced_correctly"/>
    <testcase time="0.173999999999978" classname="table_aet06_smq" name="AET06_SMQ_variant_1_is_produced_correctly">
      <skipped message="Reason: On CRAN ('test-table_aet06_smq.R:73')"/>
    </testcase>
    <testcase time="0.700000000000017" classname="table_aet06_smq" name="AET06_SMQ_variant_2_is_produced_correctly"/>
    <testcase time="0.156000000000006" classname="table_aet06_smq" name="AET06_SMQ_variant_2_is_produced_correctly">
      <skipped message="Reason: On CRAN ('test-table_aet06_smq.R:160')"/>
    </testcase>
  </testsuite>
  <testsuite name="table_aet07" timestamp="2023-03-03T22:13:20Z" hostname="f769d10bcbf9" tests="4" skipped="2" failures="0" errors="0" time="0.312">
    <testcase time="0.126999999999981" classname="table_aet07" name="AET07_variant_1_is_produced_correctly"/>
    <testcase time="0.0300000000000011" classname="table_aet07" name="AET07_variant_1_is_produced_correctly">
      <skipped message="Reason: On CRAN ('test-table_aet07.R:51')"/>
    </testcase>
    <testcase time="0.120000000000005" classname="table_aet07" name="AET07_variant_2_is_produced_correctly"/>
    <testcase time="0.0349999999999966" classname="table_aet07" name="AET07_variant_2_is_produced_correctly">
      <skipped message="Reason: On CRAN ('test-table_aet07.R:82')"/>
    </testcase>
  </testsuite>
  <testsuite name="table_aet09" timestamp="2023-03-03T22:13:20Z" hostname="f769d10bcbf9" tests="4" skipped="2" failures="0" errors="0" time="1.584">
    <testcase time="0.599000000000018" classname="table_aet09" name="AET09_variant_1_is_produced_correctly_AE_related_to_study_drug"/>
    <testcase time="0.113" classname="table_aet09" name="AET09_variant_1_is_produced_correctly_AE_related_to_study_drug">
      <skipped message="Reason: On CRAN ('test-table_aet09.R:43')"/>
    </testcase>
    <testcase time="0.717999999999989" classname="table_aet09" name="AET09_variant_2_is_produced_correctly_AE_related_to_study_drug_including_high_level_terms_"/>
    <testcase time="0.153999999999996" classname="table_aet09" name="AET09_variant_2_is_produced_correctly_AE_related_to_study_drug_including_high_level_terms_">
      <skipped message="Reason: On CRAN ('test-table_aet09.R:100')"/>
    </testcase>
  </testsuite>
  <testsuite name="table_aet09_smq" timestamp="2023-03-03T22:13:22Z" hostname="f769d10bcbf9" tests="4" skipped="2" failures="0" errors="0" time="0.76">
    <testcase time="0.236999999999995" classname="table_aet09_smq" name="AET09_variant_1_AEs_related_to_study_drug_by_SMQ_is_produced_correctly"/>
    <testcase time="0.0510000000000161" classname="table_aet09_smq" name="AET09_variant_1_AEs_related_to_study_drug_by_SMQ_is_produced_correctly">
      <skipped message="Reason: On CRAN ('test-table_aet09_smq.R:69')"/>
    </testcase>
    <testcase time="0.394000000000005" classname="table_aet09_smq" name="AET09_variant_2_AEs_related_to_study_drug_by_SMQ_with_customized_queries_is_produced_correctly"/>
    <testcase time="0.0779999999999745" classname="table_aet09_smq" name="AET09_variant_2_AEs_related_to_study_drug_by_SMQ_with_customized_queries_is_produced_correctly">
      <skipped message="Reason: On CRAN ('test-table_aet09_smq.R:128')"/>
    </testcase>
  </testsuite>
  <testsuite name="table_aet10" timestamp="2023-03-03T22:13:23Z" hostname="f769d10bcbf9" tests="2" skipped="1" failures="0" errors="0" time="0.196">
    <testcase time="0.15300000000002" classname="table_aet10" name="AET10_default_variant_is_produced_correctly"/>
    <testcase time="0.0429999999999779" classname="table_aet10" name="AET10_default_variant_is_produced_correctly">
      <skipped message="Reason: On CRAN ('test-table_aet10.R:23')"/>
    </testcase>
  </testsuite>
  <testsuite name="table_aovt01" timestamp="2023-03-03T22:13:23Z" hostname="f769d10bcbf9" tests="4" skipped="2" failures="0" errors="0" time="1.51">
    <testcase time="0.450000000000017" classname="table_aovt01" name="AOVT01_variant_with_single_endpoint_is_produced_correctly"/>
    <testcase time="0.0619999999999834" classname="table_aovt01" name="AOVT01_variant_with_single_endpoint_is_produced_correctly">
      <skipped message="Reason: On CRAN ('test-table_aovt01.R:33')"/>
    </testcase>
    <testcase time="0.865000000000009" classname="table_aovt01" name="AOVT01_variant_with_multiple_endpoints_is_produced_correctly"/>
    <testcase time="0.13300000000001" classname="table_aovt01" name="AOVT01_variant_with_multiple_endpoints_is_produced_correctly">
      <skipped message="Reason: On CRAN ('test-table_aovt01.R:52')"/>
    </testcase>
  </testsuite>
  <testsuite name="table_cmt01" timestamp="2023-03-03T22:13:24Z" hostname="f769d10bcbf9" tests="8" skipped="4" failures="0" errors="0" time="1.824">
    <testcase time="0.412000000000006" classname="table_cmt01" name="CMT01_default_variant_Concomitant_medications_is_produced_correctly"/>
    <testcase time="0.0939999999999941" classname="table_cmt01" name="CMT01_default_variant_Concomitant_medications_is_produced_correctly">
      <skipped message="Reason: On CRAN ('test-table_cmt01.R:36')"/>
    </testcase>
    <testcase time="0.287000000000006" classname="table_cmt01" name="CMT01_variant_1_prior_medications_is_produced_correctly"/>
    <testcase time="0.0909999999999798" classname="table_cmt01" name="CMT01_variant_1_prior_medications_is_produced_correctly">
      <skipped message="Reason: On CRAN ('test-table_cmt01.R:71')"/>
    </testcase>
    <testcase time="0.367999999999995" classname="table_cmt01" name="CMT01_variant_3_Concomitant_medications_is_produced_correctly"/>
    <testcase time="0.0840000000000032" classname="table_cmt01" name="CMT01_variant_3_Concomitant_medications_is_produced_correctly">
      <skipped message="Reason: On CRAN ('test-table_cmt01.R:104')"/>
    </testcase>
    <testcase time="0.39500000000001" classname="table_cmt01" name="CMT01_variant_4_Concomitant_medications_is_produced_correctly"/>
    <testcase time="0.0929999999999893" classname="table_cmt01" name="CMT01_variant_4_Concomitant_medications_is_produced_correctly">
      <skipped message="Reason: On CRAN ('test-table_cmt01.R:135')"/>
    </testcase>
  </testsuite>
  <testsuite name="table_cmt02_pt" timestamp="2023-03-03T22:13:26Z" hostname="f769d10bcbf9" tests="2" skipped="1" failures="0" errors="0" time="0.287">
    <testcase time="0.204000000000008" classname="table_cmt02_pt" name="CMT02_PT_default_variant_is_produced_correctly"/>
    <testcase time="0.0829999999999984" classname="table_cmt02_pt" name="CMT02_PT_default_variant_is_produced_correctly">
      <skipped message="Reason: On CRAN ('test-table_cmt02_pt.R:26')"/>
    </testcase>
  </testsuite>
  <testsuite name="table_coxt01" timestamp="2023-03-03T22:13:26Z" hostname="f769d10bcbf9" tests="8" skipped="4" failures="0" errors="0" time="1.579">
    <testcase time="0.25800000000001" classname="table_coxt01" name="1._Cox_Regression"/>
    <testcase time="0.0919999999999845" classname="table_coxt01" name="1._Cox_Regression">
      <skipped message="Reason: On CRAN ('test-table_coxt01.R:43')"/>
    </testcase>
    <testcase time="0.335000000000008" classname="table_coxt01" name="2._Cox_Regression_with_Interaction_Term_"/>
    <testcase time="0.0740000000000123" classname="table_coxt01" name="2._Cox_Regression_with_Interaction_Term_">
      <skipped message="Reason: On CRAN ('test-table_coxt01.R:64')"/>
    </testcase>
    <testcase time="0.322000000000003" classname="table_coxt01" name="3._Cox_Regression_specifying_covariates_"/>
    <testcase time="0.0959999999999752" classname="table_coxt01" name="3._Cox_Regression_specifying_covariates_">
      <skipped message="Reason: On CRAN ('test-table_coxt01.R:87')"/>
    </testcase>
    <testcase time="0.322000000000003" classname="table_coxt01" name="4._Cox_Regression_setting_strata_ties_and_alpha_level_"/>
    <testcase time="0.0800000000000125" classname="table_coxt01" name="4._Cox_Regression_setting_strata_ties_and_alpha_level_">
      <skipped message="Reason: On CRAN ('test-table_coxt01.R:115')"/>
    </testcase>
  </testsuite>
  <testsuite name="table_coxt02" timestamp="2023-03-03T22:13:28Z" hostname="f769d10bcbf9" tests="4" skipped="2" failures="0" errors="0" time="0.503">
    <testcase time="0.228999999999985" classname="table_coxt02" name="COXT02_default_variant_1_is_produced_correctly"/>
    <testcase time="0.0430000000000064" classname="table_coxt02" name="COXT02_default_variant_1_is_produced_correctly">
      <skipped message="Reason: On CRAN ('test-table_coxt02.R:44')"/>
    </testcase>
    <testcase time="0.188999999999993" classname="table_coxt02" name="COXT02_variant_5_is_produced_correctly"/>
    <testcase time="0.0420000000000016" classname="table_coxt02" name="COXT02_variant_5_is_produced_correctly">
      <skipped message="Reason: On CRAN ('test-table_coxt02.R:67')"/>
    </testcase>
  </testsuite>
  <testsuite name="table_disclosures" timestamp="2023-03-03T22:13:29Z" hostname="f769d10bcbf9" tests="12" skipped="6" failures="0" errors="0" time="2.411">
    <testcase time="0.284999999999997" classname="table_disclosures" name="Patient_Disposition_table_is_produced_correctly"/>
    <testcase time="0.0660000000000025" classname="table_disclosures" name="Patient_Disposition_table_is_produced_correctly">
      <skipped message="Reason: On CRAN ('test-table_disclosures.R:110')"/>
    </testcase>
    <testcase time="0.38300000000001" classname="table_disclosures" name="Demographic_table_is_produced_correctly"/>
    <testcase time="0.120000000000005" classname="table_disclosures" name="Demographic_table_is_produced_correctly">
      <skipped message="Reason: On CRAN ('test-table_disclosures.R:131')"/>
    </testcase>
    <testcase time="0.132000000000005" classname="table_disclosures" name="Enrollment_by_Country_Table_is_produced_correctly"/>
    <testcase time="0.0689999999999884" classname="table_disclosures" name="Enrollment_by_Country_Table_is_produced_correctly">
      <skipped message="Reason: On CRAN ('test-table_disclosures.R:143')"/>
    </testcase>
    <testcase time="0.0829999999999984" classname="table_disclosures" name="Death_table_is_produced_correctly"/>
    <testcase time="0.0459999999999923" classname="table_disclosures" name="Death_table_is_produced_correctly">
      <skipped message="Reason: On CRAN ('test-table_disclosures.R:161')"/>
    </testcase>
    <testcase time="0.475000000000023" classname="table_disclosures" name="Table_of_Serious_Adverse_Events_is_produced_correctly_for_one_specific_treatment_arm_"/>
    <testcase time="0.063999999999993" classname="table_disclosures" name="Table_of_Serious_Adverse_Events_is_produced_correctly_for_one_specific_treatment_arm_">
      <skipped message="Reason: On CRAN ('test-table_disclosures.R:189')"/>
    </testcase>
    <testcase time="0.563999999999993" classname="table_disclosures" name="Table_of_Non_Serious_Adverse_Events_is_produced_correctly"/>
    <testcase time="0.123999999999995" classname="table_disclosures" name="Table_of_Non_Serious_Adverse_Events_is_produced_correctly">
      <skipped message="Reason: On CRAN ('test-table_disclosures.R:211')"/>
    </testcase>
  </testsuite>
  <testsuite name="table_dmt01" timestamp="2023-03-03T22:13:31Z" hostname="f769d10bcbf9" tests="2" skipped="1" failures="0" errors="0" time="0.739">
    <testcase time="0.546000000000021" classname="table_dmt01" name="DMT01_default_and_alternative_variants_are_produced_correctly"/>
    <testcase time="0.192999999999984" classname="table_dmt01" name="DMT01_default_and_alternative_variants_are_produced_correctly">
      <skipped message="Reason: On CRAN ('test-table_dmt01.R:62')"/>
    </testcase>
  </testsuite>
  <testsuite name="table_dort01" timestamp="2023-03-03T22:13:32Z" hostname="f769d10bcbf9" tests="8" skipped="4" failures="0" errors="0" time="2.04">
    <testcase time="0.691000000000003" classname="table_dort01" name="DORT01_variant_1_is_produced_correctly"/>
    <testcase time="0.0800000000000125" classname="table_dort01" name="DORT01_variant_1_is_produced_correctly">
      <skipped message="Reason: On CRAN ('test-table_dort01.R:78')"/>
    </testcase>
    <testcase time="0.367999999999995" classname="table_dort01" name="DORT01_variant_2_selecting_sectons_is_produced_correctly"/>
    <testcase time="0.0900000000000034" classname="table_dort01" name="DORT01_variant_2_selecting_sectons_is_produced_correctly">
      <skipped message="Reason: On CRAN ('test-table_dort01.R:134')"/>
    </testcase>
    <testcase time="0.316999999999979" classname="table_dort01" name="DORT01_variant_3_modifying_conftype_and_alpha_level_is_produced_correctly"/>
    <testcase time="0.0820000000000221" classname="table_dort01" name="DORT01_variant_3_modifying_conftype_and_alpha_level_is_produced_correctly">
      <skipped message="Reason: On CRAN ('test-table_dort01.R:190')"/>
    </testcase>
    <testcase time="0.330999999999989" classname="table_dort01" name="DORT01_variant_4_modifying_time_point_for_the_xx_duration_is_produced_correctly"/>
    <testcase time="0.0809999999999889" classname="table_dort01" name="DORT01_variant_4_modifying_time_point_for_the_xx_duration_is_produced_correctly">
      <skipped message="Reason: On CRAN ('test-table_dort01.R:244')"/>
    </testcase>
  </testsuite>
  <testsuite name="table_dst01" timestamp="2023-03-03T22:13:34Z" hostname="f769d10bcbf9" tests="6" skipped="3" failures="0" errors="0" time="1.578">
    <testcase time="0.412000000000006" classname="table_dst01" name="DST01_default_variant_is_produced_correctly"/>
    <testcase time="0.0580000000000211" classname="table_dst01" name="DST01_default_variant_is_produced_correctly">
      <skipped message="Reason: On CRAN ('test-table_dst01.R:83')"/>
    </testcase>
    <testcase time="0.534999999999997" classname="table_dst01" name="DST01_variant_with_grouping_of_reasons_is_produced_correctly"/>
    <testcase time="0.0769999999999982" classname="table_dst01" name="DST01_variant_with_grouping_of_reasons_is_produced_correctly">
      <skipped message="Reason: On CRAN ('test-table_dst01.R:102')"/>
    </testcase>
    <testcase time="0.433999999999997" classname="table_dst01" name="DST01_variant_with_adding_other_optional_rows_is_produced_correctly"/>
    <testcase time="0.0619999999999834" classname="table_dst01" name="DST01_variant_with_adding_other_optional_rows_is_produced_correctly">
      <skipped message="Reason: On CRAN ('test-table_dst01.R:119')"/>
    </testcase>
  </testsuite>
  <testsuite name="table_dth01" timestamp="2023-03-03T22:13:35Z" hostname="f769d10bcbf9" tests="8" skipped="4" failures="0" errors="0" time="1.674">
    <testcase time="0.14700000000002" classname="table_dth01" name="DTH01_variant_1_is_produced_correctly"/>
    <testcase time="0.0589999999999975" classname="table_dth01" name="DTH01_variant_1_is_produced_correctly">
      <skipped message="Reason: On CRAN ('test-table_dth01.R:22')"/>
    </testcase>
    <testcase time="0.539999999999992" classname="table_dth01" name="DTH01_variant_2_is_produced_correctly"/>
    <testcase time="0.137" classname="table_dth01" name="DTH01_variant_2_is_produced_correctly">
      <skipped message="Reason: On CRAN ('test-table_dth01.R:81')"/>
    </testcase>
    <testcase time="0.265999999999991" classname="table_dth01" name="DTH01_variant_3_is_produced_correctly"/>
    <testcase time="0.0560000000000116" classname="table_dth01" name="DTH01_variant_3_is_produced_correctly">
      <skipped message="Reason: On CRAN ('test-table_dth01.R:140')"/>
    </testcase>
    <testcase time="0.390999999999991" classname="table_dth01" name="DTH01_variant_4_is_produced_correctly"/>
    <testcase time="0.078000000000003" classname="table_dth01" name="DTH01_variant_4_is_produced_correctly">
      <skipped message="Reason: On CRAN ('test-table_dth01.R:217')"/>
    </testcase>
  </testsuite>
  <testsuite name="table_egt01" timestamp="2023-03-03T22:13:37Z" hostname="f769d10bcbf9" tests="2" skipped="1" failures="0" errors="0" time="1.123">
    <testcase time="0.90100000000001" classname="table_egt01" name="EGT01_default_variant_is_produced_correctly"/>
    <testcase time="0.22199999999998" classname="table_egt01" name="EGT01_default_variant_is_produced_correctly">
      <skipped message="Reason: On CRAN ('test-table_egt01.R:22')"/>
    </testcase>
  </testsuite>
  <testsuite name="table_egt02" timestamp="2023-03-03T22:13:38Z" hostname="f769d10bcbf9" tests="4" skipped="2" failures="0" errors="0" time="0.655">
    <testcase time="0.285000000000025" classname="table_egt02" name="_EGT02_1._Regardless_of_Abnormality_at_Baseline"/>
    <testcase time="0.0619999999999834" classname="table_egt02" name="_EGT02_1._Regardless_of_Abnormality_at_Baseline">
      <skipped message="Reason: On CRAN ('test-table_egt02.R:28')"/>
    </testcase>
    <testcase time="0.244" classname="table_egt02" name="_EGT02_2._Among_Subjects_Without_Abnormality_at_Baseline"/>
    <testcase time="0.063999999999993" classname="table_egt02" name="_EGT02_2._Among_Subjects_Without_Abnormality_at_Baseline">
      <skipped message="Reason: On CRAN ('test-table_egt02.R:51')"/>
    </testcase>
  </testsuite>
  <testsuite name="table_egt03" timestamp="2023-03-03T22:13:39Z" hostname="f769d10bcbf9" tests="8" skipped="4" failures="0" errors="0" time="1.481">
    <testcase time="0.307000000000016" classname="table_egt03" name="EGT03_variant_1_is_produced_correctly"/>
    <testcase time="0.0910000000000082" classname="table_egt03" name="EGT03_variant_1_is_produced_correctly">
      <skipped message="Reason: On CRAN ('test-table_egt03.R:50')"/>
    </testcase>
    <testcase time="0.244999999999976" classname="table_egt03" name="EGT03_variant_2_is_produced_correctly"/>
    <testcase time="0.0820000000000221" classname="table_egt03" name="EGT03_variant_2_is_produced_correctly">
      <skipped message="Reason: On CRAN ('test-table_egt03.R:91')"/>
    </testcase>
    <testcase time="0.282999999999987" classname="table_egt03" name="EGT03_variant_3_is_produced_correctly"/>
    <testcase time="0.0790000000000077" classname="table_egt03" name="EGT03_variant_3_is_produced_correctly">
      <skipped message="Reason: On CRAN ('test-table_egt03.R:132')"/>
    </testcase>
    <testcase time="0.285999999999973" classname="table_egt03" name="EGT03_variant_4_is_produced_correctly"/>
    <testcase time="0.108000000000004" classname="table_egt03" name="EGT03_variant_4_is_produced_correctly">
      <skipped message="Reason: On CRAN ('test-table_egt03.R:179')"/>
    </testcase>
  </testsuite>
  <testsuite name="table_egt04" timestamp="2023-03-03T22:13:40Z" hostname="f769d10bcbf9" tests="2" skipped="1" failures="0" errors="0" time="0.296">
    <testcase time="0.235000000000014" classname="table_egt04" name="EGT04_default_variant_is_produced_correctly"/>
    <testcase time="0.0609999999999786" classname="table_egt04" name="EGT04_default_variant_is_produced_correctly">
      <skipped message="Reason: On CRAN ('test-table_egt04.R:51')"/>
    </testcase>
  </testsuite>
  <testsuite name="table_egt05_qtcat" timestamp="2023-03-03T22:13:40Z" hostname="f769d10bcbf9" tests="2" skipped="1" failures="0" errors="0" time="1.178">
    <testcase time="0.93100000000004" classname="table_egt05_qtcat" name="EGT05_QTCAT_default_variant_is_produced_correctly"/>
    <testcase time="0.246999999999957" classname="table_egt05_qtcat" name="EGT05_QTCAT_default_variant_is_produced_correctly">
      <skipped message="Reason: On CRAN ('test-table_egt05_qtcat.R:57')"/>
    </testcase>
  </testsuite>
  <testsuite name="table_ent" timestamp="2023-03-03T22:13:42Z" hostname="f769d10bcbf9" tests="8" skipped="4" failures="0" errors="0" time="17.87">
    <testcase time="4.50400000000002" classname="table_ent" name="ENT01_IT_is_produced_correctly"/>
    <testcase time="0.626000000000033" classname="table_ent" name="ENT01_IT_is_produced_correctly">
      <skipped message="Reason: On CRAN ('test-table_ent.R:24')"/>
    </testcase>
    <testcase time="3.00399999999996" classname="table_ent" name="ENT01a_IT_is_produced_correctly"/>
    <testcase time="0.591999999999985" classname="table_ent" name="ENT01a_IT_is_produced_correctly">
      <skipped message="Reason: On CRAN ('test-table_ent.R:40')"/>
    </testcase>
    <testcase time="4.69200000000001" classname="table_ent" name="ENT02_IT_is_produced_correctly"/>
    <testcase time="0.649999999999977" classname="table_ent" name="ENT02_IT_is_produced_correctly">
      <skipped message="Reason: On CRAN ('test-table_ent.R:61')"/>
    </testcase>
    <testcase time="3.173" classname="table_ent" name="ENT02a_IT_is_produced_correctly"/>
    <testcase time="0.629000000000019" classname="table_ent" name="ENT02a_IT_is_produced_correctly">
      <skipped message="Reason: On CRAN ('test-table_ent.R:79')"/>
    </testcase>
  </testsuite>
  <testsuite name="table_ext01" timestamp="2023-03-03T22:13:59Z" hostname="f769d10bcbf9" tests="6" skipped="3" failures="0" errors="0" time="1.535">
    <testcase time="0.365000000000009" classname="table_ext01" name="EXT01_default_variant_with_numeric_parameters_is_produced_correctly"/>
    <testcase time="0.119000000000028" classname="table_ext01" name="EXT01_default_variant_with_numeric_parameters_is_produced_correctly">
      <skipped message="Reason: On CRAN ('test-table_ext01.R:58')"/>
    </testcase>
    <testcase time="0.374000000000024" classname="table_ext01" name="EXT01_variant_with_both_numeric_and_categorical_parameters"/>
    <testcase time="0.121999999999957" classname="table_ext01" name="EXT01_variant_with_both_numeric_and_categorical_parameters">
      <skipped message="Reason: On CRAN ('test-table_ext01.R:147')"/>
    </testcase>
    <testcase time="0.41500000000002" classname="table_ext01" name="EXT01_variant_with_user_specified_categories_for_missed_doses"/>
    <testcase time="0.139999999999986" classname="table_ext01" name="EXT01_variant_with_user_specified_categories_for_missed_doses">
      <skipped message="Reason: On CRAN ('test-table_ext01.R:241')"/>
    </testcase>
  </testsuite>
  <testsuite name="table_fstg02" timestamp="2023-03-03T22:14:01Z" hostname="f769d10bcbf9" tests="8" skipped="4" failures="0" errors="0" time="3.619">
    <testcase time="1.19800000000004" classname="table_fstg02" name="FSTG02_table_variant_1_Subgroup_Analysis_of_Survival_Duration_is_produced_correctly"/>
    <testcase time="0.0819999999999936" classname="table_fstg02" name="FSTG02_table_variant_1_Subgroup_Analysis_of_Survival_Duration_is_produced_correctly">
      <skipped message="Reason: On CRAN ('test-table_fstg02.R:43')"/>
    </testcase>
    <testcase time="0.884999999999991" classname="table_fstg02" name="FSTG02_table_variant_2_specifying_class_variables_and_options_for_the_treatment_variable_"/>
    <testcase time="0.0910000000000082" classname="table_fstg02" name="FSTG02_table_variant_2_specifying_class_variables_and_options_for_the_treatment_variable_">
      <skipped message="Reason: On CRAN ('test-table_fstg02.R:80')"/>
    </testcase>
    <testcase time="0.329000000000008" classname="table_fstg02" name="FSTG02_table_variant_3_selecting_columns_and_changing_the_alpha_level_"/>
    <testcase time="0.0539999999999736" classname="table_fstg02" name="FSTG02_table_variant_3_selecting_columns_and_changing_the_alpha_level_">
      <skipped message="Reason: On CRAN ('test-table_fstg02.R:105')"/>
    </testcase>
    <testcase time="0.896999999999991" classname="table_fstg02" name="FSTG02_table_variant_4_fixed_symbol_size_is_produced_correctly"/>
    <testcase time="0.0830000000000268" classname="table_fstg02" name="FSTG02_table_variant_4_fixed_symbol_size_is_produced_correctly">
      <skipped message="Reason: On CRAN ('test-table_fstg02.R:135')"/>
    </testcase>
  </testsuite>
  <testsuite name="table_lbt01" timestamp="2023-03-03T22:14:05Z" hostname="f769d10bcbf9" tests="2" skipped="1" failures="0" errors="0" time="0.9">
    <testcase time="0.72399999999999" classname="table_lbt01" name="LBT01_default_variant_is_produced_correctly"/>
    <testcase time="0.175999999999988" classname="table_lbt01" name="LBT01_default_variant_is_produced_correctly">
      <skipped message="Reason: On CRAN ('test-table_lbt01.R:26')"/>
    </testcase>
  </testsuite>
  <testsuite name="table_lbt02" timestamp="2023-03-03T22:14:06Z" hostname="f769d10bcbf9" tests="2" skipped="1" failures="0" errors="0" time="0.543">
    <testcase time="0.411000000000001" classname="table_lbt02" name="LBT02_default_variant_is_produced_correctly"/>
    <testcase time="0.132000000000005" classname="table_lbt02" name="LBT02_default_variant_is_produced_correctly">
      <skipped message="Reason: On CRAN ('test-table_lbt02.R:19')"/>
    </testcase>
  </testsuite>
  <testsuite name="table_lbt03" timestamp="2023-03-03T22:14:06Z" hostname="f769d10bcbf9" tests="2" skipped="1" failures="0" errors="0" time="0.591">
    <testcase time="0.470000000000027" classname="table_lbt03" name="LBT03_default_variant_is_produced_correctly"/>
    <testcase time="0.120999999999981" classname="table_lbt03" name="LBT03_default_variant_is_produced_correctly">
      <skipped message="Reason: On CRAN ('test-table_lbt03.R:29')"/>
    </testcase>
  </testsuite>
  <testsuite name="table_lbt04" timestamp="2023-03-03T22:14:07Z" hostname="f769d10bcbf9" tests="2" skipped="1" failures="0" errors="0" time="0.3">
    <testcase time="0.240000000000009" classname="table_lbt04" name="LBT04_default_variant_is_produced_correctly"/>
    <testcase time="0.0600000000000023" classname="table_lbt04" name="LBT04_default_variant_is_produced_correctly">
      <skipped message="Reason: On CRAN ('test-table_lbt04.R:25')"/>
    </testcase>
  </testsuite>
  <testsuite name="table_lbt05" timestamp="2023-03-03T22:14:07Z" hostname="f769d10bcbf9" tests="6" skipped="3" failures="0" errors="0" time="144.87">
    <testcase time="48.323" classname="table_lbt05" name="LBT05_variant_1_is_produced_correctly"/>
    <testcase time="0.100000000000023" classname="table_lbt05" name="LBT05_variant_1_is_produced_correctly">
      <skipped message="Reason: On CRAN ('test-table_lbt05.R:108')"/>
    </testcase>
    <testcase time="48.116" classname="table_lbt05" name="LBT05_variant_2_is_produced_correctly"/>
    <testcase time="0.115999999999985" classname="table_lbt05" name="LBT05_variant_2_is_produced_correctly">
      <skipped message="Reason: On CRAN ('test-table_lbt05.R:176')"/>
    </testcase>
    <testcase time="48.128" classname="table_lbt05" name="LBT05_variant_4_is_produced_correctly"/>
    <testcase time="0.0870000000000459" classname="table_lbt05" name="LBT05_variant_4_is_produced_correctly">
      <skipped message="Reason: On CRAN ('test-table_lbt05.R:249')"/>
    </testcase>
  </testsuite>
  <testsuite name="table_lbt06" timestamp="2023-03-03T22:16:32Z" hostname="f769d10bcbf9" tests="2" skipped="1" failures="0" errors="0" time="0.776">
    <testcase time="0.599999999999966" classname="table_lbt06" name="LBT06_default_variant_is_produced_correctly"/>
    <testcase time="0.175999999999988" classname="table_lbt06" name="LBT06_default_variant_is_produced_correctly">
      <skipped message="Reason: On CRAN ('test-table_lbt06.R:24')"/>
    </testcase>
  </testsuite>
  <testsuite name="table_lbt07" timestamp="2023-03-03T22:16:33Z" hostname="f769d10bcbf9" tests="2" skipped="1" failures="0" errors="0" time="0.713">
    <testcase time="0.594000000000051" classname="table_lbt07" name="LBT07_is_produced_correctly"/>
    <testcase time="0.118999999999971" classname="table_lbt07" name="LBT07_is_produced_correctly">
      <skipped message="Reason: On CRAN ('test-table_lbt07.R:77')"/>
    </testcase>
  </testsuite>
  <testsuite name="table_lbt08" timestamp="2023-03-03T22:16:33Z" hostname="f769d10bcbf9" tests="2" skipped="1" failures="0" errors="0" time="0.649">
    <testcase time="0.535000000000025" classname="table_lbt08" name="LBT08_produce_correctly"/>
    <testcase time="0.113999999999976" classname="table_lbt08" name="LBT08_produce_correctly">
      <skipped message="Reason: On CRAN ('test-table_lbt08.R:38')"/>
    </testcase>
  </testsuite>
  <testsuite name="table_lbt14" timestamp="2023-03-03T22:16:34Z" hostname="f769d10bcbf9" tests="10" skipped="5" failures="0" errors="0" time="3.527">
    <testcase time="0.560999999999979" classname="table_lbt14" name="LBT14_variant_1_HIGH_works_as_expected"/>
    <testcase time="0.120000000000005" classname="table_lbt14" name="LBT14_variant_1_HIGH_works_as_expected">
      <skipped message="Reason: On CRAN ('test-table_lbt14.R:48')"/>
    </testcase>
    <testcase time="0.54200000000003" classname="table_lbt14" name="LBT14_variant_2_LOW_works_as_expected"/>
    <testcase time="0.111999999999966" classname="table_lbt14" name="LBT14_variant_2_LOW_works_as_expected">
      <skipped message="Reason: On CRAN ('test-table_lbt14.R:95')"/>
    </testcase>
    <testcase time="0.547000000000025" classname="table_lbt14" name="LBT14_variant_3_LOW_without_baseline_missing_works_as_expected"/>
    <testcase time="0.113" classname="table_lbt14" name="LBT14_variant_3_LOW_without_baseline_missing_works_as_expected">
      <skipped message="Reason: On CRAN ('test-table_lbt14.R:141')"/>
    </testcase>
    <testcase time="0.571000000000026" classname="table_lbt14" name="LBT14_variant_4_LOW_and_force_1_missing_both_baseline_and_post_baseline_then_force_the_missing_baseline_as_0_as_expected"/>
    <testcase time="0.115999999999985" classname="table_lbt14" name="LBT14_variant_4_LOW_and_force_1_missing_both_baseline_and_post_baseline_then_force_the_missing_baseline_as_0_as_expected">
      <skipped message="Reason: On CRAN ('test-table_lbt14.R:189')"/>
    </testcase>
    <testcase time="0.659999999999968" classname="table_lbt14" name="LBT14_variant_5_HIGH_with_fillings_works_as_expected"/>
    <testcase time="0.185000000000002" classname="table_lbt14" name="LBT14_variant_5_HIGH_with_fillings_works_as_expected">
      <skipped message="Reason: On CRAN ('test-table_lbt14.R:236')"/>
    </testcase>
  </testsuite>
  <testsuite name="table_lgrt02" timestamp="2023-03-03T22:16:38Z" hostname="f769d10bcbf9" tests="8" skipped="4" failures="0" errors="0" time="3.263">
    <testcase time="0.636000000000024" classname="table_lgrt02" name="LGRT02_without_interaction_term_is_produced_correctly"/>
    <testcase time="0.117000000000019" classname="table_lgrt02" name="LGRT02_without_interaction_term_is_produced_correctly">
      <skipped message="Reason: On CRAN ('test-table_lgrt02.R:52')"/>
    </testcase>
    <testcase time="0.74799999999999" classname="table_lgrt02" name="LGRT02_with_categorical_interaction_is_produced_correctly"/>
    <testcase time="0.140999999999963" classname="table_lgrt02" name="LGRT02_with_categorical_interaction_is_produced_correctly">
      <skipped message="Reason: On CRAN ('test-table_lgrt02.R:78')"/>
    </testcase>
    <testcase time="0.740000000000009" classname="table_lgrt02" name="LGRT02_with_continuous_interaction_is_produced_correctly"/>
    <testcase time="0.143000000000029" classname="table_lgrt02" name="LGRT02_with_continuous_interaction_is_produced_correctly">
      <skipped message="Reason: On CRAN ('test-table_lgrt02.R:104')"/>
    </testcase>
    <testcase time="0.591999999999985" classname="table_lgrt02" name="LGRT02_with_setting_values_indicating_an_event_and_custom_alpha_level_is_produced_correctly"/>
    <testcase time="0.146000000000015" classname="table_lgrt02" name="LGRT02_with_setting_values_indicating_an_event_and_custom_alpha_level_is_produced_correctly">
      <skipped message="Reason: On CRAN ('test-table_lgrt02.R:130')"/>
    </testcase>
  </testsuite>
  <testsuite name="table_mht01" timestamp="2023-03-03T22:16:41Z" hostname="f769d10bcbf9" tests="8" skipped="4" failures="0" errors="0" time="1.821">
    <testcase time="0.394000000000005" classname="table_mht01" name="MHT01_variant_1_is_produced_accurately"/>
    <testcase time="0.125" classname="table_mht01" name="MHT01_variant_1_is_produced_accurately">
      <skipped message="Reason: On CRAN ('test-table_mht01.R:41')"/>
    </testcase>
    <testcase time="0.178999999999974" classname="table_mht01" name="MHT01_variant_2_is_produced_accurately"/>
    <testcase time="0.0450000000000159" classname="table_mht01" name="MHT01_variant_2_is_produced_accurately">
      <skipped message="Reason: On CRAN ('test-table_mht01.R:82')"/>
    </testcase>
    <testcase time="0.361999999999966" classname="table_mht01" name="MHT01_variant_3_is_produced_accurately"/>
    <testcase time="0.109000000000037" classname="table_mht01" name="MHT01_variant_3_is_produced_accurately">
      <skipped message="Reason: On CRAN ('test-table_mht01.R:120')"/>
    </testcase>
    <testcase time="0.47399999999999" classname="table_mht01" name="MHT01_variant_5_is_produced_accurately"/>
    <testcase time="0.132999999999981" classname="table_mht01" name="MHT01_variant_5_is_produced_accurately">
      <skipped message="Reason: On CRAN ('test-table_mht01.R:163')"/>
    </testcase>
  </testsuite>
  <testsuite name="table_onct05" timestamp="2023-03-03T22:16:43Z" hostname="f769d10bcbf9" tests="8" skipped="4" failures="0" errors="0" time="3.508">
    <testcase time="0.858000000000004" classname="table_onct05" name="ONCT05_variant_1_Objective_Response_Rate_by_Subgroup_is_produced_correctly"/>
    <testcase time="0.0780000000000314" classname="table_onct05" name="ONCT05_variant_1_Objective_Response_Rate_by_Subgroup_is_produced_correctly">
      <skipped message="Reason: On CRAN ('test-table_onct05.R:33')"/>
    </testcase>
    <testcase time="0.897999999999968" classname="table_onct05" name="ONCT05_variant_2_Specifying_class_variables_is_produced_correctly"/>
    <testcase time="0.0989999999999895" classname="table_onct05" name="ONCT05_variant_2_Specifying_class_variables_is_produced_correctly">
      <skipped message="Reason: On CRAN ('test-table_onct05.R:57')"/>
    </testcase>
    <testcase time="0.307999999999993" classname="table_onct05" name="ONCT05_variant_3_selecting_columns_and_changing_the_alpha_level_is_produced_correctly"/>
    <testcase time="0.05600000000004" classname="table_onct05" name="ONCT05_variant_3_selecting_columns_and_changing_the_alpha_level_is_produced_correctly">
      <skipped message="Reason: On CRAN ('test-table_onct05.R:75')"/>
    </testcase>
    <testcase time="1.13400000000001" classname="table_onct05" name="ONCT05_variant_4_setting_values_indicating_response_is_produced_correctly"/>
    <testcase time="0.0769999999999982" classname="table_onct05" name="ONCT05_variant_4_setting_values_indicating_response_is_produced_correctly">
      <skipped message="Reason: On CRAN ('test-table_onct05.R:96')"/>
    </testcase>
  </testsuite>
  <testsuite name="table_pdt01" timestamp="2023-03-03T22:16:46Z" hostname="f769d10bcbf9" tests="2" skipped="1" failures="0" errors="0" time="0.478">
    <testcase time="0.361999999999966" classname="table_pdt01" name="PDT01_is_produced_correctly"/>
    <testcase time="0.115999999999985" classname="table_pdt01" name="PDT01_is_produced_correctly">
      <skipped message="Reason: On CRAN ('test-table_pdt01.R:38')"/>
    </testcase>
  </testsuite>
  <testsuite name="table_pdt02" timestamp="2023-03-03T22:16:47Z" hostname="f769d10bcbf9" tests="2" skipped="1" failures="0" errors="0" time="0.269">
    <testcase time="0.220000000000027" classname="table_pdt02" name="PDT02_is_produced_correctly"/>
    <testcase time="0.0489999999999782" classname="table_pdt02" name="PDT02_is_produced_correctly">
      <skipped message="Reason: On CRAN ('test-table_pdt02.R:33')"/>
    </testcase>
  </testsuite>
  <testsuite name="table_pkct01" timestamp="2023-03-03T22:16:47Z" hostname="f769d10bcbf9" tests="4" skipped="2" failures="0" errors="0" time="2.336">
    <testcase time="0.538999999999987" classname="table_pkct01" name="PKCT01_is_produced_correctly"/>
    <testcase time="0.100999999999999" classname="table_pkct01" name="PKCT01_is_produced_correctly">
      <skipped message="Reason: On CRAN ('test-table_pkct01.R:18')"/>
    </testcase>
    <testcase time="1.52499999999998" classname="table_pkct01" name="Specific_PKCT01_features_are_present"/>
    <testcase time="0.171000000000049" classname="table_pkct01" name="Specific_PKCT01_features_are_present">
      <skipped message="Reason: On CRAN ('test-table_pkct01.R:116')"/>
    </testcase>
  </testsuite>
  <testsuite name="table_pkpt02" timestamp="2023-03-03T22:16:49Z" hostname="f769d10bcbf9" tests="4" skipped="2" failures="0" errors="0" time="0.588">
    <testcase time="0.243999999999971" classname="table_pkpt02" name="PKPT02_is_produced_correctly_for_Drug_X"/>
    <testcase time="0.0950000000000273" classname="table_pkpt02" name="PKPT02_is_produced_correctly_for_Drug_X">
      <skipped message="Reason: On CRAN ('test-table_pkpt02.R:42')"/>
    </testcase>
    <testcase time="0.165999999999997" classname="table_pkpt02" name="PKPT02_is_produced_correctly_for_Drug_Y"/>
    <testcase time="0.08299999999997" classname="table_pkpt02" name="PKPT02_is_produced_correctly_for_Drug_Y">
      <skipped message="Reason: On CRAN ('test-table_pkpt02.R:55')"/>
    </testcase>
  </testsuite>
  <testsuite name="table_pkpt03" timestamp="2023-03-03T22:16:50Z" hostname="f769d10bcbf9" tests="4" skipped="2" failures="0" errors="0" time="0.985">
    <testcase time="0.528999999999996" classname="table_pkpt03" name="PKPT03_Drug_X_is_produced_correctly"/>
    <testcase time="0.105999999999995" classname="table_pkpt03" name="PKPT03_Drug_X_is_produced_correctly">
      <skipped message="Reason: On CRAN ('test-table_pkpt03.R:66')"/>
    </testcase>
    <testcase time="0.283000000000015" classname="table_pkpt03" name="PKPT03_Drug_Y_is_produced_correctly"/>
    <testcase time="0.0670000000000073" classname="table_pkpt03" name="PKPT03_Drug_Y_is_produced_correctly">
      <skipped message="Reason: On CRAN ('test-table_pkpt03.R:80')"/>
    </testcase>
  </testsuite>
  <testsuite name="table_pkpt04" timestamp="2023-03-03T22:16:51Z" hostname="f769d10bcbf9" tests="4" skipped="2" failures="0" errors="0" time="0.765">
    <testcase time="0.331999999999994" classname="table_pkpt04" name="PKPT04_is_produced_correctly_for_Drug_X"/>
    <testcase time="0.108000000000004" classname="table_pkpt04" name="PKPT04_is_produced_correctly_for_Drug_X">
      <skipped message="Reason: On CRAN ('test-table_pkpt04.R:42')"/>
    </testcase>
    <testcase time="0.221000000000004" classname="table_pkpt04" name="PKPT04_is_produced_correctly_for_Drug_Y"/>
    <testcase time="0.103999999999985" classname="table_pkpt04" name="PKPT04_is_produced_correctly_for_Drug_Y">
      <skipped message="Reason: On CRAN ('test-table_pkpt04.R:55')"/>
    </testcase>
  </testsuite>
  <testsuite name="table_pkpt05" timestamp="2023-03-03T22:16:52Z" hostname="f769d10bcbf9" tests="4" skipped="2" failures="0" errors="0" time="1.266">
    <testcase time="0.706999999999994" classname="table_pkpt05" name="PKPT05_Drug_X_is_produced_correctly"/>
    <testcase time="0.109000000000037" classname="table_pkpt05" name="PKPT05_Drug_X_is_produced_correctly">
      <skipped message="Reason: On CRAN ('test-table_pkpt05.R:65')"/>
    </testcase>
    <testcase time="0.375999999999976" classname="table_pkpt05" name="PKPT05_Drug_Y_is_produced_correctly"/>
    <testcase time="0.0740000000000123" classname="table_pkpt05" name="PKPT05_Drug_Y_is_produced_correctly">
      <skipped message="Reason: On CRAN ('test-table_pkpt05.R:80')"/>
    </testcase>
  </testsuite>
  <testsuite name="table_pkpt06" timestamp="2023-03-03T22:16:53Z" hostname="f769d10bcbf9" tests="4" skipped="2" failures="0" errors="0" time="0.317">
    <testcase time="0.161999999999978" classname="table_pkpt06" name="PKPT06_is_produced_correctly_for_Drug_X"/>
    <testcase time="0.0380000000000109" classname="table_pkpt06" name="PKPT06_is_produced_correctly_for_Drug_X">
      <skipped message="Reason: On CRAN ('test-table_pkpt06.R:48')"/>
    </testcase>
    <testcase time="0.0849999999999795" classname="table_pkpt06" name="PKPT06_is_produced_correctly_for_Drug_Y"/>
    <testcase time="0.0320000000000391" classname="table_pkpt06" name="PKPT06_is_produced_correctly_for_Drug_Y">
      <skipped message="Reason: On CRAN ('test-table_pkpt06.R:61')"/>
    </testcase>
  </testsuite>
  <testsuite name="table_pkpt07" timestamp="2023-03-03T22:16:53Z" hostname="f769d10bcbf9" tests="4" skipped="2" failures="0" errors="0" time="0.557">
    <testcase time="0.277999999999963" classname="table_pkpt07" name="PKPT07_Drug_X_is_produced_correctly"/>
    <testcase time="0.0780000000000314" classname="table_pkpt07" name="PKPT07_Drug_X_is_produced_correctly">
      <skipped message="Reason: On CRAN ('test-table_pkpt07.R:72')"/>
    </testcase>
    <testcase time="0.137" classname="table_pkpt07" name="PKPT07_Drug_Y_is_produced_correctly"/>
    <testcase time="0.0639999999999645" classname="table_pkpt07" name="PKPT07_Drug_Y_is_produced_correctly">
      <skipped message="Reason: On CRAN ('test-table_pkpt07.R:87')"/>
    </testcase>
  </testsuite>
  <testsuite name="table_rspt01" timestamp="2023-03-03T22:16:54Z" hostname="f769d10bcbf9" tests="12" skipped="6" failures="0" errors="0" time="2.85">
    <testcase time="0.490000000000009" classname="table_rspt01" name="RSPT01_1._Best_Overall_Response"/>
    <testcase time="0.0919999999999845" classname="table_rspt01" name="RSPT01_1._Best_Overall_Response">
      <skipped message="Reason: On CRAN ('test-table_rspt01.R:46')"/>
    </testcase>
    <testcase time="0.302000000000021" classname="table_rspt01" name="RSPT01_2._Best_Overall_Response_selecting_sections_to_display_"/>
    <testcase time="0.105000000000018" classname="table_rspt01" name="RSPT01_2._Best_Overall_Response_selecting_sections_to_display_">
      <skipped message="Reason: On CRAN ('test-table_rspt01.R:73')"/>
    </testcase>
    <testcase time="0.399000000000001" classname="table_rspt01" name="RSPT01_3._Best_Overall_Response_modifying_settings_"/>
    <testcase time="0.103000000000009" classname="table_rspt01" name="RSPT01_3._Best_Overall_Response_modifying_settings_">
      <skipped message="Reason: On CRAN ('test-table_rspt01.R:116')"/>
    </testcase>
    <testcase time="0.437999999999988" classname="table_rspt01" name="RSPT01_4._Best_Overall_Response_with_stratified_analysis_"/>
    <testcase time="0.105999999999995" classname="table_rspt01" name="RSPT01_4._Best_Overall_Response_with_stratified_analysis_">
      <skipped message="Reason: On CRAN ('test-table_rspt01.R:166')"/>
    </testcase>
    <testcase time="0.35899999999998" classname="table_rspt01" name="RSPT01_5._Best_Overall_Response_modifying_the_definition_of_overall_response_"/>
    <testcase time="0.0960000000000036" classname="table_rspt01" name="RSPT01_5._Best_Overall_Response_modifying_the_definition_of_overall_response_">
      <skipped message="Reason: On CRAN ('test-table_rspt01.R:198')"/>
    </testcase>
    <testcase time="0.285000000000025" classname="table_rspt01" name="RSPT01_6._Best_Overall_Response_define_new_sections_to_display_"/>
    <testcase time="0.0749999999999886" classname="table_rspt01" name="RSPT01_6._Best_Overall_Response_define_new_sections_to_display_">
      <skipped message="Reason: On CRAN ('test-table_rspt01.R:248')"/>
    </testcase>
  </testsuite>
  <testsuite name="table_ttet01" timestamp="2023-03-03T22:16:57Z" hostname="f769d10bcbf9" tests="12" skipped="6" failures="0" errors="0" time="3.362">
    <testcase time="0.576000000000022" classname="table_ttet01" name="TTET01_default_variant_is_produced_correctly"/>
    <testcase time="0.118999999999971" classname="table_ttet01" name="TTET01_default_variant_is_produced_correctly">
      <skipped message="Reason: On CRAN ('test-table_ttet01.R:79')"/>
    </testcase>
    <testcase time="0.281000000000006" classname="table_ttet01" name="TTET01_variant_2_selecting_sections_to_display"/>
    <testcase time="0.0939999999999941" classname="table_ttet01" name="TTET01_variant_2_selecting_sections_to_display">
      <skipped message="Reason: On CRAN ('test-table_ttet01.R:124')"/>
    </testcase>
    <testcase time="0.435000000000002" classname="table_ttet01" name="TTET01_variant_3_modifying_analysis_details_like_conftype_ties_alpha_level"/>
    <testcase time="0.0950000000000273" classname="table_ttet01" name="TTET01_variant_3_modifying_analysis_details_like_conftype_ties_alpha_level">
      <skipped message="Reason: On CRAN ('test-table_ttet01.R:190')"/>
    </testcase>
    <testcase time="0.490999999999985" classname="table_ttet01" name="TTET01_variant_4_with_stratified_analysis"/>
    <testcase time="0.123999999999967" classname="table_ttet01" name="TTET01_variant_4_with_stratified_analysis">
      <skipped message="Reason: On CRAN ('test-table_ttet01.R:251')"/>
    </testcase>
    <testcase time="0.413000000000011" classname="table_ttet01" name="TTET01_variant_5_modifying_time_point"/>
    <testcase time="0.110000000000014" classname="table_ttet01" name="TTET01_variant_5_modifying_time_point">
      <skipped message="Reason: On CRAN ('test-table_ttet01.R:306')"/>
    </testcase>
    <testcase time="0.521000000000015" classname="table_ttet01" name="TTET01_variant_6_requesting_more_than_one_p_value"/>
    <testcase time="0.103000000000009" classname="table_ttet01" name="TTET01_variant_6_requesting_more_than_one_p_value">
      <skipped message="Reason: On CRAN ('test-table_ttet01.R:379')"/>
    </testcase>
  </testsuite>
  <testsuite name="table_vst01" timestamp="2023-03-03T22:17:00Z" hostname="f769d10bcbf9" tests="2" skipped="1" failures="0" errors="0" time="1.656">
    <testcase time="1.36999999999995" classname="table_vst01" name="VST01_default_variant_is_produced_correctly"/>
    <testcase time="0.286000000000001" classname="table_vst01" name="VST01_default_variant_is_produced_correctly">
      <skipped message="Reason: On CRAN ('test-table_vst01.R:66')"/>
    </testcase>
  </testsuite>
  <testsuite name="table_vst02" timestamp="2023-03-03T22:17:02Z" hostname="f769d10bcbf9" tests="4" skipped="2" failures="0" errors="0" time="0.977">
    <testcase time="0.402000000000044" classname="table_vst02" name="1._Vital_Sign_Abnormalities_Regardless_of_Abnormality_at_Baseline_VST02_1_"/>
    <testcase time="0.0960000000000036" classname="table_vst02" name="1._Vital_Sign_Abnormalities_Regardless_of_Abnormality_at_Baseline_VST02_1_">
      <skipped message="Reason: On CRAN ('test-table_vst02.R:18')"/>
    </testcase>
    <testcase time="0.387" classname="table_vst02" name="2._Vital_Sign_Abnormalities_Among_Subject_Without_Abnormality_at_Baseline_VST02_2_"/>
    <testcase time="0.0919999999999845" classname="table_vst02" name="2._Vital_Sign_Abnormalities_Among_Subject_Without_Abnormality_at_Baseline_VST02_2_">
      <skipped message="Reason: On CRAN ('test-table_vst02.R:33')"/>
    </testcase>
  </testsuite>
</testsuites>
