<?xml version="1.0" encoding="UTF-8"?>
<testsuites>
  <testsuite name="listing_adal02" timestamp="2024-11-08T16:52:02Z" hostname="ae11c703dc60" tests="1" skipped="0" failures="0" errors="0" time="0.265">
    <testcase time="0.265000000000001" classname="listing_adal02" name="ADAL02_listing_is_produced_correctly"/>
  </testsuite>
  <testsuite name="listing_ael01" timestamp="2024-11-08T16:52:02Z" hostname="ae11c703dc60" tests="1" skipped="0" failures="0" errors="0" time="0.217">
    <testcase time="0.216999999999999" classname="listing_ael01" name="AEL01_listing_is_produced_correctly"/>
  </testsuite>
  <testsuite name="listing_ael01_nollt" timestamp="2024-11-08T16:52:02Z" hostname="ae11c703dc60" tests="1" skipped="0" failures="0" errors="0" time="0.083">
    <testcase time="0.0830000000000002" classname="listing_ael01_nollt" name="AEL01_NOLLT_listing_is_produced_correctly"/>
  </testsuite>
  <testsuite name="listing_ael02" timestamp="2024-11-08T16:52:02Z" hostname="ae11c703dc60" tests="1" skipped="0" failures="0" errors="0" time="0.311">
    <testcase time="0.311" classname="listing_ael02" name="AEL02_listing_is_produced_correctly"/>
  </testsuite>
  <testsuite name="listing_ael02_ed" timestamp="2024-11-08T16:52:03Z" hostname="ae11c703dc60" tests="1" skipped="0" failures="0" errors="0" time="0.349">
    <testcase time="0.349" classname="listing_ael02_ed" name="AEL02_ED_listing_is_produced_correctly"/>
  </testsuite>
  <testsuite name="listing_ael03" timestamp="2024-11-08T16:52:03Z" hostname="ae11c703dc60" tests="1" skipped="0" failures="0" errors="0" time="0.294">
    <testcase time="0.294" classname="listing_ael03" name="AEL03_listing_is_produced_correctly"/>
  </testsuite>
  <testsuite name="listing_ael04" timestamp="2024-11-08T16:52:03Z" hostname="ae11c703dc60" tests="1" skipped="0" failures="0" errors="0" time="0.244">
    <testcase time="0.244" classname="listing_ael04" name="AEL04_listing_is_produced_correctly"/>
  </testsuite>
  <testsuite name="listing_cml01" timestamp="2024-11-08T16:52:04Z" hostname="ae11c703dc60" tests="1" skipped="0" failures="0" errors="0" time="0.355">
    <testcase time="0.355" classname="listing_cml01" name="CML01_listing_is_produced_correctly"/>
  </testsuite>
  <testsuite name="listing_cml02a_gl" timestamp="2024-11-08T16:52:04Z" hostname="ae11c703dc60" tests="1" skipped="0" failures="0" errors="0" time="0.125">
    <testcase time="0.125" classname="listing_cml02a_gl" name="CML02A_GL_listing_is_produced_correctly"/>
  </testsuite>
  <testsuite name="listing_cml02b_gl" timestamp="2024-11-08T16:52:04Z" hostname="ae11c703dc60" tests="1" skipped="0" failures="0" errors="0" time="0.182">
    <testcase time="0.182" classname="listing_cml02b_gl" name="CML02B_GL_listing_is_produced_correctly"/>
  </testsuite>
  <testsuite name="listing_dsl01" timestamp="2024-11-08T16:52:04Z" hostname="ae11c703dc60" tests="1" skipped="0" failures="0" errors="0" time="0.187">
    <testcase time="0.186999999999999" classname="listing_dsl01" name="DSL01_listing_is_produced_correctly"/>
  </testsuite>
  <testsuite name="listing_dsl02" timestamp="2024-11-08T16:52:04Z" hostname="ae11c703dc60" tests="1" skipped="0" failures="0" errors="0" time="0.084">
    <testcase time="0.0839999999999996" classname="listing_dsl02" name="DSL02_listing_is_produced_correctly"/>
  </testsuite>
  <testsuite name="listing_dsur4" timestamp="2024-11-08T16:52:04Z" hostname="ae11c703dc60" tests="1" skipped="0" failures="0" errors="0" time="0.124">
    <testcase time="0.124000000000001" classname="listing_dsur4" name="DSUR4_listing_is_produced_correctly"/>
  </testsuite>
  <testsuite name="listing_egl01" timestamp="2024-11-08T16:52:05Z" hostname="ae11c703dc60" tests="1" skipped="0" failures="0" errors="0" time="0.317">
    <testcase time="0.317" classname="listing_egl01" name="EGL01_listing_is_produced_correctly"/>
  </testsuite>
  <testsuite name="listing_exl01" timestamp="2024-11-08T16:52:05Z" hostname="ae11c703dc60" tests="1" skipped="0" failures="0" errors="0" time="0.239">
    <testcase time="0.238999999999999" classname="listing_exl01" name="EXL01_listing_is_produced_correctly"/>
  </testsuite>
  <testsuite name="listing_lbl01" timestamp="2024-11-08T16:52:05Z" hostname="ae11c703dc60" tests="1" skipped="0" failures="0" errors="0" time="0.555">
    <testcase time="0.555" classname="listing_lbl01" name="LBL01_listing_is_produced_correctly"/>
  </testsuite>
  <testsuite name="listing_lbl01_rls" timestamp="2024-11-08T16:52:06Z" hostname="ae11c703dc60" tests="1" skipped="0" failures="0" errors="0" time="0.57">
    <testcase time="0.57" classname="listing_lbl01_rls" name="LBL01_RLS_listing_is_produced_correctly"/>
  </testsuite>
  <testsuite name="listing_lbl02a" timestamp="2024-11-08T16:52:06Z" hostname="ae11c703dc60" tests="1" skipped="0" failures="0" errors="0" time="0.273">
    <testcase time="0.273" classname="listing_lbl02a" name="LBL02A_listing_is_produced_correctly"/>
  </testsuite>
  <testsuite name="listing_lbl02a_rls" timestamp="2024-11-08T16:52:07Z" hostname="ae11c703dc60" tests="1" skipped="0" failures="0" errors="0" time="0.877">
    <testcase time="0.876999999999999" classname="listing_lbl02a_rls" name="LBL02A_RLS_listing_is_produced_correctly"/>
  </testsuite>
  <testsuite name="listing_lbl02b" timestamp="2024-11-08T16:52:07Z" hostname="ae11c703dc60" tests="1" skipped="0" failures="0" errors="0" time="0.281">
    <testcase time="0.281000000000001" classname="listing_lbl02b" name="LBL02B_listing_is_produced_correctly"/>
  </testsuite>
  <testsuite name="listing_mhl01" timestamp="2024-11-08T16:52:08Z" hostname="ae11c703dc60" tests="1" skipped="0" failures="0" errors="0" time="0.28">
    <testcase time="0.279999999999999" classname="listing_mhl01" name="MHL01_listing_is_produced_correctly"/>
  </testsuite>
  <testsuite name="listing_oncl01" timestamp="2024-11-08T16:52:08Z" hostname="ae11c703dc60" tests="1" skipped="0" failures="0" errors="0" time="0.263">
    <testcase time="0.263" classname="listing_oncl01" name="ONCL01_listing_is_produced_correctly"/>
  </testsuite>
  <testsuite name="listing_pkcl01" timestamp="2024-11-08T16:52:08Z" hostname="ae11c703dc60" tests="1" skipped="0" failures="0" errors="0" time="0.201">
    <testcase time="0.201000000000002" classname="listing_pkcl01" name="PKCL01_listing_is_produced_correctly"/>
  </testsuite>
  <testsuite name="listing_pkcl02" timestamp="2024-11-08T16:52:08Z" hostname="ae11c703dc60" tests="1" skipped="0" failures="0" errors="0" time="0.215">
    <testcase time="0.215" classname="listing_pkcl02" name="PKCL02_listing_is_produced_correctly"/>
  </testsuite>
  <testsuite name="listing_pkpl01" timestamp="2024-11-08T16:52:09Z" hostname="ae11c703dc60" tests="1" skipped="0" failures="0" errors="0" time="0.264">
    <testcase time="0.263999999999999" classname="listing_pkpl01" name="PKPL01_listing_is_produced_correctly"/>
  </testsuite>
  <testsuite name="listing_pkpl02" timestamp="2024-11-08T16:52:09Z" hostname="ae11c703dc60" tests="1" skipped="0" failures="0" errors="0" time="0.167">
    <testcase time="0.166999999999998" classname="listing_pkpl02" name="PKPL02_listing_is_produced_correctly"/>
  </testsuite>
  <testsuite name="listing_pkpl04" timestamp="2024-11-08T16:52:09Z" hostname="ae11c703dc60" tests="1" skipped="0" failures="0" errors="0" time="0.226">
    <testcase time="0.226000000000003" classname="listing_pkpl04" name="PKPL04_listing_is_produced_correctly"/>
  </testsuite>
  <testsuite name="listing_vsl01" timestamp="2024-11-08T16:52:09Z" hostname="ae11c703dc60" tests="1" skipped="0" failures="0" errors="0" time="0.492">
    <testcase time="0.491999999999997" classname="listing_vsl01" name="VSL01_listing_is_produced_correctly"/>
  </testsuite>
  <testsuite name="pagination_listing" timestamp="2024-11-08T16:52:10Z" hostname="ae11c703dc60" tests="13" skipped="0" failures="0" errors="0" time="6.212">
    <testcase time="0.0350000000000001" classname="pagination_listing" name="Direct_pagination_works_fine"/>
    <testcase time="1.061" classname="pagination_listing" name="Direct_pagination_works_fine"/>
    <testcase time="0.00400000000000134" classname="pagination_listing" name="Direct_pagination_works_fine"/>
    <testcase time="0.940000000000001" classname="pagination_listing" name="Direct_pagination_works_fine"/>
    <testcase time="1.313" classname="pagination_listing" name="Direct_pagination_works_fine"/>
    <testcase time="1.334" classname="pagination_listing" name="pagination_counts_the_right_number_of_lines_when_wrapping_on_keycols_is_present"/>
    <testcase time="0.00600000000000023" classname="pagination_listing" name="pagination_counts_the_right_number_of_lines_when_wrapping_on_keycols_is_present"/>
    <testcase time="0.00499999999999901" classname="pagination_listing" name="pagination_counts_the_right_number_of_lines_when_wrapping_on_keycols_is_present"/>
    <testcase time="0.00300000000000011" classname="pagination_listing" name="pagination_counts_the_right_number_of_lines_when_wrapping_on_keycols_is_present"/>
    <testcase time="1.499" classname="pagination_listing" name="pagination_counts_the_right_number_of_lines_when_wrapping_on_keycols_is_present"/>
    <testcase time="0.00499999999999901" classname="pagination_listing" name="pagination_counts_the_right_number_of_lines_when_wrapping_on_keycols_is_present"/>
    <testcase time="0.00400000000000134" classname="pagination_listing" name="pagination_counts_the_right_number_of_lines_when_wrapping_on_keycols_is_present"/>
    <testcase time="0.00299999999999656" classname="pagination_listing" name="pagination_counts_the_right_number_of_lines_when_wrapping_on_keycols_is_present"/>
  </testsuite>
  <testsuite name="pagination_table" timestamp="2024-11-08T16:52:17Z" hostname="ae11c703dc60" tests="30" skipped="0" failures="0" errors="0" time="14.208">
    <testcase time="1.736" classname="pagination_table" name="Direct_pagination_with_standard_values"/>
    <testcase time="0.00400000000000134" classname="pagination_table" name="Direct_pagination_with_standard_values"/>
    <testcase time="0.00300000000000011" classname="pagination_table" name="Direct_pagination_with_standard_values"/>
    <testcase time="1.226" classname="pagination_table" name="Pagination_with_specific_column_widths_and_minimum_lines_per_page"/>
    <testcase time="0.00400000000000134" classname="pagination_table" name="Pagination_with_specific_column_widths_and_minimum_lines_per_page"/>
    <testcase time="0.125999999999998" classname="pagination_table" name="Pagination_with_specific_column_widths_and_minimum_lines_per_page"/>
    <testcase time="0.950000000000003" classname="pagination_table" name="Pagination_works_also_if_table_is_decorated"/>
    <testcase time="0.535999999999998" classname="pagination_table" name="Pagination_works_also_if_table_is_decorated"/>
    <testcase time="0.813000000000002" classname="pagination_table" name="Pagination_works_also_if_table_is_decorated"/>
    <testcase time="0.669999999999998" classname="pagination_table" name="Pagination_works_also_if_table_is_decorated"/>
    <testcase time="1.351" classname="pagination_table" name="Pagination_works_also_if_table_is_decorated"/>
    <testcase time="0.317" classname="pagination_table" name="Pagination_works_also_if_table_is_decorated"/>
    <testcase time="0.00400000000000134" classname="pagination_table" name="Pagination_works_also_if_table_is_decorated"/>
    <testcase time="0.0229999999999997" classname="pagination_table" name="Pagination_works_also_if_table_is_decorated"/>
    <testcase time="0.148" classname="pagination_table" name="Pagination_works_also_if_table_is_decorated"/>
    <testcase time="0.0970000000000013" classname="pagination_table" name="Pagination_works_also_if_table_is_decorated"/>
    <testcase time="0.725000000000001" classname="pagination_table" name="Pagination_works_for_page_types"/>
    <testcase time="0.0790000000000006" classname="pagination_table" name="Pagination_works_for_page_types"/>
    <testcase time="0.718999999999994" classname="pagination_table" name="Pagination_works_for_page_types"/>
    <testcase time="0.0910000000000011" classname="pagination_table" name="Pagination_works_for_page_types"/>
    <testcase time="0.669000000000004" classname="pagination_table" name="Pagination_works_for_page_types"/>
    <testcase time="0.424999999999997" classname="pagination_table" name="Pagination_works_for_page_types"/>
    <testcase time="0.724000000000004" classname="pagination_table" name="Pagination_works_for_page_width_and_height"/>
    <testcase time="0.134999999999998" classname="pagination_table" name="Pagination_works_for_page_width_and_height"/>
    <testcase time="0.810000000000002" classname="pagination_table" name="Pagination_works_for_page_types"/>
    <testcase time="0.171999999999997" classname="pagination_table" name="Pagination_works_for_page_types"/>
    <testcase time="0.853999999999999" classname="pagination_table" name="AET04_variant_2_page_by_pagination_tests"/>
    <testcase time="0.639000000000003" classname="pagination_table" name="AET04_variant_2_page_by_pagination_tests"/>
    <testcase time="0.000999999999997669" classname="pagination_table" name="AET04_variant_2_page_by_pagination_tests"/>
    <testcase time="0.157000000000004" classname="pagination_table" name="AET04_variant_2_page_by_pagination_tests"/>
  </testsuite>
  <testsuite name="table_adat03" timestamp="2024-11-08T16:52:30Z" hostname="ae11c703dc60" tests="2" skipped="0" failures="0" errors="0" time="0.581">
    <testcase time="0.439999999999998" classname="table_adat03" name="ADAT03_is_produced_correctly"/>
    <testcase time="0.140999999999998" classname="table_adat03" name="ADAT03_is_produced_correctly"/>
  </testsuite>
  <testsuite name="table_aet01" timestamp="2024-11-08T16:52:31Z" hostname="ae11c703dc60" tests="8" skipped="0" failures="0" errors="0" time="1.839">
    <testcase time="0.375" classname="table_aet01" name="Safety_Summary_Variant_1_works_as_expected"/>
    <testcase time="0.122" classname="table_aet01" name="Safety_Summary_Variant_1_works_as_expected"/>
    <testcase time="0.332000000000001" classname="table_aet01" name="Safety_Summary_Variant_2_with_Medical_Concepts_Section_works_as_expected"/>
    <testcase time="0.131999999999998" classname="table_aet01" name="Safety_Summary_Variant_2_with_Medical_Concepts_Section_works_as_expected"/>
    <testcase time="0.264000000000003" classname="table_aet01" name="Safety_Summary_Variant_3_with_Modified_Rows_works_as_expected"/>
    <testcase time="0.0989999999999966" classname="table_aet01" name="Safety_Summary_Variant_3_with_Modified_Rows_works_as_expected"/>
    <testcase time="0.378" classname="table_aet01" name="Safety_Summary_Variant_4_with_Rows_Counting_Events_and_Additional_Sections_works_as_expected"/>
    <testcase time="0.137" classname="table_aet01" name="Safety_Summary_Variant_4_with_Rows_Counting_Events_and_Additional_Sections_works_as_expected"/>
  </testsuite>
  <testsuite name="table_aet01_aesi" timestamp="2024-11-08T16:52:33Z" hostname="ae11c703dc60" tests="8" skipped="0" failures="0" errors="0" time="2.846">
    <testcase time="0.267000000000003" classname="table_aet01_aesi" name="AET01_AESI_Variant_1_works_as_expected"/>
    <testcase time="0.116" classname="table_aet01_aesi" name="AET01_AESI_Variant_1_works_as_expected"/>
    <testcase time="0.469999999999999" classname="table_aet01_aesi" name="AET01_AESI_Variant_2_works_as_expected"/>
    <testcase time="0.161999999999999" classname="table_aet01_aesi" name="AET01_AESI_Variant_2_works_as_expected"/>
    <testcase time="0.880000000000003" classname="table_aet01_aesi" name="AET01_AESI_Variant_3_works_as_expected"/>
    <testcase time="0.204000000000001" classname="table_aet01_aesi" name="AET01_AESI_Variant_3_works_as_expected"/>
    <testcase time="0.531999999999996" classname="table_aet01_aesi" name="AET01_AESI_Variant_4_works_as_expected"/>
    <testcase time="0.215000000000003" classname="table_aet01_aesi" name="AET01_AESI_Variant_4_works_as_expected"/>
  </testsuite>
  <testsuite name="table_aet02" timestamp="2024-11-08T16:52:36Z" hostname="ae11c703dc60" tests="26" skipped="0" failures="0" errors="0" time="8.164">
    <testcase time="0.527000000000001" classname="table_aet02" name="AET02_variant_1_is_produced_correctly"/>
    <testcase time="0.177999999999997" classname="table_aet02" name="AET02_variant_1_is_produced_correctly"/>
    <testcase time="0.414999999999999" classname="table_aet02" name="AET02_variant_1_is_produced_correctly"/>
    <testcase time="0.100000000000001" classname="table_aet02" name="AET02_variant_1_is_produced_correctly"/>
    <testcase time="0.624000000000002" classname="table_aet02" name="AET02_variant_2_is_produced_correctly"/>
    <testcase time="0.198999999999998" classname="table_aet02" name="AET02_variant_2_is_produced_correctly"/>
    <testcase time="0.933" classname="table_aet02" name="AET02_variant_3_is_produced_correctly"/>
    <testcase time="0.298999999999999" classname="table_aet02" name="AET02_variant_3_is_produced_correctly"/>
    <testcase time="0.125999999999998" classname="table_aet02" name="AET02_variant_4_is_produced_correctly"/>
    <testcase time="0.097999999999999" classname="table_aet02" name="AET02_variant_4_is_produced_correctly"/>
    <testcase time="0.419000000000004" classname="table_aet02" name="AET02_variant_5_is_produced_correctly"/>
    <testcase time="0.164000000000001" classname="table_aet02" name="AET02_variant_5_is_produced_correctly"/>
    <testcase time="0.405000000000001" classname="table_aet02" name="AET02_variant_6_is_produced_correctly"/>
    <testcase time="0.113999999999997" classname="table_aet02" name="AET02_variant_6_is_produced_correctly"/>
    <testcase time="0.936" classname="table_aet02" name="AET02_variant_7_is_produced_correctly"/>
    <testcase time="0.153999999999996" classname="table_aet02" name="AET02_variant_7_is_produced_correctly"/>
    <testcase time="0.417000000000002" classname="table_aet02" name="AET02_variant_8_is_produced_correctly"/>
    <testcase time="0.0840000000000032" classname="table_aet02" name="AET02_variant_8_is_produced_correctly"/>
    <testcase time="0.396000000000001" classname="table_aet02" name="AET02_variant_9_is_produced_correctly"/>
    <testcase time="0.111999999999995" classname="table_aet02" name="AET02_variant_9_is_produced_correctly"/>
    <testcase time="0.403999999999996" classname="table_aet02" name="AET02_variant_10_is_produced_correctly"/>
    <testcase time="0.0870000000000033" classname="table_aet02" name="AET02_variant_10_is_produced_correctly"/>
    <testcase time="0.403999999999996" classname="table_aet02" name="AET02_variant_11_is_produced_correctly"/>
    <testcase time="0.0870000000000033" classname="table_aet02" name="AET02_variant_11_is_produced_correctly"/>
    <testcase time="0.400999999999996" classname="table_aet02" name="AET02_variant_12_is_produced_correctly"/>
    <testcase time="0.0810000000000031" classname="table_aet02" name="AET02_variant_12_is_produced_correctly"/>
  </testsuite>
  <testsuite name="table_aet02_smq" timestamp="2024-11-08T16:52:44Z" hostname="ae11c703dc60" tests="4" skipped="0" failures="0" errors="0" time="0.459">
    <testcase time="0.136000000000003" classname="table_aet02_smq" name="AET02SMQ_variant_1_is_produced_correctly"/>
    <testcase time="0.0689999999999955" classname="table_aet02_smq" name="AET02SMQ_variant_1_is_produced_correctly"/>
    <testcase time="0.160000000000004" classname="table_aet02_smq" name="AET02SMQ_variant_2_is_produced_correctly"/>
    <testcase time="0.0939999999999941" classname="table_aet02_smq" name="AET02SMQ_variant_2_is_produced_correctly"/>
  </testsuite>
  <testsuite name="table_aet03" timestamp="2024-11-08T16:52:44Z" hostname="ae11c703dc60" tests="6" skipped="0" failures="0" errors="0" time="4.888">
    <testcase time="1.108" classname="table_aet03" name="AET03_variant_1_is_produced_correctly"/>
    <testcase time="0.417000000000002" classname="table_aet03" name="AET03_variant_1_is_produced_correctly"/>
    <testcase time="1.375" classname="table_aet03" name="AET03_variant_1_is_produced_correctly"/>
    <testcase time="0.683999999999997" classname="table_aet03" name="AET03_variant_1_is_produced_correctly"/>
    <testcase time="1.091" classname="table_aet03" name="AET03_variant_1_is_produced_correctly"/>
    <testcase time="0.213000000000001" classname="table_aet03" name="AET03_variant_1_is_produced_correctly"/>
  </testsuite>
  <testsuite name="table_aet04" timestamp="2024-11-08T16:52:50Z" hostname="ae11c703dc60" tests="30" skipped="0" failures="0" errors="0" time="12.433">
    <testcase time="0.754999999999995" classname="table_aet04" name="AET04_variant_1_is_produced_correctly"/>
    <testcase time="0.334000000000003" classname="table_aet04" name="AET04_variant_1_is_produced_correctly"/>
    <testcase time="0.793999999999997" classname="table_aet04" name="AET04_variant_1_is_produced_correctly"/>
    <testcase time="0.0420000000000016" classname="table_aet04" name="AET04_variant_1_is_produced_correctly"/>
    <testcase time="0.0399999999999991" classname="table_aet04" name="AET04_variant_1_is_produced_correctly"/>
    <testcase time="0.677" classname="table_aet04" name="AET04_variant_2_is_produced_correctly_Fill_in_of_Treatment_Groups_"/>
    <testcase time="0.289999999999999" classname="table_aet04" name="AET04_variant_2_is_produced_correctly_Fill_in_of_Treatment_Groups_"/>
    <testcase time="0.721000000000004" classname="table_aet04" name="AET04_variant_2_is_produced_correctly_Fill_in_of_Treatment_Groups_"/>
    <testcase time="0.0399999999999991" classname="table_aet04" name="AET04_variant_2_is_produced_correctly_Fill_in_of_Treatment_Groups_"/>
    <testcase time="0.0529999999999973" classname="table_aet04" name="AET04_variant_2_is_produced_correctly_Fill_in_of_Treatment_Groups_"/>
    <testcase time="0.867000000000004" classname="table_aet04" name="AET04_variant_3_is_produced_correctly_Fill_in_of_Grades_"/>
    <testcase time="0.329000000000001" classname="table_aet04" name="AET04_variant_3_is_produced_correctly_Fill_in_of_Grades_"/>
    <testcase time="0.739999999999995" classname="table_aet04" name="AET04_variant_3_is_produced_correctly_Fill_in_of_Grades_"/>
    <testcase time="0.0420000000000016" classname="table_aet04" name="AET04_variant_3_is_produced_correctly_Fill_in_of_Grades_"/>
    <testcase time="0.0380000000000038" classname="table_aet04" name="AET04_variant_3_is_produced_correctly_Fill_in_of_Grades_"/>
    <testcase time="0.662999999999997" classname="table_aet04" name="AET04_variant_4_is_produced_correctly_Collapsing_of_Grades_grades_1_2_grades_3_4_5_"/>
    <testcase time="0.298999999999999" classname="table_aet04" name="AET04_variant_4_is_produced_correctly_Collapsing_of_Grades_grades_1_2_grades_3_4_5_"/>
    <testcase time="0.768999999999998" classname="table_aet04" name="AET04_variant_4_is_produced_correctly_Collapsing_of_Grades_grades_1_2_grades_3_4_5_"/>
    <testcase time="0.694000000000003" classname="table_aet04" name="AET04_variant_6_is_produced_correctly_with_an_Incidence_Rate_of_at_Least_5_totals_restricted_"/>
    <testcase time="0.305000000000007" classname="table_aet04" name="AET04_variant_6_is_produced_correctly_with_an_Incidence_Rate_of_at_Least_5_totals_restricted_"/>
    <testcase time="0.741" classname="table_aet04" name="AET04_variant_6_is_produced_correctly_with_an_Incidence_Rate_of_at_Least_5_totals_restricted_"/>
    <testcase time="0.00900000000000034" classname="table_aet04" name="AET04_variant_8_is_produced_correctly_with_an_Incidence_Rate_of_at_Least_X_Patients_"/>
    <testcase time="0.304999999999993" classname="table_aet04" name="AET04_variant_8_is_produced_correctly_with_an_Incidence_Rate_of_at_Least_X_Patients_"/>
    <testcase time="0.740000000000009" classname="table_aet04" name="AET04_variant_8_is_produced_correctly_with_an_Incidence_Rate_of_at_Least_X_Patients_"/>
    <testcase time="0.00999999999999091" classname="table_aet04" name="AET04_variant_9_is_produced_correctly_with_a_Difference_in_Incidence_Rate_of_at_Least_X_"/>
    <testcase time="0.311000000000007" classname="table_aet04" name="AET04_variant_9_is_produced_correctly_with_a_Difference_in_Incidence_Rate_of_at_Least_X_"/>
    <testcase time="0.754000000000005" classname="table_aet04" name="AET04_variant_9_is_produced_correctly_with_a_Difference_in_Incidence_Rate_of_at_Least_X_"/>
    <testcase time="0.0109999999999957" classname="table_aet04" name="AET04_variant_11_is_produced_correctly_with_Incidence_Rate_of_at_Least_X_all_SOCs_w_o_preferred_terms_removed_"/>
    <testcase time="0.310000000000002" classname="table_aet04" name="AET04_variant_11_is_produced_correctly_with_Incidence_Rate_of_at_Least_X_all_SOCs_w_o_preferred_terms_removed_"/>
    <testcase time="0.75" classname="table_aet04" name="AET04_variant_11_is_produced_correctly_with_Incidence_Rate_of_at_Least_X_all_SOCs_w_o_preferred_terms_removed_"/>
  </testsuite>
  <testsuite name="table_aet04_pi" timestamp="2024-11-08T16:53:01Z" hostname="ae11c703dc60" tests="18" skipped="0" failures="0" errors="0" time="6.55">
    <testcase time="0.561999999999998" classname="table_aet04_pi" name="AET04_PI_full_table_is_produced_correctly"/>
    <testcase time="0.221999999999994" classname="table_aet04_pi" name="AET04_PI_full_table_is_produced_correctly"/>
    <testcase time="0.609000000000009" classname="table_aet04_pi" name="AET04_PI_variant_1_is_produced_correctly"/>
    <testcase time="0.182000000000002" classname="table_aet04_pi" name="AET04_PI_variant_1_is_produced_correctly"/>
    <testcase time="0.594999999999999" classname="table_aet04_pi" name="AET04_PI_variant_2_is_produced_correctly"/>
    <testcase time="0.12299999999999" classname="table_aet04_pi" name="AET04_PI_variant_2_is_produced_correctly"/>
    <testcase time="0.588000000000008" classname="table_aet04_pi" name="AET04_PI_variant_3_is_produced_correctly"/>
    <testcase time="0.137999999999991" classname="table_aet04_pi" name="AET04_PI_variant_3_is_produced_correctly"/>
    <testcase time="0.587000000000003" classname="table_aet04_pi" name="AET04_PI_variant_4_is_produced_correctly"/>
    <testcase time="0.103000000000009" classname="table_aet04_pi" name="AET04_PI_variant_4_is_produced_correctly"/>
    <testcase time="0.583999999999989" classname="table_aet04_pi" name="AET04_PI_variant_5_is_produced_correctly"/>
    <testcase time="0.164000000000001" classname="table_aet04_pi" name="AET04_PI_variant_5_is_produced_correctly"/>
    <testcase time="0.725000000000009" classname="table_aet04_pi" name="AET04_PI_variant_6_is_produced_correctly"/>
    <testcase time="0.159999999999997" classname="table_aet04_pi" name="AET04_PI_variant_6_is_produced_correctly"/>
    <testcase time="0.727999999999994" classname="table_aet04_pi" name="AET04_PI_variant_7_is_produced_correctly"/>
    <testcase time="0.159999999999997" classname="table_aet04_pi" name="AET04_PI_variant_7_is_produced_correctly"/>
    <testcase time="0.190000000000012" classname="table_aet04_pi" name="AET04_PI_variant_8_is_produced_correctly"/>
    <testcase time="0.129999999999995" classname="table_aet04_pi" name="AET04_PI_variant_8_is_produced_correctly"/>
  </testsuite>
  <testsuite name="table_aet05" timestamp="2024-11-08T16:53:08Z" hostname="ae11c703dc60" tests="4" skipped="0" failures="0" errors="0" time="0.274">
    <testcase time="0.0849999999999937" classname="table_aet05" name="AET05_variant_1_is_produced_correctly"/>
    <testcase time="0.0600000000000023" classname="table_aet05" name="AET05_variant_1_is_produced_correctly"/>
    <testcase time="0.0690000000000026" classname="table_aet05" name="AET05_variant_2_is_produced_correctly"/>
    <testcase time="0.0600000000000023" classname="table_aet05" name="AET05_variant_2_is_produced_correctly"/>
  </testsuite>
  <testsuite name="table_aet05_all" timestamp="2024-11-08T16:53:08Z" hostname="ae11c703dc60" tests="4" skipped="0" failures="0" errors="0" time="0.309">
    <testcase time="0.117000000000004" classname="table_aet05_all" name="AET05_ALL_variant_1_is_produced_correctly"/>
    <testcase time="0.0609999999999928" classname="table_aet05_all" name="AET05_ALL_variant_1_is_produced_correctly"/>
    <testcase time="0.070999999999998" classname="table_aet05_all" name="AET05_ALL_variant_2_is_produced_correctly"/>
    <testcase time="0.0600000000000023" classname="table_aet05_all" name="AET05_ALL_variant_2_is_produced_correctly"/>
  </testsuite>
  <testsuite name="table_aet06" timestamp="2024-11-08T16:53:09Z" hostname="ae11c703dc60" tests="6" skipped="0" failures="0" errors="0" time="4.042">
    <testcase time="0.617000000000004" classname="table_aet06" name="AET06_variant_1_is_produced_correctly"/>
    <testcase time="0.23899999999999" classname="table_aet06" name="AET06_variant_1_is_produced_correctly"/>
    <testcase time="0.988" classname="table_aet06" name="AET06_variant_3_is_produced_correctly"/>
    <testcase time="0.354000000000013" classname="table_aet06" name="AET06_variant_3_is_produced_correctly"/>
    <testcase time="1.47399999999999" classname="table_aet06" name="AET06_variant_5_is_produced_correctly"/>
    <testcase time="0.370000000000005" classname="table_aet06" name="AET06_variant_5_is_produced_correctly"/>
  </testsuite>
  <testsuite name="table_aet06_smq" timestamp="2024-11-08T16:53:13Z" hostname="ae11c703dc60" tests="4" skipped="0" failures="0" errors="0" time="0.962">
    <testcase time="0.343999999999994" classname="table_aet06_smq" name="AET06_SMQ_variant_1_is_produced_correctly"/>
    <testcase time="0.140000000000001" classname="table_aet06_smq" name="AET06_SMQ_variant_1_is_produced_correctly"/>
    <testcase time="0.338999999999999" classname="table_aet06_smq" name="AET06_SMQ_variant_2_is_produced_correctly"/>
    <testcase time="0.13900000000001" classname="table_aet06_smq" name="AET06_SMQ_variant_2_is_produced_correctly"/>
  </testsuite>
  <testsuite name="table_aet07" timestamp="2024-11-08T16:53:14Z" hostname="ae11c703dc60" tests="4" skipped="0" failures="0" errors="0" time="0.194">
    <testcase time="0.0510000000000019" classname="table_aet07" name="AET07_variant_1_is_produced_correctly"/>
    <testcase time="0.0439999999999969" classname="table_aet07" name="AET07_variant_1_is_produced_correctly"/>
    <testcase time="0.0560000000000116" classname="table_aet07" name="AET07_variant_2_is_produced_correctly"/>
    <testcase time="0.0429999999999922" classname="table_aet07" name="AET07_variant_2_is_produced_correctly"/>
  </testsuite>
  <testsuite name="table_aet09" timestamp="2024-11-08T16:53:14Z" hostname="ae11c703dc60" tests="4" skipped="0" failures="0" errors="0" time="1.908">
    <testcase time="0.528000000000006" classname="table_aet09" name="AET09_variant_1_is_produced_correctly_AE_related_to_study_drug"/>
    <testcase time="0.176999999999992" classname="table_aet09" name="AET09_variant_1_is_produced_correctly_AE_related_to_study_drug"/>
    <testcase time="0.926000000000002" classname="table_aet09" name="AET09_variant_2_is_produced_correctly_AE_related_to_study_drug_including_high_level_terms_"/>
    <testcase time="0.277000000000001" classname="table_aet09" name="AET09_variant_2_is_produced_correctly_AE_related_to_study_drug_including_high_level_terms_"/>
  </testsuite>
  <testsuite name="table_aet09_smq" timestamp="2024-11-08T16:53:16Z" hostname="ae11c703dc60" tests="4" skipped="0" failures="0" errors="0" time="0.492">
    <testcase time="0.120999999999995" classname="table_aet09_smq" name="AET09_variant_1_AEs_related_to_study_drug_by_SMQ_is_produced_correctly"/>
    <testcase time="0.0760000000000076" classname="table_aet09_smq" name="AET09_variant_1_AEs_related_to_study_drug_by_SMQ_is_produced_correctly"/>
    <testcase time="0.191999999999993" classname="table_aet09_smq" name="AET09_variant_2_AEs_related_to_study_drug_by_SMQ_with_customized_queries_is_produced_correctly"/>
    <testcase time="0.103000000000009" classname="table_aet09_smq" name="AET09_variant_2_AEs_related_to_study_drug_by_SMQ_with_customized_queries_is_produced_correctly"/>
  </testsuite>
  <testsuite name="table_aet10" timestamp="2024-11-08T16:53:16Z" hostname="ae11c703dc60" tests="2" skipped="0" failures="0" errors="0" time="0.158">
    <testcase time="0.0939999999999941" classname="table_aet10" name="AET10_default_variant_is_produced_correctly"/>
    <testcase time="0.0640000000000072" classname="table_aet10" name="AET10_default_variant_is_produced_correctly"/>
  </testsuite>
  <testsuite name="table_aovt01" timestamp="2024-11-08T16:53:16Z" hostname="ae11c703dc60" tests="4" skipped="0" failures="0" errors="0" time="1.106">
    <testcase time="0.330999999999989" classname="table_aovt01" name="AOVT01_variant_with_single_endpoint_is_produced_correctly"/>
    <testcase time="0.0890000000000128" classname="table_aovt01" name="AOVT01_variant_with_single_endpoint_is_produced_correctly"/>
    <testcase time="0.534999999999997" classname="table_aovt01" name="AOVT01_variant_with_multiple_endpoints_is_produced_correctly"/>
    <testcase time="0.150999999999996" classname="table_aovt01" name="AOVT01_variant_with_multiple_endpoints_is_produced_correctly"/>
  </testsuite>
  <testsuite name="table_aovt02" timestamp="2024-11-08T16:53:17Z" hostname="ae11c703dc60" tests="2" skipped="0" failures="0" errors="0" time="0.376">
    <testcase time="0.296000000000006" classname="table_aovt02" name="AOVT02_is_produced_correctly"/>
    <testcase time="0.0799999999999983" classname="table_aovt02" name="AOVT02_is_produced_correctly"/>
  </testsuite>
  <testsuite name="table_aovt03" timestamp="2024-11-08T16:53:18Z" hostname="ae11c703dc60" tests="2" skipped="0" failures="0" errors="0" time="0.833">
    <testcase time="0.655000000000001" classname="table_aovt03" name="AOVT03_is_produced_correctly"/>
    <testcase time="0.177999999999997" classname="table_aovt03" name="AOVT03_is_produced_correctly"/>
  </testsuite>
  <testsuite name="table_cfbt01" timestamp="2024-11-08T16:53:19Z" hostname="ae11c703dc60" tests="2" skipped="0" failures="0" errors="0" time="0.611">
    <testcase time="0.406999999999996" classname="table_cfbt01" name="CFBT01_default_variant_is_produced_correctly"/>
    <testcase time="0.204000000000008" classname="table_cfbt01" name="CFBT01_default_variant_is_produced_correctly"/>
  </testsuite>
  <testsuite name="table_cmht01" timestamp="2024-11-08T16:53:19Z" hostname="ae11c703dc60" tests="4" skipped="0" failures="0" errors="0" time="1.655">
    <testcase time="0.396999999999991" classname="table_cmht01" name="CMHT01_variant_1_is_produced_correctly"/>
    <testcase time="0.0930000000000035" classname="table_cmht01" name="CMHT01_variant_1_is_produced_correctly"/>
    <testcase time="0.905000000000001" classname="table_cmht01" name="CMHT01_variant_2_is_produced_correctly"/>
    <testcase time="0.260000000000005" classname="table_cmht01" name="CMHT01_variant_2_is_produced_correctly"/>
  </testsuite>
  <testsuite name="table_cmt01" timestamp="2024-11-08T16:53:21Z" hostname="ae11c703dc60" tests="8" skipped="0" failures="0" errors="0" time="3.664">
    <testcase time="0.627999999999986" classname="table_cmt01" name="CMT01_default_variant_Concomitant_medications_is_produced_correctly"/>
    <testcase time="0.290000000000006" classname="table_cmt01" name="CMT01_default_variant_Concomitant_medications_is_produced_correctly"/>
    <testcase time="0.683000000000007" classname="table_cmt01" name="CMT01_variant_1_prior_medications_is_produced_correctly"/>
    <testcase time="0.320999999999998" classname="table_cmt01" name="CMT01_variant_1_prior_medications_is_produced_correctly"/>
    <testcase time="0.566999999999993" classname="table_cmt01" name="CMT01_variant_3_Concomitant_medications_is_produced_correctly"/>
    <testcase time="0.260000000000005" classname="table_cmt01" name="CMT01_variant_3_Concomitant_medications_is_produced_correctly"/>
    <testcase time="0.620000000000005" classname="table_cmt01" name="CMT01_variant_4_Concomitant_medications_is_produced_correctly"/>
    <testcase time="0.294999999999987" classname="table_cmt01" name="CMT01_variant_4_Concomitant_medications_is_produced_correctly"/>
  </testsuite>
  <testsuite name="table_cmt01a" timestamp="2024-11-08T16:53:25Z" hostname="ae11c703dc60" tests="8" skipped="0" failures="0" errors="0" time="5.503">
    <testcase time="1.20100000000001" classname="table_cmt01a" name="CMT01A_variant_1_is_produced_correctly"/>
    <testcase time="0.266999999999996" classname="table_cmt01a" name="CMT01A_variant_1_is_produced_correctly"/>
    <testcase time="1.081" classname="table_cmt01a" name="CMT01A_variant_2_is_produced_correctly"/>
    <testcase time="0.269000000000005" classname="table_cmt01a" name="CMT01A_variant_2_is_produced_correctly"/>
    <testcase time="1.09699999999999" classname="table_cmt01a" name="CMT01A_variant_3_is_produced_correctly"/>
    <testcase time="0.272000000000006" classname="table_cmt01a" name="CMT01A_variant_3_is_produced_correctly"/>
    <testcase time="1.06999999999999" classname="table_cmt01a" name="CMT01A_variant_4_is_produced_correctly"/>
    <testcase time="0.245999999999995" classname="table_cmt01a" name="CMT01A_variant_4_is_produced_correctly"/>
  </testsuite>
  <testsuite name="table_cmt01b" timestamp="2024-11-08T16:53:30Z" hostname="ae11c703dc60" tests="6" skipped="0" failures="0" errors="0" time="5.336">
    <testcase time="1.607" classname="table_cmt01b" name="CMT01B_variant_1_is_produced_correctly"/>
    <testcase time="0.591000000000008" classname="table_cmt01b" name="CMT01B_variant_1_is_produced_correctly"/>
    <testcase time="1.102" classname="table_cmt01b" name="CMT01B_variant_2_is_produced_correctly"/>
    <testcase time="0.278999999999996" classname="table_cmt01b" name="CMT01B_variant_2_is_produced_correctly"/>
    <testcase time="1.395" classname="table_cmt01b" name="CMT01B_variant_4_is_produced_correctly"/>
    <testcase time="0.362000000000009" classname="table_cmt01b" name="CMT01B_variant_4_is_produced_correctly"/>
  </testsuite>
  <testsuite name="table_cmt02_pt" timestamp="2024-11-08T16:53:36Z" hostname="ae11c703dc60" tests="2" skipped="0" failures="0" errors="0" time="0.559">
    <testcase time="0.379999999999995" classname="table_cmt02_pt" name="CMT02_PT_default_variant_is_produced_correctly"/>
    <testcase time="0.179000000000002" classname="table_cmt02_pt" name="CMT02_PT_default_variant_is_produced_correctly"/>
  </testsuite>
  <testsuite name="table_coxt01" timestamp="2024-11-08T16:53:36Z" hostname="ae11c703dc60" tests="8" skipped="0" failures="0" errors="0" time="1.667">
    <testcase time="0.259" classname="table_coxt01" name="1._Cox_Regression"/>
    <testcase time="0.0759999999999934" classname="table_coxt01" name="1._Cox_Regression"/>
    <testcase time="0.341000000000008" classname="table_coxt01" name="2._Cox_Regression_with_Interaction_Term_"/>
    <testcase time="0.0969999999999942" classname="table_coxt01" name="2._Cox_Regression_with_Interaction_Term_"/>
    <testcase time="0.341999999999999" classname="table_coxt01" name="3._Cox_Regression_specifying_covariates_"/>
    <testcase time="0.102999999999994" classname="table_coxt01" name="3._Cox_Regression_specifying_covariates_"/>
    <testcase time="0.346000000000004" classname="table_coxt01" name="4._Cox_Regression_setting_strata_ties_and_alpha_level_"/>
    <testcase time="0.103000000000009" classname="table_coxt01" name="4._Cox_Regression_setting_strata_ties_and_alpha_level_"/>
  </testsuite>
  <testsuite name="table_coxt02" timestamp="2024-11-08T16:53:38Z" hostname="ae11c703dc60" tests="4" skipped="0" failures="0" errors="0" time="0.675">
    <testcase time="0.256999999999991" classname="table_coxt02" name="COXT02_default_variant_1_is_produced_correctly"/>
    <testcase time="0.0739999999999981" classname="table_coxt02" name="COXT02_default_variant_1_is_produced_correctly"/>
    <testcase time="0.265000000000001" classname="table_coxt02" name="COXT02_variant_5_is_produced_correctly"/>
    <testcase time="0.0790000000000077" classname="table_coxt02" name="COXT02_variant_5_is_produced_correctly"/>
  </testsuite>
  <testsuite name="table_disclosures" timestamp="2024-11-08T16:53:38Z" hostname="ae11c703dc60" tests="12" skipped="0" failures="0" errors="0" time="1.81">
    <testcase time="0.162999999999997" classname="table_disclosures" name="Patient_Disposition_table_is_produced_correctly"/>
    <testcase time="0.0999999999999943" classname="table_disclosures" name="Patient_Disposition_table_is_produced_correctly"/>
    <testcase time="0.189000000000007" classname="table_disclosures" name="Demographic_table_is_produced_correctly"/>
    <testcase time="0.141000000000005" classname="table_disclosures" name="Demographic_table_is_produced_correctly"/>
    <testcase time="0.0939999999999941" classname="table_disclosures" name="Enrollment_by_Country_Table_is_produced_correctly"/>
    <testcase time="0.090999999999994" classname="table_disclosures" name="Enrollment_by_Country_Table_is_produced_correctly"/>
    <testcase time="0.0730000000000075" classname="table_disclosures" name="Death_table_is_produced_correctly"/>
    <testcase time="0.0559999999999974" classname="table_disclosures" name="Death_table_is_produced_correctly"/>
    <testcase time="0.305000000000007" classname="table_disclosures" name="Table_of_Serious_Adverse_Events_is_produced_correctly_for_one_specific_treatment_arm_"/>
    <testcase time="0.0879999999999939" classname="table_disclosures" name="Table_of_Serious_Adverse_Events_is_produced_correctly_for_one_specific_treatment_arm_"/>
    <testcase time="0.387" classname="table_disclosures" name="Table_of_Non_Serious_Adverse_Events_is_produced_correctly"/>
    <testcase time="0.123000000000005" classname="table_disclosures" name="Table_of_Non_Serious_Adverse_Events_is_produced_correctly"/>
  </testsuite>
  <testsuite name="table_dmt01" timestamp="2024-11-08T16:53:41Z" hostname="ae11c703dc60" tests="10" skipped="0" failures="0" errors="0" time="2.606">
    <testcase time="1.10599999999999" classname="table_dmt01" name="DMT01_variant_1_is_produced_correctly"/>
    <testcase time="0.164000000000001" classname="table_dmt01" name="DMT01_variant_1_is_produced_correctly"/>
    <testcase time="0.197999999999993" classname="table_dmt01" name="DMT01_variant_2_is_produced_correctly"/>
    <testcase time="0.160000000000011" classname="table_dmt01" name="DMT01_variant_2_is_produced_correctly"/>
    <testcase time="0.228999999999999" classname="table_dmt01" name="DMT01_variant_3_is_produced_correctly"/>
    <testcase time="0.162999999999997" classname="table_dmt01" name="DMT01_variant_3_is_produced_correctly"/>
    <testcase time="0.165999999999997" classname="table_dmt01" name="DMT01_variant_4_is_produced_correctly"/>
    <testcase time="0.149000000000001" classname="table_dmt01" name="DMT01_variant_4_is_produced_correctly"/>
    <testcase time="0.153999999999996" classname="table_dmt01" name="DMT01_variant_5_is_produced_correctly"/>
    <testcase time="0.117000000000004" classname="table_dmt01" name="DMT01_variant_5_is_produced_correctly"/>
  </testsuite>
  <testsuite name="table_dort01" timestamp="2024-11-08T16:53:43Z" hostname="ae11c703dc60" tests="8" skipped="0" failures="0" errors="0" time="1.429">
    <testcase time="0.263999999999996" classname="table_dort01" name="DORT01_variant_1_is_produced_correctly"/>
    <testcase time="0.108000000000004" classname="table_dort01" name="DORT01_variant_1_is_produced_correctly"/>
    <testcase time="0.265000000000001" classname="table_dort01" name="DORT01_variant_2_selecting_sectons_is_produced_correctly"/>
    <testcase time="0.0969999999999942" classname="table_dort01" name="DORT01_variant_2_selecting_sectons_is_produced_correctly"/>
    <testcase time="0.237000000000009" classname="table_dort01" name="DORT01_variant_3_modifying_conftype_and_alpha_level_is_produced_correctly"/>
    <testcase time="0.120999999999995" classname="table_dort01" name="DORT01_variant_3_modifying_conftype_and_alpha_level_is_produced_correctly"/>
    <testcase time="0.242000000000004" classname="table_dort01" name="DORT01_variant_4_modifying_time_point_for_the_xx_duration_is_produced_correctly"/>
    <testcase time="0.0949999999999989" classname="table_dort01" name="DORT01_variant_4_modifying_time_point_for_the_xx_duration_is_produced_correctly"/>
  </testsuite>
  <testsuite name="table_dst01" timestamp="2024-11-08T16:53:44Z" hostname="ae11c703dc60" tests="6" skipped="0" failures="0" errors="0" time="0.724">
    <testcase time="0.137" classname="table_dst01" name="DST01_default_variant_is_produced_correctly"/>
    <testcase time="0.090999999999994" classname="table_dst01" name="DST01_default_variant_is_produced_correctly"/>
    <testcase time="0.206999999999994" classname="table_dst01" name="DST01_variants_2_and_3_are_produced_correctly"/>
    <testcase time="0.0970000000000084" classname="table_dst01" name="DST01_variants_2_and_3_are_produced_correctly"/>
    <testcase time="0.0830000000000126" classname="table_dst01" name="DST01_variants_2_and_3_are_produced_correctly"/>
    <testcase time="0.108999999999995" classname="table_dst01" name="DST01_variants_2_and_3_are_produced_correctly"/>
  </testsuite>
  <testsuite name="table_dtht01" timestamp="2024-11-08T16:53:45Z" hostname="ae11c703dc60" tests="8" skipped="0" failures="0" errors="0" time="1.114">
    <testcase time="0.117999999999995" classname="table_dtht01" name="DTHT01_variant_1_is_produced_correctly"/>
    <testcase time="0.078000000000003" classname="table_dtht01" name="DTHT01_variant_1_is_produced_correctly"/>
    <testcase time="0.241" classname="table_dtht01" name="DTHT01_variant_2_is_produced_correctly"/>
    <testcase time="0.156000000000006" classname="table_dtht01" name="DTHT01_variant_2_is_produced_correctly"/>
    <testcase time="0.144999999999996" classname="table_dtht01" name="DTHT01_variant_3_is_produced_correctly"/>
    <testcase time="0.0949999999999989" classname="table_dtht01" name="DTHT01_variant_3_is_produced_correctly"/>
    <testcase time="0.170000000000002" classname="table_dtht01" name="DTHT01_variant_4_is_produced_correctly"/>
    <testcase time="0.111000000000004" classname="table_dtht01" name="DTHT01_variant_4_is_produced_correctly"/>
  </testsuite>
  <testsuite name="table_egt01" timestamp="2024-11-08T16:53:46Z" hostname="ae11c703dc60" tests="2" skipped="0" failures="0" errors="0" time="1.457">
    <testcase time="0.97999999999999" classname="table_egt01" name="EGT01_default_variant_is_produced_correctly"/>
    <testcase time="0.477000000000004" classname="table_egt01" name="EGT01_default_variant_is_produced_correctly"/>
  </testsuite>
  <testsuite name="table_egt02" timestamp="2024-11-08T16:53:48Z" hostname="ae11c703dc60" tests="4" skipped="0" failures="0" errors="0" time="0.56">
    <testcase time="0.260999999999996" classname="table_egt02" name="_EGT02_1._Regardless_of_Abnormality_at_Baseline"/>
    <testcase time="0.0760000000000076" classname="table_egt02" name="_EGT02_1._Regardless_of_Abnormality_at_Baseline"/>
    <testcase time="0.146000000000001" classname="table_egt02" name="_EGT02_2._Among_Subjects_Without_Abnormality_at_Baseline"/>
    <testcase time="0.0769999999999982" classname="table_egt02" name="_EGT02_2._Among_Subjects_Without_Abnormality_at_Baseline"/>
  </testsuite>
  <testsuite name="table_egt03" timestamp="2024-11-08T16:53:48Z" hostname="ae11c703dc60" tests="8" skipped="0" failures="0" errors="0" time="1.256">
    <testcase time="0.204999999999998" classname="table_egt03" name="EGT03_variant_1_is_produced_correctly"/>
    <testcase time="0.117999999999995" classname="table_egt03" name="EGT03_variant_1_is_produced_correctly"/>
    <testcase time="0.177000000000007" classname="table_egt03" name="EGT03_variant_2_is_produced_correctly"/>
    <testcase time="0.120999999999995" classname="table_egt03" name="EGT03_variant_2_is_produced_correctly"/>
    <testcase time="0.174000000000007" classname="table_egt03" name="EGT03_variant_3_is_produced_correctly"/>
    <testcase time="0.143000000000001" classname="table_egt03" name="EGT03_variant_3_is_produced_correctly"/>
    <testcase time="0.200999999999993" classname="table_egt03" name="EGT03_variant_4_is_produced_correctly"/>
    <testcase time="0.117000000000004" classname="table_egt03" name="EGT03_variant_4_is_produced_correctly"/>
  </testsuite>
  <testsuite name="table_egt04" timestamp="2024-11-08T16:53:49Z" hostname="ae11c703dc60" tests="2" skipped="0" failures="0" errors="0" time="0.252">
    <testcase time="0.164000000000001" classname="table_egt04" name="EGT04_default_variant_is_produced_correctly"/>
    <testcase time="0.0879999999999939" classname="table_egt04" name="EGT04_default_variant_is_produced_correctly"/>
  </testsuite>
  <testsuite name="table_egt05_qtcat" timestamp="2024-11-08T16:53:50Z" hostname="ae11c703dc60" tests="2" skipped="0" failures="0" errors="0" time="0.781">
    <testcase time="0.5" classname="table_egt05_qtcat" name="EGT05_QTCAT_default_variant_is_produced_correctly"/>
    <testcase time="0.281000000000006" classname="table_egt05_qtcat" name="EGT05_QTCAT_default_variant_is_produced_correctly"/>
  </testsuite>
  <testsuite name="table_ent" timestamp="2024-11-08T16:53:50Z" hostname="ae11c703dc60" tests="8" skipped="0" failures="0" errors="0" time="13.558">
    <testcase time="3.277" classname="table_ent" name="ENT01_IT_is_produced_correctly"/>
    <testcase time="0.603000000000009" classname="table_ent" name="ENT01_IT_is_produced_correctly"/>
    <testcase time="2.157" classname="table_ent" name="ENT01a_IT_is_produced_correctly"/>
    <testcase time="0.558999999999997" classname="table_ent" name="ENT01a_IT_is_produced_correctly"/>
    <testcase time="3.367" classname="table_ent" name="ENT02_IT_is_produced_correctly"/>
    <testcase time="0.597999999999999" classname="table_ent" name="ENT02_IT_is_produced_correctly"/>
    <testcase time="2.25300000000001" classname="table_ent" name="ENT02a_IT_is_produced_correctly"/>
    <testcase time="0.744" classname="table_ent" name="ENT02a_IT_is_produced_correctly"/>
  </testsuite>
  <testsuite name="table_eudrat01" timestamp="2024-11-08T16:54:04Z" hostname="ae11c703dc60" tests="2" skipped="0" failures="0" errors="0" time="0.544">
    <testcase time="0.419999999999987" classname="table_eudrat01" name="EUDRAT01_is_produced_correctly"/>
    <testcase time="0.123999999999995" classname="table_eudrat01" name="EUDRAT01_is_produced_correctly"/>
  </testsuite>
  <testsuite name="table_eudrat02" timestamp="2024-11-08T16:54:04Z" hostname="ae11c703dc60" tests="2" skipped="0" failures="0" errors="0" time="0.428">
    <testcase time="0.331000000000017" classname="table_eudrat02" name="EUDRAT02_is_produced_correctly"/>
    <testcase time="0.09699999999998" classname="table_eudrat02" name="EUDRAT02_is_produced_correctly"/>
  </testsuite>
  <testsuite name="table_ext01" timestamp="2024-11-08T16:54:05Z" hostname="ae11c703dc60" tests="6" skipped="0" failures="0" errors="0" time="1.439">
    <testcase time="0.320999999999998" classname="table_ext01" name="EXT01_default_variant_with_numeric_parameters_is_produced_correctly"/>
    <testcase time="0.181000000000012" classname="table_ext01" name="EXT01_default_variant_with_numeric_parameters_is_produced_correctly"/>
    <testcase time="0.234999999999985" classname="table_ext01" name="EXT01_variant_with_both_numeric_and_categorical_parameters"/>
    <testcase time="0.181000000000012" classname="table_ext01" name="EXT01_variant_with_both_numeric_and_categorical_parameters"/>
    <testcase time="0.296999999999997" classname="table_ext01" name="EXT01_variant_with_user_specified_categories_for_missed_doses"/>
    <testcase time="0.22399999999999" classname="table_ext01" name="EXT01_variant_with_user_specified_categories_for_missed_doses"/>
  </testsuite>
  <testsuite name="table_lbt01" timestamp="2024-11-08T16:54:07Z" hostname="ae11c703dc60" tests="2" skipped="0" failures="0" errors="0" time="1.854">
    <testcase time="1.40600000000001" classname="table_lbt01" name="LBT01_default_variant_is_produced_correctly"/>
    <testcase time="0.448000000000008" classname="table_lbt01" name="LBT01_default_variant_is_produced_correctly"/>
  </testsuite>
  <testsuite name="table_lbt02" timestamp="2024-11-08T16:54:08Z" hostname="ae11c703dc60" tests="2" skipped="0" failures="0" errors="0" time="1.286">
    <testcase time="0.784999999999997" classname="table_lbt02" name="LBT02_default_variant_is_produced_correctly"/>
    <testcase time="0.501000000000005" classname="table_lbt02" name="LBT02_default_variant_is_produced_correctly"/>
  </testsuite>
  <testsuite name="table_lbt03" timestamp="2024-11-08T16:54:09Z" hostname="ae11c703dc60" tests="2" skipped="0" failures="0" errors="0" time="0.238">
    <testcase time="0.146999999999991" classname="table_lbt03" name="LBT03_default_variant_is_produced_correctly"/>
    <testcase time="0.0910000000000082" classname="table_lbt03" name="LBT03_default_variant_is_produced_correctly"/>
  </testsuite>
  <testsuite name="table_lbt04" timestamp="2024-11-08T16:54:10Z" hostname="ae11c703dc60" tests="2" skipped="0" failures="0" errors="0" time="1.202">
    <testcase time="1.01399999999998" classname="table_lbt04" name="LBT04_default_variant_is_produced_correctly"/>
    <testcase time="0.188000000000017" classname="table_lbt04" name="LBT04_default_variant_is_produced_correctly"/>
  </testsuite>
  <testsuite name="table_lbt05" timestamp="2024-11-08T16:54:11Z" hostname="ae11c703dc60" tests="6" skipped="0" failures="0" errors="0" time="6.199">
    <testcase time="1.982" classname="table_lbt05" name="LBT05_variant_1_is_produced_correctly"/>
    <testcase time="0.370000000000005" classname="table_lbt05" name="LBT05_variant_1_is_produced_correctly"/>
    <testcase time="1.374" classname="table_lbt05" name="LBT05_variant_2_is_produced_correctly"/>
    <testcase time="0.484999999999985" classname="table_lbt05" name="LBT05_variant_2_is_produced_correctly"/>
    <testcase time="1.63200000000001" classname="table_lbt05" name="LBT05_variant_4_is_produced_correctly"/>
    <testcase time="0.355999999999995" classname="table_lbt05" name="LBT05_variant_4_is_produced_correctly"/>
  </testsuite>
  <testsuite name="table_lbt06" timestamp="2024-11-08T16:54:17Z" hostname="ae11c703dc60" tests="2" skipped="0" failures="0" errors="0" time="0.496">
    <testcase time="0.321000000000026" classname="table_lbt06" name="LBT06_default_variant_is_produced_correctly"/>
    <testcase time="0.174999999999983" classname="table_lbt06" name="LBT06_default_variant_is_produced_correctly"/>
  </testsuite>
  <testsuite name="table_lbt07" timestamp="2024-11-08T16:54:18Z" hostname="ae11c703dc60" tests="2" skipped="0" failures="0" errors="0" time="2.298">
    <testcase time="2.006" classname="table_lbt07" name="LBT07_is_produced_correctly"/>
    <testcase time="0.292000000000002" classname="table_lbt07" name="LBT07_is_produced_correctly"/>
  </testsuite>
  <testsuite name="table_lbt08" timestamp="2024-11-08T16:54:20Z" hostname="ae11c703dc60" tests="2" skipped="0" failures="0" errors="0" time="0.387">
    <testcase time="0.263000000000005" classname="table_lbt08" name="LBT08_produce_correctly"/>
    <testcase time="0.123999999999995" classname="table_lbt08" name="LBT08_produce_correctly"/>
  </testsuite>
  <testsuite name="table_lbt09" timestamp="2024-11-08T16:54:20Z" hostname="ae11c703dc60" tests="4" skipped="0" failures="0" errors="0" time="0.922">
    <testcase time="0.319999999999993" classname="table_lbt09" name="LBT09_variant_1_works_as_expected"/>
    <testcase time="0.15100000000001" classname="table_lbt09" name="LBT09_variant_1_works_as_expected"/>
    <testcase time="0.300999999999988" classname="table_lbt09" name="LBT09_variant_2_works_as_expected"/>
    <testcase time="0.150000000000006" classname="table_lbt09" name="LBT09_variant_2_works_as_expected"/>
  </testsuite>
  <testsuite name="table_lbt10" timestamp="2024-11-08T16:54:21Z" hostname="ae11c703dc60" tests="4" skipped="0" failures="0" errors="0" time="1.224">
    <testcase time="0.694999999999993" classname="table_lbt10" name="LBT10_variant_1_works_as_expected"/>
    <testcase time="0.0720000000000027" classname="table_lbt10" name="LBT10_variant_1_works_as_expected"/>
    <testcase time="0.396999999999991" classname="table_lbt10" name="LBT10_variant_2_works_as_expected"/>
    <testcase time="0.0600000000000023" classname="table_lbt10" name="LBT10_variant_2_works_as_expected"/>
  </testsuite>
  <testsuite name="table_lbt10_bl" timestamp="2024-11-08T16:54:22Z" hostname="ae11c703dc60" tests="4" skipped="0" failures="0" errors="0" time="0.496">
    <testcase time="0.239000000000004" classname="table_lbt10_bl" name="LBT10_BL_variant_1_works_as_expected"/>
    <testcase time="0.0819999999999936" classname="table_lbt10_bl" name="LBT10_BL_variant_1_works_as_expected"/>
    <testcase time="0.115000000000009" classname="table_lbt10_bl" name="LBT10_BL_variant_2_works_as_expected"/>
    <testcase time="0.0600000000000023" classname="table_lbt10_bl" name="LBT10_BL_variant_2_works_as_expected"/>
  </testsuite>
  <testsuite name="table_lbt11" timestamp="2024-11-08T16:54:23Z" hostname="ae11c703dc60" tests="6" skipped="0" failures="0" errors="0" time="0.723">
    <testcase time="0.182999999999993" classname="table_lbt11" name="LBT11_variant_1_works_as_expected"/>
    <testcase time="0.0939999999999941" classname="table_lbt11" name="LBT11_variant_1_works_as_expected"/>
    <testcase time="0.099000000000018" classname="table_lbt11" name="LBT11_variant_2_works_as_expected"/>
    <testcase time="0.078000000000003" classname="table_lbt11" name="LBT11_variant_2_works_as_expected"/>
    <testcase time="0.161000000000001" classname="table_lbt11" name="LBT11_variant_3_works_as_expected"/>
    <testcase time="0.108000000000004" classname="table_lbt11" name="LBT11_variant_3_works_as_expected"/>
  </testsuite>
  <testsuite name="table_lbt11_bl" timestamp="2024-11-08T16:54:24Z" hostname="ae11c703dc60" tests="6" skipped="0" failures="0" errors="0" time="0.81">
    <testcase time="0.198999999999984" classname="table_lbt11_bl" name="LBT11_BL_variant_1_works_as_expected"/>
    <testcase time="0.0939999999999941" classname="table_lbt11_bl" name="LBT11_BL_variant_1_works_as_expected"/>
    <testcase time="0.115000000000009" classname="table_lbt11_bl" name="LBT11_BL_variant_2_works_as_expected"/>
    <testcase time="0.0790000000000077" classname="table_lbt11_bl" name="LBT11_BL_variant_2_works_as_expected"/>
    <testcase time="0.198999999999984" classname="table_lbt11_bl" name="LBT11_BL_variant_3_works_as_expected"/>
    <testcase time="0.123999999999995" classname="table_lbt11_bl" name="LBT11_BL_variant_3_works_as_expected"/>
  </testsuite>
  <testsuite name="table_lbt12" timestamp="2024-11-08T16:54:24Z" hostname="ae11c703dc60" tests="2" skipped="0" failures="0" errors="0" time="0.602">
    <testcase time="0.52200000000002" classname="table_lbt12" name="LBT12_works_as_expected"/>
    <testcase time="0.0799999999999841" classname="table_lbt12" name="LBT12_works_as_expected"/>
  </testsuite>
  <testsuite name="table_lbt12_bl" timestamp="2024-11-08T16:54:25Z" hostname="ae11c703dc60" tests="2" skipped="0" failures="0" errors="0" time="0.34">
    <testcase time="0.26600000000002" classname="table_lbt12_bl" name="LBT12_BL_works_as_expected"/>
    <testcase time="0.0739999999999839" classname="table_lbt12_bl" name="LBT12_BL_works_as_expected"/>
  </testsuite>
  <testsuite name="table_lbt13" timestamp="2024-11-08T16:54:26Z" hostname="ae11c703dc60" tests="10" skipped="0" failures="0" errors="0" time="2.133">
    <testcase time="0.740000000000009" classname="table_lbt13" name="LBT13_variant_1_LOW_works_as_expected"/>
    <testcase time="0.0910000000000082" classname="table_lbt13" name="LBT13_variant_1_LOW_works_as_expected"/>
    <testcase time="0.131" classname="table_lbt13" name="LBT13_variant_2_HIGH_works_as_expected"/>
    <testcase time="0.0699999999999932" classname="table_lbt13" name="LBT13_variant_2_HIGH_works_as_expected"/>
    <testcase time="0.22199999999998" classname="table_lbt13" name="LBT13_variant_3_LOW_without_baseline_missing_works_as_expected"/>
    <testcase time="0.0829999999999984" classname="table_lbt13" name="LBT13_variant_3_LOW_without_baseline_missing_works_as_expected"/>
    <testcase time="0.13900000000001" classname="table_lbt13" name="LBT13_variant_4_HIGH_with_missing_baseline_considered_as_grade_0_works_as_expected"/>
    <testcase time="0.061000000000007" classname="table_lbt13" name="LBT13_variant_4_HIGH_with_missing_baseline_considered_as_grade_0_works_as_expected"/>
    <testcase time="0.391999999999996" classname="table_lbt13" name="LBT14_variant_5_HIGH_with_filled_in_grades_works_as_expected"/>
    <testcase time="0.204000000000008" classname="table_lbt13" name="LBT14_variant_5_HIGH_with_filled_in_grades_works_as_expected"/>
  </testsuite>
  <testsuite name="table_lbt14" timestamp="2024-11-08T16:54:28Z" hostname="ae11c703dc60" tests="10" skipped="0" failures="0" errors="0" time="27.357">
    <testcase time="5.36499999999998" classname="table_lbt14" name="LBT14_variant_1_HIGH_works_as_expected"/>
    <testcase time="0.435000000000002" classname="table_lbt14" name="LBT14_variant_1_HIGH_works_as_expected"/>
    <testcase time="4.79400000000001" classname="table_lbt14" name="LBT14_variant_2_LOW_works_as_expected"/>
    <testcase time="0.299000000000007" classname="table_lbt14" name="LBT14_variant_2_LOW_works_as_expected"/>
    <testcase time="3.197" classname="table_lbt14" name="LBT14_variant_3_LOW_without_baseline_missing_works_as_expected"/>
    <testcase time="0.387999999999977" classname="table_lbt14" name="LBT14_variant_3_LOW_without_baseline_missing_works_as_expected"/>
    <testcase time="4.697" classname="table_lbt14" name="LBT14_variant_4_LOW_and_force_1_missing_both_baseline_and_post_baseline_then_force_the_missing_baseline_as_0_as_expected"/>
    <testcase time="0.253000000000014" classname="table_lbt14" name="LBT14_variant_4_LOW_and_force_1_missing_both_baseline_and_post_baseline_then_force_the_missing_baseline_as_0_as_expected"/>
    <testcase time="5.43899999999999" classname="table_lbt14" name="LBT14_variant_5_HIGH_with_fillings_works_as_expected"/>
    <testcase time="2.49000000000001" classname="table_lbt14" name="LBT14_variant_5_HIGH_with_fillings_works_as_expected"/>
  </testsuite>
  <testsuite name="table_lbt15" timestamp="2024-11-08T16:54:55Z" hostname="ae11c703dc60" tests="4" skipped="0" failures="0" errors="0" time="1.431">
    <testcase time="0.579999999999984" classname="table_lbt15" name="LBT15_variant_1_works_as_expected"/>
    <testcase time="0.181000000000012" classname="table_lbt15" name="LBT15_variant_1_works_as_expected"/>
    <testcase time="0.48599999999999" classname="table_lbt15" name="LBT15_variant_2_works_as_expected"/>
    <testcase time="0.183999999999997" classname="table_lbt15" name="LBT15_variant_2_works_as_expected"/>
  </testsuite>
  <testsuite name="table_lgrt02" timestamp="2024-11-08T16:54:56Z" hostname="ae11c703dc60" tests="8" skipped="0" failures="0" errors="0" time="2.658">
    <testcase time="0.481000000000023" classname="table_lgrt02" name="LGRT02_without_interaction_term_is_produced_correctly"/>
    <testcase time="0.132999999999981" classname="table_lgrt02" name="LGRT02_without_interaction_term_is_produced_correctly"/>
    <testcase time="0.560000000000002" classname="table_lgrt02" name="LGRT02_with_categorical_interaction_is_produced_correctly"/>
    <testcase time="0.170000000000016" classname="table_lgrt02" name="LGRT02_with_categorical_interaction_is_produced_correctly"/>
    <testcase time="0.535999999999973" classname="table_lgrt02" name="LGRT02_with_continuous_interaction_is_produced_correctly"/>
    <testcase time="0.173000000000002" classname="table_lgrt02" name="LGRT02_with_continuous_interaction_is_produced_correctly"/>
    <testcase time="0.471000000000004" classname="table_lgrt02" name="LGRT02_with_setting_values_indicating_an_event_and_custom_alpha_level_is_produced_correctly"/>
    <testcase time="0.134000000000015" classname="table_lgrt02" name="LGRT02_with_setting_values_indicating_an_event_and_custom_alpha_level_is_produced_correctly"/>
  </testsuite>
  <testsuite name="table_mht01" timestamp="2024-11-08T16:54:59Z" hostname="ae11c703dc60" tests="8" skipped="0" failures="0" errors="0" time="1.452">
    <testcase time="0.300999999999988" classname="table_mht01" name="MHT01_variant_1_is_produced_accurately"/>
    <testcase time="0.126000000000005" classname="table_mht01" name="MHT01_variant_1_is_produced_accurately"/>
    <testcase time="0.105999999999995" classname="table_mht01" name="MHT01_variant_2_is_produced_accurately"/>
    <testcase time="0.0690000000000168" classname="table_mht01" name="MHT01_variant_2_is_produced_accurately"/>
    <testcase time="0.245999999999981" classname="table_mht01" name="MHT01_variant_3_is_produced_accurately"/>
    <testcase time="0.123000000000019" classname="table_mht01" name="MHT01_variant_3_is_produced_accurately"/>
    <testcase time="0.319999999999993" classname="table_mht01" name="MHT01_variant_5_is_produced_accurately"/>
    <testcase time="0.161000000000001" classname="table_mht01" name="MHT01_variant_5_is_produced_accurately"/>
  </testsuite>
  <testsuite name="table_onct05" timestamp="2024-11-08T16:55:00Z" hostname="ae11c703dc60" tests="8" skipped="0" failures="0" errors="0" time="1.952">
    <testcase time="0.427999999999997" classname="table_onct05" name="ONCT05_variant_1_Objective_Response_Rate_by_Subgroup_is_produced_correctly"/>
    <testcase time="0.114000000000004" classname="table_onct05" name="ONCT05_variant_1_Objective_Response_Rate_by_Subgroup_is_produced_correctly"/>
    <testcase time="0.443999999999988" classname="table_onct05" name="ONCT05_variant_2_Specifying_class_variables_is_produced_correctly"/>
    <testcase time="0.123999999999995" classname="table_onct05" name="ONCT05_variant_2_Specifying_class_variables_is_produced_correctly"/>
    <testcase time="0.188000000000017" classname="table_onct05" name="ONCT05_variant_3_selecting_columns_and_changing_the_alpha_level_is_produced_correctly"/>
    <testcase time="0.109999999999985" classname="table_onct05" name="ONCT05_variant_3_selecting_columns_and_changing_the_alpha_level_is_produced_correctly"/>
    <testcase time="0.432000000000016" classname="table_onct05" name="ONCT05_variant_4_setting_values_indicating_response_is_produced_correctly"/>
    <testcase time="0.111999999999995" classname="table_onct05" name="ONCT05_variant_4_setting_values_indicating_response_is_produced_correctly"/>
  </testsuite>
  <testsuite name="table_pdt01" timestamp="2024-11-08T16:55:02Z" hostname="ae11c703dc60" tests="2" skipped="0" failures="0" errors="0" time="0.404">
    <testcase time="0.24799999999999" classname="table_pdt01" name="PDT01_is_produced_correctly"/>
    <testcase time="0.156000000000006" classname="table_pdt01" name="PDT01_is_produced_correctly"/>
  </testsuite>
  <testsuite name="table_pdt02" timestamp="2024-11-08T16:55:03Z" hostname="ae11c703dc60" tests="2" skipped="0" failures="0" errors="0" time="0.232">
    <testcase time="0.157000000000011" classname="table_pdt02" name="PDT02_is_produced_correctly"/>
    <testcase time="0.0749999999999886" classname="table_pdt02" name="PDT02_is_produced_correctly"/>
  </testsuite>
  <testsuite name="table_pkct01" timestamp="2024-11-08T16:55:03Z" hostname="ae11c703dc60" tests="10" skipped="0" failures="0" errors="0" time="2.997">
    <testcase time="0.265999999999991" classname="table_pkct01" name="PKCT01_is_produced_correctly"/>
    <testcase time="0.085000000000008" classname="table_pkct01" name="PKCT01_is_produced_correctly"/>
    <testcase time="0.129999999999995" classname="table_pkct01" name="PKCT01_is_produced_correctly"/>
    <testcase time="0.054000000000002" classname="table_pkct01" name="PKCT01_is_produced_correctly"/>
    <testcase time="0.847000000000008" classname="table_pkct01" name="Specific_PKCT01_features_are_present"/>
    <testcase time="0.213999999999999" classname="table_pkct01" name="Specific_PKCT01_features_are_present"/>
    <testcase time="0.192000000000007" classname="table_pkct01" name="Specific_PKCT01_features_are_present"/>
    <testcase time="0.0029999999999859" classname="table_pkct01" name="Specific_PKCT01_features_are_present"/>
    <testcase time="0.668000000000006" classname="table_pkct01" name="Specific_PKCT01_features_are_present"/>
    <testcase time="0.538000000000011" classname="table_pkct01" name="Specific_PKCT01_features_are_present"/>
  </testsuite>
  <testsuite name="table_pkpt02" timestamp="2024-11-08T16:55:06Z" hostname="ae11c703dc60" tests="2" skipped="0" failures="0" errors="0" time="0.519">
    <testcase time="0.292999999999978" classname="table_pkpt02" name="PKPT02_is_produced_correctly_for_Drug_X"/>
    <testcase time="0.225999999999999" classname="table_pkpt02" name="PKPT02_is_produced_correctly_for_Drug_X"/>
  </testsuite>
  <testsuite name="table_pkpt03" timestamp="2024-11-08T16:55:06Z" hostname="ae11c703dc60" tests="2" skipped="0" failures="0" errors="0" time="1.101">
    <testcase time="0.908000000000015" classname="table_pkpt03" name="PKPT03_Drug_X_is_produced_correctly"/>
    <testcase time="0.192999999999984" classname="table_pkpt03" name="PKPT03_Drug_X_is_produced_correctly"/>
  </testsuite>
  <testsuite name="table_pkpt04" timestamp="2024-11-08T16:55:08Z" hostname="ae11c703dc60" tests="2" skipped="0" failures="0" errors="0" time="0.194">
    <testcase time="0.0940000000000225" classname="table_pkpt04" name="PKPT04_is_produced_correctly_for_Drug_X"/>
    <testcase time="0.0999999999999943" classname="table_pkpt04" name="PKPT04_is_produced_correctly_for_Drug_X"/>
  </testsuite>
  <testsuite name="table_pkpt05" timestamp="2024-11-08T16:55:08Z" hostname="ae11c703dc60" tests="2" skipped="0" failures="0" errors="0" time="0.382">
    <testcase time="0.276999999999987" classname="table_pkpt05" name="PKPT05_Drug_X_is_produced_correctly"/>
    <testcase time="0.105000000000018" classname="table_pkpt05" name="PKPT05_Drug_X_is_produced_correctly"/>
  </testsuite>
  <testsuite name="table_pkpt06" timestamp="2024-11-08T16:55:08Z" hostname="ae11c703dc60" tests="4" skipped="0" failures="0" errors="0" time="0.267">
    <testcase time="0.102000000000004" classname="table_pkpt06" name="PKPT06_is_produced_correctly_for_Drug_X"/>
    <testcase time="0.0609999999999786" classname="table_pkpt06" name="PKPT06_is_produced_correctly_for_Drug_X"/>
    <testcase time="0.0490000000000066" classname="table_pkpt06" name="PKPT06_is_produced_correctly_for_Drug_Y"/>
    <testcase time="0.0550000000000068" classname="table_pkpt06" name="PKPT06_is_produced_correctly_for_Drug_Y"/>
  </testsuite>
  <testsuite name="table_pkpt07" timestamp="2024-11-08T16:55:08Z" hostname="ae11c703dc60" tests="4" skipped="0" failures="0" errors="0" time="0.535">
    <testcase time="0.212999999999994" classname="table_pkpt07" name="PKPT07_Drug_X_is_produced_correctly"/>
    <testcase time="0.111999999999995" classname="table_pkpt07" name="PKPT07_Drug_X_is_produced_correctly"/>
    <testcase time="0.109000000000009" classname="table_pkpt07" name="PKPT07_Drug_Y_is_produced_correctly"/>
    <testcase time="0.100999999999999" classname="table_pkpt07" name="PKPT07_Drug_Y_is_produced_correctly"/>
  </testsuite>
  <testsuite name="table_ratet01" timestamp="2024-11-08T16:55:09Z" hostname="ae11c703dc60" tests="2" skipped="0" failures="0" errors="0" time="0.67">
    <testcase time="0.532999999999987" classname="table_ratet01" name="RATET01_is_produced_correctly"/>
    <testcase time="0.137" classname="table_ratet01" name="RATET01_is_produced_correctly"/>
  </testsuite>
  <testsuite name="table_rmpt01" timestamp="2024-11-08T16:55:10Z" hostname="ae11c703dc60" tests="2" skipped="0" failures="0" errors="0" time="0.184">
    <testcase time="0.12700000000001" classname="table_rmpt01" name="RMPT01_is_produced_correctly"/>
    <testcase time="0.0569999999999879" classname="table_rmpt01" name="RMPT01_is_produced_correctly"/>
  </testsuite>
  <testsuite name="table_rmpt03" timestamp="2024-11-08T16:55:10Z" hostname="ae11c703dc60" tests="4" skipped="0" failures="0" errors="0" time="0.541">
    <testcase time="0.202000000000027" classname="table_rmpt03" name="RMPT03_variant_1_is_produced_correctly"/>
    <testcase time="0.0909999999999798" classname="table_rmpt03" name="RMPT03_variant_1_is_produced_correctly"/>
    <testcase time="0.14700000000002" classname="table_rmpt03" name="RMPT03_variant_2_is_produced_correctly"/>
    <testcase time="0.100999999999999" classname="table_rmpt03" name="RMPT03_variant_2_is_produced_correctly"/>
  </testsuite>
  <testsuite name="table_rmpt04" timestamp="2024-11-08T16:55:10Z" hostname="ae11c703dc60" tests="2" skipped="0" failures="0" errors="0" time="0.183">
    <testcase time="0.125999999999976" classname="table_rmpt04" name="RMPT04_variant_1_is_produced_correctly"/>
    <testcase time="0.0570000000000164" classname="table_rmpt04" name="RMPT04_variant_1_is_produced_correctly"/>
  </testsuite>
  <testsuite name="table_rmpt05" timestamp="2024-11-08T16:55:11Z" hostname="ae11c703dc60" tests="2" skipped="0" failures="0" errors="0" time="0.225">
    <testcase time="0.157999999999987" classname="table_rmpt05" name="RMPT05_is_produced_correctly"/>
    <testcase time="0.0670000000000073" classname="table_rmpt05" name="RMPT05_is_produced_correctly"/>
  </testsuite>
  <testsuite name="table_rmpt06" timestamp="2024-11-08T16:55:11Z" hostname="ae11c703dc60" tests="8" skipped="0" failures="0" errors="0" time="1.518">
    <testcase time="0.307999999999993" classname="table_rmpt06" name="RMPT06_variant_1_is_produced_correctly"/>
    <testcase time="0.109000000000009" classname="table_rmpt06" name="RMPT06_variant_1_is_produced_correctly"/>
    <testcase time="0.200999999999993" classname="table_rmpt06" name="RMPT06_variant_2_is_produced_correctly"/>
    <testcase time="0.0810000000000173" classname="table_rmpt06" name="RMPT06_variant_2_is_produced_correctly"/>
    <testcase time="0.292000000000002" classname="table_rmpt06" name="RMPT06_variant_3_is_produced_correctly"/>
    <testcase time="0.109999999999985" classname="table_rmpt06" name="RMPT06_variant_3_is_produced_correctly"/>
    <testcase time="0.278999999999996" classname="table_rmpt06" name="RMPT06_variant_4_is_produced_correctly"/>
    <testcase time="0.138000000000005" classname="table_rmpt06" name="RMPT06_variant_4_is_produced_correctly"/>
  </testsuite>
  <testsuite name="table_rspt01" timestamp="2024-11-08T16:55:12Z" hostname="ae11c703dc60" tests="12" skipped="0" failures="0" errors="0" time="2.309">
    <testcase time="0.27000000000001" classname="table_rspt01" name="RSPT01_1._Best_Overall_Response"/>
    <testcase time="0.119" classname="table_rspt01" name="RSPT01_1._Best_Overall_Response"/>
    <testcase time="0.240999999999985" classname="table_rspt01" name="RSPT01_2._Best_Overall_Response_selecting_sections_to_display_"/>
    <testcase time="0.106999999999999" classname="table_rspt01" name="RSPT01_2._Best_Overall_Response_selecting_sections_to_display_"/>
    <testcase time="0.298000000000002" classname="table_rspt01" name="RSPT01_3._Best_Overall_Response_modifying_settings_"/>
    <testcase time="0.122000000000014" classname="table_rspt01" name="RSPT01_3._Best_Overall_Response_modifying_settings_"/>
    <testcase time="0.323999999999984" classname="table_rspt01" name="RSPT01_4._Best_Overall_Response_with_stratified_analysis_"/>
    <testcase time="0.140000000000015" classname="table_rspt01" name="RSPT01_4._Best_Overall_Response_with_stratified_analysis_"/>
    <testcase time="0.256" classname="table_rspt01" name="RSPT01_5._Best_Overall_Response_modifying_the_definition_of_overall_response_"/>
    <testcase time="0.106999999999999" classname="table_rspt01" name="RSPT01_5._Best_Overall_Response_modifying_the_definition_of_overall_response_"/>
    <testcase time="0.212999999999994" classname="table_rspt01" name="RSPT01_6._Best_Overall_Response_define_new_sections_to_display_"/>
    <testcase time="0.111999999999995" classname="table_rspt01" name="RSPT01_6._Best_Overall_Response_define_new_sections_to_display_"/>
  </testsuite>
  <testsuite name="table_ttet01" timestamp="2024-11-08T16:55:15Z" hostname="ae11c703dc60" tests="14" skipped="0" failures="0" errors="0" time="3.378">
    <testcase time="0.38300000000001" classname="table_ttet01" name="TTET01_default_variant_is_produced_correctly"/>
    <testcase time="0.176999999999992" classname="table_ttet01" name="TTET01_default_variant_is_produced_correctly"/>
    <testcase time="0.389999999999986" classname="table_ttet01" name="TTET01_default_variant_with_Placebo_arm"/>
    <testcase time="0.175000000000011" classname="table_ttet01" name="TTET01_default_variant_with_Placebo_arm"/>
    <testcase time="0.186000000000007" classname="table_ttet01" name="TTET01_variant_2_selecting_sections_to_display"/>
    <testcase time="0.128999999999991" classname="table_ttet01" name="TTET01_variant_2_selecting_sections_to_display"/>
    <testcase time="0.293000000000006" classname="table_ttet01" name="TTET01_variant_3_modifying_analysis_details_like_conftype_ties_alpha_level"/>
    <testcase time="0.157000000000011" classname="table_ttet01" name="TTET01_variant_3_modifying_analysis_details_like_conftype_ties_alpha_level"/>
    <testcase time="0.33499999999998" classname="table_ttet01" name="TTET01_variant_4_with_stratified_analysis"/>
    <testcase time="0.164000000000016" classname="table_ttet01" name="TTET01_variant_4_with_stratified_analysis"/>
    <testcase time="0.310000000000002" classname="table_ttet01" name="TTET01_variant_5_modifying_time_point"/>
    <testcase time="0.153999999999996" classname="table_ttet01" name="TTET01_variant_5_modifying_time_point"/>
    <testcase time="0.383999999999986" classname="table_ttet01" name="TTET01_variant_6_requesting_more_than_one_p_value"/>
    <testcase time="0.14100000000002" classname="table_ttet01" name="TTET01_variant_6_requesting_more_than_one_p_value"/>
  </testsuite>
  <testsuite name="table_vst01" timestamp="2024-11-08T16:55:18Z" hostname="ae11c703dc60" tests="2" skipped="0" failures="0" errors="0" time="1.052">
    <testcase time="0.733000000000004" classname="table_vst01" name="VST01_default_variant_is_produced_correctly"/>
    <testcase time="0.319000000000017" classname="table_vst01" name="VST01_default_variant_is_produced_correctly"/>
  </testsuite>
  <testsuite name="table_vst02" timestamp="2024-11-08T16:55:19Z" hostname="ae11c703dc60" tests="4" skipped="0" failures="0" errors="0" time="0.905">
    <testcase time="0.367999999999995" classname="table_vst02" name="1._Vital_Sign_Abnormalities_Regardless_of_Abnormality_at_Baseline_VST02_1_"/>
    <testcase time="0.133999999999986" classname="table_vst02" name="1._Vital_Sign_Abnormalities_Regardless_of_Abnormality_at_Baseline_VST02_1_"/>
    <testcase time="0.287000000000006" classname="table_vst02" name="2._Vital_Sign_Abnormalities_Among_Subject_Without_Abnormality_at_Baseline_VST02_2_"/>
    <testcase time="0.116000000000014" classname="table_vst02" name="2._Vital_Sign_Abnormalities_Among_Subject_Without_Abnormality_at_Baseline_VST02_2_"/>
  </testsuite>
</testsuites>
