<?xml version="1.0" encoding="UTF-8"?>
<testsuites>
  <testsuite name="listing_adal02" timestamp="2024-01-09T21:38:28Z" hostname="6094bde9e9e5" tests="2" skipped="1" failures="0" errors="0" time="0.313">
    <testcase time="0.128" classname="listing_adal02" name="ADAL02_listing_is_produced_correctly"/>
    <testcase time="0.185" classname="listing_adal02" name="ADAL02_listing_is_produced_correctly">
      <skipped message="Reason: On CRAN ('test-listing_adal02.R:109:3')"/>
    </testcase>
  </testsuite>
  <testsuite name="listing_ael01" timestamp="2024-01-09T21:38:28Z" hostname="6094bde9e9e5" tests="2" skipped="1" failures="0" errors="0" time="0.24">
    <testcase time="0.0740000000000003" classname="listing_ael01" name="AEL01_listing_is_produced_correctly"/>
    <testcase time="0.166" classname="listing_ael01" name="AEL01_listing_is_produced_correctly">
      <skipped message="Reason: On CRAN ('test-listing_ael01.R:20:3')"/>
    </testcase>
  </testsuite>
  <testsuite name="listing_ael01_nollt" timestamp="2024-01-09T21:38:28Z" hostname="6094bde9e9e5" tests="2" skipped="1" failures="0" errors="0" time="0.086">
    <testcase time="0.0549999999999997" classname="listing_ael01_nollt" name="AEL01_NOLLT_listing_is_produced_correctly"/>
    <testcase time="0.0310000000000001" classname="listing_ael01_nollt" name="AEL01_NOLLT_listing_is_produced_correctly">
      <skipped message="Reason: On CRAN ('test-listing_ael01_nollt.R:23:3')"/>
    </testcase>
  </testsuite>
  <testsuite name="listing_ael02" timestamp="2024-01-09T21:38:28Z" hostname="6094bde9e9e5" tests="1" skipped="1" failures="0" errors="0" time="0.482">
    <testcase time="0.482" classname="listing_ael02" name="AEL02_listing_is_produced_correctly">
      <skipped message="Reason: On CRAN ('test-listing_ael02.R:60:3')"/>
    </testcase>
  </testsuite>
  <testsuite name="listing_ael02_ed" timestamp="2024-01-09T21:38:29Z" hostname="6094bde9e9e5" tests="1" skipped="1" failures="0" errors="0" time="0.36">
    <testcase time="0.36" classname="listing_ael02_ed" name="AEL02_ED_listing_is_produced_correctly">
      <skipped message="Reason: On CRAN ('test-listing_ael02_ed.R:77:3')"/>
    </testcase>
  </testsuite>
  <testsuite name="listing_ael03" timestamp="2024-01-09T21:38:29Z" hostname="6094bde9e9e5" tests="1" skipped="1" failures="0" errors="0" time="0.294">
    <testcase time="0.294" classname="listing_ael03" name="AEL03_listing_is_produced_correctly">
      <skipped message="Reason: On CRAN ('test-listing_ael03.R:73:3')"/>
    </testcase>
  </testsuite>
  <testsuite name="listing_ael04" timestamp="2024-01-09T21:38:29Z" hostname="6094bde9e9e5" tests="2" skipped="1" failures="0" errors="0" time="0.219">
    <testcase time="0.0450000000000008" classname="listing_ael04" name="AEL04_listing_is_produced_correctly"/>
    <testcase time="0.173999999999999" classname="listing_ael04" name="AEL04_listing_is_produced_correctly">
      <skipped message="Reason: On CRAN ('test-listing_ael04.R:30:3')"/>
    </testcase>
  </testsuite>
  <testsuite name="listing_cml01" timestamp="2024-01-09T21:38:30Z" hostname="6094bde9e9e5" tests="2" skipped="1" failures="0" errors="0" time="0.336">
    <testcase time="0.0730000000000004" classname="listing_cml01" name="CML01_listing_is_produced_correctly"/>
    <testcase time="0.263" classname="listing_cml01" name="CML01_listing_is_produced_correctly">
      <skipped message="Reason: On CRAN ('test-listing_cml01.R:41:3')"/>
    </testcase>
  </testsuite>
  <testsuite name="listing_cml02a_gl" timestamp="2024-01-09T21:38:30Z" hostname="6094bde9e9e5" tests="2" skipped="1" failures="0" errors="0" time="0.08">
    <testcase time="0.0369999999999999" classname="listing_cml02a_gl" name="CML02A_GL_listing_is_produced_correctly"/>
    <testcase time="0.0430000000000001" classname="listing_cml02a_gl" name="CML02A_GL_listing_is_produced_correctly">
      <skipped message="Reason: On CRAN ('test-listing_cml02a_gl.R:19:3')"/>
    </testcase>
  </testsuite>
  <testsuite name="listing_cml02b_gl" timestamp="2024-01-09T21:38:30Z" hostname="6094bde9e9e5" tests="2" skipped="1" failures="0" errors="0" time="0.105">
    <testcase time="0.0489999999999995" classname="listing_cml02b_gl" name="CML02B_GL_listing_is_produced_correctly"/>
    <testcase time="0.056" classname="listing_cml02b_gl" name="CML02B_GL_listing_is_produced_correctly">
      <skipped message="Reason: On CRAN ('test-listing_cml02b_gl.R:22:3')"/>
    </testcase>
  </testsuite>
  <testsuite name="listing_dsl01" timestamp="2024-01-09T21:38:30Z" hostname="6094bde9e9e5" tests="2" skipped="1" failures="0" errors="0" time="0.184">
    <testcase time="0.04" classname="listing_dsl01" name="DSL01_listing_is_produced_correctly"/>
    <testcase time="0.144" classname="listing_dsl01" name="DSL01_listing_is_produced_correctly">
      <skipped message="Reason: On CRAN ('test-listing_dsl01.R:31:3')"/>
    </testcase>
  </testsuite>
  <testsuite name="listing_dsl02" timestamp="2024-01-09T21:38:30Z" hostname="6094bde9e9e5" tests="2" skipped="1" failures="0" errors="0" time="0.08">
    <testcase time="0.0440000000000005" classname="listing_dsl02" name="DSL02_listing_is_produced_correctly"/>
    <testcase time="0.0359999999999996" classname="listing_dsl02" name="DSL02_listing_is_produced_correctly">
      <skipped message="Reason: On CRAN ('test-listing_dsl02.R:37:3')"/>
    </testcase>
  </testsuite>
  <testsuite name="listing_dsur4" timestamp="2024-01-09T21:38:30Z" hostname="6094bde9e9e5" tests="2" skipped="1" failures="0" errors="0" time="0.128">
    <testcase time="0.0380000000000003" classname="listing_dsur4" name="DSUR4_listing_is_produced_correctly"/>
    <testcase time="0.0899999999999999" classname="listing_dsur4" name="DSUR4_listing_is_produced_correctly">
      <skipped message="Reason: On CRAN ('test-listing_dsur4.R:22:3')"/>
    </testcase>
  </testsuite>
  <testsuite name="listing_egl01" timestamp="2024-01-09T21:38:31Z" hostname="6094bde9e9e5" tests="1" skipped="1" failures="0" errors="0" time="0.332">
    <testcase time="0.332" classname="listing_egl01" name="EGL01_listing_is_produced_correctly">
      <skipped message="Reason: On CRAN ('test-listing_egl01.R:61:3')"/>
    </testcase>
  </testsuite>
  <testsuite name="listing_exl01" timestamp="2024-01-09T21:38:31Z" hostname="6094bde9e9e5" tests="1" skipped="1" failures="0" errors="0" time="0.241">
    <testcase time="0.241" classname="listing_exl01" name="EXL01_listing_is_produced_correctly">
      <skipped message="Reason: On CRAN ('test-listing_exl01.R:29:3')"/>
    </testcase>
  </testsuite>
  <testsuite name="listing_lbl01" timestamp="2024-01-09T21:38:31Z" hostname="6094bde9e9e5" tests="1" skipped="1" failures="0" errors="0" time="0.29">
    <testcase time="0.29" classname="listing_lbl01" name="LBL01_listing_is_produced_correctly">
      <skipped message="Reason: On CRAN ('test-listing_lbl01.R:52:3')"/>
    </testcase>
  </testsuite>
  <testsuite name="listing_lbl01_rls" timestamp="2024-01-09T21:38:31Z" hostname="6094bde9e9e5" tests="1" skipped="1" failures="0" errors="0" time="0.285">
    <testcase time="0.285" classname="listing_lbl01_rls" name="LBL01_RLS_listing_is_produced_correctly">
      <skipped message="Reason: On CRAN ('test-listing_lbl01_rls.R:58:3')"/>
    </testcase>
  </testsuite>
  <testsuite name="listing_lbl02a" timestamp="2024-01-09T21:38:32Z" hostname="6094bde9e9e5" tests="2" skipped="1" failures="0" errors="0" time="0.313">
    <testcase time="0.126" classname="listing_lbl02a" name="LBL02A_listing_is_produced_correctly"/>
    <testcase time="0.187" classname="listing_lbl02a" name="LBL02A_listing_is_produced_correctly">
      <skipped message="Reason: On CRAN ('test-listing_lbl02a.R:49:3')"/>
    </testcase>
  </testsuite>
  <testsuite name="listing_lbl02a_rls" timestamp="2024-01-09T21:38:32Z" hostname="6094bde9e9e5" tests="2" skipped="1" failures="0" errors="0" time="0.455">
    <testcase time="0.246" classname="listing_lbl02a_rls" name="LBL02A_RLS_listing_is_produced_correctly"/>
    <testcase time="0.209" classname="listing_lbl02a_rls" name="LBL02A_RLS_listing_is_produced_correctly">
      <skipped message="Reason: On CRAN ('test-listing_lbl02a_rls.R:79:3')"/>
    </testcase>
  </testsuite>
  <testsuite name="listing_lbl02b" timestamp="2024-01-09T21:38:32Z" hostname="6094bde9e9e5" tests="2" skipped="1" failures="0" errors="0" time="0.31">
    <testcase time="0.108000000000001" classname="listing_lbl02b" name="LBL02B_listing_is_produced_correctly"/>
    <testcase time="0.202" classname="listing_lbl02b" name="LBL02B_listing_is_produced_correctly">
      <skipped message="Reason: On CRAN ('test-listing_lbl02b.R:55:3')"/>
    </testcase>
  </testsuite>
  <testsuite name="listing_mhl01" timestamp="2024-01-09T21:38:33Z" hostname="6094bde9e9e5" tests="2" skipped="1" failures="0" errors="0" time="0.267">
    <testcase time="0.0540000000000003" classname="listing_mhl01" name="MHL01_listing_is_produced_correctly"/>
    <testcase time="0.212999999999999" classname="listing_mhl01" name="MHL01_listing_is_produced_correctly">
      <skipped message="Reason: On CRAN ('test-listing_mhl01.R:33:3')"/>
    </testcase>
  </testsuite>
  <testsuite name="listing_oncl01" timestamp="2024-01-09T21:38:33Z" hostname="6094bde9e9e5" tests="1" skipped="1" failures="0" errors="0" time="0.272">
    <testcase time="0.272" classname="listing_oncl01" name="ONCL01_listing_is_produced_correctly">
      <skipped message="Reason: On CRAN ('test-listing_oncl01.R:61:3')"/>
    </testcase>
  </testsuite>
  <testsuite name="listing_pkcl01" timestamp="2024-01-09T21:38:33Z" hostname="6094bde9e9e5" tests="2" skipped="1" failures="0" errors="0" time="0.196">
    <testcase time="0.0640000000000001" classname="listing_pkcl01" name="PKCL01_listing_is_produced_correctly"/>
    <testcase time="0.132" classname="listing_pkcl01" name="PKCL01_listing_is_produced_correctly">
      <skipped message="Reason: On CRAN ('test-listing_pkcl01.R:28:3')"/>
    </testcase>
  </testsuite>
  <testsuite name="listing_pkcl02" timestamp="2024-01-09T21:38:34Z" hostname="6094bde9e9e5" tests="2" skipped="1" failures="0" errors="0" time="0.331">
    <testcase time="0.0850000000000009" classname="listing_pkcl02" name="PKCL02_listing_is_produced_correctly"/>
    <testcase time="0.246" classname="listing_pkcl02" name="PKCL02_listing_is_produced_correctly">
      <skipped message="Reason: On CRAN ('test-listing_pkcl02.R:63:3')"/>
    </testcase>
  </testsuite>
  <testsuite name="listing_pkpl01" timestamp="2024-01-09T21:38:34Z" hostname="6094bde9e9e5" tests="2" skipped="1" failures="0" errors="0" time="0.261">
    <testcase time="0.0579999999999998" classname="listing_pkpl01" name="PKPL01_listing_is_produced_correctly"/>
    <testcase time="0.202999999999999" classname="listing_pkpl01" name="PKPL01_listing_is_produced_correctly">
      <skipped message="Reason: On CRAN ('test-listing_pkpl01.R:38:3')"/>
    </testcase>
  </testsuite>
  <testsuite name="listing_pkpl02" timestamp="2024-01-09T21:38:34Z" hostname="6094bde9e9e5" tests="2" skipped="1" failures="0" errors="0" time="0.228">
    <testcase time="0.0790000000000006" classname="listing_pkpl02" name="PKPL02_listing_is_produced_correctly"/>
    <testcase time="0.148999999999999" classname="listing_pkpl02" name="PKPL02_listing_is_produced_correctly">
      <skipped message="Reason: On CRAN ('test-listing_pkpl02.R:35:3')"/>
    </testcase>
  </testsuite>
  <testsuite name="listing_pkpl04" timestamp="2024-01-09T21:38:34Z" hostname="6094bde9e9e5" tests="2" skipped="1" failures="0" errors="0" time="0.262">
    <testcase time="0.0869999999999997" classname="listing_pkpl04" name="PKPL04_listing_is_produced_correctly"/>
    <testcase time="0.175000000000001" classname="listing_pkpl04" name="PKPL04_listing_is_produced_correctly">
      <skipped message="Reason: On CRAN ('test-listing_pkpl04.R:50:3')"/>
    </testcase>
  </testsuite>
  <testsuite name="listing_vsl01" timestamp="2024-01-09T21:38:35Z" hostname="6094bde9e9e5" tests="1" skipped="1" failures="0" errors="0" time="0.485">
    <testcase time="0.484999999999999" classname="listing_vsl01" name="VSL01_listing_is_produced_correctly">
      <skipped message="Reason: On CRAN ('test-listing_vsl01.R:83:3')"/>
    </testcase>
  </testsuite>
  <testsuite name="pagination_listing" timestamp="2024-01-09T21:38:35Z" hostname="6094bde9e9e5" tests="6" skipped="0" failures="0" errors="0" time="2.245">
    <testcase time="0.0549999999999997" classname="pagination_listing" name="Direct_pagination_works_fine"/>
    <testcase time="0.499000000000001" classname="pagination_listing" name="Direct_pagination_works_fine"/>
    <testcase time="0.00500000000000078" classname="pagination_listing" name="Direct_pagination_works_fine"/>
    <testcase time="0.440999999999999" classname="pagination_listing" name="Direct_pagination_works_fine"/>
    <testcase time="1.243" classname="pagination_listing" name="Direct_pagination_works_fine"/>
    <testcase time="0.00200000000000067" classname="pagination_listing" name="Direct_pagination_works_fine"/>
  </testsuite>
  <testsuite name="pagination_table" timestamp="2024-01-09T21:38:39Z" hostname="6094bde9e9e5" tests="21" skipped="6" failures="0" errors="0" time="14.056">
    <testcase time="2.194" classname="pagination_table" name="Direct_pagination_with_standard_values"/>
    <testcase time="0.00699999999999967" classname="pagination_table" name="Direct_pagination_with_standard_values"/>
    <testcase time="0.00500000000000078" classname="pagination_table" name="Direct_pagination_with_standard_values"/>
    <testcase time="1.532" classname="pagination_table" name="Pagination_with_specific_column_widths_and_minimum_lines_per_page"/>
    <testcase time="0.00500000000000256" classname="pagination_table" name="Pagination_with_specific_column_widths_and_minimum_lines_per_page"/>
    <testcase time="0.106999999999999" classname="pagination_table" name="Pagination_with_specific_column_widths_and_minimum_lines_per_page">
      <skipped message="Reason: On CRAN ('test-pagination_table.R:76:3')"/>
    </testcase>
    <testcase time="1.198" classname="pagination_table" name="Pagination_works_also_if_table_is_decorated"/>
    <testcase time="0.655999999999999" classname="pagination_table" name="Pagination_works_also_if_table_is_decorated"/>
    <testcase time="0.968" classname="pagination_table" name="Pagination_works_also_if_table_is_decorated"/>
    <testcase time="0.794" classname="pagination_table" name="Pagination_works_also_if_table_is_decorated"/>
    <testcase time="1.617" classname="pagination_table" name="Pagination_works_also_if_table_is_decorated"/>
    <testcase time="0.350999999999999" classname="pagination_table" name="Pagination_works_also_if_table_is_decorated"/>
    <testcase time="0.00499999999999901" classname="pagination_table" name="Pagination_works_also_if_table_is_decorated"/>
    <testcase time="0.00900000000000034" classname="pagination_table" name="Pagination_works_also_if_table_is_decorated">
      <skipped message="Reason: On CRAN ('test-pagination_table.R:126:3')"/>
    </testcase>
    <testcase time="0.856999999999999" classname="pagination_table" name="Pagination_works_for_page_types">
      <skipped message="Reason: On CRAN ('test-pagination_table.R:135:3')"/>
    </testcase>
    <testcase time="0.843" classname="pagination_table" name="Pagination_works_for_page_width_and_height">
      <skipped message="Reason: On CRAN ('test-pagination_table.R:148:3')"/>
    </testcase>
    <testcase time="0.940000000000001" classname="pagination_table" name="Pagination_works_for_page_types">
      <skipped message="Reason: On CRAN ('test-pagination_table.R:162:3')"/>
    </testcase>
    <testcase time="1.106" classname="pagination_table" name="AET04_variant_2_page_by_pagination_tests"/>
    <testcase time="0.734999999999999" classname="pagination_table" name="AET04_variant_2_page_by_pagination_tests"/>
    <testcase time="0.00199999999999889" classname="pagination_table" name="AET04_variant_2_page_by_pagination_tests"/>
    <testcase time="0.125" classname="pagination_table" name="AET04_variant_2_page_by_pagination_tests">
      <skipped message="Reason: On CRAN ('test-pagination_table.R:217:3')"/>
    </testcase>
  </testsuite>
  <testsuite name="table_adat03" timestamp="2024-01-09T21:38:51Z" hostname="6094bde9e9e5" tests="2" skipped="1" failures="0" errors="0" time="0.684">
    <testcase time="0.573" classname="table_adat03" name="ADAT03_is_produced_correctly"/>
    <testcase time="0.111000000000001" classname="table_adat03" name="ADAT03_is_produced_correctly">
      <skipped message="Reason: On CRAN ('test-table_adat03.R:72:3')"/>
    </testcase>
  </testsuite>
  <testsuite name="table_aet01" timestamp="2024-01-09T21:38:52Z" hostname="6094bde9e9e5" tests="8" skipped="4" failures="0" errors="0" time="2.207">
    <testcase time="0.507999999999999" classname="table_aet01" name="Safety_Summary_Variant_1_works_as_expected"/>
    <testcase time="0.108000000000001" classname="table_aet01" name="Safety_Summary_Variant_1_works_as_expected">
      <skipped message="Reason: On CRAN ('test-table_aet01.R:105:3')"/>
    </testcase>
    <testcase time="0.43" classname="table_aet01" name="Safety_Summary_Variant_2_with_Medical_Concepts_Section_works_as_expected"/>
    <testcase time="0.123000000000001" classname="table_aet01" name="Safety_Summary_Variant_2_with_Medical_Concepts_Section_works_as_expected">
      <skipped message="Reason: On CRAN ('test-table_aet01.R:171:3')"/>
    </testcase>
    <testcase time="0.353999999999999" classname="table_aet01" name="Safety_Summary_Variant_3_with_Modified_Rows_works_as_expected"/>
    <testcase time="0.0779999999999994" classname="table_aet01" name="Safety_Summary_Variant_3_with_Modified_Rows_works_as_expected">
      <skipped message="Reason: On CRAN ('test-table_aet01.R:232:3')"/>
    </testcase>
    <testcase time="0.490000000000002" classname="table_aet01" name="Safety_Summary_Variant_4_with_Rows_Counting_Events_and_Additional_Sections_works_as_expected"/>
    <testcase time="0.116" classname="table_aet01" name="Safety_Summary_Variant_4_with_Rows_Counting_Events_and_Additional_Sections_works_as_expected">
      <skipped message="Reason: On CRAN ('test-table_aet01.R:309:3')"/>
    </testcase>
  </testsuite>
  <testsuite name="table_aet01_aesi" timestamp="2024-01-09T21:38:54Z" hostname="6094bde9e9e5" tests="8" skipped="4" failures="0" errors="0" time="3.139">
    <testcase time="0.361999999999998" classname="table_aet01_aesi" name="AET01_AESI_Variant_1_works_as_expected"/>
    <testcase time="0.102" classname="table_aet01_aesi" name="AET01_AESI_Variant_1_works_as_expected">
      <skipped message="Reason: On CRAN ('test-table_aet01_aesi.R:115:3')"/>
    </testcase>
    <testcase time="0.603999999999999" classname="table_aet01_aesi" name="AET01_AESI_Variant_2_works_as_expected"/>
    <testcase time="0.173000000000002" classname="table_aet01_aesi" name="AET01_AESI_Variant_2_works_as_expected">
      <skipped message="Reason: On CRAN ('test-table_aet01_aesi.R:181:3')"/>
    </testcase>
    <testcase time="0.925000000000001" classname="table_aet01_aesi" name="AET01_AESI_Variant_3_works_as_expected"/>
    <testcase time="0.229999999999997" classname="table_aet01_aesi" name="AET01_AESI_Variant_3_works_as_expected">
      <skipped message="Reason: On CRAN ('test-table_aet01_aesi.R:414:3')"/>
    </testcase>
    <testcase time="0.572000000000003" classname="table_aet01_aesi" name="AET01_AESI_Variant_4_works_as_expected"/>
    <testcase time="0.170999999999999" classname="table_aet01_aesi" name="AET01_AESI_Variant_4_works_as_expected">
      <skipped message="Reason: On CRAN ('test-table_aet01_aesi.R:553:3')"/>
    </testcase>
  </testsuite>
  <testsuite name="table_aet02" timestamp="2024-01-09T21:38:57Z" hostname="6094bde9e9e5" tests="24" skipped="12" failures="0" errors="0" time="9.419">
    <testcase time="0.814999999999998" classname="table_aet02" name="AET02_variant_1_is_produced_correctly"/>
    <testcase time="0.193000000000005" classname="table_aet02" name="AET02_variant_1_is_produced_correctly">
      <skipped message="Reason: On CRAN ('test-table_aet02.R:66:3')"/>
    </testcase>
    <testcase time="1.119" classname="table_aet02" name="AET02_variant_2_is_produced_correctly"/>
    <testcase time="0.183" classname="table_aet02" name="AET02_variant_2_is_produced_correctly">
      <skipped message="Reason: On CRAN ('test-table_aet02.R:126:3')"/>
    </testcase>
    <testcase time="0.974999999999994" classname="table_aet02" name="AET02_variant_3_is_produced_correctly"/>
    <testcase time="0.280000000000001" classname="table_aet02" name="AET02_variant_3_is_produced_correctly">
      <skipped message="Reason: On CRAN ('test-table_aet02.R:192:3')"/>
    </testcase>
    <testcase time="0.145000000000003" classname="table_aet02" name="AET02_variant_4_is_produced_correctly"/>
    <testcase time="0.0739999999999981" classname="table_aet02" name="AET02_variant_4_is_produced_correctly">
      <skipped message="Reason: On CRAN ('test-table_aet02.R:217:3')"/>
    </testcase>
    <testcase time="0.539000000000001" classname="table_aet02" name="AET02_variant_5_is_produced_correctly"/>
    <testcase time="0.161999999999999" classname="table_aet02" name="AET02_variant_5_is_produced_correctly">
      <skipped message="Reason: On CRAN ('test-table_aet02.R:264:3')"/>
    </testcase>
    <testcase time="0.530999999999999" classname="table_aet02" name="AET02_variant_6_is_produced_correctly"/>
    <testcase time="0.0949999999999989" classname="table_aet02" name="AET02_variant_6_is_produced_correctly">
      <skipped message="Reason: On CRAN ('test-table_aet02.R:311:3')"/>
    </testcase>
    <testcase time="0.980999999999995" classname="table_aet02" name="AET02_variant_7_is_produced_correctly"/>
    <testcase time="0.135000000000005" classname="table_aet02" name="AET02_variant_7_is_produced_correctly">
      <skipped message="Reason: On CRAN ('test-table_aet02.R:374:3')"/>
    </testcase>
    <testcase time="0.539000000000001" classname="table_aet02" name="AET02_variant_8_is_produced_correctly"/>
    <testcase time="0.0989999999999966" classname="table_aet02" name="AET02_variant_8_is_produced_correctly">
      <skipped message="Reason: On CRAN ('test-table_aet02.R:421:3')"/>
    </testcase>
    <testcase time="0.545999999999999" classname="table_aet02" name="AET02_variant_9_is_produced_correctly"/>
    <testcase time="0.0889999999999986" classname="table_aet02" name="AET02_variant_9_is_produced_correctly">
      <skipped message="Reason: On CRAN ('test-table_aet02.R:468:3')"/>
    </testcase>
    <testcase time="0.536999999999999" classname="table_aet02" name="AET02_variant_10_is_produced_correctly"/>
    <testcase time="0.0760000000000005" classname="table_aet02" name="AET02_variant_10_is_produced_correctly">
      <skipped message="Reason: On CRAN ('test-table_aet02.R:515:3')"/>
    </testcase>
    <testcase time="0.595000000000006" classname="table_aet02" name="AET02_variant_11_is_produced_correctly"/>
    <testcase time="0.0999999999999943" classname="table_aet02" name="AET02_variant_11_is_produced_correctly">
      <skipped message="Reason: On CRAN ('test-table_aet02.R:562:3')"/>
    </testcase>
    <testcase time="0.544000000000004" classname="table_aet02" name="AET02_variant_12_is_produced_correctly"/>
    <testcase time="0.0670000000000002" classname="table_aet02" name="AET02_variant_12_is_produced_correctly">
      <skipped message="Reason: On CRAN ('test-table_aet02.R:608:3')"/>
    </testcase>
  </testsuite>
  <testsuite name="table_aet02_smq" timestamp="2024-01-09T21:39:07Z" hostname="6094bde9e9e5" tests="4" skipped="2" failures="0" errors="0" time="0.549">
    <testcase time="0.175999999999995" classname="table_aet02_smq" name="AET02SMQ_variant_1_is_produced_correctly"/>
    <testcase time="0.0530000000000044" classname="table_aet02_smq" name="AET02SMQ_variant_1_is_produced_correctly">
      <skipped message="Reason: On CRAN ('test-table_aet02_smq.R:52:3')"/>
    </testcase>
    <testcase time="0.237000000000002" classname="table_aet02_smq" name="AET02SMQ_variant_2_is_produced_correctly"/>
    <testcase time="0.0829999999999984" classname="table_aet02_smq" name="AET02SMQ_variant_2_is_produced_correctly">
      <skipped message="Reason: On CRAN ('test-table_aet02_smq.R:91:3')"/>
    </testcase>
  </testsuite>
  <testsuite name="table_aet03" timestamp="2024-01-09T21:39:07Z" hostname="6094bde9e9e5" tests="2" skipped="1" failures="0" errors="0" time="1.756">
    <testcase time="1.398" classname="table_aet03" name="AET03_variant_1_is_produced_correctly"/>
    <testcase time="0.358000000000004" classname="table_aet03" name="AET03_variant_1_is_produced_correctly">
      <skipped message="Reason: On CRAN ('test-table_aet03.R:77:3')"/>
    </testcase>
  </testsuite>
  <testsuite name="table_aet04" timestamp="2024-01-09T21:39:11Z" hostname="6094bde9e9e5" tests="16" skipped="8" failures="0" errors="0" time="14.351">
    <testcase time="2.126" classname="table_aet04" name="AET04_variant_1_is_produced_correctly"/>
    <testcase time="0.410000000000004" classname="table_aet04" name="AET04_variant_1_is_produced_correctly">
      <skipped message="Reason: On CRAN ('test-table_aet04.R:106:3')"/>
    </testcase>
    <testcase time="1.874" classname="table_aet04" name="AET04_variant_2_is_produced_correctly_Fill_in_of_Treatment_Groups_"/>
    <testcase time="0.408999999999999" classname="table_aet04" name="AET04_variant_2_is_produced_correctly_Fill_in_of_Treatment_Groups_">
      <skipped message="Reason: On CRAN ('test-table_aet04.R:188:3')"/>
    </testcase>
    <testcase time="2.087" classname="table_aet04" name="AET04_variant_3_is_produced_correctly_Fill_in_of_Grades_"/>
    <testcase time="0.813000000000002" classname="table_aet04" name="AET04_variant_3_is_produced_correctly_Fill_in_of_Grades_">
      <skipped message="Reason: On CRAN ('test-table_aet04.R:267:3')"/>
    </testcase>
    <testcase time="2.112" classname="table_aet04" name="AET04_variant_4_is_produced_correctly_Collapsing_of_Grades_grades_1_2_grades_3_4_5_"/>
    <testcase time="0.454999999999998" classname="table_aet04" name="AET04_variant_4_is_produced_correctly_Collapsing_of_Grades_grades_1_2_grades_3_4_5_">
      <skipped message="Reason: On CRAN ('test-table_aet04.R:352:3')"/>
    </testcase>
    <testcase time="2.182" classname="table_aet04" name="AET04_variant_6_is_produced_correctly_with_an_Incidence_Rate_of_at_Least_5_totals_restricted_"/>
    <testcase time="0.424999999999997" classname="table_aet04" name="AET04_variant_6_is_produced_correctly_with_an_Incidence_Rate_of_at_Least_5_totals_restricted_">
      <skipped message="Reason: On CRAN ('test-table_aet04.R:463:5')"/>
    </testcase>
    <testcase time="0.229999999999997" classname="table_aet04" name="AET04_variant_8_is_produced_correctly_with_an_Incidence_Rate_of_at_Least_X_Patients_"/>
    <testcase time="0.389000000000003" classname="table_aet04" name="AET04_variant_8_is_produced_correctly_with_an_Incidence_Rate_of_at_Least_X_Patients_">
      <skipped message="Reason: On CRAN ('test-table_aet04.R:484:3')"/>
    </testcase>
    <testcase time="0.0260000000000034" classname="table_aet04" name="AET04_variant_9_is_produced_correctly_with_a_Difference_in_Incidence_Rate_of_at_Least_X_"/>
    <testcase time="0.390000000000001" classname="table_aet04" name="AET04_variant_9_is_produced_correctly_with_a_Difference_in_Incidence_Rate_of_at_Least_X_">
      <skipped message="Reason: On CRAN ('test-table_aet04.R:500:3')"/>
    </testcase>
    <testcase time="0.0259999999999962" classname="table_aet04" name="AET04_variant_11_is_produced_correctly_with_Incidence_Rate_of_at_Least_X_all_SOCs_w_o_preferred_terms_removed_"/>
    <testcase time="0.396999999999998" classname="table_aet04" name="AET04_variant_11_is_produced_correctly_with_Incidence_Rate_of_at_Least_X_all_SOCs_w_o_preferred_terms_removed_">
      <skipped message="Reason: On CRAN ('test-table_aet04.R:522:5')"/>
    </testcase>
  </testsuite>
  <testsuite name="table_aet04_pi" timestamp="2024-01-09T21:39:24Z" hostname="6094bde9e9e5" tests="18" skipped="9" failures="0" errors="0" time="8.24">
    <testcase time="0.759" classname="table_aet04_pi" name="AET04_PI_full_table_is_produced_correctly"/>
    <testcase time="0.212000000000003" classname="table_aet04_pi" name="AET04_PI_full_table_is_produced_correctly">
      <skipped message="Reason: On CRAN ('test-table_aet04_pi.R:62:3')"/>
    </testcase>
    <testcase time="0.818999999999996" classname="table_aet04_pi" name="AET04_PI_variant_1_is_produced_correctly"/>
    <testcase time="0.152000000000001" classname="table_aet04_pi" name="AET04_PI_variant_1_is_produced_correctly">
      <skipped message="Reason: On CRAN ('test-table_aet04_pi.R:84:3')"/>
    </testcase>
    <testcase time="0.925000000000004" classname="table_aet04_pi" name="AET04_PI_variant_2_is_produced_correctly"/>
    <testcase time="0.0739999999999981" classname="table_aet04_pi" name="AET04_PI_variant_2_is_produced_correctly">
      <skipped message="Reason: On CRAN ('test-table_aet04_pi.R:107:3')"/>
    </testcase>
    <testcase time="0.814" classname="table_aet04_pi" name="AET04_PI_variant_3_is_produced_correctly"/>
    <testcase time="0.103000000000002" classname="table_aet04_pi" name="AET04_PI_variant_3_is_produced_correctly">
      <skipped message="Reason: On CRAN ('test-table_aet04_pi.R:130:3')"/>
    </testcase>
    <testcase time="0.814" classname="table_aet04_pi" name="AET04_PI_variant_4_is_produced_correctly"/>
    <testcase time="0.0720000000000027" classname="table_aet04_pi" name="AET04_PI_variant_4_is_produced_correctly">
      <skipped message="Reason: On CRAN ('test-table_aet04_pi.R:154:3')"/>
    </testcase>
    <testcase time="0.816000000000003" classname="table_aet04_pi" name="AET04_PI_variant_5_is_produced_correctly"/>
    <testcase time="0.123999999999995" classname="table_aet04_pi" name="AET04_PI_variant_5_is_produced_correctly">
      <skipped message="Reason: On CRAN ('test-table_aet04_pi.R:178:3')"/>
    </testcase>
    <testcase time="1.008" classname="table_aet04_pi" name="AET04_PI_variant_6_is_produced_correctly"/>
    <testcase time="0.122" classname="table_aet04_pi" name="AET04_PI_variant_6_is_produced_correctly">
      <skipped message="Reason: On CRAN ('test-table_aet04_pi.R:229:3')"/>
    </testcase>
    <testcase time="1.012" classname="table_aet04_pi" name="AET04_PI_variant_7_is_produced_correctly"/>
    <testcase time="0.121000000000009" classname="table_aet04_pi" name="AET04_PI_variant_7_is_produced_correctly">
      <skipped message="Reason: On CRAN ('test-table_aet04_pi.R:280:3')"/>
    </testcase>
    <testcase time="0.172999999999988" classname="table_aet04_pi" name="AET04_PI_variant_8_is_produced_correctly"/>
    <testcase time="0.120000000000005" classname="table_aet04_pi" name="AET04_PI_variant_8_is_produced_correctly">
      <skipped message="Reason: On CRAN ('test-table_aet04_pi.R:314:3')"/>
    </testcase>
  </testsuite>
  <testsuite name="table_aet05" timestamp="2024-01-09T21:39:32Z" hostname="6094bde9e9e5" tests="4" skipped="2" failures="0" errors="0" time="0.33">
    <testcase time="0.161000000000001" classname="table_aet05" name="AET05_variant_1_is_produced_correctly"/>
    <testcase time="0.0400000000000063" classname="table_aet05" name="AET05_variant_1_is_produced_correctly">
      <skipped message="Reason: On CRAN ('test-table_aet05.R:25:3')"/>
    </testcase>
    <testcase time="0.0889999999999986" classname="table_aet05" name="AET05_variant_2_is_produced_correctly"/>
    <testcase time="0.039999999999992" classname="table_aet05" name="AET05_variant_2_is_produced_correctly">
      <skipped message="Reason: On CRAN ('test-table_aet05.R:40:3')"/>
    </testcase>
  </testsuite>
  <testsuite name="table_aet05_all" timestamp="2024-01-09T21:39:32Z" hostname="6094bde9e9e5" tests="4" skipped="2" failures="0" errors="0" time="0.292">
    <testcase time="0.13300000000001" classname="table_aet05_all" name="AET05_ALL_variant_1_is_produced_correctly"/>
    <testcase time="0.0499999999999972" classname="table_aet05_all" name="AET05_ALL_variant_1_is_produced_correctly">
      <skipped message="Reason: On CRAN ('test-table_aet05_all.R:32:3')"/>
    </testcase>
    <testcase time="0.0690000000000026" classname="table_aet05_all" name="AET05_ALL_variant_2_is_produced_correctly"/>
    <testcase time="0.039999999999992" classname="table_aet05_all" name="AET05_ALL_variant_2_is_produced_correctly">
      <skipped message="Reason: On CRAN ('test-table_aet05_all.R:47:3')"/>
    </testcase>
  </testsuite>
  <testsuite name="table_aet06" timestamp="2024-01-09T21:39:32Z" hostname="6094bde9e9e5" tests="6" skipped="3" failures="0" errors="0" time="5.154">
    <testcase time="0.942999999999998" classname="table_aet06" name="AET06_variant_1_is_produced_correctly"/>
    <testcase time="0.227000000000004" classname="table_aet06" name="AET06_variant_1_is_produced_correctly">
      <skipped message="Reason: On CRAN ('test-table_aet06.R:81:3')"/>
    </testcase>
    <testcase time="1.61499999999999" classname="table_aet06" name="AET06_variant_3_is_produced_correctly"/>
    <testcase time="0.343000000000004" classname="table_aet06" name="AET06_variant_3_is_produced_correctly">
      <skipped message="Reason: On CRAN ('test-table_aet06.R:133:3')"/>
    </testcase>
    <testcase time="1.64" classname="table_aet06" name="AET06_variant_5_is_produced_correctly"/>
    <testcase time="0.385999999999996" classname="table_aet06" name="AET06_variant_5_is_produced_correctly">
      <skipped message="Reason: On CRAN ('test-table_aet06.R:177:3')"/>
    </testcase>
  </testsuite>
  <testsuite name="table_aet06_smq" timestamp="2024-01-09T21:39:38Z" hostname="6094bde9e9e5" tests="4" skipped="2" failures="0" errors="0" time="1.618">
    <testcase time="0.618000000000009" classname="table_aet06_smq" name="AET06_SMQ_variant_1_is_produced_correctly"/>
    <testcase time="0.194000000000003" classname="table_aet06_smq" name="AET06_SMQ_variant_1_is_produced_correctly">
      <skipped message="Reason: On CRAN ('test-table_aet06_smq.R:73:3')"/>
    </testcase>
    <testcase time="0.61399999999999" classname="table_aet06_smq" name="AET06_SMQ_variant_2_is_produced_correctly"/>
    <testcase time="0.192000000000007" classname="table_aet06_smq" name="AET06_SMQ_variant_2_is_produced_correctly">
      <skipped message="Reason: On CRAN ('test-table_aet06_smq.R:160:3')"/>
    </testcase>
  </testsuite>
  <testsuite name="table_aet07" timestamp="2024-01-09T21:39:39Z" hostname="6094bde9e9e5" tests="4" skipped="2" failures="0" errors="0" time="0.297">
    <testcase time="0.097999999999999" classname="table_aet07" name="AET07_variant_1_is_produced_correctly"/>
    <testcase time="0.0459999999999923" classname="table_aet07" name="AET07_variant_1_is_produced_correctly">
      <skipped message="Reason: On CRAN ('test-table_aet07.R:49:3')"/>
    </testcase>
    <testcase time="0.112000000000009" classname="table_aet07" name="AET07_variant_2_is_produced_correctly"/>
    <testcase time="0.0409999999999968" classname="table_aet07" name="AET07_variant_2_is_produced_correctly">
      <skipped message="Reason: On CRAN ('test-table_aet07.R:78:3')"/>
    </testcase>
  </testsuite>
  <testsuite name="table_aet09" timestamp="2024-01-09T21:39:39Z" hostname="6094bde9e9e5" tests="4" skipped="2" failures="0" errors="0" time="1.531">
    <testcase time="0.528999999999996" classname="table_aet09" name="AET09_variant_1_is_produced_correctly_AE_related_to_study_drug"/>
    <testcase time="0.143000000000001" classname="table_aet09" name="AET09_variant_1_is_produced_correctly_AE_related_to_study_drug">
      <skipped message="Reason: On CRAN ('test-table_aet09.R:43:3')"/>
    </testcase>
    <testcase time="0.667000000000002" classname="table_aet09" name="AET09_variant_2_is_produced_correctly_AE_related_to_study_drug_including_high_level_terms_"/>
    <testcase time="0.192000000000007" classname="table_aet09" name="AET09_variant_2_is_produced_correctly_AE_related_to_study_drug_including_high_level_terms_">
      <skipped message="Reason: On CRAN ('test-table_aet09.R:100:3')"/>
    </testcase>
  </testsuite>
  <testsuite name="table_aet09_smq" timestamp="2024-01-09T21:39:41Z" hostname="6094bde9e9e5" tests="4" skipped="2" failures="0" errors="0" time="0.663">
    <testcase time="0.188999999999993" classname="table_aet09_smq" name="AET09_variant_1_AEs_related_to_study_drug_by_SMQ_is_produced_correctly"/>
    <testcase time="0.0550000000000068" classname="table_aet09_smq" name="AET09_variant_1_AEs_related_to_study_drug_by_SMQ_is_produced_correctly">
      <skipped message="Reason: On CRAN ('test-table_aet09_smq.R:69:3')"/>
    </testcase>
    <testcase time="0.332999999999998" classname="table_aet09_smq" name="AET09_variant_2_AEs_related_to_study_drug_by_SMQ_with_customized_queries_is_produced_correctly"/>
    <testcase time="0.0859999999999985" classname="table_aet09_smq" name="AET09_variant_2_AEs_related_to_study_drug_by_SMQ_with_customized_queries_is_produced_correctly">
      <skipped message="Reason: On CRAN ('test-table_aet09_smq.R:128:5')"/>
    </testcase>
  </testsuite>
  <testsuite name="table_aet10" timestamp="2024-01-09T21:39:42Z" hostname="6094bde9e9e5" tests="2" skipped="1" failures="0" errors="0" time="0.199">
    <testcase time="0.152000000000001" classname="table_aet10" name="AET10_default_variant_is_produced_correctly"/>
    <testcase time="0.046999999999997" classname="table_aet10" name="AET10_default_variant_is_produced_correctly">
      <skipped message="Reason: On CRAN ('test-table_aet10.R:23:3')"/>
    </testcase>
  </testsuite>
  <testsuite name="table_aovt01" timestamp="2024-01-09T21:39:42Z" hostname="6094bde9e9e5" tests="4" skipped="2" failures="0" errors="0" time="1.394">
    <testcase time="0.415999999999997" classname="table_aovt01" name="AOVT01_variant_with_single_endpoint_is_produced_correctly"/>
    <testcase time="0.0670000000000073" classname="table_aovt01" name="AOVT01_variant_with_single_endpoint_is_produced_correctly">
      <skipped message="Reason: On CRAN ('test-table_aovt01.R:33:3')"/>
    </testcase>
    <testcase time="0.750999999999991" classname="table_aovt01" name="AOVT01_variant_with_multiple_endpoints_is_produced_correctly"/>
    <testcase time="0.160000000000011" classname="table_aovt01" name="AOVT01_variant_with_multiple_endpoints_is_produced_correctly">
      <skipped message="Reason: On CRAN ('test-table_aovt01.R:52:3')"/>
    </testcase>
  </testsuite>
  <testsuite name="table_aovt02" timestamp="2024-01-09T21:39:43Z" hostname="6094bde9e9e5" tests="2" skipped="1" failures="0" errors="0" time="0.491">
    <testcase time="0.408999999999992" classname="table_aovt02" name="AOVT02_is_produced_correctly"/>
    <testcase time="0.0820000000000078" classname="table_aovt02" name="AOVT02_is_produced_correctly">
      <skipped message="Reason: On CRAN ('test-table_aovt02.R:42:3')"/>
    </testcase>
  </testsuite>
  <testsuite name="table_aovt03" timestamp="2024-01-09T21:39:44Z" hostname="6094bde9e9e5" tests="2" skipped="1" failures="0" errors="0" time="1.099">
    <testcase time="0.921999999999997" classname="table_aovt03" name="AOVT03_is_produced_correctly"/>
    <testcase time="0.176999999999992" classname="table_aovt03" name="AOVT03_is_produced_correctly">
      <skipped message="Reason: On CRAN ('test-table_aovt03.R:44:3')"/>
    </testcase>
  </testsuite>
  <testsuite name="table_cfbt01" timestamp="2024-01-09T21:39:45Z" hostname="6094bde9e9e5" tests="2" skipped="1" failures="0" errors="0" time="0.757">
    <testcase time="0.549000000000007" classname="table_cfbt01" name="CFBT01_default_variant_is_produced_correctly"/>
    <testcase time="0.207999999999998" classname="table_cfbt01" name="CFBT01_default_variant_is_produced_correctly">
      <skipped message="Reason: On CRAN ('test-table_cfbt01.R:64:3')"/>
    </testcase>
  </testsuite>
  <testsuite name="table_cmht01" timestamp="2024-01-09T21:39:46Z" hostname="6094bde9e9e5" tests="4" skipped="2" failures="0" errors="0" time="2.303">
    <testcase time="0.521000000000001" classname="table_cmht01" name="CMHT01_variant_1_is_produced_correctly"/>
    <testcase time="0.0810000000000031" classname="table_cmht01" name="CMHT01_variant_1_is_produced_correctly">
      <skipped message="Reason: On CRAN ('test-table_cmht01.R:54:3')"/>
    </testcase>
    <testcase time="1.423" classname="table_cmht01" name="CMHT01_variant_2_is_produced_correctly"/>
    <testcase time="0.277999999999992" classname="table_cmht01" name="CMHT01_variant_2_is_produced_correctly">
      <skipped message="Reason: On CRAN ('test-table_cmht01.R:114:3')"/>
    </testcase>
  </testsuite>
  <testsuite name="table_cmt01" timestamp="2024-01-09T21:39:48Z" hostname="6094bde9e9e5" tests="8" skipped="4" failures="0" errors="0" time="1.672">
    <testcase time="0.349000000000004" classname="table_cmt01" name="CMT01_default_variant_Concomitant_medications_is_produced_correctly"/>
    <testcase time="0.111000000000004" classname="table_cmt01" name="CMT01_default_variant_Concomitant_medications_is_produced_correctly">
      <skipped message="Reason: On CRAN ('test-table_cmt01.R:36:3')"/>
    </testcase>
    <testcase time="0.250999999999991" classname="table_cmt01" name="CMT01_variant_1_prior_medications_is_produced_correctly"/>
    <testcase time="0.0840000000000032" classname="table_cmt01" name="CMT01_variant_1_prior_medications_is_produced_correctly">
      <skipped message="Reason: On CRAN ('test-table_cmt01.R:71:3')"/>
    </testcase>
    <testcase time="0.332000000000008" classname="table_cmt01" name="CMT01_variant_3_Concomitant_medications_is_produced_correctly"/>
    <testcase time="0.090999999999994" classname="table_cmt01" name="CMT01_variant_3_Concomitant_medications_is_produced_correctly">
      <skipped message="Reason: On CRAN ('test-table_cmt01.R:104:3')"/>
    </testcase>
    <testcase time="0.343999999999994" classname="table_cmt01" name="CMT01_variant_4_Concomitant_medications_is_produced_correctly"/>
    <testcase time="0.109999999999999" classname="table_cmt01" name="CMT01_variant_4_Concomitant_medications_is_produced_correctly">
      <skipped message="Reason: On CRAN ('test-table_cmt01.R:135:3')"/>
    </testcase>
  </testsuite>
  <testsuite name="table_cmt01a" timestamp="2024-01-09T21:39:50Z" hostname="6094bde9e9e5" tests="8" skipped="4" failures="0" errors="0" time="3.471">
    <testcase time="0.744" classname="table_cmt01a" name="CMT01A_variant_1_is_produced_correctly"/>
    <testcase time="0.186000000000007" classname="table_cmt01a" name="CMT01A_variant_1_is_produced_correctly">
      <skipped message="Reason: On CRAN ('test-table_cmt01a.R:59:3')"/>
    </testcase>
    <testcase time="0.685000000000002" classname="table_cmt01a" name="CMT01A_variant_2_is_produced_correctly"/>
    <testcase time="0.183999999999997" classname="table_cmt01a" name="CMT01A_variant_2_is_produced_correctly">
      <skipped message="Reason: On CRAN ('test-table_cmt01a.R:105:3')"/>
    </testcase>
    <testcase time="0.680999999999997" classname="table_cmt01a" name="CMT01A_variant_3_is_produced_correctly"/>
    <testcase time="0.186000000000007" classname="table_cmt01a" name="CMT01A_variant_3_is_produced_correctly">
      <skipped message="Reason: On CRAN ('test-table_cmt01a.R:148:3')"/>
    </testcase>
    <testcase time="0.649999999999991" classname="table_cmt01a" name="CMT01A_variant_4_is_produced_correctly"/>
    <testcase time="0.155000000000001" classname="table_cmt01a" name="CMT01A_variant_4_is_produced_correctly">
      <skipped message="Reason: On CRAN ('test-table_cmt01a.R:193:3')"/>
    </testcase>
  </testsuite>
  <testsuite name="table_cmt01b" timestamp="2024-01-09T21:39:53Z" hostname="6094bde9e9e5" tests="6" skipped="3" failures="0" errors="0" time="4.001">
    <testcase time="1.11500000000001" classname="table_cmt01b" name="CMT01B_variant_1_is_produced_correctly"/>
    <testcase time="0.293999999999997" classname="table_cmt01b" name="CMT01B_variant_1_is_produced_correctly">
      <skipped message="Reason: On CRAN ('test-table_cmt01b.R:88:3')"/>
    </testcase>
    <testcase time="0.807999999999993" classname="table_cmt01b" name="CMT01B_variant_2_is_produced_correctly"/>
    <testcase time="0.228000000000009" classname="table_cmt01b" name="CMT01B_variant_2_is_produced_correctly">
      <skipped message="Reason: On CRAN ('test-table_cmt01b.R:146:3')"/>
    </testcase>
    <testcase time="1.21799999999999" classname="table_cmt01b" name="CMT01B_variant_4_is_produced_correctly"/>
    <testcase time="0.338000000000008" classname="table_cmt01b" name="CMT01B_variant_4_is_produced_correctly">
      <skipped message="Reason: On CRAN ('test-table_cmt01b.R:219:3')"/>
    </testcase>
  </testsuite>
  <testsuite name="table_cmt02_pt" timestamp="2024-01-09T21:39:57Z" hostname="6094bde9e9e5" tests="2" skipped="1" failures="0" errors="0" time="0.306">
    <testcase time="0.236999999999995" classname="table_cmt02_pt" name="CMT02_PT_default_variant_is_produced_correctly"/>
    <testcase time="0.0690000000000026" classname="table_cmt02_pt" name="CMT02_PT_default_variant_is_produced_correctly">
      <skipped message="Reason: On CRAN ('test-table_cmt02_pt.R:42:3')"/>
    </testcase>
  </testsuite>
  <testsuite name="table_coxt01" timestamp="2024-01-09T21:39:57Z" hostname="6094bde9e9e5" tests="8" skipped="4" failures="0" errors="0" time="2.115">
    <testcase time="0.364999999999995" classname="table_coxt01" name="1._Cox_Regression"/>
    <testcase time="0.0520000000000067" classname="table_coxt01" name="1._Cox_Regression">
      <skipped message="Reason: On CRAN ('test-table_coxt01.R:31:3')"/>
    </testcase>
    <testcase time="0.472999999999999" classname="table_coxt01" name="2._Cox_Regression_with_Interaction_Term_"/>
    <testcase time="0.0919999999999987" classname="table_coxt01" name="2._Cox_Regression_with_Interaction_Term_">
      <skipped message="Reason: On CRAN ('test-table_coxt01.R:50:3')"/>
    </testcase>
    <testcase time="0.468999999999994" classname="table_coxt01" name="3._Cox_Regression_specifying_covariates_"/>
    <testcase time="0.103000000000009" classname="table_coxt01" name="3._Cox_Regression_specifying_covariates_">
      <skipped message="Reason: On CRAN ('test-table_coxt01.R:71:3')"/>
    </testcase>
    <testcase time="0.471999999999994" classname="table_coxt01" name="4._Cox_Regression_setting_strata_ties_and_alpha_level_"/>
    <testcase time="0.0889999999999986" classname="table_coxt01" name="4._Cox_Regression_setting_strata_ties_and_alpha_level_">
      <skipped message="Reason: On CRAN ('test-table_coxt01.R:97:3')"/>
    </testcase>
  </testsuite>
  <testsuite name="table_coxt02" timestamp="2024-01-09T21:39:59Z" hostname="6094bde9e9e5" tests="4" skipped="2" failures="0" errors="0" time="0.803">
    <testcase time="0.359999999999999" classname="table_coxt02" name="COXT02_default_variant_1_is_produced_correctly"/>
    <testcase time="0.0649999999999977" classname="table_coxt02" name="COXT02_default_variant_1_is_produced_correctly">
      <skipped message="Reason: On CRAN ('test-table_coxt02.R:30:3')"/>
    </testcase>
    <testcase time="0.317000000000007" classname="table_coxt02" name="COXT02_variant_5_is_produced_correctly"/>
    <testcase time="0.0609999999999928" classname="table_coxt02" name="COXT02_variant_5_is_produced_correctly">
      <skipped message="Reason: On CRAN ('test-table_coxt02.R:48:3')"/>
    </testcase>
  </testsuite>
  <testsuite name="table_disclosures" timestamp="2024-01-09T21:40:00Z" hostname="6094bde9e9e5" tests="12" skipped="6" failures="0" errors="0" time="2.228">
    <testcase time="0.230999999999995" classname="table_disclosures" name="Patient_Disposition_table_is_produced_correctly"/>
    <testcase time="0.0739999999999981" classname="table_disclosures" name="Patient_Disposition_table_is_produced_correctly">
      <skipped message="Reason: On CRAN ('test-table_disclosures.R:110:3')"/>
    </testcase>
    <testcase time="0.27000000000001" classname="table_disclosures" name="Demographic_table_is_produced_correctly"/>
    <testcase time="0.152999999999992" classname="table_disclosures" name="Demographic_table_is_produced_correctly">
      <skipped message="Reason: On CRAN ('test-table_disclosures.R:131:3')"/>
    </testcase>
    <testcase time="0.12700000000001" classname="table_disclosures" name="Enrollment_by_Country_Table_is_produced_correctly"/>
    <testcase time="0.0739999999999981" classname="table_disclosures" name="Enrollment_by_Country_Table_is_produced_correctly">
      <skipped message="Reason: On CRAN ('test-table_disclosures.R:143:3')"/>
    </testcase>
    <testcase time="0.105999999999995" classname="table_disclosures" name="Death_table_is_produced_correctly"/>
    <testcase time="0.0330000000000013" classname="table_disclosures" name="Death_table_is_produced_correctly">
      <skipped message="Reason: On CRAN ('test-table_disclosures.R:161:3')"/>
    </testcase>
    <testcase time="0.424000000000007" classname="table_disclosures" name="Table_of_Serious_Adverse_Events_is_produced_correctly_for_one_specific_treatment_arm_"/>
    <testcase time="0.0759999999999934" classname="table_disclosures" name="Table_of_Serious_Adverse_Events_is_produced_correctly_for_one_specific_treatment_arm_">
      <skipped message="Reason: On CRAN ('test-table_disclosures.R:189:3')"/>
    </testcase>
    <testcase time="0.531999999999996" classname="table_disclosures" name="Table_of_Non_Serious_Adverse_Events_is_produced_correctly"/>
    <testcase time="0.128" classname="table_disclosures" name="Table_of_Non_Serious_Adverse_Events_is_produced_correctly">
      <skipped message="Reason: On CRAN ('test-table_disclosures.R:211:3')"/>
    </testcase>
  </testsuite>
  <testsuite name="table_dmt01" timestamp="2024-01-09T21:40:06Z" hostname="6094bde9e9e5" tests="10" skipped="5" failures="0" errors="0" time="5.132">
    <testcase time="3.44" classname="table_dmt01" name="DMT01_variant_1_is_produced_correctly"/>
    <testcase time="0.164000000000001" classname="table_dmt01" name="DMT01_variant_1_is_produced_correctly">
      <skipped message="Reason: On CRAN ('test-table_dmt01.R:90:3')"/>
    </testcase>
    <testcase time="0.259" classname="table_dmt01" name="DMT01_variant_2_is_produced_correctly"/>
    <testcase time="0.157000000000011" classname="table_dmt01" name="DMT01_variant_2_is_produced_correctly">
      <skipped message="Reason: On CRAN ('test-table_dmt01.R:113:3')"/>
    </testcase>
    <testcase time="0.289999999999992" classname="table_dmt01" name="DMT01_variant_3_is_produced_correctly"/>
    <testcase time="0.159999999999997" classname="table_dmt01" name="DMT01_variant_3_is_produced_correctly">
      <skipped message="Reason: On CRAN ('test-table_dmt01.R:132:3')"/>
    </testcase>
    <testcase time="0.228000000000009" classname="table_dmt01" name="DMT01_variant_4_is_produced_correctly"/>
    <testcase time="0.128999999999991" classname="table_dmt01" name="DMT01_variant_4_is_produced_correctly">
      <skipped message="Reason: On CRAN ('test-table_dmt01.R:151:3')"/>
    </testcase>
    <testcase time="0.195000000000007" classname="table_dmt01" name="DMT01_variant_5_is_produced_correctly"/>
    <testcase time="0.109999999999999" classname="table_dmt01" name="DMT01_variant_5_is_produced_correctly">
      <skipped message="Reason: On CRAN ('test-table_dmt01.R:169:3')"/>
    </testcase>
  </testsuite>
  <testsuite name="table_dort01" timestamp="2024-01-09T21:40:08Z" hostname="6094bde9e9e5" tests="8" skipped="4" failures="0" errors="0" time="1.657">
    <testcase time="0.337999999999994" classname="table_dort01" name="DORT01_variant_1_is_produced_correctly"/>
    <testcase time="0.0940000000000083" classname="table_dort01" name="DORT01_variant_1_is_produced_correctly">
      <skipped message="Reason: On CRAN ('test-table_dort01.R:78:3')"/>
    </testcase>
    <testcase time="0.336000000000013" classname="table_dort01" name="DORT01_variant_2_selecting_sectons_is_produced_correctly"/>
    <testcase time="0.083999999999989" classname="table_dort01" name="DORT01_variant_2_selecting_sectons_is_produced_correctly">
      <skipped message="Reason: On CRAN ('test-table_dort01.R:134:3')"/>
    </testcase>
    <testcase time="0.306000000000012" classname="table_dort01" name="DORT01_variant_3_modifying_conftype_and_alpha_level_is_produced_correctly"/>
    <testcase time="0.0859999999999985" classname="table_dort01" name="DORT01_variant_3_modifying_conftype_and_alpha_level_is_produced_correctly">
      <skipped message="Reason: On CRAN ('test-table_dort01.R:190:3')"/>
    </testcase>
    <testcase time="0.322999999999993" classname="table_dort01" name="DORT01_variant_4_modifying_time_point_for_the_xx_duration_is_produced_correctly"/>
    <testcase time="0.0900000000000034" classname="table_dort01" name="DORT01_variant_4_modifying_time_point_for_the_xx_duration_is_produced_correctly">
      <skipped message="Reason: On CRAN ('test-table_dort01.R:244:3')"/>
    </testcase>
  </testsuite>
  <testsuite name="table_dst01" timestamp="2024-01-09T21:40:09Z" hostname="6094bde9e9e5" tests="4" skipped="2" failures="0" errors="0" time="0.578">
    <testcase time="0.161999999999992" classname="table_dst01" name="DST01_default_variant_is_produced_correctly"/>
    <testcase time="0.0770000000000124" classname="table_dst01" name="DST01_default_variant_is_produced_correctly">
      <skipped message="Reason: On CRAN ('test-table_dst01.R:44:3')"/>
    </testcase>
    <testcase time="0.254999999999995" classname="table_dst01" name="DST01_variants_2_and_3_are_produced_correctly"/>
    <testcase time="0.0840000000000032" classname="table_dst01" name="DST01_variants_2_and_3_are_produced_correctly">
      <skipped message="Reason: On CRAN ('test-table_dst01.R:69:3')"/>
    </testcase>
  </testsuite>
  <testsuite name="table_dtht01" timestamp="2024-01-09T21:40:10Z" hostname="6094bde9e9e5" tests="8" skipped="4" failures="0" errors="0" time="1.218">
    <testcase time="0.140999999999991" classname="table_dtht01" name="DTHT01_variant_1_is_produced_correctly"/>
    <testcase time="0.0550000000000068" classname="table_dtht01" name="DTHT01_variant_1_is_produced_correctly">
      <skipped message="Reason: On CRAN ('test-table_dtht01.R:23:3')"/>
    </testcase>
    <testcase time="0.308999999999997" classname="table_dtht01" name="DTHT01_variant_2_is_produced_correctly"/>
    <testcase time="0.144000000000005" classname="table_dtht01" name="DTHT01_variant_2_is_produced_correctly">
      <skipped message="Reason: On CRAN ('test-table_dtht01.R:60:3')"/>
    </testcase>
    <testcase time="0.190999999999988" classname="table_dtht01" name="DTHT01_variant_3_is_produced_correctly"/>
    <testcase time="0.0660000000000025" classname="table_dtht01" name="DTHT01_variant_3_is_produced_correctly">
      <skipped message="Reason: On CRAN ('test-table_dtht01.R:104:3')"/>
    </testcase>
    <testcase time="0.227000000000004" classname="table_dtht01" name="DTHT01_variant_4_is_produced_correctly"/>
    <testcase time="0.0849999999999937" classname="table_dtht01" name="DTHT01_variant_4_is_produced_correctly">
      <skipped message="Reason: On CRAN ('test-table_dtht01.R:158:3')"/>
    </testcase>
  </testsuite>
  <testsuite name="table_egt01" timestamp="2024-01-09T21:40:11Z" hostname="6094bde9e9e5" tests="2" skipped="1" failures="0" errors="0" time="1.804">
    <testcase time="1.27800000000001" classname="table_egt01" name="EGT01_default_variant_is_produced_correctly"/>
    <testcase time="0.525999999999996" classname="table_egt01" name="EGT01_default_variant_is_produced_correctly">
      <skipped message="Reason: On CRAN ('test-table_egt01.R:54:3')"/>
    </testcase>
  </testsuite>
  <testsuite name="table_egt02" timestamp="2024-01-09T21:40:13Z" hostname="6094bde9e9e5" tests="4" skipped="2" failures="0" errors="0" time="0.626">
    <testcase time="0.326999999999998" classname="table_egt02" name="_EGT02_1._Regardless_of_Abnormality_at_Baseline"/>
    <testcase time="0.061000000000007" classname="table_egt02" name="_EGT02_1._Regardless_of_Abnormality_at_Baseline">
      <skipped message="Reason: On CRAN ('test-table_egt02.R:35:3')"/>
    </testcase>
    <testcase time="0.176999999999992" classname="table_egt02" name="_EGT02_2._Among_Subjects_Without_Abnormality_at_Baseline"/>
    <testcase time="0.061000000000007" classname="table_egt02" name="_EGT02_2._Among_Subjects_Without_Abnormality_at_Baseline">
      <skipped message="Reason: On CRAN ('test-table_egt02.R:55:3')"/>
    </testcase>
  </testsuite>
  <testsuite name="table_egt03" timestamp="2024-01-09T21:40:13Z" hostname="6094bde9e9e5" tests="8" skipped="4" failures="0" errors="0" time="1.414">
    <testcase time="0.268000000000001" classname="table_egt03" name="EGT03_variant_1_is_produced_correctly"/>
    <testcase time="0.105999999999995" classname="table_egt03" name="EGT03_variant_1_is_produced_correctly">
      <skipped message="Reason: On CRAN ('test-table_egt03.R:50:3')"/>
    </testcase>
    <testcase time="0.227000000000004" classname="table_egt03" name="EGT03_variant_2_is_produced_correctly"/>
    <testcase time="0.0959999999999894" classname="table_egt03" name="EGT03_variant_2_is_produced_correctly">
      <skipped message="Reason: On CRAN ('test-table_egt03.R:91:3')"/>
    </testcase>
    <testcase time="0.247" classname="table_egt03" name="EGT03_variant_3_is_produced_correctly"/>
    <testcase time="0.100999999999999" classname="table_egt03" name="EGT03_variant_3_is_produced_correctly">
      <skipped message="Reason: On CRAN ('test-table_egt03.R:132:3')"/>
    </testcase>
    <testcase time="0.253" classname="table_egt03" name="EGT03_variant_4_is_produced_correctly"/>
    <testcase time="0.116" classname="table_egt03" name="EGT03_variant_4_is_produced_correctly">
      <skipped message="Reason: On CRAN ('test-table_egt03.R:179:3')"/>
    </testcase>
  </testsuite>
  <testsuite name="table_egt04" timestamp="2024-01-09T21:40:15Z" hostname="6094bde9e9e5" tests="2" skipped="1" failures="0" errors="0" time="0.293">
    <testcase time="0.219000000000008" classname="table_egt04" name="EGT04_default_variant_is_produced_correctly"/>
    <testcase time="0.0739999999999981" classname="table_egt04" name="EGT04_default_variant_is_produced_correctly">
      <skipped message="Reason: On CRAN ('test-table_egt04.R:51:3')"/>
    </testcase>
  </testsuite>
  <testsuite name="table_egt05_qtcat" timestamp="2024-01-09T21:40:15Z" hostname="6094bde9e9e5" tests="2" skipped="1" failures="0" errors="0" time="1.165">
    <testcase time="0.870000000000005" classname="table_egt05_qtcat" name="EGT05_QTCAT_default_variant_is_produced_correctly"/>
    <testcase time="0.295000000000002" classname="table_egt05_qtcat" name="EGT05_QTCAT_default_variant_is_produced_correctly">
      <skipped message="Reason: On CRAN ('test-table_egt05_qtcat.R:83:3')"/>
    </testcase>
  </testsuite>
  <testsuite name="table_ent" timestamp="2024-01-09T21:40:16Z" hostname="6094bde9e9e5" tests="8" skipped="4" failures="0" errors="0" time="17.152">
    <testcase time="4.248" classname="table_ent" name="ENT01_IT_is_produced_correctly"/>
    <testcase time="0.609999999999999" classname="table_ent" name="ENT01_IT_is_produced_correctly">
      <skipped message="Reason: On CRAN ('test-table_ent.R:24:3')"/>
    </testcase>
    <testcase time="2.89" classname="table_ent" name="ENT01a_IT_is_produced_correctly"/>
    <testcase time="0.593999999999994" classname="table_ent" name="ENT01a_IT_is_produced_correctly">
      <skipped message="Reason: On CRAN ('test-table_ent.R:40:3')"/>
    </testcase>
    <testcase time="4.50700000000001" classname="table_ent" name="ENT02_IT_is_produced_correctly"/>
    <testcase time="0.656000000000006" classname="table_ent" name="ENT02_IT_is_produced_correctly">
      <skipped message="Reason: On CRAN ('test-table_ent.R:61:3')"/>
    </testcase>
    <testcase time="3.033" classname="table_ent" name="ENT02a_IT_is_produced_correctly"/>
    <testcase time="0.614000000000004" classname="table_ent" name="ENT02a_IT_is_produced_correctly">
      <skipped message="Reason: On CRAN ('test-table_ent.R:79:3')"/>
    </testcase>
  </testsuite>
  <testsuite name="table_eudrat01" timestamp="2024-01-09T21:40:34Z" hostname="6094bde9e9e5" tests="2" skipped="1" failures="0" errors="0" time="0.73">
    <testcase time="0.626999999999981" classname="table_eudrat01" name="EUDRAT01_is_produced_correctly"/>
    <testcase time="0.103000000000009" classname="table_eudrat01" name="EUDRAT01_is_produced_correctly">
      <skipped message="Reason: On CRAN ('test-table_eudrat01.R:77:3')"/>
    </testcase>
  </testsuite>
  <testsuite name="table_eudrat02" timestamp="2024-01-09T21:40:34Z" hostname="6094bde9e9e5" tests="2" skipped="1" failures="0" errors="0" time="0.554">
    <testcase time="0.483000000000004" classname="table_eudrat02" name="EUDRAT02_is_produced_correctly"/>
    <testcase time="0.070999999999998" classname="table_eudrat02" name="EUDRAT02_is_produced_correctly">
      <skipped message="Reason: On CRAN ('test-table_eudrat02.R:44:3')"/>
    </testcase>
  </testsuite>
  <testsuite name="table_ext01" timestamp="2024-01-09T21:40:35Z" hostname="6094bde9e9e5" tests="6" skipped="3" failures="0" errors="0" time="1.971">
    <testcase time="0.474999999999994" classname="table_ext01" name="EXT01_default_variant_with_numeric_parameters_is_produced_correctly"/>
    <testcase time="0.209000000000003" classname="table_ext01" name="EXT01_default_variant_with_numeric_parameters_is_produced_correctly">
      <skipped message="Reason: On CRAN ('test-table_ext01.R:71:3')"/>
    </testcase>
    <testcase time="0.359000000000009" classname="table_ext01" name="EXT01_variant_with_both_numeric_and_categorical_parameters"/>
    <testcase time="0.212999999999994" classname="table_ext01" name="EXT01_variant_with_both_numeric_and_categorical_parameters">
      <skipped message="Reason: On CRAN ('test-table_ext01.R:115:3')"/>
    </testcase>
    <testcase time="0.450999999999993" classname="table_ext01" name="EXT01_variant_with_user_specified_categories_for_missed_doses"/>
    <testcase time="0.26400000000001" classname="table_ext01" name="EXT01_variant_with_user_specified_categories_for_missed_doses">
      <skipped message="Reason: On CRAN ('test-table_ext01.R:164:3')"/>
    </testcase>
  </testsuite>
  <testsuite name="table_fstg01" timestamp="2024-01-09T21:40:37Z" hostname="6094bde9e9e5" tests="5" skipped="5" failures="0" errors="0" time="6.33">
    <testcase time="1.49199999999999" classname="table_fstg01" name="FSTG01_variant_1_is_produced_correctly">
      <skipped message="Reason: On CRAN ('test-table_fstg01.R:41:3')"/>
    </testcase>
    <testcase time="1.357" classname="table_fstg01" name="FSTG01_variant_2_is_produced_correctly">
      <skipped message="Reason: On CRAN ('test-table_fstg01.R:79:3')"/>
    </testcase>
    <testcase time="0.805000000000007" classname="table_fstg01" name="FSTG01_variant_3_is_produced_correctly">
      <skipped message="Reason: On CRAN ('test-table_fstg01.R:99:3')"/>
    </testcase>
    <testcase time="1.322" classname="table_fstg01" name="FSTG01_variant_4_is_produced_correctly">
      <skipped message="Reason: On CRAN ('test-table_fstg01.R:122:3')"/>
    </testcase>
    <testcase time="1.35399999999998" classname="table_fstg01" name="FSTG01_variant_5_is_produced_correctly">
      <skipped message="Reason: On CRAN ('test-table_fstg01.R:154:3')"/>
    </testcase>
  </testsuite>
  <testsuite name="table_fstg02" timestamp="2024-01-09T21:40:43Z" hostname="6094bde9e9e5" tests="8" skipped="4" failures="0" errors="0" time="2.445">
    <testcase time="0.606999999999999" classname="table_fstg02" name="FSTG02_table_variant_1_Subgroup_Analysis_of_Survival_Duration_is_produced_correctly"/>
    <testcase time="0.103000000000009" classname="table_fstg02" name="FSTG02_table_variant_1_Subgroup_Analysis_of_Survival_Duration_is_produced_correctly">
      <skipped message="Reason: On CRAN ('test-table_fstg02.R:43:3')"/>
    </testcase>
    <testcase time="0.586999999999989" classname="table_fstg02" name="FSTG02_table_variant_2_specifying_class_variables_and_options_for_the_treatment_variable_"/>
    <testcase time="0.104000000000013" classname="table_fstg02" name="FSTG02_table_variant_2_specifying_class_variables_and_options_for_the_treatment_variable_">
      <skipped message="Reason: On CRAN ('test-table_fstg02.R:79:3')"/>
    </testcase>
    <testcase time="0.306999999999988" classname="table_fstg02" name="FSTG02_table_variant_3_selecting_columns_and_changing_the_alpha_level_"/>
    <testcase time="0.061000000000007" classname="table_fstg02" name="FSTG02_table_variant_3_selecting_columns_and_changing_the_alpha_level_">
      <skipped message="Reason: On CRAN ('test-table_fstg02.R:103:3')"/>
    </testcase>
    <testcase time="0.586000000000013" classname="table_fstg02" name="FSTG02_table_variant_4_fixed_symbol_size_is_produced_correctly"/>
    <testcase time="0.0900000000000034" classname="table_fstg02" name="FSTG02_table_variant_4_fixed_symbol_size_is_produced_correctly">
      <skipped message="Reason: On CRAN ('test-table_fstg02.R:132:3')"/>
    </testcase>
  </testsuite>
  <testsuite name="table_lbt01" timestamp="2024-01-09T21:40:46Z" hostname="6094bde9e9e5" tests="2" skipped="1" failures="0" errors="0" time="0.839">
    <testcase time="0.588999999999999" classname="table_lbt01" name="LBT01_default_variant_is_produced_correctly"/>
    <testcase time="0.25" classname="table_lbt01" name="LBT01_default_variant_is_produced_correctly">
      <skipped message="Reason: On CRAN ('test-table_lbt01.R:59:3')"/>
    </testcase>
  </testsuite>
  <testsuite name="table_lbt02" timestamp="2024-01-09T21:40:46Z" hostname="6094bde9e9e5" tests="2" skipped="1" failures="0" errors="0" time="0.489">
    <testcase time="0.319999999999993" classname="table_lbt02" name="LBT02_default_variant_is_produced_correctly"/>
    <testcase time="0.168999999999983" classname="table_lbt02" name="LBT02_default_variant_is_produced_correctly">
      <skipped message="Reason: On CRAN ('test-table_lbt02.R:19:3')"/>
    </testcase>
  </testsuite>
  <testsuite name="table_lbt03" timestamp="2024-01-09T21:40:47Z" hostname="6094bde9e9e5" tests="2" skipped="1" failures="0" errors="0" time="0.599">
    <testcase time="0.435000000000002" classname="table_lbt03" name="LBT03_default_variant_is_produced_correctly"/>
    <testcase time="0.164000000000016" classname="table_lbt03" name="LBT03_default_variant_is_produced_correctly">
      <skipped message="Reason: On CRAN ('test-table_lbt03.R:29:3')"/>
    </testcase>
  </testsuite>
  <testsuite name="table_lbt04" timestamp="2024-01-09T21:40:48Z" hostname="6094bde9e9e5" tests="2" skipped="1" failures="0" errors="0" time="0.36">
    <testcase time="0.290999999999997" classname="table_lbt04" name="LBT04_default_variant_is_produced_correctly"/>
    <testcase time="0.0689999999999884" classname="table_lbt04" name="LBT04_default_variant_is_produced_correctly">
      <skipped message="Reason: On CRAN ('test-table_lbt04.R:34:3')"/>
    </testcase>
  </testsuite>
  <testsuite name="table_lbt05" timestamp="2024-01-09T21:40:48Z" hostname="6094bde9e9e5" tests="6" skipped="3" failures="0" errors="0" time="2.058">
    <testcase time="0.665999999999997" classname="table_lbt05" name="LBT05_variant_1_is_produced_correctly"/>
    <testcase time="0.125" classname="table_lbt05" name="LBT05_variant_1_is_produced_correctly">
      <skipped message="Reason: On CRAN ('test-table_lbt05.R:84:3')"/>
    </testcase>
    <testcase time="0.473000000000013" classname="table_lbt05" name="LBT05_variant_2_is_produced_correctly"/>
    <testcase time="0.140999999999991" classname="table_lbt05" name="LBT05_variant_2_is_produced_correctly">
      <skipped message="Reason: On CRAN ('test-table_lbt05.R:106:3')"/>
    </testcase>
    <testcase time="0.52200000000002" classname="table_lbt05" name="LBT05_variant_4_is_produced_correctly"/>
    <testcase time="0.131" classname="table_lbt05" name="LBT05_variant_4_is_produced_correctly">
      <skipped message="Reason: On CRAN ('test-table_lbt05.R:130:3')"/>
    </testcase>
  </testsuite>
  <testsuite name="table_lbt06" timestamp="2024-01-09T21:40:50Z" hostname="6094bde9e9e5" tests="2" skipped="1" failures="0" errors="0" time="0.819">
    <testcase time="0.600999999999999" classname="table_lbt06" name="LBT06_default_variant_is_produced_correctly"/>
    <testcase time="0.217999999999989" classname="table_lbt06" name="LBT06_default_variant_is_produced_correctly">
      <skipped message="Reason: On CRAN ('test-table_lbt06.R:24:3')"/>
    </testcase>
  </testsuite>
  <testsuite name="table_lbt07" timestamp="2024-01-09T21:40:51Z" hostname="6094bde9e9e5" tests="2" skipped="1" failures="0" errors="0" time="0.977">
    <testcase time="0.805000000000007" classname="table_lbt07" name="LBT07_is_produced_correctly"/>
    <testcase time="0.171999999999997" classname="table_lbt07" name="LBT07_is_produced_correctly">
      <skipped message="Reason: On CRAN ('test-table_lbt07.R:83:3')"/>
    </testcase>
  </testsuite>
  <testsuite name="table_lbt08" timestamp="2024-01-09T21:40:52Z" hostname="6094bde9e9e5" tests="2" skipped="1" failures="0" errors="0" time="0.616">
    <testcase time="0.480999999999995" classname="table_lbt08" name="LBT08_produce_correctly"/>
    <testcase time="0.134999999999991" classname="table_lbt08" name="LBT08_produce_correctly">
      <skipped message="Reason: On CRAN ('test-table_lbt08.R:38:3')"/>
    </testcase>
  </testsuite>
  <testsuite name="table_lbt09" timestamp="2024-01-09T21:40:52Z" hostname="6094bde9e9e5" tests="4" skipped="2" failures="0" errors="0" time="2.263">
    <testcase time="1.17800000000003" classname="table_lbt09" name="LBT09_variant_1_works_as_expected"/>
    <testcase time="0.25" classname="table_lbt09" name="LBT09_variant_1_works_as_expected">
      <skipped message="Reason: On CRAN ('test-table_lbt09.R:107:3')"/>
    </testcase>
    <testcase time="0.636999999999972" classname="table_lbt09" name="LBT09_variant_2_works_as_expected"/>
    <testcase time="0.198000000000008" classname="table_lbt09" name="LBT09_variant_2_works_as_expected">
      <skipped message="Reason: On CRAN ('test-table_lbt09.R:138:3')"/>
    </testcase>
  </testsuite>
  <testsuite name="table_lbt10" timestamp="2024-01-09T21:40:55Z" hostname="6094bde9e9e5" tests="4" skipped="2" failures="0" errors="0" time="0.538">
    <testcase time="0.296999999999997" classname="table_lbt10" name="LBT10_variant_1_works_as_expected"/>
    <testcase time="0.054000000000002" classname="table_lbt10" name="LBT10_variant_1_works_as_expected">
      <skipped message="Reason: On CRAN ('test-table_lbt10.R:45:3')"/>
    </testcase>
    <testcase time="0.147999999999996" classname="table_lbt10" name="LBT10_variant_2_works_as_expected"/>
    <testcase time="0.0390000000000157" classname="table_lbt10" name="LBT10_variant_2_works_as_expected">
      <skipped message="Reason: On CRAN ('test-table_lbt10.R:69:3')"/>
    </testcase>
  </testsuite>
  <testsuite name="table_lbt10_bl" timestamp="2024-01-09T21:40:55Z" hostname="6094bde9e9e5" tests="4" skipped="2" failures="0" errors="0" time="0.527">
    <testcase time="0.293999999999983" classname="table_lbt10_bl" name="LBT10_BL_variant_1_works_as_expected"/>
    <testcase time="0.0530000000000257" classname="table_lbt10_bl" name="LBT10_BL_variant_1_works_as_expected">
      <skipped message="Reason: On CRAN ('test-table_lbt10_bl.R:45:3')"/>
    </testcase>
    <testcase time="0.138999999999982" classname="table_lbt10_bl" name="LBT10_BL_variant_2_works_as_expected"/>
    <testcase time="0.0409999999999968" classname="table_lbt10_bl" name="LBT10_BL_variant_2_works_as_expected">
      <skipped message="Reason: On CRAN ('test-table_lbt10_bl.R:69:3')"/>
    </testcase>
  </testsuite>
  <testsuite name="table_lbt11" timestamp="2024-01-09T21:40:56Z" hostname="6094bde9e9e5" tests="6" skipped="3" failures="0" errors="0" time="0.861">
    <testcase time="0.242999999999995" classname="table_lbt11" name="LBT11_variant_1_works_as_expected"/>
    <testcase time="0.0900000000000034" classname="table_lbt11" name="LBT11_variant_1_works_as_expected">
      <skipped message="Reason: On CRAN ('test-table_lbt11.R:60:3')"/>
    </testcase>
    <testcase time="0.122000000000014" classname="table_lbt11" name="LBT11_variant_2_works_as_expected"/>
    <testcase time="0.0629999999999882" classname="table_lbt11" name="LBT11_variant_2_works_as_expected">
      <skipped message="Reason: On CRAN ('test-table_lbt11.R:77:3')"/>
    </testcase>
    <testcase time="0.245000000000005" classname="table_lbt11" name="LBT11_variant_3_works_as_expected"/>
    <testcase time="0.0980000000000132" classname="table_lbt11" name="LBT11_variant_3_works_as_expected">
      <skipped message="Reason: On CRAN ('test-table_lbt11.R:110:3')"/>
    </testcase>
  </testsuite>
  <testsuite name="table_lbt11_bl" timestamp="2024-01-09T21:40:57Z" hostname="6094bde9e9e5" tests="6" skipped="3" failures="0" errors="0" time="0.867">
    <testcase time="0.244" classname="table_lbt11_bl" name="LBT11_BL_variant_1_works_as_expected"/>
    <testcase time="0.0809999999999889" classname="table_lbt11_bl" name="LBT11_BL_variant_1_works_as_expected">
      <skipped message="Reason: On CRAN ('test-table_lbt11_bl.R:60:3')"/>
    </testcase>
    <testcase time="0.132000000000005" classname="table_lbt11_bl" name="LBT11_BL_variant_2_works_as_expected"/>
    <testcase time="0.063999999999993" classname="table_lbt11_bl" name="LBT11_BL_variant_2_works_as_expected">
      <skipped message="Reason: On CRAN ('test-table_lbt11_bl.R:77:3')"/>
    </testcase>
    <testcase time="0.247000000000014" classname="table_lbt11_bl" name="LBT11_BL_variant_3_works_as_expected"/>
    <testcase time="0.0989999999999895" classname="table_lbt11_bl" name="LBT11_BL_variant_3_works_as_expected">
      <skipped message="Reason: On CRAN ('test-table_lbt11_bl.R:110:3')"/>
    </testcase>
  </testsuite>
  <testsuite name="table_lbt12" timestamp="2024-01-09T21:40:57Z" hostname="6094bde9e9e5" tests="2" skipped="1" failures="0" errors="0" time="0.495">
    <testcase time="0.420999999999992" classname="table_lbt12" name="LBT12_works_as_expected"/>
    <testcase time="0.0740000000000123" classname="table_lbt12" name="LBT12_works_as_expected">
      <skipped message="Reason: On CRAN ('test-table_lbt12.R:50:3')"/>
    </testcase>
  </testsuite>
  <testsuite name="table_lbt12_bl" timestamp="2024-01-09T21:40:58Z" hostname="6094bde9e9e5" tests="2" skipped="1" failures="0" errors="0" time="0.495">
    <testcase time="0.421999999999997" classname="table_lbt12_bl" name="LBT12_BL_works_as_expected"/>
    <testcase time="0.0730000000000075" classname="table_lbt12_bl" name="LBT12_BL_works_as_expected">
      <skipped message="Reason: On CRAN ('test-table_lbt12_bl.R:50:3')"/>
    </testcase>
  </testsuite>
  <testsuite name="table_lbt13" timestamp="2024-01-09T21:40:58Z" hostname="6094bde9e9e5" tests="10" skipped="5" failures="0" errors="0" time="13.116">
    <testcase time="1.91899999999998" classname="table_lbt13" name="LBT13_variant_1_LOW_works_as_expected"/>
    <testcase time="0.540999999999997" classname="table_lbt13" name="LBT13_variant_1_LOW_works_as_expected">
      <skipped message="Reason: On CRAN ('test-table_lbt13.R:81:3')"/>
    </testcase>
    <testcase time="1.797" classname="table_lbt13" name="LBT13_variant_2_HIGH_works_as_expected"/>
    <testcase time="0.552000000000021" classname="table_lbt13" name="LBT13_variant_2_HIGH_works_as_expected">
      <skipped message="Reason: On CRAN ('test-table_lbt13.R:153:3')"/>
    </testcase>
    <testcase time="1.815" classname="table_lbt13" name="LBT13_variant_3_LOW_without_baseline_missing_works_as_expected"/>
    <testcase time="0.544999999999987" classname="table_lbt13" name="LBT13_variant_3_LOW_without_baseline_missing_works_as_expected">
      <skipped message="Reason: On CRAN ('test-table_lbt13.R:225:3')"/>
    </testcase>
    <testcase time="1.839" classname="table_lbt13" name="LBT13_variant_4_HIGH_with_missing_baseline_considered_as_grade_0_works_as_expected"/>
    <testcase time="0.558999999999997" classname="table_lbt13" name="LBT13_variant_4_HIGH_with_missing_baseline_considered_as_grade_0_works_as_expected">
      <skipped message="Reason: On CRAN ('test-table_lbt13.R:296:3')"/>
    </testcase>
    <testcase time="2.47200000000001" classname="table_lbt13" name="LBT14_variant_5_HIGH_with_filled_in_grades_works_as_expected"/>
    <testcase time="1.077" classname="table_lbt13" name="LBT14_variant_5_HIGH_with_filled_in_grades_works_as_expected">
      <skipped message="Reason: On CRAN ('test-table_lbt13.R:370:3')"/>
    </testcase>
  </testsuite>
  <testsuite name="table_lbt14" timestamp="2024-01-09T21:41:12Z" hostname="6094bde9e9e5" tests="10" skipped="5" failures="0" errors="0" time="9.732">
    <testcase time="1.691" classname="table_lbt14" name="LBT14_variant_1_HIGH_works_as_expected"/>
    <testcase time="0.305999999999983" classname="table_lbt14" name="LBT14_variant_1_HIGH_works_as_expected">
      <skipped message="Reason: On CRAN ('test-table_lbt14.R:60:3')"/>
    </testcase>
    <testcase time="1.59100000000001" classname="table_lbt14" name="LBT14_variant_2_LOW_works_as_expected"/>
    <testcase time="0.306000000000012" classname="table_lbt14" name="LBT14_variant_2_LOW_works_as_expected">
      <skipped message="Reason: On CRAN ('test-table_lbt14.R:113:3')"/>
    </testcase>
    <testcase time="1.39699999999999" classname="table_lbt14" name="LBT14_variant_3_LOW_without_baseline_missing_works_as_expected"/>
    <testcase time="0.334000000000003" classname="table_lbt14" name="LBT14_variant_3_LOW_without_baseline_missing_works_as_expected">
      <skipped message="Reason: On CRAN ('test-table_lbt14.R:166:3')"/>
    </testcase>
    <testcase time="1.529" classname="table_lbt14" name="LBT14_variant_4_LOW_and_force_1_missing_both_baseline_and_post_baseline_then_force_the_missing_baseline_as_0_as_expected"/>
    <testcase time="0.312000000000012" classname="table_lbt14" name="LBT14_variant_4_LOW_and_force_1_missing_both_baseline_and_post_baseline_then_force_the_missing_baseline_as_0_as_expected">
      <skipped message="Reason: On CRAN ('test-table_lbt14.R:218:3')"/>
    </testcase>
    <testcase time="1.59599999999998" classname="table_lbt14" name="LBT14_variant_5_HIGH_with_fillings_works_as_expected"/>
    <testcase time="0.670000000000016" classname="table_lbt14" name="LBT14_variant_5_HIGH_with_fillings_works_as_expected">
      <skipped message="Reason: On CRAN ('test-table_lbt14.R:270:3')"/>
    </testcase>
  </testsuite>
  <testsuite name="table_lbt15" timestamp="2024-01-09T21:41:21Z" hostname="6094bde9e9e5" tests="4" skipped="2" failures="0" errors="0" time="0.715">
    <testcase time="0.288999999999987" classname="table_lbt15" name="LBT15_variant_1_works_as_expected"/>
    <testcase time="0.0810000000000173" classname="table_lbt15" name="LBT15_variant_1_works_as_expected">
      <skipped message="Reason: On CRAN ('test-table_lbt15.R:82:3')"/>
    </testcase>
    <testcase time="0.264999999999986" classname="table_lbt15" name="LBT15_variant_2_works_as_expected"/>
    <testcase time="0.0800000000000125" classname="table_lbt15" name="LBT15_variant_2_works_as_expected">
      <skipped message="Reason: On CRAN ('test-table_lbt15.R:89:3')"/>
    </testcase>
  </testsuite>
  <testsuite name="table_lgrt02" timestamp="2024-01-09T21:41:22Z" hostname="6094bde9e9e5" tests="8" skipped="4" failures="0" errors="0" time="3.648">
    <testcase time="0.698999999999984" classname="table_lgrt02" name="LGRT02_without_interaction_term_is_produced_correctly"/>
    <testcase time="0.137" classname="table_lgrt02" name="LGRT02_without_interaction_term_is_produced_correctly">
      <skipped message="Reason: On CRAN ('test-table_lgrt02.R:52:3')"/>
    </testcase>
    <testcase time="0.836000000000013" classname="table_lgrt02" name="LGRT02_with_categorical_interaction_is_produced_correctly"/>
    <testcase time="0.180999999999983" classname="table_lgrt02" name="LGRT02_with_categorical_interaction_is_produced_correctly">
      <skipped message="Reason: On CRAN ('test-table_lgrt02.R:78:3')"/>
    </testcase>
    <testcase time="0.825000000000017" classname="table_lgrt02" name="LGRT02_with_continuous_interaction_is_produced_correctly"/>
    <testcase time="0.164999999999992" classname="table_lgrt02" name="LGRT02_with_continuous_interaction_is_produced_correctly">
      <skipped message="Reason: On CRAN ('test-table_lgrt02.R:104:3')"/>
    </testcase>
    <testcase time="0.670999999999992" classname="table_lgrt02" name="LGRT02_with_setting_values_indicating_an_event_and_custom_alpha_level_is_produced_correctly"/>
    <testcase time="0.134000000000015" classname="table_lgrt02" name="LGRT02_with_setting_values_indicating_an_event_and_custom_alpha_level_is_produced_correctly">
      <skipped message="Reason: On CRAN ('test-table_lgrt02.R:130:3')"/>
    </testcase>
  </testsuite>
  <testsuite name="table_mht01" timestamp="2024-01-09T21:41:26Z" hostname="6094bde9e9e5" tests="8" skipped="4" failures="0" errors="0" time="1.881">
    <testcase time="0.437999999999988" classname="table_mht01" name="MHT01_variant_1_is_produced_accurately"/>
    <testcase time="0.134000000000015" classname="table_mht01" name="MHT01_variant_1_is_produced_accurately">
      <skipped message="Reason: On CRAN ('test-table_mht01.R:49:3')"/>
    </testcase>
    <testcase time="0.149000000000001" classname="table_mht01" name="MHT01_variant_2_is_produced_accurately"/>
    <testcase time="0.0600000000000023" classname="table_mht01" name="MHT01_variant_2_is_produced_accurately">
      <skipped message="Reason: On CRAN ('test-table_mht01.R:60:3')"/>
    </testcase>
    <testcase time="0.351999999999975" classname="table_mht01" name="MHT01_variant_3_is_produced_accurately"/>
    <testcase time="0.109000000000009" classname="table_mht01" name="MHT01_variant_3_is_produced_accurately">
      <skipped message="Reason: On CRAN ('test-table_mht01.R:92:3')"/>
    </testcase>
    <testcase time="0.472000000000008" classname="table_mht01" name="MHT01_variant_5_is_produced_accurately"/>
    <testcase time="0.167000000000002" classname="table_mht01" name="MHT01_variant_5_is_produced_accurately">
      <skipped message="Reason: On CRAN ('test-table_mht01.R:130:3')"/>
    </testcase>
  </testsuite>
  <testsuite name="table_onct05" timestamp="2024-01-09T21:41:27Z" hostname="6094bde9e9e5" tests="8" skipped="4" failures="0" errors="0" time="2.316">
    <testcase time="0.739000000000004" classname="table_onct05" name="ONCT05_variant_1_Objective_Response_Rate_by_Subgroup_is_produced_correctly"/>
    <testcase time="0.0869999999999891" classname="table_onct05" name="ONCT05_variant_1_Objective_Response_Rate_by_Subgroup_is_produced_correctly">
      <skipped message="Reason: On CRAN ('test-table_onct05.R:33:3')"/>
    </testcase>
    <testcase time="0.519000000000005" classname="table_onct05" name="ONCT05_variant_2_Specifying_class_variables_is_produced_correctly"/>
    <testcase time="0.085000000000008" classname="table_onct05" name="ONCT05_variant_2_Specifying_class_variables_is_produced_correctly">
      <skipped message="Reason: On CRAN ('test-table_onct05.R:57:3')"/>
    </testcase>
    <testcase time="0.252999999999986" classname="table_onct05" name="ONCT05_variant_3_selecting_columns_and_changing_the_alpha_level_is_produced_correctly"/>
    <testcase time="0.0600000000000023" classname="table_onct05" name="ONCT05_variant_3_selecting_columns_and_changing_the_alpha_level_is_produced_correctly">
      <skipped message="Reason: On CRAN ('test-table_onct05.R:75:3')"/>
    </testcase>
    <testcase time="0.492999999999995" classname="table_onct05" name="ONCT05_variant_4_setting_values_indicating_response_is_produced_correctly"/>
    <testcase time="0.0800000000000125" classname="table_onct05" name="ONCT05_variant_4_setting_values_indicating_response_is_produced_correctly">
      <skipped message="Reason: On CRAN ('test-table_onct05.R:96:3')"/>
    </testcase>
  </testsuite>
  <testsuite name="table_pdt01" timestamp="2024-01-09T21:41:30Z" hostname="6094bde9e9e5" tests="2" skipped="1" failures="0" errors="0" time="0.459">
    <testcase time="0.313999999999993" classname="table_pdt01" name="PDT01_is_produced_correctly"/>
    <testcase time="0.14500000000001" classname="table_pdt01" name="PDT01_is_produced_correctly">
      <skipped message="Reason: On CRAN ('test-table_pdt01.R:40:3')"/>
    </testcase>
  </testsuite>
  <testsuite name="table_pdt02" timestamp="2024-01-09T21:41:30Z" hostname="6094bde9e9e5" tests="2" skipped="1" failures="0" errors="0" time="0.25">
    <testcase time="0.184999999999974" classname="table_pdt02" name="PDT02_is_produced_correctly"/>
    <testcase time="0.0650000000000261" classname="table_pdt02" name="PDT02_is_produced_correctly">
      <skipped message="Reason: On CRAN ('test-table_pdt02.R:43:3')"/>
    </testcase>
  </testsuite>
  <testsuite name="table_pkct01" timestamp="2024-01-09T21:41:30Z" hostname="6094bde9e9e5" tests="4" skipped="2" failures="0" errors="0" time="1.433">
    <testcase time="0.307999999999993" classname="table_pkct01" name="PKCT01_is_produced_correctly"/>
    <testcase time="0.0689999999999884" classname="table_pkct01" name="PKCT01_is_produced_correctly">
      <skipped message="Reason: On CRAN ('test-table_pkct01.R:18:3')"/>
    </testcase>
    <testcase time="0.897999999999996" classname="table_pkct01" name="Specific_PKCT01_features_are_present"/>
    <testcase time="0.158000000000015" classname="table_pkct01" name="Specific_PKCT01_features_are_present">
      <skipped message="Reason: On CRAN ('test-table_pkct01.R:120:3')"/>
    </testcase>
  </testsuite>
  <testsuite name="table_pkpt02" timestamp="2024-01-09T21:41:32Z" hostname="6094bde9e9e5" tests="2" skipped="1" failures="0" errors="0" time="0.641">
    <testcase time="0.402999999999992" classname="table_pkpt02" name="PKPT02_is_produced_correctly_for_Drug_X"/>
    <testcase time="0.238" classname="table_pkpt02" name="PKPT02_is_produced_correctly_for_Drug_X">
      <skipped message="Reason: On CRAN ('test-table_pkpt02.R:44:3')"/>
    </testcase>
  </testsuite>
  <testsuite name="table_pkpt03" timestamp="2024-01-09T21:41:33Z" hostname="6094bde9e9e5" tests="2" skipped="1" failures="0" errors="0" time="1.326">
    <testcase time="1.13300000000001" classname="table_pkpt03" name="PKPT03_Drug_X_is_produced_correctly"/>
    <testcase time="0.192999999999984" classname="table_pkpt03" name="PKPT03_Drug_X_is_produced_correctly">
      <skipped message="Reason: On CRAN ('test-table_pkpt03.R:69:3')"/>
    </testcase>
  </testsuite>
  <testsuite name="table_pkpt04" timestamp="2024-01-09T21:41:34Z" hostname="6094bde9e9e5" tests="4" skipped="2" failures="0" errors="0" time="0.663">
    <testcase time="0.229000000000013" classname="table_pkpt04" name="PKPT04_is_produced_correctly_for_Drug_X"/>
    <testcase time="0.139999999999986" classname="table_pkpt04" name="PKPT04_is_produced_correctly_for_Drug_X">
      <skipped message="Reason: On CRAN ('test-table_pkpt04.R:42:3')"/>
    </testcase>
    <testcase time="0.173000000000002" classname="table_pkpt04" name="PKPT04_is_produced_correctly_for_Drug_Y"/>
    <testcase time="0.121000000000009" classname="table_pkpt04" name="PKPT04_is_produced_correctly_for_Drug_Y">
      <skipped message="Reason: On CRAN ('test-table_pkpt04.R:55:3')"/>
    </testcase>
  </testsuite>
  <testsuite name="table_pkpt05" timestamp="2024-01-09T21:41:35Z" hostname="6094bde9e9e5" tests="4" skipped="2" failures="0" errors="0" time="1.186">
    <testcase time="0.656000000000006" classname="table_pkpt05" name="PKPT05_Drug_X_is_produced_correctly"/>
    <testcase time="0.11699999999999" classname="table_pkpt05" name="PKPT05_Drug_X_is_produced_correctly">
      <skipped message="Reason: On CRAN ('test-table_pkpt05.R:66:3')"/>
    </testcase>
    <testcase time="0.342000000000013" classname="table_pkpt05" name="PKPT05_Drug_Y_is_produced_correctly"/>
    <testcase time="0.070999999999998" classname="table_pkpt05" name="PKPT05_Drug_Y_is_produced_correctly">
      <skipped message="Reason: On CRAN ('test-table_pkpt05.R:81:3')"/>
    </testcase>
  </testsuite>
  <testsuite name="table_pkpt06" timestamp="2024-01-09T21:41:36Z" hostname="6094bde9e9e5" tests="4" skipped="2" failures="0" errors="0" time="0.289">
    <testcase time="0.115999999999985" classname="table_pkpt06" name="PKPT06_is_produced_correctly_for_Drug_X"/>
    <testcase time="0.0589999999999975" classname="table_pkpt06" name="PKPT06_is_produced_correctly_for_Drug_X">
      <skipped message="Reason: On CRAN ('test-table_pkpt06.R:48:3')"/>
    </testcase>
    <testcase time="0.0740000000000123" classname="table_pkpt06" name="PKPT06_is_produced_correctly_for_Drug_Y"/>
    <testcase time="0.039999999999992" classname="table_pkpt06" name="PKPT06_is_produced_correctly_for_Drug_Y">
      <skipped message="Reason: On CRAN ('test-table_pkpt06.R:61:3')"/>
    </testcase>
  </testsuite>
  <testsuite name="table_pkpt07" timestamp="2024-01-09T21:41:36Z" hostname="6094bde9e9e5" tests="4" skipped="2" failures="0" errors="0" time="0.509">
    <testcase time="0.259000000000015" classname="table_pkpt07" name="PKPT07_Drug_X_is_produced_correctly"/>
    <testcase time="0.0600000000000023" classname="table_pkpt07" name="PKPT07_Drug_X_is_produced_correctly">
      <skipped message="Reason: On CRAN ('test-table_pkpt07.R:73:3')"/>
    </testcase>
    <testcase time="0.140999999999991" classname="table_pkpt07" name="PKPT07_Drug_Y_is_produced_correctly"/>
    <testcase time="0.0490000000000066" classname="table_pkpt07" name="PKPT07_Drug_Y_is_produced_correctly">
      <skipped message="Reason: On CRAN ('test-table_pkpt07.R:88:3')"/>
    </testcase>
  </testsuite>
  <testsuite name="table_ratet01" timestamp="2024-01-09T21:41:37Z" hostname="6094bde9e9e5" tests="2" skipped="1" failures="0" errors="0" time="0.599">
    <testcase time="0.503999999999991" classname="table_ratet01" name="RATET01_is_produced_correctly"/>
    <testcase time="0.0949999999999989" classname="table_ratet01" name="RATET01_is_produced_correctly">
      <skipped message="Reason: On CRAN ('test-table_ratet01.R:52:3')"/>
    </testcase>
  </testsuite>
  <testsuite name="table_rmpt01" timestamp="2024-01-09T21:41:37Z" hostname="6094bde9e9e5" tests="2" skipped="1" failures="0" errors="0" time="0.223">
    <testcase time="0.181999999999988" classname="table_rmpt01" name="RMPT01_is_produced_correctly"/>
    <testcase time="0.0410000000000252" classname="table_rmpt01" name="RMPT01_is_produced_correctly">
      <skipped message="Reason: On CRAN ('test-table_rmpt01.R:58:3')"/>
    </testcase>
  </testsuite>
  <testsuite name="table_rmpt03" timestamp="2024-01-09T21:41:37Z" hostname="6094bde9e9e5" tests="4" skipped="2" failures="0" errors="0" time="0.559">
    <testcase time="0.253999999999991" classname="table_rmpt03" name="RMPT03_variant_1_is_produced_correctly"/>
    <testcase time="0.0529999999999973" classname="table_rmpt03" name="RMPT03_variant_1_is_produced_correctly">
      <skipped message="Reason: On CRAN ('test-table_rmpt03.R:67:3')"/>
    </testcase>
    <testcase time="0.193999999999988" classname="table_rmpt03" name="RMPT03_variant_2_is_produced_correctly"/>
    <testcase time="0.0580000000000211" classname="table_rmpt03" name="RMPT03_variant_2_is_produced_correctly">
      <skipped message="Reason: On CRAN ('test-table_rmpt03.R:91:3')"/>
    </testcase>
  </testsuite>
  <testsuite name="table_rmpt04" timestamp="2024-01-09T21:41:38Z" hostname="6094bde9e9e5" tests="2" skipped="1" failures="0" errors="0" time="0.209">
    <testcase time="0.167999999999978" classname="table_rmpt04" name="RMPT04_variant_1_is_produced_correctly"/>
    <testcase time="0.0410000000000252" classname="table_rmpt04" name="RMPT04_variant_1_is_produced_correctly">
      <skipped message="Reason: On CRAN ('test-table_rmpt04.R:50:3')"/>
    </testcase>
  </testsuite>
  <testsuite name="table_rmpt05" timestamp="2024-01-09T21:41:38Z" hostname="6094bde9e9e5" tests="2" skipped="1" failures="0" errors="0" time="0.256">
    <testcase time="0.200999999999993" classname="table_rmpt05" name="RMPT05_is_produced_correctly"/>
    <testcase time="0.0550000000000068" classname="table_rmpt05" name="RMPT05_is_produced_correctly">
      <skipped message="Reason: On CRAN ('test-table_rmpt05.R:49:3')"/>
    </testcase>
  </testsuite>
  <testsuite name="table_rmpt06" timestamp="2024-01-09T21:41:38Z" hostname="6094bde9e9e5" tests="8" skipped="4" failures="0" errors="0" time="1.786">
    <testcase time="0.398999999999972" classname="table_rmpt06" name="RMPT06_variant_1_is_produced_correctly"/>
    <testcase time="0.0950000000000273" classname="table_rmpt06" name="RMPT06_variant_1_is_produced_correctly">
      <skipped message="Reason: On CRAN ('test-table_rmpt06.R:99:3')"/>
    </testcase>
    <testcase time="0.257999999999981" classname="table_rmpt06" name="RMPT06_variant_2_is_produced_correctly"/>
    <testcase time="0.0680000000000121" classname="table_rmpt06" name="RMPT06_variant_2_is_produced_correctly">
      <skipped message="Reason: On CRAN ('test-table_rmpt06.R:148:3')"/>
    </testcase>
    <testcase time="0.359999999999985" classname="table_rmpt06" name="RMPT06_variant_3_is_produced_correctly"/>
    <testcase time="0.114000000000004" classname="table_rmpt06" name="RMPT06_variant_3_is_produced_correctly">
      <skipped message="Reason: On CRAN ('test-table_rmpt06.R:211:3')"/>
    </testcase>
    <testcase time="0.363" classname="table_rmpt06" name="RMPT06_variant_4_is_produced_correctly"/>
    <testcase time="0.128999999999991" classname="table_rmpt06" name="RMPT06_variant_4_is_produced_correctly">
      <skipped message="Reason: On CRAN ('test-table_rmpt06.R:277:3')"/>
    </testcase>
  </testsuite>
  <testsuite name="table_rspt01" timestamp="2024-01-09T21:41:40Z" hostname="6094bde9e9e5" tests="12" skipped="6" failures="0" errors="0" time="2.806">
    <testcase time="0.363" classname="table_rspt01" name="RSPT01_1._Best_Overall_Response"/>
    <testcase time="0.099000000000018" classname="table_rspt01" name="RSPT01_1._Best_Overall_Response">
      <skipped message="Reason: On CRAN ('test-table_rspt01.R:46:3')"/>
    </testcase>
    <testcase time="0.323999999999984" classname="table_rspt01" name="RSPT01_2._Best_Overall_Response_selecting_sections_to_display_"/>
    <testcase time="0.110000000000014" classname="table_rspt01" name="RSPT01_2._Best_Overall_Response_selecting_sections_to_display_">
      <skipped message="Reason: On CRAN ('test-table_rspt01.R:73:3')"/>
    </testcase>
    <testcase time="0.403999999999996" classname="table_rspt01" name="RSPT01_3._Best_Overall_Response_modifying_settings_"/>
    <testcase time="0.0960000000000036" classname="table_rspt01" name="RSPT01_3._Best_Overall_Response_modifying_settings_">
      <skipped message="Reason: On CRAN ('test-table_rspt01.R:116:3')"/>
    </testcase>
    <testcase time="0.462999999999994" classname="table_rspt01" name="RSPT01_4._Best_Overall_Response_with_stratified_analysis_"/>
    <testcase time="0.119" classname="table_rspt01" name="RSPT01_4._Best_Overall_Response_with_stratified_analysis_">
      <skipped message="Reason: On CRAN ('test-table_rspt01.R:166:3')"/>
    </testcase>
    <testcase time="0.361999999999995" classname="table_rspt01" name="RSPT01_5._Best_Overall_Response_modifying_the_definition_of_overall_response_"/>
    <testcase time="0.100999999999999" classname="table_rspt01" name="RSPT01_5._Best_Overall_Response_modifying_the_definition_of_overall_response_">
      <skipped message="Reason: On CRAN ('test-table_rspt01.R:198:3')"/>
    </testcase>
    <testcase time="0.283000000000015" classname="table_rspt01" name="RSPT01_6._Best_Overall_Response_define_new_sections_to_display_"/>
    <testcase time="0.0819999999999936" classname="table_rspt01" name="RSPT01_6._Best_Overall_Response_define_new_sections_to_display_">
      <skipped message="Reason: On CRAN ('test-table_rspt01.R:248:3')"/>
    </testcase>
  </testsuite>
  <testsuite name="table_ttet01" timestamp="2024-01-09T21:41:43Z" hostname="6094bde9e9e5" tests="14" skipped="7" failures="0" errors="0" time="4.032">
    <testcase time="0.518000000000001" classname="table_ttet01" name="TTET01_default_variant_is_produced_correctly"/>
    <testcase time="0.176999999999992" classname="table_ttet01" name="TTET01_default_variant_is_produced_correctly">
      <skipped message="Reason: On CRAN ('test-table_ttet01.R:79:3')"/>
    </testcase>
    <testcase time="0.485000000000014" classname="table_ttet01" name="TTET01_default_variant_with_Placebo_arm"/>
    <testcase time="0.176999999999992" classname="table_ttet01" name="TTET01_default_variant_with_Placebo_arm">
      <skipped message="Reason: On CRAN ('test-table_ttet01.R:140:3')"/>
    </testcase>
    <testcase time="0.26400000000001" classname="table_ttet01" name="TTET01_variant_2_selecting_sections_to_display"/>
    <testcase time="0.10299999999998" classname="table_ttet01" name="TTET01_variant_2_selecting_sections_to_display">
      <skipped message="Reason: On CRAN ('test-table_ttet01.R:185:3')"/>
    </testcase>
    <testcase time="0.390000000000015" classname="table_ttet01" name="TTET01_variant_3_modifying_analysis_details_like_conftype_ties_alpha_level"/>
    <testcase time="0.133999999999986" classname="table_ttet01" name="TTET01_variant_3_modifying_analysis_details_like_conftype_ties_alpha_level">
      <skipped message="Reason: On CRAN ('test-table_ttet01.R:251:3')"/>
    </testcase>
    <testcase time="0.451000000000022" classname="table_ttet01" name="TTET01_variant_4_with_stratified_analysis"/>
    <testcase time="0.145999999999987" classname="table_ttet01" name="TTET01_variant_4_with_stratified_analysis">
      <skipped message="Reason: On CRAN ('test-table_ttet01.R:312:3')"/>
    </testcase>
    <testcase time="0.384999999999991" classname="table_ttet01" name="TTET01_variant_5_modifying_time_point"/>
    <testcase time="0.164000000000016" classname="table_ttet01" name="TTET01_variant_5_modifying_time_point">
      <skipped message="Reason: On CRAN ('test-table_ttet01.R:367:3')"/>
    </testcase>
    <testcase time="0.49799999999999" classname="table_ttet01" name="TTET01_variant_6_requesting_more_than_one_p_value"/>
    <testcase time="0.140000000000015" classname="table_ttet01" name="TTET01_variant_6_requesting_more_than_one_p_value">
      <skipped message="Reason: On CRAN ('test-table_ttet01.R:440:3')"/>
    </testcase>
  </testsuite>
  <testsuite name="table_vst01" timestamp="2024-01-09T21:41:47Z" hostname="6094bde9e9e5" tests="2" skipped="1" failures="0" errors="0" time="1.246">
    <testcase time="0.930999999999983" classname="table_vst01" name="VST01_default_variant_is_produced_correctly"/>
    <testcase time="0.314999999999998" classname="table_vst01" name="VST01_default_variant_is_produced_correctly">
      <skipped message="Reason: On CRAN ('test-table_vst01.R:99:3')"/>
    </testcase>
  </testsuite>
  <testsuite name="table_vst02" timestamp="2024-01-09T21:41:48Z" hostname="6094bde9e9e5" tests="4" skipped="2" failures="0" errors="0" time="1.093">
    <testcase time="0.497000000000014" classname="table_vst02" name="1._Vital_Sign_Abnormalities_Regardless_of_Abnormality_at_Baseline_VST02_1_"/>
    <testcase time="0.108000000000004" classname="table_vst02" name="1._Vital_Sign_Abnormalities_Regardless_of_Abnormality_at_Baseline_VST02_1_">
      <skipped message="Reason: On CRAN ('test-table_vst02.R:33:3')"/>
    </testcase>
    <testcase time="0.361999999999995" classname="table_vst02" name="2._Vital_Sign_Abnormalities_Among_Subject_Without_Abnormality_at_Baseline_VST02_2_"/>
    <testcase time="0.126000000000005" classname="table_vst02" name="2._Vital_Sign_Abnormalities_Among_Subject_Without_Abnormality_at_Baseline_VST02_2_">
      <skipped message="Reason: On CRAN ('test-table_vst02.R:51:3')"/>
    </testcase>
  </testsuite>
</testsuites>
