<?xml version="1.0" encoding="UTF-8"?>
<testsuites>
  <testsuite name="listing_adal02" timestamp="2024-08-01T14:30:19Z" hostname="9dd5795629c2" tests="1" skipped="0" failures="0" errors="0" time="0.257">
    <testcase time="0.257000000000001" classname="listing_adal02" name="ADAL02_listing_is_produced_correctly"/>
  </testsuite>
  <testsuite name="listing_ael01" timestamp="2024-08-01T14:30:19Z" hostname="9dd5795629c2" tests="1" skipped="0" failures="0" errors="0" time="0.197">
    <testcase time="0.197" classname="listing_ael01" name="AEL01_listing_is_produced_correctly"/>
  </testsuite>
  <testsuite name="listing_ael01_nollt" timestamp="2024-08-01T14:30:19Z" hostname="9dd5795629c2" tests="1" skipped="0" failures="0" errors="0" time="0.072">
    <testcase time="0.0720000000000001" classname="listing_ael01_nollt" name="AEL01_NOLLT_listing_is_produced_correctly"/>
  </testsuite>
  <testsuite name="listing_ael02" timestamp="2024-08-01T14:30:19Z" hostname="9dd5795629c2" tests="1" skipped="0" failures="0" errors="0" time="0.288">
    <testcase time="0.287999999999999" classname="listing_ael02" name="AEL02_listing_is_produced_correctly"/>
  </testsuite>
  <testsuite name="listing_ael02_ed" timestamp="2024-08-01T14:30:20Z" hostname="9dd5795629c2" tests="1" skipped="0" failures="0" errors="0" time="0.332">
    <testcase time="0.332" classname="listing_ael02_ed" name="AEL02_ED_listing_is_produced_correctly"/>
  </testsuite>
  <testsuite name="listing_ael03" timestamp="2024-08-01T14:30:20Z" hostname="9dd5795629c2" tests="1" skipped="0" failures="0" errors="0" time="0.273">
    <testcase time="0.273000000000001" classname="listing_ael03" name="AEL03_listing_is_produced_correctly"/>
  </testsuite>
  <testsuite name="listing_ael04" timestamp="2024-08-01T14:30:20Z" hostname="9dd5795629c2" tests="1" skipped="0" failures="0" errors="0" time="0.202">
    <testcase time="0.202" classname="listing_ael04" name="AEL04_listing_is_produced_correctly"/>
  </testsuite>
  <testsuite name="listing_cml01" timestamp="2024-08-01T14:30:20Z" hostname="9dd5795629c2" tests="1" skipped="0" failures="0" errors="0" time="0.297">
    <testcase time="0.297" classname="listing_cml01" name="CML01_listing_is_produced_correctly"/>
  </testsuite>
  <testsuite name="listing_cml02a_gl" timestamp="2024-08-01T14:30:21Z" hostname="9dd5795629c2" tests="1" skipped="0" failures="0" errors="0" time="0.074">
    <testcase time="0.0739999999999998" classname="listing_cml02a_gl" name="CML02A_GL_listing_is_produced_correctly"/>
  </testsuite>
  <testsuite name="listing_cml02b_gl" timestamp="2024-08-01T14:30:21Z" hostname="9dd5795629c2" tests="1" skipped="0" failures="0" errors="0" time="0.089">
    <testcase time="0.0890000000000004" classname="listing_cml02b_gl" name="CML02B_GL_listing_is_produced_correctly"/>
  </testsuite>
  <testsuite name="listing_dsl01" timestamp="2024-08-01T14:30:21Z" hostname="9dd5795629c2" tests="1" skipped="0" failures="0" errors="0" time="0.161">
    <testcase time="0.161" classname="listing_dsl01" name="DSL01_listing_is_produced_correctly"/>
  </testsuite>
  <testsuite name="listing_dsl02" timestamp="2024-08-01T14:30:21Z" hostname="9dd5795629c2" tests="1" skipped="0" failures="0" errors="0" time="0.079">
    <testcase time="0.0789999999999988" classname="listing_dsl02" name="DSL02_listing_is_produced_correctly"/>
  </testsuite>
  <testsuite name="listing_dsur4" timestamp="2024-08-01T14:30:21Z" hostname="9dd5795629c2" tests="1" skipped="0" failures="0" errors="0" time="0.103">
    <testcase time="0.103" classname="listing_dsur4" name="DSUR4_listing_is_produced_correctly"/>
  </testsuite>
  <testsuite name="listing_egl01" timestamp="2024-08-01T14:30:21Z" hostname="9dd5795629c2" tests="1" skipped="0" failures="0" errors="0" time="0.32">
    <testcase time="0.32" classname="listing_egl01" name="EGL01_listing_is_produced_correctly"/>
  </testsuite>
  <testsuite name="listing_exl01" timestamp="2024-08-01T14:30:21Z" hostname="9dd5795629c2" tests="1" skipped="0" failures="0" errors="0" time="0.223">
    <testcase time="0.223000000000001" classname="listing_exl01" name="EXL01_listing_is_produced_correctly"/>
  </testsuite>
  <testsuite name="listing_lbl01" timestamp="2024-08-01T14:30:22Z" hostname="9dd5795629c2" tests="1" skipped="0" failures="0" errors="0" time="0.538">
    <testcase time="0.538" classname="listing_lbl01" name="LBL01_listing_is_produced_correctly"/>
  </testsuite>
  <testsuite name="listing_lbl01_rls" timestamp="2024-08-01T14:30:22Z" hostname="9dd5795629c2" tests="1" skipped="0" failures="0" errors="0" time="0.529">
    <testcase time="0.529" classname="listing_lbl01_rls" name="LBL01_RLS_listing_is_produced_correctly"/>
  </testsuite>
  <testsuite name="listing_lbl02a" timestamp="2024-08-01T14:30:23Z" hostname="9dd5795629c2" tests="1" skipped="0" failures="0" errors="0" time="0.252">
    <testcase time="0.251999999999999" classname="listing_lbl02a" name="LBL02A_listing_is_produced_correctly"/>
  </testsuite>
  <testsuite name="listing_lbl02a_rls" timestamp="2024-08-01T14:30:23Z" hostname="9dd5795629c2" tests="1" skipped="0" failures="0" errors="0" time="0.819">
    <testcase time="0.819000000000001" classname="listing_lbl02a_rls" name="LBL02A_RLS_listing_is_produced_correctly"/>
  </testsuite>
  <testsuite name="listing_lbl02b" timestamp="2024-08-01T14:30:24Z" hostname="9dd5795629c2" tests="1" skipped="0" failures="0" errors="0" time="0.246">
    <testcase time="0.246" classname="listing_lbl02b" name="LBL02B_listing_is_produced_correctly"/>
  </testsuite>
  <testsuite name="listing_mhl01" timestamp="2024-08-01T14:30:24Z" hostname="9dd5795629c2" tests="1" skipped="0" failures="0" errors="0" time="0.252">
    <testcase time="0.251999999999999" classname="listing_mhl01" name="MHL01_listing_is_produced_correctly"/>
  </testsuite>
  <testsuite name="listing_oncl01" timestamp="2024-08-01T14:30:24Z" hostname="9dd5795629c2" tests="1" skipped="0" failures="0" errors="0" time="0.245">
    <testcase time="0.245000000000001" classname="listing_oncl01" name="ONCL01_listing_is_produced_correctly"/>
  </testsuite>
  <testsuite name="listing_pkcl01" timestamp="2024-08-01T14:30:25Z" hostname="9dd5795629c2" tests="1" skipped="0" failures="0" errors="0" time="0.179">
    <testcase time="0.179" classname="listing_pkcl01" name="PKCL01_listing_is_produced_correctly"/>
  </testsuite>
  <testsuite name="listing_pkcl02" timestamp="2024-08-01T14:30:25Z" hostname="9dd5795629c2" tests="1" skipped="0" failures="0" errors="0" time="0.199">
    <testcase time="0.199" classname="listing_pkcl02" name="PKCL02_listing_is_produced_correctly"/>
  </testsuite>
  <testsuite name="listing_pkpl01" timestamp="2024-08-01T14:30:25Z" hostname="9dd5795629c2" tests="1" skipped="0" failures="0" errors="0" time="0.259">
    <testcase time="0.259" classname="listing_pkpl01" name="PKPL01_listing_is_produced_correctly"/>
  </testsuite>
  <testsuite name="listing_pkpl02" timestamp="2024-08-01T14:30:25Z" hostname="9dd5795629c2" tests="1" skipped="0" failures="0" errors="0" time="0.152">
    <testcase time="0.151999999999999" classname="listing_pkpl02" name="PKPL02_listing_is_produced_correctly"/>
  </testsuite>
  <testsuite name="listing_pkpl04" timestamp="2024-08-01T14:30:25Z" hostname="9dd5795629c2" tests="1" skipped="0" failures="0" errors="0" time="0.195">
    <testcase time="0.195" classname="listing_pkpl04" name="PKPL04_listing_is_produced_correctly"/>
  </testsuite>
  <testsuite name="listing_vsl01" timestamp="2024-08-01T14:30:26Z" hostname="9dd5795629c2" tests="1" skipped="0" failures="0" errors="0" time="0.42">
    <testcase time="0.42" classname="listing_vsl01" name="VSL01_listing_is_produced_correctly"/>
  </testsuite>
  <testsuite name="pagination_listing" timestamp="2024-08-01T14:30:26Z" hostname="9dd5795629c2" tests="13" skipped="0" failures="0" errors="0" time="5.668">
    <testcase time="0.0350000000000001" classname="pagination_listing" name="Direct_pagination_works_fine"/>
    <testcase time="0.936999999999999" classname="pagination_listing" name="Direct_pagination_works_fine"/>
    <testcase time="0.00300000000000011" classname="pagination_listing" name="Direct_pagination_works_fine"/>
    <testcase time="0.848000000000001" classname="pagination_listing" name="Direct_pagination_works_fine"/>
    <testcase time="1.223" classname="pagination_listing" name="Direct_pagination_works_fine"/>
    <testcase time="1.286" classname="pagination_listing" name="pagination_counts_the_right_number_of_lines_when_wrapping_on_keycols_is_present"/>
    <testcase time="0.00600000000000023" classname="pagination_listing" name="pagination_counts_the_right_number_of_lines_when_wrapping_on_keycols_is_present"/>
    <testcase time="0.00499999999999901" classname="pagination_listing" name="pagination_counts_the_right_number_of_lines_when_wrapping_on_keycols_is_present"/>
    <testcase time="0.00300000000000011" classname="pagination_listing" name="pagination_counts_the_right_number_of_lines_when_wrapping_on_keycols_is_present"/>
    <testcase time="1.31" classname="pagination_listing" name="pagination_counts_the_right_number_of_lines_when_wrapping_on_keycols_is_present"/>
    <testcase time="0.00499999999999901" classname="pagination_listing" name="pagination_counts_the_right_number_of_lines_when_wrapping_on_keycols_is_present"/>
    <testcase time="0.00400000000000134" classname="pagination_listing" name="pagination_counts_the_right_number_of_lines_when_wrapping_on_keycols_is_present"/>
    <testcase time="0.00300000000000011" classname="pagination_listing" name="pagination_counts_the_right_number_of_lines_when_wrapping_on_keycols_is_present"/>
  </testsuite>
  <testsuite name="pagination_table" timestamp="2024-08-01T14:30:33Z" hostname="9dd5795629c2" tests="30" skipped="0" failures="0" errors="0" time="14.07">
    <testcase time="1.857" classname="pagination_table" name="Direct_pagination_with_standard_values"/>
    <testcase time="0.00499999999999901" classname="pagination_table" name="Direct_pagination_with_standard_values"/>
    <testcase time="0.00300000000000011" classname="pagination_table" name="Direct_pagination_with_standard_values"/>
    <testcase time="1.44" classname="pagination_table" name="Pagination_with_specific_column_widths_and_minimum_lines_per_page"/>
    <testcase time="0.00400000000000134" classname="pagination_table" name="Pagination_with_specific_column_widths_and_minimum_lines_per_page"/>
    <testcase time="0.117999999999999" classname="pagination_table" name="Pagination_with_specific_column_widths_and_minimum_lines_per_page"/>
    <testcase time="0.905000000000001" classname="pagination_table" name="Pagination_works_also_if_table_is_decorated"/>
    <testcase time="0.520999999999997" classname="pagination_table" name="Pagination_works_also_if_table_is_decorated"/>
    <testcase time="0.784000000000002" classname="pagination_table" name="Pagination_works_also_if_table_is_decorated"/>
    <testcase time="0.655999999999999" classname="pagination_table" name="Pagination_works_also_if_table_is_decorated"/>
    <testcase time="1.314" classname="pagination_table" name="Pagination_works_also_if_table_is_decorated"/>
    <testcase time="0.301000000000002" classname="pagination_table" name="Pagination_works_also_if_table_is_decorated"/>
    <testcase time="0.00299999999999656" classname="pagination_table" name="Pagination_works_also_if_table_is_decorated"/>
    <testcase time="0.022000000000002" classname="pagination_table" name="Pagination_works_also_if_table_is_decorated"/>
    <testcase time="0.143000000000001" classname="pagination_table" name="Pagination_works_also_if_table_is_decorated"/>
    <testcase time="0.0909999999999975" classname="pagination_table" name="Pagination_works_also_if_table_is_decorated"/>
    <testcase time="0.682000000000002" classname="pagination_table" name="Pagination_works_for_page_types"/>
    <testcase time="0.0739999999999981" classname="pagination_table" name="Pagination_works_for_page_types"/>
    <testcase time="0.699000000000002" classname="pagination_table" name="Pagination_works_for_page_types"/>
    <testcase time="0.0749999999999993" classname="pagination_table" name="Pagination_works_for_page_types"/>
    <testcase time="0.654" classname="pagination_table" name="Pagination_works_for_page_types"/>
    <testcase time="0.388999999999999" classname="pagination_table" name="Pagination_works_for_page_types"/>
    <testcase time="0.698" classname="pagination_table" name="Pagination_works_for_page_width_and_height"/>
    <testcase time="0.128999999999998" classname="pagination_table" name="Pagination_works_for_page_width_and_height"/>
    <testcase time="0.778000000000002" classname="pagination_table" name="Pagination_works_for_page_types"/>
    <testcase time="0.158999999999999" classname="pagination_table" name="Pagination_works_for_page_types"/>
    <testcase time="0.818000000000001" classname="pagination_table" name="AET04_variant_2_page_by_pagination_tests"/>
    <testcase time="0.600999999999999" classname="pagination_table" name="AET04_variant_2_page_by_pagination_tests"/>
    <testcase time="0.00200000000000244" classname="pagination_table" name="AET04_variant_2_page_by_pagination_tests"/>
    <testcase time="0.144999999999996" classname="pagination_table" name="AET04_variant_2_page_by_pagination_tests"/>
  </testsuite>
  <testsuite name="table_adat03" timestamp="2024-08-01T14:30:46Z" hostname="9dd5795629c2" tests="2" skipped="0" failures="0" errors="0" time="0.532">
    <testcase time="0.408999999999999" classname="table_adat03" name="ADAT03_is_produced_correctly"/>
    <testcase time="0.123000000000005" classname="table_adat03" name="ADAT03_is_produced_correctly"/>
  </testsuite>
  <testsuite name="table_aet01" timestamp="2024-08-01T14:30:46Z" hostname="9dd5795629c2" tests="8" skipped="0" failures="0" errors="0" time="1.789">
    <testcase time="0.373999999999995" classname="table_aet01" name="Safety_Summary_Variant_1_works_as_expected"/>
    <testcase time="0.111000000000004" classname="table_aet01" name="Safety_Summary_Variant_1_works_as_expected"/>
    <testcase time="0.329999999999998" classname="table_aet01" name="Safety_Summary_Variant_2_with_Medical_Concepts_Section_works_as_expected"/>
    <testcase time="0.125" classname="table_aet01" name="Safety_Summary_Variant_2_with_Medical_Concepts_Section_works_as_expected"/>
    <testcase time="0.265000000000001" classname="table_aet01" name="Safety_Summary_Variant_3_with_Modified_Rows_works_as_expected"/>
    <testcase time="0.088000000000001" classname="table_aet01" name="Safety_Summary_Variant_3_with_Modified_Rows_works_as_expected"/>
    <testcase time="0.366" classname="table_aet01" name="Safety_Summary_Variant_4_with_Rows_Counting_Events_and_Additional_Sections_works_as_expected"/>
    <testcase time="0.130000000000003" classname="table_aet01" name="Safety_Summary_Variant_4_with_Rows_Counting_Events_and_Additional_Sections_works_as_expected"/>
  </testsuite>
  <testsuite name="table_aet01_aesi" timestamp="2024-08-01T14:30:48Z" hostname="9dd5795629c2" tests="8" skipped="0" failures="0" errors="0" time="2.626">
    <testcase time="0.253" classname="table_aet01_aesi" name="AET01_AESI_Variant_1_works_as_expected"/>
    <testcase time="0.108999999999995" classname="table_aet01_aesi" name="AET01_AESI_Variant_1_works_as_expected"/>
    <testcase time="0.452000000000005" classname="table_aet01_aesi" name="AET01_AESI_Variant_2_works_as_expected"/>
    <testcase time="0.152999999999999" classname="table_aet01_aesi" name="AET01_AESI_Variant_2_works_as_expected"/>
    <testcase time="0.652000000000001" classname="table_aet01_aesi" name="AET01_AESI_Variant_3_works_as_expected"/>
    <testcase time="0.229999999999997" classname="table_aet01_aesi" name="AET01_AESI_Variant_3_works_as_expected"/>
    <testcase time="0.546999999999997" classname="table_aet01_aesi" name="AET01_AESI_Variant_4_works_as_expected"/>
    <testcase time="0.230000000000004" classname="table_aet01_aesi" name="AET01_AESI_Variant_4_works_as_expected"/>
  </testsuite>
  <testsuite name="table_aet02" timestamp="2024-08-01T14:30:51Z" hostname="9dd5795629c2" tests="26" skipped="0" failures="0" errors="0" time="7.882">
    <testcase time="0.542000000000002" classname="table_aet02" name="AET02_variant_1_is_produced_correctly"/>
    <testcase time="0.18" classname="table_aet02" name="AET02_variant_1_is_produced_correctly"/>
    <testcase time="0.427999999999997" classname="table_aet02" name="AET02_variant_1_is_produced_correctly"/>
    <testcase time="0.100999999999999" classname="table_aet02" name="AET02_variant_1_is_produced_correctly"/>
    <testcase time="0.619" classname="table_aet02" name="AET02_variant_2_is_produced_correctly"/>
    <testcase time="0.195" classname="table_aet02" name="AET02_variant_2_is_produced_correctly"/>
    <testcase time="1.049" classname="table_aet02" name="AET02_variant_3_is_produced_correctly"/>
    <testcase time="0.279000000000003" classname="table_aet02" name="AET02_variant_3_is_produced_correctly"/>
    <testcase time="0.119" classname="table_aet02" name="AET02_variant_4_is_produced_correctly"/>
    <testcase time="0.0899999999999963" classname="table_aet02" name="AET02_variant_4_is_produced_correctly"/>
    <testcase time="0.371000000000002" classname="table_aet02" name="AET02_variant_5_is_produced_correctly"/>
    <testcase time="0.152000000000001" classname="table_aet02" name="AET02_variant_5_is_produced_correctly"/>
    <testcase time="0.368000000000002" classname="table_aet02" name="AET02_variant_6_is_produced_correctly"/>
    <testcase time="0.101999999999997" classname="table_aet02" name="AET02_variant_6_is_produced_correctly"/>
    <testcase time="0.853999999999999" classname="table_aet02" name="AET02_variant_7_is_produced_correctly"/>
    <testcase time="0.140000000000001" classname="table_aet02" name="AET02_variant_7_is_produced_correctly"/>
    <testcase time="0.375" classname="table_aet02" name="AET02_variant_8_is_produced_correctly"/>
    <testcase time="0.0720000000000027" classname="table_aet02" name="AET02_variant_8_is_produced_correctly"/>
    <testcase time="0.381" classname="table_aet02" name="AET02_variant_9_is_produced_correctly"/>
    <testcase time="0.0959999999999965" classname="table_aet02" name="AET02_variant_9_is_produced_correctly"/>
    <testcase time="0.377000000000002" classname="table_aet02" name="AET02_variant_10_is_produced_correctly"/>
    <testcase time="0.0919999999999987" classname="table_aet02" name="AET02_variant_10_is_produced_correctly"/>
    <testcase time="0.375999999999998" classname="table_aet02" name="AET02_variant_11_is_produced_correctly"/>
    <testcase time="0.0710000000000051" classname="table_aet02" name="AET02_variant_11_is_produced_correctly"/>
    <testcase time="0.375" classname="table_aet02" name="AET02_variant_12_is_produced_correctly"/>
    <testcase time="0.0779999999999959" classname="table_aet02" name="AET02_variant_12_is_produced_correctly"/>
  </testsuite>
  <testsuite name="table_aet02_smq" timestamp="2024-08-01T14:30:59Z" hostname="9dd5795629c2" tests="4" skipped="0" failures="0" errors="0" time="0.435">
    <testcase time="0.119" classname="table_aet02_smq" name="AET02SMQ_variant_1_is_produced_correctly"/>
    <testcase time="0.0760000000000005" classname="table_aet02_smq" name="AET02SMQ_variant_1_is_produced_correctly"/>
    <testcase time="0.158999999999999" classname="table_aet02_smq" name="AET02SMQ_variant_2_is_produced_correctly"/>
    <testcase time="0.0810000000000031" classname="table_aet02_smq" name="AET02SMQ_variant_2_is_produced_correctly"/>
  </testsuite>
  <testsuite name="table_aet03" timestamp="2024-08-01T14:30:59Z" hostname="9dd5795629c2" tests="6" skipped="0" failures="0" errors="0" time="4.737">
    <testcase time="1.098" classname="table_aet03" name="AET03_variant_1_is_produced_correctly"/>
    <testcase time="0.395000000000003" classname="table_aet03" name="AET03_variant_1_is_produced_correctly"/>
    <testcase time="1.32899999999999" classname="table_aet03" name="AET03_variant_1_is_produced_correctly"/>
    <testcase time="0.667000000000002" classname="table_aet03" name="AET03_variant_1_is_produced_correctly"/>
    <testcase time="1.033" classname="table_aet03" name="AET03_variant_1_is_produced_correctly"/>
    <testcase time="0.215000000000003" classname="table_aet03" name="AET03_variant_1_is_produced_correctly"/>
  </testsuite>
  <testsuite name="table_aet04" timestamp="2024-08-01T14:31:04Z" hostname="9dd5795629c2" tests="30" skipped="0" failures="0" errors="0" time="12.246">
    <testcase time="0.718999999999994" classname="table_aet04" name="AET04_variant_1_is_produced_correctly"/>
    <testcase time="0.309000000000005" classname="table_aet04" name="AET04_variant_1_is_produced_correctly"/>
    <testcase time="0.759999999999998" classname="table_aet04" name="AET04_variant_1_is_produced_correctly"/>
    <testcase time="0.0519999999999996" classname="table_aet04" name="AET04_variant_1_is_produced_correctly"/>
    <testcase time="0.0410000000000039" classname="table_aet04" name="AET04_variant_1_is_produced_correctly"/>
    <testcase time="0.644999999999996" classname="table_aet04" name="AET04_variant_2_is_produced_correctly_Fill_in_of_Treatment_Groups_"/>
    <testcase time="0.282000000000004" classname="table_aet04" name="AET04_variant_2_is_produced_correctly_Fill_in_of_Treatment_Groups_"/>
    <testcase time="0.708999999999996" classname="table_aet04" name="AET04_variant_2_is_produced_correctly_Fill_in_of_Treatment_Groups_"/>
    <testcase time="0.0470000000000041" classname="table_aet04" name="AET04_variant_2_is_produced_correctly_Fill_in_of_Treatment_Groups_"/>
    <testcase time="0.0409999999999968" classname="table_aet04" name="AET04_variant_2_is_produced_correctly_Fill_in_of_Treatment_Groups_"/>
    <testcase time="0.691000000000003" classname="table_aet04" name="AET04_variant_3_is_produced_correctly_Fill_in_of_Grades_"/>
    <testcase time="0.333999999999996" classname="table_aet04" name="AET04_variant_3_is_produced_correctly_Fill_in_of_Grades_"/>
    <testcase time="0.797000000000004" classname="table_aet04" name="AET04_variant_3_is_produced_correctly_Fill_in_of_Grades_"/>
    <testcase time="0.0559999999999974" classname="table_aet04" name="AET04_variant_3_is_produced_correctly_Fill_in_of_Grades_"/>
    <testcase time="0.0390000000000015" classname="table_aet04" name="AET04_variant_3_is_produced_correctly_Fill_in_of_Grades_"/>
    <testcase time="0.693999999999996" classname="table_aet04" name="AET04_variant_4_is_produced_correctly_Collapsing_of_Grades_grades_1_2_grades_3_4_5_"/>
    <testcase time="0.32" classname="table_aet04" name="AET04_variant_4_is_produced_correctly_Collapsing_of_Grades_grades_1_2_grades_3_4_5_"/>
    <testcase time="0.981000000000002" classname="table_aet04" name="AET04_variant_4_is_produced_correctly_Collapsing_of_Grades_grades_1_2_grades_3_4_5_"/>
    <testcase time="0.658999999999999" classname="table_aet04" name="AET04_variant_6_is_produced_correctly_with_an_Incidence_Rate_of_at_Least_5_totals_restricted_"/>
    <testcase time="0.291000000000004" classname="table_aet04" name="AET04_variant_6_is_produced_correctly_with_an_Incidence_Rate_of_at_Least_5_totals_restricted_"/>
    <testcase time="0.710000000000001" classname="table_aet04" name="AET04_variant_6_is_produced_correctly_with_an_Incidence_Rate_of_at_Least_5_totals_restricted_"/>
    <testcase time="0.00999999999999801" classname="table_aet04" name="AET04_variant_8_is_produced_correctly_with_an_Incidence_Rate_of_at_Least_X_Patients_"/>
    <testcase time="0.293999999999997" classname="table_aet04" name="AET04_variant_8_is_produced_correctly_with_an_Incidence_Rate_of_at_Least_X_Patients_"/>
    <testcase time="0.703000000000003" classname="table_aet04" name="AET04_variant_8_is_produced_correctly_with_an_Incidence_Rate_of_at_Least_X_Patients_"/>
    <testcase time="0.00999999999999801" classname="table_aet04" name="AET04_variant_9_is_produced_correctly_with_a_Difference_in_Incidence_Rate_of_at_Least_X_"/>
    <testcase time="0.308" classname="table_aet04" name="AET04_variant_9_is_produced_correctly_with_a_Difference_in_Incidence_Rate_of_at_Least_X_"/>
    <testcase time="0.716000000000001" classname="table_aet04" name="AET04_variant_9_is_produced_correctly_with_a_Difference_in_Incidence_Rate_of_at_Least_X_"/>
    <testcase time="0.00900000000000034" classname="table_aet04" name="AET04_variant_11_is_produced_correctly_with_Incidence_Rate_of_at_Least_X_all_SOCs_w_o_preferred_terms_removed_"/>
    <testcase time="0.298000000000002" classname="table_aet04" name="AET04_variant_11_is_produced_correctly_with_Incidence_Rate_of_at_Least_X_all_SOCs_w_o_preferred_terms_removed_"/>
    <testcase time="0.720999999999997" classname="table_aet04" name="AET04_variant_11_is_produced_correctly_with_Incidence_Rate_of_at_Least_X_all_SOCs_w_o_preferred_terms_removed_"/>
  </testsuite>
  <testsuite name="table_aet04_pi" timestamp="2024-08-01T14:31:16Z" hostname="9dd5795629c2" tests="18" skipped="0" failures="0" errors="0" time="6.28">
    <testcase time="0.536999999999999" classname="table_aet04_pi" name="AET04_PI_full_table_is_produced_correctly"/>
    <testcase time="0.213000000000001" classname="table_aet04_pi" name="AET04_PI_full_table_is_produced_correctly"/>
    <testcase time="0.570999999999998" classname="table_aet04_pi" name="AET04_PI_variant_1_is_produced_correctly"/>
    <testcase time="0.174000000000007" classname="table_aet04_pi" name="AET04_PI_variant_1_is_produced_correctly"/>
    <testcase time="0.558999999999997" classname="table_aet04_pi" name="AET04_PI_variant_2_is_produced_correctly"/>
    <testcase time="0.117000000000004" classname="table_aet04_pi" name="AET04_PI_variant_2_is_produced_correctly"/>
    <testcase time="0.566000000000003" classname="table_aet04_pi" name="AET04_PI_variant_3_is_produced_correctly"/>
    <testcase time="0.131" classname="table_aet04_pi" name="AET04_PI_variant_3_is_produced_correctly"/>
    <testcase time="0.566999999999993" classname="table_aet04_pi" name="AET04_PI_variant_4_is_produced_correctly"/>
    <testcase time="0.0919999999999987" classname="table_aet04_pi" name="AET04_PI_variant_4_is_produced_correctly"/>
    <testcase time="0.570999999999998" classname="table_aet04_pi" name="AET04_PI_variant_5_is_produced_correctly"/>
    <testcase time="0.150000000000006" classname="table_aet04_pi" name="AET04_PI_variant_5_is_produced_correctly"/>
    <testcase time="0.716999999999999" classname="table_aet04_pi" name="AET04_PI_variant_6_is_produced_correctly"/>
    <testcase time="0.153999999999996" classname="table_aet04_pi" name="AET04_PI_variant_6_is_produced_correctly"/>
    <testcase time="0.709000000000003" classname="table_aet04_pi" name="AET04_PI_variant_7_is_produced_correctly"/>
    <testcase time="0.153000000000006" classname="table_aet04_pi" name="AET04_PI_variant_7_is_produced_correctly"/>
    <testcase time="0.170999999999992" classname="table_aet04_pi" name="AET04_PI_variant_8_is_produced_correctly"/>
    <testcase time="0.128" classname="table_aet04_pi" name="AET04_PI_variant_8_is_produced_correctly"/>
  </testsuite>
  <testsuite name="table_aet05" timestamp="2024-08-01T14:31:22Z" hostname="9dd5795629c2" tests="4" skipped="0" failures="0" errors="0" time="0.29">
    <testcase time="0.108000000000004" classname="table_aet05" name="AET05_variant_1_is_produced_correctly"/>
    <testcase time="0.0570000000000022" classname="table_aet05" name="AET05_variant_1_is_produced_correctly"/>
    <testcase time="0.0570000000000022" classname="table_aet05" name="AET05_variant_2_is_produced_correctly"/>
    <testcase time="0.0679999999999978" classname="table_aet05" name="AET05_variant_2_is_produced_correctly"/>
  </testsuite>
  <testsuite name="table_aet05_all" timestamp="2024-08-01T14:31:23Z" hostname="9dd5795629c2" tests="4" skipped="0" failures="0" errors="0" time="0.296">
    <testcase time="0.109999999999999" classname="table_aet05_all" name="AET05_ALL_variant_1_is_produced_correctly"/>
    <testcase time="0.0609999999999928" classname="table_aet05_all" name="AET05_ALL_variant_1_is_produced_correctly"/>
    <testcase time="0.0570000000000022" classname="table_aet05_all" name="AET05_ALL_variant_2_is_produced_correctly"/>
    <testcase time="0.0679999999999978" classname="table_aet05_all" name="AET05_ALL_variant_2_is_produced_correctly"/>
  </testsuite>
  <testsuite name="table_aet06" timestamp="2024-08-01T14:31:23Z" hostname="9dd5795629c2" tests="6" skipped="0" failures="0" errors="0" time="3.73">
    <testcase time="0.578000000000003" classname="table_aet06" name="AET06_variant_1_is_produced_correctly"/>
    <testcase time="0.219999999999999" classname="table_aet06" name="AET06_variant_1_is_produced_correctly"/>
    <testcase time="0.971999999999994" classname="table_aet06" name="AET06_variant_3_is_produced_correctly"/>
    <testcase time="0.331000000000003" classname="table_aet06" name="AET06_variant_3_is_produced_correctly"/>
    <testcase time="1.22200000000001" classname="table_aet06" name="AET06_variant_5_is_produced_correctly"/>
    <testcase time="0.406999999999996" classname="table_aet06" name="AET06_variant_5_is_produced_correctly"/>
  </testsuite>
  <testsuite name="table_aet06_smq" timestamp="2024-08-01T14:31:27Z" hostname="9dd5795629c2" tests="4" skipped="0" failures="0" errors="0" time="1.018">
    <testcase time="0.358000000000004" classname="table_aet06_smq" name="AET06_SMQ_variant_1_is_produced_correctly"/>
    <testcase time="0.143999999999991" classname="table_aet06_smq" name="AET06_SMQ_variant_1_is_produced_correctly"/>
    <testcase time="0.370000000000005" classname="table_aet06_smq" name="AET06_SMQ_variant_2_is_produced_correctly"/>
    <testcase time="0.146000000000001" classname="table_aet06_smq" name="AET06_SMQ_variant_2_is_produced_correctly"/>
  </testsuite>
  <testsuite name="table_aet07" timestamp="2024-08-01T14:31:28Z" hostname="9dd5795629c2" tests="4" skipped="0" failures="0" errors="0" time="0.196">
    <testcase time="0.0519999999999925" classname="table_aet07" name="AET07_variant_1_is_produced_correctly"/>
    <testcase time="0.0420000000000016" classname="table_aet07" name="AET07_variant_1_is_produced_correctly"/>
    <testcase time="0.0600000000000023" classname="table_aet07" name="AET07_variant_2_is_produced_correctly"/>
    <testcase time="0.0420000000000016" classname="table_aet07" name="AET07_variant_2_is_produced_correctly"/>
  </testsuite>
  <testsuite name="table_aet09" timestamp="2024-08-01T14:31:28Z" hostname="9dd5795629c2" tests="4" skipped="0" failures="0" errors="0" time="2.141">
    <testcase time="0.542000000000002" classname="table_aet09" name="AET09_variant_1_is_produced_correctly_AE_related_to_study_drug"/>
    <testcase time="0.182000000000002" classname="table_aet09" name="AET09_variant_1_is_produced_correctly_AE_related_to_study_drug"/>
    <testcase time="0.938999999999993" classname="table_aet09" name="AET09_variant_2_is_produced_correctly_AE_related_to_study_drug_including_high_level_terms_"/>
    <testcase time="0.478000000000009" classname="table_aet09" name="AET09_variant_2_is_produced_correctly_AE_related_to_study_drug_including_high_level_terms_"/>
  </testsuite>
  <testsuite name="table_aet09_smq" timestamp="2024-08-01T14:31:30Z" hostname="9dd5795629c2" tests="4" skipped="0" failures="0" errors="0" time="0.463">
    <testcase time="0.109999999999999" classname="table_aet09_smq" name="AET09_variant_1_AEs_related_to_study_drug_by_SMQ_is_produced_correctly"/>
    <testcase time="0.070999999999998" classname="table_aet09_smq" name="AET09_variant_1_AEs_related_to_study_drug_by_SMQ_is_produced_correctly"/>
    <testcase time="0.185999999999993" classname="table_aet09_smq" name="AET09_variant_2_AEs_related_to_study_drug_by_SMQ_with_customized_queries_is_produced_correctly"/>
    <testcase time="0.0960000000000036" classname="table_aet09_smq" name="AET09_variant_2_AEs_related_to_study_drug_by_SMQ_with_customized_queries_is_produced_correctly"/>
  </testsuite>
  <testsuite name="table_aet10" timestamp="2024-08-01T14:31:30Z" hostname="9dd5795629c2" tests="2" skipped="0" failures="0" errors="0" time="0.154">
    <testcase time="0.0930000000000035" classname="table_aet10" name="AET10_default_variant_is_produced_correctly"/>
    <testcase time="0.0609999999999928" classname="table_aet10" name="AET10_default_variant_is_produced_correctly"/>
  </testsuite>
  <testsuite name="table_aovt01" timestamp="2024-08-01T14:31:31Z" hostname="9dd5795629c2" tests="4" skipped="0" failures="0" errors="0" time="1.097">
    <testcase time="0.337000000000003" classname="table_aovt01" name="AOVT01_variant_with_single_endpoint_is_produced_correctly"/>
    <testcase time="0.078000000000003" classname="table_aovt01" name="AOVT01_variant_with_single_endpoint_is_produced_correctly"/>
    <testcase time="0.535999999999987" classname="table_aovt01" name="AOVT01_variant_with_multiple_endpoints_is_produced_correctly"/>
    <testcase time="0.146000000000001" classname="table_aovt01" name="AOVT01_variant_with_multiple_endpoints_is_produced_correctly"/>
  </testsuite>
  <testsuite name="table_aovt02" timestamp="2024-08-01T14:31:32Z" hostname="9dd5795629c2" tests="2" skipped="0" failures="0" errors="0" time="0.376">
    <testcase time="0.298000000000002" classname="table_aovt02" name="AOVT02_is_produced_correctly"/>
    <testcase time="0.078000000000003" classname="table_aovt02" name="AOVT02_is_produced_correctly"/>
  </testsuite>
  <testsuite name="table_aovt03" timestamp="2024-08-01T14:31:32Z" hostname="9dd5795629c2" tests="2" skipped="0" failures="0" errors="0" time="0.814">
    <testcase time="0.658000000000001" classname="table_aovt03" name="AOVT03_is_produced_correctly"/>
    <testcase time="0.156000000000006" classname="table_aovt03" name="AOVT03_is_produced_correctly"/>
  </testsuite>
  <testsuite name="table_cfbt01" timestamp="2024-08-01T14:31:33Z" hostname="9dd5795629c2" tests="2" skipped="0" failures="0" errors="0" time="0.612">
    <testcase time="0.410999999999987" classname="table_cfbt01" name="CFBT01_default_variant_is_produced_correctly"/>
    <testcase time="0.201000000000008" classname="table_cfbt01" name="CFBT01_default_variant_is_produced_correctly"/>
  </testsuite>
  <testsuite name="table_cmht01" timestamp="2024-08-01T14:31:33Z" hostname="9dd5795629c2" tests="4" skipped="0" failures="0" errors="0" time="1.62">
    <testcase time="0.382999999999996" classname="table_cmht01" name="CMHT01_variant_1_is_produced_correctly"/>
    <testcase time="0.0829999999999984" classname="table_cmht01" name="CMHT01_variant_1_is_produced_correctly"/>
    <testcase time="0.899000000000001" classname="table_cmht01" name="CMHT01_variant_2_is_produced_correctly"/>
    <testcase time="0.254999999999995" classname="table_cmht01" name="CMHT01_variant_2_is_produced_correctly"/>
  </testsuite>
  <testsuite name="table_cmt01" timestamp="2024-08-01T14:31:35Z" hostname="9dd5795629c2" tests="8" skipped="0" failures="0" errors="0" time="1.469">
    <testcase time="0.272000000000006" classname="table_cmt01" name="CMT01_default_variant_Concomitant_medications_is_produced_correctly"/>
    <testcase time="0.120999999999995" classname="table_cmt01" name="CMT01_default_variant_Concomitant_medications_is_produced_correctly"/>
    <testcase time="0.195999999999998" classname="table_cmt01" name="CMT01_variant_1_prior_medications_is_produced_correctly"/>
    <testcase time="0.100000000000009" classname="table_cmt01" name="CMT01_variant_1_prior_medications_is_produced_correctly"/>
    <testcase time="0.259" classname="table_cmt01" name="CMT01_variant_3_Concomitant_medications_is_produced_correctly"/>
    <testcase time="0.120999999999995" classname="table_cmt01" name="CMT01_variant_3_Concomitant_medications_is_produced_correctly"/>
    <testcase time="0.277000000000001" classname="table_cmt01" name="CMT01_variant_4_Concomitant_medications_is_produced_correctly"/>
    <testcase time="0.123000000000005" classname="table_cmt01" name="CMT01_variant_4_Concomitant_medications_is_produced_correctly"/>
  </testsuite>
  <testsuite name="table_cmt01a" timestamp="2024-08-01T14:31:37Z" hostname="9dd5795629c2" tests="8" skipped="0" failures="0" errors="0" time="2.825">
    <testcase time="0.569000000000003" classname="table_cmt01a" name="CMT01A_variant_1_is_produced_correctly"/>
    <testcase time="0.179999999999993" classname="table_cmt01a" name="CMT01A_variant_1_is_produced_correctly"/>
    <testcase time="0.513999999999996" classname="table_cmt01a" name="CMT01A_variant_2_is_produced_correctly"/>
    <testcase time="0.189000000000007" classname="table_cmt01a" name="CMT01A_variant_2_is_produced_correctly"/>
    <testcase time="0.512999999999991" classname="table_cmt01a" name="CMT01A_variant_3_is_produced_correctly"/>
    <testcase time="0.195000000000007" classname="table_cmt01a" name="CMT01A_variant_3_is_produced_correctly"/>
    <testcase time="0.495000000000005" classname="table_cmt01a" name="CMT01A_variant_4_is_produced_correctly"/>
    <testcase time="0.170000000000002" classname="table_cmt01a" name="CMT01A_variant_4_is_produced_correctly"/>
  </testsuite>
  <testsuite name="table_cmt01b" timestamp="2024-08-01T14:31:39Z" hostname="9dd5795629c2" tests="6" skipped="0" failures="0" errors="0" time="3.263">
    <testcase time="0.87299999999999" classname="table_cmt01b" name="CMT01B_variant_1_is_produced_correctly"/>
    <testcase time="0.274000000000001" classname="table_cmt01b" name="CMT01B_variant_1_is_produced_correctly"/>
    <testcase time="0.608000000000004" classname="table_cmt01b" name="CMT01B_variant_2_is_produced_correctly"/>
    <testcase time="0.227000000000004" classname="table_cmt01b" name="CMT01B_variant_2_is_produced_correctly"/>
    <testcase time="0.961999999999989" classname="table_cmt01b" name="CMT01B_variant_4_is_produced_correctly"/>
    <testcase time="0.319000000000003" classname="table_cmt01b" name="CMT01B_variant_4_is_produced_correctly"/>
  </testsuite>
  <testsuite name="table_cmt02_pt" timestamp="2024-08-01T14:31:43Z" hostname="9dd5795629c2" tests="2" skipped="0" failures="0" errors="0" time="0.292">
    <testcase time="0.195000000000007" classname="table_cmt02_pt" name="CMT02_PT_default_variant_is_produced_correctly"/>
    <testcase time="0.0969999999999942" classname="table_cmt02_pt" name="CMT02_PT_default_variant_is_produced_correctly"/>
  </testsuite>
  <testsuite name="table_coxt01" timestamp="2024-08-01T14:31:43Z" hostname="9dd5795629c2" tests="8" skipped="0" failures="0" errors="0" time="1.782">
    <testcase time="0.251999999999995" classname="table_coxt01" name="1._Cox_Regression"/>
    <testcase time="0.0870000000000033" classname="table_coxt01" name="1._Cox_Regression"/>
    <testcase time="0.367000000000004" classname="table_coxt01" name="2._Cox_Regression_with_Interaction_Term_"/>
    <testcase time="0.106999999999999" classname="table_coxt01" name="2._Cox_Regression_with_Interaction_Term_"/>
    <testcase time="0.356999999999999" classname="table_coxt01" name="3._Cox_Regression_specifying_covariates_"/>
    <testcase time="0.120000000000005" classname="table_coxt01" name="3._Cox_Regression_specifying_covariates_"/>
    <testcase time="0.363" classname="table_coxt01" name="4._Cox_Regression_setting_strata_ties_and_alpha_level_"/>
    <testcase time="0.129000000000005" classname="table_coxt01" name="4._Cox_Regression_setting_strata_ties_and_alpha_level_"/>
  </testsuite>
  <testsuite name="table_coxt02" timestamp="2024-08-01T14:31:45Z" hostname="9dd5795629c2" tests="4" skipped="0" failures="0" errors="0" time="0.66">
    <testcase time="0.274000000000001" classname="table_coxt02" name="COXT02_default_variant_1_is_produced_correctly"/>
    <testcase time="0.0729999999999933" classname="table_coxt02" name="COXT02_default_variant_1_is_produced_correctly"/>
    <testcase time="0.246000000000009" classname="table_coxt02" name="COXT02_variant_5_is_produced_correctly"/>
    <testcase time="0.0669999999999931" classname="table_coxt02" name="COXT02_variant_5_is_produced_correctly"/>
  </testsuite>
  <testsuite name="table_disclosures" timestamp="2024-08-01T14:31:45Z" hostname="9dd5795629c2" tests="12" skipped="0" failures="0" errors="0" time="2.015">
    <testcase time="0.195999999999998" classname="table_disclosures" name="Patient_Disposition_table_is_produced_correctly"/>
    <testcase time="0.100000000000009" classname="table_disclosures" name="Patient_Disposition_table_is_produced_correctly"/>
    <testcase time="0.204999999999998" classname="table_disclosures" name="Demographic_table_is_produced_correctly"/>
    <testcase time="0.155999999999992" classname="table_disclosures" name="Demographic_table_is_produced_correctly"/>
    <testcase time="0.102000000000004" classname="table_disclosures" name="Enrollment_by_Country_Table_is_produced_correctly"/>
    <testcase time="0.105000000000004" classname="table_disclosures" name="Enrollment_by_Country_Table_is_produced_correctly"/>
    <testcase time="0.0930000000000035" classname="table_disclosures" name="Death_table_is_produced_correctly"/>
    <testcase time="0.0579999999999927" classname="table_disclosures" name="Death_table_is_produced_correctly"/>
    <testcase time="0.335000000000008" classname="table_disclosures" name="Table_of_Serious_Adverse_Events_is_produced_correctly_for_one_specific_treatment_arm_"/>
    <testcase time="0.0999999999999943" classname="table_disclosures" name="Table_of_Serious_Adverse_Events_is_produced_correctly_for_one_specific_treatment_arm_"/>
    <testcase time="0.426000000000002" classname="table_disclosures" name="Table_of_Non_Serious_Adverse_Events_is_produced_correctly"/>
    <testcase time="0.138999999999996" classname="table_disclosures" name="Table_of_Non_Serious_Adverse_Events_is_produced_correctly"/>
  </testsuite>
  <testsuite name="table_dmt01" timestamp="2024-08-01T14:31:48Z" hostname="9dd5795629c2" tests="10" skipped="0" failures="0" errors="0" time="2.734">
    <testcase time="1.277" classname="table_dmt01" name="DMT01_variant_1_is_produced_correctly"/>
    <testcase time="0.162000000000006" classname="table_dmt01" name="DMT01_variant_1_is_produced_correctly"/>
    <testcase time="0.189999999999998" classname="table_dmt01" name="DMT01_variant_2_is_produced_correctly"/>
    <testcase time="0.153999999999996" classname="table_dmt01" name="DMT01_variant_2_is_produced_correctly"/>
    <testcase time="0.224999999999994" classname="table_dmt01" name="DMT01_variant_3_is_produced_correctly"/>
    <testcase time="0.152000000000001" classname="table_dmt01" name="DMT01_variant_3_is_produced_correctly"/>
    <testcase time="0.171000000000006" classname="table_dmt01" name="DMT01_variant_4_is_produced_correctly"/>
    <testcase time="0.132999999999996" classname="table_dmt01" name="DMT01_variant_4_is_produced_correctly"/>
    <testcase time="0.147000000000006" classname="table_dmt01" name="DMT01_variant_5_is_produced_correctly"/>
    <testcase time="0.123000000000005" classname="table_dmt01" name="DMT01_variant_5_is_produced_correctly"/>
  </testsuite>
  <testsuite name="table_dort01" timestamp="2024-08-01T14:31:50Z" hostname="9dd5795629c2" tests="8" skipped="0" failures="0" errors="0" time="1.356">
    <testcase time="0.256" classname="table_dort01" name="DORT01_variant_1_is_produced_correctly"/>
    <testcase time="0.0919999999999987" classname="table_dort01" name="DORT01_variant_1_is_produced_correctly"/>
    <testcase time="0.259999999999991" classname="table_dort01" name="DORT01_variant_2_selecting_sectons_is_produced_correctly"/>
    <testcase time="0.0940000000000083" classname="table_dort01" name="DORT01_variant_2_selecting_sectons_is_produced_correctly"/>
    <testcase time="0.227999999999994" classname="table_dort01" name="DORT01_variant_3_modifying_conftype_and_alpha_level_is_produced_correctly"/>
    <testcase time="0.0999999999999943" classname="table_dort01" name="DORT01_variant_3_modifying_conftype_and_alpha_level_is_produced_correctly"/>
    <testcase time="0.231000000000009" classname="table_dort01" name="DORT01_variant_4_modifying_time_point_for_the_xx_duration_is_produced_correctly"/>
    <testcase time="0.0949999999999989" classname="table_dort01" name="DORT01_variant_4_modifying_time_point_for_the_xx_duration_is_produced_correctly"/>
  </testsuite>
  <testsuite name="table_dst01" timestamp="2024-08-01T14:31:51Z" hostname="9dd5795629c2" tests="6" skipped="0" failures="0" errors="0" time="0.688">
    <testcase time="0.126999999999995" classname="table_dst01" name="DST01_default_variant_is_produced_correctly"/>
    <testcase time="0.0889999999999986" classname="table_dst01" name="DST01_default_variant_is_produced_correctly"/>
    <testcase time="0.194000000000003" classname="table_dst01" name="DST01_variants_2_and_3_are_produced_correctly"/>
    <testcase time="0.0960000000000036" classname="table_dst01" name="DST01_variants_2_and_3_are_produced_correctly"/>
    <testcase time="0.0690000000000026" classname="table_dst01" name="DST01_variants_2_and_3_are_produced_correctly"/>
    <testcase time="0.113" classname="table_dst01" name="DST01_variants_2_and_3_are_produced_correctly"/>
  </testsuite>
  <testsuite name="table_dtht01" timestamp="2024-08-01T14:31:52Z" hostname="9dd5795629c2" tests="8" skipped="0" failures="0" errors="0" time="1.072">
    <testcase time="0.106999999999999" classname="table_dtht01" name="DTHT01_variant_1_is_produced_correctly"/>
    <testcase time="0.0799999999999983" classname="table_dtht01" name="DTHT01_variant_1_is_produced_correctly"/>
    <testcase time="0.238" classname="table_dtht01" name="DTHT01_variant_2_is_produced_correctly"/>
    <testcase time="0.143000000000001" classname="table_dtht01" name="DTHT01_variant_2_is_produced_correctly"/>
    <testcase time="0.150000000000006" classname="table_dtht01" name="DTHT01_variant_3_is_produced_correctly"/>
    <testcase time="0.0819999999999936" classname="table_dtht01" name="DTHT01_variant_3_is_produced_correctly"/>
    <testcase time="0.174999999999997" classname="table_dtht01" name="DTHT01_variant_4_is_produced_correctly"/>
    <testcase time="0.0970000000000084" classname="table_dtht01" name="DTHT01_variant_4_is_produced_correctly"/>
  </testsuite>
  <testsuite name="table_egt01" timestamp="2024-08-01T14:31:53Z" hostname="9dd5795629c2" tests="2" skipped="0" failures="0" errors="0" time="1.439">
    <testcase time="0.971999999999994" classname="table_egt01" name="EGT01_default_variant_is_produced_correctly"/>
    <testcase time="0.466999999999999" classname="table_egt01" name="EGT01_default_variant_is_produced_correctly"/>
  </testsuite>
  <testsuite name="table_egt02" timestamp="2024-08-01T14:31:55Z" hostname="9dd5795629c2" tests="4" skipped="0" failures="0" errors="0" time="0.539">
    <testcase time="0.254999999999995" classname="table_egt02" name="_EGT02_1._Regardless_of_Abnormality_at_Baseline"/>
    <testcase time="0.0730000000000075" classname="table_egt02" name="_EGT02_1._Regardless_of_Abnormality_at_Baseline"/>
    <testcase time="0.137" classname="table_egt02" name="_EGT02_2._Among_Subjects_Without_Abnormality_at_Baseline"/>
    <testcase time="0.0739999999999981" classname="table_egt02" name="_EGT02_2._Among_Subjects_Without_Abnormality_at_Baseline"/>
  </testsuite>
  <testsuite name="table_egt03" timestamp="2024-08-01T14:31:55Z" hostname="9dd5795629c2" tests="8" skipped="0" failures="0" errors="0" time="1.169">
    <testcase time="0.191999999999993" classname="table_egt03" name="EGT03_variant_1_is_produced_correctly"/>
    <testcase time="0.115000000000009" classname="table_egt03" name="EGT03_variant_1_is_produced_correctly"/>
    <testcase time="0.162999999999997" classname="table_egt03" name="EGT03_variant_2_is_produced_correctly"/>
    <testcase time="0.103999999999999" classname="table_egt03" name="EGT03_variant_2_is_produced_correctly"/>
    <testcase time="0.179000000000002" classname="table_egt03" name="EGT03_variant_3_is_produced_correctly"/>
    <testcase time="0.113" classname="table_egt03" name="EGT03_variant_3_is_produced_correctly"/>
    <testcase time="0.188000000000002" classname="table_egt03" name="EGT03_variant_4_is_produced_correctly"/>
    <testcase time="0.114999999999995" classname="table_egt03" name="EGT03_variant_4_is_produced_correctly"/>
  </testsuite>
  <testsuite name="table_egt04" timestamp="2024-08-01T14:31:56Z" hostname="9dd5795629c2" tests="2" skipped="0" failures="0" errors="0" time="0.241">
    <testcase time="0.155000000000001" classname="table_egt04" name="EGT04_default_variant_is_produced_correctly"/>
    <testcase time="0.0859999999999985" classname="table_egt04" name="EGT04_default_variant_is_produced_correctly"/>
  </testsuite>
  <testsuite name="table_egt05_qtcat" timestamp="2024-08-01T14:31:57Z" hostname="9dd5795629c2" tests="2" skipped="0" failures="0" errors="0" time="0.751">
    <testcase time="0.481999999999999" classname="table_egt05_qtcat" name="EGT05_QTCAT_default_variant_is_produced_correctly"/>
    <testcase time="0.269000000000005" classname="table_egt05_qtcat" name="EGT05_QTCAT_default_variant_is_produced_correctly"/>
  </testsuite>
  <testsuite name="table_ent" timestamp="2024-08-01T14:31:57Z" hostname="9dd5795629c2" tests="8" skipped="0" failures="0" errors="0" time="12.734">
    <testcase time="3.163" classname="table_ent" name="ENT01_IT_is_produced_correctly"/>
    <testcase time="0.543999999999997" classname="table_ent" name="ENT01_IT_is_produced_correctly"/>
    <testcase time="2.05000000000001" classname="table_ent" name="ENT01a_IT_is_produced_correctly"/>
    <testcase time="0.556999999999988" classname="table_ent" name="ENT01a_IT_is_produced_correctly"/>
    <testcase time="3.16200000000001" classname="table_ent" name="ENT02_IT_is_produced_correctly"/>
    <testcase time="0.563000000000002" classname="table_ent" name="ENT02_IT_is_produced_correctly"/>
    <testcase time="2.13799999999999" classname="table_ent" name="ENT02a_IT_is_produced_correctly"/>
    <testcase time="0.557000000000002" classname="table_ent" name="ENT02a_IT_is_produced_correctly"/>
  </testsuite>
  <testsuite name="table_eudrat01" timestamp="2024-08-01T14:32:10Z" hostname="9dd5795629c2" tests="2" skipped="0" failures="0" errors="0" time="0.585">
    <testcase time="0.439000000000007" classname="table_eudrat01" name="EUDRAT01_is_produced_correctly"/>
    <testcase time="0.146000000000001" classname="table_eudrat01" name="EUDRAT01_is_produced_correctly"/>
  </testsuite>
  <testsuite name="table_eudrat02" timestamp="2024-08-01T14:32:11Z" hostname="9dd5795629c2" tests="2" skipped="0" failures="0" errors="0" time="0.467">
    <testcase time="0.369" classname="table_eudrat02" name="EUDRAT02_is_produced_correctly"/>
    <testcase time="0.097999999999999" classname="table_eudrat02" name="EUDRAT02_is_produced_correctly"/>
  </testsuite>
  <testsuite name="table_ext01" timestamp="2024-08-01T14:32:11Z" hostname="9dd5795629c2" tests="6" skipped="0" failures="0" errors="0" time="1.567">
    <testcase time="0.349999999999994" classname="table_ext01" name="EXT01_default_variant_with_numeric_parameters_is_produced_correctly"/>
    <testcase time="0.206000000000003" classname="table_ext01" name="EXT01_default_variant_with_numeric_parameters_is_produced_correctly"/>
    <testcase time="0.253999999999991" classname="table_ext01" name="EXT01_variant_with_both_numeric_and_categorical_parameters"/>
    <testcase time="0.201999999999998" classname="table_ext01" name="EXT01_variant_with_both_numeric_and_categorical_parameters"/>
    <testcase time="0.310000000000002" classname="table_ext01" name="EXT01_variant_with_user_specified_categories_for_missed_doses"/>
    <testcase time="0.245000000000005" classname="table_ext01" name="EXT01_variant_with_user_specified_categories_for_missed_doses"/>
  </testsuite>
  <testsuite name="table_lbt01" timestamp="2024-08-01T14:32:13Z" hostname="9dd5795629c2" tests="2" skipped="0" failures="0" errors="0" time="2.032">
    <testcase time="1.529" classname="table_lbt01" name="LBT01_default_variant_is_produced_correctly"/>
    <testcase time="0.503" classname="table_lbt01" name="LBT01_default_variant_is_produced_correctly"/>
  </testsuite>
  <testsuite name="table_lbt02" timestamp="2024-08-01T14:32:15Z" hostname="9dd5795629c2" tests="2" skipped="0" failures="0" errors="0" time="1.307">
    <testcase time="0.796000000000006" classname="table_lbt02" name="LBT02_default_variant_is_produced_correctly"/>
    <testcase time="0.510999999999996" classname="table_lbt02" name="LBT02_default_variant_is_produced_correctly"/>
  </testsuite>
  <testsuite name="table_lbt03" timestamp="2024-08-01T14:32:16Z" hostname="9dd5795629c2" tests="2" skipped="0" failures="0" errors="0" time="0.289">
    <testcase time="0.195999999999998" classname="table_lbt03" name="LBT03_default_variant_is_produced_correctly"/>
    <testcase time="0.0930000000000035" classname="table_lbt03" name="LBT03_default_variant_is_produced_correctly"/>
  </testsuite>
  <testsuite name="table_lbt04" timestamp="2024-08-01T14:32:17Z" hostname="9dd5795629c2" tests="2" skipped="0" failures="0" errors="0" time="1.273">
    <testcase time="1.069" classname="table_lbt04" name="LBT04_default_variant_is_produced_correctly"/>
    <testcase time="0.203999999999994" classname="table_lbt04" name="LBT04_default_variant_is_produced_correctly"/>
  </testsuite>
  <testsuite name="table_lbt05" timestamp="2024-08-01T14:32:18Z" hostname="9dd5795629c2" tests="6" skipped="0" failures="0" errors="0" time="6.411">
    <testcase time="2.148" classname="table_lbt05" name="LBT05_variant_1_is_produced_correctly"/>
    <testcase time="0.586000000000013" classname="table_lbt05" name="LBT05_variant_1_is_produced_correctly"/>
    <testcase time="1.29899999999999" classname="table_lbt05" name="LBT05_variant_2_is_produced_correctly"/>
    <testcase time="0.475999999999999" classname="table_lbt05" name="LBT05_variant_2_is_produced_correctly"/>
    <testcase time="1.56800000000001" classname="table_lbt05" name="LBT05_variant_4_is_produced_correctly"/>
    <testcase time="0.334000000000003" classname="table_lbt05" name="LBT05_variant_4_is_produced_correctly"/>
  </testsuite>
  <testsuite name="table_lbt06" timestamp="2024-08-01T14:32:24Z" hostname="9dd5795629c2" tests="2" skipped="0" failures="0" errors="0" time="0.476">
    <testcase time="0.314999999999998" classname="table_lbt06" name="LBT06_default_variant_is_produced_correctly"/>
    <testcase time="0.161000000000001" classname="table_lbt06" name="LBT06_default_variant_is_produced_correctly"/>
  </testsuite>
  <testsuite name="table_lbt07" timestamp="2024-08-01T14:32:25Z" hostname="9dd5795629c2" tests="2" skipped="0" failures="0" errors="0" time="2.177">
    <testcase time="1.899" classname="table_lbt07" name="LBT07_is_produced_correctly"/>
    <testcase time="0.277999999999992" classname="table_lbt07" name="LBT07_is_produced_correctly"/>
  </testsuite>
  <testsuite name="table_lbt08" timestamp="2024-08-01T14:32:27Z" hostname="9dd5795629c2" tests="2" skipped="0" failures="0" errors="0" time="0.372">
    <testcase time="0.252999999999986" classname="table_lbt08" name="LBT08_produce_correctly"/>
    <testcase time="0.119" classname="table_lbt08" name="LBT08_produce_correctly"/>
  </testsuite>
  <testsuite name="table_lbt09" timestamp="2024-08-01T14:32:27Z" hostname="9dd5795629c2" tests="4" skipped="0" failures="0" errors="0" time="0.889">
    <testcase time="0.300000000000011" classname="table_lbt09" name="LBT09_variant_1_works_as_expected"/>
    <testcase time="0.157999999999987" classname="table_lbt09" name="LBT09_variant_1_works_as_expected"/>
    <testcase time="0.283000000000015" classname="table_lbt09" name="LBT09_variant_2_works_as_expected"/>
    <testcase time="0.147999999999996" classname="table_lbt09" name="LBT09_variant_2_works_as_expected"/>
  </testsuite>
  <testsuite name="table_lbt10" timestamp="2024-08-01T14:32:28Z" hostname="9dd5795629c2" tests="4" skipped="0" failures="0" errors="0" time="1.17">
    <testcase time="0.662000000000006" classname="table_lbt10" name="LBT10_variant_1_works_as_expected"/>
    <testcase time="0.0689999999999884" classname="table_lbt10" name="LBT10_variant_1_works_as_expected"/>
    <testcase time="0.382000000000005" classname="table_lbt10" name="LBT10_variant_2_works_as_expected"/>
    <testcase time="0.0569999999999879" classname="table_lbt10" name="LBT10_variant_2_works_as_expected"/>
  </testsuite>
  <testsuite name="table_lbt10_bl" timestamp="2024-08-01T14:32:29Z" hostname="9dd5795629c2" tests="4" skipped="0" failures="0" errors="0" time="0.479">
    <testcase time="0.233000000000004" classname="table_lbt10_bl" name="LBT10_BL_variant_1_works_as_expected"/>
    <testcase time="0.0690000000000168" classname="table_lbt10_bl" name="LBT10_BL_variant_1_works_as_expected"/>
    <testcase time="0.119999999999976" classname="table_lbt10_bl" name="LBT10_BL_variant_2_works_as_expected"/>
    <testcase time="0.0570000000000164" classname="table_lbt10_bl" name="LBT10_BL_variant_2_works_as_expected"/>
  </testsuite>
  <testsuite name="table_lbt11" timestamp="2024-08-01T14:32:30Z" hostname="9dd5795629c2" tests="6" skipped="0" failures="0" errors="0" time="0.722">
    <testcase time="0.174999999999983" classname="table_lbt11" name="LBT11_variant_1_works_as_expected"/>
    <testcase time="0.0910000000000082" classname="table_lbt11" name="LBT11_variant_1_works_as_expected"/>
    <testcase time="0.092000000000013" classname="table_lbt11" name="LBT11_variant_2_works_as_expected"/>
    <testcase time="0.0769999999999982" classname="table_lbt11" name="LBT11_variant_2_works_as_expected"/>
    <testcase time="0.144000000000005" classname="table_lbt11" name="LBT11_variant_3_works_as_expected"/>
    <testcase time="0.143000000000001" classname="table_lbt11" name="LBT11_variant_3_works_as_expected"/>
  </testsuite>
  <testsuite name="table_lbt11_bl" timestamp="2024-08-01T14:32:30Z" hostname="9dd5795629c2" tests="6" skipped="0" failures="0" errors="0" time="0.78">
    <testcase time="0.197999999999979" classname="table_lbt11_bl" name="LBT11_BL_variant_1_works_as_expected"/>
    <testcase time="0.092000000000013" classname="table_lbt11_bl" name="LBT11_BL_variant_1_works_as_expected"/>
    <testcase time="0.0979999999999848" classname="table_lbt11_bl" name="LBT11_BL_variant_2_works_as_expected"/>
    <testcase time="0.0910000000000082" classname="table_lbt11_bl" name="LBT11_BL_variant_2_works_as_expected"/>
    <testcase time="0.189999999999998" classname="table_lbt11_bl" name="LBT11_BL_variant_3_works_as_expected"/>
    <testcase time="0.11099999999999" classname="table_lbt11_bl" name="LBT11_BL_variant_3_works_as_expected"/>
  </testsuite>
  <testsuite name="table_lbt12" timestamp="2024-08-01T14:32:31Z" hostname="9dd5795629c2" tests="2" skipped="0" failures="0" errors="0" time="0.362">
    <testcase time="0.281000000000006" classname="table_lbt12" name="LBT12_works_as_expected"/>
    <testcase time="0.0810000000000173" classname="table_lbt12" name="LBT12_works_as_expected"/>
  </testsuite>
  <testsuite name="table_lbt12_bl" timestamp="2024-08-01T14:32:31Z" hostname="9dd5795629c2" tests="2" skipped="0" failures="0" errors="0" time="0.356">
    <testcase time="0.270999999999987" classname="table_lbt12_bl" name="LBT12_BL_works_as_expected"/>
    <testcase time="0.085000000000008" classname="table_lbt12_bl" name="LBT12_BL_works_as_expected"/>
  </testsuite>
  <testsuite name="table_lbt13" timestamp="2024-08-01T14:32:32Z" hostname="9dd5795629c2" tests="10" skipped="0" failures="0" errors="0" time="2.135">
    <testcase time="0.734999999999985" classname="table_lbt13" name="LBT13_variant_1_LOW_works_as_expected"/>
    <testcase time="0.0960000000000036" classname="table_lbt13" name="LBT13_variant_1_LOW_works_as_expected"/>
    <testcase time="0.131" classname="table_lbt13" name="LBT13_variant_2_HIGH_works_as_expected"/>
    <testcase time="0.0750000000000171" classname="table_lbt13" name="LBT13_variant_2_HIGH_works_as_expected"/>
    <testcase time="0.221000000000004" classname="table_lbt13" name="LBT13_variant_3_LOW_without_baseline_missing_works_as_expected"/>
    <testcase time="0.0839999999999748" classname="table_lbt13" name="LBT13_variant_3_LOW_without_baseline_missing_works_as_expected"/>
    <testcase time="0.129000000000019" classname="table_lbt13" name="LBT13_variant_4_HIGH_with_missing_baseline_considered_as_grade_0_works_as_expected"/>
    <testcase time="0.0729999999999791" classname="table_lbt13" name="LBT13_variant_4_HIGH_with_missing_baseline_considered_as_grade_0_works_as_expected"/>
    <testcase time="0.379000000000019" classname="table_lbt13" name="LBT14_variant_5_HIGH_with_filled_in_grades_works_as_expected"/>
    <testcase time="0.211999999999989" classname="table_lbt13" name="LBT14_variant_5_HIGH_with_filled_in_grades_works_as_expected"/>
  </testsuite>
  <testsuite name="table_lbt14" timestamp="2024-08-01T14:32:34Z" hostname="9dd5795629c2" tests="10" skipped="0" failures="0" errors="0" time="27.247">
    <testcase time="5.47499999999999" classname="table_lbt14" name="LBT14_variant_1_HIGH_works_as_expected"/>
    <testcase time="0.454000000000008" classname="table_lbt14" name="LBT14_variant_1_HIGH_works_as_expected"/>
    <testcase time="5.00399999999999" classname="table_lbt14" name="LBT14_variant_2_LOW_works_as_expected"/>
    <testcase time="0.311000000000007" classname="table_lbt14" name="LBT14_variant_2_LOW_works_as_expected"/>
    <testcase time="3.32500000000002" classname="table_lbt14" name="LBT14_variant_3_LOW_without_baseline_missing_works_as_expected"/>
    <testcase time="0.408999999999992" classname="table_lbt14" name="LBT14_variant_3_LOW_without_baseline_missing_works_as_expected"/>
    <testcase time="4.68299999999999" classname="table_lbt14" name="LBT14_variant_4_LOW_and_force_1_missing_both_baseline_and_post_baseline_then_force_the_missing_baseline_as_0_as_expected"/>
    <testcase time="0.230000000000018" classname="table_lbt14" name="LBT14_variant_4_LOW_and_force_1_missing_both_baseline_and_post_baseline_then_force_the_missing_baseline_as_0_as_expected"/>
    <testcase time="4.76199999999997" classname="table_lbt14" name="LBT14_variant_5_HIGH_with_fillings_works_as_expected"/>
    <testcase time="2.59400000000002" classname="table_lbt14" name="LBT14_variant_5_HIGH_with_fillings_works_as_expected"/>
  </testsuite>
  <testsuite name="table_lbt15" timestamp="2024-08-01T14:33:01Z" hostname="9dd5795629c2" tests="4" skipped="0" failures="0" errors="0" time="1.445">
    <testcase time="0.567999999999984" classname="table_lbt15" name="LBT15_variant_1_works_as_expected"/>
    <testcase time="0.194000000000017" classname="table_lbt15" name="LBT15_variant_1_works_as_expected"/>
    <testcase time="0.488" classname="table_lbt15" name="LBT15_variant_2_works_as_expected"/>
    <testcase time="0.194999999999993" classname="table_lbt15" name="LBT15_variant_2_works_as_expected"/>
  </testsuite>
  <testsuite name="table_lgrt02" timestamp="2024-08-01T14:33:03Z" hostname="9dd5795629c2" tests="8" skipped="0" failures="0" errors="0" time="2.728">
    <testcase time="0.495000000000005" classname="table_lgrt02" name="LGRT02_without_interaction_term_is_produced_correctly"/>
    <testcase time="0.146999999999991" classname="table_lgrt02" name="LGRT02_without_interaction_term_is_produced_correctly"/>
    <testcase time="0.549000000000007" classname="table_lgrt02" name="LGRT02_with_categorical_interaction_is_produced_correctly"/>
    <testcase time="0.170999999999992" classname="table_lgrt02" name="LGRT02_with_categorical_interaction_is_produced_correctly"/>
    <testcase time="0.568000000000012" classname="table_lgrt02" name="LGRT02_with_continuous_interaction_is_produced_correctly"/>
    <testcase time="0.157999999999987" classname="table_lgrt02" name="LGRT02_with_continuous_interaction_is_produced_correctly"/>
    <testcase time="0.491000000000014" classname="table_lgrt02" name="LGRT02_with_setting_values_indicating_an_event_and_custom_alpha_level_is_produced_correctly"/>
    <testcase time="0.149000000000001" classname="table_lgrt02" name="LGRT02_with_setting_values_indicating_an_event_and_custom_alpha_level_is_produced_correctly"/>
  </testsuite>
  <testsuite name="table_mht01" timestamp="2024-08-01T14:33:05Z" hostname="9dd5795629c2" tests="8" skipped="0" failures="0" errors="0" time="1.459">
    <testcase time="0.298000000000002" classname="table_mht01" name="MHT01_variant_1_is_produced_accurately"/>
    <testcase time="0.141999999999996" classname="table_mht01" name="MHT01_variant_1_is_produced_accurately"/>
    <testcase time="0.0960000000000036" classname="table_mht01" name="MHT01_variant_2_is_produced_accurately"/>
    <testcase time="0.0829999999999984" classname="table_mht01" name="MHT01_variant_2_is_produced_accurately"/>
    <testcase time="0.252999999999986" classname="table_mht01" name="MHT01_variant_3_is_produced_accurately"/>
    <testcase time="0.110000000000014" classname="table_mht01" name="MHT01_variant_3_is_produced_accurately"/>
    <testcase time="0.33499999999998" classname="table_mht01" name="MHT01_variant_5_is_produced_accurately"/>
    <testcase time="0.142000000000024" classname="table_mht01" name="MHT01_variant_5_is_produced_accurately"/>
  </testsuite>
  <testsuite name="table_onct05" timestamp="2024-08-01T14:33:07Z" hostname="9dd5795629c2" tests="8" skipped="0" failures="0" errors="0" time="1.978">
    <testcase time="0.436999999999983" classname="table_onct05" name="ONCT05_variant_1_Objective_Response_Rate_by_Subgroup_is_produced_correctly"/>
    <testcase time="0.122000000000014" classname="table_onct05" name="ONCT05_variant_1_Objective_Response_Rate_by_Subgroup_is_produced_correctly"/>
    <testcase time="0.459000000000003" classname="table_onct05" name="ONCT05_variant_2_Specifying_class_variables_is_produced_correctly"/>
    <testcase time="0.113999999999976" classname="table_onct05" name="ONCT05_variant_2_Specifying_class_variables_is_produced_correctly"/>
    <testcase time="0.206000000000017" classname="table_onct05" name="ONCT05_variant_3_selecting_columns_and_changing_the_alpha_level_is_produced_correctly"/>
    <testcase time="0.0960000000000036" classname="table_onct05" name="ONCT05_variant_3_selecting_columns_and_changing_the_alpha_level_is_produced_correctly"/>
    <testcase time="0.419999999999987" classname="table_onct05" name="ONCT05_variant_4_setting_values_indicating_response_is_produced_correctly"/>
    <testcase time="0.123999999999995" classname="table_onct05" name="ONCT05_variant_4_setting_values_indicating_response_is_produced_correctly"/>
  </testsuite>
  <testsuite name="table_pdt01" timestamp="2024-08-01T14:33:09Z" hostname="9dd5795629c2" tests="2" skipped="0" failures="0" errors="0" time="0.414">
    <testcase time="0.251000000000005" classname="table_pdt01" name="PDT01_is_produced_correctly"/>
    <testcase time="0.163000000000011" classname="table_pdt01" name="PDT01_is_produced_correctly"/>
  </testsuite>
  <testsuite name="table_pdt02" timestamp="2024-08-01T14:33:09Z" hostname="9dd5795629c2" tests="2" skipped="0" failures="0" errors="0" time="0.235">
    <testcase time="0.145999999999987" classname="table_pdt02" name="PDT02_is_produced_correctly"/>
    <testcase time="0.0889999999999986" classname="table_pdt02" name="PDT02_is_produced_correctly"/>
  </testsuite>
  <testsuite name="table_pkct01" timestamp="2024-08-01T14:33:09Z" hostname="9dd5795629c2" tests="10" skipped="0" failures="0" errors="0" time="3.077">
    <testcase time="0.496000000000009" classname="table_pkct01" name="PKCT01_is_produced_correctly"/>
    <testcase time="0.0819999999999936" classname="table_pkct01" name="PKCT01_is_produced_correctly"/>
    <testcase time="0.114000000000004" classname="table_pkct01" name="PKCT01_is_produced_correctly"/>
    <testcase time="0.0589999999999975" classname="table_pkct01" name="PKCT01_is_produced_correctly"/>
    <testcase time="0.794000000000011" classname="table_pkct01" name="Specific_PKCT01_features_are_present"/>
    <testcase time="0.203000000000003" classname="table_pkct01" name="Specific_PKCT01_features_are_present"/>
    <testcase time="0.188999999999993" classname="table_pkct01" name="Specific_PKCT01_features_are_present"/>
    <testcase time="0.00199999999998113" classname="table_pkct01" name="Specific_PKCT01_features_are_present"/>
    <testcase time="0.628000000000014" classname="table_pkct01" name="Specific_PKCT01_features_are_present"/>
    <testcase time="0.509999999999991" classname="table_pkct01" name="Specific_PKCT01_features_are_present"/>
  </testsuite>
  <testsuite name="table_pkpt02" timestamp="2024-08-01T14:33:13Z" hostname="9dd5795629c2" tests="2" skipped="0" failures="0" errors="0" time="0.497">
    <testcase time="0.281000000000006" classname="table_pkpt02" name="PKPT02_is_produced_correctly_for_Drug_X"/>
    <testcase time="0.216000000000008" classname="table_pkpt02" name="PKPT02_is_produced_correctly_for_Drug_X"/>
  </testsuite>
  <testsuite name="table_pkpt03" timestamp="2024-08-01T14:33:13Z" hostname="9dd5795629c2" tests="2" skipped="0" failures="0" errors="0" time="1.017">
    <testcase time="0.835999999999984" classname="table_pkpt03" name="PKPT03_Drug_X_is_produced_correctly"/>
    <testcase time="0.181000000000012" classname="table_pkpt03" name="PKPT03_Drug_X_is_produced_correctly"/>
  </testsuite>
  <testsuite name="table_pkpt04" timestamp="2024-08-01T14:33:14Z" hostname="9dd5795629c2" tests="2" skipped="0" failures="0" errors="0" time="0.184">
    <testcase time="0.0929999999999893" classname="table_pkpt04" name="PKPT04_is_produced_correctly_for_Drug_X"/>
    <testcase time="0.0910000000000082" classname="table_pkpt04" name="PKPT04_is_produced_correctly_for_Drug_X"/>
  </testsuite>
  <testsuite name="table_pkpt05" timestamp="2024-08-01T14:33:14Z" hostname="9dd5795629c2" tests="2" skipped="0" failures="0" errors="0" time="0.371">
    <testcase time="0.266999999999996" classname="table_pkpt05" name="PKPT05_Drug_X_is_produced_correctly"/>
    <testcase time="0.104000000000013" classname="table_pkpt05" name="PKPT05_Drug_X_is_produced_correctly"/>
  </testsuite>
  <testsuite name="table_pkpt06" timestamp="2024-08-01T14:33:15Z" hostname="9dd5795629c2" tests="4" skipped="0" failures="0" errors="0" time="0.254">
    <testcase time="0.0909999999999798" classname="table_pkpt06" name="PKPT06_is_produced_correctly_for_Drug_X"/>
    <testcase time="0.0600000000000023" classname="table_pkpt06" name="PKPT06_is_produced_correctly_for_Drug_X"/>
    <testcase time="0.0490000000000066" classname="table_pkpt06" name="PKPT06_is_produced_correctly_for_Drug_Y"/>
    <testcase time="0.054000000000002" classname="table_pkpt06" name="PKPT06_is_produced_correctly_for_Drug_Y"/>
  </testsuite>
  <testsuite name="table_pkpt07" timestamp="2024-08-01T14:33:15Z" hostname="9dd5795629c2" tests="4" skipped="0" failures="0" errors="0" time="0.503">
    <testcase time="0.211000000000013" classname="table_pkpt07" name="PKPT07_Drug_X_is_produced_correctly"/>
    <testcase time="0.101999999999975" classname="table_pkpt07" name="PKPT07_Drug_X_is_produced_correctly"/>
    <testcase time="0.108000000000004" classname="table_pkpt07" name="PKPT07_Drug_Y_is_produced_correctly"/>
    <testcase time="0.0820000000000221" classname="table_pkpt07" name="PKPT07_Drug_Y_is_produced_correctly"/>
  </testsuite>
  <testsuite name="table_ratet01" timestamp="2024-08-01T14:33:15Z" hostname="9dd5795629c2" tests="2" skipped="0" failures="0" errors="0" time="0.664">
    <testcase time="0.546000000000021" classname="table_ratet01" name="RATET01_is_produced_correctly"/>
    <testcase time="0.117999999999995" classname="table_ratet01" name="RATET01_is_produced_correctly"/>
  </testsuite>
  <testsuite name="table_rmpt01" timestamp="2024-08-01T14:33:16Z" hostname="9dd5795629c2" tests="2" skipped="0" failures="0" errors="0" time="0.195">
    <testcase time="0.139999999999986" classname="table_rmpt01" name="RMPT01_is_produced_correctly"/>
    <testcase time="0.0550000000000068" classname="table_rmpt01" name="RMPT01_is_produced_correctly"/>
  </testsuite>
  <testsuite name="table_rmpt03" timestamp="2024-08-01T14:33:16Z" hostname="9dd5795629c2" tests="4" skipped="0" failures="0" errors="0" time="0.512">
    <testcase time="0.200999999999993" classname="table_rmpt03" name="RMPT03_variant_1_is_produced_correctly"/>
    <testcase time="0.078000000000003" classname="table_rmpt03" name="RMPT03_variant_1_is_produced_correctly"/>
    <testcase time="0.15100000000001" classname="table_rmpt03" name="RMPT03_variant_2_is_produced_correctly"/>
    <testcase time="0.0819999999999936" classname="table_rmpt03" name="RMPT03_variant_2_is_produced_correctly"/>
  </testsuite>
  <testsuite name="table_rmpt04" timestamp="2024-08-01T14:33:17Z" hostname="9dd5795629c2" tests="2" skipped="0" failures="0" errors="0" time="0.193">
    <testcase time="0.12700000000001" classname="table_rmpt04" name="RMPT04_variant_1_is_produced_correctly"/>
    <testcase time="0.0660000000000025" classname="table_rmpt04" name="RMPT04_variant_1_is_produced_correctly"/>
  </testsuite>
  <testsuite name="table_rmpt05" timestamp="2024-08-01T14:33:17Z" hostname="9dd5795629c2" tests="2" skipped="0" failures="0" errors="0" time="0.206">
    <testcase time="0.140999999999991" classname="table_rmpt05" name="RMPT05_is_produced_correctly"/>
    <testcase time="0.0649999999999977" classname="table_rmpt05" name="RMPT05_is_produced_correctly"/>
  </testsuite>
  <testsuite name="table_rmpt06" timestamp="2024-08-01T14:33:17Z" hostname="9dd5795629c2" tests="8" skipped="0" failures="0" errors="0" time="1.463">
    <testcase time="0.302999999999997" classname="table_rmpt06" name="RMPT06_variant_1_is_produced_correctly"/>
    <testcase time="0.100999999999999" classname="table_rmpt06" name="RMPT06_variant_1_is_produced_correctly"/>
    <testcase time="0.195999999999998" classname="table_rmpt06" name="RMPT06_variant_2_is_produced_correctly"/>
    <testcase time="0.0790000000000077" classname="table_rmpt06" name="RMPT06_variant_2_is_produced_correctly"/>
    <testcase time="0.268000000000001" classname="table_rmpt06" name="RMPT06_variant_3_is_produced_correctly"/>
    <testcase time="0.117999999999995" classname="table_rmpt06" name="RMPT06_variant_3_is_produced_correctly"/>
    <testcase time="0.277999999999992" classname="table_rmpt06" name="RMPT06_variant_4_is_produced_correctly"/>
    <testcase time="0.120000000000005" classname="table_rmpt06" name="RMPT06_variant_4_is_produced_correctly"/>
  </testsuite>
  <testsuite name="table_rspt01" timestamp="2024-08-01T14:33:19Z" hostname="9dd5795629c2" tests="12" skipped="0" failures="0" errors="0" time="2.219">
    <testcase time="0.260999999999996" classname="table_rspt01" name="RSPT01_1._Best_Overall_Response"/>
    <testcase time="0.105000000000018" classname="table_rspt01" name="RSPT01_1._Best_Overall_Response"/>
    <testcase time="0.22799999999998" classname="table_rspt01" name="RSPT01_2._Best_Overall_Response_selecting_sections_to_display_"/>
    <testcase time="0.100999999999999" classname="table_rspt01" name="RSPT01_2._Best_Overall_Response_selecting_sections_to_display_"/>
    <testcase time="0.296000000000021" classname="table_rspt01" name="RSPT01_3._Best_Overall_Response_modifying_settings_"/>
    <testcase time="0.100999999999999" classname="table_rspt01" name="RSPT01_3._Best_Overall_Response_modifying_settings_"/>
    <testcase time="0.316999999999979" classname="table_rspt01" name="RSPT01_4._Best_Overall_Response_with_stratified_analysis_"/>
    <testcase time="0.130000000000024" classname="table_rspt01" name="RSPT01_4._Best_Overall_Response_with_stratified_analysis_"/>
    <testcase time="0.269999999999982" classname="table_rspt01" name="RSPT01_5._Best_Overall_Response_modifying_the_definition_of_overall_response_"/>
    <testcase time="0.105999999999995" classname="table_rspt01" name="RSPT01_5._Best_Overall_Response_modifying_the_definition_of_overall_response_"/>
    <testcase time="0.201000000000022" classname="table_rspt01" name="RSPT01_6._Best_Overall_Response_define_new_sections_to_display_"/>
    <testcase time="0.10299999999998" classname="table_rspt01" name="RSPT01_6._Best_Overall_Response_define_new_sections_to_display_"/>
  </testsuite>
  <testsuite name="table_ttet01" timestamp="2024-08-01T14:33:21Z" hostname="9dd5795629c2" tests="14" skipped="0" failures="0" errors="0" time="3.194">
    <testcase time="0.373000000000019" classname="table_ttet01" name="TTET01_default_variant_is_produced_correctly"/>
    <testcase time="0.164999999999992" classname="table_ttet01" name="TTET01_default_variant_is_produced_correctly"/>
    <testcase time="0.358000000000004" classname="table_ttet01" name="TTET01_default_variant_with_Placebo_arm"/>
    <testcase time="0.167000000000002" classname="table_ttet01" name="TTET01_default_variant_with_Placebo_arm"/>
    <testcase time="0.197000000000003" classname="table_ttet01" name="TTET01_variant_2_selecting_sections_to_display"/>
    <testcase time="0.109999999999985" classname="table_ttet01" name="TTET01_variant_2_selecting_sections_to_display"/>
    <testcase time="0.28400000000002" classname="table_ttet01" name="TTET01_variant_3_modifying_analysis_details_like_conftype_ties_alpha_level"/>
    <testcase time="0.140999999999991" classname="table_ttet01" name="TTET01_variant_3_modifying_analysis_details_like_conftype_ties_alpha_level"/>
    <testcase time="0.323999999999984" classname="table_ttet01" name="TTET01_variant_4_with_stratified_analysis"/>
    <testcase time="0.155000000000001" classname="table_ttet01" name="TTET01_variant_4_with_stratified_analysis"/>
    <testcase time="0.280000000000001" classname="table_ttet01" name="TTET01_variant_5_modifying_time_point"/>
    <testcase time="0.14500000000001" classname="table_ttet01" name="TTET01_variant_5_modifying_time_point"/>
    <testcase time="0.346000000000004" classname="table_ttet01" name="TTET01_variant_6_requesting_more_than_one_p_value"/>
    <testcase time="0.149000000000001" classname="table_ttet01" name="TTET01_variant_6_requesting_more_than_one_p_value"/>
  </testsuite>
  <testsuite name="table_vst01" timestamp="2024-08-01T14:33:24Z" hostname="9dd5795629c2" tests="2" skipped="0" failures="0" errors="0" time="0.98">
    <testcase time="0.695999999999998" classname="table_vst01" name="VST01_default_variant_is_produced_correctly"/>
    <testcase time="0.283999999999992" classname="table_vst01" name="VST01_default_variant_is_produced_correctly"/>
  </testsuite>
  <testsuite name="table_vst02" timestamp="2024-08-01T14:33:25Z" hostname="9dd5795629c2" tests="4" skipped="0" failures="0" errors="0" time="0.885">
    <testcase time="0.356999999999999" classname="table_vst02" name="1._Vital_Sign_Abnormalities_Regardless_of_Abnormality_at_Baseline_VST02_1_"/>
    <testcase time="0.13900000000001" classname="table_vst02" name="1._Vital_Sign_Abnormalities_Regardless_of_Abnormality_at_Baseline_VST02_1_"/>
    <testcase time="0.274000000000001" classname="table_vst02" name="2._Vital_Sign_Abnormalities_Among_Subject_Without_Abnormality_at_Baseline_VST02_2_"/>
    <testcase time="0.114999999999981" classname="table_vst02" name="2._Vital_Sign_Abnormalities_Among_Subject_Without_Abnormality_at_Baseline_VST02_2_"/>
  </testsuite>
</testsuites>
