<?xml version="1.0" encoding="UTF-8"?>
<testsuites>
  <testsuite name="listing_adal02" timestamp="2024-10-19T08:47:39Z" hostname="79bdc1004150" tests="1" skipped="0" failures="0" errors="0" time="0.259">
    <testcase time="0.258999999999999" classname="listing_adal02" name="ADAL02_listing_is_produced_correctly"/>
  </testsuite>
  <testsuite name="listing_ael01" timestamp="2024-10-19T08:47:39Z" hostname="79bdc1004150" tests="1" skipped="0" failures="0" errors="0" time="0.196">
    <testcase time="0.196000000000001" classname="listing_ael01" name="AEL01_listing_is_produced_correctly"/>
  </testsuite>
  <testsuite name="listing_ael01_nollt" timestamp="2024-10-19T08:47:39Z" hostname="79bdc1004150" tests="1" skipped="0" failures="0" errors="0" time="0.072">
    <testcase time="0.0720000000000001" classname="listing_ael01_nollt" name="AEL01_NOLLT_listing_is_produced_correctly"/>
  </testsuite>
  <testsuite name="listing_ael02" timestamp="2024-10-19T08:47:39Z" hostname="79bdc1004150" tests="1" skipped="0" failures="0" errors="0" time="0.291">
    <testcase time="0.290999999999999" classname="listing_ael02" name="AEL02_listing_is_produced_correctly"/>
  </testsuite>
  <testsuite name="listing_ael02_ed" timestamp="2024-10-19T08:47:40Z" hostname="79bdc1004150" tests="1" skipped="0" failures="0" errors="0" time="0.333">
    <testcase time="0.333" classname="listing_ael02_ed" name="AEL02_ED_listing_is_produced_correctly"/>
  </testsuite>
  <testsuite name="listing_ael03" timestamp="2024-10-19T08:47:40Z" hostname="79bdc1004150" tests="1" skipped="0" failures="0" errors="0" time="0.274">
    <testcase time="0.274" classname="listing_ael03" name="AEL03_listing_is_produced_correctly"/>
  </testsuite>
  <testsuite name="listing_ael04" timestamp="2024-10-19T08:47:40Z" hostname="79bdc1004150" tests="1" skipped="0" failures="0" errors="0" time="0.203">
    <testcase time="0.203" classname="listing_ael04" name="AEL04_listing_is_produced_correctly"/>
  </testsuite>
  <testsuite name="listing_cml01" timestamp="2024-10-19T08:47:40Z" hostname="79bdc1004150" tests="1" skipped="0" failures="0" errors="0" time="0.299">
    <testcase time="0.298999999999999" classname="listing_cml01" name="CML01_listing_is_produced_correctly"/>
  </testsuite>
  <testsuite name="listing_cml02a_gl" timestamp="2024-10-19T08:47:41Z" hostname="79bdc1004150" tests="1" skipped="0" failures="0" errors="0" time="0.077">
    <testcase time="0.077" classname="listing_cml02a_gl" name="CML02A_GL_listing_is_produced_correctly"/>
  </testsuite>
  <testsuite name="listing_cml02b_gl" timestamp="2024-10-19T08:47:41Z" hostname="79bdc1004150" tests="1" skipped="0" failures="0" errors="0" time="0.095">
    <testcase time="0.0950000000000006" classname="listing_cml02b_gl" name="CML02B_GL_listing_is_produced_correctly"/>
  </testsuite>
  <testsuite name="listing_dsl01" timestamp="2024-10-19T08:47:41Z" hostname="79bdc1004150" tests="1" skipped="0" failures="0" errors="0" time="0.164">
    <testcase time="0.163999999999999" classname="listing_dsl01" name="DSL01_listing_is_produced_correctly"/>
  </testsuite>
  <testsuite name="listing_dsl02" timestamp="2024-10-19T08:47:41Z" hostname="79bdc1004150" tests="1" skipped="0" failures="0" errors="0" time="0.073">
    <testcase time="0.0730000000000004" classname="listing_dsl02" name="DSL02_listing_is_produced_correctly"/>
  </testsuite>
  <testsuite name="listing_dsur4" timestamp="2024-10-19T08:47:41Z" hostname="79bdc1004150" tests="1" skipped="0" failures="0" errors="0" time="0.11">
    <testcase time="0.110000000000001" classname="listing_dsur4" name="DSUR4_listing_is_produced_correctly"/>
  </testsuite>
  <testsuite name="listing_egl01" timestamp="2024-10-19T08:47:41Z" hostname="79bdc1004150" tests="1" skipped="0" failures="0" errors="0" time="0.47">
    <testcase time="0.469999999999999" classname="listing_egl01" name="EGL01_listing_is_produced_correctly"/>
  </testsuite>
  <testsuite name="listing_exl01" timestamp="2024-10-19T08:47:42Z" hostname="79bdc1004150" tests="1" skipped="0" failures="0" errors="0" time="0.226">
    <testcase time="0.226000000000001" classname="listing_exl01" name="EXL01_listing_is_produced_correctly"/>
  </testsuite>
  <testsuite name="listing_lbl01" timestamp="2024-10-19T08:47:42Z" hostname="79bdc1004150" tests="1" skipped="0" failures="0" errors="0" time="0.521">
    <testcase time="0.520999999999999" classname="listing_lbl01" name="LBL01_listing_is_produced_correctly"/>
  </testsuite>
  <testsuite name="listing_lbl01_rls" timestamp="2024-10-19T08:47:42Z" hostname="79bdc1004150" tests="1" skipped="0" failures="0" errors="0" time="0.508">
    <testcase time="0.508000000000001" classname="listing_lbl01_rls" name="LBL01_RLS_listing_is_produced_correctly"/>
  </testsuite>
  <testsuite name="listing_lbl02a" timestamp="2024-10-19T08:47:43Z" hostname="79bdc1004150" tests="1" skipped="0" failures="0" errors="0" time="0.249">
    <testcase time="0.248999999999999" classname="listing_lbl02a" name="LBL02A_listing_is_produced_correctly"/>
  </testsuite>
  <testsuite name="listing_lbl02a_rls" timestamp="2024-10-19T08:47:43Z" hostname="79bdc1004150" tests="1" skipped="0" failures="0" errors="0" time="0.793">
    <testcase time="0.793000000000001" classname="listing_lbl02a_rls" name="LBL02A_RLS_listing_is_produced_correctly"/>
  </testsuite>
  <testsuite name="listing_lbl02b" timestamp="2024-10-19T08:47:44Z" hostname="79bdc1004150" tests="1" skipped="0" failures="0" errors="0" time="0.258">
    <testcase time="0.258000000000001" classname="listing_lbl02b" name="LBL02B_listing_is_produced_correctly"/>
  </testsuite>
  <testsuite name="listing_mhl01" timestamp="2024-10-19T08:47:44Z" hostname="79bdc1004150" tests="1" skipped="0" failures="0" errors="0" time="0.26">
    <testcase time="0.26" classname="listing_mhl01" name="MHL01_listing_is_produced_correctly"/>
  </testsuite>
  <testsuite name="listing_oncl01" timestamp="2024-10-19T08:47:45Z" hostname="79bdc1004150" tests="1" skipped="0" failures="0" errors="0" time="0.236">
    <testcase time="0.235999999999999" classname="listing_oncl01" name="ONCL01_listing_is_produced_correctly"/>
  </testsuite>
  <testsuite name="listing_pkcl01" timestamp="2024-10-19T08:47:45Z" hostname="79bdc1004150" tests="1" skipped="0" failures="0" errors="0" time="0.177">
    <testcase time="0.177000000000001" classname="listing_pkcl01" name="PKCL01_listing_is_produced_correctly"/>
  </testsuite>
  <testsuite name="listing_pkcl02" timestamp="2024-10-19T08:47:45Z" hostname="79bdc1004150" tests="1" skipped="0" failures="0" errors="0" time="0.207">
    <testcase time="0.206999999999999" classname="listing_pkcl02" name="PKCL02_listing_is_produced_correctly"/>
  </testsuite>
  <testsuite name="listing_pkpl01" timestamp="2024-10-19T08:47:45Z" hostname="79bdc1004150" tests="1" skipped="0" failures="0" errors="0" time="0.233">
    <testcase time="0.233000000000001" classname="listing_pkpl01" name="PKPL01_listing_is_produced_correctly"/>
  </testsuite>
  <testsuite name="listing_pkpl02" timestamp="2024-10-19T08:47:45Z" hostname="79bdc1004150" tests="1" skipped="0" failures="0" errors="0" time="0.151">
    <testcase time="0.151" classname="listing_pkpl02" name="PKPL02_listing_is_produced_correctly"/>
  </testsuite>
  <testsuite name="listing_pkpl04" timestamp="2024-10-19T08:47:46Z" hostname="79bdc1004150" tests="1" skipped="0" failures="0" errors="0" time="0.194">
    <testcase time="0.194000000000001" classname="listing_pkpl04" name="PKPL04_listing_is_produced_correctly"/>
  </testsuite>
  <testsuite name="listing_vsl01" timestamp="2024-10-19T08:47:46Z" hostname="79bdc1004150" tests="1" skipped="0" failures="0" errors="0" time="0.431">
    <testcase time="0.430999999999999" classname="listing_vsl01" name="VSL01_listing_is_produced_correctly"/>
  </testsuite>
  <testsuite name="pagination_listing" timestamp="2024-10-19T08:47:46Z" hostname="79bdc1004150" tests="13" skipped="0" failures="0" errors="0" time="5.639">
    <testcase time="0.0410000000000004" classname="pagination_listing" name="Direct_pagination_works_fine"/>
    <testcase time="0.942" classname="pagination_listing" name="Direct_pagination_works_fine"/>
    <testcase time="0.00300000000000011" classname="pagination_listing" name="Direct_pagination_works_fine"/>
    <testcase time="0.859999999999999" classname="pagination_listing" name="Direct_pagination_works_fine"/>
    <testcase time="1.185" classname="pagination_listing" name="Direct_pagination_works_fine"/>
    <testcase time="1.263" classname="pagination_listing" name="pagination_counts_the_right_number_of_lines_when_wrapping_on_keycols_is_present"/>
    <testcase time="0.00500000000000256" classname="pagination_listing" name="pagination_counts_the_right_number_of_lines_when_wrapping_on_keycols_is_present"/>
    <testcase time="0.00499999999999901" classname="pagination_listing" name="pagination_counts_the_right_number_of_lines_when_wrapping_on_keycols_is_present"/>
    <testcase time="0.00300000000000011" classname="pagination_listing" name="pagination_counts_the_right_number_of_lines_when_wrapping_on_keycols_is_present"/>
    <testcase time="1.32" classname="pagination_listing" name="pagination_counts_the_right_number_of_lines_when_wrapping_on_keycols_is_present"/>
    <testcase time="0.00499999999999901" classname="pagination_listing" name="pagination_counts_the_right_number_of_lines_when_wrapping_on_keycols_is_present"/>
    <testcase time="0.00399999999999778" classname="pagination_listing" name="pagination_counts_the_right_number_of_lines_when_wrapping_on_keycols_is_present"/>
    <testcase time="0.00300000000000011" classname="pagination_listing" name="pagination_counts_the_right_number_of_lines_when_wrapping_on_keycols_is_present"/>
  </testsuite>
  <testsuite name="pagination_table" timestamp="2024-10-19T08:47:53Z" hostname="79bdc1004150" tests="30" skipped="0" failures="0" errors="0" time="14.304">
    <testcase time="1.823" classname="pagination_table" name="Direct_pagination_with_standard_values"/>
    <testcase time="0.00400000000000134" classname="pagination_table" name="Direct_pagination_with_standard_values"/>
    <testcase time="0.00400000000000134" classname="pagination_table" name="Direct_pagination_with_standard_values"/>
    <testcase time="1.272" classname="pagination_table" name="Pagination_with_specific_column_widths_and_minimum_lines_per_page"/>
    <testcase time="0.00400000000000134" classname="pagination_table" name="Pagination_with_specific_column_widths_and_minimum_lines_per_page"/>
    <testcase time="0.131" classname="pagination_table" name="Pagination_with_specific_column_widths_and_minimum_lines_per_page"/>
    <testcase time="0.985999999999997" classname="pagination_table" name="Pagination_works_also_if_table_is_decorated"/>
    <testcase time="0.561" classname="pagination_table" name="Pagination_works_also_if_table_is_decorated"/>
    <testcase time="0.847000000000001" classname="pagination_table" name="Pagination_works_also_if_table_is_decorated"/>
    <testcase time="0.684000000000001" classname="pagination_table" name="Pagination_works_also_if_table_is_decorated"/>
    <testcase time="1.41" classname="pagination_table" name="Pagination_works_also_if_table_is_decorated"/>
    <testcase time="0.321999999999999" classname="pagination_table" name="Pagination_works_also_if_table_is_decorated"/>
    <testcase time="0.00400000000000134" classname="pagination_table" name="Pagination_works_also_if_table_is_decorated"/>
    <testcase time="0.0309999999999988" classname="pagination_table" name="Pagination_works_also_if_table_is_decorated"/>
    <testcase time="0.154" classname="pagination_table" name="Pagination_works_also_if_table_is_decorated"/>
    <testcase time="0.0910000000000011" classname="pagination_table" name="Pagination_works_also_if_table_is_decorated"/>
    <testcase time="0.898" classname="pagination_table" name="Pagination_works_for_page_types"/>
    <testcase time="0.0749999999999993" classname="pagination_table" name="Pagination_works_for_page_types"/>
    <testcase time="0.675999999999998" classname="pagination_table" name="Pagination_works_for_page_types"/>
    <testcase time="0.0810000000000031" classname="pagination_table" name="Pagination_works_for_page_types"/>
    <testcase time="0.622999999999998" classname="pagination_table" name="Pagination_works_for_page_types"/>
    <testcase time="0.388999999999999" classname="pagination_table" name="Pagination_works_for_page_types"/>
    <testcase time="0.667000000000002" classname="pagination_table" name="Pagination_works_for_page_width_and_height"/>
    <testcase time="0.126000000000001" classname="pagination_table" name="Pagination_works_for_page_width_and_height"/>
    <testcase time="0.757999999999999" classname="pagination_table" name="Pagination_works_for_page_types"/>
    <testcase time="0.158000000000001" classname="pagination_table" name="Pagination_works_for_page_types"/>
    <testcase time="0.792999999999999" classname="pagination_table" name="AET04_variant_2_page_by_pagination_tests"/>
    <testcase time="0.585000000000001" classname="pagination_table" name="AET04_variant_2_page_by_pagination_tests"/>
    <testcase time="0.00199999999999534" classname="pagination_table" name="AET04_variant_2_page_by_pagination_tests"/>
    <testcase time="0.145000000000003" classname="pagination_table" name="AET04_variant_2_page_by_pagination_tests"/>
  </testsuite>
  <testsuite name="table_adat03" timestamp="2024-10-19T08:48:06Z" hostname="79bdc1004150" tests="2" skipped="0" failures="0" errors="0" time="0.525">
    <testcase time="0.393999999999998" classname="table_adat03" name="ADAT03_is_produced_correctly"/>
    <testcase time="0.131" classname="table_adat03" name="ADAT03_is_produced_correctly"/>
  </testsuite>
  <testsuite name="table_aet01" timestamp="2024-10-19T08:48:07Z" hostname="79bdc1004150" tests="8" skipped="0" failures="0" errors="0" time="1.729">
    <testcase time="0.369" classname="table_aet01" name="Safety_Summary_Variant_1_works_as_expected"/>
    <testcase time="0.109999999999999" classname="table_aet01" name="Safety_Summary_Variant_1_works_as_expected"/>
    <testcase time="0.310000000000002" classname="table_aet01" name="Safety_Summary_Variant_2_with_Medical_Concepts_Section_works_as_expected"/>
    <testcase time="0.121000000000002" classname="table_aet01" name="Safety_Summary_Variant_2_with_Medical_Concepts_Section_works_as_expected"/>
    <testcase time="0.255000000000003" classname="table_aet01" name="Safety_Summary_Variant_3_with_Modified_Rows_works_as_expected"/>
    <testcase time="0.0879999999999939" classname="table_aet01" name="Safety_Summary_Variant_3_with_Modified_Rows_works_as_expected"/>
    <testcase time="0.350000000000001" classname="table_aet01" name="Safety_Summary_Variant_4_with_Rows_Counting_Events_and_Additional_Sections_works_as_expected"/>
    <testcase time="0.126000000000005" classname="table_aet01" name="Safety_Summary_Variant_4_with_Rows_Counting_Events_and_Additional_Sections_works_as_expected"/>
  </testsuite>
  <testsuite name="table_aet01_aesi" timestamp="2024-10-19T08:48:08Z" hostname="79bdc1004150" tests="8" skipped="0" failures="0" errors="0" time="2.608">
    <testcase time="0.251999999999995" classname="table_aet01_aesi" name="AET01_AESI_Variant_1_works_as_expected"/>
    <testcase time="0.105000000000004" classname="table_aet01_aesi" name="AET01_AESI_Variant_1_works_as_expected"/>
    <testcase time="0.439999999999998" classname="table_aet01_aesi" name="AET01_AESI_Variant_2_works_as_expected"/>
    <testcase time="0.151000000000003" classname="table_aet01_aesi" name="AET01_AESI_Variant_2_works_as_expected"/>
    <testcase time="0.643999999999998" classname="table_aet01_aesi" name="AET01_AESI_Variant_3_works_as_expected"/>
    <testcase time="0.210000000000001" classname="table_aet01_aesi" name="AET01_AESI_Variant_3_works_as_expected"/>
    <testcase time="0.582000000000001" classname="table_aet01_aesi" name="AET01_AESI_Variant_4_works_as_expected"/>
    <testcase time="0.223999999999997" classname="table_aet01_aesi" name="AET01_AESI_Variant_4_works_as_expected"/>
  </testsuite>
  <testsuite name="table_aet02" timestamp="2024-10-19T08:48:11Z" hostname="79bdc1004150" tests="26" skipped="0" failures="0" errors="0" time="8.217">
    <testcase time="0.524999999999999" classname="table_aet02" name="AET02_variant_1_is_produced_correctly"/>
    <testcase time="0.189" classname="table_aet02" name="AET02_variant_1_is_produced_correctly"/>
    <testcase time="0.411000000000001" classname="table_aet02" name="AET02_variant_1_is_produced_correctly"/>
    <testcase time="0.0990000000000038" classname="table_aet02" name="AET02_variant_1_is_produced_correctly"/>
    <testcase time="0.617999999999995" classname="table_aet02" name="AET02_variant_2_is_produced_correctly"/>
    <testcase time="0.193000000000005" classname="table_aet02" name="AET02_variant_2_is_produced_correctly"/>
    <testcase time="0.897999999999996" classname="table_aet02" name="AET02_variant_3_is_produced_correctly"/>
    <testcase time="0.298000000000002" classname="table_aet02" name="AET02_variant_3_is_produced_correctly"/>
    <testcase time="0.125999999999998" classname="table_aet02" name="AET02_variant_4_is_produced_correctly"/>
    <testcase time="0.106000000000002" classname="table_aet02" name="AET02_variant_4_is_produced_correctly"/>
    <testcase time="0.399000000000001" classname="table_aet02" name="AET02_variant_5_is_produced_correctly"/>
    <testcase time="0.162999999999997" classname="table_aet02" name="AET02_variant_5_is_produced_correctly"/>
    <testcase time="0.396999999999998" classname="table_aet02" name="AET02_variant_6_is_produced_correctly"/>
    <testcase time="0.106000000000002" classname="table_aet02" name="AET02_variant_6_is_produced_correctly"/>
    <testcase time="0.910000000000004" classname="table_aet02" name="AET02_variant_7_is_produced_correctly"/>
    <testcase time="0.149999999999999" classname="table_aet02" name="AET02_variant_7_is_produced_correctly"/>
    <testcase time="0.397999999999996" classname="table_aet02" name="AET02_variant_8_is_produced_correctly"/>
    <testcase time="0.0740000000000052" classname="table_aet02" name="AET02_variant_8_is_produced_correctly"/>
    <testcase time="0.405000000000001" classname="table_aet02" name="AET02_variant_9_is_produced_correctly"/>
    <testcase time="0.113" classname="table_aet02" name="AET02_variant_9_is_produced_correctly"/>
    <testcase time="0.402999999999999" classname="table_aet02" name="AET02_variant_10_is_produced_correctly"/>
    <testcase time="0.0859999999999985" classname="table_aet02" name="AET02_variant_10_is_produced_correctly"/>
    <testcase time="0.401000000000003" classname="table_aet02" name="AET02_variant_11_is_produced_correctly"/>
    <testcase time="0.0879999999999939" classname="table_aet02" name="AET02_variant_11_is_produced_correctly"/>
    <testcase time="0.583000000000006" classname="table_aet02" name="AET02_variant_12_is_produced_correctly"/>
    <testcase time="0.078000000000003" classname="table_aet02" name="AET02_variant_12_is_produced_correctly"/>
  </testsuite>
  <testsuite name="table_aet02_smq" timestamp="2024-10-19T08:48:19Z" hostname="79bdc1004150" tests="4" skipped="0" failures="0" errors="0" time="0.412">
    <testcase time="0.113" classname="table_aet02_smq" name="AET02SMQ_variant_1_is_produced_correctly"/>
    <testcase time="0.0670000000000002" classname="table_aet02_smq" name="AET02SMQ_variant_1_is_produced_correctly"/>
    <testcase time="0.145999999999994" classname="table_aet02_smq" name="AET02SMQ_variant_2_is_produced_correctly"/>
    <testcase time="0.0860000000000056" classname="table_aet02_smq" name="AET02SMQ_variant_2_is_produced_correctly"/>
  </testsuite>
  <testsuite name="table_aet03" timestamp="2024-10-19T08:48:20Z" hostname="79bdc1004150" tests="6" skipped="0" failures="0" errors="0" time="4.535">
    <testcase time="1.033" classname="table_aet03" name="AET03_variant_1_is_produced_correctly"/>
    <testcase time="0.390999999999998" classname="table_aet03" name="AET03_variant_1_is_produced_correctly"/>
    <testcase time="1.265" classname="table_aet03" name="AET03_variant_1_is_produced_correctly"/>
    <testcase time="0.643999999999998" classname="table_aet03" name="AET03_variant_1_is_produced_correctly"/>
    <testcase time="1.001" classname="table_aet03" name="AET03_variant_1_is_produced_correctly"/>
    <testcase time="0.201000000000001" classname="table_aet03" name="AET03_variant_1_is_produced_correctly"/>
  </testsuite>
  <testsuite name="table_aet04" timestamp="2024-10-19T08:48:25Z" hostname="79bdc1004150" tests="30" skipped="0" failures="0" errors="0" time="12.195">
    <testcase time="0.695" classname="table_aet04" name="AET04_variant_1_is_produced_correctly"/>
    <testcase time="0.311999999999998" classname="table_aet04" name="AET04_variant_1_is_produced_correctly"/>
    <testcase time="0.732000000000006" classname="table_aet04" name="AET04_variant_1_is_produced_correctly"/>
    <testcase time="0.0409999999999968" classname="table_aet04" name="AET04_variant_1_is_produced_correctly"/>
    <testcase time="0.0380000000000038" classname="table_aet04" name="AET04_variant_1_is_produced_correctly"/>
    <testcase time="0.625999999999998" classname="table_aet04" name="AET04_variant_2_is_produced_correctly_Fill_in_of_Treatment_Groups_"/>
    <testcase time="0.269999999999996" classname="table_aet04" name="AET04_variant_2_is_produced_correctly_Fill_in_of_Treatment_Groups_"/>
    <testcase time="0.667000000000002" classname="table_aet04" name="AET04_variant_2_is_produced_correctly_Fill_in_of_Treatment_Groups_"/>
    <testcase time="0.0380000000000038" classname="table_aet04" name="AET04_variant_2_is_produced_correctly_Fill_in_of_Treatment_Groups_"/>
    <testcase time="0.0389999999999944" classname="table_aet04" name="AET04_variant_2_is_produced_correctly_Fill_in_of_Treatment_Groups_"/>
    <testcase time="0.662000000000006" classname="table_aet04" name="AET04_variant_3_is_produced_correctly_Fill_in_of_Grades_"/>
    <testcase time="0.325999999999993" classname="table_aet04" name="AET04_variant_3_is_produced_correctly_Fill_in_of_Grades_"/>
    <testcase time="0.778000000000006" classname="table_aet04" name="AET04_variant_3_is_produced_correctly_Fill_in_of_Grades_"/>
    <testcase time="0.0409999999999968" classname="table_aet04" name="AET04_variant_3_is_produced_correctly_Fill_in_of_Grades_"/>
    <testcase time="0.0390000000000015" classname="table_aet04" name="AET04_variant_3_is_produced_correctly_Fill_in_of_Grades_"/>
    <testcase time="0.677999999999997" classname="table_aet04" name="AET04_variant_4_is_produced_correctly_Collapsing_of_Grades_grades_1_2_grades_3_4_5_"/>
    <testcase time="0.317" classname="table_aet04" name="AET04_variant_4_is_produced_correctly_Collapsing_of_Grades_grades_1_2_grades_3_4_5_"/>
    <testcase time="0.753" classname="table_aet04" name="AET04_variant_4_is_produced_correctly_Collapsing_of_Grades_grades_1_2_grades_3_4_5_"/>
    <testcase time="0.713999999999999" classname="table_aet04" name="AET04_variant_6_is_produced_correctly_with_an_Incidence_Rate_of_at_Least_5_totals_restricted_"/>
    <testcase time="0.318000000000005" classname="table_aet04" name="AET04_variant_6_is_produced_correctly_with_an_Incidence_Rate_of_at_Least_5_totals_restricted_"/>
    <testcase time="0.771999999999998" classname="table_aet04" name="AET04_variant_6_is_produced_correctly_with_an_Incidence_Rate_of_at_Least_5_totals_restricted_"/>
    <testcase time="0.00999999999999801" classname="table_aet04" name="AET04_variant_8_is_produced_correctly_with_an_Incidence_Rate_of_at_Least_X_Patients_"/>
    <testcase time="0.32" classname="table_aet04" name="AET04_variant_8_is_produced_correctly_with_an_Incidence_Rate_of_at_Least_X_Patients_"/>
    <testcase time="0.779000000000003" classname="table_aet04" name="AET04_variant_8_is_produced_correctly_with_an_Incidence_Rate_of_at_Least_X_Patients_"/>
    <testcase time="0.00999999999999801" classname="table_aet04" name="AET04_variant_9_is_produced_correctly_with_a_Difference_in_Incidence_Rate_of_at_Least_X_"/>
    <testcase time="0.325000000000003" classname="table_aet04" name="AET04_variant_9_is_produced_correctly_with_a_Difference_in_Incidence_Rate_of_at_Least_X_"/>
    <testcase time="0.771000000000001" classname="table_aet04" name="AET04_variant_9_is_produced_correctly_with_a_Difference_in_Incidence_Rate_of_at_Least_X_"/>
    <testcase time="0.0129999999999981" classname="table_aet04" name="AET04_variant_11_is_produced_correctly_with_Incidence_Rate_of_at_Least_X_all_SOCs_w_o_preferred_terms_removed_"/>
    <testcase time="0.333999999999996" classname="table_aet04" name="AET04_variant_11_is_produced_correctly_with_Incidence_Rate_of_at_Least_X_all_SOCs_w_o_preferred_terms_removed_"/>
    <testcase time="0.777000000000001" classname="table_aet04" name="AET04_variant_11_is_produced_correctly_with_Incidence_Rate_of_at_Least_X_all_SOCs_w_o_preferred_terms_removed_"/>
  </testsuite>
  <testsuite name="table_aet04_pi" timestamp="2024-10-19T08:48:36Z" hostname="79bdc1004150" tests="18" skipped="0" failures="0" errors="0" time="6.406">
    <testcase time="0.780000000000008" classname="table_aet04_pi" name="AET04_PI_full_table_is_produced_correctly"/>
    <testcase time="0.218999999999994" classname="table_aet04_pi" name="AET04_PI_full_table_is_produced_correctly"/>
    <testcase time="0.557000000000002" classname="table_aet04_pi" name="AET04_PI_variant_1_is_produced_correctly"/>
    <testcase time="0.164999999999992" classname="table_aet04_pi" name="AET04_PI_variant_1_is_produced_correctly"/>
    <testcase time="0.551000000000002" classname="table_aet04_pi" name="AET04_PI_variant_2_is_produced_correctly"/>
    <testcase time="0.112000000000009" classname="table_aet04_pi" name="AET04_PI_variant_2_is_produced_correctly"/>
    <testcase time="0.554999999999993" classname="table_aet04_pi" name="AET04_PI_variant_3_is_produced_correctly"/>
    <testcase time="0.129000000000005" classname="table_aet04_pi" name="AET04_PI_variant_3_is_produced_correctly"/>
    <testcase time="0.543999999999997" classname="table_aet04_pi" name="AET04_PI_variant_4_is_produced_correctly"/>
    <testcase time="0.0990000000000038" classname="table_aet04_pi" name="AET04_PI_variant_4_is_produced_correctly"/>
    <testcase time="0.563999999999993" classname="table_aet04_pi" name="AET04_PI_variant_5_is_produced_correctly"/>
    <testcase time="0.150999999999996" classname="table_aet04_pi" name="AET04_PI_variant_5_is_produced_correctly"/>
    <testcase time="0.693000000000012" classname="table_aet04_pi" name="AET04_PI_variant_6_is_produced_correctly"/>
    <testcase time="0.152999999999992" classname="table_aet04_pi" name="AET04_PI_variant_6_is_produced_correctly"/>
    <testcase time="0.689000000000007" classname="table_aet04_pi" name="AET04_PI_variant_7_is_produced_correctly"/>
    <testcase time="0.152000000000001" classname="table_aet04_pi" name="AET04_PI_variant_7_is_produced_correctly"/>
    <testcase time="0.167999999999992" classname="table_aet04_pi" name="AET04_PI_variant_8_is_produced_correctly"/>
    <testcase time="0.125" classname="table_aet04_pi" name="AET04_PI_variant_8_is_produced_correctly"/>
  </testsuite>
  <testsuite name="table_aet05" timestamp="2024-10-19T08:48:43Z" hostname="79bdc1004150" tests="4" skipped="0" failures="0" errors="0" time="0.266">
    <testcase time="0.0870000000000033" classname="table_aet05" name="AET05_variant_1_is_produced_correctly"/>
    <testcase time="0.0570000000000022" classname="table_aet05" name="AET05_variant_1_is_produced_correctly"/>
    <testcase time="0.0549999999999926" classname="table_aet05" name="AET05_variant_2_is_produced_correctly"/>
    <testcase time="0.0670000000000073" classname="table_aet05" name="AET05_variant_2_is_produced_correctly"/>
  </testsuite>
  <testsuite name="table_aet05_all" timestamp="2024-10-19T08:48:43Z" hostname="79bdc1004150" tests="4" skipped="0" failures="0" errors="0" time="0.297">
    <testcase time="0.0999999999999943" classname="table_aet05_all" name="AET05_ALL_variant_1_is_produced_correctly"/>
    <testcase time="0.0670000000000073" classname="table_aet05_all" name="AET05_ALL_variant_1_is_produced_correctly"/>
    <testcase time="0.054000000000002" classname="table_aet05_all" name="AET05_ALL_variant_2_is_produced_correctly"/>
    <testcase time="0.0759999999999934" classname="table_aet05_all" name="AET05_ALL_variant_2_is_produced_correctly"/>
  </testsuite>
  <testsuite name="table_aet06" timestamp="2024-10-19T08:48:43Z" hostname="79bdc1004150" tests="6" skipped="0" failures="0" errors="0" time="3.61">
    <testcase time="0.549000000000007" classname="table_aet06" name="AET06_variant_1_is_produced_correctly"/>
    <testcase time="0.225999999999999" classname="table_aet06" name="AET06_variant_1_is_produced_correctly"/>
    <testcase time="0.924999999999997" classname="table_aet06" name="AET06_variant_3_is_produced_correctly"/>
    <testcase time="0.325999999999993" classname="table_aet06" name="AET06_variant_3_is_produced_correctly"/>
    <testcase time="1.193" classname="table_aet06" name="AET06_variant_5_is_produced_correctly"/>
    <testcase time="0.391000000000005" classname="table_aet06" name="AET06_variant_5_is_produced_correctly"/>
  </testsuite>
  <testsuite name="table_aet06_smq" timestamp="2024-10-19T08:48:47Z" hostname="79bdc1004150" tests="4" skipped="0" failures="0" errors="0" time="0.983">
    <testcase time="0.349000000000004" classname="table_aet06_smq" name="AET06_SMQ_variant_1_is_produced_correctly"/>
    <testcase time="0.143000000000001" classname="table_aet06_smq" name="AET06_SMQ_variant_1_is_produced_correctly"/>
    <testcase time="0.35499999999999" classname="table_aet06_smq" name="AET06_SMQ_variant_2_is_produced_correctly"/>
    <testcase time="0.13600000000001" classname="table_aet06_smq" name="AET06_SMQ_variant_2_is_produced_correctly"/>
  </testsuite>
  <testsuite name="table_aet07" timestamp="2024-10-19T08:48:48Z" hostname="79bdc1004150" tests="4" skipped="0" failures="0" errors="0" time="0.206">
    <testcase time="0.0630000000000024" classname="table_aet07" name="AET07_variant_1_is_produced_correctly"/>
    <testcase time="0.0420000000000016" classname="table_aet07" name="AET07_variant_1_is_produced_correctly"/>
    <testcase time="0.046999999999997" classname="table_aet07" name="AET07_variant_2_is_produced_correctly"/>
    <testcase time="0.054000000000002" classname="table_aet07" name="AET07_variant_2_is_produced_correctly"/>
  </testsuite>
  <testsuite name="table_aet09" timestamp="2024-10-19T08:48:48Z" hostname="79bdc1004150" tests="4" skipped="0" failures="0" errors="0" time="1.91">
    <testcase time="0.513999999999996" classname="table_aet09" name="AET09_variant_1_is_produced_correctly_AE_related_to_study_drug"/>
    <testcase time="0.179999999999993" classname="table_aet09" name="AET09_variant_1_is_produced_correctly_AE_related_to_study_drug"/>
    <testcase time="0.923000000000002" classname="table_aet09" name="AET09_variant_2_is_produced_correctly_AE_related_to_study_drug_including_high_level_terms_"/>
    <testcase time="0.293000000000006" classname="table_aet09" name="AET09_variant_2_is_produced_correctly_AE_related_to_study_drug_including_high_level_terms_"/>
  </testsuite>
  <testsuite name="table_aet09_smq" timestamp="2024-10-19T08:48:50Z" hostname="79bdc1004150" tests="4" skipped="0" failures="0" errors="0" time="0.502">
    <testcase time="0.126999999999995" classname="table_aet09_smq" name="AET09_variant_1_AEs_related_to_study_drug_by_SMQ_is_produced_correctly"/>
    <testcase time="0.0690000000000026" classname="table_aet09_smq" name="AET09_variant_1_AEs_related_to_study_drug_by_SMQ_is_produced_correctly"/>
    <testcase time="0.209000000000003" classname="table_aet09_smq" name="AET09_variant_2_AEs_related_to_study_drug_by_SMQ_with_customized_queries_is_produced_correctly"/>
    <testcase time="0.0969999999999942" classname="table_aet09_smq" name="AET09_variant_2_AEs_related_to_study_drug_by_SMQ_with_customized_queries_is_produced_correctly"/>
  </testsuite>
  <testsuite name="table_aet10" timestamp="2024-10-19T08:48:51Z" hostname="79bdc1004150" tests="2" skipped="0" failures="0" errors="0" time="0.167">
    <testcase time="0.111000000000004" classname="table_aet10" name="AET10_default_variant_is_produced_correctly"/>
    <testcase time="0.0559999999999974" classname="table_aet10" name="AET10_default_variant_is_produced_correctly"/>
  </testsuite>
  <testsuite name="table_aovt01" timestamp="2024-10-19T08:48:51Z" hostname="79bdc1004150" tests="4" skipped="0" failures="0" errors="0" time="1.181">
    <testcase time="0.353999999999999" classname="table_aovt01" name="AOVT01_variant_with_single_endpoint_is_produced_correctly"/>
    <testcase time="0.0949999999999989" classname="table_aovt01" name="AOVT01_variant_with_single_endpoint_is_produced_correctly"/>
    <testcase time="0.575000000000003" classname="table_aovt01" name="AOVT01_variant_with_multiple_endpoints_is_produced_correctly"/>
    <testcase time="0.156999999999996" classname="table_aovt01" name="AOVT01_variant_with_multiple_endpoints_is_produced_correctly"/>
  </testsuite>
  <testsuite name="table_aovt02" timestamp="2024-10-19T08:48:52Z" hostname="79bdc1004150" tests="2" skipped="0" failures="0" errors="0" time="0.394">
    <testcase time="0.296999999999997" classname="table_aovt02" name="AOVT02_is_produced_correctly"/>
    <testcase time="0.0970000000000084" classname="table_aovt02" name="AOVT02_is_produced_correctly"/>
  </testsuite>
  <testsuite name="table_aovt03" timestamp="2024-10-19T08:48:52Z" hostname="79bdc1004150" tests="2" skipped="0" failures="0" errors="0" time="0.88">
    <testcase time="0.695999999999998" classname="table_aovt03" name="AOVT03_is_produced_correctly"/>
    <testcase time="0.183999999999997" classname="table_aovt03" name="AOVT03_is_produced_correctly"/>
  </testsuite>
  <testsuite name="table_cfbt01" timestamp="2024-10-19T08:48:53Z" hostname="79bdc1004150" tests="2" skipped="0" failures="0" errors="0" time="0.637">
    <testcase time="0.427000000000007" classname="table_cfbt01" name="CFBT01_default_variant_is_produced_correctly"/>
    <testcase time="0.209999999999994" classname="table_cfbt01" name="CFBT01_default_variant_is_produced_correctly"/>
  </testsuite>
  <testsuite name="table_cmht01" timestamp="2024-10-19T08:48:54Z" hostname="79bdc1004150" tests="4" skipped="0" failures="0" errors="0" time="1.728">
    <testcase time="0.411000000000001" classname="table_cmht01" name="CMHT01_variant_1_is_produced_correctly"/>
    <testcase time="0.0840000000000032" classname="table_cmht01" name="CMHT01_variant_1_is_produced_correctly"/>
    <testcase time="0.959000000000003" classname="table_cmht01" name="CMHT01_variant_2_is_produced_correctly"/>
    <testcase time="0.274000000000001" classname="table_cmht01" name="CMHT01_variant_2_is_produced_correctly"/>
  </testsuite>
  <testsuite name="table_cmt01" timestamp="2024-10-19T08:48:55Z" hostname="79bdc1004150" tests="8" skipped="0" failures="0" errors="0" time="1.691">
    <testcase time="0.303999999999988" classname="table_cmt01" name="CMT01_default_variant_Concomitant_medications_is_produced_correctly"/>
    <testcase time="0.13000000000001" classname="table_cmt01" name="CMT01_default_variant_Concomitant_medications_is_produced_correctly"/>
    <testcase time="0.409999999999997" classname="table_cmt01" name="CMT01_variant_1_prior_medications_is_produced_correctly"/>
    <testcase time="0.0990000000000038" classname="table_cmt01" name="CMT01_variant_1_prior_medications_is_produced_correctly"/>
    <testcase time="0.254999999999995" classname="table_cmt01" name="CMT01_variant_3_Concomitant_medications_is_produced_correctly"/>
    <testcase time="0.109999999999999" classname="table_cmt01" name="CMT01_variant_3_Concomitant_medications_is_produced_correctly"/>
    <testcase time="0.263999999999996" classname="table_cmt01" name="CMT01_variant_4_Concomitant_medications_is_produced_correctly"/>
    <testcase time="0.119" classname="table_cmt01" name="CMT01_variant_4_Concomitant_medications_is_produced_correctly"/>
  </testsuite>
  <testsuite name="table_cmt01a" timestamp="2024-10-19T08:48:57Z" hostname="79bdc1004150" tests="8" skipped="0" failures="0" errors="0" time="2.733">
    <testcase time="0.546999999999997" classname="table_cmt01a" name="CMT01A_variant_1_is_produced_correctly"/>
    <testcase time="0.176000000000002" classname="table_cmt01a" name="CMT01A_variant_1_is_produced_correctly"/>
    <testcase time="0.498999999999995" classname="table_cmt01a" name="CMT01A_variant_2_is_produced_correctly"/>
    <testcase time="0.178000000000011" classname="table_cmt01a" name="CMT01A_variant_2_is_produced_correctly"/>
    <testcase time="0.509999999999991" classname="table_cmt01a" name="CMT01A_variant_3_is_produced_correctly"/>
    <testcase time="0.177999999999997" classname="table_cmt01a" name="CMT01A_variant_3_is_produced_correctly"/>
    <testcase time="0.490000000000009" classname="table_cmt01a" name="CMT01A_variant_4_is_produced_correctly"/>
    <testcase time="0.155000000000001" classname="table_cmt01a" name="CMT01A_variant_4_is_produced_correctly"/>
  </testsuite>
  <testsuite name="table_cmt01b" timestamp="2024-10-19T08:49:00Z" hostname="79bdc1004150" tests="6" skipped="0" failures="0" errors="0" time="3.195">
    <testcase time="0.852999999999994" classname="table_cmt01b" name="CMT01B_variant_1_is_produced_correctly"/>
    <testcase time="0.269000000000005" classname="table_cmt01b" name="CMT01B_variant_1_is_produced_correctly"/>
    <testcase time="0.61099999999999" classname="table_cmt01b" name="CMT01B_variant_2_is_produced_correctly"/>
    <testcase time="0.230000000000004" classname="table_cmt01b" name="CMT01B_variant_2_is_produced_correctly"/>
    <testcase time="0.923000000000002" classname="table_cmt01b" name="CMT01B_variant_4_is_produced_correctly"/>
    <testcase time="0.308999999999997" classname="table_cmt01b" name="CMT01B_variant_4_is_produced_correctly"/>
  </testsuite>
  <testsuite name="table_cmt02_pt" timestamp="2024-10-19T08:49:03Z" hostname="79bdc1004150" tests="2" skipped="0" failures="0" errors="0" time="0.287">
    <testcase time="0.191000000000003" classname="table_cmt02_pt" name="CMT02_PT_default_variant_is_produced_correctly"/>
    <testcase time="0.0960000000000036" classname="table_cmt02_pt" name="CMT02_PT_default_variant_is_produced_correctly"/>
  </testsuite>
  <testsuite name="table_coxt01" timestamp="2024-10-19T08:49:03Z" hostname="79bdc1004150" tests="8" skipped="0" failures="0" errors="0" time="1.788">
    <testcase time="0.272999999999996" classname="table_coxt01" name="1._Cox_Regression"/>
    <testcase time="0.0750000000000028" classname="table_coxt01" name="1._Cox_Regression"/>
    <testcase time="0.361999999999995" classname="table_coxt01" name="2._Cox_Regression_with_Interaction_Term_"/>
    <testcase time="0.108000000000004" classname="table_coxt01" name="2._Cox_Regression_with_Interaction_Term_"/>
    <testcase time="0.358000000000004" classname="table_coxt01" name="3._Cox_Regression_specifying_covariates_"/>
    <testcase time="0.116" classname="table_coxt01" name="3._Cox_Regression_specifying_covariates_"/>
    <testcase time="0.378" classname="table_coxt01" name="4._Cox_Regression_setting_strata_ties_and_alpha_level_"/>
    <testcase time="0.117999999999995" classname="table_coxt01" name="4._Cox_Regression_setting_strata_ties_and_alpha_level_"/>
  </testsuite>
  <testsuite name="table_coxt02" timestamp="2024-10-19T08:49:05Z" hostname="79bdc1004150" tests="4" skipped="0" failures="0" errors="0" time="0.68">
    <testcase time="0.281999999999996" classname="table_coxt02" name="COXT02_default_variant_1_is_produced_correctly"/>
    <testcase time="0.0760000000000076" classname="table_coxt02" name="COXT02_default_variant_1_is_produced_correctly"/>
    <testcase time="0.253999999999991" classname="table_coxt02" name="COXT02_variant_5_is_produced_correctly"/>
    <testcase time="0.0680000000000121" classname="table_coxt02" name="COXT02_variant_5_is_produced_correctly"/>
  </testsuite>
  <testsuite name="table_disclosures" timestamp="2024-10-19T08:49:06Z" hostname="79bdc1004150" tests="12" skipped="0" failures="0" errors="0" time="1.981">
    <testcase time="0.190999999999988" classname="table_disclosures" name="Patient_Disposition_table_is_produced_correctly"/>
    <testcase time="0.097999999999999" classname="table_disclosures" name="Patient_Disposition_table_is_produced_correctly"/>
    <testcase time="0.197000000000003" classname="table_disclosures" name="Demographic_table_is_produced_correctly"/>
    <testcase time="0.156000000000006" classname="table_disclosures" name="Demographic_table_is_produced_correctly"/>
    <testcase time="0.0990000000000038" classname="table_disclosures" name="Enrollment_by_Country_Table_is_produced_correctly"/>
    <testcase time="0.102999999999994" classname="table_disclosures" name="Enrollment_by_Country_Table_is_produced_correctly"/>
    <testcase time="0.0849999999999937" classname="table_disclosures" name="Death_table_is_produced_correctly"/>
    <testcase time="0.0620000000000118" classname="table_disclosures" name="Death_table_is_produced_correctly"/>
    <testcase time="0.320999999999998" classname="table_disclosures" name="Table_of_Serious_Adverse_Events_is_produced_correctly_for_one_specific_treatment_arm_"/>
    <testcase time="0.0919999999999987" classname="table_disclosures" name="Table_of_Serious_Adverse_Events_is_produced_correctly_for_one_specific_treatment_arm_"/>
    <testcase time="0.435999999999993" classname="table_disclosures" name="Table_of_Non_Serious_Adverse_Events_is_produced_correctly"/>
    <testcase time="0.141000000000005" classname="table_disclosures" name="Table_of_Non_Serious_Adverse_Events_is_produced_correctly"/>
  </testsuite>
  <testsuite name="table_dmt01" timestamp="2024-10-19T08:49:09Z" hostname="79bdc1004150" tests="10" skipped="0" failures="0" errors="0" time="2.785">
    <testcase time="1.14" classname="table_dmt01" name="DMT01_variant_1_is_produced_correctly"/>
    <testcase time="0.179999999999993" classname="table_dmt01" name="DMT01_variant_1_is_produced_correctly"/>
    <testcase time="0.219999999999999" classname="table_dmt01" name="DMT01_variant_2_is_produced_correctly"/>
    <testcase time="0.177000000000007" classname="table_dmt01" name="DMT01_variant_2_is_produced_correctly"/>
    <testcase time="0.251999999999995" classname="table_dmt01" name="DMT01_variant_3_is_produced_correctly"/>
    <testcase time="0.170000000000002" classname="table_dmt01" name="DMT01_variant_3_is_produced_correctly"/>
    <testcase time="0.198999999999998" classname="table_dmt01" name="DMT01_variant_4_is_produced_correctly"/>
    <testcase time="0.150000000000006" classname="table_dmt01" name="DMT01_variant_4_is_produced_correctly"/>
    <testcase time="0.161000000000001" classname="table_dmt01" name="DMT01_variant_5_is_produced_correctly"/>
    <testcase time="0.135999999999996" classname="table_dmt01" name="DMT01_variant_5_is_produced_correctly"/>
  </testsuite>
  <testsuite name="table_dort01" timestamp="2024-10-19T08:49:11Z" hostname="79bdc1004150" tests="8" skipped="0" failures="0" errors="0" time="1.588">
    <testcase time="0.296000000000006" classname="table_dort01" name="DORT01_variant_1_is_produced_correctly"/>
    <testcase time="0.102999999999994" classname="table_dort01" name="DORT01_variant_1_is_produced_correctly"/>
    <testcase time="0.323000000000008" classname="table_dort01" name="DORT01_variant_2_selecting_sectons_is_produced_correctly"/>
    <testcase time="0.102999999999994" classname="table_dort01" name="DORT01_variant_2_selecting_sectons_is_produced_correctly"/>
    <testcase time="0.266999999999996" classname="table_dort01" name="DORT01_variant_3_modifying_conftype_and_alpha_level_is_produced_correctly"/>
    <testcase time="0.114000000000004" classname="table_dort01" name="DORT01_variant_3_modifying_conftype_and_alpha_level_is_produced_correctly"/>
    <testcase time="0.266999999999996" classname="table_dort01" name="DORT01_variant_4_modifying_time_point_for_the_xx_duration_is_produced_correctly"/>
    <testcase time="0.115000000000009" classname="table_dort01" name="DORT01_variant_4_modifying_time_point_for_the_xx_duration_is_produced_correctly"/>
  </testsuite>
  <testsuite name="table_dst01" timestamp="2024-10-19T08:49:12Z" hostname="79bdc1004150" tests="6" skipped="0" failures="0" errors="0" time="0.794">
    <testcase time="0.143000000000001" classname="table_dst01" name="DST01_default_variant_is_produced_correctly"/>
    <testcase time="0.10799999999999" classname="table_dst01" name="DST01_default_variant_is_produced_correctly"/>
    <testcase time="0.222000000000008" classname="table_dst01" name="DST01_variants_2_and_3_are_produced_correctly"/>
    <testcase time="0.10499999999999" classname="table_dst01" name="DST01_variants_2_and_3_are_produced_correctly"/>
    <testcase time="0.0880000000000081" classname="table_dst01" name="DST01_variants_2_and_3_are_produced_correctly"/>
    <testcase time="0.128" classname="table_dst01" name="DST01_variants_2_and_3_are_produced_correctly"/>
  </testsuite>
  <testsuite name="table_dtht01" timestamp="2024-10-19T08:49:13Z" hostname="79bdc1004150" tests="8" skipped="0" failures="0" errors="0" time="1.382">
    <testcase time="0.126999999999995" classname="table_dtht01" name="DTHT01_variant_1_is_produced_correctly"/>
    <testcase time="0.0829999999999984" classname="table_dtht01" name="DTHT01_variant_1_is_produced_correctly"/>
    <testcase time="0.269000000000005" classname="table_dtht01" name="DTHT01_variant_2_is_produced_correctly"/>
    <testcase time="0.167000000000002" classname="table_dtht01" name="DTHT01_variant_2_is_produced_correctly"/>
    <testcase time="0.161999999999992" classname="table_dtht01" name="DTHT01_variant_3_is_produced_correctly"/>
    <testcase time="0.298000000000002" classname="table_dtht01" name="DTHT01_variant_3_is_produced_correctly"/>
    <testcase time="0.171000000000006" classname="table_dtht01" name="DTHT01_variant_4_is_produced_correctly"/>
    <testcase time="0.10499999999999" classname="table_dtht01" name="DTHT01_variant_4_is_produced_correctly"/>
  </testsuite>
  <testsuite name="table_egt01" timestamp="2024-10-19T08:49:15Z" hostname="79bdc1004150" tests="2" skipped="0" failures="0" errors="0" time="1.428">
    <testcase time="0.966000000000008" classname="table_egt01" name="EGT01_default_variant_is_produced_correctly"/>
    <testcase time="0.462000000000003" classname="table_egt01" name="EGT01_default_variant_is_produced_correctly"/>
  </testsuite>
  <testsuite name="table_egt02" timestamp="2024-10-19T08:49:16Z" hostname="79bdc1004150" tests="4" skipped="0" failures="0" errors="0" time="0.553">
    <testcase time="0.263999999999996" classname="table_egt02" name="_EGT02_1._Regardless_of_Abnormality_at_Baseline"/>
    <testcase time="0.0750000000000028" classname="table_egt02" name="_EGT02_1._Regardless_of_Abnormality_at_Baseline"/>
    <testcase time="0.137999999999991" classname="table_egt02" name="_EGT02_2._Among_Subjects_Without_Abnormality_at_Baseline"/>
    <testcase time="0.0760000000000076" classname="table_egt02" name="_EGT02_2._Among_Subjects_Without_Abnormality_at_Baseline"/>
  </testsuite>
  <testsuite name="table_egt03" timestamp="2024-10-19T08:49:16Z" hostname="79bdc1004150" tests="8" skipped="0" failures="0" errors="0" time="1.172">
    <testcase time="0.192999999999998" classname="table_egt03" name="EGT03_variant_1_is_produced_correctly"/>
    <testcase time="0.114999999999995" classname="table_egt03" name="EGT03_variant_1_is_produced_correctly"/>
    <testcase time="0.163000000000011" classname="table_egt03" name="EGT03_variant_2_is_produced_correctly"/>
    <testcase time="0.10499999999999" classname="table_egt03" name="EGT03_variant_2_is_produced_correctly"/>
    <testcase time="0.179000000000002" classname="table_egt03" name="EGT03_variant_3_is_produced_correctly"/>
    <testcase time="0.114000000000004" classname="table_egt03" name="EGT03_variant_3_is_produced_correctly"/>
    <testcase time="0.179000000000002" classname="table_egt03" name="EGT03_variant_4_is_produced_correctly"/>
    <testcase time="0.123999999999995" classname="table_egt03" name="EGT03_variant_4_is_produced_correctly"/>
  </testsuite>
  <testsuite name="table_egt04" timestamp="2024-10-19T08:49:18Z" hostname="79bdc1004150" tests="2" skipped="0" failures="0" errors="0" time="0.242">
    <testcase time="0.156999999999996" classname="table_egt04" name="EGT04_default_variant_is_produced_correctly"/>
    <testcase time="0.085000000000008" classname="table_egt04" name="EGT04_default_variant_is_produced_correctly"/>
  </testsuite>
  <testsuite name="table_egt05_qtcat" timestamp="2024-10-19T08:49:18Z" hostname="79bdc1004150" tests="2" skipped="0" failures="0" errors="0" time="0.749">
    <testcase time="0.47999999999999" classname="table_egt05_qtcat" name="EGT05_QTCAT_default_variant_is_produced_correctly"/>
    <testcase time="0.269000000000005" classname="table_egt05_qtcat" name="EGT05_QTCAT_default_variant_is_produced_correctly"/>
  </testsuite>
  <testsuite name="table_ent" timestamp="2024-10-19T08:49:19Z" hostname="79bdc1004150" tests="8" skipped="0" failures="0" errors="0" time="12.671">
    <testcase time="3.13500000000001" classname="table_ent" name="ENT01_IT_is_produced_correctly"/>
    <testcase time="0.546999999999997" classname="table_ent" name="ENT01_IT_is_produced_correctly"/>
    <testcase time="2.053" classname="table_ent" name="ENT01a_IT_is_produced_correctly"/>
    <testcase time="0.543000000000006" classname="table_ent" name="ENT01a_IT_is_produced_correctly"/>
    <testcase time="3.164" classname="table_ent" name="ENT02_IT_is_produced_correctly"/>
    <testcase time="0.562999999999988" classname="table_ent" name="ENT02_IT_is_produced_correctly"/>
    <testcase time="2.12400000000001" classname="table_ent" name="ENT02a_IT_is_produced_correctly"/>
    <testcase time="0.542000000000002" classname="table_ent" name="ENT02a_IT_is_produced_correctly"/>
  </testsuite>
  <testsuite name="table_eudrat01" timestamp="2024-10-19T08:49:31Z" hostname="79bdc1004150" tests="2" skipped="0" failures="0" errors="0" time="0.585">
    <testcase time="0.451999999999998" classname="table_eudrat01" name="EUDRAT01_is_produced_correctly"/>
    <testcase time="0.132999999999996" classname="table_eudrat01" name="EUDRAT01_is_produced_correctly"/>
  </testsuite>
  <testsuite name="table_eudrat02" timestamp="2024-10-19T08:49:32Z" hostname="79bdc1004150" tests="2" skipped="0" failures="0" errors="0" time="0.465">
    <testcase time="0.361000000000004" classname="table_eudrat02" name="EUDRAT02_is_produced_correctly"/>
    <testcase time="0.103999999999999" classname="table_eudrat02" name="EUDRAT02_is_produced_correctly"/>
  </testsuite>
  <testsuite name="table_ext01" timestamp="2024-10-19T08:49:32Z" hostname="79bdc1004150" tests="6" skipped="0" failures="0" errors="0" time="1.568">
    <testcase time="0.349000000000004" classname="table_ext01" name="EXT01_default_variant_with_numeric_parameters_is_produced_correctly"/>
    <testcase time="0.202999999999989" classname="table_ext01" name="EXT01_default_variant_with_numeric_parameters_is_produced_correctly"/>
    <testcase time="0.25800000000001" classname="table_ext01" name="EXT01_variant_with_both_numeric_and_categorical_parameters"/>
    <testcase time="0.202999999999989" classname="table_ext01" name="EXT01_variant_with_both_numeric_and_categorical_parameters"/>
    <testcase time="0.312000000000012" classname="table_ext01" name="EXT01_variant_with_user_specified_categories_for_missed_doses"/>
    <testcase time="0.242999999999995" classname="table_ext01" name="EXT01_variant_with_user_specified_categories_for_missed_doses"/>
  </testsuite>
  <testsuite name="table_lbt01" timestamp="2024-10-19T08:49:34Z" hostname="79bdc1004150" tests="2" skipped="0" failures="0" errors="0" time="1.994">
    <testcase time="1.5" classname="table_lbt01" name="LBT01_default_variant_is_produced_correctly"/>
    <testcase time="0.494" classname="table_lbt01" name="LBT01_default_variant_is_produced_correctly"/>
  </testsuite>
  <testsuite name="table_lbt02" timestamp="2024-10-19T08:49:36Z" hostname="79bdc1004150" tests="2" skipped="0" failures="0" errors="0" time="1.361">
    <testcase time="0.846999999999994" classname="table_lbt02" name="LBT02_default_variant_is_produced_correctly"/>
    <testcase time="0.51400000000001" classname="table_lbt02" name="LBT02_default_variant_is_produced_correctly"/>
  </testsuite>
  <testsuite name="table_lbt03" timestamp="2024-10-19T08:49:37Z" hostname="79bdc1004150" tests="2" skipped="0" failures="0" errors="0" time="0.293">
    <testcase time="0.178000000000011" classname="table_lbt03" name="LBT03_default_variant_is_produced_correctly"/>
    <testcase time="0.114999999999995" classname="table_lbt03" name="LBT03_default_variant_is_produced_correctly"/>
  </testsuite>
  <testsuite name="table_lbt04" timestamp="2024-10-19T08:49:38Z" hostname="79bdc1004150" tests="2" skipped="0" failures="0" errors="0" time="1.223">
    <testcase time="1.01900000000001" classname="table_lbt04" name="LBT04_default_variant_is_produced_correctly"/>
    <testcase time="0.203999999999994" classname="table_lbt04" name="LBT04_default_variant_is_produced_correctly"/>
  </testsuite>
  <testsuite name="table_lbt05" timestamp="2024-10-19T08:49:39Z" hostname="79bdc1004150" tests="6" skipped="0" failures="0" errors="0" time="6.454">
    <testcase time="2.09999999999999" classname="table_lbt05" name="LBT05_variant_1_is_produced_correctly"/>
    <testcase time="0.632999999999996" classname="table_lbt05" name="LBT05_variant_1_is_produced_correctly"/>
    <testcase time="1.30500000000001" classname="table_lbt05" name="LBT05_variant_2_is_produced_correctly"/>
    <testcase time="0.479000000000013" classname="table_lbt05" name="LBT05_variant_2_is_produced_correctly"/>
    <testcase time="1.58699999999999" classname="table_lbt05" name="LBT05_variant_4_is_produced_correctly"/>
    <testcase time="0.349999999999994" classname="table_lbt05" name="LBT05_variant_4_is_produced_correctly"/>
  </testsuite>
  <testsuite name="table_lbt06" timestamp="2024-10-19T08:49:45Z" hostname="79bdc1004150" tests="2" skipped="0" failures="0" errors="0" time="0.482">
    <testcase time="0.317000000000007" classname="table_lbt06" name="LBT06_default_variant_is_produced_correctly"/>
    <testcase time="0.164999999999992" classname="table_lbt06" name="LBT06_default_variant_is_produced_correctly"/>
  </testsuite>
  <testsuite name="table_lbt07" timestamp="2024-10-19T08:49:46Z" hostname="79bdc1004150" tests="2" skipped="0" failures="0" errors="0" time="2.195">
    <testcase time="1.911" classname="table_lbt07" name="LBT07_is_produced_correctly"/>
    <testcase time="0.28400000000002" classname="table_lbt07" name="LBT07_is_produced_correctly"/>
  </testsuite>
  <testsuite name="table_lbt08" timestamp="2024-10-19T08:49:48Z" hostname="79bdc1004150" tests="2" skipped="0" failures="0" errors="0" time="0.366">
    <testcase time="0.255999999999972" classname="table_lbt08" name="LBT08_produce_correctly"/>
    <testcase time="0.110000000000014" classname="table_lbt08" name="LBT08_produce_correctly"/>
  </testsuite>
  <testsuite name="table_lbt09" timestamp="2024-10-19T08:49:48Z" hostname="79bdc1004150" tests="4" skipped="0" failures="0" errors="0" time="0.907">
    <testcase time="0.316000000000003" classname="table_lbt09" name="LBT09_variant_1_works_as_expected"/>
    <testcase time="0.15100000000001" classname="table_lbt09" name="LBT09_variant_1_works_as_expected"/>
    <testcase time="0.277999999999992" classname="table_lbt09" name="LBT09_variant_2_works_as_expected"/>
    <testcase time="0.162000000000006" classname="table_lbt09" name="LBT09_variant_2_works_as_expected"/>
  </testsuite>
  <testsuite name="table_lbt10" timestamp="2024-10-19T08:49:49Z" hostname="79bdc1004150" tests="4" skipped="0" failures="0" errors="0" time="1.169">
    <testcase time="0.657999999999987" classname="table_lbt10" name="LBT10_variant_1_works_as_expected"/>
    <testcase time="0.0819999999999936" classname="table_lbt10" name="LBT10_variant_1_works_as_expected"/>
    <testcase time="0.370000000000005" classname="table_lbt10" name="LBT10_variant_2_works_as_expected"/>
    <testcase time="0.0589999999999975" classname="table_lbt10" name="LBT10_variant_2_works_as_expected"/>
  </testsuite>
  <testsuite name="table_lbt10_bl" timestamp="2024-10-19T08:49:50Z" hostname="79bdc1004150" tests="4" skipped="0" failures="0" errors="0" time="0.483">
    <testcase time="0.231999999999999" classname="table_lbt10_bl" name="LBT10_BL_variant_1_works_as_expected"/>
    <testcase time="0.0810000000000173" classname="table_lbt10_bl" name="LBT10_BL_variant_1_works_as_expected"/>
    <testcase time="0.11099999999999" classname="table_lbt10_bl" name="LBT10_BL_variant_2_works_as_expected"/>
    <testcase time="0.0589999999999975" classname="table_lbt10_bl" name="LBT10_BL_variant_2_works_as_expected"/>
  </testsuite>
  <testsuite name="table_lbt11" timestamp="2024-10-19T08:49:51Z" hostname="79bdc1004150" tests="6" skipped="0" failures="0" errors="0" time="0.713">
    <testcase time="0.180000000000007" classname="table_lbt11" name="LBT11_variant_1_works_as_expected"/>
    <testcase time="0.0939999999999941" classname="table_lbt11" name="LBT11_variant_1_works_as_expected"/>
    <testcase time="0.0949999999999989" classname="table_lbt11" name="LBT11_variant_2_works_as_expected"/>
    <testcase time="0.078000000000003" classname="table_lbt11" name="LBT11_variant_2_works_as_expected"/>
    <testcase time="0.156000000000006" classname="table_lbt11" name="LBT11_variant_3_works_as_expected"/>
    <testcase time="0.109999999999985" classname="table_lbt11" name="LBT11_variant_3_works_as_expected"/>
  </testsuite>
  <testsuite name="table_lbt11_bl" timestamp="2024-10-19T08:49:52Z" hostname="79bdc1004150" tests="6" skipped="0" failures="0" errors="0" time="0.814">
    <testcase time="0.198000000000008" classname="table_lbt11_bl" name="LBT11_BL_variant_1_works_as_expected"/>
    <testcase time="0.0929999999999893" classname="table_lbt11_bl" name="LBT11_BL_variant_1_works_as_expected"/>
    <testcase time="0.0999999999999943" classname="table_lbt11_bl" name="LBT11_BL_variant_2_works_as_expected"/>
    <testcase time="0.113" classname="table_lbt11_bl" name="LBT11_BL_variant_2_works_as_expected"/>
    <testcase time="0.198000000000008" classname="table_lbt11_bl" name="LBT11_BL_variant_3_works_as_expected"/>
    <testcase time="0.111999999999995" classname="table_lbt11_bl" name="LBT11_BL_variant_3_works_as_expected"/>
  </testsuite>
  <testsuite name="table_lbt12" timestamp="2024-10-19T08:49:52Z" hostname="79bdc1004150" tests="2" skipped="0" failures="0" errors="0" time="0.367">
    <testcase time="0.283000000000015" classname="table_lbt12" name="LBT12_works_as_expected"/>
    <testcase time="0.0840000000000032" classname="table_lbt12" name="LBT12_works_as_expected"/>
  </testsuite>
  <testsuite name="table_lbt12_bl" timestamp="2024-10-19T08:49:53Z" hostname="79bdc1004150" tests="2" skipped="0" failures="0" errors="0" time="0.359">
    <testcase time="0.274000000000001" classname="table_lbt12_bl" name="LBT12_BL_works_as_expected"/>
    <testcase time="0.0849999999999795" classname="table_lbt12_bl" name="LBT12_BL_works_as_expected"/>
  </testsuite>
  <testsuite name="table_lbt13" timestamp="2024-10-19T08:49:54Z" hostname="79bdc1004150" tests="10" skipped="0" failures="0" errors="0" time="2.171">
    <testcase time="0.740000000000009" classname="table_lbt13" name="LBT13_variant_1_LOW_works_as_expected"/>
    <testcase time="0.0970000000000084" classname="table_lbt13" name="LBT13_variant_1_LOW_works_as_expected"/>
    <testcase time="0.132999999999981" classname="table_lbt13" name="LBT13_variant_2_HIGH_works_as_expected"/>
    <testcase time="0.0760000000000218" classname="table_lbt13" name="LBT13_variant_2_HIGH_works_as_expected"/>
    <testcase time="0.210999999999984" classname="table_lbt13" name="LBT13_variant_3_LOW_without_baseline_missing_works_as_expected"/>
    <testcase time="0.0970000000000084" classname="table_lbt13" name="LBT13_variant_3_LOW_without_baseline_missing_works_as_expected"/>
    <testcase time="0.13300000000001" classname="table_lbt13" name="LBT13_variant_4_HIGH_with_missing_baseline_considered_as_grade_0_works_as_expected"/>
    <testcase time="0.0759999999999934" classname="table_lbt13" name="LBT13_variant_4_HIGH_with_missing_baseline_considered_as_grade_0_works_as_expected"/>
    <testcase time="0.390999999999991" classname="table_lbt13" name="LBT14_variant_5_HIGH_with_filled_in_grades_works_as_expected"/>
    <testcase time="0.217000000000013" classname="table_lbt13" name="LBT14_variant_5_HIGH_with_filled_in_grades_works_as_expected"/>
  </testsuite>
  <testsuite name="table_lbt14" timestamp="2024-10-19T08:49:56Z" hostname="79bdc1004150" tests="10" skipped="0" failures="0" errors="0" time="27.445">
    <testcase time="5.50899999999999" classname="table_lbt14" name="LBT14_variant_1_HIGH_works_as_expected"/>
    <testcase time="0.439999999999998" classname="table_lbt14" name="LBT14_variant_1_HIGH_works_as_expected"/>
    <testcase time="4.995" classname="table_lbt14" name="LBT14_variant_2_LOW_works_as_expected"/>
    <testcase time="0.325000000000017" classname="table_lbt14" name="LBT14_variant_2_LOW_works_as_expected"/>
    <testcase time="3.39399999999998" classname="table_lbt14" name="LBT14_variant_3_LOW_without_baseline_missing_works_as_expected"/>
    <testcase time="0.411000000000001" classname="table_lbt14" name="LBT14_variant_3_LOW_without_baseline_missing_works_as_expected"/>
    <testcase time="4.78200000000001" classname="table_lbt14" name="LBT14_variant_4_LOW_and_force_1_missing_both_baseline_and_post_baseline_then_force_the_missing_baseline_as_0_as_expected"/>
    <testcase time="0.234000000000009" classname="table_lbt14" name="LBT14_variant_4_LOW_and_force_1_missing_both_baseline_and_post_baseline_then_force_the_missing_baseline_as_0_as_expected"/>
    <testcase time="4.75199999999998" classname="table_lbt14" name="LBT14_variant_5_HIGH_with_fillings_works_as_expected"/>
    <testcase time="2.60300000000001" classname="table_lbt14" name="LBT14_variant_5_HIGH_with_fillings_works_as_expected"/>
  </testsuite>
  <testsuite name="table_lbt15" timestamp="2024-10-19T08:50:23Z" hostname="79bdc1004150" tests="4" skipped="0" failures="0" errors="0" time="1.455">
    <testcase time="0.575999999999993" classname="table_lbt15" name="LBT15_variant_1_works_as_expected"/>
    <testcase time="0.194999999999993" classname="table_lbt15" name="LBT15_variant_1_works_as_expected"/>
    <testcase time="0.488" classname="table_lbt15" name="LBT15_variant_2_works_as_expected"/>
    <testcase time="0.196000000000026" classname="table_lbt15" name="LBT15_variant_2_works_as_expected"/>
  </testsuite>
  <testsuite name="table_lgrt02" timestamp="2024-10-19T08:50:24Z" hostname="79bdc1004150" tests="8" skipped="0" failures="0" errors="0" time="2.744">
    <testcase time="0.501999999999981" classname="table_lgrt02" name="LGRT02_without_interaction_term_is_produced_correctly"/>
    <testcase time="0.150000000000006" classname="table_lgrt02" name="LGRT02_without_interaction_term_is_produced_correctly"/>
    <testcase time="0.563999999999993" classname="table_lgrt02" name="LGRT02_with_categorical_interaction_is_produced_correctly"/>
    <testcase time="0.174000000000007" classname="table_lgrt02" name="LGRT02_with_categorical_interaction_is_produced_correctly"/>
    <testcase time="0.556000000000012" classname="table_lgrt02" name="LGRT02_with_continuous_interaction_is_produced_correctly"/>
    <testcase time="0.173000000000002" classname="table_lgrt02" name="LGRT02_with_continuous_interaction_is_produced_correctly"/>
    <testcase time="0.48599999999999" classname="table_lgrt02" name="LGRT02_with_setting_values_indicating_an_event_and_custom_alpha_level_is_produced_correctly"/>
    <testcase time="0.13900000000001" classname="table_lgrt02" name="LGRT02_with_setting_values_indicating_an_event_and_custom_alpha_level_is_produced_correctly"/>
  </testsuite>
  <testsuite name="table_mht01" timestamp="2024-10-19T08:50:27Z" hostname="79bdc1004150" tests="8" skipped="0" failures="0" errors="0" time="1.494">
    <testcase time="0.311999999999983" classname="table_mht01" name="MHT01_variant_1_is_produced_accurately"/>
    <testcase time="0.128000000000014" classname="table_mht01" name="MHT01_variant_1_is_produced_accurately"/>
    <testcase time="0.11099999999999" classname="table_mht01" name="MHT01_variant_2_is_produced_accurately"/>
    <testcase time="0.0680000000000121" classname="table_mht01" name="MHT01_variant_2_is_produced_accurately"/>
    <testcase time="0.253999999999991" classname="table_mht01" name="MHT01_variant_3_is_produced_accurately"/>
    <testcase time="0.13300000000001" classname="table_mht01" name="MHT01_variant_3_is_produced_accurately"/>
    <testcase time="0.330999999999989" classname="table_mht01" name="MHT01_variant_5_is_produced_accurately"/>
    <testcase time="0.157000000000011" classname="table_mht01" name="MHT01_variant_5_is_produced_accurately"/>
  </testsuite>
  <testsuite name="table_onct05" timestamp="2024-10-19T08:50:28Z" hostname="79bdc1004150" tests="8" skipped="0" failures="0" errors="0" time="1.981">
    <testcase time="0.432999999999993" classname="table_onct05" name="ONCT05_variant_1_Objective_Response_Rate_by_Subgroup_is_produced_correctly"/>
    <testcase time="0.126999999999981" classname="table_onct05" name="ONCT05_variant_1_Objective_Response_Rate_by_Subgroup_is_produced_correctly"/>
    <testcase time="0.458000000000027" classname="table_onct05" name="ONCT05_variant_2_Specifying_class_variables_is_produced_correctly"/>
    <testcase time="0.114999999999981" classname="table_onct05" name="ONCT05_variant_2_Specifying_class_variables_is_produced_correctly"/>
    <testcase time="0.207999999999998" classname="table_onct05" name="ONCT05_variant_3_selecting_columns_and_changing_the_alpha_level_is_produced_correctly"/>
    <testcase time="0.0829999999999984" classname="table_onct05" name="ONCT05_variant_3_selecting_columns_and_changing_the_alpha_level_is_produced_correctly"/>
    <testcase time="0.433000000000021" classname="table_onct05" name="ONCT05_variant_4_setting_values_indicating_response_is_produced_correctly"/>
    <testcase time="0.123999999999995" classname="table_onct05" name="ONCT05_variant_4_setting_values_indicating_response_is_produced_correctly"/>
  </testsuite>
  <testsuite name="table_pdt01" timestamp="2024-10-19T08:50:30Z" hostname="79bdc1004150" tests="2" skipped="0" failures="0" errors="0" time="0.404">
    <testcase time="0.262" classname="table_pdt01" name="PDT01_is_produced_correctly"/>
    <testcase time="0.141999999999996" classname="table_pdt01" name="PDT01_is_produced_correctly"/>
  </testsuite>
  <testsuite name="table_pdt02" timestamp="2024-10-19T08:50:31Z" hostname="79bdc1004150" tests="2" skipped="0" failures="0" errors="0" time="0.236">
    <testcase time="0.161000000000001" classname="table_pdt02" name="PDT02_is_produced_correctly"/>
    <testcase time="0.0749999999999886" classname="table_pdt02" name="PDT02_is_produced_correctly"/>
  </testsuite>
  <testsuite name="table_pkct01" timestamp="2024-10-19T08:50:31Z" hostname="79bdc1004150" tests="10" skipped="0" failures="0" errors="0" time="3.261">
    <testcase time="0.27000000000001" classname="table_pkct01" name="PKCT01_is_produced_correctly"/>
    <testcase time="0.0869999999999891" classname="table_pkct01" name="PKCT01_is_produced_correctly"/>
    <testcase time="0.13300000000001" classname="table_pkct01" name="PKCT01_is_produced_correctly"/>
    <testcase time="0.0550000000000068" classname="table_pkct01" name="PKCT01_is_produced_correctly"/>
    <testcase time="0.895999999999987" classname="table_pkct01" name="Specific_PKCT01_features_are_present"/>
    <testcase time="0.219999999999999" classname="table_pkct01" name="Specific_PKCT01_features_are_present"/>
    <testcase time="0.194999999999993" classname="table_pkct01" name="Specific_PKCT01_features_are_present"/>
    <testcase time="0.0040000000000191" classname="table_pkct01" name="Specific_PKCT01_features_are_present"/>
    <testcase time="0.883999999999986" classname="table_pkct01" name="Specific_PKCT01_features_are_present"/>
    <testcase time="0.516999999999996" classname="table_pkct01" name="Specific_PKCT01_features_are_present"/>
  </testsuite>
  <testsuite name="table_pkpt02" timestamp="2024-10-19T08:50:34Z" hostname="79bdc1004150" tests="2" skipped="0" failures="0" errors="0" time="0.51">
    <testcase time="0.289000000000016" classname="table_pkpt02" name="PKPT02_is_produced_correctly_for_Drug_X"/>
    <testcase time="0.221000000000004" classname="table_pkpt02" name="PKPT02_is_produced_correctly_for_Drug_X"/>
  </testsuite>
  <testsuite name="table_pkpt03" timestamp="2024-10-19T08:50:35Z" hostname="79bdc1004150" tests="2" skipped="0" failures="0" errors="0" time="1.028">
    <testcase time="0.843999999999994" classname="table_pkpt03" name="PKPT03_Drug_X_is_produced_correctly"/>
    <testcase time="0.183999999999997" classname="table_pkpt03" name="PKPT03_Drug_X_is_produced_correctly"/>
  </testsuite>
  <testsuite name="table_pkpt04" timestamp="2024-10-19T08:50:36Z" hostname="79bdc1004150" tests="2" skipped="0" failures="0" errors="0" time="0.181">
    <testcase time="0.0960000000000036" classname="table_pkpt04" name="PKPT04_is_produced_correctly_for_Drug_X"/>
    <testcase time="0.085000000000008" classname="table_pkpt04" name="PKPT04_is_produced_correctly_for_Drug_X"/>
  </testsuite>
  <testsuite name="table_pkpt05" timestamp="2024-10-19T08:50:36Z" hostname="79bdc1004150" tests="2" skipped="0" failures="0" errors="0" time="0.384">
    <testcase time="0.268999999999977" classname="table_pkpt05" name="PKPT05_Drug_X_is_produced_correctly"/>
    <testcase time="0.115000000000009" classname="table_pkpt05" name="PKPT05_Drug_X_is_produced_correctly"/>
  </testsuite>
  <testsuite name="table_pkpt06" timestamp="2024-10-19T08:50:36Z" hostname="79bdc1004150" tests="4" skipped="0" failures="0" errors="0" time="0.266">
    <testcase time="0.085000000000008" classname="table_pkpt06" name="PKPT06_is_produced_correctly_for_Drug_X"/>
    <testcase time="0.0670000000000073" classname="table_pkpt06" name="PKPT06_is_produced_correctly_for_Drug_X"/>
    <testcase time="0.0579999999999927" classname="table_pkpt06" name="PKPT06_is_produced_correctly_for_Drug_Y"/>
    <testcase time="0.0559999999999832" classname="table_pkpt06" name="PKPT06_is_produced_correctly_for_Drug_Y"/>
  </testsuite>
  <testsuite name="table_pkpt07" timestamp="2024-10-19T08:50:37Z" hostname="79bdc1004150" tests="4" skipped="0" failures="0" errors="0" time="0.504">
    <testcase time="0.207999999999998" classname="table_pkpt07" name="PKPT07_Drug_X_is_produced_correctly"/>
    <testcase time="0.0930000000000177" classname="table_pkpt07" name="PKPT07_Drug_X_is_produced_correctly"/>
    <testcase time="0.111999999999995" classname="table_pkpt07" name="PKPT07_Drug_Y_is_produced_correctly"/>
    <testcase time="0.0910000000000082" classname="table_pkpt07" name="PKPT07_Drug_Y_is_produced_correctly"/>
  </testsuite>
  <testsuite name="table_ratet01" timestamp="2024-10-19T08:50:37Z" hostname="79bdc1004150" tests="2" skipped="0" failures="0" errors="0" time="0.673">
    <testcase time="0.542000000000002" classname="table_ratet01" name="RATET01_is_produced_correctly"/>
    <testcase time="0.131" classname="table_ratet01" name="RATET01_is_produced_correctly"/>
  </testsuite>
  <testsuite name="table_rmpt01" timestamp="2024-10-19T08:50:38Z" hostname="79bdc1004150" tests="2" skipped="0" failures="0" errors="0" time="0.186">
    <testcase time="0.128999999999991" classname="table_rmpt01" name="RMPT01_is_produced_correctly"/>
    <testcase time="0.0569999999999879" classname="table_rmpt01" name="RMPT01_is_produced_correctly"/>
  </testsuite>
  <testsuite name="table_rmpt03" timestamp="2024-10-19T08:50:38Z" hostname="79bdc1004150" tests="4" skipped="0" failures="0" errors="0" time="0.515">
    <testcase time="0.195999999999998" classname="table_rmpt03" name="RMPT03_variant_1_is_produced_correctly"/>
    <testcase time="0.0800000000000125" classname="table_rmpt03" name="RMPT03_variant_1_is_produced_correctly"/>
    <testcase time="0.150000000000006" classname="table_rmpt03" name="RMPT03_variant_2_is_produced_correctly"/>
    <testcase time="0.0889999999999986" classname="table_rmpt03" name="RMPT03_variant_2_is_produced_correctly"/>
  </testsuite>
  <testsuite name="table_rmpt04" timestamp="2024-10-19T08:50:39Z" hostname="79bdc1004150" tests="2" skipped="0" failures="0" errors="0" time="0.191">
    <testcase time="0.133999999999986" classname="table_rmpt04" name="RMPT04_variant_1_is_produced_correctly"/>
    <testcase time="0.0570000000000164" classname="table_rmpt04" name="RMPT04_variant_1_is_produced_correctly"/>
  </testsuite>
  <testsuite name="table_rmpt05" timestamp="2024-10-19T08:50:39Z" hostname="79bdc1004150" tests="2" skipped="0" failures="0" errors="0" time="0.232">
    <testcase time="0.143000000000001" classname="table_rmpt05" name="RMPT05_is_produced_correctly"/>
    <testcase time="0.0889999999999986" classname="table_rmpt05" name="RMPT05_is_produced_correctly"/>
  </testsuite>
  <testsuite name="table_rmpt06" timestamp="2024-10-19T08:50:39Z" hostname="79bdc1004150" tests="8" skipped="0" failures="0" errors="0" time="1.479">
    <testcase time="0.295999999999992" classname="table_rmpt06" name="RMPT06_variant_1_is_produced_correctly"/>
    <testcase time="0.10499999999999" classname="table_rmpt06" name="RMPT06_variant_1_is_produced_correctly"/>
    <testcase time="0.200000000000017" classname="table_rmpt06" name="RMPT06_variant_2_is_produced_correctly"/>
    <testcase time="0.0809999999999889" classname="table_rmpt06" name="RMPT06_variant_2_is_produced_correctly"/>
    <testcase time="0.287000000000006" classname="table_rmpt06" name="RMPT06_variant_3_is_produced_correctly"/>
    <testcase time="0.11099999999999" classname="table_rmpt06" name="RMPT06_variant_3_is_produced_correctly"/>
    <testcase time="0.27800000000002" classname="table_rmpt06" name="RMPT06_variant_4_is_produced_correctly"/>
    <testcase time="0.120999999999981" classname="table_rmpt06" name="RMPT06_variant_4_is_produced_correctly"/>
  </testsuite>
  <testsuite name="table_rspt01" timestamp="2024-10-19T08:50:40Z" hostname="79bdc1004150" tests="12" skipped="0" failures="0" errors="0" time="2.225">
    <testcase time="0.266999999999996" classname="table_rspt01" name="RSPT01_1._Best_Overall_Response"/>
    <testcase time="0.106000000000023" classname="table_rspt01" name="RSPT01_1._Best_Overall_Response"/>
    <testcase time="0.231999999999999" classname="table_rspt01" name="RSPT01_2._Best_Overall_Response_selecting_sections_to_display_"/>
    <testcase time="0.10499999999999" classname="table_rspt01" name="RSPT01_2._Best_Overall_Response_selecting_sections_to_display_"/>
    <testcase time="0.300000000000011" classname="table_rspt01" name="RSPT01_3._Best_Overall_Response_modifying_settings_"/>
    <testcase time="0.105999999999995" classname="table_rspt01" name="RSPT01_3._Best_Overall_Response_modifying_settings_"/>
    <testcase time="0.317999999999984" classname="table_rspt01" name="RSPT01_4._Best_Overall_Response_with_stratified_analysis_"/>
    <testcase time="0.13300000000001" classname="table_rspt01" name="RSPT01_4._Best_Overall_Response_with_stratified_analysis_"/>
    <testcase time="0.25" classname="table_rspt01" name="RSPT01_5._Best_Overall_Response_modifying_the_definition_of_overall_response_"/>
    <testcase time="0.106999999999999" classname="table_rspt01" name="RSPT01_5._Best_Overall_Response_modifying_the_definition_of_overall_response_"/>
    <testcase time="0.203000000000003" classname="table_rspt01" name="RSPT01_6._Best_Overall_Response_define_new_sections_to_display_"/>
    <testcase time="0.0980000000000132" classname="table_rspt01" name="RSPT01_6._Best_Overall_Response_define_new_sections_to_display_"/>
  </testsuite>
  <testsuite name="table_ttet01" timestamp="2024-10-19T08:50:43Z" hostname="79bdc1004150" tests="14" skipped="0" failures="0" errors="0" time="3.327">
    <testcase time="0.397999999999996" classname="table_ttet01" name="TTET01_default_variant_is_produced_correctly"/>
    <testcase time="0.170999999999992" classname="table_ttet01" name="TTET01_default_variant_is_produced_correctly"/>
    <testcase time="0.37299999999999" classname="table_ttet01" name="TTET01_default_variant_with_Placebo_arm"/>
    <testcase time="0.170000000000016" classname="table_ttet01" name="TTET01_default_variant_with_Placebo_arm"/>
    <testcase time="0.194999999999993" classname="table_ttet01" name="TTET01_variant_2_selecting_sections_to_display"/>
    <testcase time="0.12299999999999" classname="table_ttet01" name="TTET01_variant_2_selecting_sections_to_display"/>
    <testcase time="0.314999999999998" classname="table_ttet01" name="TTET01_variant_3_modifying_analysis_details_like_conftype_ties_alpha_level"/>
    <testcase time="0.146000000000015" classname="table_ttet01" name="TTET01_variant_3_modifying_analysis_details_like_conftype_ties_alpha_level"/>
    <testcase time="0.341000000000008" classname="table_ttet01" name="TTET01_variant_4_with_stratified_analysis"/>
    <testcase time="0.156999999999982" classname="table_ttet01" name="TTET01_variant_4_with_stratified_analysis"/>
    <testcase time="0.293000000000006" classname="table_ttet01" name="TTET01_variant_5_modifying_time_point"/>
    <testcase time="0.133999999999986" classname="table_ttet01" name="TTET01_variant_5_modifying_time_point"/>
    <testcase time="0.373000000000019" classname="table_ttet01" name="TTET01_variant_6_requesting_more_than_one_p_value"/>
    <testcase time="0.138000000000005" classname="table_ttet01" name="TTET01_variant_6_requesting_more_than_one_p_value"/>
  </testsuite>
  <testsuite name="table_vst01" timestamp="2024-10-19T08:50:46Z" hostname="79bdc1004150" tests="2" skipped="0" failures="0" errors="0" time="0.994">
    <testcase time="0.704999999999984" classname="table_vst01" name="VST01_default_variant_is_produced_correctly"/>
    <testcase time="0.289000000000016" classname="table_vst01" name="VST01_default_variant_is_produced_correctly"/>
  </testsuite>
  <testsuite name="table_vst02" timestamp="2024-10-19T08:50:47Z" hostname="79bdc1004150" tests="4" skipped="0" failures="0" errors="0" time="0.891">
    <testcase time="0.364999999999981" classname="table_vst02" name="1._Vital_Sign_Abnormalities_Regardless_of_Abnormality_at_Baseline_VST02_1_"/>
    <testcase time="0.128000000000014" classname="table_vst02" name="1._Vital_Sign_Abnormalities_Regardless_of_Abnormality_at_Baseline_VST02_1_"/>
    <testcase time="0.281000000000006" classname="table_vst02" name="2._Vital_Sign_Abnormalities_Among_Subject_Without_Abnormality_at_Baseline_VST02_2_"/>
    <testcase time="0.11699999999999" classname="table_vst02" name="2._Vital_Sign_Abnormalities_Among_Subject_Without_Abnormality_at_Baseline_VST02_2_"/>
  </testsuite>
</testsuites>
