<?xml version="1.0" encoding="UTF-8"?>
<testsuites>
  <testsuite name="hello" timestamp="2023-02-07T23:16:21Z" hostname="017dffa61d47" tests="1" skipped="0" failures="0" errors="0" time="0.159">
    <testcase time="0.159" classname="hello" name="hello_greets_the_entity"/>
  </testsuite>
</testsuites>
