<?xml version="1.0" encoding="UTF-8"?>
<testsuites>
  <testsuite name="hello" timestamp="2023-02-07T23:13:37Z" hostname="9cee886bb693" tests="1" skipped="0" failures="0" errors="0" time="0.122">
    <testcase time="0.122" classname="hello" name="hello_greets_the_entity"/>
  </testsuite>
</testsuites>
