<?xml version="1.0" encoding="UTF-8"?>
<testsuites>
  <testsuite name="listing_adal02" timestamp="2025-03-11T05:11:54Z" hostname="f8b8fc143488" tests="1" skipped="0" failures="0" errors="0" time="0.261">
    <testcase time="0.261" classname="listing_adal02" name="ADAL02_listing_is_produced_correctly"/>
  </testsuite>
  <testsuite name="listing_ael01" timestamp="2025-03-11T05:11:54Z" hostname="f8b8fc143488" tests="1" skipped="0" failures="0" errors="0" time="0.199">
    <testcase time="0.199" classname="listing_ael01" name="AEL01_listing_is_produced_correctly"/>
  </testsuite>
  <testsuite name="listing_ael01_nollt" timestamp="2025-03-11T05:11:54Z" hostname="f8b8fc143488" tests="1" skipped="0" failures="0" errors="0" time="0.074">
    <testcase time="0.0739999999999998" classname="listing_ael01_nollt" name="AEL01_NOLLT_listing_is_produced_correctly"/>
  </testsuite>
  <testsuite name="listing_ael02" timestamp="2025-03-11T05:11:54Z" hostname="f8b8fc143488" tests="1" skipped="0" failures="0" errors="0" time="0.296">
    <testcase time="0.296000000000001" classname="listing_ael02" name="AEL02_listing_is_produced_correctly"/>
  </testsuite>
  <testsuite name="listing_ael02_ed" timestamp="2025-03-11T05:11:55Z" hostname="f8b8fc143488" tests="1" skipped="0" failures="0" errors="0" time="0.338">
    <testcase time="0.337999999999999" classname="listing_ael02_ed" name="AEL02_ED_listing_is_produced_correctly"/>
  </testsuite>
  <testsuite name="listing_ael03" timestamp="2025-03-11T05:11:55Z" hostname="f8b8fc143488" tests="1" skipped="0" failures="0" errors="0" time="0.29">
    <testcase time="0.290000000000001" classname="listing_ael03" name="AEL03_listing_is_produced_correctly"/>
  </testsuite>
  <testsuite name="listing_ael04" timestamp="2025-03-11T05:11:55Z" hostname="f8b8fc143488" tests="1" skipped="0" failures="0" errors="0" time="0.202">
    <testcase time="0.202" classname="listing_ael04" name="AEL04_listing_is_produced_correctly"/>
  </testsuite>
  <testsuite name="listing_cml01" timestamp="2025-03-11T05:11:56Z" hostname="f8b8fc143488" tests="1" skipped="0" failures="0" errors="0" time="0.35">
    <testcase time="0.35" classname="listing_cml01" name="CML01_listing_is_produced_correctly"/>
  </testsuite>
  <testsuite name="listing_cml02a_gl" timestamp="2025-03-11T05:11:56Z" hostname="f8b8fc143488" tests="1" skipped="0" failures="0" errors="0" time="0.122">
    <testcase time="0.122" classname="listing_cml02a_gl" name="CML02A_GL_listing_is_produced_correctly"/>
  </testsuite>
  <testsuite name="listing_cml02b_gl" timestamp="2025-03-11T05:11:56Z" hostname="f8b8fc143488" tests="1" skipped="0" failures="0" errors="0" time="0.17">
    <testcase time="0.17" classname="listing_cml02b_gl" name="CML02B_GL_listing_is_produced_correctly"/>
  </testsuite>
  <testsuite name="listing_dsl01" timestamp="2025-03-11T05:11:56Z" hostname="f8b8fc143488" tests="1" skipped="0" failures="0" errors="0" time="0.185">
    <testcase time="0.185" classname="listing_dsl01" name="DSL01_listing_is_produced_correctly"/>
  </testsuite>
  <testsuite name="listing_dsl02" timestamp="2025-03-11T05:11:56Z" hostname="f8b8fc143488" tests="1" skipped="0" failures="0" errors="0" time="0.076">
    <testcase time="0.0759999999999987" classname="listing_dsl02" name="DSL02_listing_is_produced_correctly"/>
  </testsuite>
  <testsuite name="listing_dsur4" timestamp="2025-03-11T05:11:56Z" hostname="f8b8fc143488" tests="1" skipped="0" failures="0" errors="0" time="0.115">
    <testcase time="0.115" classname="listing_dsur4" name="DSUR4_listing_is_produced_correctly"/>
  </testsuite>
  <testsuite name="listing_egl01" timestamp="2025-03-11T05:11:57Z" hostname="f8b8fc143488" tests="1" skipped="0" failures="0" errors="0" time="0.424">
    <testcase time="0.423999999999999" classname="listing_egl01" name="EGL01_listing_is_produced_correctly"/>
  </testsuite>
  <testsuite name="listing_exl01" timestamp="2025-03-11T05:11:57Z" hostname="f8b8fc143488" tests="1" skipped="0" failures="0" errors="0" time="0.22">
    <testcase time="0.220000000000001" classname="listing_exl01" name="EXL01_listing_is_produced_correctly"/>
  </testsuite>
  <testsuite name="listing_lbl01" timestamp="2025-03-11T05:11:57Z" hostname="f8b8fc143488" tests="1" skipped="0" failures="0" errors="0" time="0.535">
    <testcase time="0.535" classname="listing_lbl01" name="LBL01_listing_is_produced_correctly"/>
  </testsuite>
  <testsuite name="listing_lbl01_rls" timestamp="2025-03-11T05:11:58Z" hostname="f8b8fc143488" tests="1" skipped="0" failures="0" errors="0" time="0.527">
    <testcase time="0.526999999999999" classname="listing_lbl01_rls" name="LBL01_RLS_listing_is_produced_correctly"/>
  </testsuite>
  <testsuite name="listing_lbl02a" timestamp="2025-03-11T05:11:58Z" hostname="f8b8fc143488" tests="1" skipped="0" failures="0" errors="0" time="0.257">
    <testcase time="0.257000000000001" classname="listing_lbl02a" name="LBL02A_listing_is_produced_correctly"/>
  </testsuite>
  <testsuite name="listing_lbl02a_rls" timestamp="2025-03-11T05:11:59Z" hostname="f8b8fc143488" tests="1" skipped="0" failures="0" errors="0" time="0.78">
    <testcase time="0.779999999999999" classname="listing_lbl02a_rls" name="LBL02A_RLS_listing_is_produced_correctly"/>
  </testsuite>
  <testsuite name="listing_lbl02b" timestamp="2025-03-11T05:11:59Z" hostname="f8b8fc143488" tests="1" skipped="0" failures="0" errors="0" time="0.27">
    <testcase time="0.27" classname="listing_lbl02b" name="LBL02B_listing_is_produced_correctly"/>
  </testsuite>
  <testsuite name="listing_mhl01" timestamp="2025-03-11T05:12:00Z" hostname="f8b8fc143488" tests="1" skipped="0" failures="0" errors="0" time="0.256">
    <testcase time="0.256" classname="listing_mhl01" name="MHL01_listing_is_produced_correctly"/>
  </testsuite>
  <testsuite name="listing_oncl01" timestamp="2025-03-11T05:12:00Z" hostname="f8b8fc143488" tests="1" skipped="0" failures="0" errors="0" time="0.247">
    <testcase time="0.247" classname="listing_oncl01" name="ONCL01_listing_is_produced_correctly"/>
  </testsuite>
  <testsuite name="listing_pkcl01" timestamp="2025-03-11T05:12:00Z" hostname="f8b8fc143488" tests="2" skipped="0" failures="0" errors="0" time="0.69">
    <testcase time="0.191000000000001" classname="listing_pkcl01" name="PKCL01_listing_is_produced_correctly"/>
    <testcase time="0.498999999999999" classname="listing_pkcl01" name="PKCL01_listing_key_columns_values_are_repeated_when_entries_span_multiple_pages"/>
  </testsuite>
  <testsuite name="listing_pkcl02" timestamp="2025-03-11T05:12:01Z" hostname="f8b8fc143488" tests="1" skipped="0" failures="0" errors="0" time="0.203">
    <testcase time="0.203000000000001" classname="listing_pkcl02" name="PKCL02_listing_is_produced_correctly"/>
  </testsuite>
  <testsuite name="listing_pkpl01" timestamp="2025-03-11T05:12:01Z" hostname="f8b8fc143488" tests="1" skipped="0" failures="0" errors="0" time="0.249">
    <testcase time="0.249000000000001" classname="listing_pkpl01" name="PKPL01_listing_is_produced_correctly"/>
  </testsuite>
  <testsuite name="listing_pkpl02" timestamp="2025-03-11T05:12:01Z" hostname="f8b8fc143488" tests="1" skipped="0" failures="0" errors="0" time="0.154">
    <testcase time="0.154" classname="listing_pkpl02" name="PKPL02_listing_is_produced_correctly"/>
  </testsuite>
  <testsuite name="listing_pkpl04" timestamp="2025-03-11T05:12:01Z" hostname="f8b8fc143488" tests="1" skipped="0" failures="0" errors="0" time="0.2">
    <testcase time="0.199999999999999" classname="listing_pkpl04" name="PKPL04_listing_is_produced_correctly"/>
  </testsuite>
  <testsuite name="listing_vsl01" timestamp="2025-03-11T05:12:02Z" hostname="f8b8fc143488" tests="1" skipped="0" failures="0" errors="0" time="0.426">
    <testcase time="0.426" classname="listing_vsl01" name="VSL01_listing_is_produced_correctly"/>
  </testsuite>
  <testsuite name="pagination_listing" timestamp="2025-03-11T05:12:02Z" hostname="f8b8fc143488" tests="13" skipped="0" failures="0" errors="0" time="5.899">
    <testcase time="0.0399999999999991" classname="pagination_listing" name="Direct_pagination_works_fine"/>
    <testcase time="0.984000000000002" classname="pagination_listing" name="Direct_pagination_works_fine"/>
    <testcase time="0.00300000000000011" classname="pagination_listing" name="Direct_pagination_works_fine"/>
    <testcase time="0.888999999999999" classname="pagination_listing" name="Direct_pagination_works_fine"/>
    <testcase time="1.219" classname="pagination_listing" name="Direct_pagination_works_fine"/>
    <testcase time="1.491" classname="pagination_listing" name="pagination_counts_the_right_number_of_lines_when_wrapping_on_keycols_is_present"/>
    <testcase time="0.00600000000000023" classname="pagination_listing" name="pagination_counts_the_right_number_of_lines_when_wrapping_on_keycols_is_present"/>
    <testcase time="0.00499999999999901" classname="pagination_listing" name="pagination_counts_the_right_number_of_lines_when_wrapping_on_keycols_is_present"/>
    <testcase time="0.00300000000000011" classname="pagination_listing" name="pagination_counts_the_right_number_of_lines_when_wrapping_on_keycols_is_present"/>
    <testcase time="1.246" classname="pagination_listing" name="pagination_counts_the_right_number_of_lines_when_wrapping_on_keycols_is_present"/>
    <testcase time="0.00600000000000023" classname="pagination_listing" name="pagination_counts_the_right_number_of_lines_when_wrapping_on_keycols_is_present"/>
    <testcase time="0.00400000000000134" classname="pagination_listing" name="pagination_counts_the_right_number_of_lines_when_wrapping_on_keycols_is_present"/>
    <testcase time="0.00300000000000011" classname="pagination_listing" name="pagination_counts_the_right_number_of_lines_when_wrapping_on_keycols_is_present"/>
  </testsuite>
  <testsuite name="pagination_table" timestamp="2025-03-11T05:12:09Z" hostname="f8b8fc143488" tests="30" skipped="0" failures="0" errors="0" time="14.104">
    <testcase time="1.688" classname="pagination_table" name="Direct_pagination_with_standard_values"/>
    <testcase time="0.00400000000000134" classname="pagination_table" name="Direct_pagination_with_standard_values"/>
    <testcase time="0.00300000000000011" classname="pagination_table" name="Direct_pagination_with_standard_values"/>
    <testcase time="1.214" classname="pagination_table" name="Pagination_with_specific_column_widths_and_minimum_lines_per_page"/>
    <testcase time="0.00400000000000134" classname="pagination_table" name="Pagination_with_specific_column_widths_and_minimum_lines_per_page"/>
    <testcase time="0.113999999999997" classname="pagination_table" name="Pagination_with_specific_column_widths_and_minimum_lines_per_page"/>
    <testcase time="0.952000000000002" classname="pagination_table" name="Pagination_works_also_if_table_is_decorated"/>
    <testcase time="0.542000000000002" classname="pagination_table" name="Pagination_works_also_if_table_is_decorated"/>
    <testcase time="0.815999999999999" classname="pagination_table" name="Pagination_works_also_if_table_is_decorated"/>
    <testcase time="0.675000000000001" classname="pagination_table" name="Pagination_works_also_if_table_is_decorated"/>
    <testcase time="1.355" classname="pagination_table" name="Pagination_works_also_if_table_is_decorated"/>
    <testcase time="0.314" classname="pagination_table" name="Pagination_works_also_if_table_is_decorated"/>
    <testcase time="0.00299999999999656" classname="pagination_table" name="Pagination_works_also_if_table_is_decorated"/>
    <testcase time="0.022000000000002" classname="pagination_table" name="Pagination_works_also_if_table_is_decorated"/>
    <testcase time="0.161999999999999" classname="pagination_table" name="Pagination_works_also_if_table_is_decorated"/>
    <testcase time="0.097999999999999" classname="pagination_table" name="Pagination_works_also_if_table_is_decorated"/>
    <testcase time="0.718" classname="pagination_table" name="Pagination_works_for_page_types"/>
    <testcase time="0.0770000000000017" classname="pagination_table" name="Pagination_works_for_page_types"/>
    <testcase time="0.721" classname="pagination_table" name="Pagination_works_for_page_types"/>
    <testcase time="0.088000000000001" classname="pagination_table" name="Pagination_works_for_page_types"/>
    <testcase time="0.669" classname="pagination_table" name="Pagination_works_for_page_types"/>
    <testcase time="0.408999999999995" classname="pagination_table" name="Pagination_works_for_page_types"/>
    <testcase time="0.738000000000007" classname="pagination_table" name="Pagination_works_for_page_width_and_height"/>
    <testcase time="0.134999999999998" classname="pagination_table" name="Pagination_works_for_page_width_and_height"/>
    <testcase time="0.806999999999995" classname="pagination_table" name="Pagination_works_for_page_types"/>
    <testcase time="0.164000000000001" classname="pagination_table" name="Pagination_works_for_page_types"/>
    <testcase time="0.818000000000005" classname="pagination_table" name="AET04_variant_2_page_by_pagination_tests"/>
    <testcase time="0.623999999999995" classname="pagination_table" name="AET04_variant_2_page_by_pagination_tests"/>
    <testcase time="0.00200000000000244" classname="pagination_table" name="AET04_variant_2_page_by_pagination_tests"/>
    <testcase time="0.167999999999999" classname="pagination_table" name="AET04_variant_2_page_by_pagination_tests"/>
  </testsuite>
  <testsuite name="table_adat03" timestamp="2025-03-11T05:12:22Z" hostname="f8b8fc143488" tests="2" skipped="0" failures="0" errors="0" time="0.574">
    <testcase time="0.436" classname="table_adat03" name="ADAT03_is_produced_correctly"/>
    <testcase time="0.137999999999998" classname="table_adat03" name="ADAT03_is_produced_correctly"/>
  </testsuite>
  <testsuite name="table_aet01" timestamp="2025-03-11T05:12:23Z" hostname="f8b8fc143488" tests="8" skipped="0" failures="0" errors="0" time="1.826">
    <testcase time="0.380000000000003" classname="table_aet01" name="Safety_Summary_Variant_1_works_as_expected"/>
    <testcase time="0.118000000000002" classname="table_aet01" name="Safety_Summary_Variant_1_works_as_expected"/>
    <testcase time="0.327999999999996" classname="table_aet01" name="Safety_Summary_Variant_2_with_Medical_Concepts_Section_works_as_expected"/>
    <testcase time="0.129000000000005" classname="table_aet01" name="Safety_Summary_Variant_2_with_Medical_Concepts_Section_works_as_expected"/>
    <testcase time="0.265999999999998" classname="table_aet01" name="Safety_Summary_Variant_3_with_Modified_Rows_works_as_expected"/>
    <testcase time="0.0919999999999987" classname="table_aet01" name="Safety_Summary_Variant_3_with_Modified_Rows_works_as_expected"/>
    <testcase time="0.377000000000002" classname="table_aet01" name="Safety_Summary_Variant_4_with_Rows_Counting_Events_and_Additional_Sections_works_as_expected"/>
    <testcase time="0.135999999999996" classname="table_aet01" name="Safety_Summary_Variant_4_with_Rows_Counting_Events_and_Additional_Sections_works_as_expected"/>
  </testsuite>
  <testsuite name="table_aet01_aesi" timestamp="2025-03-11T05:12:24Z" hostname="f8b8fc143488" tests="8" skipped="0" failures="0" errors="0" time="2.787">
    <testcase time="0.286000000000001" classname="table_aet01_aesi" name="AET01_AESI_Variant_1_works_as_expected"/>
    <testcase time="0.097999999999999" classname="table_aet01_aesi" name="AET01_AESI_Variant_1_works_as_expected"/>
    <testcase time="0.673999999999999" classname="table_aet01_aesi" name="AET01_AESI_Variant_2_works_as_expected"/>
    <testcase time="0.148000000000003" classname="table_aet01_aesi" name="AET01_AESI_Variant_2_works_as_expected"/>
    <testcase time="0.634999999999998" classname="table_aet01_aesi" name="AET01_AESI_Variant_3_works_as_expected"/>
    <testcase time="0.209000000000003" classname="table_aet01_aesi" name="AET01_AESI_Variant_3_works_as_expected"/>
    <testcase time="0.528999999999996" classname="table_aet01_aesi" name="AET01_AESI_Variant_4_works_as_expected"/>
    <testcase time="0.207999999999998" classname="table_aet01_aesi" name="AET01_AESI_Variant_4_works_as_expected"/>
  </testsuite>
  <testsuite name="table_aet02" timestamp="2025-03-11T05:12:27Z" hostname="f8b8fc143488" tests="26" skipped="0" failures="0" errors="0" time="7.824">
    <testcase time="0.521000000000001" classname="table_aet02" name="AET02_variant_1_is_produced_correctly"/>
    <testcase time="0.175000000000004" classname="table_aet02" name="AET02_variant_1_is_produced_correctly"/>
    <testcase time="0.424999999999997" classname="table_aet02" name="AET02_variant_1_is_produced_correctly"/>
    <testcase time="0.0970000000000013" classname="table_aet02" name="AET02_variant_1_is_produced_correctly"/>
    <testcase time="0.582000000000001" classname="table_aet02" name="AET02_variant_2_is_produced_correctly"/>
    <testcase time="0.184999999999995" classname="table_aet02" name="AET02_variant_2_is_produced_correctly"/>
    <testcase time="0.858000000000004" classname="table_aet02" name="AET02_variant_3_is_produced_correctly"/>
    <testcase time="0.292000000000002" classname="table_aet02" name="AET02_variant_3_is_produced_correctly"/>
    <testcase time="0.122" classname="table_aet02" name="AET02_variant_4_is_produced_correctly"/>
    <testcase time="0.101999999999997" classname="table_aet02" name="AET02_variant_4_is_produced_correctly"/>
    <testcase time="0.387" classname="table_aet02" name="AET02_variant_5_is_produced_correctly"/>
    <testcase time="0.158999999999999" classname="table_aet02" name="AET02_variant_5_is_produced_correctly"/>
    <testcase time="0.384" classname="table_aet02" name="AET02_variant_6_is_produced_correctly"/>
    <testcase time="0.109000000000002" classname="table_aet02" name="AET02_variant_6_is_produced_correctly"/>
    <testcase time="0.878999999999998" classname="table_aet02" name="AET02_variant_7_is_produced_correctly"/>
    <testcase time="0.146999999999998" classname="table_aet02" name="AET02_variant_7_is_produced_correctly"/>
    <testcase time="0.388000000000005" classname="table_aet02" name="AET02_variant_8_is_produced_correctly"/>
    <testcase time="0.0850000000000009" classname="table_aet02" name="AET02_variant_8_is_produced_correctly"/>
    <testcase time="0.378999999999998" classname="table_aet02" name="AET02_variant_9_is_produced_correctly"/>
    <testcase time="0.110999999999997" classname="table_aet02" name="AET02_variant_9_is_produced_correctly"/>
    <testcase time="0.389000000000003" classname="table_aet02" name="AET02_variant_10_is_produced_correctly"/>
    <testcase time="0.0959999999999965" classname="table_aet02" name="AET02_variant_10_is_produced_correctly"/>
    <testcase time="0.397000000000006" classname="table_aet02" name="AET02_variant_11_is_produced_correctly"/>
    <testcase time="0.0839999999999961" classname="table_aet02" name="AET02_variant_11_is_produced_correctly"/>
    <testcase time="0.380000000000003" classname="table_aet02" name="AET02_variant_12_is_produced_correctly"/>
    <testcase time="0.0910000000000011" classname="table_aet02" name="AET02_variant_12_is_produced_correctly"/>
  </testsuite>
  <testsuite name="table_aet02_smq" timestamp="2025-03-11T05:12:35Z" hostname="f8b8fc143488" tests="4" skipped="0" failures="0" errors="0" time="0.431">
    <testcase time="0.119999999999997" classname="table_aet02_smq" name="AET02SMQ_variant_1_is_produced_correctly"/>
    <testcase time="0.0679999999999978" classname="table_aet02_smq" name="AET02SMQ_variant_1_is_produced_correctly"/>
    <testcase time="0.151000000000003" classname="table_aet02_smq" name="AET02SMQ_variant_2_is_produced_correctly"/>
    <testcase time="0.0919999999999987" classname="table_aet02_smq" name="AET02SMQ_variant_2_is_produced_correctly"/>
  </testsuite>
  <testsuite name="table_aet03" timestamp="2025-03-11T05:12:36Z" hostname="f8b8fc143488" tests="6" skipped="0" failures="0" errors="0" time="4.888">
    <testcase time="1.087" classname="table_aet03" name="AET03_variant_1_is_produced_correctly"/>
    <testcase time="0.413999999999994" classname="table_aet03" name="AET03_variant_1_is_produced_correctly"/>
    <testcase time="1.38500000000001" classname="table_aet03" name="AET03_variant_1_is_produced_correctly"/>
    <testcase time="0.692999999999998" classname="table_aet03" name="AET03_variant_1_is_produced_correctly"/>
    <testcase time="1.088" classname="table_aet03" name="AET03_variant_1_is_produced_correctly"/>
    <testcase time="0.220999999999997" classname="table_aet03" name="AET03_variant_1_is_produced_correctly"/>
  </testsuite>
  <testsuite name="table_aet04" timestamp="2025-03-11T05:12:41Z" hostname="f8b8fc143488" tests="30" skipped="0" failures="0" errors="0" time="12.236">
    <testcase time="0.751000000000005" classname="table_aet04" name="AET04_variant_1_is_produced_correctly"/>
    <testcase time="0.321999999999996" classname="table_aet04" name="AET04_variant_1_is_produced_correctly"/>
    <testcase time="0.773000000000003" classname="table_aet04" name="AET04_variant_1_is_produced_correctly"/>
    <testcase time="0.0599999999999952" classname="table_aet04" name="AET04_variant_1_is_produced_correctly"/>
    <testcase time="0.0400000000000063" classname="table_aet04" name="AET04_variant_1_is_produced_correctly"/>
    <testcase time="0.666999999999994" classname="table_aet04" name="AET04_variant_2_is_produced_correctly_Fill_in_of_Treatment_Groups_"/>
    <testcase time="0.289000000000001" classname="table_aet04" name="AET04_variant_2_is_produced_correctly_Fill_in_of_Treatment_Groups_"/>
    <testcase time="0.865000000000002" classname="table_aet04" name="AET04_variant_2_is_produced_correctly_Fill_in_of_Treatment_Groups_"/>
    <testcase time="0.0450000000000017" classname="table_aet04" name="AET04_variant_2_is_produced_correctly_Fill_in_of_Treatment_Groups_"/>
    <testcase time="0.0359999999999943" classname="table_aet04" name="AET04_variant_2_is_produced_correctly_Fill_in_of_Treatment_Groups_"/>
    <testcase time="0.641000000000005" classname="table_aet04" name="AET04_variant_3_is_produced_correctly_Fill_in_of_Grades_"/>
    <testcase time="0.315999999999995" classname="table_aet04" name="AET04_variant_3_is_produced_correctly_Fill_in_of_Grades_"/>
    <testcase time="0.745000000000005" classname="table_aet04" name="AET04_variant_3_is_produced_correctly_Fill_in_of_Grades_"/>
    <testcase time="0.0459999999999994" classname="table_aet04" name="AET04_variant_3_is_produced_correctly_Fill_in_of_Grades_"/>
    <testcase time="0.0390000000000015" classname="table_aet04" name="AET04_variant_3_is_produced_correctly_Fill_in_of_Grades_"/>
    <testcase time="0.650999999999996" classname="table_aet04" name="AET04_variant_4_is_produced_correctly_Collapsing_of_Grades_grades_1_2_grades_3_4_5_"/>
    <testcase time="0.305" classname="table_aet04" name="AET04_variant_4_is_produced_correctly_Collapsing_of_Grades_grades_1_2_grades_3_4_5_"/>
    <testcase time="0.728999999999999" classname="table_aet04" name="AET04_variant_4_is_produced_correctly_Collapsing_of_Grades_grades_1_2_grades_3_4_5_"/>
    <testcase time="0.68" classname="table_aet04" name="AET04_variant_6_is_produced_correctly_with_an_Incidence_Rate_of_at_Least_5_totals_restricted_"/>
    <testcase time="0.306000000000004" classname="table_aet04" name="AET04_variant_6_is_produced_correctly_with_an_Incidence_Rate_of_at_Least_5_totals_restricted_"/>
    <testcase time="0.728999999999999" classname="table_aet04" name="AET04_variant_6_is_produced_correctly_with_an_Incidence_Rate_of_at_Least_5_totals_restricted_"/>
    <testcase time="0.00900000000000034" classname="table_aet04" name="AET04_variant_8_is_produced_correctly_with_an_Incidence_Rate_of_at_Least_X_Patients_"/>
    <testcase time="0.311" classname="table_aet04" name="AET04_variant_8_is_produced_correctly_with_an_Incidence_Rate_of_at_Least_X_Patients_"/>
    <testcase time="0.743000000000002" classname="table_aet04" name="AET04_variant_8_is_produced_correctly_with_an_Incidence_Rate_of_at_Least_X_Patients_"/>
    <testcase time="0.00900000000000034" classname="table_aet04" name="AET04_variant_9_is_produced_correctly_with_a_Difference_in_Incidence_Rate_of_at_Least_X_"/>
    <testcase time="0.319999999999993" classname="table_aet04" name="AET04_variant_9_is_produced_correctly_with_a_Difference_in_Incidence_Rate_of_at_Least_X_"/>
    <testcase time="0.744" classname="table_aet04" name="AET04_variant_9_is_produced_correctly_with_a_Difference_in_Incidence_Rate_of_at_Least_X_"/>
    <testcase time="0.0110000000000099" classname="table_aet04" name="AET04_variant_11_is_produced_correctly_with_Incidence_Rate_of_at_Least_X_all_SOCs_w_o_preferred_terms_removed_"/>
    <testcase time="0.310999999999993" classname="table_aet04" name="AET04_variant_11_is_produced_correctly_with_Incidence_Rate_of_at_Least_X_all_SOCs_w_o_preferred_terms_removed_"/>
    <testcase time="0.742999999999995" classname="table_aet04" name="AET04_variant_11_is_produced_correctly_with_Incidence_Rate_of_at_Least_X_all_SOCs_w_o_preferred_terms_removed_"/>
  </testsuite>
  <testsuite name="table_aet04_pi" timestamp="2025-03-11T05:12:53Z" hostname="f8b8fc143488" tests="18" skipped="0" failures="0" errors="0" time="6.531">
    <testcase time="0.588000000000008" classname="table_aet04_pi" name="AET04_PI_full_table_is_produced_correctly"/>
    <testcase time="0.233000000000004" classname="table_aet04_pi" name="AET04_PI_full_table_is_produced_correctly"/>
    <testcase time="0.583999999999989" classname="table_aet04_pi" name="AET04_PI_variant_1_is_produced_correctly"/>
    <testcase time="0.174999999999997" classname="table_aet04_pi" name="AET04_PI_variant_1_is_produced_correctly"/>
    <testcase time="0.577000000000012" classname="table_aet04_pi" name="AET04_PI_variant_2_is_produced_correctly"/>
    <testcase time="0.119" classname="table_aet04_pi" name="AET04_PI_variant_2_is_produced_correctly"/>
    <testcase time="0.574999999999989" classname="table_aet04_pi" name="AET04_PI_variant_3_is_produced_correctly"/>
    <testcase time="0.135000000000005" classname="table_aet04_pi" name="AET04_PI_variant_3_is_produced_correctly"/>
    <testcase time="0.582000000000008" classname="table_aet04_pi" name="AET04_PI_variant_4_is_produced_correctly"/>
    <testcase time="0.106999999999999" classname="table_aet04_pi" name="AET04_PI_variant_4_is_produced_correctly"/>
    <testcase time="0.588999999999999" classname="table_aet04_pi" name="AET04_PI_variant_5_is_produced_correctly"/>
    <testcase time="0.159999999999997" classname="table_aet04_pi" name="AET04_PI_variant_5_is_produced_correctly"/>
    <testcase time="0.727000000000004" classname="table_aet04_pi" name="AET04_PI_variant_6_is_produced_correctly"/>
    <testcase time="0.161999999999992" classname="table_aet04_pi" name="AET04_PI_variant_6_is_produced_correctly"/>
    <testcase time="0.727000000000004" classname="table_aet04_pi" name="AET04_PI_variant_7_is_produced_correctly"/>
    <testcase time="0.162999999999997" classname="table_aet04_pi" name="AET04_PI_variant_7_is_produced_correctly"/>
    <testcase time="0.191999999999993" classname="table_aet04_pi" name="AET04_PI_variant_8_is_produced_correctly"/>
    <testcase time="0.13600000000001" classname="table_aet04_pi" name="AET04_PI_variant_8_is_produced_correctly"/>
  </testsuite>
  <testsuite name="table_aet05" timestamp="2025-03-11T05:12:59Z" hostname="f8b8fc143488" tests="4" skipped="0" failures="0" errors="0" time="0.297">
    <testcase time="0.106999999999999" classname="table_aet05" name="AET05_variant_1_is_produced_correctly"/>
    <testcase time="0.0600000000000023" classname="table_aet05" name="AET05_variant_1_is_produced_correctly"/>
    <testcase time="0.063999999999993" classname="table_aet05" name="AET05_variant_2_is_produced_correctly"/>
    <testcase time="0.0660000000000025" classname="table_aet05" name="AET05_variant_2_is_produced_correctly"/>
  </testsuite>
  <testsuite name="table_aet05_all" timestamp="2025-03-11T05:12:59Z" hostname="f8b8fc143488" tests="4" skipped="0" failures="0" errors="0" time="0.318">
    <testcase time="0.117000000000004" classname="table_aet05_all" name="AET05_ALL_variant_1_is_produced_correctly"/>
    <testcase time="0.0679999999999978" classname="table_aet05_all" name="AET05_ALL_variant_1_is_produced_correctly"/>
    <testcase time="0.0579999999999927" classname="table_aet05_all" name="AET05_ALL_variant_2_is_produced_correctly"/>
    <testcase time="0.0750000000000028" classname="table_aet05_all" name="AET05_ALL_variant_2_is_produced_correctly"/>
  </testsuite>
  <testsuite name="table_aet06" timestamp="2025-03-11T05:13:00Z" hostname="f8b8fc143488" tests="6" skipped="0" failures="0" errors="0" time="3.838">
    <testcase time="0.575999999999993" classname="table_aet06" name="AET06_variant_1_is_produced_correctly"/>
    <testcase time="0.235000000000014" classname="table_aet06" name="AET06_variant_1_is_produced_correctly"/>
    <testcase time="0.967999999999989" classname="table_aet06" name="AET06_variant_3_is_produced_correctly"/>
    <testcase time="0.341999999999999" classname="table_aet06" name="AET06_variant_3_is_produced_correctly"/>
    <testcase time="1.34700000000001" classname="table_aet06" name="AET06_variant_5_is_produced_correctly"/>
    <testcase time="0.36999999999999" classname="table_aet06" name="AET06_variant_5_is_produced_correctly"/>
  </testsuite>
  <testsuite name="table_aet06_smq" timestamp="2025-03-11T05:13:04Z" hostname="f8b8fc143488" tests="4" skipped="0" failures="0" errors="0" time="0.936">
    <testcase time="0.334000000000003" classname="table_aet06_smq" name="AET06_SMQ_variant_1_is_produced_correctly"/>
    <testcase time="0.13000000000001" classname="table_aet06_smq" name="AET06_SMQ_variant_1_is_produced_correctly"/>
    <testcase time="0.335999999999999" classname="table_aet06_smq" name="AET06_SMQ_variant_2_is_produced_correctly"/>
    <testcase time="0.135999999999996" classname="table_aet06_smq" name="AET06_SMQ_variant_2_is_produced_correctly"/>
  </testsuite>
  <testsuite name="table_aet07" timestamp="2025-03-11T05:13:05Z" hostname="f8b8fc143488" tests="4" skipped="0" failures="0" errors="0" time="0.188">
    <testcase time="0.0510000000000019" classname="table_aet07" name="AET07_variant_1_is_produced_correctly"/>
    <testcase time="0.0429999999999922" classname="table_aet07" name="AET07_variant_1_is_produced_correctly"/>
    <testcase time="0.0520000000000067" classname="table_aet07" name="AET07_variant_2_is_produced_correctly"/>
    <testcase time="0.0420000000000016" classname="table_aet07" name="AET07_variant_2_is_produced_correctly"/>
  </testsuite>
  <testsuite name="table_aet09" timestamp="2025-03-11T05:13:05Z" hostname="f8b8fc143488" tests="4" skipped="0" failures="0" errors="0" time="1.831">
    <testcase time="0.48899999999999" classname="table_aet09" name="AET09_variant_1_is_produced_correctly_AE_related_to_study_drug"/>
    <testcase time="0.194000000000003" classname="table_aet09" name="AET09_variant_1_is_produced_correctly_AE_related_to_study_drug"/>
    <testcase time="0.864000000000004" classname="table_aet09" name="AET09_variant_2_is_produced_correctly_AE_related_to_study_drug_including_high_level_terms_"/>
    <testcase time="0.284000000000006" classname="table_aet09" name="AET09_variant_2_is_produced_correctly_AE_related_to_study_drug_including_high_level_terms_"/>
  </testsuite>
  <testsuite name="table_aet09_smq" timestamp="2025-03-11T05:13:07Z" hostname="f8b8fc143488" tests="4" skipped="0" failures="0" errors="0" time="0.481">
    <testcase time="0.122" classname="table_aet09_smq" name="AET09_variant_1_AEs_related_to_study_drug_by_SMQ_is_produced_correctly"/>
    <testcase time="0.0679999999999978" classname="table_aet09_smq" name="AET09_variant_1_AEs_related_to_study_drug_by_SMQ_is_produced_correctly"/>
    <testcase time="0.189999999999998" classname="table_aet09_smq" name="AET09_variant_2_AEs_related_to_study_drug_by_SMQ_with_customized_queries_is_produced_correctly"/>
    <testcase time="0.100999999999999" classname="table_aet09_smq" name="AET09_variant_2_AEs_related_to_study_drug_by_SMQ_with_customized_queries_is_produced_correctly"/>
  </testsuite>
  <testsuite name="table_aet10" timestamp="2025-03-11T05:13:07Z" hostname="f8b8fc143488" tests="2" skipped="0" failures="0" errors="0" time="0.163">
    <testcase time="0.106999999999999" classname="table_aet10" name="AET10_default_variant_is_produced_correctly"/>
    <testcase time="0.0559999999999974" classname="table_aet10" name="AET10_default_variant_is_produced_correctly"/>
  </testsuite>
  <testsuite name="table_aovt01" timestamp="2025-03-11T05:13:07Z" hostname="f8b8fc143488" tests="4" skipped="0" failures="0" errors="0" time="1.113">
    <testcase time="0.325000000000003" classname="table_aovt01" name="AOVT01_variant_with_single_endpoint_is_produced_correctly"/>
    <testcase time="0.0900000000000034" classname="table_aovt01" name="AOVT01_variant_with_single_endpoint_is_produced_correctly"/>
    <testcase time="0.533000000000001" classname="table_aovt01" name="AOVT01_variant_with_multiple_endpoints_is_produced_correctly"/>
    <testcase time="0.164999999999992" classname="table_aovt01" name="AOVT01_variant_with_multiple_endpoints_is_produced_correctly"/>
  </testsuite>
  <testsuite name="table_aovt02" timestamp="2025-03-11T05:13:08Z" hostname="f8b8fc143488" tests="2" skipped="0" failures="0" errors="0" time="0.426">
    <testcase time="0.311000000000007" classname="table_aovt02" name="AOVT02_is_produced_correctly"/>
    <testcase time="0.114999999999995" classname="table_aovt02" name="AOVT02_is_produced_correctly"/>
  </testsuite>
  <testsuite name="table_aovt03" timestamp="2025-03-11T05:13:09Z" hostname="f8b8fc143488" tests="2" skipped="0" failures="0" errors="0" time="0.891">
    <testcase time="0.718999999999994" classname="table_aovt03" name="AOVT03_is_produced_correctly"/>
    <testcase time="0.172000000000011" classname="table_aovt03" name="AOVT03_is_produced_correctly"/>
  </testsuite>
  <testsuite name="table_cfbt01" timestamp="2025-03-11T05:13:10Z" hostname="f8b8fc143488" tests="2" skipped="0" failures="0" errors="0" time="0.647">
    <testcase time="0.418999999999997" classname="table_cfbt01" name="CFBT01_default_variant_is_produced_correctly"/>
    <testcase time="0.227999999999994" classname="table_cfbt01" name="CFBT01_default_variant_is_produced_correctly"/>
  </testsuite>
  <testsuite name="table_cmht01" timestamp="2025-03-11T05:13:10Z" hostname="f8b8fc143488" tests="4" skipped="0" failures="0" errors="0" time="1.613">
    <testcase time="0.359999999999999" classname="table_cmht01" name="CMHT01_variant_1_is_produced_correctly"/>
    <testcase time="0.085000000000008" classname="table_cmht01" name="CMHT01_variant_1_is_produced_correctly"/>
    <testcase time="0.899000000000001" classname="table_cmht01" name="CMHT01_variant_2_is_produced_correctly"/>
    <testcase time="0.268999999999991" classname="table_cmht01" name="CMHT01_variant_2_is_produced_correctly"/>
  </testsuite>
  <testsuite name="table_cmt01" timestamp="2025-03-11T05:13:12Z" hostname="f8b8fc143488" tests="8" skipped="0" failures="0" errors="0" time="3.704">
    <testcase time="0.623000000000005" classname="table_cmt01" name="CMT01_default_variant_Concomitant_medications_is_produced_correctly"/>
    <testcase time="0.307000000000002" classname="table_cmt01" name="CMT01_default_variant_Concomitant_medications_is_produced_correctly"/>
    <testcase time="0.679999999999993" classname="table_cmt01" name="CMT01_variant_1_prior_medications_is_produced_correctly"/>
    <testcase time="0.331000000000003" classname="table_cmt01" name="CMT01_variant_1_prior_medications_is_produced_correctly"/>
    <testcase time="0.573999999999998" classname="table_cmt01" name="CMT01_variant_3_Concomitant_medications_is_produced_correctly"/>
    <testcase time="0.26400000000001" classname="table_cmt01" name="CMT01_variant_3_Concomitant_medications_is_produced_correctly"/>
    <testcase time="0.619" classname="table_cmt01" name="CMT01_variant_4_Concomitant_medications_is_produced_correctly"/>
    <testcase time="0.305999999999997" classname="table_cmt01" name="CMT01_variant_4_Concomitant_medications_is_produced_correctly"/>
  </testsuite>
  <testsuite name="table_cmt01a" timestamp="2025-03-11T05:13:16Z" hostname="f8b8fc143488" tests="8" skipped="0" failures="0" errors="0" time="5.39">
    <testcase time="1.169" classname="table_cmt01a" name="CMT01A_variant_1_is_produced_correctly"/>
    <testcase time="0.274000000000001" classname="table_cmt01a" name="CMT01A_variant_1_is_produced_correctly"/>
    <testcase time="1.03400000000001" classname="table_cmt01a" name="CMT01A_variant_2_is_produced_correctly"/>
    <testcase time="0.272999999999996" classname="table_cmt01a" name="CMT01A_variant_2_is_produced_correctly"/>
    <testcase time="1.075" classname="table_cmt01a" name="CMT01A_variant_3_is_produced_correctly"/>
    <testcase time="0.275999999999996" classname="table_cmt01a" name="CMT01A_variant_3_is_produced_correctly"/>
    <testcase time="1.041" classname="table_cmt01a" name="CMT01A_variant_4_is_produced_correctly"/>
    <testcase time="0.248000000000005" classname="table_cmt01a" name="CMT01A_variant_4_is_produced_correctly"/>
  </testsuite>
  <testsuite name="table_cmt01b" timestamp="2025-03-11T05:13:21Z" hostname="f8b8fc143488" tests="6" skipped="0" failures="0" errors="0" time="5.239">
    <testcase time="1.583" classname="table_cmt01b" name="CMT01B_variant_1_is_produced_correctly"/>
    <testcase time="0.569999999999993" classname="table_cmt01b" name="CMT01B_variant_1_is_produced_correctly"/>
    <testcase time="1.07400000000001" classname="table_cmt01b" name="CMT01B_variant_2_is_produced_correctly"/>
    <testcase time="0.281999999999996" classname="table_cmt01b" name="CMT01B_variant_2_is_produced_correctly"/>
    <testcase time="1.35499999999999" classname="table_cmt01b" name="CMT01B_variant_4_is_produced_correctly"/>
    <testcase time="0.375" classname="table_cmt01b" name="CMT01B_variant_4_is_produced_correctly"/>
  </testsuite>
  <testsuite name="table_cmt02_pt" timestamp="2025-03-11T05:13:26Z" hostname="f8b8fc143488" tests="2" skipped="0" failures="0" errors="0" time="0.565">
    <testcase time="0.384" classname="table_cmt02_pt" name="CMT02_PT_default_variant_is_produced_correctly"/>
    <testcase time="0.181000000000012" classname="table_cmt02_pt" name="CMT02_PT_default_variant_is_produced_correctly"/>
  </testsuite>
  <testsuite name="table_coxt01" timestamp="2025-03-11T05:13:27Z" hostname="f8b8fc143488" tests="8" skipped="0" failures="0" errors="0" time="1.701">
    <testcase time="0.265000000000001" classname="table_coxt01" name="1._Cox_Regression"/>
    <testcase time="0.0729999999999933" classname="table_coxt01" name="1._Cox_Regression"/>
    <testcase time="0.340999999999994" classname="table_coxt01" name="2._Cox_Regression_with_Interaction_Term_"/>
    <testcase time="0.107000000000014" classname="table_coxt01" name="2._Cox_Regression_with_Interaction_Term_"/>
    <testcase time="0.346999999999994" classname="table_coxt01" name="3._Cox_Regression_specifying_covariates_"/>
    <testcase time="0.114000000000004" classname="table_coxt01" name="3._Cox_Regression_specifying_covariates_"/>
    <testcase time="0.340999999999994" classname="table_coxt01" name="4._Cox_Regression_setting_strata_ties_and_alpha_level_"/>
    <testcase time="0.113" classname="table_coxt01" name="4._Cox_Regression_setting_strata_ties_and_alpha_level_"/>
  </testsuite>
  <testsuite name="table_coxt02" timestamp="2025-03-11T05:13:28Z" hostname="f8b8fc143488" tests="4" skipped="0" failures="0" errors="0" time="0.684">
    <testcase time="0.293999999999997" classname="table_coxt02" name="COXT02_default_variant_1_is_produced_correctly"/>
    <testcase time="0.0769999999999982" classname="table_coxt02" name="COXT02_default_variant_1_is_produced_correctly"/>
    <testcase time="0.246000000000009" classname="table_coxt02" name="COXT02_variant_5_is_produced_correctly"/>
    <testcase time="0.0669999999999931" classname="table_coxt02" name="COXT02_variant_5_is_produced_correctly"/>
  </testsuite>
  <testsuite name="table_disclosures" timestamp="2025-03-11T05:13:29Z" hostname="f8b8fc143488" tests="12" skipped="0" failures="0" errors="0" time="1.933">
    <testcase time="0.174000000000007" classname="table_disclosures" name="Patient_Disposition_table_is_produced_correctly"/>
    <testcase time="0.0889999999999986" classname="table_disclosures" name="Patient_Disposition_table_is_produced_correctly"/>
    <testcase time="0.224000000000004" classname="table_disclosures" name="Demographic_table_is_produced_correctly"/>
    <testcase time="0.155000000000001" classname="table_disclosures" name="Demographic_table_is_produced_correctly"/>
    <testcase time="0.090999999999994" classname="table_disclosures" name="Enrollment_by_Country_Table_is_produced_correctly"/>
    <testcase time="0.102000000000004" classname="table_disclosures" name="Enrollment_by_Country_Table_is_produced_correctly"/>
    <testcase time="0.0759999999999934" classname="table_disclosures" name="Death_table_is_produced_correctly"/>
    <testcase time="0.0559999999999974" classname="table_disclosures" name="Death_table_is_produced_correctly"/>
    <testcase time="0.352000000000004" classname="table_disclosures" name="Table_of_Serious_Adverse_Events_is_produced_correctly_for_one_specific_treatment_arm_"/>
    <testcase time="0.0889999999999986" classname="table_disclosures" name="Table_of_Serious_Adverse_Events_is_produced_correctly_for_one_specific_treatment_arm_"/>
    <testcase time="0.399000000000001" classname="table_disclosures" name="Table_of_Non_Serious_Adverse_Events_is_produced_correctly"/>
    <testcase time="0.126000000000005" classname="table_disclosures" name="Table_of_Non_Serious_Adverse_Events_is_produced_correctly"/>
  </testsuite>
  <testsuite name="table_dmt01" timestamp="2025-03-11T05:13:32Z" hostname="f8b8fc143488" tests="10" skipped="0" failures="0" errors="0" time="2.783">
    <testcase time="1.15299999999999" classname="table_dmt01" name="DMT01_variant_1_is_produced_correctly"/>
    <testcase time="0.179000000000002" classname="table_dmt01" name="DMT01_variant_1_is_produced_correctly"/>
    <testcase time="0.227000000000004" classname="table_dmt01" name="DMT01_variant_2_is_produced_correctly"/>
    <testcase time="0.153000000000006" classname="table_dmt01" name="DMT01_variant_2_is_produced_correctly"/>
    <testcase time="0.257999999999996" classname="table_dmt01" name="DMT01_variant_3_is_produced_correctly"/>
    <testcase time="0.170999999999992" classname="table_dmt01" name="DMT01_variant_3_is_produced_correctly"/>
    <testcase time="0.200000000000003" classname="table_dmt01" name="DMT01_variant_4_is_produced_correctly"/>
    <testcase time="0.146000000000001" classname="table_dmt01" name="DMT01_variant_4_is_produced_correctly"/>
    <testcase time="0.162999999999997" classname="table_dmt01" name="DMT01_variant_5_is_produced_correctly"/>
    <testcase time="0.13300000000001" classname="table_dmt01" name="DMT01_variant_5_is_produced_correctly"/>
  </testsuite>
  <testsuite name="table_dort01" timestamp="2025-03-11T05:13:34Z" hostname="f8b8fc143488" tests="8" skipped="0" failures="0" errors="0" time="1.488">
    <testcase time="0.289999999999992" classname="table_dort01" name="DORT01_variant_1_is_produced_correctly"/>
    <testcase time="0.108000000000004" classname="table_dort01" name="DORT01_variant_1_is_produced_correctly"/>
    <testcase time="0.281000000000006" classname="table_dort01" name="DORT01_variant_2_selecting_sectons_is_produced_correctly"/>
    <testcase time="0.0989999999999895" classname="table_dort01" name="DORT01_variant_2_selecting_sectons_is_produced_correctly"/>
    <testcase time="0.25" classname="table_dort01" name="DORT01_variant_3_modifying_conftype_and_alpha_level_is_produced_correctly"/>
    <testcase time="0.0970000000000084" classname="table_dort01" name="DORT01_variant_3_modifying_conftype_and_alpha_level_is_produced_correctly"/>
    <testcase time="0.257999999999996" classname="table_dort01" name="DORT01_variant_4_modifying_time_point_for_the_xx_duration_is_produced_correctly"/>
    <testcase time="0.105000000000004" classname="table_dort01" name="DORT01_variant_4_modifying_time_point_for_the_xx_duration_is_produced_correctly"/>
  </testsuite>
  <testsuite name="table_dst01" timestamp="2025-03-11T05:13:35Z" hostname="f8b8fc143488" tests="6" skipped="0" failures="0" errors="0" time="0.76">
    <testcase time="0.129999999999995" classname="table_dst01" name="DST01_default_variant_is_produced_correctly"/>
    <testcase time="0.106999999999999" classname="table_dst01" name="DST01_default_variant_is_produced_correctly"/>
    <testcase time="0.224000000000004" classname="table_dst01" name="DST01_variants_2_and_3_are_produced_correctly"/>
    <testcase time="0.100999999999999" classname="table_dst01" name="DST01_variants_2_and_3_are_produced_correctly"/>
    <testcase time="0.0829999999999984" classname="table_dst01" name="DST01_variants_2_and_3_are_produced_correctly"/>
    <testcase time="0.114999999999995" classname="table_dst01" name="DST01_variants_2_and_3_are_produced_correctly"/>
  </testsuite>
  <testsuite name="table_dtht01" timestamp="2025-03-11T05:13:36Z" hostname="f8b8fc143488" tests="8" skipped="0" failures="0" errors="0" time="1.149">
    <testcase time="0.109999999999999" classname="table_dtht01" name="DTHT01_variant_1_is_produced_correctly"/>
    <testcase time="0.0890000000000128" classname="table_dtht01" name="DTHT01_variant_1_is_produced_correctly"/>
    <testcase time="0.260999999999996" classname="table_dtht01" name="DTHT01_variant_2_is_produced_correctly"/>
    <testcase time="0.161999999999992" classname="table_dtht01" name="DTHT01_variant_2_is_produced_correctly"/>
    <testcase time="0.141000000000005" classname="table_dtht01" name="DTHT01_variant_3_is_produced_correctly"/>
    <testcase time="0.0990000000000038" classname="table_dtht01" name="DTHT01_variant_3_is_produced_correctly"/>
    <testcase time="0.171999999999997" classname="table_dtht01" name="DTHT01_variant_4_is_produced_correctly"/>
    <testcase time="0.114999999999995" classname="table_dtht01" name="DTHT01_variant_4_is_produced_correctly"/>
  </testsuite>
  <testsuite name="table_egt01" timestamp="2025-03-11T05:13:38Z" hostname="f8b8fc143488" tests="2" skipped="0" failures="0" errors="0" time="3.341">
    <testcase time="2.518" classname="table_egt01" name="EGT01_default_variant_is_produced_correctly"/>
    <testcase time="0.823000000000008" classname="table_egt01" name="EGT01_default_variant_is_produced_correctly"/>
  </testsuite>
  <testsuite name="table_egt02" timestamp="2025-03-11T05:13:42Z" hostname="f8b8fc143488" tests="4" skipped="0" failures="0" errors="0" time="1.558">
    <testcase time="1.22799999999999" classname="table_egt02" name="_EGT02_1._Regardless_of_Abnormality_at_Baseline"/>
    <testcase time="0.0919999999999987" classname="table_egt02" name="_EGT02_1._Regardless_of_Abnormality_at_Baseline"/>
    <testcase time="0.159999999999997" classname="table_egt02" name="_EGT02_2._Among_Subjects_Without_Abnormality_at_Baseline"/>
    <testcase time="0.078000000000003" classname="table_egt02" name="_EGT02_2._Among_Subjects_Without_Abnormality_at_Baseline"/>
  </testsuite>
  <testsuite name="table_egt03" timestamp="2025-03-11T05:13:42Z" hostname="f8b8fc143488" tests="8" skipped="0" failures="0" errors="0" time="1.223">
    <testcase time="0.207000000000008" classname="table_egt03" name="EGT03_variant_1_is_produced_correctly"/>
    <testcase time="0.135999999999996" classname="table_egt03" name="EGT03_variant_1_is_produced_correctly"/>
    <testcase time="0.132000000000005" classname="table_egt03" name="EGT03_variant_2_is_produced_correctly"/>
    <testcase time="0.111999999999995" classname="table_egt03" name="EGT03_variant_2_is_produced_correctly"/>
    <testcase time="0.195999999999998" classname="table_egt03" name="EGT03_variant_3_is_produced_correctly"/>
    <testcase time="0.122" classname="table_egt03" name="EGT03_variant_3_is_produced_correctly"/>
    <testcase time="0.198999999999998" classname="table_egt03" name="EGT03_variant_4_is_produced_correctly"/>
    <testcase time="0.119" classname="table_egt03" name="EGT03_variant_4_is_produced_correctly"/>
  </testsuite>
  <testsuite name="table_egt04" timestamp="2025-03-11T05:13:45Z" hostname="f8b8fc143488" tests="2" skipped="0" failures="0" errors="0" time="1.552">
    <testcase time="1.46300000000001" classname="table_egt04" name="EGT04_default_variant_is_produced_correctly"/>
    <testcase time="0.0890000000000128" classname="table_egt04" name="EGT04_default_variant_is_produced_correctly"/>
  </testsuite>
  <testsuite name="table_egt05_qtcat" timestamp="2025-03-11T05:13:46Z" hostname="f8b8fc143488" tests="2" skipped="0" failures="0" errors="0" time="2.275">
    <testcase time="1.806" classname="table_egt05_qtcat" name="EGT05_QTCAT_default_variant_is_produced_correctly"/>
    <testcase time="0.468999999999994" classname="table_egt05_qtcat" name="EGT05_QTCAT_default_variant_is_produced_correctly"/>
  </testsuite>
  <testsuite name="table_ent" timestamp="2025-03-11T05:13:47Z" hostname="f8b8fc143488" tests="8" skipped="0" failures="0" errors="0" time="13.063">
    <testcase time="3.369" classname="table_ent" name="ENT01_IT_is_produced_correctly"/>
    <testcase time="0.810000000000002" classname="table_ent" name="ENT01_IT_is_produced_correctly"/>
    <testcase time="2.01899999999999" classname="table_ent" name="ENT01a_IT_is_produced_correctly"/>
    <testcase time="0.513000000000005" classname="table_ent" name="ENT01a_IT_is_produced_correctly"/>
    <testcase time="3.16499999999999" classname="table_ent" name="ENT02_IT_is_produced_correctly"/>
    <testcase time="0.560000000000002" classname="table_ent" name="ENT02_IT_is_produced_correctly"/>
    <testcase time="2.071" classname="table_ent" name="ENT02a_IT_is_produced_correctly"/>
    <testcase time="0.556000000000012" classname="table_ent" name="ENT02a_IT_is_produced_correctly"/>
  </testsuite>
  <testsuite name="table_eudrat01" timestamp="2025-03-11T05:14:00Z" hostname="f8b8fc143488" tests="2" skipped="0" failures="0" errors="0" time="0.57">
    <testcase time="0.442999999999984" classname="table_eudrat01" name="EUDRAT01_is_produced_correctly"/>
    <testcase time="0.12700000000001" classname="table_eudrat01" name="EUDRAT01_is_produced_correctly"/>
  </testsuite>
  <testsuite name="table_eudrat02" timestamp="2025-03-11T05:14:01Z" hostname="f8b8fc143488" tests="2" skipped="0" failures="0" errors="0" time="0.455">
    <testcase time="0.359000000000009" classname="table_eudrat02" name="EUDRAT02_is_produced_correctly"/>
    <testcase time="0.0960000000000036" classname="table_eudrat02" name="EUDRAT02_is_produced_correctly"/>
  </testsuite>
  <testsuite name="table_ext01" timestamp="2025-03-11T05:14:01Z" hostname="f8b8fc143488" tests="12" skipped="0" failures="0" errors="0" time="1.676">
    <testcase time="0.36699999999999" classname="table_ext01" name="EXT01_default_variant_with_numeric_parameters_is_produced_correctly"/>
    <testcase time="0.163999999999987" classname="table_ext01" name="EXT01_default_variant_with_numeric_parameters_is_produced_correctly"/>
    <testcase time="0.262" classname="table_ext01" name="EXT01_variant_with_both_numeric_and_categorical_parameters"/>
    <testcase time="0.198000000000008" classname="table_ext01" name="EXT01_variant_with_both_numeric_and_categorical_parameters"/>
    <testcase time="0.149000000000001" classname="table_ext01" name="EXT01_variant_with_user_specified_categories_for_missed_doses"/>
    <testcase time="0.0370000000000061" classname="table_ext01" name="EXT01_variant_with_user_specified_categories_for_missed_doses"/>
    <testcase time="0.0190000000000055" classname="table_ext01" name="EXT01_variant_with_user_specified_categories_for_missed_doses"/>
    <testcase time="0.0889999999999986" classname="table_ext01" name="EXT01_variant_with_user_specified_categories_for_missed_doses"/>
    <testcase time="0.0190000000000055" classname="table_ext01" name="EXT01_variant_with_user_specified_categories_for_missed_doses"/>
    <testcase time="0.0190000000000055" classname="table_ext01" name="EXT01_variant_with_user_specified_categories_for_missed_doses"/>
    <testcase time="0.113" classname="table_ext01" name="EXT01_variant_with_user_specified_categories_for_missed_doses"/>
    <testcase time="0.240000000000009" classname="table_ext01" name="EXT01_variant_with_user_specified_categories_for_missed_doses"/>
  </testsuite>
  <testsuite name="table_lbt01" timestamp="2025-03-11T05:14:04Z" hostname="f8b8fc143488" tests="2" skipped="0" failures="0" errors="0" time="1.96">
    <testcase time="1.46899999999999" classname="table_lbt01" name="LBT01_default_variant_is_produced_correctly"/>
    <testcase time="0.491000000000014" classname="table_lbt01" name="LBT01_default_variant_is_produced_correctly"/>
  </testsuite>
  <testsuite name="table_lbt02" timestamp="2025-03-11T05:14:05Z" hostname="f8b8fc143488" tests="2" skipped="0" failures="0" errors="0" time="1.392">
    <testcase time="0.891999999999996" classname="table_lbt02" name="LBT02_default_variant_is_produced_correctly"/>
    <testcase time="0.5" classname="table_lbt02" name="LBT02_default_variant_is_produced_correctly"/>
  </testsuite>
  <testsuite name="table_lbt03" timestamp="2025-03-11T05:14:06Z" hostname="f8b8fc143488" tests="2" skipped="0" failures="0" errors="0" time="0.261">
    <testcase time="0.164999999999992" classname="table_lbt03" name="LBT03_default_variant_is_produced_correctly"/>
    <testcase time="0.0960000000000036" classname="table_lbt03" name="LBT03_default_variant_is_produced_correctly"/>
  </testsuite>
  <testsuite name="table_lbt04" timestamp="2025-03-11T05:14:07Z" hostname="f8b8fc143488" tests="2" skipped="0" failures="0" errors="0" time="1.225">
    <testcase time="1.035" classname="table_lbt04" name="LBT04_default_variant_is_produced_correctly"/>
    <testcase time="0.189999999999998" classname="table_lbt04" name="LBT04_default_variant_is_produced_correctly"/>
  </testsuite>
  <testsuite name="table_lbt05" timestamp="2025-03-11T05:14:08Z" hostname="f8b8fc143488" tests="6" skipped="0" failures="0" errors="0" time="6.496">
    <testcase time="2.06900000000002" classname="table_lbt05" name="LBT05_variant_1_is_produced_correctly"/>
    <testcase time="0.406999999999982" classname="table_lbt05" name="LBT05_variant_1_is_produced_correctly"/>
    <testcase time="1.40899999999999" classname="table_lbt05" name="LBT05_variant_2_is_produced_correctly"/>
    <testcase time="0.513000000000005" classname="table_lbt05" name="LBT05_variant_2_is_produced_correctly"/>
    <testcase time="1.71899999999999" classname="table_lbt05" name="LBT05_variant_4_is_produced_correctly"/>
    <testcase time="0.379000000000019" classname="table_lbt05" name="LBT05_variant_4_is_produced_correctly"/>
  </testsuite>
  <testsuite name="table_lbt06" timestamp="2025-03-11T05:14:14Z" hostname="f8b8fc143488" tests="2" skipped="0" failures="0" errors="0" time="0.512">
    <testcase time="0.330999999999989" classname="table_lbt06" name="LBT06_default_variant_is_produced_correctly"/>
    <testcase time="0.181000000000012" classname="table_lbt06" name="LBT06_default_variant_is_produced_correctly"/>
  </testsuite>
  <testsuite name="table_lbt07" timestamp="2025-03-11T05:14:15Z" hostname="f8b8fc143488" tests="2" skipped="0" failures="0" errors="0" time="2.467">
    <testcase time="2.18799999999999" classname="table_lbt07" name="LBT07_is_produced_correctly"/>
    <testcase time="0.278999999999996" classname="table_lbt07" name="LBT07_is_produced_correctly"/>
  </testsuite>
  <testsuite name="table_lbt08" timestamp="2025-03-11T05:14:17Z" hostname="f8b8fc143488" tests="2" skipped="0" failures="0" errors="0" time="0.372">
    <testcase time="0.260000000000019" classname="table_lbt08" name="LBT08_produce_correctly"/>
    <testcase time="0.111999999999995" classname="table_lbt08" name="LBT08_produce_correctly"/>
  </testsuite>
  <testsuite name="table_lbt09" timestamp="2025-03-11T05:14:18Z" hostname="f8b8fc143488" tests="4" skipped="0" failures="0" errors="0" time="0.922">
    <testcase time="0.320999999999998" classname="table_lbt09" name="LBT09_variant_1_works_as_expected"/>
    <testcase time="0.151999999999987" classname="table_lbt09" name="LBT09_variant_1_works_as_expected"/>
    <testcase time="0.288000000000011" classname="table_lbt09" name="LBT09_variant_2_works_as_expected"/>
    <testcase time="0.161000000000001" classname="table_lbt09" name="LBT09_variant_2_works_as_expected"/>
  </testsuite>
  <testsuite name="table_lbt10" timestamp="2025-03-11T05:14:19Z" hostname="f8b8fc143488" tests="4" skipped="0" failures="0" errors="0" time="1.195">
    <testcase time="0.675999999999988" classname="table_lbt10" name="LBT10_variant_1_works_as_expected"/>
    <testcase time="0.070999999999998" classname="table_lbt10" name="LBT10_variant_1_works_as_expected"/>
    <testcase time="0.388000000000005" classname="table_lbt10" name="LBT10_variant_2_works_as_expected"/>
    <testcase time="0.0600000000000023" classname="table_lbt10" name="LBT10_variant_2_works_as_expected"/>
  </testsuite>
  <testsuite name="table_lbt10_bl" timestamp="2025-03-11T05:14:20Z" hostname="f8b8fc143488" tests="4" skipped="0" failures="0" errors="0" time="0.478">
    <testcase time="0.230999999999995" classname="table_lbt10_bl" name="LBT10_BL_variant_1_works_as_expected"/>
    <testcase time="0.0700000000000216" classname="table_lbt10_bl" name="LBT10_BL_variant_1_works_as_expected"/>
    <testcase time="0.118000000000023" classname="table_lbt10_bl" name="LBT10_BL_variant_2_works_as_expected"/>
    <testcase time="0.0589999999999975" classname="table_lbt10_bl" name="LBT10_BL_variant_2_works_as_expected"/>
  </testsuite>
  <testsuite name="table_lbt11" timestamp="2025-03-11T05:14:20Z" hostname="f8b8fc143488" tests="6" skipped="0" failures="0" errors="0" time="0.71">
    <testcase time="0.179000000000002" classname="table_lbt11" name="LBT11_variant_1_works_as_expected"/>
    <testcase time="0.0939999999999941" classname="table_lbt11" name="LBT11_variant_1_works_as_expected"/>
    <testcase time="0.0879999999999939" classname="table_lbt11" name="LBT11_variant_2_works_as_expected"/>
    <testcase time="0.0869999999999891" classname="table_lbt11" name="LBT11_variant_2_works_as_expected"/>
    <testcase time="0.146000000000015" classname="table_lbt11" name="LBT11_variant_3_works_as_expected"/>
    <testcase time="0.115999999999985" classname="table_lbt11" name="LBT11_variant_3_works_as_expected"/>
  </testsuite>
  <testsuite name="table_lbt11_bl" timestamp="2025-03-11T05:14:21Z" hostname="f8b8fc143488" tests="6" skipped="0" failures="0" errors="0" time="0.78">
    <testcase time="0.195000000000022" classname="table_lbt11_bl" name="LBT11_BL_variant_1_works_as_expected"/>
    <testcase time="0.0929999999999893" classname="table_lbt11_bl" name="LBT11_BL_variant_1_works_as_expected"/>
    <testcase time="0.102000000000004" classname="table_lbt11_bl" name="LBT11_BL_variant_2_works_as_expected"/>
    <testcase time="0.0859999999999843" classname="table_lbt11_bl" name="LBT11_BL_variant_2_works_as_expected"/>
    <testcase time="0.194000000000017" classname="table_lbt11_bl" name="LBT11_BL_variant_3_works_as_expected"/>
    <testcase time="0.109999999999985" classname="table_lbt11_bl" name="LBT11_BL_variant_3_works_as_expected"/>
  </testsuite>
  <testsuite name="table_lbt12" timestamp="2025-03-11T05:14:22Z" hostname="f8b8fc143488" tests="2" skipped="0" failures="0" errors="0" time="0.393">
    <testcase time="0.298000000000002" classname="table_lbt12" name="LBT12_works_as_expected"/>
    <testcase time="0.0949999999999989" classname="table_lbt12" name="LBT12_works_as_expected"/>
  </testsuite>
  <testsuite name="table_lbt12_bl" timestamp="2025-03-11T05:14:22Z" hostname="f8b8fc143488" tests="2" skipped="0" failures="0" errors="0" time="0.354">
    <testcase time="0.278999999999996" classname="table_lbt12_bl" name="LBT12_BL_works_as_expected"/>
    <testcase time="0.0750000000000171" classname="table_lbt12_bl" name="LBT12_BL_works_as_expected"/>
  </testsuite>
  <testsuite name="table_lbt13" timestamp="2025-03-11T05:14:23Z" hostname="f8b8fc143488" tests="10" skipped="0" failures="0" errors="0" time="2.253">
    <testcase time="0.804000000000002" classname="table_lbt13" name="LBT13_variant_1_LOW_works_as_expected"/>
    <testcase time="0.0849999999999795" classname="table_lbt13" name="LBT13_variant_1_LOW_works_as_expected"/>
    <testcase time="0.146000000000015" classname="table_lbt13" name="LBT13_variant_2_HIGH_works_as_expected"/>
    <testcase time="0.0649999999999977" classname="table_lbt13" name="LBT13_variant_2_HIGH_works_as_expected"/>
    <testcase time="0.230999999999995" classname="table_lbt13" name="LBT13_variant_3_LOW_without_baseline_missing_works_as_expected"/>
    <testcase time="0.0970000000000084" classname="table_lbt13" name="LBT13_variant_3_LOW_without_baseline_missing_works_as_expected"/>
    <testcase time="0.133999999999986" classname="table_lbt13" name="LBT13_variant_4_HIGH_with_missing_baseline_considered_as_grade_0_works_as_expected"/>
    <testcase time="0.0630000000000166" classname="table_lbt13" name="LBT13_variant_4_HIGH_with_missing_baseline_considered_as_grade_0_works_as_expected"/>
    <testcase time="0.405000000000001" classname="table_lbt13" name="LBT14_variant_5_HIGH_with_filled_in_grades_works_as_expected"/>
    <testcase time="0.222999999999985" classname="table_lbt13" name="LBT14_variant_5_HIGH_with_filled_in_grades_works_as_expected"/>
  </testsuite>
  <testsuite name="table_lbt14" timestamp="2025-03-11T05:14:25Z" hostname="f8b8fc143488" tests="10" skipped="0" failures="0" errors="0" time="27.595">
    <testcase time="5.58199999999999" classname="table_lbt14" name="LBT14_variant_1_HIGH_works_as_expected"/>
    <testcase time="0.456999999999994" classname="table_lbt14" name="LBT14_variant_1_HIGH_works_as_expected"/>
    <testcase time="5.02300000000002" classname="table_lbt14" name="LBT14_variant_2_LOW_works_as_expected"/>
    <testcase time="0.311999999999983" classname="table_lbt14" name="LBT14_variant_2_LOW_works_as_expected"/>
    <testcase time="3.309" classname="table_lbt14" name="LBT14_variant_3_LOW_without_baseline_missing_works_as_expected"/>
    <testcase time="0.412000000000006" classname="table_lbt14" name="LBT14_variant_3_LOW_without_baseline_missing_works_as_expected"/>
    <testcase time="4.78800000000001" classname="table_lbt14" name="LBT14_variant_4_LOW_and_force_1_missing_both_baseline_and_post_baseline_then_force_the_missing_baseline_as_0_as_expected"/>
    <testcase time="0.240999999999985" classname="table_lbt14" name="LBT14_variant_4_LOW_and_force_1_missing_both_baseline_and_post_baseline_then_force_the_missing_baseline_as_0_as_expected"/>
    <testcase time="4.81999999999999" classname="table_lbt14" name="LBT14_variant_5_HIGH_with_fillings_works_as_expected"/>
    <testcase time="2.65100000000001" classname="table_lbt14" name="LBT14_variant_5_HIGH_with_fillings_works_as_expected"/>
  </testsuite>
  <testsuite name="table_lbt15" timestamp="2025-03-11T05:14:52Z" hostname="f8b8fc143488" tests="4" skipped="0" failures="0" errors="0" time="1.465">
    <testcase time="0.581999999999994" classname="table_lbt15" name="LBT15_variant_1_works_as_expected"/>
    <testcase time="0.197000000000003" classname="table_lbt15" name="LBT15_variant_1_works_as_expected"/>
    <testcase time="0.50200000000001" classname="table_lbt15" name="LBT15_variant_2_works_as_expected"/>
    <testcase time="0.183999999999997" classname="table_lbt15" name="LBT15_variant_2_works_as_expected"/>
  </testsuite>
  <testsuite name="table_lgrt02" timestamp="2025-03-11T05:14:54Z" hostname="f8b8fc143488" tests="8" skipped="0" failures="0" errors="0" time="2.749">
    <testcase time="0.484000000000009" classname="table_lgrt02" name="LGRT02_without_interaction_term_is_produced_correctly"/>
    <testcase time="0.138999999999982" classname="table_lgrt02" name="LGRT02_without_interaction_term_is_produced_correctly"/>
    <testcase time="0.579000000000008" classname="table_lgrt02" name="LGRT02_with_categorical_interaction_is_produced_correctly"/>
    <testcase time="0.176999999999992" classname="table_lgrt02" name="LGRT02_with_categorical_interaction_is_produced_correctly"/>
    <testcase time="0.566000000000003" classname="table_lgrt02" name="LGRT02_with_continuous_interaction_is_produced_correctly"/>
    <testcase time="0.192000000000007" classname="table_lgrt02" name="LGRT02_with_continuous_interaction_is_produced_correctly"/>
    <testcase time="0.459000000000003" classname="table_lgrt02" name="LGRT02_with_setting_values_indicating_an_event_and_custom_alpha_level_is_produced_correctly"/>
    <testcase time="0.152999999999992" classname="table_lgrt02" name="LGRT02_with_setting_values_indicating_an_event_and_custom_alpha_level_is_produced_correctly"/>
  </testsuite>
  <testsuite name="table_mht01" timestamp="2025-03-11T05:14:57Z" hostname="f8b8fc143488" tests="8" skipped="0" failures="0" errors="0" time="1.483">
    <testcase time="0.300000000000011" classname="table_mht01" name="MHT01_variant_1_is_produced_accurately"/>
    <testcase time="0.143999999999977" classname="table_mht01" name="MHT01_variant_1_is_produced_accurately"/>
    <testcase time="0.0960000000000036" classname="table_mht01" name="MHT01_variant_2_is_produced_accurately"/>
    <testcase time="0.0860000000000127" classname="table_mht01" name="MHT01_variant_2_is_produced_accurately"/>
    <testcase time="0.25" classname="table_mht01" name="MHT01_variant_3_is_produced_accurately"/>
    <testcase time="0.114000000000004" classname="table_mht01" name="MHT01_variant_3_is_produced_accurately"/>
    <testcase time="0.340000000000003" classname="table_mht01" name="MHT01_variant_5_is_produced_accurately"/>
    <testcase time="0.152999999999992" classname="table_mht01" name="MHT01_variant_5_is_produced_accurately"/>
  </testsuite>
  <testsuite name="table_onct05" timestamp="2025-03-11T05:14:58Z" hostname="f8b8fc143488" tests="10" skipped="0" failures="0" errors="0" time="2.687">
    <testcase time="0.478999999999985" classname="table_onct05" name="ONCT05_variant_1_Objective_Response_Rate_by_Subgroup_is_produced_correctly"/>
    <testcase time="0.111000000000018" classname="table_onct05" name="ONCT05_variant_1_Objective_Response_Rate_by_Subgroup_is_produced_correctly"/>
    <testcase time="0.468999999999994" classname="table_onct05" name="ONCT05_variant_2_Specifying_class_variables_is_produced_correctly"/>
    <testcase time="0.13900000000001" classname="table_onct05" name="ONCT05_variant_2_Specifying_class_variables_is_produced_correctly"/>
    <testcase time="0.212999999999994" classname="table_onct05" name="ONCT05_variant_3_selecting_columns_and_changing_the_alpha_level_is_produced_correctly"/>
    <testcase time="0.0840000000000032" classname="table_onct05" name="ONCT05_variant_3_selecting_columns_and_changing_the_alpha_level_is_produced_correctly"/>
    <testcase time="0.449999999999989" classname="table_onct05" name="ONCT05_variant_4_setting_values_indicating_response_is_produced_correctly"/>
    <testcase time="0.12700000000001" classname="table_onct05" name="ONCT05_variant_4_setting_values_indicating_response_is_produced_correctly"/>
    <testcase time="0.496999999999986" classname="table_onct05" name="ONCT05_with_risk_difference_column_is_produced_correctly"/>
    <testcase time="0.117999999999995" classname="table_onct05" name="ONCT05_with_risk_difference_column_is_produced_correctly"/>
  </testsuite>
  <testsuite name="table_pdt01" timestamp="2025-03-11T05:15:01Z" hostname="f8b8fc143488" tests="2" skipped="0" failures="0" errors="0" time="0.425">
    <testcase time="0.273000000000025" classname="table_pdt01" name="PDT01_is_produced_correctly"/>
    <testcase time="0.151999999999987" classname="table_pdt01" name="PDT01_is_produced_correctly"/>
  </testsuite>
  <testsuite name="table_pdt02" timestamp="2025-03-11T05:15:01Z" hostname="f8b8fc143488" tests="2" skipped="0" failures="0" errors="0" time="0.247">
    <testcase time="0.169999999999987" classname="table_pdt02" name="PDT02_is_produced_correctly"/>
    <testcase time="0.0770000000000266" classname="table_pdt02" name="PDT02_is_produced_correctly"/>
  </testsuite>
  <testsuite name="table_pkct01" timestamp="2025-03-11T05:15:01Z" hostname="f8b8fc143488" tests="10" skipped="0" failures="0" errors="0" time="3.351">
    <testcase time="0.282999999999987" classname="table_pkct01" name="PKCT01_is_produced_correctly"/>
    <testcase time="0.110000000000014" classname="table_pkct01" name="PKCT01_is_produced_correctly"/>
    <testcase time="0.133999999999986" classname="table_pkct01" name="PKCT01_is_produced_correctly"/>
    <testcase time="0.0569999999999879" classname="table_pkct01" name="PKCT01_is_produced_correctly"/>
    <testcase time="1.04300000000001" classname="table_pkct01" name="Specific_PKCT01_features_are_present"/>
    <testcase time="0.229000000000013" classname="table_pkct01" name="Specific_PKCT01_features_are_present"/>
    <testcase time="0.206999999999994" classname="table_pkct01" name="Specific_PKCT01_features_are_present"/>
    <testcase time="0.0029999999999859" classname="table_pkct01" name="Specific_PKCT01_features_are_present"/>
    <testcase time="0.703000000000003" classname="table_pkct01" name="Specific_PKCT01_features_are_present"/>
    <testcase time="0.582000000000022" classname="table_pkct01" name="Specific_PKCT01_features_are_present"/>
  </testsuite>
  <testsuite name="table_pkpt02" timestamp="2025-03-11T05:15:05Z" hostname="f8b8fc143488" tests="2" skipped="0" failures="0" errors="0" time="0.598">
    <testcase time="0.335999999999984" classname="table_pkpt02" name="PKPT02_is_produced_correctly_for_Drug_X"/>
    <testcase time="0.262" classname="table_pkpt02" name="PKPT02_is_produced_correctly_for_Drug_X"/>
  </testsuite>
  <testsuite name="table_pkpt03" timestamp="2025-03-11T05:15:05Z" hostname="f8b8fc143488" tests="2" skipped="0" failures="0" errors="0" time="1.165">
    <testcase time="0.961999999999989" classname="table_pkpt03" name="PKPT03_Drug_X_is_produced_correctly"/>
    <testcase time="0.203000000000003" classname="table_pkpt03" name="PKPT03_Drug_X_is_produced_correctly"/>
  </testsuite>
  <testsuite name="table_pkpt04" timestamp="2025-03-11T05:15:07Z" hostname="f8b8fc143488" tests="2" skipped="0" failures="0" errors="0" time="0.202">
    <testcase time="0.105000000000018" classname="table_pkpt04" name="PKPT04_is_produced_correctly_for_Drug_X"/>
    <testcase time="0.09699999999998" classname="table_pkpt04" name="PKPT04_is_produced_correctly_for_Drug_X"/>
  </testsuite>
  <testsuite name="table_pkpt05" timestamp="2025-03-11T05:15:07Z" hostname="f8b8fc143488" tests="2" skipped="0" failures="0" errors="0" time="0.421">
    <testcase time="0.311000000000007" classname="table_pkpt05" name="PKPT05_Drug_X_is_produced_correctly"/>
    <testcase time="0.110000000000014" classname="table_pkpt05" name="PKPT05_Drug_X_is_produced_correctly"/>
  </testsuite>
  <testsuite name="table_pkpt06" timestamp="2025-03-11T05:15:07Z" hostname="f8b8fc143488" tests="4" skipped="0" failures="0" errors="0" time="0.284">
    <testcase time="0.11099999999999" classname="table_pkpt06" name="PKPT06_is_produced_correctly_for_Drug_X"/>
    <testcase time="0.0649999999999977" classname="table_pkpt06" name="PKPT06_is_produced_correctly_for_Drug_X"/>
    <testcase time="0.0519999999999925" classname="table_pkpt06" name="PKPT06_is_produced_correctly_for_Drug_Y"/>
    <testcase time="0.0560000000000116" classname="table_pkpt06" name="PKPT06_is_produced_correctly_for_Drug_Y"/>
  </testsuite>
  <testsuite name="table_pkpt07" timestamp="2025-03-11T05:15:07Z" hostname="f8b8fc143488" tests="4" skipped="0" failures="0" errors="0" time="0.59">
    <testcase time="0.227000000000004" classname="table_pkpt07" name="PKPT07_Drug_X_is_produced_correctly"/>
    <testcase time="0.123999999999995" classname="table_pkpt07" name="PKPT07_Drug_X_is_produced_correctly"/>
    <testcase time="0.12299999999999" classname="table_pkpt07" name="PKPT07_Drug_Y_is_produced_correctly"/>
    <testcase time="0.116000000000014" classname="table_pkpt07" name="PKPT07_Drug_Y_is_produced_correctly"/>
  </testsuite>
  <testsuite name="table_ratet01" timestamp="2025-03-11T05:15:08Z" hostname="f8b8fc143488" tests="2" skipped="0" failures="0" errors="0" time="1.332">
    <testcase time="1.15199999999999" classname="table_ratet01" name="RATET01_is_produced_correctly"/>
    <testcase time="0.180000000000007" classname="table_ratet01" name="RATET01_is_produced_correctly"/>
  </testsuite>
  <testsuite name="table_rmpt01" timestamp="2025-03-11T05:15:09Z" hostname="f8b8fc143488" tests="2" skipped="0" failures="0" errors="0" time="0.244">
    <testcase time="0.183999999999997" classname="table_rmpt01" name="RMPT01_is_produced_correctly"/>
    <testcase time="0.0600000000000023" classname="table_rmpt01" name="RMPT01_is_produced_correctly"/>
  </testsuite>
  <testsuite name="table_rmpt03" timestamp="2025-03-11T05:15:10Z" hostname="f8b8fc143488" tests="4" skipped="0" failures="0" errors="0" time="0.603">
    <testcase time="0.225999999999999" classname="table_rmpt03" name="RMPT03_variant_1_is_produced_correctly"/>
    <testcase time="0.103000000000009" classname="table_rmpt03" name="RMPT03_variant_1_is_produced_correctly"/>
    <testcase time="0.163999999999987" classname="table_rmpt03" name="RMPT03_variant_2_is_produced_correctly"/>
    <testcase time="0.110000000000014" classname="table_rmpt03" name="RMPT03_variant_2_is_produced_correctly"/>
  </testsuite>
  <testsuite name="table_rmpt04" timestamp="2025-03-11T05:15:10Z" hostname="f8b8fc143488" tests="2" skipped="0" failures="0" errors="0" time="0.226">
    <testcase time="0.143000000000001" classname="table_rmpt04" name="RMPT04_variant_1_is_produced_correctly"/>
    <testcase time="0.0829999999999984" classname="table_rmpt04" name="RMPT04_variant_1_is_produced_correctly"/>
  </testsuite>
  <testsuite name="table_rmpt05" timestamp="2025-03-11T05:15:10Z" hostname="f8b8fc143488" tests="2" skipped="0" failures="0" errors="0" time="0.248">
    <testcase time="0.155000000000001" classname="table_rmpt05" name="RMPT05_is_produced_correctly"/>
    <testcase time="0.0929999999999893" classname="table_rmpt05" name="RMPT05_is_produced_correctly"/>
  </testsuite>
  <testsuite name="table_rmpt06" timestamp="2025-03-11T05:15:11Z" hostname="f8b8fc143488" tests="8" skipped="0" failures="0" errors="0" time="1.739">
    <testcase time="0.564999999999998" classname="table_rmpt06" name="RMPT06_variant_1_is_produced_correctly"/>
    <testcase time="0.108000000000004" classname="table_rmpt06" name="RMPT06_variant_1_is_produced_correctly"/>
    <testcase time="0.194999999999993" classname="table_rmpt06" name="RMPT06_variant_2_is_produced_correctly"/>
    <testcase time="0.092000000000013" classname="table_rmpt06" name="RMPT06_variant_2_is_produced_correctly"/>
    <testcase time="0.272999999999996" classname="table_rmpt06" name="RMPT06_variant_3_is_produced_correctly"/>
    <testcase time="0.111999999999995" classname="table_rmpt06" name="RMPT06_variant_3_is_produced_correctly"/>
    <testcase time="0.274000000000001" classname="table_rmpt06" name="RMPT06_variant_4_is_produced_correctly"/>
    <testcase time="0.120000000000005" classname="table_rmpt06" name="RMPT06_variant_4_is_produced_correctly"/>
  </testsuite>
  <testsuite name="table_rspt01" timestamp="2025-03-11T05:15:12Z" hostname="f8b8fc143488" tests="12" skipped="0" failures="0" errors="0" time="2.195">
    <testcase time="0.262" classname="table_rspt01" name="RSPT01_1._Best_Overall_Response"/>
    <testcase time="0.117999999999995" classname="table_rspt01" name="RSPT01_1._Best_Overall_Response"/>
    <testcase time="0.224000000000018" classname="table_rspt01" name="RSPT01_2._Best_Overall_Response_selecting_sections_to_display_"/>
    <testcase time="0.103999999999985" classname="table_rspt01" name="RSPT01_2._Best_Overall_Response_selecting_sections_to_display_"/>
    <testcase time="0.289999999999992" classname="table_rspt01" name="RSPT01_3._Best_Overall_Response_modifying_settings_"/>
    <testcase time="0.114000000000004" classname="table_rspt01" name="RSPT01_3._Best_Overall_Response_modifying_settings_"/>
    <testcase time="0.307999999999993" classname="table_rspt01" name="RSPT01_4._Best_Overall_Response_with_stratified_analysis_"/>
    <testcase time="0.134000000000015" classname="table_rspt01" name="RSPT01_4._Best_Overall_Response_with_stratified_analysis_"/>
    <testcase time="0.24199999999999" classname="table_rspt01" name="RSPT01_5._Best_Overall_Response_modifying_the_definition_of_overall_response_"/>
    <testcase time="0.109000000000009" classname="table_rspt01" name="RSPT01_5._Best_Overall_Response_modifying_the_definition_of_overall_response_"/>
    <testcase time="0.195999999999998" classname="table_rspt01" name="RSPT01_6._Best_Overall_Response_define_new_sections_to_display_"/>
    <testcase time="0.0939999999999941" classname="table_rspt01" name="RSPT01_6._Best_Overall_Response_define_new_sections_to_display_"/>
  </testsuite>
  <testsuite name="table_ttet01" timestamp="2025-03-11T05:15:15Z" hostname="f8b8fc143488" tests="14" skipped="0" failures="0" errors="0" time="3.32">
    <testcase time="0.371000000000009" classname="table_ttet01" name="TTET01_default_variant_is_produced_correctly"/>
    <testcase time="0.165999999999997" classname="table_ttet01" name="TTET01_default_variant_is_produced_correctly"/>
    <testcase time="0.366000000000014" classname="table_ttet01" name="TTET01_default_variant_with_Placebo_arm"/>
    <testcase time="0.169999999999987" classname="table_ttet01" name="TTET01_default_variant_with_Placebo_arm"/>
    <testcase time="0.204000000000008" classname="table_ttet01" name="TTET01_variant_2_selecting_sections_to_display"/>
    <testcase time="0.113" classname="table_ttet01" name="TTET01_variant_2_selecting_sections_to_display"/>
    <testcase time="0.330999999999989" classname="table_ttet01" name="TTET01_variant_3_modifying_analysis_details_like_conftype_ties_alpha_level"/>
    <testcase time="0.140000000000015" classname="table_ttet01" name="TTET01_variant_3_modifying_analysis_details_like_conftype_ties_alpha_level"/>
    <testcase time="0.34899999999999" classname="table_ttet01" name="TTET01_variant_4_with_stratified_analysis"/>
    <testcase time="0.150000000000006" classname="table_ttet01" name="TTET01_variant_4_with_stratified_analysis"/>
    <testcase time="0.296999999999997" classname="table_ttet01" name="TTET01_variant_5_modifying_time_point"/>
    <testcase time="0.144000000000005" classname="table_ttet01" name="TTET01_variant_5_modifying_time_point"/>
    <testcase time="0.375" classname="table_ttet01" name="TTET01_variant_6_requesting_more_than_one_p_value"/>
    <testcase time="0.144000000000005" classname="table_ttet01" name="TTET01_variant_6_requesting_more_than_one_p_value"/>
  </testsuite>
  <testsuite name="table_vst01" timestamp="2025-03-11T05:15:19Z" hostname="f8b8fc143488" tests="2" skipped="0" failures="0" errors="0" time="2.243">
    <testcase time="1.81899999999999" classname="table_vst01" name="VST01_default_variant_is_produced_correctly"/>
    <testcase time="0.424000000000007" classname="table_vst01" name="VST01_default_variant_is_produced_correctly"/>
  </testsuite>
  <testsuite name="table_vst02" timestamp="2025-03-11T05:15:21Z" hostname="f8b8fc143488" tests="4" skipped="0" failures="0" errors="0" time="1.578">
    <testcase time="1.113" classname="table_vst02" name="1._Vital_Sign_Abnormalities_Regardless_of_Abnormality_at_Baseline_VST02_1_"/>
    <testcase time="0.11099999999999" classname="table_vst02" name="1._Vital_Sign_Abnormalities_Regardless_of_Abnormality_at_Baseline_VST02_1_"/>
    <testcase time="0.253999999999991" classname="table_vst02" name="2._Vital_Sign_Abnormalities_Among_Subject_Without_Abnormality_at_Baseline_VST02_2_"/>
    <testcase time="0.100000000000023" classname="table_vst02" name="2._Vital_Sign_Abnormalities_Among_Subject_Without_Abnormality_at_Baseline_VST02_2_"/>
  </testsuite>
</testsuites>
