<?xml version="1.0" encoding="UTF-8"?>
<testsuites>
  <testsuite name="listing_adal02" timestamp="2025-03-11T03:43:14Z" hostname="8df754c60746" tests="1" skipped="0" failures="0" errors="0" time="0.258">
    <testcase time="0.258" classname="listing_adal02" name="ADAL02_listing_is_produced_correctly"/>
  </testsuite>
  <testsuite name="listing_ael01" timestamp="2025-03-11T03:43:14Z" hostname="8df754c60746" tests="1" skipped="0" failures="0" errors="0" time="0.203">
    <testcase time="0.203" classname="listing_ael01" name="AEL01_listing_is_produced_correctly"/>
  </testsuite>
  <testsuite name="listing_ael01_nollt" timestamp="2025-03-11T03:43:14Z" hostname="8df754c60746" tests="1" skipped="0" failures="0" errors="0" time="0.073">
    <testcase time="0.0729999999999995" classname="listing_ael01_nollt" name="AEL01_NOLLT_listing_is_produced_correctly"/>
  </testsuite>
  <testsuite name="listing_ael02" timestamp="2025-03-11T03:43:15Z" hostname="8df754c60746" tests="1" skipped="0" failures="0" errors="0" time="0.297">
    <testcase time="0.297000000000001" classname="listing_ael02" name="AEL02_listing_is_produced_correctly"/>
  </testsuite>
  <testsuite name="listing_ael02_ed" timestamp="2025-03-11T03:43:15Z" hostname="8df754c60746" tests="1" skipped="0" failures="0" errors="0" time="0.347">
    <testcase time="0.347" classname="listing_ael02_ed" name="AEL02_ED_listing_is_produced_correctly"/>
  </testsuite>
  <testsuite name="listing_ael03" timestamp="2025-03-11T03:43:15Z" hostname="8df754c60746" tests="1" skipped="0" failures="0" errors="0" time="0.288">
    <testcase time="0.288" classname="listing_ael03" name="AEL03_listing_is_produced_correctly"/>
  </testsuite>
  <testsuite name="listing_ael04" timestamp="2025-03-11T03:43:15Z" hostname="8df754c60746" tests="1" skipped="0" failures="0" errors="0" time="0.202">
    <testcase time="0.202" classname="listing_ael04" name="AEL04_listing_is_produced_correctly"/>
  </testsuite>
  <testsuite name="listing_cml01" timestamp="2025-03-11T03:43:16Z" hostname="8df754c60746" tests="1" skipped="0" failures="0" errors="0" time="0.344">
    <testcase time="0.343999999999999" classname="listing_cml01" name="CML01_listing_is_produced_correctly"/>
  </testsuite>
  <testsuite name="listing_cml02a_gl" timestamp="2025-03-11T03:43:16Z" hostname="8df754c60746" tests="1" skipped="0" failures="0" errors="0" time="0.124">
    <testcase time="0.124000000000001" classname="listing_cml02a_gl" name="CML02A_GL_listing_is_produced_correctly"/>
  </testsuite>
  <testsuite name="listing_cml02b_gl" timestamp="2025-03-11T03:43:16Z" hostname="8df754c60746" tests="1" skipped="0" failures="0" errors="0" time="0.17">
    <testcase time="0.17" classname="listing_cml02b_gl" name="CML02B_GL_listing_is_produced_correctly"/>
  </testsuite>
  <testsuite name="listing_dsl01" timestamp="2025-03-11T03:43:16Z" hostname="8df754c60746" tests="1" skipped="0" failures="0" errors="0" time="0.185">
    <testcase time="0.185" classname="listing_dsl01" name="DSL01_listing_is_produced_correctly"/>
  </testsuite>
  <testsuite name="listing_dsl02" timestamp="2025-03-11T03:43:16Z" hostname="8df754c60746" tests="1" skipped="0" failures="0" errors="0" time="0.076">
    <testcase time="0.0759999999999987" classname="listing_dsl02" name="DSL02_listing_is_produced_correctly"/>
  </testsuite>
  <testsuite name="listing_dsur4" timestamp="2025-03-11T03:43:17Z" hostname="8df754c60746" tests="1" skipped="0" failures="0" errors="0" time="0.113">
    <testcase time="0.113000000000001" classname="listing_dsur4" name="DSUR4_listing_is_produced_correctly"/>
  </testsuite>
  <testsuite name="listing_egl01" timestamp="2025-03-11T03:43:17Z" hostname="8df754c60746" tests="1" skipped="0" failures="0" errors="0" time="0.417">
    <testcase time="0.417" classname="listing_egl01" name="EGL01_listing_is_produced_correctly"/>
  </testsuite>
  <testsuite name="listing_exl01" timestamp="2025-03-11T03:43:17Z" hostname="8df754c60746" tests="1" skipped="0" failures="0" errors="0" time="0.221">
    <testcase time="0.221" classname="listing_exl01" name="EXL01_listing_is_produced_correctly"/>
  </testsuite>
  <testsuite name="listing_lbl01" timestamp="2025-03-11T03:43:17Z" hostname="8df754c60746" tests="1" skipped="0" failures="0" errors="0" time="0.532">
    <testcase time="0.532" classname="listing_lbl01" name="LBL01_listing_is_produced_correctly"/>
  </testsuite>
  <testsuite name="listing_lbl01_rls" timestamp="2025-03-11T03:43:18Z" hostname="8df754c60746" tests="1" skipped="0" failures="0" errors="0" time="0.525">
    <testcase time="0.525" classname="listing_lbl01_rls" name="LBL01_RLS_listing_is_produced_correctly"/>
  </testsuite>
  <testsuite name="listing_lbl02a" timestamp="2025-03-11T03:43:18Z" hostname="8df754c60746" tests="1" skipped="0" failures="0" errors="0" time="0.258">
    <testcase time="0.257999999999999" classname="listing_lbl02a" name="LBL02A_listing_is_produced_correctly"/>
  </testsuite>
  <testsuite name="listing_lbl02a_rls" timestamp="2025-03-11T03:43:19Z" hostname="8df754c60746" tests="1" skipped="0" failures="0" errors="0" time="0.794">
    <testcase time="0.794" classname="listing_lbl02a_rls" name="LBL02A_RLS_listing_is_produced_correctly"/>
  </testsuite>
  <testsuite name="listing_lbl02b" timestamp="2025-03-11T03:43:19Z" hostname="8df754c60746" tests="1" skipped="0" failures="0" errors="0" time="0.265">
    <testcase time="0.265000000000001" classname="listing_lbl02b" name="LBL02B_listing_is_produced_correctly"/>
  </testsuite>
  <testsuite name="listing_mhl01" timestamp="2025-03-11T03:43:20Z" hostname="8df754c60746" tests="1" skipped="0" failures="0" errors="0" time="0.265">
    <testcase time="0.265000000000001" classname="listing_mhl01" name="MHL01_listing_is_produced_correctly"/>
  </testsuite>
  <testsuite name="listing_oncl01" timestamp="2025-03-11T03:43:20Z" hostname="8df754c60746" tests="1" skipped="0" failures="0" errors="0" time="0.249">
    <testcase time="0.248999999999999" classname="listing_oncl01" name="ONCL01_listing_is_produced_correctly"/>
  </testsuite>
  <testsuite name="listing_pkcl01" timestamp="2025-03-11T03:43:20Z" hostname="8df754c60746" tests="2" skipped="0" failures="0" errors="0" time="0.718">
    <testcase time="0.204000000000001" classname="listing_pkcl01" name="PKCL01_listing_is_produced_correctly"/>
    <testcase time="0.513999999999999" classname="listing_pkcl01" name="PKCL01_listing_key_columns_values_are_repeated_when_entries_span_multiple_pages"/>
  </testsuite>
  <testsuite name="listing_pkcl02" timestamp="2025-03-11T03:43:21Z" hostname="8df754c60746" tests="1" skipped="0" failures="0" errors="0" time="0.206">
    <testcase time="0.206000000000001" classname="listing_pkcl02" name="PKCL02_listing_is_produced_correctly"/>
  </testsuite>
  <testsuite name="listing_pkpl01" timestamp="2025-03-11T03:43:21Z" hostname="8df754c60746" tests="1" skipped="0" failures="0" errors="0" time="0.253">
    <testcase time="0.252999999999998" classname="listing_pkpl01" name="PKPL01_listing_is_produced_correctly"/>
  </testsuite>
  <testsuite name="listing_pkpl02" timestamp="2025-03-11T03:43:21Z" hostname="8df754c60746" tests="1" skipped="0" failures="0" errors="0" time="0.167">
    <testcase time="0.167000000000002" classname="listing_pkpl02" name="PKPL02_listing_is_produced_correctly"/>
  </testsuite>
  <testsuite name="listing_pkpl04" timestamp="2025-03-11T03:43:22Z" hostname="8df754c60746" tests="1" skipped="0" failures="0" errors="0" time="0.203">
    <testcase time="0.202999999999999" classname="listing_pkpl04" name="PKPL04_listing_is_produced_correctly"/>
  </testsuite>
  <testsuite name="listing_vsl01" timestamp="2025-03-11T03:43:22Z" hostname="8df754c60746" tests="1" skipped="0" failures="0" errors="0" time="0.451">
    <testcase time="0.451000000000001" classname="listing_vsl01" name="VSL01_listing_is_produced_correctly"/>
  </testsuite>
  <testsuite name="pagination_listing" timestamp="2025-03-11T03:43:22Z" hostname="8df754c60746" tests="13" skipped="0" failures="0" errors="0" time="5.951">
    <testcase time="0.0299999999999994" classname="pagination_listing" name="Direct_pagination_works_fine"/>
    <testcase time="1.015" classname="pagination_listing" name="Direct_pagination_works_fine"/>
    <testcase time="0.00300000000000011" classname="pagination_listing" name="Direct_pagination_works_fine"/>
    <testcase time="0.923999999999999" classname="pagination_listing" name="Direct_pagination_works_fine"/>
    <testcase time="1.42" classname="pagination_listing" name="Direct_pagination_works_fine"/>
    <testcase time="1.256" classname="pagination_listing" name="pagination_counts_the_right_number_of_lines_when_wrapping_on_keycols_is_present"/>
    <testcase time="0.00600000000000023" classname="pagination_listing" name="pagination_counts_the_right_number_of_lines_when_wrapping_on_keycols_is_present"/>
    <testcase time="0.00500000000000256" classname="pagination_listing" name="pagination_counts_the_right_number_of_lines_when_wrapping_on_keycols_is_present"/>
    <testcase time="0.00300000000000011" classname="pagination_listing" name="pagination_counts_the_right_number_of_lines_when_wrapping_on_keycols_is_present"/>
    <testcase time="1.277" classname="pagination_listing" name="pagination_counts_the_right_number_of_lines_when_wrapping_on_keycols_is_present"/>
    <testcase time="0.00500000000000256" classname="pagination_listing" name="pagination_counts_the_right_number_of_lines_when_wrapping_on_keycols_is_present"/>
    <testcase time="0.00399999999999778" classname="pagination_listing" name="pagination_counts_the_right_number_of_lines_when_wrapping_on_keycols_is_present"/>
    <testcase time="0.00300000000000011" classname="pagination_listing" name="pagination_counts_the_right_number_of_lines_when_wrapping_on_keycols_is_present"/>
  </testsuite>
  <testsuite name="pagination_table" timestamp="2025-03-11T03:43:29Z" hostname="8df754c60746" tests="30" skipped="0" failures="0" errors="0" time="14.358">
    <testcase time="1.712" classname="pagination_table" name="Direct_pagination_with_standard_values"/>
    <testcase time="0.00400000000000134" classname="pagination_table" name="Direct_pagination_with_standard_values"/>
    <testcase time="0.00400000000000134" classname="pagination_table" name="Direct_pagination_with_standard_values"/>
    <testcase time="1.219" classname="pagination_table" name="Pagination_with_specific_column_widths_and_minimum_lines_per_page"/>
    <testcase time="0.00400000000000134" classname="pagination_table" name="Pagination_with_specific_column_widths_and_minimum_lines_per_page"/>
    <testcase time="0.105999999999998" classname="pagination_table" name="Pagination_with_specific_column_widths_and_minimum_lines_per_page"/>
    <testcase time="1" classname="pagination_table" name="Pagination_works_also_if_table_is_decorated"/>
    <testcase time="0.578000000000003" classname="pagination_table" name="Pagination_works_also_if_table_is_decorated"/>
    <testcase time="0.818999999999999" classname="pagination_table" name="Pagination_works_also_if_table_is_decorated"/>
    <testcase time="0.672999999999998" classname="pagination_table" name="Pagination_works_also_if_table_is_decorated"/>
    <testcase time="1.468" classname="pagination_table" name="Pagination_works_also_if_table_is_decorated"/>
    <testcase time="0.326000000000001" classname="pagination_table" name="Pagination_works_also_if_table_is_decorated"/>
    <testcase time="0.00400000000000134" classname="pagination_table" name="Pagination_works_also_if_table_is_decorated"/>
    <testcase time="0.0219999999999985" classname="pagination_table" name="Pagination_works_also_if_table_is_decorated"/>
    <testcase time="0.149000000000001" classname="pagination_table" name="Pagination_works_also_if_table_is_decorated"/>
    <testcase time="0.0869999999999997" classname="pagination_table" name="Pagination_works_also_if_table_is_decorated"/>
    <testcase time="0.716000000000001" classname="pagination_table" name="Pagination_works_for_page_types"/>
    <testcase time="0.0879999999999974" classname="pagination_table" name="Pagination_works_for_page_types"/>
    <testcase time="0.725000000000001" classname="pagination_table" name="Pagination_works_for_page_types"/>
    <testcase time="0.0770000000000017" classname="pagination_table" name="Pagination_works_for_page_types"/>
    <testcase time="0.692999999999998" classname="pagination_table" name="Pagination_works_for_page_types"/>
    <testcase time="0.410000000000004" classname="pagination_table" name="Pagination_works_for_page_types"/>
    <testcase time="0.732999999999997" classname="pagination_table" name="Pagination_works_for_page_width_and_height"/>
    <testcase time="0.136000000000003" classname="pagination_table" name="Pagination_works_for_page_width_and_height"/>
    <testcase time="0.818999999999996" classname="pagination_table" name="Pagination_works_for_page_types"/>
    <testcase time="0.176000000000002" classname="pagination_table" name="Pagination_works_for_page_types"/>
    <testcase time="0.817" classname="pagination_table" name="AET04_variant_2_page_by_pagination_tests"/>
    <testcase time="0.642000000000003" classname="pagination_table" name="AET04_variant_2_page_by_pagination_tests"/>
    <testcase time="0.00199999999999534" classname="pagination_table" name="AET04_variant_2_page_by_pagination_tests"/>
    <testcase time="0.149000000000001" classname="pagination_table" name="AET04_variant_2_page_by_pagination_tests"/>
  </testsuite>
  <testsuite name="table_adat03" timestamp="2025-03-11T03:43:43Z" hostname="8df754c60746" tests="2" skipped="0" failures="0" errors="0" time="0.561">
    <testcase time="0.420000000000002" classname="table_adat03" name="ADAT03_is_produced_correctly"/>
    <testcase time="0.140999999999998" classname="table_adat03" name="ADAT03_is_produced_correctly"/>
  </testsuite>
  <testsuite name="table_aet01" timestamp="2025-03-11T03:43:43Z" hostname="8df754c60746" tests="8" skipped="0" failures="0" errors="0" time="1.953">
    <testcase time="0.387999999999998" classname="table_aet01" name="Safety_Summary_Variant_1_works_as_expected"/>
    <testcase time="0.103999999999999" classname="table_aet01" name="Safety_Summary_Variant_1_works_as_expected"/>
    <testcase time="0.338000000000001" classname="table_aet01" name="Safety_Summary_Variant_2_with_Medical_Concepts_Section_works_as_expected"/>
    <testcase time="0.331000000000003" classname="table_aet01" name="Safety_Summary_Variant_2_with_Medical_Concepts_Section_works_as_expected"/>
    <testcase time="0.238" classname="table_aet01" name="Safety_Summary_Variant_3_with_Modified_Rows_works_as_expected"/>
    <testcase time="0.0949999999999989" classname="table_aet01" name="Safety_Summary_Variant_3_with_Modified_Rows_works_as_expected"/>
    <testcase time="0.335000000000001" classname="table_aet01" name="Safety_Summary_Variant_4_with_Rows_Counting_Events_and_Additional_Sections_works_as_expected"/>
    <testcase time="0.124000000000002" classname="table_aet01" name="Safety_Summary_Variant_4_with_Rows_Counting_Events_and_Additional_Sections_works_as_expected"/>
  </testsuite>
  <testsuite name="table_aet01_aesi" timestamp="2025-03-11T03:43:45Z" hostname="8df754c60746" tests="8" skipped="0" failures="0" errors="0" time="2.555">
    <testcase time="0.265999999999998" classname="table_aet01_aesi" name="AET01_AESI_Variant_1_works_as_expected"/>
    <testcase time="0.103000000000002" classname="table_aet01_aesi" name="AET01_AESI_Variant_1_works_as_expected"/>
    <testcase time="0.436" classname="table_aet01_aesi" name="AET01_AESI_Variant_2_works_as_expected"/>
    <testcase time="0.147999999999996" classname="table_aet01_aesi" name="AET01_AESI_Variant_2_works_as_expected"/>
    <testcase time="0.635000000000005" classname="table_aet01_aesi" name="AET01_AESI_Variant_3_works_as_expected"/>
    <testcase time="0.205999999999996" classname="table_aet01_aesi" name="AET01_AESI_Variant_3_works_as_expected"/>
    <testcase time="0.548000000000002" classname="table_aet01_aesi" name="AET01_AESI_Variant_4_works_as_expected"/>
    <testcase time="0.213000000000001" classname="table_aet01_aesi" name="AET01_AESI_Variant_4_works_as_expected"/>
  </testsuite>
  <testsuite name="table_aet02" timestamp="2025-03-11T03:43:48Z" hostname="8df754c60746" tests="26" skipped="0" failures="0" errors="0" time="7.886">
    <testcase time="0.530000000000001" classname="table_aet02" name="AET02_variant_1_is_produced_correctly"/>
    <testcase time="0.18" classname="table_aet02" name="AET02_variant_1_is_produced_correctly"/>
    <testcase time="0.427" classname="table_aet02" name="AET02_variant_1_is_produced_correctly"/>
    <testcase time="0.0969999999999942" classname="table_aet02" name="AET02_variant_1_is_produced_correctly"/>
    <testcase time="0.580000000000005" classname="table_aet02" name="AET02_variant_2_is_produced_correctly"/>
    <testcase time="0.181999999999995" classname="table_aet02" name="AET02_variant_2_is_produced_correctly"/>
    <testcase time="0.876000000000005" classname="table_aet02" name="AET02_variant_3_is_produced_correctly"/>
    <testcase time="0.296999999999997" classname="table_aet02" name="AET02_variant_3_is_produced_correctly"/>
    <testcase time="0.115000000000002" classname="table_aet02" name="AET02_variant_4_is_produced_correctly"/>
    <testcase time="0.104999999999997" classname="table_aet02" name="AET02_variant_4_is_produced_correctly"/>
    <testcase time="0.392000000000003" classname="table_aet02" name="AET02_variant_5_is_produced_correctly"/>
    <testcase time="0.161999999999999" classname="table_aet02" name="AET02_variant_5_is_produced_correctly"/>
    <testcase time="0.389000000000003" classname="table_aet02" name="AET02_variant_6_is_produced_correctly"/>
    <testcase time="0.0999999999999943" classname="table_aet02" name="AET02_variant_6_is_produced_correctly"/>
    <testcase time="0.883000000000003" classname="table_aet02" name="AET02_variant_7_is_produced_correctly"/>
    <testcase time="0.145000000000003" classname="table_aet02" name="AET02_variant_7_is_produced_correctly"/>
    <testcase time="0.403999999999996" classname="table_aet02" name="AET02_variant_8_is_produced_correctly"/>
    <testcase time="0.0750000000000028" classname="table_aet02" name="AET02_variant_8_is_produced_correctly"/>
    <testcase time="0.388999999999996" classname="table_aet02" name="AET02_variant_9_is_produced_correctly"/>
    <testcase time="0.111000000000004" classname="table_aet02" name="AET02_variant_9_is_produced_correctly"/>
    <testcase time="0.396999999999998" classname="table_aet02" name="AET02_variant_10_is_produced_correctly"/>
    <testcase time="0.097999999999999" classname="table_aet02" name="AET02_variant_10_is_produced_correctly"/>
    <testcase time="0.393000000000001" classname="table_aet02" name="AET02_variant_11_is_produced_correctly"/>
    <testcase time="0.0739999999999981" classname="table_aet02" name="AET02_variant_11_is_produced_correctly"/>
    <testcase time="0.393999999999998" classname="table_aet02" name="AET02_variant_12_is_produced_correctly"/>
    <testcase time="0.0910000000000011" classname="table_aet02" name="AET02_variant_12_is_produced_correctly"/>
  </testsuite>
  <testsuite name="table_aet02_smq" timestamp="2025-03-11T03:43:55Z" hostname="8df754c60746" tests="4" skipped="0" failures="0" errors="0" time="0.421">
    <testcase time="0.108000000000004" classname="table_aet02_smq" name="AET02SMQ_variant_1_is_produced_correctly"/>
    <testcase time="0.0790000000000006" classname="table_aet02_smq" name="AET02SMQ_variant_1_is_produced_correctly"/>
    <testcase time="0.152000000000001" classname="table_aet02_smq" name="AET02SMQ_variant_2_is_produced_correctly"/>
    <testcase time="0.0819999999999936" classname="table_aet02_smq" name="AET02SMQ_variant_2_is_produced_correctly"/>
  </testsuite>
  <testsuite name="table_aet03" timestamp="2025-03-11T03:43:56Z" hostname="8df754c60746" tests="6" skipped="0" failures="0" errors="0" time="4.937">
    <testcase time="1.126" classname="table_aet03" name="AET03_variant_1_is_produced_correctly"/>
    <testcase time="0.425999999999995" classname="table_aet03" name="AET03_variant_1_is_produced_correctly"/>
    <testcase time="1.373" classname="table_aet03" name="AET03_variant_1_is_produced_correctly"/>
    <testcase time="0.698" classname="table_aet03" name="AET03_variant_1_is_produced_correctly"/>
    <testcase time="1.097" classname="table_aet03" name="AET03_variant_1_is_produced_correctly"/>
    <testcase time="0.216999999999999" classname="table_aet03" name="AET03_variant_1_is_produced_correctly"/>
  </testsuite>
  <testsuite name="table_aet04" timestamp="2025-03-11T03:44:02Z" hostname="8df754c60746" tests="30" skipped="0" failures="0" errors="0" time="12.171">
    <testcase time="0.742999999999995" classname="table_aet04" name="AET04_variant_1_is_produced_correctly"/>
    <testcase time="0.333000000000006" classname="table_aet04" name="AET04_variant_1_is_produced_correctly"/>
    <testcase time="0.943999999999996" classname="table_aet04" name="AET04_variant_1_is_produced_correctly"/>
    <testcase time="0.0410000000000039" classname="table_aet04" name="AET04_variant_1_is_produced_correctly"/>
    <testcase time="0.0379999999999967" classname="table_aet04" name="AET04_variant_1_is_produced_correctly"/>
    <testcase time="0.608000000000004" classname="table_aet04" name="AET04_variant_2_is_produced_correctly_Fill_in_of_Treatment_Groups_"/>
    <testcase time="0.263999999999996" classname="table_aet04" name="AET04_variant_2_is_produced_correctly_Fill_in_of_Treatment_Groups_"/>
    <testcase time="0.651000000000003" classname="table_aet04" name="AET04_variant_2_is_produced_correctly_Fill_in_of_Treatment_Groups_"/>
    <testcase time="0.0450000000000017" classname="table_aet04" name="AET04_variant_2_is_produced_correctly_Fill_in_of_Treatment_Groups_"/>
    <testcase time="0.0359999999999943" classname="table_aet04" name="AET04_variant_2_is_produced_correctly_Fill_in_of_Treatment_Groups_"/>
    <testcase time="0.628" classname="table_aet04" name="AET04_variant_3_is_produced_correctly_Fill_in_of_Grades_"/>
    <testcase time="0.330000000000005" classname="table_aet04" name="AET04_variant_3_is_produced_correctly_Fill_in_of_Grades_"/>
    <testcase time="0.760999999999996" classname="table_aet04" name="AET04_variant_3_is_produced_correctly_Fill_in_of_Grades_"/>
    <testcase time="0.0489999999999995" classname="table_aet04" name="AET04_variant_3_is_produced_correctly_Fill_in_of_Grades_"/>
    <testcase time="0.0390000000000015" classname="table_aet04" name="AET04_variant_3_is_produced_correctly_Fill_in_of_Grades_"/>
    <testcase time="0.654000000000003" classname="table_aet04" name="AET04_variant_4_is_produced_correctly_Collapsing_of_Grades_grades_1_2_grades_3_4_5_"/>
    <testcase time="0.305999999999997" classname="table_aet04" name="AET04_variant_4_is_produced_correctly_Collapsing_of_Grades_grades_1_2_grades_3_4_5_"/>
    <testcase time="0.730000000000004" classname="table_aet04" name="AET04_variant_4_is_produced_correctly_Collapsing_of_Grades_grades_1_2_grades_3_4_5_"/>
    <testcase time="0.689999999999998" classname="table_aet04" name="AET04_variant_6_is_produced_correctly_with_an_Incidence_Rate_of_at_Least_5_totals_restricted_"/>
    <testcase time="0.310000000000002" classname="table_aet04" name="AET04_variant_6_is_produced_correctly_with_an_Incidence_Rate_of_at_Least_5_totals_restricted_"/>
    <testcase time="0.744999999999997" classname="table_aet04" name="AET04_variant_6_is_produced_correctly_with_an_Incidence_Rate_of_at_Least_5_totals_restricted_"/>
    <testcase time="0.00999999999999801" classname="table_aet04" name="AET04_variant_8_is_produced_correctly_with_an_Incidence_Rate_of_at_Least_X_Patients_"/>
    <testcase time="0.310000000000002" classname="table_aet04" name="AET04_variant_8_is_produced_correctly_with_an_Incidence_Rate_of_at_Least_X_Patients_"/>
    <testcase time="0.753" classname="table_aet04" name="AET04_variant_8_is_produced_correctly_with_an_Incidence_Rate_of_at_Least_X_Patients_"/>
    <testcase time="0.00900000000000034" classname="table_aet04" name="AET04_variant_9_is_produced_correctly_with_a_Difference_in_Incidence_Rate_of_at_Least_X_"/>
    <testcase time="0.310000000000002" classname="table_aet04" name="AET04_variant_9_is_produced_correctly_with_a_Difference_in_Incidence_Rate_of_at_Least_X_"/>
    <testcase time="0.756999999999991" classname="table_aet04" name="AET04_variant_9_is_produced_correctly_with_a_Difference_in_Incidence_Rate_of_at_Least_X_"/>
    <testcase time="0.00900000000000034" classname="table_aet04" name="AET04_variant_11_is_produced_correctly_with_Incidence_Rate_of_at_Least_X_all_SOCs_w_o_preferred_terms_removed_"/>
    <testcase time="0.321000000000012" classname="table_aet04" name="AET04_variant_11_is_produced_correctly_with_Incidence_Rate_of_at_Least_X_all_SOCs_w_o_preferred_terms_removed_"/>
    <testcase time="0.747" classname="table_aet04" name="AET04_variant_11_is_produced_correctly_with_Incidence_Rate_of_at_Least_X_all_SOCs_w_o_preferred_terms_removed_"/>
  </testsuite>
  <testsuite name="table_aet04_pi" timestamp="2025-03-11T03:44:13Z" hostname="8df754c60746" tests="18" skipped="0" failures="0" errors="0" time="6.591">
    <testcase time="0.576999999999998" classname="table_aet04_pi" name="AET04_PI_full_table_is_produced_correctly"/>
    <testcase time="0.224999999999994" classname="table_aet04_pi" name="AET04_PI_full_table_is_produced_correctly"/>
    <testcase time="0.584000000000003" classname="table_aet04_pi" name="AET04_PI_variant_1_is_produced_correctly"/>
    <testcase time="0.193999999999988" classname="table_aet04_pi" name="AET04_PI_variant_1_is_produced_correctly"/>
    <testcase time="0.577000000000012" classname="table_aet04_pi" name="AET04_PI_variant_2_is_produced_correctly"/>
    <testcase time="0.122" classname="table_aet04_pi" name="AET04_PI_variant_2_is_produced_correctly"/>
    <testcase time="0.587999999999994" classname="table_aet04_pi" name="AET04_PI_variant_3_is_produced_correctly"/>
    <testcase time="0.141000000000005" classname="table_aet04_pi" name="AET04_PI_variant_3_is_produced_correctly"/>
    <testcase time="0.586999999999989" classname="table_aet04_pi" name="AET04_PI_variant_4_is_produced_correctly"/>
    <testcase time="0.108000000000004" classname="table_aet04_pi" name="AET04_PI_variant_4_is_produced_correctly"/>
    <testcase time="0.590000000000003" classname="table_aet04_pi" name="AET04_PI_variant_5_is_produced_correctly"/>
    <testcase time="0.161000000000001" classname="table_aet04_pi" name="AET04_PI_variant_5_is_produced_correctly"/>
    <testcase time="0.74799999999999" classname="table_aet04_pi" name="AET04_PI_variant_6_is_produced_correctly"/>
    <testcase time="0.164000000000001" classname="table_aet04_pi" name="AET04_PI_variant_6_is_produced_correctly"/>
    <testcase time="0.736000000000004" classname="table_aet04_pi" name="AET04_PI_variant_7_is_produced_correctly"/>
    <testcase time="0.165000000000006" classname="table_aet04_pi" name="AET04_PI_variant_7_is_produced_correctly"/>
    <testcase time="0.181999999999988" classname="table_aet04_pi" name="AET04_PI_variant_8_is_produced_correctly"/>
    <testcase time="0.14200000000001" classname="table_aet04_pi" name="AET04_PI_variant_8_is_produced_correctly"/>
  </testsuite>
  <testsuite name="table_aet05" timestamp="2025-03-11T03:44:20Z" hostname="8df754c60746" tests="4" skipped="0" failures="0" errors="0" time="0.297">
    <testcase time="0.10199999999999" classname="table_aet05" name="AET05_variant_1_is_produced_correctly"/>
    <testcase time="0.0650000000000119" classname="table_aet05" name="AET05_variant_1_is_produced_correctly"/>
    <testcase time="0.0569999999999879" classname="table_aet05" name="AET05_variant_2_is_produced_correctly"/>
    <testcase time="0.0730000000000075" classname="table_aet05" name="AET05_variant_2_is_produced_correctly"/>
  </testsuite>
  <testsuite name="table_aet05_all" timestamp="2025-03-11T03:44:20Z" hostname="8df754c60746" tests="4" skipped="0" failures="0" errors="0" time="0.309">
    <testcase time="0.105000000000004" classname="table_aet05_all" name="AET05_ALL_variant_1_is_produced_correctly"/>
    <testcase time="0.0739999999999981" classname="table_aet05_all" name="AET05_ALL_variant_1_is_produced_correctly"/>
    <testcase time="0.0570000000000022" classname="table_aet05_all" name="AET05_ALL_variant_2_is_produced_correctly"/>
    <testcase time="0.0729999999999933" classname="table_aet05_all" name="AET05_ALL_variant_2_is_produced_correctly"/>
  </testsuite>
  <testsuite name="table_aet06" timestamp="2025-03-11T03:44:20Z" hostname="8df754c60746" tests="6" skipped="0" failures="0" errors="0" time="3.713">
    <testcase time="0.781000000000006" classname="table_aet06" name="AET06_variant_1_is_produced_correctly"/>
    <testcase time="0.215999999999994" classname="table_aet06" name="AET06_variant_1_is_produced_correctly"/>
    <testcase time="0.894000000000005" classname="table_aet06" name="AET06_variant_3_is_produced_correctly"/>
    <testcase time="0.317999999999998" classname="table_aet06" name="AET06_variant_3_is_produced_correctly"/>
    <testcase time="1.128" classname="table_aet06" name="AET06_variant_5_is_produced_correctly"/>
    <testcase time="0.376000000000005" classname="table_aet06" name="AET06_variant_5_is_produced_correctly"/>
  </testsuite>
  <testsuite name="table_aet06_smq" timestamp="2025-03-11T03:44:24Z" hostname="8df754c60746" tests="4" skipped="0" failures="0" errors="0" time="0.965">
    <testcase time="0.344999999999999" classname="table_aet06_smq" name="AET06_SMQ_variant_1_is_produced_correctly"/>
    <testcase time="0.141999999999996" classname="table_aet06_smq" name="AET06_SMQ_variant_1_is_produced_correctly"/>
    <testcase time="0.337000000000003" classname="table_aet06_smq" name="AET06_SMQ_variant_2_is_produced_correctly"/>
    <testcase time="0.140999999999991" classname="table_aet06_smq" name="AET06_SMQ_variant_2_is_produced_correctly"/>
  </testsuite>
  <testsuite name="table_aet07" timestamp="2025-03-11T03:44:25Z" hostname="8df754c60746" tests="4" skipped="0" failures="0" errors="0" time="0.191">
    <testcase time="0.0510000000000019" classname="table_aet07" name="AET07_variant_1_is_produced_correctly"/>
    <testcase time="0.0499999999999972" classname="table_aet07" name="AET07_variant_1_is_produced_correctly"/>
    <testcase time="0.0470000000000113" classname="table_aet07" name="AET07_variant_2_is_produced_correctly"/>
    <testcase time="0.0429999999999922" classname="table_aet07" name="AET07_variant_2_is_produced_correctly"/>
  </testsuite>
  <testsuite name="table_aet09" timestamp="2025-03-11T03:44:25Z" hostname="8df754c60746" tests="4" skipped="0" failures="0" errors="0" time="1.849">
    <testcase time="0.513999999999996" classname="table_aet09" name="AET09_variant_1_is_produced_correctly_AE_related_to_study_drug"/>
    <testcase time="0.184000000000012" classname="table_aet09" name="AET09_variant_1_is_produced_correctly_AE_related_to_study_drug"/>
    <testcase time="0.86399999999999" classname="table_aet09" name="AET09_variant_2_is_produced_correctly_AE_related_to_study_drug_including_high_level_terms_"/>
    <testcase time="0.287000000000006" classname="table_aet09" name="AET09_variant_2_is_produced_correctly_AE_related_to_study_drug_including_high_level_terms_"/>
  </testsuite>
  <testsuite name="table_aet09_smq" timestamp="2025-03-11T03:44:27Z" hostname="8df754c60746" tests="4" skipped="0" failures="0" errors="0" time="0.503">
    <testcase time="0.119" classname="table_aet09_smq" name="AET09_variant_1_AEs_related_to_study_drug_by_SMQ_is_produced_correctly"/>
    <testcase time="0.0849999999999937" classname="table_aet09_smq" name="AET09_variant_1_AEs_related_to_study_drug_by_SMQ_is_produced_correctly"/>
    <testcase time="0.194000000000003" classname="table_aet09_smq" name="AET09_variant_2_AEs_related_to_study_drug_by_SMQ_with_customized_queries_is_produced_correctly"/>
    <testcase time="0.105000000000004" classname="table_aet09_smq" name="AET09_variant_2_AEs_related_to_study_drug_by_SMQ_with_customized_queries_is_produced_correctly"/>
  </testsuite>
  <testsuite name="table_aet10" timestamp="2025-03-11T03:44:27Z" hostname="8df754c60746" tests="2" skipped="0" failures="0" errors="0" time="0.168">
    <testcase time="0.0999999999999943" classname="table_aet10" name="AET10_default_variant_is_produced_correctly"/>
    <testcase time="0.0679999999999978" classname="table_aet10" name="AET10_default_variant_is_produced_correctly"/>
  </testsuite>
  <testsuite name="table_aovt01" timestamp="2025-03-11T03:44:28Z" hostname="8df754c60746" tests="4" skipped="0" failures="0" errors="0" time="1.138">
    <testcase time="0.328000000000003" classname="table_aovt01" name="AOVT01_variant_with_single_endpoint_is_produced_correctly"/>
    <testcase time="0.0990000000000038" classname="table_aovt01" name="AOVT01_variant_with_single_endpoint_is_produced_correctly"/>
    <testcase time="0.545000000000002" classname="table_aovt01" name="AOVT01_variant_with_multiple_endpoints_is_produced_correctly"/>
    <testcase time="0.165999999999997" classname="table_aovt01" name="AOVT01_variant_with_multiple_endpoints_is_produced_correctly"/>
  </testsuite>
  <testsuite name="table_aovt02" timestamp="2025-03-11T03:44:29Z" hostname="8df754c60746" tests="2" skipped="0" failures="0" errors="0" time="0.389">
    <testcase time="0.293000000000006" classname="table_aovt02" name="AOVT02_is_produced_correctly"/>
    <testcase time="0.0959999999999894" classname="table_aovt02" name="AOVT02_is_produced_correctly"/>
  </testsuite>
  <testsuite name="table_aovt03" timestamp="2025-03-11T03:44:29Z" hostname="8df754c60746" tests="2" skipped="0" failures="0" errors="0" time="0.834">
    <testcase time="0.654000000000011" classname="table_aovt03" name="AOVT03_is_produced_correctly"/>
    <testcase time="0.179999999999993" classname="table_aovt03" name="AOVT03_is_produced_correctly"/>
  </testsuite>
  <testsuite name="table_cfbt01" timestamp="2025-03-11T03:44:30Z" hostname="8df754c60746" tests="2" skipped="0" failures="0" errors="0" time="0.643">
    <testcase time="0.417000000000002" classname="table_cfbt01" name="CFBT01_default_variant_is_produced_correctly"/>
    <testcase time="0.225999999999999" classname="table_cfbt01" name="CFBT01_default_variant_is_produced_correctly"/>
  </testsuite>
  <testsuite name="table_cmht01" timestamp="2025-03-11T03:44:31Z" hostname="8df754c60746" tests="4" skipped="0" failures="0" errors="0" time="1.669">
    <testcase time="0.382000000000005" classname="table_cmht01" name="CMHT01_variant_1_is_produced_correctly"/>
    <testcase time="0.100999999999999" classname="table_cmht01" name="CMHT01_variant_1_is_produced_correctly"/>
    <testcase time="0.908000000000001" classname="table_cmht01" name="CMHT01_variant_2_is_produced_correctly"/>
    <testcase time="0.277999999999992" classname="table_cmht01" name="CMHT01_variant_2_is_produced_correctly"/>
  </testsuite>
  <testsuite name="table_cmt01" timestamp="2025-03-11T03:44:32Z" hostname="8df754c60746" tests="8" skipped="0" failures="0" errors="0" time="3.792">
    <testcase time="0.623000000000005" classname="table_cmt01" name="CMT01_default_variant_Concomitant_medications_is_produced_correctly"/>
    <testcase time="0.311999999999998" classname="table_cmt01" name="CMT01_default_variant_Concomitant_medications_is_produced_correctly"/>
    <testcase time="0.698000000000008" classname="table_cmt01" name="CMT01_variant_1_prior_medications_is_produced_correctly"/>
    <testcase time="0.345999999999989" classname="table_cmt01" name="CMT01_variant_1_prior_medications_is_produced_correctly"/>
    <testcase time="0.597000000000008" classname="table_cmt01" name="CMT01_variant_3_Concomitant_medications_is_produced_correctly"/>
    <testcase time="0.274999999999991" classname="table_cmt01" name="CMT01_variant_3_Concomitant_medications_is_produced_correctly"/>
    <testcase time="0.635000000000005" classname="table_cmt01" name="CMT01_variant_4_Concomitant_medications_is_produced_correctly"/>
    <testcase time="0.305999999999997" classname="table_cmt01" name="CMT01_variant_4_Concomitant_medications_is_produced_correctly"/>
  </testsuite>
  <testsuite name="table_cmt01a" timestamp="2025-03-11T03:44:36Z" hostname="8df754c60746" tests="8" skipped="0" failures="0" errors="0" time="5.603">
    <testcase time="1.18900000000001" classname="table_cmt01a" name="CMT01A_variant_1_is_produced_correctly"/>
    <testcase time="0.284999999999997" classname="table_cmt01a" name="CMT01A_variant_1_is_produced_correctly"/>
    <testcase time="1.044" classname="table_cmt01a" name="CMT01A_variant_2_is_produced_correctly"/>
    <testcase time="0.290000000000006" classname="table_cmt01a" name="CMT01A_variant_2_is_produced_correctly"/>
    <testcase time="1.053" classname="table_cmt01a" name="CMT01A_variant_3_is_produced_correctly"/>
    <testcase time="0.283999999999992" classname="table_cmt01a" name="CMT01A_variant_3_is_produced_correctly"/>
    <testcase time="1.239" classname="table_cmt01a" name="CMT01A_variant_4_is_produced_correctly"/>
    <testcase time="0.219000000000008" classname="table_cmt01a" name="CMT01A_variant_4_is_produced_correctly"/>
  </testsuite>
  <testsuite name="table_cmt01b" timestamp="2025-03-11T03:44:42Z" hostname="8df754c60746" tests="6" skipped="0" failures="0" errors="0" time="4.963">
    <testcase time="1.41699999999999" classname="table_cmt01b" name="CMT01B_variant_1_is_produced_correctly"/>
    <testcase time="0.358000000000004" classname="table_cmt01b" name="CMT01B_variant_1_is_produced_correctly"/>
    <testcase time="1.057" classname="table_cmt01b" name="CMT01B_variant_2_is_produced_correctly"/>
    <testcase time="0.293000000000006" classname="table_cmt01b" name="CMT01B_variant_2_is_produced_correctly"/>
    <testcase time="1.44399999999999" classname="table_cmt01b" name="CMT01B_variant_4_is_produced_correctly"/>
    <testcase time="0.394000000000005" classname="table_cmt01b" name="CMT01B_variant_4_is_produced_correctly"/>
  </testsuite>
  <testsuite name="table_cmt02_pt" timestamp="2025-03-11T03:44:47Z" hostname="8df754c60746" tests="2" skipped="0" failures="0" errors="0" time="0.602">
    <testcase time="0.405000000000001" classname="table_cmt02_pt" name="CMT02_PT_default_variant_is_produced_correctly"/>
    <testcase time="0.197000000000003" classname="table_cmt02_pt" name="CMT02_PT_default_variant_is_produced_correctly"/>
  </testsuite>
  <testsuite name="table_coxt01" timestamp="2025-03-11T03:44:47Z" hostname="8df754c60746" tests="8" skipped="0" failures="0" errors="0" time="1.864">
    <testcase time="0.277000000000001" classname="table_coxt01" name="1._Cox_Regression"/>
    <testcase time="0.0829999999999984" classname="table_coxt01" name="1._Cox_Regression"/>
    <testcase time="0.366" classname="table_coxt01" name="2._Cox_Regression_with_Interaction_Term_"/>
    <testcase time="0.125" classname="table_coxt01" name="2._Cox_Regression_with_Interaction_Term_"/>
    <testcase time="0.381999999999991" classname="table_coxt01" name="3._Cox_Regression_specifying_covariates_"/>
    <testcase time="0.121000000000009" classname="table_coxt01" name="3._Cox_Regression_specifying_covariates_"/>
    <testcase time="0.387999999999991" classname="table_coxt01" name="4._Cox_Regression_setting_strata_ties_and_alpha_level_"/>
    <testcase time="0.122" classname="table_coxt01" name="4._Cox_Regression_setting_strata_ties_and_alpha_level_"/>
  </testsuite>
  <testsuite name="table_coxt02" timestamp="2025-03-11T03:44:49Z" hostname="8df754c60746" tests="4" skipped="0" failures="0" errors="0" time="0.701">
    <testcase time="0.282000000000011" classname="table_coxt02" name="COXT02_default_variant_1_is_produced_correctly"/>
    <testcase time="0.0759999999999934" classname="table_coxt02" name="COXT02_default_variant_1_is_produced_correctly"/>
    <testcase time="0.260000000000005" classname="table_coxt02" name="COXT02_variant_5_is_produced_correctly"/>
    <testcase time="0.0829999999999984" classname="table_coxt02" name="COXT02_variant_5_is_produced_correctly"/>
  </testsuite>
  <testsuite name="table_disclosures" timestamp="2025-03-11T03:44:50Z" hostname="8df754c60746" tests="12" skipped="0" failures="0" errors="0" time="2.097">
    <testcase time="0.176999999999992" classname="table_disclosures" name="Patient_Disposition_table_is_produced_correctly"/>
    <testcase time="0.106000000000009" classname="table_disclosures" name="Patient_Disposition_table_is_produced_correctly"/>
    <testcase time="0.231999999999999" classname="table_disclosures" name="Demographic_table_is_produced_correctly"/>
    <testcase time="0.158999999999992" classname="table_disclosures" name="Demographic_table_is_produced_correctly"/>
    <testcase time="0.105000000000004" classname="table_disclosures" name="Enrollment_by_Country_Table_is_produced_correctly"/>
    <testcase time="0.106999999999999" classname="table_disclosures" name="Enrollment_by_Country_Table_is_produced_correctly"/>
    <testcase time="0.0889999999999986" classname="table_disclosures" name="Death_table_is_produced_correctly"/>
    <testcase time="0.0649999999999977" classname="table_disclosures" name="Death_table_is_produced_correctly"/>
    <testcase time="0.38300000000001" classname="table_disclosures" name="Table_of_Serious_Adverse_Events_is_produced_correctly_for_one_specific_treatment_arm_"/>
    <testcase time="0.106999999999999" classname="table_disclosures" name="Table_of_Serious_Adverse_Events_is_produced_correctly_for_one_specific_treatment_arm_"/>
    <testcase time="0.423000000000002" classname="table_disclosures" name="Table_of_Non_Serious_Adverse_Events_is_produced_correctly"/>
    <testcase time="0.143999999999991" classname="table_disclosures" name="Table_of_Non_Serious_Adverse_Events_is_produced_correctly"/>
  </testsuite>
  <testsuite name="table_dmt01" timestamp="2025-03-11T03:44:53Z" hostname="8df754c60746" tests="10" skipped="0" failures="0" errors="0" time="3.083">
    <testcase time="1.27000000000001" classname="table_dmt01" name="DMT01_variant_1_is_produced_correctly"/>
    <testcase time="0.202999999999989" classname="table_dmt01" name="DMT01_variant_1_is_produced_correctly"/>
    <testcase time="0.248000000000005" classname="table_dmt01" name="DMT01_variant_2_is_produced_correctly"/>
    <testcase time="0.171999999999997" classname="table_dmt01" name="DMT01_variant_2_is_produced_correctly"/>
    <testcase time="0.283000000000001" classname="table_dmt01" name="DMT01_variant_3_is_produced_correctly"/>
    <testcase time="0.191999999999993" classname="table_dmt01" name="DMT01_variant_3_is_produced_correctly"/>
    <testcase time="0.233000000000004" classname="table_dmt01" name="DMT01_variant_4_is_produced_correctly"/>
    <testcase time="0.159000000000006" classname="table_dmt01" name="DMT01_variant_4_is_produced_correctly"/>
    <testcase time="0.181999999999988" classname="table_dmt01" name="DMT01_variant_5_is_produced_correctly"/>
    <testcase time="0.141000000000005" classname="table_dmt01" name="DMT01_variant_5_is_produced_correctly"/>
  </testsuite>
  <testsuite name="table_dort01" timestamp="2025-03-11T03:44:55Z" hostname="8df754c60746" tests="8" skipped="0" failures="0" errors="0" time="1.655">
    <testcase time="0.338999999999999" classname="table_dort01" name="DORT01_variant_1_is_produced_correctly"/>
    <testcase time="0.115000000000009" classname="table_dort01" name="DORT01_variant_1_is_produced_correctly"/>
    <testcase time="0.295999999999992" classname="table_dort01" name="DORT01_variant_2_selecting_sectons_is_produced_correctly"/>
    <testcase time="0.11699999999999" classname="table_dort01" name="DORT01_variant_2_selecting_sectons_is_produced_correctly"/>
    <testcase time="0.275000000000006" classname="table_dort01" name="DORT01_variant_3_modifying_conftype_and_alpha_level_is_produced_correctly"/>
    <testcase time="0.117000000000004" classname="table_dort01" name="DORT01_variant_3_modifying_conftype_and_alpha_level_is_produced_correctly"/>
    <testcase time="0.277999999999992" classname="table_dort01" name="DORT01_variant_4_modifying_time_point_for_the_xx_duration_is_produced_correctly"/>
    <testcase time="0.118000000000009" classname="table_dort01" name="DORT01_variant_4_modifying_time_point_for_the_xx_duration_is_produced_correctly"/>
  </testsuite>
  <testsuite name="table_dst01" timestamp="2025-03-11T03:44:57Z" hostname="8df754c60746" tests="6" skipped="0" failures="0" errors="0" time="0.845">
    <testcase time="0.149999999999991" classname="table_dst01" name="DST01_default_variant_is_produced_correctly"/>
    <testcase time="0.112000000000009" classname="table_dst01" name="DST01_default_variant_is_produced_correctly"/>
    <testcase time="0.254999999999995" classname="table_dst01" name="DST01_variants_2_and_3_are_produced_correctly"/>
    <testcase time="0.117999999999995" classname="table_dst01" name="DST01_variants_2_and_3_are_produced_correctly"/>
    <testcase time="0.0750000000000028" classname="table_dst01" name="DST01_variants_2_and_3_are_produced_correctly"/>
    <testcase time="0.135000000000005" classname="table_dst01" name="DST01_variants_2_and_3_are_produced_correctly"/>
  </testsuite>
  <testsuite name="table_dtht01" timestamp="2025-03-11T03:44:57Z" hostname="8df754c60746" tests="8" skipped="0" failures="0" errors="0" time="1.306">
    <testcase time="0.131999999999991" classname="table_dtht01" name="DTHT01_variant_1_is_produced_correctly"/>
    <testcase time="0.0970000000000084" classname="table_dtht01" name="DTHT01_variant_1_is_produced_correctly"/>
    <testcase time="0.290999999999997" classname="table_dtht01" name="DTHT01_variant_2_is_produced_correctly"/>
    <testcase time="0.189000000000007" classname="table_dtht01" name="DTHT01_variant_2_is_produced_correctly"/>
    <testcase time="0.172999999999988" classname="table_dtht01" name="DTHT01_variant_3_is_produced_correctly"/>
    <testcase time="0.100999999999999" classname="table_dtht01" name="DTHT01_variant_3_is_produced_correctly"/>
    <testcase time="0.200000000000003" classname="table_dtht01" name="DTHT01_variant_4_is_produced_correctly"/>
    <testcase time="0.123000000000005" classname="table_dtht01" name="DTHT01_variant_4_is_produced_correctly"/>
  </testsuite>
  <testsuite name="table_egt01" timestamp="2025-03-11T03:45:00Z" hostname="8df754c60746" tests="2" skipped="0" failures="0" errors="0" time="3.643">
    <testcase time="2.876" classname="table_egt01" name="EGT01_default_variant_is_produced_correctly"/>
    <testcase time="0.766999999999996" classname="table_egt01" name="EGT01_default_variant_is_produced_correctly"/>
  </testsuite>
  <testsuite name="table_egt02" timestamp="2025-03-11T03:45:03Z" hostname="8df754c60746" tests="4" skipped="0" failures="0" errors="0" time="1.545">
    <testcase time="1.227" classname="table_egt02" name="_EGT02_1._Regardless_of_Abnormality_at_Baseline"/>
    <testcase time="0.0769999999999982" classname="table_egt02" name="_EGT02_1._Regardless_of_Abnormality_at_Baseline"/>
    <testcase time="0.162999999999997" classname="table_egt02" name="_EGT02_2._Among_Subjects_Without_Abnormality_at_Baseline"/>
    <testcase time="0.078000000000003" classname="table_egt02" name="_EGT02_2._Among_Subjects_Without_Abnormality_at_Baseline"/>
  </testsuite>
  <testsuite name="table_egt03" timestamp="2025-03-11T03:45:04Z" hostname="8df754c60746" tests="8" skipped="0" failures="0" errors="0" time="1.17">
    <testcase time="0.197999999999993" classname="table_egt03" name="EGT03_variant_1_is_produced_correctly"/>
    <testcase time="0.120000000000005" classname="table_egt03" name="EGT03_variant_1_is_produced_correctly"/>
    <testcase time="0.137" classname="table_egt03" name="EGT03_variant_2_is_produced_correctly"/>
    <testcase time="0.0960000000000036" classname="table_egt03" name="EGT03_variant_2_is_produced_correctly"/>
    <testcase time="0.186999999999998" classname="table_egt03" name="EGT03_variant_3_is_produced_correctly"/>
    <testcase time="0.120000000000005" classname="table_egt03" name="EGT03_variant_3_is_produced_correctly"/>
    <testcase time="0.185999999999993" classname="table_egt03" name="EGT03_variant_4_is_produced_correctly"/>
    <testcase time="0.126000000000005" classname="table_egt03" name="EGT03_variant_4_is_produced_correctly"/>
  </testsuite>
  <testsuite name="table_egt04" timestamp="2025-03-11T03:45:06Z" hostname="8df754c60746" tests="2" skipped="0" failures="0" errors="0" time="1.505">
    <testcase time="1.411" classname="table_egt04" name="EGT04_default_variant_is_produced_correctly"/>
    <testcase time="0.0939999999999941" classname="table_egt04" name="EGT04_default_variant_is_produced_correctly"/>
  </testsuite>
  <testsuite name="table_egt05_qtcat" timestamp="2025-03-11T03:45:08Z" hostname="8df754c60746" tests="2" skipped="0" failures="0" errors="0" time="2.234">
    <testcase time="1.783" classname="table_egt05_qtcat" name="EGT05_QTCAT_default_variant_is_produced_correctly"/>
    <testcase time="0.450999999999993" classname="table_egt05_qtcat" name="EGT05_QTCAT_default_variant_is_produced_correctly"/>
  </testsuite>
  <testsuite name="table_ent" timestamp="2025-03-11T03:45:09Z" hostname="8df754c60746" tests="8" skipped="0" failures="0" errors="0" time="13.202">
    <testcase time="3.217" classname="table_ent" name="ENT01_IT_is_produced_correctly"/>
    <testcase time="0.578000000000003" classname="table_ent" name="ENT01_IT_is_produced_correctly"/>
    <testcase time="2.16900000000001" classname="table_ent" name="ENT01a_IT_is_produced_correctly"/>
    <testcase time="0.560000000000002" classname="table_ent" name="ENT01a_IT_is_produced_correctly"/>
    <testcase time="3.334" classname="table_ent" name="ENT02_IT_is_produced_correctly"/>
    <testcase time="0.60299999999998" classname="table_ent" name="ENT02_IT_is_produced_correctly"/>
    <testcase time="2.18000000000001" classname="table_ent" name="ENT02a_IT_is_produced_correctly"/>
    <testcase time="0.561000000000007" classname="table_ent" name="ENT02a_IT_is_produced_correctly"/>
  </testsuite>
  <testsuite name="table_eudrat01" timestamp="2025-03-11T03:45:22Z" hostname="8df754c60746" tests="2" skipped="0" failures="0" errors="0" time="0.591">
    <testcase time="0.46599999999998" classname="table_eudrat01" name="EUDRAT01_is_produced_correctly"/>
    <testcase time="0.125" classname="table_eudrat01" name="EUDRAT01_is_produced_correctly"/>
  </testsuite>
  <testsuite name="table_eudrat02" timestamp="2025-03-11T03:45:23Z" hostname="8df754c60746" tests="2" skipped="0" failures="0" errors="0" time="0.465">
    <testcase time="0.371000000000009" classname="table_eudrat02" name="EUDRAT02_is_produced_correctly"/>
    <testcase time="0.0939999999999941" classname="table_eudrat02" name="EUDRAT02_is_produced_correctly"/>
  </testsuite>
  <testsuite name="table_ext01" timestamp="2025-03-11T03:45:23Z" hostname="8df754c60746" tests="12" skipped="0" failures="0" errors="0" time="1.758">
    <testcase time="0.38900000000001" classname="table_ext01" name="EXT01_default_variant_with_numeric_parameters_is_produced_correctly"/>
    <testcase time="0.176999999999992" classname="table_ext01" name="EXT01_default_variant_with_numeric_parameters_is_produced_correctly"/>
    <testcase time="0.274000000000001" classname="table_ext01" name="EXT01_variant_with_both_numeric_and_categorical_parameters"/>
    <testcase time="0.213999999999999" classname="table_ext01" name="EXT01_variant_with_both_numeric_and_categorical_parameters"/>
    <testcase time="0.143000000000001" classname="table_ext01" name="EXT01_variant_with_user_specified_categories_for_missed_doses"/>
    <testcase time="0.0320000000000107" classname="table_ext01" name="EXT01_variant_with_user_specified_categories_for_missed_doses"/>
    <testcase time="0.0200000000000102" classname="table_ext01" name="EXT01_variant_with_user_specified_categories_for_missed_doses"/>
    <testcase time="0.11699999999999" classname="table_ext01" name="EXT01_variant_with_user_specified_categories_for_missed_doses"/>
    <testcase time="0.0190000000000055" classname="table_ext01" name="EXT01_variant_with_user_specified_categories_for_missed_doses"/>
    <testcase time="0.0209999999999866" classname="table_ext01" name="EXT01_variant_with_user_specified_categories_for_missed_doses"/>
    <testcase time="0.0980000000000132" classname="table_ext01" name="EXT01_variant_with_user_specified_categories_for_missed_doses"/>
    <testcase time="0.253999999999991" classname="table_ext01" name="EXT01_variant_with_user_specified_categories_for_missed_doses"/>
  </testsuite>
  <testsuite name="table_lbt01" timestamp="2025-03-11T03:45:25Z" hostname="8df754c60746" tests="2" skipped="0" failures="0" errors="0" time="2.099">
    <testcase time="1.56100000000001" classname="table_lbt01" name="LBT01_default_variant_is_produced_correctly"/>
    <testcase time="0.537999999999982" classname="table_lbt01" name="LBT01_default_variant_is_produced_correctly"/>
  </testsuite>
  <testsuite name="table_lbt02" timestamp="2025-03-11T03:45:27Z" hostname="8df754c60746" tests="2" skipped="0" failures="0" errors="0" time="1.439">
    <testcase time="0.900000000000006" classname="table_lbt02" name="LBT02_default_variant_is_produced_correctly"/>
    <testcase time="0.539000000000016" classname="table_lbt02" name="LBT02_default_variant_is_produced_correctly"/>
  </testsuite>
  <testsuite name="table_lbt03" timestamp="2025-03-11T03:45:28Z" hostname="8df754c60746" tests="2" skipped="0" failures="1" errors="0" time="0.337">
    <testcase time="0.173000000000002" classname="table_lbt03" name="LBT03_default_variant_is_produced_correctly"/>
    <testcase time="0.163999999999987" classname="table_lbt03" name="LBT03_default_variant_is_produced_correctly">
      <failure type="failure" message="Snapshot of code has changed: ('test-table_lbt03.R:29:3')">Snapshot of code has changed:
old[5:14] vs new[5:14]
                      (N=86)              (N=84)                (N=84)       
    —————————————————————————————————————————————————————————————————————————
    Baseline                                                                 
-     n                 86                  84                    82         
+     n                 0                   0                      0         
-     Mean (SD)    17.57 (9.22)       19.20 (10.05)          17.96 (8.72)    
+     Mean (SD)         NA                  NA                    NA         
-     Median          15.00               16.00                  17.00       
+     Median            NA                  NA                    NA         
-     Min - Max    7.00 - 69.00        6.00 - 64.00          5.00 - 70.00    
+     Min - Max         NA                  NA                    NA         
    Week 2                                                                   
      n                 83                  78                    80         
      Mean (SD)    0.29 (7.80)         1.72 (6.85)            2.78 (7.03)    

* Run `testthat::snapshot_accept('table_lbt03')` to accept the change.
* Run `testthat::snapshot_review('table_lbt03')` to interactively review the change.</failure>
    </testcase>
  </testsuite>
  <testsuite name="table_lbt04" timestamp="2025-03-11T03:45:30Z" hostname="8df754c60746" tests="2" skipped="0" failures="0" errors="0" time="1.48">
    <testcase time="1.28899999999999" classname="table_lbt04" name="LBT04_default_variant_is_produced_correctly"/>
    <testcase time="0.191000000000003" classname="table_lbt04" name="LBT04_default_variant_is_produced_correctly"/>
  </testsuite>
  <testsuite name="table_lbt05" timestamp="2025-03-11T03:45:31Z" hostname="8df754c60746" tests="6" skipped="0" failures="0" errors="0" time="6.352">
    <testcase time="1.94" classname="table_lbt05" name="LBT05_variant_1_is_produced_correctly"/>
    <testcase time="0.386000000000024" classname="table_lbt05" name="LBT05_variant_1_is_produced_correctly"/>
    <testcase time="1.33199999999999" classname="table_lbt05" name="LBT05_variant_2_is_produced_correctly"/>
    <testcase time="0.496000000000009" classname="table_lbt05" name="LBT05_variant_2_is_produced_correctly"/>
    <testcase time="1.84399999999999" classname="table_lbt05" name="LBT05_variant_4_is_produced_correctly"/>
    <testcase time="0.353999999999985" classname="table_lbt05" name="LBT05_variant_4_is_produced_correctly"/>
  </testsuite>
  <testsuite name="table_lbt06" timestamp="2025-03-11T03:45:37Z" hostname="8df754c60746" tests="2" skipped="0" failures="0" errors="0" time="0.481">
    <testcase time="0.313000000000017" classname="table_lbt06" name="LBT06_default_variant_is_produced_correctly"/>
    <testcase time="0.167999999999978" classname="table_lbt06" name="LBT06_default_variant_is_produced_correctly"/>
  </testsuite>
  <testsuite name="table_lbt07" timestamp="2025-03-11T03:45:38Z" hostname="8df754c60746" tests="2" skipped="0" failures="0" errors="0" time="2.182">
    <testcase time="1.89700000000002" classname="table_lbt07" name="LBT07_is_produced_correctly"/>
    <testcase time="0.284999999999997" classname="table_lbt07" name="LBT07_is_produced_correctly"/>
  </testsuite>
  <testsuite name="table_lbt08" timestamp="2025-03-11T03:45:39Z" hostname="8df754c60746" tests="2" skipped="0" failures="0" errors="0" time="0.382">
    <testcase time="0.25800000000001" classname="table_lbt08" name="LBT08_produce_correctly"/>
    <testcase time="0.123999999999995" classname="table_lbt08" name="LBT08_produce_correctly"/>
  </testsuite>
  <testsuite name="table_lbt09" timestamp="2025-03-11T03:45:40Z" hostname="8df754c60746" tests="4" skipped="0" failures="0" errors="0" time="0.966">
    <testcase time="0.34899999999999" classname="table_lbt09" name="LBT09_variant_1_works_as_expected"/>
    <testcase time="0.164999999999992" classname="table_lbt09" name="LBT09_variant_1_works_as_expected"/>
    <testcase time="0.289000000000016" classname="table_lbt09" name="LBT09_variant_2_works_as_expected"/>
    <testcase time="0.162999999999982" classname="table_lbt09" name="LBT09_variant_2_works_as_expected"/>
  </testsuite>
  <testsuite name="table_lbt10" timestamp="2025-03-11T03:45:41Z" hostname="8df754c60746" tests="4" skipped="0" failures="0" errors="0" time="1.22">
    <testcase time="0.691000000000003" classname="table_lbt10" name="LBT10_variant_1_works_as_expected"/>
    <testcase time="0.0829999999999984" classname="table_lbt10" name="LBT10_variant_1_works_as_expected"/>
    <testcase time="0.385000000000019" classname="table_lbt10" name="LBT10_variant_2_works_as_expected"/>
    <testcase time="0.0609999999999786" classname="table_lbt10" name="LBT10_variant_2_works_as_expected"/>
  </testsuite>
  <testsuite name="table_lbt10_bl" timestamp="2025-03-11T03:45:42Z" hostname="8df754c60746" tests="4" skipped="0" failures="0" errors="0" time="0.489">
    <testcase time="0.235000000000014" classname="table_lbt10_bl" name="LBT10_BL_variant_1_works_as_expected"/>
    <testcase time="0.0829999999999984" classname="table_lbt10_bl" name="LBT10_BL_variant_1_works_as_expected"/>
    <testcase time="0.11099999999999" classname="table_lbt10_bl" name="LBT10_BL_variant_2_works_as_expected"/>
    <testcase time="0.0600000000000023" classname="table_lbt10_bl" name="LBT10_BL_variant_2_works_as_expected"/>
  </testsuite>
  <testsuite name="table_lbt11" timestamp="2025-03-11T03:45:42Z" hostname="8df754c60746" tests="6" skipped="0" failures="0" errors="0" time="0.727">
    <testcase time="0.182000000000016" classname="table_lbt11" name="LBT11_variant_1_works_as_expected"/>
    <testcase time="0.0960000000000036" classname="table_lbt11" name="LBT11_variant_1_works_as_expected"/>
    <testcase time="0.0979999999999848" classname="table_lbt11" name="LBT11_variant_2_works_as_expected"/>
    <testcase time="0.0810000000000173" classname="table_lbt11" name="LBT11_variant_2_works_as_expected"/>
    <testcase time="0.157999999999987" classname="table_lbt11" name="LBT11_variant_3_works_as_expected"/>
    <testcase time="0.111999999999995" classname="table_lbt11" name="LBT11_variant_3_works_as_expected"/>
  </testsuite>
  <testsuite name="table_lbt11_bl" timestamp="2025-03-11T03:45:43Z" hostname="8df754c60746" tests="6" skipped="0" failures="0" errors="0" time="0.805">
    <testcase time="0.198000000000008" classname="table_lbt11_bl" name="LBT11_BL_variant_1_works_as_expected"/>
    <testcase time="0.0960000000000036" classname="table_lbt11_bl" name="LBT11_BL_variant_1_works_as_expected"/>
    <testcase time="0.114000000000004" classname="table_lbt11_bl" name="LBT11_BL_variant_2_works_as_expected"/>
    <testcase time="0.0809999999999889" classname="table_lbt11_bl" name="LBT11_BL_variant_2_works_as_expected"/>
    <testcase time="0.204000000000008" classname="table_lbt11_bl" name="LBT11_BL_variant_3_works_as_expected"/>
    <testcase time="0.111999999999995" classname="table_lbt11_bl" name="LBT11_BL_variant_3_works_as_expected"/>
  </testsuite>
  <testsuite name="table_lbt12" timestamp="2025-03-11T03:45:44Z" hostname="8df754c60746" tests="2" skipped="0" failures="0" errors="0" time="0.384">
    <testcase time="0.300999999999988" classname="table_lbt12" name="LBT12_works_as_expected"/>
    <testcase time="0.0829999999999984" classname="table_lbt12" name="LBT12_works_as_expected"/>
  </testsuite>
  <testsuite name="table_lbt12_bl" timestamp="2025-03-11T03:45:44Z" hostname="8df754c60746" tests="2" skipped="0" failures="0" errors="0" time="0.358">
    <testcase time="0.281000000000006" classname="table_lbt12_bl" name="LBT12_BL_works_as_expected"/>
    <testcase time="0.0769999999999982" classname="table_lbt12_bl" name="LBT12_BL_works_as_expected"/>
  </testsuite>
  <testsuite name="table_lbt13" timestamp="2025-03-11T03:45:45Z" hostname="8df754c60746" tests="10" skipped="0" failures="0" errors="0" time="2.291">
    <testcase time="0.804000000000002" classname="table_lbt13" name="LBT13_variant_1_LOW_works_as_expected"/>
    <testcase time="0.0980000000000132" classname="table_lbt13" name="LBT13_variant_1_LOW_works_as_expected"/>
    <testcase time="0.133999999999986" classname="table_lbt13" name="LBT13_variant_2_HIGH_works_as_expected"/>
    <testcase time="0.0749999999999886" classname="table_lbt13" name="LBT13_variant_2_HIGH_works_as_expected"/>
    <testcase time="0.228000000000009" classname="table_lbt13" name="LBT13_variant_3_LOW_without_baseline_missing_works_as_expected"/>
    <testcase time="0.0870000000000175" classname="table_lbt13" name="LBT13_variant_3_LOW_without_baseline_missing_works_as_expected"/>
    <testcase time="0.145999999999987" classname="table_lbt13" name="LBT13_variant_4_HIGH_with_missing_baseline_considered_as_grade_0_works_as_expected"/>
    <testcase time="0.063999999999993" classname="table_lbt13" name="LBT13_variant_4_HIGH_with_missing_baseline_considered_as_grade_0_works_as_expected"/>
    <testcase time="0.425000000000011" classname="table_lbt13" name="LBT14_variant_5_HIGH_with_filled_in_grades_works_as_expected"/>
    <testcase time="0.22999999999999" classname="table_lbt13" name="LBT14_variant_5_HIGH_with_filled_in_grades_works_as_expected"/>
  </testsuite>
  <testsuite name="table_lbt14" timestamp="2025-03-11T03:45:47Z" hostname="8df754c60746" tests="10" skipped="0" failures="0" errors="0" time="27.983">
    <testcase time="5.59999999999999" classname="table_lbt14" name="LBT14_variant_1_HIGH_works_as_expected"/>
    <testcase time="0.463999999999999" classname="table_lbt14" name="LBT14_variant_1_HIGH_works_as_expected"/>
    <testcase time="5.06100000000001" classname="table_lbt14" name="LBT14_variant_2_LOW_works_as_expected"/>
    <testcase time="0.314999999999998" classname="table_lbt14" name="LBT14_variant_2_LOW_works_as_expected"/>
    <testcase time="3.32300000000001" classname="table_lbt14" name="LBT14_variant_3_LOW_without_baseline_missing_works_as_expected"/>
    <testcase time="0.414999999999992" classname="table_lbt14" name="LBT14_variant_3_LOW_without_baseline_missing_works_as_expected"/>
    <testcase time="5.042" classname="table_lbt14" name="LBT14_variant_4_LOW_and_force_1_missing_both_baseline_and_post_baseline_then_force_the_missing_baseline_as_0_as_expected"/>
    <testcase time="0.236000000000018" classname="table_lbt14" name="LBT14_variant_4_LOW_and_force_1_missing_both_baseline_and_post_baseline_then_force_the_missing_baseline_as_0_as_expected"/>
    <testcase time="4.86999999999998" classname="table_lbt14" name="LBT14_variant_5_HIGH_with_fillings_works_as_expected"/>
    <testcase time="2.65700000000001" classname="table_lbt14" name="LBT14_variant_5_HIGH_with_fillings_works_as_expected"/>
  </testsuite>
  <testsuite name="table_lbt15" timestamp="2025-03-11T03:46:15Z" hostname="8df754c60746" tests="4" skipped="0" failures="0" errors="0" time="1.48">
    <testcase time="0.586999999999989" classname="table_lbt15" name="LBT15_variant_1_works_as_expected"/>
    <testcase time="0.196000000000026" classname="table_lbt15" name="LBT15_variant_1_works_as_expected"/>
    <testcase time="0.502999999999986" classname="table_lbt15" name="LBT15_variant_2_works_as_expected"/>
    <testcase time="0.193999999999988" classname="table_lbt15" name="LBT15_variant_2_works_as_expected"/>
  </testsuite>
  <testsuite name="table_lgrt02" timestamp="2025-03-11T03:46:16Z" hostname="8df754c60746" tests="8" skipped="0" failures="0" errors="0" time="2.735">
    <testcase time="0.472000000000008" classname="table_lgrt02" name="LGRT02_without_interaction_term_is_produced_correctly"/>
    <testcase time="0.179000000000002" classname="table_lgrt02" name="LGRT02_without_interaction_term_is_produced_correctly"/>
    <testcase time="0.568999999999988" classname="table_lgrt02" name="LGRT02_with_categorical_interaction_is_produced_correctly"/>
    <testcase time="0.174000000000007" classname="table_lgrt02" name="LGRT02_with_categorical_interaction_is_produced_correctly"/>
    <testcase time="0.578000000000003" classname="table_lgrt02" name="LGRT02_with_continuous_interaction_is_produced_correctly"/>
    <testcase time="0.163000000000011" classname="table_lgrt02" name="LGRT02_with_continuous_interaction_is_produced_correctly"/>
    <testcase time="0.460999999999984" classname="table_lgrt02" name="LGRT02_with_setting_values_indicating_an_event_and_custom_alpha_level_is_produced_correctly"/>
    <testcase time="0.13900000000001" classname="table_lgrt02" name="LGRT02_with_setting_values_indicating_an_event_and_custom_alpha_level_is_produced_correctly"/>
  </testsuite>
  <testsuite name="table_mht01" timestamp="2025-03-11T03:46:19Z" hostname="8df754c60746" tests="8" skipped="0" failures="0" errors="0" time="1.504">
    <testcase time="0.312999999999988" classname="table_mht01" name="MHT01_variant_1_is_produced_accurately"/>
    <testcase time="0.129000000000019" classname="table_mht01" name="MHT01_variant_1_is_produced_accurately"/>
    <testcase time="0.106999999999999" classname="table_mht01" name="MHT01_variant_2_is_produced_accurately"/>
    <testcase time="0.0690000000000168" classname="table_mht01" name="MHT01_variant_2_is_produced_accurately"/>
    <testcase time="0.24799999999999" classname="table_mht01" name="MHT01_variant_3_is_produced_accurately"/>
    <testcase time="0.140000000000015" classname="table_mht01" name="MHT01_variant_3_is_produced_accurately"/>
    <testcase time="0.335999999999984" classname="table_mht01" name="MHT01_variant_5_is_produced_accurately"/>
    <testcase time="0.162000000000006" classname="table_mht01" name="MHT01_variant_5_is_produced_accurately"/>
  </testsuite>
  <testsuite name="table_onct05" timestamp="2025-03-11T03:46:21Z" hostname="8df754c60746" tests="10" skipped="0" failures="0" errors="0" time="2.665">
    <testcase time="0.47399999999999" classname="table_onct05" name="ONCT05_variant_1_Objective_Response_Rate_by_Subgroup_is_produced_correctly"/>
    <testcase time="0.113" classname="table_onct05" name="ONCT05_variant_1_Objective_Response_Rate_by_Subgroup_is_produced_correctly"/>
    <testcase time="0.473000000000013" classname="table_onct05" name="ONCT05_variant_2_Specifying_class_variables_is_produced_correctly"/>
    <testcase time="0.132000000000005" classname="table_onct05" name="ONCT05_variant_2_Specifying_class_variables_is_produced_correctly"/>
    <testcase time="0.213999999999999" classname="table_onct05" name="ONCT05_variant_3_selecting_columns_and_changing_the_alpha_level_is_produced_correctly"/>
    <testcase time="0.0819999999999936" classname="table_onct05" name="ONCT05_variant_3_selecting_columns_and_changing_the_alpha_level_is_produced_correctly"/>
    <testcase time="0.449999999999989" classname="table_onct05" name="ONCT05_variant_4_setting_values_indicating_response_is_produced_correctly"/>
    <testcase time="0.128000000000014" classname="table_onct05" name="ONCT05_variant_4_setting_values_indicating_response_is_produced_correctly"/>
    <testcase time="0.478999999999985" classname="table_onct05" name="ONCT05_with_risk_difference_column_is_produced_correctly"/>
    <testcase time="0.120000000000005" classname="table_onct05" name="ONCT05_with_risk_difference_column_is_produced_correctly"/>
  </testsuite>
  <testsuite name="table_pdt01" timestamp="2025-03-11T03:46:23Z" hostname="8df754c60746" tests="2" skipped="0" failures="0" errors="0" time="0.417">
    <testcase time="0.27200000000002" classname="table_pdt01" name="PDT01_is_produced_correctly"/>
    <testcase time="0.144999999999982" classname="table_pdt01" name="PDT01_is_produced_correctly"/>
  </testsuite>
  <testsuite name="table_pdt02" timestamp="2025-03-11T03:46:24Z" hostname="8df754c60746" tests="2" skipped="0" failures="0" errors="0" time="0.237">
    <testcase time="0.162000000000006" classname="table_pdt02" name="PDT02_is_produced_correctly"/>
    <testcase time="0.0749999999999886" classname="table_pdt02" name="PDT02_is_produced_correctly"/>
  </testsuite>
  <testsuite name="table_pkct01" timestamp="2025-03-11T03:46:24Z" hostname="8df754c60746" tests="10" skipped="0" failures="0" errors="0" time="3.354">
    <testcase time="0.274000000000001" classname="table_pkct01" name="PKCT01_is_produced_correctly"/>
    <testcase time="0.123000000000019" classname="table_pkct01" name="PKCT01_is_produced_correctly"/>
    <testcase time="0.131999999999977" classname="table_pkct01" name="PKCT01_is_produced_correctly"/>
    <testcase time="0.0660000000000025" classname="table_pkct01" name="PKCT01_is_produced_correctly"/>
    <testcase time="1.02100000000002" classname="table_pkct01" name="Specific_PKCT01_features_are_present"/>
    <testcase time="0.233000000000004" classname="table_pkct01" name="Specific_PKCT01_features_are_present"/>
    <testcase time="0.206999999999994" classname="table_pkct01" name="Specific_PKCT01_features_are_present"/>
    <testcase time="0.0029999999999859" classname="table_pkct01" name="Specific_PKCT01_features_are_present"/>
    <testcase time="0.704000000000008" classname="table_pkct01" name="Specific_PKCT01_features_are_present"/>
    <testcase time="0.591000000000008" classname="table_pkct01" name="Specific_PKCT01_features_are_present"/>
  </testsuite>
  <testsuite name="table_pkpt02" timestamp="2025-03-11T03:46:27Z" hostname="8df754c60746" tests="2" skipped="0" failures="0" errors="0" time="0.574">
    <testcase time="0.329000000000008" classname="table_pkpt02" name="PKPT02_is_produced_correctly_for_Drug_X"/>
    <testcase time="0.244999999999976" classname="table_pkpt02" name="PKPT02_is_produced_correctly_for_Drug_X"/>
  </testsuite>
  <testsuite name="table_pkpt03" timestamp="2025-03-11T03:46:28Z" hostname="8df754c60746" tests="2" skipped="0" failures="0" errors="0" time="1.167">
    <testcase time="0.960000000000008" classname="table_pkpt03" name="PKPT03_Drug_X_is_produced_correctly"/>
    <testcase time="0.206999999999994" classname="table_pkpt03" name="PKPT03_Drug_X_is_produced_correctly"/>
  </testsuite>
  <testsuite name="table_pkpt04" timestamp="2025-03-11T03:46:29Z" hostname="8df754c60746" tests="2" skipped="0" failures="0" errors="0" time="0.209">
    <testcase time="0.123000000000019" classname="table_pkpt04" name="PKPT04_is_produced_correctly_for_Drug_X"/>
    <testcase time="0.0859999999999843" classname="table_pkpt04" name="PKPT04_is_produced_correctly_for_Drug_X"/>
  </testsuite>
  <testsuite name="table_pkpt05" timestamp="2025-03-11T03:46:29Z" hostname="8df754c60746" tests="2" skipped="0" failures="0" errors="0" time="0.428">
    <testcase time="0.318000000000012" classname="table_pkpt05" name="PKPT05_Drug_X_is_produced_correctly"/>
    <testcase time="0.109999999999985" classname="table_pkpt05" name="PKPT05_Drug_X_is_produced_correctly"/>
  </testsuite>
  <testsuite name="table_pkpt06" timestamp="2025-03-11T03:46:30Z" hostname="8df754c60746" tests="4" skipped="0" failures="0" errors="0" time="0.283">
    <testcase time="0.100999999999999" classname="table_pkpt06" name="PKPT06_is_produced_correctly_for_Drug_X"/>
    <testcase time="0.0730000000000075" classname="table_pkpt06" name="PKPT06_is_produced_correctly_for_Drug_X"/>
    <testcase time="0.0519999999999925" classname="table_pkpt06" name="PKPT06_is_produced_correctly_for_Drug_Y"/>
    <testcase time="0.0570000000000164" classname="table_pkpt06" name="PKPT06_is_produced_correctly_for_Drug_Y"/>
  </testsuite>
  <testsuite name="table_pkpt07" timestamp="2025-03-11T03:46:30Z" hostname="8df754c60746" tests="4" skipped="0" failures="0" errors="0" time="0.782">
    <testcase time="0.480999999999995" classname="table_pkpt07" name="PKPT07_Drug_X_is_produced_correctly"/>
    <testcase time="0.104000000000013" classname="table_pkpt07" name="PKPT07_Drug_X_is_produced_correctly"/>
    <testcase time="0.111999999999995" classname="table_pkpt07" name="PKPT07_Drug_Y_is_produced_correctly"/>
    <testcase time="0.0849999999999795" classname="table_pkpt07" name="PKPT07_Drug_Y_is_produced_correctly"/>
  </testsuite>
  <testsuite name="table_ratet01" timestamp="2025-03-11T03:46:31Z" hostname="8df754c60746" tests="2" skipped="0" failures="0" errors="0" time="1.192">
    <testcase time="1.02000000000001" classname="table_ratet01" name="RATET01_is_produced_correctly"/>
    <testcase time="0.171999999999997" classname="table_ratet01" name="RATET01_is_produced_correctly"/>
  </testsuite>
  <testsuite name="table_rmpt01" timestamp="2025-03-11T03:46:32Z" hostname="8df754c60746" tests="2" skipped="0" failures="0" errors="0" time="0.213">
    <testcase time="0.155000000000001" classname="table_rmpt01" name="RMPT01_is_produced_correctly"/>
    <testcase time="0.0579999999999927" classname="table_rmpt01" name="RMPT01_is_produced_correctly"/>
  </testsuite>
  <testsuite name="table_rmpt03" timestamp="2025-03-11T03:46:32Z" hostname="8df754c60746" tests="4" skipped="0" failures="0" errors="0" time="0.541">
    <testcase time="0.204000000000008" classname="table_rmpt03" name="RMPT03_variant_1_is_produced_correctly"/>
    <testcase time="0.0819999999999936" classname="table_rmpt03" name="RMPT03_variant_1_is_produced_correctly"/>
    <testcase time="0.162000000000006" classname="table_rmpt03" name="RMPT03_variant_2_is_produced_correctly"/>
    <testcase time="0.0929999999999893" classname="table_rmpt03" name="RMPT03_variant_2_is_produced_correctly"/>
  </testsuite>
  <testsuite name="table_rmpt04" timestamp="2025-03-11T03:46:33Z" hostname="8df754c60746" tests="2" skipped="0" failures="0" errors="0" time="0.188">
    <testcase time="0.131" classname="table_rmpt04" name="RMPT04_variant_1_is_produced_correctly"/>
    <testcase time="0.0570000000000164" classname="table_rmpt04" name="RMPT04_variant_1_is_produced_correctly"/>
  </testsuite>
  <testsuite name="table_rmpt05" timestamp="2025-03-11T03:46:33Z" hostname="8df754c60746" tests="2" skipped="0" failures="0" errors="0" time="0.225">
    <testcase time="0.156999999999982" classname="table_rmpt05" name="RMPT05_is_produced_correctly"/>
    <testcase time="0.0680000000000121" classname="table_rmpt05" name="RMPT05_is_produced_correctly"/>
  </testsuite>
  <testsuite name="table_rmpt06" timestamp="2025-03-11T03:46:33Z" hostname="8df754c60746" tests="8" skipped="0" failures="0" errors="0" time="1.469">
    <testcase time="0.292000000000002" classname="table_rmpt06" name="RMPT06_variant_1_is_produced_correctly"/>
    <testcase time="0.114000000000004" classname="table_rmpt06" name="RMPT06_variant_1_is_produced_correctly"/>
    <testcase time="0.192999999999984" classname="table_rmpt06" name="RMPT06_variant_2_is_produced_correctly"/>
    <testcase time="0.0819999999999936" classname="table_rmpt06" name="RMPT06_variant_2_is_produced_correctly"/>
    <testcase time="0.268000000000001" classname="table_rmpt06" name="RMPT06_variant_3_is_produced_correctly"/>
    <testcase time="0.120000000000005" classname="table_rmpt06" name="RMPT06_variant_3_is_produced_correctly"/>
    <testcase time="0.282000000000011" classname="table_rmpt06" name="RMPT06_variant_4_is_produced_correctly"/>
    <testcase time="0.117999999999995" classname="table_rmpt06" name="RMPT06_variant_4_is_produced_correctly"/>
  </testsuite>
  <testsuite name="table_rspt01" timestamp="2025-03-11T03:46:35Z" hostname="8df754c60746" tests="12" skipped="0" failures="0" errors="0" time="2.227">
    <testcase time="0.262" classname="table_rspt01" name="RSPT01_1._Best_Overall_Response"/>
    <testcase time="0.116000000000014" classname="table_rspt01" name="RSPT01_1._Best_Overall_Response"/>
    <testcase time="0.224999999999994" classname="table_rspt01" name="RSPT01_2._Best_Overall_Response_selecting_sections_to_display_"/>
    <testcase time="0.105999999999995" classname="table_rspt01" name="RSPT01_2._Best_Overall_Response_selecting_sections_to_display_"/>
    <testcase time="0.288999999999987" classname="table_rspt01" name="RSPT01_3._Best_Overall_Response_modifying_settings_"/>
    <testcase time="0.106999999999999" classname="table_rspt01" name="RSPT01_3._Best_Overall_Response_modifying_settings_"/>
    <testcase time="0.317000000000007" classname="table_rspt01" name="RSPT01_4._Best_Overall_Response_with_stratified_analysis_"/>
    <testcase time="0.13900000000001" classname="table_rspt01" name="RSPT01_4._Best_Overall_Response_with_stratified_analysis_"/>
    <testcase time="0.252999999999986" classname="table_rspt01" name="RSPT01_5._Best_Overall_Response_modifying_the_definition_of_overall_response_"/>
    <testcase time="0.110000000000014" classname="table_rspt01" name="RSPT01_5._Best_Overall_Response_modifying_the_definition_of_overall_response_"/>
    <testcase time="0.198999999999984" classname="table_rspt01" name="RSPT01_6._Best_Overall_Response_define_new_sections_to_display_"/>
    <testcase time="0.104000000000013" classname="table_rspt01" name="RSPT01_6._Best_Overall_Response_define_new_sections_to_display_"/>
  </testsuite>
  <testsuite name="table_ttet01" timestamp="2025-03-11T03:46:37Z" hostname="8df754c60746" tests="14" skipped="0" failures="0" errors="0" time="3.252">
    <testcase time="0.365999999999985" classname="table_ttet01" name="TTET01_default_variant_is_produced_correctly"/>
    <testcase time="0.171999999999997" classname="table_ttet01" name="TTET01_default_variant_is_produced_correctly"/>
    <testcase time="0.364000000000004" classname="table_ttet01" name="TTET01_default_variant_with_Placebo_arm"/>
    <testcase time="0.173000000000002" classname="table_ttet01" name="TTET01_default_variant_with_Placebo_arm"/>
    <testcase time="0.200000000000017" classname="table_ttet01" name="TTET01_variant_2_selecting_sections_to_display"/>
    <testcase time="0.113" classname="table_ttet01" name="TTET01_variant_2_selecting_sections_to_display"/>
    <testcase time="0.299999999999983" classname="table_ttet01" name="TTET01_variant_3_modifying_analysis_details_like_conftype_ties_alpha_level"/>
    <testcase time="0.134000000000015" classname="table_ttet01" name="TTET01_variant_3_modifying_analysis_details_like_conftype_ties_alpha_level"/>
    <testcase time="0.34099999999998" classname="table_ttet01" name="TTET01_variant_4_with_stratified_analysis"/>
    <testcase time="0.147999999999996" classname="table_ttet01" name="TTET01_variant_4_with_stratified_analysis"/>
    <testcase time="0.300000000000011" classname="table_ttet01" name="TTET01_variant_5_modifying_time_point"/>
    <testcase time="0.134999999999991" classname="table_ttet01" name="TTET01_variant_5_modifying_time_point"/>
    <testcase time="0.364000000000004" classname="table_ttet01" name="TTET01_variant_6_requesting_more_than_one_p_value"/>
    <testcase time="0.141999999999996" classname="table_ttet01" name="TTET01_variant_6_requesting_more_than_one_p_value"/>
  </testsuite>
  <testsuite name="table_vst01" timestamp="2025-03-11T03:46:41Z" hostname="8df754c60746" tests="2" skipped="0" failures="0" errors="0" time="2.131">
    <testcase time="1.71000000000001" classname="table_vst01" name="VST01_default_variant_is_produced_correctly"/>
    <testcase time="0.420999999999992" classname="table_vst01" name="VST01_default_variant_is_produced_correctly"/>
  </testsuite>
  <testsuite name="table_vst02" timestamp="2025-03-11T03:46:43Z" hostname="8df754c60746" tests="4" skipped="0" failures="0" errors="0" time="1.587">
    <testcase time="1.136" classname="table_vst02" name="1._Vital_Sign_Abnormalities_Regardless_of_Abnormality_at_Baseline_VST02_1_"/>
    <testcase time="0.110000000000014" classname="table_vst02" name="1._Vital_Sign_Abnormalities_Regardless_of_Abnormality_at_Baseline_VST02_1_"/>
    <testcase time="0.242999999999995" classname="table_vst02" name="2._Vital_Sign_Abnormalities_Among_Subject_Without_Abnormality_at_Baseline_VST02_2_"/>
    <testcase time="0.0980000000000132" classname="table_vst02" name="2._Vital_Sign_Abnormalities_Among_Subject_Without_Abnormality_at_Baseline_VST02_2_"/>
  </testsuite>
</testsuites>
