<?xml version="1.0" encoding="UTF-8"?>
<testsuites>
  <testsuite name="listing_adal02" timestamp="2025-02-21T11:52:08Z" hostname="9089bb212864" tests="1" skipped="0" failures="0" errors="0" time="0.264">
    <testcase time="0.264" classname="listing_adal02" name="ADAL02_listing_is_produced_correctly"/>
  </testsuite>
  <testsuite name="listing_ael01" timestamp="2025-02-21T11:52:09Z" hostname="9089bb212864" tests="1" skipped="0" failures="0" errors="0" time="0.205">
    <testcase time="0.205000000000001" classname="listing_ael01" name="AEL01_listing_is_produced_correctly"/>
  </testsuite>
  <testsuite name="listing_ael01_nollt" timestamp="2025-02-21T11:52:09Z" hostname="9089bb212864" tests="1" skipped="0" failures="0" errors="0" time="0.076">
    <testcase time="0.0759999999999987" classname="listing_ael01_nollt" name="AEL01_NOLLT_listing_is_produced_correctly"/>
  </testsuite>
  <testsuite name="listing_ael02" timestamp="2025-02-21T11:52:09Z" hostname="9089bb212864" tests="1" skipped="0" failures="0" errors="0" time="0.303">
    <testcase time="0.303000000000001" classname="listing_ael02" name="AEL02_listing_is_produced_correctly"/>
  </testsuite>
  <testsuite name="listing_ael02_ed" timestamp="2025-02-21T11:52:09Z" hostname="9089bb212864" tests="1" skipped="0" failures="0" errors="0" time="0.345">
    <testcase time="0.344999999999999" classname="listing_ael02_ed" name="AEL02_ED_listing_is_produced_correctly"/>
  </testsuite>
  <testsuite name="listing_ael03" timestamp="2025-02-21T11:52:10Z" hostname="9089bb212864" tests="1" skipped="0" failures="0" errors="0" time="0.291">
    <testcase time="0.291" classname="listing_ael03" name="AEL03_listing_is_produced_correctly"/>
  </testsuite>
  <testsuite name="listing_ael04" timestamp="2025-02-21T11:52:10Z" hostname="9089bb212864" tests="1" skipped="0" failures="0" errors="0" time="0.201">
    <testcase time="0.201000000000001" classname="listing_ael04" name="AEL04_listing_is_produced_correctly"/>
  </testsuite>
  <testsuite name="listing_cml01" timestamp="2025-02-21T11:52:10Z" hostname="9089bb212864" tests="1" skipped="0" failures="0" errors="0" time="0.339">
    <testcase time="0.339" classname="listing_cml01" name="CML01_listing_is_produced_correctly"/>
  </testsuite>
  <testsuite name="listing_cml02a_gl" timestamp="2025-02-21T11:52:10Z" hostname="9089bb212864" tests="1" skipped="0" failures="0" errors="0" time="0.125">
    <testcase time="0.125" classname="listing_cml02a_gl" name="CML02A_GL_listing_is_produced_correctly"/>
  </testsuite>
  <testsuite name="listing_cml02b_gl" timestamp="2025-02-21T11:52:10Z" hostname="9089bb212864" tests="1" skipped="0" failures="0" errors="0" time="0.171">
    <testcase time="0.170999999999999" classname="listing_cml02b_gl" name="CML02B_GL_listing_is_produced_correctly"/>
  </testsuite>
  <testsuite name="listing_dsl01" timestamp="2025-02-21T11:52:11Z" hostname="9089bb212864" tests="1" skipped="0" failures="0" errors="0" time="0.185">
    <testcase time="0.185" classname="listing_dsl01" name="DSL01_listing_is_produced_correctly"/>
  </testsuite>
  <testsuite name="listing_dsl02" timestamp="2025-02-21T11:52:11Z" hostname="9089bb212864" tests="1" skipped="0" failures="0" errors="0" time="0.077">
    <testcase time="0.077" classname="listing_dsl02" name="DSL02_listing_is_produced_correctly"/>
  </testsuite>
  <testsuite name="listing_dsur4" timestamp="2025-02-21T11:52:11Z" hostname="9089bb212864" tests="1" skipped="0" failures="0" errors="0" time="0.115">
    <testcase time="0.115" classname="listing_dsur4" name="DSUR4_listing_is_produced_correctly"/>
  </testsuite>
  <testsuite name="listing_egl01" timestamp="2025-02-21T11:52:11Z" hostname="9089bb212864" tests="1" skipped="0" failures="0" errors="0" time="0.415">
    <testcase time="0.414999999999999" classname="listing_egl01" name="EGL01_listing_is_produced_correctly"/>
  </testsuite>
  <testsuite name="listing_exl01" timestamp="2025-02-21T11:52:11Z" hostname="9089bb212864" tests="1" skipped="0" failures="0" errors="0" time="0.22">
    <testcase time="0.220000000000001" classname="listing_exl01" name="EXL01_listing_is_produced_correctly"/>
  </testsuite>
  <testsuite name="listing_lbl01" timestamp="2025-02-21T11:52:12Z" hostname="9089bb212864" tests="1" skipped="0" failures="0" errors="0" time="0.538">
    <testcase time="0.538" classname="listing_lbl01" name="LBL01_listing_is_produced_correctly"/>
  </testsuite>
  <testsuite name="listing_lbl01_rls" timestamp="2025-02-21T11:52:12Z" hostname="9089bb212864" tests="1" skipped="0" failures="0" errors="0" time="0.524">
    <testcase time="0.523999999999999" classname="listing_lbl01_rls" name="LBL01_RLS_listing_is_produced_correctly"/>
  </testsuite>
  <testsuite name="listing_lbl02a" timestamp="2025-02-21T11:52:13Z" hostname="9089bb212864" tests="1" skipped="0" failures="0" errors="0" time="0.259">
    <testcase time="0.259" classname="listing_lbl02a" name="LBL02A_listing_is_produced_correctly"/>
  </testsuite>
  <testsuite name="listing_lbl02a_rls" timestamp="2025-02-21T11:52:13Z" hostname="9089bb212864" tests="1" skipped="0" failures="0" errors="0" time="0.791">
    <testcase time="0.791" classname="listing_lbl02a_rls" name="LBL02A_RLS_listing_is_produced_correctly"/>
  </testsuite>
  <testsuite name="listing_lbl02b" timestamp="2025-02-21T11:52:14Z" hostname="9089bb212864" tests="1" skipped="0" failures="0" errors="0" time="0.255">
    <testcase time="0.254999999999999" classname="listing_lbl02b" name="LBL02B_listing_is_produced_correctly"/>
  </testsuite>
  <testsuite name="listing_mhl01" timestamp="2025-02-21T11:52:14Z" hostname="9089bb212864" tests="1" skipped="0" failures="0" errors="0" time="0.267">
    <testcase time="0.267000000000001" classname="listing_mhl01" name="MHL01_listing_is_produced_correctly"/>
  </testsuite>
  <testsuite name="listing_oncl01" timestamp="2025-02-21T11:52:14Z" hostname="9089bb212864" tests="1" skipped="0" failures="0" errors="0" time="0.244">
    <testcase time="0.244" classname="listing_oncl01" name="ONCL01_listing_is_produced_correctly"/>
  </testsuite>
  <testsuite name="listing_pkcl01" timestamp="2025-02-21T11:52:15Z" hostname="9089bb212864" tests="2" skipped="0" failures="0" errors="0" time="0.712">
    <testcase time="0.202999999999999" classname="listing_pkcl01" name="PKCL01_listing_is_produced_correctly"/>
    <testcase time="0.509" classname="listing_pkcl01" name="PKCL01_listing_key_columns_values_are_repeated_when_entries_span_multiple_pages"/>
  </testsuite>
  <testsuite name="listing_pkcl02" timestamp="2025-02-21T11:52:15Z" hostname="9089bb212864" tests="1" skipped="0" failures="0" errors="0" time="0.207">
    <testcase time="0.207000000000001" classname="listing_pkcl02" name="PKCL02_listing_is_produced_correctly"/>
  </testsuite>
  <testsuite name="listing_pkpl01" timestamp="2025-02-21T11:52:15Z" hostname="9089bb212864" tests="1" skipped="0" failures="0" errors="0" time="0.245">
    <testcase time="0.244999999999999" classname="listing_pkpl01" name="PKPL01_listing_is_produced_correctly"/>
  </testsuite>
  <testsuite name="listing_pkpl02" timestamp="2025-02-21T11:52:16Z" hostname="9089bb212864" tests="1" skipped="0" failures="0" errors="0" time="0.159">
    <testcase time="0.159000000000001" classname="listing_pkpl02" name="PKPL02_listing_is_produced_correctly"/>
  </testsuite>
  <testsuite name="listing_pkpl04" timestamp="2025-02-21T11:52:16Z" hostname="9089bb212864" tests="1" skipped="0" failures="0" errors="0" time="0.213">
    <testcase time="0.212999999999999" classname="listing_pkpl04" name="PKPL04_listing_is_produced_correctly"/>
  </testsuite>
  <testsuite name="listing_vsl01" timestamp="2025-02-21T11:52:16Z" hostname="9089bb212864" tests="1" skipped="0" failures="0" errors="0" time="0.431">
    <testcase time="0.430999999999999" classname="listing_vsl01" name="VSL01_listing_is_produced_correctly"/>
  </testsuite>
  <testsuite name="pagination_listing" timestamp="2025-02-21T11:52:17Z" hostname="9089bb212864" tests="13" skipped="0" failures="0" errors="0" time="5.954">
    <testcase time="0.0290000000000017" classname="pagination_listing" name="Direct_pagination_works_fine"/>
    <testcase time="1.006" classname="pagination_listing" name="Direct_pagination_works_fine"/>
    <testcase time="0.00300000000000011" classname="pagination_listing" name="Direct_pagination_works_fine"/>
    <testcase time="0.894000000000002" classname="pagination_listing" name="Direct_pagination_works_fine"/>
    <testcase time="1.244" classname="pagination_listing" name="Direct_pagination_works_fine"/>
    <testcase time="1.499" classname="pagination_listing" name="pagination_counts_the_right_number_of_lines_when_wrapping_on_keycols_is_present"/>
    <testcase time="0.00600000000000023" classname="pagination_listing" name="pagination_counts_the_right_number_of_lines_when_wrapping_on_keycols_is_present"/>
    <testcase time="0.00499999999999901" classname="pagination_listing" name="pagination_counts_the_right_number_of_lines_when_wrapping_on_keycols_is_present"/>
    <testcase time="0.00300000000000011" classname="pagination_listing" name="pagination_counts_the_right_number_of_lines_when_wrapping_on_keycols_is_present"/>
    <testcase time="1.252" classname="pagination_listing" name="pagination_counts_the_right_number_of_lines_when_wrapping_on_keycols_is_present"/>
    <testcase time="0.00499999999999901" classname="pagination_listing" name="pagination_counts_the_right_number_of_lines_when_wrapping_on_keycols_is_present"/>
    <testcase time="0.00499999999999901" classname="pagination_listing" name="pagination_counts_the_right_number_of_lines_when_wrapping_on_keycols_is_present"/>
    <testcase time="0.00300000000000011" classname="pagination_listing" name="pagination_counts_the_right_number_of_lines_when_wrapping_on_keycols_is_present"/>
  </testsuite>
  <testsuite name="pagination_table" timestamp="2025-02-21T11:52:24Z" hostname="9089bb212864" tests="30" skipped="0" failures="0" errors="0" time="14.489">
    <testcase time="1.785" classname="pagination_table" name="Direct_pagination_with_standard_values"/>
    <testcase time="0.00499999999999901" classname="pagination_table" name="Direct_pagination_with_standard_values"/>
    <testcase time="0.00300000000000011" classname="pagination_table" name="Direct_pagination_with_standard_values"/>
    <testcase time="1.239" classname="pagination_table" name="Pagination_with_specific_column_widths_and_minimum_lines_per_page"/>
    <testcase time="0.00300000000000011" classname="pagination_table" name="Pagination_with_specific_column_widths_and_minimum_lines_per_page"/>
    <testcase time="0.120000000000001" classname="pagination_table" name="Pagination_with_specific_column_widths_and_minimum_lines_per_page"/>
    <testcase time="0.957999999999998" classname="pagination_table" name="Pagination_works_also_if_table_is_decorated"/>
    <testcase time="0.553000000000001" classname="pagination_table" name="Pagination_works_also_if_table_is_decorated"/>
    <testcase time="0.84" classname="pagination_table" name="Pagination_works_also_if_table_is_decorated"/>
    <testcase time="0.676000000000002" classname="pagination_table" name="Pagination_works_also_if_table_is_decorated"/>
    <testcase time="1.396" classname="pagination_table" name="Pagination_works_also_if_table_is_decorated"/>
    <testcase time="0.332000000000001" classname="pagination_table" name="Pagination_works_also_if_table_is_decorated"/>
    <testcase time="0.00399999999999778" classname="pagination_table" name="Pagination_works_also_if_table_is_decorated"/>
    <testcase time="0.022000000000002" classname="pagination_table" name="Pagination_works_also_if_table_is_decorated"/>
    <testcase time="0.155999999999999" classname="pagination_table" name="Pagination_works_also_if_table_is_decorated"/>
    <testcase time="0.100999999999999" classname="pagination_table" name="Pagination_works_also_if_table_is_decorated"/>
    <testcase time="0.736000000000001" classname="pagination_table" name="Pagination_works_for_page_types"/>
    <testcase time="0.0809999999999995" classname="pagination_table" name="Pagination_works_for_page_types"/>
    <testcase time="0.736000000000001" classname="pagination_table" name="Pagination_works_for_page_types"/>
    <testcase time="0.0790000000000006" classname="pagination_table" name="Pagination_works_for_page_types"/>
    <testcase time="0.690999999999999" classname="pagination_table" name="Pagination_works_for_page_types"/>
    <testcase time="0.419000000000004" classname="pagination_table" name="Pagination_works_for_page_types"/>
    <testcase time="0.745999999999995" classname="pagination_table" name="Pagination_works_for_page_width_and_height"/>
    <testcase time="0.140000000000001" classname="pagination_table" name="Pagination_works_for_page_width_and_height"/>
    <testcase time="0.82" classname="pagination_table" name="Pagination_works_for_page_types"/>
    <testcase time="0.170000000000002" classname="pagination_table" name="Pagination_works_for_page_types"/>
    <testcase time="0.858000000000004" classname="pagination_table" name="AET04_variant_2_page_by_pagination_tests"/>
    <testcase time="0.659999999999997" classname="pagination_table" name="AET04_variant_2_page_by_pagination_tests"/>
    <testcase time="0.000999999999997669" classname="pagination_table" name="AET04_variant_2_page_by_pagination_tests"/>
    <testcase time="0.159000000000006" classname="pagination_table" name="AET04_variant_2_page_by_pagination_tests"/>
  </testsuite>
  <testsuite name="table_adat03" timestamp="2025-02-21T11:52:37Z" hostname="9089bb212864" tests="2" skipped="0" failures="0" errors="0" time="0.583">
    <testcase time="0.448999999999998" classname="table_adat03" name="ADAT03_is_produced_correctly"/>
    <testcase time="0.134" classname="table_adat03" name="ADAT03_is_produced_correctly"/>
  </testsuite>
  <testsuite name="table_aet01" timestamp="2025-02-21T11:52:38Z" hostname="9089bb212864" tests="8" skipped="0" failures="0" errors="0" time="1.856">
    <testcase time="0.374000000000002" classname="table_aet01" name="Safety_Summary_Variant_1_works_as_expected"/>
    <testcase time="0.117999999999995" classname="table_aet01" name="Safety_Summary_Variant_1_works_as_expected"/>
    <testcase time="0.341000000000001" classname="table_aet01" name="Safety_Summary_Variant_2_with_Medical_Concepts_Section_works_as_expected"/>
    <testcase time="0.134" classname="table_aet01" name="Safety_Summary_Variant_2_with_Medical_Concepts_Section_works_as_expected"/>
    <testcase time="0.265999999999998" classname="table_aet01" name="Safety_Summary_Variant_3_with_Modified_Rows_works_as_expected"/>
    <testcase time="0.097999999999999" classname="table_aet01" name="Safety_Summary_Variant_3_with_Modified_Rows_works_as_expected"/>
    <testcase time="0.382000000000005" classname="table_aet01" name="Safety_Summary_Variant_4_with_Rows_Counting_Events_and_Additional_Sections_works_as_expected"/>
    <testcase time="0.143000000000001" classname="table_aet01" name="Safety_Summary_Variant_4_with_Rows_Counting_Events_and_Additional_Sections_works_as_expected"/>
  </testsuite>
  <testsuite name="table_aet01_aesi" timestamp="2025-02-21T11:52:39Z" hostname="9089bb212864" tests="8" skipped="0" failures="0" errors="0" time="2.829">
    <testcase time="0.286999999999999" classname="table_aet01_aesi" name="AET01_AESI_Variant_1_works_as_expected"/>
    <testcase time="0.106000000000002" classname="table_aet01_aesi" name="AET01_AESI_Variant_1_works_as_expected"/>
    <testcase time="0.669999999999995" classname="table_aet01_aesi" name="AET01_AESI_Variant_2_works_as_expected"/>
    <testcase time="0.152999999999999" classname="table_aet01_aesi" name="AET01_AESI_Variant_2_works_as_expected"/>
    <testcase time="0.643000000000001" classname="table_aet01_aesi" name="AET01_AESI_Variant_3_works_as_expected"/>
    <testcase time="0.212000000000003" classname="table_aet01_aesi" name="AET01_AESI_Variant_3_works_as_expected"/>
    <testcase time="0.536999999999999" classname="table_aet01_aesi" name="AET01_AESI_Variant_4_works_as_expected"/>
    <testcase time="0.221000000000004" classname="table_aet01_aesi" name="AET01_AESI_Variant_4_works_as_expected"/>
  </testsuite>
  <testsuite name="table_aet02" timestamp="2025-02-21T11:52:42Z" hostname="9089bb212864" tests="26" skipped="0" failures="0" errors="0" time="8.101">
    <testcase time="0.523999999999994" classname="table_aet02" name="AET02_variant_1_is_produced_correctly"/>
    <testcase time="0.185000000000002" classname="table_aet02" name="AET02_variant_1_is_produced_correctly"/>
    <testcase time="0.444000000000003" classname="table_aet02" name="AET02_variant_1_is_produced_correctly"/>
    <testcase time="0.0919999999999987" classname="table_aet02" name="AET02_variant_1_is_produced_correctly"/>
    <testcase time="0.606999999999999" classname="table_aet02" name="AET02_variant_2_is_produced_correctly"/>
    <testcase time="0.185000000000002" classname="table_aet02" name="AET02_variant_2_is_produced_correctly"/>
    <testcase time="0.902999999999999" classname="table_aet02" name="AET02_variant_3_is_produced_correctly"/>
    <testcase time="0.296999999999997" classname="table_aet02" name="AET02_variant_3_is_produced_correctly"/>
    <testcase time="0.125" classname="table_aet02" name="AET02_variant_4_is_produced_correctly"/>
    <testcase time="0.105000000000004" classname="table_aet02" name="AET02_variant_4_is_produced_correctly"/>
    <testcase time="0.400999999999996" classname="table_aet02" name="AET02_variant_5_is_produced_correctly"/>
    <testcase time="0.172000000000004" classname="table_aet02" name="AET02_variant_5_is_produced_correctly"/>
    <testcase time="0.405000000000001" classname="table_aet02" name="AET02_variant_6_is_produced_correctly"/>
    <testcase time="0.101999999999997" classname="table_aet02" name="AET02_variant_6_is_produced_correctly"/>
    <testcase time="0.932000000000002" classname="table_aet02" name="AET02_variant_7_is_produced_correctly"/>
    <testcase time="0.147999999999996" classname="table_aet02" name="AET02_variant_7_is_produced_correctly"/>
    <testcase time="0.401000000000003" classname="table_aet02" name="AET02_variant_8_is_produced_correctly"/>
    <testcase time="0.0749999999999957" classname="table_aet02" name="AET02_variant_8_is_produced_correctly"/>
    <testcase time="0.401000000000003" classname="table_aet02" name="AET02_variant_9_is_produced_correctly"/>
    <testcase time="0.113999999999997" classname="table_aet02" name="AET02_variant_9_is_produced_correctly"/>
    <testcase time="0.414000000000001" classname="table_aet02" name="AET02_variant_10_is_produced_correctly"/>
    <testcase time="0.0889999999999986" classname="table_aet02" name="AET02_variant_10_is_produced_correctly"/>
    <testcase time="0.408000000000001" classname="table_aet02" name="AET02_variant_11_is_produced_correctly"/>
    <testcase time="0.0760000000000005" classname="table_aet02" name="AET02_variant_11_is_produced_correctly"/>
    <testcase time="0.402000000000001" classname="table_aet02" name="AET02_variant_12_is_produced_correctly"/>
    <testcase time="0.0940000000000012" classname="table_aet02" name="AET02_variant_12_is_produced_correctly"/>
  </testsuite>
  <testsuite name="table_aet02_smq" timestamp="2025-02-21T11:52:50Z" hostname="9089bb212864" tests="4" skipped="0" failures="0" errors="0" time="0.436">
    <testcase time="0.110999999999997" classname="table_aet02_smq" name="AET02SMQ_variant_1_is_produced_correctly"/>
    <testcase time="0.0829999999999984" classname="table_aet02_smq" name="AET02SMQ_variant_1_is_produced_correctly"/>
    <testcase time="0.158000000000001" classname="table_aet02_smq" name="AET02SMQ_variant_2_is_produced_correctly"/>
    <testcase time="0.0840000000000032" classname="table_aet02_smq" name="AET02SMQ_variant_2_is_produced_correctly"/>
  </testsuite>
  <testsuite name="table_aet03" timestamp="2025-02-21T11:52:51Z" hostname="9089bb212864" tests="6" skipped="0" failures="0" errors="0" time="5.015">
    <testcase time="1.14" classname="table_aet03" name="AET03_variant_1_is_produced_correctly"/>
    <testcase time="0.424999999999997" classname="table_aet03" name="AET03_variant_1_is_produced_correctly"/>
    <testcase time="1.402" classname="table_aet03" name="AET03_variant_1_is_produced_correctly"/>
    <testcase time="0.707999999999998" classname="table_aet03" name="AET03_variant_1_is_produced_correctly"/>
    <testcase time="1.119" classname="table_aet03" name="AET03_variant_1_is_produced_correctly"/>
    <testcase time="0.221000000000004" classname="table_aet03" name="AET03_variant_1_is_produced_correctly"/>
  </testsuite>
  <testsuite name="table_aet04" timestamp="2025-02-21T11:52:57Z" hostname="9089bb212864" tests="30" skipped="0" failures="0" errors="0" time="12.364">
    <testcase time="0.766999999999996" classname="table_aet04" name="AET04_variant_1_is_produced_correctly"/>
    <testcase time="0.329000000000001" classname="table_aet04" name="AET04_variant_1_is_produced_correctly"/>
    <testcase time="0.807000000000002" classname="table_aet04" name="AET04_variant_1_is_produced_correctly"/>
    <testcase time="0.0429999999999993" classname="table_aet04" name="AET04_variant_1_is_produced_correctly"/>
    <testcase time="0.0409999999999968" classname="table_aet04" name="AET04_variant_1_is_produced_correctly"/>
    <testcase time="0.677" classname="table_aet04" name="AET04_variant_2_is_produced_correctly_Fill_in_of_Treatment_Groups_"/>
    <testcase time="0.485000000000007" classname="table_aet04" name="AET04_variant_2_is_produced_correctly_Fill_in_of_Treatment_Groups_"/>
    <testcase time="0.663999999999994" classname="table_aet04" name="AET04_variant_2_is_produced_correctly_Fill_in_of_Treatment_Groups_"/>
    <testcase time="0.0390000000000015" classname="table_aet04" name="AET04_variant_2_is_produced_correctly_Fill_in_of_Treatment_Groups_"/>
    <testcase time="0.036999999999999" classname="table_aet04" name="AET04_variant_2_is_produced_correctly_Fill_in_of_Treatment_Groups_"/>
    <testcase time="0.633000000000003" classname="table_aet04" name="AET04_variant_3_is_produced_correctly_Fill_in_of_Grades_"/>
    <testcase time="0.319000000000003" classname="table_aet04" name="AET04_variant_3_is_produced_correctly_Fill_in_of_Grades_"/>
    <testcase time="0.755999999999993" classname="table_aet04" name="AET04_variant_3_is_produced_correctly_Fill_in_of_Grades_"/>
    <testcase time="0.0420000000000016" classname="table_aet04" name="AET04_variant_3_is_produced_correctly_Fill_in_of_Grades_"/>
    <testcase time="0.0380000000000038" classname="table_aet04" name="AET04_variant_3_is_produced_correctly_Fill_in_of_Grades_"/>
    <testcase time="0.668999999999997" classname="table_aet04" name="AET04_variant_4_is_produced_correctly_Collapsing_of_Grades_grades_1_2_grades_3_4_5_"/>
    <testcase time="0.306000000000004" classname="table_aet04" name="AET04_variant_4_is_produced_correctly_Collapsing_of_Grades_grades_1_2_grades_3_4_5_"/>
    <testcase time="0.733999999999995" classname="table_aet04" name="AET04_variant_4_is_produced_correctly_Collapsing_of_Grades_grades_1_2_grades_3_4_5_"/>
    <testcase time="0.697000000000003" classname="table_aet04" name="AET04_variant_6_is_produced_correctly_with_an_Incidence_Rate_of_at_Least_5_totals_restricted_"/>
    <testcase time="0.305999999999997" classname="table_aet04" name="AET04_variant_6_is_produced_correctly_with_an_Incidence_Rate_of_at_Least_5_totals_restricted_"/>
    <testcase time="0.747999999999998" classname="table_aet04" name="AET04_variant_6_is_produced_correctly_with_an_Incidence_Rate_of_at_Least_5_totals_restricted_"/>
    <testcase time="0.0100000000000051" classname="table_aet04" name="AET04_variant_8_is_produced_correctly_with_an_Incidence_Rate_of_at_Least_X_Patients_"/>
    <testcase time="0.310999999999993" classname="table_aet04" name="AET04_variant_8_is_produced_correctly_with_an_Incidence_Rate_of_at_Least_X_Patients_"/>
    <testcase time="0.743000000000009" classname="table_aet04" name="AET04_variant_8_is_produced_correctly_with_an_Incidence_Rate_of_at_Least_X_Patients_"/>
    <testcase time="0.00999999999999091" classname="table_aet04" name="AET04_variant_9_is_produced_correctly_with_a_Difference_in_Incidence_Rate_of_at_Least_X_"/>
    <testcase time="0.319000000000003" classname="table_aet04" name="AET04_variant_9_is_produced_correctly_with_a_Difference_in_Incidence_Rate_of_at_Least_X_"/>
    <testcase time="0.744" classname="table_aet04" name="AET04_variant_9_is_produced_correctly_with_a_Difference_in_Incidence_Rate_of_at_Least_X_"/>
    <testcase time="0.0100000000000051" classname="table_aet04" name="AET04_variant_11_is_produced_correctly_with_Incidence_Rate_of_at_Least_X_all_SOCs_w_o_preferred_terms_removed_"/>
    <testcase time="0.310000000000002" classname="table_aet04" name="AET04_variant_11_is_produced_correctly_with_Incidence_Rate_of_at_Least_X_all_SOCs_w_o_preferred_terms_removed_"/>
    <testcase time="0.77000000000001" classname="table_aet04" name="AET04_variant_11_is_produced_correctly_with_Incidence_Rate_of_at_Least_X_all_SOCs_w_o_preferred_terms_removed_"/>
  </testsuite>
  <testsuite name="table_aet04_pi" timestamp="2025-02-21T11:53:08Z" hostname="9089bb212864" tests="18" skipped="0" failures="0" errors="0" time="6.779">
    <testcase time="0.599999999999994" classname="table_aet04_pi" name="AET04_PI_full_table_is_produced_correctly"/>
    <testcase time="0.227999999999994" classname="table_aet04_pi" name="AET04_PI_full_table_is_produced_correctly"/>
    <testcase time="0.611000000000004" classname="table_aet04_pi" name="AET04_PI_variant_1_is_produced_correctly"/>
    <testcase time="0.188000000000002" classname="table_aet04_pi" name="AET04_PI_variant_1_is_produced_correctly"/>
    <testcase time="0.599999999999994" classname="table_aet04_pi" name="AET04_PI_variant_2_is_produced_correctly"/>
    <testcase time="0.120000000000005" classname="table_aet04_pi" name="AET04_PI_variant_2_is_produced_correctly"/>
    <testcase time="0.611999999999995" classname="table_aet04_pi" name="AET04_PI_variant_3_is_produced_correctly"/>
    <testcase time="0.14200000000001" classname="table_aet04_pi" name="AET04_PI_variant_3_is_produced_correctly"/>
    <testcase time="0.613" classname="table_aet04_pi" name="AET04_PI_variant_4_is_produced_correctly"/>
    <testcase time="0.108999999999995" classname="table_aet04_pi" name="AET04_PI_variant_4_is_produced_correctly"/>
    <testcase time="0.612000000000009" classname="table_aet04_pi" name="AET04_PI_variant_5_is_produced_correctly"/>
    <testcase time="0.160999999999987" classname="table_aet04_pi" name="AET04_PI_variant_5_is_produced_correctly"/>
    <testcase time="0.75500000000001" classname="table_aet04_pi" name="AET04_PI_variant_6_is_produced_correctly"/>
    <testcase time="0.162999999999997" classname="table_aet04_pi" name="AET04_PI_variant_6_is_produced_correctly"/>
    <testcase time="0.771000000000001" classname="table_aet04_pi" name="AET04_PI_variant_7_is_produced_correctly"/>
    <testcase time="0.171999999999997" classname="table_aet04_pi" name="AET04_PI_variant_7_is_produced_correctly"/>
    <testcase time="0.186999999999998" classname="table_aet04_pi" name="AET04_PI_variant_8_is_produced_correctly"/>
    <testcase time="0.135000000000005" classname="table_aet04_pi" name="AET04_PI_variant_8_is_produced_correctly"/>
  </testsuite>
  <testsuite name="table_aet05" timestamp="2025-02-21T11:53:15Z" hostname="9089bb212864" tests="4" skipped="0" failures="0" errors="0" time="0.272">
    <testcase time="0.0810000000000031" classname="table_aet05" name="AET05_variant_1_is_produced_correctly"/>
    <testcase time="0.0729999999999933" classname="table_aet05" name="AET05_variant_1_is_produced_correctly"/>
    <testcase time="0.0570000000000022" classname="table_aet05" name="AET05_variant_2_is_produced_correctly"/>
    <testcase time="0.061000000000007" classname="table_aet05" name="AET05_variant_2_is_produced_correctly"/>
  </testsuite>
  <testsuite name="table_aet05_all" timestamp="2025-02-21T11:53:15Z" hostname="9089bb212864" tests="4" skipped="0" failures="0" errors="0" time="0.307">
    <testcase time="0.116" classname="table_aet05_all" name="AET05_ALL_variant_1_is_produced_correctly"/>
    <testcase time="0.0609999999999928" classname="table_aet05_all" name="AET05_ALL_variant_1_is_produced_correctly"/>
    <testcase time="0.0690000000000026" classname="table_aet05_all" name="AET05_ALL_variant_2_is_produced_correctly"/>
    <testcase time="0.0609999999999928" classname="table_aet05_all" name="AET05_ALL_variant_2_is_produced_correctly"/>
  </testsuite>
  <testsuite name="table_aet06" timestamp="2025-02-21T11:53:16Z" hostname="9089bb212864" tests="6" skipped="0" failures="0" errors="0" time="3.897">
    <testcase time="0.602000000000004" classname="table_aet06" name="AET06_variant_1_is_produced_correctly"/>
    <testcase time="0.243000000000009" classname="table_aet06" name="AET06_variant_1_is_produced_correctly"/>
    <testcase time="1.16999999999999" classname="table_aet06" name="AET06_variant_3_is_produced_correctly"/>
    <testcase time="0.321000000000012" classname="table_aet06" name="AET06_variant_3_is_produced_correctly"/>
    <testcase time="1.18299999999999" classname="table_aet06" name="AET06_variant_5_is_produced_correctly"/>
    <testcase time="0.378" classname="table_aet06" name="AET06_variant_5_is_produced_correctly"/>
  </testsuite>
  <testsuite name="table_aet06_smq" timestamp="2025-02-21T11:53:19Z" hostname="9089bb212864" tests="4" skipped="0" failures="0" errors="0" time="0.968">
    <testcase time="0.337000000000003" classname="table_aet06_smq" name="AET06_SMQ_variant_1_is_produced_correctly"/>
    <testcase time="0.138999999999996" classname="table_aet06_smq" name="AET06_SMQ_variant_1_is_produced_correctly"/>
    <testcase time="0.340000000000003" classname="table_aet06_smq" name="AET06_SMQ_variant_2_is_produced_correctly"/>
    <testcase time="0.152000000000001" classname="table_aet06_smq" name="AET06_SMQ_variant_2_is_produced_correctly"/>
  </testsuite>
  <testsuite name="table_aet07" timestamp="2025-02-21T11:53:20Z" hostname="9089bb212864" tests="4" skipped="0" failures="0" errors="0" time="0.199">
    <testcase time="0.0600000000000023" classname="table_aet07" name="AET07_variant_1_is_produced_correctly"/>
    <testcase time="0.0420000000000016" classname="table_aet07" name="AET07_variant_1_is_produced_correctly"/>
    <testcase time="0.046999999999997" classname="table_aet07" name="AET07_variant_2_is_produced_correctly"/>
    <testcase time="0.0500000000000114" classname="table_aet07" name="AET07_variant_2_is_produced_correctly"/>
  </testsuite>
  <testsuite name="table_aet09" timestamp="2025-02-21T11:53:21Z" hostname="9089bb212864" tests="4" skipped="0" failures="0" errors="0" time="1.874">
    <testcase time="0.512" classname="table_aet09" name="AET09_variant_1_is_produced_correctly_AE_related_to_study_drug"/>
    <testcase time="0.179000000000002" classname="table_aet09" name="AET09_variant_1_is_produced_correctly_AE_related_to_study_drug"/>
    <testcase time="0.897000000000006" classname="table_aet09" name="AET09_variant_2_is_produced_correctly_AE_related_to_study_drug_including_high_level_terms_"/>
    <testcase time="0.286000000000001" classname="table_aet09" name="AET09_variant_2_is_produced_correctly_AE_related_to_study_drug_including_high_level_terms_"/>
  </testsuite>
  <testsuite name="table_aet09_smq" timestamp="2025-02-21T11:53:22Z" hostname="9089bb212864" tests="4" skipped="0" failures="0" errors="0" time="0.489">
    <testcase time="0.12299999999999" classname="table_aet09_smq" name="AET09_variant_1_AEs_related_to_study_drug_by_SMQ_is_produced_correctly"/>
    <testcase time="0.0690000000000026" classname="table_aet09_smq" name="AET09_variant_1_AEs_related_to_study_drug_by_SMQ_is_produced_correctly"/>
    <testcase time="0.201999999999998" classname="table_aet09_smq" name="AET09_variant_2_AEs_related_to_study_drug_by_SMQ_with_customized_queries_is_produced_correctly"/>
    <testcase time="0.0949999999999989" classname="table_aet09_smq" name="AET09_variant_2_AEs_related_to_study_drug_by_SMQ_with_customized_queries_is_produced_correctly"/>
  </testsuite>
  <testsuite name="table_aet10" timestamp="2025-02-21T11:53:23Z" hostname="9089bb212864" tests="2" skipped="0" failures="0" errors="0" time="0.162">
    <testcase time="0.105000000000004" classname="table_aet10" name="AET10_default_variant_is_produced_correctly"/>
    <testcase time="0.0570000000000022" classname="table_aet10" name="AET10_default_variant_is_produced_correctly"/>
  </testsuite>
  <testsuite name="table_aovt01" timestamp="2025-02-21T11:53:23Z" hostname="9089bb212864" tests="4" skipped="0" failures="0" errors="0" time="1.162">
    <testcase time="0.347999999999999" classname="table_aovt01" name="AOVT01_variant_with_single_endpoint_is_produced_correctly"/>
    <testcase time="0.0949999999999989" classname="table_aovt01" name="AOVT01_variant_with_single_endpoint_is_produced_correctly"/>
    <testcase time="0.560000000000002" classname="table_aovt01" name="AOVT01_variant_with_multiple_endpoints_is_produced_correctly"/>
    <testcase time="0.158999999999992" classname="table_aovt01" name="AOVT01_variant_with_multiple_endpoints_is_produced_correctly"/>
  </testsuite>
  <testsuite name="table_aovt02" timestamp="2025-02-21T11:53:24Z" hostname="9089bb212864" tests="2" skipped="0" failures="0" errors="0" time="0.391">
    <testcase time="0.296000000000006" classname="table_aovt02" name="AOVT02_is_produced_correctly"/>
    <testcase time="0.0949999999999989" classname="table_aovt02" name="AOVT02_is_produced_correctly"/>
  </testsuite>
  <testsuite name="table_aovt03" timestamp="2025-02-21T11:53:25Z" hostname="9089bb212864" tests="2" skipped="0" failures="0" errors="0" time="0.853">
    <testcase time="0.680000000000007" classname="table_aovt03" name="AOVT03_is_produced_correctly"/>
    <testcase time="0.172999999999988" classname="table_aovt03" name="AOVT03_is_produced_correctly"/>
  </testsuite>
  <testsuite name="table_cfbt01" timestamp="2025-02-21T11:53:26Z" hostname="9089bb212864" tests="2" skipped="0" failures="0" errors="0" time="0.637">
    <testcase time="0.422000000000011" classname="table_cfbt01" name="CFBT01_default_variant_is_produced_correctly"/>
    <testcase time="0.214999999999989" classname="table_cfbt01" name="CFBT01_default_variant_is_produced_correctly"/>
  </testsuite>
  <testsuite name="table_cmht01" timestamp="2025-02-21T11:53:26Z" hostname="9089bb212864" tests="4" skipped="0" failures="0" errors="0" time="1.734">
    <testcase time="0.402000000000001" classname="table_cmht01" name="CMHT01_variant_1_is_produced_correctly"/>
    <testcase time="0.0870000000000033" classname="table_cmht01" name="CMHT01_variant_1_is_produced_correctly"/>
    <testcase time="0.971000000000004" classname="table_cmht01" name="CMHT01_variant_2_is_produced_correctly"/>
    <testcase time="0.274000000000001" classname="table_cmht01" name="CMHT01_variant_2_is_produced_correctly"/>
  </testsuite>
  <testsuite name="table_cmt01" timestamp="2025-02-21T11:53:28Z" hostname="9089bb212864" tests="8" skipped="0" failures="0" errors="0" time="3.855">
    <testcase time="0.638999999999996" classname="table_cmt01" name="CMT01_default_variant_Concomitant_medications_is_produced_correctly"/>
    <testcase time="0.299000000000007" classname="table_cmt01" name="CMT01_default_variant_Concomitant_medications_is_produced_correctly"/>
    <testcase time="0.706999999999994" classname="table_cmt01" name="CMT01_variant_1_prior_medications_is_produced_correctly"/>
    <testcase time="0.343000000000004" classname="table_cmt01" name="CMT01_variant_1_prior_medications_is_produced_correctly"/>
    <testcase time="0.609999999999999" classname="table_cmt01" name="CMT01_variant_3_Concomitant_medications_is_produced_correctly"/>
    <testcase time="0.280000000000001" classname="table_cmt01" name="CMT01_variant_3_Concomitant_medications_is_produced_correctly"/>
    <testcase time="0.667000000000002" classname="table_cmt01" name="CMT01_variant_4_Concomitant_medications_is_produced_correctly"/>
    <testcase time="0.310000000000002" classname="table_cmt01" name="CMT01_variant_4_Concomitant_medications_is_produced_correctly"/>
  </testsuite>
  <testsuite name="table_cmt01a" timestamp="2025-02-21T11:53:32Z" hostname="9089bb212864" tests="8" skipped="0" failures="0" errors="0" time="5.996">
    <testcase time="1.24499999999999" classname="table_cmt01a" name="CMT01A_variant_1_is_produced_correctly"/>
    <testcase time="0.314000000000007" classname="table_cmt01a" name="CMT01A_variant_1_is_produced_correctly"/>
    <testcase time="1.151" classname="table_cmt01a" name="CMT01A_variant_2_is_produced_correctly"/>
    <testcase time="0.287000000000006" classname="table_cmt01a" name="CMT01A_variant_2_is_produced_correctly"/>
    <testcase time="1.136" classname="table_cmt01a" name="CMT01A_variant_3_is_produced_correctly"/>
    <testcase time="0.290999999999997" classname="table_cmt01a" name="CMT01A_variant_3_is_produced_correctly"/>
    <testcase time="1.121" classname="table_cmt01a" name="CMT01A_variant_4_is_produced_correctly"/>
    <testcase time="0.451000000000008" classname="table_cmt01a" name="CMT01A_variant_4_is_produced_correctly"/>
  </testsuite>
  <testsuite name="table_cmt01b" timestamp="2025-02-21T11:53:38Z" hostname="9089bb212864" tests="6" skipped="0" failures="0" errors="0" time="5.115">
    <testcase time="1.496" classname="table_cmt01b" name="CMT01B_variant_1_is_produced_correctly"/>
    <testcase time="0.356000000000009" classname="table_cmt01b" name="CMT01B_variant_1_is_produced_correctly"/>
    <testcase time="1.143" classname="table_cmt01b" name="CMT01B_variant_2_is_produced_correctly"/>
    <testcase time="0.291999999999987" classname="table_cmt01b" name="CMT01B_variant_2_is_produced_correctly"/>
    <testcase time="1.441" classname="table_cmt01b" name="CMT01B_variant_4_is_produced_correctly"/>
    <testcase time="0.387" classname="table_cmt01b" name="CMT01B_variant_4_is_produced_correctly"/>
  </testsuite>
  <testsuite name="table_cmt02_pt" timestamp="2025-02-21T11:53:43Z" hostname="9089bb212864" tests="2" skipped="0" failures="0" errors="0" time="0.594">
    <testcase time="0.405000000000001" classname="table_cmt02_pt" name="CMT02_PT_default_variant_is_produced_correctly"/>
    <testcase time="0.189000000000007" classname="table_cmt02_pt" name="CMT02_PT_default_variant_is_produced_correctly"/>
  </testsuite>
  <testsuite name="table_coxt01" timestamp="2025-02-21T11:53:43Z" hostname="9089bb212864" tests="8" skipped="0" failures="0" errors="0" time="1.791">
    <testcase time="0.268999999999991" classname="table_coxt01" name="1._Cox_Regression"/>
    <testcase time="0.085000000000008" classname="table_coxt01" name="1._Cox_Regression"/>
    <testcase time="0.381999999999991" classname="table_coxt01" name="2._Cox_Regression_with_Interaction_Term_"/>
    <testcase time="0.113" classname="table_coxt01" name="2._Cox_Regression_with_Interaction_Term_"/>
    <testcase time="0.359000000000009" classname="table_coxt01" name="3._Cox_Regression_specifying_covariates_"/>
    <testcase time="0.108999999999995" classname="table_coxt01" name="3._Cox_Regression_specifying_covariates_"/>
    <testcase time="0.365000000000009" classname="table_coxt01" name="4._Cox_Regression_setting_strata_ties_and_alpha_level_"/>
    <testcase time="0.108999999999995" classname="table_coxt01" name="4._Cox_Regression_setting_strata_ties_and_alpha_level_"/>
  </testsuite>
  <testsuite name="table_coxt02" timestamp="2025-02-21T11:53:45Z" hostname="9089bb212864" tests="4" skipped="0" failures="0" errors="0" time="0.687">
    <testcase time="0.274999999999991" classname="table_coxt02" name="COXT02_default_variant_1_is_produced_correctly"/>
    <testcase time="0.0900000000000034" classname="table_coxt02" name="COXT02_default_variant_1_is_produced_correctly"/>
    <testcase time="0.239000000000004" classname="table_coxt02" name="COXT02_variant_5_is_produced_correctly"/>
    <testcase time="0.0829999999999984" classname="table_coxt02" name="COXT02_variant_5_is_produced_correctly"/>
  </testsuite>
  <testsuite name="table_disclosures" timestamp="2025-02-21T11:53:46Z" hostname="9089bb212864" tests="12" skipped="0" failures="0" errors="0" time="1.898">
    <testcase time="0.162000000000006" classname="table_disclosures" name="Patient_Disposition_table_is_produced_correctly"/>
    <testcase time="0.109999999999999" classname="table_disclosures" name="Patient_Disposition_table_is_produced_correctly"/>
    <testcase time="0.214999999999989" classname="table_disclosures" name="Demographic_table_is_produced_correctly"/>
    <testcase time="0.14800000000001" classname="table_disclosures" name="Demographic_table_is_produced_correctly"/>
    <testcase time="0.0999999999999943" classname="table_disclosures" name="Enrollment_by_Country_Table_is_produced_correctly"/>
    <testcase time="0.0940000000000083" classname="table_disclosures" name="Enrollment_by_Country_Table_is_produced_correctly"/>
    <testcase time="0.0849999999999937" classname="table_disclosures" name="Death_table_is_produced_correctly"/>
    <testcase time="0.0589999999999975" classname="table_disclosures" name="Death_table_is_produced_correctly"/>
    <testcase time="0.304000000000002" classname="table_disclosures" name="Table_of_Serious_Adverse_Events_is_produced_correctly_for_one_specific_treatment_arm_"/>
    <testcase time="0.0990000000000038" classname="table_disclosures" name="Table_of_Serious_Adverse_Events_is_produced_correctly_for_one_specific_treatment_arm_"/>
    <testcase time="0.385999999999996" classname="table_disclosures" name="Table_of_Non_Serious_Adverse_Events_is_produced_correctly"/>
    <testcase time="0.135999999999996" classname="table_disclosures" name="Table_of_Non_Serious_Adverse_Events_is_produced_correctly"/>
  </testsuite>
  <testsuite name="table_dmt01" timestamp="2025-02-21T11:53:49Z" hostname="9089bb212864" tests="10" skipped="0" failures="0" errors="0" time="2.952">
    <testcase time="1.38000000000001" classname="table_dmt01" name="DMT01_variant_1_is_produced_correctly"/>
    <testcase time="0.167000000000002" classname="table_dmt01" name="DMT01_variant_1_is_produced_correctly"/>
    <testcase time="0.211999999999989" classname="table_dmt01" name="DMT01_variant_2_is_produced_correctly"/>
    <testcase time="0.157000000000011" classname="table_dmt01" name="DMT01_variant_2_is_produced_correctly"/>
    <testcase time="0.245999999999995" classname="table_dmt01" name="DMT01_variant_3_is_produced_correctly"/>
    <testcase time="0.162999999999997" classname="table_dmt01" name="DMT01_variant_3_is_produced_correctly"/>
    <testcase time="0.204999999999998" classname="table_dmt01" name="DMT01_variant_4_is_produced_correctly"/>
    <testcase time="0.137" classname="table_dmt01" name="DMT01_variant_4_is_produced_correctly"/>
    <testcase time="0.164000000000001" classname="table_dmt01" name="DMT01_variant_5_is_produced_correctly"/>
    <testcase time="0.120999999999995" classname="table_dmt01" name="DMT01_variant_5_is_produced_correctly"/>
  </testsuite>
  <testsuite name="table_dort01" timestamp="2025-02-21T11:53:51Z" hostname="9089bb212864" tests="8" skipped="0" failures="0" errors="0" time="1.425">
    <testcase time="0.266000000000005" classname="table_dort01" name="DORT01_variant_1_is_produced_correctly"/>
    <testcase time="0.103999999999999" classname="table_dort01" name="DORT01_variant_1_is_produced_correctly"/>
    <testcase time="0.274000000000001" classname="table_dort01" name="DORT01_variant_2_selecting_sectons_is_produced_correctly"/>
    <testcase time="0.0969999999999942" classname="table_dort01" name="DORT01_variant_2_selecting_sectons_is_produced_correctly"/>
    <testcase time="0.241000000000014" classname="table_dort01" name="DORT01_variant_3_modifying_conftype_and_alpha_level_is_produced_correctly"/>
    <testcase time="0.103999999999999" classname="table_dort01" name="DORT01_variant_3_modifying_conftype_and_alpha_level_is_produced_correctly"/>
    <testcase time="0.239999999999995" classname="table_dort01" name="DORT01_variant_4_modifying_time_point_for_the_xx_duration_is_produced_correctly"/>
    <testcase time="0.0990000000000038" classname="table_dort01" name="DORT01_variant_4_modifying_time_point_for_the_xx_duration_is_produced_correctly"/>
  </testsuite>
  <testsuite name="table_dst01" timestamp="2025-02-21T11:53:52Z" hostname="9089bb212864" tests="6" skipped="0" failures="0" errors="0" time="0.721">
    <testcase time="0.134" classname="table_dst01" name="DST01_default_variant_is_produced_correctly"/>
    <testcase time="0.0939999999999941" classname="table_dst01" name="DST01_default_variant_is_produced_correctly"/>
    <testcase time="0.207999999999998" classname="table_dst01" name="DST01_variants_2_and_3_are_produced_correctly"/>
    <testcase time="0.105000000000004" classname="table_dst01" name="DST01_variants_2_and_3_are_produced_correctly"/>
    <testcase time="0.0690000000000026" classname="table_dst01" name="DST01_variants_2_and_3_are_produced_correctly"/>
    <testcase time="0.11099999999999" classname="table_dst01" name="DST01_variants_2_and_3_are_produced_correctly"/>
  </testsuite>
  <testsuite name="table_dtht01" timestamp="2025-02-21T11:53:53Z" hostname="9089bb212864" tests="8" skipped="0" failures="0" errors="0" time="1.097">
    <testcase time="0.115000000000009" classname="table_dtht01" name="DTHT01_variant_1_is_produced_correctly"/>
    <testcase time="0.0750000000000028" classname="table_dtht01" name="DTHT01_variant_1_is_produced_correctly"/>
    <testcase time="0.24799999999999" classname="table_dtht01" name="DTHT01_variant_2_is_produced_correctly"/>
    <testcase time="0.154000000000011" classname="table_dtht01" name="DTHT01_variant_2_is_produced_correctly"/>
    <testcase time="0.138999999999996" classname="table_dtht01" name="DTHT01_variant_3_is_produced_correctly"/>
    <testcase time="0.090999999999994" classname="table_dtht01" name="DTHT01_variant_3_is_produced_correctly"/>
    <testcase time="0.176000000000002" classname="table_dtht01" name="DTHT01_variant_4_is_produced_correctly"/>
    <testcase time="0.0990000000000038" classname="table_dtht01" name="DTHT01_variant_4_is_produced_correctly"/>
  </testsuite>
  <testsuite name="table_egt01" timestamp="2025-02-21T11:53:55Z" hostname="9089bb212864" tests="2" skipped="0" failures="0" errors="0" time="3.217">
    <testcase time="2.438" classname="table_egt01" name="EGT01_default_variant_is_produced_correctly"/>
    <testcase time="0.778999999999996" classname="table_egt01" name="EGT01_default_variant_is_produced_correctly"/>
  </testsuite>
  <testsuite name="table_egt02" timestamp="2025-02-21T11:53:58Z" hostname="9089bb212864" tests="4" skipped="0" failures="0" errors="0" time="1.703">
    <testcase time="1.387" classname="table_egt02" name="_EGT02_1._Regardless_of_Abnormality_at_Baseline"/>
    <testcase time="0.0789999999999935" classname="table_egt02" name="_EGT02_1._Regardless_of_Abnormality_at_Baseline"/>
    <testcase time="0.160000000000011" classname="table_egt02" name="_EGT02_2._Among_Subjects_Without_Abnormality_at_Baseline"/>
    <testcase time="0.0769999999999982" classname="table_egt02" name="_EGT02_2._Among_Subjects_Without_Abnormality_at_Baseline"/>
  </testsuite>
  <testsuite name="table_egt03" timestamp="2025-02-21T11:53:59Z" hostname="9089bb212864" tests="8" skipped="0" failures="0" errors="0" time="1.149">
    <testcase time="0.191999999999993" classname="table_egt03" name="EGT03_variant_1_is_produced_correctly"/>
    <testcase time="0.126000000000005" classname="table_egt03" name="EGT03_variant_1_is_produced_correctly"/>
    <testcase time="0.128" classname="table_egt03" name="EGT03_variant_2_is_produced_correctly"/>
    <testcase time="0.0949999999999989" classname="table_egt03" name="EGT03_variant_2_is_produced_correctly"/>
    <testcase time="0.182000000000002" classname="table_egt03" name="EGT03_variant_3_is_produced_correctly"/>
    <testcase time="0.123999999999995" classname="table_egt03" name="EGT03_variant_3_is_produced_correctly"/>
    <testcase time="0.183000000000007" classname="table_egt03" name="EGT03_variant_4_is_produced_correctly"/>
    <testcase time="0.119" classname="table_egt03" name="EGT03_variant_4_is_produced_correctly"/>
  </testsuite>
  <testsuite name="table_egt04" timestamp="2025-02-21T11:54:01Z" hostname="9089bb212864" tests="2" skipped="0" failures="0" errors="0" time="1.488">
    <testcase time="1.39999999999999" classname="table_egt04" name="EGT04_default_variant_is_produced_correctly"/>
    <testcase time="0.0880000000000081" classname="table_egt04" name="EGT04_default_variant_is_produced_correctly"/>
  </testsuite>
  <testsuite name="table_egt05_qtcat" timestamp="2025-02-21T11:54:03Z" hostname="9089bb212864" tests="2" skipped="0" failures="0" errors="0" time="2.159">
    <testcase time="1.71799999999999" classname="table_egt05_qtcat" name="EGT05_QTCAT_default_variant_is_produced_correctly"/>
    <testcase time="0.441000000000003" classname="table_egt05_qtcat" name="EGT05_QTCAT_default_variant_is_produced_correctly"/>
  </testsuite>
  <testsuite name="table_ent" timestamp="2025-02-21T11:54:04Z" hostname="9089bb212864" tests="8" skipped="0" failures="0" errors="0" time="12.863">
    <testcase time="3.196" classname="table_ent" name="ENT01_IT_is_produced_correctly"/>
    <testcase time="0.77600000000001" classname="table_ent" name="ENT01_IT_is_produced_correctly"/>
    <testcase time="2.01300000000001" classname="table_ent" name="ENT01a_IT_is_produced_correctly"/>
    <testcase time="0.513999999999982" classname="table_ent" name="ENT01a_IT_is_produced_correctly"/>
    <testcase time="3.16800000000001" classname="table_ent" name="ENT02_IT_is_produced_correctly"/>
    <testcase time="0.560000000000002" classname="table_ent" name="ENT02_IT_is_produced_correctly"/>
    <testcase time="2.072" classname="table_ent" name="ENT02a_IT_is_produced_correctly"/>
    <testcase time="0.563999999999993" classname="table_ent" name="ENT02a_IT_is_produced_correctly"/>
  </testsuite>
  <testsuite name="table_eudrat01" timestamp="2025-02-21T11:54:17Z" hostname="9089bb212864" tests="2" skipped="0" failures="0" errors="0" time="0.572">
    <testcase time="0.448000000000008" classname="table_eudrat01" name="EUDRAT01_is_produced_correctly"/>
    <testcase time="0.123999999999995" classname="table_eudrat01" name="EUDRAT01_is_produced_correctly"/>
  </testsuite>
  <testsuite name="table_eudrat02" timestamp="2025-02-21T11:54:17Z" hostname="9089bb212864" tests="2" skipped="0" failures="0" errors="0" time="0.454">
    <testcase time="0.36099999999999" classname="table_eudrat02" name="EUDRAT02_is_produced_correctly"/>
    <testcase time="0.0930000000000177" classname="table_eudrat02" name="EUDRAT02_is_produced_correctly"/>
  </testsuite>
  <testsuite name="table_ext01" timestamp="2025-02-21T11:54:18Z" hostname="9089bb212864" tests="6" skipped="0" failures="0" errors="0" time="1.559">
    <testcase time="0.36099999999999" classname="table_ext01" name="EXT01_default_variant_with_numeric_parameters_is_produced_correctly"/>
    <testcase time="0.165999999999997" classname="table_ext01" name="EXT01_default_variant_with_numeric_parameters_is_produced_correctly"/>
    <testcase time="0.262" classname="table_ext01" name="EXT01_variant_with_both_numeric_and_categorical_parameters"/>
    <testcase time="0.199000000000012" classname="table_ext01" name="EXT01_variant_with_both_numeric_and_categorical_parameters"/>
    <testcase time="0.317000000000007" classname="table_ext01" name="EXT01_variant_with_user_specified_categories_for_missed_doses"/>
    <testcase time="0.253999999999991" classname="table_ext01" name="EXT01_variant_with_user_specified_categories_for_missed_doses"/>
  </testsuite>
  <testsuite name="table_lbt01" timestamp="2025-02-21T11:54:20Z" hostname="9089bb212864" tests="2" skipped="0" failures="0" errors="0" time="1.955">
    <testcase time="1.46199999999999" classname="table_lbt01" name="LBT01_default_variant_is_produced_correctly"/>
    <testcase time="0.492999999999995" classname="table_lbt01" name="LBT01_default_variant_is_produced_correctly"/>
  </testsuite>
  <testsuite name="table_lbt02" timestamp="2025-02-21T11:54:21Z" hostname="9089bb212864" tests="2" skipped="0" failures="0" errors="0" time="1.39">
    <testcase time="0.885000000000019" classname="table_lbt02" name="LBT02_default_variant_is_produced_correctly"/>
    <testcase time="0.504999999999995" classname="table_lbt02" name="LBT02_default_variant_is_produced_correctly"/>
  </testsuite>
  <testsuite name="table_lbt03" timestamp="2025-02-21T11:54:23Z" hostname="9089bb212864" tests="2" skipped="0" failures="0" errors="0" time="0.257">
    <testcase time="0.161000000000001" classname="table_lbt03" name="LBT03_default_variant_is_produced_correctly"/>
    <testcase time="0.0960000000000036" classname="table_lbt03" name="LBT03_default_variant_is_produced_correctly"/>
  </testsuite>
  <testsuite name="table_lbt04" timestamp="2025-02-21T11:54:23Z" hostname="9089bb212864" tests="2" skipped="0" failures="0" errors="0" time="1.215">
    <testcase time="1.02599999999998" classname="table_lbt04" name="LBT04_default_variant_is_produced_correctly"/>
    <testcase time="0.189000000000021" classname="table_lbt04" name="LBT04_default_variant_is_produced_correctly"/>
  </testsuite>
  <testsuite name="table_lbt05" timestamp="2025-02-21T11:54:25Z" hostname="9089bb212864" tests="6" skipped="0" failures="0" errors="0" time="6.499">
    <testcase time="2.06199999999998" classname="table_lbt05" name="LBT05_variant_1_is_produced_correctly"/>
    <testcase time="0.407000000000011" classname="table_lbt05" name="LBT05_variant_1_is_produced_correctly"/>
    <testcase time="1.41299999999998" classname="table_lbt05" name="LBT05_variant_2_is_produced_correctly"/>
    <testcase time="0.531000000000006" classname="table_lbt05" name="LBT05_variant_2_is_produced_correctly"/>
    <testcase time="1.70500000000001" classname="table_lbt05" name="LBT05_variant_4_is_produced_correctly"/>
    <testcase time="0.381" classname="table_lbt05" name="LBT05_variant_4_is_produced_correctly"/>
  </testsuite>
  <testsuite name="table_lbt06" timestamp="2025-02-21T11:54:30Z" hostname="9089bb212864" tests="2" skipped="0" failures="0" errors="0" time="0.508">
    <testcase time="0.324999999999989" classname="table_lbt06" name="LBT06_default_variant_is_produced_correctly"/>
    <testcase time="0.182999999999993" classname="table_lbt06" name="LBT06_default_variant_is_produced_correctly"/>
  </testsuite>
  <testsuite name="table_lbt07" timestamp="2025-02-21T11:54:31Z" hostname="9089bb212864" tests="2" skipped="0" failures="0" errors="0" time="2.465">
    <testcase time="2.18200000000002" classname="table_lbt07" name="LBT07_is_produced_correctly"/>
    <testcase time="0.282999999999987" classname="table_lbt07" name="LBT07_is_produced_correctly"/>
  </testsuite>
  <testsuite name="table_lbt08" timestamp="2025-02-21T11:54:33Z" hostname="9089bb212864" tests="2" skipped="0" failures="0" errors="0" time="0.368">
    <testcase time="0.254000000000019" classname="table_lbt08" name="LBT08_produce_correctly"/>
    <testcase time="0.114000000000004" classname="table_lbt08" name="LBT08_produce_correctly"/>
  </testsuite>
  <testsuite name="table_lbt09" timestamp="2025-02-21T11:54:34Z" hostname="9089bb212864" tests="4" skipped="0" failures="0" errors="0" time="0.908">
    <testcase time="0.311999999999983" classname="table_lbt09" name="LBT09_variant_1_works_as_expected"/>
    <testcase time="0.153999999999996" classname="table_lbt09" name="LBT09_variant_1_works_as_expected"/>
    <testcase time="0.280000000000001" classname="table_lbt09" name="LBT09_variant_2_works_as_expected"/>
    <testcase time="0.162000000000006" classname="table_lbt09" name="LBT09_variant_2_works_as_expected"/>
  </testsuite>
  <testsuite name="table_lbt10" timestamp="2025-02-21T11:54:35Z" hostname="9089bb212864" tests="4" skipped="0" failures="0" errors="0" time="1.167">
    <testcase time="0.658999999999992" classname="table_lbt10" name="LBT10_variant_1_works_as_expected"/>
    <testcase time="0.070999999999998" classname="table_lbt10" name="LBT10_variant_1_works_as_expected"/>
    <testcase time="0.378000000000014" classname="table_lbt10" name="LBT10_variant_2_works_as_expected"/>
    <testcase time="0.0589999999999975" classname="table_lbt10" name="LBT10_variant_2_works_as_expected"/>
  </testsuite>
  <testsuite name="table_lbt10_bl" timestamp="2025-02-21T11:54:36Z" hostname="9089bb212864" tests="4" skipped="0" failures="0" errors="0" time="0.475">
    <testcase time="0.228000000000009" classname="table_lbt10_bl" name="LBT10_BL_variant_1_works_as_expected"/>
    <testcase time="0.0720000000000027" classname="table_lbt10_bl" name="LBT10_BL_variant_1_works_as_expected"/>
    <testcase time="0.115999999999985" classname="table_lbt10_bl" name="LBT10_BL_variant_2_works_as_expected"/>
    <testcase time="0.0589999999999975" classname="table_lbt10_bl" name="LBT10_BL_variant_2_works_as_expected"/>
  </testsuite>
  <testsuite name="table_lbt11" timestamp="2025-02-21T11:54:36Z" hostname="9089bb212864" tests="6" skipped="0" failures="0" errors="0" time="0.719">
    <testcase time="0.180000000000007" classname="table_lbt11" name="LBT11_variant_1_works_as_expected"/>
    <testcase time="0.0949999999999989" classname="table_lbt11" name="LBT11_variant_1_works_as_expected"/>
    <testcase time="0.0859999999999843" classname="table_lbt11" name="LBT11_variant_2_works_as_expected"/>
    <testcase time="0.0890000000000271" classname="table_lbt11" name="LBT11_variant_2_works_as_expected"/>
    <testcase time="0.150999999999982" classname="table_lbt11" name="LBT11_variant_3_works_as_expected"/>
    <testcase time="0.117999999999995" classname="table_lbt11" name="LBT11_variant_3_works_as_expected"/>
  </testsuite>
  <testsuite name="table_lbt11_bl" timestamp="2025-02-21T11:54:37Z" hostname="9089bb212864" tests="6" skipped="0" failures="0" errors="0" time="0.801">
    <testcase time="0.195000000000022" classname="table_lbt11_bl" name="LBT11_BL_variant_1_works_as_expected"/>
    <testcase time="0.0949999999999989" classname="table_lbt11_bl" name="LBT11_BL_variant_1_works_as_expected"/>
    <testcase time="0.107999999999976" classname="table_lbt11_bl" name="LBT11_BL_variant_2_works_as_expected"/>
    <testcase time="0.0810000000000173" classname="table_lbt11_bl" name="LBT11_BL_variant_2_works_as_expected"/>
    <testcase time="0.210999999999984" classname="table_lbt11_bl" name="LBT11_BL_variant_3_works_as_expected"/>
    <testcase time="0.111000000000018" classname="table_lbt11_bl" name="LBT11_BL_variant_3_works_as_expected"/>
  </testsuite>
  <testsuite name="table_lbt12" timestamp="2025-02-21T11:54:38Z" hostname="9089bb212864" tests="2" skipped="0" failures="0" errors="0" time="0.381">
    <testcase time="0.286000000000001" classname="table_lbt12" name="LBT12_works_as_expected"/>
    <testcase time="0.0949999999999989" classname="table_lbt12" name="LBT12_works_as_expected"/>
  </testsuite>
  <testsuite name="table_lbt12_bl" timestamp="2025-02-21T11:54:38Z" hostname="9089bb212864" tests="2" skipped="0" failures="0" errors="0" time="0.351">
    <testcase time="0.275000000000006" classname="table_lbt12_bl" name="LBT12_BL_works_as_expected"/>
    <testcase time="0.0759999999999934" classname="table_lbt12_bl" name="LBT12_BL_works_as_expected"/>
  </testsuite>
  <testsuite name="table_lbt13" timestamp="2025-02-21T11:54:39Z" hostname="9089bb212864" tests="10" skipped="0" failures="0" errors="0" time="2.226">
    <testcase time="0.775000000000006" classname="table_lbt13" name="LBT13_variant_1_LOW_works_as_expected"/>
    <testcase time="0.0869999999999891" classname="table_lbt13" name="LBT13_variant_1_LOW_works_as_expected"/>
    <testcase time="0.14500000000001" classname="table_lbt13" name="LBT13_variant_2_HIGH_works_as_expected"/>
    <testcase time="0.0649999999999977" classname="table_lbt13" name="LBT13_variant_2_HIGH_works_as_expected"/>
    <testcase time="0.228999999999985" classname="table_lbt13" name="LBT13_variant_3_LOW_without_baseline_missing_works_as_expected"/>
    <testcase time="0.0980000000000132" classname="table_lbt13" name="LBT13_variant_3_LOW_without_baseline_missing_works_as_expected"/>
    <testcase time="0.132999999999981" classname="table_lbt13" name="LBT13_variant_4_HIGH_with_missing_baseline_considered_as_grade_0_works_as_expected"/>
    <testcase time="0.0760000000000218" classname="table_lbt13" name="LBT13_variant_4_HIGH_with_missing_baseline_considered_as_grade_0_works_as_expected"/>
    <testcase time="0.396999999999991" classname="table_lbt13" name="LBT14_variant_5_HIGH_with_filled_in_grades_works_as_expected"/>
    <testcase time="0.221000000000004" classname="table_lbt13" name="LBT14_variant_5_HIGH_with_filled_in_grades_works_as_expected"/>
  </testsuite>
  <testsuite name="table_lbt14" timestamp="2025-02-21T11:54:41Z" hostname="9089bb212864" tests="10" skipped="0" failures="0" errors="0" time="27.965">
    <testcase time="5.67099999999999" classname="table_lbt14" name="LBT14_variant_1_HIGH_works_as_expected"/>
    <testcase time="0.467999999999989" classname="table_lbt14" name="LBT14_variant_1_HIGH_works_as_expected"/>
    <testcase time="5.12200000000001" classname="table_lbt14" name="LBT14_variant_2_LOW_works_as_expected"/>
    <testcase time="0.326999999999998" classname="table_lbt14" name="LBT14_variant_2_LOW_works_as_expected"/>
    <testcase time="3.34299999999999" classname="table_lbt14" name="LBT14_variant_3_LOW_without_baseline_missing_works_as_expected"/>
    <testcase time="0.411000000000001" classname="table_lbt14" name="LBT14_variant_3_LOW_without_baseline_missing_works_as_expected"/>
    <testcase time="4.79400000000001" classname="table_lbt14" name="LBT14_variant_4_LOW_and_force_1_missing_both_baseline_and_post_baseline_then_force_the_missing_baseline_as_0_as_expected"/>
    <testcase time="0.236999999999995" classname="table_lbt14" name="LBT14_variant_4_LOW_and_force_1_missing_both_baseline_and_post_baseline_then_force_the_missing_baseline_as_0_as_expected"/>
    <testcase time="4.90200000000002" classname="table_lbt14" name="LBT14_variant_5_HIGH_with_fillings_works_as_expected"/>
    <testcase time="2.69" classname="table_lbt14" name="LBT14_variant_5_HIGH_with_fillings_works_as_expected"/>
  </testsuite>
  <testsuite name="table_lbt15" timestamp="2025-02-21T11:55:09Z" hostname="9089bb212864" tests="4" skipped="0" failures="0" errors="0" time="1.448">
    <testcase time="0.576999999999998" classname="table_lbt15" name="LBT15_variant_1_works_as_expected"/>
    <testcase time="0.192999999999984" classname="table_lbt15" name="LBT15_variant_1_works_as_expected"/>
    <testcase time="0.481000000000023" classname="table_lbt15" name="LBT15_variant_2_works_as_expected"/>
    <testcase time="0.196999999999974" classname="table_lbt15" name="LBT15_variant_2_works_as_expected"/>
  </testsuite>
  <testsuite name="table_lgrt02" timestamp="2025-02-21T11:55:10Z" hostname="9089bb212864" tests="8" skipped="0" failures="0" errors="0" time="2.756">
    <testcase time="0.467000000000013" classname="table_lgrt02" name="LGRT02_without_interaction_term_is_produced_correctly"/>
    <testcase time="0.150000000000006" classname="table_lgrt02" name="LGRT02_without_interaction_term_is_produced_correctly"/>
    <testcase time="0.59899999999999" classname="table_lgrt02" name="LGRT02_with_categorical_interaction_is_produced_correctly"/>
    <testcase time="0.177999999999997" classname="table_lgrt02" name="LGRT02_with_categorical_interaction_is_produced_correctly"/>
    <testcase time="0.568000000000012" classname="table_lgrt02" name="LGRT02_with_continuous_interaction_is_produced_correctly"/>
    <testcase time="0.182999999999993" classname="table_lgrt02" name="LGRT02_with_continuous_interaction_is_produced_correctly"/>
    <testcase time="0.455999999999989" classname="table_lgrt02" name="LGRT02_with_setting_values_indicating_an_event_and_custom_alpha_level_is_produced_correctly"/>
    <testcase time="0.155000000000001" classname="table_lgrt02" name="LGRT02_with_setting_values_indicating_an_event_and_custom_alpha_level_is_produced_correctly"/>
  </testsuite>
  <testsuite name="table_mht01" timestamp="2025-02-21T11:55:13Z" hostname="9089bb212864" tests="8" skipped="0" failures="0" errors="0" time="1.55">
    <testcase time="0.308000000000021" classname="table_mht01" name="MHT01_variant_1_is_produced_accurately"/>
    <testcase time="0.144999999999982" classname="table_mht01" name="MHT01_variant_1_is_produced_accurately"/>
    <testcase time="0.0970000000000084" classname="table_mht01" name="MHT01_variant_2_is_produced_accurately"/>
    <testcase time="0.085000000000008" classname="table_mht01" name="MHT01_variant_2_is_produced_accurately"/>
    <testcase time="0.264999999999986" classname="table_mht01" name="MHT01_variant_3_is_produced_accurately"/>
    <testcase time="0.13300000000001" classname="table_mht01" name="MHT01_variant_3_is_produced_accurately"/>
    <testcase time="0.353999999999985" classname="table_mht01" name="MHT01_variant_5_is_produced_accurately"/>
    <testcase time="0.163000000000011" classname="table_mht01" name="MHT01_variant_5_is_produced_accurately"/>
  </testsuite>
  <testsuite name="table_onct05" timestamp="2025-02-21T11:55:15Z" hostname="9089bb212864" tests="10" skipped="0" failures="0" errors="0" time="2.644">
    <testcase time="0.447000000000003" classname="table_onct05" name="ONCT05_variant_1_Objective_Response_Rate_by_Subgroup_is_produced_correctly"/>
    <testcase time="0.113" classname="table_onct05" name="ONCT05_variant_1_Objective_Response_Rate_by_Subgroup_is_produced_correctly"/>
    <testcase time="0.468999999999994" classname="table_onct05" name="ONCT05_variant_2_Specifying_class_variables_is_produced_correctly"/>
    <testcase time="0.13300000000001" classname="table_onct05" name="ONCT05_variant_2_Specifying_class_variables_is_produced_correctly"/>
    <testcase time="0.204999999999984" classname="table_onct05" name="ONCT05_variant_3_selecting_columns_and_changing_the_alpha_level_is_produced_correctly"/>
    <testcase time="0.0829999999999984" classname="table_onct05" name="ONCT05_variant_3_selecting_columns_and_changing_the_alpha_level_is_produced_correctly"/>
    <testcase time="0.467999999999989" classname="table_onct05" name="ONCT05_variant_4_setting_values_indicating_response_is_produced_correctly"/>
    <testcase time="0.131" classname="table_onct05" name="ONCT05_variant_4_setting_values_indicating_response_is_produced_correctly"/>
    <testcase time="0.473000000000013" classname="table_onct05" name="ONCT05_with_risk_difference_column_is_produced_correctly"/>
    <testcase time="0.122000000000014" classname="table_onct05" name="ONCT05_with_risk_difference_column_is_produced_correctly"/>
  </testsuite>
  <testsuite name="table_pdt01" timestamp="2025-02-21T11:55:17Z" hostname="9089bb212864" tests="2" skipped="0" failures="0" errors="0" time="0.421">
    <testcase time="0.266999999999996" classname="table_pdt01" name="PDT01_is_produced_correctly"/>
    <testcase time="0.153999999999996" classname="table_pdt01" name="PDT01_is_produced_correctly"/>
  </testsuite>
  <testsuite name="table_pdt02" timestamp="2025-02-21T11:55:18Z" hostname="9089bb212864" tests="2" skipped="0" failures="0" errors="0" time="0.24">
    <testcase time="0.165999999999997" classname="table_pdt02" name="PDT02_is_produced_correctly"/>
    <testcase time="0.0739999999999839" classname="table_pdt02" name="PDT02_is_produced_correctly"/>
  </testsuite>
  <testsuite name="table_pkct01" timestamp="2025-02-21T11:55:18Z" hostname="9089bb212864" tests="10" skipped="0" failures="0" errors="0" time="3.353">
    <testcase time="0.273000000000025" classname="table_pkct01" name="PKCT01_is_produced_correctly"/>
    <testcase time="0.107999999999976" classname="table_pkct01" name="PKCT01_is_produced_correctly"/>
    <testcase time="0.131" classname="table_pkct01" name="PKCT01_is_produced_correctly"/>
    <testcase time="0.0570000000000164" classname="table_pkct01" name="PKCT01_is_produced_correctly"/>
    <testcase time="1.02699999999999" classname="table_pkct01" name="Specific_PKCT01_features_are_present"/>
    <testcase time="0.229000000000013" classname="table_pkct01" name="Specific_PKCT01_features_are_present"/>
    <testcase time="0.210000000000008" classname="table_pkct01" name="Specific_PKCT01_features_are_present"/>
    <testcase time="0.0029999999999859" classname="table_pkct01" name="Specific_PKCT01_features_are_present"/>
    <testcase time="0.710999999999984" classname="table_pkct01" name="Specific_PKCT01_features_are_present"/>
    <testcase time="0.604000000000013" classname="table_pkct01" name="Specific_PKCT01_features_are_present"/>
  </testsuite>
  <testsuite name="table_pkpt02" timestamp="2025-02-21T11:55:21Z" hostname="9089bb212864" tests="2" skipped="0" failures="0" errors="0" time="0.6">
    <testcase time="0.353000000000009" classname="table_pkpt02" name="PKPT02_is_produced_correctly_for_Drug_X"/>
    <testcase time="0.246999999999986" classname="table_pkpt02" name="PKPT02_is_produced_correctly_for_Drug_X"/>
  </testsuite>
  <testsuite name="table_pkpt03" timestamp="2025-02-21T11:55:22Z" hostname="9089bb212864" tests="2" skipped="0" failures="0" errors="0" time="1.174">
    <testcase time="0.965000000000003" classname="table_pkpt03" name="PKPT03_Drug_X_is_produced_correctly"/>
    <testcase time="0.209000000000003" classname="table_pkpt03" name="PKPT03_Drug_X_is_produced_correctly"/>
  </testsuite>
  <testsuite name="table_pkpt04" timestamp="2025-02-21T11:55:23Z" hostname="9089bb212864" tests="2" skipped="0" failures="0" errors="0" time="0.213">
    <testcase time="0.104000000000013" classname="table_pkpt04" name="PKPT04_is_produced_correctly_for_Drug_X"/>
    <testcase time="0.10899999999998" classname="table_pkpt04" name="PKPT04_is_produced_correctly_for_Drug_X"/>
  </testsuite>
  <testsuite name="table_pkpt05" timestamp="2025-02-21T11:55:23Z" hostname="9089bb212864" tests="2" skipped="0" failures="0" errors="0" time="0.426">
    <testcase time="0.300000000000011" classname="table_pkpt05" name="PKPT05_Drug_X_is_produced_correctly"/>
    <testcase time="0.126000000000005" classname="table_pkpt05" name="PKPT05_Drug_X_is_produced_correctly"/>
  </testsuite>
  <testsuite name="table_pkpt06" timestamp="2025-02-21T11:55:24Z" hostname="9089bb212864" tests="4" skipped="0" failures="0" errors="0" time="0.289">
    <testcase time="0.0929999999999893" classname="table_pkpt06" name="PKPT06_is_produced_correctly_for_Drug_X"/>
    <testcase time="0.0649999999999977" classname="table_pkpt06" name="PKPT06_is_produced_correctly_for_Drug_X"/>
    <testcase time="0.0529999999999973" classname="table_pkpt06" name="PKPT06_is_produced_correctly_for_Drug_Y"/>
    <testcase time="0.078000000000003" classname="table_pkpt06" name="PKPT06_is_produced_correctly_for_Drug_Y"/>
  </testsuite>
  <testsuite name="table_pkpt07" timestamp="2025-02-21T11:55:24Z" hostname="9089bb212864" tests="4" skipped="0" failures="0" errors="0" time="0.547">
    <testcase time="0.224999999999994" classname="table_pkpt07" name="PKPT07_Drug_X_is_produced_correctly"/>
    <testcase time="0.099000000000018" classname="table_pkpt07" name="PKPT07_Drug_X_is_produced_correctly"/>
    <testcase time="0.135999999999996" classname="table_pkpt07" name="PKPT07_Drug_Y_is_produced_correctly"/>
    <testcase time="0.0869999999999891" classname="table_pkpt07" name="PKPT07_Drug_Y_is_produced_correctly"/>
  </testsuite>
  <testsuite name="table_ratet01" timestamp="2025-02-21T11:55:25Z" hostname="9089bb212864" tests="2" skipped="0" failures="0" errors="0" time="1.274">
    <testcase time="1.08000000000001" classname="table_ratet01" name="RATET01_is_produced_correctly"/>
    <testcase time="0.193999999999988" classname="table_ratet01" name="RATET01_is_produced_correctly"/>
  </testsuite>
  <testsuite name="table_rmpt01" timestamp="2025-02-21T11:55:26Z" hostname="9089bb212864" tests="2" skipped="0" failures="0" errors="0" time="0.206">
    <testcase time="0.131" classname="table_rmpt01" name="RMPT01_is_produced_correctly"/>
    <testcase time="0.0750000000000171" classname="table_rmpt01" name="RMPT01_is_produced_correctly"/>
  </testsuite>
  <testsuite name="table_rmpt03" timestamp="2025-02-21T11:55:26Z" hostname="9089bb212864" tests="4" skipped="0" failures="0" errors="0" time="0.773">
    <testcase time="0.197999999999979" classname="table_rmpt03" name="RMPT03_variant_1_is_produced_correctly"/>
    <testcase time="0.341000000000008" classname="table_rmpt03" name="RMPT03_variant_1_is_produced_correctly"/>
    <testcase time="0.141999999999996" classname="table_rmpt03" name="RMPT03_variant_2_is_produced_correctly"/>
    <testcase time="0.092000000000013" classname="table_rmpt03" name="RMPT03_variant_2_is_produced_correctly"/>
  </testsuite>
  <testsuite name="table_rmpt04" timestamp="2025-02-21T11:55:27Z" hostname="9089bb212864" tests="2" skipped="0" failures="0" errors="0" time="0.189">
    <testcase time="0.125" classname="table_rmpt04" name="RMPT04_variant_1_is_produced_correctly"/>
    <testcase time="0.063999999999993" classname="table_rmpt04" name="RMPT04_variant_1_is_produced_correctly"/>
  </testsuite>
  <testsuite name="table_rmpt05" timestamp="2025-02-21T11:55:27Z" hostname="9089bb212864" tests="2" skipped="0" failures="0" errors="0" time="0.209">
    <testcase time="0.140999999999991" classname="table_rmpt05" name="RMPT05_is_produced_correctly"/>
    <testcase time="0.0680000000000121" classname="table_rmpt05" name="RMPT05_is_produced_correctly"/>
  </testsuite>
  <testsuite name="table_rmpt06" timestamp="2025-02-21T11:55:27Z" hostname="9089bb212864" tests="8" skipped="0" failures="0" errors="0" time="1.443">
    <testcase time="0.294999999999987" classname="table_rmpt06" name="RMPT06_variant_1_is_produced_correctly"/>
    <testcase time="0.105000000000018" classname="table_rmpt06" name="RMPT06_variant_1_is_produced_correctly"/>
    <testcase time="0.191000000000003" classname="table_rmpt06" name="RMPT06_variant_2_is_produced_correctly"/>
    <testcase time="0.0809999999999889" classname="table_rmpt06" name="RMPT06_variant_2_is_produced_correctly"/>
    <testcase time="0.264999999999986" classname="table_rmpt06" name="RMPT06_variant_3_is_produced_correctly"/>
    <testcase time="0.119" classname="table_rmpt06" name="RMPT06_variant_3_is_produced_correctly"/>
    <testcase time="0.268000000000001" classname="table_rmpt06" name="RMPT06_variant_4_is_produced_correctly"/>
    <testcase time="0.119" classname="table_rmpt06" name="RMPT06_variant_4_is_produced_correctly"/>
  </testsuite>
  <testsuite name="table_rspt01" timestamp="2025-02-21T11:55:29Z" hostname="9089bb212864" tests="12" skipped="0" failures="0" errors="0" time="2.26">
    <testcase time="0.262" classname="table_rspt01" name="RSPT01_1._Best_Overall_Response"/>
    <testcase time="0.110000000000014" classname="table_rspt01" name="RSPT01_1._Best_Overall_Response"/>
    <testcase time="0.234999999999985" classname="table_rspt01" name="RSPT01_2._Best_Overall_Response_selecting_sections_to_display_"/>
    <testcase time="0.114000000000004" classname="table_rspt01" name="RSPT01_2._Best_Overall_Response_selecting_sections_to_display_"/>
    <testcase time="0.296999999999997" classname="table_rspt01" name="RSPT01_3._Best_Overall_Response_modifying_settings_"/>
    <testcase time="0.115000000000009" classname="table_rspt01" name="RSPT01_3._Best_Overall_Response_modifying_settings_"/>
    <testcase time="0.323000000000008" classname="table_rspt01" name="RSPT01_4._Best_Overall_Response_with_stratified_analysis_"/>
    <testcase time="0.126000000000005" classname="table_rspt01" name="RSPT01_4._Best_Overall_Response_with_stratified_analysis_"/>
    <testcase time="0.263999999999982" classname="table_rspt01" name="RSPT01_5._Best_Overall_Response_modifying_the_definition_of_overall_response_"/>
    <testcase time="0.111000000000018" classname="table_rspt01" name="RSPT01_5._Best_Overall_Response_modifying_the_definition_of_overall_response_"/>
    <testcase time="0.205999999999989" classname="table_rspt01" name="RSPT01_6._Best_Overall_Response_define_new_sections_to_display_"/>
    <testcase time="0.0970000000000084" classname="table_rspt01" name="RSPT01_6._Best_Overall_Response_define_new_sections_to_display_"/>
  </testsuite>
  <testsuite name="table_ttet01" timestamp="2025-02-21T11:55:31Z" hostname="9089bb212864" tests="14" skipped="0" failures="0" errors="0" time="3.447">
    <testcase time="0.407999999999987" classname="table_ttet01" name="TTET01_default_variant_is_produced_correctly"/>
    <testcase time="0.195999999999998" classname="table_ttet01" name="TTET01_default_variant_is_produced_correctly"/>
    <testcase time="0.391999999999996" classname="table_ttet01" name="TTET01_default_variant_with_Placebo_arm"/>
    <testcase time="0.173000000000002" classname="table_ttet01" name="TTET01_default_variant_with_Placebo_arm"/>
    <testcase time="0.210000000000008" classname="table_ttet01" name="TTET01_variant_2_selecting_sections_to_display"/>
    <testcase time="0.12299999999999" classname="table_ttet01" name="TTET01_variant_2_selecting_sections_to_display"/>
    <testcase time="0.306000000000012" classname="table_ttet01" name="TTET01_variant_3_modifying_analysis_details_like_conftype_ties_alpha_level"/>
    <testcase time="0.135999999999996" classname="table_ttet01" name="TTET01_variant_3_modifying_analysis_details_like_conftype_ties_alpha_level"/>
    <testcase time="0.363" classname="table_ttet01" name="TTET01_variant_4_with_stratified_analysis"/>
    <testcase time="0.159999999999997" classname="table_ttet01" name="TTET01_variant_4_with_stratified_analysis"/>
    <testcase time="0.305000000000007" classname="table_ttet01" name="TTET01_variant_5_modifying_time_point"/>
    <testcase time="0.135999999999996" classname="table_ttet01" name="TTET01_variant_5_modifying_time_point"/>
    <testcase time="0.383999999999986" classname="table_ttet01" name="TTET01_variant_6_requesting_more_than_one_p_value"/>
    <testcase time="0.155000000000001" classname="table_ttet01" name="TTET01_variant_6_requesting_more_than_one_p_value"/>
  </testsuite>
  <testsuite name="table_vst01" timestamp="2025-02-21T11:55:35Z" hostname="9089bb212864" tests="2" skipped="0" failures="0" errors="0" time="2.145">
    <testcase time="1.727" classname="table_vst01" name="VST01_default_variant_is_produced_correctly"/>
    <testcase time="0.418000000000006" classname="table_vst01" name="VST01_default_variant_is_produced_correctly"/>
  </testsuite>
  <testsuite name="table_vst02" timestamp="2025-02-21T11:55:37Z" hostname="9089bb212864" tests="4" skipped="0" failures="0" errors="0" time="1.513">
    <testcase time="1.048" classname="table_vst02" name="1._Vital_Sign_Abnormalities_Regardless_of_Abnormality_at_Baseline_VST02_1_"/>
    <testcase time="0.110000000000014" classname="table_vst02" name="1._Vital_Sign_Abnormalities_Regardless_of_Abnormality_at_Baseline_VST02_1_"/>
    <testcase time="0.254999999999995" classname="table_vst02" name="2._Vital_Sign_Abnormalities_Among_Subject_Without_Abnormality_at_Baseline_VST02_2_"/>
    <testcase time="0.0999999999999943" classname="table_vst02" name="2._Vital_Sign_Abnormalities_Among_Subject_Without_Abnormality_at_Baseline_VST02_2_"/>
  </testsuite>
</testsuites>
