<?xml version="1.0" encoding="UTF-8"?>
<testsuites>
  <testsuite name="listing_adal02" timestamp="2025-02-07T00:15:42Z" hostname="18028c8b8207" tests="1" skipped="0" failures="0" errors="0" time="0.267">
    <testcase time="0.267" classname="listing_adal02" name="ADAL02_listing_is_produced_correctly"/>
  </testsuite>
  <testsuite name="listing_ael01" timestamp="2025-02-07T00:15:43Z" hostname="18028c8b8207" tests="1" skipped="0" failures="0" errors="0" time="0.205">
    <testcase time="0.205" classname="listing_ael01" name="AEL01_listing_is_produced_correctly"/>
  </testsuite>
  <testsuite name="listing_ael01_nollt" timestamp="2025-02-07T00:15:43Z" hostname="18028c8b8207" tests="1" skipped="0" failures="0" errors="0" time="0.077">
    <testcase time="0.077" classname="listing_ael01_nollt" name="AEL01_NOLLT_listing_is_produced_correctly"/>
  </testsuite>
  <testsuite name="listing_ael02" timestamp="2025-02-07T00:15:43Z" hostname="18028c8b8207" tests="1" skipped="0" failures="0" errors="0" time="0.33">
    <testcase time="0.33" classname="listing_ael02" name="AEL02_listing_is_produced_correctly"/>
  </testsuite>
  <testsuite name="listing_ael02_ed" timestamp="2025-02-07T00:15:43Z" hostname="18028c8b8207" tests="1" skipped="0" failures="0" errors="0" time="0.353">
    <testcase time="0.353" classname="listing_ael02_ed" name="AEL02_ED_listing_is_produced_correctly"/>
  </testsuite>
  <testsuite name="listing_ael03" timestamp="2025-02-07T00:15:44Z" hostname="18028c8b8207" tests="1" skipped="0" failures="0" errors="0" time="0.298">
    <testcase time="0.298" classname="listing_ael03" name="AEL03_listing_is_produced_correctly"/>
  </testsuite>
  <testsuite name="listing_ael04" timestamp="2025-02-07T00:15:44Z" hostname="18028c8b8207" tests="1" skipped="0" failures="0" errors="0" time="0.21">
    <testcase time="0.210000000000001" classname="listing_ael04" name="AEL04_listing_is_produced_correctly"/>
  </testsuite>
  <testsuite name="listing_cml01" timestamp="2025-02-07T00:15:44Z" hostname="18028c8b8207" tests="1" skipped="0" failures="0" errors="0" time="0.362">
    <testcase time="0.362" classname="listing_cml01" name="CML01_listing_is_produced_correctly"/>
  </testsuite>
  <testsuite name="listing_cml02a_gl" timestamp="2025-02-07T00:15:45Z" hostname="18028c8b8207" tests="1" skipped="0" failures="0" errors="0" time="0.129">
    <testcase time="0.129" classname="listing_cml02a_gl" name="CML02A_GL_listing_is_produced_correctly"/>
  </testsuite>
  <testsuite name="listing_cml02b_gl" timestamp="2025-02-07T00:15:45Z" hostname="18028c8b8207" tests="1" skipped="0" failures="0" errors="0" time="0.176">
    <testcase time="0.176" classname="listing_cml02b_gl" name="CML02B_GL_listing_is_produced_correctly"/>
  </testsuite>
  <testsuite name="listing_dsl01" timestamp="2025-02-07T00:15:45Z" hostname="18028c8b8207" tests="1" skipped="0" failures="0" errors="0" time="0.195">
    <testcase time="0.195" classname="listing_dsl01" name="DSL01_listing_is_produced_correctly"/>
  </testsuite>
  <testsuite name="listing_dsl02" timestamp="2025-02-07T00:15:45Z" hostname="18028c8b8207" tests="1" skipped="0" failures="0" errors="0" time="0.08">
    <testcase time="0.0800000000000001" classname="listing_dsl02" name="DSL02_listing_is_produced_correctly"/>
  </testsuite>
  <testsuite name="listing_dsur4" timestamp="2025-02-07T00:15:45Z" hostname="18028c8b8207" tests="1" skipped="0" failures="0" errors="0" time="0.119">
    <testcase time="0.119" classname="listing_dsur4" name="DSUR4_listing_is_produced_correctly"/>
  </testsuite>
  <testsuite name="listing_egl01" timestamp="2025-02-07T00:15:45Z" hostname="18028c8b8207" tests="1" skipped="0" failures="0" errors="0" time="0.439">
    <testcase time="0.439" classname="listing_egl01" name="EGL01_listing_is_produced_correctly"/>
  </testsuite>
  <testsuite name="listing_exl01" timestamp="2025-02-07T00:15:46Z" hostname="18028c8b8207" tests="1" skipped="0" failures="0" errors="0" time="0.228">
    <testcase time="0.228" classname="listing_exl01" name="EXL01_listing_is_produced_correctly"/>
  </testsuite>
  <testsuite name="listing_lbl01" timestamp="2025-02-07T00:15:46Z" hostname="18028c8b8207" tests="1" skipped="0" failures="0" errors="0" time="0.561">
    <testcase time="0.561" classname="listing_lbl01" name="LBL01_listing_is_produced_correctly"/>
  </testsuite>
  <testsuite name="listing_lbl01_rls" timestamp="2025-02-07T00:15:47Z" hostname="18028c8b8207" tests="1" skipped="0" failures="0" errors="0" time="0.559">
    <testcase time="0.558999999999999" classname="listing_lbl01_rls" name="LBL01_RLS_listing_is_produced_correctly"/>
  </testsuite>
  <testsuite name="listing_lbl02a" timestamp="2025-02-07T00:15:47Z" hostname="18028c8b8207" tests="1" skipped="0" failures="0" errors="0" time="0.281">
    <testcase time="0.281000000000001" classname="listing_lbl02a" name="LBL02A_listing_is_produced_correctly"/>
  </testsuite>
  <testsuite name="listing_lbl02a_rls" timestamp="2025-02-07T00:15:47Z" hostname="18028c8b8207" tests="1" skipped="0" failures="0" errors="0" time="0.85">
    <testcase time="0.85" classname="listing_lbl02a_rls" name="LBL02A_RLS_listing_is_produced_correctly"/>
  </testsuite>
  <testsuite name="listing_lbl02b" timestamp="2025-02-07T00:15:48Z" hostname="18028c8b8207" tests="1" skipped="0" failures="0" errors="0" time="0.266">
    <testcase time="0.266" classname="listing_lbl02b" name="LBL02B_listing_is_produced_correctly"/>
  </testsuite>
  <testsuite name="listing_mhl01" timestamp="2025-02-07T00:15:48Z" hostname="18028c8b8207" tests="1" skipped="0" failures="0" errors="0" time="0.273">
    <testcase time="0.273000000000001" classname="listing_mhl01" name="MHL01_listing_is_produced_correctly"/>
  </testsuite>
  <testsuite name="listing_oncl01" timestamp="2025-02-07T00:15:49Z" hostname="18028c8b8207" tests="1" skipped="0" failures="0" errors="0" time="0.252">
    <testcase time="0.251999999999999" classname="listing_oncl01" name="ONCL01_listing_is_produced_correctly"/>
  </testsuite>
  <testsuite name="listing_pkcl01" timestamp="2025-02-07T00:15:49Z" hostname="18028c8b8207" tests="2" skipped="0" failures="0" errors="0" time="0.738">
    <testcase time="0.214" classname="listing_pkcl01" name="PKCL01_listing_is_produced_correctly"/>
    <testcase time="0.523999999999999" classname="listing_pkcl01" name="PKCL01_listing_key_columns_values_are_repeated_when_entries_span_multiple_pages"/>
  </testsuite>
  <testsuite name="listing_pkcl02" timestamp="2025-02-07T00:15:50Z" hostname="18028c8b8207" tests="1" skipped="0" failures="0" errors="0" time="0.212">
    <testcase time="0.212000000000002" classname="listing_pkcl02" name="PKCL02_listing_is_produced_correctly"/>
  </testsuite>
  <testsuite name="listing_pkpl01" timestamp="2025-02-07T00:15:50Z" hostname="18028c8b8207" tests="1" skipped="0" failures="0" errors="0" time="0.255">
    <testcase time="0.254999999999999" classname="listing_pkpl01" name="PKPL01_listing_is_produced_correctly"/>
  </testsuite>
  <testsuite name="listing_pkpl02" timestamp="2025-02-07T00:15:50Z" hostname="18028c8b8207" tests="1" skipped="0" failures="0" errors="0" time="0.169">
    <testcase time="0.169" classname="listing_pkpl02" name="PKPL02_listing_is_produced_correctly"/>
  </testsuite>
  <testsuite name="listing_pkpl04" timestamp="2025-02-07T00:15:50Z" hostname="18028c8b8207" tests="1" skipped="0" failures="0" errors="0" time="0.225">
    <testcase time="0.225000000000001" classname="listing_pkpl04" name="PKPL04_listing_is_produced_correctly"/>
  </testsuite>
  <testsuite name="listing_vsl01" timestamp="2025-02-07T00:15:51Z" hostname="18028c8b8207" tests="1" skipped="0" failures="0" errors="0" time="0.449">
    <testcase time="0.448999999999998" classname="listing_vsl01" name="VSL01_listing_is_produced_correctly"/>
  </testsuite>
  <testsuite name="pagination_listing" timestamp="2025-02-07T00:15:51Z" hostname="18028c8b8207" tests="13" skipped="0" failures="0" errors="0" time="6.257">
    <testcase time="0.0309999999999988" classname="pagination_listing" name="Direct_pagination_works_fine"/>
    <testcase time="1.088" classname="pagination_listing" name="Direct_pagination_works_fine"/>
    <testcase time="0.00300000000000011" classname="pagination_listing" name="Direct_pagination_works_fine"/>
    <testcase time="0.925000000000001" classname="pagination_listing" name="Direct_pagination_works_fine"/>
    <testcase time="1.304" classname="pagination_listing" name="Direct_pagination_works_fine"/>
    <testcase time="1.591" classname="pagination_listing" name="pagination_counts_the_right_number_of_lines_when_wrapping_on_keycols_is_present"/>
    <testcase time="0.00700000000000145" classname="pagination_listing" name="pagination_counts_the_right_number_of_lines_when_wrapping_on_keycols_is_present"/>
    <testcase time="0.00499999999999901" classname="pagination_listing" name="pagination_counts_the_right_number_of_lines_when_wrapping_on_keycols_is_present"/>
    <testcase time="0.00400000000000134" classname="pagination_listing" name="pagination_counts_the_right_number_of_lines_when_wrapping_on_keycols_is_present"/>
    <testcase time="1.287" classname="pagination_listing" name="pagination_counts_the_right_number_of_lines_when_wrapping_on_keycols_is_present"/>
    <testcase time="0.00499999999999901" classname="pagination_listing" name="pagination_counts_the_right_number_of_lines_when_wrapping_on_keycols_is_present"/>
    <testcase time="0.00400000000000134" classname="pagination_listing" name="pagination_counts_the_right_number_of_lines_when_wrapping_on_keycols_is_present"/>
    <testcase time="0.00300000000000011" classname="pagination_listing" name="pagination_counts_the_right_number_of_lines_when_wrapping_on_keycols_is_present"/>
  </testsuite>
  <testsuite name="pagination_table" timestamp="2025-02-07T00:15:59Z" hostname="18028c8b8207" tests="30" skipped="0" failures="0" errors="0" time="15.058">
    <testcase time="1.823" classname="pagination_table" name="Direct_pagination_with_standard_values"/>
    <testcase time="0.00499999999999901" classname="pagination_table" name="Direct_pagination_with_standard_values"/>
    <testcase time="0.00399999999999778" classname="pagination_table" name="Direct_pagination_with_standard_values"/>
    <testcase time="1.266" classname="pagination_table" name="Pagination_with_specific_column_widths_and_minimum_lines_per_page"/>
    <testcase time="0.00400000000000134" classname="pagination_table" name="Pagination_with_specific_column_widths_and_minimum_lines_per_page"/>
    <testcase time="0.122" classname="pagination_table" name="Pagination_with_specific_column_widths_and_minimum_lines_per_page"/>
    <testcase time="0.988" classname="pagination_table" name="Pagination_works_also_if_table_is_decorated"/>
    <testcase time="0.573999999999998" classname="pagination_table" name="Pagination_works_also_if_table_is_decorated"/>
    <testcase time="0.867000000000001" classname="pagination_table" name="Pagination_works_also_if_table_is_decorated"/>
    <testcase time="0.699999999999999" classname="pagination_table" name="Pagination_works_also_if_table_is_decorated"/>
    <testcase time="1.485" classname="pagination_table" name="Pagination_works_also_if_table_is_decorated"/>
    <testcase time="0.341000000000001" classname="pagination_table" name="Pagination_works_also_if_table_is_decorated"/>
    <testcase time="0.00400000000000134" classname="pagination_table" name="Pagination_works_also_if_table_is_decorated"/>
    <testcase time="0.0249999999999986" classname="pagination_table" name="Pagination_works_also_if_table_is_decorated"/>
    <testcase time="0.172000000000001" classname="pagination_table" name="Pagination_works_also_if_table_is_decorated"/>
    <testcase time="0.108000000000001" classname="pagination_table" name="Pagination_works_also_if_table_is_decorated"/>
    <testcase time="0.757999999999999" classname="pagination_table" name="Pagination_works_for_page_types"/>
    <testcase time="0.0859999999999985" classname="pagination_table" name="Pagination_works_for_page_types"/>
    <testcase time="0.758000000000003" classname="pagination_table" name="Pagination_works_for_page_types"/>
    <testcase time="0.080999999999996" classname="pagination_table" name="Pagination_works_for_page_types"/>
    <testcase time="0.712000000000003" classname="pagination_table" name="Pagination_works_for_page_types"/>
    <testcase time="0.435000000000002" classname="pagination_table" name="Pagination_works_for_page_types"/>
    <testcase time="0.771000000000001" classname="pagination_table" name="Pagination_works_for_page_width_and_height"/>
    <testcase time="0.148999999999994" classname="pagination_table" name="Pagination_works_for_page_width_and_height"/>
    <testcase time="0.850000000000001" classname="pagination_table" name="Pagination_works_for_page_types"/>
    <testcase time="0.18" classname="pagination_table" name="Pagination_works_for_page_types"/>
    <testcase time="0.931000000000004" classname="pagination_table" name="AET04_variant_2_page_by_pagination_tests"/>
    <testcase time="0.690999999999995" classname="pagination_table" name="AET04_variant_2_page_by_pagination_tests"/>
    <testcase time="0.00200000000000244" classname="pagination_table" name="AET04_variant_2_page_by_pagination_tests"/>
    <testcase time="0.165999999999997" classname="pagination_table" name="AET04_variant_2_page_by_pagination_tests"/>
  </testsuite>
  <testsuite name="table_adat03" timestamp="2025-02-07T00:16:12Z" hostname="18028c8b8207" tests="2" skipped="0" failures="0" errors="0" time="0.627">
    <testcase time="0.480000000000004" classname="table_adat03" name="ADAT03_is_produced_correctly"/>
    <testcase time="0.146999999999998" classname="table_adat03" name="ADAT03_is_produced_correctly"/>
  </testsuite>
  <testsuite name="table_aet01" timestamp="2025-02-07T00:16:13Z" hostname="18028c8b8207" tests="8" skipped="0" failures="0" errors="0" time="1.907">
    <testcase time="0.396999999999998" classname="table_aet01" name="Safety_Summary_Variant_1_works_as_expected"/>
    <testcase time="0.119" classname="table_aet01" name="Safety_Summary_Variant_1_works_as_expected"/>
    <testcase time="0.352000000000004" classname="table_aet01" name="Safety_Summary_Variant_2_with_Medical_Concepts_Section_works_as_expected"/>
    <testcase time="0.134999999999998" classname="table_aet01" name="Safety_Summary_Variant_2_with_Medical_Concepts_Section_works_as_expected"/>
    <testcase time="0.268999999999998" classname="table_aet01" name="Safety_Summary_Variant_3_with_Modified_Rows_works_as_expected"/>
    <testcase time="0.0990000000000038" classname="table_aet01" name="Safety_Summary_Variant_3_with_Modified_Rows_works_as_expected"/>
    <testcase time="0.393999999999998" classname="table_aet01" name="Safety_Summary_Variant_4_with_Rows_Counting_Events_and_Additional_Sections_works_as_expected"/>
    <testcase time="0.142000000000003" classname="table_aet01" name="Safety_Summary_Variant_4_with_Rows_Counting_Events_and_Additional_Sections_works_as_expected"/>
  </testsuite>
  <testsuite name="table_aet01_aesi" timestamp="2025-02-07T00:16:15Z" hostname="18028c8b8207" tests="8" skipped="0" failures="0" errors="0" time="2.892">
    <testcase time="0.296999999999997" classname="table_aet01_aesi" name="AET01_AESI_Variant_1_works_as_expected"/>
    <testcase time="0.109000000000002" classname="table_aet01_aesi" name="AET01_AESI_Variant_1_works_as_expected"/>
    <testcase time="0.702999999999996" classname="table_aet01_aesi" name="AET01_AESI_Variant_2_works_as_expected"/>
    <testcase time="0.154000000000003" classname="table_aet01_aesi" name="AET01_AESI_Variant_2_works_as_expected"/>
    <testcase time="0.649000000000001" classname="table_aet01_aesi" name="AET01_AESI_Variant_3_works_as_expected"/>
    <testcase time="0.213000000000001" classname="table_aet01_aesi" name="AET01_AESI_Variant_3_works_as_expected"/>
    <testcase time="0.540999999999997" classname="table_aet01_aesi" name="AET01_AESI_Variant_4_works_as_expected"/>
    <testcase time="0.225999999999999" classname="table_aet01_aesi" name="AET01_AESI_Variant_4_works_as_expected"/>
  </testsuite>
  <testsuite name="table_aet02" timestamp="2025-02-07T00:16:18Z" hostname="18028c8b8207" tests="26" skipped="0" failures="0" errors="0" time="8.325">
    <testcase time="0.536000000000001" classname="table_aet02" name="AET02_variant_1_is_produced_correctly"/>
    <testcase time="0.192" classname="table_aet02" name="AET02_variant_1_is_produced_correctly"/>
    <testcase time="0.442999999999998" classname="table_aet02" name="AET02_variant_1_is_produced_correctly"/>
    <testcase time="0.0910000000000011" classname="table_aet02" name="AET02_variant_1_is_produced_correctly"/>
    <testcase time="0.619" classname="table_aet02" name="AET02_variant_2_is_produced_correctly"/>
    <testcase time="0.192" classname="table_aet02" name="AET02_variant_2_is_produced_correctly"/>
    <testcase time="0.951999999999998" classname="table_aet02" name="AET02_variant_3_is_produced_correctly"/>
    <testcase time="0.307000000000002" classname="table_aet02" name="AET02_variant_3_is_produced_correctly"/>
    <testcase time="0.128999999999998" classname="table_aet02" name="AET02_variant_4_is_produced_correctly"/>
    <testcase time="0.108000000000004" classname="table_aet02" name="AET02_variant_4_is_produced_correctly"/>
    <testcase time="0.411000000000001" classname="table_aet02" name="AET02_variant_5_is_produced_correctly"/>
    <testcase time="0.175999999999995" classname="table_aet02" name="AET02_variant_5_is_produced_correctly"/>
    <testcase time="0.408999999999999" classname="table_aet02" name="AET02_variant_6_is_produced_correctly"/>
    <testcase time="0.104000000000006" classname="table_aet02" name="AET02_variant_6_is_produced_correctly"/>
    <testcase time="0.955999999999996" classname="table_aet02" name="AET02_variant_7_is_produced_correctly"/>
    <testcase time="0.155000000000001" classname="table_aet02" name="AET02_variant_7_is_produced_correctly"/>
    <testcase time="0.414000000000001" classname="table_aet02" name="AET02_variant_8_is_produced_correctly"/>
    <testcase time="0.0769999999999982" classname="table_aet02" name="AET02_variant_8_is_produced_correctly"/>
    <testcase time="0.411999999999999" classname="table_aet02" name="AET02_variant_9_is_produced_correctly"/>
    <testcase time="0.115000000000002" classname="table_aet02" name="AET02_variant_9_is_produced_correctly"/>
    <testcase time="0.433" classname="table_aet02" name="AET02_variant_10_is_produced_correctly"/>
    <testcase time="0.0919999999999987" classname="table_aet02" name="AET02_variant_10_is_produced_correctly"/>
    <testcase time="0.414999999999999" classname="table_aet02" name="AET02_variant_11_is_produced_correctly"/>
    <testcase time="0.078000000000003" classname="table_aet02" name="AET02_variant_11_is_produced_correctly"/>
    <testcase time="0.414000000000001" classname="table_aet02" name="AET02_variant_12_is_produced_correctly"/>
    <testcase time="0.0949999999999989" classname="table_aet02" name="AET02_variant_12_is_produced_correctly"/>
  </testsuite>
  <testsuite name="table_aet02_smq" timestamp="2025-02-07T00:16:26Z" hostname="18028c8b8207" tests="4" skipped="0" failures="0" errors="0" time="0.442">
    <testcase time="0.113" classname="table_aet02_smq" name="AET02SMQ_variant_1_is_produced_correctly"/>
    <testcase time="0.0839999999999961" classname="table_aet02_smq" name="AET02SMQ_variant_1_is_produced_correctly"/>
    <testcase time="0.160000000000004" classname="table_aet02_smq" name="AET02SMQ_variant_2_is_produced_correctly"/>
    <testcase time="0.0850000000000009" classname="table_aet02_smq" name="AET02SMQ_variant_2_is_produced_correctly"/>
  </testsuite>
  <testsuite name="table_aet03" timestamp="2025-02-07T00:16:27Z" hostname="18028c8b8207" tests="6" skipped="0" failures="0" errors="0" time="5.119">
    <testcase time="1.183" classname="table_aet03" name="AET03_variant_1_is_produced_correctly"/>
    <testcase time="0.431999999999995" classname="table_aet03" name="AET03_variant_1_is_produced_correctly"/>
    <testcase time="1.434" classname="table_aet03" name="AET03_variant_1_is_produced_correctly"/>
    <testcase time="0.719000000000001" classname="table_aet03" name="AET03_variant_1_is_produced_correctly"/>
    <testcase time="1.131" classname="table_aet03" name="AET03_variant_1_is_produced_correctly"/>
    <testcase time="0.219999999999999" classname="table_aet03" name="AET03_variant_1_is_produced_correctly"/>
  </testsuite>
  <testsuite name="table_aet04" timestamp="2025-02-07T00:16:32Z" hostname="18028c8b8207" tests="30" skipped="0" failures="0" errors="0" time="13.004">
    <testcase time="0.774999999999999" classname="table_aet04" name="AET04_variant_1_is_produced_correctly"/>
    <testcase time="0.338000000000001" classname="table_aet04" name="AET04_variant_1_is_produced_correctly"/>
    <testcase time="0.811999999999998" classname="table_aet04" name="AET04_variant_1_is_produced_correctly"/>
    <testcase time="0.044000000000004" classname="table_aet04" name="AET04_variant_1_is_produced_correctly"/>
    <testcase time="0.0409999999999968" classname="table_aet04" name="AET04_variant_1_is_produced_correctly"/>
    <testcase time="0.697000000000003" classname="table_aet04" name="AET04_variant_2_is_produced_correctly_Fill_in_of_Treatment_Groups_"/>
    <testcase time="0.518000000000001" classname="table_aet04" name="AET04_variant_2_is_produced_correctly_Fill_in_of_Treatment_Groups_"/>
    <testcase time="0.683" classname="table_aet04" name="AET04_variant_2_is_produced_correctly_Fill_in_of_Treatment_Groups_"/>
    <testcase time="0.0399999999999991" classname="table_aet04" name="AET04_variant_2_is_produced_correctly_Fill_in_of_Treatment_Groups_"/>
    <testcase time="0.0390000000000015" classname="table_aet04" name="AET04_variant_2_is_produced_correctly_Fill_in_of_Treatment_Groups_"/>
    <testcase time="0.663999999999994" classname="table_aet04" name="AET04_variant_3_is_produced_correctly_Fill_in_of_Grades_"/>
    <testcase time="0.331000000000003" classname="table_aet04" name="AET04_variant_3_is_produced_correctly_Fill_in_of_Grades_"/>
    <testcase time="0.783000000000001" classname="table_aet04" name="AET04_variant_3_is_produced_correctly_Fill_in_of_Grades_"/>
    <testcase time="0.0429999999999993" classname="table_aet04" name="AET04_variant_3_is_produced_correctly_Fill_in_of_Grades_"/>
    <testcase time="0.0399999999999991" classname="table_aet04" name="AET04_variant_3_is_produced_correctly_Fill_in_of_Grades_"/>
    <testcase time="0.707000000000001" classname="table_aet04" name="AET04_variant_4_is_produced_correctly_Collapsing_of_Grades_grades_1_2_grades_3_4_5_"/>
    <testcase time="0.329999999999998" classname="table_aet04" name="AET04_variant_4_is_produced_correctly_Collapsing_of_Grades_grades_1_2_grades_3_4_5_"/>
    <testcase time="0.789000000000001" classname="table_aet04" name="AET04_variant_4_is_produced_correctly_Collapsing_of_Grades_grades_1_2_grades_3_4_5_"/>
    <testcase time="0.753" classname="table_aet04" name="AET04_variant_6_is_produced_correctly_with_an_Incidence_Rate_of_at_Least_5_totals_restricted_"/>
    <testcase time="0.372" classname="table_aet04" name="AET04_variant_6_is_produced_correctly_with_an_Incidence_Rate_of_at_Least_5_totals_restricted_"/>
    <testcase time="0.781000000000006" classname="table_aet04" name="AET04_variant_6_is_produced_correctly_with_an_Incidence_Rate_of_at_Least_5_totals_restricted_"/>
    <testcase time="0.00999999999999091" classname="table_aet04" name="AET04_variant_8_is_produced_correctly_with_an_Incidence_Rate_of_at_Least_X_Patients_"/>
    <testcase time="0.334999999999994" classname="table_aet04" name="AET04_variant_8_is_produced_correctly_with_an_Incidence_Rate_of_at_Least_X_Patients_"/>
    <testcase time="0.802999999999997" classname="table_aet04" name="AET04_variant_8_is_produced_correctly_with_an_Incidence_Rate_of_at_Least_X_Patients_"/>
    <testcase time="0.0150000000000006" classname="table_aet04" name="AET04_variant_9_is_produced_correctly_with_a_Difference_in_Incidence_Rate_of_at_Least_X_"/>
    <testcase time="0.329000000000008" classname="table_aet04" name="AET04_variant_9_is_produced_correctly_with_a_Difference_in_Incidence_Rate_of_at_Least_X_"/>
    <testcase time="0.774999999999991" classname="table_aet04" name="AET04_variant_9_is_produced_correctly_with_a_Difference_in_Incidence_Rate_of_at_Least_X_"/>
    <testcase time="0.0110000000000099" classname="table_aet04" name="AET04_variant_11_is_produced_correctly_with_Incidence_Rate_of_at_Least_X_all_SOCs_w_o_preferred_terms_removed_"/>
    <testcase time="0.328000000000003" classname="table_aet04" name="AET04_variant_11_is_produced_correctly_with_Incidence_Rate_of_at_Least_X_all_SOCs_w_o_preferred_terms_removed_"/>
    <testcase time="0.817999999999998" classname="table_aet04" name="AET04_variant_11_is_produced_correctly_with_Incidence_Rate_of_at_Least_X_all_SOCs_w_o_preferred_terms_removed_"/>
  </testsuite>
  <testsuite name="table_aet04_pi" timestamp="2025-02-07T00:16:45Z" hostname="18028c8b8207" tests="18" skipped="0" failures="0" errors="0" time="7.241">
    <testcase time="0.631999999999991" classname="table_aet04_pi" name="AET04_PI_full_table_is_produced_correctly"/>
    <testcase time="0.236000000000004" classname="table_aet04_pi" name="AET04_PI_full_table_is_produced_correctly"/>
    <testcase time="0.653999999999996" classname="table_aet04_pi" name="AET04_PI_variant_1_is_produced_correctly"/>
    <testcase time="0.189000000000007" classname="table_aet04_pi" name="AET04_PI_variant_1_is_produced_correctly"/>
    <testcase time="0.652999999999992" classname="table_aet04_pi" name="AET04_PI_variant_2_is_produced_correctly"/>
    <testcase time="0.13000000000001" classname="table_aet04_pi" name="AET04_PI_variant_2_is_produced_correctly"/>
    <testcase time="0.646999999999991" classname="table_aet04_pi" name="AET04_PI_variant_3_is_produced_correctly"/>
    <testcase time="0.14800000000001" classname="table_aet04_pi" name="AET04_PI_variant_3_is_produced_correctly"/>
    <testcase time="0.650999999999996" classname="table_aet04_pi" name="AET04_PI_variant_4_is_produced_correctly"/>
    <testcase time="0.119" classname="table_aet04_pi" name="AET04_PI_variant_4_is_produced_correctly"/>
    <testcase time="0.658000000000001" classname="table_aet04_pi" name="AET04_PI_variant_5_is_produced_correctly"/>
    <testcase time="0.171999999999997" classname="table_aet04_pi" name="AET04_PI_variant_5_is_produced_correctly"/>
    <testcase time="0.798000000000002" classname="table_aet04_pi" name="AET04_PI_variant_6_is_produced_correctly"/>
    <testcase time="0.173000000000002" classname="table_aet04_pi" name="AET04_PI_variant_6_is_produced_correctly"/>
    <testcase time="0.847999999999999" classname="table_aet04_pi" name="AET04_PI_variant_7_is_produced_correctly"/>
    <testcase time="0.192999999999998" classname="table_aet04_pi" name="AET04_PI_variant_7_is_produced_correctly"/>
    <testcase time="0.192000000000007" classname="table_aet04_pi" name="AET04_PI_variant_8_is_produced_correctly"/>
    <testcase time="0.147999999999996" classname="table_aet04_pi" name="AET04_PI_variant_8_is_produced_correctly"/>
  </testsuite>
  <testsuite name="table_aet05" timestamp="2025-02-07T00:16:52Z" hostname="18028c8b8207" tests="4" skipped="0" failures="0" errors="0" time="0.296">
    <testcase time="0.0859999999999985" classname="table_aet05" name="AET05_variant_1_is_produced_correctly"/>
    <testcase time="0.0810000000000031" classname="table_aet05" name="AET05_variant_1_is_produced_correctly"/>
    <testcase time="0.0579999999999927" classname="table_aet05" name="AET05_variant_2_is_produced_correctly"/>
    <testcase time="0.070999999999998" classname="table_aet05" name="AET05_variant_2_is_produced_correctly"/>
  </testsuite>
  <testsuite name="table_aet05_all" timestamp="2025-02-07T00:16:52Z" hostname="18028c8b8207" tests="4" skipped="0" failures="0" errors="0" time="0.314">
    <testcase time="0.113" classname="table_aet05_all" name="AET05_ALL_variant_1_is_produced_correctly"/>
    <testcase time="0.0750000000000028" classname="table_aet05_all" name="AET05_ALL_variant_1_is_produced_correctly"/>
    <testcase time="0.0619999999999976" classname="table_aet05_all" name="AET05_ALL_variant_2_is_produced_correctly"/>
    <testcase time="0.063999999999993" classname="table_aet05_all" name="AET05_ALL_variant_2_is_produced_correctly"/>
  </testsuite>
  <testsuite name="table_aet06" timestamp="2025-02-07T00:16:53Z" hostname="18028c8b8207" tests="6" skipped="0" failures="0" errors="0" time="4.14">
    <testcase time="0.64500000000001" classname="table_aet06" name="AET06_variant_1_is_produced_correctly"/>
    <testcase time="0.259" classname="table_aet06" name="AET06_variant_1_is_produced_correctly"/>
    <testcase time="1.265" classname="table_aet06" name="AET06_variant_3_is_produced_correctly"/>
    <testcase time="0.336999999999989" classname="table_aet06" name="AET06_variant_3_is_produced_correctly"/>
    <testcase time="1.236" classname="table_aet06" name="AET06_variant_5_is_produced_correctly"/>
    <testcase time="0.397999999999996" classname="table_aet06" name="AET06_variant_5_is_produced_correctly"/>
  </testsuite>
  <testsuite name="table_aet06_smq" timestamp="2025-02-07T00:16:57Z" hostname="18028c8b8207" tests="4" skipped="0" failures="0" errors="0" time="1.019">
    <testcase time="0.349000000000004" classname="table_aet06_smq" name="AET06_SMQ_variant_1_is_produced_correctly"/>
    <testcase time="0.147000000000006" classname="table_aet06_smq" name="AET06_SMQ_variant_1_is_produced_correctly"/>
    <testcase time="0.379999999999995" classname="table_aet06_smq" name="AET06_SMQ_variant_2_is_produced_correctly"/>
    <testcase time="0.143000000000001" classname="table_aet06_smq" name="AET06_SMQ_variant_2_is_produced_correctly"/>
  </testsuite>
  <testsuite name="table_aet07" timestamp="2025-02-07T00:16:58Z" hostname="18028c8b8207" tests="4" skipped="0" failures="0" errors="0" time="0.232">
    <testcase time="0.0670000000000073" classname="table_aet07" name="AET07_variant_1_is_produced_correctly"/>
    <testcase time="0.0499999999999972" classname="table_aet07" name="AET07_variant_1_is_produced_correctly"/>
    <testcase time="0.0549999999999926" classname="table_aet07" name="AET07_variant_2_is_produced_correctly"/>
    <testcase time="0.0600000000000023" classname="table_aet07" name="AET07_variant_2_is_produced_correctly"/>
  </testsuite>
  <testsuite name="table_aet09" timestamp="2025-02-07T00:16:58Z" hostname="18028c8b8207" tests="4" skipped="0" failures="0" errors="0" time="2.121">
    <testcase time="0.570999999999998" classname="table_aet09" name="AET09_variant_1_is_produced_correctly_AE_related_to_study_drug"/>
    <testcase time="0.201999999999998" classname="table_aet09" name="AET09_variant_1_is_produced_correctly_AE_related_to_study_drug"/>
    <testcase time="1.036" classname="table_aet09" name="AET09_variant_2_is_produced_correctly_AE_related_to_study_drug_including_high_level_terms_"/>
    <testcase time="0.311999999999998" classname="table_aet09" name="AET09_variant_2_is_produced_correctly_AE_related_to_study_drug_including_high_level_terms_"/>
  </testsuite>
  <testsuite name="table_aet09_smq" timestamp="2025-02-07T00:17:00Z" hostname="18028c8b8207" tests="4" skipped="0" failures="0" errors="0" time="0.555">
    <testcase time="0.138999999999996" classname="table_aet09_smq" name="AET09_variant_1_AEs_related_to_study_drug_by_SMQ_is_produced_correctly"/>
    <testcase time="0.078000000000003" classname="table_aet09_smq" name="AET09_variant_1_AEs_related_to_study_drug_by_SMQ_is_produced_correctly"/>
    <testcase time="0.230000000000004" classname="table_aet09_smq" name="AET09_variant_2_AEs_related_to_study_drug_by_SMQ_with_customized_queries_is_produced_correctly"/>
    <testcase time="0.108000000000004" classname="table_aet09_smq" name="AET09_variant_2_AEs_related_to_study_drug_by_SMQ_with_customized_queries_is_produced_correctly"/>
  </testsuite>
  <testsuite name="table_aet10" timestamp="2025-02-07T00:17:01Z" hostname="18028c8b8207" tests="2" skipped="0" failures="0" errors="0" time="0.179">
    <testcase time="0.116" classname="table_aet10" name="AET10_default_variant_is_produced_correctly"/>
    <testcase time="0.0630000000000024" classname="table_aet10" name="AET10_default_variant_is_produced_correctly"/>
  </testsuite>
  <testsuite name="table_aovt01" timestamp="2025-02-07T00:17:01Z" hostname="18028c8b8207" tests="4" skipped="0" failures="0" errors="0" time="1.295">
    <testcase time="0.393999999999991" classname="table_aovt01" name="AOVT01_variant_with_single_endpoint_is_produced_correctly"/>
    <testcase time="0.103999999999999" classname="table_aovt01" name="AOVT01_variant_with_single_endpoint_is_produced_correctly"/>
    <testcase time="0.629999999999995" classname="table_aovt01" name="AOVT01_variant_with_multiple_endpoints_is_produced_correctly"/>
    <testcase time="0.167000000000002" classname="table_aovt01" name="AOVT01_variant_with_multiple_endpoints_is_produced_correctly"/>
  </testsuite>
  <testsuite name="table_aovt02" timestamp="2025-02-07T00:17:02Z" hostname="18028c8b8207" tests="2" skipped="0" failures="0" errors="0" time="0.412">
    <testcase time="0.314000000000007" classname="table_aovt02" name="AOVT02_is_produced_correctly"/>
    <testcase time="0.097999999999999" classname="table_aovt02" name="AOVT02_is_produced_correctly"/>
  </testsuite>
  <testsuite name="table_aovt03" timestamp="2025-02-07T00:17:02Z" hostname="18028c8b8207" tests="2" skipped="0" failures="0" errors="0" time="0.913">
    <testcase time="0.73899999999999" classname="table_aovt03" name="AOVT03_is_produced_correctly"/>
    <testcase time="0.174000000000007" classname="table_aovt03" name="AOVT03_is_produced_correctly"/>
  </testsuite>
  <testsuite name="table_cfbt01" timestamp="2025-02-07T00:17:03Z" hostname="18028c8b8207" tests="2" skipped="0" failures="0" errors="0" time="0.654">
    <testcase time="0.433999999999997" classname="table_cfbt01" name="CFBT01_default_variant_is_produced_correctly"/>
    <testcase time="0.219999999999999" classname="table_cfbt01" name="CFBT01_default_variant_is_produced_correctly"/>
  </testsuite>
  <testsuite name="table_cmht01" timestamp="2025-02-07T00:17:04Z" hostname="18028c8b8207" tests="4" skipped="0" failures="0" errors="0" time="1.862">
    <testcase time="0.423000000000002" classname="table_cmht01" name="CMHT01_variant_1_is_produced_correctly"/>
    <testcase time="0.097999999999999" classname="table_cmht01" name="CMHT01_variant_1_is_produced_correctly"/>
    <testcase time="1.04900000000001" classname="table_cmht01" name="CMHT01_variant_2_is_produced_correctly"/>
    <testcase time="0.291999999999987" classname="table_cmht01" name="CMHT01_variant_2_is_produced_correctly"/>
  </testsuite>
  <testsuite name="table_cmt01" timestamp="2025-02-07T00:17:06Z" hostname="18028c8b8207" tests="8" skipped="0" failures="0" errors="0" time="4.021">
    <testcase time="0.680000000000007" classname="table_cmt01" name="CMT01_default_variant_Concomitant_medications_is_produced_correctly"/>
    <testcase time="0.310000000000002" classname="table_cmt01" name="CMT01_default_variant_Concomitant_medications_is_produced_correctly"/>
    <testcase time="0.748000000000005" classname="table_cmt01" name="CMT01_variant_1_prior_medications_is_produced_correctly"/>
    <testcase time="0.36399999999999" classname="table_cmt01" name="CMT01_variant_1_prior_medications_is_produced_correctly"/>
    <testcase time="0.63000000000001" classname="table_cmt01" name="CMT01_variant_3_Concomitant_medications_is_produced_correctly"/>
    <testcase time="0.285999999999987" classname="table_cmt01" name="CMT01_variant_3_Concomitant_medications_is_produced_correctly"/>
    <testcase time="0.684000000000012" classname="table_cmt01" name="CMT01_variant_4_Concomitant_medications_is_produced_correctly"/>
    <testcase time="0.318999999999988" classname="table_cmt01" name="CMT01_variant_4_Concomitant_medications_is_produced_correctly"/>
  </testsuite>
  <testsuite name="table_cmt01a" timestamp="2025-02-07T00:17:10Z" hostname="18028c8b8207" tests="8" skipped="0" failures="0" errors="0" time="6.181">
    <testcase time="1.277" classname="table_cmt01a" name="CMT01A_variant_1_is_produced_correctly"/>
    <testcase time="0.323000000000008" classname="table_cmt01a" name="CMT01A_variant_1_is_produced_correctly"/>
    <testcase time="1.19" classname="table_cmt01a" name="CMT01A_variant_2_is_produced_correctly"/>
    <testcase time="0.293999999999997" classname="table_cmt01a" name="CMT01A_variant_2_is_produced_correctly"/>
    <testcase time="1.17700000000001" classname="table_cmt01a" name="CMT01A_variant_3_is_produced_correctly"/>
    <testcase time="0.295000000000002" classname="table_cmt01a" name="CMT01A_variant_3_is_produced_correctly"/>
    <testcase time="1.16" classname="table_cmt01a" name="CMT01A_variant_4_is_produced_correctly"/>
    <testcase time="0.465000000000003" classname="table_cmt01a" name="CMT01A_variant_4_is_produced_correctly"/>
  </testsuite>
  <testsuite name="table_cmt01b" timestamp="2025-02-07T00:17:16Z" hostname="18028c8b8207" tests="6" skipped="0" failures="0" errors="0" time="5.213">
    <testcase time="1.53999999999999" classname="table_cmt01b" name="CMT01B_variant_1_is_produced_correctly"/>
    <testcase time="0.361000000000004" classname="table_cmt01b" name="CMT01B_variant_1_is_produced_correctly"/>
    <testcase time="1.15899999999999" classname="table_cmt01b" name="CMT01B_variant_2_is_produced_correctly"/>
    <testcase time="0.295000000000002" classname="table_cmt01b" name="CMT01B_variant_2_is_produced_correctly"/>
    <testcase time="1.47800000000001" classname="table_cmt01b" name="CMT01B_variant_4_is_produced_correctly"/>
    <testcase time="0.379999999999995" classname="table_cmt01b" name="CMT01B_variant_4_is_produced_correctly"/>
  </testsuite>
  <testsuite name="table_cmt02_pt" timestamp="2025-02-07T00:17:21Z" hostname="18028c8b8207" tests="2" skipped="0" failures="0" errors="0" time="0.596">
    <testcase time="0.403999999999996" classname="table_cmt02_pt" name="CMT02_PT_default_variant_is_produced_correctly"/>
    <testcase time="0.192000000000007" classname="table_cmt02_pt" name="CMT02_PT_default_variant_is_produced_correctly"/>
  </testsuite>
  <testsuite name="table_coxt01" timestamp="2025-02-07T00:17:22Z" hostname="18028c8b8207" tests="8" skipped="0" failures="0" errors="0" time="1.817">
    <testcase time="0.274999999999991" classname="table_coxt01" name="1._Cox_Regression"/>
    <testcase time="0.085000000000008" classname="table_coxt01" name="1._Cox_Regression"/>
    <testcase time="0.390000000000001" classname="table_coxt01" name="2._Cox_Regression_with_Interaction_Term_"/>
    <testcase time="0.105000000000004" classname="table_coxt01" name="2._Cox_Regression_with_Interaction_Term_"/>
    <testcase time="0.36999999999999" classname="table_coxt01" name="3._Cox_Regression_specifying_covariates_"/>
    <testcase time="0.109000000000009" classname="table_coxt01" name="3._Cox_Regression_specifying_covariates_"/>
    <testcase time="0.373999999999995" classname="table_coxt01" name="4._Cox_Regression_setting_strata_ties_and_alpha_level_"/>
    <testcase time="0.108999999999995" classname="table_coxt01" name="4._Cox_Regression_setting_strata_ties_and_alpha_level_"/>
  </testsuite>
  <testsuite name="table_coxt02" timestamp="2025-02-07T00:17:24Z" hostname="18028c8b8207" tests="4" skipped="0" failures="0" errors="0" time="0.686">
    <testcase time="0.272000000000006" classname="table_coxt02" name="COXT02_default_variant_1_is_produced_correctly"/>
    <testcase time="0.0879999999999939" classname="table_coxt02" name="COXT02_default_variant_1_is_produced_correctly"/>
    <testcase time="0.241" classname="table_coxt02" name="COXT02_variant_5_is_produced_correctly"/>
    <testcase time="0.085000000000008" classname="table_coxt02" name="COXT02_variant_5_is_produced_correctly"/>
  </testsuite>
  <testsuite name="table_disclosures" timestamp="2025-02-07T00:17:24Z" hostname="18028c8b8207" tests="12" skipped="0" failures="0" errors="0" time="1.972">
    <testcase time="0.164999999999992" classname="table_disclosures" name="Patient_Disposition_table_is_produced_correctly"/>
    <testcase time="0.105000000000004" classname="table_disclosures" name="Patient_Disposition_table_is_produced_correctly"/>
    <testcase time="0.219999999999999" classname="table_disclosures" name="Demographic_table_is_produced_correctly"/>
    <testcase time="0.150000000000006" classname="table_disclosures" name="Demographic_table_is_produced_correctly"/>
    <testcase time="0.103999999999999" classname="table_disclosures" name="Enrollment_by_Country_Table_is_produced_correctly"/>
    <testcase time="0.0960000000000036" classname="table_disclosures" name="Enrollment_by_Country_Table_is_produced_correctly"/>
    <testcase time="0.0789999999999935" classname="table_disclosures" name="Death_table_is_produced_correctly"/>
    <testcase time="0.0739999999999981" classname="table_disclosures" name="Death_table_is_produced_correctly"/>
    <testcase time="0.322000000000003" classname="table_disclosures" name="Table_of_Serious_Adverse_Events_is_produced_correctly_for_one_specific_treatment_arm_"/>
    <testcase time="0.0930000000000035" classname="table_disclosures" name="Table_of_Serious_Adverse_Events_is_produced_correctly_for_one_specific_treatment_arm_"/>
    <testcase time="0.421999999999997" classname="table_disclosures" name="Table_of_Non_Serious_Adverse_Events_is_produced_correctly"/>
    <testcase time="0.141999999999996" classname="table_disclosures" name="Table_of_Non_Serious_Adverse_Events_is_produced_correctly"/>
  </testsuite>
  <testsuite name="table_dmt01" timestamp="2025-02-07T00:17:27Z" hostname="18028c8b8207" tests="10" skipped="0" failures="0" errors="0" time="2.952">
    <testcase time="1.191" classname="table_dmt01" name="DMT01_variant_1_is_produced_correctly"/>
    <testcase time="0.198999999999998" classname="table_dmt01" name="DMT01_variant_1_is_produced_correctly"/>
    <testcase time="0.246000000000009" classname="table_dmt01" name="DMT01_variant_2_is_produced_correctly"/>
    <testcase time="0.164999999999992" classname="table_dmt01" name="DMT01_variant_2_is_produced_correctly"/>
    <testcase time="0.275000000000006" classname="table_dmt01" name="DMT01_variant_3_is_produced_correctly"/>
    <testcase time="0.192999999999998" classname="table_dmt01" name="DMT01_variant_3_is_produced_correctly"/>
    <testcase time="0.213999999999999" classname="table_dmt01" name="DMT01_variant_4_is_produced_correctly"/>
    <testcase time="0.158000000000001" classname="table_dmt01" name="DMT01_variant_4_is_produced_correctly"/>
    <testcase time="0.167999999999992" classname="table_dmt01" name="DMT01_variant_5_is_produced_correctly"/>
    <testcase time="0.143000000000001" classname="table_dmt01" name="DMT01_variant_5_is_produced_correctly"/>
  </testsuite>
  <testsuite name="table_dort01" timestamp="2025-02-07T00:17:29Z" hostname="18028c8b8207" tests="8" skipped="0" failures="0" errors="0" time="1.565">
    <testcase time="0.293000000000006" classname="table_dort01" name="DORT01_variant_1_is_produced_correctly"/>
    <testcase time="0.100999999999999" classname="table_dort01" name="DORT01_variant_1_is_produced_correctly"/>
    <testcase time="0.300999999999988" classname="table_dort01" name="DORT01_variant_2_selecting_sectons_is_produced_correctly"/>
    <testcase time="0.110000000000014" classname="table_dort01" name="DORT01_variant_2_selecting_sectons_is_produced_correctly"/>
    <testcase time="0.274999999999991" classname="table_dort01" name="DORT01_variant_3_modifying_conftype_and_alpha_level_is_produced_correctly"/>
    <testcase time="0.102000000000004" classname="table_dort01" name="DORT01_variant_3_modifying_conftype_and_alpha_level_is_produced_correctly"/>
    <testcase time="0.265000000000001" classname="table_dort01" name="DORT01_variant_4_modifying_time_point_for_the_xx_duration_is_produced_correctly"/>
    <testcase time="0.117999999999995" classname="table_dort01" name="DORT01_variant_4_modifying_time_point_for_the_xx_duration_is_produced_correctly"/>
  </testsuite>
  <testsuite name="table_dst01" timestamp="2025-02-07T00:17:31Z" hostname="18028c8b8207" tests="6" skipped="0" failures="0" errors="0" time="0.777">
    <testcase time="0.132000000000005" classname="table_dst01" name="DST01_default_variant_is_produced_correctly"/>
    <testcase time="0.111999999999995" classname="table_dst01" name="DST01_default_variant_is_produced_correctly"/>
    <testcase time="0.224000000000004" classname="table_dst01" name="DST01_variants_2_and_3_are_produced_correctly"/>
    <testcase time="0.102999999999994" classname="table_dst01" name="DST01_variants_2_and_3_are_produced_correctly"/>
    <testcase time="0.085000000000008" classname="table_dst01" name="DST01_variants_2_and_3_are_produced_correctly"/>
    <testcase time="0.120999999999995" classname="table_dst01" name="DST01_variants_2_and_3_are_produced_correctly"/>
  </testsuite>
  <testsuite name="table_dtht01" timestamp="2025-02-07T00:17:32Z" hostname="18028c8b8207" tests="8" skipped="0" failures="0" errors="0" time="1.192">
    <testcase time="0.114000000000004" classname="table_dtht01" name="DTHT01_variant_1_is_produced_correctly"/>
    <testcase time="0.0939999999999941" classname="table_dtht01" name="DTHT01_variant_1_is_produced_correctly"/>
    <testcase time="0.26700000000001" classname="table_dtht01" name="DTHT01_variant_2_is_produced_correctly"/>
    <testcase time="0.170999999999992" classname="table_dtht01" name="DTHT01_variant_2_is_produced_correctly"/>
    <testcase time="0.144999999999996" classname="table_dtht01" name="DTHT01_variant_3_is_produced_correctly"/>
    <testcase time="0.105000000000004" classname="table_dtht01" name="DTHT01_variant_3_is_produced_correctly"/>
    <testcase time="0.177000000000007" classname="table_dtht01" name="DTHT01_variant_4_is_produced_correctly"/>
    <testcase time="0.119" classname="table_dtht01" name="DTHT01_variant_4_is_produced_correctly"/>
  </testsuite>
  <testsuite name="table_egt01" timestamp="2025-02-07T00:17:34Z" hostname="18028c8b8207" tests="2" skipped="0" failures="0" errors="0" time="3.454">
    <testcase time="2.60799999999999" classname="table_egt01" name="EGT01_default_variant_is_produced_correctly"/>
    <testcase time="0.846000000000004" classname="table_egt01" name="EGT01_default_variant_is_produced_correctly"/>
  </testsuite>
  <testsuite name="table_egt02" timestamp="2025-02-07T00:17:37Z" hostname="18028c8b8207" tests="4" skipped="0" failures="0" errors="0" time="1.601">
    <testcase time="1.24299999999999" classname="table_egt02" name="_EGT02_1._Regardless_of_Abnormality_at_Baseline"/>
    <testcase time="0.0990000000000038" classname="table_egt02" name="_EGT02_1._Regardless_of_Abnormality_at_Baseline"/>
    <testcase time="0.177000000000007" classname="table_egt02" name="_EGT02_2._Among_Subjects_Without_Abnormality_at_Baseline"/>
    <testcase time="0.0819999999999936" classname="table_egt02" name="_EGT02_2._Among_Subjects_Without_Abnormality_at_Baseline"/>
  </testsuite>
  <testsuite name="table_egt03" timestamp="2025-02-07T00:17:38Z" hostname="18028c8b8207" tests="8" skipped="0" failures="0" errors="0" time="1.47">
    <testcase time="0.469000000000008" classname="table_egt03" name="EGT03_variant_1_is_produced_correctly"/>
    <testcase time="0.131999999999991" classname="table_egt03" name="EGT03_variant_1_is_produced_correctly"/>
    <testcase time="0.132000000000005" classname="table_egt03" name="EGT03_variant_2_is_produced_correctly"/>
    <testcase time="0.105000000000004" classname="table_egt03" name="EGT03_variant_2_is_produced_correctly"/>
    <testcase time="0.180999999999997" classname="table_egt03" name="EGT03_variant_3_is_produced_correctly"/>
    <testcase time="0.128999999999991" classname="table_egt03" name="EGT03_variant_3_is_produced_correctly"/>
    <testcase time="0.198000000000008" classname="table_egt03" name="EGT03_variant_4_is_produced_correctly"/>
    <testcase time="0.123999999999995" classname="table_egt03" name="EGT03_variant_4_is_produced_correctly"/>
  </testsuite>
  <testsuite name="table_egt04" timestamp="2025-02-07T00:17:41Z" hostname="18028c8b8207" tests="2" skipped="0" failures="0" errors="0" time="1.511">
    <testcase time="1.42100000000001" classname="table_egt04" name="EGT04_default_variant_is_produced_correctly"/>
    <testcase time="0.0900000000000034" classname="table_egt04" name="EGT04_default_variant_is_produced_correctly"/>
  </testsuite>
  <testsuite name="table_egt05_qtcat" timestamp="2025-02-07T00:17:42Z" hostname="18028c8b8207" tests="2" skipped="0" failures="0" errors="0" time="2.207">
    <testcase time="1.735" classname="table_egt05_qtcat" name="EGT05_QTCAT_default_variant_is_produced_correctly"/>
    <testcase time="0.47199999999998" classname="table_egt05_qtcat" name="EGT05_QTCAT_default_variant_is_produced_correctly"/>
  </testsuite>
  <testsuite name="table_ent" timestamp="2025-02-07T00:17:43Z" hostname="18028c8b8207" tests="8" skipped="0" failures="0" errors="0" time="13.681">
    <testcase time="3.63400000000001" classname="table_ent" name="ENT01_IT_is_produced_correctly"/>
    <testcase time="0.580999999999989" classname="table_ent" name="ENT01_IT_is_produced_correctly"/>
    <testcase time="2.11600000000001" classname="table_ent" name="ENT01a_IT_is_produced_correctly"/>
    <testcase time="0.544999999999987" classname="table_ent" name="ENT01a_IT_is_produced_correctly"/>
    <testcase time="3.37700000000001" classname="table_ent" name="ENT02_IT_is_produced_correctly"/>
    <testcase time="0.587999999999994" classname="table_ent" name="ENT02_IT_is_produced_correctly"/>
    <testcase time="2.25700000000001" classname="table_ent" name="ENT02a_IT_is_produced_correctly"/>
    <testcase time="0.582999999999998" classname="table_ent" name="ENT02a_IT_is_produced_correctly"/>
  </testsuite>
  <testsuite name="table_eudrat01" timestamp="2025-02-07T00:17:57Z" hostname="18028c8b8207" tests="2" skipped="0" failures="0" errors="0" time="0.615">
    <testcase time="0.481999999999999" classname="table_eudrat01" name="EUDRAT01_is_produced_correctly"/>
    <testcase time="0.13300000000001" classname="table_eudrat01" name="EUDRAT01_is_produced_correctly"/>
  </testsuite>
  <testsuite name="table_eudrat02" timestamp="2025-02-07T00:17:57Z" hostname="18028c8b8207" tests="2" skipped="0" failures="0" errors="0" time="0.47">
    <testcase time="0.373999999999995" classname="table_eudrat02" name="EUDRAT02_is_produced_correctly"/>
    <testcase time="0.0960000000000036" classname="table_eudrat02" name="EUDRAT02_is_produced_correctly"/>
  </testsuite>
  <testsuite name="table_ext01" timestamp="2025-02-07T00:17:58Z" hostname="18028c8b8207" tests="6" skipped="0" failures="0" errors="0" time="1.633">
    <testcase time="0.388000000000005" classname="table_ext01" name="EXT01_default_variant_with_numeric_parameters_is_produced_correctly"/>
    <testcase time="0.156999999999982" classname="table_ext01" name="EXT01_default_variant_with_numeric_parameters_is_produced_correctly"/>
    <testcase time="0.287000000000006" classname="table_ext01" name="EXT01_variant_with_both_numeric_and_categorical_parameters"/>
    <testcase time="0.203000000000003" classname="table_ext01" name="EXT01_variant_with_both_numeric_and_categorical_parameters"/>
    <testcase time="0.347999999999985" classname="table_ext01" name="EXT01_variant_with_user_specified_categories_for_missed_doses"/>
    <testcase time="0.25" classname="table_ext01" name="EXT01_variant_with_user_specified_categories_for_missed_doses"/>
  </testsuite>
  <testsuite name="table_lbt01" timestamp="2025-02-07T00:18:00Z" hostname="18028c8b8207" tests="2" skipped="0" failures="0" errors="0" time="2.065">
    <testcase time="1.52700000000002" classname="table_lbt01" name="LBT01_default_variant_is_produced_correctly"/>
    <testcase time="0.538000000000011" classname="table_lbt01" name="LBT01_default_variant_is_produced_correctly"/>
  </testsuite>
  <testsuite name="table_lbt02" timestamp="2025-02-07T00:18:02Z" hostname="18028c8b8207" tests="2" skipped="0" failures="0" errors="0" time="1.429">
    <testcase time="0.906999999999982" classname="table_lbt02" name="LBT02_default_variant_is_produced_correctly"/>
    <testcase time="0.521999999999991" classname="table_lbt02" name="LBT02_default_variant_is_produced_correctly"/>
  </testsuite>
  <testsuite name="table_lbt03" timestamp="2025-02-07T00:18:03Z" hostname="18028c8b8207" tests="2" skipped="0" failures="0" errors="0" time="0.28">
    <testcase time="0.166000000000025" classname="table_lbt03" name="LBT03_default_variant_is_produced_correctly"/>
    <testcase time="0.113999999999976" classname="table_lbt03" name="LBT03_default_variant_is_produced_correctly"/>
  </testsuite>
  <testsuite name="table_lbt04" timestamp="2025-02-07T00:18:04Z" hostname="18028c8b8207" tests="2" skipped="0" failures="0" errors="0" time="1.28">
    <testcase time="1.077" classname="table_lbt04" name="LBT04_default_variant_is_produced_correctly"/>
    <testcase time="0.203000000000003" classname="table_lbt04" name="LBT04_default_variant_is_produced_correctly"/>
  </testsuite>
  <testsuite name="table_lbt05" timestamp="2025-02-07T00:18:05Z" hostname="18028c8b8207" tests="6" skipped="0" failures="0" errors="0" time="6.997">
    <testcase time="2.375" classname="table_lbt05" name="LBT05_variant_1_is_produced_correctly"/>
    <testcase time="0.40100000000001" classname="table_lbt05" name="LBT05_variant_1_is_produced_correctly"/>
    <testcase time="1.68299999999999" classname="table_lbt05" name="LBT05_variant_2_is_produced_correctly"/>
    <testcase time="0.503000000000014" classname="table_lbt05" name="LBT05_variant_2_is_produced_correctly"/>
    <testcase time="1.684" classname="table_lbt05" name="LBT05_variant_4_is_produced_correctly"/>
    <testcase time="0.350999999999999" classname="table_lbt05" name="LBT05_variant_4_is_produced_correctly"/>
  </testsuite>
  <testsuite name="table_lbt06" timestamp="2025-02-07T00:18:12Z" hostname="18028c8b8207" tests="2" skipped="0" failures="0" errors="0" time="0.506">
    <testcase time="0.340000000000003" classname="table_lbt06" name="LBT06_default_variant_is_produced_correctly"/>
    <testcase time="0.165999999999997" classname="table_lbt06" name="LBT06_default_variant_is_produced_correctly"/>
  </testsuite>
  <testsuite name="table_lbt07" timestamp="2025-02-07T00:18:13Z" hostname="18028c8b8207" tests="2" skipped="0" failures="0" errors="0" time="2.368">
    <testcase time="2.071" classname="table_lbt07" name="LBT07_is_produced_correctly"/>
    <testcase time="0.296999999999997" classname="table_lbt07" name="LBT07_is_produced_correctly"/>
  </testsuite>
  <testsuite name="table_lbt08" timestamp="2025-02-07T00:18:14Z" hostname="18028c8b8207" tests="2" skipped="0" failures="0" errors="0" time="0.398">
    <testcase time="0.278999999999996" classname="table_lbt08" name="LBT08_produce_correctly"/>
    <testcase time="0.119" classname="table_lbt08" name="LBT08_produce_correctly"/>
  </testsuite>
  <testsuite name="table_lbt09" timestamp="2025-02-07T00:18:15Z" hostname="18028c8b8207" tests="4" skipped="0" failures="0" errors="0" time="0.957">
    <testcase time="0.331999999999994" classname="table_lbt09" name="LBT09_variant_1_works_as_expected"/>
    <testcase time="0.159999999999997" classname="table_lbt09" name="LBT09_variant_1_works_as_expected"/>
    <testcase time="0.302000000000021" classname="table_lbt09" name="LBT09_variant_2_works_as_expected"/>
    <testcase time="0.162999999999982" classname="table_lbt09" name="LBT09_variant_2_works_as_expected"/>
  </testsuite>
  <testsuite name="table_lbt10" timestamp="2025-02-07T00:18:16Z" hostname="18028c8b8207" tests="4" skipped="0" failures="0" errors="0" time="1.231">
    <testcase time="0.698000000000008" classname="table_lbt10" name="LBT10_variant_1_works_as_expected"/>
    <testcase time="0.0740000000000123" classname="table_lbt10" name="LBT10_variant_1_works_as_expected"/>
    <testcase time="0.395999999999987" classname="table_lbt10" name="LBT10_variant_2_works_as_expected"/>
    <testcase time="0.0629999999999882" classname="table_lbt10" name="LBT10_variant_2_works_as_expected"/>
  </testsuite>
  <testsuite name="table_lbt10_bl" timestamp="2025-02-07T00:18:17Z" hostname="18028c8b8207" tests="4" skipped="0" failures="0" errors="0" time="0.509">
    <testcase time="0.242000000000019" classname="table_lbt10_bl" name="LBT10_BL_variant_1_works_as_expected"/>
    <testcase time="0.0759999999999934" classname="table_lbt10_bl" name="LBT10_BL_variant_1_works_as_expected"/>
    <testcase time="0.12700000000001" classname="table_lbt10_bl" name="LBT10_BL_variant_2_works_as_expected"/>
    <testcase time="0.063999999999993" classname="table_lbt10_bl" name="LBT10_BL_variant_2_works_as_expected"/>
  </testsuite>
  <testsuite name="table_lbt11" timestamp="2025-02-07T00:18:18Z" hostname="18028c8b8207" tests="6" skipped="0" failures="0" errors="0" time="0.787">
    <testcase time="0.191000000000003" classname="table_lbt11" name="LBT11_variant_1_works_as_expected"/>
    <testcase time="0.100999999999999" classname="table_lbt11" name="LBT11_variant_1_works_as_expected"/>
    <testcase time="0.105999999999995" classname="table_lbt11" name="LBT11_variant_2_works_as_expected"/>
    <testcase time="0.0840000000000032" classname="table_lbt11" name="LBT11_variant_2_works_as_expected"/>
    <testcase time="0.191000000000003" classname="table_lbt11" name="LBT11_variant_3_works_as_expected"/>
    <testcase time="0.114000000000004" classname="table_lbt11" name="LBT11_variant_3_works_as_expected"/>
  </testsuite>
  <testsuite name="table_lbt11_bl" timestamp="2025-02-07T00:18:18Z" hostname="18028c8b8207" tests="6" skipped="0" failures="0" errors="0" time="0.832">
    <testcase time="0.207999999999998" classname="table_lbt11_bl" name="LBT11_BL_variant_1_works_as_expected"/>
    <testcase time="0.0979999999999848" classname="table_lbt11_bl" name="LBT11_BL_variant_1_works_as_expected"/>
    <testcase time="0.119" classname="table_lbt11_bl" name="LBT11_BL_variant_2_works_as_expected"/>
    <testcase time="0.0810000000000173" classname="table_lbt11_bl" name="LBT11_BL_variant_2_works_as_expected"/>
    <testcase time="0.212999999999994" classname="table_lbt11_bl" name="LBT11_BL_variant_3_works_as_expected"/>
    <testcase time="0.113" classname="table_lbt11_bl" name="LBT11_BL_variant_3_works_as_expected"/>
  </testsuite>
  <testsuite name="table_lbt12" timestamp="2025-02-07T00:18:19Z" hostname="18028c8b8207" tests="2" skipped="0" failures="0" errors="0" time="0.404">
    <testcase time="0.300000000000011" classname="table_lbt12" name="LBT12_works_as_expected"/>
    <testcase time="0.103999999999985" classname="table_lbt12" name="LBT12_works_as_expected"/>
  </testsuite>
  <testsuite name="table_lbt12_bl" timestamp="2025-02-07T00:18:20Z" hostname="18028c8b8207" tests="2" skipped="0" failures="0" errors="0" time="0.375">
    <testcase time="0.292000000000002" classname="table_lbt12_bl" name="LBT12_BL_works_as_expected"/>
    <testcase time="0.0829999999999984" classname="table_lbt12_bl" name="LBT12_BL_works_as_expected"/>
  </testsuite>
  <testsuite name="table_lbt13" timestamp="2025-02-07T00:18:20Z" hostname="18028c8b8207" tests="10" skipped="0" failures="0" errors="0" time="2.337">
    <testcase time="0.792000000000002" classname="table_lbt13" name="LBT13_variant_1_LOW_works_as_expected"/>
    <testcase time="0.10499999999999" classname="table_lbt13" name="LBT13_variant_1_LOW_works_as_expected"/>
    <testcase time="0.13900000000001" classname="table_lbt13" name="LBT13_variant_2_HIGH_works_as_expected"/>
    <testcase time="0.0800000000000125" classname="table_lbt13" name="LBT13_variant_2_HIGH_works_as_expected"/>
    <testcase time="0.24199999999999" classname="table_lbt13" name="LBT13_variant_3_LOW_without_baseline_missing_works_as_expected"/>
    <testcase time="0.0900000000000034" classname="table_lbt13" name="LBT13_variant_3_LOW_without_baseline_missing_works_as_expected"/>
    <testcase time="0.149000000000001" classname="table_lbt13" name="LBT13_variant_4_HIGH_with_missing_baseline_considered_as_grade_0_works_as_expected"/>
    <testcase time="0.0699999999999932" classname="table_lbt13" name="LBT13_variant_4_HIGH_with_missing_baseline_considered_as_grade_0_works_as_expected"/>
    <testcase time="0.433999999999997" classname="table_lbt13" name="LBT14_variant_5_HIGH_with_filled_in_grades_works_as_expected"/>
    <testcase time="0.23599999999999" classname="table_lbt13" name="LBT14_variant_5_HIGH_with_filled_in_grades_works_as_expected"/>
  </testsuite>
  <testsuite name="table_lbt14" timestamp="2025-02-07T00:18:23Z" hostname="18028c8b8207" tests="10" skipped="0" failures="0" errors="0" time="29.326">
    <testcase time="5.905" classname="table_lbt14" name="LBT14_variant_1_HIGH_works_as_expected"/>
    <testcase time="0.489000000000004" classname="table_lbt14" name="LBT14_variant_1_HIGH_works_as_expected"/>
    <testcase time="5.53400000000002" classname="table_lbt14" name="LBT14_variant_2_LOW_works_as_expected"/>
    <testcase time="0.325000000000017" classname="table_lbt14" name="LBT14_variant_2_LOW_works_as_expected"/>
    <testcase time="3.59799999999998" classname="table_lbt14" name="LBT14_variant_3_LOW_without_baseline_missing_works_as_expected"/>
    <testcase time="0.431000000000012" classname="table_lbt14" name="LBT14_variant_3_LOW_without_baseline_missing_works_as_expected"/>
    <testcase time="4.84999999999999" classname="table_lbt14" name="LBT14_variant_4_LOW_and_force_1_missing_both_baseline_and_post_baseline_then_force_the_missing_baseline_as_0_as_expected"/>
    <testcase time="0.269000000000005" classname="table_lbt14" name="LBT14_variant_4_LOW_and_force_1_missing_both_baseline_and_post_baseline_then_force_the_missing_baseline_as_0_as_expected"/>
    <testcase time="5.148" classname="table_lbt14" name="LBT14_variant_5_HIGH_with_fillings_works_as_expected"/>
    <testcase time="2.77700000000002" classname="table_lbt14" name="LBT14_variant_5_HIGH_with_fillings_works_as_expected"/>
  </testsuite>
  <testsuite name="table_lbt15" timestamp="2025-02-07T00:18:52Z" hostname="18028c8b8207" tests="4" skipped="0" failures="0" errors="0" time="1.548">
    <testcase time="0.62299999999999" classname="table_lbt15" name="LBT15_variant_1_works_as_expected"/>
    <testcase time="0.205999999999989" classname="table_lbt15" name="LBT15_variant_1_works_as_expected"/>
    <testcase time="0.519000000000005" classname="table_lbt15" name="LBT15_variant_2_works_as_expected"/>
    <testcase time="0.199999999999989" classname="table_lbt15" name="LBT15_variant_2_works_as_expected"/>
  </testsuite>
  <testsuite name="table_lgrt02" timestamp="2025-02-07T00:18:53Z" hostname="18028c8b8207" tests="8" skipped="0" failures="0" errors="0" time="2.901">
    <testcase time="0.52200000000002" classname="table_lgrt02" name="LGRT02_without_interaction_term_is_produced_correctly"/>
    <testcase time="0.175999999999988" classname="table_lgrt02" name="LGRT02_without_interaction_term_is_produced_correctly"/>
    <testcase time="0.586000000000013" classname="table_lgrt02" name="LGRT02_with_categorical_interaction_is_produced_correctly"/>
    <testcase time="0.183999999999997" classname="table_lgrt02" name="LGRT02_with_categorical_interaction_is_produced_correctly"/>
    <testcase time="0.600999999999999" classname="table_lgrt02" name="LGRT02_with_continuous_interaction_is_produced_correctly"/>
    <testcase time="0.186999999999983" classname="table_lgrt02" name="LGRT02_with_continuous_interaction_is_produced_correctly"/>
    <testcase time="0.505000000000024" classname="table_lgrt02" name="LGRT02_with_setting_values_indicating_an_event_and_custom_alpha_level_is_produced_correctly"/>
    <testcase time="0.139999999999986" classname="table_lgrt02" name="LGRT02_with_setting_values_indicating_an_event_and_custom_alpha_level_is_produced_correctly"/>
  </testsuite>
  <testsuite name="table_mht01" timestamp="2025-02-07T00:18:56Z" hostname="18028c8b8207" tests="8" skipped="0" failures="0" errors="0" time="1.594">
    <testcase time="0.338999999999999" classname="table_mht01" name="MHT01_variant_1_is_produced_accurately"/>
    <testcase time="0.138000000000005" classname="table_mht01" name="MHT01_variant_1_is_produced_accurately"/>
    <testcase time="0.119" classname="table_mht01" name="MHT01_variant_2_is_produced_accurately"/>
    <testcase time="0.070999999999998" classname="table_mht01" name="MHT01_variant_2_is_produced_accurately"/>
    <testcase time="0.26400000000001" classname="table_mht01" name="MHT01_variant_3_is_produced_accurately"/>
    <testcase time="0.135999999999996" classname="table_mht01" name="MHT01_variant_3_is_produced_accurately"/>
    <testcase time="0.358000000000004" classname="table_mht01" name="MHT01_variant_5_is_produced_accurately"/>
    <testcase time="0.168999999999983" classname="table_mht01" name="MHT01_variant_5_is_produced_accurately"/>
  </testsuite>
  <testsuite name="table_onct05" timestamp="2025-02-07T00:18:58Z" hostname="18028c8b8207" tests="10" skipped="0" failures="0" errors="0" time="2.743">
    <testcase time="0.461000000000013" classname="table_onct05" name="ONCT05_variant_1_Objective_Response_Rate_by_Subgroup_is_produced_correctly"/>
    <testcase time="0.115000000000009" classname="table_onct05" name="ONCT05_variant_1_Objective_Response_Rate_by_Subgroup_is_produced_correctly"/>
    <testcase time="0.474999999999994" classname="table_onct05" name="ONCT05_variant_2_Specifying_class_variables_is_produced_correctly"/>
    <testcase time="0.151999999999987" classname="table_onct05" name="ONCT05_variant_2_Specifying_class_variables_is_produced_correctly"/>
    <testcase time="0.221000000000004" classname="table_onct05" name="ONCT05_variant_3_selecting_columns_and_changing_the_alpha_level_is_produced_correctly"/>
    <testcase time="0.085000000000008" classname="table_onct05" name="ONCT05_variant_3_selecting_columns_and_changing_the_alpha_level_is_produced_correctly"/>
    <testcase time="0.474999999999994" classname="table_onct05" name="ONCT05_variant_4_setting_values_indicating_response_is_produced_correctly"/>
    <testcase time="0.11699999999999" classname="table_onct05" name="ONCT05_variant_4_setting_values_indicating_response_is_produced_correctly"/>
    <testcase time="0.497000000000014" classname="table_onct05" name="ONCT05_with_risk_difference_column_is_produced_correctly"/>
    <testcase time="0.14500000000001" classname="table_onct05" name="ONCT05_with_risk_difference_column_is_produced_correctly"/>
  </testsuite>
  <testsuite name="table_pdt01" timestamp="2025-02-07T00:19:00Z" hostname="18028c8b8207" tests="2" skipped="0" failures="0" errors="0" time="0.444">
    <testcase time="0.268999999999977" classname="table_pdt01" name="PDT01_is_produced_correctly"/>
    <testcase time="0.175000000000011" classname="table_pdt01" name="PDT01_is_produced_correctly"/>
  </testsuite>
  <testsuite name="table_pdt02" timestamp="2025-02-07T00:19:01Z" hostname="18028c8b8207" tests="2" skipped="0" failures="0" errors="0" time="0.254">
    <testcase time="0.153999999999996" classname="table_pdt02" name="PDT02_is_produced_correctly"/>
    <testcase time="0.0999999999999943" classname="table_pdt02" name="PDT02_is_produced_correctly"/>
  </testsuite>
  <testsuite name="table_pkct01" timestamp="2025-02-07T00:19:01Z" hostname="18028c8b8207" tests="10" skipped="0" failures="0" errors="0" time="3.517">
    <testcase time="0.288000000000011" classname="table_pkct01" name="PKCT01_is_produced_correctly"/>
    <testcase time="0.0939999999999941" classname="table_pkct01" name="PKCT01_is_produced_correctly"/>
    <testcase time="0.168000000000006" classname="table_pkct01" name="PKCT01_is_produced_correctly"/>
    <testcase time="0.063999999999993" classname="table_pkct01" name="PKCT01_is_produced_correctly"/>
    <testcase time="1.059" classname="table_pkct01" name="Specific_PKCT01_features_are_present"/>
    <testcase time="0.241000000000014" classname="table_pkct01" name="Specific_PKCT01_features_are_present"/>
    <testcase time="0.216999999999985" classname="table_pkct01" name="Specific_PKCT01_features_are_present"/>
    <testcase time="0.00300000000001432" classname="table_pkct01" name="Specific_PKCT01_features_are_present"/>
    <testcase time="0.778999999999996" classname="table_pkct01" name="Specific_PKCT01_features_are_present"/>
    <testcase time="0.603999999999985" classname="table_pkct01" name="Specific_PKCT01_features_are_present"/>
  </testsuite>
  <testsuite name="table_pkpt02" timestamp="2025-02-07T00:19:05Z" hostname="18028c8b8207" tests="2" skipped="0" failures="0" errors="0" time="0.628">
    <testcase time="0.368000000000023" classname="table_pkpt02" name="PKPT02_is_produced_correctly_for_Drug_X"/>
    <testcase time="0.259999999999991" classname="table_pkpt02" name="PKPT02_is_produced_correctly_for_Drug_X"/>
  </testsuite>
  <testsuite name="table_pkpt03" timestamp="2025-02-07T00:19:05Z" hostname="18028c8b8207" tests="2" skipped="0" failures="0" errors="0" time="1.227">
    <testcase time="1.01900000000001" classname="table_pkpt03" name="PKPT03_Drug_X_is_produced_correctly"/>
    <testcase time="0.207999999999998" classname="table_pkpt03" name="PKPT03_Drug_X_is_produced_correctly"/>
  </testsuite>
  <testsuite name="table_pkpt04" timestamp="2025-02-07T00:19:06Z" hostname="18028c8b8207" tests="2" skipped="0" failures="0" errors="0" time="0.221">
    <testcase time="0.131999999999977" classname="table_pkpt04" name="PKPT04_is_produced_correctly_for_Drug_X"/>
    <testcase time="0.0889999999999986" classname="table_pkpt04" name="PKPT04_is_produced_correctly_for_Drug_X"/>
  </testsuite>
  <testsuite name="table_pkpt05" timestamp="2025-02-07T00:19:07Z" hostname="18028c8b8207" tests="2" skipped="0" failures="0" errors="0" time="0.45">
    <testcase time="0.327000000000027" classname="table_pkpt05" name="PKPT05_Drug_X_is_produced_correctly"/>
    <testcase time="0.12299999999999" classname="table_pkpt05" name="PKPT05_Drug_X_is_produced_correctly"/>
  </testsuite>
  <testsuite name="table_pkpt06" timestamp="2025-02-07T00:19:07Z" hostname="18028c8b8207" tests="4" skipped="0" failures="0" errors="0" time="0.299">
    <testcase time="0.0949999999999989" classname="table_pkpt06" name="PKPT06_is_produced_correctly_for_Drug_X"/>
    <testcase time="0.0919999999999845" classname="table_pkpt06" name="PKPT06_is_produced_correctly_for_Drug_X"/>
    <testcase time="0.0530000000000257" classname="table_pkpt06" name="PKPT06_is_produced_correctly_for_Drug_Y"/>
    <testcase time="0.0589999999999975" classname="table_pkpt06" name="PKPT06_is_produced_correctly_for_Drug_Y"/>
  </testsuite>
  <testsuite name="table_pkpt07" timestamp="2025-02-07T00:19:07Z" hostname="18028c8b8207" tests="4" skipped="0" failures="0" errors="0" time="0.585">
    <testcase time="0.232999999999976" classname="table_pkpt07" name="PKPT07_Drug_X_is_produced_correctly"/>
    <testcase time="0.120000000000005" classname="table_pkpt07" name="PKPT07_Drug_X_is_produced_correctly"/>
    <testcase time="0.12700000000001" classname="table_pkpt07" name="PKPT07_Drug_Y_is_produced_correctly"/>
    <testcase time="0.10499999999999" classname="table_pkpt07" name="PKPT07_Drug_Y_is_produced_correctly"/>
  </testsuite>
  <testsuite name="table_ratet01" timestamp="2025-02-07T00:19:08Z" hostname="18028c8b8207" tests="2" skipped="0" failures="0" errors="0" time="1.346">
    <testcase time="1.14600000000002" classname="table_ratet01" name="RATET01_is_produced_correctly"/>
    <testcase time="0.199999999999989" classname="table_ratet01" name="RATET01_is_produced_correctly"/>
  </testsuite>
  <testsuite name="table_rmpt01" timestamp="2025-02-07T00:19:09Z" hostname="18028c8b8207" tests="2" skipped="0" failures="0" errors="0" time="0.226">
    <testcase time="0.138000000000005" classname="table_rmpt01" name="RMPT01_is_produced_correctly"/>
    <testcase time="0.0879999999999939" classname="table_rmpt01" name="RMPT01_is_produced_correctly"/>
  </testsuite>
  <testsuite name="table_rmpt03" timestamp="2025-02-07T00:19:10Z" hostname="18028c8b8207" tests="4" skipped="0" failures="0" errors="0" time="0.814">
    <testcase time="0.468999999999994" classname="table_rmpt03" name="RMPT03_variant_1_is_produced_correctly"/>
    <testcase time="0.0830000000000268" classname="table_rmpt03" name="RMPT03_variant_1_is_produced_correctly"/>
    <testcase time="0.174999999999983" classname="table_rmpt03" name="RMPT03_variant_2_is_produced_correctly"/>
    <testcase time="0.0870000000000175" classname="table_rmpt03" name="RMPT03_variant_2_is_produced_correctly"/>
  </testsuite>
  <testsuite name="table_rmpt04" timestamp="2025-02-07T00:19:10Z" hostname="18028c8b8207" tests="2" skipped="0" failures="0" errors="0" time="0.294">
    <testcase time="0.225999999999999" classname="table_rmpt04" name="RMPT04_variant_1_is_produced_correctly"/>
    <testcase time="0.0679999999999836" classname="table_rmpt04" name="RMPT04_variant_1_is_produced_correctly"/>
  </testsuite>
  <testsuite name="table_rmpt05" timestamp="2025-02-07T00:19:11Z" hostname="18028c8b8207" tests="2" skipped="0" failures="0" errors="0" time="0.216">
    <testcase time="0.146000000000015" classname="table_rmpt05" name="RMPT05_is_produced_correctly"/>
    <testcase time="0.0699999999999932" classname="table_rmpt05" name="RMPT05_is_produced_correctly"/>
  </testsuite>
  <testsuite name="table_rmpt06" timestamp="2025-02-07T00:19:11Z" hostname="18028c8b8207" tests="8" skipped="0" failures="0" errors="0" time="1.54">
    <testcase time="0.312999999999988" classname="table_rmpt06" name="RMPT06_variant_1_is_produced_correctly"/>
    <testcase time="0.109000000000009" classname="table_rmpt06" name="RMPT06_variant_1_is_produced_correctly"/>
    <testcase time="0.203000000000003" classname="table_rmpt06" name="RMPT06_variant_2_is_produced_correctly"/>
    <testcase time="0.0849999999999795" classname="table_rmpt06" name="RMPT06_variant_2_is_produced_correctly"/>
    <testcase time="0.289000000000016" classname="table_rmpt06" name="RMPT06_variant_3_is_produced_correctly"/>
    <testcase time="0.115000000000009" classname="table_rmpt06" name="RMPT06_variant_3_is_produced_correctly"/>
    <testcase time="0.296999999999997" classname="table_rmpt06" name="RMPT06_variant_4_is_produced_correctly"/>
    <testcase time="0.128999999999991" classname="table_rmpt06" name="RMPT06_variant_4_is_produced_correctly"/>
  </testsuite>
  <testsuite name="table_rspt01" timestamp="2025-02-07T00:19:12Z" hostname="18028c8b8207" tests="12" skipped="0" failures="0" errors="0" time="2.322">
    <testcase time="0.275000000000006" classname="table_rspt01" name="RSPT01_1._Best_Overall_Response"/>
    <testcase time="0.120999999999981" classname="table_rspt01" name="RSPT01_1._Best_Overall_Response"/>
    <testcase time="0.239000000000004" classname="table_rspt01" name="RSPT01_2._Best_Overall_Response_selecting_sections_to_display_"/>
    <testcase time="0.117999999999995" classname="table_rspt01" name="RSPT01_2._Best_Overall_Response_selecting_sections_to_display_"/>
    <testcase time="0.305000000000007" classname="table_rspt01" name="RSPT01_3._Best_Overall_Response_modifying_settings_"/>
    <testcase time="0.117000000000019" classname="table_rspt01" name="RSPT01_3._Best_Overall_Response_modifying_settings_"/>
    <testcase time="0.332999999999998" classname="table_rspt01" name="RSPT01_4._Best_Overall_Response_with_stratified_analysis_"/>
    <testcase time="0.137999999999977" classname="table_rspt01" name="RSPT01_4._Best_Overall_Response_with_stratified_analysis_"/>
    <testcase time="0.256" classname="table_rspt01" name="RSPT01_5._Best_Overall_Response_modifying_the_definition_of_overall_response_"/>
    <testcase time="0.114000000000004" classname="table_rspt01" name="RSPT01_5._Best_Overall_Response_modifying_the_definition_of_overall_response_"/>
    <testcase time="0.209000000000003" classname="table_rspt01" name="RSPT01_6._Best_Overall_Response_define_new_sections_to_display_"/>
    <testcase time="0.0970000000000084" classname="table_rspt01" name="RSPT01_6._Best_Overall_Response_define_new_sections_to_display_"/>
  </testsuite>
  <testsuite name="table_ttet01" timestamp="2025-02-07T00:19:15Z" hostname="18028c8b8207" tests="14" skipped="0" failures="0" errors="0" time="3.607">
    <testcase time="0.412000000000006" classname="table_ttet01" name="TTET01_default_variant_is_produced_correctly"/>
    <testcase time="0.199999999999989" classname="table_ttet01" name="TTET01_default_variant_is_produced_correctly"/>
    <testcase time="0.425000000000011" classname="table_ttet01" name="TTET01_default_variant_with_Placebo_arm"/>
    <testcase time="0.167999999999978" classname="table_ttet01" name="TTET01_default_variant_with_Placebo_arm"/>
    <testcase time="0.223000000000013" classname="table_ttet01" name="TTET01_variant_2_selecting_sections_to_display"/>
    <testcase time="0.128999999999991" classname="table_ttet01" name="TTET01_variant_2_selecting_sections_to_display"/>
    <testcase time="0.323000000000008" classname="table_ttet01" name="TTET01_variant_3_modifying_analysis_details_like_conftype_ties_alpha_level"/>
    <testcase time="0.150000000000006" classname="table_ttet01" name="TTET01_variant_3_modifying_analysis_details_like_conftype_ties_alpha_level"/>
    <testcase time="0.373999999999995" classname="table_ttet01" name="TTET01_variant_4_with_stratified_analysis"/>
    <testcase time="0.165999999999997" classname="table_ttet01" name="TTET01_variant_4_with_stratified_analysis"/>
    <testcase time="0.341000000000008" classname="table_ttet01" name="TTET01_variant_5_modifying_time_point"/>
    <testcase time="0.150000000000006" classname="table_ttet01" name="TTET01_variant_5_modifying_time_point"/>
    <testcase time="0.383999999999986" classname="table_ttet01" name="TTET01_variant_6_requesting_more_than_one_p_value"/>
    <testcase time="0.162000000000006" classname="table_ttet01" name="TTET01_variant_6_requesting_more_than_one_p_value"/>
  </testsuite>
  <testsuite name="table_vst01" timestamp="2025-02-07T00:19:19Z" hostname="18028c8b8207" tests="2" skipped="0" failures="0" errors="0" time="2.236">
    <testcase time="1.804" classname="table_vst01" name="VST01_default_variant_is_produced_correctly"/>
    <testcase time="0.431999999999988" classname="table_vst01" name="VST01_default_variant_is_produced_correctly"/>
  </testsuite>
  <testsuite name="table_vst02" timestamp="2025-02-07T00:19:21Z" hostname="18028c8b8207" tests="4" skipped="0" failures="0" errors="0" time="1.549">
    <testcase time="1.059" classname="table_vst02" name="1._Vital_Sign_Abnormalities_Regardless_of_Abnormality_at_Baseline_VST02_1_"/>
    <testcase time="0.111999999999995" classname="table_vst02" name="1._Vital_Sign_Abnormalities_Regardless_of_Abnormality_at_Baseline_VST02_1_"/>
    <testcase time="0.277000000000015" classname="table_vst02" name="2._Vital_Sign_Abnormalities_Among_Subject_Without_Abnormality_at_Baseline_VST02_2_"/>
    <testcase time="0.100999999999999" classname="table_vst02" name="2._Vital_Sign_Abnormalities_Among_Subject_Without_Abnormality_at_Baseline_VST02_2_"/>
  </testsuite>
</testsuites>
