<?xml version="1.0" encoding="UTF-8"?>
<testsuites>
  <testsuite name="listing_adal02" timestamp="2025-02-06T23:27:06Z" hostname="5cda6b252949" tests="1" skipped="0" failures="1" errors="0" time="0.335">
    <testcase time="0.335" classname="listing_adal02" name="ADAL02_listing_is_produced_correctly">
      <failure type="failure" message="Snapshot of code has changed: ('test-listing_adal02.R:109:3')">Snapshot of code has changed:
old[77:79] vs new[77:80]
    Persistent ADA =  ADA positive result detected (a) at the last post-baseline sampling timepoint, OR (b) at 2 or more
    time points during treatment where the first and last ADA positive samples are separated by a period â‰¥ 16 weeks,
    irrespective of any negative samples in between.
    Asterisk denotes sample that tested positive for Neutralizing Antibodies.
+    iec sas

* Run `testthat::snapshot_accept('listing_adal02')` to accept the change.
* Run `testthat::snapshot_review('listing_adal02')` to interactively review the change.</failure>
    </testcase>
  </testsuite>
  <testsuite name="listing_ael01" timestamp="2025-02-06T23:27:06Z" hostname="5cda6b252949" tests="1" skipped="0" failures="1" errors="0" time="0.228">
    <testcase time="0.228000000000001" classname="listing_ael01" name="AEL01_listing_is_produced_correctly">
      <failure type="failure" message="Snapshot of code has changed: ('test-listing_ael01.R:20:3')">Snapshot of code has changed:
old[17:19] vs new[17:20]
                                    dcd C.2.1.2.1            llt C.2.1.2.1             trm C.2.1.2.1     
              cl D                  dcd D.1.1.1.1            llt D.1.1.1.1             trm D.1.1.1.1     
                                    dcd D.1.1.4.2            llt D.1.1.4.2             trm D.1.1.4.2     
                                    dcd D.2.1.5.3            llt D.2.1.5.3             trm D.2.1.5.3     
+    iec sas

* Run `testthat::snapshot_accept('listing_ael01')` to accept the change.
* Run `testthat::snapshot_review('listing_ael01')` to interactively review the change.</failure>
    </testcase>
  </testsuite>
  <testsuite name="listing_ael01_nollt" timestamp="2025-02-06T23:27:06Z" hostname="5cda6b252949" tests="1" skipped="0" failures="1" errors="0" time="0.096">
    <testcase time="0.0959999999999983" classname="listing_ael01_nollt" name="AEL01_NOLLT_listing_is_produced_correctly">
      <failure type="failure" message="Snapshot of code has changed: ('test-listing_ael01_nollt.R:23:3')">Snapshot of code has changed:
old[17:19] vs new[17:20]
                                dcd C.2.1.2.1           trm C.2.1.2.1         
    cl D                        dcd D.1.1.1.1           trm D.1.1.1.1         
                                dcd D.1.1.4.2           trm D.1.1.4.2         
                                dcd D.2.1.5.3           trm D.2.1.5.3         
+    iec sas

* Run `testthat::snapshot_accept('listing_ael01_nollt')` to accept the change.
* Run `testthat::snapshot_review('listing_ael01_nollt')` to interactively review the change.</failure>
    </testcase>
  </testsuite>
  <testsuite name="listing_ael02" timestamp="2025-02-06T23:27:06Z" hostname="5cda6b252949" tests="1" skipped="0" failures="1" errors="0" time="0.316">
    <testcase time="0.316000000000001" classname="listing_ael02" name="AEL02_listing_is_produced_correctly">
      <failure type="failure" message="Snapshot of code has changed: ('test-listing_ael02.R:60:3')">Snapshot of code has changed:
old[67:69] vs new[67:70]
    (2) Action taken with study drug: 1 = dose increased; 2 = dose not changed; 3 = dose reduced; 4 = drug interrupted;
    5 = drug withdrawn; 6 = not applicable; 7 = unknown.
    *  Study day derived from imputed onset date.
    ** Duration derived from imputed onset date and/or end date.
+    iec sas

* Run `testthat::snapshot_accept('listing_ael02')` to accept the change.
* Run `testthat::snapshot_review('listing_ael02')` to interactively review the change.</failure>
    </testcase>
  </testsuite>
  <testsuite name="listing_ael02_ed" timestamp="2025-02-06T23:27:07Z" hostname="5cda6b252949" tests="1" skipped="0" failures="1" errors="0" time="0.36">
    <testcase time="0.359999999999999" classname="listing_ael02_ed" name="AEL02_ED_listing_is_produced_correctly">
      <failure type="failure" message="Snapshot of code has changed: ('test-listing_ael02_ed.R:77:3')">Snapshot of code has changed:
old[67:69] vs new[67:70]
    (2) Action taken with study drug: 1 = dose increased; 2 = dose not changed; 3 = dose reduced; 4 = drug interrupted;
       5 = drug withdrawn; 6 = not applicable; 7 = unknown.
    *  Study day derived from imputed onset date.
    ** Duration derived from imputed onset date and/or end date.
+    iec sas

* Run `testthat::snapshot_accept('listing_ael02_ed')` to accept the change.
* Run `testthat::snapshot_review('listing_ael02_ed')` to interactively review the change.</failure>
    </testcase>
  </testsuite>
  <testsuite name="listing_ael03" timestamp="2025-02-06T23:27:07Z" hostname="5cda6b252949" tests="1" skipped="0" failures="1" errors="0" time="0.316">
    <testcase time="0.316000000000001" classname="listing_ael03" name="AEL03_listing_is_produced_correctly">
      <failure type="failure" message="Snapshot of code has changed: ('test-listing_ael03.R:73:3')">Snapshot of code has changed:
old[71:73] vs new[71:74]
        6 = does not meet any of the above serious criteria, but may jeopardize the subject, and may require medical or
        surgical intervention to prevent one of the outcomes listed above.
    *  Study day derived from imputed onset date.
    ** Duration derived from imputed onset date and/or end date.
+    iec sas

* Run `testthat::snapshot_accept('listing_ael03')` to accept the change.
* Run `testthat::snapshot_review('listing_ael03')` to interactively review the change.</failure>
    </testcase>
  </testsuite>
  <testsuite name="listing_ael04" timestamp="2025-02-06T23:27:07Z" hostname="5cda6b252949" tests="1" skipped="0" failures="1" errors="0" time="0.22">
    <testcase time="0.220000000000001" classname="listing_ael04" name="AEL04_listing_is_produced_correctly">
      <failure type="failure" message="Snapshot of code has changed: ('test-listing_ael04.R:30:3')">Snapshot of code has changed:
old[58:60] vs new[58:61]
                        RUS-16/id-4                        36/F/ASIAN                       28MAR2020           689          699                MISSING                  NA    
                       RUS-2/id-176                        42/F/WHITE                       12APR2020           674          685                MISSING                  NA    
    C: Combination     BRA-1/id-265                        25/M/WHITE                       07OCT2019           863          872                SUICIDE                  No    
                        BRA-11/id-9                        40/M/ASIAN                       25MAR2019           1056         1091         DISEASE PROGRESSION           Yes    
+    iec sas

* Run `testthat::snapshot_accept('listing_ael04')` to accept the change.
* Run `testthat::snapshot_review('listing_ael04')` to interactively review the change.</failure>
    </testcase>
  </testsuite>
  <testsuite name="listing_cml01" timestamp="2025-02-06T23:27:08Z" hostname="5cda6b252949" tests="1" skipped="0" failures="1" errors="0" time="0.361">
    <testcase time="0.360999999999999" classname="listing_cml01" name="CML01_listing_is_produced_correctly">
      <failure type="failure" message="Snapshot of code has changed: ('test-listing_cml01.R:41:3')">Snapshot of code has changed:
old[58:60] vs new[58:61]
                                                                            02JAN2014      03JAN2014        2          NA         No         Yes        1       VIAL         PRN      TOPICAL
                                                                            02JAN2014      03JAN2014        2          NA         No         Yes        1       VIAL         PRN      TOPICAL
                                                                            02JAN2014      03JAN2014        2          NA         No         Yes        1       VIAL         PRN      TOPICAL
                                                                            02JAN2014      03JAN2014        2          NA         No         Yes        1       VIAL         PRN      TOPICAL
+    iec sas

* Run `testthat::snapshot_accept('listing_cml01')` to accept the change.
* Run `testthat::snapshot_review('listing_cml01')` to interactively review the change.</failure>
    </testcase>
  </testsuite>
  <testsuite name="listing_cml02a_gl" timestamp="2025-02-06T23:27:08Z" hostname="5cda6b252949" tests="1" skipped="0" failures="1" errors="0" time="0.171">
    <testcase time="0.171000000000001" classname="listing_cml02a_gl" name="CML02A_GL_listing_is_produced_correctly">
      <failure type="failure" message="Snapshot of code has changed: ('test-listing_cml02a_gl.R:19:3')">Snapshot of code has changed:
old[57:59] vs new[57:60]
                                                             AMPICILLIN           
                                                               ANACIN             
                                                            ANTI-OXIDANT          
                                                   ANTIHISTAMINES FOR SYSTEMIC USE
+    iec sas

* Run `testthat::snapshot_accept('listing_cml02a_gl')` to accept the change.
* Run `testthat::snapshot_review('listing_cml02a_gl')` to interactively review the change.</failure>
    </testcase>
  </testsuite>
  <testsuite name="listing_cml02b_gl" timestamp="2025-02-06T23:27:08Z" hostname="5cda6b252949" tests="1" skipped="0" failures="1" errors="0" time="0.195">
    <testcase time="0.194999999999999" classname="listing_cml02b_gl" name="CML02B_GL_listing_is_produced_correctly">
      <failure type="failure" message="Snapshot of code has changed: ('test-listing_cml02b_gl.R:22:3')">Snapshot of code has changed:
old[57:59] vs new[57:60]
                                                                                                                         AMPICILLIN           
                                                                                                                           ANACIN             
                                                                                                                        ANTI-OXIDANT          
                                                                                                               ANTIHISTAMINES FOR SYSTEMIC USE
+    iec sas

* Run `testthat::snapshot_accept('listing_cml02b_gl')` to accept the change.
* Run `testthat::snapshot_review('listing_cml02b_gl')` to interactively review the change.</failure>
    </testcase>
  </testsuite>
  <testsuite name="listing_dsl01" timestamp="2025-02-06T23:27:08Z" hostname="5cda6b252949" tests="1" skipped="0" failures="1" errors="0" time="0.186">
    <testcase time="0.186" classname="listing_dsl01" name="DSL01_listing_is_produced_correctly">
      <failure type="failure" message="Snapshot of code has changed: ('test-listing_dsl01.R:31:3')">Snapshot of code has changed:
     old            | new                
[65]   Output: xxxx |   Output: xxxx [65]
[66]                |                [66]
[67]   Page 1 of 1  |   Page 1 of 1  [67]
                    -    iec sas     [68]

* Run `testthat::snapshot_accept('listing_dsl01')` to accept the change.
* Run `testthat::snapshot_review('listing_dsl01')` to interactively review the change.</failure>
    </testcase>
  </testsuite>
  <testsuite name="listing_dsl02" timestamp="2025-02-06T23:27:08Z" hostname="5cda6b252949" tests="1" skipped="0" failures="1" errors="0" time="0.099">
    <testcase time="0.0990000000000002" classname="listing_dsl02" name="DSL02_listing_is_produced_correctly">
      <failure type="failure" message="Snapshot of code has changed: ('test-listing_dsl02.R:33:3')">Snapshot of code has changed:
old[15:17] vs new[15:18]
      B: Placebo        CHN-9/id-11      28/F/NATIVE HAWAIIAN OR OTHER PACIFIC ISLANDER     2021-01-27          388                387                388              DEATH      
    C: Combination     USA-11/id-136                       38/F/ASIAN                       2019-10-02          865                864                868              DEATH      
                       USA-11/id-100                       40/F/ASIAN                       2020-03-10          705                705                707         LACK OF EFFICACY
                       CHN-11/id-91              44/M/BLACK OR AFRICAN AMERICAN             2020-05-29          625                625                626              DEATH      
+    iec sas

* Run `testthat::snapshot_accept('listing_dsl02')` to accept the change.
* Run `testthat::snapshot_review('listing_dsl02')` to interactively review the change.</failure>
    </testcase>
  </testsuite>
  <testsuite name="listing_dsur4" timestamp="2025-02-06T23:27:09Z" hostname="5cda6b252949" tests="1" skipped="0" failures="1" errors="0" time="0.131">
    <testcase time="0.131" classname="listing_dsur4" name="DSUR4_listing_is_produced_correctly">
      <failure type="failure" message="Snapshot of code has changed: ('test-listing_dsur4.R:22:3')">Snapshot of code has changed:
old[57:59] vs new[57:60]
                        CHN-14/id-305     Post-study reporting of death
                         CHN-9/id-11                 UNKNOWN           
    C: Combination      CHN-15/id-201             ADVERSE EVENT        
                         BRA-11/id-9           DISEASE PROGRESSION     
+    iec sas

* Run `testthat::snapshot_accept('listing_dsur4')` to accept the change.
* Run `testthat::snapshot_review('listing_dsur4')` to interactively review the change.</failure>
    </testcase>
  </testsuite>
  <testsuite name="listing_egl01" timestamp="2025-02-06T23:27:09Z" hostname="5cda6b252949" tests="1" skipped="0" failures="1" errors="0" time="0.444">
    <testcase time="0.444000000000001" classname="listing_egl01" name="EGL01_listing_is_produced_correctly">
      <failure type="failure" message="Snapshot of code has changed: ('test-listing_egl01.R:61:3')">Snapshot of code has changed:
old[62:64] vs new[62:65]
    â€”â€”â€”â€”â€”â€”â€”â€”â€”â€”â€”â€”â€”â€”â€”â€”â€”â€”â€”â€”â€”â€”â€”â€”â€”â€”â€”â€”â€”â€”â€”â€”â€”â€”â€”â€”â€”â€”â€”â€”â€”â€”â€”â€”â€”â€”â€”â€”â€”â€”â€”â€”â€”â€”â€”â€”â€”â€”â€”â€”â€”â€”â€”â€”â€”â€”â€”â€”â€”â€”â€”â€”â€”â€”â€”â€”â€”â€”â€”â€”â€”â€”â€”â€”â€”â€”â€”â€”â€”â€”â€”â€”â€”â€”â€”â€”â€”â€”â€”â€”â€”â€”â€”â€”â€”â€”â€”â€”â€”â€”â€”â€”â€”â€”â€”â€”â€”â€”â€”â€”â€”â€”â€”â€”â€”â€”â€”â€”â€”â€”â€”â€”â€”â€”â€”â€”â€”â€”â€”â€”â€”â€”â€”â€”â€”â€”â€”â€”â€”â€”â€”â€”â€”â€”â€”â€”â€”â€”â€”â€”â€”â€”â€”â€”â€”â€”â€”â€”â€”â€”â€”â€”â€”â€”â€”â€”â€”â€”â€”â€”â€”â€”â€”â€”â€”â€”â€”â€”â€”â€”â€”â€”â€”â€”
    
    Baseline is the patient's last observation prior to initiation of study drug. Abnormalities are
        flagged as high (H) or low (L) if outside the Roche standard reference range.
+    iec sas

* Run `testthat::snapshot_accept('listing_egl01')` to accept the change.
* Run `testthat::snapshot_review('listing_egl01')` to interactively review the change.</failure>
    </testcase>
  </testsuite>
  <testsuite name="listing_exl01" timestamp="2025-02-06T23:27:09Z" hostname="5cda6b252949" tests="1" skipped="0" failures="1" errors="0" time="0.237">
    <testcase time="0.237" classname="listing_exl01" name="EXL01_listing_is_produced_correctly">
      <failure type="failure" message="Snapshot of code has changed: ('test-listing_exl01.R:29:3')">Snapshot of code has changed:
old[57:59] vs new[57:60]
                    703/1210        BASELINE       1          15        0      mg       QD       TRANSDERMAL
                                     WEEK 2       16          162       0      mg       QD       TRANSDERMAL
                                    WEEK 24       163         175       0      mg       QD       TRANSDERMAL
                    703/1299        BASELINE       1          17        0      mg       QD       TRANSDERMAL
+    iec sas

* Run `testthat::snapshot_accept('listing_exl01')` to accept the change.
* Run `testthat::snapshot_review('listing_exl01')` to interactively review the change.</failure>
    </testcase>
  </testsuite>
  <testsuite name="listing_lbl01" timestamp="2025-02-06T23:27:09Z" hostname="5cda6b252949" tests="1" skipped="0" failures="1" errors="0" time="0.571">
    <testcase time="0.571" classname="listing_lbl01" name="LBL01_listing_is_produced_correctly">
      <failure type="failure" message="Snapshot of code has changed: ('test-listing_lbl01.R:52:3')">Snapshot of code has changed:
old[61:63] vs new[61:64]
                                     29          7                   37.00                     82.00                     10.00                     16.00                       6.84                        5.71                        2.25                        5.84                      106.08                       9.00                       1.19                       70.00                     141.00                      321.19          
    â€”â€”â€”â€”â€”â€”â€”â€”â€”â€”â€”â€”â€”â€”â€”â€”â€”â€”â€”â€”â€”â€”â€”â€”â€”â€”â€”â€”â€”â€”â€”â€”â€”â€”â€”â€”â€”â€”â€”â€”â€”â€”â€”â€”â€”â€”â€”â€”â€”â€”â€”â€”â€”â€”â€”â€”â€”â€”â€”â€”â€”â€”â€”â€”â€”â€”â€”â€”â€”â€”â€”â€”â€”â€”â€”â€”â€”â€”â€”â€”â€”â€”â€”â€”â€”â€”â€”â€”â€”â€”â€”â€”â€”â€”â€”â€”â€”â€”â€”â€”â€”â€”â€”â€”â€”â€”â€”â€”â€”â€”â€”â€”â€”â€”â€”â€”â€”â€”â€”â€”â€”â€”â€”â€”â€”â€”â€”â€”â€”â€”â€”â€”â€”â€”â€”â€”â€”â€”â€”â€”â€”â€”â€”â€”â€”â€”â€”â€”â€”â€”â€”â€”â€”â€”â€”â€”â€”â€”â€”â€”â€”â€”â€”â€”â€”â€”â€”â€”â€”â€”â€”â€”â€”â€”â€”â€”â€”â€”â€”â€”â€”â€”â€”â€”â€”â€”â€”â€”â€”â€”â€”â€”â€”â€”â€”â€”â€”â€”â€”â€”â€”â€”â€”â€”â€”â€”â€”â€”â€”â€”â€”â€”â€”â€”â€”â€”â€”â€”â€”â€”â€”â€”â€”â€”â€”â€”â€”â€”â€”â€”â€”â€”â€”â€”â€”â€”â€”â€”â€”â€”â€”â€”â€”â€”â€”â€”â€”â€”â€”â€”â€”â€”â€”â€”â€”â€”â€”â€”â€”â€”â€”â€”â€”â€”â€”â€”â€”â€”â€”â€”â€”â€”â€”â€”â€”â€”â€”â€”â€”â€”â€”â€”â€”â€”â€”â€”â€”â€”â€”â€”â€”â€”â€”â€”â€”â€”â€”â€”â€”â€”â€”â€”â€”â€”â€”â€”â€”â€”â€”â€”â€”â€”â€”â€”â€”â€”â€”â€”â€”â€”â€”â€”â€”â€”â€”â€”â€”â€”â€”â€”â€”â€”â€”â€”â€”â€”â€”â€”â€”â€”â€”â€”â€”â€”â€”â€”â€”â€”â€”â€”â€”â€”â€”â€”â€”â€”â€”â€”â€”â€”â€”â€”â€”â€”â€”â€”â€”â€”â€”â€”â€”â€”â€”â€”â€”â€”â€”â€”â€”â€”â€”â€”â€”â€”â€”â€”â€”â€”â€”â€”â€”â€”â€”â€”â€”â€”â€”â€”â€”â€”â€”â€”â€”â€”â€”â€”â€”â€”â€”â€”â€”â€”â€”â€”â€”â€”â€”â€”â€”â€”â€”â€”â€”â€”â€”â€”â€”â€”â€”â€”â€”â€”â€”â€”
    
    NCI CTCAE grade is displayed as abnormal high (H) or low (L) followed by the grade.
+    iec sas

* Run `testthat::snapshot_accept('listing_lbl01')` to accept the change.
* Run `testthat::snapshot_review('listing_lbl01')` to interactively review the change.</failure>
    </testcase>
  </testsuite>
  <testsuite name="listing_lbl01_rls" timestamp="2025-02-06T23:27:10Z" hostname="5cda6b252949" tests="1" skipped="0" failures="1" errors="0" time="0.566">
    <testcase time="0.565999999999999" classname="listing_lbl01_rls" name="LBL01_RLS_listing_is_produced_correctly">
      <failure type="failure" message="Snapshot of code has changed: ('test-listing_lbl01_rls.R:58:3')">Snapshot of code has changed:
old[63:65] vs new[63:66]
    
    Abnormalities are flagged as high (H) or low (L) if outside the Roche standard reference range;
        high high (HH) or low low (LL) if outside the Roche marked reference range with a clinically relevant change
        from baseline.
+    iec sas

* Run `testthat::snapshot_accept('listing_lbl01_rls')` to accept the change.
* Run `testthat::snapshot_review('listing_lbl01_rls')` to interactively review the change.</failure>
    </testcase>
  </testsuite>
  <testsuite name="listing_lbl02a" timestamp="2025-02-06T23:27:10Z" hostname="5cda6b252949" tests="1" skipped="0" failures="1" errors="0" time="0.302">
    <testcase time="0.302000000000001" classname="listing_lbl02a" name="LBL02A_listing_is_produced_correctly">
      <failure type="failure" message="Snapshot of code has changed: ('test-listing_lbl02a.R:50:3')">Snapshot of code has changed:
old[61:63] vs new[61:64]
                                                                      108    25JUN2013        28         33.0     35.0 -  46.0    L1  
    â€”â€”â€”â€”â€”â€”â€”â€”â€”â€”â€”â€”â€”â€”â€”â€”â€”â€”â€”â€”â€”â€”â€”â€”â€”â€”â€”â€”â€”â€”â€”â€”â€”â€”â€”â€”â€”â€”â€”â€”â€”â€”â€”â€”â€”â€”â€”â€”â€”â€”â€”â€”â€”â€”â€”â€”â€”â€”â€”â€”â€”â€”â€”â€”â€”â€”â€”â€”â€”â€”â€”â€”â€”â€”â€”â€”â€”â€”â€”â€”â€”â€”â€”â€”â€”â€”â€”â€”â€”â€”â€”â€”â€”â€”â€”â€”â€”â€”â€”â€”â€”â€”â€”â€”â€”â€”â€”â€”â€”â€”â€”â€”â€”â€”â€”â€”â€”â€”â€”â€”â€”â€”â€”â€”â€”â€”â€”â€”â€”â€”
    
    NCI CTCAE grade is displayed as abnormal high (H) or low (L) followed by the grade.
+    iec sas

* Run `testthat::snapshot_accept('listing_lbl02a')` to accept the change.
* Run `testthat::snapshot_review('listing_lbl02a')` to interactively review the change.</failure>
    </testcase>
  </testsuite>
  <testsuite name="listing_lbl02a_rls" timestamp="2025-02-06T23:27:11Z" hostname="5cda6b252949" tests="1" skipped="0" failures="1" errors="0" time="0.816">
    <testcase time="0.815999999999999" classname="listing_lbl02a_rls" name="LBL02A_RLS_listing_is_produced_correctly">
      <failure type="failure" message="Snapshot of code has changed: ('test-listing_lbl02a_rls.R:79:3')">Snapshot of code has changed:
old[62:64] vs new[62:65]
                                                                      29          7          10.0      -23.1     10.0 -  29.0    6 - 32     40% / 40%               
    â€”â€”â€”â€”â€”â€”â€”â€”â€”â€”â€”â€”â€”â€”â€”â€”â€”â€”â€”â€”â€”â€”â€”â€”â€”â€”â€”â€”â€”â€”â€”â€”â€”â€”â€”â€”â€”â€”â€”â€”â€”â€”â€”â€”â€”â€”â€”â€”â€”â€”â€”â€”â€”â€”â€”â€”â€”â€”â€”â€”â€”â€”â€”â€”â€”â€”â€”â€”â€”â€”â€”â€”â€”â€”â€”â€”â€”â€”â€”â€”â€”â€”â€”â€”â€”â€”â€”â€”â€”â€”â€”â€”â€”â€”â€”â€”â€”â€”â€”â€”â€”â€”â€”â€”â€”â€”â€”â€”â€”â€”â€”â€”â€”â€”â€”â€”â€”â€”â€”â€”â€”â€”â€”â€”â€”â€”â€”â€”â€”â€”â€”â€”â€”â€”â€”â€”â€”â€”â€”â€”â€”â€”â€”â€”â€”â€”â€”â€”â€”â€”â€”â€”â€”â€”â€”â€”â€”â€”â€”â€”
    
    Standard reference range, marked reference range and clinically relevant change from baseline are from the Roche Safety Lab Standardization guideline.  Abnormalities are flagged as high (H) or low (L) if outside the standard reference range; high high (HH) or low low (LL) if outside the marked reference range with a clinically relevant change from baseline.
+    iec sas

* Run `testthat::snapshot_accept('listing_lbl02a_rls')` to accept the change.
* Run `testthat::snapshot_review('listing_lbl02a_rls')` to interactively review the change.</failure>
    </testcase>
  </testsuite>
  <testsuite name="listing_lbl02b" timestamp="2025-02-06T23:27:12Z" hostname="5cda6b252949" tests="1" skipped="0" failures="1" errors="0" time="0.289">
    <testcase time="0.289" classname="listing_lbl02b" name="LBL02B_listing_is_produced_correctly">
      <failure type="failure" message="Snapshot of code has changed: ('test-listing_lbl02b.R:56:3')">Snapshot of code has changed:
old[61:63] vs new[61:64]
                                                                  169    18SEP2013        28          9.6    mg/dL     1.4 -   8.6    HNA 
    â€”â€”â€”â€”â€”â€”â€”â€”â€”â€”â€”â€”â€”â€”â€”â€”â€”â€”â€”â€”â€”â€”â€”â€”â€”â€”â€”â€”â€”â€”â€”â€”â€”â€”â€”â€”â€”â€”â€”â€”â€”â€”â€”â€”â€”â€”â€”â€”â€”â€”â€”â€”â€”â€”â€”â€”â€”â€”â€”â€”â€”â€”â€”â€”â€”â€”â€”â€”â€”â€”â€”â€”â€”â€”â€”â€”â€”â€”â€”â€”â€”â€”â€”â€”â€”â€”â€”â€”â€”â€”â€”â€”â€”â€”â€”â€”â€”â€”â€”â€”â€”â€”â€”â€”â€”â€”â€”â€”â€”â€”â€”â€”â€”â€”â€”â€”â€”â€”â€”â€”â€”â€”â€”â€”â€”â€”â€”â€”â€”â€”â€”â€”â€”â€”
    
    NCI CTCAE grade is displayed as abnormal high (H) or low (L) followed by the grade.
+    iec sas

* Run `testthat::snapshot_accept('listing_lbl02b')` to accept the change.
* Run `testthat::snapshot_review('listing_lbl02b')` to interactively review the change.</failure>
    </testcase>
  </testsuite>
  <testsuite name="listing_mhl01" timestamp="2025-02-06T23:27:12Z" hostname="5cda6b252949" tests="1" skipped="0" failures="1" errors="0" time="0.29">
    <testcase time="0.290000000000001" classname="listing_mhl01" name="MHL01_listing_is_produced_correctly">
      <failure type="failure" message="Snapshot of code has changed: ('test-listing_mhl01.R:33:3')">Snapshot of code has changed:
old[58:60] vs new[58:61]
                                                                     cl B    trm B_1/3       08JAN2020      14JAN2021       372       16JUN2021       525       PRIOR_CONCOMITANT
                                                                     cl D    trm D_2/3       08JAN2020      01MAY2020       114       17JUN2021       526       PRIOR_CONCOMITANT
                                                                                             08JAN2020      07MAY2021       485       10OCT2021       641       PRIOR_CONCOMITANT
                  BRA-2/id-296                44/F/ASIAN             cl A    trm A_2/2       22JAN2021      14AUG2021       204       13DEC2022       690       PRIOR_CONCOMITANT
+    iec sas

* Run `testthat::snapshot_accept('listing_mhl01')` to accept the change.
* Run `testthat::snapshot_review('listing_mhl01')` to interactively review the change.</failure>
    </testcase>
  </testsuite>
  <testsuite name="listing_oncl01" timestamp="2025-02-06T23:27:12Z" hostname="5cda6b252949" tests="1" skipped="0" failures="1" errors="0" time="0.278">
    <testcase time="0.278" classname="listing_oncl01" name="ONCL01_listing_is_produced_correctly">
      <failure type="failure" message="Snapshot of code has changed: ('test-listing_oncl01.R:61:3')">Snapshot of code has changed:
old[59:61] vs new[59:62]
                                                           7                  CR                   CR                    437.5                         227.3                         NA                            195.3                
    â€”â€”â€”â€”â€”â€”â€”â€”â€”â€”â€”â€”â€”â€”â€”â€”â€”â€”â€”â€”â€”â€”â€”â€”â€”â€”â€”â€”â€”â€”â€”â€”â€”â€”â€”â€”â€”â€”â€”â€”â€”â€”â€”â€”â€”â€”â€”â€”â€”â€”â€”â€”â€”â€”â€”â€”â€”â€”â€”â€”â€”â€”â€”â€”â€”â€”â€”â€”â€”â€”â€”â€”â€”â€”â€”â€”â€”â€”â€”â€”â€”â€”â€”â€”â€”â€”â€”â€”â€”â€”â€”â€”â€”â€”â€”â€”â€”â€”â€”â€”â€”â€”â€”â€”â€”â€”â€”â€”â€”â€”â€”â€”â€”â€”â€”â€”â€”â€”â€”â€”â€”â€”â€”â€”â€”â€”â€”â€”â€”â€”â€”â€”â€”â€”â€”â€”â€”â€”â€”â€”â€”â€”â€”â€”â€”â€”â€”â€”â€”â€”â€”â€”â€”â€”â€”â€”â€”â€”â€”â€”â€”â€”â€”â€”â€”â€”â€”â€”â€”â€”â€”â€”â€”â€”â€”â€”â€”â€”â€”â€”â€”â€”â€”â€”â€”â€”â€”â€”â€”â€”â€”â€”â€”â€”â€”â€”â€”â€”â€”â€”â€”â€”â€”â€”â€”â€”â€”â€”â€”â€”â€”â€”â€”â€”â€”â€”â€”â€”â€”â€”â€”â€”â€”â€”â€”â€”â€”â€”
    
    PFS = Progression Free Survival
+    iec sas

* Run `testthat::snapshot_accept('listing_oncl01')` to accept the change.
* Run `testthat::snapshot_review('listing_oncl01')` to interactively review the change.</failure>
    </testcase>
  </testsuite>
  <testsuite name="listing_pkcl01" timestamp="2025-02-06T23:27:12Z" hostname="5cda6b252949" tests="2" skipped="0" failures="1" errors="0" time="0.747">
    <testcase time="0.208" classname="listing_pkcl01" name="PKCL01_listing_is_produced_correctly">
      <failure type="failure" message="Snapshot of code has changed: ('test-listing_pkcl01.R:28:3')">Snapshot of code has changed:
old[60:62] vs new[60:63]
                                                           4                   4             1.73386831910854 
                                                           3                   6             28.2010767396803 
                                                           6                   6             1.82796847875567 
                                                           8                   8             1.85259205202768 
+    iec sas

* Run `testthat::snapshot_accept('listing_pkcl01')` to accept the change.
* Run `testthat::snapshot_review('listing_pkcl01')` to interactively review the change.</failure>
    </testcase>
    <testcase time="0.539" classname="listing_pkcl01" name="PKCL01_listing_key_columns_values_are_repeated_when_entries_span_multiple_pages"/>
  </testsuite>
  <testsuite name="listing_pkcl02" timestamp="2025-02-06T23:27:13Z" hostname="5cda6b252949" tests="1" skipped="0" failures="1" errors="0" time="0.215">
    <testcase time="0.215" classname="listing_pkcl02" name="PKCL02_listing_is_produced_correctly">
      <failure type="failure" message="Snapshot of code has changed: ('test-listing_pkcl02.R:62:3')">Snapshot of code has changed:
old[61:63] vs new[61:64]
                           01-710-1187   BASELINE   27.0986137246395    22.9509232018291    14.6555421562082          0.005       
                           01-710-1249   BASELINE   26.0984887332864     21.830609246923    13.2948502741962          0.005       
                           01-710-1278   BASELINE   29.1798584378362     25.263949804524    17.4321325378996     1.76849800465073 
                           01-710-1354   BASELINE   28.6645106637463    24.6933908178549    16.7511511260722    0.866671742506682 
+    iec sas

* Run `testthat::snapshot_accept('listing_pkcl02')` to accept the change.
* Run `testthat::snapshot_review('listing_pkcl02')` to interactively review the change.</failure>
    </testcase>
  </testsuite>
  <testsuite name="listing_pkpl01" timestamp="2025-02-06T23:27:13Z" hostname="5cda6b252949" tests="1" skipped="0" failures="1" errors="0" time="0.275">
    <testcase time="0.275" classname="listing_pkpl01" name="PKPL01_listing_is_produced_correctly">
      <failure type="failure" message="Snapshot of code has changed: ('test-listing_pkpl01.R:38:3')">Snapshot of code has changed:
old[58:60] vs new[58:61]
                                        visit 2   18.6793891552852   18.6195448076172   0.0173564354354964          NA          0.290026311788036          NA              NA           8    
                                        visit 3   18.6793891552852          NA          0.0173564354354964          NA                 NA           2.38943837794439       NA           NA   
                          01-703-1182   visit 1   18.1363444684345   18.0954651887565   0.0126222183901483          NA          0.308768121394922          NA              NA           8    
                                        visit 2   18.1363444684345          NA          0.0126222183901483          NA                 NA           2.24440268272914       NA           NA   
+    iec sas

* Run `testthat::snapshot_accept('listing_pkpl01')` to accept the change.
* Run `testthat::snapshot_review('listing_pkpl01')` to interactively review the change.</failure>
    </testcase>
  </testsuite>
  <testsuite name="listing_pkpl02" timestamp="2025-02-06T23:27:14Z" hostname="5cda6b252949" tests="1" skipped="0" failures="1" errors="0" time="0.173">
    <testcase time="0.173" classname="listing_pkpl02" name="PKPL02_listing_is_produced_correctly">
      <failure type="failure" message="Snapshot of code has changed: ('test-listing_pkpl02.R:37:3')">Snapshot of code has changed:
old[58:60] vs new[58:61]
                           01-710-1187   Day 1   64.7050790826768   58.9932513850946
                           01-710-1249   Day 1   61.2239482544055   54.6833922081462
                           01-710-1278   Day 1   73.6444387849105   64.6665271959921
                           01-710-1354   Day 1    70.97572435018    60.8000829476732
+    iec sas

* Run `testthat::snapshot_accept('listing_pkpl02')` to accept the change.
* Run `testthat::snapshot_review('listing_pkpl02')` to interactively review the change.</failure>
    </testcase>
  </testsuite>
  <testsuite name="listing_pkpl04" timestamp="2025-02-06T23:27:14Z" hostname="5cda6b252949" tests="1" skipped="0" failures="1" errors="0" time="0.23">
    <testcase time="0.229999999999999" classname="listing_pkpl04" name="PKPL04_listing_is_produced_correctly">
      <failure type="failure" message="Snapshot of code has changed: ('test-listing_pkpl04.R:52:3')">Snapshot of code has changed:
old[61:63] vs new[61:64]
    01-704-1093           NA               19.56286419395                         NA                              NA              1.91519889920585                        NA                   
    01-704-1114    18.8367193351367              NA                               NA                       1.82708924969351              NA                               NA                   
    01-704-1120    18.8327115602316              NA                               NA                       1.81209411046131              NA                               NA                   
    01-704-1135     18.605933400848              NA                               NA                       1.81173032943289              NA                               NA                   
+    iec sas

* Run `testthat::snapshot_accept('listing_pkpl04')` to accept the change.
* Run `testthat::snapshot_review('listing_pkpl04')` to interactively review the change.</failure>
    </testcase>
  </testsuite>
  <testsuite name="listing_vsl01" timestamp="2025-02-06T23:27:14Z" hostname="5cda6b252949" tests="1" skipped="0" failures="1" errors="0" time="0.464">
    <testcase time="0.464000000000002" classname="listing_vsl01" name="VSL01_listing_is_produced_correctly">
      <failure type="failure" message="Snapshot of code has changed: ('test-listing_vsl01.R:83:3')">Snapshot of code has changed:
old[65:67] vs new[65:68]
    â€”â€”â€”â€”â€”â€”â€”â€”â€”â€”â€”â€”â€”â€”â€”â€”â€”â€”â€”â€”â€”â€”â€”â€”â€”â€”â€”â€”â€”â€”â€”â€”â€”â€”â€”â€”â€”â€”â€”â€”â€”â€”â€”â€”â€”â€”â€”â€”â€”â€”â€”â€”â€”â€”â€”â€”â€”â€”â€”â€”â€”â€”â€”â€”â€”â€”â€”â€”â€”â€”â€”â€”â€”â€”â€”â€”â€”â€”â€”â€”â€”â€”â€”â€”â€”â€”â€”â€”â€”â€”â€”â€”â€”â€”â€”â€”â€”â€”â€”â€”â€”â€”â€”â€”â€”â€”â€”â€”â€”â€”â€”â€”â€”â€”â€”â€”â€”â€”â€”â€”â€”â€”â€”â€”â€”â€”â€”â€”â€”â€”â€”â€”â€”â€”â€”â€”â€”â€”â€”â€”â€”â€”â€”â€”â€”â€”â€”â€”â€”â€”â€”â€”â€”â€”â€”â€”â€”â€”â€”â€”â€”â€”â€”â€”â€”â€”â€”â€”â€”â€”â€”â€”â€”â€”â€”â€”â€”â€”â€”â€”â€”â€”â€”â€”â€”â€”â€”â€”â€”â€”â€”â€”â€”â€”â€”â€”â€”â€”â€”â€”â€”â€”â€”â€”â€”â€”â€”â€”â€”â€”â€”â€”â€”â€”â€”â€”â€”â€”â€”â€”â€”â€”â€”â€”â€”â€”â€”â€”â€”â€”â€”â€”â€”â€”â€”â€”â€”â€”â€”â€”â€”â€”â€”â€”â€”â€”â€”â€”â€”â€”â€”â€”â€”â€”â€”â€”â€”â€”â€”â€”â€”â€”â€”â€”â€”â€”â€”â€”â€”â€”â€”â€”â€”â€”â€”â€”â€”â€”â€”â€”â€”â€”â€”â€”â€”â€”â€”â€”â€”â€”â€”â€”â€”â€”â€”â€”â€”â€”â€”â€”â€”â€”â€”â€”â€”â€”
    
    Baseline is the patient's last observation prior to initiation of study drug. Abnormalities are
    flagged as high (H) or low (L) if outside the Roche standard reference range.
+    iec sas

* Run `testthat::snapshot_accept('listing_vsl01')` to accept the change.
* Run `testthat::snapshot_review('listing_vsl01')` to interactively review the change.</failure>
    </testcase>
  </testsuite>
  <testsuite name="pagination_listing" timestamp="2025-02-06T23:27:15Z" hostname="5cda6b252949" tests="13" skipped="0" failures="0" errors="0" time="6.02">
    <testcase time="0.036999999999999" classname="pagination_listing" name="Direct_pagination_works_fine"/>
    <testcase time="0.989000000000001" classname="pagination_listing" name="Direct_pagination_works_fine"/>
    <testcase time="0.00300000000000011" classname="pagination_listing" name="Direct_pagination_works_fine"/>
    <testcase time="0.911999999999999" classname="pagination_listing" name="Direct_pagination_works_fine"/>
    <testcase time="1.253" classname="pagination_listing" name="Direct_pagination_works_fine"/>
    <testcase time="1.55" classname="pagination_listing" name="pagination_counts_the_right_number_of_lines_when_wrapping_on_keycols_is_present"/>
    <testcase time="0.00600000000000023" classname="pagination_listing" name="pagination_counts_the_right_number_of_lines_when_wrapping_on_keycols_is_present"/>
    <testcase time="0.00499999999999901" classname="pagination_listing" name="pagination_counts_the_right_number_of_lines_when_wrapping_on_keycols_is_present"/>
    <testcase time="0.00300000000000011" classname="pagination_listing" name="pagination_counts_the_right_number_of_lines_when_wrapping_on_keycols_is_present"/>
    <testcase time="1.25" classname="pagination_listing" name="pagination_counts_the_right_number_of_lines_when_wrapping_on_keycols_is_present"/>
    <testcase time="0.00499999999999901" classname="pagination_listing" name="pagination_counts_the_right_number_of_lines_when_wrapping_on_keycols_is_present"/>
    <testcase time="0.00400000000000134" classname="pagination_listing" name="pagination_counts_the_right_number_of_lines_when_wrapping_on_keycols_is_present"/>
    <testcase time="0.00300000000000011" classname="pagination_listing" name="pagination_counts_the_right_number_of_lines_when_wrapping_on_keycols_is_present"/>
  </testsuite>
  <testsuite name="pagination_table" timestamp="2025-02-06T23:27:22Z" hostname="5cda6b252949" tests="30" skipped="0" failures="0" errors="0" time="14.469">
    <testcase time="1.773" classname="pagination_table" name="Direct_pagination_with_standard_values"/>
    <testcase time="0.00399999999999778" classname="pagination_table" name="Direct_pagination_with_standard_values"/>
    <testcase time="0.00400000000000134" classname="pagination_table" name="Direct_pagination_with_standard_values"/>
    <testcase time="1.234" classname="pagination_table" name="Pagination_with_specific_column_widths_and_minimum_lines_per_page"/>
    <testcase time="0.00399999999999778" classname="pagination_table" name="Pagination_with_specific_column_widths_and_minimum_lines_per_page"/>
    <testcase time="0.106999999999999" classname="pagination_table" name="Pagination_with_specific_column_widths_and_minimum_lines_per_page"/>
    <testcase time="0.990000000000002" classname="pagination_table" name="Pagination_works_also_if_table_is_decorated"/>
    <testcase time="0.567" classname="pagination_table" name="Pagination_works_also_if_table_is_decorated"/>
    <testcase time="0.841000000000001" classname="pagination_table" name="Pagination_works_also_if_table_is_decorated"/>
    <testcase time="0.677999999999997" classname="pagination_table" name="Pagination_works_also_if_table_is_decorated"/>
    <testcase time="1.401" classname="pagination_table" name="Pagination_works_also_if_table_is_decorated"/>
    <testcase time="0.318000000000001" classname="pagination_table" name="Pagination_works_also_if_table_is_decorated"/>
    <testcase time="0.00300000000000011" classname="pagination_table" name="Pagination_works_also_if_table_is_decorated"/>
    <testcase time="0.0219999999999985" classname="pagination_table" name="Pagination_works_also_if_table_is_decorated"/>
    <testcase time="0.151" classname="pagination_table" name="Pagination_works_also_if_table_is_decorated"/>
    <testcase time="0.0990000000000002" classname="pagination_table" name="Pagination_works_also_if_table_is_decorated"/>
    <testcase time="0.741" classname="pagination_table" name="Pagination_works_for_page_types"/>
    <testcase time="0.0770000000000017" classname="pagination_table" name="Pagination_works_for_page_types"/>
    <testcase time="0.742000000000001" classname="pagination_table" name="Pagination_works_for_page_types"/>
    <testcase time="0.0769999999999982" classname="pagination_table" name="Pagination_works_for_page_types"/>
    <testcase time="0.703000000000003" classname="pagination_table" name="Pagination_works_for_page_types"/>
    <testcase time="0.422999999999995" classname="pagination_table" name="Pagination_works_for_page_types"/>
    <testcase time="0.731000000000002" classname="pagination_table" name="Pagination_works_for_page_width_and_height"/>
    <testcase time="0.137" classname="pagination_table" name="Pagination_works_for_page_width_and_height"/>
    <testcase time="0.838999999999999" classname="pagination_table" name="Pagination_works_for_page_types"/>
    <testcase time="0.167999999999999" classname="pagination_table" name="Pagination_works_for_page_types"/>
    <testcase time="0.831000000000003" classname="pagination_table" name="AET04_variant_2_page_by_pagination_tests"/>
    <testcase time="0.648000000000003" classname="pagination_table" name="AET04_variant_2_page_by_pagination_tests"/>
    <testcase time="0.00199999999999534" classname="pagination_table" name="AET04_variant_2_page_by_pagination_tests"/>
    <testcase time="0.154000000000003" classname="pagination_table" name="AET04_variant_2_page_by_pagination_tests"/>
  </testsuite>
  <testsuite name="table_adat03" timestamp="2025-02-06T23:27:35Z" hostname="5cda6b252949" tests="2" skipped="0" failures="0" errors="0" time="0.584">
    <testcase time="0.433" classname="table_adat03" name="ADAT03_is_produced_correctly"/>
    <testcase time="0.150999999999996" classname="table_adat03" name="ADAT03_is_produced_correctly"/>
  </testsuite>
  <testsuite name="table_aet01" timestamp="2025-02-06T23:27:36Z" hostname="5cda6b252949" tests="8" skipped="0" failures="0" errors="0" time="1.906">
    <testcase time="0.561" classname="table_aet01" name="Safety_Summary_Variant_1_works_as_expected"/>
    <testcase time="0.107999999999997" classname="table_aet01" name="Safety_Summary_Variant_1_works_as_expected"/>
    <testcase time="0.313000000000002" classname="table_aet01" name="Safety_Summary_Variant_2_with_Medical_Concepts_Section_works_as_expected"/>
    <testcase time="0.114999999999995" classname="table_aet01" name="Safety_Summary_Variant_2_with_Medical_Concepts_Section_works_as_expected"/>
    <testcase time="0.243000000000002" classname="table_aet01" name="Safety_Summary_Variant_3_with_Modified_Rows_works_as_expected"/>
    <testcase time="0.0960000000000036" classname="table_aet01" name="Safety_Summary_Variant_3_with_Modified_Rows_works_as_expected"/>
    <testcase time="0.344999999999999" classname="table_aet01" name="Safety_Summary_Variant_4_with_Rows_Counting_Events_and_Additional_Sections_works_as_expected"/>
    <testcase time="0.125" classname="table_aet01" name="Safety_Summary_Variant_4_with_Rows_Counting_Events_and_Additional_Sections_works_as_expected"/>
  </testsuite>
  <testsuite name="table_aet01_aesi" timestamp="2025-02-06T23:27:38Z" hostname="5cda6b252949" tests="8" skipped="0" failures="0" errors="0" time="2.576">
    <testcase time="0.262999999999998" classname="table_aet01_aesi" name="AET01_AESI_Variant_1_works_as_expected"/>
    <testcase time="0.103999999999999" classname="table_aet01_aesi" name="AET01_AESI_Variant_1_works_as_expected"/>
    <testcase time="0.437000000000005" classname="table_aet01_aesi" name="AET01_AESI_Variant_2_works_as_expected"/>
    <testcase time="0.154999999999994" classname="table_aet01_aesi" name="AET01_AESI_Variant_2_works_as_expected"/>
    <testcase time="0.651000000000003" classname="table_aet01_aesi" name="AET01_AESI_Variant_3_works_as_expected"/>
    <testcase time="0.210000000000001" classname="table_aet01_aesi" name="AET01_AESI_Variant_3_works_as_expected"/>
    <testcase time="0.540999999999997" classname="table_aet01_aesi" name="AET01_AESI_Variant_4_works_as_expected"/>
    <testcase time="0.215000000000003" classname="table_aet01_aesi" name="AET01_AESI_Variant_4_works_as_expected"/>
  </testsuite>
  <testsuite name="table_aet02" timestamp="2025-02-06T23:27:40Z" hostname="5cda6b252949" tests="26" skipped="0" failures="0" errors="0" time="8.167">
    <testcase time="0.536000000000001" classname="table_aet02" name="AET02_variant_1_is_produced_correctly"/>
    <testcase time="0.183999999999997" classname="table_aet02" name="AET02_variant_1_is_produced_correctly"/>
    <testcase time="0.418999999999997" classname="table_aet02" name="AET02_variant_1_is_produced_correctly"/>
    <testcase time="0.0960000000000036" classname="table_aet02" name="AET02_variant_1_is_produced_correctly"/>
    <testcase time="0.613999999999997" classname="table_aet02" name="AET02_variant_2_is_produced_correctly"/>
    <testcase time="0.194000000000003" classname="table_aet02" name="AET02_variant_2_is_produced_correctly"/>
    <testcase time="0.909999999999997" classname="table_aet02" name="AET02_variant_3_is_produced_correctly"/>
    <testcase time="0.298999999999999" classname="table_aet02" name="AET02_variant_3_is_produced_correctly"/>
    <testcase time="0.124000000000002" classname="table_aet02" name="AET02_variant_4_is_produced_correctly"/>
    <testcase time="0.105000000000004" classname="table_aet02" name="AET02_variant_4_is_produced_correctly"/>
    <testcase time="0.419999999999995" classname="table_aet02" name="AET02_variant_5_is_produced_correctly"/>
    <testcase time="0.167000000000002" classname="table_aet02" name="AET02_variant_5_is_produced_correctly"/>
    <testcase time="0.396999999999998" classname="table_aet02" name="AET02_variant_6_is_produced_correctly"/>
    <testcase time="0.112000000000002" classname="table_aet02" name="AET02_variant_6_is_produced_correctly"/>
    <testcase time="0.918999999999997" classname="table_aet02" name="AET02_variant_7_is_produced_correctly"/>
    <testcase time="0.148000000000003" classname="table_aet02" name="AET02_variant_7_is_produced_correctly"/>
    <testcase time="0.406999999999996" classname="table_aet02" name="AET02_variant_8_is_produced_correctly"/>
    <testcase time="0.0810000000000031" classname="table_aet02" name="AET02_variant_8_is_produced_correctly"/>
    <testcase time="0.416000000000004" classname="table_aet02" name="AET02_variant_9_is_produced_correctly"/>
    <testcase time="0.101999999999997" classname="table_aet02" name="AET02_variant_9_is_produced_correctly"/>
    <testcase time="0.421999999999997" classname="table_aet02" name="AET02_variant_10_is_produced_correctly"/>
    <testcase time="0.0920000000000059" classname="table_aet02" name="AET02_variant_10_is_produced_correctly"/>
    <testcase time="0.406999999999996" classname="table_aet02" name="AET02_variant_11_is_produced_correctly"/>
    <testcase time="0.0889999999999986" classname="table_aet02" name="AET02_variant_11_is_produced_correctly"/>
    <testcase time="0.411000000000001" classname="table_aet02" name="AET02_variant_12_is_produced_correctly"/>
    <testcase time="0.0960000000000036" classname="table_aet02" name="AET02_variant_12_is_produced_correctly"/>
  </testsuite>
  <testsuite name="table_aet02_smq" timestamp="2025-02-06T23:27:48Z" hostname="5cda6b252949" tests="4" skipped="0" failures="0" errors="0" time="0.449">
    <testcase time="0.122999999999998" classname="table_aet02_smq" name="AET02SMQ_variant_1_is_produced_correctly"/>
    <testcase time="0.070999999999998" classname="table_aet02_smq" name="AET02SMQ_variant_1_is_produced_correctly"/>
    <testcase time="0.158999999999999" classname="table_aet02_smq" name="AET02SMQ_variant_2_is_produced_correctly"/>
    <testcase time="0.0960000000000036" classname="table_aet02_smq" name="AET02SMQ_variant_2_is_produced_correctly"/>
  </testsuite>
  <testsuite name="table_aet03" timestamp="2025-02-06T23:27:49Z" hostname="5cda6b252949" tests="6" skipped="0" failures="0" errors="0" time="5.162">
    <testcase time="1.157" classname="table_aet03" name="AET03_variant_1_is_produced_correctly"/>
    <testcase time="0.438000000000002" classname="table_aet03" name="AET03_variant_1_is_produced_correctly"/>
    <testcase time="1.423" classname="table_aet03" name="AET03_variant_1_is_produced_correctly"/>
    <testcase time="0.905000000000001" classname="table_aet03" name="AET03_variant_1_is_produced_correctly"/>
    <testcase time="1.031" classname="table_aet03" name="AET03_variant_1_is_produced_correctly"/>
    <testcase time="0.207999999999998" classname="table_aet03" name="AET03_variant_1_is_produced_correctly"/>
  </testsuite>
  <testsuite name="table_aet04" timestamp="2025-02-06T23:27:55Z" hostname="5cda6b252949" tests="30" skipped="0" failures="0" errors="0" time="12.335">
    <testcase time="0.688000000000002" classname="table_aet04" name="AET04_variant_1_is_produced_correctly"/>
    <testcase time="0.308999999999997" classname="table_aet04" name="AET04_variant_1_is_produced_correctly"/>
    <testcase time="0.752000000000002" classname="table_aet04" name="AET04_variant_1_is_produced_correctly"/>
    <testcase time="0.0419999999999945" classname="table_aet04" name="AET04_variant_1_is_produced_correctly"/>
    <testcase time="0.0390000000000015" classname="table_aet04" name="AET04_variant_1_is_produced_correctly"/>
    <testcase time="0.634" classname="table_aet04" name="AET04_variant_2_is_produced_correctly_Fill_in_of_Treatment_Groups_"/>
    <testcase time="0.274000000000001" classname="table_aet04" name="AET04_variant_2_is_produced_correctly_Fill_in_of_Treatment_Groups_"/>
    <testcase time="0.683999999999997" classname="table_aet04" name="AET04_variant_2_is_produced_correctly_Fill_in_of_Treatment_Groups_"/>
    <testcase time="0.0459999999999994" classname="table_aet04" name="AET04_variant_2_is_produced_correctly_Fill_in_of_Treatment_Groups_"/>
    <testcase time="0.0370000000000061" classname="table_aet04" name="AET04_variant_2_is_produced_correctly_Fill_in_of_Treatment_Groups_"/>
    <testcase time="0.671999999999997" classname="table_aet04" name="AET04_variant_3_is_produced_correctly_Fill_in_of_Grades_"/>
    <testcase time="0.332000000000001" classname="table_aet04" name="AET04_variant_3_is_produced_correctly_Fill_in_of_Grades_"/>
    <testcase time="0.792999999999999" classname="table_aet04" name="AET04_variant_3_is_produced_correctly_Fill_in_of_Grades_"/>
    <testcase time="0.0510000000000019" classname="table_aet04" name="AET04_variant_3_is_produced_correctly_Fill_in_of_Grades_"/>
    <testcase time="0.0390000000000015" classname="table_aet04" name="AET04_variant_3_is_produced_correctly_Fill_in_of_Grades_"/>
    <testcase time="0.677" classname="table_aet04" name="AET04_variant_4_is_produced_correctly_Collapsing_of_Grades_grades_1_2_grades_3_4_5_"/>
    <testcase time="0.323999999999998" classname="table_aet04" name="AET04_variant_4_is_produced_correctly_Collapsing_of_Grades_grades_1_2_grades_3_4_5_"/>
    <testcase time="0.768000000000001" classname="table_aet04" name="AET04_variant_4_is_produced_correctly_Collapsing_of_Grades_grades_1_2_grades_3_4_5_"/>
    <testcase time="0.708999999999996" classname="table_aet04" name="AET04_variant_6_is_produced_correctly_with_an_Incidence_Rate_of_at_Least_5_totals_restricted_"/>
    <testcase time="0.328000000000003" classname="table_aet04" name="AET04_variant_6_is_produced_correctly_with_an_Incidence_Rate_of_at_Least_5_totals_restricted_"/>
    <testcase time="0.768000000000001" classname="table_aet04" name="AET04_variant_6_is_produced_correctly_with_an_Incidence_Rate_of_at_Least_5_totals_restricted_"/>
    <testcase time="0.0100000000000051" classname="table_aet04" name="AET04_variant_8_is_produced_correctly_with_an_Incidence_Rate_of_at_Least_X_Patients_"/>
    <testcase time="0.334999999999994" classname="table_aet04" name="AET04_variant_8_is_produced_correctly_with_an_Incidence_Rate_of_at_Least_X_Patients_"/>
    <testcase time="0.774999999999991" classname="table_aet04" name="AET04_variant_8_is_produced_correctly_with_an_Incidence_Rate_of_at_Least_X_Patients_"/>
    <testcase time="0.0100000000000051" classname="table_aet04" name="AET04_variant_9_is_produced_correctly_with_a_Difference_in_Incidence_Rate_of_at_Least_X_"/>
    <testcase time="0.331000000000003" classname="table_aet04" name="AET04_variant_9_is_produced_correctly_with_a_Difference_in_Incidence_Rate_of_at_Least_X_"/>
    <testcase time="0.774999999999991" classname="table_aet04" name="AET04_variant_9_is_produced_correctly_with_a_Difference_in_Incidence_Rate_of_at_Least_X_"/>
    <testcase time="0.0100000000000051" classname="table_aet04" name="AET04_variant_11_is_produced_correctly_with_Incidence_Rate_of_at_Least_X_all_SOCs_w_o_preferred_terms_removed_"/>
    <testcase time="0.338999999999999" classname="table_aet04" name="AET04_variant_11_is_produced_correctly_with_Incidence_Rate_of_at_Least_X_all_SOCs_w_o_preferred_terms_removed_"/>
    <testcase time="0.784000000000006" classname="table_aet04" name="AET04_variant_11_is_produced_correctly_with_Incidence_Rate_of_at_Least_X_all_SOCs_w_o_preferred_terms_removed_"/>
  </testsuite>
  <testsuite name="table_aet04_pi" timestamp="2025-02-06T23:28:06Z" hostname="5cda6b252949" tests="18" skipped="0" failures="0" errors="0" time="6.804">
    <testcase time="0.625999999999991" classname="table_aet04_pi" name="AET04_PI_full_table_is_produced_correctly"/>
    <testcase time="0.245000000000005" classname="table_aet04_pi" name="AET04_PI_full_table_is_produced_correctly"/>
    <testcase time="0.632000000000005" classname="table_aet04_pi" name="AET04_PI_variant_1_is_produced_correctly"/>
    <testcase time="0.181999999999988" classname="table_aet04_pi" name="AET04_PI_variant_1_is_produced_correctly"/>
    <testcase time="0.804000000000002" classname="table_aet04_pi" name="AET04_PI_variant_2_is_produced_correctly"/>
    <testcase time="0.114000000000004" classname="table_aet04_pi" name="AET04_PI_variant_2_is_produced_correctly"/>
    <testcase time="0.575999999999993" classname="table_aet04_pi" name="AET04_PI_variant_3_is_produced_correctly"/>
    <testcase time="0.131" classname="table_aet04_pi" name="AET04_PI_variant_3_is_produced_correctly"/>
    <testcase time="0.576000000000008" classname="table_aet04_pi" name="AET04_PI_variant_4_is_produced_correctly"/>
    <testcase time="0.0990000000000038" classname="table_aet04_pi" name="AET04_PI_variant_4_is_produced_correctly"/>
    <testcase time="0.578999999999994" classname="table_aet04_pi" name="AET04_PI_variant_5_is_produced_correctly"/>
    <testcase time="0.153000000000006" classname="table_aet04_pi" name="AET04_PI_variant_5_is_produced_correctly"/>
    <testcase time="0.736999999999995" classname="table_aet04_pi" name="AET04_PI_variant_6_is_produced_correctly"/>
    <testcase time="0.156000000000006" classname="table_aet04_pi" name="AET04_PI_variant_6_is_produced_correctly"/>
    <testcase time="0.727999999999994" classname="table_aet04_pi" name="AET04_PI_variant_7_is_produced_correctly"/>
    <testcase time="0.165000000000006" classname="table_aet04_pi" name="AET04_PI_variant_7_is_produced_correctly"/>
    <testcase time="0.171999999999997" classname="table_aet04_pi" name="AET04_PI_variant_8_is_produced_correctly"/>
    <testcase time="0.128999999999991" classname="table_aet04_pi" name="AET04_PI_variant_8_is_produced_correctly"/>
  </testsuite>
  <testsuite name="table_aet05" timestamp="2025-02-06T23:28:13Z" hostname="5cda6b252949" tests="4" skipped="0" failures="0" errors="0" time="0.27">
    <testcase time="0.0860000000000127" classname="table_aet05" name="AET05_variant_1_is_produced_correctly"/>
    <testcase time="0.0609999999999928" classname="table_aet05" name="AET05_variant_1_is_produced_correctly"/>
    <testcase time="0.0550000000000068" classname="table_aet05" name="AET05_variant_2_is_produced_correctly"/>
    <testcase time="0.0679999999999978" classname="table_aet05" name="AET05_variant_2_is_produced_correctly"/>
  </testsuite>
  <testsuite name="table_aet05_all" timestamp="2025-02-06T23:28:13Z" hostname="5cda6b252949" tests="4" skipped="0" failures="0" errors="0" time="0.291">
    <testcase time="0.108999999999995" classname="table_aet05_all" name="AET05_ALL_variant_1_is_produced_correctly"/>
    <testcase time="0.0600000000000023" classname="table_aet05_all" name="AET05_ALL_variant_1_is_produced_correctly"/>
    <testcase time="0.0549999999999926" classname="table_aet05_all" name="AET05_ALL_variant_2_is_produced_correctly"/>
    <testcase time="0.0670000000000073" classname="table_aet05_all" name="AET05_ALL_variant_2_is_produced_correctly"/>
  </testsuite>
  <testsuite name="table_aet06" timestamp="2025-02-06T23:28:14Z" hostname="5cda6b252949" tests="6" skipped="0" failures="0" errors="0" time="3.768">
    <testcase time="0.573999999999998" classname="table_aet06" name="AET06_variant_1_is_produced_correctly"/>
    <testcase time="0.239000000000004" classname="table_aet06" name="AET06_variant_1_is_produced_correctly"/>
    <testcase time="0.963999999999999" classname="table_aet06" name="AET06_variant_3_is_produced_correctly"/>
    <testcase time="0.346000000000004" classname="table_aet06" name="AET06_variant_3_is_produced_correctly"/>
    <testcase time="1.23399999999999" classname="table_aet06" name="AET06_variant_5_is_produced_correctly"/>
    <testcase time="0.411000000000001" classname="table_aet06" name="AET06_variant_5_is_produced_correctly"/>
  </testsuite>
  <testsuite name="table_aet06_smq" timestamp="2025-02-06T23:28:17Z" hostname="5cda6b252949" tests="4" skipped="0" failures="0" errors="0" time="1.029">
    <testcase time="0.367000000000004" classname="table_aet06_smq" name="AET06_SMQ_variant_1_is_produced_correctly"/>
    <testcase time="0.146999999999991" classname="table_aet06_smq" name="AET06_SMQ_variant_1_is_produced_correctly"/>
    <testcase time="0.369" classname="table_aet06_smq" name="AET06_SMQ_variant_2_is_produced_correctly"/>
    <testcase time="0.146000000000001" classname="table_aet06_smq" name="AET06_SMQ_variant_2_is_produced_correctly"/>
  </testsuite>
  <testsuite name="table_aet07" timestamp="2025-02-06T23:28:18Z" hostname="5cda6b252949" tests="4" skipped="0" failures="0" errors="0" time="0.2">
    <testcase time="0.054000000000002" classname="table_aet07" name="AET07_variant_1_is_produced_correctly"/>
    <testcase time="0.0549999999999926" classname="table_aet07" name="AET07_variant_1_is_produced_correctly"/>
    <testcase time="0.0480000000000018" classname="table_aet07" name="AET07_variant_2_is_produced_correctly"/>
    <testcase time="0.0430000000000064" classname="table_aet07" name="AET07_variant_2_is_produced_correctly"/>
  </testsuite>
  <testsuite name="table_aet09" timestamp="2025-02-06T23:28:19Z" hostname="5cda6b252949" tests="4" skipped="0" failures="0" errors="0" time="2.017">
    <testcase time="0.554999999999993" classname="table_aet09" name="AET09_variant_1_is_produced_correctly_AE_related_to_study_drug"/>
    <testcase time="0.186999999999998" classname="table_aet09" name="AET09_variant_1_is_produced_correctly_AE_related_to_study_drug"/>
    <testcase time="0.972000000000008" classname="table_aet09" name="AET09_variant_2_is_produced_correctly_AE_related_to_study_drug_including_high_level_terms_"/>
    <testcase time="0.302999999999997" classname="table_aet09" name="AET09_variant_2_is_produced_correctly_AE_related_to_study_drug_including_high_level_terms_"/>
  </testsuite>
  <testsuite name="table_aet09_smq" timestamp="2025-02-06T23:28:21Z" hostname="5cda6b252949" tests="4" skipped="0" failures="0" errors="0" time="0.526">
    <testcase time="0.129999999999995" classname="table_aet09_smq" name="AET09_variant_1_AEs_related_to_study_drug_by_SMQ_is_produced_correctly"/>
    <testcase time="0.0760000000000076" classname="table_aet09_smq" name="AET09_variant_1_AEs_related_to_study_drug_by_SMQ_is_produced_correctly"/>
    <testcase time="0.209999999999994" classname="table_aet09_smq" name="AET09_variant_2_AEs_related_to_study_drug_by_SMQ_with_customized_queries_is_produced_correctly"/>
    <testcase time="0.109999999999999" classname="table_aet09_smq" name="AET09_variant_2_AEs_related_to_study_drug_by_SMQ_with_customized_queries_is_produced_correctly"/>
  </testsuite>
  <testsuite name="table_aet10" timestamp="2025-02-06T23:28:21Z" hostname="5cda6b252949" tests="2" skipped="0" failures="0" errors="0" time="0.171">
    <testcase time="0.113" classname="table_aet10" name="AET10_default_variant_is_produced_correctly"/>
    <testcase time="0.0580000000000069" classname="table_aet10" name="AET10_default_variant_is_produced_correctly"/>
  </testsuite>
  <testsuite name="table_aovt01" timestamp="2025-02-06T23:28:21Z" hostname="5cda6b252949" tests="4" skipped="0" failures="0" errors="0" time="1.23">
    <testcase time="0.361999999999995" classname="table_aovt01" name="AOVT01_variant_with_single_endpoint_is_produced_correctly"/>
    <testcase time="0.097999999999999" classname="table_aovt01" name="AOVT01_variant_with_single_endpoint_is_produced_correctly"/>
    <testcase time="0.599000000000004" classname="table_aovt01" name="AOVT01_variant_with_multiple_endpoints_is_produced_correctly"/>
    <testcase time="0.170999999999992" classname="table_aovt01" name="AOVT01_variant_with_multiple_endpoints_is_produced_correctly"/>
  </testsuite>
  <testsuite name="table_aovt02" timestamp="2025-02-06T23:28:23Z" hostname="5cda6b252949" tests="2" skipped="0" failures="0" errors="0" time="0.405">
    <testcase time="0.320000000000007" classname="table_aovt02" name="AOVT02_is_produced_correctly"/>
    <testcase time="0.0849999999999937" classname="table_aovt02" name="AOVT02_is_produced_correctly"/>
  </testsuite>
  <testsuite name="table_aovt03" timestamp="2025-02-06T23:28:23Z" hostname="5cda6b252949" tests="2" skipped="0" failures="0" errors="0" time="0.911">
    <testcase time="0.728999999999999" classname="table_aovt03" name="AOVT03_is_produced_correctly"/>
    <testcase time="0.182000000000002" classname="table_aovt03" name="AOVT03_is_produced_correctly"/>
  </testsuite>
  <testsuite name="table_cfbt01" timestamp="2025-02-06T23:28:24Z" hostname="5cda6b252949" tests="2" skipped="0" failures="0" errors="0" time="0.682">
    <testcase time="0.442000000000007" classname="table_cfbt01" name="CFBT01_default_variant_is_produced_correctly"/>
    <testcase time="0.239999999999995" classname="table_cfbt01" name="CFBT01_default_variant_is_produced_correctly"/>
  </testsuite>
  <testsuite name="table_cmht01" timestamp="2025-02-06T23:28:25Z" hostname="5cda6b252949" tests="4" skipped="0" failures="0" errors="0" time="1.963">
    <testcase time="0.424999999999997" classname="table_cmht01" name="CMHT01_variant_1_is_produced_correctly"/>
    <testcase time="0.103000000000009" classname="table_cmht01" name="CMHT01_variant_1_is_produced_correctly"/>
    <testcase time="1.172" classname="table_cmht01" name="CMHT01_variant_2_is_produced_correctly"/>
    <testcase time="0.263000000000005" classname="table_cmht01" name="CMHT01_variant_2_is_produced_correctly"/>
  </testsuite>
  <testsuite name="table_cmt01" timestamp="2025-02-06T23:28:27Z" hostname="5cda6b252949" tests="8" skipped="0" failures="0" errors="0" time="3.518">
    <testcase time="0.592999999999989" classname="table_cmt01" name="CMT01_default_variant_Concomitant_medications_is_produced_correctly"/>
    <testcase time="0.285000000000011" classname="table_cmt01" name="CMT01_default_variant_Concomitant_medications_is_produced_correctly"/>
    <testcase time="0.671999999999997" classname="table_cmt01" name="CMT01_variant_1_prior_medications_is_produced_correctly"/>
    <testcase time="0.304000000000002" classname="table_cmt01" name="CMT01_variant_1_prior_medications_is_produced_correctly"/>
    <testcase time="0.548999999999992" classname="table_cmt01" name="CMT01_variant_3_Concomitant_medications_is_produced_correctly"/>
    <testcase time="0.251000000000005" classname="table_cmt01" name="CMT01_variant_3_Concomitant_medications_is_produced_correctly"/>
    <testcase time="0.581999999999994" classname="table_cmt01" name="CMT01_variant_4_Concomitant_medications_is_produced_correctly"/>
    <testcase time="0.282000000000011" classname="table_cmt01" name="CMT01_variant_4_Concomitant_medications_is_produced_correctly"/>
  </testsuite>
  <testsuite name="table_cmt01a" timestamp="2025-02-06T23:28:30Z" hostname="5cda6b252949" tests="8" skipped="0" failures="0" errors="0" time="5.212">
    <testcase time="1.166" classname="table_cmt01a" name="CMT01A_variant_1_is_produced_correctly"/>
    <testcase time="0.257999999999996" classname="table_cmt01a" name="CMT01A_variant_1_is_produced_correctly"/>
    <testcase time="1.03100000000001" classname="table_cmt01a" name="CMT01A_variant_2_is_produced_correctly"/>
    <testcase time="0.259999999999991" classname="table_cmt01a" name="CMT01A_variant_2_is_produced_correctly"/>
    <testcase time="1.018" classname="table_cmt01a" name="CMT01A_variant_3_is_produced_correctly"/>
    <testcase time="0.259" classname="table_cmt01a" name="CMT01A_variant_3_is_produced_correctly"/>
    <testcase time="0.989000000000004" classname="table_cmt01a" name="CMT01A_variant_4_is_produced_correctly"/>
    <testcase time="0.230999999999995" classname="table_cmt01a" name="CMT01A_variant_4_is_produced_correctly"/>
  </testsuite>
  <testsuite name="table_cmt01b" timestamp="2025-02-06T23:28:35Z" hostname="5cda6b252949" tests="6" skipped="0" failures="0" errors="0" time="5.152">
    <testcase time="1.486" classname="table_cmt01b" name="CMT01B_variant_1_is_produced_correctly"/>
    <testcase time="0.358000000000004" classname="table_cmt01b" name="CMT01B_variant_1_is_produced_correctly"/>
    <testcase time="1.142" classname="table_cmt01b" name="CMT01B_variant_2_is_produced_correctly"/>
    <testcase time="0.296000000000006" classname="table_cmt01b" name="CMT01B_variant_2_is_produced_correctly"/>
    <testcase time="1.45899999999999" classname="table_cmt01b" name="CMT01B_variant_4_is_produced_correctly"/>
    <testcase time="0.411000000000001" classname="table_cmt01b" name="CMT01B_variant_4_is_produced_correctly"/>
  </testsuite>
  <testsuite name="table_cmt02_pt" timestamp="2025-02-06T23:28:41Z" hostname="5cda6b252949" tests="2" skipped="0" failures="0" errors="0" time="0.593">
    <testcase time="0.414000000000001" classname="table_cmt02_pt" name="CMT02_PT_default_variant_is_produced_correctly"/>
    <testcase time="0.179000000000002" classname="table_cmt02_pt" name="CMT02_PT_default_variant_is_produced_correctly"/>
  </testsuite>
  <testsuite name="table_coxt01" timestamp="2025-02-06T23:28:41Z" hostname="5cda6b252949" tests="8" skipped="0" failures="0" errors="0" time="1.777">
    <testcase time="0.272999999999996" classname="table_coxt01" name="1._Cox_Regression"/>
    <testcase time="0.0900000000000034" classname="table_coxt01" name="1._Cox_Regression"/>
    <testcase time="0.358999999999995" classname="table_coxt01" name="2._Cox_Regression_with_Interaction_Term_"/>
    <testcase time="0.100999999999999" classname="table_coxt01" name="2._Cox_Regression_with_Interaction_Term_"/>
    <testcase time="0.355000000000004" classname="table_coxt01" name="3._Cox_Regression_specifying_covariates_"/>
    <testcase time="0.124000000000009" classname="table_coxt01" name="3._Cox_Regression_specifying_covariates_"/>
    <testcase time="0.35499999999999" classname="table_coxt01" name="4._Cox_Regression_setting_strata_ties_and_alpha_level_"/>
    <testcase time="0.120000000000005" classname="table_coxt01" name="4._Cox_Regression_setting_strata_ties_and_alpha_level_"/>
  </testsuite>
  <testsuite name="table_coxt02" timestamp="2025-02-06T23:28:43Z" hostname="5cda6b252949" tests="4" skipped="0" failures="0" errors="0" time="0.666">
    <testcase time="0.257000000000005" classname="table_coxt02" name="COXT02_default_variant_1_is_produced_correctly"/>
    <testcase time="0.0919999999999987" classname="table_coxt02" name="COXT02_default_variant_1_is_produced_correctly"/>
    <testcase time="0.230999999999995" classname="table_coxt02" name="COXT02_variant_5_is_produced_correctly"/>
    <testcase time="0.0859999999999985" classname="table_coxt02" name="COXT02_variant_5_is_produced_correctly"/>
  </testsuite>
  <testsuite name="table_disclosures" timestamp="2025-02-06T23:28:43Z" hostname="5cda6b252949" tests="12" skipped="0" failures="0" errors="0" time="1.928">
    <testcase time="0.167000000000002" classname="table_disclosures" name="Patient_Disposition_table_is_produced_correctly"/>
    <testcase time="0.108999999999995" classname="table_disclosures" name="Patient_Disposition_table_is_produced_correctly"/>
    <testcase time="0.214000000000013" classname="table_disclosures" name="Demographic_table_is_produced_correctly"/>
    <testcase time="0.149999999999991" classname="table_disclosures" name="Demographic_table_is_produced_correctly"/>
    <testcase time="0.0900000000000034" classname="table_disclosures" name="Enrollment_by_Country_Table_is_produced_correctly"/>
    <testcase time="0.108999999999995" classname="table_disclosures" name="Enrollment_by_Country_Table_is_produced_correctly"/>
    <testcase time="0.0750000000000028" classname="table_disclosures" name="Death_table_is_produced_correctly"/>
    <testcase time="0.0570000000000022" classname="table_disclosures" name="Death_table_is_produced_correctly"/>
    <testcase time="0.325000000000003" classname="table_disclosures" name="Table_of_Serious_Adverse_Events_is_produced_correctly_for_one_specific_treatment_arm_"/>
    <testcase time="0.0949999999999989" classname="table_disclosures" name="Table_of_Serious_Adverse_Events_is_produced_correctly_for_one_specific_treatment_arm_"/>
    <testcase time="0.393000000000001" classname="table_disclosures" name="Table_of_Non_Serious_Adverse_Events_is_produced_correctly"/>
    <testcase time="0.143999999999991" classname="table_disclosures" name="Table_of_Non_Serious_Adverse_Events_is_produced_correctly"/>
  </testsuite>
  <testsuite name="table_dmt01" timestamp="2025-02-06T23:28:46Z" hostname="5cda6b252949" tests="10" skipped="0" failures="0" errors="0" time="2.82">
    <testcase time="1.134" classname="table_dmt01" name="DMT01_variant_1_is_produced_correctly"/>
    <testcase time="0.173000000000002" classname="table_dmt01" name="DMT01_variant_1_is_produced_correctly"/>
    <testcase time="0.228999999999999" classname="table_dmt01" name="DMT01_variant_2_is_produced_correctly"/>
    <testcase time="0.197000000000003" classname="table_dmt01" name="DMT01_variant_2_is_produced_correctly"/>
    <testcase time="0.265000000000001" classname="table_dmt01" name="DMT01_variant_3_is_produced_correctly"/>
    <testcase time="0.161000000000001" classname="table_dmt01" name="DMT01_variant_3_is_produced_correctly"/>
    <testcase time="0.206999999999994" classname="table_dmt01" name="DMT01_variant_4_is_produced_correctly"/>
    <testcase time="0.153999999999996" classname="table_dmt01" name="DMT01_variant_4_is_produced_correctly"/>
    <testcase time="0.161000000000001" classname="table_dmt01" name="DMT01_variant_5_is_produced_correctly"/>
    <testcase time="0.13900000000001" classname="table_dmt01" name="DMT01_variant_5_is_produced_correctly"/>
  </testsuite>
  <testsuite name="table_dort01" timestamp="2025-02-06T23:28:48Z" hostname="5cda6b252949" tests="8" skipped="0" failures="0" errors="0" time="1.493">
    <testcase time="0.281999999999996" classname="table_dort01" name="DORT01_variant_1_is_produced_correctly"/>
    <testcase time="0.100999999999999" classname="table_dort01" name="DORT01_variant_1_is_produced_correctly"/>
    <testcase time="0.286999999999992" classname="table_dort01" name="DORT01_variant_2_selecting_sectons_is_produced_correctly"/>
    <testcase time="0.115000000000009" classname="table_dort01" name="DORT01_variant_2_selecting_sectons_is_produced_correctly"/>
    <testcase time="0.253" classname="table_dort01" name="DORT01_variant_3_modifying_conftype_and_alpha_level_is_produced_correctly"/>
    <testcase time="0.100999999999999" classname="table_dort01" name="DORT01_variant_3_modifying_conftype_and_alpha_level_is_produced_correctly"/>
    <testcase time="0.253" classname="table_dort01" name="DORT01_variant_4_modifying_time_point_for_the_xx_duration_is_produced_correctly"/>
    <testcase time="0.100999999999999" classname="table_dort01" name="DORT01_variant_4_modifying_time_point_for_the_xx_duration_is_produced_correctly"/>
  </testsuite>
  <testsuite name="table_dst01" timestamp="2025-02-06T23:28:50Z" hostname="5cda6b252949" tests="6" skipped="0" failures="0" errors="0" time="0.76">
    <testcase time="0.144999999999996" classname="table_dst01" name="DST01_default_variant_is_produced_correctly"/>
    <testcase time="0.0940000000000083" classname="table_dst01" name="DST01_default_variant_is_produced_correctly"/>
    <testcase time="0.220999999999989" classname="table_dst01" name="DST01_variants_2_and_3_are_produced_correctly"/>
    <testcase time="0.100000000000009" classname="table_dst01" name="DST01_variants_2_and_3_are_produced_correctly"/>
    <testcase time="0.085000000000008" classname="table_dst01" name="DST01_variants_2_and_3_are_produced_correctly"/>
    <testcase time="0.114999999999995" classname="table_dst01" name="DST01_variants_2_and_3_are_produced_correctly"/>
  </testsuite>
  <testsuite name="table_dtht01" timestamp="2025-02-06T23:28:50Z" hostname="5cda6b252949" tests="8" skipped="0" failures="0" errors="0" time="1.15">
    <testcase time="0.109999999999999" classname="table_dtht01" name="DTHT01_variant_1_is_produced_correctly"/>
    <testcase time="0.0919999999999987" classname="table_dtht01" name="DTHT01_variant_1_is_produced_correctly"/>
    <testcase time="0.26400000000001" classname="table_dtht01" name="DTHT01_variant_2_is_produced_correctly"/>
    <testcase time="0.152000000000001" classname="table_dtht01" name="DTHT01_variant_2_is_produced_correctly"/>
    <testcase time="0.156999999999996" classname="table_dtht01" name="DTHT01_variant_3_is_produced_correctly"/>
    <testcase time="0.0859999999999985" classname="table_dtht01" name="DTHT01_variant_3_is_produced_correctly"/>
    <testcase time="0.188000000000002" classname="table_dtht01" name="DTHT01_variant_4_is_produced_correctly"/>
    <testcase time="0.100999999999999" classname="table_dtht01" name="DTHT01_variant_4_is_produced_correctly"/>
  </testsuite>
  <testsuite name="table_egt01" timestamp="2025-02-06T23:28:53Z" hostname="5cda6b252949" tests="2" skipped="0" failures="0" errors="0" time="3.387">
    <testcase time="2.553" classname="table_egt01" name="EGT01_default_variant_is_produced_correctly"/>
    <testcase time="0.834000000000003" classname="table_egt01" name="EGT01_default_variant_is_produced_correctly"/>
  </testsuite>
  <testsuite name="table_egt02" timestamp="2025-02-06T23:28:56Z" hostname="5cda6b252949" tests="4" skipped="0" failures="0" errors="0" time="1.81">
    <testcase time="1.23599999999999" classname="table_egt02" name="_EGT02_1._Regardless_of_Abnormality_at_Baseline"/>
    <testcase time="0.0790000000000077" classname="table_egt02" name="_EGT02_1._Regardless_of_Abnormality_at_Baseline"/>
    <testcase time="0.417999999999992" classname="table_egt02" name="_EGT02_2._Among_Subjects_Without_Abnormality_at_Baseline"/>
    <testcase time="0.0770000000000124" classname="table_egt02" name="_EGT02_2._Among_Subjects_Without_Abnormality_at_Baseline"/>
  </testsuite>
  <testsuite name="table_egt03" timestamp="2025-02-06T23:28:57Z" hostname="5cda6b252949" tests="8" skipped="0" failures="0" errors="0" time="1.138">
    <testcase time="0.191999999999993" classname="table_egt03" name="EGT03_variant_1_is_produced_correctly"/>
    <testcase time="0.117000000000004" classname="table_egt03" name="EGT03_variant_1_is_produced_correctly"/>
    <testcase time="0.134" classname="table_egt03" name="EGT03_variant_2_is_produced_correctly"/>
    <testcase time="0.0949999999999989" classname="table_egt03" name="EGT03_variant_2_is_produced_correctly"/>
    <testcase time="0.182000000000002" classname="table_egt03" name="EGT03_variant_3_is_produced_correctly"/>
    <testcase time="0.11699999999999" classname="table_egt03" name="EGT03_variant_3_is_produced_correctly"/>
    <testcase time="0.183000000000007" classname="table_egt03" name="EGT03_variant_4_is_produced_correctly"/>
    <testcase time="0.117999999999995" classname="table_egt03" name="EGT03_variant_4_is_produced_correctly"/>
  </testsuite>
  <testsuite name="table_egt04" timestamp="2025-02-06T23:28:59Z" hostname="5cda6b252949" tests="2" skipped="0" failures="0" errors="0" time="1.747">
    <testcase time="1.39400000000001" classname="table_egt04" name="EGT04_default_variant_is_produced_correctly"/>
    <testcase time="0.352999999999994" classname="table_egt04" name="EGT04_default_variant_is_produced_correctly"/>
  </testsuite>
  <testsuite name="table_egt05_qtcat" timestamp="2025-02-06T23:29:01Z" hostname="5cda6b252949" tests="2" skipped="0" failures="0" errors="0" time="2.148">
    <testcase time="1.706" classname="table_egt05_qtcat" name="EGT05_QTCAT_default_variant_is_produced_correctly"/>
    <testcase time="0.442000000000007" classname="table_egt05_qtcat" name="EGT05_QTCAT_default_variant_is_produced_correctly"/>
  </testsuite>
  <testsuite name="table_ent" timestamp="2025-02-06T23:29:02Z" hostname="5cda6b252949" tests="8" skipped="0" failures="0" errors="0" time="12.851">
    <testcase time="3.113" classname="table_ent" name="ENT01_IT_is_produced_correctly"/>
    <testcase time="0.566999999999993" classname="table_ent" name="ENT01_IT_is_produced_correctly"/>
    <testcase time="2.09399999999999" classname="table_ent" name="ENT01a_IT_is_produced_correctly"/>
    <testcase time="0.543000000000006" classname="table_ent" name="ENT01a_IT_is_produced_correctly"/>
    <testcase time="3.268" classname="table_ent" name="ENT02_IT_is_produced_correctly"/>
    <testcase time="0.594999999999999" classname="table_ent" name="ENT02_IT_is_produced_correctly"/>
    <testcase time="2.12200000000001" classname="table_ent" name="ENT02a_IT_is_produced_correctly"/>
    <testcase time="0.548999999999978" classname="table_ent" name="ENT02a_IT_is_produced_correctly"/>
  </testsuite>
  <testsuite name="table_eudrat01" timestamp="2025-02-06T23:29:15Z" hostname="5cda6b252949" tests="2" skipped="0" failures="0" errors="0" time="0.58">
    <testcase time="0.456000000000017" classname="table_eudrat01" name="EUDRAT01_is_produced_correctly"/>
    <testcase time="0.123999999999995" classname="table_eudrat01" name="EUDRAT01_is_produced_correctly"/>
  </testsuite>
  <testsuite name="table_eudrat02" timestamp="2025-02-06T23:29:15Z" hostname="5cda6b252949" tests="2" skipped="0" failures="0" errors="0" time="0.459">
    <testcase time="0.365000000000009" classname="table_eudrat02" name="EUDRAT02_is_produced_correctly"/>
    <testcase time="0.0939999999999941" classname="table_eudrat02" name="EUDRAT02_is_produced_correctly"/>
  </testsuite>
  <testsuite name="table_ext01" timestamp="2025-02-06T23:29:16Z" hostname="5cda6b252949" tests="6" skipped="0" failures="0" errors="0" time="1.588">
    <testcase time="0.361999999999995" classname="table_ext01" name="EXT01_default_variant_with_numeric_parameters_is_produced_correctly"/>
    <testcase time="0.167000000000002" classname="table_ext01" name="EXT01_default_variant_with_numeric_parameters_is_produced_correctly"/>
    <testcase time="0.263000000000005" classname="table_ext01" name="EXT01_variant_with_both_numeric_and_categorical_parameters"/>
    <testcase time="0.217999999999989" classname="table_ext01" name="EXT01_variant_with_both_numeric_and_categorical_parameters"/>
    <testcase time="0.325999999999993" classname="table_ext01" name="EXT01_variant_with_user_specified_categories_for_missed_doses"/>
    <testcase time="0.25200000000001" classname="table_ext01" name="EXT01_variant_with_user_specified_categories_for_missed_doses"/>
  </testsuite>
  <testsuite name="table_lbt01" timestamp="2025-02-06T23:29:18Z" hostname="5cda6b252949" tests="2" skipped="0" failures="0" errors="0" time="1.971">
    <testcase time="1.46000000000001" classname="table_lbt01" name="LBT01_default_variant_is_produced_correctly"/>
    <testcase time="0.510999999999996" classname="table_lbt01" name="LBT01_default_variant_is_produced_correctly"/>
  </testsuite>
  <testsuite name="table_lbt02" timestamp="2025-02-06T23:29:19Z" hostname="5cda6b252949" tests="2" skipped="0" failures="0" errors="0" time="1.411">
    <testcase time="0.893000000000001" classname="table_lbt02" name="LBT02_default_variant_is_produced_correctly"/>
    <testcase time="0.518000000000001" classname="table_lbt02" name="LBT02_default_variant_is_produced_correctly"/>
  </testsuite>
  <testsuite name="table_lbt03" timestamp="2025-02-06T23:29:21Z" hostname="5cda6b252949" tests="2" skipped="0" failures="0" errors="0" time="0.25">
    <testcase time="0.145999999999987" classname="table_lbt03" name="LBT03_default_variant_is_produced_correctly"/>
    <testcase time="0.104000000000013" classname="table_lbt03" name="LBT03_default_variant_is_produced_correctly"/>
  </testsuite>
  <testsuite name="table_lbt04" timestamp="2025-02-06T23:29:21Z" hostname="5cda6b252949" tests="2" skipped="0" failures="0" errors="0" time="1.275">
    <testcase time="1.06700000000001" classname="table_lbt04" name="LBT04_default_variant_is_produced_correctly"/>
    <testcase time="0.207999999999998" classname="table_lbt04" name="LBT04_default_variant_is_produced_correctly"/>
  </testsuite>
  <testsuite name="table_lbt05" timestamp="2025-02-06T23:29:23Z" hostname="5cda6b252949" tests="6" skipped="0" failures="0" errors="0" time="6.7">
    <testcase time="2.13" classname="table_lbt05" name="LBT05_variant_1_is_produced_correctly"/>
    <testcase time="0.409999999999997" classname="table_lbt05" name="LBT05_variant_1_is_produced_correctly"/>
    <testcase time="1.476" classname="table_lbt05" name="LBT05_variant_2_is_produced_correctly"/>
    <testcase time="0.534999999999997" classname="table_lbt05" name="LBT05_variant_2_is_produced_correctly"/>
    <testcase time="1.75700000000001" classname="table_lbt05" name="LBT05_variant_4_is_produced_correctly"/>
    <testcase time="0.391999999999996" classname="table_lbt05" name="LBT05_variant_4_is_produced_correctly"/>
  </testsuite>
  <testsuite name="table_lbt06" timestamp="2025-02-06T23:29:29Z" hostname="5cda6b252949" tests="2" skipped="0" failures="0" errors="0" time="0.79">
    <testcase time="0.350999999999999" classname="table_lbt06" name="LBT06_default_variant_is_produced_correctly"/>
    <testcase time="0.438999999999993" classname="table_lbt06" name="LBT06_default_variant_is_produced_correctly"/>
  </testsuite>
  <testsuite name="table_lbt07" timestamp="2025-02-06T23:29:30Z" hostname="5cda6b252949" tests="2" skipped="0" failures="0" errors="0" time="2.249">
    <testcase time="1.964" classname="table_lbt07" name="LBT07_is_produced_correctly"/>
    <testcase time="0.284999999999997" classname="table_lbt07" name="LBT07_is_produced_correctly"/>
  </testsuite>
  <testsuite name="table_lbt08" timestamp="2025-02-06T23:29:32Z" hostname="5cda6b252949" tests="2" skipped="0" failures="0" errors="0" time="0.377">
    <testcase time="0.255000000000024" classname="table_lbt08" name="LBT08_produce_correctly"/>
    <testcase time="0.121999999999986" classname="table_lbt08" name="LBT08_produce_correctly"/>
  </testsuite>
  <testsuite name="table_lbt09" timestamp="2025-02-06T23:29:32Z" hostname="5cda6b252949" tests="4" skipped="0" failures="0" errors="0" time="0.909">
    <testcase time="0.308999999999997" classname="table_lbt09" name="LBT09_variant_1_works_as_expected"/>
    <testcase time="0.155000000000001" classname="table_lbt09" name="LBT09_variant_1_works_as_expected"/>
    <testcase time="0.282000000000011" classname="table_lbt09" name="LBT09_variant_2_works_as_expected"/>
    <testcase time="0.162999999999982" classname="table_lbt09" name="LBT09_variant_2_works_as_expected"/>
  </testsuite>
  <testsuite name="table_lbt10" timestamp="2025-02-06T23:29:33Z" hostname="5cda6b252949" tests="4" skipped="0" failures="0" errors="0" time="1.17">
    <testcase time="0.658000000000015" classname="table_lbt10" name="LBT10_variant_1_works_as_expected"/>
    <testcase time="0.070999999999998" classname="table_lbt10" name="LBT10_variant_1_works_as_expected"/>
    <testcase time="0.379999999999995" classname="table_lbt10" name="LBT10_variant_2_works_as_expected"/>
    <testcase time="0.061000000000007" classname="table_lbt10" name="LBT10_variant_2_works_as_expected"/>
  </testsuite>
  <testsuite name="table_lbt10_bl" timestamp="2025-02-06T23:29:34Z" hostname="5cda6b252949" tests="4" skipped="0" failures="0" errors="0" time="0.476">
    <testcase time="0.228000000000009" classname="table_lbt10_bl" name="LBT10_BL_variant_1_works_as_expected"/>
    <testcase time="0.070999999999998" classname="table_lbt10_bl" name="LBT10_BL_variant_1_works_as_expected"/>
    <testcase time="0.11099999999999" classname="table_lbt10_bl" name="LBT10_BL_variant_2_works_as_expected"/>
    <testcase time="0.0660000000000025" classname="table_lbt10_bl" name="LBT10_BL_variant_2_works_as_expected"/>
  </testsuite>
  <testsuite name="table_lbt11" timestamp="2025-02-06T23:29:35Z" hostname="5cda6b252949" tests="6" skipped="0" failures="0" errors="0" time="0.711">
    <testcase time="0.173000000000002" classname="table_lbt11" name="LBT11_variant_1_works_as_expected"/>
    <testcase time="0.102000000000004" classname="table_lbt11" name="LBT11_variant_1_works_as_expected"/>
    <testcase time="0.0859999999999843" classname="table_lbt11" name="LBT11_variant_2_works_as_expected"/>
    <testcase time="0.0810000000000173" classname="table_lbt11" name="LBT11_variant_2_works_as_expected"/>
    <testcase time="0.158999999999992" classname="table_lbt11" name="LBT11_variant_3_works_as_expected"/>
    <testcase time="0.109999999999985" classname="table_lbt11" name="LBT11_variant_3_works_as_expected"/>
  </testsuite>
  <testsuite name="table_lbt11_bl" timestamp="2025-02-06T23:29:36Z" hostname="5cda6b252949" tests="6" skipped="0" failures="0" errors="0" time="0.812">
    <testcase time="0.209000000000003" classname="table_lbt11_bl" name="LBT11_BL_variant_1_works_as_expected"/>
    <testcase time="0.0949999999999989" classname="table_lbt11_bl" name="LBT11_BL_variant_1_works_as_expected"/>
    <testcase time="0.113" classname="table_lbt11_bl" name="LBT11_BL_variant_2_works_as_expected"/>
    <testcase time="0.0800000000000125" classname="table_lbt11_bl" name="LBT11_BL_variant_2_works_as_expected"/>
    <testcase time="0.203999999999979" classname="table_lbt11_bl" name="LBT11_BL_variant_3_works_as_expected"/>
    <testcase time="0.111000000000018" classname="table_lbt11_bl" name="LBT11_BL_variant_3_works_as_expected"/>
  </testsuite>
  <testsuite name="table_lbt12" timestamp="2025-02-06T23:29:36Z" hostname="5cda6b252949" tests="2" skipped="0" failures="0" errors="0" time="0.375">
    <testcase time="0.290999999999997" classname="table_lbt12" name="LBT12_works_as_expected"/>
    <testcase time="0.0840000000000032" classname="table_lbt12" name="LBT12_works_as_expected"/>
  </testsuite>
  <testsuite name="table_lbt12_bl" timestamp="2025-02-06T23:29:37Z" hostname="5cda6b252949" tests="2" skipped="0" failures="0" errors="0" time="0.362">
    <testcase time="0.277999999999992" classname="table_lbt12_bl" name="LBT12_BL_works_as_expected"/>
    <testcase time="0.0840000000000032" classname="table_lbt12_bl" name="LBT12_BL_works_as_expected"/>
  </testsuite>
  <testsuite name="table_lbt13" timestamp="2025-02-06T23:29:38Z" hostname="5cda6b252949" tests="10" skipped="0" failures="0" errors="0" time="2.209">
    <testcase time="0.751000000000005" classname="table_lbt13" name="LBT13_variant_1_LOW_works_as_expected"/>
    <testcase time="0.0999999999999943" classname="table_lbt13" name="LBT13_variant_1_LOW_works_as_expected"/>
    <testcase time="0.134999999999991" classname="table_lbt13" name="LBT13_variant_2_HIGH_works_as_expected"/>
    <testcase time="0.070999999999998" classname="table_lbt13" name="LBT13_variant_2_HIGH_works_as_expected"/>
    <testcase time="0.224000000000018" classname="table_lbt13" name="LBT13_variant_3_LOW_without_baseline_missing_works_as_expected"/>
    <testcase time="0.0989999999999895" classname="table_lbt13" name="LBT13_variant_3_LOW_without_baseline_missing_works_as_expected"/>
    <testcase time="0.134000000000015" classname="table_lbt13" name="LBT13_variant_4_HIGH_with_missing_baseline_considered_as_grade_0_works_as_expected"/>
    <testcase time="0.063999999999993" classname="table_lbt13" name="LBT13_variant_4_HIGH_with_missing_baseline_considered_as_grade_0_works_as_expected"/>
    <testcase time="0.409999999999997" classname="table_lbt13" name="LBT14_variant_5_HIGH_with_filled_in_grades_works_as_expected"/>
    <testcase time="0.221000000000004" classname="table_lbt13" name="LBT14_variant_5_HIGH_with_filled_in_grades_works_as_expected"/>
  </testsuite>
  <testsuite name="table_lbt14" timestamp="2025-02-06T23:29:40Z" hostname="5cda6b252949" tests="10" skipped="0" failures="0" errors="0" time="28.272">
    <testcase time="5.553" classname="table_lbt14" name="LBT14_variant_1_HIGH_works_as_expected"/>
    <testcase time="0.461999999999989" classname="table_lbt14" name="LBT14_variant_1_HIGH_works_as_expected"/>
    <testcase time="5.01600000000002" classname="table_lbt14" name="LBT14_variant_2_LOW_works_as_expected"/>
    <testcase time="0.311999999999983" classname="table_lbt14" name="LBT14_variant_2_LOW_works_as_expected"/>
    <testcase time="3.30800000000002" classname="table_lbt14" name="LBT14_variant_3_LOW_without_baseline_missing_works_as_expected"/>
    <testcase time="0.417999999999978" classname="table_lbt14" name="LBT14_variant_3_LOW_without_baseline_missing_works_as_expected"/>
    <testcase time="4.899" classname="table_lbt14" name="LBT14_variant_4_LOW_and_force_1_missing_both_baseline_and_post_baseline_then_force_the_missing_baseline_as_0_as_expected"/>
    <testcase time="0.262" classname="table_lbt14" name="LBT14_variant_4_LOW_and_force_1_missing_both_baseline_and_post_baseline_then_force_the_missing_baseline_as_0_as_expected"/>
    <testcase time="5.42400000000001" classname="table_lbt14" name="LBT14_variant_5_HIGH_with_fillings_works_as_expected"/>
    <testcase time="2.61799999999999" classname="table_lbt14" name="LBT14_variant_5_HIGH_with_fillings_works_as_expected"/>
  </testsuite>
  <testsuite name="table_lbt15" timestamp="2025-02-06T23:30:08Z" hostname="5cda6b252949" tests="4" skipped="0" failures="0" errors="0" time="1.47">
    <testcase time="0.578000000000003" classname="table_lbt15" name="LBT15_variant_1_works_as_expected"/>
    <testcase time="0.187999999999988" classname="table_lbt15" name="LBT15_variant_1_works_as_expected"/>
    <testcase time="0.499000000000024" classname="table_lbt15" name="LBT15_variant_2_works_as_expected"/>
    <testcase time="0.204999999999984" classname="table_lbt15" name="LBT15_variant_2_works_as_expected"/>
  </testsuite>
  <testsuite name="table_lgrt02" timestamp="2025-02-06T23:30:09Z" hostname="5cda6b252949" tests="8" skipped="0" failures="0" errors="0" time="2.73">
    <testcase time="0.509999999999991" classname="table_lgrt02" name="LGRT02_without_interaction_term_is_produced_correctly"/>
    <testcase time="0.138000000000005" classname="table_lgrt02" name="LGRT02_without_interaction_term_is_produced_correctly"/>
    <testcase time="0.563000000000017" classname="table_lgrt02" name="LGRT02_with_categorical_interaction_is_produced_correctly"/>
    <testcase time="0.171999999999997" classname="table_lgrt02" name="LGRT02_with_categorical_interaction_is_produced_correctly"/>
    <testcase time="0.552999999999997" classname="table_lgrt02" name="LGRT02_with_continuous_interaction_is_produced_correctly"/>
    <testcase time="0.173000000000002" classname="table_lgrt02" name="LGRT02_with_continuous_interaction_is_produced_correctly"/>
    <testcase time="0.48399999999998" classname="table_lgrt02" name="LGRT02_with_setting_values_indicating_an_event_and_custom_alpha_level_is_produced_correctly"/>
    <testcase time="0.137" classname="table_lgrt02" name="LGRT02_with_setting_values_indicating_an_event_and_custom_alpha_level_is_produced_correctly"/>
  </testsuite>
  <testsuite name="table_mht01" timestamp="2025-02-06T23:30:12Z" hostname="5cda6b252949" tests="8" skipped="0" failures="0" errors="0" time="1.461">
    <testcase time="0.298000000000002" classname="table_mht01" name="MHT01_variant_1_is_produced_accurately"/>
    <testcase time="0.13900000000001" classname="table_mht01" name="MHT01_variant_1_is_produced_accurately"/>
    <testcase time="0.0980000000000132" classname="table_mht01" name="MHT01_variant_2_is_produced_accurately"/>
    <testcase time="0.0779999999999745" classname="table_mht01" name="MHT01_variant_2_is_produced_accurately"/>
    <testcase time="0.25" classname="table_mht01" name="MHT01_variant_3_is_produced_accurately"/>
    <testcase time="0.114000000000004" classname="table_mht01" name="MHT01_variant_3_is_produced_accurately"/>
    <testcase time="0.329000000000008" classname="table_mht01" name="MHT01_variant_5_is_produced_accurately"/>
    <testcase time="0.155000000000001" classname="table_mht01" name="MHT01_variant_5_is_produced_accurately"/>
  </testsuite>
  <testsuite name="table_onct05" timestamp="2025-02-06T23:30:13Z" hostname="5cda6b252949" tests="10" skipped="0" failures="0" errors="0" time="2.519">
    <testcase time="0.426999999999992" classname="table_onct05" name="ONCT05_variant_1_Objective_Response_Rate_by_Subgroup_is_produced_correctly"/>
    <testcase time="0.111000000000018" classname="table_onct05" name="ONCT05_variant_1_Objective_Response_Rate_by_Subgroup_is_produced_correctly"/>
    <testcase time="0.445999999999998" classname="table_onct05" name="ONCT05_variant_2_Specifying_class_variables_is_produced_correctly"/>
    <testcase time="0.114999999999981" classname="table_onct05" name="ONCT05_variant_2_Specifying_class_variables_is_produced_correctly"/>
    <testcase time="0.222000000000008" classname="table_onct05" name="ONCT05_variant_3_selecting_columns_and_changing_the_alpha_level_is_produced_correctly"/>
    <testcase time="0.0809999999999889" classname="table_onct05" name="ONCT05_variant_3_selecting_columns_and_changing_the_alpha_level_is_produced_correctly"/>
    <testcase time="0.434000000000026" classname="table_onct05" name="ONCT05_variant_4_setting_values_indicating_response_is_produced_correctly"/>
    <testcase time="0.109999999999985" classname="table_onct05" name="ONCT05_variant_4_setting_values_indicating_response_is_produced_correctly"/>
    <testcase time="0.454000000000008" classname="table_onct05" name="ONCT05_with_risk_difference_column_is_produced_correctly"/>
    <testcase time="0.119" classname="table_onct05" name="ONCT05_with_risk_difference_column_is_produced_correctly"/>
  </testsuite>
  <testsuite name="table_pdt01" timestamp="2025-02-06T23:30:16Z" hostname="5cda6b252949" tests="2" skipped="0" failures="0" errors="0" time="0.407">
    <testcase time="0.251000000000005" classname="table_pdt01" name="PDT01_is_produced_correctly"/>
    <testcase time="0.155999999999977" classname="table_pdt01" name="PDT01_is_produced_correctly"/>
  </testsuite>
  <testsuite name="table_pdt02" timestamp="2025-02-06T23:30:16Z" hostname="5cda6b252949" tests="2" skipped="0" failures="0" errors="0" time="0.233">
    <testcase time="0.146000000000015" classname="table_pdt02" name="PDT02_is_produced_correctly"/>
    <testcase time="0.0869999999999891" classname="table_pdt02" name="PDT02_is_produced_correctly"/>
  </testsuite>
  <testsuite name="table_pkct01" timestamp="2025-02-06T23:30:16Z" hostname="5cda6b252949" tests="10" skipped="0" failures="0" errors="0" time="3.158">
    <testcase time="0.265000000000015" classname="table_pkct01" name="PKCT01_is_produced_correctly"/>
    <testcase time="0.0859999999999843" classname="table_pkct01" name="PKCT01_is_produced_correctly"/>
    <testcase time="0.129000000000019" classname="table_pkct01" name="PKCT01_is_produced_correctly"/>
    <testcase time="0.0679999999999836" classname="table_pkct01" name="PKCT01_is_produced_correctly"/>
    <testcase time="0.960000000000008" classname="table_pkct01" name="Specific_PKCT01_features_are_present"/>
    <testcase time="0.227000000000004" classname="table_pkct01" name="Specific_PKCT01_features_are_present"/>
    <testcase time="0.199999999999989" classname="table_pkct01" name="Specific_PKCT01_features_are_present"/>
    <testcase time="0.00300000000001432" classname="table_pkct01" name="Specific_PKCT01_features_are_present"/>
    <testcase time="0.675999999999988" classname="table_pkct01" name="Specific_PKCT01_features_are_present"/>
    <testcase time="0.544000000000011" classname="table_pkct01" name="Specific_PKCT01_features_are_present"/>
  </testsuite>
  <testsuite name="table_pkpt02" timestamp="2025-02-06T23:30:20Z" hostname="5cda6b252949" tests="2" skipped="0" failures="0" errors="0" time="0.561">
    <testcase time="0.317000000000007" classname="table_pkpt02" name="PKPT02_is_produced_correctly_for_Drug_X"/>
    <testcase time="0.244" classname="table_pkpt02" name="PKPT02_is_produced_correctly_for_Drug_X"/>
  </testsuite>
  <testsuite name="table_pkpt03" timestamp="2025-02-06T23:30:20Z" hostname="5cda6b252949" tests="2" skipped="0" failures="0" errors="0" time="1.114">
    <testcase time="0.911999999999978" classname="table_pkpt03" name="PKPT03_Drug_X_is_produced_correctly"/>
    <testcase time="0.201999999999998" classname="table_pkpt03" name="PKPT03_Drug_X_is_produced_correctly"/>
  </testsuite>
  <testsuite name="table_pkpt04" timestamp="2025-02-06T23:30:21Z" hostname="5cda6b252949" tests="2" skipped="0" failures="0" errors="0" time="0.204">
    <testcase time="0.120000000000005" classname="table_pkpt04" name="PKPT04_is_produced_correctly_for_Drug_X"/>
    <testcase time="0.0840000000000032" classname="table_pkpt04" name="PKPT04_is_produced_correctly_for_Drug_X"/>
  </testsuite>
  <testsuite name="table_pkpt05" timestamp="2025-02-06T23:30:21Z" hostname="5cda6b252949" tests="2" skipped="0" failures="0" errors="0" time="0.395">
    <testcase time="0.286000000000001" classname="table_pkpt05" name="PKPT05_Drug_X_is_produced_correctly"/>
    <testcase time="0.109000000000009" classname="table_pkpt05" name="PKPT05_Drug_X_is_produced_correctly"/>
  </testsuite>
  <testsuite name="table_pkpt06" timestamp="2025-02-06T23:30:22Z" hostname="5cda6b252949" tests="4" skipped="0" failures="0" errors="0" time="0.276">
    <testcase time="0.10499999999999" classname="table_pkpt06" name="PKPT06_is_produced_correctly_for_Drug_X"/>
    <testcase time="0.063999999999993" classname="table_pkpt06" name="PKPT06_is_produced_correctly_for_Drug_X"/>
    <testcase time="0.0510000000000161" classname="table_pkpt06" name="PKPT06_is_produced_correctly_for_Drug_Y"/>
    <testcase time="0.0559999999999832" classname="table_pkpt06" name="PKPT06_is_produced_correctly_for_Drug_Y"/>
  </testsuite>
  <testsuite name="table_pkpt07" timestamp="2025-02-06T23:30:22Z" hostname="5cda6b252949" tests="4" skipped="0" failures="0" errors="0" time="0.528">
    <testcase time="0.218000000000018" classname="table_pkpt07" name="PKPT07_Drug_X_is_produced_correctly"/>
    <testcase time="0.11099999999999" classname="table_pkpt07" name="PKPT07_Drug_X_is_produced_correctly"/>
    <testcase time="0.114000000000004" classname="table_pkpt07" name="PKPT07_Drug_Y_is_produced_correctly"/>
    <testcase time="0.085000000000008" classname="table_pkpt07" name="PKPT07_Drug_Y_is_produced_correctly"/>
  </testsuite>
  <testsuite name="table_ratet01" timestamp="2025-02-06T23:30:23Z" hostname="5cda6b252949" tests="2" skipped="0" failures="0" errors="0" time="1.214">
    <testcase time="1.04299999999998" classname="table_ratet01" name="RATET01_is_produced_correctly"/>
    <testcase time="0.171000000000021" classname="table_ratet01" name="RATET01_is_produced_correctly"/>
  </testsuite>
  <testsuite name="table_rmpt01" timestamp="2025-02-06T23:30:24Z" hostname="5cda6b252949" tests="2" skipped="0" failures="0" errors="0" time="0.206">
    <testcase time="0.147999999999996" classname="table_rmpt01" name="RMPT01_is_produced_correctly"/>
    <testcase time="0.0579999999999927" classname="table_rmpt01" name="RMPT01_is_produced_correctly"/>
  </testsuite>
  <testsuite name="table_rmpt03" timestamp="2025-02-06T23:30:24Z" hostname="5cda6b252949" tests="4" skipped="0" failures="0" errors="0" time="0.537">
    <testcase time="0.206000000000017" classname="table_rmpt03" name="RMPT03_variant_1_is_produced_correctly"/>
    <testcase time="0.0829999999999984" classname="table_rmpt03" name="RMPT03_variant_1_is_produced_correctly"/>
    <testcase time="0.156000000000006" classname="table_rmpt03" name="RMPT03_variant_2_is_produced_correctly"/>
    <testcase time="0.092000000000013" classname="table_rmpt03" name="RMPT03_variant_2_is_produced_correctly"/>
  </testsuite>
  <testsuite name="table_rmpt04" timestamp="2025-02-06T23:30:25Z" hostname="5cda6b252949" tests="2" skipped="0" failures="0" errors="0" time="0.196">
    <testcase time="0.127999999999986" classname="table_rmpt04" name="RMPT04_variant_1_is_produced_correctly"/>
    <testcase time="0.0680000000000121" classname="table_rmpt04" name="RMPT04_variant_1_is_produced_correctly"/>
  </testsuite>
  <testsuite name="table_rmpt05" timestamp="2025-02-06T23:30:25Z" hostname="5cda6b252949" tests="2" skipped="0" failures="0" errors="0" time="0.22">
    <testcase time="0.150000000000006" classname="table_rmpt05" name="RMPT05_is_produced_correctly"/>
    <testcase time="0.0699999999999932" classname="table_rmpt05" name="RMPT05_is_produced_correctly"/>
  </testsuite>
  <testsuite name="table_rmpt06" timestamp="2025-02-06T23:30:25Z" hostname="5cda6b252949" tests="8" skipped="0" failures="0" errors="0" time="1.554">
    <testcase time="0.302999999999997" classname="table_rmpt06" name="RMPT06_variant_1_is_produced_correctly"/>
    <testcase time="0.123999999999995" classname="table_rmpt06" name="RMPT06_variant_1_is_produced_correctly"/>
    <testcase time="0.205000000000013" classname="table_rmpt06" name="RMPT06_variant_2_is_produced_correctly"/>
    <testcase time="0.0819999999999936" classname="table_rmpt06" name="RMPT06_variant_2_is_produced_correctly"/>
    <testcase time="0.282000000000011" classname="table_rmpt06" name="RMPT06_variant_3_is_produced_correctly"/>
    <testcase time="0.155999999999977" classname="table_rmpt06" name="RMPT06_variant_3_is_produced_correctly"/>
    <testcase time="0.289000000000016" classname="table_rmpt06" name="RMPT06_variant_4_is_produced_correctly"/>
    <testcase time="0.113" classname="table_rmpt06" name="RMPT06_variant_4_is_produced_correctly"/>
  </testsuite>
  <testsuite name="table_rspt01" timestamp="2025-02-06T23:30:27Z" hostname="5cda6b252949" tests="12" skipped="0" failures="0" errors="0" time="2.354">
    <testcase time="0.274000000000001" classname="table_rspt01" name="RSPT01_1._Best_Overall_Response"/>
    <testcase time="0.128999999999991" classname="table_rspt01" name="RSPT01_1._Best_Overall_Response"/>
    <testcase time="0.227000000000004" classname="table_rspt01" name="RSPT01_2._Best_Overall_Response_selecting_sections_to_display_"/>
    <testcase time="0.12700000000001" classname="table_rspt01" name="RSPT01_2._Best_Overall_Response_selecting_sections_to_display_"/>
    <testcase time="0.305999999999983" classname="table_rspt01" name="RSPT01_3._Best_Overall_Response_modifying_settings_"/>
    <testcase time="0.117999999999995" classname="table_rspt01" name="RSPT01_3._Best_Overall_Response_modifying_settings_"/>
    <testcase time="0.344000000000023" classname="table_rspt01" name="RSPT01_4._Best_Overall_Response_with_stratified_analysis_"/>
    <testcase time="0.125999999999976" classname="table_rspt01" name="RSPT01_4._Best_Overall_Response_with_stratified_analysis_"/>
    <testcase time="0.26400000000001" classname="table_rspt01" name="RSPT01_5._Best_Overall_Response_modifying_the_definition_of_overall_response_"/>
    <testcase time="0.128999999999991" classname="table_rspt01" name="RSPT01_5._Best_Overall_Response_modifying_the_definition_of_overall_response_"/>
    <testcase time="0.197000000000003" classname="table_rspt01" name="RSPT01_6._Best_Overall_Response_define_new_sections_to_display_"/>
    <testcase time="0.113" classname="table_rspt01" name="RSPT01_6._Best_Overall_Response_define_new_sections_to_display_"/>
  </testsuite>
  <testsuite name="table_ttet01" timestamp="2025-02-06T23:30:29Z" hostname="5cda6b252949" tests="14" skipped="0" failures="0" errors="0" time="3.494">
    <testcase time="0.40900000000002" classname="table_ttet01" name="TTET01_default_variant_is_produced_correctly"/>
    <testcase time="0.180999999999983" classname="table_ttet01" name="TTET01_default_variant_is_produced_correctly"/>
    <testcase time="0.406000000000006" classname="table_ttet01" name="TTET01_default_variant_with_Placebo_arm"/>
    <testcase time="0.163000000000011" classname="table_ttet01" name="TTET01_default_variant_with_Placebo_arm"/>
    <testcase time="0.216999999999985" classname="table_ttet01" name="TTET01_variant_2_selecting_sections_to_display"/>
    <testcase time="0.126000000000005" classname="table_ttet01" name="TTET01_variant_2_selecting_sections_to_display"/>
    <testcase time="0.314999999999998" classname="table_ttet01" name="TTET01_variant_3_modifying_analysis_details_like_conftype_ties_alpha_level"/>
    <testcase time="0.13300000000001" classname="table_ttet01" name="TTET01_variant_3_modifying_analysis_details_like_conftype_ties_alpha_level"/>
    <testcase time="0.376000000000005" classname="table_ttet01" name="TTET01_variant_4_with_stratified_analysis"/>
    <testcase time="0.147999999999996" classname="table_ttet01" name="TTET01_variant_4_with_stratified_analysis"/>
    <testcase time="0.306999999999988" classname="table_ttet01" name="TTET01_variant_5_modifying_time_point"/>
    <testcase time="0.164000000000016" classname="table_ttet01" name="TTET01_variant_5_modifying_time_point"/>
    <testcase time="0.383999999999986" classname="table_ttet01" name="TTET01_variant_6_requesting_more_than_one_p_value"/>
    <testcase time="0.164999999999992" classname="table_ttet01" name="TTET01_variant_6_requesting_more_than_one_p_value"/>
  </testsuite>
  <testsuite name="table_vst01" timestamp="2025-02-06T23:30:33Z" hostname="5cda6b252949" tests="2" skipped="0" failures="0" errors="0" time="2.175">
    <testcase time="1.751" classname="table_vst01" name="VST01_default_variant_is_produced_correctly"/>
    <testcase time="0.424000000000007" classname="table_vst01" name="VST01_default_variant_is_produced_correctly"/>
  </testsuite>
  <testsuite name="table_vst02" timestamp="2025-02-06T23:30:35Z" hostname="5cda6b252949" tests="4" skipped="0" failures="0" errors="0" time="1.784">
    <testcase time="1.048" classname="table_vst02" name="1._Vital_Sign_Abnormalities_Regardless_of_Abnormality_at_Baseline_VST02_1_"/>
    <testcase time="0.121000000000009" classname="table_vst02" name="1._Vital_Sign_Abnormalities_Regardless_of_Abnormality_at_Baseline_VST02_1_"/>
    <testcase time="0.239999999999981" classname="table_vst02" name="2._Vital_Sign_Abnormalities_Among_Subject_Without_Abnormality_at_Baseline_VST02_2_"/>
    <testcase time="0.375" classname="table_vst02" name="2._Vital_Sign_Abnormalities_Among_Subject_Without_Abnormality_at_Baseline_VST02_2_"/>
  </testsuite>
</testsuites>
