<?xml version="1.0" encoding="UTF-8"?>
<testsuites>
  <testsuite name="hello" timestamp="2023-02-02T15:48:18Z" hostname="c0148232ffc2" tests="1" skipped="0" failures="0" errors="0" time="0.115">
    <testcase time="0.115" classname="hello" name="hello_greets_the_entity"/>
  </testsuite>
</testsuites>
