<?xml version="1.0" encoding="UTF-8"?>
<testsuites>
  <testsuite name="hello" timestamp="2023-02-02T15:56:16Z" hostname="2e2dfd33a1f9" tests="1" skipped="0" failures="0" errors="0" time="0.194">
    <testcase time="0.194" classname="hello" name="hello_greets_the_entity"/>
  </testsuite>
</testsuites>
