<?xml version="1.0" encoding="UTF-8"?>
<testsuites>
  <testsuite name="listing_adal02" timestamp="2024-10-17T14:59:14Z" hostname="d736d799aaec" tests="1" skipped="0" failures="0" errors="0" time="0.27">
    <testcase time="0.27" classname="listing_adal02" name="ADAL02_listing_is_produced_correctly"/>
  </testsuite>
  <testsuite name="listing_ael01" timestamp="2024-10-17T14:59:14Z" hostname="d736d799aaec" tests="1" skipped="0" failures="0" errors="0" time="0.203">
    <testcase time="0.202999999999999" classname="listing_ael01" name="AEL01_listing_is_produced_correctly"/>
  </testsuite>
  <testsuite name="listing_ael01_nollt" timestamp="2024-10-17T14:59:14Z" hostname="d736d799aaec" tests="1" skipped="0" failures="0" errors="0" time="0.076">
    <testcase time="0.0760000000000005" classname="listing_ael01_nollt" name="AEL01_NOLLT_listing_is_produced_correctly"/>
  </testsuite>
  <testsuite name="listing_ael02" timestamp="2024-10-17T14:59:14Z" hostname="d736d799aaec" tests="1" skipped="0" failures="0" errors="0" time="0.296">
    <testcase time="0.296" classname="listing_ael02" name="AEL02_listing_is_produced_correctly"/>
  </testsuite>
  <testsuite name="listing_ael02_ed" timestamp="2024-10-17T14:59:15Z" hostname="d736d799aaec" tests="1" skipped="0" failures="0" errors="0" time="0.335">
    <testcase time="0.335" classname="listing_ael02_ed" name="AEL02_ED_listing_is_produced_correctly"/>
  </testsuite>
  <testsuite name="listing_ael03" timestamp="2024-10-17T14:59:15Z" hostname="d736d799aaec" tests="1" skipped="0" failures="0" errors="0" time="0.278">
    <testcase time="0.278" classname="listing_ael03" name="AEL03_listing_is_produced_correctly"/>
  </testsuite>
  <testsuite name="listing_ael04" timestamp="2024-10-17T14:59:15Z" hostname="d736d799aaec" tests="1" skipped="0" failures="0" errors="0" time="0.204">
    <testcase time="0.204" classname="listing_ael04" name="AEL04_listing_is_produced_correctly"/>
  </testsuite>
  <testsuite name="listing_cml01" timestamp="2024-10-17T14:59:16Z" hostname="d736d799aaec" tests="1" skipped="0" failures="0" errors="0" time="0.299">
    <testcase time="0.299" classname="listing_cml01" name="CML01_listing_is_produced_correctly"/>
  </testsuite>
  <testsuite name="listing_cml02a_gl" timestamp="2024-10-17T14:59:16Z" hostname="d736d799aaec" tests="1" skipped="0" failures="0" errors="0" time="0.076">
    <testcase time="0.0759999999999996" classname="listing_cml02a_gl" name="CML02A_GL_listing_is_produced_correctly"/>
  </testsuite>
  <testsuite name="listing_cml02b_gl" timestamp="2024-10-17T14:59:16Z" hostname="d736d799aaec" tests="1" skipped="0" failures="0" errors="0" time="0.097">
    <testcase time="0.0970000000000004" classname="listing_cml02b_gl" name="CML02B_GL_listing_is_produced_correctly"/>
  </testsuite>
  <testsuite name="listing_dsl01" timestamp="2024-10-17T14:59:16Z" hostname="d736d799aaec" tests="1" skipped="0" failures="0" errors="0" time="0.165">
    <testcase time="0.164999999999999" classname="listing_dsl01" name="DSL01_listing_is_produced_correctly"/>
  </testsuite>
  <testsuite name="listing_dsl02" timestamp="2024-10-17T14:59:16Z" hostname="d736d799aaec" tests="1" skipped="0" failures="0" errors="0" time="0.073">
    <testcase time="0.0730000000000004" classname="listing_dsl02" name="DSL02_listing_is_produced_correctly"/>
  </testsuite>
  <testsuite name="listing_dsur4" timestamp="2024-10-17T14:59:16Z" hostname="d736d799aaec" tests="1" skipped="0" failures="0" errors="0" time="0.113">
    <testcase time="0.113000000000001" classname="listing_dsur4" name="DSUR4_listing_is_produced_correctly"/>
  </testsuite>
  <testsuite name="listing_egl01" timestamp="2024-10-17T14:59:16Z" hostname="d736d799aaec" tests="1" skipped="0" failures="0" errors="0" time="0.491">
    <testcase time="0.491" classname="listing_egl01" name="EGL01_listing_is_produced_correctly"/>
  </testsuite>
  <testsuite name="listing_exl01" timestamp="2024-10-17T14:59:17Z" hostname="d736d799aaec" tests="1" skipped="0" failures="0" errors="0" time="0.23">
    <testcase time="0.229999999999999" classname="listing_exl01" name="EXL01_listing_is_produced_correctly"/>
  </testsuite>
  <testsuite name="listing_lbl01" timestamp="2024-10-17T14:59:17Z" hostname="d736d799aaec" tests="1" skipped="0" failures="0" errors="0" time="0.532">
    <testcase time="0.532" classname="listing_lbl01" name="LBL01_listing_is_produced_correctly"/>
  </testsuite>
  <testsuite name="listing_lbl01_rls" timestamp="2024-10-17T14:59:18Z" hostname="d736d799aaec" tests="1" skipped="0" failures="0" errors="0" time="0.514">
    <testcase time="0.514000000000001" classname="listing_lbl01_rls" name="LBL01_RLS_listing_is_produced_correctly"/>
  </testsuite>
  <testsuite name="listing_lbl02a" timestamp="2024-10-17T14:59:18Z" hostname="d736d799aaec" tests="1" skipped="0" failures="0" errors="0" time="0.252">
    <testcase time="0.251999999999999" classname="listing_lbl02a" name="LBL02A_listing_is_produced_correctly"/>
  </testsuite>
  <testsuite name="listing_lbl02a_rls" timestamp="2024-10-17T14:59:18Z" hostname="d736d799aaec" tests="1" skipped="0" failures="0" errors="0" time="0.804">
    <testcase time="0.804" classname="listing_lbl02a_rls" name="LBL02A_RLS_listing_is_produced_correctly"/>
  </testsuite>
  <testsuite name="listing_lbl02b" timestamp="2024-10-17T14:59:19Z" hostname="d736d799aaec" tests="1" skipped="0" failures="0" errors="0" time="0.265">
    <testcase time="0.265000000000001" classname="listing_lbl02b" name="LBL02B_listing_is_produced_correctly"/>
  </testsuite>
  <testsuite name="listing_mhl01" timestamp="2024-10-17T14:59:19Z" hostname="d736d799aaec" tests="1" skipped="0" failures="0" errors="0" time="0.266">
    <testcase time="0.266" classname="listing_mhl01" name="MHL01_listing_is_produced_correctly"/>
  </testsuite>
  <testsuite name="listing_oncl01" timestamp="2024-10-17T14:59:20Z" hostname="d736d799aaec" tests="1" skipped="0" failures="0" errors="0" time="0.24">
    <testcase time="0.24" classname="listing_oncl01" name="ONCL01_listing_is_produced_correctly"/>
  </testsuite>
  <testsuite name="listing_pkcl01" timestamp="2024-10-17T14:59:20Z" hostname="d736d799aaec" tests="1" skipped="0" failures="0" errors="0" time="0.181">
    <testcase time="0.180999999999999" classname="listing_pkcl01" name="PKCL01_listing_is_produced_correctly"/>
  </testsuite>
  <testsuite name="listing_pkcl02" timestamp="2024-10-17T14:59:20Z" hostname="d736d799aaec" tests="1" skipped="0" failures="0" errors="0" time="0.216">
    <testcase time="0.216000000000001" classname="listing_pkcl02" name="PKCL02_listing_is_produced_correctly"/>
  </testsuite>
  <testsuite name="listing_pkpl01" timestamp="2024-10-17T14:59:20Z" hostname="d736d799aaec" tests="1" skipped="0" failures="0" errors="0" time="0.238">
    <testcase time="0.238" classname="listing_pkpl01" name="PKPL01_listing_is_produced_correctly"/>
  </testsuite>
  <testsuite name="listing_pkpl02" timestamp="2024-10-17T14:59:21Z" hostname="d736d799aaec" tests="1" skipped="0" failures="0" errors="0" time="0.156">
    <testcase time="0.156000000000001" classname="listing_pkpl02" name="PKPL02_listing_is_produced_correctly"/>
  </testsuite>
  <testsuite name="listing_pkpl04" timestamp="2024-10-17T14:59:21Z" hostname="d736d799aaec" tests="1" skipped="0" failures="0" errors="0" time="0.196">
    <testcase time="0.196" classname="listing_pkpl04" name="PKPL04_listing_is_produced_correctly"/>
  </testsuite>
  <testsuite name="listing_vsl01" timestamp="2024-10-17T14:59:21Z" hostname="d736d799aaec" tests="1" skipped="0" failures="0" errors="0" time="0.442">
    <testcase time="0.442" classname="listing_vsl01" name="VSL01_listing_is_produced_correctly"/>
  </testsuite>
  <testsuite name="pagination_listing" timestamp="2024-10-17T14:59:21Z" hostname="d736d799aaec" tests="13" skipped="0" failures="0" errors="0" time="5.675">
    <testcase time="0.0410000000000004" classname="pagination_listing" name="Direct_pagination_works_fine"/>
    <testcase time="0.949" classname="pagination_listing" name="Direct_pagination_works_fine"/>
    <testcase time="0.00199999999999889" classname="pagination_listing" name="Direct_pagination_works_fine"/>
    <testcase time="0.869" classname="pagination_listing" name="Direct_pagination_works_fine"/>
    <testcase time="1.204" classname="pagination_listing" name="Direct_pagination_works_fine"/>
    <testcase time="1.28" classname="pagination_listing" name="pagination_counts_the_right_number_of_lines_when_wrapping_on_keycols_is_present"/>
    <testcase time="0.00600000000000023" classname="pagination_listing" name="pagination_counts_the_right_number_of_lines_when_wrapping_on_keycols_is_present"/>
    <testcase time="0.00499999999999901" classname="pagination_listing" name="pagination_counts_the_right_number_of_lines_when_wrapping_on_keycols_is_present"/>
    <testcase time="0.00300000000000011" classname="pagination_listing" name="pagination_counts_the_right_number_of_lines_when_wrapping_on_keycols_is_present"/>
    <testcase time="1.303" classname="pagination_listing" name="pagination_counts_the_right_number_of_lines_when_wrapping_on_keycols_is_present"/>
    <testcase time="0.00499999999999901" classname="pagination_listing" name="pagination_counts_the_right_number_of_lines_when_wrapping_on_keycols_is_present"/>
    <testcase time="0.00500000000000256" classname="pagination_listing" name="pagination_counts_the_right_number_of_lines_when_wrapping_on_keycols_is_present"/>
    <testcase time="0.00300000000000011" classname="pagination_listing" name="pagination_counts_the_right_number_of_lines_when_wrapping_on_keycols_is_present"/>
  </testsuite>
  <testsuite name="pagination_table" timestamp="2024-10-17T14:59:28Z" hostname="d736d799aaec" tests="30" skipped="0" failures="0" errors="0" time="14.61">
    <testcase time="1.866" classname="pagination_table" name="Direct_pagination_with_standard_values"/>
    <testcase time="0.00499999999999901" classname="pagination_table" name="Direct_pagination_with_standard_values"/>
    <testcase time="0.00300000000000011" classname="pagination_table" name="Direct_pagination_with_standard_values"/>
    <testcase time="1.32" classname="pagination_table" name="Pagination_with_specific_column_widths_and_minimum_lines_per_page"/>
    <testcase time="0.00400000000000134" classname="pagination_table" name="Pagination_with_specific_column_widths_and_minimum_lines_per_page"/>
    <testcase time="0.131999999999998" classname="pagination_table" name="Pagination_with_specific_column_widths_and_minimum_lines_per_page"/>
    <testcase time="1.009" classname="pagination_table" name="Pagination_works_also_if_table_is_decorated"/>
    <testcase time="0.57" classname="pagination_table" name="Pagination_works_also_if_table_is_decorated"/>
    <testcase time="0.861000000000001" classname="pagination_table" name="Pagination_works_also_if_table_is_decorated"/>
    <testcase time="0.692999999999998" classname="pagination_table" name="Pagination_works_also_if_table_is_decorated"/>
    <testcase time="1.439" classname="pagination_table" name="Pagination_works_also_if_table_is_decorated"/>
    <testcase time="0.337000000000003" classname="pagination_table" name="Pagination_works_also_if_table_is_decorated"/>
    <testcase time="0.00399999999999778" classname="pagination_table" name="Pagination_works_also_if_table_is_decorated"/>
    <testcase time="0.0350000000000001" classname="pagination_table" name="Pagination_works_also_if_table_is_decorated"/>
    <testcase time="0.155000000000001" classname="pagination_table" name="Pagination_works_also_if_table_is_decorated"/>
    <testcase time="0.0889999999999986" classname="pagination_table" name="Pagination_works_also_if_table_is_decorated"/>
    <testcase time="0.906000000000002" classname="pagination_table" name="Pagination_works_for_page_types"/>
    <testcase time="0.0779999999999994" classname="pagination_table" name="Pagination_works_for_page_types"/>
    <testcase time="0.681999999999999" classname="pagination_table" name="Pagination_works_for_page_types"/>
    <testcase time="0.0850000000000009" classname="pagination_table" name="Pagination_works_for_page_types"/>
    <testcase time="0.634999999999998" classname="pagination_table" name="Pagination_works_for_page_types"/>
    <testcase time="0.394000000000002" classname="pagination_table" name="Pagination_works_for_page_types"/>
    <testcase time="0.673999999999999" classname="pagination_table" name="Pagination_works_for_page_width_and_height"/>
    <testcase time="0.129000000000001" classname="pagination_table" name="Pagination_works_for_page_width_and_height"/>
    <testcase time="0.771999999999998" classname="pagination_table" name="Pagination_works_for_page_types"/>
    <testcase time="0.158999999999999" classname="pagination_table" name="Pagination_works_for_page_types"/>
    <testcase time="0.818000000000005" classname="pagination_table" name="AET04_variant_2_page_by_pagination_tests"/>
    <testcase time="0.603999999999999" classname="pagination_table" name="AET04_variant_2_page_by_pagination_tests"/>
    <testcase time="0.00199999999999534" classname="pagination_table" name="AET04_variant_2_page_by_pagination_tests"/>
    <testcase time="0.149999999999999" classname="pagination_table" name="AET04_variant_2_page_by_pagination_tests"/>
  </testsuite>
  <testsuite name="table_adat03" timestamp="2024-10-17T14:59:42Z" hostname="d736d799aaec" tests="2" skipped="0" failures="0" errors="0" time="0.535">
    <testcase time="0.398000000000003" classname="table_adat03" name="ADAT03_is_produced_correctly"/>
    <testcase time="0.137" classname="table_adat03" name="ADAT03_is_produced_correctly"/>
  </testsuite>
  <testsuite name="table_aet01" timestamp="2024-10-17T14:59:42Z" hostname="d736d799aaec" tests="8" skipped="0" failures="0" errors="0" time="1.785">
    <testcase time="0.386000000000003" classname="table_aet01" name="Safety_Summary_Variant_1_works_as_expected"/>
    <testcase time="0.113" classname="table_aet01" name="Safety_Summary_Variant_1_works_as_expected"/>
    <testcase time="0.319000000000003" classname="table_aet01" name="Safety_Summary_Variant_2_with_Medical_Concepts_Section_works_as_expected"/>
    <testcase time="0.125999999999998" classname="table_aet01" name="Safety_Summary_Variant_2_with_Medical_Concepts_Section_works_as_expected"/>
    <testcase time="0.262999999999998" classname="table_aet01" name="Safety_Summary_Variant_3_with_Modified_Rows_works_as_expected"/>
    <testcase time="0.097999999999999" classname="table_aet01" name="Safety_Summary_Variant_3_with_Modified_Rows_works_as_expected"/>
    <testcase time="0.350999999999999" classname="table_aet01" name="Safety_Summary_Variant_4_with_Rows_Counting_Events_and_Additional_Sections_works_as_expected"/>
    <testcase time="0.129000000000005" classname="table_aet01" name="Safety_Summary_Variant_4_with_Rows_Counting_Events_and_Additional_Sections_works_as_expected"/>
  </testsuite>
  <testsuite name="table_aet01_aesi" timestamp="2024-10-17T14:59:44Z" hostname="d736d799aaec" tests="8" skipped="0" failures="0" errors="0" time="2.623">
    <testcase time="0.262999999999998" classname="table_aet01_aesi" name="AET01_AESI_Variant_1_works_as_expected"/>
    <testcase time="0.0970000000000013" classname="table_aet01_aesi" name="AET01_AESI_Variant_1_works_as_expected"/>
    <testcase time="0.449999999999996" classname="table_aet01_aesi" name="AET01_AESI_Variant_2_works_as_expected"/>
    <testcase time="0.143000000000001" classname="table_aet01_aesi" name="AET01_AESI_Variant_2_works_as_expected"/>
    <testcase time="0.667000000000002" classname="table_aet01_aesi" name="AET01_AESI_Variant_3_works_as_expected"/>
    <testcase time="0.213999999999999" classname="table_aet01_aesi" name="AET01_AESI_Variant_3_works_as_expected"/>
    <testcase time="0.558" classname="table_aet01_aesi" name="AET01_AESI_Variant_4_works_as_expected"/>
    <testcase time="0.231000000000002" classname="table_aet01_aesi" name="AET01_AESI_Variant_4_works_as_expected"/>
  </testsuite>
  <testsuite name="table_aet02" timestamp="2024-10-17T14:59:47Z" hostname="d736d799aaec" tests="26" skipped="0" failures="0" errors="0" time="8.424">
    <testcase time="0.539000000000001" classname="table_aet02" name="AET02_variant_1_is_produced_correctly"/>
    <testcase time="0.195999999999998" classname="table_aet02" name="AET02_variant_1_is_produced_correctly"/>
    <testcase time="0.426000000000002" classname="table_aet02" name="AET02_variant_1_is_produced_correctly"/>
    <testcase time="0.0889999999999986" classname="table_aet02" name="AET02_variant_1_is_produced_correctly"/>
    <testcase time="0.637999999999998" classname="table_aet02" name="AET02_variant_2_is_produced_correctly"/>
    <testcase time="0.196000000000005" classname="table_aet02" name="AET02_variant_2_is_produced_correctly"/>
    <testcase time="0.911999999999999" classname="table_aet02" name="AET02_variant_3_is_produced_correctly"/>
    <testcase time="0.301000000000002" classname="table_aet02" name="AET02_variant_3_is_produced_correctly"/>
    <testcase time="0.128" classname="table_aet02" name="AET02_variant_4_is_produced_correctly"/>
    <testcase time="0.109999999999999" classname="table_aet02" name="AET02_variant_4_is_produced_correctly"/>
    <testcase time="0.411999999999999" classname="table_aet02" name="AET02_variant_5_is_produced_correctly"/>
    <testcase time="0.164999999999999" classname="table_aet02" name="AET02_variant_5_is_produced_correctly"/>
    <testcase time="0.397999999999996" classname="table_aet02" name="AET02_variant_6_is_produced_correctly"/>
    <testcase time="0.111000000000004" classname="table_aet02" name="AET02_variant_6_is_produced_correctly"/>
    <testcase time="0.927" classname="table_aet02" name="AET02_variant_7_is_produced_correctly"/>
    <testcase time="0.152999999999999" classname="table_aet02" name="AET02_variant_7_is_produced_correctly"/>
    <testcase time="0.414999999999999" classname="table_aet02" name="AET02_variant_8_is_produced_correctly"/>
    <testcase time="0.0750000000000028" classname="table_aet02" name="AET02_variant_8_is_produced_correctly"/>
    <testcase time="0.412999999999997" classname="table_aet02" name="AET02_variant_9_is_produced_correctly"/>
    <testcase time="0.118000000000002" classname="table_aet02" name="AET02_variant_9_is_produced_correctly"/>
    <testcase time="0.414000000000001" classname="table_aet02" name="AET02_variant_10_is_produced_correctly"/>
    <testcase time="0.0889999999999986" classname="table_aet02" name="AET02_variant_10_is_produced_correctly"/>
    <testcase time="0.423999999999999" classname="table_aet02" name="AET02_variant_11_is_produced_correctly"/>
    <testcase time="0.0910000000000011" classname="table_aet02" name="AET02_variant_11_is_produced_correctly"/>
    <testcase time="0.603999999999999" classname="table_aet02" name="AET02_variant_12_is_produced_correctly"/>
    <testcase time="0.0799999999999983" classname="table_aet02" name="AET02_variant_12_is_produced_correctly"/>
  </testsuite>
  <testsuite name="table_aet02_smq" timestamp="2024-10-17T14:59:55Z" hostname="d736d799aaec" tests="4" skipped="0" failures="0" errors="0" time="0.427">
    <testcase time="0.116" classname="table_aet02_smq" name="AET02SMQ_variant_1_is_produced_correctly"/>
    <testcase time="0.0690000000000026" classname="table_aet02_smq" name="AET02SMQ_variant_1_is_produced_correctly"/>
    <testcase time="0.155000000000001" classname="table_aet02_smq" name="AET02SMQ_variant_2_is_produced_correctly"/>
    <testcase time="0.0869999999999962" classname="table_aet02_smq" name="AET02SMQ_variant_2_is_produced_correctly"/>
  </testsuite>
  <testsuite name="table_aet03" timestamp="2024-10-17T14:59:56Z" hostname="d736d799aaec" tests="6" skipped="0" failures="0" errors="0" time="4.631">
    <testcase time="1.069" classname="table_aet03" name="AET03_variant_1_is_produced_correctly"/>
    <testcase time="0.393999999999998" classname="table_aet03" name="AET03_variant_1_is_produced_correctly"/>
    <testcase time="1.286" classname="table_aet03" name="AET03_variant_1_is_produced_correctly"/>
    <testcase time="0.653999999999996" classname="table_aet03" name="AET03_variant_1_is_produced_correctly"/>
    <testcase time="1.023" classname="table_aet03" name="AET03_variant_1_is_produced_correctly"/>
    <testcase time="0.204999999999998" classname="table_aet03" name="AET03_variant_1_is_produced_correctly"/>
  </testsuite>
  <testsuite name="table_aet04" timestamp="2024-10-17T15:00:01Z" hostname="d736d799aaec" tests="30" skipped="0" failures="0" errors="0" time="12.535">
    <testcase time="0.725999999999999" classname="table_aet04" name="AET04_variant_1_is_produced_correctly"/>
    <testcase time="0.330000000000005" classname="table_aet04" name="AET04_variant_1_is_produced_correctly"/>
    <testcase time="0.747" classname="table_aet04" name="AET04_variant_1_is_produced_correctly"/>
    <testcase time="0.0409999999999968" classname="table_aet04" name="AET04_variant_1_is_produced_correctly"/>
    <testcase time="0.0399999999999991" classname="table_aet04" name="AET04_variant_1_is_produced_correctly"/>
    <testcase time="0.646999999999998" classname="table_aet04" name="AET04_variant_2_is_produced_correctly_Fill_in_of_Treatment_Groups_"/>
    <testcase time="0.275000000000006" classname="table_aet04" name="AET04_variant_2_is_produced_correctly_Fill_in_of_Treatment_Groups_"/>
    <testcase time="0.683" classname="table_aet04" name="AET04_variant_2_is_produced_correctly_Fill_in_of_Treatment_Groups_"/>
    <testcase time="0.0389999999999944" classname="table_aet04" name="AET04_variant_2_is_produced_correctly_Fill_in_of_Treatment_Groups_"/>
    <testcase time="0.0380000000000038" classname="table_aet04" name="AET04_variant_2_is_produced_correctly_Fill_in_of_Treatment_Groups_"/>
    <testcase time="0.708999999999996" classname="table_aet04" name="AET04_variant_3_is_produced_correctly_Fill_in_of_Grades_"/>
    <testcase time="0.335999999999999" classname="table_aet04" name="AET04_variant_3_is_produced_correctly_Fill_in_of_Grades_"/>
    <testcase time="0.808999999999997" classname="table_aet04" name="AET04_variant_3_is_produced_correctly_Fill_in_of_Grades_"/>
    <testcase time="0.044000000000004" classname="table_aet04" name="AET04_variant_3_is_produced_correctly_Fill_in_of_Grades_"/>
    <testcase time="0.0480000000000018" classname="table_aet04" name="AET04_variant_3_is_produced_correctly_Fill_in_of_Grades_"/>
    <testcase time="0.706999999999994" classname="table_aet04" name="AET04_variant_4_is_produced_correctly_Collapsing_of_Grades_grades_1_2_grades_3_4_5_"/>
    <testcase time="0.328000000000003" classname="table_aet04" name="AET04_variant_4_is_produced_correctly_Collapsing_of_Grades_grades_1_2_grades_3_4_5_"/>
    <testcase time="0.786000000000001" classname="table_aet04" name="AET04_variant_4_is_produced_correctly_Collapsing_of_Grades_grades_1_2_grades_3_4_5_"/>
    <testcase time="0.734000000000002" classname="table_aet04" name="AET04_variant_6_is_produced_correctly_with_an_Incidence_Rate_of_at_Least_5_totals_restricted_"/>
    <testcase time="0.317999999999998" classname="table_aet04" name="AET04_variant_6_is_produced_correctly_with_an_Incidence_Rate_of_at_Least_5_totals_restricted_"/>
    <testcase time="0.786999999999999" classname="table_aet04" name="AET04_variant_6_is_produced_correctly_with_an_Incidence_Rate_of_at_Least_5_totals_restricted_"/>
    <testcase time="0.00999999999999801" classname="table_aet04" name="AET04_variant_8_is_produced_correctly_with_an_Incidence_Rate_of_at_Least_X_Patients_"/>
    <testcase time="0.323" classname="table_aet04" name="AET04_variant_8_is_produced_correctly_with_an_Incidence_Rate_of_at_Least_X_Patients_"/>
    <testcase time="0.783000000000001" classname="table_aet04" name="AET04_variant_8_is_produced_correctly_with_an_Incidence_Rate_of_at_Least_X_Patients_"/>
    <testcase time="0.0110000000000028" classname="table_aet04" name="AET04_variant_9_is_produced_correctly_with_a_Difference_in_Incidence_Rate_of_at_Least_X_"/>
    <testcase time="0.320999999999998" classname="table_aet04" name="AET04_variant_9_is_produced_correctly_with_a_Difference_in_Incidence_Rate_of_at_Least_X_"/>
    <testcase time="0.786000000000001" classname="table_aet04" name="AET04_variant_9_is_produced_correctly_with_a_Difference_in_Incidence_Rate_of_at_Least_X_"/>
    <testcase time="0.0120000000000005" classname="table_aet04" name="AET04_variant_11_is_produced_correctly_with_Incidence_Rate_of_at_Least_X_all_SOCs_w_o_preferred_terms_removed_"/>
    <testcase time="0.338000000000001" classname="table_aet04" name="AET04_variant_11_is_produced_correctly_with_Incidence_Rate_of_at_Least_X_all_SOCs_w_o_preferred_terms_removed_"/>
    <testcase time="0.779000000000003" classname="table_aet04" name="AET04_variant_11_is_produced_correctly_with_Incidence_Rate_of_at_Least_X_all_SOCs_w_o_preferred_terms_removed_"/>
  </testsuite>
  <testsuite name="table_aet04_pi" timestamp="2024-10-17T15:00:13Z" hostname="d736d799aaec" tests="18" skipped="0" failures="0" errors="0" time="6.586">
    <testcase time="0.773999999999987" classname="table_aet04_pi" name="AET04_PI_full_table_is_produced_correctly"/>
    <testcase time="0.221000000000004" classname="table_aet04_pi" name="AET04_PI_full_table_is_produced_correctly"/>
    <testcase time="0.585000000000008" classname="table_aet04_pi" name="AET04_PI_variant_1_is_produced_correctly"/>
    <testcase time="0.168999999999997" classname="table_aet04_pi" name="AET04_PI_variant_1_is_produced_correctly"/>
    <testcase time="0.569000000000003" classname="table_aet04_pi" name="AET04_PI_variant_2_is_produced_correctly"/>
    <testcase time="0.11699999999999" classname="table_aet04_pi" name="AET04_PI_variant_2_is_produced_correctly"/>
    <testcase time="0.573000000000008" classname="table_aet04_pi" name="AET04_PI_variant_3_is_produced_correctly"/>
    <testcase time="0.129999999999995" classname="table_aet04_pi" name="AET04_PI_variant_3_is_produced_correctly"/>
    <testcase time="0.573000000000008" classname="table_aet04_pi" name="AET04_PI_variant_4_is_produced_correctly"/>
    <testcase time="0.102999999999994" classname="table_aet04_pi" name="AET04_PI_variant_4_is_produced_correctly"/>
    <testcase time="0.591999999999999" classname="table_aet04_pi" name="AET04_PI_variant_5_is_produced_correctly"/>
    <testcase time="0.153999999999996" classname="table_aet04_pi" name="AET04_PI_variant_5_is_produced_correctly"/>
    <testcase time="0.698000000000008" classname="table_aet04_pi" name="AET04_PI_variant_6_is_produced_correctly"/>
    <testcase time="0.155999999999992" classname="table_aet04_pi" name="AET04_PI_variant_6_is_produced_correctly"/>
    <testcase time="0.716000000000008" classname="table_aet04_pi" name="AET04_PI_variant_7_is_produced_correctly"/>
    <testcase time="0.155999999999992" classname="table_aet04_pi" name="AET04_PI_variant_7_is_produced_correctly"/>
    <testcase time="0.170000000000002" classname="table_aet04_pi" name="AET04_PI_variant_8_is_produced_correctly"/>
    <testcase time="0.13000000000001" classname="table_aet04_pi" name="AET04_PI_variant_8_is_produced_correctly"/>
  </testsuite>
  <testsuite name="table_aet05" timestamp="2024-10-17T15:00:19Z" hostname="d736d799aaec" tests="4" skipped="0" failures="0" errors="0" time="0.282">
    <testcase time="0.0929999999999893" classname="table_aet05" name="AET05_variant_1_is_produced_correctly"/>
    <testcase time="0.061000000000007" classname="table_aet05" name="AET05_variant_1_is_produced_correctly"/>
    <testcase time="0.0559999999999974" classname="table_aet05" name="AET05_variant_2_is_produced_correctly"/>
    <testcase time="0.0720000000000027" classname="table_aet05" name="AET05_variant_2_is_produced_correctly"/>
  </testsuite>
  <testsuite name="table_aet05_all" timestamp="2024-10-17T15:00:20Z" hostname="d736d799aaec" tests="4" skipped="0" failures="0" errors="0" time="0.308">
    <testcase time="0.105999999999995" classname="table_aet05_all" name="AET05_ALL_variant_1_is_produced_correctly"/>
    <testcase time="0.0700000000000074" classname="table_aet05_all" name="AET05_ALL_variant_1_is_produced_correctly"/>
    <testcase time="0.0559999999999974" classname="table_aet05_all" name="AET05_ALL_variant_2_is_produced_correctly"/>
    <testcase time="0.0759999999999934" classname="table_aet05_all" name="AET05_ALL_variant_2_is_produced_correctly"/>
  </testsuite>
  <testsuite name="table_aet06" timestamp="2024-10-17T15:00:20Z" hostname="d736d799aaec" tests="6" skipped="0" failures="0" errors="0" time="3.756">
    <testcase time="0.567000000000007" classname="table_aet06" name="AET06_variant_1_is_produced_correctly"/>
    <testcase time="0.236999999999995" classname="table_aet06" name="AET06_variant_1_is_produced_correctly"/>
    <testcase time="0.965000000000003" classname="table_aet06" name="AET06_variant_3_is_produced_correctly"/>
    <testcase time="0.336999999999989" classname="table_aet06" name="AET06_variant_3_is_produced_correctly"/>
    <testcase time="1.24900000000001" classname="table_aet06" name="AET06_variant_5_is_produced_correctly"/>
    <testcase time="0.400999999999996" classname="table_aet06" name="AET06_variant_5_is_produced_correctly"/>
  </testsuite>
  <testsuite name="table_aet06_smq" timestamp="2024-10-17T15:00:24Z" hostname="d736d799aaec" tests="4" skipped="0" failures="0" errors="0" time="1.039">
    <testcase time="0.372" classname="table_aet06_smq" name="AET06_SMQ_variant_1_is_produced_correctly"/>
    <testcase time="0.152000000000001" classname="table_aet06_smq" name="AET06_SMQ_variant_1_is_produced_correctly"/>
    <testcase time="0.378" classname="table_aet06_smq" name="AET06_SMQ_variant_2_is_produced_correctly"/>
    <testcase time="0.137" classname="table_aet06_smq" name="AET06_SMQ_variant_2_is_produced_correctly"/>
  </testsuite>
  <testsuite name="table_aet07" timestamp="2024-10-17T15:00:25Z" hostname="d736d799aaec" tests="4" skipped="0" failures="0" errors="0" time="0.223">
    <testcase time="0.0690000000000026" classname="table_aet07" name="AET07_variant_1_is_produced_correctly"/>
    <testcase time="0.0450000000000017" classname="table_aet07" name="AET07_variant_1_is_produced_correctly"/>
    <testcase time="0.0510000000000019" classname="table_aet07" name="AET07_variant_2_is_produced_correctly"/>
    <testcase time="0.0579999999999927" classname="table_aet07" name="AET07_variant_2_is_produced_correctly"/>
  </testsuite>
  <testsuite name="table_aet09" timestamp="2024-10-17T15:00:25Z" hostname="d736d799aaec" tests="4" skipped="0" failures="0" errors="0" time="2.006">
    <testcase time="0.540999999999997" classname="table_aet09" name="AET09_variant_1_is_produced_correctly_AE_related_to_study_drug"/>
    <testcase time="0.198999999999998" classname="table_aet09" name="AET09_variant_1_is_produced_correctly_AE_related_to_study_drug"/>
    <testcase time="0.964000000000013" classname="table_aet09" name="AET09_variant_2_is_produced_correctly_AE_related_to_study_drug_including_high_level_terms_"/>
    <testcase time="0.301999999999992" classname="table_aet09" name="AET09_variant_2_is_produced_correctly_AE_related_to_study_drug_including_high_level_terms_"/>
  </testsuite>
  <testsuite name="table_aet09_smq" timestamp="2024-10-17T15:00:27Z" hostname="d736d799aaec" tests="4" skipped="0" failures="0" errors="0" time="0.515">
    <testcase time="0.135000000000005" classname="table_aet09_smq" name="AET09_variant_1_AEs_related_to_study_drug_by_SMQ_is_produced_correctly"/>
    <testcase time="0.0699999999999932" classname="table_aet09_smq" name="AET09_variant_1_AEs_related_to_study_drug_by_SMQ_is_produced_correctly"/>
    <testcase time="0.215000000000003" classname="table_aet09_smq" name="AET09_variant_2_AEs_related_to_study_drug_by_SMQ_with_customized_queries_is_produced_correctly"/>
    <testcase time="0.0949999999999989" classname="table_aet09_smq" name="AET09_variant_2_AEs_related_to_study_drug_by_SMQ_with_customized_queries_is_produced_correctly"/>
  </testsuite>
  <testsuite name="table_aet10" timestamp="2024-10-17T15:00:27Z" hostname="d736d799aaec" tests="2" skipped="0" failures="0" errors="0" time="0.171">
    <testcase time="0.111999999999995" classname="table_aet10" name="AET10_default_variant_is_produced_correctly"/>
    <testcase time="0.0590000000000117" classname="table_aet10" name="AET10_default_variant_is_produced_correctly"/>
  </testsuite>
  <testsuite name="table_aovt01" timestamp="2024-10-17T15:00:28Z" hostname="d736d799aaec" tests="4" skipped="0" failures="0" errors="0" time="1.216">
    <testcase time="0.364999999999995" classname="table_aovt01" name="AOVT01_variant_with_single_endpoint_is_produced_correctly"/>
    <testcase time="0.0990000000000038" classname="table_aovt01" name="AOVT01_variant_with_single_endpoint_is_produced_correctly"/>
    <testcase time="0.589999999999989" classname="table_aovt01" name="AOVT01_variant_with_multiple_endpoints_is_produced_correctly"/>
    <testcase time="0.162000000000006" classname="table_aovt01" name="AOVT01_variant_with_multiple_endpoints_is_produced_correctly"/>
  </testsuite>
  <testsuite name="table_aovt02" timestamp="2024-10-17T15:00:29Z" hostname="d736d799aaec" tests="2" skipped="0" failures="0" errors="0" time="0.409">
    <testcase time="0.311999999999998" classname="table_aovt02" name="AOVT02_is_produced_correctly"/>
    <testcase time="0.0970000000000084" classname="table_aovt02" name="AOVT02_is_produced_correctly"/>
  </testsuite>
  <testsuite name="table_aovt03" timestamp="2024-10-17T15:00:29Z" hostname="d736d799aaec" tests="2" skipped="0" failures="0" errors="0" time="0.935">
    <testcase time="0.742999999999995" classname="table_aovt03" name="AOVT03_is_produced_correctly"/>
    <testcase time="0.191999999999993" classname="table_aovt03" name="AOVT03_is_produced_correctly"/>
  </testsuite>
  <testsuite name="table_cfbt01" timestamp="2024-10-17T15:00:30Z" hostname="d736d799aaec" tests="2" skipped="0" failures="0" errors="0" time="0.668">
    <testcase time="0.437000000000012" classname="table_cfbt01" name="CFBT01_default_variant_is_produced_correctly"/>
    <testcase time="0.230999999999995" classname="table_cfbt01" name="CFBT01_default_variant_is_produced_correctly"/>
  </testsuite>
  <testsuite name="table_cmht01" timestamp="2024-10-17T15:00:31Z" hostname="d736d799aaec" tests="4" skipped="0" failures="0" errors="0" time="1.883">
    <testcase time="0.448999999999998" classname="table_cmht01" name="CMHT01_variant_1_is_produced_correctly"/>
    <testcase time="0.0880000000000081" classname="table_cmht01" name="CMHT01_variant_1_is_produced_correctly"/>
    <testcase time="1.05999999999999" classname="table_cmht01" name="CMHT01_variant_2_is_produced_correctly"/>
    <testcase time="0.286000000000001" classname="table_cmht01" name="CMHT01_variant_2_is_produced_correctly"/>
  </testsuite>
  <testsuite name="table_cmt01" timestamp="2024-10-17T15:00:33Z" hostname="d736d799aaec" tests="8" skipped="0" failures="0" errors="0" time="1.781">
    <testcase time="0.325000000000003" classname="table_cmt01" name="CMT01_default_variant_Concomitant_medications_is_produced_correctly"/>
    <testcase time="0.137" classname="table_cmt01" name="CMT01_default_variant_Concomitant_medications_is_produced_correctly"/>
    <testcase time="0.433999999999997" classname="table_cmt01" name="CMT01_variant_1_prior_medications_is_produced_correctly"/>
    <testcase time="0.102000000000004" classname="table_cmt01" name="CMT01_variant_1_prior_medications_is_produced_correctly"/>
    <testcase time="0.269999999999996" classname="table_cmt01" name="CMT01_variant_3_Concomitant_medications_is_produced_correctly"/>
    <testcase time="0.115000000000009" classname="table_cmt01" name="CMT01_variant_3_Concomitant_medications_is_produced_correctly"/>
    <testcase time="0.276999999999987" classname="table_cmt01" name="CMT01_variant_4_Concomitant_medications_is_produced_correctly"/>
    <testcase time="0.121000000000009" classname="table_cmt01" name="CMT01_variant_4_Concomitant_medications_is_produced_correctly"/>
  </testsuite>
  <testsuite name="table_cmt01a" timestamp="2024-10-17T15:00:34Z" hostname="d736d799aaec" tests="8" skipped="0" failures="0" errors="0" time="2.785">
    <testcase time="0.578999999999994" classname="table_cmt01a" name="CMT01A_variant_1_is_produced_correctly"/>
    <testcase time="0.183000000000007" classname="table_cmt01a" name="CMT01A_variant_1_is_produced_correctly"/>
    <testcase time="0.503999999999991" classname="table_cmt01a" name="CMT01A_variant_2_is_produced_correctly"/>
    <testcase time="0.183000000000007" classname="table_cmt01a" name="CMT01A_variant_2_is_produced_correctly"/>
    <testcase time="0.506" classname="table_cmt01a" name="CMT01A_variant_3_is_produced_correctly"/>
    <testcase time="0.173999999999992" classname="table_cmt01a" name="CMT01A_variant_3_is_produced_correctly"/>
    <testcase time="0.494000000000014" classname="table_cmt01a" name="CMT01A_variant_4_is_produced_correctly"/>
    <testcase time="0.161999999999992" classname="table_cmt01a" name="CMT01A_variant_4_is_produced_correctly"/>
  </testsuite>
  <testsuite name="table_cmt01b" timestamp="2024-10-17T15:00:37Z" hostname="d736d799aaec" tests="6" skipped="0" failures="0" errors="0" time="3.197">
    <testcase time="0.843999999999994" classname="table_cmt01b" name="CMT01B_variant_1_is_produced_correctly"/>
    <testcase time="0.263000000000005" classname="table_cmt01b" name="CMT01B_variant_1_is_produced_correctly"/>
    <testcase time="0.631" classname="table_cmt01b" name="CMT01B_variant_2_is_produced_correctly"/>
    <testcase time="0.219000000000008" classname="table_cmt01b" name="CMT01B_variant_2_is_produced_correctly"/>
    <testcase time="0.945999999999998" classname="table_cmt01b" name="CMT01B_variant_4_is_produced_correctly"/>
    <testcase time="0.293999999999997" classname="table_cmt01b" name="CMT01B_variant_4_is_produced_correctly"/>
  </testsuite>
  <testsuite name="table_cmt02_pt" timestamp="2024-10-17T15:00:40Z" hostname="d736d799aaec" tests="2" skipped="0" failures="0" errors="0" time="0.286">
    <testcase time="0.197999999999993" classname="table_cmt02_pt" name="CMT02_PT_default_variant_is_produced_correctly"/>
    <testcase time="0.0880000000000081" classname="table_cmt02_pt" name="CMT02_PT_default_variant_is_produced_correctly"/>
  </testsuite>
  <testsuite name="table_coxt01" timestamp="2024-10-17T15:00:41Z" hostname="d736d799aaec" tests="8" skipped="0" failures="0" errors="0" time="1.786">
    <testcase time="0.286000000000001" classname="table_coxt01" name="1._Cox_Regression"/>
    <testcase time="0.0899999999999892" classname="table_coxt01" name="1._Cox_Regression"/>
    <testcase time="0.356000000000009" classname="table_coxt01" name="2._Cox_Regression_with_Interaction_Term_"/>
    <testcase time="0.097999999999999" classname="table_coxt01" name="2._Cox_Regression_with_Interaction_Term_"/>
    <testcase time="0.367999999999995" classname="table_coxt01" name="3._Cox_Regression_specifying_covariates_"/>
    <testcase time="0.109000000000009" classname="table_coxt01" name="3._Cox_Regression_specifying_covariates_"/>
    <testcase time="0.36999999999999" classname="table_coxt01" name="4._Cox_Regression_setting_strata_ties_and_alpha_level_"/>
    <testcase time="0.109000000000009" classname="table_coxt01" name="4._Cox_Regression_setting_strata_ties_and_alpha_level_"/>
  </testsuite>
  <testsuite name="table_coxt02" timestamp="2024-10-17T15:00:43Z" hostname="d736d799aaec" tests="4" skipped="0" failures="0" errors="0" time="0.685">
    <testcase time="0.272999999999996" classname="table_coxt02" name="COXT02_default_variant_1_is_produced_correctly"/>
    <testcase time="0.078000000000003" classname="table_coxt02" name="COXT02_default_variant_1_is_produced_correctly"/>
    <testcase time="0.253" classname="table_coxt02" name="COXT02_variant_5_is_produced_correctly"/>
    <testcase time="0.0810000000000031" classname="table_coxt02" name="COXT02_variant_5_is_produced_correctly"/>
  </testsuite>
  <testsuite name="table_disclosures" timestamp="2024-10-17T15:00:43Z" hostname="d736d799aaec" tests="12" skipped="0" failures="0" errors="0" time="1.921">
    <testcase time="0.165999999999997" classname="table_disclosures" name="Patient_Disposition_table_is_produced_correctly"/>
    <testcase time="0.100999999999999" classname="table_disclosures" name="Patient_Disposition_table_is_produced_correctly"/>
    <testcase time="0.201999999999998" classname="table_disclosures" name="Demographic_table_is_produced_correctly"/>
    <testcase time="0.143000000000001" classname="table_disclosures" name="Demographic_table_is_produced_correctly"/>
    <testcase time="0.103999999999999" classname="table_disclosures" name="Enrollment_by_Country_Table_is_produced_correctly"/>
    <testcase time="0.0949999999999989" classname="table_disclosures" name="Enrollment_by_Country_Table_is_produced_correctly"/>
    <testcase time="0.0790000000000077" classname="table_disclosures" name="Death_table_is_produced_correctly"/>
    <testcase time="0.0689999999999884" classname="table_disclosures" name="Death_table_is_produced_correctly"/>
    <testcase time="0.326999999999998" classname="table_disclosures" name="Table_of_Serious_Adverse_Events_is_produced_correctly_for_one_specific_treatment_arm_"/>
    <testcase time="0.0950000000000131" classname="table_disclosures" name="Table_of_Serious_Adverse_Events_is_produced_correctly_for_one_specific_treatment_arm_"/>
    <testcase time="0.413999999999987" classname="table_disclosures" name="Table_of_Non_Serious_Adverse_Events_is_produced_correctly"/>
    <testcase time="0.126000000000005" classname="table_disclosures" name="Table_of_Non_Serious_Adverse_Events_is_produced_correctly"/>
  </testsuite>
  <testsuite name="table_dmt01" timestamp="2024-10-17T15:00:46Z" hostname="d736d799aaec" tests="10" skipped="0" failures="0" errors="0" time="2.721">
    <testcase time="1.15300000000001" classname="table_dmt01" name="DMT01_variant_1_is_produced_correctly"/>
    <testcase time="0.168999999999997" classname="table_dmt01" name="DMT01_variant_1_is_produced_correctly"/>
    <testcase time="0.213999999999999" classname="table_dmt01" name="DMT01_variant_2_is_produced_correctly"/>
    <testcase time="0.168000000000006" classname="table_dmt01" name="DMT01_variant_2_is_produced_correctly"/>
    <testcase time="0.24199999999999" classname="table_dmt01" name="DMT01_variant_3_is_produced_correctly"/>
    <testcase time="0.173000000000002" classname="table_dmt01" name="DMT01_variant_3_is_produced_correctly"/>
    <testcase time="0.168999999999997" classname="table_dmt01" name="DMT01_variant_4_is_produced_correctly"/>
    <testcase time="0.150000000000006" classname="table_dmt01" name="DMT01_variant_4_is_produced_correctly"/>
    <testcase time="0.161999999999992" classname="table_dmt01" name="DMT01_variant_5_is_produced_correctly"/>
    <testcase time="0.121000000000009" classname="table_dmt01" name="DMT01_variant_5_is_produced_correctly"/>
  </testsuite>
  <testsuite name="table_dort01" timestamp="2024-10-17T15:00:48Z" hostname="d736d799aaec" tests="8" skipped="0" failures="0" errors="0" time="1.461">
    <testcase time="0.271999999999991" classname="table_dort01" name="DORT01_variant_1_is_produced_correctly"/>
    <testcase time="0.109999999999999" classname="table_dort01" name="DORT01_variant_1_is_produced_correctly"/>
    <testcase time="0.274000000000001" classname="table_dort01" name="DORT01_variant_2_selecting_sectons_is_produced_correctly"/>
    <testcase time="0.102000000000004" classname="table_dort01" name="DORT01_variant_2_selecting_sectons_is_produced_correctly"/>
    <testcase time="0.242999999999995" classname="table_dort01" name="DORT01_variant_3_modifying_conftype_and_alpha_level_is_produced_correctly"/>
    <testcase time="0.112000000000009" classname="table_dort01" name="DORT01_variant_3_modifying_conftype_and_alpha_level_is_produced_correctly"/>
    <testcase time="0.247" classname="table_dort01" name="DORT01_variant_4_modifying_time_point_for_the_xx_duration_is_produced_correctly"/>
    <testcase time="0.100999999999999" classname="table_dort01" name="DORT01_variant_4_modifying_time_point_for_the_xx_duration_is_produced_correctly"/>
  </testsuite>
  <testsuite name="table_dst01" timestamp="2024-10-17T15:00:49Z" hostname="d736d799aaec" tests="6" skipped="0" failures="0" errors="0" time="0.735">
    <testcase time="0.134999999999991" classname="table_dst01" name="DST01_default_variant_is_produced_correctly"/>
    <testcase time="0.0970000000000084" classname="table_dst01" name="DST01_default_variant_is_produced_correctly"/>
    <testcase time="0.202999999999989" classname="table_dst01" name="DST01_variants_2_and_3_are_produced_correctly"/>
    <testcase time="0.100000000000009" classname="table_dst01" name="DST01_variants_2_and_3_are_produced_correctly"/>
    <testcase time="0.0829999999999984" classname="table_dst01" name="DST01_variants_2_and_3_are_produced_correctly"/>
    <testcase time="0.117000000000004" classname="table_dst01" name="DST01_variants_2_and_3_are_produced_correctly"/>
  </testsuite>
  <testsuite name="table_dtht01" timestamp="2024-10-17T15:00:50Z" hostname="d736d799aaec" tests="8" skipped="0" failures="0" errors="0" time="1.175">
    <testcase time="0.111999999999995" classname="table_dtht01" name="DTHT01_variant_1_is_produced_correctly"/>
    <testcase time="0.102999999999994" classname="table_dtht01" name="DTHT01_variant_1_is_produced_correctly"/>
    <testcase time="0.25200000000001" classname="table_dtht01" name="DTHT01_variant_2_is_produced_correctly"/>
    <testcase time="0.149999999999991" classname="table_dtht01" name="DTHT01_variant_2_is_produced_correctly"/>
    <testcase time="0.159000000000006" classname="table_dtht01" name="DTHT01_variant_3_is_produced_correctly"/>
    <testcase time="0.0859999999999985" classname="table_dtht01" name="DTHT01_variant_3_is_produced_correctly"/>
    <testcase time="0.195999999999998" classname="table_dtht01" name="DTHT01_variant_4_is_produced_correctly"/>
    <testcase time="0.117000000000004" classname="table_dtht01" name="DTHT01_variant_4_is_produced_correctly"/>
  </testsuite>
  <testsuite name="table_egt01" timestamp="2024-10-17T15:00:51Z" hostname="d736d799aaec" tests="2" skipped="0" failures="0" errors="0" time="1.491">
    <testcase time="1.00200000000001" classname="table_egt01" name="EGT01_default_variant_is_produced_correctly"/>
    <testcase time="0.48899999999999" classname="table_egt01" name="EGT01_default_variant_is_produced_correctly"/>
  </testsuite>
  <testsuite name="table_egt02" timestamp="2024-10-17T15:00:53Z" hostname="d736d799aaec" tests="4" skipped="0" failures="0" errors="0" time="0.572">
    <testcase time="0.266000000000005" classname="table_egt02" name="_EGT02_1._Regardless_of_Abnormality_at_Baseline"/>
    <testcase time="0.0810000000000031" classname="table_egt02" name="_EGT02_1._Regardless_of_Abnormality_at_Baseline"/>
    <testcase time="0.131" classname="table_egt02" name="_EGT02_2._Among_Subjects_Without_Abnormality_at_Baseline"/>
    <testcase time="0.0939999999999941" classname="table_egt02" name="_EGT02_2._Among_Subjects_Without_Abnormality_at_Baseline"/>
  </testsuite>
  <testsuite name="table_egt03" timestamp="2024-10-17T15:00:53Z" hostname="d736d799aaec" tests="8" skipped="0" failures="0" errors="0" time="1.277">
    <testcase time="0.209999999999994" classname="table_egt03" name="EGT03_variant_1_is_produced_correctly"/>
    <testcase time="0.119" classname="table_egt03" name="EGT03_variant_1_is_produced_correctly"/>
    <testcase time="0.178000000000011" classname="table_egt03" name="EGT03_variant_2_is_produced_correctly"/>
    <testcase time="0.108999999999995" classname="table_egt03" name="EGT03_variant_2_is_produced_correctly"/>
    <testcase time="0.195999999999998" classname="table_egt03" name="EGT03_variant_3_is_produced_correctly"/>
    <testcase time="0.135000000000005" classname="table_egt03" name="EGT03_variant_3_is_produced_correctly"/>
    <testcase time="0.200999999999993" classname="table_egt03" name="EGT03_variant_4_is_produced_correctly"/>
    <testcase time="0.129000000000005" classname="table_egt03" name="EGT03_variant_4_is_produced_correctly"/>
  </testsuite>
  <testsuite name="table_egt04" timestamp="2024-10-17T15:00:55Z" hostname="d736d799aaec" tests="2" skipped="0" failures="0" errors="0" time="0.266">
    <testcase time="0.176000000000002" classname="table_egt04" name="EGT04_default_variant_is_produced_correctly"/>
    <testcase time="0.0900000000000034" classname="table_egt04" name="EGT04_default_variant_is_produced_correctly"/>
  </testsuite>
  <testsuite name="table_egt05_qtcat" timestamp="2024-10-17T15:00:55Z" hostname="d736d799aaec" tests="2" skipped="0" failures="0" errors="0" time="0.84">
    <testcase time="0.527000000000001" classname="table_egt05_qtcat" name="EGT05_QTCAT_default_variant_is_produced_correctly"/>
    <testcase time="0.312999999999988" classname="table_egt05_qtcat" name="EGT05_QTCAT_default_variant_is_produced_correctly"/>
  </testsuite>
  <testsuite name="table_ent" timestamp="2024-10-17T15:00:56Z" hostname="d736d799aaec" tests="8" skipped="0" failures="0" errors="0" time="13.732">
    <testcase time="3.43100000000001" classname="table_ent" name="ENT01_IT_is_produced_correctly"/>
    <testcase time="0.588999999999999" classname="table_ent" name="ENT01_IT_is_produced_correctly"/>
    <testcase time="2.273" classname="table_ent" name="ENT01a_IT_is_produced_correctly"/>
    <testcase time="0.558999999999997" classname="table_ent" name="ENT01a_IT_is_produced_correctly"/>
    <testcase time="3.735" classname="table_ent" name="ENT02_IT_is_produced_correctly"/>
    <testcase time="0.540000000000006" classname="table_ent" name="ENT02_IT_is_produced_correctly"/>
    <testcase time="2.07599999999999" classname="table_ent" name="ENT02a_IT_is_produced_correctly"/>
    <testcase time="0.528999999999996" classname="table_ent" name="ENT02a_IT_is_produced_correctly"/>
  </testsuite>
  <testsuite name="table_eudrat01" timestamp="2024-10-17T15:01:09Z" hostname="d736d799aaec" tests="2" skipped="0" failures="0" errors="0" time="0.576">
    <testcase time="0.451999999999998" classname="table_eudrat01" name="EUDRAT01_is_produced_correctly"/>
    <testcase time="0.124000000000009" classname="table_eudrat01" name="EUDRAT01_is_produced_correctly"/>
  </testsuite>
  <testsuite name="table_eudrat02" timestamp="2024-10-17T15:01:10Z" hostname="d736d799aaec" tests="2" skipped="0" failures="0" errors="0" time="0.454">
    <testcase time="0.35499999999999" classname="table_eudrat02" name="EUDRAT02_is_produced_correctly"/>
    <testcase time="0.0990000000000038" classname="table_eudrat02" name="EUDRAT02_is_produced_correctly"/>
  </testsuite>
  <testsuite name="table_ext01" timestamp="2024-10-17T15:01:10Z" hostname="d736d799aaec" tests="6" skipped="0" failures="0" errors="0" time="1.552">
    <testcase time="0.352000000000004" classname="table_ext01" name="EXT01_default_variant_with_numeric_parameters_is_produced_correctly"/>
    <testcase time="0.195000000000007" classname="table_ext01" name="EXT01_default_variant_with_numeric_parameters_is_produced_correctly"/>
    <testcase time="0.259" classname="table_ext01" name="EXT01_variant_with_both_numeric_and_categorical_parameters"/>
    <testcase time="0.197000000000003" classname="table_ext01" name="EXT01_variant_with_both_numeric_and_categorical_parameters"/>
    <testcase time="0.307999999999993" classname="table_ext01" name="EXT01_variant_with_user_specified_categories_for_missed_doses"/>
    <testcase time="0.241" classname="table_ext01" name="EXT01_variant_with_user_specified_categories_for_missed_doses"/>
  </testsuite>
  <testsuite name="table_lbt01" timestamp="2024-10-17T15:01:13Z" hostname="d736d799aaec" tests="2" skipped="0" failures="0" errors="0" time="1.948">
    <testcase time="1.465" classname="table_lbt01" name="LBT01_default_variant_is_produced_correctly"/>
    <testcase time="0.483000000000004" classname="table_lbt01" name="LBT01_default_variant_is_produced_correctly"/>
  </testsuite>
  <testsuite name="table_lbt02" timestamp="2024-10-17T15:01:14Z" hostname="d736d799aaec" tests="2" skipped="0" failures="0" errors="0" time="1.282">
    <testcase time="0.798000000000002" classname="table_lbt02" name="LBT02_default_variant_is_produced_correctly"/>
    <testcase time="0.483999999999995" classname="table_lbt02" name="LBT02_default_variant_is_produced_correctly"/>
  </testsuite>
  <testsuite name="table_lbt03" timestamp="2024-10-17T15:01:15Z" hostname="d736d799aaec" tests="2" skipped="0" failures="0" errors="0" time="0.295">
    <testcase time="0.189999999999998" classname="table_lbt03" name="LBT03_default_variant_is_produced_correctly"/>
    <testcase time="0.105000000000004" classname="table_lbt03" name="LBT03_default_variant_is_produced_correctly"/>
  </testsuite>
  <testsuite name="table_lbt04" timestamp="2024-10-17T15:01:16Z" hostname="d736d799aaec" tests="2" skipped="0" failures="0" errors="0" time="1.248">
    <testcase time="1.054" classname="table_lbt04" name="LBT04_default_variant_is_produced_correctly"/>
    <testcase time="0.193999999999988" classname="table_lbt04" name="LBT04_default_variant_is_produced_correctly"/>
  </testsuite>
  <testsuite name="table_lbt05" timestamp="2024-10-17T15:01:17Z" hostname="d736d799aaec" tests="6" skipped="0" failures="0" errors="0" time="6.576">
    <testcase time="2.06200000000001" classname="table_lbt05" name="LBT05_variant_1_is_produced_correctly"/>
    <testcase time="0.382000000000005" classname="table_lbt05" name="LBT05_variant_1_is_produced_correctly"/>
    <testcase time="1.458" classname="table_lbt05" name="LBT05_variant_2_is_produced_correctly"/>
    <testcase time="0.502999999999986" classname="table_lbt05" name="LBT05_variant_2_is_produced_correctly"/>
    <testcase time="1.78700000000001" classname="table_lbt05" name="LBT05_variant_4_is_produced_correctly"/>
    <testcase time="0.383999999999986" classname="table_lbt05" name="LBT05_variant_4_is_produced_correctly"/>
  </testsuite>
  <testsuite name="table_lbt06" timestamp="2024-10-17T15:01:23Z" hostname="d736d799aaec" tests="2" skipped="0" failures="0" errors="0" time="0.524">
    <testcase time="0.341000000000008" classname="table_lbt06" name="LBT06_default_variant_is_produced_correctly"/>
    <testcase time="0.182999999999993" classname="table_lbt06" name="LBT06_default_variant_is_produced_correctly"/>
  </testsuite>
  <testsuite name="table_lbt07" timestamp="2024-10-17T15:01:24Z" hostname="d736d799aaec" tests="2" skipped="0" failures="0" errors="0" time="2.359">
    <testcase time="2.06" classname="table_lbt07" name="LBT07_is_produced_correctly"/>
    <testcase time="0.299000000000007" classname="table_lbt07" name="LBT07_is_produced_correctly"/>
  </testsuite>
  <testsuite name="table_lbt08" timestamp="2024-10-17T15:01:26Z" hostname="d736d799aaec" tests="2" skipped="0" failures="0" errors="0" time="0.403">
    <testcase time="0.272999999999996" classname="table_lbt08" name="LBT08_produce_correctly"/>
    <testcase time="0.129999999999995" classname="table_lbt08" name="LBT08_produce_correctly"/>
  </testsuite>
  <testsuite name="table_lbt09" timestamp="2024-10-17T15:01:27Z" hostname="d736d799aaec" tests="4" skipped="0" failures="0" errors="0" time="0.989">
    <testcase time="0.326999999999998" classname="table_lbt09" name="LBT09_variant_1_works_as_expected"/>
    <testcase time="0.190000000000026" classname="table_lbt09" name="LBT09_variant_1_works_as_expected"/>
    <testcase time="0.294999999999987" classname="table_lbt09" name="LBT09_variant_2_works_as_expected"/>
    <testcase time="0.176999999999992" classname="table_lbt09" name="LBT09_variant_2_works_as_expected"/>
  </testsuite>
  <testsuite name="table_lbt10" timestamp="2024-10-17T15:01:28Z" hostname="d736d799aaec" tests="4" skipped="0" failures="0" errors="0" time="1.269">
    <testcase time="0.718999999999994" classname="table_lbt10" name="LBT10_variant_1_works_as_expected"/>
    <testcase time="0.0810000000000173" classname="table_lbt10" name="LBT10_variant_1_works_as_expected"/>
    <testcase time="0.388000000000005" classname="table_lbt10" name="LBT10_variant_2_works_as_expected"/>
    <testcase time="0.0809999999999889" classname="table_lbt10" name="LBT10_variant_2_works_as_expected"/>
  </testsuite>
  <testsuite name="table_lbt10_bl" timestamp="2024-10-17T15:01:29Z" hostname="d736d799aaec" tests="4" skipped="0" failures="0" errors="0" time="0.522">
    <testcase time="0.251000000000005" classname="table_lbt10_bl" name="LBT10_BL_variant_1_works_as_expected"/>
    <testcase time="0.0720000000000027" classname="table_lbt10_bl" name="LBT10_BL_variant_1_works_as_expected"/>
    <testcase time="0.114999999999981" classname="table_lbt10_bl" name="LBT10_BL_variant_2_works_as_expected"/>
    <testcase time="0.0840000000000032" classname="table_lbt10_bl" name="LBT10_BL_variant_2_works_as_expected"/>
  </testsuite>
  <testsuite name="table_lbt11" timestamp="2024-10-17T15:01:29Z" hostname="d736d799aaec" tests="6" skipped="0" failures="0" errors="0" time="0.76">
    <testcase time="0.175000000000011" classname="table_lbt11" name="LBT11_variant_1_works_as_expected"/>
    <testcase time="0.115999999999985" classname="table_lbt11" name="LBT11_variant_1_works_as_expected"/>
    <testcase time="0.0860000000000127" classname="table_lbt11" name="LBT11_variant_2_works_as_expected"/>
    <testcase time="0.0989999999999895" classname="table_lbt11" name="LBT11_variant_2_works_as_expected"/>
    <testcase time="0.152000000000015" classname="table_lbt11" name="LBT11_variant_3_works_as_expected"/>
    <testcase time="0.132000000000005" classname="table_lbt11" name="LBT11_variant_3_works_as_expected"/>
  </testsuite>
  <testsuite name="table_lbt11_bl" timestamp="2024-10-17T15:01:30Z" hostname="d736d799aaec" tests="6" skipped="0" failures="0" errors="0" time="0.847">
    <testcase time="0.204999999999984" classname="table_lbt11_bl" name="LBT11_BL_variant_1_works_as_expected"/>
    <testcase time="0.109000000000009" classname="table_lbt11_bl" name="LBT11_BL_variant_1_works_as_expected"/>
    <testcase time="0.103000000000009" classname="table_lbt11_bl" name="LBT11_BL_variant_2_works_as_expected"/>
    <testcase time="0.103999999999985" classname="table_lbt11_bl" name="LBT11_BL_variant_2_works_as_expected"/>
    <testcase time="0.215000000000003" classname="table_lbt11_bl" name="LBT11_BL_variant_3_works_as_expected"/>
    <testcase time="0.11099999999999" classname="table_lbt11_bl" name="LBT11_BL_variant_3_works_as_expected"/>
  </testsuite>
  <testsuite name="table_lbt12" timestamp="2024-10-17T15:01:31Z" hostname="d736d799aaec" tests="2" skipped="0" failures="0" errors="0" time="0.413">
    <testcase time="0.305000000000007" classname="table_lbt12" name="LBT12_works_as_expected"/>
    <testcase time="0.108000000000004" classname="table_lbt12" name="LBT12_works_as_expected"/>
  </testsuite>
  <testsuite name="table_lbt12_bl" timestamp="2024-10-17T15:01:31Z" hostname="d736d799aaec" tests="2" skipped="0" failures="0" errors="0" time="0.366">
    <testcase time="0.288999999999987" classname="table_lbt12_bl" name="LBT12_BL_works_as_expected"/>
    <testcase time="0.0770000000000266" classname="table_lbt12_bl" name="LBT12_BL_works_as_expected"/>
  </testsuite>
  <testsuite name="table_lbt13" timestamp="2024-10-17T15:01:32Z" hostname="d736d799aaec" tests="10" skipped="0" failures="0" errors="0" time="2.48">
    <testcase time="0.786999999999978" classname="table_lbt13" name="LBT13_variant_1_LOW_works_as_expected"/>
    <testcase time="0.0910000000000082" classname="table_lbt13" name="LBT13_variant_1_LOW_works_as_expected"/>
    <testcase time="0.388000000000005" classname="table_lbt13" name="LBT13_variant_2_HIGH_works_as_expected"/>
    <testcase time="0.063999999999993" classname="table_lbt13" name="LBT13_variant_2_HIGH_works_as_expected"/>
    <testcase time="0.225999999999999" classname="table_lbt13" name="LBT13_variant_3_LOW_without_baseline_missing_works_as_expected"/>
    <testcase time="0.0860000000000127" classname="table_lbt13" name="LBT13_variant_3_LOW_without_baseline_missing_works_as_expected"/>
    <testcase time="0.153999999999996" classname="table_lbt13" name="LBT13_variant_4_HIGH_with_missing_baseline_considered_as_grade_0_works_as_expected"/>
    <testcase time="0.0679999999999836" classname="table_lbt13" name="LBT13_variant_4_HIGH_with_missing_baseline_considered_as_grade_0_works_as_expected"/>
    <testcase time="0.405000000000001" classname="table_lbt13" name="LBT14_variant_5_HIGH_with_filled_in_grades_works_as_expected"/>
    <testcase time="0.211000000000013" classname="table_lbt13" name="LBT14_variant_5_HIGH_with_filled_in_grades_works_as_expected"/>
  </testsuite>
  <testsuite name="table_lbt14" timestamp="2024-10-17T15:01:35Z" hostname="d736d799aaec" tests="10" skipped="0" failures="0" errors="0" time="28.634">
    <testcase time="5.55099999999999" classname="table_lbt14" name="LBT14_variant_1_HIGH_works_as_expected"/>
    <testcase time="0.443000000000012" classname="table_lbt14" name="LBT14_variant_1_HIGH_works_as_expected"/>
    <testcase time="5.04999999999998" classname="table_lbt14" name="LBT14_variant_2_LOW_works_as_expected"/>
    <testcase time="0.308000000000021" classname="table_lbt14" name="LBT14_variant_2_LOW_works_as_expected"/>
    <testcase time="3.35899999999998" classname="table_lbt14" name="LBT14_variant_3_LOW_without_baseline_missing_works_as_expected"/>
    <testcase time="0.39700000000002" classname="table_lbt14" name="LBT14_variant_3_LOW_without_baseline_missing_works_as_expected"/>
    <testcase time="4.93799999999999" classname="table_lbt14" name="LBT14_variant_4_LOW_and_force_1_missing_both_baseline_and_post_baseline_then_force_the_missing_baseline_as_0_as_expected"/>
    <testcase time="0.253000000000014" classname="table_lbt14" name="LBT14_variant_4_LOW_and_force_1_missing_both_baseline_and_post_baseline_then_force_the_missing_baseline_as_0_as_expected"/>
    <testcase time="5.5" classname="table_lbt14" name="LBT14_variant_5_HIGH_with_fillings_works_as_expected"/>
    <testcase time="2.83499999999998" classname="table_lbt14" name="LBT14_variant_5_HIGH_with_fillings_works_as_expected"/>
  </testsuite>
  <testsuite name="table_lbt15" timestamp="2024-10-17T15:02:03Z" hostname="d736d799aaec" tests="4" skipped="0" failures="0" errors="0" time="1.436">
    <testcase time="0.563999999999993" classname="table_lbt15" name="LBT15_variant_1_works_as_expected"/>
    <testcase time="0.184000000000026" classname="table_lbt15" name="LBT15_variant_1_works_as_expected"/>
    <testcase time="0.500999999999976" classname="table_lbt15" name="LBT15_variant_2_works_as_expected"/>
    <testcase time="0.187000000000012" classname="table_lbt15" name="LBT15_variant_2_works_as_expected"/>
  </testsuite>
  <testsuite name="table_lgrt02" timestamp="2024-10-17T15:02:04Z" hostname="d736d799aaec" tests="8" skipped="0" failures="0" errors="0" time="2.781">
    <testcase time="0.510999999999996" classname="table_lgrt02" name="LGRT02_without_interaction_term_is_produced_correctly"/>
    <testcase time="0.147999999999996" classname="table_lgrt02" name="LGRT02_without_interaction_term_is_produced_correctly"/>
    <testcase time="0.562000000000012" classname="table_lgrt02" name="LGRT02_with_categorical_interaction_is_produced_correctly"/>
    <testcase time="0.170999999999992" classname="table_lgrt02" name="LGRT02_with_categorical_interaction_is_produced_correctly"/>
    <testcase time="0.575999999999993" classname="table_lgrt02" name="LGRT02_with_continuous_interaction_is_produced_correctly"/>
    <testcase time="0.174000000000007" classname="table_lgrt02" name="LGRT02_with_continuous_interaction_is_produced_correctly"/>
    <testcase time="0.490000000000009" classname="table_lgrt02" name="LGRT02_with_setting_values_indicating_an_event_and_custom_alpha_level_is_produced_correctly"/>
    <testcase time="0.149000000000001" classname="table_lgrt02" name="LGRT02_with_setting_values_indicating_an_event_and_custom_alpha_level_is_produced_correctly"/>
  </testsuite>
  <testsuite name="table_mht01" timestamp="2024-10-17T15:02:07Z" hostname="d736d799aaec" tests="8" skipped="0" failures="0" errors="0" time="1.483">
    <testcase time="0.300999999999988" classname="table_mht01" name="MHT01_variant_1_is_produced_accurately"/>
    <testcase time="0.132000000000005" classname="table_mht01" name="MHT01_variant_1_is_produced_accurately"/>
    <testcase time="0.11699999999999" classname="table_mht01" name="MHT01_variant_2_is_produced_accurately"/>
    <testcase time="0.0690000000000168" classname="table_mht01" name="MHT01_variant_2_is_produced_accurately"/>
    <testcase time="0.254999999999995" classname="table_mht01" name="MHT01_variant_3_is_produced_accurately"/>
    <testcase time="0.131" classname="table_mht01" name="MHT01_variant_3_is_produced_accurately"/>
    <testcase time="0.323000000000008" classname="table_mht01" name="MHT01_variant_5_is_produced_accurately"/>
    <testcase time="0.155000000000001" classname="table_mht01" name="MHT01_variant_5_is_produced_accurately"/>
  </testsuite>
  <testsuite name="table_onct05" timestamp="2024-10-17T15:02:09Z" hostname="d736d799aaec" tests="8" skipped="0" failures="0" errors="0" time="2.133">
    <testcase time="0.433999999999997" classname="table_onct05" name="ONCT05_variant_1_Objective_Response_Rate_by_Subgroup_is_produced_correctly"/>
    <testcase time="0.11099999999999" classname="table_onct05" name="ONCT05_variant_1_Objective_Response_Rate_by_Subgroup_is_produced_correctly"/>
    <testcase time="0.670999999999992" classname="table_onct05" name="ONCT05_variant_2_Specifying_class_variables_is_produced_correctly"/>
    <testcase time="0.123000000000019" classname="table_onct05" name="ONCT05_variant_2_Specifying_class_variables_is_produced_correctly"/>
    <testcase time="0.185999999999979" classname="table_onct05" name="ONCT05_variant_3_selecting_columns_and_changing_the_alpha_level_is_produced_correctly"/>
    <testcase time="0.0880000000000223" classname="table_onct05" name="ONCT05_variant_3_selecting_columns_and_changing_the_alpha_level_is_produced_correctly"/>
    <testcase time="0.405999999999977" classname="table_onct05" name="ONCT05_variant_4_setting_values_indicating_response_is_produced_correctly"/>
    <testcase time="0.114000000000004" classname="table_onct05" name="ONCT05_variant_4_setting_values_indicating_response_is_produced_correctly"/>
  </testsuite>
  <testsuite name="table_pdt01" timestamp="2024-10-17T15:02:11Z" hostname="d736d799aaec" tests="2" skipped="0" failures="0" errors="0" time="0.4">
    <testcase time="0.247000000000014" classname="table_pdt01" name="PDT01_is_produced_correctly"/>
    <testcase time="0.152999999999992" classname="table_pdt01" name="PDT01_is_produced_correctly"/>
  </testsuite>
  <testsuite name="table_pdt02" timestamp="2024-10-17T15:02:11Z" hostname="d736d799aaec" tests="2" skipped="0" failures="0" errors="0" time="0.227">
    <testcase time="0.14500000000001" classname="table_pdt02" name="PDT02_is_produced_correctly"/>
    <testcase time="0.0819999999999936" classname="table_pdt02" name="PDT02_is_produced_correctly"/>
  </testsuite>
  <testsuite name="table_pkct01" timestamp="2024-10-17T15:02:11Z" hostname="d736d799aaec" tests="10" skipped="0" failures="0" errors="0" time="2.966">
    <testcase time="0.246999999999986" classname="table_pkct01" name="PKCT01_is_produced_correctly"/>
    <testcase time="0.0930000000000177" classname="table_pkct01" name="PKCT01_is_produced_correctly"/>
    <testcase time="0.114999999999981" classname="table_pkct01" name="PKCT01_is_produced_correctly"/>
    <testcase time="0.0560000000000116" classname="table_pkct01" name="PKCT01_is_produced_correctly"/>
    <testcase time="0.853000000000009" classname="table_pkct01" name="Specific_PKCT01_features_are_present"/>
    <testcase time="0.211999999999989" classname="table_pkct01" name="Specific_PKCT01_features_are_present"/>
    <testcase time="0.188999999999993" classname="table_pkct01" name="Specific_PKCT01_features_are_present"/>
    <testcase time="0.00300000000001432" classname="table_pkct01" name="Specific_PKCT01_features_are_present"/>
    <testcase time="0.668999999999983" classname="table_pkct01" name="Specific_PKCT01_features_are_present"/>
    <testcase time="0.529000000000025" classname="table_pkct01" name="Specific_PKCT01_features_are_present"/>
  </testsuite>
  <testsuite name="table_pkpt02" timestamp="2024-10-17T15:02:14Z" hostname="d736d799aaec" tests="2" skipped="0" failures="0" errors="0" time="0.52">
    <testcase time="0.297999999999973" classname="table_pkpt02" name="PKPT02_is_produced_correctly_for_Drug_X"/>
    <testcase time="0.222000000000008" classname="table_pkpt02" name="PKPT02_is_produced_correctly_for_Drug_X"/>
  </testsuite>
  <testsuite name="table_pkpt03" timestamp="2024-10-17T15:02:15Z" hostname="d736d799aaec" tests="2" skipped="0" failures="0" errors="0" time="1.073">
    <testcase time="0.884000000000015" classname="table_pkpt03" name="PKPT03_Drug_X_is_produced_correctly"/>
    <testcase time="0.188999999999993" classname="table_pkpt03" name="PKPT03_Drug_X_is_produced_correctly"/>
  </testsuite>
  <testsuite name="table_pkpt04" timestamp="2024-10-17T15:02:16Z" hostname="d736d799aaec" tests="2" skipped="0" failures="0" errors="0" time="0.18">
    <testcase time="0.0949999999999989" classname="table_pkpt04" name="PKPT04_is_produced_correctly_for_Drug_X"/>
    <testcase time="0.085000000000008" classname="table_pkpt04" name="PKPT04_is_produced_correctly_for_Drug_X"/>
  </testsuite>
  <testsuite name="table_pkpt05" timestamp="2024-10-17T15:02:16Z" hostname="d736d799aaec" tests="2" skipped="0" failures="0" errors="0" time="0.398">
    <testcase time="0.289999999999992" classname="table_pkpt05" name="PKPT05_Drug_X_is_produced_correctly"/>
    <testcase time="0.108000000000004" classname="table_pkpt05" name="PKPT05_Drug_X_is_produced_correctly"/>
  </testsuite>
  <testsuite name="table_pkpt06" timestamp="2024-10-17T15:02:17Z" hostname="d736d799aaec" tests="4" skipped="0" failures="0" errors="0" time="0.268">
    <testcase time="0.0869999999999891" classname="table_pkpt06" name="PKPT06_is_produced_correctly_for_Drug_X"/>
    <testcase time="0.0740000000000123" classname="table_pkpt06" name="PKPT06_is_produced_correctly_for_Drug_X"/>
    <testcase time="0.0499999999999829" classname="table_pkpt06" name="PKPT06_is_produced_correctly_for_Drug_Y"/>
    <testcase time="0.0570000000000164" classname="table_pkpt06" name="PKPT06_is_produced_correctly_for_Drug_Y"/>
  </testsuite>
  <testsuite name="table_pkpt07" timestamp="2024-10-17T15:02:17Z" hostname="d736d799aaec" tests="4" skipped="0" failures="0" errors="0" time="0.54">
    <testcase time="0.21599999999998" classname="table_pkpt07" name="PKPT07_Drug_X_is_produced_correctly"/>
    <testcase time="0.0970000000000084" classname="table_pkpt07" name="PKPT07_Drug_X_is_produced_correctly"/>
    <testcase time="0.140000000000015" classname="table_pkpt07" name="PKPT07_Drug_Y_is_produced_correctly"/>
    <testcase time="0.0869999999999891" classname="table_pkpt07" name="PKPT07_Drug_Y_is_produced_correctly"/>
  </testsuite>
  <testsuite name="table_ratet01" timestamp="2024-10-17T15:02:17Z" hostname="d736d799aaec" tests="2" skipped="0" failures="0" errors="0" time="0.674">
    <testcase time="0.551999999999992" classname="table_ratet01" name="RATET01_is_produced_correctly"/>
    <testcase time="0.122000000000014" classname="table_ratet01" name="RATET01_is_produced_correctly"/>
  </testsuite>
  <testsuite name="table_rmpt01" timestamp="2024-10-17T15:02:18Z" hostname="d736d799aaec" tests="2" skipped="0" failures="0" errors="0" time="0.199">
    <testcase time="0.141999999999996" classname="table_rmpt01" name="RMPT01_is_produced_correctly"/>
    <testcase time="0.0569999999999879" classname="table_rmpt01" name="RMPT01_is_produced_correctly"/>
  </testsuite>
  <testsuite name="table_rmpt03" timestamp="2024-10-17T15:02:18Z" hostname="d736d799aaec" tests="4" skipped="0" failures="0" errors="0" time="0.525">
    <testcase time="0.199000000000012" classname="table_rmpt03" name="RMPT03_variant_1_is_produced_correctly"/>
    <testcase time="0.0829999999999984" classname="table_rmpt03" name="RMPT03_variant_1_is_produced_correctly"/>
    <testcase time="0.156000000000006" classname="table_rmpt03" name="RMPT03_variant_2_is_produced_correctly"/>
    <testcase time="0.0869999999999891" classname="table_rmpt03" name="RMPT03_variant_2_is_produced_correctly"/>
  </testsuite>
  <testsuite name="table_rmpt04" timestamp="2024-10-17T15:02:19Z" hostname="d736d799aaec" tests="2" skipped="0" failures="0" errors="0" time="0.195">
    <testcase time="0.138000000000005" classname="table_rmpt04" name="RMPT04_variant_1_is_produced_correctly"/>
    <testcase time="0.0569999999999879" classname="table_rmpt04" name="RMPT04_variant_1_is_produced_correctly"/>
  </testsuite>
  <testsuite name="table_rmpt05" timestamp="2024-10-17T15:02:19Z" hostname="d736d799aaec" tests="2" skipped="0" failures="0" errors="0" time="0.228">
    <testcase time="0.150000000000006" classname="table_rmpt05" name="RMPT05_is_produced_correctly"/>
    <testcase time="0.078000000000003" classname="table_rmpt05" name="RMPT05_is_produced_correctly"/>
  </testsuite>
  <testsuite name="table_rmpt06" timestamp="2024-10-17T15:02:19Z" hostname="d736d799aaec" tests="8" skipped="0" failures="0" errors="0" time="1.493">
    <testcase time="0.300000000000011" classname="table_rmpt06" name="RMPT06_variant_1_is_produced_correctly"/>
    <testcase time="0.105999999999995" classname="table_rmpt06" name="RMPT06_variant_1_is_produced_correctly"/>
    <testcase time="0.204000000000008" classname="table_rmpt06" name="RMPT06_variant_2_is_produced_correctly"/>
    <testcase time="0.0919999999999845" classname="table_rmpt06" name="RMPT06_variant_2_is_produced_correctly"/>
    <testcase time="0.27600000000001" classname="table_rmpt06" name="RMPT06_variant_3_is_produced_correctly"/>
    <testcase time="0.113" classname="table_rmpt06" name="RMPT06_variant_3_is_produced_correctly"/>
    <testcase time="0.292000000000002" classname="table_rmpt06" name="RMPT06_variant_4_is_produced_correctly"/>
    <testcase time="0.109999999999985" classname="table_rmpt06" name="RMPT06_variant_4_is_produced_correctly"/>
  </testsuite>
  <testsuite name="table_rspt01" timestamp="2024-10-17T15:02:21Z" hostname="d736d799aaec" tests="12" skipped="0" failures="0" errors="0" time="2.286">
    <testcase time="0.262" classname="table_rspt01" name="RSPT01_1._Best_Overall_Response"/>
    <testcase time="0.122000000000014" classname="table_rspt01" name="RSPT01_1._Best_Overall_Response"/>
    <testcase time="0.23599999999999" classname="table_rspt01" name="RSPT01_2._Best_Overall_Response_selecting_sections_to_display_"/>
    <testcase time="0.103999999999985" classname="table_rspt01" name="RSPT01_2._Best_Overall_Response_selecting_sections_to_display_"/>
    <testcase time="0.308000000000021" classname="table_rspt01" name="RSPT01_3._Best_Overall_Response_modifying_settings_"/>
    <testcase time="0.10499999999999" classname="table_rspt01" name="RSPT01_3._Best_Overall_Response_modifying_settings_"/>
    <testcase time="0.320999999999998" classname="table_rspt01" name="RSPT01_4._Best_Overall_Response_with_stratified_analysis_"/>
    <testcase time="0.135000000000019" classname="table_rspt01" name="RSPT01_4._Best_Overall_Response_with_stratified_analysis_"/>
    <testcase time="0.268999999999977" classname="table_rspt01" name="RSPT01_5._Best_Overall_Response_modifying_the_definition_of_overall_response_"/>
    <testcase time="0.121000000000009" classname="table_rspt01" name="RSPT01_5._Best_Overall_Response_modifying_the_definition_of_overall_response_"/>
    <testcase time="0.195999999999998" classname="table_rspt01" name="RSPT01_6._Best_Overall_Response_define_new_sections_to_display_"/>
    <testcase time="0.106999999999999" classname="table_rspt01" name="RSPT01_6._Best_Overall_Response_define_new_sections_to_display_"/>
  </testsuite>
  <testsuite name="table_ttet01" timestamp="2024-10-17T15:02:23Z" hostname="d736d799aaec" tests="14" skipped="0" failures="0" errors="0" time="3.367">
    <testcase time="0.391999999999996" classname="table_ttet01" name="TTET01_default_variant_is_produced_correctly"/>
    <testcase time="0.173000000000002" classname="table_ttet01" name="TTET01_default_variant_is_produced_correctly"/>
    <testcase time="0.38900000000001" classname="table_ttet01" name="TTET01_default_variant_with_Placebo_arm"/>
    <testcase time="0.161000000000001" classname="table_ttet01" name="TTET01_default_variant_with_Placebo_arm"/>
    <testcase time="0.203000000000003" classname="table_ttet01" name="TTET01_variant_2_selecting_sections_to_display"/>
    <testcase time="0.123999999999995" classname="table_ttet01" name="TTET01_variant_2_selecting_sections_to_display"/>
    <testcase time="0.295999999999992" classname="table_ttet01" name="TTET01_variant_3_modifying_analysis_details_like_conftype_ties_alpha_level"/>
    <testcase time="0.149000000000001" classname="table_ttet01" name="TTET01_variant_3_modifying_analysis_details_like_conftype_ties_alpha_level"/>
    <testcase time="0.34899999999999" classname="table_ttet01" name="TTET01_variant_4_with_stratified_analysis"/>
    <testcase time="0.164000000000016" classname="table_ttet01" name="TTET01_variant_4_with_stratified_analysis"/>
    <testcase time="0.302999999999997" classname="table_ttet01" name="TTET01_variant_5_modifying_time_point"/>
    <testcase time="0.149000000000001" classname="table_ttet01" name="TTET01_variant_5_modifying_time_point"/>
    <testcase time="0.36099999999999" classname="table_ttet01" name="TTET01_variant_6_requesting_more_than_one_p_value"/>
    <testcase time="0.153999999999996" classname="table_ttet01" name="TTET01_variant_6_requesting_more_than_one_p_value"/>
  </testsuite>
  <testsuite name="table_vst01" timestamp="2024-10-17T15:02:26Z" hostname="d736d799aaec" tests="2" skipped="0" failures="0" errors="0" time="1.016">
    <testcase time="0.723000000000013" classname="table_vst01" name="VST01_default_variant_is_produced_correctly"/>
    <testcase time="0.293000000000006" classname="table_vst01" name="VST01_default_variant_is_produced_correctly"/>
  </testsuite>
  <testsuite name="table_vst02" timestamp="2024-10-17T15:02:27Z" hostname="d736d799aaec" tests="4" skipped="0" failures="0" errors="0" time="0.94">
    <testcase time="0.384999999999991" classname="table_vst02" name="1._Vital_Sign_Abnormalities_Regardless_of_Abnormality_at_Baseline_VST02_1_"/>
    <testcase time="0.134000000000015" classname="table_vst02" name="1._Vital_Sign_Abnormalities_Regardless_of_Abnormality_at_Baseline_VST02_1_"/>
    <testcase time="0.285999999999973" classname="table_vst02" name="2._Vital_Sign_Abnormalities_Among_Subject_Without_Abnormality_at_Baseline_VST02_2_"/>
    <testcase time="0.135000000000019" classname="table_vst02" name="2._Vital_Sign_Abnormalities_Among_Subject_Without_Abnormality_at_Baseline_VST02_2_"/>
  </testsuite>
</testsuites>
