<?xml version="1.0" encoding="UTF-8"?>
<testsuites>
  <testsuite name="listing_adal02" timestamp="2025-02-05T16:28:50Z" hostname="7d40054fc4a2" tests="1" skipped="0" failures="0" errors="0" time="0.277">
    <testcase time="0.277000000000001" classname="listing_adal02" name="ADAL02_listing_is_produced_correctly"/>
  </testsuite>
  <testsuite name="listing_ael01" timestamp="2025-02-05T16:28:51Z" hostname="7d40054fc4a2" tests="1" skipped="0" failures="0" errors="0" time="0.215">
    <testcase time="0.215" classname="listing_ael01" name="AEL01_listing_is_produced_correctly"/>
  </testsuite>
  <testsuite name="listing_ael01_nollt" timestamp="2025-02-05T16:28:51Z" hostname="7d40054fc4a2" tests="1" skipped="0" failures="0" errors="0" time="0.081">
    <testcase time="0.0809999999999995" classname="listing_ael01_nollt" name="AEL01_NOLLT_listing_is_produced_correctly"/>
  </testsuite>
  <testsuite name="listing_ael02" timestamp="2025-02-05T16:28:51Z" hostname="7d40054fc4a2" tests="1" skipped="0" failures="0" errors="0" time="0.308">
    <testcase time="0.308" classname="listing_ael02" name="AEL02_listing_is_produced_correctly"/>
  </testsuite>
  <testsuite name="listing_ael02_ed" timestamp="2025-02-05T16:28:51Z" hostname="7d40054fc4a2" tests="1" skipped="0" failures="0" errors="0" time="0.348">
    <testcase time="0.348000000000001" classname="listing_ael02_ed" name="AEL02_ED_listing_is_produced_correctly"/>
  </testsuite>
  <testsuite name="listing_ael03" timestamp="2025-02-05T16:28:52Z" hostname="7d40054fc4a2" tests="1" skipped="0" failures="0" errors="0" time="0.293">
    <testcase time="0.292999999999999" classname="listing_ael03" name="AEL03_listing_is_produced_correctly"/>
  </testsuite>
  <testsuite name="listing_ael04" timestamp="2025-02-05T16:28:52Z" hostname="7d40054fc4a2" tests="1" skipped="0" failures="0" errors="0" time="0.218">
    <testcase time="0.218" classname="listing_ael04" name="AEL04_listing_is_produced_correctly"/>
  </testsuite>
  <testsuite name="listing_cml01" timestamp="2025-02-05T16:28:52Z" hostname="7d40054fc4a2" tests="1" skipped="0" failures="0" errors="0" time="0.35">
    <testcase time="0.350000000000001" classname="listing_cml01" name="CML01_listing_is_produced_correctly"/>
  </testsuite>
  <testsuite name="listing_cml02a_gl" timestamp="2025-02-05T16:28:52Z" hostname="7d40054fc4a2" tests="1" skipped="0" failures="0" errors="0" time="0.124">
    <testcase time="0.123999999999999" classname="listing_cml02a_gl" name="CML02A_GL_listing_is_produced_correctly"/>
  </testsuite>
  <testsuite name="listing_cml02b_gl" timestamp="2025-02-05T16:28:53Z" hostname="7d40054fc4a2" tests="1" skipped="0" failures="0" errors="0" time="0.185">
    <testcase time="0.185" classname="listing_cml02b_gl" name="CML02B_GL_listing_is_produced_correctly"/>
  </testsuite>
  <testsuite name="listing_dsl01" timestamp="2025-02-05T16:28:53Z" hostname="7d40054fc4a2" tests="1" skipped="0" failures="0" errors="0" time="0.19">
    <testcase time="0.19" classname="listing_dsl01" name="DSL01_listing_is_produced_correctly"/>
  </testsuite>
  <testsuite name="listing_dsl02" timestamp="2025-02-05T16:28:53Z" hostname="7d40054fc4a2" tests="1" skipped="0" failures="0" errors="0" time="0.079">
    <testcase time="0.0790000000000006" classname="listing_dsl02" name="DSL02_listing_is_produced_correctly"/>
  </testsuite>
  <testsuite name="listing_dsur4" timestamp="2025-02-05T16:28:53Z" hostname="7d40054fc4a2" tests="1" skipped="0" failures="0" errors="0" time="0.119">
    <testcase time="0.119" classname="listing_dsur4" name="DSUR4_listing_is_produced_correctly"/>
  </testsuite>
  <testsuite name="listing_egl01" timestamp="2025-02-05T16:28:53Z" hostname="7d40054fc4a2" tests="1" skipped="0" failures="0" errors="0" time="0.427">
    <testcase time="0.427" classname="listing_egl01" name="EGL01_listing_is_produced_correctly"/>
  </testsuite>
  <testsuite name="listing_exl01" timestamp="2025-02-05T16:28:54Z" hostname="7d40054fc4a2" tests="1" skipped="0" failures="0" errors="0" time="0.24">
    <testcase time="0.24" classname="listing_exl01" name="EXL01_listing_is_produced_correctly"/>
  </testsuite>
  <testsuite name="listing_lbl01" timestamp="2025-02-05T16:28:54Z" hostname="7d40054fc4a2" tests="1" skipped="0" failures="0" errors="0" time="0.531">
    <testcase time="0.531000000000001" classname="listing_lbl01" name="LBL01_listing_is_produced_correctly"/>
  </testsuite>
  <testsuite name="listing_lbl01_rls" timestamp="2025-02-05T16:28:54Z" hostname="7d40054fc4a2" tests="1" skipped="0" failures="0" errors="0" time="0.523">
    <testcase time="0.523" classname="listing_lbl01_rls" name="LBL01_RLS_listing_is_produced_correctly"/>
  </testsuite>
  <testsuite name="listing_lbl02a" timestamp="2025-02-05T16:28:55Z" hostname="7d40054fc4a2" tests="1" skipped="0" failures="0" errors="0" time="0.261">
    <testcase time="0.261000000000001" classname="listing_lbl02a" name="LBL02A_listing_is_produced_correctly"/>
  </testsuite>
  <testsuite name="listing_lbl02a_rls" timestamp="2025-02-05T16:28:55Z" hostname="7d40054fc4a2" tests="1" skipped="0" failures="0" errors="0" time="0.801">
    <testcase time="0.800999999999998" classname="listing_lbl02a_rls" name="LBL02A_RLS_listing_is_produced_correctly"/>
  </testsuite>
  <testsuite name="listing_lbl02b" timestamp="2025-02-05T16:28:56Z" hostname="7d40054fc4a2" tests="1" skipped="0" failures="0" errors="0" time="0.292">
    <testcase time="0.292000000000002" classname="listing_lbl02b" name="LBL02B_listing_is_produced_correctly"/>
  </testsuite>
  <testsuite name="listing_mhl01" timestamp="2025-02-05T16:28:56Z" hostname="7d40054fc4a2" tests="1" skipped="0" failures="0" errors="0" time="0.251">
    <testcase time="0.250999999999999" classname="listing_mhl01" name="MHL01_listing_is_produced_correctly"/>
  </testsuite>
  <testsuite name="listing_oncl01" timestamp="2025-02-05T16:28:56Z" hostname="7d40054fc4a2" tests="1" skipped="0" failures="0" errors="0" time="0.246">
    <testcase time="0.246" classname="listing_oncl01" name="ONCL01_listing_is_produced_correctly"/>
  </testsuite>
  <testsuite name="listing_pkcl01" timestamp="2025-02-05T16:28:57Z" hostname="7d40054fc4a2" tests="2" skipped="0" failures="1" errors="0" time="0.764">
    <testcase time="0.195" classname="listing_pkcl01" name="PKCL01_listing_is_produced_correctly"/>
    <testcase time="0.568999999999999" classname="listing_pkcl01" name="PKCL01_listing_key_columns_values_are_repeated_when_entries_span_multiple_pages">
      <failure type="failure" message="Snapshot of code has changed: ('test-listing_pkcl01.R:56:3')">Snapshot of code has changed:
old[48:67] vs new[48:61]
                                                           24                  24                   54        
                                                           36                  36                 0.005       
                                                           37                  48                 0.005       
-   ——————————————————————————————————————————————————————————————————————————————————————————————————————————
+                                                          48                  48                 0.005       
-   
+                                                          48                  48                 0.005       
-                                                                                                                page 1 of 2
+                                                          48                  48                   54        
    \s\n                                                                      Actual Time                         
                                                    Nominal Sampling       From First         Concentration   
      Treatment Group      Subject ID     Visit         Time (h)            Dose (h)             (ug/ml)      
    ——————————————————————————————————————————————————————————————————————————————————————————————————————————
-   Xanomeline High Dose   01-701-1034   BASELINE          48                  48                 0.005       
-                                                          48                  48                 0.005       
-                                                          48                  48                   54        
-                          01-701-1133   BASELINE          0                  -0.5                  0         
-                                                          0                   0                    54        
-                                                         0.08         0.0833333333333333   0.0971863457467728
-                                                         0.5                 0.5            0.53006481166812 
-   ——————————————————————————————————————————————————————————————————————————————————————————————————————————
-   
-                                                                                                                page 2 of 2
+   Xanomeline High Dose   01-701-1133   BASELINE          0                  -0.5                  0         
+                                                          0                   0                    54        
+                                                         0.08         0.0833333333333333   0.0971863457467728
+                                                         0.5                 0.5            0.53006481166812 

* Run `testthat::snapshot_accept('listing_pkcl01')` to accept the change.
* Run `testthat::snapshot_review('listing_pkcl01')` to interactively review the change.</failure>
    </testcase>
  </testsuite>
  <testsuite name="listing_pkcl02" timestamp="2025-02-05T16:28:58Z" hostname="7d40054fc4a2" tests="1" skipped="0" failures="0" errors="0" time="0.229">
    <testcase time="0.229000000000001" classname="listing_pkcl02" name="PKCL02_listing_is_produced_correctly"/>
  </testsuite>
  <testsuite name="listing_pkpl01" timestamp="2025-02-05T16:28:58Z" hostname="7d40054fc4a2" tests="1" skipped="0" failures="0" errors="0" time="0.245">
    <testcase time="0.244999999999999" classname="listing_pkpl01" name="PKPL01_listing_is_produced_correctly"/>
  </testsuite>
  <testsuite name="listing_pkpl02" timestamp="2025-02-05T16:28:58Z" hostname="7d40054fc4a2" tests="1" skipped="0" failures="0" errors="0" time="0.16">
    <testcase time="0.16" classname="listing_pkpl02" name="PKPL02_listing_is_produced_correctly"/>
  </testsuite>
  <testsuite name="listing_pkpl04" timestamp="2025-02-05T16:28:58Z" hostname="7d40054fc4a2" tests="1" skipped="0" failures="0" errors="0" time="0.215">
    <testcase time="0.215000000000002" classname="listing_pkpl04" name="PKPL04_listing_is_produced_correctly"/>
  </testsuite>
  <testsuite name="listing_vsl01" timestamp="2025-02-05T16:28:58Z" hostname="7d40054fc4a2" tests="1" skipped="0" failures="0" errors="0" time="0.434">
    <testcase time="0.433999999999997" classname="listing_vsl01" name="VSL01_listing_is_produced_correctly"/>
  </testsuite>
  <testsuite name="pagination_listing" timestamp="2025-02-05T16:28:59Z" hostname="7d40054fc4a2" tests="13" skipped="0" failures="0" errors="0" time="5.94">
    <testcase time="0.0430000000000028" classname="pagination_listing" name="Direct_pagination_works_fine"/>
    <testcase time="0.991999999999997" classname="pagination_listing" name="Direct_pagination_works_fine"/>
    <testcase time="0.00300000000000011" classname="pagination_listing" name="Direct_pagination_works_fine"/>
    <testcase time="0.906000000000002" classname="pagination_listing" name="Direct_pagination_works_fine"/>
    <testcase time="1.259" classname="pagination_listing" name="Direct_pagination_works_fine"/>
    <testcase time="1.356" classname="pagination_listing" name="pagination_counts_the_right_number_of_lines_when_wrapping_on_keycols_is_present"/>
    <testcase time="0.00600000000000023" classname="pagination_listing" name="pagination_counts_the_right_number_of_lines_when_wrapping_on_keycols_is_present"/>
    <testcase time="0.00499999999999901" classname="pagination_listing" name="pagination_counts_the_right_number_of_lines_when_wrapping_on_keycols_is_present"/>
    <testcase time="0.00400000000000134" classname="pagination_listing" name="pagination_counts_the_right_number_of_lines_when_wrapping_on_keycols_is_present"/>
    <testcase time="1.353" classname="pagination_listing" name="pagination_counts_the_right_number_of_lines_when_wrapping_on_keycols_is_present"/>
    <testcase time="0.00600000000000023" classname="pagination_listing" name="pagination_counts_the_right_number_of_lines_when_wrapping_on_keycols_is_present"/>
    <testcase time="0.00400000000000134" classname="pagination_listing" name="pagination_counts_the_right_number_of_lines_when_wrapping_on_keycols_is_present"/>
    <testcase time="0.00300000000000011" classname="pagination_listing" name="pagination_counts_the_right_number_of_lines_when_wrapping_on_keycols_is_present"/>
  </testsuite>
  <testsuite name="pagination_table" timestamp="2025-02-05T16:29:06Z" hostname="7d40054fc4a2" tests="30" skipped="0" failures="0" errors="0" time="14.668">
    <testcase time="2.011" classname="pagination_table" name="Direct_pagination_with_standard_values"/>
    <testcase time="0.00400000000000134" classname="pagination_table" name="Direct_pagination_with_standard_values"/>
    <testcase time="0.00399999999999778" classname="pagination_table" name="Direct_pagination_with_standard_values"/>
    <testcase time="1.211" classname="pagination_table" name="Pagination_with_specific_column_widths_and_minimum_lines_per_page"/>
    <testcase time="0.00400000000000134" classname="pagination_table" name="Pagination_with_specific_column_widths_and_minimum_lines_per_page"/>
    <testcase time="0.117999999999999" classname="pagination_table" name="Pagination_with_specific_column_widths_and_minimum_lines_per_page"/>
    <testcase time="0.966000000000001" classname="pagination_table" name="Pagination_works_also_if_table_is_decorated"/>
    <testcase time="0.555999999999997" classname="pagination_table" name="Pagination_works_also_if_table_is_decorated"/>
    <testcase time="0.824000000000002" classname="pagination_table" name="Pagination_works_also_if_table_is_decorated"/>
    <testcase time="0.683" classname="pagination_table" name="Pagination_works_also_if_table_is_decorated"/>
    <testcase time="1.395" classname="pagination_table" name="Pagination_works_also_if_table_is_decorated"/>
    <testcase time="0.327999999999999" classname="pagination_table" name="Pagination_works_also_if_table_is_decorated"/>
    <testcase time="0.00300000000000011" classname="pagination_table" name="Pagination_works_also_if_table_is_decorated"/>
    <testcase time="0.0229999999999997" classname="pagination_table" name="Pagination_works_also_if_table_is_decorated"/>
    <testcase time="0.152000000000001" classname="pagination_table" name="Pagination_works_also_if_table_is_decorated"/>
    <testcase time="0.103999999999999" classname="pagination_table" name="Pagination_works_also_if_table_is_decorated"/>
    <testcase time="0.780000000000001" classname="pagination_table" name="Pagination_works_for_page_types"/>
    <testcase time="0.0859999999999985" classname="pagination_table" name="Pagination_works_for_page_types"/>
    <testcase time="0.723000000000003" classname="pagination_table" name="Pagination_works_for_page_types"/>
    <testcase time="0.088000000000001" classname="pagination_table" name="Pagination_works_for_page_types"/>
    <testcase time="0.668999999999997" classname="pagination_table" name="Pagination_works_for_page_types"/>
    <testcase time="0.408999999999999" classname="pagination_table" name="Pagination_works_for_page_types"/>
    <testcase time="0.727000000000004" classname="pagination_table" name="Pagination_works_for_page_width_and_height"/>
    <testcase time="0.138999999999996" classname="pagination_table" name="Pagination_works_for_page_width_and_height"/>
    <testcase time="0.839000000000006" classname="pagination_table" name="Pagination_works_for_page_types"/>
    <testcase time="0.172999999999995" classname="pagination_table" name="Pagination_works_for_page_types"/>
    <testcase time="0.862000000000002" classname="pagination_table" name="AET04_variant_2_page_by_pagination_tests"/>
    <testcase time="0.634" classname="pagination_table" name="AET04_variant_2_page_by_pagination_tests"/>
    <testcase time="0.00100000000000477" classname="pagination_table" name="AET04_variant_2_page_by_pagination_tests"/>
    <testcase time="0.151999999999994" classname="pagination_table" name="AET04_variant_2_page_by_pagination_tests"/>
  </testsuite>
  <testsuite name="table_adat03" timestamp="2025-02-05T16:29:19Z" hostname="7d40054fc4a2" tests="2" skipped="0" failures="0" errors="0" time="0.582">
    <testcase time="0.432000000000002" classname="table_adat03" name="ADAT03_is_produced_correctly"/>
    <testcase time="0.149999999999999" classname="table_adat03" name="ADAT03_is_produced_correctly"/>
  </testsuite>
  <testsuite name="table_aet01" timestamp="2025-02-05T16:29:20Z" hostname="7d40054fc4a2" tests="8" skipped="0" failures="0" errors="0" time="1.852">
    <testcase time="0.377000000000002" classname="table_aet01" name="Safety_Summary_Variant_1_works_as_expected"/>
    <testcase time="0.104999999999997" classname="table_aet01" name="Safety_Summary_Variant_1_works_as_expected"/>
    <testcase time="0.344000000000001" classname="table_aet01" name="Safety_Summary_Variant_2_with_Medical_Concepts_Section_works_as_expected"/>
    <testcase time="0.130000000000003" classname="table_aet01" name="Safety_Summary_Variant_2_with_Medical_Concepts_Section_works_as_expected"/>
    <testcase time="0.277999999999999" classname="table_aet01" name="Safety_Summary_Variant_3_with_Modified_Rows_works_as_expected"/>
    <testcase time="0.105000000000004" classname="table_aet01" name="Safety_Summary_Variant_3_with_Modified_Rows_works_as_expected"/>
    <testcase time="0.378" classname="table_aet01" name="Safety_Summary_Variant_4_with_Rows_Counting_Events_and_Additional_Sections_works_as_expected"/>
    <testcase time="0.134999999999998" classname="table_aet01" name="Safety_Summary_Variant_4_with_Rows_Counting_Events_and_Additional_Sections_works_as_expected"/>
  </testsuite>
  <testsuite name="table_aet01_aesi" timestamp="2025-02-05T16:29:22Z" hostname="7d40054fc4a2" tests="8" skipped="0" failures="0" errors="0" time="2.915">
    <testcase time="0.289999999999999" classname="table_aet01_aesi" name="AET01_AESI_Variant_1_works_as_expected"/>
    <testcase time="0.158000000000001" classname="table_aet01_aesi" name="AET01_AESI_Variant_1_works_as_expected"/>
    <testcase time="0.717999999999996" classname="table_aet01_aesi" name="AET01_AESI_Variant_2_works_as_expected"/>
    <testcase time="0.148000000000003" classname="table_aet01_aesi" name="AET01_AESI_Variant_2_works_as_expected"/>
    <testcase time="0.644999999999996" classname="table_aet01_aesi" name="AET01_AESI_Variant_3_works_as_expected"/>
    <testcase time="0.210000000000001" classname="table_aet01_aesi" name="AET01_AESI_Variant_3_works_as_expected"/>
    <testcase time="0.530000000000001" classname="table_aet01_aesi" name="AET01_AESI_Variant_4_works_as_expected"/>
    <testcase time="0.216000000000001" classname="table_aet01_aesi" name="AET01_AESI_Variant_4_works_as_expected"/>
  </testsuite>
  <testsuite name="table_aet02" timestamp="2025-02-05T16:29:25Z" hostname="7d40054fc4a2" tests="26" skipped="0" failures="0" errors="0" time="8.095">
    <testcase time="0.533000000000001" classname="table_aet02" name="AET02_variant_1_is_produced_correctly"/>
    <testcase time="0.176000000000002" classname="table_aet02" name="AET02_variant_1_is_produced_correctly"/>
    <testcase time="0.419999999999995" classname="table_aet02" name="AET02_variant_1_is_produced_correctly"/>
    <testcase time="0.0960000000000036" classname="table_aet02" name="AET02_variant_1_is_produced_correctly"/>
    <testcase time="0.604999999999997" classname="table_aet02" name="AET02_variant_2_is_produced_correctly"/>
    <testcase time="0.178000000000004" classname="table_aet02" name="AET02_variant_2_is_produced_correctly"/>
    <testcase time="0.905999999999999" classname="table_aet02" name="AET02_variant_3_is_produced_correctly"/>
    <testcase time="0.292000000000002" classname="table_aet02" name="AET02_variant_3_is_produced_correctly"/>
    <testcase time="0.123999999999995" classname="table_aet02" name="AET02_variant_4_is_produced_correctly"/>
    <testcase time="0.103000000000002" classname="table_aet02" name="AET02_variant_4_is_produced_correctly"/>
    <testcase time="0.412999999999997" classname="table_aet02" name="AET02_variant_5_is_produced_correctly"/>
    <testcase time="0.163000000000004" classname="table_aet02" name="AET02_variant_5_is_produced_correctly"/>
    <testcase time="0.400999999999996" classname="table_aet02" name="AET02_variant_6_is_produced_correctly"/>
    <testcase time="0.103000000000002" classname="table_aet02" name="AET02_variant_6_is_produced_correctly"/>
    <testcase time="0.920000000000002" classname="table_aet02" name="AET02_variant_7_is_produced_correctly"/>
    <testcase time="0.146000000000001" classname="table_aet02" name="AET02_variant_7_is_produced_correctly"/>
    <testcase time="0.394999999999996" classname="table_aet02" name="AET02_variant_8_is_produced_correctly"/>
    <testcase time="0.0860000000000056" classname="table_aet02" name="AET02_variant_8_is_produced_correctly"/>
    <testcase time="0.411999999999999" classname="table_aet02" name="AET02_variant_9_is_produced_correctly"/>
    <testcase time="0.118000000000002" classname="table_aet02" name="AET02_variant_9_is_produced_correctly"/>
    <testcase time="0.410999999999994" classname="table_aet02" name="AET02_variant_10_is_produced_correctly"/>
    <testcase time="0.0890000000000057" classname="table_aet02" name="AET02_variant_10_is_produced_correctly"/>
    <testcase time="0.423999999999999" classname="table_aet02" name="AET02_variant_11_is_produced_correctly"/>
    <testcase time="0.0749999999999957" classname="table_aet02" name="AET02_variant_11_is_produced_correctly"/>
    <testcase time="0.411000000000001" classname="table_aet02" name="AET02_variant_12_is_produced_correctly"/>
    <testcase time="0.0949999999999989" classname="table_aet02" name="AET02_variant_12_is_produced_correctly"/>
  </testsuite>
  <testsuite name="table_aet02_smq" timestamp="2025-02-05T16:29:33Z" hostname="7d40054fc4a2" tests="4" skipped="0" failures="0" errors="0" time="0.452">
    <testcase time="0.125999999999998" classname="table_aet02_smq" name="AET02SMQ_variant_1_is_produced_correctly"/>
    <testcase time="0.0700000000000003" classname="table_aet02_smq" name="AET02SMQ_variant_1_is_produced_correctly"/>
    <testcase time="0.172000000000004" classname="table_aet02_smq" name="AET02SMQ_variant_2_is_produced_correctly"/>
    <testcase time="0.0839999999999961" classname="table_aet02_smq" name="AET02SMQ_variant_2_is_produced_correctly"/>
  </testsuite>
  <testsuite name="table_aet03" timestamp="2025-02-05T16:29:33Z" hostname="7d40054fc4a2" tests="6" skipped="0" failures="0" errors="0" time="5.15">
    <testcase time="1.181" classname="table_aet03" name="AET03_variant_1_is_produced_correctly"/>
    <testcase time="0.445999999999998" classname="table_aet03" name="AET03_variant_1_is_produced_correctly"/>
    <testcase time="1.447" classname="table_aet03" name="AET03_variant_1_is_produced_correctly"/>
    <testcase time="0.722000000000001" classname="table_aet03" name="AET03_variant_1_is_produced_correctly"/>
    <testcase time="1.121" classname="table_aet03" name="AET03_variant_1_is_produced_correctly"/>
    <testcase time="0.233000000000004" classname="table_aet03" name="AET03_variant_1_is_produced_correctly"/>
  </testsuite>
  <testsuite name="table_aet04" timestamp="2025-02-05T16:29:39Z" hostname="7d40054fc4a2" tests="30" skipped="0" failures="0" errors="0" time="12.829">
    <testcase time="0.887" classname="table_aet04" name="AET04_variant_1_is_produced_correctly"/>
    <testcase time="0.531999999999996" classname="table_aet04" name="AET04_variant_1_is_produced_correctly"/>
    <testcase time="0.732999999999997" classname="table_aet04" name="AET04_variant_1_is_produced_correctly"/>
    <testcase time="0.0420000000000016" classname="table_aet04" name="AET04_variant_1_is_produced_correctly"/>
    <testcase time="0.0390000000000015" classname="table_aet04" name="AET04_variant_1_is_produced_correctly"/>
    <testcase time="0.633000000000003" classname="table_aet04" name="AET04_variant_2_is_produced_correctly_Fill_in_of_Treatment_Groups_"/>
    <testcase time="0.268999999999998" classname="table_aet04" name="AET04_variant_2_is_produced_correctly_Fill_in_of_Treatment_Groups_"/>
    <testcase time="0.665999999999997" classname="table_aet04" name="AET04_variant_2_is_produced_correctly_Fill_in_of_Treatment_Groups_"/>
    <testcase time="0.0399999999999991" classname="table_aet04" name="AET04_variant_2_is_produced_correctly_Fill_in_of_Treatment_Groups_"/>
    <testcase time="0.0430000000000064" classname="table_aet04" name="AET04_variant_2_is_produced_correctly_Fill_in_of_Treatment_Groups_"/>
    <testcase time="0.677999999999997" classname="table_aet04" name="AET04_variant_3_is_produced_correctly_Fill_in_of_Grades_"/>
    <testcase time="0.335999999999999" classname="table_aet04" name="AET04_variant_3_is_produced_correctly_Fill_in_of_Grades_"/>
    <testcase time="0.777000000000001" classname="table_aet04" name="AET04_variant_3_is_produced_correctly_Fill_in_of_Grades_"/>
    <testcase time="0.0429999999999993" classname="table_aet04" name="AET04_variant_3_is_produced_correctly_Fill_in_of_Grades_"/>
    <testcase time="0.0429999999999993" classname="table_aet04" name="AET04_variant_3_is_produced_correctly_Fill_in_of_Grades_"/>
    <testcase time="0.696000000000005" classname="table_aet04" name="AET04_variant_4_is_produced_correctly_Collapsing_of_Grades_grades_1_2_grades_3_4_5_"/>
    <testcase time="0.324999999999996" classname="table_aet04" name="AET04_variant_4_is_produced_correctly_Collapsing_of_Grades_grades_1_2_grades_3_4_5_"/>
    <testcase time="0.780000000000001" classname="table_aet04" name="AET04_variant_4_is_produced_correctly_Collapsing_of_Grades_grades_1_2_grades_3_4_5_"/>
    <testcase time="0.736000000000004" classname="table_aet04" name="AET04_variant_6_is_produced_correctly_with_an_Incidence_Rate_of_at_Least_5_totals_restricted_"/>
    <testcase time="0.316000000000003" classname="table_aet04" name="AET04_variant_6_is_produced_correctly_with_an_Incidence_Rate_of_at_Least_5_totals_restricted_"/>
    <testcase time="0.797999999999988" classname="table_aet04" name="AET04_variant_6_is_produced_correctly_with_an_Incidence_Rate_of_at_Least_5_totals_restricted_"/>
    <testcase time="0.0110000000000099" classname="table_aet04" name="AET04_variant_8_is_produced_correctly_with_an_Incidence_Rate_of_at_Least_X_Patients_"/>
    <testcase time="0.339999999999989" classname="table_aet04" name="AET04_variant_8_is_produced_correctly_with_an_Incidence_Rate_of_at_Least_X_Patients_"/>
    <testcase time="0.799999999999997" classname="table_aet04" name="AET04_variant_8_is_produced_correctly_with_an_Incidence_Rate_of_at_Least_X_Patients_"/>
    <testcase time="0.0100000000000051" classname="table_aet04" name="AET04_variant_9_is_produced_correctly_with_a_Difference_in_Incidence_Rate_of_at_Least_X_"/>
    <testcase time="0.337000000000003" classname="table_aet04" name="AET04_variant_9_is_produced_correctly_with_a_Difference_in_Incidence_Rate_of_at_Least_X_"/>
    <testcase time="0.798999999999992" classname="table_aet04" name="AET04_variant_9_is_produced_correctly_with_a_Difference_in_Incidence_Rate_of_at_Least_X_"/>
    <testcase time="0.0110000000000099" classname="table_aet04" name="AET04_variant_11_is_produced_correctly_with_Incidence_Rate_of_at_Least_X_all_SOCs_w_o_preferred_terms_removed_"/>
    <testcase time="0.319999999999993" classname="table_aet04" name="AET04_variant_11_is_produced_correctly_with_Incidence_Rate_of_at_Least_X_all_SOCs_w_o_preferred_terms_removed_"/>
    <testcase time="0.789000000000001" classname="table_aet04" name="AET04_variant_11_is_produced_correctly_with_Incidence_Rate_of_at_Least_X_all_SOCs_w_o_preferred_terms_removed_"/>
  </testsuite>
  <testsuite name="table_aet04_pi" timestamp="2025-02-05T16:29:51Z" hostname="7d40054fc4a2" tests="18" skipped="0" failures="0" errors="0" time="7.299">
    <testcase time="0.650000000000006" classname="table_aet04_pi" name="AET04_PI_full_table_is_produced_correctly"/>
    <testcase time="0.23899999999999" classname="table_aet04_pi" name="AET04_PI_full_table_is_produced_correctly"/>
    <testcase time="0.659000000000006" classname="table_aet04_pi" name="AET04_PI_variant_1_is_produced_correctly"/>
    <testcase time="0.188000000000002" classname="table_aet04_pi" name="AET04_PI_variant_1_is_produced_correctly"/>
    <testcase time="0.661000000000001" classname="table_aet04_pi" name="AET04_PI_variant_2_is_produced_correctly"/>
    <testcase time="0.134999999999991" classname="table_aet04_pi" name="AET04_PI_variant_2_is_produced_correctly"/>
    <testcase time="0.661000000000001" classname="table_aet04_pi" name="AET04_PI_variant_3_is_produced_correctly"/>
    <testcase time="0.147999999999996" classname="table_aet04_pi" name="AET04_PI_variant_3_is_produced_correctly"/>
    <testcase time="0.637" classname="table_aet04_pi" name="AET04_PI_variant_4_is_produced_correctly"/>
    <testcase time="0.113" classname="table_aet04_pi" name="AET04_PI_variant_4_is_produced_correctly"/>
    <testcase time="0.65100000000001" classname="table_aet04_pi" name="AET04_PI_variant_5_is_produced_correctly"/>
    <testcase time="0.164999999999992" classname="table_aet04_pi" name="AET04_PI_variant_5_is_produced_correctly"/>
    <testcase time="1.00700000000001" classname="table_aet04_pi" name="AET04_PI_variant_6_is_produced_correctly"/>
    <testcase time="0.158000000000001" classname="table_aet04_pi" name="AET04_PI_variant_6_is_produced_correctly"/>
    <testcase time="0.750999999999991" classname="table_aet04_pi" name="AET04_PI_variant_7_is_produced_correctly"/>
    <testcase time="0.167000000000002" classname="table_aet04_pi" name="AET04_PI_variant_7_is_produced_correctly"/>
    <testcase time="0.177999999999997" classname="table_aet04_pi" name="AET04_PI_variant_8_is_produced_correctly"/>
    <testcase time="0.131" classname="table_aet04_pi" name="AET04_PI_variant_8_is_produced_correctly"/>
  </testsuite>
  <testsuite name="table_aet05" timestamp="2025-02-05T16:29:59Z" hostname="7d40054fc4a2" tests="4" skipped="0" failures="0" errors="0" time="0.291">
    <testcase time="0.085000000000008" classname="table_aet05" name="AET05_variant_1_is_produced_correctly"/>
    <testcase time="0.0699999999999932" classname="table_aet05" name="AET05_variant_1_is_produced_correctly"/>
    <testcase time="0.0640000000000072" classname="table_aet05" name="AET05_variant_2_is_produced_correctly"/>
    <testcase time="0.0719999999999885" classname="table_aet05" name="AET05_variant_2_is_produced_correctly"/>
  </testsuite>
  <testsuite name="table_aet05_all" timestamp="2025-02-05T16:29:59Z" hostname="7d40054fc4a2" tests="4" skipped="0" failures="0" errors="0" time="0.313">
    <testcase time="0.109999999999999" classname="table_aet05_all" name="AET05_ALL_variant_1_is_produced_correctly"/>
    <testcase time="0.0710000000000122" classname="table_aet05_all" name="AET05_ALL_variant_1_is_produced_correctly"/>
    <testcase time="0.0609999999999928" classname="table_aet05_all" name="AET05_ALL_variant_2_is_produced_correctly"/>
    <testcase time="0.070999999999998" classname="table_aet05_all" name="AET05_ALL_variant_2_is_produced_correctly"/>
  </testsuite>
  <testsuite name="table_aet06" timestamp="2025-02-05T16:29:59Z" hostname="7d40054fc4a2" tests="6" skipped="0" failures="0" errors="0" time="3.892">
    <testcase time="0.594000000000008" classname="table_aet06" name="AET06_variant_1_is_produced_correctly"/>
    <testcase time="0.24499999999999" classname="table_aet06" name="AET06_variant_1_is_produced_correctly"/>
    <testcase time="1" classname="table_aet06" name="AET06_variant_3_is_produced_correctly"/>
    <testcase time="0.350000000000009" classname="table_aet06" name="AET06_variant_3_is_produced_correctly"/>
    <testcase time="1.295" classname="table_aet06" name="AET06_variant_5_is_produced_correctly"/>
    <testcase time="0.408000000000001" classname="table_aet06" name="AET06_variant_5_is_produced_correctly"/>
  </testsuite>
  <testsuite name="table_aet06_smq" timestamp="2025-02-05T16:30:03Z" hostname="7d40054fc4a2" tests="4" skipped="0" failures="0" errors="0" time="1.085">
    <testcase time="0.390999999999991" classname="table_aet06_smq" name="AET06_SMQ_variant_1_is_produced_correctly"/>
    <testcase time="0.150999999999996" classname="table_aet06_smq" name="AET06_SMQ_variant_1_is_produced_correctly"/>
    <testcase time="0.382000000000005" classname="table_aet06_smq" name="AET06_SMQ_variant_2_is_produced_correctly"/>
    <testcase time="0.161000000000001" classname="table_aet06_smq" name="AET06_SMQ_variant_2_is_produced_correctly"/>
  </testsuite>
  <testsuite name="table_aet07" timestamp="2025-02-05T16:30:04Z" hostname="7d40054fc4a2" tests="4" skipped="0" failures="0" errors="0" time="0.219">
    <testcase time="0.0600000000000023" classname="table_aet07" name="AET07_variant_1_is_produced_correctly"/>
    <testcase time="0.046999999999997" classname="table_aet07" name="AET07_variant_1_is_produced_correctly"/>
    <testcase time="0.0619999999999976" classname="table_aet07" name="AET07_variant_2_is_produced_correctly"/>
    <testcase time="0.0499999999999972" classname="table_aet07" name="AET07_variant_2_is_produced_correctly"/>
  </testsuite>
  <testsuite name="table_aet09" timestamp="2025-02-05T16:30:04Z" hostname="7d40054fc4a2" tests="4" skipped="0" failures="0" errors="0" time="2.066">
    <testcase time="0.573000000000008" classname="table_aet09" name="AET09_variant_1_is_produced_correctly_AE_related_to_study_drug"/>
    <testcase time="0.200999999999993" classname="table_aet09" name="AET09_variant_1_is_produced_correctly_AE_related_to_study_drug"/>
    <testcase time="0.988" classname="table_aet09" name="AET09_variant_2_is_produced_correctly_AE_related_to_study_drug_including_high_level_terms_"/>
    <testcase time="0.304000000000002" classname="table_aet09" name="AET09_variant_2_is_produced_correctly_AE_related_to_study_drug_including_high_level_terms_"/>
  </testsuite>
  <testsuite name="table_aet09_smq" timestamp="2025-02-05T16:30:06Z" hostname="7d40054fc4a2" tests="4" skipped="0" failures="0" errors="0" time="0.55">
    <testcase time="0.137" classname="table_aet09_smq" name="AET09_variant_1_AEs_related_to_study_drug_by_SMQ_is_produced_correctly"/>
    <testcase time="0.0859999999999985" classname="table_aet09_smq" name="AET09_variant_1_AEs_related_to_study_drug_by_SMQ_is_produced_correctly"/>
    <testcase time="0.216999999999999" classname="table_aet09_smq" name="AET09_variant_2_AEs_related_to_study_drug_by_SMQ_with_customized_queries_is_produced_correctly"/>
    <testcase time="0.109999999999999" classname="table_aet09_smq" name="AET09_variant_2_AEs_related_to_study_drug_by_SMQ_with_customized_queries_is_produced_correctly"/>
  </testsuite>
  <testsuite name="table_aet10" timestamp="2025-02-05T16:30:07Z" hostname="7d40054fc4a2" tests="2" skipped="0" failures="0" errors="0" time="0.176">
    <testcase time="0.117000000000004" classname="table_aet10" name="AET10_default_variant_is_produced_correctly"/>
    <testcase time="0.0589999999999975" classname="table_aet10" name="AET10_default_variant_is_produced_correctly"/>
  </testsuite>
  <testsuite name="table_aovt01" timestamp="2025-02-05T16:30:07Z" hostname="7d40054fc4a2" tests="4" skipped="0" failures="0" errors="0" time="1.328">
    <testcase time="0.390000000000001" classname="table_aovt01" name="AOVT01_variant_with_single_endpoint_is_produced_correctly"/>
    <testcase time="0.102000000000004" classname="table_aovt01" name="AOVT01_variant_with_single_endpoint_is_produced_correctly"/>
    <testcase time="0.668999999999997" classname="table_aovt01" name="AOVT01_variant_with_multiple_endpoints_is_produced_correctly"/>
    <testcase time="0.167000000000002" classname="table_aovt01" name="AOVT01_variant_with_multiple_endpoints_is_produced_correctly"/>
  </testsuite>
  <testsuite name="table_aovt02" timestamp="2025-02-05T16:30:09Z" hostname="7d40054fc4a2" tests="2" skipped="0" failures="0" errors="0" time="0.468">
    <testcase time="0.349000000000004" classname="table_aovt02" name="AOVT02_is_produced_correctly"/>
    <testcase time="0.119" classname="table_aovt02" name="AOVT02_is_produced_correctly"/>
  </testsuite>
  <testsuite name="table_aovt03" timestamp="2025-02-05T16:30:09Z" hostname="7d40054fc4a2" tests="2" skipped="0" failures="0" errors="0" time="0.992">
    <testcase time="0.807999999999993" classname="table_aovt03" name="AOVT03_is_produced_correctly"/>
    <testcase time="0.183999999999997" classname="table_aovt03" name="AOVT03_is_produced_correctly"/>
  </testsuite>
  <testsuite name="table_cfbt01" timestamp="2025-02-05T16:30:10Z" hostname="7d40054fc4a2" tests="2" skipped="0" failures="0" errors="0" time="0.722">
    <testcase time="0.483000000000004" classname="table_cfbt01" name="CFBT01_default_variant_is_produced_correctly"/>
    <testcase time="0.239000000000004" classname="table_cfbt01" name="CFBT01_default_variant_is_produced_correctly"/>
  </testsuite>
  <testsuite name="table_cmht01" timestamp="2025-02-05T16:30:11Z" hostname="7d40054fc4a2" tests="4" skipped="0" failures="0" errors="0" time="1.979">
    <testcase time="0.450999999999993" classname="table_cmht01" name="CMHT01_variant_1_is_produced_correctly"/>
    <testcase time="0.0990000000000038" classname="table_cmht01" name="CMHT01_variant_1_is_produced_correctly"/>
    <testcase time="1.122" classname="table_cmht01" name="CMHT01_variant_2_is_produced_correctly"/>
    <testcase time="0.307000000000002" classname="table_cmht01" name="CMHT01_variant_2_is_produced_correctly"/>
  </testsuite>
  <testsuite name="table_cmt01" timestamp="2025-02-05T16:30:13Z" hostname="7d40054fc4a2" tests="8" skipped="0" failures="0" errors="0" time="4.074">
    <testcase time="0.719999999999999" classname="table_cmt01" name="CMT01_default_variant_Concomitant_medications_is_produced_correctly"/>
    <testcase time="0.328000000000003" classname="table_cmt01" name="CMT01_default_variant_Concomitant_medications_is_produced_correctly"/>
    <testcase time="0.760999999999996" classname="table_cmt01" name="CMT01_variant_1_prior_medications_is_produced_correctly"/>
    <testcase time="0.578000000000003" classname="table_cmt01" name="CMT01_variant_1_prior_medications_is_produced_correctly"/>
    <testcase time="0.564999999999998" classname="table_cmt01" name="CMT01_variant_3_Concomitant_medications_is_produced_correctly"/>
    <testcase time="0.248000000000005" classname="table_cmt01" name="CMT01_variant_3_Concomitant_medications_is_produced_correctly"/>
    <testcase time="0.594999999999999" classname="table_cmt01" name="CMT01_variant_4_Concomitant_medications_is_produced_correctly"/>
    <testcase time="0.278999999999996" classname="table_cmt01" name="CMT01_variant_4_Concomitant_medications_is_produced_correctly"/>
  </testsuite>
  <testsuite name="table_cmt01a" timestamp="2025-02-05T16:30:17Z" hostname="7d40054fc4a2" tests="8" skipped="0" failures="0" errors="0" time="5.281">
    <testcase time="1.188" classname="table_cmt01a" name="CMT01A_variant_1_is_produced_correctly"/>
    <testcase time="0.251000000000005" classname="table_cmt01a" name="CMT01A_variant_1_is_produced_correctly"/>
    <testcase time="1.021" classname="table_cmt01a" name="CMT01A_variant_2_is_produced_correctly"/>
    <testcase time="0.250999999999991" classname="table_cmt01a" name="CMT01A_variant_2_is_produced_correctly"/>
    <testcase time="1.012" classname="table_cmt01a" name="CMT01A_variant_3_is_produced_correctly"/>
    <testcase time="0.256" classname="table_cmt01a" name="CMT01A_variant_3_is_produced_correctly"/>
    <testcase time="1.069" classname="table_cmt01a" name="CMT01A_variant_4_is_produced_correctly"/>
    <testcase time="0.233000000000004" classname="table_cmt01a" name="CMT01A_variant_4_is_produced_correctly"/>
  </testsuite>
  <testsuite name="table_cmt01b" timestamp="2025-02-05T16:30:22Z" hostname="7d40054fc4a2" tests="6" skipped="0" failures="0" errors="0" time="5.4">
    <testcase time="1.58799999999999" classname="table_cmt01b" name="CMT01B_variant_1_is_produced_correctly"/>
    <testcase time="0.352000000000004" classname="table_cmt01b" name="CMT01B_variant_1_is_produced_correctly"/>
    <testcase time="1.203" classname="table_cmt01b" name="CMT01B_variant_2_is_produced_correctly"/>
    <testcase time="0.312999999999988" classname="table_cmt01b" name="CMT01B_variant_2_is_produced_correctly"/>
    <testcase time="1.56" classname="table_cmt01b" name="CMT01B_variant_4_is_produced_correctly"/>
    <testcase time="0.384" classname="table_cmt01b" name="CMT01B_variant_4_is_produced_correctly"/>
  </testsuite>
  <testsuite name="table_cmt02_pt" timestamp="2025-02-05T16:30:28Z" hostname="7d40054fc4a2" tests="2" skipped="0" failures="0" errors="0" time="0.6">
    <testcase time="0.408000000000001" classname="table_cmt02_pt" name="CMT02_PT_default_variant_is_produced_correctly"/>
    <testcase time="0.192000000000007" classname="table_cmt02_pt" name="CMT02_PT_default_variant_is_produced_correctly"/>
  </testsuite>
  <testsuite name="table_coxt01" timestamp="2025-02-05T16:30:28Z" hostname="7d40054fc4a2" tests="8" skipped="0" failures="0" errors="0" time="1.836">
    <testcase time="0.283999999999992" classname="table_coxt01" name="1._Cox_Regression"/>
    <testcase time="0.0910000000000082" classname="table_coxt01" name="1._Cox_Regression"/>
    <testcase time="0.36399999999999" classname="table_coxt01" name="2._Cox_Regression_with_Interaction_Term_"/>
    <testcase time="0.100999999999999" classname="table_coxt01" name="2._Cox_Regression_with_Interaction_Term_"/>
    <testcase time="0.38600000000001" classname="table_coxt01" name="3._Cox_Regression_specifying_covariates_"/>
    <testcase time="0.111999999999995" classname="table_coxt01" name="3._Cox_Regression_specifying_covariates_"/>
    <testcase time="0.376999999999995" classname="table_coxt01" name="4._Cox_Regression_setting_strata_ties_and_alpha_level_"/>
    <testcase time="0.121000000000009" classname="table_coxt01" name="4._Cox_Regression_setting_strata_ties_and_alpha_level_"/>
  </testsuite>
  <testsuite name="table_coxt02" timestamp="2025-02-05T16:30:30Z" hostname="7d40054fc4a2" tests="4" skipped="0" failures="0" errors="0" time="0.689">
    <testcase time="0.280999999999992" classname="table_coxt02" name="COXT02_default_variant_1_is_produced_correctly"/>
    <testcase time="0.0830000000000126" classname="table_coxt02" name="COXT02_default_variant_1_is_produced_correctly"/>
    <testcase time="0.254999999999995" classname="table_coxt02" name="COXT02_variant_5_is_produced_correctly"/>
    <testcase time="0.0699999999999932" classname="table_coxt02" name="COXT02_variant_5_is_produced_correctly"/>
  </testsuite>
  <testsuite name="table_disclosures" timestamp="2025-02-05T16:30:31Z" hostname="7d40054fc4a2" tests="12" skipped="0" failures="0" errors="0" time="1.979">
    <testcase time="0.204000000000008" classname="table_disclosures" name="Patient_Disposition_table_is_produced_correctly"/>
    <testcase time="0.0919999999999987" classname="table_disclosures" name="Patient_Disposition_table_is_produced_correctly"/>
    <testcase time="0.224999999999994" classname="table_disclosures" name="Demographic_table_is_produced_correctly"/>
    <testcase time="0.147000000000006" classname="table_disclosures" name="Demographic_table_is_produced_correctly"/>
    <testcase time="0.105000000000004" classname="table_disclosures" name="Enrollment_by_Country_Table_is_produced_correctly"/>
    <testcase time="0.0939999999999941" classname="table_disclosures" name="Enrollment_by_Country_Table_is_produced_correctly"/>
    <testcase time="0.0769999999999982" classname="table_disclosures" name="Death_table_is_produced_correctly"/>
    <testcase time="0.0580000000000069" classname="table_disclosures" name="Death_table_is_produced_correctly"/>
    <testcase time="0.329999999999998" classname="table_disclosures" name="Table_of_Serious_Adverse_Events_is_produced_correctly_for_one_specific_treatment_arm_"/>
    <testcase time="0.0939999999999941" classname="table_disclosures" name="Table_of_Serious_Adverse_Events_is_produced_correctly_for_one_specific_treatment_arm_"/>
    <testcase time="0.418999999999997" classname="table_disclosures" name="Table_of_Non_Serious_Adverse_Events_is_produced_correctly"/>
    <testcase time="0.134" classname="table_disclosures" name="Table_of_Non_Serious_Adverse_Events_is_produced_correctly"/>
  </testsuite>
  <testsuite name="table_dmt01" timestamp="2025-02-05T16:30:33Z" hostname="7d40054fc4a2" tests="10" skipped="0" failures="0" errors="0" time="2.868">
    <testcase time="1.158" classname="table_dmt01" name="DMT01_variant_1_is_produced_correctly"/>
    <testcase time="0.177000000000007" classname="table_dmt01" name="DMT01_variant_1_is_produced_correctly"/>
    <testcase time="0.239999999999995" classname="table_dmt01" name="DMT01_variant_2_is_produced_correctly"/>
    <testcase time="0.174000000000007" classname="table_dmt01" name="DMT01_variant_2_is_produced_correctly"/>
    <testcase time="0.271000000000001" classname="table_dmt01" name="DMT01_variant_3_is_produced_correctly"/>
    <testcase time="0.167999999999992" classname="table_dmt01" name="DMT01_variant_3_is_produced_correctly"/>
    <testcase time="0.221000000000004" classname="table_dmt01" name="DMT01_variant_4_is_produced_correctly"/>
    <testcase time="0.153000000000006" classname="table_dmt01" name="DMT01_variant_4_is_produced_correctly"/>
    <testcase time="0.167999999999992" classname="table_dmt01" name="DMT01_variant_5_is_produced_correctly"/>
    <testcase time="0.138000000000005" classname="table_dmt01" name="DMT01_variant_5_is_produced_correctly"/>
  </testsuite>
  <testsuite name="table_dort01" timestamp="2025-02-05T16:30:35Z" hostname="7d40054fc4a2" tests="8" skipped="0" failures="0" errors="0" time="1.542">
    <testcase time="0.296999999999997" classname="table_dort01" name="DORT01_variant_1_is_produced_correctly"/>
    <testcase time="0.105000000000004" classname="table_dort01" name="DORT01_variant_1_is_produced_correctly"/>
    <testcase time="0.293999999999997" classname="table_dort01" name="DORT01_variant_2_selecting_sectons_is_produced_correctly"/>
    <testcase time="0.114999999999995" classname="table_dort01" name="DORT01_variant_2_selecting_sectons_is_produced_correctly"/>
    <testcase time="0.259" classname="table_dort01" name="DORT01_variant_3_modifying_conftype_and_alpha_level_is_produced_correctly"/>
    <testcase time="0.106000000000009" classname="table_dort01" name="DORT01_variant_3_modifying_conftype_and_alpha_level_is_produced_correctly"/>
    <testcase time="0.263999999999996" classname="table_dort01" name="DORT01_variant_4_modifying_time_point_for_the_xx_duration_is_produced_correctly"/>
    <testcase time="0.102000000000004" classname="table_dort01" name="DORT01_variant_4_modifying_time_point_for_the_xx_duration_is_produced_correctly"/>
  </testsuite>
  <testsuite name="table_dst01" timestamp="2025-02-05T16:30:37Z" hostname="7d40054fc4a2" tests="6" skipped="0" failures="0" errors="0" time="0.802">
    <testcase time="0.149000000000001" classname="table_dst01" name="DST01_default_variant_is_produced_correctly"/>
    <testcase time="0.0959999999999894" classname="table_dst01" name="DST01_default_variant_is_produced_correctly"/>
    <testcase time="0.245000000000005" classname="table_dst01" name="DST01_variants_2_and_3_are_produced_correctly"/>
    <testcase time="0.103999999999999" classname="table_dst01" name="DST01_variants_2_and_3_are_produced_correctly"/>
    <testcase time="0.0840000000000032" classname="table_dst01" name="DST01_variants_2_and_3_are_produced_correctly"/>
    <testcase time="0.123999999999995" classname="table_dst01" name="DST01_variants_2_and_3_are_produced_correctly"/>
  </testsuite>
  <testsuite name="table_dtht01" timestamp="2025-02-05T16:30:38Z" hostname="7d40054fc4a2" tests="8" skipped="0" failures="0" errors="0" time="1.247">
    <testcase time="0.117000000000004" classname="table_dtht01" name="DTHT01_variant_1_is_produced_correctly"/>
    <testcase time="0.0999999999999943" classname="table_dtht01" name="DTHT01_variant_1_is_produced_correctly"/>
    <testcase time="0.290999999999997" classname="table_dtht01" name="DTHT01_variant_2_is_produced_correctly"/>
    <testcase time="0.156000000000006" classname="table_dtht01" name="DTHT01_variant_2_is_produced_correctly"/>
    <testcase time="0.171999999999997" classname="table_dtht01" name="DTHT01_variant_3_is_produced_correctly"/>
    <testcase time="0.0960000000000036" classname="table_dtht01" name="DTHT01_variant_3_is_produced_correctly"/>
    <testcase time="0.207999999999998" classname="table_dtht01" name="DTHT01_variant_4_is_produced_correctly"/>
    <testcase time="0.106999999999999" classname="table_dtht01" name="DTHT01_variant_4_is_produced_correctly"/>
  </testsuite>
  <testsuite name="table_egt01" timestamp="2025-02-05T16:30:40Z" hostname="7d40054fc4a2" tests="2" skipped="0" failures="0" errors="0" time="3.471">
    <testcase time="2.634" classname="table_egt01" name="EGT01_default_variant_is_produced_correctly"/>
    <testcase time="0.837000000000003" classname="table_egt01" name="EGT01_default_variant_is_produced_correctly"/>
  </testsuite>
  <testsuite name="table_egt02" timestamp="2025-02-05T16:30:43Z" hostname="7d40054fc4a2" tests="4" skipped="0" failures="0" errors="0" time="1.651">
    <testcase time="1.26000000000001" classname="table_egt02" name="_EGT02_1._Regardless_of_Abnormality_at_Baseline"/>
    <testcase time="0.0849999999999937" classname="table_egt02" name="_EGT02_1._Regardless_of_Abnormality_at_Baseline"/>
    <testcase time="0.221000000000004" classname="table_egt02" name="_EGT02_2._Among_Subjects_Without_Abnormality_at_Baseline"/>
    <testcase time="0.0849999999999937" classname="table_egt02" name="_EGT02_2._Among_Subjects_Without_Abnormality_at_Baseline"/>
  </testsuite>
  <testsuite name="table_egt03" timestamp="2025-02-05T16:30:44Z" hostname="7d40054fc4a2" tests="8" skipped="0" failures="0" errors="0" time="1.517">
    <testcase time="0.481000000000009" classname="table_egt03" name="EGT03_variant_1_is_produced_correctly"/>
    <testcase time="0.122" classname="table_egt03" name="EGT03_variant_1_is_produced_correctly"/>
    <testcase time="0.148999999999987" classname="table_egt03" name="EGT03_variant_2_is_produced_correctly"/>
    <testcase time="0.103000000000009" classname="table_egt03" name="EGT03_variant_2_is_produced_correctly"/>
    <testcase time="0.204999999999998" classname="table_egt03" name="EGT03_variant_3_is_produced_correctly"/>
    <testcase time="0.120999999999995" classname="table_egt03" name="EGT03_variant_3_is_produced_correctly"/>
    <testcase time="0.210000000000008" classname="table_egt03" name="EGT03_variant_4_is_produced_correctly"/>
    <testcase time="0.125999999999991" classname="table_egt03" name="EGT03_variant_4_is_produced_correctly"/>
  </testsuite>
  <testsuite name="table_egt04" timestamp="2025-02-05T16:30:47Z" hostname="7d40054fc4a2" tests="2" skipped="0" failures="0" errors="0" time="1.527">
    <testcase time="1.423" classname="table_egt04" name="EGT04_default_variant_is_produced_correctly"/>
    <testcase time="0.103999999999999" classname="table_egt04" name="EGT04_default_variant_is_produced_correctly"/>
  </testsuite>
  <testsuite name="table_egt05_qtcat" timestamp="2025-02-05T16:30:48Z" hostname="7d40054fc4a2" tests="2" skipped="0" failures="0" errors="0" time="2.185">
    <testcase time="1.73400000000001" classname="table_egt05_qtcat" name="EGT05_QTCAT_default_variant_is_produced_correctly"/>
    <testcase time="0.450999999999993" classname="table_egt05_qtcat" name="EGT05_QTCAT_default_variant_is_produced_correctly"/>
  </testsuite>
  <testsuite name="table_ent" timestamp="2025-02-05T16:30:49Z" hostname="7d40054fc4a2" tests="8" skipped="0" failures="0" errors="0" time="14.438">
    <testcase time="3.63" classname="table_ent" name="ENT01_IT_is_produced_correctly"/>
    <testcase time="0.597000000000008" classname="table_ent" name="ENT01_IT_is_produced_correctly"/>
    <testcase time="2.34" classname="table_ent" name="ENT01a_IT_is_produced_correctly"/>
    <testcase time="0.548000000000002" classname="table_ent" name="ENT01a_IT_is_produced_correctly"/>
    <testcase time="3.70599999999999" classname="table_ent" name="ENT02_IT_is_produced_correctly"/>
    <testcase time="0.602000000000004" classname="table_ent" name="ENT02_IT_is_produced_correctly"/>
    <testcase time="2.44200000000001" classname="table_ent" name="ENT02a_IT_is_produced_correctly"/>
    <testcase time="0.573000000000008" classname="table_ent" name="ENT02a_IT_is_produced_correctly"/>
  </testsuite>
  <testsuite name="table_eudrat01" timestamp="2025-02-05T16:31:04Z" hostname="7d40054fc4a2" tests="2" skipped="0" failures="0" errors="0" time="0.641">
    <testcase time="0.481000000000023" classname="table_eudrat01" name="EUDRAT01_is_produced_correctly"/>
    <testcase time="0.159999999999997" classname="table_eudrat01" name="EUDRAT01_is_produced_correctly"/>
  </testsuite>
  <testsuite name="table_eudrat02" timestamp="2025-02-05T16:31:04Z" hostname="7d40054fc4a2" tests="2" skipped="0" failures="0" errors="0" time="0.52">
    <testcase time="0.390999999999991" classname="table_eudrat02" name="EUDRAT02_is_produced_correctly"/>
    <testcase time="0.128999999999991" classname="table_eudrat02" name="EUDRAT02_is_produced_correctly"/>
  </testsuite>
  <testsuite name="table_ext01" timestamp="2025-02-05T16:31:05Z" hostname="7d40054fc4a2" tests="6" skipped="0" failures="0" errors="0" time="1.717">
    <testcase time="0.407000000000011" classname="table_ext01" name="EXT01_default_variant_with_numeric_parameters_is_produced_correctly"/>
    <testcase time="0.163999999999987" classname="table_ext01" name="EXT01_default_variant_with_numeric_parameters_is_produced_correctly"/>
    <testcase time="0.302000000000021" classname="table_ext01" name="EXT01_variant_with_both_numeric_and_categorical_parameters"/>
    <testcase time="0.224999999999994" classname="table_ext01" name="EXT01_variant_with_both_numeric_and_categorical_parameters"/>
    <testcase time="0.355999999999995" classname="table_ext01" name="EXT01_variant_with_user_specified_categories_for_missed_doses"/>
    <testcase time="0.263000000000005" classname="table_ext01" name="EXT01_variant_with_user_specified_categories_for_missed_doses"/>
  </testsuite>
  <testsuite name="table_lbt01" timestamp="2025-02-05T16:31:07Z" hostname="7d40054fc4a2" tests="2" skipped="0" failures="0" errors="0" time="2.143">
    <testcase time="1.61799999999999" classname="table_lbt01" name="LBT01_default_variant_is_produced_correctly"/>
    <testcase time="0.525000000000006" classname="table_lbt01" name="LBT01_default_variant_is_produced_correctly"/>
  </testsuite>
  <testsuite name="table_lbt02" timestamp="2025-02-05T16:31:09Z" hostname="7d40054fc4a2" tests="2" skipped="0" failures="0" errors="0" time="1.579">
    <testcase time="1.03" classname="table_lbt02" name="LBT02_default_variant_is_produced_correctly"/>
    <testcase time="0.549000000000007" classname="table_lbt02" name="LBT02_default_variant_is_produced_correctly"/>
  </testsuite>
  <testsuite name="table_lbt03" timestamp="2025-02-05T16:31:10Z" hostname="7d40054fc4a2" tests="2" skipped="0" failures="0" errors="0" time="0.291">
    <testcase time="0.167000000000002" classname="table_lbt03" name="LBT03_default_variant_is_produced_correctly"/>
    <testcase time="0.123999999999995" classname="table_lbt03" name="LBT03_default_variant_is_produced_correctly"/>
  </testsuite>
  <testsuite name="table_lbt04" timestamp="2025-02-05T16:31:11Z" hostname="7d40054fc4a2" tests="2" skipped="0" failures="0" errors="0" time="1.57">
    <testcase time="1.36499999999998" classname="table_lbt04" name="LBT04_default_variant_is_produced_correctly"/>
    <testcase time="0.205000000000013" classname="table_lbt04" name="LBT04_default_variant_is_produced_correctly"/>
  </testsuite>
  <testsuite name="table_lbt05" timestamp="2025-02-05T16:31:13Z" hostname="7d40054fc4a2" tests="6" skipped="0" failures="0" errors="0" time="7.012">
    <testcase time="2.15100000000001" classname="table_lbt05" name="LBT05_variant_1_is_produced_correctly"/>
    <testcase time="0.394999999999982" classname="table_lbt05" name="LBT05_variant_1_is_produced_correctly"/>
    <testcase time="1.52700000000002" classname="table_lbt05" name="LBT05_variant_2_is_produced_correctly"/>
    <testcase time="0.780999999999977" classname="table_lbt05" name="LBT05_variant_2_is_produced_correctly"/>
    <testcase time="1.79300000000001" classname="table_lbt05" name="LBT05_variant_4_is_produced_correctly"/>
    <testcase time="0.365000000000009" classname="table_lbt05" name="LBT05_variant_4_is_produced_correctly"/>
  </testsuite>
  <testsuite name="table_lbt06" timestamp="2025-02-05T16:31:19Z" hostname="7d40054fc4a2" tests="2" skipped="0" failures="0" errors="0" time="0.54">
    <testcase time="0.371999999999986" classname="table_lbt06" name="LBT06_default_variant_is_produced_correctly"/>
    <testcase time="0.168000000000006" classname="table_lbt06" name="LBT06_default_variant_is_produced_correctly"/>
  </testsuite>
  <testsuite name="table_lbt07" timestamp="2025-02-05T16:31:20Z" hostname="7d40054fc4a2" tests="2" skipped="0" failures="0" errors="0" time="2.429">
    <testcase time="2.13" classname="table_lbt07" name="LBT07_is_produced_correctly"/>
    <testcase time="0.299000000000007" classname="table_lbt07" name="LBT07_is_produced_correctly"/>
  </testsuite>
  <testsuite name="table_lbt08" timestamp="2025-02-05T16:31:22Z" hostname="7d40054fc4a2" tests="2" skipped="0" failures="0" errors="0" time="0.398">
    <testcase time="0.278999999999996" classname="table_lbt08" name="LBT08_produce_correctly"/>
    <testcase time="0.119" classname="table_lbt08" name="LBT08_produce_correctly"/>
  </testsuite>
  <testsuite name="table_lbt09" timestamp="2025-02-05T16:31:23Z" hostname="7d40054fc4a2" tests="4" skipped="0" failures="0" errors="0" time="0.993">
    <testcase time="0.335000000000008" classname="table_lbt09" name="LBT09_variant_1_works_as_expected"/>
    <testcase time="0.171999999999997" classname="table_lbt09" name="LBT09_variant_1_works_as_expected"/>
    <testcase time="0.322000000000003" classname="table_lbt09" name="LBT09_variant_2_works_as_expected"/>
    <testcase time="0.163999999999987" classname="table_lbt09" name="LBT09_variant_2_works_as_expected"/>
  </testsuite>
  <testsuite name="table_lbt10" timestamp="2025-02-05T16:31:24Z" hostname="7d40054fc4a2" tests="4" skipped="0" failures="0" errors="0" time="1.382">
    <testcase time="0.783000000000015" classname="table_lbt10" name="LBT10_variant_1_works_as_expected"/>
    <testcase time="0.078000000000003" classname="table_lbt10" name="LBT10_variant_1_works_as_expected"/>
    <testcase time="0.436999999999983" classname="table_lbt10" name="LBT10_variant_2_works_as_expected"/>
    <testcase time="0.0840000000000032" classname="table_lbt10" name="LBT10_variant_2_works_as_expected"/>
  </testsuite>
  <testsuite name="table_lbt10_bl" timestamp="2025-02-05T16:31:25Z" hostname="7d40054fc4a2" tests="4" skipped="0" failures="0" errors="0" time="0.533">
    <testcase time="0.25" classname="table_lbt10_bl" name="LBT10_BL_variant_1_works_as_expected"/>
    <testcase time="0.0949999999999989" classname="table_lbt10_bl" name="LBT10_BL_variant_1_works_as_expected"/>
    <testcase time="0.121999999999986" classname="table_lbt10_bl" name="LBT10_BL_variant_2_works_as_expected"/>
    <testcase time="0.0660000000000025" classname="table_lbt10_bl" name="LBT10_BL_variant_2_works_as_expected"/>
  </testsuite>
  <testsuite name="table_lbt11" timestamp="2025-02-05T16:31:26Z" hostname="7d40054fc4a2" tests="6" skipped="0" failures="0" errors="0" time="0.82">
    <testcase time="0.207999999999998" classname="table_lbt11" name="LBT11_variant_1_works_as_expected"/>
    <testcase time="0.103000000000009" classname="table_lbt11" name="LBT11_variant_1_works_as_expected"/>
    <testcase time="0.111999999999995" classname="table_lbt11" name="LBT11_variant_2_works_as_expected"/>
    <testcase time="0.0900000000000034" classname="table_lbt11" name="LBT11_variant_2_works_as_expected"/>
    <testcase time="0.173000000000002" classname="table_lbt11" name="LBT11_variant_3_works_as_expected"/>
    <testcase time="0.134000000000015" classname="table_lbt11" name="LBT11_variant_3_works_as_expected"/>
  </testsuite>
  <testsuite name="table_lbt11_bl" timestamp="2025-02-05T16:31:26Z" hostname="7d40054fc4a2" tests="6" skipped="0" failures="0" errors="0" time="0.904">
    <testcase time="0.20999999999998" classname="table_lbt11_bl" name="LBT11_BL_variant_1_works_as_expected"/>
    <testcase time="0.120000000000005" classname="table_lbt11_bl" name="LBT11_BL_variant_1_works_as_expected"/>
    <testcase time="0.117000000000019" classname="table_lbt11_bl" name="LBT11_BL_variant_2_works_as_expected"/>
    <testcase time="0.0999999999999943" classname="table_lbt11_bl" name="LBT11_BL_variant_2_works_as_expected"/>
    <testcase time="0.221000000000004" classname="table_lbt11_bl" name="LBT11_BL_variant_3_works_as_expected"/>
    <testcase time="0.135999999999996" classname="table_lbt11_bl" name="LBT11_BL_variant_3_works_as_expected"/>
  </testsuite>
  <testsuite name="table_lbt12" timestamp="2025-02-05T16:31:27Z" hostname="7d40054fc4a2" tests="2" skipped="0" failures="0" errors="0" time="0.416">
    <testcase time="0.322999999999979" classname="table_lbt12" name="LBT12_works_as_expected"/>
    <testcase time="0.0930000000000177" classname="table_lbt12" name="LBT12_works_as_expected"/>
  </testsuite>
  <testsuite name="table_lbt12_bl" timestamp="2025-02-05T16:31:28Z" hostname="7d40054fc4a2" tests="2" skipped="0" failures="0" errors="0" time="0.394">
    <testcase time="0.307999999999993" classname="table_lbt12_bl" name="LBT12_BL_works_as_expected"/>
    <testcase time="0.0860000000000127" classname="table_lbt12_bl" name="LBT12_BL_works_as_expected"/>
  </testsuite>
  <testsuite name="table_lbt13" timestamp="2025-02-05T16:31:29Z" hostname="7d40054fc4a2" tests="10" skipped="0" failures="0" errors="0" time="2.473">
    <testcase time="0.828999999999979" classname="table_lbt13" name="LBT13_variant_1_LOW_works_as_expected"/>
    <testcase time="0.106000000000023" classname="table_lbt13" name="LBT13_variant_1_LOW_works_as_expected"/>
    <testcase time="0.156999999999982" classname="table_lbt13" name="LBT13_variant_2_HIGH_works_as_expected"/>
    <testcase time="0.070999999999998" classname="table_lbt13" name="LBT13_variant_2_HIGH_works_as_expected"/>
    <testcase time="0.265000000000015" classname="table_lbt13" name="LBT13_variant_3_LOW_without_baseline_missing_works_as_expected"/>
    <testcase time="0.10499999999999" classname="table_lbt13" name="LBT13_variant_3_LOW_without_baseline_missing_works_as_expected"/>
    <testcase time="0.152000000000015" classname="table_lbt13" name="LBT13_variant_4_HIGH_with_missing_baseline_considered_as_grade_0_works_as_expected"/>
    <testcase time="0.0699999999999932" classname="table_lbt13" name="LBT13_variant_4_HIGH_with_missing_baseline_considered_as_grade_0_works_as_expected"/>
    <testcase time="0.460999999999984" classname="table_lbt13" name="LBT14_variant_5_HIGH_with_filled_in_grades_works_as_expected"/>
    <testcase time="0.257000000000005" classname="table_lbt13" name="LBT14_variant_5_HIGH_with_filled_in_grades_works_as_expected"/>
  </testsuite>
  <testsuite name="table_lbt14" timestamp="2025-02-05T16:31:31Z" hostname="7d40054fc4a2" tests="10" skipped="0" failures="0" errors="0" time="30.041">
    <testcase time="6.07300000000001" classname="table_lbt14" name="LBT14_variant_1_HIGH_works_as_expected"/>
    <testcase time="0.496999999999986" classname="table_lbt14" name="LBT14_variant_1_HIGH_works_as_expected"/>
    <testcase time="5.48500000000001" classname="table_lbt14" name="LBT14_variant_2_LOW_works_as_expected"/>
    <testcase time="0.367999999999995" classname="table_lbt14" name="LBT14_variant_2_LOW_works_as_expected"/>
    <testcase time="3.46000000000001" classname="table_lbt14" name="LBT14_variant_3_LOW_without_baseline_missing_works_as_expected"/>
    <testcase time="0.432999999999993" classname="table_lbt14" name="LBT14_variant_3_LOW_without_baseline_missing_works_as_expected"/>
    <testcase time="5.43700000000001" classname="table_lbt14" name="LBT14_variant_4_LOW_and_force_1_missing_both_baseline_and_post_baseline_then_force_the_missing_baseline_as_0_as_expected"/>
    <testcase time="0.281000000000006" classname="table_lbt14" name="LBT14_variant_4_LOW_and_force_1_missing_both_baseline_and_post_baseline_then_force_the_missing_baseline_as_0_as_expected"/>
    <testcase time="5.42299999999997" classname="table_lbt14" name="LBT14_variant_5_HIGH_with_fillings_works_as_expected"/>
    <testcase time="2.584" classname="table_lbt14" name="LBT14_variant_5_HIGH_with_fillings_works_as_expected"/>
  </testsuite>
  <testsuite name="table_lbt15" timestamp="2025-02-05T16:32:01Z" hostname="7d40054fc4a2" tests="4" skipped="0" failures="0" errors="0" time="1.467">
    <testcase time="0.584000000000003" classname="table_lbt15" name="LBT15_variant_1_works_as_expected"/>
    <testcase time="0.187999999999988" classname="table_lbt15" name="LBT15_variant_1_works_as_expected"/>
    <testcase time="0.506" classname="table_lbt15" name="LBT15_variant_2_works_as_expected"/>
    <testcase time="0.189000000000021" classname="table_lbt15" name="LBT15_variant_2_works_as_expected"/>
  </testsuite>
  <testsuite name="table_lgrt02" timestamp="2025-02-05T16:32:02Z" hostname="7d40054fc4a2" tests="8" skipped="0" failures="0" errors="0" time="2.766">
    <testcase time="0.509999999999991" classname="table_lgrt02" name="LGRT02_without_interaction_term_is_produced_correctly"/>
    <testcase time="0.138000000000005" classname="table_lgrt02" name="LGRT02_without_interaction_term_is_produced_correctly"/>
    <testcase time="0.579999999999984" classname="table_lgrt02" name="LGRT02_with_categorical_interaction_is_produced_correctly"/>
    <testcase time="0.15900000000002" classname="table_lgrt02" name="LGRT02_with_categorical_interaction_is_produced_correctly"/>
    <testcase time="0.576999999999998" classname="table_lgrt02" name="LGRT02_with_continuous_interaction_is_produced_correctly"/>
    <testcase time="0.162000000000006" classname="table_lgrt02" name="LGRT02_with_continuous_interaction_is_produced_correctly"/>
    <testcase time="0.488999999999976" classname="table_lgrt02" name="LGRT02_with_setting_values_indicating_an_event_and_custom_alpha_level_is_produced_correctly"/>
    <testcase time="0.15100000000001" classname="table_lgrt02" name="LGRT02_with_setting_values_indicating_an_event_and_custom_alpha_level_is_produced_correctly"/>
  </testsuite>
  <testsuite name="table_mht01" timestamp="2025-02-05T16:32:05Z" hostname="7d40054fc4a2" tests="8" skipped="0" failures="0" errors="0" time="1.49">
    <testcase time="0.307999999999993" classname="table_mht01" name="MHT01_variant_1_is_produced_accurately"/>
    <testcase time="0.129000000000019" classname="table_mht01" name="MHT01_variant_1_is_produced_accurately"/>
    <testcase time="0.11099999999999" classname="table_mht01" name="MHT01_variant_2_is_produced_accurately"/>
    <testcase time="0.0689999999999884" classname="table_mht01" name="MHT01_variant_2_is_produced_accurately"/>
    <testcase time="0.254000000000019" classname="table_mht01" name="MHT01_variant_3_is_produced_accurately"/>
    <testcase time="0.114999999999981" classname="table_mht01" name="MHT01_variant_3_is_produced_accurately"/>
    <testcase time="0.363" classname="table_mht01" name="MHT01_variant_5_is_produced_accurately"/>
    <testcase time="0.14100000000002" classname="table_mht01" name="MHT01_variant_5_is_produced_accurately"/>
  </testsuite>
  <testsuite name="table_onct05" timestamp="2025-02-05T16:32:06Z" hostname="7d40054fc4a2" tests="10" skipped="0" failures="0" errors="0" time="2.575">
    <testcase time="0.443999999999988" classname="table_onct05" name="ONCT05_variant_1_Objective_Response_Rate_by_Subgroup_is_produced_correctly"/>
    <testcase time="0.113" classname="table_onct05" name="ONCT05_variant_1_Objective_Response_Rate_by_Subgroup_is_produced_correctly"/>
    <testcase time="0.461000000000013" classname="table_onct05" name="ONCT05_variant_2_Specifying_class_variables_is_produced_correctly"/>
    <testcase time="0.119" classname="table_onct05" name="ONCT05_variant_2_Specifying_class_variables_is_produced_correctly"/>
    <testcase time="0.206999999999994" classname="table_onct05" name="ONCT05_variant_3_selecting_columns_and_changing_the_alpha_level_is_produced_correctly"/>
    <testcase time="0.0829999999999984" classname="table_onct05" name="ONCT05_variant_3_selecting_columns_and_changing_the_alpha_level_is_produced_correctly"/>
    <testcase time="0.436000000000007" classname="table_onct05" name="ONCT05_variant_4_setting_values_indicating_response_is_produced_correctly"/>
    <testcase time="0.113" classname="table_onct05" name="ONCT05_variant_4_setting_values_indicating_response_is_produced_correctly"/>
    <testcase time="0.462999999999994" classname="table_onct05" name="ONCT05_with_risk_difference_column_is_produced_correctly"/>
    <testcase time="0.135999999999996" classname="table_onct05" name="ONCT05_with_risk_difference_column_is_produced_correctly"/>
  </testsuite>
  <testsuite name="table_pdt01" timestamp="2025-02-05T16:32:09Z" hostname="7d40054fc4a2" tests="2" skipped="0" failures="0" errors="0" time="0.401">
    <testcase time="0.257000000000005" classname="table_pdt01" name="PDT01_is_produced_correctly"/>
    <testcase time="0.144000000000005" classname="table_pdt01" name="PDT01_is_produced_correctly"/>
  </testsuite>
  <testsuite name="table_pdt02" timestamp="2025-02-05T16:32:09Z" hostname="7d40054fc4a2" tests="2" skipped="0" failures="0" errors="0" time="0.238">
    <testcase time="0.162999999999982" classname="table_pdt02" name="PDT02_is_produced_correctly"/>
    <testcase time="0.0750000000000171" classname="table_pdt02" name="PDT02_is_produced_correctly"/>
  </testsuite>
  <testsuite name="table_pkct01" timestamp="2025-02-05T16:32:10Z" hostname="7d40054fc4a2" tests="10" skipped="0" failures="0" errors="0" time="3.279">
    <testcase time="0.277999999999992" classname="table_pkct01" name="PKCT01_is_produced_correctly"/>
    <testcase time="0.092000000000013" classname="table_pkct01" name="PKCT01_is_produced_correctly"/>
    <testcase time="0.149999999999977" classname="table_pkct01" name="PKCT01_is_produced_correctly"/>
    <testcase time="0.0590000000000259" classname="table_pkct01" name="PKCT01_is_produced_correctly"/>
    <testcase time="1.01399999999998" classname="table_pkct01" name="Specific_PKCT01_features_are_present"/>
    <testcase time="0.206999999999994" classname="table_pkct01" name="Specific_PKCT01_features_are_present"/>
    <testcase time="0.201000000000022" classname="table_pkct01" name="Specific_PKCT01_features_are_present"/>
    <testcase time="0.0029999999999859" classname="table_pkct01" name="Specific_PKCT01_features_are_present"/>
    <testcase time="0.719999999999999" classname="table_pkct01" name="Specific_PKCT01_features_are_present"/>
    <testcase time="0.555000000000007" classname="table_pkct01" name="Specific_PKCT01_features_are_present"/>
  </testsuite>
  <testsuite name="table_pkpt02" timestamp="2025-02-05T16:32:13Z" hostname="7d40054fc4a2" tests="2" skipped="0" failures="0" errors="0" time="0.569">
    <testcase time="0.335000000000008" classname="table_pkpt02" name="PKPT02_is_produced_correctly_for_Drug_X"/>
    <testcase time="0.23399999999998" classname="table_pkpt02" name="PKPT02_is_produced_correctly_for_Drug_X"/>
  </testsuite>
  <testsuite name="table_pkpt03" timestamp="2025-02-05T16:32:13Z" hostname="7d40054fc4a2" tests="2" skipped="0" failures="0" errors="0" time="1.183">
    <testcase time="0.998999999999995" classname="table_pkpt03" name="PKPT03_Drug_X_is_produced_correctly"/>
    <testcase time="0.184000000000026" classname="table_pkpt03" name="PKPT03_Drug_X_is_produced_correctly"/>
  </testsuite>
  <testsuite name="table_pkpt04" timestamp="2025-02-05T16:32:15Z" hostname="7d40054fc4a2" tests="2" skipped="0" failures="0" errors="0" time="0.207">
    <testcase time="0.121999999999986" classname="table_pkpt04" name="PKPT04_is_produced_correctly_for_Drug_X"/>
    <testcase time="0.085000000000008" classname="table_pkpt04" name="PKPT04_is_produced_correctly_for_Drug_X"/>
  </testsuite>
  <testsuite name="table_pkpt05" timestamp="2025-02-05T16:32:15Z" hostname="7d40054fc4a2" tests="2" skipped="0" failures="0" errors="0" time="0.425">
    <testcase time="0.296999999999997" classname="table_pkpt05" name="PKPT05_Drug_X_is_produced_correctly"/>
    <testcase time="0.127999999999986" classname="table_pkpt05" name="PKPT05_Drug_X_is_produced_correctly"/>
  </testsuite>
  <testsuite name="table_pkpt06" timestamp="2025-02-05T16:32:15Z" hostname="7d40054fc4a2" tests="4" skipped="0" failures="0" errors="0" time="0.276">
    <testcase time="0.0880000000000223" classname="table_pkpt06" name="PKPT06_is_produced_correctly_for_Drug_X"/>
    <testcase time="0.063999999999993" classname="table_pkpt06" name="PKPT06_is_produced_correctly_for_Drug_X"/>
    <testcase time="0.0529999999999973" classname="table_pkpt06" name="PKPT06_is_produced_correctly_for_Drug_Y"/>
    <testcase time="0.070999999999998" classname="table_pkpt06" name="PKPT06_is_produced_correctly_for_Drug_Y"/>
  </testsuite>
  <testsuite name="table_pkpt07" timestamp="2025-02-05T16:32:15Z" hostname="7d40054fc4a2" tests="4" skipped="0" failures="0" errors="0" time="0.542">
    <testcase time="0.207999999999998" classname="table_pkpt07" name="PKPT07_Drug_X_is_produced_correctly"/>
    <testcase time="0.115000000000009" classname="table_pkpt07" name="PKPT07_Drug_X_is_produced_correctly"/>
    <testcase time="0.114999999999981" classname="table_pkpt07" name="PKPT07_Drug_Y_is_produced_correctly"/>
    <testcase time="0.104000000000013" classname="table_pkpt07" name="PKPT07_Drug_Y_is_produced_correctly"/>
  </testsuite>
  <testsuite name="table_ratet01" timestamp="2025-02-05T16:32:16Z" hostname="7d40054fc4a2" tests="2" skipped="0" failures="0" errors="0" time="1.241">
    <testcase time="1.077" classname="table_ratet01" name="RATET01_is_produced_correctly"/>
    <testcase time="0.163999999999987" classname="table_ratet01" name="RATET01_is_produced_correctly"/>
  </testsuite>
  <testsuite name="table_rmpt01" timestamp="2025-02-05T16:32:17Z" hostname="7d40054fc4a2" tests="2" skipped="0" failures="0" errors="0" time="0.209">
    <testcase time="0.152000000000015" classname="table_rmpt01" name="RMPT01_is_produced_correctly"/>
    <testcase time="0.0569999999999879" classname="table_rmpt01" name="RMPT01_is_produced_correctly"/>
  </testsuite>
  <testsuite name="table_rmpt03" timestamp="2025-02-05T16:32:17Z" hostname="7d40054fc4a2" tests="4" skipped="0" failures="0" errors="0" time="0.553">
    <testcase time="0.213000000000022" classname="table_rmpt03" name="RMPT03_variant_1_is_produced_correctly"/>
    <testcase time="0.0829999999999984" classname="table_rmpt03" name="RMPT03_variant_1_is_produced_correctly"/>
    <testcase time="0.168999999999983" classname="table_rmpt03" name="RMPT03_variant_2_is_produced_correctly"/>
    <testcase time="0.0879999999999939" classname="table_rmpt03" name="RMPT03_variant_2_is_produced_correctly"/>
  </testsuite>
  <testsuite name="table_rmpt04" timestamp="2025-02-05T16:32:18Z" hostname="7d40054fc4a2" tests="2" skipped="0" failures="0" errors="0" time="0.233">
    <testcase time="0.167000000000002" classname="table_rmpt04" name="RMPT04_variant_1_is_produced_correctly"/>
    <testcase time="0.0660000000000025" classname="table_rmpt04" name="RMPT04_variant_1_is_produced_correctly"/>
  </testsuite>
  <testsuite name="table_rmpt05" timestamp="2025-02-05T16:32:18Z" hostname="7d40054fc4a2" tests="2" skipped="0" failures="0" errors="0" time="0.219">
    <testcase time="0.147999999999996" classname="table_rmpt05" name="RMPT05_is_produced_correctly"/>
    <testcase time="0.0710000000000264" classname="table_rmpt05" name="RMPT05_is_produced_correctly"/>
  </testsuite>
  <testsuite name="table_rmpt06" timestamp="2025-02-05T16:32:19Z" hostname="7d40054fc4a2" tests="8" skipped="0" failures="0" errors="0" time="1.607">
    <testcase time="0.367999999999995" classname="table_rmpt06" name="RMPT06_variant_1_is_produced_correctly"/>
    <testcase time="0.105999999999995" classname="table_rmpt06" name="RMPT06_variant_1_is_produced_correctly"/>
    <testcase time="0.216000000000008" classname="table_rmpt06" name="RMPT06_variant_2_is_produced_correctly"/>
    <testcase time="0.0840000000000032" classname="table_rmpt06" name="RMPT06_variant_2_is_produced_correctly"/>
    <testcase time="0.290999999999997" classname="table_rmpt06" name="RMPT06_variant_3_is_produced_correctly"/>
    <testcase time="0.133999999999986" classname="table_rmpt06" name="RMPT06_variant_3_is_produced_correctly"/>
    <testcase time="0.293000000000006" classname="table_rmpt06" name="RMPT06_variant_4_is_produced_correctly"/>
    <testcase time="0.115000000000009" classname="table_rmpt06" name="RMPT06_variant_4_is_produced_correctly"/>
  </testsuite>
  <testsuite name="table_rspt01" timestamp="2025-02-05T16:32:20Z" hostname="7d40054fc4a2" tests="12" skipped="0" failures="0" errors="0" time="2.4">
    <testcase time="0.281999999999982" classname="table_rspt01" name="RSPT01_1._Best_Overall_Response"/>
    <testcase time="0.129999999999995" classname="table_rspt01" name="RSPT01_1._Best_Overall_Response"/>
    <testcase time="0.25" classname="table_rspt01" name="RSPT01_2._Best_Overall_Response_selecting_sections_to_display_"/>
    <testcase time="0.105000000000018" classname="table_rspt01" name="RSPT01_2._Best_Overall_Response_selecting_sections_to_display_"/>
    <testcase time="0.316000000000003" classname="table_rspt01" name="RSPT01_3._Best_Overall_Response_modifying_settings_"/>
    <testcase time="0.125999999999976" classname="table_rspt01" name="RSPT01_3._Best_Overall_Response_modifying_settings_"/>
    <testcase time="0.346000000000004" classname="table_rspt01" name="RSPT01_4._Best_Overall_Response_with_stratified_analysis_"/>
    <testcase time="0.126000000000005" classname="table_rspt01" name="RSPT01_4._Best_Overall_Response_with_stratified_analysis_"/>
    <testcase time="0.269000000000005" classname="table_rspt01" name="RSPT01_5._Best_Overall_Response_modifying_the_definition_of_overall_response_"/>
    <testcase time="0.132000000000005" classname="table_rspt01" name="RSPT01_5._Best_Overall_Response_modifying_the_definition_of_overall_response_"/>
    <testcase time="0.222999999999985" classname="table_rspt01" name="RSPT01_6._Best_Overall_Response_define_new_sections_to_display_"/>
    <testcase time="0.0949999999999989" classname="table_rspt01" name="RSPT01_6._Best_Overall_Response_define_new_sections_to_display_"/>
  </testsuite>
  <testsuite name="table_ttet01" timestamp="2025-02-05T16:32:22Z" hostname="7d40054fc4a2" tests="14" skipped="0" failures="0" errors="0" time="3.588">
    <testcase time="0.437000000000012" classname="table_ttet01" name="TTET01_default_variant_is_produced_correctly"/>
    <testcase time="0.167000000000002" classname="table_ttet01" name="TTET01_default_variant_is_produced_correctly"/>
    <testcase time="0.420999999999992" classname="table_ttet01" name="TTET01_default_variant_with_Placebo_arm"/>
    <testcase time="0.162000000000006" classname="table_ttet01" name="TTET01_default_variant_with_Placebo_arm"/>
    <testcase time="0.222000000000008" classname="table_ttet01" name="TTET01_variant_2_selecting_sections_to_display"/>
    <testcase time="0.145999999999987" classname="table_ttet01" name="TTET01_variant_2_selecting_sections_to_display"/>
    <testcase time="0.326999999999998" classname="table_ttet01" name="TTET01_variant_3_modifying_analysis_details_like_conftype_ties_alpha_level"/>
    <testcase time="0.134000000000015" classname="table_ttet01" name="TTET01_variant_3_modifying_analysis_details_like_conftype_ties_alpha_level"/>
    <testcase time="0.388999999999982" classname="table_ttet01" name="TTET01_variant_4_with_stratified_analysis"/>
    <testcase time="0.149000000000001" classname="table_ttet01" name="TTET01_variant_4_with_stratified_analysis"/>
    <testcase time="0.322000000000003" classname="table_ttet01" name="TTET01_variant_5_modifying_time_point"/>
    <testcase time="0.156000000000006" classname="table_ttet01" name="TTET01_variant_5_modifying_time_point"/>
    <testcase time="0.390999999999991" classname="table_ttet01" name="TTET01_variant_6_requesting_more_than_one_p_value"/>
    <testcase time="0.16500000000002" classname="table_ttet01" name="TTET01_variant_6_requesting_more_than_one_p_value"/>
  </testsuite>
  <testsuite name="table_vst01" timestamp="2025-02-05T16:32:27Z" hostname="7d40054fc4a2" tests="2" skipped="0" failures="0" errors="0" time="2.181">
    <testcase time="1.744" classname="table_vst01" name="VST01_default_variant_is_produced_correctly"/>
    <testcase time="0.436999999999983" classname="table_vst01" name="VST01_default_variant_is_produced_correctly"/>
  </testsuite>
  <testsuite name="table_vst02" timestamp="2025-02-05T16:32:29Z" hostname="7d40054fc4a2" tests="4" skipped="0" failures="0" errors="0" time="1.538">
    <testcase time="1.071" classname="table_vst02" name="1._Vital_Sign_Abnormalities_Regardless_of_Abnormality_at_Baseline_VST02_1_"/>
    <testcase time="0.0980000000000132" classname="table_vst02" name="1._Vital_Sign_Abnormalities_Regardless_of_Abnormality_at_Baseline_VST02_1_"/>
    <testcase time="0.269999999999982" classname="table_vst02" name="2._Vital_Sign_Abnormalities_Among_Subject_Without_Abnormality_at_Baseline_VST02_2_"/>
    <testcase time="0.099000000000018" classname="table_vst02" name="2._Vital_Sign_Abnormalities_Among_Subject_Without_Abnormality_at_Baseline_VST02_2_"/>
  </testsuite>
</testsuites>
