<?xml version="1.0" encoding="UTF-8"?>
<testsuites>
  <testsuite name="listing_adal02" timestamp="2024-06-04T14:48:25Z" hostname="42a86acce1b3" tests="1" skipped="1" failures="0" errors="0" time="0.205">
    <testcase time="0.205" classname="listing_adal02" name="ADAL02_listing_is_produced_correctly">
      <skipped message="Reason: On CRAN ('test-listing_adal02.R:109:3')"/>
    </testcase>
  </testsuite>
  <testsuite name="listing_ael01" timestamp="2024-06-04T14:48:25Z" hostname="42a86acce1b3" tests="1" skipped="1" failures="0" errors="0" time="0.217">
    <testcase time="0.217000000000001" classname="listing_ael01" name="AEL01_listing_is_produced_correctly">
      <skipped message="Reason: On CRAN ('test-listing_ael01.R:20:3')"/>
    </testcase>
  </testsuite>
  <testsuite name="listing_ael01_nollt" timestamp="2024-06-04T14:48:25Z" hostname="42a86acce1b3" tests="1" skipped="1" failures="0" errors="0" time="0.07">
    <testcase time="0.0699999999999994" classname="listing_ael01_nollt" name="AEL01_NOLLT_listing_is_produced_correctly">
      <skipped message="Reason: On CRAN ('test-listing_ael01_nollt.R:23:3')"/>
    </testcase>
  </testsuite>
  <testsuite name="listing_ael02" timestamp="2024-06-04T14:48:26Z" hostname="42a86acce1b3" tests="1" skipped="1" failures="0" errors="0" time="0.277">
    <testcase time="0.277" classname="listing_ael02" name="AEL02_listing_is_produced_correctly">
      <skipped message="Reason: On CRAN ('test-listing_ael02.R:60:3')"/>
    </testcase>
  </testsuite>
  <testsuite name="listing_ael02_ed" timestamp="2024-06-04T14:48:26Z" hostname="42a86acce1b3" tests="1" skipped="1" failures="0" errors="0" time="0.311">
    <testcase time="0.311" classname="listing_ael02_ed" name="AEL02_ED_listing_is_produced_correctly">
      <skipped message="Reason: On CRAN ('test-listing_ael02_ed.R:77:3')"/>
    </testcase>
  </testsuite>
  <testsuite name="listing_ael03" timestamp="2024-06-04T14:48:26Z" hostname="42a86acce1b3" tests="1" skipped="1" failures="0" errors="0" time="0.268">
    <testcase time="0.268000000000001" classname="listing_ael03" name="AEL03_listing_is_produced_correctly">
      <skipped message="Reason: On CRAN ('test-listing_ael03.R:73:3')"/>
    </testcase>
  </testsuite>
  <testsuite name="listing_ael04" timestamp="2024-06-04T14:48:26Z" hostname="42a86acce1b3" tests="1" skipped="1" failures="0" errors="0" time="0.189">
    <testcase time="0.188999999999999" classname="listing_ael04" name="AEL04_listing_is_produced_correctly">
      <skipped message="Reason: On CRAN ('test-listing_ael04.R:30:3')"/>
    </testcase>
  </testsuite>
  <testsuite name="listing_cml01" timestamp="2024-06-04T14:48:27Z" hostname="42a86acce1b3" tests="1" skipped="1" failures="0" errors="0" time="0.293">
    <testcase time="0.293" classname="listing_cml01" name="CML01_listing_is_produced_correctly">
      <skipped message="Reason: On CRAN ('test-listing_cml01.R:41:3')"/>
    </testcase>
  </testsuite>
  <testsuite name="listing_cml02a_gl" timestamp="2024-06-04T14:48:27Z" hostname="42a86acce1b3" tests="1" skipped="1" failures="0" errors="0" time="0.061">
    <testcase time="0.0609999999999999" classname="listing_cml02a_gl" name="CML02A_GL_listing_is_produced_correctly">
      <skipped message="Reason: On CRAN ('test-listing_cml02a_gl.R:19:3')"/>
    </testcase>
  </testsuite>
  <testsuite name="listing_cml02b_gl" timestamp="2024-06-04T14:48:27Z" hostname="42a86acce1b3" tests="1" skipped="1" failures="0" errors="0" time="0.087">
    <testcase time="0.0870000000000006" classname="listing_cml02b_gl" name="CML02B_GL_listing_is_produced_correctly">
      <skipped message="Reason: On CRAN ('test-listing_cml02b_gl.R:22:3')"/>
    </testcase>
  </testsuite>
  <testsuite name="listing_dsl01" timestamp="2024-06-04T14:48:27Z" hostname="42a86acce1b3" tests="1" skipped="1" failures="0" errors="0" time="0.152">
    <testcase time="0.152" classname="listing_dsl01" name="DSL01_listing_is_produced_correctly">
      <skipped message="Reason: On CRAN ('test-listing_dsl01.R:31:3')"/>
    </testcase>
  </testsuite>
  <testsuite name="listing_dsl02" timestamp="2024-06-04T14:48:27Z" hostname="42a86acce1b3" tests="1" skipped="1" failures="0" errors="0" time="0.066">
    <testcase time="0.0659999999999989" classname="listing_dsl02" name="DSL02_listing_is_produced_correctly">
      <skipped message="Reason: On CRAN ('test-listing_dsl02.R:33:3')"/>
    </testcase>
  </testsuite>
  <testsuite name="listing_dsur4" timestamp="2024-06-04T14:48:27Z" hostname="42a86acce1b3" tests="1" skipped="1" failures="0" errors="0" time="0.101">
    <testcase time="0.101000000000001" classname="listing_dsur4" name="DSUR4_listing_is_produced_correctly">
      <skipped message="Reason: On CRAN ('test-listing_dsur4.R:22:3')"/>
    </testcase>
  </testsuite>
  <testsuite name="listing_egl01" timestamp="2024-06-04T14:48:27Z" hostname="42a86acce1b3" tests="1" skipped="1" failures="0" errors="0" time="0.302">
    <testcase time="0.302" classname="listing_egl01" name="EGL01_listing_is_produced_correctly">
      <skipped message="Reason: On CRAN ('test-listing_egl01.R:61:3')"/>
    </testcase>
  </testsuite>
  <testsuite name="listing_exl01" timestamp="2024-06-04T14:48:28Z" hostname="42a86acce1b3" tests="1" skipped="1" failures="0" errors="0" time="0.218">
    <testcase time="0.218" classname="listing_exl01" name="EXL01_listing_is_produced_correctly">
      <skipped message="Reason: On CRAN ('test-listing_exl01.R:29:3')"/>
    </testcase>
  </testsuite>
  <testsuite name="listing_lbl01" timestamp="2024-06-04T14:48:28Z" hostname="42a86acce1b3" tests="1" skipped="1" failures="0" errors="0" time="0.512">
    <testcase time="0.512" classname="listing_lbl01" name="LBL01_listing_is_produced_correctly">
      <skipped message="Reason: On CRAN ('test-listing_lbl01.R:52:3')"/>
    </testcase>
  </testsuite>
  <testsuite name="listing_lbl01_rls" timestamp="2024-06-04T14:48:28Z" hostname="42a86acce1b3" tests="1" skipped="1" failures="0" errors="0" time="0.523">
    <testcase time="0.523" classname="listing_lbl01_rls" name="LBL01_RLS_listing_is_produced_correctly">
      <skipped message="Reason: On CRAN ('test-listing_lbl01_rls.R:58:3')"/>
    </testcase>
  </testsuite>
  <testsuite name="listing_lbl02a" timestamp="2024-06-04T14:48:29Z" hostname="42a86acce1b3" tests="1" skipped="1" failures="0" errors="0" time="0.243">
    <testcase time="0.243" classname="listing_lbl02a" name="LBL02A_listing_is_produced_correctly">
      <skipped message="Reason: On CRAN ('test-listing_lbl02a.R:50:3')"/>
    </testcase>
  </testsuite>
  <testsuite name="listing_lbl02a_rls" timestamp="2024-06-04T14:48:29Z" hostname="42a86acce1b3" tests="1" skipped="1" failures="0" errors="0" time="0.809">
    <testcase time="0.808999999999999" classname="listing_lbl02a_rls" name="LBL02A_RLS_listing_is_produced_correctly">
      <skipped message="Reason: On CRAN ('test-listing_lbl02a_rls.R:79:3')"/>
    </testcase>
  </testsuite>
  <testsuite name="listing_lbl02b" timestamp="2024-06-04T14:48:30Z" hostname="42a86acce1b3" tests="1" skipped="1" failures="0" errors="0" time="0.235">
    <testcase time="0.235000000000001" classname="listing_lbl02b" name="LBL02B_listing_is_produced_correctly">
      <skipped message="Reason: On CRAN ('test-listing_lbl02b.R:56:3')"/>
    </testcase>
  </testsuite>
  <testsuite name="listing_mhl01" timestamp="2024-06-04T14:48:30Z" hostname="42a86acce1b3" tests="1" skipped="1" failures="0" errors="0" time="0.24">
    <testcase time="0.239999999999998" classname="listing_mhl01" name="MHL01_listing_is_produced_correctly">
      <skipped message="Reason: On CRAN ('test-listing_mhl01.R:33:3')"/>
    </testcase>
  </testsuite>
  <testsuite name="listing_oncl01" timestamp="2024-06-04T14:48:30Z" hostname="42a86acce1b3" tests="1" skipped="1" failures="0" errors="0" time="0.223">
    <testcase time="0.223000000000001" classname="listing_oncl01" name="ONCL01_listing_is_produced_correctly">
      <skipped message="Reason: On CRAN ('test-listing_oncl01.R:61:3')"/>
    </testcase>
  </testsuite>
  <testsuite name="listing_pkcl01" timestamp="2024-06-04T14:48:31Z" hostname="42a86acce1b3" tests="1" skipped="1" failures="0" errors="0" time="0.174">
    <testcase time="0.173999999999999" classname="listing_pkcl01" name="PKCL01_listing_is_produced_correctly">
      <skipped message="Reason: On CRAN ('test-listing_pkcl01.R:28:3')"/>
    </testcase>
  </testsuite>
  <testsuite name="listing_pkcl02" timestamp="2024-06-04T14:48:31Z" hostname="42a86acce1b3" tests="1" skipped="0" failures="0" errors="1" time="0.042">
    <testcase time="0.0419999999999998" classname="listing_pkcl02" name="PKCL02_listing_is_produced_correctly">
      <error type="error" message="Error in `filter(., TRT01A == &quot;Xanomeline High Dose&quot;, PCTEST == drug_a,  ('test-listing_pkcl02.R:5:3')">Error in `filter(., TRT01A == "Xanomeline High Dose", PCTEST == drug_a, 
    PARCAT1 == spec)`: i In argument: `PARCAT1 == spec`.
Caused by error:
! object 'PARCAT1' not found
Backtrace:
     x
  1. +-... %&gt;% ... at test-listing_pkcl02.R:5:3
  2. +-dplyr::filter(...)
  3. +-dplyr:::filter.data.frame(...)
  4. | \-dplyr:::filter_rows(.data, dots, by)
  5. |   \-dplyr:::filter_eval(...)
  6. |     +-base::withCallingHandlers(...)
  7. |     \-mask$eval_all_filter(dots, env_filter)
  8. |       \-dplyr (local) eval()
  9. \-base::.handleSimpleError(...)
 10.   \-dplyr (local) h(simpleError(msg, call))
 11.     \-rlang::abort(message, class = error_class, parent = parent, call = error_call)</error>
    </testcase>
  </testsuite>
  <testsuite name="listing_pkpl01" timestamp="2024-06-04T14:48:31Z" hostname="42a86acce1b3" tests="1" skipped="1" failures="0" errors="0" time="0.313">
    <testcase time="0.312999999999999" classname="listing_pkpl01" name="PKPL01_listing_is_produced_correctly">
      <skipped message="Reason: On CRAN ('test-listing_pkpl01.R:38:3')"/>
    </testcase>
  </testsuite>
  <testsuite name="listing_pkpl02" timestamp="2024-06-04T14:48:31Z" hostname="42a86acce1b3" tests="1" skipped="0" failures="0" errors="1" time="0.035">
    <testcase time="0.0350000000000001" classname="listing_pkpl02" name="PKPL02_listing_is_produced_correctly">
      <error type="error" message="&lt;dplyr:::mutate_error/rlang_error/error/condition&gt; ('test-listing_pkpl02.R:12:3')">&lt;dplyr:::mutate_error/rlang_error/error/condition&gt;
Error in `mutate(., PARAM = paste0(PPTEST, " (", AVALU, ")"))`: i In argument: `PARAM = paste0(PPTEST, " (", AVALU, ")")`.
Caused by error:
! object 'AVALU' not found
Backtrace:
     x
  1. +-... %&gt;% ... at test-listing_pkpl02.R:12:3
  2. +-tidyr::pivot_wider(...)
  3. +-base::unique(.)
  4. +-dplyr::select(., TRT01A, USUBJID, AVISIT, PARAM, AVAL)
  5. +-dplyr::mutate(., PARAM = paste0(PPTEST, " (", AVALU, ")"))
  6. +-dplyr:::mutate.data.frame(., PARAM = paste0(PPTEST, " (", AVALU, ")"))
  7. | \-dplyr:::mutate_cols(.data, dplyr_quosures(...), by)
  8. |   +-base::withCallingHandlers(...)
  9. |   \-dplyr:::mutate_col(dots[[i]], data, mask, new_columns)
 10. |     \-mask$eval_all_mutate(quo)
 11. |       \-dplyr (local) eval()
 12. +-base::paste0(PPTEST, " (", AVALU, ")")
 13. \-base::.handleSimpleError(...)
 14.   \-dplyr (local) h(simpleError(msg, call))
 15.     \-rlang::abort(message, class = error_class, parent = parent, call = error_call)</error>
    </testcase>
  </testsuite>
  <testsuite name="listing_pkpl04" timestamp="2024-06-04T14:48:31Z" hostname="42a86acce1b3" tests="1" skipped="0" failures="0" errors="1" time="0.123">
    <testcase time="0.123000000000001" classname="listing_pkpl04" name="PKPL04_listing_is_produced_correctly">
      <error type="error" message="&lt;dplyr:::mutate_error/rlang_error/error/condition&gt; ('test-listing_pkpl04.R:7:3')">&lt;dplyr:::mutate_error/rlang_error/error/condition&gt;
Error in `mutate(., PARAM_U = paste0(PPTEST, " (", AVALU, ")"))`: i In argument: `PARAM_U = paste0(PPTEST, " (", AVALU, ")")`.
Caused by error:
! object 'AVALU' not found
Backtrace:
     x
  1. +-... %&gt;% unique() at test-listing_pkpl04.R:7:3
  2. +-base::unique(.)
  3. +-dplyr::select(., USUBJID, PARAM_U, TRT01A, AVAL)
  4. +-dplyr::mutate(., PARAM_U = paste0(PPTEST, " (", AVALU, ")"))
  5. +-dplyr:::mutate.data.frame(., PARAM_U = paste0(PPTEST, " (", AVALU, ")"))
  6. | \-dplyr:::mutate_cols(.data, dplyr_quosures(...), by)
  7. |   +-base::withCallingHandlers(...)
  8. |   \-dplyr:::mutate_col(dots[[i]], data, mask, new_columns)
  9. |     \-mask$eval_all_mutate(quo)
 10. |       \-dplyr (local) eval()
 11. +-base::paste0(PPTEST, " (", AVALU, ")")
 12. \-base::.handleSimpleError(...)
 13.   \-dplyr (local) h(simpleError(msg, call))
 14.     \-rlang::abort(message, class = error_class, parent = parent, call = error_call)</error>
    </testcase>
  </testsuite>
  <testsuite name="listing_vsl01" timestamp="2024-06-04T14:48:31Z" hostname="42a86acce1b3" tests="1" skipped="1" failures="0" errors="0" time="0.54">
    <testcase time="0.539999999999999" classname="listing_vsl01" name="VSL01_listing_is_produced_correctly">
      <skipped message="Reason: On CRAN ('test-listing_vsl01.R:83:3')"/>
    </testcase>
  </testsuite>
  <testsuite name="pagination_listing" timestamp="2024-06-04T14:48:32Z" hostname="42a86acce1b3" tests="13" skipped="0" failures="0" errors="0" time="5.625">
    <testcase time="0.0380000000000003" classname="pagination_listing" name="Direct_pagination_works_fine"/>
    <testcase time="0.944000000000001" classname="pagination_listing" name="Direct_pagination_works_fine"/>
    <testcase time="0.00300000000000011" classname="pagination_listing" name="Direct_pagination_works_fine"/>
    <testcase time="0.845999999999998" classname="pagination_listing" name="Direct_pagination_works_fine"/>
    <testcase time="1.196" classname="pagination_listing" name="Direct_pagination_works_fine"/>
    <testcase time="1.273" classname="pagination_listing" name="pagination_counts_the_right_number_of_lines_when_wrapping_on_keycols_is_present"/>
    <testcase time="0.00600000000000023" classname="pagination_listing" name="pagination_counts_the_right_number_of_lines_when_wrapping_on_keycols_is_present"/>
    <testcase time="0.00500000000000256" classname="pagination_listing" name="pagination_counts_the_right_number_of_lines_when_wrapping_on_keycols_is_present"/>
    <testcase time="0.00300000000000011" classname="pagination_listing" name="pagination_counts_the_right_number_of_lines_when_wrapping_on_keycols_is_present"/>
    <testcase time="1.289" classname="pagination_listing" name="pagination_counts_the_right_number_of_lines_when_wrapping_on_keycols_is_present"/>
    <testcase time="0.0120000000000005" classname="pagination_listing" name="pagination_counts_the_right_number_of_lines_when_wrapping_on_keycols_is_present"/>
    <testcase time="0.00600000000000023" classname="pagination_listing" name="pagination_counts_the_right_number_of_lines_when_wrapping_on_keycols_is_present"/>
    <testcase time="0.00400000000000134" classname="pagination_listing" name="pagination_counts_the_right_number_of_lines_when_wrapping_on_keycols_is_present"/>
  </testsuite>
  <testsuite name="pagination_table" timestamp="2024-06-04T14:48:39Z" hostname="42a86acce1b3" tests="21" skipped="6" failures="0" errors="0" time="11.509">
    <testcase time="1.861" classname="pagination_table" name="Direct_pagination_with_standard_values"/>
    <testcase time="0.00500000000000256" classname="pagination_table" name="Direct_pagination_with_standard_values"/>
    <testcase time="0.00300000000000011" classname="pagination_table" name="Direct_pagination_with_standard_values"/>
    <testcase time="1.475" classname="pagination_table" name="Pagination_with_specific_column_widths_and_minimum_lines_per_page"/>
    <testcase time="0.00400000000000134" classname="pagination_table" name="Pagination_with_specific_column_widths_and_minimum_lines_per_page"/>
    <testcase time="0.0859999999999985" classname="pagination_table" name="Pagination_with_specific_column_widths_and_minimum_lines_per_page">
      <skipped message="Reason: On CRAN ('test-pagination_table.R:76:3')"/>
    </testcase>
    <testcase time="0.913" classname="pagination_table" name="Pagination_works_also_if_table_is_decorated"/>
    <testcase time="0.506" classname="pagination_table" name="Pagination_works_also_if_table_is_decorated"/>
    <testcase time="0.772000000000002" classname="pagination_table" name="Pagination_works_also_if_table_is_decorated"/>
    <testcase time="0.634999999999998" classname="pagination_table" name="Pagination_works_also_if_table_is_decorated"/>
    <testcase time="1.306" classname="pagination_table" name="Pagination_works_also_if_table_is_decorated"/>
    <testcase time="0.297000000000001" classname="pagination_table" name="Pagination_works_also_if_table_is_decorated"/>
    <testcase time="0.00300000000000011" classname="pagination_table" name="Pagination_works_also_if_table_is_decorated"/>
    <testcase time="0.00600000000000023" classname="pagination_table" name="Pagination_works_also_if_table_is_decorated">
      <skipped message="Reason: On CRAN ('test-pagination_table.R:126:3')"/>
    </testcase>
    <testcase time="0.669" classname="pagination_table" name="Pagination_works_for_page_types">
      <skipped message="Reason: On CRAN ('test-pagination_table.R:135:3')"/>
    </testcase>
    <testcase time="0.671999999999997" classname="pagination_table" name="Pagination_works_for_page_width_and_height">
      <skipped message="Reason: On CRAN ('test-pagination_table.R:148:3')"/>
    </testcase>
    <testcase time="0.751000000000001" classname="pagination_table" name="Pagination_works_for_page_types">
      <skipped message="Reason: On CRAN ('test-pagination_table.R:162:3')"/>
    </testcase>
    <testcase time="0.835000000000001" classname="pagination_table" name="AET04_variant_2_page_by_pagination_tests"/>
    <testcase time="0.582999999999998" classname="pagination_table" name="AET04_variant_2_page_by_pagination_tests"/>
    <testcase time="0.00100000000000122" classname="pagination_table" name="AET04_variant_2_page_by_pagination_tests"/>
    <testcase time="0.126000000000001" classname="pagination_table" name="AET04_variant_2_page_by_pagination_tests">
      <skipped message="Reason: On CRAN ('test-pagination_table.R:217:3')"/>
    </testcase>
  </testsuite>
  <testsuite name="table_adat03" timestamp="2024-06-04T14:48:49Z" hostname="42a86acce1b3" tests="2" skipped="1" failures="0" errors="0" time="0.549">
    <testcase time="0.440000000000001" classname="table_adat03" name="ADAT03_is_produced_correctly"/>
    <testcase time="0.108999999999998" classname="table_adat03" name="ADAT03_is_produced_correctly">
      <skipped message="Reason: On CRAN ('test-table_adat03.R:72:3')"/>
    </testcase>
  </testsuite>
  <testsuite name="table_aet01" timestamp="2024-06-04T14:48:50Z" hostname="42a86acce1b3" tests="8" skipped="4" failures="0" errors="0" time="1.74">
    <testcase time="0.387" classname="table_aet01" name="Safety_Summary_Variant_1_works_as_expected"/>
    <testcase time="0.0950000000000024" classname="table_aet01" name="Safety_Summary_Variant_1_works_as_expected">
      <skipped message="Reason: On CRAN ('test-table_aet01.R:105:3')"/>
    </testcase>
    <testcase time="0.327999999999999" classname="table_aet01" name="Safety_Summary_Variant_2_with_Medical_Concepts_Section_works_as_expected"/>
    <testcase time="0.106999999999999" classname="table_aet01" name="Safety_Summary_Variant_2_with_Medical_Concepts_Section_works_as_expected">
      <skipped message="Reason: On CRAN ('test-table_aet01.R:172:3')"/>
    </testcase>
    <testcase time="0.27" classname="table_aet01" name="Safety_Summary_Variant_3_with_Modified_Rows_works_as_expected"/>
    <testcase time="0.0719999999999992" classname="table_aet01" name="Safety_Summary_Variant_3_with_Modified_Rows_works_as_expected">
      <skipped message="Reason: On CRAN ('test-table_aet01.R:233:3')"/>
    </testcase>
    <testcase time="0.370000000000001" classname="table_aet01" name="Safety_Summary_Variant_4_with_Rows_Counting_Events_and_Additional_Sections_works_as_expected"/>
    <testcase time="0.110999999999997" classname="table_aet01" name="Safety_Summary_Variant_4_with_Rows_Counting_Events_and_Additional_Sections_works_as_expected">
      <skipped message="Reason: On CRAN ('test-table_aet01.R:310:3')"/>
    </testcase>
  </testsuite>
  <testsuite name="table_aet01_aesi" timestamp="2024-06-04T14:48:51Z" hostname="42a86acce1b3" tests="8" skipped="4" failures="0" errors="0" time="2.547">
    <testcase time="0.251000000000005" classname="table_aet01_aesi" name="AET01_AESI_Variant_1_works_as_expected"/>
    <testcase time="0.088000000000001" classname="table_aet01_aesi" name="AET01_AESI_Variant_1_works_as_expected">
      <skipped message="Reason: On CRAN ('test-table_aet01_aesi.R:115:3')"/>
    </testcase>
    <testcase time="0.452999999999996" classname="table_aet01_aesi" name="AET01_AESI_Variant_2_works_as_expected"/>
    <testcase time="0.133000000000003" classname="table_aet01_aesi" name="AET01_AESI_Variant_2_works_as_expected">
      <skipped message="Reason: On CRAN ('test-table_aet01_aesi.R:181:3')"/>
    </testcase>
    <testcase time="0.656999999999996" classname="table_aet01_aesi" name="AET01_AESI_Variant_3_works_as_expected"/>
    <testcase time="0.191000000000003" classname="table_aet01_aesi" name="AET01_AESI_Variant_3_works_as_expected">
      <skipped message="Reason: On CRAN ('test-table_aet01_aesi.R:410:3')"/>
    </testcase>
    <testcase time="0.564" classname="table_aet01_aesi" name="AET01_AESI_Variant_4_works_as_expected"/>
    <testcase time="0.210000000000001" classname="table_aet01_aesi" name="AET01_AESI_Variant_4_works_as_expected">
      <skipped message="Reason: On CRAN ('test-table_aet01_aesi.R:550:3')"/>
    </testcase>
  </testsuite>
  <testsuite name="table_aet02" timestamp="2024-06-04T14:48:54Z" hostname="42a86acce1b3" tests="24" skipped="12" failures="0" errors="0" time="7.556">
    <testcase time="0.552" classname="table_aet02" name="AET02_variant_1_is_produced_correctly"/>
    <testcase time="0.164000000000001" classname="table_aet02" name="AET02_variant_1_is_produced_correctly">
      <skipped message="Reason: On CRAN ('test-table_aet02.R:66:3')"/>
    </testcase>
    <testcase time="0.658000000000001" classname="table_aet02" name="AET02_variant_2_is_produced_correctly"/>
    <testcase time="0.165999999999997" classname="table_aet02" name="AET02_variant_2_is_produced_correctly">
      <skipped message="Reason: On CRAN ('test-table_aet02.R:129:3')"/>
    </testcase>
    <testcase time="0.978000000000002" classname="table_aet02" name="AET02_variant_3_is_produced_correctly"/>
    <testcase time="0.283000000000001" classname="table_aet02" name="AET02_variant_3_is_produced_correctly">
      <skipped message="Reason: On CRAN ('test-table_aet02.R:195:3')"/>
    </testcase>
    <testcase time="0.109999999999999" classname="table_aet02" name="AET02_variant_4_is_produced_correctly"/>
    <testcase time="0.0889999999999986" classname="table_aet02" name="AET02_variant_4_is_produced_correctly">
      <skipped message="Reason: On CRAN ('test-table_aet02.R:220:3')"/>
    </testcase>
    <testcase time="0.414999999999999" classname="table_aet02" name="AET02_variant_5_is_produced_correctly"/>
    <testcase time="0.146000000000001" classname="table_aet02" name="AET02_variant_5_is_produced_correctly">
      <skipped message="Reason: On CRAN ('test-table_aet02.R:267:3')"/>
    </testcase>
    <testcase time="0.408000000000001" classname="table_aet02" name="AET02_variant_6_is_produced_correctly"/>
    <testcase time="0.0940000000000012" classname="table_aet02" name="AET02_variant_6_is_produced_correctly">
      <skipped message="Reason: On CRAN ('test-table_aet02.R:314:3')"/>
    </testcase>
    <testcase time="1.119" classname="table_aet02" name="AET02_variant_7_is_produced_correctly"/>
    <testcase time="0.114999999999995" classname="table_aet02" name="AET02_variant_7_is_produced_correctly">
      <skipped message="Reason: On CRAN ('test-table_aet02.R:377:3')"/>
    </testcase>
    <testcase time="0.378" classname="table_aet02" name="AET02_variant_8_is_produced_correctly"/>
    <testcase time="0.0620000000000047" classname="table_aet02" name="AET02_variant_8_is_produced_correctly">
      <skipped message="Reason: On CRAN ('test-table_aet02.R:424:3')"/>
    </testcase>
    <testcase time="0.372" classname="table_aet02" name="AET02_variant_9_is_produced_correctly"/>
    <testcase time="0.0869999999999962" classname="table_aet02" name="AET02_variant_9_is_produced_correctly">
      <skipped message="Reason: On CRAN ('test-table_aet02.R:471:3')"/>
    </testcase>
    <testcase time="0.377000000000002" classname="table_aet02" name="AET02_variant_10_is_produced_correctly"/>
    <testcase time="0.0679999999999978" classname="table_aet02" name="AET02_variant_10_is_produced_correctly">
      <skipped message="Reason: On CRAN ('test-table_aet02.R:518:3')"/>
    </testcase>
    <testcase time="0.414000000000001" classname="table_aet02" name="AET02_variant_11_is_produced_correctly"/>
    <testcase time="0.0600000000000023" classname="table_aet02" name="AET02_variant_11_is_produced_correctly">
      <skipped message="Reason: On CRAN ('test-table_aet02.R:565:3')"/>
    </testcase>
    <testcase time="0.379999999999995" classname="table_aet02" name="AET02_variant_12_is_produced_correctly"/>
    <testcase time="0.0609999999999999" classname="table_aet02" name="AET02_variant_12_is_produced_correctly">
      <skipped message="Reason: On CRAN ('test-table_aet02.R:611:3')"/>
    </testcase>
  </testsuite>
  <testsuite name="table_aet02_smq" timestamp="2024-06-04T14:49:01Z" hostname="42a86acce1b3" tests="4" skipped="2" failures="0" errors="0" time="0.402">
    <testcase time="0.112000000000002" classname="table_aet02_smq" name="AET02SMQ_variant_1_is_produced_correctly"/>
    <testcase time="0.0489999999999995" classname="table_aet02_smq" name="AET02SMQ_variant_1_is_produced_correctly">
      <skipped message="Reason: On CRAN ('test-table_aet02_smq.R:52:3')"/>
    </testcase>
    <testcase time="0.167999999999999" classname="table_aet02_smq" name="AET02SMQ_variant_2_is_produced_correctly"/>
    <testcase time="0.0730000000000004" classname="table_aet02_smq" name="AET02SMQ_variant_2_is_produced_correctly">
      <skipped message="Reason: On CRAN ('test-table_aet02_smq.R:91:3')"/>
    </testcase>
  </testsuite>
  <testsuite name="table_aet03" timestamp="2024-06-04T14:49:02Z" hostname="42a86acce1b3" tests="2" skipped="1" failures="0" errors="0" time="1.474">
    <testcase time="1.095" classname="table_aet03" name="AET03_variant_1_is_produced_correctly"/>
    <testcase time="0.379000000000005" classname="table_aet03" name="AET03_variant_1_is_produced_correctly">
      <skipped message="Reason: On CRAN ('test-table_aet03.R:77:3')"/>
    </testcase>
  </testsuite>
  <testsuite name="table_aet04" timestamp="2024-06-04T14:49:04Z" hostname="42a86acce1b3" tests="16" skipped="8" failures="0" errors="0" time="5.882">
    <testcase time="0.715999999999994" classname="table_aet04" name="AET04_variant_1_is_produced_correctly"/>
    <testcase time="0.282000000000004" classname="table_aet04" name="AET04_variant_1_is_produced_correctly">
      <skipped message="Reason: On CRAN ('test-table_aet04.R:108:3')"/>
    </testcase>
    <testcase time="0.661000000000001" classname="table_aet04" name="AET04_variant_2_is_produced_correctly_Fill_in_of_Treatment_Groups_"/>
    <testcase time="0.254999999999995" classname="table_aet04" name="AET04_variant_2_is_produced_correctly_Fill_in_of_Treatment_Groups_">
      <skipped message="Reason: On CRAN ('test-table_aet04.R:190:3')"/>
    </testcase>
    <testcase time="0.684000000000005" classname="table_aet04" name="AET04_variant_3_is_produced_correctly_Fill_in_of_Grades_"/>
    <testcase time="0.305999999999997" classname="table_aet04" name="AET04_variant_3_is_produced_correctly_Fill_in_of_Grades_">
      <skipped message="Reason: On CRAN ('test-table_aet04.R:269:3')"/>
    </testcase>
    <testcase time="0.698" classname="table_aet04" name="AET04_variant_4_is_produced_correctly_Collapsing_of_Grades_grades_1_2_grades_3_4_5_"/>
    <testcase time="0.289999999999999" classname="table_aet04" name="AET04_variant_4_is_produced_correctly_Collapsing_of_Grades_grades_1_2_grades_3_4_5_">
      <skipped message="Reason: On CRAN ('test-table_aet04.R:354:3')"/>
    </testcase>
    <testcase time="0.742000000000004" classname="table_aet04" name="AET04_variant_6_is_produced_correctly_with_an_Incidence_Rate_of_at_Least_5_totals_restricted_"/>
    <testcase time="0.295999999999999" classname="table_aet04" name="AET04_variant_6_is_produced_correctly_with_an_Incidence_Rate_of_at_Least_5_totals_restricted_">
      <skipped message="Reason: On CRAN ('test-table_aet04.R:465:5')"/>
    </testcase>
    <testcase time="0.017000000000003" classname="table_aet04" name="AET04_variant_8_is_produced_correctly_with_an_Incidence_Rate_of_at_Least_X_Patients_"/>
    <testcase time="0.295999999999999" classname="table_aet04" name="AET04_variant_8_is_produced_correctly_with_an_Incidence_Rate_of_at_Least_X_Patients_">
      <skipped message="Reason: On CRAN ('test-table_aet04.R:486:3')"/>
    </testcase>
    <testcase time="0.0180000000000007" classname="table_aet04" name="AET04_variant_9_is_produced_correctly_with_a_Difference_in_Incidence_Rate_of_at_Least_X_"/>
    <testcase time="0.297999999999995" classname="table_aet04" name="AET04_variant_9_is_produced_correctly_with_a_Difference_in_Incidence_Rate_of_at_Least_X_">
      <skipped message="Reason: On CRAN ('test-table_aet04.R:502:3')"/>
    </testcase>
    <testcase time="0.0260000000000034" classname="table_aet04" name="AET04_variant_11_is_produced_correctly_with_Incidence_Rate_of_at_Least_X_all_SOCs_w_o_preferred_terms_removed_"/>
    <testcase time="0.296999999999997" classname="table_aet04" name="AET04_variant_11_is_produced_correctly_with_Incidence_Rate_of_at_Least_X_all_SOCs_w_o_preferred_terms_removed_">
      <skipped message="Reason: On CRAN ('test-table_aet04.R:524:5')"/>
    </testcase>
  </testsuite>
  <testsuite name="table_aet04_pi" timestamp="2024-06-04T14:49:09Z" hostname="42a86acce1b3" tests="18" skipped="9" failures="0" errors="0" time="6.622">
    <testcase time="0.573" classname="table_aet04_pi" name="AET04_PI_full_table_is_produced_correctly"/>
    <testcase time="0.215000000000003" classname="table_aet04_pi" name="AET04_PI_full_table_is_produced_correctly">
      <skipped message="Reason: On CRAN ('test-table_aet04_pi.R:66:3')"/>
    </testcase>
    <testcase time="0.607999999999997" classname="table_aet04_pi" name="AET04_PI_variant_1_is_produced_correctly"/>
    <testcase time="0.163000000000004" classname="table_aet04_pi" name="AET04_PI_variant_1_is_produced_correctly">
      <skipped message="Reason: On CRAN ('test-table_aet04_pi.R:88:3')"/>
    </testcase>
    <testcase time="0.724999999999994" classname="table_aet04_pi" name="AET04_PI_variant_2_is_produced_correctly"/>
    <testcase time="0.0900000000000034" classname="table_aet04_pi" name="AET04_PI_variant_2_is_produced_correctly">
      <skipped message="Reason: On CRAN ('test-table_aet04_pi.R:111:3')"/>
    </testcase>
    <testcase time="0.616" classname="table_aet04_pi" name="AET04_PI_variant_3_is_produced_correctly"/>
    <testcase time="0.119" classname="table_aet04_pi" name="AET04_PI_variant_3_is_produced_correctly">
      <skipped message="Reason: On CRAN ('test-table_aet04_pi.R:134:3')"/>
    </testcase>
    <testcase time="0.613999999999997" classname="table_aet04_pi" name="AET04_PI_variant_4_is_produced_correctly"/>
    <testcase time="0.0890000000000057" classname="table_aet04_pi" name="AET04_PI_variant_4_is_produced_correctly">
      <skipped message="Reason: On CRAN ('test-table_aet04_pi.R:158:3')"/>
    </testcase>
    <testcase time="0.614999999999995" classname="table_aet04_pi" name="AET04_PI_variant_5_is_produced_correctly"/>
    <testcase time="0.141000000000005" classname="table_aet04_pi" name="AET04_PI_variant_5_is_produced_correctly">
      <skipped message="Reason: On CRAN ('test-table_aet04_pi.R:182:3')"/>
    </testcase>
    <testcase time="0.767999999999994" classname="table_aet04_pi" name="AET04_PI_variant_6_is_produced_correctly"/>
    <testcase time="0.142000000000003" classname="table_aet04_pi" name="AET04_PI_variant_6_is_produced_correctly">
      <skipped message="Reason: On CRAN ('test-table_aet04_pi.R:233:3')"/>
    </testcase>
    <testcase time="0.755000000000003" classname="table_aet04_pi" name="AET04_PI_variant_7_is_produced_correctly"/>
    <testcase time="0.140000000000001" classname="table_aet04_pi" name="AET04_PI_variant_7_is_produced_correctly">
      <skipped message="Reason: On CRAN ('test-table_aet04_pi.R:284:3')"/>
    </testcase>
    <testcase time="0.143000000000001" classname="table_aet04_pi" name="AET04_PI_variant_8_is_produced_correctly"/>
    <testcase time="0.106000000000002" classname="table_aet04_pi" name="AET04_PI_variant_8_is_produced_correctly">
      <skipped message="Reason: On CRAN ('test-table_aet04_pi.R:318:3')"/>
    </testcase>
  </testsuite>
  <testsuite name="table_aet05" timestamp="2024-06-04T14:49:16Z" hostname="42a86acce1b3" tests="4" skipped="2" failures="0" errors="0" time="0.258">
    <testcase time="0.105999999999995" classname="table_aet05" name="AET05_variant_1_is_produced_correctly"/>
    <testcase time="0.0429999999999993" classname="table_aet05" name="AET05_variant_1_is_produced_correctly">
      <skipped message="Reason: On CRAN ('test-table_aet05.R:38:3')"/>
    </testcase>
    <testcase time="0.0650000000000048" classname="table_aet05" name="AET05_variant_2_is_produced_correctly"/>
    <testcase time="0.0439999999999969" classname="table_aet05" name="AET05_variant_2_is_produced_correctly">
      <skipped message="Reason: On CRAN ('test-table_aet05.R:53:3')"/>
    </testcase>
  </testsuite>
  <testsuite name="table_aet05_all" timestamp="2024-06-04T14:49:16Z" hostname="42a86acce1b3" tests="4" skipped="2" failures="0" errors="0" time="0.252">
    <testcase time="0.100000000000001" classname="table_aet05_all" name="AET05_ALL_variant_1_is_produced_correctly"/>
    <testcase time="0.0570000000000022" classname="table_aet05_all" name="AET05_ALL_variant_1_is_produced_correctly">
      <skipped message="Reason: On CRAN ('test-table_aet05_all.R:32:3')"/>
    </testcase>
    <testcase time="0.0519999999999996" classname="table_aet05_all" name="AET05_ALL_variant_2_is_produced_correctly"/>
    <testcase time="0.0429999999999993" classname="table_aet05_all" name="AET05_ALL_variant_2_is_produced_correctly">
      <skipped message="Reason: On CRAN ('test-table_aet05_all.R:47:3')"/>
    </testcase>
  </testsuite>
  <testsuite name="table_aet06" timestamp="2024-06-04T14:49:16Z" hostname="42a86acce1b3" tests="6" skipped="3" failures="0" errors="0" time="3.804">
    <testcase time="0.615000000000002" classname="table_aet06" name="AET06_variant_1_is_produced_correctly"/>
    <testcase time="0.400999999999996" classname="table_aet06" name="AET06_variant_1_is_produced_correctly">
      <skipped message="Reason: On CRAN ('test-table_aet06.R:97:3')"/>
    </testcase>
    <testcase time="0.917999999999999" classname="table_aet06" name="AET06_variant_3_is_produced_correctly"/>
    <testcase time="0.294000000000004" classname="table_aet06" name="AET06_variant_3_is_produced_correctly">
      <skipped message="Reason: On CRAN ('test-table_aet06.R:149:3')"/>
    </testcase>
    <testcase time="1.233" classname="table_aet06" name="AET06_variant_5_is_produced_correctly"/>
    <testcase time="0.343000000000004" classname="table_aet06" name="AET06_variant_5_is_produced_correctly">
      <skipped message="Reason: On CRAN ('test-table_aet06.R:193:3')"/>
    </testcase>
  </testsuite>
  <testsuite name="table_aet06_smq" timestamp="2024-06-04T14:49:20Z" hostname="42a86acce1b3" tests="4" skipped="2" failures="0" errors="0" time="0.922">
    <testcase time="0.349999999999994" classname="table_aet06_smq" name="AET06_SMQ_variant_1_is_produced_correctly"/>
    <testcase time="0.119" classname="table_aet06_smq" name="AET06_SMQ_variant_1_is_produced_correctly">
      <skipped message="Reason: On CRAN ('test-table_aet06_smq.R:73:3')"/>
    </testcase>
    <testcase time="0.334000000000003" classname="table_aet06_smq" name="AET06_SMQ_variant_2_is_produced_correctly"/>
    <testcase time="0.119" classname="table_aet06_smq" name="AET06_SMQ_variant_2_is_produced_correctly">
      <skipped message="Reason: On CRAN ('test-table_aet06_smq.R:160:3')"/>
    </testcase>
  </testsuite>
  <testsuite name="table_aet07" timestamp="2024-06-04T14:49:21Z" hostname="42a86acce1b3" tests="4" skipped="2" failures="0" errors="0" time="0.164">
    <testcase time="0.054000000000002" classname="table_aet07" name="AET07_variant_1_is_produced_correctly"/>
    <testcase time="0.0249999999999986" classname="table_aet07" name="AET07_variant_1_is_produced_correctly">
      <skipped message="Reason: On CRAN ('test-table_aet07.R:49:3')"/>
    </testcase>
    <testcase time="0.0510000000000019" classname="table_aet07" name="AET07_variant_2_is_produced_correctly"/>
    <testcase time="0.0339999999999989" classname="table_aet07" name="AET07_variant_2_is_produced_correctly">
      <skipped message="Reason: On CRAN ('test-table_aet07.R:78:3')"/>
    </testcase>
  </testsuite>
  <testsuite name="table_aet09" timestamp="2024-06-04T14:49:21Z" hostname="42a86acce1b3" tests="4" skipped="2" failures="0" errors="0" time="1.848">
    <testcase time="0.513999999999996" classname="table_aet09" name="AET09_variant_1_is_produced_correctly_AE_related_to_study_drug"/>
    <testcase time="0.162000000000006" classname="table_aet09" name="AET09_variant_1_is_produced_correctly_AE_related_to_study_drug">
      <skipped message="Reason: On CRAN ('test-table_aet09.R:46:3')"/>
    </testcase>
    <testcase time="0.909999999999997" classname="table_aet09" name="AET09_variant_2_is_produced_correctly_AE_related_to_study_drug_including_high_level_terms_"/>
    <testcase time="0.262" classname="table_aet09" name="AET09_variant_2_is_produced_correctly_AE_related_to_study_drug_including_high_level_terms_">
      <skipped message="Reason: On CRAN ('test-table_aet09.R:103:3')"/>
    </testcase>
  </testsuite>
  <testsuite name="table_aet09_smq" timestamp="2024-06-04T14:49:23Z" hostname="42a86acce1b3" tests="4" skipped="2" failures="0" errors="0" time="0.462">
    <testcase time="0.119" classname="table_aet09_smq" name="AET09_variant_1_AEs_related_to_study_drug_by_SMQ_is_produced_correctly"/>
    <testcase time="0.0510000000000019" classname="table_aet09_smq" name="AET09_variant_1_AEs_related_to_study_drug_by_SMQ_is_produced_correctly">
      <skipped message="Reason: On CRAN ('test-table_aet09_smq.R:69:3')"/>
    </testcase>
    <testcase time="0.213999999999999" classname="table_aet09_smq" name="AET09_variant_2_AEs_related_to_study_drug_by_SMQ_with_customized_queries_is_produced_correctly"/>
    <testcase time="0.078000000000003" classname="table_aet09_smq" name="AET09_variant_2_AEs_related_to_study_drug_by_SMQ_with_customized_queries_is_produced_correctly">
      <skipped message="Reason: On CRAN ('test-table_aet09_smq.R:128:5')"/>
    </testcase>
  </testsuite>
  <testsuite name="table_aet10" timestamp="2024-06-04T14:49:23Z" hostname="42a86acce1b3" tests="2" skipped="1" failures="0" errors="0" time="0.138">
    <testcase time="0.0999999999999943" classname="table_aet10" name="AET10_default_variant_is_produced_correctly"/>
    <testcase time="0.0379999999999967" classname="table_aet10" name="AET10_default_variant_is_produced_correctly">
      <skipped message="Reason: On CRAN ('test-table_aet10.R:23:3')"/>
    </testcase>
  </testsuite>
  <testsuite name="table_aovt01" timestamp="2024-06-04T14:49:24Z" hostname="42a86acce1b3" tests="4" skipped="2" failures="0" errors="0" time="1.051">
    <testcase time="0.296000000000006" classname="table_aovt01" name="AOVT01_variant_with_single_endpoint_is_produced_correctly"/>
    <testcase time="0.0750000000000028" classname="table_aovt01" name="AOVT01_variant_with_single_endpoint_is_produced_correctly">
      <skipped message="Reason: On CRAN ('test-table_aovt01.R:33:3')"/>
    </testcase>
    <testcase time="0.542000000000002" classname="table_aovt01" name="AOVT01_variant_with_multiple_endpoints_is_produced_correctly"/>
    <testcase time="0.137999999999991" classname="table_aovt01" name="AOVT01_variant_with_multiple_endpoints_is_produced_correctly">
      <skipped message="Reason: On CRAN ('test-table_aovt01.R:52:3')"/>
    </testcase>
  </testsuite>
  <testsuite name="table_aovt02" timestamp="2024-06-04T14:49:25Z" hostname="42a86acce1b3" tests="2" skipped="1" failures="0" errors="0" time="0.361">
    <testcase time="0.286000000000001" classname="table_aovt02" name="AOVT02_is_produced_correctly"/>
    <testcase time="0.0750000000000028" classname="table_aovt02" name="AOVT02_is_produced_correctly">
      <skipped message="Reason: On CRAN ('test-table_aovt02.R:42:3')"/>
    </testcase>
  </testsuite>
  <testsuite name="table_aovt03" timestamp="2024-06-04T14:49:25Z" hostname="42a86acce1b3" tests="2" skipped="1" failures="0" errors="0" time="0.81">
    <testcase time="0.662999999999997" classname="table_aovt03" name="AOVT03_is_produced_correctly"/>
    <testcase time="0.146999999999991" classname="table_aovt03" name="AOVT03_is_produced_correctly">
      <skipped message="Reason: On CRAN ('test-table_aovt03.R:44:3')"/>
    </testcase>
  </testsuite>
  <testsuite name="table_cfbt01" timestamp="2024-06-04T14:49:26Z" hostname="42a86acce1b3" tests="2" skipped="1" failures="0" errors="0" time="0.599">
    <testcase time="0.417000000000002" classname="table_cfbt01" name="CFBT01_default_variant_is_produced_correctly"/>
    <testcase time="0.182000000000002" classname="table_cfbt01" name="CFBT01_default_variant_is_produced_correctly">
      <skipped message="Reason: On CRAN ('test-table_cfbt01.R:64:3')"/>
    </testcase>
  </testsuite>
  <testsuite name="table_cmht01" timestamp="2024-06-04T14:49:26Z" hostname="42a86acce1b3" tests="4" skipped="2" failures="0" errors="0" time="1.721">
    <testcase time="0.424000000000007" classname="table_cmht01" name="CMHT01_variant_1_is_produced_correctly"/>
    <testcase time="0.0660000000000025" classname="table_cmht01" name="CMHT01_variant_1_is_produced_correctly">
      <skipped message="Reason: On CRAN ('test-table_cmht01.R:58:3')"/>
    </testcase>
    <testcase time="0.98299999999999" classname="table_cmht01" name="CMHT01_variant_2_is_produced_correctly"/>
    <testcase time="0.248000000000005" classname="table_cmht01" name="CMHT01_variant_2_is_produced_correctly">
      <skipped message="Reason: On CRAN ('test-table_cmht01.R:122:3')"/>
    </testcase>
  </testsuite>
  <testsuite name="table_cmt01" timestamp="2024-06-04T14:49:28Z" hostname="42a86acce1b3" tests="8" skipped="4" failures="0" errors="0" time="1.459">
    <testcase time="0.287999999999997" classname="table_cmt01" name="CMT01_default_variant_Concomitant_medications_is_produced_correctly"/>
    <testcase time="0.111000000000004" classname="table_cmt01" name="CMT01_default_variant_Concomitant_medications_is_produced_correctly">
      <skipped message="Reason: On CRAN ('test-table_cmt01.R:36:3')"/>
    </testcase>
    <testcase time="0.210999999999999" classname="table_cmt01" name="CMT01_variant_1_prior_medications_is_produced_correctly"/>
    <testcase time="0.0900000000000034" classname="table_cmt01" name="CMT01_variant_1_prior_medications_is_produced_correctly">
      <skipped message="Reason: On CRAN ('test-table_cmt01.R:71:3')"/>
    </testcase>
    <testcase time="0.271000000000001" classname="table_cmt01" name="CMT01_variant_3_Concomitant_medications_is_produced_correctly"/>
    <testcase time="0.0999999999999943" classname="table_cmt01" name="CMT01_variant_3_Concomitant_medications_is_produced_correctly">
      <skipped message="Reason: On CRAN ('test-table_cmt01.R:104:3')"/>
    </testcase>
    <testcase time="0.283000000000001" classname="table_cmt01" name="CMT01_variant_4_Concomitant_medications_is_produced_correctly"/>
    <testcase time="0.105000000000004" classname="table_cmt01" name="CMT01_variant_4_Concomitant_medications_is_produced_correctly">
      <skipped message="Reason: On CRAN ('test-table_cmt01.R:135:3')"/>
    </testcase>
  </testsuite>
  <testsuite name="table_cmt01a" timestamp="2024-06-04T14:49:30Z" hostname="42a86acce1b3" tests="8" skipped="4" failures="0" errors="0" time="2.951">
    <testcase time="0.61699999999999" classname="table_cmt01a" name="CMT01A_variant_1_is_produced_correctly"/>
    <testcase time="0.176000000000002" classname="table_cmt01a" name="CMT01A_variant_1_is_produced_correctly">
      <skipped message="Reason: On CRAN ('test-table_cmt01a.R:59:3')"/>
    </testcase>
    <testcase time="0.563000000000002" classname="table_cmt01a" name="CMT01A_variant_2_is_produced_correctly"/>
    <testcase time="0.173000000000002" classname="table_cmt01a" name="CMT01A_variant_2_is_produced_correctly">
      <skipped message="Reason: On CRAN ('test-table_cmt01a.R:105:3')"/>
    </testcase>
    <testcase time="0.571999999999989" classname="table_cmt01a" name="CMT01A_variant_3_is_produced_correctly"/>
    <testcase time="0.169000000000011" classname="table_cmt01a" name="CMT01A_variant_3_is_produced_correctly">
      <skipped message="Reason: On CRAN ('test-table_cmt01a.R:148:3')"/>
    </testcase>
    <testcase time="0.536000000000001" classname="table_cmt01a" name="CMT01A_variant_4_is_produced_correctly"/>
    <testcase time="0.144999999999996" classname="table_cmt01a" name="CMT01A_variant_4_is_produced_correctly">
      <skipped message="Reason: On CRAN ('test-table_cmt01a.R:193:3')"/>
    </testcase>
  </testsuite>
  <testsuite name="table_cmt01b" timestamp="2024-06-04T14:49:33Z" hostname="42a86acce1b3" tests="6" skipped="3" failures="0" errors="0" time="3.586">
    <testcase time="0.941999999999993" classname="table_cmt01b" name="CMT01B_variant_1_is_produced_correctly"/>
    <testcase time="0.271000000000001" classname="table_cmt01b" name="CMT01B_variant_1_is_produced_correctly">
      <skipped message="Reason: On CRAN ('test-table_cmt01b.R:88:3')"/>
    </testcase>
    <testcase time="0.668000000000006" classname="table_cmt01b" name="CMT01B_variant_2_is_produced_correctly"/>
    <testcase time="0.201999999999998" classname="table_cmt01b" name="CMT01B_variant_2_is_produced_correctly">
      <skipped message="Reason: On CRAN ('test-table_cmt01b.R:146:3')"/>
    </testcase>
    <testcase time="1.024" classname="table_cmt01b" name="CMT01B_variant_4_is_produced_correctly"/>
    <testcase time="0.478999999999999" classname="table_cmt01b" name="CMT01B_variant_4_is_produced_correctly">
      <skipped message="Reason: On CRAN ('test-table_cmt01b.R:219:3')"/>
    </testcase>
  </testsuite>
  <testsuite name="table_cmt02_pt" timestamp="2024-06-04T14:49:36Z" hostname="42a86acce1b3" tests="2" skipped="1" failures="0" errors="0" time="0.248">
    <testcase time="0.176000000000002" classname="table_cmt02_pt" name="CMT02_PT_default_variant_is_produced_correctly"/>
    <testcase time="0.0720000000000027" classname="table_cmt02_pt" name="CMT02_PT_default_variant_is_produced_correctly">
      <skipped message="Reason: On CRAN ('test-table_cmt02_pt.R:42:3')"/>
    </testcase>
  </testsuite>
  <testsuite name="table_coxt01" timestamp="2024-06-04T14:49:36Z" hostname="42a86acce1b3" tests="8" skipped="4" failures="0" errors="0" time="1.601">
    <testcase time="0.24499999999999" classname="table_coxt01" name="1._Cox_Regression"/>
    <testcase time="0.0580000000000069" classname="table_coxt01" name="1._Cox_Regression">
      <skipped message="Reason: On CRAN ('test-table_coxt01.R:31:3')"/>
    </testcase>
    <testcase time="0.340999999999994" classname="table_coxt01" name="2._Cox_Regression_with_Interaction_Term_"/>
    <testcase time="0.0829999999999984" classname="table_coxt01" name="2._Cox_Regression_with_Interaction_Term_">
      <skipped message="Reason: On CRAN ('test-table_coxt01.R:50:3')"/>
    </testcase>
    <testcase time="0.350999999999999" classname="table_coxt01" name="3._Cox_Regression_specifying_covariates_"/>
    <testcase time="0.0840000000000032" classname="table_coxt01" name="3._Cox_Regression_specifying_covariates_">
      <skipped message="Reason: On CRAN ('test-table_coxt01.R:71:3')"/>
    </testcase>
    <testcase time="0.350000000000009" classname="table_coxt01" name="4._Cox_Regression_setting_strata_ties_and_alpha_level_"/>
    <testcase time="0.0889999999999986" classname="table_coxt01" name="4._Cox_Regression_setting_strata_ties_and_alpha_level_">
      <skipped message="Reason: On CRAN ('test-table_coxt01.R:97:3')"/>
    </testcase>
  </testsuite>
  <testsuite name="table_coxt02" timestamp="2024-06-04T14:49:38Z" hostname="42a86acce1b3" tests="4" skipped="2" failures="0" errors="0" time="0.591">
    <testcase time="0.256999999999991" classname="table_coxt02" name="COXT02_default_variant_1_is_produced_correctly"/>
    <testcase time="0.054000000000002" classname="table_coxt02" name="COXT02_default_variant_1_is_produced_correctly">
      <skipped message="Reason: On CRAN ('test-table_coxt02.R:30:3')"/>
    </testcase>
    <testcase time="0.231999999999999" classname="table_coxt02" name="COXT02_variant_5_is_produced_correctly"/>
    <testcase time="0.0480000000000018" classname="table_coxt02" name="COXT02_variant_5_is_produced_correctly">
      <skipped message="Reason: On CRAN ('test-table_coxt02.R:48:3')"/>
    </testcase>
  </testsuite>
  <testsuite name="table_disclosures" timestamp="2024-06-04T14:49:39Z" hostname="42a86acce1b3" tests="12" skipped="6" failures="0" errors="0" time="1.72">
    <testcase time="0.164000000000001" classname="table_disclosures" name="Patient_Disposition_table_is_produced_correctly"/>
    <testcase time="0.0859999999999985" classname="table_disclosures" name="Patient_Disposition_table_is_produced_correctly">
      <skipped message="Reason: On CRAN ('test-table_disclosures.R:110:3')"/>
    </testcase>
    <testcase time="0.186999999999998" classname="table_disclosures" name="Demographic_table_is_produced_correctly"/>
    <testcase time="0.131" classname="table_disclosures" name="Demographic_table_is_produced_correctly">
      <skipped message="Reason: On CRAN ('test-table_disclosures.R:131:3')"/>
    </testcase>
    <testcase time="0.0829999999999984" classname="table_disclosures" name="Enrollment_by_Country_Table_is_produced_correctly"/>
    <testcase time="0.0800000000000125" classname="table_disclosures" name="Enrollment_by_Country_Table_is_produced_correctly">
      <skipped message="Reason: On CRAN ('test-table_disclosures.R:143:3')"/>
    </testcase>
    <testcase time="0.0669999999999931" classname="table_disclosures" name="Death_table_is_produced_correctly"/>
    <testcase time="0.0390000000000015" classname="table_disclosures" name="Death_table_is_produced_correctly">
      <skipped message="Reason: On CRAN ('test-table_disclosures.R:161:3')"/>
    </testcase>
    <testcase time="0.313999999999993" classname="table_disclosures" name="Table_of_Serious_Adverse_Events_is_produced_correctly_for_one_specific_treatment_arm_"/>
    <testcase time="0.0760000000000076" classname="table_disclosures" name="Table_of_Serious_Adverse_Events_is_produced_correctly_for_one_specific_treatment_arm_">
      <skipped message="Reason: On CRAN ('test-table_disclosures.R:189:3')"/>
    </testcase>
    <testcase time="0.390000000000001" classname="table_disclosures" name="Table_of_Non_Serious_Adverse_Events_is_produced_correctly"/>
    <testcase time="0.102999999999994" classname="table_disclosures" name="Table_of_Non_Serious_Adverse_Events_is_produced_correctly">
      <skipped message="Reason: On CRAN ('test-table_disclosures.R:211:3')"/>
    </testcase>
  </testsuite>
  <testsuite name="table_dmt01" timestamp="2024-06-04T14:49:41Z" hostname="42a86acce1b3" tests="10" skipped="5" failures="0" errors="0" time="2.543">
    <testcase time="1.08200000000001" classname="table_dmt01" name="DMT01_variant_1_is_produced_correctly"/>
    <testcase time="0.155000000000001" classname="table_dmt01" name="DMT01_variant_1_is_produced_correctly">
      <skipped message="Reason: On CRAN ('test-table_dmt01.R:90:3')"/>
    </testcase>
    <testcase time="0.204999999999998" classname="table_dmt01" name="DMT01_variant_2_is_produced_correctly"/>
    <testcase time="0.140999999999991" classname="table_dmt01" name="DMT01_variant_2_is_produced_correctly">
      <skipped message="Reason: On CRAN ('test-table_dmt01.R:113:3')"/>
    </testcase>
    <testcase time="0.247" classname="table_dmt01" name="DMT01_variant_3_is_produced_correctly"/>
    <testcase time="0.14800000000001" classname="table_dmt01" name="DMT01_variant_3_is_produced_correctly">
      <skipped message="Reason: On CRAN ('test-table_dmt01.R:132:3')"/>
    </testcase>
    <testcase time="0.177999999999997" classname="table_dmt01" name="DMT01_variant_4_is_produced_correctly"/>
    <testcase time="0.125999999999991" classname="table_dmt01" name="DMT01_variant_4_is_produced_correctly">
      <skipped message="Reason: On CRAN ('test-table_dmt01.R:151:3')"/>
    </testcase>
    <testcase time="0.150000000000006" classname="table_dmt01" name="DMT01_variant_5_is_produced_correctly"/>
    <testcase time="0.111000000000004" classname="table_dmt01" name="DMT01_variant_5_is_produced_correctly">
      <skipped message="Reason: On CRAN ('test-table_dmt01.R:169:3')"/>
    </testcase>
  </testsuite>
  <testsuite name="table_dort01" timestamp="2024-06-04T14:49:43Z" hostname="42a86acce1b3" tests="8" skipped="4" failures="0" errors="0" time="1.427">
    <testcase time="0.283000000000001" classname="table_dort01" name="DORT01_variant_1_is_produced_correctly"/>
    <testcase time="0.090999999999994" classname="table_dort01" name="DORT01_variant_1_is_produced_correctly">
      <skipped message="Reason: On CRAN ('test-table_dort01.R:78:3')"/>
    </testcase>
    <testcase time="0.286000000000001" classname="table_dort01" name="DORT01_variant_2_selecting_sectons_is_produced_correctly"/>
    <testcase time="0.090999999999994" classname="table_dort01" name="DORT01_variant_2_selecting_sectons_is_produced_correctly">
      <skipped message="Reason: On CRAN ('test-table_dort01.R:134:3')"/>
    </testcase>
    <testcase time="0.25" classname="table_dort01" name="DORT01_variant_3_modifying_conftype_and_alpha_level_is_produced_correctly"/>
    <testcase time="0.0800000000000125" classname="table_dort01" name="DORT01_variant_3_modifying_conftype_and_alpha_level_is_produced_correctly">
      <skipped message="Reason: On CRAN ('test-table_dort01.R:190:3')"/>
    </testcase>
    <testcase time="0.256" classname="table_dort01" name="DORT01_variant_4_modifying_time_point_for_the_xx_duration_is_produced_correctly"/>
    <testcase time="0.0899999999999892" classname="table_dort01" name="DORT01_variant_4_modifying_time_point_for_the_xx_duration_is_produced_correctly">
      <skipped message="Reason: On CRAN ('test-table_dort01.R:244:3')"/>
    </testcase>
  </testsuite>
  <testsuite name="table_dst01" timestamp="2024-06-04T14:49:44Z" hostname="42a86acce1b3" tests="4" skipped="2" failures="0" errors="0" time="0.5">
    <testcase time="0.128" classname="table_dst01" name="DST01_default_variant_is_produced_correctly"/>
    <testcase time="0.0739999999999981" classname="table_dst01" name="DST01_default_variant_is_produced_correctly">
      <skipped message="Reason: On CRAN ('test-table_dst01.R:44:3')"/>
    </testcase>
    <testcase time="0.208000000000013" classname="table_dst01" name="DST01_variants_2_and_3_are_produced_correctly"/>
    <testcase time="0.0899999999999892" classname="table_dst01" name="DST01_variants_2_and_3_are_produced_correctly">
      <skipped message="Reason: On CRAN ('test-table_dst01.R:69:3')"/>
    </testcase>
  </testsuite>
  <testsuite name="table_dtht01" timestamp="2024-06-04T14:49:45Z" hostname="42a86acce1b3" tests="8" skipped="4" failures="0" errors="0" time="1.076">
    <testcase time="0.120000000000005" classname="table_dtht01" name="DTHT01_variant_1_is_produced_correctly"/>
    <testcase time="0.0600000000000023" classname="table_dtht01" name="DTHT01_variant_1_is_produced_correctly">
      <skipped message="Reason: On CRAN ('test-table_dtht01.R:23:3')"/>
    </testcase>
    <testcase time="0.253" classname="table_dtht01" name="DTHT01_variant_2_is_produced_correctly"/>
    <testcase time="0.140000000000001" classname="table_dtht01" name="DTHT01_variant_2_is_produced_correctly">
      <skipped message="Reason: On CRAN ('test-table_dtht01.R:60:3')"/>
    </testcase>
    <testcase time="0.152000000000001" classname="table_dtht01" name="DTHT01_variant_3_is_produced_correctly"/>
    <testcase time="0.0769999999999982" classname="table_dtht01" name="DTHT01_variant_3_is_produced_correctly">
      <skipped message="Reason: On CRAN ('test-table_dtht01.R:104:3')"/>
    </testcase>
    <testcase time="0.182000000000002" classname="table_dtht01" name="DTHT01_variant_4_is_produced_correctly"/>
    <testcase time="0.0919999999999987" classname="table_dtht01" name="DTHT01_variant_4_is_produced_correctly">
      <skipped message="Reason: On CRAN ('test-table_dtht01.R:158:3')"/>
    </testcase>
  </testsuite>
  <testsuite name="table_egt01" timestamp="2024-06-04T14:49:46Z" hostname="42a86acce1b3" tests="2" skipped="1" failures="0" errors="0" time="1.542">
    <testcase time="1.06" classname="table_egt01" name="EGT01_default_variant_is_produced_correctly"/>
    <testcase time="0.481999999999999" classname="table_egt01" name="EGT01_default_variant_is_produced_correctly">
      <skipped message="Reason: On CRAN ('test-table_egt01.R:54:3')"/>
    </testcase>
  </testsuite>
  <testsuite name="table_egt02" timestamp="2024-06-04T14:49:47Z" hostname="42a86acce1b3" tests="4" skipped="2" failures="0" errors="0" time="0.554">
    <testcase time="0.280000000000001" classname="table_egt02" name="_EGT02_1._Regardless_of_Abnormality_at_Baseline"/>
    <testcase time="0.0589999999999975" classname="table_egt02" name="_EGT02_1._Regardless_of_Abnormality_at_Baseline">
      <skipped message="Reason: On CRAN ('test-table_egt02.R:35:3')"/>
    </testcase>
    <testcase time="0.143999999999991" classname="table_egt02" name="_EGT02_2._Among_Subjects_Without_Abnormality_at_Baseline"/>
    <testcase time="0.070999999999998" classname="table_egt02" name="_EGT02_2._Among_Subjects_Without_Abnormality_at_Baseline">
      <skipped message="Reason: On CRAN ('test-table_egt02.R:55:3')"/>
    </testcase>
  </testsuite>
  <testsuite name="table_egt03" timestamp="2024-06-04T14:49:48Z" hostname="42a86acce1b3" tests="8" skipped="4" failures="0" errors="0" time="1.254">
    <testcase time="0.220000000000013" classname="table_egt03" name="EGT03_variant_1_is_produced_correctly"/>
    <testcase time="0.111999999999995" classname="table_egt03" name="EGT03_variant_1_is_produced_correctly">
      <skipped message="Reason: On CRAN ('test-table_egt03.R:50:3')"/>
    </testcase>
    <testcase time="0.195999999999998" classname="table_egt03" name="EGT03_variant_2_is_produced_correctly"/>
    <testcase time="0.0889999999999986" classname="table_egt03" name="EGT03_variant_2_is_produced_correctly">
      <skipped message="Reason: On CRAN ('test-table_egt03.R:91:3')"/>
    </testcase>
    <testcase time="0.213999999999999" classname="table_egt03" name="EGT03_variant_3_is_produced_correctly"/>
    <testcase time="0.102000000000004" classname="table_egt03" name="EGT03_variant_3_is_produced_correctly">
      <skipped message="Reason: On CRAN ('test-table_egt03.R:132:3')"/>
    </testcase>
    <testcase time="0.218000000000004" classname="table_egt03" name="EGT03_variant_4_is_produced_correctly"/>
    <testcase time="0.102999999999994" classname="table_egt03" name="EGT03_variant_4_is_produced_correctly">
      <skipped message="Reason: On CRAN ('test-table_egt03.R:179:3')"/>
    </testcase>
  </testsuite>
  <testsuite name="table_egt04" timestamp="2024-06-04T14:49:49Z" hostname="42a86acce1b3" tests="2" skipped="1" failures="0" errors="0" time="0.259">
    <testcase time="0.189999999999998" classname="table_egt04" name="EGT04_default_variant_is_produced_correctly"/>
    <testcase time="0.0690000000000026" classname="table_egt04" name="EGT04_default_variant_is_produced_correctly">
      <skipped message="Reason: On CRAN ('test-table_egt04.R:51:3')"/>
    </testcase>
  </testsuite>
  <testsuite name="table_egt05_qtcat" timestamp="2024-06-04T14:49:50Z" hostname="42a86acce1b3" tests="2" skipped="1" failures="0" errors="0" time="0.842">
    <testcase time="0.551000000000002" classname="table_egt05_qtcat" name="EGT05_QTCAT_default_variant_is_produced_correctly"/>
    <testcase time="0.290999999999997" classname="table_egt05_qtcat" name="EGT05_QTCAT_default_variant_is_produced_correctly">
      <skipped message="Reason: On CRAN ('test-table_egt05_qtcat.R:83:3')"/>
    </testcase>
  </testsuite>
  <testsuite name="table_ent" timestamp="2024-06-04T14:49:50Z" hostname="42a86acce1b3" tests="8" skipped="4" failures="0" errors="0" time="13.767">
    <testcase time="3.94" classname="table_ent" name="ENT01_IT_is_produced_correctly"/>
    <testcase time="0.512" classname="table_ent" name="ENT01_IT_is_produced_correctly">
      <skipped message="Reason: On CRAN ('test-table_ent.R:24:3')"/>
    </testcase>
    <testcase time="2.16500000000001" classname="table_ent" name="ENT01a_IT_is_produced_correctly"/>
    <testcase time="0.483999999999995" classname="table_ent" name="ENT01a_IT_is_produced_correctly">
      <skipped message="Reason: On CRAN ('test-table_ent.R:40:3')"/>
    </testcase>
    <testcase time="3.39700000000001" classname="table_ent" name="ENT02_IT_is_produced_correctly"/>
    <testcase time="0.524000000000001" classname="table_ent" name="ENT02_IT_is_produced_correctly">
      <skipped message="Reason: On CRAN ('test-table_ent.R:61:3')"/>
    </testcase>
    <testcase time="2.248" classname="table_ent" name="ENT02a_IT_is_produced_correctly"/>
    <testcase time="0.497" classname="table_ent" name="ENT02a_IT_is_produced_correctly">
      <skipped message="Reason: On CRAN ('test-table_ent.R:79:3')"/>
    </testcase>
  </testsuite>
  <testsuite name="table_eudrat01" timestamp="2024-06-04T14:50:04Z" hostname="42a86acce1b3" tests="2" skipped="1" failures="0" errors="0" time="0.552">
    <testcase time="0.453999999999994" classname="table_eudrat01" name="EUDRAT01_is_produced_correctly"/>
    <testcase time="0.097999999999999" classname="table_eudrat01" name="EUDRAT01_is_produced_correctly">
      <skipped message="Reason: On CRAN ('test-table_eudrat01.R:77:3')"/>
    </testcase>
  </testsuite>
  <testsuite name="table_eudrat02" timestamp="2024-06-04T14:50:05Z" hostname="42a86acce1b3" tests="2" skipped="1" failures="0" errors="0" time="0.431">
    <testcase time="0.359999999999999" classname="table_eudrat02" name="EUDRAT02_is_produced_correctly"/>
    <testcase time="0.070999999999998" classname="table_eudrat02" name="EUDRAT02_is_produced_correctly">
      <skipped message="Reason: On CRAN ('test-table_eudrat02.R:44:3')"/>
    </testcase>
  </testsuite>
  <testsuite name="table_ext01" timestamp="2024-06-04T14:50:05Z" hostname="42a86acce1b3" tests="6" skipped="3" failures="0" errors="0" time="1.467">
    <testcase time="0.341000000000008" classname="table_ext01" name="EXT01_default_variant_with_numeric_parameters_is_produced_correctly"/>
    <testcase time="0.173999999999992" classname="table_ext01" name="EXT01_default_variant_with_numeric_parameters_is_produced_correctly">
      <skipped message="Reason: On CRAN ('test-table_ext01.R:71:3')"/>
    </testcase>
    <testcase time="0.251000000000005" classname="table_ext01" name="EXT01_variant_with_both_numeric_and_categorical_parameters"/>
    <testcase time="0.177999999999997" classname="table_ext01" name="EXT01_variant_with_both_numeric_and_categorical_parameters">
      <skipped message="Reason: On CRAN ('test-table_ext01.R:115:3')"/>
    </testcase>
    <testcase time="0.308000000000007" classname="table_ext01" name="EXT01_variant_with_user_specified_categories_for_missed_doses"/>
    <testcase time="0.214999999999989" classname="table_ext01" name="EXT01_variant_with_user_specified_categories_for_missed_doses">
      <skipped message="Reason: On CRAN ('test-table_ext01.R:164:3')"/>
    </testcase>
  </testsuite>
  <testsuite name="table_lbt01" timestamp="2024-06-04T14:50:07Z" hostname="42a86acce1b3" tests="2" skipped="1" failures="0" errors="0" time="1.896">
    <testcase time="1.443" classname="table_lbt01" name="LBT01_default_variant_is_produced_correctly"/>
    <testcase time="0.453000000000003" classname="table_lbt01" name="LBT01_default_variant_is_produced_correctly">
      <skipped message="Reason: On CRAN ('test-table_lbt01.R:55:3')"/>
    </testcase>
  </testsuite>
  <testsuite name="table_lbt02" timestamp="2024-06-04T14:50:08Z" hostname="42a86acce1b3" tests="2" skipped="1" failures="0" errors="0" time="1.332">
    <testcase time="0.859000000000009" classname="table_lbt02" name="LBT02_default_variant_is_produced_correctly"/>
    <testcase time="0.472999999999999" classname="table_lbt02" name="LBT02_default_variant_is_produced_correctly">
      <skipped message="Reason: On CRAN ('test-table_lbt02.R:18:3')"/>
    </testcase>
  </testsuite>
  <testsuite name="table_lbt03" timestamp="2024-06-04T14:50:10Z" hostname="42a86acce1b3" tests="2" skipped="1" failures="0" errors="0" time="0.263">
    <testcase time="0.170999999999992" classname="table_lbt03" name="LBT03_default_variant_is_produced_correctly"/>
    <testcase time="0.0919999999999987" classname="table_lbt03" name="LBT03_default_variant_is_produced_correctly">
      <skipped message="Reason: On CRAN ('test-table_lbt03.R:29:3')"/>
    </testcase>
  </testsuite>
  <testsuite name="table_lbt04" timestamp="2024-06-04T14:50:10Z" hostname="42a86acce1b3" tests="2" skipped="1" failures="0" errors="0" time="1.18">
    <testcase time="1.001" classname="table_lbt04" name="LBT04_default_variant_is_produced_correctly"/>
    <testcase time="0.179000000000002" classname="table_lbt04" name="LBT04_default_variant_is_produced_correctly">
      <skipped message="Reason: On CRAN ('test-table_lbt04.R:34:3')"/>
    </testcase>
  </testsuite>
  <testsuite name="table_lbt05" timestamp="2024-06-04T14:50:12Z" hostname="42a86acce1b3" tests="6" skipped="3" failures="0" errors="0" time="6.569">
    <testcase time="2.08799999999999" classname="table_lbt05" name="LBT05_variant_1_is_produced_correctly"/>
    <testcase time="0.370000000000005" classname="table_lbt05" name="LBT05_variant_1_is_produced_correctly">
      <skipped message="Reason: On CRAN ('test-table_lbt05.R:85:3')"/>
    </testcase>
    <testcase time="1.47499999999999" classname="table_lbt05" name="LBT05_variant_2_is_produced_correctly"/>
    <testcase time="0.496000000000009" classname="table_lbt05" name="LBT05_variant_2_is_produced_correctly">
      <skipped message="Reason: On CRAN ('test-table_lbt05.R:107:3')"/>
    </testcase>
    <testcase time="1.779" classname="table_lbt05" name="LBT05_variant_4_is_produced_correctly"/>
    <testcase time="0.361000000000004" classname="table_lbt05" name="LBT05_variant_4_is_produced_correctly">
      <skipped message="Reason: On CRAN ('test-table_lbt05.R:131:3')"/>
    </testcase>
  </testsuite>
  <testsuite name="table_lbt06" timestamp="2024-06-04T14:50:18Z" hostname="42a86acce1b3" tests="2" skipped="1" failures="0" errors="0" time="0.508">
    <testcase time="0.345999999999989" classname="table_lbt06" name="LBT06_default_variant_is_produced_correctly"/>
    <testcase time="0.162000000000006" classname="table_lbt06" name="LBT06_default_variant_is_produced_correctly">
      <skipped message="Reason: On CRAN ('test-table_lbt06.R:32:3')"/>
    </testcase>
  </testsuite>
  <testsuite name="table_lbt07" timestamp="2024-06-04T14:50:19Z" hostname="42a86acce1b3" tests="2" skipped="1" failures="0" errors="0" time="2.514">
    <testcase time="2.259" classname="table_lbt07" name="LBT07_is_produced_correctly"/>
    <testcase time="0.254999999999995" classname="table_lbt07" name="LBT07_is_produced_correctly">
      <skipped message="Reason: On CRAN ('test-table_lbt07.R:87:3')"/>
    </testcase>
  </testsuite>
  <testsuite name="table_lbt08" timestamp="2024-06-04T14:50:21Z" hostname="42a86acce1b3" tests="2" skipped="1" failures="0" errors="0" time="0.338">
    <testcase time="0.237000000000009" classname="table_lbt08" name="LBT08_produce_correctly"/>
    <testcase time="0.100999999999999" classname="table_lbt08" name="LBT08_produce_correctly">
      <skipped message="Reason: On CRAN ('test-table_lbt08.R:43:3')"/>
    </testcase>
  </testsuite>
  <testsuite name="table_lbt09" timestamp="2024-06-04T14:50:21Z" hostname="42a86acce1b3" tests="4" skipped="2" failures="0" errors="0" time="0.833">
    <testcase time="0.301000000000002" classname="table_lbt09" name="LBT09_variant_1_works_as_expected"/>
    <testcase time="0.125999999999991" classname="table_lbt09" name="LBT09_variant_1_works_as_expected">
      <skipped message="Reason: On CRAN ('test-table_lbt09.R:100:3')"/>
    </testcase>
    <testcase time="0.282000000000011" classname="table_lbt09" name="LBT09_variant_2_works_as_expected"/>
    <testcase time="0.123999999999995" classname="table_lbt09" name="LBT09_variant_2_works_as_expected">
      <skipped message="Reason: On CRAN ('test-table_lbt09.R:131:3')"/>
    </testcase>
  </testsuite>
  <testsuite name="table_lbt10" timestamp="2024-06-04T14:50:22Z" hostname="42a86acce1b3" tests="4" skipped="2" failures="0" errors="0" time="1.141">
    <testcase time="0.670999999999992" classname="table_lbt10" name="LBT10_variant_1_works_as_expected"/>
    <testcase time="0.0510000000000019" classname="table_lbt10" name="LBT10_variant_1_works_as_expected">
      <skipped message="Reason: On CRAN ('test-table_lbt10.R:86:3')"/>
    </testcase>
    <testcase time="0.378" classname="table_lbt10" name="LBT10_variant_2_works_as_expected"/>
    <testcase time="0.0409999999999968" classname="table_lbt10" name="LBT10_variant_2_works_as_expected">
      <skipped message="Reason: On CRAN ('test-table_lbt10.R:110:3')"/>
    </testcase>
  </testsuite>
  <testsuite name="table_lbt10_bl" timestamp="2024-06-04T14:50:23Z" hostname="42a86acce1b3" tests="4" skipped="2" failures="0" errors="0" time="0.425">
    <testcase time="0.221000000000004" classname="table_lbt10_bl" name="LBT10_BL_variant_1_works_as_expected"/>
    <testcase time="0.0529999999999973" classname="table_lbt10_bl" name="LBT10_BL_variant_1_works_as_expected">
      <skipped message="Reason: On CRAN ('test-table_lbt10_bl.R:45:3')"/>
    </testcase>
    <testcase time="0.111000000000004" classname="table_lbt10_bl" name="LBT10_BL_variant_2_works_as_expected"/>
    <testcase time="0.0400000000000063" classname="table_lbt10_bl" name="LBT10_BL_variant_2_works_as_expected">
      <skipped message="Reason: On CRAN ('test-table_lbt10_bl.R:69:3')"/>
    </testcase>
  </testsuite>
  <testsuite name="table_lbt11" timestamp="2024-06-04T14:50:24Z" hostname="42a86acce1b3" tests="6" skipped="3" failures="0" errors="0" time="0.62">
    <testcase time="0.170999999999992" classname="table_lbt11" name="LBT11_variant_1_works_as_expected"/>
    <testcase time="0.0730000000000075" classname="table_lbt11" name="LBT11_variant_1_works_as_expected">
      <skipped message="Reason: On CRAN ('test-table_lbt11.R:85:3')"/>
    </testcase>
    <testcase time="0.0789999999999935" classname="table_lbt11" name="LBT11_variant_2_works_as_expected"/>
    <testcase time="0.0679999999999978" classname="table_lbt11" name="LBT11_variant_2_works_as_expected">
      <skipped message="Reason: On CRAN ('test-table_lbt11.R:102:3')"/>
    </testcase>
    <testcase time="0.140000000000001" classname="table_lbt11" name="LBT11_variant_3_works_as_expected"/>
    <testcase time="0.0889999999999986" classname="table_lbt11" name="LBT11_variant_3_works_as_expected">
      <skipped message="Reason: On CRAN ('test-table_lbt11.R:135:3')"/>
    </testcase>
  </testsuite>
  <testsuite name="table_lbt11_bl" timestamp="2024-06-04T14:50:24Z" hostname="42a86acce1b3" tests="6" skipped="3" failures="0" errors="0" time="0.694">
    <testcase time="0.184000000000012" classname="table_lbt11_bl" name="LBT11_BL_variant_1_works_as_expected"/>
    <testcase time="0.0749999999999886" classname="table_lbt11_bl" name="LBT11_BL_variant_1_works_as_expected">
      <skipped message="Reason: On CRAN ('test-table_lbt11_bl.R:60:3')"/>
    </testcase>
    <testcase time="0.100000000000009" classname="table_lbt11_bl" name="LBT11_BL_variant_2_works_as_expected"/>
    <testcase time="0.0589999999999975" classname="table_lbt11_bl" name="LBT11_BL_variant_2_works_as_expected">
      <skipped message="Reason: On CRAN ('test-table_lbt11_bl.R:77:3')"/>
    </testcase>
    <testcase time="0.188000000000002" classname="table_lbt11_bl" name="LBT11_BL_variant_3_works_as_expected"/>
    <testcase time="0.0879999999999939" classname="table_lbt11_bl" name="LBT11_BL_variant_3_works_as_expected">
      <skipped message="Reason: On CRAN ('test-table_lbt11_bl.R:110:3')"/>
    </testcase>
  </testsuite>
  <testsuite name="table_lbt12" timestamp="2024-06-04T14:50:25Z" hostname="42a86acce1b3" tests="2" skipped="1" failures="0" errors="0" time="0.351">
    <testcase time="0.287000000000006" classname="table_lbt12" name="LBT12_works_as_expected"/>
    <testcase time="0.063999999999993" classname="table_lbt12" name="LBT12_works_as_expected">
      <skipped message="Reason: On CRAN ('test-table_lbt12.R:64:3')"/>
    </testcase>
  </testsuite>
  <testsuite name="table_lbt12_bl" timestamp="2024-06-04T14:50:25Z" hostname="42a86acce1b3" tests="2" skipped="1" failures="0" errors="0" time="0.337">
    <testcase time="0.275000000000006" classname="table_lbt12_bl" name="LBT12_BL_works_as_expected"/>
    <testcase time="0.0619999999999976" classname="table_lbt12_bl" name="LBT12_BL_works_as_expected">
      <skipped message="Reason: On CRAN ('test-table_lbt12_bl.R:64:3')"/>
    </testcase>
  </testsuite>
  <testsuite name="table_lbt13" timestamp="2024-06-04T14:50:26Z" hostname="42a86acce1b3" tests="10" skipped="5" failures="0" errors="0" time="2.038">
    <testcase time="0.742000000000004" classname="table_lbt13" name="LBT13_variant_1_LOW_works_as_expected"/>
    <testcase time="0.0759999999999934" classname="table_lbt13" name="LBT13_variant_1_LOW_works_as_expected">
      <skipped message="Reason: On CRAN ('test-table_lbt13.R:79:3')"/>
    </testcase>
    <testcase time="0.12700000000001" classname="table_lbt13" name="LBT13_variant_2_HIGH_works_as_expected"/>
    <testcase time="0.0439999999999969" classname="table_lbt13" name="LBT13_variant_2_HIGH_works_as_expected">
      <skipped message="Reason: On CRAN ('test-table_lbt13.R:151:3')"/>
    </testcase>
    <testcase time="0.220999999999989" classname="table_lbt13" name="LBT13_variant_3_LOW_without_baseline_missing_works_as_expected"/>
    <testcase time="0.0660000000000025" classname="table_lbt13" name="LBT13_variant_3_LOW_without_baseline_missing_works_as_expected">
      <skipped message="Reason: On CRAN ('test-table_lbt13.R:223:3')"/>
    </testcase>
    <testcase time="0.135000000000005" classname="table_lbt13" name="LBT13_variant_4_HIGH_with_missing_baseline_considered_as_grade_0_works_as_expected"/>
    <testcase time="0.0459999999999923" classname="table_lbt13" name="LBT13_variant_4_HIGH_with_missing_baseline_considered_as_grade_0_works_as_expected">
      <skipped message="Reason: On CRAN ('test-table_lbt13.R:294:3')"/>
    </testcase>
    <testcase time="0.397999999999996" classname="table_lbt13" name="LBT14_variant_5_HIGH_with_filled_in_grades_works_as_expected"/>
    <testcase time="0.183000000000021" classname="table_lbt13" name="LBT14_variant_5_HIGH_with_filled_in_grades_works_as_expected">
      <skipped message="Reason: On CRAN ('test-table_lbt13.R:368:3')"/>
    </testcase>
  </testsuite>
  <testsuite name="table_lbt14" timestamp="2024-06-04T14:50:28Z" hostname="42a86acce1b3" tests="10" skipped="5" failures="0" errors="0" time="28.274">
    <testcase time="5.61099999999999" classname="table_lbt14" name="LBT14_variant_1_HIGH_works_as_expected"/>
    <testcase time="0.421999999999997" classname="table_lbt14" name="LBT14_variant_1_HIGH_works_as_expected">
      <skipped message="Reason: On CRAN ('test-table_lbt14.R:64:3')"/>
    </testcase>
    <testcase time="5.12800000000001" classname="table_lbt14" name="LBT14_variant_2_LOW_works_as_expected"/>
    <testcase time="0.282999999999987" classname="table_lbt14" name="LBT14_variant_2_LOW_works_as_expected">
      <skipped message="Reason: On CRAN ('test-table_lbt14.R:117:3')"/>
    </testcase>
    <testcase time="3.36799999999999" classname="table_lbt14" name="LBT14_variant_3_LOW_without_baseline_missing_works_as_expected"/>
    <testcase time="0.364000000000004" classname="table_lbt14" name="LBT14_variant_3_LOW_without_baseline_missing_works_as_expected">
      <skipped message="Reason: On CRAN ('test-table_lbt14.R:170:3')"/>
    </testcase>
    <testcase time="5.001" classname="table_lbt14" name="LBT14_variant_4_LOW_and_force_1_missing_both_baseline_and_post_baseline_then_force_the_missing_baseline_as_0_as_expected"/>
    <testcase time="0.234000000000009" classname="table_lbt14" name="LBT14_variant_4_LOW_and_force_1_missing_both_baseline_and_post_baseline_then_force_the_missing_baseline_as_0_as_expected">
      <skipped message="Reason: On CRAN ('test-table_lbt14.R:222:3')"/>
    </testcase>
    <testcase time="5.38199999999998" classname="table_lbt14" name="LBT14_variant_5_HIGH_with_fillings_works_as_expected"/>
    <testcase time="2.48100000000002" classname="table_lbt14" name="LBT14_variant_5_HIGH_with_fillings_works_as_expected">
      <skipped message="Reason: On CRAN ('test-table_lbt14.R:274:3')"/>
    </testcase>
  </testsuite>
  <testsuite name="table_lbt15" timestamp="2024-06-04T14:50:56Z" hostname="42a86acce1b3" tests="4" skipped="2" failures="0" errors="0" time="1.437">
    <testcase time="0.591999999999985" classname="table_lbt15" name="LBT15_variant_1_works_as_expected"/>
    <testcase time="0.165999999999997" classname="table_lbt15" name="LBT15_variant_1_works_as_expected">
      <skipped message="Reason: On CRAN ('test-table_lbt15.R:82:3')"/>
    </testcase>
    <testcase time="0.509000000000015" classname="table_lbt15" name="LBT15_variant_2_works_as_expected"/>
    <testcase time="0.169999999999987" classname="table_lbt15" name="LBT15_variant_2_works_as_expected">
      <skipped message="Reason: On CRAN ('test-table_lbt15.R:89:3')"/>
    </testcase>
  </testsuite>
  <testsuite name="table_lgrt02" timestamp="2024-06-04T14:50:57Z" hostname="42a86acce1b3" tests="8" skipped="4" failures="0" errors="0" time="2.759">
    <testcase time="0.542000000000002" classname="table_lgrt02" name="LGRT02_without_interaction_term_is_produced_correctly"/>
    <testcase time="0.113" classname="table_lgrt02" name="LGRT02_without_interaction_term_is_produced_correctly">
      <skipped message="Reason: On CRAN ('test-table_lgrt02.R:52:3')"/>
    </testcase>
    <testcase time="0.600999999999999" classname="table_lgrt02" name="LGRT02_with_categorical_interaction_is_produced_correctly"/>
    <testcase time="0.135999999999996" classname="table_lgrt02" name="LGRT02_with_categorical_interaction_is_produced_correctly">
      <skipped message="Reason: On CRAN ('test-table_lgrt02.R:78:3')"/>
    </testcase>
    <testcase time="0.599000000000018" classname="table_lgrt02" name="LGRT02_with_continuous_interaction_is_produced_correctly"/>
    <testcase time="0.137" classname="table_lgrt02" name="LGRT02_with_continuous_interaction_is_produced_correctly">
      <skipped message="Reason: On CRAN ('test-table_lgrt02.R:104:3')"/>
    </testcase>
    <testcase time="0.508999999999986" classname="table_lgrt02" name="LGRT02_with_setting_values_indicating_an_event_and_custom_alpha_level_is_produced_correctly"/>
    <testcase time="0.122000000000014" classname="table_lgrt02" name="LGRT02_with_setting_values_indicating_an_event_and_custom_alpha_level_is_produced_correctly">
      <skipped message="Reason: On CRAN ('test-table_lgrt02.R:130:3')"/>
    </testcase>
  </testsuite>
  <testsuite name="table_mht01" timestamp="2024-06-04T14:51:00Z" hostname="42a86acce1b3" tests="8" skipped="4" failures="0" errors="0" time="1.386">
    <testcase time="0.298999999999978" classname="table_mht01" name="MHT01_variant_1_is_produced_accurately"/>
    <testcase time="0.109000000000009" classname="table_mht01" name="MHT01_variant_1_is_produced_accurately">
      <skipped message="Reason: On CRAN ('test-table_mht01.R:49:3')"/>
    </testcase>
    <testcase time="0.114000000000004" classname="table_mht01" name="MHT01_variant_2_is_produced_accurately"/>
    <testcase time="0.0500000000000114" classname="table_mht01" name="MHT01_variant_2_is_produced_accurately">
      <skipped message="Reason: On CRAN ('test-table_mht01.R:60:3')"/>
    </testcase>
    <testcase time="0.259999999999991" classname="table_mht01" name="MHT01_variant_3_is_produced_accurately"/>
    <testcase time="0.0949999999999989" classname="table_mht01" name="MHT01_variant_3_is_produced_accurately">
      <skipped message="Reason: On CRAN ('test-table_mht01.R:92:3')"/>
    </testcase>
    <testcase time="0.336000000000013" classname="table_mht01" name="MHT01_variant_5_is_produced_accurately"/>
    <testcase time="0.12299999999999" classname="table_mht01" name="MHT01_variant_5_is_produced_accurately">
      <skipped message="Reason: On CRAN ('test-table_mht01.R:130:3')"/>
    </testcase>
  </testsuite>
  <testsuite name="table_onct05" timestamp="2024-06-04T14:51:01Z" hostname="42a86acce1b3" tests="8" skipped="4" failures="0" errors="0" time="1.944">
    <testcase time="0.406999999999982" classname="table_onct05" name="ONCT05_variant_1_Objective_Response_Rate_by_Subgroup_is_produced_correctly"/>
    <testcase time="0.0840000000000032" classname="table_onct05" name="ONCT05_variant_1_Objective_Response_Rate_by_Subgroup_is_produced_correctly">
      <skipped message="Reason: On CRAN ('test-table_onct05.R:33:3')"/>
    </testcase>
    <testcase time="0.647999999999996" classname="table_onct05" name="ONCT05_variant_2_Specifying_class_variables_is_produced_correctly"/>
    <testcase time="0.0860000000000127" classname="table_onct05" name="ONCT05_variant_2_Specifying_class_variables_is_produced_correctly">
      <skipped message="Reason: On CRAN ('test-table_onct05.R:57:3')"/>
    </testcase>
    <testcase time="0.199000000000012" classname="table_onct05" name="ONCT05_variant_3_selecting_columns_and_changing_the_alpha_level_is_produced_correctly"/>
    <testcase time="0.0589999999999975" classname="table_onct05" name="ONCT05_variant_3_selecting_columns_and_changing_the_alpha_level_is_produced_correctly">
      <skipped message="Reason: On CRAN ('test-table_onct05.R:75:3')"/>
    </testcase>
    <testcase time="0.378999999999991" classname="table_onct05" name="ONCT05_variant_4_setting_values_indicating_response_is_produced_correctly"/>
    <testcase time="0.0819999999999936" classname="table_onct05" name="ONCT05_variant_4_setting_values_indicating_response_is_produced_correctly">
      <skipped message="Reason: On CRAN ('test-table_onct05.R:96:3')"/>
    </testcase>
  </testsuite>
  <testsuite name="table_pdt01" timestamp="2024-06-04T14:51:03Z" hostname="42a86acce1b3" tests="2" skipped="1" failures="0" errors="0" time="0.361">
    <testcase time="0.239000000000004" classname="table_pdt01" name="PDT01_is_produced_correctly"/>
    <testcase time="0.122000000000014" classname="table_pdt01" name="PDT01_is_produced_correctly">
      <skipped message="Reason: On CRAN ('test-table_pdt01.R:40:3')"/>
    </testcase>
  </testsuite>
  <testsuite name="table_pdt02" timestamp="2024-06-04T14:51:04Z" hostname="42a86acce1b3" tests="2" skipped="1" failures="0" errors="0" time="0.2">
    <testcase time="0.145999999999987" classname="table_pdt02" name="PDT02_is_produced_correctly"/>
    <testcase time="0.054000000000002" classname="table_pdt02" name="PDT02_is_produced_correctly">
      <skipped message="Reason: On CRAN ('test-table_pdt02.R:43:3')"/>
    </testcase>
  </testsuite>
  <testsuite name="table_pkct01" timestamp="2024-06-04T14:51:04Z" hostname="42a86acce1b3" tests="4" skipped="2" failures="0" errors="0" time="1.14">
    <testcase time="0.235000000000014" classname="table_pkct01" name="PKCT01_is_produced_correctly"/>
    <testcase time="0.0629999999999882" classname="table_pkct01" name="PKCT01_is_produced_correctly">
      <skipped message="Reason: On CRAN ('test-table_pkct01.R:18:3')"/>
    </testcase>
    <testcase time="0.689999999999998" classname="table_pkct01" name="Specific_PKCT01_features_are_present"/>
    <testcase time="0.151999999999987" classname="table_pkct01" name="Specific_PKCT01_features_are_present">
      <skipped message="Reason: On CRAN ('test-table_pkct01.R:120:3')"/>
    </testcase>
  </testsuite>
  <testsuite name="table_pkpt02" timestamp="2024-06-04T14:51:05Z" hostname="42a86acce1b3" tests="1" skipped="0" failures="0" errors="1" time="0.053">
    <testcase time="0.0530000000000257" classname="table_pkpt02" name="PKPT02_is_produced_correctly_for_Drug_X">
      <error type="error" message="Error in `data.frame(..., check.names = FALSE)`: arguments imply differing number of rows: 1, 0 ('test-table_pkpt02.R:41:3')">Error in `data.frame(..., check.names = FALSE)`: arguments imply differing number of rows: 1, 0
Backtrace:
     x
  1. \-rtables::build_table(l, df = adpp0) at test-table_pkpt02.R:41:3
  2.   \-base::lapply(...)
  3.     \-rtables (local) FUN(X[[i]], ...)
  4.       \-rtables:::recursive_applysplit(...)
  5.         +-rtables:::.make_split_kids(...)
  6.         \-rtables:::.make_split_kids(...)
  7.           \-rtables (local) .local(spl, have_controws, make_lrow, ...)
  8.             +-base::unlist(...)
  9.             \-base::mapply(...)
 10.               \-rtables (local) `&lt;fn&gt;`(...)
 11.                 \-rtables:::context_df_row(...)
 12.                   \-base::cbind(ret, colcols)
 13.                     \-base::cbind(deparse.level, ...)
 14.                       \-base::data.frame(..., check.names = FALSE)</error>
    </testcase>
  </testsuite>
  <testsuite name="table_pkpt03" timestamp="2024-06-04T14:51:05Z" hostname="42a86acce1b3" tests="2" skipped="0" failures="0" errors="1" time="0.116">
    <testcase time="0.0629999999999882" classname="table_pkpt03" name="PKPT03_Drug_X_is_produced_correctly"/>
    <testcase time="0.0529999999999973" classname="table_pkpt03" name="PKPT03_Drug_X_is_produced_correctly">
      <error type="error" message="Error in `if (has_topleft &amp;&amp; (sum(row_nlines[nl_inds_header]) &lt; how_many_nl)) { ('test-table_pkpt03.R:69:3')">Error in `if (has_topleft &amp;&amp; (sum(row_nlines[nl_inds_header]) &lt; how_many_nl)) {
    row_nlines[1] &lt;- row_nlines[1] + how_many_nl - sum(row_nlines[nl_inds_header])
}`: missing value where TRUE/FALSE needed
Backtrace:
    x
 1. \-testthat::expect_snapshot(res) at test-table_pkpt03.R:69:3
 2.   \-rlang::cnd_signal(state$error)</error>
    </testcase>
  </testsuite>
  <testsuite name="table_pkpt04" timestamp="2024-06-04T14:51:05Z" hostname="42a86acce1b3" tests="1" skipped="0" failures="0" errors="1" time="0.044">
    <testcase time="0.0440000000000111" classname="table_pkpt04" name="PKPT04_is_produced_correctly_for_Drug_X">
      <error type="error" message="&lt;dplyr:::mutate_error/rlang_error/error/condition&gt; ('test-table_pkpt04.R:34:3')">&lt;dplyr:::mutate_error/rlang_error/error/condition&gt;
Error in `mutate(., PKPARAM = factor(paste0(PPTEST, " (", AVALU, ")")))`: i In argument: `PKPARAM = factor(paste0(PPTEST, " (", AVALU, ")"))`.
Caused by error:
! object 'AVALU' not found
Backtrace:
     x
  1. +-adpp_urine %&gt;% filter(PPCAT == "XANOMELINE") %&gt;% ... at test-table_pkpt04.R:34:3
  2. +-dplyr::mutate(...)
  3. +-dplyr:::mutate.data.frame(., PKPARAM = factor(paste0(PPTEST, " (", AVALU, ")")))
  4. | \-dplyr:::mutate_cols(.data, dplyr_quosures(...), by)
  5. |   +-base::withCallingHandlers(...)
  6. |   \-dplyr:::mutate_col(dots[[i]], data, mask, new_columns)
  7. |     \-mask$eval_all_mutate(quo)
  8. |       \-dplyr (local) eval()
  9. +-base::factor(paste0(PPTEST, " (", AVALU, ")"))
 10. +-base::paste0(PPTEST, " (", AVALU, ")")
 11. \-base::.handleSimpleError(...)
 12.   \-dplyr (local) h(simpleError(msg, call))
 13.     \-rlang::abort(message, class = error_class, parent = parent, call = error_call)</error>
    </testcase>
  </testsuite>
  <testsuite name="table_pkpt05" timestamp="2024-06-04T14:51:05Z" hostname="42a86acce1b3" tests="1" skipped="0" failures="0" errors="1" time="0.112">
    <testcase time="0.111999999999995" classname="table_pkpt05" name="PKPT05_Drug_X_is_produced_correctly">
      <error type="error" message="&lt;dplyr:::mutate_error/rlang_error/error/condition&gt; ('test-table_pkpt05.R:57:3')">&lt;dplyr:::mutate_error/rlang_error/error/condition&gt;
Error in `dplyr::mutate(., PKPARAM = factor(paste0(PPTEST, " (", AVALU, 
    ")")))`: i In argument: `PKPARAM = factor(paste0(PPTEST, " (", AVALU, ")"))`.
Caused by error:
! object 'AVALU' not found
Backtrace:
     x
  1. +-adpp_urine %&gt;% filter(PPCAT == "XANOMELINE") %&gt;% ... at test-table_pkpt05.R:57:3
  2. +-dplyr::mutate(...)
  3. +-dplyr:::mutate.data.frame(., PKPARAM = factor(paste0(PPTEST, " (", AVALU, ")")))
  4. | \-dplyr:::mutate_cols(.data, dplyr_quosures(...), by)
  5. |   +-base::withCallingHandlers(...)
  6. |   \-dplyr:::mutate_col(dots[[i]], data, mask, new_columns)
  7. |     \-mask$eval_all_mutate(quo)
  8. |       \-dplyr (local) eval()
  9. +-base::factor(paste0(PPTEST, " (", AVALU, ")"))
 10. +-base::paste0(PPTEST, " (", AVALU, ")")
 11. \-base::.handleSimpleError(...)
 12.   \-dplyr (local) h(simpleError(msg, call))
 13.     \-rlang::abort(message, class = error_class, parent = parent, call = error_call)</error>
    </testcase>
  </testsuite>
  <testsuite name="table_pkpt06" timestamp="2024-06-04T14:51:05Z" hostname="42a86acce1b3" tests="4" skipped="2" failures="0" errors="0" time="0.291">
    <testcase time="0.146999999999991" classname="table_pkpt06" name="PKPT06_is_produced_correctly_for_Drug_X"/>
    <testcase time="0.0440000000000111" classname="table_pkpt06" name="PKPT06_is_produced_correctly_for_Drug_X">
      <skipped message="Reason: On CRAN ('test-table_pkpt06.R:48:3')"/>
    </testcase>
    <testcase time="0.0619999999999834" classname="table_pkpt06" name="PKPT06_is_produced_correctly_for_Drug_Y"/>
    <testcase time="0.0380000000000109" classname="table_pkpt06" name="PKPT06_is_produced_correctly_for_Drug_Y">
      <skipped message="Reason: On CRAN ('test-table_pkpt06.R:61:3')"/>
    </testcase>
  </testsuite>
  <testsuite name="table_pkpt07" timestamp="2024-06-04T14:51:06Z" hostname="42a86acce1b3" tests="4" skipped="2" failures="0" errors="0" time="0.423">
    <testcase time="0.187000000000012" classname="table_pkpt07" name="PKPT07_Drug_X_is_produced_correctly"/>
    <testcase time="0.0769999999999982" classname="table_pkpt07" name="PKPT07_Drug_X_is_produced_correctly">
      <skipped message="Reason: On CRAN ('test-table_pkpt07.R:73:3')"/>
    </testcase>
    <testcase time="0.0989999999999895" classname="table_pkpt07" name="PKPT07_Drug_Y_is_produced_correctly"/>
    <testcase time="0.0600000000000023" classname="table_pkpt07" name="PKPT07_Drug_Y_is_produced_correctly">
      <skipped message="Reason: On CRAN ('test-table_pkpt07.R:88:3')"/>
    </testcase>
  </testsuite>
  <testsuite name="table_ratet01" timestamp="2024-06-04T14:51:06Z" hostname="42a86acce1b3" tests="2" skipped="1" failures="0" errors="0" time="0.656">
    <testcase time="0.556000000000012" classname="table_ratet01" name="RATET01_is_produced_correctly"/>
    <testcase time="0.0999999999999943" classname="table_ratet01" name="RATET01_is_produced_correctly">
      <skipped message="Reason: On CRAN ('test-table_ratet01.R:66:3')"/>
    </testcase>
  </testsuite>
  <testsuite name="table_rmpt01" timestamp="2024-06-04T14:51:07Z" hostname="42a86acce1b3" tests="2" skipped="1" failures="0" errors="0" time="0.179">
    <testcase time="0.140999999999991" classname="table_rmpt01" name="RMPT01_is_produced_correctly"/>
    <testcase time="0.0380000000000109" classname="table_rmpt01" name="RMPT01_is_produced_correctly">
      <skipped message="Reason: On CRAN ('test-table_rmpt01.R:58:3')"/>
    </testcase>
  </testsuite>
  <testsuite name="table_rmpt03" timestamp="2024-06-04T14:51:07Z" hostname="42a86acce1b3" tests="4" skipped="2" failures="0" errors="0" time="0.452">
    <testcase time="0.189999999999998" classname="table_rmpt03" name="RMPT03_variant_1_is_produced_correctly"/>
    <testcase time="0.0559999999999832" classname="table_rmpt03" name="RMPT03_variant_1_is_produced_correctly">
      <skipped message="Reason: On CRAN ('test-table_rmpt03.R:67:3')"/>
    </testcase>
    <testcase time="0.137" classname="table_rmpt03" name="RMPT03_variant_2_is_produced_correctly"/>
    <testcase time="0.0690000000000168" classname="table_rmpt03" name="RMPT03_variant_2_is_produced_correctly">
      <skipped message="Reason: On CRAN ('test-table_rmpt03.R:91:3')"/>
    </testcase>
  </testsuite>
  <testsuite name="table_rmpt04" timestamp="2024-06-04T14:51:07Z" hostname="42a86acce1b3" tests="2" skipped="1" failures="0" errors="0" time="0.163">
    <testcase time="0.123999999999995" classname="table_rmpt04" name="RMPT04_variant_1_is_produced_correctly"/>
    <testcase time="0.0389999999999873" classname="table_rmpt04" name="RMPT04_variant_1_is_produced_correctly">
      <skipped message="Reason: On CRAN ('test-table_rmpt04.R:50:3')"/>
    </testcase>
  </testsuite>
  <testsuite name="table_rmpt05" timestamp="2024-06-04T14:51:08Z" hostname="42a86acce1b3" tests="2" skipped="1" failures="0" errors="0" time="0.197">
    <testcase time="0.149000000000001" classname="table_rmpt05" name="RMPT05_is_produced_correctly"/>
    <testcase time="0.0480000000000018" classname="table_rmpt05" name="RMPT05_is_produced_correctly">
      <skipped message="Reason: On CRAN ('test-table_rmpt05.R:49:3')"/>
    </testcase>
  </testsuite>
  <testsuite name="table_rmpt06" timestamp="2024-06-04T14:51:08Z" hostname="42a86acce1b3" tests="8" skipped="4" failures="0" errors="0" time="1.394">
    <testcase time="0.286000000000001" classname="table_rmpt06" name="RMPT06_variant_1_is_produced_correctly"/>
    <testcase time="0.0840000000000032" classname="table_rmpt06" name="RMPT06_variant_1_is_produced_correctly">
      <skipped message="Reason: On CRAN ('test-table_rmpt06.R:99:3')"/>
    </testcase>
    <testcase time="0.217000000000013" classname="table_rmpt06" name="RMPT06_variant_2_is_produced_correctly"/>
    <testcase time="0.063999999999993" classname="table_rmpt06" name="RMPT06_variant_2_is_produced_correctly">
      <skipped message="Reason: On CRAN ('test-table_rmpt06.R:148:3')"/>
    </testcase>
    <testcase time="0.271999999999991" classname="table_rmpt06" name="RMPT06_variant_3_is_produced_correctly"/>
    <testcase time="0.102000000000004" classname="table_rmpt06" name="RMPT06_variant_3_is_produced_correctly">
      <skipped message="Reason: On CRAN ('test-table_rmpt06.R:211:3')"/>
    </testcase>
    <testcase time="0.277000000000015" classname="table_rmpt06" name="RMPT06_variant_4_is_produced_correctly"/>
    <testcase time="0.0919999999999845" classname="table_rmpt06" name="RMPT06_variant_4_is_produced_correctly">
      <skipped message="Reason: On CRAN ('test-table_rmpt06.R:277:3')"/>
    </testcase>
  </testsuite>
  <testsuite name="table_rspt01" timestamp="2024-06-04T14:51:09Z" hostname="42a86acce1b3" tests="12" skipped="6" failures="0" errors="0" time="2.167">
    <testcase time="0.271000000000015" classname="table_rspt01" name="RSPT01_1._Best_Overall_Response"/>
    <testcase time="0.09699999999998" classname="table_rspt01" name="RSPT01_1._Best_Overall_Response">
      <skipped message="Reason: On CRAN ('test-table_rspt01.R:46:3')"/>
    </testcase>
    <testcase time="0.242000000000019" classname="table_rspt01" name="RSPT01_2._Best_Overall_Response_selecting_sections_to_display_"/>
    <testcase time="0.0849999999999795" classname="table_rspt01" name="RSPT01_2._Best_Overall_Response_selecting_sections_to_display_">
      <skipped message="Reason: On CRAN ('test-table_rspt01.R:73:3')"/>
    </testcase>
    <testcase time="0.300000000000011" classname="table_rspt01" name="RSPT01_3._Best_Overall_Response_modifying_settings_"/>
    <testcase time="0.0939999999999941" classname="table_rspt01" name="RSPT01_3._Best_Overall_Response_modifying_settings_">
      <skipped message="Reason: On CRAN ('test-table_rspt01.R:116:3')"/>
    </testcase>
    <testcase time="0.329000000000008" classname="table_rspt01" name="RSPT01_4._Best_Overall_Response_with_stratified_analysis_"/>
    <testcase time="0.103999999999985" classname="table_rspt01" name="RSPT01_4._Best_Overall_Response_with_stratified_analysis_">
      <skipped message="Reason: On CRAN ('test-table_rspt01.R:170:3')"/>
    </testcase>
    <testcase time="0.265000000000015" classname="table_rspt01" name="RSPT01_5._Best_Overall_Response_modifying_the_definition_of_overall_response_"/>
    <testcase time="0.0979999999999848" classname="table_rspt01" name="RSPT01_5._Best_Overall_Response_modifying_the_definition_of_overall_response_">
      <skipped message="Reason: On CRAN ('test-table_rspt01.R:202:3')"/>
    </testcase>
    <testcase time="0.198000000000008" classname="table_rspt01" name="RSPT01_6._Best_Overall_Response_define_new_sections_to_display_"/>
    <testcase time="0.0840000000000032" classname="table_rspt01" name="RSPT01_6._Best_Overall_Response_define_new_sections_to_display_">
      <skipped message="Reason: On CRAN ('test-table_rspt01.R:252:3')"/>
    </testcase>
  </testsuite>
  <testsuite name="table_ttet01" timestamp="2024-06-04T14:51:11Z" hostname="42a86acce1b3" tests="14" skipped="7" failures="0" errors="0" time="3.104">
    <testcase time="0.381" classname="table_ttet01" name="TTET01_default_variant_is_produced_correctly"/>
    <testcase time="0.146999999999991" classname="table_ttet01" name="TTET01_default_variant_is_produced_correctly">
      <skipped message="Reason: On CRAN ('test-table_ttet01.R:79:3')"/>
    </testcase>
    <testcase time="0.365000000000009" classname="table_ttet01" name="TTET01_default_variant_with_Placebo_arm"/>
    <testcase time="0.149000000000001" classname="table_ttet01" name="TTET01_default_variant_with_Placebo_arm">
      <skipped message="Reason: On CRAN ('test-table_ttet01.R:140:3')"/>
    </testcase>
    <testcase time="0.195999999999998" classname="table_ttet01" name="TTET01_variant_2_selecting_sections_to_display"/>
    <testcase time="0.0910000000000082" classname="table_ttet01" name="TTET01_variant_2_selecting_sections_to_display">
      <skipped message="Reason: On CRAN ('test-table_ttet01.R:185:3')"/>
    </testcase>
    <testcase time="0.283999999999992" classname="table_ttet01" name="TTET01_variant_3_modifying_analysis_details_like_conftype_ties_alpha_level"/>
    <testcase time="0.121000000000009" classname="table_ttet01" name="TTET01_variant_3_modifying_analysis_details_like_conftype_ties_alpha_level">
      <skipped message="Reason: On CRAN ('test-table_ttet01.R:251:3')"/>
    </testcase>
    <testcase time="0.328000000000003" classname="table_ttet01" name="TTET01_variant_4_with_stratified_analysis"/>
    <testcase time="0.145999999999987" classname="table_ttet01" name="TTET01_variant_4_with_stratified_analysis">
      <skipped message="Reason: On CRAN ('test-table_ttet01.R:312:3')"/>
    </testcase>
    <testcase time="0.292000000000002" classname="table_ttet01" name="TTET01_variant_5_modifying_time_point"/>
    <testcase time="0.11099999999999" classname="table_ttet01" name="TTET01_variant_5_modifying_time_point">
      <skipped message="Reason: On CRAN ('test-table_ttet01.R:367:3')"/>
    </testcase>
    <testcase time="0.356999999999999" classname="table_ttet01" name="TTET01_variant_6_requesting_more_than_one_p_value"/>
    <testcase time="0.136000000000024" classname="table_ttet01" name="TTET01_variant_6_requesting_more_than_one_p_value">
      <skipped message="Reason: On CRAN ('test-table_ttet01.R:440:3')"/>
    </testcase>
  </testsuite>
  <testsuite name="table_vst01" timestamp="2024-06-04T14:51:15Z" hostname="42a86acce1b3" tests="2" skipped="1" failures="0" errors="0" time="0.973">
    <testcase time="0.704999999999984" classname="table_vst01" name="VST01_default_variant_is_produced_correctly"/>
    <testcase time="0.268000000000001" classname="table_vst01" name="VST01_default_variant_is_produced_correctly">
      <skipped message="Reason: On CRAN ('test-table_vst01.R:99:3')"/>
    </testcase>
  </testsuite>
  <testsuite name="table_vst02" timestamp="2024-06-04T14:51:15Z" hostname="42a86acce1b3" tests="4" skipped="2" failures="0" errors="0" time="0.845">
    <testcase time="0.359999999999985" classname="table_vst02" name="1._Vital_Sign_Abnormalities_Regardless_of_Abnormality_at_Baseline_VST02_1_"/>
    <testcase time="0.0970000000000084" classname="table_vst02" name="1._Vital_Sign_Abnormalities_Regardless_of_Abnormality_at_Baseline_VST02_1_">
      <skipped message="Reason: On CRAN ('test-table_vst02.R:33:3')"/>
    </testcase>
    <testcase time="0.277000000000015" classname="table_vst02" name="2._Vital_Sign_Abnormalities_Among_Subject_Without_Abnormality_at_Baseline_VST02_2_"/>
    <testcase time="0.11099999999999" classname="table_vst02" name="2._Vital_Sign_Abnormalities_Among_Subject_Without_Abnormality_at_Baseline_VST02_2_">
      <skipped message="Reason: On CRAN ('test-table_vst02.R:51:3')"/>
    </testcase>
  </testsuite>
</testsuites>
