<?xml version="1.0" encoding="UTF-8"?>
<testsuites>
  <testsuite name="hello" timestamp="2023-02-08T02:48:03Z" hostname="c1485c29c26a" tests="1" skipped="0" failures="0" errors="0" time="0.169">
    <testcase time="0.169" classname="hello" name="hello_greets_the_entity"/>
  </testsuite>
</testsuites>
