<?xml version="1.0" encoding="UTF-8"?>
<testsuites>
  <testsuite name="listing_adal02" timestamp="2025-01-17T08:36:09Z" hostname="7b843d64f3d3" tests="1" skipped="0" failures="0" errors="0" time="0.282">
    <testcase time="0.282" classname="listing_adal02" name="ADAL02_listing_is_produced_correctly"/>
  </testsuite>
  <testsuite name="listing_ael01" timestamp="2025-01-17T08:36:09Z" hostname="7b843d64f3d3" tests="1" skipped="0" failures="0" errors="0" time="0.208">
    <testcase time="0.208" classname="listing_ael01" name="AEL01_listing_is_produced_correctly"/>
  </testsuite>
  <testsuite name="listing_ael01_nollt" timestamp="2025-01-17T08:36:09Z" hostname="7b843d64f3d3" tests="1" skipped="0" failures="0" errors="0" time="0.076">
    <testcase time="0.0760000000000005" classname="listing_ael01_nollt" name="AEL01_NOLLT_listing_is_produced_correctly"/>
  </testsuite>
  <testsuite name="listing_ael02" timestamp="2025-01-17T08:36:09Z" hostname="7b843d64f3d3" tests="1" skipped="0" failures="0" errors="0" time="0.306">
    <testcase time="0.305999999999999" classname="listing_ael02" name="AEL02_listing_is_produced_correctly"/>
  </testsuite>
  <testsuite name="listing_ael02_ed" timestamp="2025-01-17T08:36:10Z" hostname="7b843d64f3d3" tests="1" skipped="0" failures="0" errors="0" time="0.345">
    <testcase time="0.345000000000001" classname="listing_ael02_ed" name="AEL02_ED_listing_is_produced_correctly"/>
  </testsuite>
  <testsuite name="listing_ael03" timestamp="2025-01-17T08:36:10Z" hostname="7b843d64f3d3" tests="1" skipped="0" failures="0" errors="0" time="0.286">
    <testcase time="0.286" classname="listing_ael03" name="AEL03_listing_is_produced_correctly"/>
  </testsuite>
  <testsuite name="listing_ael04" timestamp="2025-01-17T08:36:10Z" hostname="7b843d64f3d3" tests="1" skipped="0" failures="0" errors="0" time="0.213">
    <testcase time="0.213000000000001" classname="listing_ael04" name="AEL04_listing_is_produced_correctly"/>
  </testsuite>
  <testsuite name="listing_cml01" timestamp="2025-01-17T08:36:10Z" hostname="7b843d64f3d3" tests="1" skipped="0" failures="0" errors="0" time="0.356">
    <testcase time="0.356" classname="listing_cml01" name="CML01_listing_is_produced_correctly"/>
  </testsuite>
  <testsuite name="listing_cml02a_gl" timestamp="2025-01-17T08:36:11Z" hostname="7b843d64f3d3" tests="1" skipped="0" failures="0" errors="0" time="0.129">
    <testcase time="0.129" classname="listing_cml02a_gl" name="CML02A_GL_listing_is_produced_correctly"/>
  </testsuite>
  <testsuite name="listing_cml02b_gl" timestamp="2025-01-17T08:36:11Z" hostname="7b843d64f3d3" tests="1" skipped="0" failures="0" errors="0" time="0.183">
    <testcase time="0.183" classname="listing_cml02b_gl" name="CML02B_GL_listing_is_produced_correctly"/>
  </testsuite>
  <testsuite name="listing_dsl01" timestamp="2025-01-17T08:36:11Z" hostname="7b843d64f3d3" tests="1" skipped="0" failures="0" errors="0" time="0.193">
    <testcase time="0.193" classname="listing_dsl01" name="DSL01_listing_is_produced_correctly"/>
  </testsuite>
  <testsuite name="listing_dsl02" timestamp="2025-01-17T08:36:11Z" hostname="7b843d64f3d3" tests="1" skipped="0" failures="0" errors="0" time="0.077">
    <testcase time="0.077" classname="listing_dsl02" name="DSL02_listing_is_produced_correctly"/>
  </testsuite>
  <testsuite name="listing_dsur4" timestamp="2025-01-17T08:36:11Z" hostname="7b843d64f3d3" tests="1" skipped="0" failures="0" errors="0" time="0.12">
    <testcase time="0.120000000000001" classname="listing_dsur4" name="DSUR4_listing_is_produced_correctly"/>
  </testsuite>
  <testsuite name="listing_egl01" timestamp="2025-01-17T08:36:12Z" hostname="7b843d64f3d3" tests="1" skipped="0" failures="0" errors="0" time="0.437">
    <testcase time="0.436999999999999" classname="listing_egl01" name="EGL01_listing_is_produced_correctly"/>
  </testsuite>
  <testsuite name="listing_exl01" timestamp="2025-01-17T08:36:12Z" hostname="7b843d64f3d3" tests="1" skipped="0" failures="0" errors="0" time="0.236">
    <testcase time="0.236000000000001" classname="listing_exl01" name="EXL01_listing_is_produced_correctly"/>
  </testsuite>
  <testsuite name="listing_lbl01" timestamp="2025-01-17T08:36:12Z" hostname="7b843d64f3d3" tests="1" skipped="0" failures="0" errors="0" time="0.548">
    <testcase time="0.548" classname="listing_lbl01" name="LBL01_listing_is_produced_correctly"/>
  </testsuite>
  <testsuite name="listing_lbl01_rls" timestamp="2025-01-17T08:36:13Z" hostname="7b843d64f3d3" tests="1" skipped="0" failures="0" errors="0" time="0.531">
    <testcase time="0.530999999999999" classname="listing_lbl01_rls" name="LBL01_RLS_listing_is_produced_correctly"/>
  </testsuite>
  <testsuite name="listing_lbl02a" timestamp="2025-01-17T08:36:13Z" hostname="7b843d64f3d3" tests="1" skipped="0" failures="0" errors="0" time="0.264">
    <testcase time="0.264000000000001" classname="listing_lbl02a" name="LBL02A_listing_is_produced_correctly"/>
  </testsuite>
  <testsuite name="listing_lbl02a_rls" timestamp="2025-01-17T08:36:14Z" hostname="7b843d64f3d3" tests="1" skipped="0" failures="0" errors="0" time="0.834">
    <testcase time="0.834" classname="listing_lbl02a_rls" name="LBL02A_RLS_listing_is_produced_correctly"/>
  </testsuite>
  <testsuite name="listing_lbl02b" timestamp="2025-01-17T08:36:14Z" hostname="7b843d64f3d3" tests="1" skipped="0" failures="0" errors="0" time="0.272">
    <testcase time="0.272" classname="listing_lbl02b" name="LBL02B_listing_is_produced_correctly"/>
  </testsuite>
  <testsuite name="listing_mhl01" timestamp="2025-01-17T08:36:15Z" hostname="7b843d64f3d3" tests="1" skipped="0" failures="0" errors="0" time="0.262">
    <testcase time="0.262" classname="listing_mhl01" name="MHL01_listing_is_produced_correctly"/>
  </testsuite>
  <testsuite name="listing_oncl01" timestamp="2025-01-17T08:36:15Z" hostname="7b843d64f3d3" tests="1" skipped="0" failures="0" errors="0" time="0.273">
    <testcase time="0.273" classname="listing_oncl01" name="ONCL01_listing_is_produced_correctly"/>
  </testsuite>
  <testsuite name="listing_pkcl01" timestamp="2025-01-17T08:36:15Z" hostname="7b843d64f3d3" tests="1" skipped="0" failures="0" errors="0" time="0.208">
    <testcase time="0.208" classname="listing_pkcl01" name="PKCL01_listing_is_produced_correctly"/>
  </testsuite>
  <testsuite name="listing_pkcl02" timestamp="2025-01-17T08:36:15Z" hostname="7b843d64f3d3" tests="1" skipped="0" failures="0" errors="0" time="0.215">
    <testcase time="0.215" classname="listing_pkcl02" name="PKCL02_listing_is_produced_correctly"/>
  </testsuite>
  <testsuite name="listing_pkpl01" timestamp="2025-01-17T08:36:16Z" hostname="7b843d64f3d3" tests="1" skipped="0" failures="0" errors="0" time="0.25">
    <testcase time="0.25" classname="listing_pkpl01" name="PKPL01_listing_is_produced_correctly"/>
  </testsuite>
  <testsuite name="listing_pkpl02" timestamp="2025-01-17T08:36:16Z" hostname="7b843d64f3d3" tests="1" skipped="0" failures="0" errors="0" time="0.162">
    <testcase time="0.161999999999999" classname="listing_pkpl02" name="PKPL02_listing_is_produced_correctly"/>
  </testsuite>
  <testsuite name="listing_pkpl04" timestamp="2025-01-17T08:36:16Z" hostname="7b843d64f3d3" tests="1" skipped="0" failures="0" errors="0" time="0.215">
    <testcase time="0.215" classname="listing_pkpl04" name="PKPL04_listing_is_produced_correctly"/>
  </testsuite>
  <testsuite name="listing_vsl01" timestamp="2025-01-17T08:36:16Z" hostname="7b843d64f3d3" tests="1" skipped="0" failures="0" errors="0" time="0.469">
    <testcase time="0.469000000000001" classname="listing_vsl01" name="VSL01_listing_is_produced_correctly"/>
  </testsuite>
  <testsuite name="pagination_listing" timestamp="2025-01-17T08:36:17Z" hostname="7b843d64f3d3" tests="13" skipped="0" failures="0" errors="0" time="6.209">
    <testcase time="0.0329999999999995" classname="pagination_listing" name="Direct_pagination_works_fine"/>
    <testcase time="1.012" classname="pagination_listing" name="Direct_pagination_works_fine"/>
    <testcase time="0.00400000000000134" classname="pagination_listing" name="Direct_pagination_works_fine"/>
    <testcase time="0.910999999999998" classname="pagination_listing" name="Direct_pagination_works_fine"/>
    <testcase time="1.287" classname="pagination_listing" name="Direct_pagination_works_fine"/>
    <testcase time="1.369" classname="pagination_listing" name="pagination_counts_the_right_number_of_lines_when_wrapping_on_keycols_is_present"/>
    <testcase time="0.00600000000000023" classname="pagination_listing" name="pagination_counts_the_right_number_of_lines_when_wrapping_on_keycols_is_present"/>
    <testcase time="0.00600000000000023" classname="pagination_listing" name="pagination_counts_the_right_number_of_lines_when_wrapping_on_keycols_is_present"/>
    <testcase time="0.00400000000000134" classname="pagination_listing" name="pagination_counts_the_right_number_of_lines_when_wrapping_on_keycols_is_present"/>
    <testcase time="1.563" classname="pagination_listing" name="pagination_counts_the_right_number_of_lines_when_wrapping_on_keycols_is_present"/>
    <testcase time="0.00600000000000023" classname="pagination_listing" name="pagination_counts_the_right_number_of_lines_when_wrapping_on_keycols_is_present"/>
    <testcase time="0.00400000000000134" classname="pagination_listing" name="pagination_counts_the_right_number_of_lines_when_wrapping_on_keycols_is_present"/>
    <testcase time="0.00400000000000134" classname="pagination_listing" name="pagination_counts_the_right_number_of_lines_when_wrapping_on_keycols_is_present"/>
  </testsuite>
  <testsuite name="pagination_table" timestamp="2025-01-17T08:36:24Z" hostname="7b843d64f3d3" tests="30" skipped="0" failures="0" errors="0" time="14.666">
    <testcase time="1.807" classname="pagination_table" name="Direct_pagination_with_standard_values"/>
    <testcase time="0.00499999999999901" classname="pagination_table" name="Direct_pagination_with_standard_values"/>
    <testcase time="0.00300000000000011" classname="pagination_table" name="Direct_pagination_with_standard_values"/>
    <testcase time="1.267" classname="pagination_table" name="Pagination_with_specific_column_widths_and_minimum_lines_per_page"/>
    <testcase time="0.00400000000000134" classname="pagination_table" name="Pagination_with_specific_column_widths_and_minimum_lines_per_page"/>
    <testcase time="0.132999999999999" classname="pagination_table" name="Pagination_with_specific_column_widths_and_minimum_lines_per_page"/>
    <testcase time="0.992000000000001" classname="pagination_table" name="Pagination_works_also_if_table_is_decorated"/>
    <testcase time="0.57" classname="pagination_table" name="Pagination_works_also_if_table_is_decorated"/>
    <testcase time="0.827999999999999" classname="pagination_table" name="Pagination_works_also_if_table_is_decorated"/>
    <testcase time="0.68" classname="pagination_table" name="Pagination_works_also_if_table_is_decorated"/>
    <testcase time="1.413" classname="pagination_table" name="Pagination_works_also_if_table_is_decorated"/>
    <testcase time="0.321999999999999" classname="pagination_table" name="Pagination_works_also_if_table_is_decorated"/>
    <testcase time="0.00400000000000134" classname="pagination_table" name="Pagination_works_also_if_table_is_decorated"/>
    <testcase time="0.0219999999999985" classname="pagination_table" name="Pagination_works_also_if_table_is_decorated"/>
    <testcase time="0.161000000000001" classname="pagination_table" name="Pagination_works_also_if_table_is_decorated"/>
    <testcase time="0.0909999999999975" classname="pagination_table" name="Pagination_works_also_if_table_is_decorated"/>
    <testcase time="0.725000000000001" classname="pagination_table" name="Pagination_works_for_page_types"/>
    <testcase time="0.0889999999999986" classname="pagination_table" name="Pagination_works_for_page_types"/>
    <testcase time="0.767000000000003" classname="pagination_table" name="Pagination_works_for_page_types"/>
    <testcase time="0.0820000000000007" classname="pagination_table" name="Pagination_works_for_page_types"/>
    <testcase time="0.689" classname="pagination_table" name="Pagination_works_for_page_types"/>
    <testcase time="0.408999999999999" classname="pagination_table" name="Pagination_works_for_page_types"/>
    <testcase time="0.742999999999995" classname="pagination_table" name="Pagination_works_for_page_width_and_height"/>
    <testcase time="0.141000000000005" classname="pagination_table" name="Pagination_works_for_page_width_and_height"/>
    <testcase time="0.853000000000002" classname="pagination_table" name="Pagination_works_for_page_types"/>
    <testcase time="0.172999999999995" classname="pagination_table" name="Pagination_works_for_page_types"/>
    <testcase time="0.858000000000004" classname="pagination_table" name="AET04_variant_2_page_by_pagination_tests"/>
    <testcase time="0.658999999999999" classname="pagination_table" name="AET04_variant_2_page_by_pagination_tests"/>
    <testcase time="0.00199999999999534" classname="pagination_table" name="AET04_variant_2_page_by_pagination_tests"/>
    <testcase time="0.174000000000007" classname="pagination_table" name="AET04_variant_2_page_by_pagination_tests"/>
  </testsuite>
  <testsuite name="table_adat03" timestamp="2025-01-17T08:36:38Z" hostname="7b843d64f3d3" tests="2" skipped="0" failures="0" errors="0" time="0.578">
    <testcase time="0.431999999999995" classname="table_adat03" name="ADAT03_is_produced_correctly"/>
    <testcase time="0.146000000000001" classname="table_adat03" name="ADAT03_is_produced_correctly"/>
  </testsuite>
  <testsuite name="table_aet01" timestamp="2025-01-17T08:36:38Z" hostname="7b843d64f3d3" tests="8" skipped="0" failures="0" errors="0" time="1.876">
    <testcase time="0.377000000000002" classname="table_aet01" name="Safety_Summary_Variant_1_works_as_expected"/>
    <testcase time="0.109000000000002" classname="table_aet01" name="Safety_Summary_Variant_1_works_as_expected"/>
    <testcase time="0.367999999999995" classname="table_aet01" name="Safety_Summary_Variant_2_with_Medical_Concepts_Section_works_as_expected"/>
    <testcase time="0.121000000000002" classname="table_aet01" name="Safety_Summary_Variant_2_with_Medical_Concepts_Section_works_as_expected"/>
    <testcase time="0.274999999999999" classname="table_aet01" name="Safety_Summary_Variant_3_with_Modified_Rows_works_as_expected"/>
    <testcase time="0.109999999999999" classname="table_aet01" name="Safety_Summary_Variant_3_with_Modified_Rows_works_as_expected"/>
    <testcase time="0.371000000000002" classname="table_aet01" name="Safety_Summary_Variant_4_with_Rows_Counting_Events_and_Additional_Sections_works_as_expected"/>
    <testcase time="0.144999999999996" classname="table_aet01" name="Safety_Summary_Variant_4_with_Rows_Counting_Events_and_Additional_Sections_works_as_expected"/>
  </testsuite>
  <testsuite name="table_aet01_aesi" timestamp="2025-01-17T08:36:40Z" hostname="7b843d64f3d3" tests="8" skipped="0" failures="0" errors="0" time="2.978">
    <testcase time="0.310000000000002" classname="table_aet01_aesi" name="AET01_AESI_Variant_1_works_as_expected"/>
    <testcase time="0.125" classname="table_aet01_aesi" name="AET01_AESI_Variant_1_works_as_expected"/>
    <testcase time="0.475000000000001" classname="table_aet01_aesi" name="AET01_AESI_Variant_2_works_as_expected"/>
    <testcase time="0.167999999999999" classname="table_aet01_aesi" name="AET01_AESI_Variant_2_works_as_expected"/>
    <testcase time="0.694000000000003" classname="table_aet01_aesi" name="AET01_AESI_Variant_3_works_as_expected"/>
    <testcase time="0.440999999999995" classname="table_aet01_aesi" name="AET01_AESI_Variant_3_works_as_expected"/>
    <testcase time="0.548999999999999" classname="table_aet01_aesi" name="AET01_AESI_Variant_4_works_as_expected"/>
    <testcase time="0.216000000000001" classname="table_aet01_aesi" name="AET01_AESI_Variant_4_works_as_expected"/>
  </testsuite>
  <testsuite name="table_aet02" timestamp="2025-01-17T08:36:43Z" hostname="7b843d64f3d3" tests="26" skipped="0" failures="0" errors="0" time="8.391">
    <testcase time="0.554000000000002" classname="table_aet02" name="AET02_variant_1_is_produced_correctly"/>
    <testcase time="0.180999999999997" classname="table_aet02" name="AET02_variant_1_is_produced_correctly"/>
    <testcase time="0.420000000000002" classname="table_aet02" name="AET02_variant_1_is_produced_correctly"/>
    <testcase time="0.0970000000000013" classname="table_aet02" name="AET02_variant_1_is_produced_correctly"/>
    <testcase time="0.609999999999999" classname="table_aet02" name="AET02_variant_2_is_produced_correctly"/>
    <testcase time="0.182000000000002" classname="table_aet02" name="AET02_variant_2_is_produced_correctly"/>
    <testcase time="0.976999999999997" classname="table_aet02" name="AET02_variant_3_is_produced_correctly"/>
    <testcase time="0.302" classname="table_aet02" name="AET02_variant_3_is_produced_correctly"/>
    <testcase time="0.128" classname="table_aet02" name="AET02_variant_4_is_produced_correctly"/>
    <testcase time="0.100000000000001" classname="table_aet02" name="AET02_variant_4_is_produced_correctly"/>
    <testcase time="0.426000000000002" classname="table_aet02" name="AET02_variant_5_is_produced_correctly"/>
    <testcase time="0.165999999999997" classname="table_aet02" name="AET02_variant_5_is_produced_correctly"/>
    <testcase time="0.425000000000004" classname="table_aet02" name="AET02_variant_6_is_produced_correctly"/>
    <testcase time="0.123999999999995" classname="table_aet02" name="AET02_variant_6_is_produced_correctly"/>
    <testcase time="0.972000000000001" classname="table_aet02" name="AET02_variant_7_is_produced_correctly"/>
    <testcase time="0.155000000000001" classname="table_aet02" name="AET02_variant_7_is_produced_correctly"/>
    <testcase time="0.423000000000002" classname="table_aet02" name="AET02_variant_8_is_produced_correctly"/>
    <testcase time="0.0779999999999959" classname="table_aet02" name="AET02_variant_8_is_produced_correctly"/>
    <testcase time="0.428000000000004" classname="table_aet02" name="AET02_variant_9_is_produced_correctly"/>
    <testcase time="0.114999999999995" classname="table_aet02" name="AET02_variant_9_is_produced_correctly"/>
    <testcase time="0.416000000000004" classname="table_aet02" name="AET02_variant_10_is_produced_correctly"/>
    <testcase time="0.0899999999999963" classname="table_aet02" name="AET02_variant_10_is_produced_correctly"/>
    <testcase time="0.431000000000004" classname="table_aet02" name="AET02_variant_11_is_produced_correctly"/>
    <testcase time="0.0899999999999963" classname="table_aet02" name="AET02_variant_11_is_produced_correctly"/>
    <testcase time="0.417999999999999" classname="table_aet02" name="AET02_variant_12_is_produced_correctly"/>
    <testcase time="0.0830000000000055" classname="table_aet02" name="AET02_variant_12_is_produced_correctly"/>
  </testsuite>
  <testsuite name="table_aet02_smq" timestamp="2025-01-17T08:36:51Z" hostname="7b843d64f3d3" tests="4" skipped="0" failures="0" errors="0" time="0.491">
    <testcase time="0.135999999999996" classname="table_aet02_smq" name="AET02SMQ_variant_1_is_produced_correctly"/>
    <testcase time="0.0720000000000027" classname="table_aet02_smq" name="AET02SMQ_variant_1_is_produced_correctly"/>
    <testcase time="0.183" classname="table_aet02_smq" name="AET02SMQ_variant_2_is_produced_correctly"/>
    <testcase time="0.100000000000001" classname="table_aet02_smq" name="AET02SMQ_variant_2_is_produced_correctly"/>
  </testsuite>
  <testsuite name="table_aet03" timestamp="2025-01-17T08:36:52Z" hostname="7b843d64f3d3" tests="6" skipped="0" failures="0" errors="0" time="5.186">
    <testcase time="1.211" classname="table_aet03" name="AET03_variant_1_is_produced_correctly"/>
    <testcase time="0.436999999999998" classname="table_aet03" name="AET03_variant_1_is_produced_correctly"/>
    <testcase time="1.448" classname="table_aet03" name="AET03_variant_1_is_produced_correctly"/>
    <testcase time="0.713999999999999" classname="table_aet03" name="AET03_variant_1_is_produced_correctly"/>
    <testcase time="1.154" classname="table_aet03" name="AET03_variant_1_is_produced_correctly"/>
    <testcase time="0.222000000000001" classname="table_aet03" name="AET03_variant_1_is_produced_correctly"/>
  </testsuite>
  <testsuite name="table_aet04" timestamp="2025-01-17T08:36:58Z" hostname="7b843d64f3d3" tests="30" skipped="0" failures="0" errors="0" time="13.157">
    <testcase time="0.820999999999998" classname="table_aet04" name="AET04_variant_1_is_produced_correctly"/>
    <testcase time="0.350000000000001" classname="table_aet04" name="AET04_variant_1_is_produced_correctly"/>
    <testcase time="0.842999999999996" classname="table_aet04" name="AET04_variant_1_is_produced_correctly"/>
    <testcase time="0.044000000000004" classname="table_aet04" name="AET04_variant_1_is_produced_correctly"/>
    <testcase time="0.0629999999999953" classname="table_aet04" name="AET04_variant_1_is_produced_correctly"/>
    <testcase time="0.705000000000005" classname="table_aet04" name="AET04_variant_2_is_produced_correctly_Fill_in_of_Treatment_Groups_"/>
    <testcase time="0.303999999999995" classname="table_aet04" name="AET04_variant_2_is_produced_correctly_Fill_in_of_Treatment_Groups_"/>
    <testcase time="0.776000000000003" classname="table_aet04" name="AET04_variant_2_is_produced_correctly_Fill_in_of_Treatment_Groups_"/>
    <testcase time="0.0619999999999976" classname="table_aet04" name="AET04_variant_2_is_produced_correctly_Fill_in_of_Treatment_Groups_"/>
    <testcase time="0.0410000000000039" classname="table_aet04" name="AET04_variant_2_is_produced_correctly_Fill_in_of_Treatment_Groups_"/>
    <testcase time="0.979999999999997" classname="table_aet04" name="AET04_variant_3_is_produced_correctly_Fill_in_of_Grades_"/>
    <testcase time="0.329000000000001" classname="table_aet04" name="AET04_variant_3_is_produced_correctly_Fill_in_of_Grades_"/>
    <testcase time="0.802" classname="table_aet04" name="AET04_variant_3_is_produced_correctly_Fill_in_of_Grades_"/>
    <testcase time="0.0519999999999996" classname="table_aet04" name="AET04_variant_3_is_produced_correctly_Fill_in_of_Grades_"/>
    <testcase time="0.0410000000000039" classname="table_aet04" name="AET04_variant_3_is_produced_correctly_Fill_in_of_Grades_"/>
    <testcase time="0.692999999999998" classname="table_aet04" name="AET04_variant_4_is_produced_correctly_Collapsing_of_Grades_grades_1_2_grades_3_4_5_"/>
    <testcase time="0.317" classname="table_aet04" name="AET04_variant_4_is_produced_correctly_Collapsing_of_Grades_grades_1_2_grades_3_4_5_"/>
    <testcase time="0.771999999999998" classname="table_aet04" name="AET04_variant_4_is_produced_correctly_Collapsing_of_Grades_grades_1_2_grades_3_4_5_"/>
    <testcase time="0.730000000000004" classname="table_aet04" name="AET04_variant_6_is_produced_correctly_with_an_Incidence_Rate_of_at_Least_5_totals_restricted_"/>
    <testcase time="0.313999999999993" classname="table_aet04" name="AET04_variant_6_is_produced_correctly_with_an_Incidence_Rate_of_at_Least_5_totals_restricted_"/>
    <testcase time="0.766000000000005" classname="table_aet04" name="AET04_variant_6_is_produced_correctly_with_an_Incidence_Rate_of_at_Least_5_totals_restricted_"/>
    <testcase time="0.0109999999999957" classname="table_aet04" name="AET04_variant_8_is_produced_correctly_with_an_Incidence_Rate_of_at_Least_X_Patients_"/>
    <testcase time="0.316000000000003" classname="table_aet04" name="AET04_variant_8_is_produced_correctly_with_an_Incidence_Rate_of_at_Least_X_Patients_"/>
    <testcase time="0.784999999999997" classname="table_aet04" name="AET04_variant_8_is_produced_correctly_with_an_Incidence_Rate_of_at_Least_X_Patients_"/>
    <testcase time="0.0100000000000051" classname="table_aet04" name="AET04_variant_9_is_produced_correctly_with_a_Difference_in_Incidence_Rate_of_at_Least_X_"/>
    <testcase time="0.319999999999993" classname="table_aet04" name="AET04_variant_9_is_produced_correctly_with_a_Difference_in_Incidence_Rate_of_at_Least_X_"/>
    <testcase time="0.785000000000011" classname="table_aet04" name="AET04_variant_9_is_produced_correctly_with_a_Difference_in_Incidence_Rate_of_at_Least_X_"/>
    <testcase time="0.00999999999999091" classname="table_aet04" name="AET04_variant_11_is_produced_correctly_with_Incidence_Rate_of_at_Least_X_all_SOCs_w_o_preferred_terms_removed_"/>
    <testcase time="0.329000000000008" classname="table_aet04" name="AET04_variant_11_is_produced_correctly_with_Incidence_Rate_of_at_Least_X_all_SOCs_w_o_preferred_terms_removed_"/>
    <testcase time="0.786000000000001" classname="table_aet04" name="AET04_variant_11_is_produced_correctly_with_Incidence_Rate_of_at_Least_X_all_SOCs_w_o_preferred_terms_removed_"/>
  </testsuite>
  <testsuite name="table_aet04_pi" timestamp="2025-01-17T08:37:10Z" hostname="7b843d64f3d3" tests="18" skipped="0" failures="0" errors="0" time="7.099">
    <testcase time="0.622" classname="table_aet04_pi" name="AET04_PI_full_table_is_produced_correctly"/>
    <testcase time="0.228999999999999" classname="table_aet04_pi" name="AET04_PI_full_table_is_produced_correctly"/>
    <testcase time="0.637" classname="table_aet04_pi" name="AET04_PI_variant_1_is_produced_correctly"/>
    <testcase time="0.185999999999993" classname="table_aet04_pi" name="AET04_PI_variant_1_is_produced_correctly"/>
    <testcase time="0.632999999999996" classname="table_aet04_pi" name="AET04_PI_variant_2_is_produced_correctly"/>
    <testcase time="0.126000000000005" classname="table_aet04_pi" name="AET04_PI_variant_2_is_produced_correctly"/>
    <testcase time="0.644000000000005" classname="table_aet04_pi" name="AET04_PI_variant_3_is_produced_correctly"/>
    <testcase time="0.146999999999991" classname="table_aet04_pi" name="AET04_PI_variant_3_is_produced_correctly"/>
    <testcase time="0.635000000000005" classname="table_aet04_pi" name="AET04_PI_variant_4_is_produced_correctly"/>
    <testcase time="0.111000000000004" classname="table_aet04_pi" name="AET04_PI_variant_4_is_produced_correctly"/>
    <testcase time="0.650999999999996" classname="table_aet04_pi" name="AET04_PI_variant_5_is_produced_correctly"/>
    <testcase time="0.170999999999992" classname="table_aet04_pi" name="AET04_PI_variant_5_is_produced_correctly"/>
    <testcase time="0.806000000000012" classname="table_aet04_pi" name="AET04_PI_variant_6_is_produced_correctly"/>
    <testcase time="0.170000000000002" classname="table_aet04_pi" name="AET04_PI_variant_6_is_produced_correctly"/>
    <testcase time="0.795999999999992" classname="table_aet04_pi" name="AET04_PI_variant_7_is_produced_correctly"/>
    <testcase time="0.195000000000007" classname="table_aet04_pi" name="AET04_PI_variant_7_is_produced_correctly"/>
    <testcase time="0.195999999999998" classname="table_aet04_pi" name="AET04_PI_variant_8_is_produced_correctly"/>
    <testcase time="0.143999999999991" classname="table_aet04_pi" name="AET04_PI_variant_8_is_produced_correctly"/>
  </testsuite>
  <testsuite name="table_aet05" timestamp="2025-01-17T08:37:17Z" hostname="7b843d64f3d3" tests="4" skipped="0" failures="0" errors="0" time="0.292">
    <testcase time="0.0859999999999985" classname="table_aet05" name="AET05_variant_1_is_produced_correctly"/>
    <testcase time="0.0790000000000077" classname="table_aet05" name="AET05_variant_1_is_produced_correctly"/>
    <testcase time="0.0609999999999928" classname="table_aet05" name="AET05_variant_2_is_produced_correctly"/>
    <testcase time="0.0660000000000025" classname="table_aet05" name="AET05_variant_2_is_produced_correctly"/>
  </testsuite>
  <testsuite name="table_aet05_all" timestamp="2025-01-17T08:37:18Z" hostname="7b843d64f3d3" tests="4" skipped="0" failures="0" errors="0" time="0.356">
    <testcase time="0.125" classname="table_aet05_all" name="AET05_ALL_variant_1_is_produced_correctly"/>
    <testcase time="0.0730000000000075" classname="table_aet05_all" name="AET05_ALL_variant_1_is_produced_correctly"/>
    <testcase time="0.0919999999999987" classname="table_aet05_all" name="AET05_ALL_variant_2_is_produced_correctly"/>
    <testcase time="0.0660000000000025" classname="table_aet05_all" name="AET05_ALL_variant_2_is_produced_correctly"/>
  </testsuite>
  <testsuite name="table_aet06" timestamp="2025-01-17T08:37:18Z" hostname="7b843d64f3d3" tests="6" skipped="0" failures="0" errors="0" time="4.27">
    <testcase time="0.646000000000001" classname="table_aet06" name="AET06_variant_1_is_produced_correctly"/>
    <testcase time="0.256" classname="table_aet06" name="AET06_variant_1_is_produced_correctly"/>
    <testcase time="1.05699999999999" classname="table_aet06" name="AET06_variant_3_is_produced_correctly"/>
    <testcase time="0.366" classname="table_aet06" name="AET06_variant_3_is_produced_correctly"/>
    <testcase time="1.536" classname="table_aet06" name="AET06_variant_5_is_produced_correctly"/>
    <testcase time="0.409000000000006" classname="table_aet06" name="AET06_variant_5_is_produced_correctly"/>
  </testsuite>
  <testsuite name="table_aet06_smq" timestamp="2025-01-17T08:37:22Z" hostname="7b843d64f3d3" tests="4" skipped="0" failures="0" errors="0" time="1.07">
    <testcase time="0.385999999999996" classname="table_aet06_smq" name="AET06_SMQ_variant_1_is_produced_correctly"/>
    <testcase time="0.152000000000001" classname="table_aet06_smq" name="AET06_SMQ_variant_1_is_produced_correctly"/>
    <testcase time="0.381" classname="table_aet06_smq" name="AET06_SMQ_variant_2_is_produced_correctly"/>
    <testcase time="0.150999999999996" classname="table_aet06_smq" name="AET06_SMQ_variant_2_is_produced_correctly"/>
  </testsuite>
  <testsuite name="table_aet07" timestamp="2025-01-17T08:37:23Z" hostname="7b843d64f3d3" tests="4" skipped="0" failures="0" errors="0" time="0.229">
    <testcase time="0.0680000000000121" classname="table_aet07" name="AET07_variant_1_is_produced_correctly"/>
    <testcase time="0.0489999999999924" classname="table_aet07" name="AET07_variant_1_is_produced_correctly"/>
    <testcase time="0.0550000000000068" classname="table_aet07" name="AET07_variant_2_is_produced_correctly"/>
    <testcase time="0.0569999999999879" classname="table_aet07" name="AET07_variant_2_is_produced_correctly"/>
  </testsuite>
  <testsuite name="table_aet09" timestamp="2025-01-17T08:37:24Z" hostname="7b843d64f3d3" tests="4" skipped="0" failures="0" errors="0" time="2.15">
    <testcase time="0.570000000000007" classname="table_aet09" name="AET09_variant_1_is_produced_correctly_AE_related_to_study_drug"/>
    <testcase time="0.203999999999994" classname="table_aet09" name="AET09_variant_1_is_produced_correctly_AE_related_to_study_drug"/>
    <testcase time="1.04100000000001" classname="table_aet09" name="AET09_variant_2_is_produced_correctly_AE_related_to_study_drug_including_high_level_terms_"/>
    <testcase time="0.334999999999994" classname="table_aet09" name="AET09_variant_2_is_produced_correctly_AE_related_to_study_drug_including_high_level_terms_"/>
  </testsuite>
  <testsuite name="table_aet09_smq" timestamp="2025-01-17T08:37:26Z" hostname="7b843d64f3d3" tests="4" skipped="0" failures="0" errors="0" time="0.635">
    <testcase time="0.144999999999996" classname="table_aet09_smq" name="AET09_variant_1_AEs_related_to_study_drug_by_SMQ_is_produced_correctly"/>
    <testcase time="0.0919999999999987" classname="table_aet09_smq" name="AET09_variant_1_AEs_related_to_study_drug_by_SMQ_is_produced_correctly"/>
    <testcase time="0.280000000000001" classname="table_aet09_smq" name="AET09_variant_2_AEs_related_to_study_drug_by_SMQ_with_customized_queries_is_produced_correctly"/>
    <testcase time="0.118000000000009" classname="table_aet09_smq" name="AET09_variant_2_AEs_related_to_study_drug_by_SMQ_with_customized_queries_is_produced_correctly"/>
  </testsuite>
  <testsuite name="table_aet10" timestamp="2025-01-17T08:37:26Z" hostname="7b843d64f3d3" tests="2" skipped="0" failures="0" errors="0" time="0.185">
    <testcase time="0.125" classname="table_aet10" name="AET10_default_variant_is_produced_correctly"/>
    <testcase time="0.0600000000000023" classname="table_aet10" name="AET10_default_variant_is_produced_correctly"/>
  </testsuite>
  <testsuite name="table_aovt01" timestamp="2025-01-17T08:37:27Z" hostname="7b843d64f3d3" tests="4" skipped="0" failures="0" errors="0" time="1.351">
    <testcase time="0.411999999999992" classname="table_aovt01" name="AOVT01_variant_with_single_endpoint_is_produced_correctly"/>
    <testcase time="0.102000000000004" classname="table_aovt01" name="AOVT01_variant_with_single_endpoint_is_produced_correctly"/>
    <testcase time="0.670000000000002" classname="table_aovt01" name="AOVT01_variant_with_multiple_endpoints_is_produced_correctly"/>
    <testcase time="0.167000000000002" classname="table_aovt01" name="AOVT01_variant_with_multiple_endpoints_is_produced_correctly"/>
  </testsuite>
  <testsuite name="table_aovt02" timestamp="2025-01-17T08:37:28Z" hostname="7b843d64f3d3" tests="2" skipped="0" failures="0" errors="0" time="0.448">
    <testcase time="0.347999999999999" classname="table_aovt02" name="AOVT02_is_produced_correctly"/>
    <testcase time="0.0999999999999943" classname="table_aovt02" name="AOVT02_is_produced_correctly"/>
  </testsuite>
  <testsuite name="table_aovt03" timestamp="2025-01-17T08:37:28Z" hostname="7b843d64f3d3" tests="2" skipped="0" failures="0" errors="0" time="1.013">
    <testcase time="0.834000000000003" classname="table_aovt03" name="AOVT03_is_produced_correctly"/>
    <testcase time="0.179000000000002" classname="table_aovt03" name="AOVT03_is_produced_correctly"/>
  </testsuite>
  <testsuite name="table_cfbt01" timestamp="2025-01-17T08:37:29Z" hostname="7b843d64f3d3" tests="2" skipped="0" failures="0" errors="0" time="0.668">
    <testcase time="0.447999999999993" classname="table_cfbt01" name="CFBT01_default_variant_is_produced_correctly"/>
    <testcase time="0.219999999999999" classname="table_cfbt01" name="CFBT01_default_variant_is_produced_correctly"/>
  </testsuite>
  <testsuite name="table_cmht01" timestamp="2025-01-17T08:37:30Z" hostname="7b843d64f3d3" tests="4" skipped="0" failures="0" errors="0" time="1.867">
    <testcase time="0.456000000000003" classname="table_cmht01" name="CMHT01_variant_1_is_produced_correctly"/>
    <testcase time="0.0900000000000034" classname="table_cmht01" name="CMHT01_variant_1_is_produced_correctly"/>
    <testcase time="1.03099999999999" classname="table_cmht01" name="CMHT01_variant_2_is_produced_correctly"/>
    <testcase time="0.290000000000006" classname="table_cmht01" name="CMHT01_variant_2_is_produced_correctly"/>
  </testsuite>
  <testsuite name="table_cmt01" timestamp="2025-01-17T08:37:32Z" hostname="7b843d64f3d3" tests="8" skipped="0" failures="0" errors="0" time="4.104">
    <testcase time="0.700000000000003" classname="table_cmt01" name="CMT01_default_variant_Concomitant_medications_is_produced_correctly"/>
    <testcase time="0.313000000000002" classname="table_cmt01" name="CMT01_default_variant_Concomitant_medications_is_produced_correctly"/>
    <testcase time="0.790999999999997" classname="table_cmt01" name="CMT01_variant_1_prior_medications_is_produced_correctly"/>
    <testcase time="0.349000000000004" classname="table_cmt01" name="CMT01_variant_1_prior_medications_is_produced_correctly"/>
    <testcase time="0.643999999999991" classname="table_cmt01" name="CMT01_variant_3_Concomitant_medications_is_produced_correctly"/>
    <testcase time="0.278000000000006" classname="table_cmt01" name="CMT01_variant_3_Concomitant_medications_is_produced_correctly"/>
    <testcase time="0.694999999999993" classname="table_cmt01" name="CMT01_variant_4_Concomitant_medications_is_produced_correctly"/>
    <testcase time="0.334000000000003" classname="table_cmt01" name="CMT01_variant_4_Concomitant_medications_is_produced_correctly"/>
  </testsuite>
  <testsuite name="table_cmt01a" timestamp="2025-01-17T08:37:36Z" hostname="7b843d64f3d3" tests="8" skipped="0" failures="0" errors="0" time="6.264">
    <testcase time="1.371" classname="table_cmt01a" name="CMT01A_variant_1_is_produced_correctly"/>
    <testcase time="0.301000000000002" classname="table_cmt01a" name="CMT01A_variant_1_is_produced_correctly"/>
    <testcase time="1.196" classname="table_cmt01a" name="CMT01A_variant_2_is_produced_correctly"/>
    <testcase time="0.306000000000012" classname="table_cmt01a" name="CMT01A_variant_2_is_produced_correctly"/>
    <testcase time="1.28099999999999" classname="table_cmt01a" name="CMT01A_variant_3_is_produced_correctly"/>
    <testcase time="0.307000000000002" classname="table_cmt01a" name="CMT01A_variant_3_is_produced_correctly"/>
    <testcase time="1.235" classname="table_cmt01a" name="CMT01A_variant_4_is_produced_correctly"/>
    <testcase time="0.266999999999996" classname="table_cmt01a" name="CMT01A_variant_4_is_produced_correctly"/>
  </testsuite>
  <testsuite name="table_cmt01b" timestamp="2025-01-17T08:37:42Z" hostname="7b843d64f3d3" tests="6" skipped="0" failures="0" errors="0" time="5.828">
    <testcase time="2.065" classname="table_cmt01b" name="CMT01B_variant_1_is_produced_correctly"/>
    <testcase time="0.351000000000013" classname="table_cmt01b" name="CMT01B_variant_1_is_produced_correctly"/>
    <testcase time="1.193" classname="table_cmt01b" name="CMT01B_variant_2_is_produced_correctly"/>
    <testcase time="0.304000000000002" classname="table_cmt01b" name="CMT01B_variant_2_is_produced_correctly"/>
    <testcase time="1.50999999999999" classname="table_cmt01b" name="CMT01B_variant_4_is_produced_correctly"/>
    <testcase time="0.405000000000001" classname="table_cmt01b" name="CMT01B_variant_4_is_produced_correctly"/>
  </testsuite>
  <testsuite name="table_cmt02_pt" timestamp="2025-01-17T08:37:48Z" hostname="7b843d64f3d3" tests="2" skipped="0" failures="0" errors="0" time="0.607">
    <testcase time="0.411000000000001" classname="table_cmt02_pt" name="CMT02_PT_default_variant_is_produced_correctly"/>
    <testcase time="0.195999999999998" classname="table_cmt02_pt" name="CMT02_PT_default_variant_is_produced_correctly"/>
  </testsuite>
  <testsuite name="table_coxt01" timestamp="2025-01-17T08:37:49Z" hostname="7b843d64f3d3" tests="8" skipped="0" failures="0" errors="0" time="1.899">
    <testcase time="0.278999999999996" classname="table_coxt01" name="1._Cox_Regression"/>
    <testcase time="0.0760000000000076" classname="table_coxt01" name="1._Cox_Regression"/>
    <testcase time="0.376999999999995" classname="table_coxt01" name="2._Cox_Regression_with_Interaction_Term_"/>
    <testcase time="0.115000000000009" classname="table_coxt01" name="2._Cox_Regression_with_Interaction_Term_"/>
    <testcase time="0.373999999999995" classname="table_coxt01" name="3._Cox_Regression_specifying_covariates_"/>
    <testcase time="0.123000000000005" classname="table_coxt01" name="3._Cox_Regression_specifying_covariates_"/>
    <testcase time="0.396999999999991" classname="table_coxt01" name="4._Cox_Regression_setting_strata_ties_and_alpha_level_"/>
    <testcase time="0.158000000000001" classname="table_coxt01" name="4._Cox_Regression_setting_strata_ties_and_alpha_level_"/>
  </testsuite>
  <testsuite name="table_coxt02" timestamp="2025-01-17T08:37:51Z" hostname="7b843d64f3d3" tests="4" skipped="0" failures="0" errors="0" time="0.711">
    <testcase time="0.293000000000006" classname="table_coxt02" name="COXT02_default_variant_1_is_produced_correctly"/>
    <testcase time="0.0789999999999935" classname="table_coxt02" name="COXT02_default_variant_1_is_produced_correctly"/>
    <testcase time="0.268000000000001" classname="table_coxt02" name="COXT02_variant_5_is_produced_correctly"/>
    <testcase time="0.070999999999998" classname="table_coxt02" name="COXT02_variant_5_is_produced_correctly"/>
  </testsuite>
  <testsuite name="table_disclosures" timestamp="2025-01-17T08:37:51Z" hostname="7b843d64f3d3" tests="12" skipped="0" failures="0" errors="0" time="2.008">
    <testcase time="0.198999999999998" classname="table_disclosures" name="Patient_Disposition_table_is_produced_correctly"/>
    <testcase time="0.0970000000000084" classname="table_disclosures" name="Patient_Disposition_table_is_produced_correctly"/>
    <testcase time="0.225999999999999" classname="table_disclosures" name="Demographic_table_is_produced_correctly"/>
    <testcase time="0.164000000000001" classname="table_disclosures" name="Demographic_table_is_produced_correctly"/>
    <testcase time="0.0919999999999987" classname="table_disclosures" name="Enrollment_by_Country_Table_is_produced_correctly"/>
    <testcase time="0.0939999999999941" classname="table_disclosures" name="Enrollment_by_Country_Table_is_produced_correctly"/>
    <testcase time="0.0900000000000034" classname="table_disclosures" name="Death_table_is_produced_correctly"/>
    <testcase time="0.0600000000000023" classname="table_disclosures" name="Death_table_is_produced_correctly"/>
    <testcase time="0.320999999999998" classname="table_disclosures" name="Table_of_Serious_Adverse_Events_is_produced_correctly_for_one_specific_treatment_arm_"/>
    <testcase time="0.108999999999995" classname="table_disclosures" name="Table_of_Serious_Adverse_Events_is_produced_correctly_for_one_specific_treatment_arm_"/>
    <testcase time="0.412000000000006" classname="table_disclosures" name="Table_of_Non_Serious_Adverse_Events_is_produced_correctly"/>
    <testcase time="0.144000000000005" classname="table_disclosures" name="Table_of_Non_Serious_Adverse_Events_is_produced_correctly"/>
  </testsuite>
  <testsuite name="table_dmt01" timestamp="2025-01-17T08:37:54Z" hostname="7b843d64f3d3" tests="10" skipped="0" failures="0" errors="0" time="3.049">
    <testcase time="1.407" classname="table_dmt01" name="DMT01_variant_1_is_produced_correctly"/>
    <testcase time="0.173999999999992" classname="table_dmt01" name="DMT01_variant_1_is_produced_correctly"/>
    <testcase time="0.224000000000004" classname="table_dmt01" name="DMT01_variant_2_is_produced_correctly"/>
    <testcase time="0.162000000000006" classname="table_dmt01" name="DMT01_variant_2_is_produced_correctly"/>
    <testcase time="0.275999999999996" classname="table_dmt01" name="DMT01_variant_3_is_produced_correctly"/>
    <testcase time="0.170999999999992" classname="table_dmt01" name="DMT01_variant_3_is_produced_correctly"/>
    <testcase time="0.194000000000003" classname="table_dmt01" name="DMT01_variant_4_is_produced_correctly"/>
    <testcase time="0.146000000000001" classname="table_dmt01" name="DMT01_variant_4_is_produced_correctly"/>
    <testcase time="0.174999999999997" classname="table_dmt01" name="DMT01_variant_5_is_produced_correctly"/>
    <testcase time="0.120000000000005" classname="table_dmt01" name="DMT01_variant_5_is_produced_correctly"/>
  </testsuite>
  <testsuite name="table_dort01" timestamp="2025-01-17T08:37:56Z" hostname="7b843d64f3d3" tests="8" skipped="0" failures="0" errors="0" time="1.535">
    <testcase time="0.280000000000001" classname="table_dort01" name="DORT01_variant_1_is_produced_correctly"/>
    <testcase time="0.111000000000004" classname="table_dort01" name="DORT01_variant_1_is_produced_correctly"/>
    <testcase time="0.281999999999996" classname="table_dort01" name="DORT01_variant_2_selecting_sectons_is_produced_correctly"/>
    <testcase time="0.0990000000000038" classname="table_dort01" name="DORT01_variant_2_selecting_sectons_is_produced_correctly"/>
    <testcase time="0.272999999999996" classname="table_dort01" name="DORT01_variant_3_modifying_conftype_and_alpha_level_is_produced_correctly"/>
    <testcase time="0.113" classname="table_dort01" name="DORT01_variant_3_modifying_conftype_and_alpha_level_is_produced_correctly"/>
    <testcase time="0.272999999999996" classname="table_dort01" name="DORT01_variant_4_modifying_time_point_for_the_xx_duration_is_produced_correctly"/>
    <testcase time="0.103999999999999" classname="table_dort01" name="DORT01_variant_4_modifying_time_point_for_the_xx_duration_is_produced_correctly"/>
  </testsuite>
  <testsuite name="table_dst01" timestamp="2025-01-17T08:37:58Z" hostname="7b843d64f3d3" tests="6" skipped="0" failures="0" errors="0" time="0.757">
    <testcase time="0.13300000000001" classname="table_dst01" name="DST01_default_variant_is_produced_correctly"/>
    <testcase time="0.10499999999999" classname="table_dst01" name="DST01_default_variant_is_produced_correctly"/>
    <testcase time="0.216000000000008" classname="table_dst01" name="DST01_variants_2_and_3_are_produced_correctly"/>
    <testcase time="0.10499999999999" classname="table_dst01" name="DST01_variants_2_and_3_are_produced_correctly"/>
    <testcase time="0.0730000000000075" classname="table_dst01" name="DST01_variants_2_and_3_are_produced_correctly"/>
    <testcase time="0.125" classname="table_dst01" name="DST01_variants_2_and_3_are_produced_correctly"/>
  </testsuite>
  <testsuite name="table_dtht01" timestamp="2025-01-17T08:37:59Z" hostname="7b843d64f3d3" tests="8" skipped="0" failures="0" errors="0" time="1.146">
    <testcase time="0.113" classname="table_dtht01" name="DTHT01_variant_1_is_produced_correctly"/>
    <testcase time="0.090999999999994" classname="table_dtht01" name="DTHT01_variant_1_is_produced_correctly"/>
    <testcase time="0.260000000000005" classname="table_dtht01" name="DTHT01_variant_2_is_produced_correctly"/>
    <testcase time="0.150000000000006" classname="table_dtht01" name="DTHT01_variant_2_is_produced_correctly"/>
    <testcase time="0.150999999999996" classname="table_dtht01" name="DTHT01_variant_3_is_produced_correctly"/>
    <testcase time="0.0859999999999985" classname="table_dtht01" name="DTHT01_variant_3_is_produced_correctly"/>
    <testcase time="0.191999999999993" classname="table_dtht01" name="DTHT01_variant_4_is_produced_correctly"/>
    <testcase time="0.103000000000009" classname="table_dtht01" name="DTHT01_variant_4_is_produced_correctly"/>
  </testsuite>
  <testsuite name="table_egt01" timestamp="2025-01-17T08:38:01Z" hostname="7b843d64f3d3" tests="2" skipped="0" failures="0" errors="0" time="3.278">
    <testcase time="2.511" classname="table_egt01" name="EGT01_default_variant_is_produced_correctly"/>
    <testcase time="0.766999999999996" classname="table_egt01" name="EGT01_default_variant_is_produced_correctly"/>
  </testsuite>
  <testsuite name="table_egt02" timestamp="2025-01-17T08:38:04Z" hostname="7b843d64f3d3" tests="4" skipped="0" failures="0" errors="0" time="1.623">
    <testcase time="1.27000000000001" classname="table_egt02" name="_EGT02_1._Regardless_of_Abnormality_at_Baseline"/>
    <testcase time="0.0799999999999983" classname="table_egt02" name="_EGT02_1._Regardless_of_Abnormality_at_Baseline"/>
    <testcase time="0.189999999999998" classname="table_egt02" name="_EGT02_2._Among_Subjects_Without_Abnormality_at_Baseline"/>
    <testcase time="0.0829999999999984" classname="table_egt02" name="_EGT02_2._Among_Subjects_Without_Abnormality_at_Baseline"/>
  </testsuite>
  <testsuite name="table_egt03" timestamp="2025-01-17T08:38:05Z" hostname="7b843d64f3d3" tests="8" skipped="0" failures="0" errors="0" time="1.273">
    <testcase time="0.222000000000008" classname="table_egt03" name="EGT03_variant_1_is_produced_correctly"/>
    <testcase time="0.140000000000001" classname="table_egt03" name="EGT03_variant_1_is_produced_correctly"/>
    <testcase time="0.134999999999991" classname="table_egt03" name="EGT03_variant_2_is_produced_correctly"/>
    <testcase time="0.100999999999999" classname="table_egt03" name="EGT03_variant_2_is_produced_correctly"/>
    <testcase time="0.212000000000003" classname="table_egt03" name="EGT03_variant_3_is_produced_correctly"/>
    <testcase time="0.138000000000005" classname="table_egt03" name="EGT03_variant_3_is_produced_correctly"/>
    <testcase time="0.187999999999988" classname="table_egt03" name="EGT03_variant_4_is_produced_correctly"/>
    <testcase time="0.137" classname="table_egt03" name="EGT03_variant_4_is_produced_correctly"/>
  </testsuite>
  <testsuite name="table_egt04" timestamp="2025-01-17T08:38:07Z" hostname="7b843d64f3d3" tests="2" skipped="0" failures="0" errors="0" time="1.551">
    <testcase time="1.46000000000001" classname="table_egt04" name="EGT04_default_variant_is_produced_correctly"/>
    <testcase time="0.090999999999994" classname="table_egt04" name="EGT04_default_variant_is_produced_correctly"/>
  </testsuite>
  <testsuite name="table_egt05_qtcat" timestamp="2025-01-17T08:38:09Z" hostname="7b843d64f3d3" tests="2" skipped="0" failures="0" errors="0" time="2.243">
    <testcase time="1.77" classname="table_egt05_qtcat" name="EGT05_QTCAT_default_variant_is_produced_correctly"/>
    <testcase time="0.473000000000013" classname="table_egt05_qtcat" name="EGT05_QTCAT_default_variant_is_produced_correctly"/>
  </testsuite>
  <testsuite name="table_ent" timestamp="2025-01-17T08:38:10Z" hostname="7b843d64f3d3" tests="8" skipped="0" failures="0" errors="0" time="13.829">
    <testcase time="3.524" classname="table_ent" name="ENT01_IT_is_produced_correctly"/>
    <testcase time="0.596000000000004" classname="table_ent" name="ENT01_IT_is_produced_correctly"/>
    <testcase time="2.51499999999999" classname="table_ent" name="ENT01a_IT_is_produced_correctly"/>
    <testcase time="0.521000000000015" classname="table_ent" name="ENT01a_IT_is_produced_correctly"/>
    <testcase time="3.34899999999999" classname="table_ent" name="ENT02_IT_is_produced_correctly"/>
    <testcase time="0.556999999999988" classname="table_ent" name="ENT02_IT_is_produced_correctly"/>
    <testcase time="2.23000000000002" classname="table_ent" name="ENT02a_IT_is_produced_correctly"/>
    <testcase time="0.537000000000006" classname="table_ent" name="ENT02a_IT_is_produced_correctly"/>
  </testsuite>
  <testsuite name="table_eudrat01" timestamp="2025-01-17T08:38:24Z" hostname="7b843d64f3d3" tests="2" skipped="0" failures="0" errors="0" time="0.603">
    <testcase time="0.462999999999994" classname="table_eudrat01" name="EUDRAT01_is_produced_correctly"/>
    <testcase time="0.139999999999986" classname="table_eudrat01" name="EUDRAT01_is_produced_correctly"/>
  </testsuite>
  <testsuite name="table_eudrat02" timestamp="2025-01-17T08:38:24Z" hostname="7b843d64f3d3" tests="2" skipped="0" failures="0" errors="0" time="0.474">
    <testcase time="0.361999999999995" classname="table_eudrat02" name="EUDRAT02_is_produced_correctly"/>
    <testcase time="0.112000000000023" classname="table_eudrat02" name="EUDRAT02_is_produced_correctly"/>
  </testsuite>
  <testsuite name="table_ext01" timestamp="2025-01-17T08:38:25Z" hostname="7b843d64f3d3" tests="6" skipped="0" failures="0" errors="0" time="1.628">
    <testcase time="0.383999999999986" classname="table_ext01" name="EXT01_default_variant_with_numeric_parameters_is_produced_correctly"/>
    <testcase time="0.199000000000012" classname="table_ext01" name="EXT01_default_variant_with_numeric_parameters_is_produced_correctly"/>
    <testcase time="0.274999999999977" classname="table_ext01" name="EXT01_variant_with_both_numeric_and_categorical_parameters"/>
    <testcase time="0.197000000000003" classname="table_ext01" name="EXT01_variant_with_both_numeric_and_categorical_parameters"/>
    <testcase time="0.326999999999998" classname="table_ext01" name="EXT01_variant_with_user_specified_categories_for_missed_doses"/>
    <testcase time="0.246000000000009" classname="table_ext01" name="EXT01_variant_with_user_specified_categories_for_missed_doses"/>
  </testsuite>
  <testsuite name="table_lbt01" timestamp="2025-01-17T08:38:27Z" hostname="7b843d64f3d3" tests="2" skipped="0" failures="0" errors="0" time="2.014">
    <testcase time="1.50399999999999" classname="table_lbt01" name="LBT01_default_variant_is_produced_correctly"/>
    <testcase time="0.510000000000019" classname="table_lbt01" name="LBT01_default_variant_is_produced_correctly"/>
  </testsuite>
  <testsuite name="table_lbt02" timestamp="2025-01-17T08:38:28Z" hostname="7b843d64f3d3" tests="2" skipped="0" failures="0" errors="0" time="1.443">
    <testcase time="0.903999999999996" classname="table_lbt02" name="LBT02_default_variant_is_produced_correctly"/>
    <testcase time="0.538999999999987" classname="table_lbt02" name="LBT02_default_variant_is_produced_correctly"/>
  </testsuite>
  <testsuite name="table_lbt03" timestamp="2025-01-17T08:38:30Z" hostname="7b843d64f3d3" tests="2" skipped="0" failures="0" errors="0" time="0.274">
    <testcase time="0.156000000000006" classname="table_lbt03" name="LBT03_default_variant_is_produced_correctly"/>
    <testcase time="0.117999999999995" classname="table_lbt03" name="LBT03_default_variant_is_produced_correctly"/>
  </testsuite>
  <testsuite name="table_lbt04" timestamp="2025-01-17T08:38:31Z" hostname="7b843d64f3d3" tests="2" skipped="0" failures="0" errors="0" time="1.368">
    <testcase time="1.149" classname="table_lbt04" name="LBT04_default_variant_is_produced_correctly"/>
    <testcase time="0.218999999999994" classname="table_lbt04" name="LBT04_default_variant_is_produced_correctly"/>
  </testsuite>
  <testsuite name="table_lbt05" timestamp="2025-01-17T08:38:32Z" hostname="7b843d64f3d3" tests="6" skipped="0" failures="0" errors="0" time="7.011">
    <testcase time="2.45500000000001" classname="table_lbt05" name="LBT05_variant_1_is_produced_correctly"/>
    <testcase time="0.384999999999991" classname="table_lbt05" name="LBT05_variant_1_is_produced_correctly"/>
    <testcase time="1.47800000000001" classname="table_lbt05" name="LBT05_variant_2_is_produced_correctly"/>
    <testcase time="0.50800000000001" classname="table_lbt05" name="LBT05_variant_2_is_produced_correctly"/>
    <testcase time="1.80699999999999" classname="table_lbt05" name="LBT05_variant_4_is_produced_correctly"/>
    <testcase time="0.378000000000014" classname="table_lbt05" name="LBT05_variant_4_is_produced_correctly"/>
  </testsuite>
  <testsuite name="table_lbt06" timestamp="2025-01-17T08:38:38Z" hostname="7b843d64f3d3" tests="2" skipped="0" failures="0" errors="0" time="0.533">
    <testcase time="0.35299999999998" classname="table_lbt06" name="LBT06_default_variant_is_produced_correctly"/>
    <testcase time="0.180000000000007" classname="table_lbt06" name="LBT06_default_variant_is_produced_correctly"/>
  </testsuite>
  <testsuite name="table_lbt07" timestamp="2025-01-17T08:38:39Z" hostname="7b843d64f3d3" tests="2" skipped="0" failures="0" errors="0" time="2.486">
    <testcase time="2.179" classname="table_lbt07" name="LBT07_is_produced_correctly"/>
    <testcase time="0.306999999999988" classname="table_lbt07" name="LBT07_is_produced_correctly"/>
  </testsuite>
  <testsuite name="table_lbt08" timestamp="2025-01-17T08:38:41Z" hostname="7b843d64f3d3" tests="2" skipped="0" failures="0" errors="0" time="0.408">
    <testcase time="0.27800000000002" classname="table_lbt08" name="LBT08_produce_correctly"/>
    <testcase time="0.129999999999995" classname="table_lbt08" name="LBT08_produce_correctly"/>
  </testsuite>
  <testsuite name="table_lbt09" timestamp="2025-01-17T08:38:42Z" hostname="7b843d64f3d3" tests="4" skipped="0" failures="0" errors="0" time="0.971">
    <testcase time="0.330999999999989" classname="table_lbt09" name="LBT09_variant_1_works_as_expected"/>
    <testcase time="0.173000000000002" classname="table_lbt09" name="LBT09_variant_1_works_as_expected"/>
    <testcase time="0.296999999999997" classname="table_lbt09" name="LBT09_variant_2_works_as_expected"/>
    <testcase time="0.170000000000016" classname="table_lbt09" name="LBT09_variant_2_works_as_expected"/>
  </testsuite>
  <testsuite name="table_lbt10" timestamp="2025-01-17T08:38:43Z" hostname="7b843d64f3d3" tests="4" skipped="0" failures="0" errors="0" time="1.335">
    <testcase time="0.765999999999991" classname="table_lbt10" name="LBT10_variant_1_works_as_expected"/>
    <testcase time="0.0900000000000034" classname="table_lbt10" name="LBT10_variant_1_works_as_expected"/>
    <testcase time="0.401999999999987" classname="table_lbt10" name="LBT10_variant_2_works_as_expected"/>
    <testcase time="0.0770000000000266" classname="table_lbt10" name="LBT10_variant_2_works_as_expected"/>
  </testsuite>
  <testsuite name="table_lbt10_bl" timestamp="2025-01-17T08:38:44Z" hostname="7b843d64f3d3" tests="4" skipped="0" failures="0" errors="0" time="0.501">
    <testcase time="0.231999999999999" classname="table_lbt10_bl" name="LBT10_BL_variant_1_works_as_expected"/>
    <testcase time="0.0909999999999798" classname="table_lbt10_bl" name="LBT10_BL_variant_1_works_as_expected"/>
    <testcase time="0.116000000000014" classname="table_lbt10_bl" name="LBT10_BL_variant_2_works_as_expected"/>
    <testcase time="0.0619999999999834" classname="table_lbt10_bl" name="LBT10_BL_variant_2_works_as_expected"/>
  </testsuite>
  <testsuite name="table_lbt11" timestamp="2025-01-17T08:38:45Z" hostname="7b843d64f3d3" tests="6" skipped="0" failures="0" errors="0" time="0.783">
    <testcase time="0.194000000000017" classname="table_lbt11" name="LBT11_variant_1_works_as_expected"/>
    <testcase time="0.113" classname="table_lbt11" name="LBT11_variant_1_works_as_expected"/>
    <testcase time="0.0889999999999986" classname="table_lbt11" name="LBT11_variant_2_works_as_expected"/>
    <testcase time="0.0819999999999936" classname="table_lbt11" name="LBT11_variant_2_works_as_expected"/>
    <testcase time="0.171999999999997" classname="table_lbt11" name="LBT11_variant_3_works_as_expected"/>
    <testcase time="0.13300000000001" classname="table_lbt11" name="LBT11_variant_3_works_as_expected"/>
  </testsuite>
  <testsuite name="table_lbt11_bl" timestamp="2025-01-17T08:38:45Z" hostname="7b843d64f3d3" tests="6" skipped="0" failures="0" errors="0" time="0.865">
    <testcase time="0.215000000000003" classname="table_lbt11_bl" name="LBT11_BL_variant_1_works_as_expected"/>
    <testcase time="0.119" classname="table_lbt11_bl" name="LBT11_BL_variant_1_works_as_expected"/>
    <testcase time="0.106999999999999" classname="table_lbt11_bl" name="LBT11_BL_variant_2_works_as_expected"/>
    <testcase time="0.0829999999999984" classname="table_lbt11_bl" name="LBT11_BL_variant_2_works_as_expected"/>
    <testcase time="0.213999999999999" classname="table_lbt11_bl" name="LBT11_BL_variant_3_works_as_expected"/>
    <testcase time="0.126999999999981" classname="table_lbt11_bl" name="LBT11_BL_variant_3_works_as_expected"/>
  </testsuite>
  <testsuite name="table_lbt12" timestamp="2025-01-17T08:38:46Z" hostname="7b843d64f3d3" tests="2" skipped="0" failures="0" errors="0" time="0.401">
    <testcase time="0.312000000000012" classname="table_lbt12" name="LBT12_works_as_expected"/>
    <testcase time="0.0889999999999986" classname="table_lbt12" name="LBT12_works_as_expected"/>
  </testsuite>
  <testsuite name="table_lbt12_bl" timestamp="2025-01-17T08:38:47Z" hostname="7b843d64f3d3" tests="2" skipped="0" failures="0" errors="0" time="0.396">
    <testcase time="0.308999999999997" classname="table_lbt12_bl" name="LBT12_BL_works_as_expected"/>
    <testcase time="0.0870000000000175" classname="table_lbt12_bl" name="LBT12_BL_works_as_expected"/>
  </testsuite>
  <testsuite name="table_lbt13" timestamp="2025-01-17T08:38:48Z" hostname="7b843d64f3d3" tests="10" skipped="0" failures="0" errors="0" time="2.313">
    <testcase time="0.800999999999988" classname="table_lbt13" name="LBT13_variant_1_LOW_works_as_expected"/>
    <testcase time="0.0879999999999939" classname="table_lbt13" name="LBT13_variant_1_LOW_works_as_expected"/>
    <testcase time="0.15100000000001" classname="table_lbt13" name="LBT13_variant_2_HIGH_works_as_expected"/>
    <testcase time="0.063999999999993" classname="table_lbt13" name="LBT13_variant_2_HIGH_works_as_expected"/>
    <testcase time="0.23599999999999" classname="table_lbt13" name="LBT13_variant_3_LOW_without_baseline_missing_works_as_expected"/>
    <testcase time="0.0889999999999986" classname="table_lbt13" name="LBT13_variant_3_LOW_without_baseline_missing_works_as_expected"/>
    <testcase time="0.155000000000001" classname="table_lbt13" name="LBT13_variant_4_HIGH_with_missing_baseline_considered_as_grade_0_works_as_expected"/>
    <testcase time="0.0640000000000214" classname="table_lbt13" name="LBT13_variant_4_HIGH_with_missing_baseline_considered_as_grade_0_works_as_expected"/>
    <testcase time="0.434999999999974" classname="table_lbt13" name="LBT14_variant_5_HIGH_with_filled_in_grades_works_as_expected"/>
    <testcase time="0.230000000000018" classname="table_lbt13" name="LBT14_variant_5_HIGH_with_filled_in_grades_works_as_expected"/>
  </testsuite>
  <testsuite name="table_lbt14" timestamp="2025-01-17T08:38:50Z" hostname="7b843d64f3d3" tests="10" skipped="0" failures="0" errors="0" time="30.031">
    <testcase time="6.04499999999999" classname="table_lbt14" name="LBT14_variant_1_HIGH_works_as_expected"/>
    <testcase time="0.492000000000019" classname="table_lbt14" name="LBT14_variant_1_HIGH_works_as_expected"/>
    <testcase time="5.655" classname="table_lbt14" name="LBT14_variant_2_LOW_works_as_expected"/>
    <testcase time="0.365999999999985" classname="table_lbt14" name="LBT14_variant_2_LOW_works_as_expected"/>
    <testcase time="3.86500000000001" classname="table_lbt14" name="LBT14_variant_3_LOW_without_baseline_missing_works_as_expected"/>
    <testcase time="0.385999999999996" classname="table_lbt14" name="LBT14_variant_3_LOW_without_baseline_missing_works_as_expected"/>
    <testcase time="4.84799999999998" classname="table_lbt14" name="LBT14_variant_4_LOW_and_force_1_missing_both_baseline_and_post_baseline_then_force_the_missing_baseline_as_0_as_expected"/>
    <testcase time="0.249000000000024" classname="table_lbt14" name="LBT14_variant_4_LOW_and_force_1_missing_both_baseline_and_post_baseline_then_force_the_missing_baseline_as_0_as_expected"/>
    <testcase time="5.339" classname="table_lbt14" name="LBT14_variant_5_HIGH_with_fillings_works_as_expected"/>
    <testcase time="2.786" classname="table_lbt14" name="LBT14_variant_5_HIGH_with_fillings_works_as_expected"/>
  </testsuite>
  <testsuite name="table_lbt15" timestamp="2025-01-17T08:39:19Z" hostname="7b843d64f3d3" tests="4" skipped="0" failures="0" errors="0" time="1.664">
    <testcase time="0.667999999999978" classname="table_lbt15" name="LBT15_variant_1_works_as_expected"/>
    <testcase time="0.206000000000017" classname="table_lbt15" name="LBT15_variant_1_works_as_expected"/>
    <testcase time="0.579999999999984" classname="table_lbt15" name="LBT15_variant_2_works_as_expected"/>
    <testcase time="0.210000000000008" classname="table_lbt15" name="LBT15_variant_2_works_as_expected"/>
  </testsuite>
  <testsuite name="table_lgrt02" timestamp="2025-01-17T08:39:21Z" hostname="7b843d64f3d3" tests="8" skipped="0" failures="0" errors="0" time="3.093">
    <testcase time="0.562000000000012" classname="table_lgrt02" name="LGRT02_without_interaction_term_is_produced_correctly"/>
    <testcase time="0.163999999999987" classname="table_lgrt02" name="LGRT02_without_interaction_term_is_produced_correctly"/>
    <testcase time="0.627999999999986" classname="table_lgrt02" name="LGRT02_with_categorical_interaction_is_produced_correctly"/>
    <testcase time="0.192000000000007" classname="table_lgrt02" name="LGRT02_with_categorical_interaction_is_produced_correctly"/>
    <testcase time="0.652000000000015" classname="table_lgrt02" name="LGRT02_with_continuous_interaction_is_produced_correctly"/>
    <testcase time="0.193999999999988" classname="table_lgrt02" name="LGRT02_with_continuous_interaction_is_produced_correctly"/>
    <testcase time="0.554000000000002" classname="table_lgrt02" name="LGRT02_with_setting_values_indicating_an_event_and_custom_alpha_level_is_produced_correctly"/>
    <testcase time="0.146999999999991" classname="table_lgrt02" name="LGRT02_with_setting_values_indicating_an_event_and_custom_alpha_level_is_produced_correctly"/>
  </testsuite>
  <testsuite name="table_mht01" timestamp="2025-01-17T08:39:24Z" hostname="7b843d64f3d3" tests="8" skipped="0" failures="0" errors="0" time="1.643">
    <testcase time="0.342000000000013" classname="table_mht01" name="MHT01_variant_1_is_produced_accurately"/>
    <testcase time="0.13900000000001" classname="table_mht01" name="MHT01_variant_1_is_produced_accurately"/>
    <testcase time="0.120999999999981" classname="table_mht01" name="MHT01_variant_2_is_produced_accurately"/>
    <testcase time="0.0720000000000027" classname="table_mht01" name="MHT01_variant_2_is_produced_accurately"/>
    <testcase time="0.288000000000011" classname="table_mht01" name="MHT01_variant_3_is_produced_accurately"/>
    <testcase time="0.146999999999991" classname="table_mht01" name="MHT01_variant_3_is_produced_accurately"/>
    <testcase time="0.376000000000005" classname="table_mht01" name="MHT01_variant_5_is_produced_accurately"/>
    <testcase time="0.157999999999987" classname="table_mht01" name="MHT01_variant_5_is_produced_accurately"/>
  </testsuite>
  <testsuite name="table_onct05" timestamp="2025-01-17T08:39:26Z" hostname="7b843d64f3d3" tests="8" skipped="0" failures="0" errors="0" time="2.172">
    <testcase time="0.479000000000013" classname="table_onct05" name="ONCT05_variant_1_Objective_Response_Rate_by_Subgroup_is_produced_correctly"/>
    <testcase time="0.137" classname="table_onct05" name="ONCT05_variant_1_Objective_Response_Rate_by_Subgroup_is_produced_correctly"/>
    <testcase time="0.509999999999991" classname="table_onct05" name="ONCT05_variant_2_Specifying_class_variables_is_produced_correctly"/>
    <testcase time="0.12299999999999" classname="table_onct05" name="ONCT05_variant_2_Specifying_class_variables_is_produced_correctly"/>
    <testcase time="0.228000000000009" classname="table_onct05" name="ONCT05_variant_3_selecting_columns_and_changing_the_alpha_level_is_produced_correctly"/>
    <testcase time="0.109000000000009" classname="table_onct05" name="ONCT05_variant_3_selecting_columns_and_changing_the_alpha_level_is_produced_correctly"/>
    <testcase time="0.469999999999999" classname="table_onct05" name="ONCT05_variant_4_setting_values_indicating_response_is_produced_correctly"/>
    <testcase time="0.115999999999985" classname="table_onct05" name="ONCT05_variant_4_setting_values_indicating_response_is_produced_correctly"/>
  </testsuite>
  <testsuite name="table_pdt01" timestamp="2025-01-17T08:39:28Z" hostname="7b843d64f3d3" tests="2" skipped="0" failures="0" errors="0" time="0.447">
    <testcase time="0.274000000000001" classname="table_pdt01" name="PDT01_is_produced_correctly"/>
    <testcase time="0.173000000000002" classname="table_pdt01" name="PDT01_is_produced_correctly"/>
  </testsuite>
  <testsuite name="table_pdt02" timestamp="2025-01-17T08:39:28Z" hostname="7b843d64f3d3" tests="2" skipped="0" failures="0" errors="0" time="0.263">
    <testcase time="0.181000000000012" classname="table_pdt02" name="PDT02_is_produced_correctly"/>
    <testcase time="0.0819999999999936" classname="table_pdt02" name="PDT02_is_produced_correctly"/>
  </testsuite>
  <testsuite name="table_pkct01" timestamp="2025-01-17T08:39:29Z" hostname="7b843d64f3d3" tests="10" skipped="0" failures="0" errors="0" time="3.678">
    <testcase time="0.296999999999997" classname="table_pkct01" name="PKCT01_is_produced_correctly"/>
    <testcase time="0.111999999999995" classname="table_pkct01" name="PKCT01_is_produced_correctly"/>
    <testcase time="0.15300000000002" classname="table_pkct01" name="PKCT01_is_produced_correctly"/>
    <testcase time="0.0609999999999786" classname="table_pkct01" name="PKCT01_is_produced_correctly"/>
    <testcase time="1.37100000000001" classname="table_pkct01" name="Specific_PKCT01_features_are_present"/>
    <testcase time="0.219999999999999" classname="table_pkct01" name="Specific_PKCT01_features_are_present"/>
    <testcase time="0.194999999999993" classname="table_pkct01" name="Specific_PKCT01_features_are_present"/>
    <testcase time="0.00300000000001432" classname="table_pkct01" name="Specific_PKCT01_features_are_present"/>
    <testcase time="0.709000000000003" classname="table_pkct01" name="Specific_PKCT01_features_are_present"/>
    <testcase time="0.556999999999988" classname="table_pkct01" name="Specific_PKCT01_features_are_present"/>
  </testsuite>
  <testsuite name="table_pkpt02" timestamp="2025-01-17T08:39:32Z" hostname="7b843d64f3d3" tests="2" skipped="0" failures="0" errors="0" time="0.573">
    <testcase time="0.341000000000008" classname="table_pkpt02" name="PKPT02_is_produced_correctly_for_Drug_X"/>
    <testcase time="0.231999999999999" classname="table_pkpt02" name="PKPT02_is_produced_correctly_for_Drug_X"/>
  </testsuite>
  <testsuite name="table_pkpt03" timestamp="2025-01-17T08:39:33Z" hostname="7b843d64f3d3" tests="2" skipped="0" failures="0" errors="0" time="1.145">
    <testcase time="0.947000000000003" classname="table_pkpt03" name="PKPT03_Drug_X_is_produced_correctly"/>
    <testcase time="0.197999999999979" classname="table_pkpt03" name="PKPT03_Drug_X_is_produced_correctly"/>
  </testsuite>
  <testsuite name="table_pkpt04" timestamp="2025-01-17T08:39:34Z" hostname="7b843d64f3d3" tests="2" skipped="0" failures="0" errors="0" time="0.21">
    <testcase time="0.110000000000014" classname="table_pkpt04" name="PKPT04_is_produced_correctly_for_Drug_X"/>
    <testcase time="0.0999999999999943" classname="table_pkpt04" name="PKPT04_is_produced_correctly_for_Drug_X"/>
  </testsuite>
  <testsuite name="table_pkpt05" timestamp="2025-01-17T08:39:34Z" hostname="7b843d64f3d3" tests="2" skipped="0" failures="0" errors="0" time="0.418">
    <testcase time="0.304000000000002" classname="table_pkpt05" name="PKPT05_Drug_X_is_produced_correctly"/>
    <testcase time="0.114000000000004" classname="table_pkpt05" name="PKPT05_Drug_X_is_produced_correctly"/>
  </testsuite>
  <testsuite name="table_pkpt06" timestamp="2025-01-17T08:39:35Z" hostname="7b843d64f3d3" tests="4" skipped="0" failures="0" errors="0" time="0.287">
    <testcase time="0.0939999999999941" classname="table_pkpt06" name="PKPT06_is_produced_correctly_for_Drug_X"/>
    <testcase time="0.078000000000003" classname="table_pkpt06" name="PKPT06_is_produced_correctly_for_Drug_X"/>
    <testcase time="0.054000000000002" classname="table_pkpt06" name="PKPT06_is_produced_correctly_for_Drug_Y"/>
    <testcase time="0.061000000000007" classname="table_pkpt06" name="PKPT06_is_produced_correctly_for_Drug_Y"/>
  </testsuite>
  <testsuite name="table_pkpt07" timestamp="2025-01-17T08:39:35Z" hostname="7b843d64f3d3" tests="4" skipped="0" failures="0" errors="0" time="0.553">
    <testcase time="0.225999999999999" classname="table_pkpt07" name="PKPT07_Drug_X_is_produced_correctly"/>
    <testcase time="0.108000000000004" classname="table_pkpt07" name="PKPT07_Drug_X_is_produced_correctly"/>
    <testcase time="0.128999999999991" classname="table_pkpt07" name="PKPT07_Drug_Y_is_produced_correctly"/>
    <testcase time="0.0900000000000034" classname="table_pkpt07" name="PKPT07_Drug_Y_is_produced_correctly"/>
  </testsuite>
  <testsuite name="table_ratet01" timestamp="2025-01-17T08:39:36Z" hostname="7b843d64f3d3" tests="2" skipped="0" failures="0" errors="0" time="1.448">
    <testcase time="1.27699999999999" classname="table_ratet01" name="RATET01_is_produced_correctly"/>
    <testcase time="0.171000000000021" classname="table_ratet01" name="RATET01_is_produced_correctly"/>
  </testsuite>
  <testsuite name="table_rmpt01" timestamp="2025-01-17T08:39:37Z" hostname="7b843d64f3d3" tests="2" skipped="0" failures="0" errors="0" time="0.212">
    <testcase time="0.151999999999987" classname="table_rmpt01" name="RMPT01_is_produced_correctly"/>
    <testcase time="0.0600000000000023" classname="table_rmpt01" name="RMPT01_is_produced_correctly"/>
  </testsuite>
  <testsuite name="table_rmpt03" timestamp="2025-01-17T08:39:37Z" hostname="7b843d64f3d3" tests="4" skipped="0" failures="0" errors="0" time="0.556">
    <testcase time="0.212999999999994" classname="table_rmpt03" name="RMPT03_variant_1_is_produced_correctly"/>
    <testcase time="0.0870000000000175" classname="table_rmpt03" name="RMPT03_variant_1_is_produced_correctly"/>
    <testcase time="0.163999999999987" classname="table_rmpt03" name="RMPT03_variant_2_is_produced_correctly"/>
    <testcase time="0.092000000000013" classname="table_rmpt03" name="RMPT03_variant_2_is_produced_correctly"/>
  </testsuite>
  <testsuite name="table_rmpt04" timestamp="2025-01-17T08:39:38Z" hostname="7b843d64f3d3" tests="2" skipped="0" failures="0" errors="0" time="0.213">
    <testcase time="0.145999999999987" classname="table_rmpt04" name="RMPT04_variant_1_is_produced_correctly"/>
    <testcase time="0.0670000000000073" classname="table_rmpt04" name="RMPT04_variant_1_is_produced_correctly"/>
  </testsuite>
  <testsuite name="table_rmpt05" timestamp="2025-01-17T08:39:38Z" hostname="7b843d64f3d3" tests="2" skipped="0" failures="0" errors="0" time="0.234">
    <testcase time="0.149000000000001" classname="table_rmpt05" name="RMPT05_is_produced_correctly"/>
    <testcase time="0.0849999999999795" classname="table_rmpt05" name="RMPT05_is_produced_correctly"/>
  </testsuite>
  <testsuite name="table_rmpt06" timestamp="2025-01-17T08:39:38Z" hostname="7b843d64f3d3" tests="8" skipped="0" failures="0" errors="0" time="1.561">
    <testcase time="0.313000000000017" classname="table_rmpt06" name="RMPT06_variant_1_is_produced_correctly"/>
    <testcase time="0.109000000000009" classname="table_rmpt06" name="RMPT06_variant_1_is_produced_correctly"/>
    <testcase time="0.206999999999994" classname="table_rmpt06" name="RMPT06_variant_2_is_produced_correctly"/>
    <testcase time="0.09699999999998" classname="table_rmpt06" name="RMPT06_variant_2_is_produced_correctly"/>
    <testcase time="0.289000000000016" classname="table_rmpt06" name="RMPT06_variant_3_is_produced_correctly"/>
    <testcase time="0.11699999999999" classname="table_rmpt06" name="RMPT06_variant_3_is_produced_correctly"/>
    <testcase time="0.311000000000007" classname="table_rmpt06" name="RMPT06_variant_4_is_produced_correctly"/>
    <testcase time="0.117999999999995" classname="table_rmpt06" name="RMPT06_variant_4_is_produced_correctly"/>
  </testsuite>
  <testsuite name="table_rspt01" timestamp="2025-01-17T08:39:40Z" hostname="7b843d64f3d3" tests="12" skipped="0" failures="0" errors="0" time="2.48">
    <testcase time="0.282000000000011" classname="table_rspt01" name="RSPT01_1._Best_Overall_Response"/>
    <testcase time="0.125" classname="table_rspt01" name="RSPT01_1._Best_Overall_Response"/>
    <testcase time="0.256" classname="table_rspt01" name="RSPT01_2._Best_Overall_Response_selecting_sections_to_display_"/>
    <testcase time="0.109999999999985" classname="table_rspt01" name="RSPT01_2._Best_Overall_Response_selecting_sections_to_display_"/>
    <testcase time="0.322000000000003" classname="table_rspt01" name="RSPT01_3._Best_Overall_Response_modifying_settings_"/>
    <testcase time="0.126000000000005" classname="table_rspt01" name="RSPT01_3._Best_Overall_Response_modifying_settings_"/>
    <testcase time="0.340000000000003" classname="table_rspt01" name="RSPT01_4._Best_Overall_Response_with_stratified_analysis_"/>
    <testcase time="0.14500000000001" classname="table_rspt01" name="RSPT01_4._Best_Overall_Response_with_stratified_analysis_"/>
    <testcase time="0.300999999999988" classname="table_rspt01" name="RSPT01_5._Best_Overall_Response_modifying_the_definition_of_overall_response_"/>
    <testcase time="0.119" classname="table_rspt01" name="RSPT01_5._Best_Overall_Response_modifying_the_definition_of_overall_response_"/>
    <testcase time="0.239000000000004" classname="table_rspt01" name="RSPT01_6._Best_Overall_Response_define_new_sections_to_display_"/>
    <testcase time="0.115000000000009" classname="table_rspt01" name="RSPT01_6._Best_Overall_Response_define_new_sections_to_display_"/>
  </testsuite>
  <testsuite name="table_ttet01" timestamp="2025-01-17T08:39:42Z" hostname="7b843d64f3d3" tests="14" skipped="0" failures="0" errors="0" time="3.705">
    <testcase time="0.443999999999988" classname="table_ttet01" name="TTET01_default_variant_is_produced_correctly"/>
    <testcase time="0.189999999999998" classname="table_ttet01" name="TTET01_default_variant_is_produced_correctly"/>
    <testcase time="0.436000000000007" classname="table_ttet01" name="TTET01_default_variant_with_Placebo_arm"/>
    <testcase time="0.170999999999992" classname="table_ttet01" name="TTET01_default_variant_with_Placebo_arm"/>
    <testcase time="0.229000000000013" classname="table_ttet01" name="TTET01_variant_2_selecting_sections_to_display"/>
    <testcase time="0.132999999999981" classname="table_ttet01" name="TTET01_variant_2_selecting_sections_to_display"/>
    <testcase time="0.331999999999994" classname="table_ttet01" name="TTET01_variant_3_modifying_analysis_details_like_conftype_ties_alpha_level"/>
    <testcase time="0.156000000000006" classname="table_ttet01" name="TTET01_variant_3_modifying_analysis_details_like_conftype_ties_alpha_level"/>
    <testcase time="0.387" classname="table_ttet01" name="TTET01_variant_4_with_stratified_analysis"/>
    <testcase time="0.169000000000011" classname="table_ttet01" name="TTET01_variant_4_with_stratified_analysis"/>
    <testcase time="0.326999999999998" classname="table_ttet01" name="TTET01_variant_5_modifying_time_point"/>
    <testcase time="0.155000000000001" classname="table_ttet01" name="TTET01_variant_5_modifying_time_point"/>
    <testcase time="0.411000000000001" classname="table_ttet01" name="TTET01_variant_6_requesting_more_than_one_p_value"/>
    <testcase time="0.164999999999992" classname="table_ttet01" name="TTET01_variant_6_requesting_more_than_one_p_value"/>
  </testsuite>
  <testsuite name="table_vst01" timestamp="2025-01-17T08:39:47Z" hostname="7b843d64f3d3" tests="2" skipped="0" failures="0" errors="0" time="2.295">
    <testcase time="1.84700000000001" classname="table_vst01" name="VST01_default_variant_is_produced_correctly"/>
    <testcase time="0.448000000000008" classname="table_vst01" name="VST01_default_variant_is_produced_correctly"/>
  </testsuite>
  <testsuite name="table_vst02" timestamp="2025-01-17T08:39:49Z" hostname="7b843d64f3d3" tests="4" skipped="0" failures="0" errors="0" time="1.602">
    <testcase time="1.09299999999999" classname="table_vst02" name="1._Vital_Sign_Abnormalities_Regardless_of_Abnormality_at_Baseline_VST02_1_"/>
    <testcase time="0.126000000000005" classname="table_vst02" name="1._Vital_Sign_Abnormalities_Regardless_of_Abnormality_at_Baseline_VST02_1_"/>
    <testcase time="0.280000000000001" classname="table_vst02" name="2._Vital_Sign_Abnormalities_Among_Subject_Without_Abnormality_at_Baseline_VST02_2_"/>
    <testcase time="0.10299999999998" classname="table_vst02" name="2._Vital_Sign_Abnormalities_Among_Subject_Without_Abnormality_at_Baseline_VST02_2_"/>
  </testsuite>
</testsuites>
