<?xml version="1.0" encoding="UTF-8"?>
<testsuites>
  <testsuite name="listing_adal02" timestamp="2024-11-06T20:17:13Z" hostname="1c176f3756ce" tests="1" skipped="0" failures="0" errors="0" time="0.258">
    <testcase time="0.258" classname="listing_adal02" name="ADAL02_listing_is_produced_correctly"/>
  </testsuite>
  <testsuite name="listing_ael01" timestamp="2024-11-06T20:17:14Z" hostname="1c176f3756ce" tests="1" skipped="0" failures="0" errors="0" time="0.197">
    <testcase time="0.197" classname="listing_ael01" name="AEL01_listing_is_produced_correctly"/>
  </testsuite>
  <testsuite name="listing_ael01_nollt" timestamp="2024-11-06T20:17:14Z" hostname="1c176f3756ce" tests="1" skipped="0" failures="0" errors="0" time="0.074">
    <testcase time="0.0739999999999998" classname="listing_ael01_nollt" name="AEL01_NOLLT_listing_is_produced_correctly"/>
  </testsuite>
  <testsuite name="listing_ael02" timestamp="2024-11-06T20:17:14Z" hostname="1c176f3756ce" tests="1" skipped="0" failures="0" errors="0" time="0.291">
    <testcase time="0.291" classname="listing_ael02" name="AEL02_listing_is_produced_correctly"/>
  </testsuite>
  <testsuite name="listing_ael02_ed" timestamp="2024-11-06T20:17:14Z" hostname="1c176f3756ce" tests="1" skipped="0" failures="0" errors="0" time="0.335">
    <testcase time="0.334999999999999" classname="listing_ael02_ed" name="AEL02_ED_listing_is_produced_correctly"/>
  </testsuite>
  <testsuite name="listing_ael03" timestamp="2024-11-06T20:17:14Z" hostname="1c176f3756ce" tests="1" skipped="0" failures="0" errors="0" time="0.276">
    <testcase time="0.276" classname="listing_ael03" name="AEL03_listing_is_produced_correctly"/>
  </testsuite>
  <testsuite name="listing_ael04" timestamp="2024-11-06T20:17:15Z" hostname="1c176f3756ce" tests="1" skipped="0" failures="0" errors="0" time="0.204">
    <testcase time="0.204000000000001" classname="listing_ael04" name="AEL04_listing_is_produced_correctly"/>
  </testsuite>
  <testsuite name="listing_cml01" timestamp="2024-11-06T20:17:15Z" hostname="1c176f3756ce" tests="1" skipped="0" failures="0" errors="0" time="0.324">
    <testcase time="0.324" classname="listing_cml01" name="CML01_listing_is_produced_correctly"/>
  </testsuite>
  <testsuite name="listing_cml02a_gl" timestamp="2024-11-06T20:17:15Z" hostname="1c176f3756ce" tests="1" skipped="0" failures="0" errors="0" time="0.073">
    <testcase time="0.0730000000000004" classname="listing_cml02a_gl" name="CML02A_GL_listing_is_produced_correctly"/>
  </testsuite>
  <testsuite name="listing_cml02b_gl" timestamp="2024-11-06T20:17:15Z" hostname="1c176f3756ce" tests="1" skipped="0" failures="0" errors="0" time="0.098">
    <testcase time="0.097999999999999" classname="listing_cml02b_gl" name="CML02B_GL_listing_is_produced_correctly"/>
  </testsuite>
  <testsuite name="listing_dsl01" timestamp="2024-11-06T20:17:15Z" hostname="1c176f3756ce" tests="1" skipped="0" failures="0" errors="0" time="0.375">
    <testcase time="0.375" classname="listing_dsl01" name="DSL01_listing_is_produced_correctly"/>
  </testsuite>
  <testsuite name="listing_dsl02" timestamp="2024-11-06T20:17:16Z" hostname="1c176f3756ce" tests="1" skipped="0" failures="0" errors="0" time="0.073">
    <testcase time="0.0730000000000004" classname="listing_dsl02" name="DSL02_listing_is_produced_correctly"/>
  </testsuite>
  <testsuite name="listing_dsur4" timestamp="2024-11-06T20:17:16Z" hostname="1c176f3756ce" tests="1" skipped="0" failures="0" errors="0" time="0.11">
    <testcase time="0.110000000000001" classname="listing_dsur4" name="DSUR4_listing_is_produced_correctly"/>
  </testsuite>
  <testsuite name="listing_egl01" timestamp="2024-11-06T20:17:16Z" hostname="1c176f3756ce" tests="1" skipped="0" failures="0" errors="0" time="0.286">
    <testcase time="0.286" classname="listing_egl01" name="EGL01_listing_is_produced_correctly"/>
  </testsuite>
  <testsuite name="listing_exl01" timestamp="2024-11-06T20:17:16Z" hostname="1c176f3756ce" tests="1" skipped="0" failures="0" errors="0" time="0.225">
    <testcase time="0.225" classname="listing_exl01" name="EXL01_listing_is_produced_correctly"/>
  </testsuite>
  <testsuite name="listing_lbl01" timestamp="2024-11-06T20:17:17Z" hostname="1c176f3756ce" tests="1" skipped="0" failures="0" errors="0" time="0.522">
    <testcase time="0.522" classname="listing_lbl01" name="LBL01_listing_is_produced_correctly"/>
  </testsuite>
  <testsuite name="listing_lbl01_rls" timestamp="2024-11-06T20:17:17Z" hostname="1c176f3756ce" tests="1" skipped="0" failures="0" errors="0" time="0.509">
    <testcase time="0.509" classname="listing_lbl01_rls" name="LBL01_RLS_listing_is_produced_correctly"/>
  </testsuite>
  <testsuite name="listing_lbl02a" timestamp="2024-11-06T20:17:18Z" hostname="1c176f3756ce" tests="1" skipped="0" failures="0" errors="0" time="0.25">
    <testcase time="0.25" classname="listing_lbl02a" name="LBL02A_listing_is_produced_correctly"/>
  </testsuite>
  <testsuite name="listing_lbl02a_rls" timestamp="2024-11-06T20:17:18Z" hostname="1c176f3756ce" tests="1" skipped="0" failures="1" errors="0" time="0.905">
    <testcase time="0.905000000000001" classname="listing_lbl02a_rls" name="LBL02A_RLS_listing_is_produced_correctly">
      <failure type="failure" message="Snapshot of code has changed: ('test-listing_lbl02a_rls.R:79:3')">Snapshot of code has changed:
old[9:15] vs new[9:15]
                                                                     Study   Last Dose of              from       Reference     Reference     Change     Abnormality
    Treatment          Lab Test (Unit)           Center/Patient ID    Day     Study Drug    Result   Baseline       Range         Range     Dec./Inc.       Flag    
    ————————————————————————————————————————————————————————————————————————————————————————————————————————————————————————————————————————————————————————————————
-    Placebo    Alanine Aminotransferase (U/L)       701/1015         -7          0          27.0        0.0     10.0 -  29.0    6 - 34     40% / 40%               
+    Placebo    Alanine Aminotransferase (U/L)       701/1015         -7          0          27.0         NA     10.0 -  29.0    6 - 34     40% / 40%               
                                                                      15          22         41.0       51.9     10.0 -  29.0    6 - 34     40% / 40%        HH     
                                                                      29          14         18.0      -33.3     10.0 -  29.0    6 - 34     40% / 40%               
                                                                      42          13         26.0       -3.7     10.0 -  29.0    6 - 34     40% / 40%               

old[19:32] vs new[19:32]
                                                                      140         14         21.0      -22.2     10.0 -  29.0    6 - 34     40% / 40%               
                                                                      168         28         23.0      -14.8     10.0 -  29.0    6 - 34     40% / 40%               
                                                                      182         14         23.0      -14.8     10.0 -  29.0    6 - 34     40% / 40%               
-                                                    701/1023         -14         0          23.0        0.0     10.0 -  29.0    6 - 43     40% / 40%               
+                                                    701/1023         -14         0          23.0         NA     10.0 -  29.0    6 - 43     40% / 40%               
                                                                      23          37         30.0       30.4     10.0 -  29.0    6 - 43     40% / 40%               
                                                                      29          6          38.0       65.2     10.0 -  29.0    6 - 43     40% / 40%               
-                                                    701/1047         -21         0          22.0        0.0     10.0 -  29.0    6 - 32     40% / 40%               
+                                                    701/1047         -21         0          22.0         NA     10.0 -  29.0    6 - 32     40% / 40%               
                                                                      14          35         16.0      -27.3     10.0 -  29.0    6 - 32     40% / 40%               
                                                                      27          13         20.0       -9.1     10.0 -  29.0    6 - 32     40% / 40%               
                                                                      55          28         17.0      -22.7     10.0 -  29.0    6 - 32     40% / 40%               
-                                                    701/1118         -13         0          15.0        0.0     10.0 -  29.0    6 - 43     40% / 40%               
+                                                    701/1118         -13         0          15.0         NA     10.0 -  29.0    6 - 43     40% / 40%               
                                                                      15          28          7.0      -53.3     10.0 -  29.0    6 - 43     40% / 40%               
                                                                      29          14         15.0        0.0     10.0 -  29.0    6 - 43     40% / 40%               
                                                                      43          14         11.0      -26.7     10.0 -  29.0    6 - 43     40% / 40%               

old[36:42] vs new[36:42]
                                                                      141         28         13.0      -13.3     10.0 -  29.0    6 - 43     40% / 40%               
                                                                      169         28         13.0      -13.3     10.0 -  29.0    6 - 43     40% / 40%               
                                                                      182         13         10.0      -33.3     10.0 -  29.0    6 - 43     40% / 40%               
-                                                    701/1130         -6          0          15.0        0.0     10.0 -  29.0    6 - 35     40% / 40%               
+                                                    701/1130         -6          0          15.0         NA     10.0 -  29.0    6 - 35     40% / 40%               
                                                                      15          21         14.0       -6.7     10.0 -  29.0    6 - 35     40% / 40%               
                                                                      29          14         18.0       20.0     10.0 -  29.0    6 - 35     40% / 40%               
                                                                      43          14         13.0      -13.3     10.0 -  29.0    6 - 35     40% / 40%               

old[46:52] vs new[46:52]
                                                                      138         25         11.0      -26.7     10.0 -  29.0    6 - 35     40% / 40%               
                                                                      169         31         13.0      -13.3     10.0 -  29.0    6 - 35     40% / 40%               
                                                                      183         14         10.0      -33.3     10.0 -  29.0    6 - 35     40% / 40%               
-                                                    701/1153         -17         0          13.0        0.0     10.0 -  29.0    6 - 32     40% / 40%               
+                                                    701/1153         -17         0          13.0         NA     10.0 -  29.0    6 - 32     40% / 40%               
                                                                      16          33         14.0        7.7     10.0 -  29.0    6 - 32     40% / 40%               
                                                                      27          11         14.0        7.7     10.0 -  29.0    6 - 32     40% / 40%               
                                                                      43          16         14.0        7.7     10.0 -  29.0    6 - 32     40% / 40%               

old[56:62] vs new[56:62]
                                                                      142         34         14.0        7.7     10.0 -  29.0    6 - 32     40% / 40%               
                                                                      170         28         13.0        0.0     10.0 -  29.0    6 - 32     40% / 40%               
                                                                      191         21         14.0        7.7     10.0 -  29.0    6 - 32     40% / 40%               
-                                                    701/1203         -8          0          13.0        0.0     10.0 -  29.0    6 - 32     40% / 40%               
+                                                    701/1203         -8          0          13.0         NA     10.0 -  29.0    6 - 32     40% / 40%               
                                                                      22          30         14.0        7.7     10.0 -  29.0    6 - 32     40% / 40%               
                                                                      29          7          10.0      -23.1     10.0 -  29.0    6 - 32     40% / 40%               
    ————————————————————————————————————————————————————————————————————————————————————————————————————————————————————————————————————————————————————————————————

* Run `testthat::snapshot_accept('listing_lbl02a_rls')` to accept the change.
* Run `testthat::snapshot_review('listing_lbl02a_rls')` to interactively review the change.</failure>
    </testcase>
  </testsuite>
  <testsuite name="listing_lbl02b" timestamp="2024-11-06T20:17:19Z" hostname="1c176f3756ce" tests="1" skipped="0" failures="0" errors="0" time="0.301">
    <testcase time="0.301" classname="listing_lbl02b" name="LBL02B_listing_is_produced_correctly"/>
  </testsuite>
  <testsuite name="listing_mhl01" timestamp="2024-11-06T20:17:19Z" hostname="1c176f3756ce" tests="1" skipped="0" failures="0" errors="0" time="0.256">
    <testcase time="0.256" classname="listing_mhl01" name="MHL01_listing_is_produced_correctly"/>
  </testsuite>
  <testsuite name="listing_oncl01" timestamp="2024-11-06T20:17:19Z" hostname="1c176f3756ce" tests="1" skipped="0" failures="0" errors="0" time="0.237">
    <testcase time="0.236999999999998" classname="listing_oncl01" name="ONCL01_listing_is_produced_correctly"/>
  </testsuite>
  <testsuite name="listing_pkcl01" timestamp="2024-11-06T20:17:19Z" hostname="1c176f3756ce" tests="1" skipped="0" failures="0" errors="0" time="0.181">
    <testcase time="0.181000000000001" classname="listing_pkcl01" name="PKCL01_listing_is_produced_correctly"/>
  </testsuite>
  <testsuite name="listing_pkcl02" timestamp="2024-11-06T20:17:20Z" hostname="1c176f3756ce" tests="1" skipped="0" failures="0" errors="0" time="0.212">
    <testcase time="0.212" classname="listing_pkcl02" name="PKCL02_listing_is_produced_correctly"/>
  </testsuite>
  <testsuite name="listing_pkpl01" timestamp="2024-11-06T20:17:20Z" hostname="1c176f3756ce" tests="1" skipped="0" failures="0" errors="0" time="0.237">
    <testcase time="0.237" classname="listing_pkpl01" name="PKPL01_listing_is_produced_correctly"/>
  </testsuite>
  <testsuite name="listing_pkpl02" timestamp="2024-11-06T20:17:20Z" hostname="1c176f3756ce" tests="1" skipped="0" failures="0" errors="0" time="0.15">
    <testcase time="0.15" classname="listing_pkpl02" name="PKPL02_listing_is_produced_correctly"/>
  </testsuite>
  <testsuite name="listing_pkpl04" timestamp="2024-11-06T20:17:20Z" hostname="1c176f3756ce" tests="1" skipped="0" failures="0" errors="0" time="0.204">
    <testcase time="0.203999999999999" classname="listing_pkpl04" name="PKPL04_listing_is_produced_correctly"/>
  </testsuite>
  <testsuite name="listing_vsl01" timestamp="2024-11-06T20:17:20Z" hostname="1c176f3756ce" tests="1" skipped="0" failures="0" errors="0" time="0.445">
    <testcase time="0.445" classname="listing_vsl01" name="VSL01_listing_is_produced_correctly"/>
  </testsuite>
  <testsuite name="pagination_listing" timestamp="2024-11-06T20:17:21Z" hostname="1c176f3756ce" tests="13" skipped="0" failures="0" errors="0" time="5.709">
    <testcase time="0.0300000000000011" classname="pagination_listing" name="Direct_pagination_works_fine"/>
    <testcase time="0.947999999999999" classname="pagination_listing" name="Direct_pagination_works_fine"/>
    <testcase time="0.00300000000000011" classname="pagination_listing" name="Direct_pagination_works_fine"/>
    <testcase time="0.882999999999999" classname="pagination_listing" name="Direct_pagination_works_fine"/>
    <testcase time="1.218" classname="pagination_listing" name="Direct_pagination_works_fine"/>
    <testcase time="1.298" classname="pagination_listing" name="pagination_counts_the_right_number_of_lines_when_wrapping_on_keycols_is_present"/>
    <testcase time="0.00600000000000023" classname="pagination_listing" name="pagination_counts_the_right_number_of_lines_when_wrapping_on_keycols_is_present"/>
    <testcase time="0.00499999999999901" classname="pagination_listing" name="pagination_counts_the_right_number_of_lines_when_wrapping_on_keycols_is_present"/>
    <testcase time="0.00300000000000011" classname="pagination_listing" name="pagination_counts_the_right_number_of_lines_when_wrapping_on_keycols_is_present"/>
    <testcase time="1.302" classname="pagination_listing" name="pagination_counts_the_right_number_of_lines_when_wrapping_on_keycols_is_present"/>
    <testcase time="0.00600000000000023" classname="pagination_listing" name="pagination_counts_the_right_number_of_lines_when_wrapping_on_keycols_is_present"/>
    <testcase time="0.00400000000000134" classname="pagination_listing" name="pagination_counts_the_right_number_of_lines_when_wrapping_on_keycols_is_present"/>
    <testcase time="0.00300000000000011" classname="pagination_listing" name="pagination_counts_the_right_number_of_lines_when_wrapping_on_keycols_is_present"/>
  </testsuite>
  <testsuite name="pagination_table" timestamp="2024-11-06T20:17:28Z" hostname="1c176f3756ce" tests="30" skipped="0" failures="0" errors="0" time="14.341">
    <testcase time="1.84" classname="pagination_table" name="Direct_pagination_with_standard_values"/>
    <testcase time="0.00499999999999901" classname="pagination_table" name="Direct_pagination_with_standard_values"/>
    <testcase time="0.00300000000000011" classname="pagination_table" name="Direct_pagination_with_standard_values"/>
    <testcase time="1.305" classname="pagination_table" name="Pagination_with_specific_column_widths_and_minimum_lines_per_page"/>
    <testcase time="0.00400000000000134" classname="pagination_table" name="Pagination_with_specific_column_widths_and_minimum_lines_per_page"/>
    <testcase time="0.134" classname="pagination_table" name="Pagination_with_specific_column_widths_and_minimum_lines_per_page"/>
    <testcase time="1.23" classname="pagination_table" name="Pagination_works_also_if_table_is_decorated"/>
    <testcase time="0.526999999999997" classname="pagination_table" name="Pagination_works_also_if_table_is_decorated"/>
    <testcase time="0.786000000000001" classname="pagination_table" name="Pagination_works_also_if_table_is_decorated"/>
    <testcase time="0.638999999999999" classname="pagination_table" name="Pagination_works_also_if_table_is_decorated"/>
    <testcase time="1.322" classname="pagination_table" name="Pagination_works_also_if_table_is_decorated"/>
    <testcase time="0.303000000000001" classname="pagination_table" name="Pagination_works_also_if_table_is_decorated"/>
    <testcase time="0.00300000000000011" classname="pagination_table" name="Pagination_works_also_if_table_is_decorated"/>
    <testcase time="0.0210000000000008" classname="pagination_table" name="Pagination_works_also_if_table_is_decorated"/>
    <testcase time="0.143999999999998" classname="pagination_table" name="Pagination_works_also_if_table_is_decorated"/>
    <testcase time="0.0940000000000012" classname="pagination_table" name="Pagination_works_also_if_table_is_decorated"/>
    <testcase time="0.693999999999999" classname="pagination_table" name="Pagination_works_for_page_types"/>
    <testcase time="0.083000000000002" classname="pagination_table" name="Pagination_works_for_page_types"/>
    <testcase time="0.690999999999999" classname="pagination_table" name="Pagination_works_for_page_types"/>
    <testcase time="0.0899999999999999" classname="pagination_table" name="Pagination_works_for_page_types"/>
    <testcase time="0.66" classname="pagination_table" name="Pagination_works_for_page_types"/>
    <testcase time="0.408999999999999" classname="pagination_table" name="Pagination_works_for_page_types"/>
    <testcase time="0.695999999999998" classname="pagination_table" name="Pagination_works_for_page_width_and_height"/>
    <testcase time="0.131" classname="pagination_table" name="Pagination_works_for_page_width_and_height"/>
    <testcase time="0.787000000000006" classname="pagination_table" name="Pagination_works_for_page_types"/>
    <testcase time="0.166999999999994" classname="pagination_table" name="Pagination_works_for_page_types"/>
    <testcase time="0.817" classname="pagination_table" name="AET04_variant_2_page_by_pagination_tests"/>
    <testcase time="0.606000000000002" classname="pagination_table" name="AET04_variant_2_page_by_pagination_tests"/>
    <testcase time="0.00200000000000244" classname="pagination_table" name="AET04_variant_2_page_by_pagination_tests"/>
    <testcase time="0.147999999999996" classname="pagination_table" name="AET04_variant_2_page_by_pagination_tests"/>
  </testsuite>
  <testsuite name="table_adat03" timestamp="2024-11-06T20:17:41Z" hostname="1c176f3756ce" tests="2" skipped="0" failures="0" errors="0" time="0.547">
    <testcase time="0.410000000000004" classname="table_adat03" name="ADAT03_is_produced_correctly"/>
    <testcase time="0.137" classname="table_adat03" name="ADAT03_is_produced_correctly"/>
  </testsuite>
  <testsuite name="table_aet01" timestamp="2024-11-06T20:17:42Z" hostname="1c176f3756ce" tests="8" skipped="0" failures="0" errors="0" time="1.781">
    <testcase time="0.351999999999997" classname="table_aet01" name="Safety_Summary_Variant_1_works_as_expected"/>
    <testcase time="0.112000000000002" classname="table_aet01" name="Safety_Summary_Variant_1_works_as_expected"/>
    <testcase time="0.323" classname="table_aet01" name="Safety_Summary_Variant_2_with_Medical_Concepts_Section_works_as_expected"/>
    <testcase time="0.128999999999998" classname="table_aet01" name="Safety_Summary_Variant_2_with_Medical_Concepts_Section_works_as_expected"/>
    <testcase time="0.265000000000001" classname="table_aet01" name="Safety_Summary_Variant_3_with_Modified_Rows_works_as_expected"/>
    <testcase time="0.105000000000004" classname="table_aet01" name="Safety_Summary_Variant_3_with_Modified_Rows_works_as_expected"/>
    <testcase time="0.363" classname="table_aet01" name="Safety_Summary_Variant_4_with_Rows_Counting_Events_and_Additional_Sections_works_as_expected"/>
    <testcase time="0.131999999999998" classname="table_aet01" name="Safety_Summary_Variant_4_with_Rows_Counting_Events_and_Additional_Sections_works_as_expected"/>
  </testsuite>
  <testsuite name="table_aet01_aesi" timestamp="2024-11-06T20:17:43Z" hostname="1c176f3756ce" tests="8" skipped="0" failures="2" errors="0" time="2.71">
    <testcase time="0.275999999999996" classname="table_aet01_aesi" name="AET01_AESI_Variant_1_works_as_expected"/>
    <testcase time="0.106000000000002" classname="table_aet01_aesi" name="AET01_AESI_Variant_1_works_as_expected"/>
    <testcase time="0.454999999999998" classname="table_aet01_aesi" name="AET01_AESI_Variant_2_works_as_expected"/>
    <testcase time="0.166000000000004" classname="table_aet01_aesi" name="AET01_AESI_Variant_2_works_as_expected">
      <failure type="failure" message="Snapshot of code has changed: ('test-table_aet01_aesi.R:181:3')">Snapshot of code has changed:
old vs new
  Code
    res
  Output
-                                                                                       Placebo     Xanomeline High Dose   Xanomeline Low Dose
+                                                                                     Placebo     Xanomeline High Dose   Xanomeline Low Dose
-                                                                                        (N=86)            (N=72)                (N=96)       
+                                                                                      (N=86)            (N=72)                (N=96)       
-   ——————————————————————————————————————————————————————————————————————————————————————————————————————————————————————————————————————————
+   ————————————————————————————————————————————————————————————————————————————————————————————————————————————————————————————————————————
-   Total number of patients with at least one AE                                      37 (43.0%)        61 (84.7%)            64 (66.7%)     
+   Total number of patients with at least one AE                                    37 (43.0%)        61 (84.7%)            64 (66.7%)     
-   Total number of AEs                                                                    75               197                    181        
+   Total number of AEs                                                                  75               197                    181        
-   Total number of patients with at least one AE by worst grade                                                                              
+   Total number of patients with at least one AE by worst grade                                                                            
-     Grade 1                                                                          16 (18.6%)        28 (38.9%)            30 (31.2%)     
+     Grade 1                                                                        16 (18.6%)        28 (38.9%)            30 (31.2%)     
-     Grade 2                                                                          13 (15.1%)        19 (26.4%)            18 (18.8%)     
+     Grade 2                                                                        13 (15.1%)        19 (26.4%)            18 (18.8%)     
-     Grade 3                                                                           2 (2.3%)          7 (9.7%)              5 (5.2%)      
+     Grade 3                                                                         2 (2.3%)          7 (9.7%)              5 (5.2%)      
-     Grade 4                                                                           5 (5.8%)          6 (8.3%)              9 (9.4%)      
+     Grade 4                                                                         5 (5.8%)          6 (8.3%)              9 (9.4%)      
-     Grade 5 (fatal outcome)                                                           1 (1.2%)          1 (1.4%)              2 (2.1%)      
+     Grade 5 (fatal outcome)                                                         1 (1.2%)          1 (1.4%)              2 (2.1%)      
-   Total number of patients with study drug withdrawn due to AE                           0                 0                      0         
+   Total number of patients with study drug withdrawn due to AE                         0                 0                      0         
-   Total number of patients with dose modified/interrupted due to AE                      0                 0                      0         
+   Total number of patients with dose modified/interrupted due to AE                    0                 0                      0         
-   Total number of patients with treatment received for AE                            37 (43.0%)        61 (84.7%)            64 (66.7%)     
+   Total number of patients with treatment received for AE                          37 (43.0%)        61 (84.7%)            64 (66.7%)     
-   Total number of patients with all non-fatal AEs resolved                            7 (8.1%)          1 (1.4%)              4 (4.2%)      
+   Total number of patients with all non-fatal AEs resolved                          7 (8.1%)          1 (1.4%)              4 (4.2%)      
-     No. of patients with study drug withdrawn due to resolved AE                         0                 0                      0         
+   No. of patients with study drug withdrawn due to resolved AE                         0                 0                      0         
-     No. of patients with dose modified/interrupted due to resolved AE                    0                 0                      0         
+   No. of patients with dose modified/interrupted due to resolved AE                    0                 0                      0         
-     No. of patients with treatment received for resolved AE                           7 (8.1%)          1 (1.4%)              4 (4.2%)      
+   No. of patients with treatment received for resolved AE                           7 (8.1%)          1 (1.4%)              4 (4.2%)      
-   Total number of patients with at least one unresolved or ongoing non-fatal AE      30 (34.9%)        60 (83.3%)            60 (62.5%)     
+   Total number of patients with at least one unresolved or ongoing non-fatal AE    30 (34.9%)        60 (83.3%)            60 (62.5%)     
-     No. of patients with study drug withdrawn due to unresolved or ongoing AE            0                 0                      0         
+   No. of patients with study drug withdrawn due to unresolved or ongoing AE            0                 0                      0         
-     No. of patients with dose modified/interrupted due to unresolved or ongoing AE       0                 0                      0         
+   No. of patients with dose modified/interrupted due to unresolved or ongoing AE       0                 0                      0         
-     No. of patients with treatment received for unresolved or ongoing AE             30 (34.9%)        60 (83.3%)            60 (62.5%)     
+   No. of patients with treatment received for unresolved or ongoing AE             30 (34.9%)        60 (83.3%)            60 (62.5%)     
-   Total number of patients with at least one serious AE                                  0                 0                      0         
+   Total number of patients with at least one serious AE                                0                 0                      0         
-     No. of patients with study drug withdrawn due to serious AE                          0                 0                      0         
+   No. of patients with study drug withdrawn due to serious AE                          0                 0                      0         
-     No. of patients with treatment received for serious AE                               0                 0                      0         
+   No. of patients with treatment received for serious AE                               0                 0                      0         
-     No. of patients with dose modified/interrupted due to serious AE                     0                 0                      0         
+   No. of patients with dose modified/interrupted due to serious AE                     0                 0                      0         
-   Total number of patients with at least one related AE                                  0                 0                      0         
+   Total number of patients with at least one related AE                                0                 0                      0         
-     No. of patients with study drug withdrawn due to related AE                          0                 0                      0         
+   No. of patients with study drug withdrawn due to related AE                          0                 0                      0         
-     No. of patients with dose modified/interrupted due to related AE                     0                 0                      0         
+   No. of patients with dose modified/interrupted due to related AE                     0                 0                      0         
-     No. of patients with treatment received for related AE                               0                 0                      0         
+   No. of patients with treatment received for related AE                               0                 0                      0         
-     No. of patients with serious, related AE                                             0                 0                      0         
+   No. of patients with serious, related AE                                             0                 0                      0         

* Run `testthat::snapshot_accept('table_aet01_aesi')` to accept the change.
* Run `testthat::snapshot_review('table_aet01_aesi')` to interactively review the change.</failure>
    </testcase>
    <testcase time="0.664999999999999" classname="table_aet01_aesi" name="AET01_AESI_Variant_3_works_as_expected"/>
    <testcase time="0.237000000000002" classname="table_aet01_aesi" name="AET01_AESI_Variant_3_works_as_expected">
      <failure type="failure" message="Snapshot of code has changed: ('test-table_aet01_aesi.R:410:3')">Snapshot of code has changed:
old vs new
  Code
    res
  Output
-                                                                                                         Placebo     Xanomeline High Dose   Xanomeline Low Dose
+                                                                                                       Placebo     Xanomeline High Dose   Xanomeline Low Dose
-                                                                                                          (N=86)            (N=72)                (N=96)       
+                                                                                                        (N=86)            (N=72)                (N=96)       
-   ————————————————————————————————————————————————————————————————————————————————————————————————————————————————————————————————————————————————————————————
+   ——————————————————————————————————————————————————————————————————————————————————————————————————————————————————————————————————————————————————————————
-   Total number of patients with at least one AE                                                        37 (43.0%)        61 (84.7%)            64 (66.7%)     
+   Total number of patients with at least one AE                                                      37 (43.0%)        61 (84.7%)            64 (66.7%)     
-   Total number of AEs                                                                                      75               197                    181        
+   Total number of AEs                                                                                    75               197                    181        
-   Total number of patients with at least one AE by worst grade                                                                                                
+   Total number of patients with at least one AE by worst grade                                                                                              
-     Grade 1                                                                                            16 (18.6%)        28 (38.9%)            30 (31.2%)     
+     Grade 1                                                                                          16 (18.6%)        28 (38.9%)            30 (31.2%)     
-     Grade 2                                                                                            13 (15.1%)        19 (26.4%)            18 (18.8%)     
+     Grade 2                                                                                          13 (15.1%)        19 (26.4%)            18 (18.8%)     
-     Grade 3                                                                                             2 (2.3%)          7 (9.7%)              5 (5.2%)      
+     Grade 3                                                                                           2 (2.3%)          7 (9.7%)              5 (5.2%)      
-     Grade 4                                                                                             5 (5.8%)          6 (8.3%)              9 (9.4%)      
+     Grade 4                                                                                           5 (5.8%)          6 (8.3%)              9 (9.4%)      
-     Grade 5 (fatal outcome)                                                                             1 (1.2%)          1 (1.4%)              2 (2.1%)      
+     Grade 5 (fatal outcome)                                                                           1 (1.2%)          1 (1.4%)              2 (2.1%)      
-   Total number of patients with study drug 1 withdrawn due to AE                                           0                 0                      0         
+   Total number of patients with study drug 1 withdrawn due to AE                                         0                 0                      0         
-   Total number of patients with study drug 2 withdrawn due to AE                                           0                 0                      0         
+   Total number of patients with study drug 2 withdrawn due to AE                                         0                 0                      0         
-   Total number of patients with dose of study drug 1 modified/interrupted due to AE                        0                 0                      0         
+   Total number of patients with dose of study drug 1 modified/interrupted due to AE                      0                 0                      0         
-   Total number of patients with dose of study drug 2 modified/interrupted due to AE                        0                 0                      0         
+   Total number of patients with dose of study drug 2 modified/interrupted due to AE                      0                 0                      0         
-   Total number of patients with treatment received for AE                                              37 (43.0%)        61 (84.7%)            64 (66.7%)     
+   Total number of patients with treatment received for AE                                            37 (43.0%)        61 (84.7%)            64 (66.7%)     
-   Total number of patients with all non-fatal AEs resolved                                              7 (8.1%)          1 (1.4%)              4 (4.2%)      
+   Total number of patients with all non-fatal AEs resolved                                            7 (8.1%)          1 (1.4%)              4 (4.2%)      
-     No. of patients with study drug 1 withdrawn due to resolved AE                                         0                 0                      0         
+   No. of patients with study drug 1 withdrawn due to resolved AE                                         0                 0                      0         
-     No. of patients with study drug 2 withdrawn due to resolved AE                                         0                 0                      0         
+   No. of patients with study drug 2 withdrawn due to resolved AE                                         0                 0                      0         
-     No. of patients with dose of study drug 1 modified/interrupted due to resolved AE                      0                 0                      0         
+   No. of patients with dose of study drug 1 modified/interrupted due to resolved AE                      0                 0                      0         
-     No. of patients with dose of study drug 2 modified/interrupted due to resolved AE                      0                 0                      0         
+   No. of patients with dose of study drug 2 modified/interrupted due to resolved AE                      0                 0                      0         
-     No. of patients with treatment received for resolved AE                                             7 (8.1%)          1 (1.4%)              4 (4.2%)      
+   No. of patients with treatment received for resolved AE                                             7 (8.1%)          1 (1.4%)              4 (4.2%)      
-   Total number of patients with at least one non-fatal unresolved or ongoing AE                        30 (34.9%)        60 (83.3%)            60 (62.5%)     
+   Total number of patients with at least one non-fatal unresolved or ongoing AE                      30 (34.9%)        60 (83.3%)            60 (62.5%)     
-     No. of patients with study drug 1 withdrawn due to unresolved or ongoing AE                            0                 0                      0         
+   No. of patients with study drug 1 withdrawn due to unresolved or ongoing AE                            0                 0                      0         
-     No. of patients with study drug 2 withdrawn due to unresolved or ongoing AE                            0                 0                      0         
+   No. of patients with study drug 2 withdrawn due to unresolved or ongoing AE                            0                 0                      0         
-     No. of patients with dose of study drug 1 modified/interrupted due to unresolved or ongoing AE         0                 0                      0         
+   No. of patients with dose of study drug 1 modified/interrupted due to unresolved or ongoing AE         0                 0                      0         
-     No. of patients with dose of study drug 2 modified/interrupted due to unresolved or ongoing AE         0                 0                      0         
+   No. of patients with dose of study drug 2 modified/interrupted due to unresolved or ongoing AE         0                 0                      0         
-     No. of patients with treatment received for unresolved or ongoing AE                               30 (34.9%)        60 (83.3%)            60 (62.5%)     
+   No. of patients with treatment received for unresolved or ongoing AE                               30 (34.9%)        60 (83.3%)            60 (62.5%)     
-   Total number of patients with at least one serious AE                                                    0                 0                      0         
+   Total number of patients with at least one serious AE                                                  0                 0                      0         
-     No. of patients with study drug 1 withdrawn due to serious AE                                          0                 0                      0         
+   No. of patients with study drug 1 withdrawn due to serious AE                                          0                 0                      0         
-     No. of patients with study drug 2 withdrawn due to serious AE                                          0                 0                      0         
+   No. of patients with study drug 2 withdrawn due to serious AE                                          0                 0                      0         
-     No. of patients with dose of study drug 1 modified/interrupted due to serious AE                       0                 0                      0         
+   No. of patients with dose of study drug 1 modified/interrupted due to serious AE                       0                 0                      0         
-     No. of patients with dose of study drug 2 modified/interrupted due to serious AE                       0                 0                      0         
+   No. of patients with dose of study drug 2 modified/interrupted due to serious AE                       0                 0                      0         
-     No. of patients with treatment received for serious AE                                                 0                 0                      0         
+   No. of patients with treatment received for serious AE                                                 0                 0                      0         
-   Total number of patients with at least one AE related to study drug 1                                    0                 0                      0         
+   Total number of patients with at least one AE related to study drug 1                                  0                 0                      0         
-     No. of patients with study drug 1 withdrawn due to AE related to study drug 1                          0                 0                      0         
+   No. of patients with study drug 1 withdrawn due to AE related to study drug 1                          0                 0                      0         
-     No. of patients with study drug 1 withdrawn due to AE related to study drug 2                          0                 0                      0         
+   No. of patients with study drug 1 withdrawn due to AE related to study drug 2                          0                 0                      0         
-     No. of patients with dose of study drug 1 modified/interrupted due to AE related to study drug 1       0                 0                      0         
+   No. of patients with dose of study drug 1 modified/interrupted due to AE related to study drug 1       0                 0                      0         
-     No. of patients with dose of study drug 1 modified/interrupted due to AE related to study drug 2       0                 0                      0         
+   No. of patients with dose of study drug 1 modified/interrupted due to AE related to study drug 2       0                 0                      0         
-     No. of patients with treatment received for AE related to study drug 1                                 0                 0                      0         
+   No. of patients with treatment received for AE related to study drug 1                                 0                 0                      0         
-     No. of patients with serious AE related to study drug 1                                                0                 0                      0         
+   No. of patients with serious AE related to study drug 1                                                0                 0                      0         
-   Total number of patients with at least one AE related to study drug 2                                    0                 0                      0         
+   Total number of patients with at least one AE related to study drug 2                                  0                 0                      0         
-     No. of patients with study drug 2 withdrawn due to AE related to study drug 1                          0                 0                      0         
+   No. of patients with study drug 2 withdrawn due to AE related to study drug 1                          0                 0                      0         
-     No. of patients with study drug 2 withdrawn due to AE related to study drug 2                          0                 0                      0         
+   No. of patients with study drug 2 withdrawn due to AE related to study drug 2                          0                 0                      0         
-     No. of patients with dose of study drug 2 modified/interrupted due to AE related to study drug 1       0                 0                      0         
+   No. of patients with dose of study drug 2 modified/interrupted due to AE related to study drug 1       0                 0                      0         
-     No. of patients with dose of study drug 2 modified/interrupted due to AE related to study drug 2       0                 0                      0         
+   No. of patients with dose of study drug 2 modified/interrupted due to AE related to study drug 2       0                 0                      0         
-     No. of patients with treatment received for AE related to study drug 2                                 0                 0                      0         
+   No. of patients with treatment received for AE related to study drug 2                                 0                 0                      0         
-     No. of patients with serious AE related to study drug 2                                                0                 0                      0         
+   No. of patients with serious AE related to study drug 2                                                0                 0                      0         

* Run `testthat::snapshot_accept('table_aet01_aesi')` to accept the change.
* Run `testthat::snapshot_review('table_aet01_aesi')` to interactively review the change.</failure>
    </testcase>
    <testcase time="0.585999999999999" classname="table_aet01_aesi" name="AET01_AESI_Variant_4_works_as_expected"/>
    <testcase time="0.219000000000001" classname="table_aet01_aesi" name="AET01_AESI_Variant_4_works_as_expected"/>
  </testsuite>
  <testsuite name="table_aet02" timestamp="2024-11-06T20:17:46Z" hostname="1c176f3756ce" tests="26" skipped="0" failures="0" errors="0" time="8.189">
    <testcase time="0.564" classname="table_aet02" name="AET02_variant_1_is_produced_correctly"/>
    <testcase time="0.187999999999995" classname="table_aet02" name="AET02_variant_1_is_produced_correctly"/>
    <testcase time="0.434000000000005" classname="table_aet02" name="AET02_variant_1_is_produced_correctly"/>
    <testcase time="0.101999999999997" classname="table_aet02" name="AET02_variant_1_is_produced_correctly"/>
    <testcase time="0.853999999999999" classname="table_aet02" name="AET02_variant_2_is_produced_correctly"/>
    <testcase time="0.182000000000002" classname="table_aet02" name="AET02_variant_2_is_produced_correctly"/>
    <testcase time="0.878999999999998" classname="table_aet02" name="AET02_variant_3_is_produced_correctly"/>
    <testcase time="0.286000000000001" classname="table_aet02" name="AET02_variant_3_is_produced_correctly"/>
    <testcase time="0.119" classname="table_aet02" name="AET02_variant_4_is_produced_correctly"/>
    <testcase time="0.100999999999999" classname="table_aet02" name="AET02_variant_4_is_produced_correctly"/>
    <testcase time="0.387" classname="table_aet02" name="AET02_variant_5_is_produced_correctly"/>
    <testcase time="0.157000000000004" classname="table_aet02" name="AET02_variant_5_is_produced_correctly"/>
    <testcase time="0.390000000000001" classname="table_aet02" name="AET02_variant_6_is_produced_correctly"/>
    <testcase time="0.106999999999999" classname="table_aet02" name="AET02_variant_6_is_produced_correctly"/>
    <testcase time="0.876999999999995" classname="table_aet02" name="AET02_variant_7_is_produced_correctly"/>
    <testcase time="0.152000000000001" classname="table_aet02" name="AET02_variant_7_is_produced_correctly"/>
    <testcase time="0.382000000000005" classname="table_aet02" name="AET02_variant_8_is_produced_correctly"/>
    <testcase time="0.0730000000000004" classname="table_aet02" name="AET02_variant_8_is_produced_correctly"/>
    <testcase time="0.392999999999994" classname="table_aet02" name="AET02_variant_9_is_produced_correctly"/>
    <testcase time="0.100000000000001" classname="table_aet02" name="AET02_variant_9_is_produced_correctly"/>
    <testcase time="0.404000000000003" classname="table_aet02" name="AET02_variant_10_is_produced_correctly"/>
    <testcase time="0.0869999999999962" classname="table_aet02" name="AET02_variant_10_is_produced_correctly"/>
    <testcase time="0.397000000000006" classname="table_aet02" name="AET02_variant_11_is_produced_correctly"/>
    <testcase time="0.0869999999999962" classname="table_aet02" name="AET02_variant_11_is_produced_correctly"/>
    <testcase time="0.396000000000001" classname="table_aet02" name="AET02_variant_12_is_produced_correctly"/>
    <testcase time="0.0910000000000011" classname="table_aet02" name="AET02_variant_12_is_produced_correctly"/>
  </testsuite>
  <testsuite name="table_aet02_smq" timestamp="2024-11-06T20:17:54Z" hostname="1c176f3756ce" tests="4" skipped="0" failures="0" errors="0" time="0.436">
    <testcase time="0.107999999999997" classname="table_aet02_smq" name="AET02SMQ_variant_1_is_produced_correctly"/>
    <testcase time="0.0799999999999983" classname="table_aet02_smq" name="AET02SMQ_variant_1_is_produced_correctly"/>
    <testcase time="0.154000000000003" classname="table_aet02_smq" name="AET02SMQ_variant_2_is_produced_correctly"/>
    <testcase time="0.0940000000000012" classname="table_aet02_smq" name="AET02SMQ_variant_2_is_produced_correctly"/>
  </testsuite>
  <testsuite name="table_aet03" timestamp="2024-11-06T20:17:55Z" hostname="1c176f3756ce" tests="6" skipped="0" failures="0" errors="0" time="4.882">
    <testcase time="1.127" classname="table_aet03" name="AET03_variant_1_is_produced_correctly"/>
    <testcase time="0.422000000000004" classname="table_aet03" name="AET03_variant_1_is_produced_correctly"/>
    <testcase time="1.351" classname="table_aet03" name="AET03_variant_1_is_produced_correctly"/>
    <testcase time="0.686" classname="table_aet03" name="AET03_variant_1_is_produced_correctly"/>
    <testcase time="1.084" classname="table_aet03" name="AET03_variant_1_is_produced_correctly"/>
    <testcase time="0.211999999999996" classname="table_aet03" name="AET03_variant_1_is_produced_correctly"/>
  </testsuite>
  <testsuite name="table_aet04" timestamp="2024-11-06T20:18:00Z" hostname="1c176f3756ce" tests="30" skipped="0" failures="0" errors="0" time="12.514">
    <testcase time="0.756" classname="table_aet04" name="AET04_variant_1_is_produced_correctly"/>
    <testcase time="0.329999999999998" classname="table_aet04" name="AET04_variant_1_is_produced_correctly"/>
    <testcase time="0.808" classname="table_aet04" name="AET04_variant_1_is_produced_correctly"/>
    <testcase time="0.0429999999999993" classname="table_aet04" name="AET04_variant_1_is_produced_correctly"/>
    <testcase time="0.0410000000000039" classname="table_aet04" name="AET04_variant_1_is_produced_correctly"/>
    <testcase time="0.698" classname="table_aet04" name="AET04_variant_2_is_produced_correctly_Fill_in_of_Treatment_Groups_"/>
    <testcase time="0.292000000000002" classname="table_aet04" name="AET04_variant_2_is_produced_correctly_Fill_in_of_Treatment_Groups_"/>
    <testcase time="0.725999999999999" classname="table_aet04" name="AET04_variant_2_is_produced_correctly_Fill_in_of_Treatment_Groups_"/>
    <testcase time="0.0420000000000016" classname="table_aet04" name="AET04_variant_2_is_produced_correctly_Fill_in_of_Treatment_Groups_"/>
    <testcase time="0.0359999999999943" classname="table_aet04" name="AET04_variant_2_is_produced_correctly_Fill_in_of_Treatment_Groups_"/>
    <testcase time="0.925000000000004" classname="table_aet04" name="AET04_variant_3_is_produced_correctly_Fill_in_of_Grades_"/>
    <testcase time="0.311999999999998" classname="table_aet04" name="AET04_variant_3_is_produced_correctly_Fill_in_of_Grades_"/>
    <testcase time="0.749000000000002" classname="table_aet04" name="AET04_variant_3_is_produced_correctly_Fill_in_of_Grades_"/>
    <testcase time="0.0459999999999994" classname="table_aet04" name="AET04_variant_3_is_produced_correctly_Fill_in_of_Grades_"/>
    <testcase time="0.0379999999999967" classname="table_aet04" name="AET04_variant_3_is_produced_correctly_Fill_in_of_Grades_"/>
    <testcase time="0.643000000000001" classname="table_aet04" name="AET04_variant_4_is_produced_correctly_Collapsing_of_Grades_grades_1_2_grades_3_4_5_"/>
    <testcase time="0.303000000000004" classname="table_aet04" name="AET04_variant_4_is_produced_correctly_Collapsing_of_Grades_grades_1_2_grades_3_4_5_"/>
    <testcase time="0.736999999999995" classname="table_aet04" name="AET04_variant_4_is_produced_correctly_Collapsing_of_Grades_grades_1_2_grades_3_4_5_"/>
    <testcase time="0.679000000000002" classname="table_aet04" name="AET04_variant_6_is_produced_correctly_with_an_Incidence_Rate_of_at_Least_5_totals_restricted_"/>
    <testcase time="0.317999999999998" classname="table_aet04" name="AET04_variant_6_is_produced_correctly_with_an_Incidence_Rate_of_at_Least_5_totals_restricted_"/>
    <testcase time="0.741" classname="table_aet04" name="AET04_variant_6_is_produced_correctly_with_an_Incidence_Rate_of_at_Least_5_totals_restricted_"/>
    <testcase time="0.0100000000000051" classname="table_aet04" name="AET04_variant_8_is_produced_correctly_with_an_Incidence_Rate_of_at_Least_X_Patients_"/>
    <testcase time="0.305999999999997" classname="table_aet04" name="AET04_variant_8_is_produced_correctly_with_an_Incidence_Rate_of_at_Least_X_Patients_"/>
    <testcase time="0.765000000000001" classname="table_aet04" name="AET04_variant_8_is_produced_correctly_with_an_Incidence_Rate_of_at_Least_X_Patients_"/>
    <testcase time="0.0100000000000051" classname="table_aet04" name="AET04_variant_9_is_produced_correctly_with_a_Difference_in_Incidence_Rate_of_at_Least_X_"/>
    <testcase time="0.322999999999993" classname="table_aet04" name="AET04_variant_9_is_produced_correctly_with_a_Difference_in_Incidence_Rate_of_at_Least_X_"/>
    <testcase time="0.756" classname="table_aet04" name="AET04_variant_9_is_produced_correctly_with_a_Difference_in_Incidence_Rate_of_at_Least_X_"/>
    <testcase time="0.0100000000000051" classname="table_aet04" name="AET04_variant_11_is_produced_correctly_with_Incidence_Rate_of_at_Least_X_all_SOCs_w_o_preferred_terms_removed_"/>
    <testcase time="0.310000000000002" classname="table_aet04" name="AET04_variant_11_is_produced_correctly_with_Incidence_Rate_of_at_Least_X_all_SOCs_w_o_preferred_terms_removed_"/>
    <testcase time="0.760999999999996" classname="table_aet04" name="AET04_variant_11_is_produced_correctly_with_Incidence_Rate_of_at_Least_X_all_SOCs_w_o_preferred_terms_removed_"/>
  </testsuite>
  <testsuite name="table_aet04_pi" timestamp="2024-11-06T20:18:12Z" hostname="1c176f3756ce" tests="18" skipped="0" failures="0" errors="0" time="6.71">
    <testcase time="0.570999999999998" classname="table_aet04_pi" name="AET04_PI_full_table_is_produced_correctly"/>
    <testcase time="0.23599999999999" classname="table_aet04_pi" name="AET04_PI_full_table_is_produced_correctly"/>
    <testcase time="0.606999999999999" classname="table_aet04_pi" name="AET04_PI_variant_1_is_produced_correctly"/>
    <testcase time="0.174000000000007" classname="table_aet04_pi" name="AET04_PI_variant_1_is_produced_correctly"/>
    <testcase time="0.613" classname="table_aet04_pi" name="AET04_PI_variant_2_is_produced_correctly"/>
    <testcase time="0.117999999999995" classname="table_aet04_pi" name="AET04_PI_variant_2_is_produced_correctly"/>
    <testcase time="0.605000000000004" classname="table_aet04_pi" name="AET04_PI_variant_3_is_produced_correctly"/>
    <testcase time="0.150000000000006" classname="table_aet04_pi" name="AET04_PI_variant_3_is_produced_correctly"/>
    <testcase time="0.60199999999999" classname="table_aet04_pi" name="AET04_PI_variant_4_is_produced_correctly"/>
    <testcase time="0.100999999999999" classname="table_aet04_pi" name="AET04_PI_variant_4_is_produced_correctly"/>
    <testcase time="0.613" classname="table_aet04_pi" name="AET04_PI_variant_5_is_produced_correctly"/>
    <testcase time="0.158000000000001" classname="table_aet04_pi" name="AET04_PI_variant_5_is_produced_correctly"/>
    <testcase time="0.75200000000001" classname="table_aet04_pi" name="AET04_PI_variant_6_is_produced_correctly"/>
    <testcase time="0.161999999999992" classname="table_aet04_pi" name="AET04_PI_variant_6_is_produced_correctly"/>
    <testcase time="0.754000000000005" classname="table_aet04_pi" name="AET04_PI_variant_7_is_produced_correctly"/>
    <testcase time="0.177999999999997" classname="table_aet04_pi" name="AET04_PI_variant_7_is_produced_correctly"/>
    <testcase time="0.180000000000007" classname="table_aet04_pi" name="AET04_PI_variant_8_is_produced_correctly"/>
    <testcase time="0.135999999999996" classname="table_aet04_pi" name="AET04_PI_variant_8_is_produced_correctly"/>
  </testsuite>
  <testsuite name="table_aet05" timestamp="2024-11-06T20:18:19Z" hostname="1c176f3756ce" tests="4" skipped="0" failures="0" errors="0" time="0.288">
    <testcase time="0.0949999999999989" classname="table_aet05" name="AET05_variant_1_is_produced_correctly"/>
    <testcase time="0.061000000000007" classname="table_aet05" name="AET05_variant_1_is_produced_correctly"/>
    <testcase time="0.0679999999999978" classname="table_aet05" name="AET05_variant_2_is_produced_correctly"/>
    <testcase time="0.063999999999993" classname="table_aet05" name="AET05_variant_2_is_produced_correctly"/>
  </testsuite>
  <testsuite name="table_aet05_all" timestamp="2024-11-06T20:18:19Z" hostname="1c176f3756ce" tests="4" skipped="0" failures="0" errors="0" time="0.309">
    <testcase time="0.119" classname="table_aet05_all" name="AET05_ALL_variant_1_is_produced_correctly"/>
    <testcase time="0.0589999999999975" classname="table_aet05_all" name="AET05_ALL_variant_1_is_produced_correctly"/>
    <testcase time="0.070999999999998" classname="table_aet05_all" name="AET05_ALL_variant_2_is_produced_correctly"/>
    <testcase time="0.0600000000000023" classname="table_aet05_all" name="AET05_ALL_variant_2_is_produced_correctly"/>
  </testsuite>
  <testsuite name="table_aet06" timestamp="2024-11-06T20:18:19Z" hostname="1c176f3756ce" tests="6" skipped="0" failures="0" errors="0" time="3.921">
    <testcase time="0.619" classname="table_aet06" name="AET06_variant_1_is_produced_correctly"/>
    <testcase time="0.230000000000004" classname="table_aet06" name="AET06_variant_1_is_produced_correctly"/>
    <testcase time="1.203" classname="table_aet06" name="AET06_variant_3_is_produced_correctly"/>
    <testcase time="0.316999999999993" classname="table_aet06" name="AET06_variant_3_is_produced_correctly"/>
    <testcase time="1.17700000000001" classname="table_aet06" name="AET06_variant_5_is_produced_correctly"/>
    <testcase time="0.375" classname="table_aet06" name="AET06_variant_5_is_produced_correctly"/>
  </testsuite>
  <testsuite name="table_aet06_smq" timestamp="2024-11-06T20:18:23Z" hostname="1c176f3756ce" tests="4" skipped="0" failures="0" errors="0" time="0.995">
    <testcase time="0.353999999999999" classname="table_aet06_smq" name="AET06_SMQ_variant_1_is_produced_correctly"/>
    <testcase time="0.140999999999991" classname="table_aet06_smq" name="AET06_SMQ_variant_1_is_produced_correctly"/>
    <testcase time="0.356999999999999" classname="table_aet06_smq" name="AET06_SMQ_variant_2_is_produced_correctly"/>
    <testcase time="0.143000000000001" classname="table_aet06_smq" name="AET06_SMQ_variant_2_is_produced_correctly"/>
  </testsuite>
  <testsuite name="table_aet07" timestamp="2024-11-06T20:18:24Z" hostname="1c176f3756ce" tests="4" skipped="0" failures="0" errors="0" time="0.194">
    <testcase time="0.0520000000000067" classname="table_aet07" name="AET07_variant_1_is_produced_correctly"/>
    <testcase time="0.0420000000000016" classname="table_aet07" name="AET07_variant_1_is_produced_correctly"/>
    <testcase time="0.0570000000000022" classname="table_aet07" name="AET07_variant_2_is_produced_correctly"/>
    <testcase time="0.0429999999999922" classname="table_aet07" name="AET07_variant_2_is_produced_correctly"/>
  </testsuite>
  <testsuite name="table_aet09" timestamp="2024-11-06T20:18:24Z" hostname="1c176f3756ce" tests="4" skipped="0" failures="0" errors="0" time="1.929">
    <testcase time="0.531000000000006" classname="table_aet09" name="AET09_variant_1_is_produced_correctly_AE_related_to_study_drug"/>
    <testcase time="0.189999999999998" classname="table_aet09" name="AET09_variant_1_is_produced_correctly_AE_related_to_study_drug"/>
    <testcase time="0.905000000000001" classname="table_aet09" name="AET09_variant_2_is_produced_correctly_AE_related_to_study_drug_including_high_level_terms_"/>
    <testcase time="0.302999999999997" classname="table_aet09" name="AET09_variant_2_is_produced_correctly_AE_related_to_study_drug_including_high_level_terms_"/>
  </testsuite>
  <testsuite name="table_aet09_smq" timestamp="2024-11-06T20:18:26Z" hostname="1c176f3756ce" tests="4" skipped="0" failures="0" errors="0" time="0.517">
    <testcase time="0.120000000000005" classname="table_aet09_smq" name="AET09_variant_1_AEs_related_to_study_drug_by_SMQ_is_produced_correctly"/>
    <testcase time="0.0829999999999984" classname="table_aet09_smq" name="AET09_variant_1_AEs_related_to_study_drug_by_SMQ_is_produced_correctly"/>
    <testcase time="0.206000000000003" classname="table_aet09_smq" name="AET09_variant_2_AEs_related_to_study_drug_by_SMQ_with_customized_queries_is_produced_correctly"/>
    <testcase time="0.10799999999999" classname="table_aet09_smq" name="AET09_variant_2_AEs_related_to_study_drug_by_SMQ_with_customized_queries_is_produced_correctly"/>
  </testsuite>
  <testsuite name="table_aet10" timestamp="2024-11-06T20:18:27Z" hostname="1c176f3756ce" tests="2" skipped="0" failures="0" errors="0" time="0.166">
    <testcase time="0.109999999999999" classname="table_aet10" name="AET10_default_variant_is_produced_correctly"/>
    <testcase time="0.0559999999999974" classname="table_aet10" name="AET10_default_variant_is_produced_correctly"/>
  </testsuite>
  <testsuite name="table_aovt01" timestamp="2024-11-06T20:18:27Z" hostname="1c176f3756ce" tests="4" skipped="0" failures="0" errors="0" time="1.193">
    <testcase time="0.355000000000004" classname="table_aovt01" name="AOVT01_variant_with_single_endpoint_is_produced_correctly"/>
    <testcase time="0.097999999999999" classname="table_aovt01" name="AOVT01_variant_with_single_endpoint_is_produced_correctly"/>
    <testcase time="0.570000000000007" classname="table_aovt01" name="AOVT01_variant_with_multiple_endpoints_is_produced_correctly"/>
    <testcase time="0.170000000000002" classname="table_aovt01" name="AOVT01_variant_with_multiple_endpoints_is_produced_correctly"/>
  </testsuite>
  <testsuite name="table_aovt02" timestamp="2024-11-06T20:18:28Z" hostname="1c176f3756ce" tests="2" skipped="0" failures="0" errors="0" time="0.394">
    <testcase time="0.310999999999993" classname="table_aovt02" name="AOVT02_is_produced_correctly"/>
    <testcase time="0.0829999999999984" classname="table_aovt02" name="AOVT02_is_produced_correctly"/>
  </testsuite>
  <testsuite name="table_aovt03" timestamp="2024-11-06T20:18:29Z" hostname="1c176f3756ce" tests="2" skipped="0" failures="0" errors="0" time="0.895">
    <testcase time="0.704000000000008" classname="table_aovt03" name="AOVT03_is_produced_correctly"/>
    <testcase time="0.191000000000003" classname="table_aovt03" name="AOVT03_is_produced_correctly"/>
  </testsuite>
  <testsuite name="table_cfbt01" timestamp="2024-11-06T20:18:30Z" hostname="1c176f3756ce" tests="2" skipped="0" failures="0" errors="0" time="0.657">
    <testcase time="0.429999999999993" classname="table_cfbt01" name="CFBT01_default_variant_is_produced_correctly"/>
    <testcase time="0.227000000000004" classname="table_cfbt01" name="CFBT01_default_variant_is_produced_correctly"/>
  </testsuite>
  <testsuite name="table_cmht01" timestamp="2024-11-06T20:18:30Z" hostname="1c176f3756ce" tests="4" skipped="0" failures="0" errors="0" time="1.801">
    <testcase time="0.421999999999997" classname="table_cmht01" name="CMHT01_variant_1_is_produced_correctly"/>
    <testcase time="0.0919999999999987" classname="table_cmht01" name="CMHT01_variant_1_is_produced_correctly"/>
    <testcase time="0.995999999999995" classname="table_cmht01" name="CMHT01_variant_2_is_produced_correctly"/>
    <testcase time="0.291000000000011" classname="table_cmht01" name="CMHT01_variant_2_is_produced_correctly"/>
  </testsuite>
  <testsuite name="table_cmt01" timestamp="2024-11-06T20:18:32Z" hostname="1c176f3756ce" tests="8" skipped="0" failures="0" errors="0" time="1.654">
    <testcase time="0.305999999999997" classname="table_cmt01" name="CMT01_default_variant_Concomitant_medications_is_produced_correctly"/>
    <testcase time="0.143999999999991" classname="table_cmt01" name="CMT01_default_variant_Concomitant_medications_is_produced_correctly"/>
    <testcase time="0.226000000000013" classname="table_cmt01" name="CMT01_variant_1_prior_medications_is_produced_correctly"/>
    <testcase time="0.113" classname="table_cmt01" name="CMT01_variant_1_prior_medications_is_produced_correctly"/>
    <testcase time="0.307999999999993" classname="table_cmt01" name="CMT01_variant_3_Concomitant_medications_is_produced_correctly"/>
    <testcase time="0.123999999999995" classname="table_cmt01" name="CMT01_variant_3_Concomitant_medications_is_produced_correctly"/>
    <testcase time="0.297000000000011" classname="table_cmt01" name="CMT01_variant_4_Concomitant_medications_is_produced_correctly"/>
    <testcase time="0.135999999999996" classname="table_cmt01" name="CMT01_variant_4_Concomitant_medications_is_produced_correctly"/>
  </testsuite>
  <testsuite name="table_cmt01a" timestamp="2024-11-06T20:18:34Z" hostname="1c176f3756ce" tests="8" skipped="0" failures="0" errors="0" time="3.131">
    <testcase time="0.632000000000005" classname="table_cmt01a" name="CMT01A_variant_1_is_produced_correctly"/>
    <testcase time="0.209999999999994" classname="table_cmt01a" name="CMT01A_variant_1_is_produced_correctly"/>
    <testcase time="0.572000000000003" classname="table_cmt01a" name="CMT01A_variant_2_is_produced_correctly"/>
    <testcase time="0.218000000000004" classname="table_cmt01a" name="CMT01A_variant_2_is_produced_correctly"/>
    <testcase time="0.559999999999988" classname="table_cmt01a" name="CMT01A_variant_3_is_produced_correctly"/>
    <testcase time="0.210000000000008" classname="table_cmt01a" name="CMT01A_variant_3_is_produced_correctly"/>
    <testcase time="0.534999999999997" classname="table_cmt01a" name="CMT01A_variant_4_is_produced_correctly"/>
    <testcase time="0.194000000000003" classname="table_cmt01a" name="CMT01A_variant_4_is_produced_correctly"/>
  </testsuite>
  <testsuite name="table_cmt01b" timestamp="2024-11-06T20:18:37Z" hostname="1c176f3756ce" tests="6" skipped="0" failures="0" errors="0" time="3.386">
    <testcase time="1.16799999999999" classname="table_cmt01b" name="CMT01B_variant_1_is_produced_correctly"/>
    <testcase time="0.263000000000005" classname="table_cmt01b" name="CMT01B_variant_1_is_produced_correctly"/>
    <testcase time="0.573999999999998" classname="table_cmt01b" name="CMT01B_variant_2_is_produced_correctly"/>
    <testcase time="0.213000000000008" classname="table_cmt01b" name="CMT01B_variant_2_is_produced_correctly"/>
    <testcase time="0.879999999999995" classname="table_cmt01b" name="CMT01B_variant_4_is_produced_correctly"/>
    <testcase time="0.287999999999997" classname="table_cmt01b" name="CMT01B_variant_4_is_produced_correctly"/>
  </testsuite>
  <testsuite name="table_cmt02_pt" timestamp="2024-11-06T20:18:40Z" hostname="1c176f3756ce" tests="2" skipped="0" failures="0" errors="0" time="0.279">
    <testcase time="0.194000000000003" classname="table_cmt02_pt" name="CMT02_PT_default_variant_is_produced_correctly"/>
    <testcase time="0.0849999999999937" classname="table_cmt02_pt" name="CMT02_PT_default_variant_is_produced_correctly"/>
  </testsuite>
  <testsuite name="table_coxt01" timestamp="2024-11-06T20:18:40Z" hostname="1c176f3756ce" tests="8" skipped="0" failures="0" errors="0" time="1.683">
    <testcase time="0.26100000000001" classname="table_coxt01" name="1._Cox_Regression"/>
    <testcase time="0.0720000000000027" classname="table_coxt01" name="1._Cox_Regression"/>
    <testcase time="0.336999999999989" classname="table_coxt01" name="2._Cox_Regression_with_Interaction_Term_"/>
    <testcase time="0.106000000000009" classname="table_coxt01" name="2._Cox_Regression_with_Interaction_Term_"/>
    <testcase time="0.344999999999999" classname="table_coxt01" name="3._Cox_Regression_specifying_covariates_"/>
    <testcase time="0.105999999999995" classname="table_coxt01" name="3._Cox_Regression_specifying_covariates_"/>
    <testcase time="0.350000000000009" classname="table_coxt01" name="4._Cox_Regression_setting_strata_ties_and_alpha_level_"/>
    <testcase time="0.105999999999995" classname="table_coxt01" name="4._Cox_Regression_setting_strata_ties_and_alpha_level_"/>
  </testsuite>
  <testsuite name="table_coxt02" timestamp="2024-11-06T20:18:42Z" hostname="1c176f3756ce" tests="4" skipped="0" failures="0" errors="0" time="0.644">
    <testcase time="0.260000000000005" classname="table_coxt02" name="COXT02_default_variant_1_is_produced_correctly"/>
    <testcase time="0.0749999999999886" classname="table_coxt02" name="COXT02_default_variant_1_is_produced_correctly"/>
    <testcase time="0.242000000000004" classname="table_coxt02" name="COXT02_variant_5_is_produced_correctly"/>
    <testcase time="0.0670000000000073" classname="table_coxt02" name="COXT02_variant_5_is_produced_correctly"/>
  </testsuite>
  <testsuite name="table_disclosures" timestamp="2024-11-06T20:18:43Z" hostname="1c176f3756ce" tests="12" skipped="0" failures="0" errors="0" time="1.847">
    <testcase time="0.171999999999997" classname="table_disclosures" name="Patient_Disposition_table_is_produced_correctly"/>
    <testcase time="0.0879999999999939" classname="table_disclosures" name="Patient_Disposition_table_is_produced_correctly"/>
    <testcase time="0.192000000000007" classname="table_disclosures" name="Demographic_table_is_produced_correctly"/>
    <testcase time="0.141999999999996" classname="table_disclosures" name="Demographic_table_is_produced_correctly"/>
    <testcase time="0.0930000000000035" classname="table_disclosures" name="Enrollment_by_Country_Table_is_produced_correctly"/>
    <testcase time="0.0889999999999986" classname="table_disclosures" name="Enrollment_by_Country_Table_is_produced_correctly"/>
    <testcase time="0.0739999999999981" classname="table_disclosures" name="Death_table_is_produced_correctly"/>
    <testcase time="0.0879999999999939" classname="table_disclosures" name="Death_table_is_produced_correctly"/>
    <testcase time="0.302000000000007" classname="table_disclosures" name="Table_of_Serious_Adverse_Events_is_produced_correctly_for_one_specific_treatment_arm_"/>
    <testcase time="0.0889999999999986" classname="table_disclosures" name="Table_of_Serious_Adverse_Events_is_produced_correctly_for_one_specific_treatment_arm_"/>
    <testcase time="0.382999999999996" classname="table_disclosures" name="Table_of_Non_Serious_Adverse_Events_is_produced_correctly"/>
    <testcase time="0.135000000000005" classname="table_disclosures" name="Table_of_Non_Serious_Adverse_Events_is_produced_correctly"/>
  </testsuite>
  <testsuite name="table_dmt01" timestamp="2024-11-06T20:18:46Z" hostname="1c176f3756ce" tests="10" skipped="0" failures="0" errors="0" time="2.678">
    <testcase time="1.12599999999999" classname="table_dmt01" name="DMT01_variant_1_is_produced_correctly"/>
    <testcase time="0.168000000000006" classname="table_dmt01" name="DMT01_variant_1_is_produced_correctly"/>
    <testcase time="0.207999999999998" classname="table_dmt01" name="DMT01_variant_2_is_produced_correctly"/>
    <testcase time="0.156000000000006" classname="table_dmt01" name="DMT01_variant_2_is_produced_correctly"/>
    <testcase time="0.23899999999999" classname="table_dmt01" name="DMT01_variant_3_is_produced_correctly"/>
    <testcase time="0.170000000000002" classname="table_dmt01" name="DMT01_variant_3_is_produced_correctly"/>
    <testcase time="0.185000000000002" classname="table_dmt01" name="DMT01_variant_4_is_produced_correctly"/>
    <testcase time="0.137" classname="table_dmt01" name="DMT01_variant_4_is_produced_correctly"/>
    <testcase time="0.161000000000001" classname="table_dmt01" name="DMT01_variant_5_is_produced_correctly"/>
    <testcase time="0.128" classname="table_dmt01" name="DMT01_variant_5_is_produced_correctly"/>
  </testsuite>
  <testsuite name="table_dort01" timestamp="2024-11-06T20:18:47Z" hostname="1c176f3756ce" tests="8" skipped="0" failures="0" errors="0" time="1.441">
    <testcase time="0.272999999999996" classname="table_dort01" name="DORT01_variant_1_is_produced_correctly"/>
    <testcase time="0.097999999999999" classname="table_dort01" name="DORT01_variant_1_is_produced_correctly"/>
    <testcase time="0.274000000000001" classname="table_dort01" name="DORT01_variant_2_selecting_sectons_is_produced_correctly"/>
    <testcase time="0.109000000000009" classname="table_dort01" name="DORT01_variant_2_selecting_sectons_is_produced_correctly"/>
    <testcase time="0.244" classname="table_dort01" name="DORT01_variant_3_modifying_conftype_and_alpha_level_is_produced_correctly"/>
    <testcase time="0.097999999999999" classname="table_dort01" name="DORT01_variant_3_modifying_conftype_and_alpha_level_is_produced_correctly"/>
    <testcase time="0.245999999999995" classname="table_dort01" name="DORT01_variant_4_modifying_time_point_for_the_xx_duration_is_produced_correctly"/>
    <testcase time="0.0990000000000038" classname="table_dort01" name="DORT01_variant_4_modifying_time_point_for_the_xx_duration_is_produced_correctly"/>
  </testsuite>
  <testsuite name="table_dst01" timestamp="2024-11-06T20:18:49Z" hostname="1c176f3756ce" tests="6" skipped="0" failures="0" errors="0" time="0.738">
    <testcase time="0.138999999999996" classname="table_dst01" name="DST01_default_variant_is_produced_correctly"/>
    <testcase time="0.0949999999999989" classname="table_dst01" name="DST01_default_variant_is_produced_correctly"/>
    <testcase time="0.209000000000003" classname="table_dst01" name="DST01_variants_2_and_3_are_produced_correctly"/>
    <testcase time="0.100999999999999" classname="table_dst01" name="DST01_variants_2_and_3_are_produced_correctly"/>
    <testcase time="0.070999999999998" classname="table_dst01" name="DST01_variants_2_and_3_are_produced_correctly"/>
    <testcase time="0.12299999999999" classname="table_dst01" name="DST01_variants_2_and_3_are_produced_correctly"/>
  </testsuite>
  <testsuite name="table_dtht01" timestamp="2024-11-06T20:18:50Z" hostname="1c176f3756ce" tests="8" skipped="0" failures="0" errors="0" time="1.129">
    <testcase time="0.111000000000004" classname="table_dtht01" name="DTHT01_variant_1_is_produced_correctly"/>
    <testcase time="0.0769999999999982" classname="table_dtht01" name="DTHT01_variant_1_is_produced_correctly"/>
    <testcase time="0.244" classname="table_dtht01" name="DTHT01_variant_2_is_produced_correctly"/>
    <testcase time="0.158000000000001" classname="table_dtht01" name="DTHT01_variant_2_is_produced_correctly"/>
    <testcase time="0.167000000000002" classname="table_dtht01" name="DTHT01_variant_3_is_produced_correctly"/>
    <testcase time="0.0879999999999939" classname="table_dtht01" name="DTHT01_variant_3_is_produced_correctly"/>
    <testcase time="0.170000000000002" classname="table_dtht01" name="DTHT01_variant_4_is_produced_correctly"/>
    <testcase time="0.114000000000004" classname="table_dtht01" name="DTHT01_variant_4_is_produced_correctly"/>
  </testsuite>
  <testsuite name="table_egt01" timestamp="2024-11-06T20:18:52Z" hostname="1c176f3756ce" tests="2" skipped="0" failures="0" errors="0" time="3.09">
    <testcase time="2.399" classname="table_egt01" name="EGT01_default_variant_is_produced_correctly"/>
    <testcase time="0.690999999999988" classname="table_egt01" name="EGT01_default_variant_is_produced_correctly"/>
  </testsuite>
  <testsuite name="table_egt02" timestamp="2024-11-06T20:18:55Z" hostname="1c176f3756ce" tests="4" skipped="0" failures="0" errors="0" time="1.587">
    <testcase time="1.254" classname="table_egt02" name="_EGT02_1._Regardless_of_Abnormality_at_Baseline"/>
    <testcase time="0.078000000000003" classname="table_egt02" name="_EGT02_1._Regardless_of_Abnormality_at_Baseline"/>
    <testcase time="0.179000000000002" classname="table_egt02" name="_EGT02_2._Among_Subjects_Without_Abnormality_at_Baseline"/>
    <testcase time="0.0759999999999934" classname="table_egt02" name="_EGT02_2._Among_Subjects_Without_Abnormality_at_Baseline"/>
  </testsuite>
  <testsuite name="table_egt03" timestamp="2024-11-06T20:18:55Z" hostname="1c176f3756ce" tests="8" skipped="0" failures="0" errors="0" time="1.144">
    <testcase time="0.204999999999998" classname="table_egt03" name="EGT03_variant_1_is_produced_correctly"/>
    <testcase time="0.118000000000009" classname="table_egt03" name="EGT03_variant_1_is_produced_correctly"/>
    <testcase time="0.119" classname="table_egt03" name="EGT03_variant_2_is_produced_correctly"/>
    <testcase time="0.0829999999999984" classname="table_egt03" name="EGT03_variant_2_is_produced_correctly"/>
    <testcase time="0.191999999999993" classname="table_egt03" name="EGT03_variant_3_is_produced_correctly"/>
    <testcase time="0.119" classname="table_egt03" name="EGT03_variant_3_is_produced_correctly"/>
    <testcase time="0.191000000000003" classname="table_egt03" name="EGT03_variant_4_is_produced_correctly"/>
    <testcase time="0.117000000000004" classname="table_egt03" name="EGT03_variant_4_is_produced_correctly"/>
  </testsuite>
  <testsuite name="table_egt04" timestamp="2024-11-06T20:18:58Z" hostname="1c176f3756ce" tests="2" skipped="0" failures="0" errors="0" time="1.558">
    <testcase time="1.45399999999999" classname="table_egt04" name="EGT04_default_variant_is_produced_correctly"/>
    <testcase time="0.103999999999999" classname="table_egt04" name="EGT04_default_variant_is_produced_correctly"/>
  </testsuite>
  <testsuite name="table_egt05_qtcat" timestamp="2024-11-06T20:18:59Z" hostname="1c176f3756ce" tests="2" skipped="0" failures="0" errors="0" time="2.286">
    <testcase time="1.89200000000001" classname="table_egt05_qtcat" name="EGT05_QTCAT_default_variant_is_produced_correctly"/>
    <testcase time="0.393999999999991" classname="table_egt05_qtcat" name="EGT05_QTCAT_default_variant_is_produced_correctly"/>
  </testsuite>
  <testsuite name="table_ent" timestamp="2024-11-06T20:19:00Z" hostname="1c176f3756ce" tests="8" skipped="0" failures="0" errors="0" time="12.378">
    <testcase time="3.014" classname="table_ent" name="ENT01_IT_is_produced_correctly"/>
    <testcase time="0.555999999999997" classname="table_ent" name="ENT01_IT_is_produced_correctly"/>
    <testcase time="2.018" classname="table_ent" name="ENT01a_IT_is_produced_correctly"/>
    <testcase time="0.501000000000005" classname="table_ent" name="ENT01a_IT_is_produced_correctly"/>
    <testcase time="3.12" classname="table_ent" name="ENT02_IT_is_produced_correctly"/>
    <testcase time="0.551000000000002" classname="table_ent" name="ENT02_IT_is_produced_correctly"/>
    <testcase time="2.08999999999999" classname="table_ent" name="ENT02a_IT_is_produced_correctly"/>
    <testcase time="0.528000000000006" classname="table_ent" name="ENT02a_IT_is_produced_correctly"/>
  </testsuite>
  <testsuite name="table_eudrat01" timestamp="2024-11-06T20:19:13Z" hostname="1c176f3756ce" tests="2" skipped="0" failures="0" errors="0" time="0.579">
    <testcase time="0.442999999999998" classname="table_eudrat01" name="EUDRAT01_is_produced_correctly"/>
    <testcase time="0.135999999999996" classname="table_eudrat01" name="EUDRAT01_is_produced_correctly"/>
  </testsuite>
  <testsuite name="table_eudrat02" timestamp="2024-11-06T20:19:13Z" hostname="1c176f3756ce" tests="2" skipped="0" failures="0" errors="0" time="0.44">
    <testcase time="0.347999999999999" classname="table_eudrat02" name="EUDRAT02_is_produced_correctly"/>
    <testcase time="0.092000000000013" classname="table_eudrat02" name="EUDRAT02_is_produced_correctly"/>
  </testsuite>
  <testsuite name="table_ext01" timestamp="2024-11-06T20:19:14Z" hostname="1c176f3756ce" tests="6" skipped="0" failures="0" errors="0" time="1.558">
    <testcase time="0.346000000000004" classname="table_ext01" name="EXT01_default_variant_with_numeric_parameters_is_produced_correctly"/>
    <testcase time="0.189999999999998" classname="table_ext01" name="EXT01_default_variant_with_numeric_parameters_is_produced_correctly"/>
    <testcase time="0.253999999999991" classname="table_ext01" name="EXT01_variant_with_both_numeric_and_categorical_parameters"/>
    <testcase time="0.200999999999993" classname="table_ext01" name="EXT01_variant_with_both_numeric_and_categorical_parameters"/>
    <testcase time="0.308000000000021" classname="table_ext01" name="EXT01_variant_with_user_specified_categories_for_missed_doses"/>
    <testcase time="0.258999999999986" classname="table_ext01" name="EXT01_variant_with_user_specified_categories_for_missed_doses"/>
  </testsuite>
  <testsuite name="table_lbt01" timestamp="2024-11-06T20:19:16Z" hostname="1c176f3756ce" tests="2" skipped="0" failures="0" errors="0" time="1.943">
    <testcase time="1.45500000000001" classname="table_lbt01" name="LBT01_default_variant_is_produced_correctly"/>
    <testcase time="0.488" classname="table_lbt01" name="LBT01_default_variant_is_produced_correctly"/>
  </testsuite>
  <testsuite name="table_lbt02" timestamp="2024-11-06T20:19:17Z" hostname="1c176f3756ce" tests="2" skipped="0" failures="0" errors="0" time="1.331">
    <testcase time="0.84099999999998" classname="table_lbt02" name="LBT02_default_variant_is_produced_correctly"/>
    <testcase time="0.490000000000009" classname="table_lbt02" name="LBT02_default_variant_is_produced_correctly"/>
  </testsuite>
  <testsuite name="table_lbt03" timestamp="2024-11-06T20:19:19Z" hostname="1c176f3756ce" tests="2" skipped="0" failures="1" errors="0" time="0.3">
    <testcase time="0.194999999999993" classname="table_lbt03" name="LBT03_default_variant_is_produced_correctly"/>
    <testcase time="0.105000000000018" classname="table_lbt03" name="LBT03_default_variant_is_produced_correctly">
      <failure type="failure" message="Snapshot of code has changed: ('test-table_lbt03.R:29:3')">Snapshot of code has changed:
old[5:14] vs new[5:14]
                      (N=86)              (N=84)                (N=84)       
    —————————————————————————————————————————————————————————————————————————
    Baseline                                                                 
-     n                 86                  84                    82         
+     n                 0                   0                      0         
-     Mean (SD)    17.57 (9.22)       19.20 (10.05)          17.96 (8.72)    
+     Mean (SD)         NA                  NA                    NA         
-     Median          15.00               16.00                  17.00       
+     Median            NA                  NA                    NA         
-     Min - Max    7.00 - 69.00        6.00 - 64.00          5.00 - 70.00    
+     Min - Max         NA                  NA                    NA         
    Week 2                                                                   
      n                 83                  78                    80         
      Mean (SD)    0.29 (7.80)         1.72 (6.85)            2.78 (7.03)    

* Run `testthat::snapshot_accept('table_lbt03')` to accept the change.
* Run `testthat::snapshot_review('table_lbt03')` to interactively review the change.</failure>
    </testcase>
  </testsuite>
  <testsuite name="table_lbt04" timestamp="2024-11-06T20:19:19Z" hostname="1c176f3756ce" tests="2" skipped="0" failures="0" errors="0" time="1.256">
    <testcase time="1.054" classname="table_lbt04" name="LBT04_default_variant_is_produced_correctly"/>
    <testcase time="0.201999999999998" classname="table_lbt04" name="LBT04_default_variant_is_produced_correctly"/>
  </testsuite>
  <testsuite name="table_lbt05" timestamp="2024-11-06T20:19:21Z" hostname="1c176f3756ce" tests="6" skipped="0" failures="0" errors="0" time="6.53">
    <testcase time="2.07899999999998" classname="table_lbt05" name="LBT05_variant_1_is_produced_correctly"/>
    <testcase time="0.409999999999997" classname="table_lbt05" name="LBT05_variant_1_is_produced_correctly"/>
    <testcase time="1.43400000000003" classname="table_lbt05" name="LBT05_variant_2_is_produced_correctly"/>
    <testcase time="0.513999999999982" classname="table_lbt05" name="LBT05_variant_2_is_produced_correctly"/>
    <testcase time="1.73500000000001" classname="table_lbt05" name="LBT05_variant_4_is_produced_correctly"/>
    <testcase time="0.358000000000004" classname="table_lbt05" name="LBT05_variant_4_is_produced_correctly"/>
  </testsuite>
  <testsuite name="table_lbt06" timestamp="2024-11-06T20:19:27Z" hostname="1c176f3756ce" tests="2" skipped="0" failures="0" errors="0" time="0.763">
    <testcase time="0.60899999999998" classname="table_lbt06" name="LBT06_default_variant_is_produced_correctly"/>
    <testcase time="0.153999999999996" classname="table_lbt06" name="LBT06_default_variant_is_produced_correctly"/>
  </testsuite>
  <testsuite name="table_lbt07" timestamp="2024-11-06T20:19:28Z" hostname="1c176f3756ce" tests="2" skipped="0" failures="0" errors="0" time="2.193">
    <testcase time="1.90700000000001" classname="table_lbt07" name="LBT07_is_produced_correctly"/>
    <testcase time="0.286000000000001" classname="table_lbt07" name="LBT07_is_produced_correctly"/>
  </testsuite>
  <testsuite name="table_lbt08" timestamp="2024-11-06T20:19:30Z" hostname="1c176f3756ce" tests="2" skipped="0" failures="0" errors="0" time="0.363">
    <testcase time="0.244" classname="table_lbt08" name="LBT08_produce_correctly"/>
    <testcase time="0.119" classname="table_lbt08" name="LBT08_produce_correctly"/>
  </testsuite>
  <testsuite name="table_lbt09" timestamp="2024-11-06T20:19:30Z" hostname="1c176f3756ce" tests="4" skipped="0" failures="0" errors="0" time="0.883">
    <testcase time="0.299000000000007" classname="table_lbt09" name="LBT09_variant_1_works_as_expected"/>
    <testcase time="0.151999999999987" classname="table_lbt09" name="LBT09_variant_1_works_as_expected"/>
    <testcase time="0.271000000000015" classname="table_lbt09" name="LBT09_variant_2_works_as_expected"/>
    <testcase time="0.161000000000001" classname="table_lbt09" name="LBT09_variant_2_works_as_expected"/>
  </testsuite>
  <testsuite name="table_lbt10" timestamp="2024-11-06T20:19:31Z" hostname="1c176f3756ce" tests="4" skipped="0" failures="0" errors="0" time="1.141">
    <testcase time="0.640999999999991" classname="table_lbt10" name="LBT10_variant_1_works_as_expected"/>
    <testcase time="0.0769999999999982" classname="table_lbt10" name="LBT10_variant_1_works_as_expected"/>
    <testcase time="0.365000000000009" classname="table_lbt10" name="LBT10_variant_2_works_as_expected"/>
    <testcase time="0.0579999999999927" classname="table_lbt10" name="LBT10_variant_2_works_as_expected"/>
  </testsuite>
  <testsuite name="table_lbt10_bl" timestamp="2024-11-06T20:19:32Z" hostname="1c176f3756ce" tests="4" skipped="0" failures="0" errors="0" time="0.474">
    <testcase time="0.227000000000004" classname="table_lbt10_bl" name="LBT10_BL_variant_1_works_as_expected"/>
    <testcase time="0.0699999999999932" classname="table_lbt10_bl" name="LBT10_BL_variant_1_works_as_expected"/>
    <testcase time="0.119" classname="table_lbt10_bl" name="LBT10_BL_variant_2_works_as_expected"/>
    <testcase time="0.0579999999999927" classname="table_lbt10_bl" name="LBT10_BL_variant_2_works_as_expected"/>
  </testsuite>
  <testsuite name="table_lbt11" timestamp="2024-11-06T20:19:32Z" hostname="1c176f3756ce" tests="6" skipped="0" failures="0" errors="0" time="0.684">
    <testcase time="0.176000000000016" classname="table_lbt11" name="LBT11_variant_1_works_as_expected"/>
    <testcase time="0.0909999999999798" classname="table_lbt11" name="LBT11_variant_1_works_as_expected"/>
    <testcase time="0.0830000000000268" classname="table_lbt11" name="LBT11_variant_2_works_as_expected"/>
    <testcase time="0.0869999999999891" classname="table_lbt11" name="LBT11_variant_2_works_as_expected"/>
    <testcase time="0.140999999999991" classname="table_lbt11" name="LBT11_variant_3_works_as_expected"/>
    <testcase time="0.105999999999995" classname="table_lbt11" name="LBT11_variant_3_works_as_expected"/>
  </testsuite>
  <testsuite name="table_lbt11_bl" timestamp="2024-11-06T20:19:33Z" hostname="1c176f3756ce" tests="6" skipped="0" failures="0" errors="0" time="0.805">
    <testcase time="0.219000000000023" classname="table_lbt11_bl" name="LBT11_BL_variant_1_works_as_expected"/>
    <testcase time="0.0949999999999989" classname="table_lbt11_bl" name="LBT11_BL_variant_1_works_as_expected"/>
    <testcase time="0.10899999999998" classname="table_lbt11_bl" name="LBT11_BL_variant_2_works_as_expected"/>
    <testcase time="0.0790000000000077" classname="table_lbt11_bl" name="LBT11_BL_variant_2_works_as_expected"/>
    <testcase time="0.193999999999988" classname="table_lbt11_bl" name="LBT11_BL_variant_3_works_as_expected"/>
    <testcase time="0.109000000000009" classname="table_lbt11_bl" name="LBT11_BL_variant_3_works_as_expected"/>
  </testsuite>
  <testsuite name="table_lbt12" timestamp="2024-11-06T20:19:34Z" hostname="1c176f3756ce" tests="2" skipped="0" failures="0" errors="0" time="0.364">
    <testcase time="0.282000000000011" classname="table_lbt12" name="LBT12_works_as_expected"/>
    <testcase time="0.0819999999999936" classname="table_lbt12" name="LBT12_works_as_expected"/>
  </testsuite>
  <testsuite name="table_lbt12_bl" timestamp="2024-11-06T20:19:34Z" hostname="1c176f3756ce" tests="2" skipped="0" failures="0" errors="0" time="0.356">
    <testcase time="0.27000000000001" classname="table_lbt12_bl" name="LBT12_BL_works_as_expected"/>
    <testcase time="0.0859999999999843" classname="table_lbt12_bl" name="LBT12_BL_works_as_expected"/>
  </testsuite>
  <testsuite name="table_lbt13" timestamp="2024-11-06T20:19:35Z" hostname="1c176f3756ce" tests="10" skipped="0" failures="0" errors="0" time="2.222">
    <testcase time="0.754999999999995" classname="table_lbt13" name="LBT13_variant_1_LOW_works_as_expected"/>
    <testcase time="0.0980000000000132" classname="table_lbt13" name="LBT13_variant_1_LOW_works_as_expected"/>
    <testcase time="0.139999999999986" classname="table_lbt13" name="LBT13_variant_2_HIGH_works_as_expected"/>
    <testcase time="0.0760000000000218" classname="table_lbt13" name="LBT13_variant_2_HIGH_works_as_expected"/>
    <testcase time="0.222999999999985" classname="table_lbt13" name="LBT13_variant_3_LOW_without_baseline_missing_works_as_expected"/>
    <testcase time="0.100999999999999" classname="table_lbt13" name="LBT13_variant_3_LOW_without_baseline_missing_works_as_expected"/>
    <testcase time="0.135999999999996" classname="table_lbt13" name="LBT13_variant_4_HIGH_with_missing_baseline_considered_as_grade_0_works_as_expected"/>
    <testcase time="0.0640000000000214" classname="table_lbt13" name="LBT13_variant_4_HIGH_with_missing_baseline_considered_as_grade_0_works_as_expected"/>
    <testcase time="0.411999999999978" classname="table_lbt13" name="LBT14_variant_5_HIGH_with_filled_in_grades_works_as_expected"/>
    <testcase time="0.217000000000013" classname="table_lbt13" name="LBT14_variant_5_HIGH_with_filled_in_grades_works_as_expected"/>
  </testsuite>
  <testsuite name="table_lbt14" timestamp="2024-11-06T20:19:37Z" hostname="1c176f3756ce" tests="10" skipped="0" failures="0" errors="0" time="27.642">
    <testcase time="5.54399999999998" classname="table_lbt14" name="LBT14_variant_1_HIGH_works_as_expected"/>
    <testcase time="0.454000000000008" classname="table_lbt14" name="LBT14_variant_1_HIGH_works_as_expected"/>
    <testcase time="4.93100000000001" classname="table_lbt14" name="LBT14_variant_2_LOW_works_as_expected"/>
    <testcase time="0.308999999999997" classname="table_lbt14" name="LBT14_variant_2_LOW_works_as_expected"/>
    <testcase time="3.233" classname="table_lbt14" name="LBT14_variant_3_LOW_without_baseline_missing_works_as_expected"/>
    <testcase time="0.405000000000001" classname="table_lbt14" name="LBT14_variant_3_LOW_without_baseline_missing_works_as_expected"/>
    <testcase time="4.73699999999999" classname="table_lbt14" name="LBT14_variant_4_LOW_and_force_1_missing_both_baseline_and_post_baseline_then_force_the_missing_baseline_as_0_as_expected"/>
    <testcase time="0.260999999999996" classname="table_lbt14" name="LBT14_variant_4_LOW_and_force_1_missing_both_baseline_and_post_baseline_then_force_the_missing_baseline_as_0_as_expected"/>
    <testcase time="5.267" classname="table_lbt14" name="LBT14_variant_5_HIGH_with_fillings_works_as_expected"/>
    <testcase time="2.501" classname="table_lbt14" name="LBT14_variant_5_HIGH_with_fillings_works_as_expected"/>
  </testsuite>
  <testsuite name="table_lbt15" timestamp="2024-11-06T20:20:05Z" hostname="1c176f3756ce" tests="4" skipped="0" failures="0" errors="0" time="1.446">
    <testcase time="0.567000000000007" classname="table_lbt15" name="LBT15_variant_1_works_as_expected"/>
    <testcase time="0.187999999999988" classname="table_lbt15" name="LBT15_variant_1_works_as_expected"/>
    <testcase time="0.47999999999999" classname="table_lbt15" name="LBT15_variant_2_works_as_expected"/>
    <testcase time="0.211000000000013" classname="table_lbt15" name="LBT15_variant_2_works_as_expected"/>
  </testsuite>
  <testsuite name="table_lgrt02" timestamp="2024-11-06T20:20:06Z" hostname="1c176f3756ce" tests="8" skipped="0" failures="0" errors="0" time="2.662">
    <testcase time="0.495000000000005" classname="table_lgrt02" name="LGRT02_without_interaction_term_is_produced_correctly"/>
    <testcase time="0.134999999999991" classname="table_lgrt02" name="LGRT02_without_interaction_term_is_produced_correctly"/>
    <testcase time="0.542000000000002" classname="table_lgrt02" name="LGRT02_with_categorical_interaction_is_produced_correctly"/>
    <testcase time="0.174000000000007" classname="table_lgrt02" name="LGRT02_with_categorical_interaction_is_produced_correctly"/>
    <testcase time="0.536999999999978" classname="table_lgrt02" name="LGRT02_with_continuous_interaction_is_produced_correctly"/>
    <testcase time="0.172000000000025" classname="table_lgrt02" name="LGRT02_with_continuous_interaction_is_produced_correctly"/>
    <testcase time="0.472999999999985" classname="table_lgrt02" name="LGRT02_with_setting_values_indicating_an_event_and_custom_alpha_level_is_produced_correctly"/>
    <testcase time="0.134000000000015" classname="table_lgrt02" name="LGRT02_with_setting_values_indicating_an_event_and_custom_alpha_level_is_produced_correctly"/>
  </testsuite>
  <testsuite name="table_mht01" timestamp="2024-11-06T20:20:09Z" hostname="1c176f3756ce" tests="8" skipped="0" failures="0" errors="0" time="1.432">
    <testcase time="0.293999999999983" classname="table_mht01" name="MHT01_variant_1_is_produced_accurately"/>
    <testcase time="0.135000000000019" classname="table_mht01" name="MHT01_variant_1_is_produced_accurately"/>
    <testcase time="0.0959999999999752" classname="table_mht01" name="MHT01_variant_2_is_produced_accurately"/>
    <testcase time="0.0680000000000121" classname="table_mht01" name="MHT01_variant_2_is_produced_accurately"/>
    <testcase time="0.24799999999999" classname="table_mht01" name="MHT01_variant_3_is_produced_accurately"/>
    <testcase time="0.123000000000019" classname="table_mht01" name="MHT01_variant_3_is_produced_accurately"/>
    <testcase time="0.316000000000003" classname="table_mht01" name="MHT01_variant_5_is_produced_accurately"/>
    <testcase time="0.151999999999987" classname="table_mht01" name="MHT01_variant_5_is_produced_accurately"/>
  </testsuite>
  <testsuite name="table_onct05" timestamp="2024-11-06T20:20:10Z" hostname="1c176f3756ce" tests="8" skipped="0" failures="0" errors="0" time="1.913">
    <testcase time="0.414999999999992" classname="table_onct05" name="ONCT05_variant_1_Objective_Response_Rate_by_Subgroup_is_produced_correctly"/>
    <testcase time="0.117999999999995" classname="table_onct05" name="ONCT05_variant_1_Objective_Response_Rate_by_Subgroup_is_produced_correctly"/>
    <testcase time="0.428000000000026" classname="table_onct05" name="ONCT05_variant_2_Specifying_class_variables_is_produced_correctly"/>
    <testcase time="0.12299999999999" classname="table_onct05" name="ONCT05_variant_2_Specifying_class_variables_is_produced_correctly"/>
    <testcase time="0.199999999999989" classname="table_onct05" name="ONCT05_variant_3_selecting_columns_and_changing_the_alpha_level_is_produced_correctly"/>
    <testcase time="0.0790000000000077" classname="table_onct05" name="ONCT05_variant_3_selecting_columns_and_changing_the_alpha_level_is_produced_correctly"/>
    <testcase time="0.442000000000007" classname="table_onct05" name="ONCT05_variant_4_setting_values_indicating_response_is_produced_correctly"/>
    <testcase time="0.108000000000004" classname="table_onct05" name="ONCT05_variant_4_setting_values_indicating_response_is_produced_correctly"/>
  </testsuite>
  <testsuite name="table_pdt01" timestamp="2024-11-06T20:20:12Z" hostname="1c176f3756ce" tests="2" skipped="0" failures="0" errors="0" time="0.405">
    <testcase time="0.25" classname="table_pdt01" name="PDT01_is_produced_correctly"/>
    <testcase time="0.155000000000001" classname="table_pdt01" name="PDT01_is_produced_correctly"/>
  </testsuite>
  <testsuite name="table_pdt02" timestamp="2024-11-06T20:20:12Z" hostname="1c176f3756ce" tests="2" skipped="0" failures="0" errors="0" time="0.216">
    <testcase time="0.143000000000001" classname="table_pdt02" name="PDT02_is_produced_correctly"/>
    <testcase time="0.0730000000000075" classname="table_pdt02" name="PDT02_is_produced_correctly"/>
  </testsuite>
  <testsuite name="table_pkct01" timestamp="2024-11-06T20:20:13Z" hostname="1c176f3756ce" tests="10" skipped="0" failures="0" errors="0" time="2.988">
    <testcase time="0.260999999999996" classname="table_pkct01" name="PKCT01_is_produced_correctly"/>
    <testcase time="0.085000000000008" classname="table_pkct01" name="PKCT01_is_produced_correctly"/>
    <testcase time="0.12700000000001" classname="table_pkct01" name="PKCT01_is_produced_correctly"/>
    <testcase time="0.054000000000002" classname="table_pkct01" name="PKCT01_is_produced_correctly"/>
    <testcase time="0.850999999999999" classname="table_pkct01" name="Specific_PKCT01_features_are_present"/>
    <testcase time="0.211999999999989" classname="table_pkct01" name="Specific_PKCT01_features_are_present"/>
    <testcase time="0.193999999999988" classname="table_pkct01" name="Specific_PKCT01_features_are_present"/>
    <testcase time="0.00200000000000955" classname="table_pkct01" name="Specific_PKCT01_features_are_present"/>
    <testcase time="0.664999999999992" classname="table_pkct01" name="Specific_PKCT01_features_are_present"/>
    <testcase time="0.537000000000006" classname="table_pkct01" name="Specific_PKCT01_features_are_present"/>
  </testsuite>
  <testsuite name="table_pkpt02" timestamp="2024-11-06T20:20:16Z" hostname="1c176f3756ce" tests="2" skipped="0" failures="0" errors="0" time="0.514">
    <testcase time="0.290999999999997" classname="table_pkpt02" name="PKPT02_is_produced_correctly_for_Drug_X"/>
    <testcase time="0.223000000000013" classname="table_pkpt02" name="PKPT02_is_produced_correctly_for_Drug_X"/>
  </testsuite>
  <testsuite name="table_pkpt03" timestamp="2024-11-06T20:20:16Z" hostname="1c176f3756ce" tests="2" skipped="0" failures="0" errors="0" time="1.049">
    <testcase time="0.856999999999999" classname="table_pkpt03" name="PKPT03_Drug_X_is_produced_correctly"/>
    <testcase time="0.191999999999979" classname="table_pkpt03" name="PKPT03_Drug_X_is_produced_correctly"/>
  </testsuite>
  <testsuite name="table_pkpt04" timestamp="2024-11-06T20:20:17Z" hostname="1c176f3756ce" tests="2" skipped="0" failures="0" errors="0" time="0.196">
    <testcase time="0.0949999999999989" classname="table_pkpt04" name="PKPT04_is_produced_correctly_for_Drug_X"/>
    <testcase time="0.100999999999999" classname="table_pkpt04" name="PKPT04_is_produced_correctly_for_Drug_X"/>
  </testsuite>
  <testsuite name="table_pkpt05" timestamp="2024-11-06T20:20:17Z" hostname="1c176f3756ce" tests="2" skipped="0" failures="0" errors="0" time="0.389">
    <testcase time="0.281000000000006" classname="table_pkpt05" name="PKPT05_Drug_X_is_produced_correctly"/>
    <testcase time="0.108000000000004" classname="table_pkpt05" name="PKPT05_Drug_X_is_produced_correctly"/>
  </testsuite>
  <testsuite name="table_pkpt06" timestamp="2024-11-06T20:20:18Z" hostname="1c176f3756ce" tests="4" skipped="0" failures="0" errors="0" time="0.267">
    <testcase time="0.0840000000000032" classname="table_pkpt06" name="PKPT06_is_produced_correctly_for_Drug_X"/>
    <testcase time="0.0629999999999882" classname="table_pkpt06" name="PKPT06_is_produced_correctly_for_Drug_X"/>
    <testcase time="0.0660000000000025" classname="table_pkpt06" name="PKPT06_is_produced_correctly_for_Drug_Y"/>
    <testcase time="0.054000000000002" classname="table_pkpt06" name="PKPT06_is_produced_correctly_for_Drug_Y"/>
  </testsuite>
  <testsuite name="table_pkpt07" timestamp="2024-11-06T20:20:18Z" hostname="1c176f3756ce" tests="4" skipped="0" failures="0" errors="0" time="0.52">
    <testcase time="0.213999999999999" classname="table_pkpt07" name="PKPT07_Drug_X_is_produced_correctly"/>
    <testcase time="0.092000000000013" classname="table_pkpt07" name="PKPT07_Drug_X_is_produced_correctly"/>
    <testcase time="0.11099999999999" classname="table_pkpt07" name="PKPT07_Drug_Y_is_produced_correctly"/>
    <testcase time="0.103000000000009" classname="table_pkpt07" name="PKPT07_Drug_Y_is_produced_correctly"/>
  </testsuite>
  <testsuite name="table_ratet01" timestamp="2024-11-06T20:20:19Z" hostname="1c176f3756ce" tests="2" skipped="0" failures="0" errors="0" time="0.666">
    <testcase time="0.530000000000001" classname="table_ratet01" name="RATET01_is_produced_correctly"/>
    <testcase time="0.135999999999996" classname="table_ratet01" name="RATET01_is_produced_correctly"/>
  </testsuite>
  <testsuite name="table_rmpt01" timestamp="2024-11-06T20:20:19Z" hostname="1c176f3756ce" tests="2" skipped="0" failures="0" errors="0" time="0.187">
    <testcase time="0.129999999999995" classname="table_rmpt01" name="RMPT01_is_produced_correctly"/>
    <testcase time="0.0570000000000164" classname="table_rmpt01" name="RMPT01_is_produced_correctly"/>
  </testsuite>
  <testsuite name="table_rmpt03" timestamp="2024-11-06T20:20:19Z" hostname="1c176f3756ce" tests="4" skipped="0" failures="0" errors="0" time="0.54">
    <testcase time="0.207999999999998" classname="table_rmpt03" name="RMPT03_variant_1_is_produced_correctly"/>
    <testcase time="0.0829999999999984" classname="table_rmpt03" name="RMPT03_variant_1_is_produced_correctly"/>
    <testcase time="0.163999999999987" classname="table_rmpt03" name="RMPT03_variant_2_is_produced_correctly"/>
    <testcase time="0.085000000000008" classname="table_rmpt03" name="RMPT03_variant_2_is_produced_correctly"/>
  </testsuite>
  <testsuite name="table_rmpt04" timestamp="2024-11-06T20:20:20Z" hostname="1c176f3756ce" tests="2" skipped="0" failures="0" errors="0" time="0.202">
    <testcase time="0.143000000000001" classname="table_rmpt04" name="RMPT04_variant_1_is_produced_correctly"/>
    <testcase time="0.0589999999999975" classname="table_rmpt04" name="RMPT04_variant_1_is_produced_correctly"/>
  </testsuite>
  <testsuite name="table_rmpt05" timestamp="2024-11-06T20:20:20Z" hostname="1c176f3756ce" tests="2" skipped="0" failures="0" errors="0" time="0.22">
    <testcase time="0.141999999999996" classname="table_rmpt05" name="RMPT05_is_produced_correctly"/>
    <testcase time="0.078000000000003" classname="table_rmpt05" name="RMPT05_is_produced_correctly"/>
  </testsuite>
  <testsuite name="table_rmpt06" timestamp="2024-11-06T20:20:20Z" hostname="1c176f3756ce" tests="8" skipped="0" failures="0" errors="0" time="1.493">
    <testcase time="0.310000000000002" classname="table_rmpt06" name="RMPT06_variant_1_is_produced_correctly"/>
    <testcase time="0.103000000000009" classname="table_rmpt06" name="RMPT06_variant_1_is_produced_correctly"/>
    <testcase time="0.204999999999984" classname="table_rmpt06" name="RMPT06_variant_2_is_produced_correctly"/>
    <testcase time="0.0810000000000173" classname="table_rmpt06" name="RMPT06_variant_2_is_produced_correctly"/>
    <testcase time="0.275999999999982" classname="table_rmpt06" name="RMPT06_variant_3_is_produced_correctly"/>
    <testcase time="0.12700000000001" classname="table_rmpt06" name="RMPT06_variant_3_is_produced_correctly"/>
    <testcase time="0.280000000000001" classname="table_rmpt06" name="RMPT06_variant_4_is_produced_correctly"/>
    <testcase time="0.11099999999999" classname="table_rmpt06" name="RMPT06_variant_4_is_produced_correctly"/>
  </testsuite>
  <testsuite name="table_rspt01" timestamp="2024-11-06T20:20:22Z" hostname="1c176f3756ce" tests="12" skipped="0" failures="0" errors="0" time="2.298">
    <testcase time="0.26400000000001" classname="table_rspt01" name="RSPT01_1._Best_Overall_Response"/>
    <testcase time="0.12299999999999" classname="table_rspt01" name="RSPT01_1._Best_Overall_Response"/>
    <testcase time="0.239000000000004" classname="table_rspt01" name="RSPT01_2._Best_Overall_Response_selecting_sections_to_display_"/>
    <testcase time="0.102000000000004" classname="table_rspt01" name="RSPT01_2._Best_Overall_Response_selecting_sections_to_display_"/>
    <testcase time="0.296999999999997" classname="table_rspt01" name="RSPT01_3._Best_Overall_Response_modifying_settings_"/>
    <testcase time="0.120000000000005" classname="table_rspt01" name="RSPT01_3._Best_Overall_Response_modifying_settings_"/>
    <testcase time="0.343999999999994" classname="table_rspt01" name="RSPT01_4._Best_Overall_Response_with_stratified_analysis_"/>
    <testcase time="0.123999999999995" classname="table_rspt01" name="RSPT01_4._Best_Overall_Response_with_stratified_analysis_"/>
    <testcase time="0.257000000000005" classname="table_rspt01" name="RSPT01_5._Best_Overall_Response_modifying_the_definition_of_overall_response_"/>
    <testcase time="0.125" classname="table_rspt01" name="RSPT01_5._Best_Overall_Response_modifying_the_definition_of_overall_response_"/>
    <testcase time="0.204000000000008" classname="table_rspt01" name="RSPT01_6._Best_Overall_Response_define_new_sections_to_display_"/>
    <testcase time="0.0989999999999895" classname="table_rspt01" name="RSPT01_6._Best_Overall_Response_define_new_sections_to_display_"/>
  </testsuite>
  <testsuite name="table_ttet01" timestamp="2024-11-06T20:20:24Z" hostname="1c176f3756ce" tests="14" skipped="0" failures="0" errors="0" time="3.339">
    <testcase time="0.393000000000001" classname="table_ttet01" name="TTET01_default_variant_is_produced_correctly"/>
    <testcase time="0.176000000000016" classname="table_ttet01" name="TTET01_default_variant_is_produced_correctly"/>
    <testcase time="0.369999999999976" classname="table_ttet01" name="TTET01_default_variant_with_Placebo_arm"/>
    <testcase time="0.176000000000016" classname="table_ttet01" name="TTET01_default_variant_with_Placebo_arm"/>
    <testcase time="0.206999999999994" classname="table_ttet01" name="TTET01_variant_2_selecting_sections_to_display"/>
    <testcase time="0.114000000000004" classname="table_ttet01" name="TTET01_variant_2_selecting_sections_to_display"/>
    <testcase time="0.294999999999987" classname="table_ttet01" name="TTET01_variant_3_modifying_analysis_details_like_conftype_ties_alpha_level"/>
    <testcase time="0.152000000000015" classname="table_ttet01" name="TTET01_variant_3_modifying_analysis_details_like_conftype_ties_alpha_level"/>
    <testcase time="0.34099999999998" classname="table_ttet01" name="TTET01_variant_4_with_stratified_analysis"/>
    <testcase time="0.166000000000025" classname="table_ttet01" name="TTET01_variant_4_with_stratified_analysis"/>
    <testcase time="0.298000000000002" classname="table_ttet01" name="TTET01_variant_5_modifying_time_point"/>
    <testcase time="0.131999999999977" classname="table_ttet01" name="TTET01_variant_5_modifying_time_point"/>
    <testcase time="0.381" classname="table_ttet01" name="TTET01_variant_6_requesting_more_than_one_p_value"/>
    <testcase time="0.138000000000005" classname="table_ttet01" name="TTET01_variant_6_requesting_more_than_one_p_value"/>
  </testsuite>
  <testsuite name="table_vst01" timestamp="2024-11-06T20:20:28Z" hostname="1c176f3756ce" tests="2" skipped="0" failures="1" errors="0" time="2.363">
    <testcase time="1.70099999999999" classname="table_vst01" name="VST01_default_variant_is_produced_correctly"/>
    <testcase time="0.662000000000006" classname="table_vst01" name="VST01_default_variant_is_produced_correctly">
      <failure type="failure" message="Snapshot of code has changed: ('test-table_vst01.R:100:3')">Snapshot of code has changed:
old[7:16] vs new[7:16]
    Analysis Visit              (N=86)           (N=86)           (N=72)           (N=72)           (N=96)           (N=96)    
    ———————————————————————————————————————————————————————————————————————————————————————————————————————————————————————————
    Baseline                                                                                                                   
-     n                          340              255              288              216              384              288      
+     n                          340               0               288               0               384               0       
-     Mean (SD)             77.09 (10.74)     0.00 (0.00)     78.24 (10.29)     0.00 (0.00)      76.62 (9.82)     0.00 (0.00)  
+     Mean (SD)             77.09 (10.74)       NE (NE)       78.24 (10.29)       NE (NE)        76.62 (9.82)       NE (NE)    
-     Median                    77.67             0.00            78.83             0.00            76.67             0.00     
+     Median                    77.67              NE             78.83              NE             76.67              NE      
-     Min - Max             40.00 - 110.00    0.00 - 0.00     51.00 - 108.00    0.00 - 0.00     48.00 - 108.00    0.00 - 0.00  
+     Min - Max             40.00 - 110.00      NE - NE       51.00 - 108.00      NE - NE       48.00 - 108.00      NE - NE    
    Week 2                                                                                                                     
      n                          222              222              168              168              177              177      
      Mean (SD)             74.44 (10.68)     -3.00 (9.00)     76.03 (9.86)    -2.74 (11.34)    75.95 (11.17)     0.11 (10.12) 

old[62:71] vs new[62:71]
      Median                    76.00            -2.00            78.33             0.00            74.00             0.00     
      Min - Max             49.00 - 101.00   -30.00 - 24.00   54.00 - 98.00    -45.00 - 22.00   52.00 - 100.00   -30.00 - 34.00
    Post-Baseline Minimum                                                                                                      
-     n                          1284             963              1111             834              1346             1010     
+     n                          1284              0               1111              0               1346              0       
-     Mean (SD)             76.29 (10.41)     -0.97 (9.19)     77.33 (9.83)     -1.01 (9.23)     76.02 (9.77)     -0.26 (9.30) 
+     Mean (SD)             76.29 (10.41)       NE (NE)        77.33 (9.83)       NE (NE)        76.02 (9.77)       NE (NE)    
-     Median                    78.00             0.00            78.00             0.00            76.00             0.00     
+     Median                    78.00              NE             78.00              NE             76.00              NE      
-     Min - Max             39.00 - 108.00   -28.00 - 49.00   40.00 - 100.00   -43.00 - 32.00   40.00 - 110.00   -34.00 - 46.00
+     Min - Max             39.00 - 108.00      NE - NE       40.00 - 100.00      NE - NE       40.00 - 110.00      NE - NE    
    Post-Baseline Maximum                                                                                                      
      n                           86               84               72               72               96               94      
      Mean (SD)              73.29 (9.96)     -2.42 (9.74)     74.65 (9.36)     -2.26 (9.66)    75.61 (10.28)     -0.97 (9.37) 

old[72:83] vs new[72:83]
      Median                    72.50            -2.00            76.00            -2.00            76.00             0.00     
      Min - Max             50.00 - 99.00    -34.00 - 20.00   56.00 - 94.00    -36.00 - 20.00   45.00 - 100.00   -21.00 - 26.00
    Post-Baseline Last                                                                                                         
-     n                           86               85               72               70               96               92      
+     n                           86               48               72               44               96               46      
-     Mean (SD)              62.58 (8.60)    -13.35 (7.62)     63.62 (8.31)    -14.23 (9.76)     63.68 (9.52)    -11.82 (8.66) 
+     Mean (SD)              62.58 (8.60)    -14.69 (7.67)     63.62 (8.31)    -16.16 (10.06)    63.68 (9.52)    -13.13 (8.46) 
-     Median                    62.00            -13.00           63.00            -13.00           64.00            -10.00    
+     Median                    62.00            -14.00           63.00            -14.00           64.00            -14.00    
-     Min - Max             39.00 - 90.00    -34.00 - 6.00    40.00 - 82.00    -38.00 - 3.00    40.00 - 85.00    -34.00 - 7.00 
+     Min - Max             39.00 - 90.00    -34.00 - 4.00    40.00 - 82.00    -38.00 - 3.00    40.00 - 85.00    -30.00 - 7.00 
    &lt;Missing&gt;                                                                                                                  
-     n                           86               84               72               69               96               94      
+     n                           86               39               72               27               96               43      
-     Mean (SD)              88.32 (9.17)     10.44 (8.74)     88.87 (7.68)     10.06 (8.11)     88.32 (8.21)     11.24 (8.44) 
+     Mean (SD)              88.32 (9.17)     10.28 (6.74)     88.87 (7.68)    10.89 (10.22)     88.32 (8.21)     11.37 (7.80) 
      Median                    88.50             8.00            90.00            10.00            88.00            10.00     
-     Min - Max             58.00 - 117.00   -2.00 - 49.00    62.00 - 102.00   -11.00 - 28.00   70.00 - 118.00   -6.00 - 46.00 
+     Min - Max             58.00 - 117.00   -2.00 - 24.00    62.00 - 102.00   -11.00 - 28.00   70.00 - 118.00   -6.00 - 38.00 

* Run `testthat::snapshot_accept('table_vst01')` to accept the change.
* Run `testthat::snapshot_review('table_vst01')` to interactively review the change.</failure>
    </testcase>
  </testsuite>
  <testsuite name="table_vst02" timestamp="2024-11-06T20:20:31Z" hostname="1c176f3756ce" tests="4" skipped="0" failures="0" errors="0" time="1.461">
    <testcase time="1.024" classname="table_vst02" name="1._Vital_Sign_Abnormalities_Regardless_of_Abnormality_at_Baseline_VST02_1_"/>
    <testcase time="0.103000000000009" classname="table_vst02" name="1._Vital_Sign_Abnormalities_Regardless_of_Abnormality_at_Baseline_VST02_1_"/>
    <testcase time="0.233000000000004" classname="table_vst02" name="2._Vital_Sign_Abnormalities_Among_Subject_Without_Abnormality_at_Baseline_VST02_2_"/>
    <testcase time="0.100999999999999" classname="table_vst02" name="2._Vital_Sign_Abnormalities_Among_Subject_Without_Abnormality_at_Baseline_VST02_2_"/>
  </testsuite>
</testsuites>
