<?xml version="1.0" encoding="UTF-8"?>
<testsuites>
  <testsuite name="listing_adal02" timestamp="2024-10-29T03:36:46Z" hostname="08eced3c4cfd" tests="1" skipped="0" failures="0" errors="0" time="0.276">
    <testcase time="0.276000000000002" classname="listing_adal02" name="ADAL02_listing_is_produced_correctly"/>
  </testsuite>
  <testsuite name="listing_ael01" timestamp="2024-10-29T03:36:46Z" hostname="08eced3c4cfd" tests="1" skipped="0" failures="0" errors="0" time="0.211">
    <testcase time="0.210999999999999" classname="listing_ael01" name="AEL01_listing_is_produced_correctly"/>
  </testsuite>
  <testsuite name="listing_ael01_nollt" timestamp="2024-10-29T03:36:47Z" hostname="08eced3c4cfd" tests="1" skipped="0" failures="0" errors="0" time="0.08">
    <testcase time="0.0800000000000001" classname="listing_ael01_nollt" name="AEL01_NOLLT_listing_is_produced_correctly"/>
  </testsuite>
  <testsuite name="listing_ael02" timestamp="2024-10-29T03:36:47Z" hostname="08eced3c4cfd" tests="1" skipped="0" failures="0" errors="0" time="0.305">
    <testcase time="0.305000000000001" classname="listing_ael02" name="AEL02_listing_is_produced_correctly"/>
  </testsuite>
  <testsuite name="listing_ael02_ed" timestamp="2024-10-29T03:36:47Z" hostname="08eced3c4cfd" tests="1" skipped="0" failures="0" errors="0" time="0.347">
    <testcase time="0.347" classname="listing_ael02_ed" name="AEL02_ED_listing_is_produced_correctly"/>
  </testsuite>
  <testsuite name="listing_ael03" timestamp="2024-10-29T03:36:47Z" hostname="08eced3c4cfd" tests="1" skipped="0" failures="0" errors="0" time="0.289">
    <testcase time="0.289" classname="listing_ael03" name="AEL03_listing_is_produced_correctly"/>
  </testsuite>
  <testsuite name="listing_ael04" timestamp="2024-10-29T03:36:48Z" hostname="08eced3c4cfd" tests="1" skipped="0" failures="0" errors="0" time="0.209">
    <testcase time="0.209" classname="listing_ael04" name="AEL04_listing_is_produced_correctly"/>
  </testsuite>
  <testsuite name="listing_cml01" timestamp="2024-10-29T03:36:48Z" hostname="08eced3c4cfd" tests="1" skipped="0" failures="0" errors="0" time="0.326">
    <testcase time="0.326000000000001" classname="listing_cml01" name="CML01_listing_is_produced_correctly"/>
  </testsuite>
  <testsuite name="listing_cml02a_gl" timestamp="2024-10-29T03:36:48Z" hostname="08eced3c4cfd" tests="1" skipped="0" failures="0" errors="0" time="0.07">
    <testcase time="0.0700000000000003" classname="listing_cml02a_gl" name="CML02A_GL_listing_is_produced_correctly"/>
  </testsuite>
  <testsuite name="listing_cml02b_gl" timestamp="2024-10-29T03:36:48Z" hostname="08eced3c4cfd" tests="1" skipped="0" failures="0" errors="0" time="0.099">
    <testcase time="0.0990000000000002" classname="listing_cml02b_gl" name="CML02B_GL_listing_is_produced_correctly"/>
  </testsuite>
  <testsuite name="listing_dsl01" timestamp="2024-10-29T03:36:48Z" hostname="08eced3c4cfd" tests="1" skipped="0" failures="0" errors="0" time="0.362">
    <testcase time="0.362" classname="listing_dsl01" name="DSL01_listing_is_produced_correctly"/>
  </testsuite>
  <testsuite name="listing_dsl02" timestamp="2024-10-29T03:36:49Z" hostname="08eced3c4cfd" tests="1" skipped="0" failures="0" errors="0" time="0.076">
    <testcase time="0.0759999999999987" classname="listing_dsl02" name="DSL02_listing_is_produced_correctly"/>
  </testsuite>
  <testsuite name="listing_dsur4" timestamp="2024-10-29T03:36:49Z" hostname="08eced3c4cfd" tests="1" skipped="0" failures="0" errors="0" time="0.112">
    <testcase time="0.112" classname="listing_dsur4" name="DSUR4_listing_is_produced_correctly"/>
  </testsuite>
  <testsuite name="listing_egl01" timestamp="2024-10-29T03:36:49Z" hostname="08eced3c4cfd" tests="1" skipped="0" failures="0" errors="0" time="0.291">
    <testcase time="0.291" classname="listing_egl01" name="EGL01_listing_is_produced_correctly"/>
  </testsuite>
  <testsuite name="listing_exl01" timestamp="2024-10-29T03:36:49Z" hostname="08eced3c4cfd" tests="1" skipped="0" failures="0" errors="0" time="0.228">
    <testcase time="0.228" classname="listing_exl01" name="EXL01_listing_is_produced_correctly"/>
  </testsuite>
  <testsuite name="listing_lbl01" timestamp="2024-10-29T03:36:49Z" hostname="08eced3c4cfd" tests="1" skipped="0" failures="0" errors="0" time="0.536">
    <testcase time="0.536" classname="listing_lbl01" name="LBL01_listing_is_produced_correctly"/>
  </testsuite>
  <testsuite name="listing_lbl01_rls" timestamp="2024-10-29T03:36:50Z" hostname="08eced3c4cfd" tests="1" skipped="0" failures="0" errors="0" time="0.534">
    <testcase time="0.534000000000001" classname="listing_lbl01_rls" name="LBL01_RLS_listing_is_produced_correctly"/>
  </testsuite>
  <testsuite name="listing_lbl02a" timestamp="2024-10-29T03:36:51Z" hostname="08eced3c4cfd" tests="1" skipped="0" failures="0" errors="0" time="0.27">
    <testcase time="0.27" classname="listing_lbl02a" name="LBL02A_listing_is_produced_correctly"/>
  </testsuite>
  <testsuite name="listing_lbl02a_rls" timestamp="2024-10-29T03:36:51Z" hostname="08eced3c4cfd" tests="1" skipped="0" failures="1" errors="0" time="0.917">
    <testcase time="0.917" classname="listing_lbl02a_rls" name="LBL02A_RLS_listing_is_produced_correctly">
      <failure type="failure" message="Snapshot of code has changed: ('test-listing_lbl02a_rls.R:79:3')">Snapshot of code has changed:
old[9:15] vs new[9:15]
                                                                     Study   Last Dose of              from       Reference     Reference     Change     Abnormality
    Treatment          Lab Test (Unit)           Center/Patient ID    Day     Study Drug    Result   Baseline       Range         Range     Dec./Inc.       Flag    
    ————————————————————————————————————————————————————————————————————————————————————————————————————————————————————————————————————————————————————————————————
-    Placebo    Alanine Aminotransferase (U/L)       701/1015         -7          0          27.0        0.0     10.0 -  29.0    6 - 34     40% / 40%               
+    Placebo    Alanine Aminotransferase (U/L)       701/1015         -7          0          27.0         NA     10.0 -  29.0    6 - 34     40% / 40%               
                                                                      15          22         41.0       51.9     10.0 -  29.0    6 - 34     40% / 40%        HH     
                                                                      29          14         18.0      -33.3     10.0 -  29.0    6 - 34     40% / 40%               
                                                                      42          13         26.0       -3.7     10.0 -  29.0    6 - 34     40% / 40%               

old[19:32] vs new[19:32]
                                                                      140         14         21.0      -22.2     10.0 -  29.0    6 - 34     40% / 40%               
                                                                      168         28         23.0      -14.8     10.0 -  29.0    6 - 34     40% / 40%               
                                                                      182         14         23.0      -14.8     10.0 -  29.0    6 - 34     40% / 40%               
-                                                    701/1023         -14         0          23.0        0.0     10.0 -  29.0    6 - 43     40% / 40%               
+                                                    701/1023         -14         0          23.0         NA     10.0 -  29.0    6 - 43     40% / 40%               
                                                                      23          37         30.0       30.4     10.0 -  29.0    6 - 43     40% / 40%               
                                                                      29          6          38.0       65.2     10.0 -  29.0    6 - 43     40% / 40%               
-                                                    701/1047         -21         0          22.0        0.0     10.0 -  29.0    6 - 32     40% / 40%               
+                                                    701/1047         -21         0          22.0         NA     10.0 -  29.0    6 - 32     40% / 40%               
                                                                      14          35         16.0      -27.3     10.0 -  29.0    6 - 32     40% / 40%               
                                                                      27          13         20.0       -9.1     10.0 -  29.0    6 - 32     40% / 40%               
                                                                      55          28         17.0      -22.7     10.0 -  29.0    6 - 32     40% / 40%               
-                                                    701/1118         -13         0          15.0        0.0     10.0 -  29.0    6 - 43     40% / 40%               
+                                                    701/1118         -13         0          15.0         NA     10.0 -  29.0    6 - 43     40% / 40%               
                                                                      15          28          7.0      -53.3     10.0 -  29.0    6 - 43     40% / 40%               
                                                                      29          14         15.0        0.0     10.0 -  29.0    6 - 43     40% / 40%               
                                                                      43          14         11.0      -26.7     10.0 -  29.0    6 - 43     40% / 40%               

old[36:42] vs new[36:42]
                                                                      141         28         13.0      -13.3     10.0 -  29.0    6 - 43     40% / 40%               
                                                                      169         28         13.0      -13.3     10.0 -  29.0    6 - 43     40% / 40%               
                                                                      182         13         10.0      -33.3     10.0 -  29.0    6 - 43     40% / 40%               
-                                                    701/1130         -6          0          15.0        0.0     10.0 -  29.0    6 - 35     40% / 40%               
+                                                    701/1130         -6          0          15.0         NA     10.0 -  29.0    6 - 35     40% / 40%               
                                                                      15          21         14.0       -6.7     10.0 -  29.0    6 - 35     40% / 40%               
                                                                      29          14         18.0       20.0     10.0 -  29.0    6 - 35     40% / 40%               
                                                                      43          14         13.0      -13.3     10.0 -  29.0    6 - 35     40% / 40%               

old[46:52] vs new[46:52]
                                                                      138         25         11.0      -26.7     10.0 -  29.0    6 - 35     40% / 40%               
                                                                      169         31         13.0      -13.3     10.0 -  29.0    6 - 35     40% / 40%               
                                                                      183         14         10.0      -33.3     10.0 -  29.0    6 - 35     40% / 40%               
-                                                    701/1153         -17         0          13.0        0.0     10.0 -  29.0    6 - 32     40% / 40%               
+                                                    701/1153         -17         0          13.0         NA     10.0 -  29.0    6 - 32     40% / 40%               
                                                                      16          33         14.0        7.7     10.0 -  29.0    6 - 32     40% / 40%               
                                                                      27          11         14.0        7.7     10.0 -  29.0    6 - 32     40% / 40%               
                                                                      43          16         14.0        7.7     10.0 -  29.0    6 - 32     40% / 40%               

old[56:62] vs new[56:62]
                                                                      142         34         14.0        7.7     10.0 -  29.0    6 - 32     40% / 40%               
                                                                      170         28         13.0        0.0     10.0 -  29.0    6 - 32     40% / 40%               
                                                                      191         21         14.0        7.7     10.0 -  29.0    6 - 32     40% / 40%               
-                                                    701/1203         -8          0          13.0        0.0     10.0 -  29.0    6 - 32     40% / 40%               
+                                                    701/1203         -8          0          13.0         NA     10.0 -  29.0    6 - 32     40% / 40%               
                                                                      22          30         14.0        7.7     10.0 -  29.0    6 - 32     40% / 40%               
                                                                      29          7          10.0      -23.1     10.0 -  29.0    6 - 32     40% / 40%               
    ————————————————————————————————————————————————————————————————————————————————————————————————————————————————————————————————————————————————————————————————

* Run `testthat::snapshot_accept('listing_lbl02a_rls')` to accept the change.
* Run `testthat::snapshot_review('listing_lbl02a_rls')` to interactively review the change.</failure>
    </testcase>
  </testsuite>
  <testsuite name="listing_lbl02b" timestamp="2024-10-29T03:36:52Z" hostname="08eced3c4cfd" tests="1" skipped="0" failures="0" errors="0" time="0.319">
    <testcase time="0.319000000000001" classname="listing_lbl02b" name="LBL02B_listing_is_produced_correctly"/>
  </testsuite>
  <testsuite name="listing_mhl01" timestamp="2024-10-29T03:36:52Z" hostname="08eced3c4cfd" tests="1" skipped="0" failures="0" errors="0" time="0.273">
    <testcase time="0.273" classname="listing_mhl01" name="MHL01_listing_is_produced_correctly"/>
  </testsuite>
  <testsuite name="listing_oncl01" timestamp="2024-10-29T03:36:52Z" hostname="08eced3c4cfd" tests="1" skipped="0" failures="0" errors="0" time="0.255">
    <testcase time="0.255000000000001" classname="listing_oncl01" name="ONCL01_listing_is_produced_correctly"/>
  </testsuite>
  <testsuite name="listing_pkcl01" timestamp="2024-10-29T03:36:53Z" hostname="08eced3c4cfd" tests="1" skipped="0" failures="0" errors="0" time="0.192">
    <testcase time="0.192" classname="listing_pkcl01" name="PKCL01_listing_is_produced_correctly"/>
  </testsuite>
  <testsuite name="listing_pkcl02" timestamp="2024-10-29T03:36:53Z" hostname="08eced3c4cfd" tests="1" skipped="0" failures="0" errors="0" time="0.225">
    <testcase time="0.225" classname="listing_pkcl02" name="PKCL02_listing_is_produced_correctly"/>
  </testsuite>
  <testsuite name="listing_pkpl01" timestamp="2024-10-29T03:36:53Z" hostname="08eced3c4cfd" tests="1" skipped="0" failures="0" errors="0" time="0.247">
    <testcase time="0.247" classname="listing_pkpl01" name="PKPL01_listing_is_produced_correctly"/>
  </testsuite>
  <testsuite name="listing_pkpl02" timestamp="2024-10-29T03:36:53Z" hostname="08eced3c4cfd" tests="1" skipped="0" failures="0" errors="0" time="0.16">
    <testcase time="0.16" classname="listing_pkpl02" name="PKPL02_listing_is_produced_correctly"/>
  </testsuite>
  <testsuite name="listing_pkpl04" timestamp="2024-10-29T03:36:53Z" hostname="08eced3c4cfd" tests="1" skipped="0" failures="0" errors="0" time="0.223">
    <testcase time="0.222999999999999" classname="listing_pkpl04" name="PKPL04_listing_is_produced_correctly"/>
  </testsuite>
  <testsuite name="listing_vsl01" timestamp="2024-10-29T03:36:54Z" hostname="08eced3c4cfd" tests="1" skipped="0" failures="0" errors="0" time="0.5">
    <testcase time="0.5" classname="listing_vsl01" name="VSL01_listing_is_produced_correctly"/>
  </testsuite>
  <testsuite name="pagination_listing" timestamp="2024-10-29T03:36:54Z" hostname="08eced3c4cfd" tests="13" skipped="0" failures="0" errors="0" time="5.969">
    <testcase time="0.0330000000000013" classname="pagination_listing" name="Direct_pagination_works_fine"/>
    <testcase time="0.98" classname="pagination_listing" name="Direct_pagination_works_fine"/>
    <testcase time="0.00300000000000011" classname="pagination_listing" name="Direct_pagination_works_fine"/>
    <testcase time="0.934999999999999" classname="pagination_listing" name="Direct_pagination_works_fine"/>
    <testcase time="1.251" classname="pagination_listing" name="Direct_pagination_works_fine"/>
    <testcase time="1.374" classname="pagination_listing" name="pagination_counts_the_right_number_of_lines_when_wrapping_on_keycols_is_present"/>
    <testcase time="0.00600000000000023" classname="pagination_listing" name="pagination_counts_the_right_number_of_lines_when_wrapping_on_keycols_is_present"/>
    <testcase time="0.00499999999999901" classname="pagination_listing" name="pagination_counts_the_right_number_of_lines_when_wrapping_on_keycols_is_present"/>
    <testcase time="0.00300000000000011" classname="pagination_listing" name="pagination_counts_the_right_number_of_lines_when_wrapping_on_keycols_is_present"/>
    <testcase time="1.365" classname="pagination_listing" name="pagination_counts_the_right_number_of_lines_when_wrapping_on_keycols_is_present"/>
    <testcase time="0.00600000000000023" classname="pagination_listing" name="pagination_counts_the_right_number_of_lines_when_wrapping_on_keycols_is_present"/>
    <testcase time="0.00399999999999778" classname="pagination_listing" name="pagination_counts_the_right_number_of_lines_when_wrapping_on_keycols_is_present"/>
    <testcase time="0.00400000000000134" classname="pagination_listing" name="pagination_counts_the_right_number_of_lines_when_wrapping_on_keycols_is_present"/>
  </testsuite>
  <testsuite name="pagination_table" timestamp="2024-10-29T03:37:01Z" hostname="08eced3c4cfd" tests="30" skipped="0" failures="0" errors="0" time="14.859">
    <testcase time="2.077" classname="pagination_table" name="Direct_pagination_with_standard_values"/>
    <testcase time="0.00500000000000256" classname="pagination_table" name="Direct_pagination_with_standard_values"/>
    <testcase time="0.00300000000000011" classname="pagination_table" name="Direct_pagination_with_standard_values"/>
    <testcase time="1.392" classname="pagination_table" name="Pagination_with_specific_column_widths_and_minimum_lines_per_page"/>
    <testcase time="0.00399999999999778" classname="pagination_table" name="Pagination_with_specific_column_widths_and_minimum_lines_per_page"/>
    <testcase time="0.143000000000001" classname="pagination_table" name="Pagination_with_specific_column_widths_and_minimum_lines_per_page"/>
    <testcase time="1.253" classname="pagination_table" name="Pagination_works_also_if_table_is_decorated"/>
    <testcase time="0.544" classname="pagination_table" name="Pagination_works_also_if_table_is_decorated"/>
    <testcase time="0.844999999999999" classname="pagination_table" name="Pagination_works_also_if_table_is_decorated"/>
    <testcase time="0.637" classname="pagination_table" name="Pagination_works_also_if_table_is_decorated"/>
    <testcase time="1.316" classname="pagination_table" name="Pagination_works_also_if_table_is_decorated"/>
    <testcase time="0.302999999999997" classname="pagination_table" name="Pagination_works_also_if_table_is_decorated"/>
    <testcase time="0.00300000000000011" classname="pagination_table" name="Pagination_works_also_if_table_is_decorated"/>
    <testcase time="0.022000000000002" classname="pagination_table" name="Pagination_works_also_if_table_is_decorated"/>
    <testcase time="0.143999999999998" classname="pagination_table" name="Pagination_works_also_if_table_is_decorated"/>
    <testcase time="0.093" classname="pagination_table" name="Pagination_works_also_if_table_is_decorated"/>
    <testcase time="0.690000000000001" classname="pagination_table" name="Pagination_works_for_page_types"/>
    <testcase time="0.0829999999999984" classname="pagination_table" name="Pagination_works_for_page_types"/>
    <testcase time="0.729000000000003" classname="pagination_table" name="Pagination_works_for_page_types"/>
    <testcase time="0.104999999999997" classname="pagination_table" name="Pagination_works_for_page_types"/>
    <testcase time="0.703000000000003" classname="pagination_table" name="Pagination_works_for_page_types"/>
    <testcase time="0.399999999999999" classname="pagination_table" name="Pagination_works_for_page_types"/>
    <testcase time="0.692999999999998" classname="pagination_table" name="Pagination_works_for_page_width_and_height"/>
    <testcase time="0.130000000000003" classname="pagination_table" name="Pagination_works_for_page_width_and_height"/>
    <testcase time="0.814999999999998" classname="pagination_table" name="Pagination_works_for_page_types"/>
    <testcase time="0.166000000000004" classname="pagination_table" name="Pagination_works_for_page_types"/>
    <testcase time="0.808999999999997" classname="pagination_table" name="AET04_variant_2_page_by_pagination_tests"/>
    <testcase time="0.603000000000002" classname="pagination_table" name="AET04_variant_2_page_by_pagination_tests"/>
    <testcase time="0.00200000000000244" classname="pagination_table" name="AET04_variant_2_page_by_pagination_tests"/>
    <testcase time="0.146999999999998" classname="pagination_table" name="AET04_variant_2_page_by_pagination_tests"/>
  </testsuite>
  <testsuite name="table_adat03" timestamp="2024-10-29T03:37:15Z" hostname="08eced3c4cfd" tests="2" skipped="0" failures="0" errors="0" time="0.55">
    <testcase time="0.414999999999999" classname="table_adat03" name="ADAT03_is_produced_correctly"/>
    <testcase time="0.134999999999998" classname="table_adat03" name="ADAT03_is_produced_correctly"/>
  </testsuite>
  <testsuite name="table_aet01" timestamp="2024-10-29T03:37:16Z" hostname="08eced3c4cfd" tests="8" skipped="0" failures="0" errors="0" time="1.801">
    <testcase time="0.372" classname="table_aet01" name="Safety_Summary_Variant_1_works_as_expected"/>
    <testcase time="0.113" classname="table_aet01" name="Safety_Summary_Variant_1_works_as_expected"/>
    <testcase time="0.341000000000001" classname="table_aet01" name="Safety_Summary_Variant_2_with_Medical_Concepts_Section_works_as_expected"/>
    <testcase time="0.115000000000002" classname="table_aet01" name="Safety_Summary_Variant_2_with_Medical_Concepts_Section_works_as_expected"/>
    <testcase time="0.268999999999998" classname="table_aet01" name="Safety_Summary_Variant_3_with_Modified_Rows_works_as_expected"/>
    <testcase time="0.0940000000000012" classname="table_aet01" name="Safety_Summary_Variant_3_with_Modified_Rows_works_as_expected"/>
    <testcase time="0.366999999999997" classname="table_aet01" name="Safety_Summary_Variant_4_with_Rows_Counting_Events_and_Additional_Sections_works_as_expected"/>
    <testcase time="0.130000000000003" classname="table_aet01" name="Safety_Summary_Variant_4_with_Rows_Counting_Events_and_Additional_Sections_works_as_expected"/>
  </testsuite>
  <testsuite name="table_aet01_aesi" timestamp="2024-10-29T03:37:17Z" hostname="08eced3c4cfd" tests="8" skipped="0" failures="0" errors="0" time="2.706">
    <testcase time="0.269999999999996" classname="table_aet01_aesi" name="AET01_AESI_Variant_1_works_as_expected"/>
    <testcase time="0.110000000000007" classname="table_aet01_aesi" name="AET01_AESI_Variant_1_works_as_expected"/>
    <testcase time="0.468999999999994" classname="table_aet01_aesi" name="AET01_AESI_Variant_2_works_as_expected"/>
    <testcase time="0.160000000000004" classname="table_aet01_aesi" name="AET01_AESI_Variant_2_works_as_expected"/>
    <testcase time="0.673000000000002" classname="table_aet01_aesi" name="AET01_AESI_Variant_3_works_as_expected"/>
    <testcase time="0.226999999999997" classname="table_aet01_aesi" name="AET01_AESI_Variant_3_works_as_expected"/>
    <testcase time="0.566000000000003" classname="table_aet01_aesi" name="AET01_AESI_Variant_4_works_as_expected"/>
    <testcase time="0.230999999999995" classname="table_aet01_aesi" name="AET01_AESI_Variant_4_works_as_expected"/>
  </testsuite>
  <testsuite name="table_aet02" timestamp="2024-10-29T03:37:20Z" hostname="08eced3c4cfd" tests="26" skipped="0" failures="0" errors="0" time="8.184">
    <testcase time="0.560000000000002" classname="table_aet02" name="AET02_variant_1_is_produced_correctly"/>
    <testcase time="0.197000000000003" classname="table_aet02" name="AET02_variant_1_is_produced_correctly"/>
    <testcase time="0.431999999999995" classname="table_aet02" name="AET02_variant_1_is_produced_correctly"/>
    <testcase time="0.100999999999999" classname="table_aet02" name="AET02_variant_1_is_produced_correctly"/>
    <testcase time="0.825000000000003" classname="table_aet02" name="AET02_variant_2_is_produced_correctly"/>
    <testcase time="0.176000000000002" classname="table_aet02" name="AET02_variant_2_is_produced_correctly"/>
    <testcase time="0.873999999999995" classname="table_aet02" name="AET02_variant_3_is_produced_correctly"/>
    <testcase time="0.282000000000004" classname="table_aet02" name="AET02_variant_3_is_produced_correctly"/>
    <testcase time="0.117999999999995" classname="table_aet02" name="AET02_variant_4_is_produced_correctly"/>
    <testcase time="0.0980000000000061" classname="table_aet02" name="AET02_variant_4_is_produced_correctly"/>
    <testcase time="0.379999999999995" classname="table_aet02" name="AET02_variant_5_is_produced_correctly"/>
    <testcase time="0.155999999999999" classname="table_aet02" name="AET02_variant_5_is_produced_correctly"/>
    <testcase time="0.394000000000005" classname="table_aet02" name="AET02_variant_6_is_produced_correctly"/>
    <testcase time="0.106999999999999" classname="table_aet02" name="AET02_variant_6_is_produced_correctly"/>
    <testcase time="0.888999999999996" classname="table_aet02" name="AET02_variant_7_is_produced_correctly"/>
    <testcase time="0.155000000000001" classname="table_aet02" name="AET02_variant_7_is_produced_correctly"/>
    <testcase time="0.390000000000001" classname="table_aet02" name="AET02_variant_8_is_produced_correctly"/>
    <testcase time="0.0739999999999981" classname="table_aet02" name="AET02_variant_8_is_produced_correctly"/>
    <testcase time="0.387" classname="table_aet02" name="AET02_variant_9_is_produced_correctly"/>
    <testcase time="0.106999999999999" classname="table_aet02" name="AET02_variant_9_is_produced_correctly"/>
    <testcase time="0.437000000000005" classname="table_aet02" name="AET02_variant_10_is_produced_correctly"/>
    <testcase time="0.097999999999999" classname="table_aet02" name="AET02_variant_10_is_produced_correctly"/>
    <testcase time="0.391999999999996" classname="table_aet02" name="AET02_variant_11_is_produced_correctly"/>
    <testcase time="0.0810000000000031" classname="table_aet02" name="AET02_variant_11_is_produced_correctly"/>
    <testcase time="0.395000000000003" classname="table_aet02" name="AET02_variant_12_is_produced_correctly"/>
    <testcase time="0.0789999999999935" classname="table_aet02" name="AET02_variant_12_is_produced_correctly"/>
  </testsuite>
  <testsuite name="table_aet02_smq" timestamp="2024-10-29T03:37:28Z" hostname="08eced3c4cfd" tests="4" skipped="0" failures="0" errors="0" time="0.438">
    <testcase time="0.124000000000002" classname="table_aet02_smq" name="AET02SMQ_variant_1_is_produced_correctly"/>
    <testcase time="0.0810000000000031" classname="table_aet02_smq" name="AET02SMQ_variant_1_is_produced_correctly"/>
    <testcase time="0.152999999999999" classname="table_aet02_smq" name="AET02SMQ_variant_2_is_produced_correctly"/>
    <testcase time="0.0799999999999983" classname="table_aet02_smq" name="AET02SMQ_variant_2_is_produced_correctly"/>
  </testsuite>
  <testsuite name="table_aet03" timestamp="2024-10-29T03:37:29Z" hostname="08eced3c4cfd" tests="6" skipped="0" failures="0" errors="0" time="4.905">
    <testcase time="1.126" classname="table_aet03" name="AET03_variant_1_is_produced_correctly"/>
    <testcase time="0.417000000000002" classname="table_aet03" name="AET03_variant_1_is_produced_correctly"/>
    <testcase time="1.378" classname="table_aet03" name="AET03_variant_1_is_produced_correctly"/>
    <testcase time="0.673999999999999" classname="table_aet03" name="AET03_variant_1_is_produced_correctly"/>
    <testcase time="1.08600000000001" classname="table_aet03" name="AET03_variant_1_is_produced_correctly"/>
    <testcase time="0.223999999999997" classname="table_aet03" name="AET03_variant_1_is_produced_correctly"/>
  </testsuite>
  <testsuite name="table_aet04" timestamp="2024-10-29T03:37:34Z" hostname="08eced3c4cfd" tests="30" skipped="0" failures="0" errors="0" time="12.528">
    <testcase time="0.747999999999998" classname="table_aet04" name="AET04_variant_1_is_produced_correctly"/>
    <testcase time="0.317" classname="table_aet04" name="AET04_variant_1_is_produced_correctly"/>
    <testcase time="0.797000000000004" classname="table_aet04" name="AET04_variant_1_is_produced_correctly"/>
    <testcase time="0.0489999999999995" classname="table_aet04" name="AET04_variant_1_is_produced_correctly"/>
    <testcase time="0.0459999999999994" classname="table_aet04" name="AET04_variant_1_is_produced_correctly"/>
    <testcase time="0.744" classname="table_aet04" name="AET04_variant_2_is_produced_correctly_Fill_in_of_Treatment_Groups_"/>
    <testcase time="0.290999999999997" classname="table_aet04" name="AET04_variant_2_is_produced_correctly_Fill_in_of_Treatment_Groups_"/>
    <testcase time="0.740000000000002" classname="table_aet04" name="AET04_variant_2_is_produced_correctly_Fill_in_of_Treatment_Groups_"/>
    <testcase time="0.0410000000000039" classname="table_aet04" name="AET04_variant_2_is_produced_correctly_Fill_in_of_Treatment_Groups_"/>
    <testcase time="0.0519999999999996" classname="table_aet04" name="AET04_variant_2_is_produced_correctly_Fill_in_of_Treatment_Groups_"/>
    <testcase time="0.920999999999999" classname="table_aet04" name="AET04_variant_3_is_produced_correctly_Fill_in_of_Grades_"/>
    <testcase time="0.312999999999995" classname="table_aet04" name="AET04_variant_3_is_produced_correctly_Fill_in_of_Grades_"/>
    <testcase time="0.739000000000004" classname="table_aet04" name="AET04_variant_3_is_produced_correctly_Fill_in_of_Grades_"/>
    <testcase time="0.046999999999997" classname="table_aet04" name="AET04_variant_3_is_produced_correctly_Fill_in_of_Grades_"/>
    <testcase time="0.0390000000000015" classname="table_aet04" name="AET04_variant_3_is_produced_correctly_Fill_in_of_Grades_"/>
    <testcase time="0.639000000000003" classname="table_aet04" name="AET04_variant_4_is_produced_correctly_Collapsing_of_Grades_grades_1_2_grades_3_4_5_"/>
    <testcase time="0.293999999999997" classname="table_aet04" name="AET04_variant_4_is_produced_correctly_Collapsing_of_Grades_grades_1_2_grades_3_4_5_"/>
    <testcase time="0.712000000000003" classname="table_aet04" name="AET04_variant_4_is_produced_correctly_Collapsing_of_Grades_grades_1_2_grades_3_4_5_"/>
    <testcase time="0.667999999999999" classname="table_aet04" name="AET04_variant_6_is_produced_correctly_with_an_Incidence_Rate_of_at_Least_5_totals_restricted_"/>
    <testcase time="0.293999999999997" classname="table_aet04" name="AET04_variant_6_is_produced_correctly_with_an_Incidence_Rate_of_at_Least_5_totals_restricted_"/>
    <testcase time="0.722999999999999" classname="table_aet04" name="AET04_variant_6_is_produced_correctly_with_an_Incidence_Rate_of_at_Least_5_totals_restricted_"/>
    <testcase time="0.0109999999999957" classname="table_aet04" name="AET04_variant_8_is_produced_correctly_with_an_Incidence_Rate_of_at_Least_X_Patients_"/>
    <testcase time="0.425000000000011" classname="table_aet04" name="AET04_variant_8_is_produced_correctly_with_an_Incidence_Rate_of_at_Least_X_Patients_"/>
    <testcase time="0.738" classname="table_aet04" name="AET04_variant_8_is_produced_correctly_with_an_Incidence_Rate_of_at_Least_X_Patients_"/>
    <testcase time="0.00999999999999091" classname="table_aet04" name="AET04_variant_9_is_produced_correctly_with_a_Difference_in_Incidence_Rate_of_at_Least_X_"/>
    <testcase time="0.293999999999997" classname="table_aet04" name="AET04_variant_9_is_produced_correctly_with_a_Difference_in_Incidence_Rate_of_at_Least_X_"/>
    <testcase time="0.715000000000003" classname="table_aet04" name="AET04_variant_9_is_produced_correctly_with_a_Difference_in_Incidence_Rate_of_at_Least_X_"/>
    <testcase time="0.00900000000000034" classname="table_aet04" name="AET04_variant_11_is_produced_correctly_with_Incidence_Rate_of_at_Least_X_all_SOCs_w_o_preferred_terms_removed_"/>
    <testcase time="0.296000000000006" classname="table_aet04" name="AET04_variant_11_is_produced_correctly_with_Incidence_Rate_of_at_Least_X_all_SOCs_w_o_preferred_terms_removed_"/>
    <testcase time="0.816000000000003" classname="table_aet04" name="AET04_variant_11_is_produced_correctly_with_Incidence_Rate_of_at_Least_X_all_SOCs_w_o_preferred_terms_removed_"/>
  </testsuite>
  <testsuite name="table_aet04_pi" timestamp="2024-10-29T03:37:46Z" hostname="08eced3c4cfd" tests="18" skipped="0" failures="0" errors="0" time="6.122">
    <testcase time="0.527999999999992" classname="table_aet04_pi" name="AET04_PI_full_table_is_produced_correctly"/>
    <testcase time="0.215000000000003" classname="table_aet04_pi" name="AET04_PI_full_table_is_produced_correctly"/>
    <testcase time="0.551000000000002" classname="table_aet04_pi" name="AET04_PI_variant_1_is_produced_correctly"/>
    <testcase time="0.170999999999992" classname="table_aet04_pi" name="AET04_PI_variant_1_is_produced_correctly"/>
    <testcase time="0.545000000000002" classname="table_aet04_pi" name="AET04_PI_variant_2_is_produced_correctly"/>
    <testcase time="0.120000000000005" classname="table_aet04_pi" name="AET04_PI_variant_2_is_produced_correctly"/>
    <testcase time="0.551000000000002" classname="table_aet04_pi" name="AET04_PI_variant_3_is_produced_correctly"/>
    <testcase time="0.12299999999999" classname="table_aet04_pi" name="AET04_PI_variant_3_is_produced_correctly"/>
    <testcase time="0.557000000000002" classname="table_aet04_pi" name="AET04_PI_variant_4_is_produced_correctly"/>
    <testcase time="0.0970000000000084" classname="table_aet04_pi" name="AET04_PI_variant_4_is_produced_correctly"/>
    <testcase time="0.549999999999997" classname="table_aet04_pi" name="AET04_PI_variant_5_is_produced_correctly"/>
    <testcase time="0.153000000000006" classname="table_aet04_pi" name="AET04_PI_variant_5_is_produced_correctly"/>
    <testcase time="0.684999999999988" classname="table_aet04_pi" name="AET04_PI_variant_6_is_produced_correctly"/>
    <testcase time="0.14500000000001" classname="table_aet04_pi" name="AET04_PI_variant_6_is_produced_correctly"/>
    <testcase time="0.686999999999998" classname="table_aet04_pi" name="AET04_PI_variant_7_is_produced_correctly"/>
    <testcase time="0.155999999999992" classname="table_aet04_pi" name="AET04_PI_variant_7_is_produced_correctly"/>
    <testcase time="0.170000000000002" classname="table_aet04_pi" name="AET04_PI_variant_8_is_produced_correctly"/>
    <testcase time="0.118000000000009" classname="table_aet04_pi" name="AET04_PI_variant_8_is_produced_correctly"/>
  </testsuite>
  <testsuite name="table_aet05" timestamp="2024-10-29T03:37:52Z" hostname="08eced3c4cfd" tests="4" skipped="0" failures="0" errors="0" time="0.26">
    <testcase time="0.0889999999999986" classname="table_aet05" name="AET05_variant_1_is_produced_correctly"/>
    <testcase time="0.0579999999999927" classname="table_aet05" name="AET05_variant_1_is_produced_correctly"/>
    <testcase time="0.0550000000000068" classname="table_aet05" name="AET05_variant_2_is_produced_correctly"/>
    <testcase time="0.0579999999999927" classname="table_aet05" name="AET05_variant_2_is_produced_correctly"/>
  </testsuite>
  <testsuite name="table_aet05_all" timestamp="2024-10-29T03:37:52Z" hostname="08eced3c4cfd" tests="4" skipped="0" failures="0" errors="0" time="0.284">
    <testcase time="0.112000000000009" classname="table_aet05_all" name="AET05_ALL_variant_1_is_produced_correctly"/>
    <testcase time="0.0579999999999927" classname="table_aet05_all" name="AET05_ALL_variant_1_is_produced_correctly"/>
    <testcase time="0.0550000000000068" classname="table_aet05_all" name="AET05_ALL_variant_2_is_produced_correctly"/>
    <testcase time="0.0589999999999975" classname="table_aet05_all" name="AET05_ALL_variant_2_is_produced_correctly"/>
  </testsuite>
  <testsuite name="table_aet06" timestamp="2024-10-29T03:37:53Z" hostname="08eced3c4cfd" tests="6" skipped="0" failures="0" errors="0" time="3.584">
    <testcase time="0.572999999999993" classname="table_aet06" name="AET06_variant_1_is_produced_correctly"/>
    <testcase time="0.225000000000009" classname="table_aet06" name="AET06_variant_1_is_produced_correctly"/>
    <testcase time="0.914999999999992" classname="table_aet06" name="AET06_variant_3_is_produced_correctly"/>
    <testcase time="0.332000000000008" classname="table_aet06" name="AET06_variant_3_is_produced_correctly"/>
    <testcase time="1.17099999999999" classname="table_aet06" name="AET06_variant_5_is_produced_correctly"/>
    <testcase time="0.368000000000009" classname="table_aet06" name="AET06_variant_5_is_produced_correctly"/>
  </testsuite>
  <testsuite name="table_aet06_smq" timestamp="2024-10-29T03:37:56Z" hostname="08eced3c4cfd" tests="4" skipped="0" failures="0" errors="0" time="0.957">
    <testcase time="0.34899999999999" classname="table_aet06_smq" name="AET06_SMQ_variant_1_is_produced_correctly"/>
    <testcase time="0.131" classname="table_aet06_smq" name="AET06_SMQ_variant_1_is_produced_correctly"/>
    <testcase time="0.346999999999994" classname="table_aet06_smq" name="AET06_SMQ_variant_2_is_produced_correctly"/>
    <testcase time="0.13000000000001" classname="table_aet06_smq" name="AET06_SMQ_variant_2_is_produced_correctly"/>
  </testsuite>
  <testsuite name="table_aet07" timestamp="2024-10-29T03:37:57Z" hostname="08eced3c4cfd" tests="4" skipped="0" failures="0" errors="0" time="0.198">
    <testcase time="0.0649999999999977" classname="table_aet07" name="AET07_variant_1_is_produced_correctly"/>
    <testcase time="0.0420000000000016" classname="table_aet07" name="AET07_variant_1_is_produced_correctly"/>
    <testcase time="0.0480000000000018" classname="table_aet07" name="AET07_variant_2_is_produced_correctly"/>
    <testcase time="0.0429999999999922" classname="table_aet07" name="AET07_variant_2_is_produced_correctly"/>
  </testsuite>
  <testsuite name="table_aet09" timestamp="2024-10-29T03:37:57Z" hostname="08eced3c4cfd" tests="4" skipped="0" failures="0" errors="0" time="1.951">
    <testcase time="0.510000000000005" classname="table_aet09" name="AET09_variant_1_is_produced_correctly_AE_related_to_study_drug"/>
    <testcase time="0.180999999999997" classname="table_aet09" name="AET09_variant_1_is_produced_correctly_AE_related_to_study_drug"/>
    <testcase time="0.974000000000004" classname="table_aet09" name="AET09_variant_2_is_produced_correctly_AE_related_to_study_drug_including_high_level_terms_"/>
    <testcase time="0.286000000000001" classname="table_aet09" name="AET09_variant_2_is_produced_correctly_AE_related_to_study_drug_including_high_level_terms_"/>
  </testsuite>
  <testsuite name="table_aet09_smq" timestamp="2024-10-29T03:37:59Z" hostname="08eced3c4cfd" tests="4" skipped="0" failures="0" errors="0" time="0.493">
    <testcase time="0.128999999999991" classname="table_aet09_smq" name="AET09_variant_1_AEs_related_to_study_drug_by_SMQ_is_produced_correctly"/>
    <testcase time="0.0679999999999978" classname="table_aet09_smq" name="AET09_variant_1_AEs_related_to_study_drug_by_SMQ_is_produced_correctly"/>
    <testcase time="0.202000000000012" classname="table_aet09_smq" name="AET09_variant_2_AEs_related_to_study_drug_by_SMQ_with_customized_queries_is_produced_correctly"/>
    <testcase time="0.0939999999999941" classname="table_aet09_smq" name="AET09_variant_2_AEs_related_to_study_drug_by_SMQ_with_customized_queries_is_produced_correctly"/>
  </testsuite>
  <testsuite name="table_aet10" timestamp="2024-10-29T03:38:00Z" hostname="08eced3c4cfd" tests="2" skipped="0" failures="0" errors="0" time="0.168">
    <testcase time="0.111999999999995" classname="table_aet10" name="AET10_default_variant_is_produced_correctly"/>
    <testcase time="0.0560000000000116" classname="table_aet10" name="AET10_default_variant_is_produced_correctly"/>
  </testsuite>
  <testsuite name="table_aovt01" timestamp="2024-10-29T03:38:00Z" hostname="08eced3c4cfd" tests="4" skipped="0" failures="0" errors="0" time="1.137">
    <testcase time="0.339999999999989" classname="table_aovt01" name="AOVT01_variant_with_single_endpoint_is_produced_correctly"/>
    <testcase time="0.0820000000000078" classname="table_aovt01" name="AOVT01_variant_with_single_endpoint_is_produced_correctly"/>
    <testcase time="0.552999999999997" classname="table_aovt01" name="AOVT01_variant_with_multiple_endpoints_is_produced_correctly"/>
    <testcase time="0.162000000000006" classname="table_aovt01" name="AOVT01_variant_with_multiple_endpoints_is_produced_correctly"/>
  </testsuite>
  <testsuite name="table_aovt02" timestamp="2024-10-29T03:38:01Z" hostname="08eced3c4cfd" tests="2" skipped="0" failures="0" errors="0" time="0.385">
    <testcase time="0.303999999999988" classname="table_aovt02" name="AOVT02_is_produced_correctly"/>
    <testcase time="0.0810000000000031" classname="table_aovt02" name="AOVT02_is_produced_correctly"/>
  </testsuite>
  <testsuite name="table_aovt03" timestamp="2024-10-29T03:38:02Z" hostname="08eced3c4cfd" tests="2" skipped="0" failures="0" errors="0" time="0.829">
    <testcase time="0.659999999999997" classname="table_aovt03" name="AOVT03_is_produced_correctly"/>
    <testcase time="0.169000000000011" classname="table_aovt03" name="AOVT03_is_produced_correctly"/>
  </testsuite>
  <testsuite name="table_cfbt01" timestamp="2024-10-29T03:38:02Z" hostname="08eced3c4cfd" tests="2" skipped="0" failures="0" errors="0" time="0.613">
    <testcase time="0.402999999999992" classname="table_cfbt01" name="CFBT01_default_variant_is_produced_correctly"/>
    <testcase time="0.210000000000008" classname="table_cfbt01" name="CFBT01_default_variant_is_produced_correctly"/>
  </testsuite>
  <testsuite name="table_cmht01" timestamp="2024-10-29T03:38:03Z" hostname="08eced3c4cfd" tests="4" skipped="0" failures="0" errors="0" time="1.684">
    <testcase time="0.396999999999991" classname="table_cmht01" name="CMHT01_variant_1_is_produced_correctly"/>
    <testcase time="0.0829999999999984" classname="table_cmht01" name="CMHT01_variant_1_is_produced_correctly"/>
    <testcase time="0.943000000000012" classname="table_cmht01" name="CMHT01_variant_2_is_produced_correctly"/>
    <testcase time="0.260999999999996" classname="table_cmht01" name="CMHT01_variant_2_is_produced_correctly"/>
  </testsuite>
  <testsuite name="table_cmt01" timestamp="2024-10-29T03:38:05Z" hostname="08eced3c4cfd" tests="8" skipped="0" failures="0" errors="0" time="1.518">
    <testcase time="0.295999999999992" classname="table_cmt01" name="CMT01_default_variant_Concomitant_medications_is_produced_correctly"/>
    <testcase time="0.118000000000009" classname="table_cmt01" name="CMT01_default_variant_Concomitant_medications_is_produced_correctly"/>
    <testcase time="0.212999999999994" classname="table_cmt01" name="CMT01_variant_1_prior_medications_is_produced_correctly"/>
    <testcase time="0.0940000000000083" classname="table_cmt01" name="CMT01_variant_1_prior_medications_is_produced_correctly"/>
    <testcase time="0.283999999999992" classname="table_cmt01" name="CMT01_variant_3_Concomitant_medications_is_produced_correctly"/>
    <testcase time="0.106999999999999" classname="table_cmt01" name="CMT01_variant_3_Concomitant_medications_is_produced_correctly"/>
    <testcase time="0.274000000000001" classname="table_cmt01" name="CMT01_variant_4_Concomitant_medications_is_produced_correctly"/>
    <testcase time="0.132000000000005" classname="table_cmt01" name="CMT01_variant_4_Concomitant_medications_is_produced_correctly"/>
  </testsuite>
  <testsuite name="table_cmt01a" timestamp="2024-10-29T03:38:06Z" hostname="08eced3c4cfd" tests="8" skipped="0" failures="0" errors="0" time="3.066">
    <testcase time="0.572000000000003" classname="table_cmt01a" name="CMT01A_variant_1_is_produced_correctly"/>
    <testcase time="0.189999999999998" classname="table_cmt01a" name="CMT01A_variant_1_is_produced_correctly"/>
    <testcase time="0.521000000000001" classname="table_cmt01a" name="CMT01A_variant_2_is_produced_correctly"/>
    <testcase time="0.191999999999993" classname="table_cmt01a" name="CMT01A_variant_2_is_produced_correctly"/>
    <testcase time="0.528999999999996" classname="table_cmt01a" name="CMT01A_variant_3_is_produced_correctly"/>
    <testcase time="0.191000000000003" classname="table_cmt01a" name="CMT01A_variant_3_is_produced_correctly"/>
    <testcase time="0.719000000000008" classname="table_cmt01a" name="CMT01A_variant_4_is_produced_correctly"/>
    <testcase time="0.152000000000001" classname="table_cmt01a" name="CMT01A_variant_4_is_produced_correctly"/>
  </testsuite>
  <testsuite name="table_cmt01b" timestamp="2024-10-29T03:38:09Z" hostname="08eced3c4cfd" tests="6" skipped="0" failures="0" errors="0" time="3.003">
    <testcase time="0.808999999999997" classname="table_cmt01b" name="CMT01B_variant_1_is_produced_correctly"/>
    <testcase time="0.262999999999991" classname="table_cmt01b" name="CMT01B_variant_1_is_produced_correctly"/>
    <testcase time="0.572000000000003" classname="table_cmt01b" name="CMT01B_variant_2_is_produced_correctly"/>
    <testcase time="0.204000000000008" classname="table_cmt01b" name="CMT01B_variant_2_is_produced_correctly"/>
    <testcase time="0.873999999999995" classname="table_cmt01b" name="CMT01B_variant_4_is_produced_correctly"/>
    <testcase time="0.281000000000006" classname="table_cmt01b" name="CMT01B_variant_4_is_produced_correctly"/>
  </testsuite>
  <testsuite name="table_cmt02_pt" timestamp="2024-10-29T03:38:12Z" hostname="08eced3c4cfd" tests="2" skipped="0" failures="0" errors="0" time="0.282">
    <testcase time="0.190999999999988" classname="table_cmt02_pt" name="CMT02_PT_default_variant_is_produced_correctly"/>
    <testcase time="0.0910000000000082" classname="table_cmt02_pt" name="CMT02_PT_default_variant_is_produced_correctly"/>
  </testsuite>
  <testsuite name="table_coxt01" timestamp="2024-10-29T03:38:13Z" hostname="08eced3c4cfd" tests="8" skipped="0" failures="0" errors="0" time="1.694">
    <testcase time="0.260999999999996" classname="table_coxt01" name="1._Cox_Regression"/>
    <testcase time="0.070999999999998" classname="table_coxt01" name="1._Cox_Regression"/>
    <testcase time="0.329999999999998" classname="table_coxt01" name="2._Cox_Regression_with_Interaction_Term_"/>
    <testcase time="0.102000000000004" classname="table_coxt01" name="2._Cox_Regression_with_Interaction_Term_"/>
    <testcase time="0.331000000000003" classname="table_coxt01" name="3._Cox_Regression_specifying_covariates_"/>
    <testcase time="0.134" classname="table_coxt01" name="3._Cox_Regression_specifying_covariates_"/>
    <testcase time="0.347999999999999" classname="table_coxt01" name="4._Cox_Regression_setting_strata_ties_and_alpha_level_"/>
    <testcase time="0.117000000000004" classname="table_coxt01" name="4._Cox_Regression_setting_strata_ties_and_alpha_level_"/>
  </testsuite>
  <testsuite name="table_coxt02" timestamp="2024-10-29T03:38:14Z" hostname="08eced3c4cfd" tests="4" skipped="0" failures="0" errors="0" time="0.646">
    <testcase time="0.256999999999991" classname="table_coxt02" name="COXT02_default_variant_1_is_produced_correctly"/>
    <testcase time="0.0750000000000028" classname="table_coxt02" name="COXT02_default_variant_1_is_produced_correctly"/>
    <testcase time="0.239000000000004" classname="table_coxt02" name="COXT02_variant_5_is_produced_correctly"/>
    <testcase time="0.0749999999999886" classname="table_coxt02" name="COXT02_variant_5_is_produced_correctly"/>
  </testsuite>
  <testsuite name="table_disclosures" timestamp="2024-10-29T03:38:15Z" hostname="08eced3c4cfd" tests="12" skipped="0" failures="0" errors="0" time="1.809">
    <testcase time="0.164000000000001" classname="table_disclosures" name="Patient_Disposition_table_is_produced_correctly"/>
    <testcase time="0.0960000000000036" classname="table_disclosures" name="Patient_Disposition_table_is_produced_correctly"/>
    <testcase time="0.188999999999993" classname="table_disclosures" name="Demographic_table_is_produced_correctly"/>
    <testcase time="0.140000000000001" classname="table_disclosures" name="Demographic_table_is_produced_correctly"/>
    <testcase time="0.0940000000000083" classname="table_disclosures" name="Enrollment_by_Country_Table_is_produced_correctly"/>
    <testcase time="0.0879999999999939" classname="table_disclosures" name="Enrollment_by_Country_Table_is_produced_correctly"/>
    <testcase time="0.0799999999999983" classname="table_disclosures" name="Death_table_is_produced_correctly"/>
    <testcase time="0.0650000000000119" classname="table_disclosures" name="Death_table_is_produced_correctly"/>
    <testcase time="0.290999999999997" classname="table_disclosures" name="Table_of_Serious_Adverse_Events_is_produced_correctly_for_one_specific_treatment_arm_"/>
    <testcase time="0.0870000000000033" classname="table_disclosures" name="Table_of_Serious_Adverse_Events_is_produced_correctly_for_one_specific_treatment_arm_"/>
    <testcase time="0.384" classname="table_disclosures" name="Table_of_Non_Serious_Adverse_Events_is_produced_correctly"/>
    <testcase time="0.130999999999986" classname="table_disclosures" name="Table_of_Non_Serious_Adverse_Events_is_produced_correctly"/>
  </testsuite>
  <testsuite name="table_dmt01" timestamp="2024-10-29T03:38:18Z" hostname="08eced3c4cfd" tests="10" skipped="0" failures="0" errors="0" time="2.632">
    <testcase time="1.10300000000001" classname="table_dmt01" name="DMT01_variant_1_is_produced_correctly"/>
    <testcase time="0.182999999999993" classname="table_dmt01" name="DMT01_variant_1_is_produced_correctly"/>
    <testcase time="0.205000000000013" classname="table_dmt01" name="DMT01_variant_2_is_produced_correctly"/>
    <testcase time="0.152999999999992" classname="table_dmt01" name="DMT01_variant_2_is_produced_correctly"/>
    <testcase time="0.225000000000009" classname="table_dmt01" name="DMT01_variant_3_is_produced_correctly"/>
    <testcase time="0.162000000000006" classname="table_dmt01" name="DMT01_variant_3_is_produced_correctly"/>
    <testcase time="0.176000000000002" classname="table_dmt01" name="DMT01_variant_4_is_produced_correctly"/>
    <testcase time="0.149999999999991" classname="table_dmt01" name="DMT01_variant_4_is_produced_correctly"/>
    <testcase time="0.144000000000005" classname="table_dmt01" name="DMT01_variant_5_is_produced_correctly"/>
    <testcase time="0.131" classname="table_dmt01" name="DMT01_variant_5_is_produced_correctly"/>
  </testsuite>
  <testsuite name="table_dort01" timestamp="2024-10-29T03:38:19Z" hostname="08eced3c4cfd" tests="8" skipped="0" failures="0" errors="0" time="1.415">
    <testcase time="0.262" classname="table_dort01" name="DORT01_variant_1_is_produced_correctly"/>
    <testcase time="0.0949999999999989" classname="table_dort01" name="DORT01_variant_1_is_produced_correctly"/>
    <testcase time="0.281999999999996" classname="table_dort01" name="DORT01_variant_2_selecting_sectons_is_produced_correctly"/>
    <testcase time="0.097999999999999" classname="table_dort01" name="DORT01_variant_2_selecting_sectons_is_produced_correctly"/>
    <testcase time="0.238" classname="table_dort01" name="DORT01_variant_3_modifying_conftype_and_alpha_level_is_produced_correctly"/>
    <testcase time="0.102000000000004" classname="table_dort01" name="DORT01_variant_3_modifying_conftype_and_alpha_level_is_produced_correctly"/>
    <testcase time="0.242999999999995" classname="table_dort01" name="DORT01_variant_4_modifying_time_point_for_the_xx_duration_is_produced_correctly"/>
    <testcase time="0.0949999999999989" classname="table_dort01" name="DORT01_variant_4_modifying_time_point_for_the_xx_duration_is_produced_correctly"/>
  </testsuite>
  <testsuite name="table_dst01" timestamp="2024-10-29T03:38:21Z" hostname="08eced3c4cfd" tests="6" skipped="0" failures="0" errors="0" time="0.712">
    <testcase time="0.135000000000005" classname="table_dst01" name="DST01_default_variant_is_produced_correctly"/>
    <testcase time="0.0900000000000034" classname="table_dst01" name="DST01_default_variant_is_produced_correctly"/>
    <testcase time="0.200000000000003" classname="table_dst01" name="DST01_variants_2_and_3_are_produced_correctly"/>
    <testcase time="0.0960000000000036" classname="table_dst01" name="DST01_variants_2_and_3_are_produced_correctly"/>
    <testcase time="0.0819999999999936" classname="table_dst01" name="DST01_variants_2_and_3_are_produced_correctly"/>
    <testcase time="0.109000000000009" classname="table_dst01" name="DST01_variants_2_and_3_are_produced_correctly"/>
  </testsuite>
  <testsuite name="table_dtht01" timestamp="2024-10-29T03:38:22Z" hostname="08eced3c4cfd" tests="8" skipped="0" failures="0" errors="0" time="1.097">
    <testcase time="0.117999999999995" classname="table_dtht01" name="DTHT01_variant_1_is_produced_correctly"/>
    <testcase time="0.0730000000000075" classname="table_dtht01" name="DTHT01_variant_1_is_produced_correctly"/>
    <testcase time="0.23899999999999" classname="table_dtht01" name="DTHT01_variant_2_is_produced_correctly"/>
    <testcase time="0.155000000000001" classname="table_dtht01" name="DTHT01_variant_2_is_produced_correctly"/>
    <testcase time="0.153999999999996" classname="table_dtht01" name="DTHT01_variant_3_is_produced_correctly"/>
    <testcase time="0.0810000000000031" classname="table_dtht01" name="DTHT01_variant_3_is_produced_correctly"/>
    <testcase time="0.180000000000007" classname="table_dtht01" name="DTHT01_variant_4_is_produced_correctly"/>
    <testcase time="0.0969999999999942" classname="table_dtht01" name="DTHT01_variant_4_is_produced_correctly"/>
  </testsuite>
  <testsuite name="table_egt01" timestamp="2024-10-29T03:38:24Z" hostname="08eced3c4cfd" tests="2" skipped="0" failures="1" errors="0" time="3.113">
    <testcase time="2.398" classname="table_egt01" name="EGT01_default_variant_is_produced_correctly"/>
    <testcase time="0.715000000000003" classname="table_egt01" name="EGT01_default_variant_is_produced_correctly">
      <failure type="failure" message="Snapshot of code has changed: ('test-table_egt01.R:54:3')">Snapshot of code has changed:
old[9:146] vs new[9:146]
    Heart Rate (beats/min)                                                                                                               
      Week 12                                                                                                                            
        n                          272               204                196               147                200               150       
-       Mean (SD)             75.12 (11.41)      1.74 (10.95)      72.97 (10.25)      0.38 (9.61)       73.19 (9.63)       3.15 (11.47)  
+       Mean (SD)             72.58 (7.02)      -0.22 (11.07)      72.55 (7.97)      -1.48 (11.72)      72.01 (7.35)      -0.06 (11.39)  
-       Median                    74.83              0.00              74.00              0.00              74.00              2.00      
+       Median                    72.33              0.00              73.00             -1.00              72.00              1.00      
-       Min - Max            51.00 - 106.00     -28.00 - 36.00     50.00 - 98.00     -20.00 - 28.00     48.00 - 94.00     -28.00 - 28.00 
+       Min - Max            51.00 - 101.00     -33.00 - 34.00     50.00 - 94.00     -28.00 - 23.00     47.00 - 89.00     -27.00 - 31.00 
      Week 16                                                                                                                            
        n                          268               201                144               108                160               120       
-       Mean (SD)             70.58 (8.82)      -2.89 (10.04)      72.86 (9.45)       0.08 (11.79)      68.78 (9.58)      -1.74 (10.08)  
+       Mean (SD)             73.19 (7.62)       0.36 (11.17)      72.52 (7.81)      -1.41 (11.44)      73.31 (6.80)       1.28 (10.83)  
-       Median                    70.17             -2.00              72.00              0.00              68.00             -2.00      
+       Median                    73.67              1.00              73.00              1.00              73.33              2.00      
-       Min - Max             50.00 - 90.00     -50.00 - 28.00     51.00 - 96.00     -28.00 - 32.00    48.00 - 104.00     -28.00 - 34.00 
+       Min - Max            46.00 - 101.00     -29.00 - 29.00     55.00 - 93.00     -28.00 - 24.00     53.00 - 92.00     -26.00 - 27.00 
      Week 2                                                                                                                             
-       n                          336               252                285               214                374               280       
+       n                          336               252                288               216                376               282       
-       Mean (SD)             73.25 (10.05)     -0.02 (11.32)      76.32 (9.13)       3.83 (9.09)       74.62 (11.03)      2.71 (10.46)  
+       Mean (SD)             72.87 (7.36)       0.32 (11.85)      73.00 (7.38)      -0.54 (11.31)      72.40 (7.92)       0.43 (11.71)  
-       Median                    72.00              0.00              76.00              4.00              74.00              2.00      
+       Median                    72.67              1.00              73.00              0.00              72.67              0.00      
-       Min - Max            50.00 - 106.00     -53.00 - 42.00    56.00 - 102.00     -18.00 - 32.00    52.00 - 116.00     -28.00 - 40.00 
+       Min - Max             51.00 - 92.00     -33.00 - 30.00     52.00 - 98.00     -29.00 - 27.00     47.00 - 97.00     -32.00 - 39.00 
      Week 20                                                                                                                            
-       n                          264               198                128                96                116                87       
+       n                          264               198                128                96                120                90       
-       Mean (SD)             72.00 (8.70)      -1.29 (11.88)      76.74 (10.92)      3.39 (10.52)      70.34 (11.39)     -0.95 (12.24)  
+       Mean (SD)             72.27 (8.16)      -0.61 (11.35)      72.02 (6.70)      -2.31 (11.83)      73.99 (8.41)       1.26 (10.85)  
-       Median                    72.00             -2.00              78.83              4.00              70.00              0.00      
+       Median                    72.00             -1.00              72.00             -3.00              73.50              2.00      
-       Min - Max             53.00 - 96.00     -67.00 - 26.00    52.00 - 100.00     -28.00 - 30.00    40.00 - 100.00     -40.00 - 32.00 
+       Min - Max            47.00 - 104.00     -28.00 - 28.00     49.00 - 89.00     -29.00 - 29.00     49.00 - 98.00     -20.00 - 25.00 
      Week 24                                                                                                                            
        n                          236               177                120                90                104                78       
-       Mean (SD)             71.57 (8.97)      -1.09 (10.28)      71.69 (11.68)     -2.16 (11.82)      70.24 (9.82)       -1.81 (9.51)  
+       Mean (SD)             73.68 (6.91)       0.73 (11.82)      72.59 (8.09)      -1.78 (13.01)      73.94 (7.18)       1.27 (11.41)  
-       Median                    72.00              0.00              70.00             -2.00              70.67              0.00      
+       Median                    74.00              2.00              73.17              0.00              74.17              1.00      
-       Min - Max             50.00 - 92.00     -53.00 - 24.00     47.00 - 98.00     -40.00 - 20.00     52.00 - 96.00     -24.00 - 25.00 
+       Min - Max             47.00 - 96.00     -50.00 - 29.00     40.00 - 92.00     -40.00 - 27.00     55.00 - 93.00     -22.00 - 28.00 
      Week 26                                                                                                                            
        n                          232               174                112                84                100                75       
-       Mean (SD)             73.07 (10.70)      0.28 (11.71)      73.44 (11.01)     -1.30 (10.78)      70.45 (8.66)      -2.19 (11.28)  
+       Mean (SD)             73.33 (7.78)       0.51 (11.60)      73.33 (8.24)      -1.38 (11.51)      71.43 (7.65)      -1.32 (11.31)  
-       Median                    74.00              0.00              72.00             -2.00              70.00             -2.00      
+       Median                    73.00              0.00              73.83             -1.00              70.00             -1.00      
-       Min - Max            50.00 - 108.00     -46.00 - 44.00    53.00 - 100.00     -32.00 - 24.00     53.00 - 92.00     -26.00 - 24.00 
+       Min - Max            50.00 - 102.00     -37.00 - 37.00     52.00 - 95.00     -24.00 - 29.00     53.00 - 91.00     -27.00 - 27.00 
      Week 4                                                                                                                             
        n                          328               246                288               216                292               219       
-       Mean (SD)             73.81 (10.50)      0.48 (8.74)       75.94 (10.91)      3.55 (10.26)      73.13 (10.26)      1.79 (10.71)  
+       Mean (SD)             72.83 (7.51)       0.24 (12.10)      72.63 (7.58)      -0.92 (11.35)      72.07 (6.68)      -0.06 (10.65)  
-       Median                    74.00              0.00              74.33              4.00              74.00              1.00      
+       Median                    73.00              1.00              72.17              0.00              72.00              0.00      
-       Min - Max            50.00 - 120.00     -22.00 - 30.00    48.00 - 114.00     -24.00 - 36.00    48.00 - 100.00     -28.00 - 32.00 
+       Min - Max             43.00 - 97.00     -34.00 - 31.00     50.00 - 96.00     -38.00 - 26.00     50.00 - 89.00     -28.00 - 25.00 
      Week 6                                                                                                                             
        n                          304               228                268               201                260               195       
-       Mean (SD)             72.93 (10.25)     -0.86 (12.05)      74.27 (9.90)       1.97 (10.49)      72.01 (9.01)       1.33 (8.72)   
+       Mean (SD)             72.47 (7.17)      -0.32 (11.90)      72.75 (8.01)      -0.91 (11.75)      72.95 (7.66)       1.13 (11.23)  
-       Median                    72.00              0.00              74.00              2.00              72.00              2.00      
+       Median                    73.00              1.00              73.00             -1.00              73.00              1.00      
-       Min - Max            53.00 - 108.00     -65.00 - 40.00    52.00 - 100.00     -32.00 - 29.00     52.00 - 96.00     -28.00 - 24.00 
+       Min - Max             47.00 - 92.00     -35.00 - 36.00     48.00 - 92.00     -43.00 - 37.00     46.00 - 94.00     -26.00 - 32.00 
      Week 8                                                                                                                             
        n                          288               216                220               165                232               174       
-       Mean (SD)             71.85 (9.03)      -1.57 (10.86)      74.02 (8.95)       1.42 (8.81)       72.62 (11.16)      2.86 (10.29)  
+       Mean (SD)             71.69 (7.82)      -1.07 (11.90)      71.81 (7.61)      -2.33 (11.03)      73.17 (7.69)       1.60 (11.37)  
-       Median                    72.00             -2.00              72.00              2.00              72.00              4.00      
+       Median                    72.00              0.00              71.00             -2.00              73.00              2.00      
-       Min - Max            52.00 - 102.00     -74.00 - 30.00    50.00 - 104.00     -20.00 - 26.00    49.00 - 104.00     -26.00 - 30.00 
+       Min - Max             49.00 - 93.00     -31.00 - 30.00     52.00 - 93.00     -28.00 - 28.00     46.00 - 93.00     -27.00 - 27.00 
    QT Duration (msec)                                                                                                                   
      Week 12                                                                                                                            
        n                          272               204                196               147                200               150       
-       Mean (SD)            444.88 (64.60)     -17.88 (54.96)    446.98 (54.84)     -23.71 (65.92)    455.08 (65.10)     -5.76 (61.09)  
+       Mean (SD)            448.19 (52.67)     -7.23 (83.32)     458.00 (48.74)      9.74 (85.31)     454.42 (54.38)      6.51 (84.15)  
-       Median                   437.00             -15.00            456.00             -18.00            456.00             -12.00     
+       Median                   449.50             -9.50             457.83             15.00             451.83              0.00      
-       Min - Max            294.00 - 624.00   -156.00 - 120.00   324.00 - 552.00   -276.00 - 120.00   300.00 - 600.00   -150.00 - 204.00
+       Min - Max            271.00 - 603.00   -211.00 - 216.00   327.00 - 593.00   -215.00 - 261.00   302.00 - 584.00   -202.00 - 227.00
      Week 16                                                                                                                            
        n                          268               201                144               108                160               120       
-       Mean (SD)            450.03 (65.76)     -11.13 (58.00)    455.50 (54.40)     -10.72 (65.65)    449.55 (58.67)     -10.65 (61.78) 
+       Mean (SD)            458.88 (55.40)      4.40 (87.68)     454.69 (54.28)      5.25 (88.12)     459.46 (53.94)     14.39 (82.21)  
-       Median                   456.00              0.00             460.00              0.00             454.00             -12.00     
+       Median                   454.17              0.00             461.83             -3.00             461.00             15.00      
-       Min - Max            294.00 - 588.00   -180.00 - 144.00   300.00 - 552.00   -228.00 - 162.00   330.00 - 588.00   -180.00 - 228.00
+       Min - Max            311.00 - 605.00   -232.00 - 227.00   302.00 - 579.00   -234.00 - 204.00   324.00 - 660.00   -163.00 - 224.00
      Week 2                                                                                                                             
-       n                          336               252                285               214                374               280       
+       n                          336               252                288               216                376               282       
-       Mean (SD)            446.74 (61.40)     -16.31 (58.56)    457.63 (58.50)     -11.66 (64.47)    458.25 (62.36)     -0.99 (54.55)  
+       Mean (SD)            459.37 (52.90)      3.31 (81.85)     460.93 (55.75)      8.62 (81.37)     455.43 (53.39)      4.62 (85.45)  
-       Median                   444.00             -12.00            456.00              0.00             458.00              0.00      
+       Median                   456.67              3.00             457.17              1.50             460.00             13.00      
-       Min - Max            270.00 - 600.00   -204.00 - 180.00   258.00 - 606.00   -228.00 - 156.00   270.00 - 708.00   -168.00 - 192.00
+       Min - Max            299.00 - 671.00   -206.00 - 222.00   286.00 - 667.00   -199.00 - 240.00   292.00 - 599.00   -228.00 - 236.00
      Week 20                                                                                                                            
-       n                          264               198                128                96                116                87       
+       n                          264               198                128                96                120                90       
-       Mean (SD)            440.39 (62.63)     -19.18 (56.76)    444.44 (60.83)     -17.69 (66.22)    443.45 (57.31)     -15.17 (61.06) 
+       Mean (SD)            458.98 (55.57)      4.75 (81.42)     452.38 (53.71)      1.60 (83.84)     454.71 (56.83)     12.43 (90.19)  
-       Median                   432.00             -24.00            432.00             -12.00            446.00             -6.00      
+       Median                   459.50              2.50             448.00              3.50             451.00             17.50      
-       Min - Max            288.00 - 600.00   -162.00 - 108.00   324.00 - 588.00   -216.00 - 168.00   306.00 - 588.00   -180.00 - 120.00
+       Min - Max            305.00 - 661.00   -247.00 - 235.00   309.00 - 624.00   -241.00 - 210.00   306.00 - 591.00   -194.00 - 295.00
      Week 24                                                                                                                            
        n                          236               177                120                90                104                78       
-       Mean (SD)            442.78 (70.02)     -12.41 (61.86)    449.60 (60.27)     -13.20 (59.11)    455.46 (58.05)     -3.00 (47.44)  
+       Mean (SD)            452.15 (56.16)     -4.01 (84.90)     454.59 (52.47)      0.92 (82.89)     455.83 (57.08)     12.90 (94.43)  
-       Median                   444.00             -18.00            453.00             -24.00            456.00              0.00      
+       Median                   448.67             -5.00             451.00              2.50             458.83              5.00      
-       Min - Max            264.00 - 702.00   -168.00 - 246.00   300.00 - 588.00   -120.00 - 132.00   342.00 - 588.00   -120.00 - 108.00
+       Min - Max            331.00 - 661.00   -223.00 - 233.00   334.00 - 612.00   -250.00 - 205.00   287.00 - 599.00   -250.00 - 207.00
      Week 26                                                                                                                            
        n                          232               174                112                84                100                75       
-       Mean (SD)            435.79 (64.69)     -21.59 (59.05)    447.29 (61.84)     -18.21 (58.96)    437.68 (58.18)     -21.68 (48.39) 
+       Mean (SD)            453.80 (53.90)     -2.63 (83.20)     455.46 (54.81)     -0.54 (98.14)     435.45 (48.83)     -8.27 (88.84)  
-       Median                   432.00             -24.00            446.00             -24.00            432.00             -12.00     
+       Median                   455.33             -4.00             451.00             -1.00             433.50             -13.00     
-       Min - Max            234.00 - 588.00   -162.00 - 144.00   300.00 - 558.00   -120.00 - 120.00   336.00 - 552.00   -120.00 - 132.00
+       Min - Max            288.00 - 640.00   -208.00 - 183.00   318.00 - 593.00   -202.00 - 238.00   320.00 - 554.00   -221.00 - 247.00
      Week 4                                                                                                                             
        n                          328               246                288               216                292               219       
-       Mean (SD)            452.59 (68.09)     -9.76 (58.63)     459.97 (56.04)     -9.44 (66.51)     456.90 (55.38)     -3.84 (55.71)  
+       Mean (SD)            458.31 (55.05)      2.20 (83.57)     458.06 (52.48)      5.76 (79.53)     455.25 (56.16)      6.26 (83.84)  
-       Median                   456.00             -12.00            468.00             -6.00             456.00              0.00      
+       Median                   460.17              2.50             461.00             -1.00             460.50              5.00      
-       Min - Max            234.00 - 600.00   -168.00 - 180.00   324.00 - 600.00   -192.00 - 156.00   300.00 - 612.00   -180.00 - 168.00
+       Min - Max            279.00 - 623.00   -257.00 - 223.00   297.00 - 596.00   -216.00 - 194.00   281.00 - 600.00   -239.00 - 232.00
      Week 6                                                                                                                             
        n                          304               228                268               201                260               195       
-       Mean (SD)            446.89 (59.86)     -18.00 (57.79)    450.96 (58.42)     -20.93 (59.69)    449.42 (54.02)     -6.74 (51.66)  
+       Mean (SD)            452.24 (55.46)     -4.08 (79.76)     450.87 (52.73)     -0.79 (90.75)     452.85 (53.63)      4.57 (86.78)  
-       Median                   444.00             -12.00            456.00             -12.00            456.00              0.00      
+       Median                   449.00             -8.50             455.67              3.00             450.83              9.00      
-       Min - Max            288.00 - 660.00   -168.00 - 156.00   312.00 - 588.00   -300.00 - 108.00   300.00 - 600.00   -174.00 - 204.00
+       Min - Max            284.00 - 638.00   -237.00 - 213.00   291.00 - 645.00   -301.00 - 254.00   341.00 - 624.00   -249.00 - 244.00
      Week 8                                                                                                                             
        n                          288               216                220               165                232               174       
-       Mean (SD)            450.75 (54.72)     -12.64 (54.18)    463.64 (54.71)     -6.91 (58.28)     450.66 (63.79)     -4.41 (64.71)  
+       Mean (SD)            454.77 (53.04)     -0.40 (78.61)     444.76 (52.44)     -5.49 (88.45)     455.70 (57.01)      8.84 (87.87)  
-       Median                   454.00             -12.00            468.00              0.00             444.00              0.00      
+       Median                   450.00              0.00             448.00              2.00             455.00              8.50      
-       Min - Max            294.00 - 606.00   -180.00 - 144.00   324.00 - 588.00   -270.00 - 132.00   312.00 - 600.00   -180.00 - 204.00
+       Min - Max            323.00 - 615.00   -228.00 - 216.00   267.00 - 578.00   -268.00 - 189.00   268.00 - 646.00   -198.00 - 229.00
    RR Duration (msec)                                                                                                                   
      Week 12                                                                                                                            
        n                          272               204                196               147                200               150       
-       Mean (SD)            529.88 (59.83)     -15.98 (68.32)    520.46 (61.77)     -32.73 (61.63)    536.21 (66.14)     -8.77 (56.40)  
+       Mean (SD)            544.93 (75.65)     4.23 (106.30)     548.10 (67.99)     11.84 (112.78)    535.05 (77.72)     -9.33 (106.00) 
-       Median                   528.00             -14.00            520.00             -32.00            533.33             -10.00     
+       Median                   538.00              1.00             550.83              9.00             536.83             -7.50      
-       Min - Max            312.00 - 672.00   -240.00 - 136.00   400.00 - 708.00   -208.00 - 140.00   368.00 - 680.00   -172.00 - 128.00
+       Min - Max            362.00 - 787.00   -247.00 - 433.00   328.00 - 775.00   -305.00 - 394.00   332.00 - 726.00   -306.00 - 241.00
      Week 16                                                                                                                            
        n                          268               201                144               108                160               120       
-       Mean (SD)            537.65 (73.43)     -7.46 (77.25)     532.96 (63.92)     -19.07 (68.88)    528.03 (56.81)     -9.43 (60.42)  
+       Mean (SD)            537.02 (71.34)     -3.13 (108.98)    545.69 (69.08)     16.00 (103.02)    540.52 (68.23)     -2.38 (106.52) 
-       Median                   534.67             -24.00            524.00             -16.00            520.00              0.00      
+       Median                   538.50             -7.00             548.83             20.50             535.17             -13.00     
-       Min - Max            304.00 - 760.00   -176.00 - 200.00   396.00 - 744.00   -208.00 - 180.00   400.00 - 672.00   -184.00 - 120.00
+       Min - Max            267.00 - 707.00   -291.00 - 394.00   295.00 - 727.00   -294.00 - 253.00   348.00 - 732.00   -248.00 - 240.00
      Week 2                                                                                                                             
-       n                          336               252                285               214                374               280       
+       n                          336               252                288               216                376               282       
-       Mean (SD)            535.25 (70.15)     -13.48 (58.36)    527.12 (59.41)     -23.61 (63.22)    541.15 (73.20)     -9.67 (61.01)  
+       Mean (SD)            538.85 (70.56)     -6.45 (109.68)    535.58 (76.62)     -0.76 (114.35)    524.55 (67.27)    -13.67 (108.43) 
-       Median                   520.00             -10.00            524.00             -24.00            536.00             -8.00      
+       Median                   539.00             -12.00            532.50             -5.00             520.00             -17.00     
-       Min - Max            360.00 - 692.00   -152.00 - 160.00   384.00 - 764.00   -208.00 - 160.00   352.00 - 760.00   -192.00 - 160.00
+       Min - Max            316.00 - 782.00   -270.00 - 290.00   352.00 - 754.00   -296.00 - 313.00   321.00 - 735.00   -260.00 - 356.00
      Week 20                                                                                                                            
-       n                          264               198                128                96                116                87       
+       n                          264               198                128                96                120                90       
-       Mean (SD)            533.31 (78.83)     -11.88 (68.45)    508.29 (61.34)     -40.83 (73.31)    519.26 (62.16)     -13.70 (56.14) 
+       Mean (SD)            537.91 (67.73)     -2.66 (106.25)    532.52 (67.79)      5.79 (91.49)     538.32 (63.55)     -5.83 (97.78)  
-       Median                   520.00             -8.00             496.00             -40.00            518.67             -24.00     
+       Median                   537.50             -0.50             525.17              4.50             545.33             -18.00     
-       Min - Max            320.00 - 800.00   -184.00 - 232.00   392.00 - 740.00   -328.00 - 180.00   400.00 - 648.00   -156.00 - 120.00
+       Min - Max            325.00 - 889.00   -342.00 - 409.00   377.00 - 753.00   -212.00 - 219.00   335.00 - 698.00   -233.00 - 291.00
      Week 24                                                                                                                            
        n                          236               177                120                90                104                78       
-       Mean (SD)            538.71 (70.69)     -7.66 (63.32)     522.49 (72.89)     -27.87 (70.99)    528.72 (69.21)      0.36 (68.31)  
+       Mean (SD)            540.80 (74.26)     0.99 (108.79)     536.13 (77.25)     10.78 (112.18)    532.22 (63.48)    -12.10 (102.98) 
-       Median                   524.00             -8.00             512.00             -32.00            528.00              0.00      
+       Median                   539.50             10.00             530.17              9.00             539.17             -7.00      
-       Min - Max            360.00 - 796.00   -144.00 - 200.00   360.00 - 792.00   -160.00 - 168.00   368.00 - 692.00   -192.00 - 192.00
+       Min - Max            346.00 - 742.00   -266.00 - 293.00   307.00 - 773.00   -318.00 - 331.00   400.00 - 674.00   -231.00 - 206.00
      Week 26                                                                                                                            
        n                          232               174                112                84                100                75       
-       Mean (SD)            523.54 (72.48)     -24.21 (70.65)    496.52 (56.87)     -57.76 (80.23)    517.55 (71.56)     -10.29 (61.63) 
+       Mean (SD)            528.71 (70.52)     -9.14 (113.69)    554.36 (74.05)     30.55 (111.46)    521.08 (77.29)    -25.09 (117.85) 
-       Median                   520.00             -24.00            489.33             -72.00            519.33              0.00      
+       Median                   523.67             -22.50            554.50             28.50             523.00             -30.00     
-       Min - Max            320.00 - 704.00   -200.00 - 168.00   380.00 - 716.00   -248.00 - 136.00   396.00 - 692.00   -156.00 - 128.00
+       Min - Max            358.00 - 817.00   -254.00 - 349.00   369.00 - 744.00   -235.00 - 242.00   285.00 - 731.00   -353.00 - 267.00
      Week 4                                                                                                                             
        n                          328               246                288               216                292               219       
-       Mean (SD)            535.77 (69.49)     -12.50 (62.54)    527.04 (63.28)     -24.00 (63.69)    543.07 (71.89)     -6.94 (67.17)  
+       Mean (SD)            533.40 (72.57)    -10.89 (108.42)    531.96 (71.79)     -4.38 (115.89)    533.04 (78.39)     -3.45 (111.57) 
-       Median                   536.00             -8.00             520.00             -24.00            536.00             -8.00      
+       Median                   535.50             -14.00            530.17             -9.00             538.00              0.00      
-       Min - Max            336.00 - 808.00   -192.00 - 200.00   380.00 - 724.00   -208.00 - 160.00   380.00 - 720.00   -172.00 - 320.00
+       Min - Max            302.00 - 777.00   -364.00 - 315.00   295.00 - 717.00   -288.00 - 382.00   252.00 - 761.00   -410.00 - 382.00
      Week 6                                                                                                                             
        n                          304               228                268               201                260               195       
-       Mean (SD)            535.33 (72.10)     -10.19 (62.45)    519.52 (62.28)     -36.14 (66.65)    539.63 (77.07)     -7.32 (59.81)  
+       Mean (SD)            532.39 (72.57)    -12.47 (114.64)    533.06 (70.55)     -5.92 (109.41)    531.62 (66.85)     -3.84 (111.57) 
-       Median                   522.67             -8.00             517.33             -32.00            526.00             -8.00      
+       Median                   536.50             -11.00            529.67             -1.00             531.67             -11.00     
-       Min - Max            320.00 - 840.00   -184.00 - 192.00   360.00 - 696.00   -288.00 - 176.00   392.00 - 800.00   -220.00 - 240.00
+       Min - Max            326.00 - 745.00   -293.00 - 391.00   306.00 - 738.00   -303.00 - 270.00   358.00 - 805.00   -261.00 - 288.00
      Week 8                                                                                                                             
        n                          288               216                220               165                232               174       
-       Mean (SD)            544.07 (67.98)     -0.35 (60.57)     539.30 (62.33)     -14.08 (64.16)    535.43 (66.19)     -8.37 (65.41)  
+       Mean (SD)            536.66 (69.78)     -5.84 (113.86)    527.87 (71.46)     -6.13 (117.02)    532.20 (72.83)     -6.78 (113.62) 
-       Median                   544.67              0.00             536.00             -16.00            528.00             -4.00      
+       Median                   537.50             -2.00             525.17             -3.00             532.00             -4.50      
-       Min - Max            360.00 - 756.00   -160.00 - 200.00   364.00 - 792.00   -172.00 - 200.00   368.00 - 720.00   -208.00 - 184.00
+       Min - Max            326.00 - 760.00   -301.00 - 332.00   343.00 - 715.00   -330.00 - 246.00   280.00 - 801.00   -394.00 - 485.00

* Run `testthat::snapshot_accept('table_egt01')` to accept the change.
* Run `testthat::snapshot_review('table_egt01')` to interactively review the change.</failure>
    </testcase>
  </testsuite>
  <testsuite name="table_egt02" timestamp="2024-10-29T03:38:27Z" hostname="08eced3c4cfd" tests="4" skipped="0" failures="2" errors="0" time="2.027">
    <testcase time="1.434" classname="table_egt02" name="_EGT02_1._Regardless_of_Abnormality_at_Baseline"/>
    <testcase time="0.331000000000003" classname="table_egt02" name="_EGT02_1._Regardless_of_Abnormality_at_Baseline">
      <failure type="failure" message="Snapshot of code has changed: ('test-table_egt02.R:35:3')">Snapshot of code has changed:
old[6:15] vs new[6:15]
    ———————————————————————————————————————————————————————————————————————————————————
    Heart Rate (beats/min)                                                             
      Low                        0/84                0/72                  0/94        
-     High                    6/84 (7.1%)        4/72 (5.6%)            6/94 (6.4%)    
+     High                    4/84 (4.8%)            0/72                  0/94        
    QT Duration (msec)                                                                 
-     Low                    23/84 (27.4%)      15/72 (20.8%)          21/94 (22.3%)   
+     Low                    55/84 (65.5%)      44/72 (61.1%)          52/94 (55.3%)   
-     High                   70/84 (83.3%)      66/72 (91.7%)          85/94 (90.4%)   
+     High                   84/84 (100%)        72/72 (100%)          93/94 (98.9%)   
    RR Duration (msec)                                                                 
-     Low                    84/84 (100%)       71/72 (98.6%)          90/94 (95.7%)   
+     Low                    84/84 (100%)        72/72 (100%)          94/94 (100%)    
      High                       0/84                0/72                  0/94        

* Run `testthat::snapshot_accept('table_egt02')` to accept the change.
* Run `testthat::snapshot_review('table_egt02')` to interactively review the change.</failure>
    </testcase>
    <testcase time="0.167000000000002" classname="table_egt02" name="_EGT02_2._Among_Subjects_Without_Abnormality_at_Baseline"/>
    <testcase time="0.0949999999999989" classname="table_egt02" name="_EGT02_2._Among_Subjects_Without_Abnormality_at_Baseline">
      <failure type="failure" message="Snapshot of code has changed: ('test-table_egt02.R:55:3')">Snapshot of code has changed:
old[6:15] vs new[6:15]
    ———————————————————————————————————————————————————————————————————————————————————
    Heart Rate (beats/min)                                                             
      Low                        0/84                0/72                  0/94        
-     High                     5/84 (6%)         4/72 (5.6%)            6/94 (6.4%)    
+     High                    4/84 (4.8%)            0/72                  0/94        
    QT Duration (msec)                                                                 
-     Low                    23/84 (27.4%)      15/72 (20.8%)          20/94 (21.3%)   
+     Low                    52/84 (61.9%)      44/72 (61.1%)          51/94 (54.3%)   
-     High                   69/84 (82.1%)      65/72 (90.3%)          81/94 (86.2%)   
+     High                   83/84 (98.8%)       72/72 (100%)          90/94 (95.7%)   
    RR Duration (msec)                                                                 
-     Low                    83/84 (98.8%)      71/72 (98.6%)          90/94 (95.7%)   
+     Low                    84/84 (100%)        72/72 (100%)          94/94 (100%)    
      High                       0/84                0/72                  0/94        

* Run `testthat::snapshot_accept('table_egt02')` to accept the change.
* Run `testthat::snapshot_review('table_egt02')` to interactively review the change.</failure>
    </testcase>
  </testsuite>
  <testsuite name="table_egt03" timestamp="2024-10-29T03:38:28Z" hostname="08eced3c4cfd" tests="8" skipped="0" failures="4" errors="0" time="1.142">
    <testcase time="0.183999999999997" classname="table_egt03" name="EGT03_variant_1_is_produced_correctly"/>
    <testcase time="0.131" classname="table_egt03" name="EGT03_variant_1_is_produced_correctly">
      <failure type="failure" message="Snapshot of code has changed: ('test-table_egt03.R:57:3')">Snapshot of code has changed:
old vs new
  Code
    res
  Output
-                                    LOW        NORMAL        HIGH     Missing 
+                                  LOW     NORMAL      HIGH   Missing 
-   ———————————————————————————————————————————————————————————————————————————
+   ——————————————————————————————————————————————————————————————————
-   Placebo (N=336)                                                            
+   Placebo (N=336)                                                   
-     n                               0           331          3          2    
+     n                             0        333        0        3    
-     LOW                             0       83 (24.7%)    1 (0.3%)      0    
+     LOW                           0     84 (25%)      0        0    
-     NORMAL                          0       243 (72.3%)   2 (0.6%)      0    
+     NORMAL                        0    249 (74.1%)    0        0    
-     HIGH                            0        5 (1.5%)        0          0    
+     HIGH                          0         0         0        0    
-     Missing                         0            0           0       2 (0.6%)
+     Missing                       0         0         0     3 (0.9%)
-   Xanomeline High Dose (N=324)                                               
+   Xanomeline High Dose (N=328)                                      
-     n                               0           321          3          0    
+     n                             0        327        0        1    
-     LOW                             0       80 (24.7%)    1 (0.3%)      0    
+     LOW                           0     82 (25%)      0        0    
-     NORMAL                          0       241 (74.4%)   2 (0.6%)      0    
+     NORMAL                        0    245 (74.7%)    0        0    
-     HIGH                            0            0           0          0    
+     HIGH                          0         0         0        0    
-     Missing                         0            0           0          0    
+     Missing                       0         0         0     1 (0.3%)
-   Xanomeline Low Dose (N=336)                                                
+   Xanomeline Low Dose (N=336)                                       
-     n                               1           326          6          3    
+     n                             0        335        0        1    
-     LOW                             0       83 (24.7%)    1 (0.3%)      0    
+     LOW                           0     84 (25%)      0        0    
-     NORMAL                       1 (0.3%)    242 (72%)    5 (1.5%)      0    
+     NORMAL                        0    251 (74.7%)    0        0    
-     HIGH                            0        1 (0.3%)        0          0    
+     HIGH                          0         0         0        0    
-     Missing                         0            0           0       3 (0.9%)
+     Missing                       0         0         0     1 (0.3%)

* Run `testthat::snapshot_accept('table_egt03')` to accept the change.
* Run `testthat::snapshot_review('table_egt03')` to interactively review the change.</failure>
    </testcase>
    <testcase time="0.117000000000004" classname="table_egt03" name="EGT03_variant_2_is_produced_correctly"/>
    <testcase time="0.0899999999999892" classname="table_egt03" name="EGT03_variant_2_is_produced_correctly">
      <failure type="failure" message="Snapshot of code has changed: ('test-table_egt03.R:72:3')">Snapshot of code has changed:
old vs new
  Code
    res
  Output
-                                    NORMAL        LOW        HIGH  
+                                    NORMAL   
-   ————————————————————————————————————————————————————————————————
+   ——————————————————————————————————————————
-   Placebo (N=336)                                                 
+   Placebo (N=336)                           
-     n                                333          0          3    
+     n                                336    
-     LOW                          83 (24.7%)       0       1 (0.3%)
+     LOW                           84 (25%)  
-     NORMAL                       243 (72.3%)      0       2 (0.6%)
+     NORMAL                       249 (74.1%)
-     HIGH                          5 (1.5%)        0          0    
+     HIGH                              0     
-     Missing                       2 (0.6%)        0          0    
+     Missing                       3 (0.9%)  
-   Xanomeline High Dose (N=324)                                    
+   Xanomeline High Dose (N=328)              
-     n                                321          0          3    
+     n                                328    
-     LOW                          80 (24.7%)       0       1 (0.3%)
+     LOW                           82 (25%)  
-     NORMAL                       241 (74.4%)      0       2 (0.6%)
+     NORMAL                       245 (74.7%)
-     HIGH                              0           0          0    
+     HIGH                              0     
-     Missing                           0           0          0    
+     Missing                       1 (0.3%)  
-   Xanomeline Low Dose (N=336)                                     
+   Xanomeline Low Dose (N=336)               
-     n                                329          1          6    
+     n                                336    
-     LOW                          83 (24.7%)       0       1 (0.3%)
+     LOW                           84 (25%)  
-     NORMAL                        242 (72%)    1 (0.3%)   5 (1.5%)
+     NORMAL                       251 (74.7%)
-     HIGH                          1 (0.3%)        0          0    
+     HIGH                              0     
-     Missing                       3 (0.9%)        0          0    
+     Missing                       1 (0.3%)  

* Run `testthat::snapshot_accept('table_egt03')` to accept the change.
* Run `testthat::snapshot_review('table_egt03')` to interactively review the change.</failure>
    </testcase>
    <testcase time="0.182000000000002" classname="table_egt03" name="EGT03_variant_3_is_produced_correctly"/>
    <testcase time="0.126000000000005" classname="table_egt03" name="EGT03_variant_3_is_produced_correctly">
      <failure type="failure" message="Snapshot of code has changed: ('test-table_egt03.R:98:3')">Snapshot of code has changed:
old vs new
  Code
    res
  Output
-                                    LOW        NORMAL        HIGH     Missing 
+                                  LOW     NORMAL      HIGH   Missing 
-   ———————————————————————————————————————————————————————————————————————————
+   ——————————————————————————————————————————————————————————————————
-   Placebo (N=336)                                                            
+   Placebo (N=336)                                                   
-     n                               0           331          3          2    
+     n                             0        333        0        3    
-     LOW                             0       83 (24.7%)    1 (0.3%)      0    
+     LOW                           0     84 (25%)      0        0    
-     NORMAL                          0       243 (72.3%)   2 (0.6%)      0    
+     NORMAL                        0    249 (74.1%)    0        0    
-     HIGH                            0        5 (1.5%)        0          0    
+     HIGH                          0         0         0        0    
-     Missing                         0            0           0       2 (0.6%)
+     Missing                       0         0         0     3 (0.9%)
-   Xanomeline High Dose (N=324)                                               
+   Xanomeline High Dose (N=328)                                      
-     n                               0           321          3          0    
+     n                             0        327        0        1    
-     LOW                             0       80 (24.7%)    1 (0.3%)      0    
+     LOW                           0     82 (25%)      0        0    
-     NORMAL                          0       241 (74.4%)   2 (0.6%)      0    
+     NORMAL                        0    245 (74.7%)    0        0    
-     HIGH                            0            0           0          0    
+     HIGH                          0         0         0        0    
-     Missing                         0            0           0          0    
+     Missing                       0         0         0     1 (0.3%)
-   Xanomeline Low Dose (N=336)                                                
+   Xanomeline Low Dose (N=336)                                       
-     n                               1           326          6          3    
+     n                             0        335        0        1    
-     LOW                             0       83 (24.7%)    1 (0.3%)      0    
+     LOW                           0     84 (25%)      0        0    
-     NORMAL                       1 (0.3%)    242 (72%)    5 (1.5%)      0    
+     NORMAL                        0    251 (74.7%)    0        0    
-     HIGH                            0        1 (0.3%)        0          0    
+     HIGH                          0         0         0        0    
-     Missing                         0            0           0       3 (0.9%)
+     Missing                       0         0         0     1 (0.3%)

* Run `testthat::snapshot_accept('table_egt03')` to accept the change.
* Run `testthat::snapshot_review('table_egt03')` to interactively review the change.</failure>
    </testcase>
    <testcase time="0.179999999999993" classname="table_egt03" name="EGT03_variant_4_is_produced_correctly"/>
    <testcase time="0.132000000000005" classname="table_egt03" name="EGT03_variant_4_is_produced_correctly">
      <failure type="failure" message="Snapshot of code has changed: ('test-table_egt03.R:123:3')">Snapshot of code has changed:
old vs new
  Code
    res
  Output
-                                    LOW        NORMAL        HIGH     Missing 
+                                  LOW     NORMAL      HIGH   Missing 
-   ———————————————————————————————————————————————————————————————————————————
+   ——————————————————————————————————————————————————————————————————
-   Placebo (N=336)                                                            
+   Placebo (N=336)                                                   
-     n                               0           331          3          2    
+     n                             0        333        0        3    
-     LOW                             0       83 (24.7%)    1 (0.3%)      0    
+     LOW                           0     84 (25%)      0        0    
-     NORMAL                          0       243 (72.3%)   2 (0.6%)      0    
+     NORMAL                        0    249 (74.1%)    0        0    
-     HIGH                            0        5 (1.5%)        0          0    
+     HIGH                          0         0         0        0    
-     Missing                         0            0           0       2 (0.6%)
+     Missing                       0         0         0     3 (0.9%)
-   Xanomeline High Dose (N=324)                                               
+   Xanomeline High Dose (N=328)                                      
-     n                               0           321          3          0    
+     n                             0        327        0        1    
-     LOW                             0       80 (24.7%)    1 (0.3%)      0    
+     LOW                           0     82 (25%)      0        0    
-     NORMAL                          0       241 (74.4%)   2 (0.6%)      0    
+     NORMAL                        0    245 (74.7%)    0        0    
-     HIGH                            0            0           0          0    
+     HIGH                          0         0         0        0    
-     Missing                         0            0           0          0    
+     Missing                       0         0         0     1 (0.3%)
-   Xanomeline Low Dose (N=336)                                                
+   Xanomeline Low Dose (N=336)                                       
-     n                               1           326          6          3    
+     n                             0        335        0        1    
-     LOW                             0       83 (24.7%)    1 (0.3%)      0    
+     LOW                           0     84 (25%)      0        0    
-     NORMAL                       1 (0.3%)    242 (72%)    5 (1.5%)      0    
+     NORMAL                        0    251 (74.7%)    0        0    
-     HIGH                            0        1 (0.3%)        0          0    
+     HIGH                          0         0         0        0    
-     Missing                         0            0           0       3 (0.9%)
+     Missing                       0         0         0     1 (0.3%)

* Run `testthat::snapshot_accept('table_egt03')` to accept the change.
* Run `testthat::snapshot_review('table_egt03')` to interactively review the change.</failure>
    </testcase>
  </testsuite>
  <testsuite name="table_egt04" timestamp="2024-10-29T03:38:30Z" hostname="08eced3c4cfd" tests="2" skipped="0" failures="1" errors="0" time="1.465">
    <testcase time="1.36200000000001" classname="table_egt04" name="EGT04_default_variant_is_produced_correctly"/>
    <testcase time="0.102999999999994" classname="table_egt04" name="EGT04_default_variant_is_produced_correctly">
      <failure type="failure" message="Snapshot of code has changed: ('test-table_egt04.R:60:3')">Snapshot of code has changed:
old vs new
  Code
    res
  Output
-                                    Normal     Abnormal   Missing 
+                                  Normal    Abnormal    Missing 
-   ———————————————————————————————————————————————————————————————
+   —————————————————————————————————————————————————————————————
-   Placebo (N=145)                                                
+   Placebo (N=147)                                              
-     Normal                       73 (50.3%)      0       1 (0.7%)
+     Normal                         0      79 (53.7%)      0    
-     Abnormal                     38 (26.2%)   1 (0.7%)   2 (1.4%)
+     Abnormal                       0      46 (31.3%)      0    
-     Missing                      30 (20.7%)      0          0    
+     Missing                        0       22 (15%)       0    
-   Xanomeline High Dose (N=113)                                   
+   Xanomeline High Dose (N=120)                                 
-     Normal                       45 (39.8%)    9 (8%)    1 (0.9%)
+     Normal                         0      62 (51.7%)   1 (0.8%)
-     Abnormal                     27 (23.9%)   7 (6.2%)      0    
+     Abnormal                       0      40 (33.3%)   1 (0.8%)
-     Missing                      23 (20.4%)   1 (0.9%)      0    
+     Missing                        0      16 (13.3%)      0    
-   Xanomeline Low Dose (N=119)                                    
+   Xanomeline Low Dose (N=111)                                  
-     Normal                       52 (43.7%)   8 (6.7%)      0    
+     Normal                         0      58 (52.3%)      0    
-     Abnormal                     30 (25.2%)   3 (2.5%)      0    
+     Abnormal                       0      26 (23.4%)   2 (1.8%)
-     Missing                       25 (21%)       0       1 (0.8%)
+     Missing                        0      24 (21.6%)   1 (0.9%)

* Run `testthat::snapshot_accept('table_egt04')` to accept the change.
* Run `testthat::snapshot_review('table_egt04')` to interactively review the change.</failure>
    </testcase>
  </testsuite>
  <testsuite name="table_egt05_qtcat" timestamp="2024-10-29T03:38:31Z" hostname="08eced3c4cfd" tests="2" skipped="0" failures="1" errors="0" time="2.033">
    <testcase time="1.595" classname="table_egt05_qtcat" name="EGT05_QTCAT_default_variant_is_produced_correctly"/>
    <testcase time="0.438000000000002" classname="table_egt05_qtcat" name="EGT05_QTCAT_default_variant_is_produced_correctly">
      <failure type="failure" message="Snapshot of code has changed: ('test-table_egt05_qtcat.R:87:3')">Snapshot of code has changed:
old[9:116] vs new[9:116]
      Week 2                                                                            
        Value at Visit                                                                  
          n                         272               196                    200        
-         &lt;=450 msec            154 (56.6%)         94 (48%)             97 (48.5%)     
+         &lt;=450 msec            138 (50.7%)        86 (43.9%)             98 (49%)      
-         &gt;450 to &lt;=480 msec    48 (17.6%)         48 (24.5%)            31 (15.5%)     
+         &gt;450 to &lt;=480 msec     68 (25%)           47 (24%)              42 (21%)      
-         &gt;480 to &lt;= 500 msec    15 (5.5%)         21 (10.7%)            21 (10.5%)     
+         &gt;480 to &lt;= 500 msec    25 (9.2%)         25 (12.8%)             20 (10%)      
-         &gt;500 msec             55 (20.2%)         33 (16.8%)            51 (25.5%)     
+         &gt;500 msec             41 (15.1%)         38 (19.4%)             40 (20%)      
        Change from Baseline                                                            
          n                         204               147                    150        
-         &lt;=30 msec             162 (79.4%)       120 (81.6%)            112 (74.7%)    
+         &lt;=30 msec             139 (68.1%)        88 (59.9%)             96 (64%)      
-         &gt;30 to &lt;=60 msec      32 (15.7%)         16 (10.9%)            23 (15.3%)     
+         &gt;30 to &lt;=60 msec      24 (11.8%)         14 (9.5%)             16 (10.7%)     
-         &gt;60 msec               10 (4.9%)         11 (7.5%)              15 (10%)      
+         &gt;60 msec              41 (20.1%)         45 (30.6%)            38 (25.3%)     
      Week 4                                                                            
        Value at Visit                                                                  
          n                         268               144                    160        
-         &lt;=450 msec            128 (47.8%)        63 (43.8%)            77 (48.1%)     
+         &lt;=450 msec            121 (45.1%)        66 (45.8%)            63 (39.4%)     
-         &gt;450 to &lt;=480 msec    54 (20.1%)         44 (30.6%)            36 (22.5%)     
+         &gt;450 to &lt;=480 msec    57 (21.3%)         27 (18.8%)            46 (28.7%)     
-         &gt;480 to &lt;= 500 msec     24 (9%)           9 (6.2%)              11 (6.9%)     
+         &gt;480 to &lt;= 500 msec   30 (11.2%)         20 (13.9%)             13 (8.1%)     
-         &gt;500 msec             62 (23.1%)         28 (19.4%)            36 (22.5%)     
+         &gt;500 msec             60 (22.4%)         31 (21.5%)            38 (23.8%)     
        Change from Baseline                                                            
          n                         201               108                    120        
-         &lt;=30 msec             157 (78.1%)        86 (79.6%)            92 (76.7%)     
+         &lt;=30 msec             129 (64.2%)        69 (63.9%)            67 (55.8%)     
-         &gt;30 to &lt;=60 msec      29 (14.4%)         16 (14.8%)            15 (12.5%)     
+         &gt;30 to &lt;=60 msec      21 (10.4%)          6 (5.6%)              18 (15%)      
-         &gt;60 msec               15 (7.5%)          6 (5.6%)             13 (10.8%)     
+         &gt;60 msec              51 (25.4%)         33 (30.6%)            35 (29.2%)     
      Week 6                                                                            
        Value at Visit                                                                  
-         n                         336               324                    335        
+         n                         336               328                    336        
-         &lt;=450 msec            189 (56.2%)       151 (46.6%)            158 (47.2%)    
+         &lt;=450 msec            155 (46.1%)       144 (43.9%)             141 (42%)     
-         &gt;450 to &lt;=480 msec    65 (19.3%)         62 (19.1%)            83 (24.8%)     
+         &gt;450 to &lt;=480 msec     74 (22%)          79 (24.1%)            77 (22.9%)     
-         &gt;480 to &lt;= 500 msec    11 (3.3%)         22 (6.8%)              18 (5.4%)     
+         &gt;480 to &lt;= 500 msec   38 (11.3%)          36 (11%)              57 (17%)      
-         &gt;500 msec             71 (21.1%)         89 (27.5%)            76 (22.7%)     
+         &gt;500 msec             69 (20.5%)          69 (21%)             61 (18.2%)     
        Change from Baseline                                                            
-         n                         252               243                    251        
+         n                         252               246                    252        
-         &lt;=30 msec              204 (81%)        180 (74.1%)            186 (74.1%)    
+         &lt;=30 msec             161 (63.9%)        150 (61%)             158 (62.7%)    
-         &gt;30 to &lt;=60 msec      31 (12.3%)         41 (16.9%)            43 (17.1%)     
+         &gt;30 to &lt;=60 msec      36 (14.3%)         28 (11.4%)            32 (12.7%)     
-         &gt;60 msec               17 (6.7%)         22 (9.1%)              22 (8.8%)     
+         &gt;60 msec              55 (21.8%)         68 (27.6%)            62 (24.6%)     
      Week 8                                                                            
        Value at Visit                                                                  
-         n                         264               128                    116        
+         n                         264               128                    120        
-         &lt;=450 msec             153 (58%)          73 (57%)             60 (51.7%)     
+         &lt;=450 msec             124 (47%)         68 (53.1%)            58 (48.3%)     
-         &gt;450 to &lt;=480 msec    49 (18.6%)         26 (20.3%)            32 (27.6%)     
+         &gt;450 to &lt;=480 msec    49 (18.6%)          23 (18%)             21 (17.5%)     
-         &gt;480 to &lt;= 500 msec    14 (5.3%)          3 (2.3%)              6 (5.2%)      
+         &gt;480 to &lt;= 500 msec   34 (12.9%)         14 (10.9%)            15 (12.5%)     
-         &gt;500 msec             48 (18.2%)         26 (20.3%)            18 (15.5%)     
+         &gt;500 msec             57 (21.6%)          23 (18%)             26 (21.7%)     
        Change from Baseline                                                            
-         n                         198                96                    87         
+         n                         198                96                    90         
-         &lt;=30 msec             157 (79.3%)        81 (84.4%)            68 (78.2%)     
+         &lt;=30 msec             126 (63.6%)        63 (65.6%)            50 (55.6%)     
-         &gt;30 to &lt;=60 msec      30 (15.2%)          7 (7.3%)             13 (14.9%)     
+         &gt;30 to &lt;=60 msec      23 (11.6%)         12 (12.5%)            14 (15.6%)     
-         &gt;60 msec               11 (5.6%)          8 (8.3%)              6 (6.9%)      
+         &gt;60 msec              49 (24.7%)         21 (21.9%)            26 (28.9%)     
      Week 12                                                                           
        Value at Visit                                                                  
          n                         236               120                    104        
-         &lt;=450 msec             125 (53%)          60 (50%)             45 (43.3%)     
+         &lt;=450 msec            121 (51.3%)        59 (49.2%)            43 (41.3%)     
-         &gt;450 to &lt;=480 msec    64 (27.1%)         28 (23.3%)            31 (29.8%)     
+         &gt;450 to &lt;=480 msec    50 (21.2%)         23 (19.2%)            29 (27.9%)     
-         &gt;480 to &lt;= 500 msec    13 (5.5%)          12 (10%)              5 (4.8%)      
+         &gt;480 to &lt;= 500 msec   27 (11.4%)         20 (16.7%)            12 (11.5%)     
-         &gt;500 msec             34 (14.4%)         20 (16.7%)            23 (22.1%)     
+         &gt;500 msec             38 (16.1%)          18 (15%)             20 (19.2%)     
        Change from Baseline                                                            
          n                         177                90                    78         
-         &lt;=30 msec             137 (77.4%)        70 (77.8%)            58 (74.4%)     
+         &lt;=30 msec             122 (68.9%)        62 (68.9%)            45 (57.7%)     
-         &gt;30 to &lt;=60 msec      25 (14.1%)          6 (6.7%)             17 (21.8%)     
+         &gt;30 to &lt;=60 msec      19 (10.7%)          8 (8.9%)               7 (9%)       
-         &gt;60 msec               15 (8.5%)         14 (15.6%)             3 (3.8%)      
+         &gt;60 msec              36 (20.3%)         20 (22.2%)            26 (33.3%)     
      Week 16                                                                           
        Value at Visit                                                                  
          n                         232               112                    100        
-         &lt;=450 msec            138 (59.5%)        57 (50.9%)             57 (57%)      
+         &lt;=450 msec             109 (47%)         55 (49.1%)             60 (60%)      
-         &gt;450 to &lt;=480 msec     51 (22%)          25 (22.3%)             23 (23%)      
+         &gt;450 to &lt;=480 msec    56 (24.1%)          19 (17%)              25 (25%)      
-         &gt;480 to &lt;= 500 msec    13 (5.6%)          6 (5.4%)               3 (3%)       
+         &gt;480 to &lt;= 500 msec   26 (11.2%)         16 (14.3%)              4 (4%)       
-         &gt;500 msec             30 (12.9%)         24 (21.4%)             17 (17%)      
+         &gt;500 msec             41 (17.7%)         22 (19.6%)             11 (11%)      
        Change from Baseline                                                            
          n                         174                84                    75         
-         &lt;=30 msec             143 (82.2%)         68 (81%)              69 (92%)      
+         &lt;=30 msec             113 (64.9%)        56 (66.7%)            49 (65.3%)     
-         &gt;30 to &lt;=60 msec      18 (10.3%)         10 (11.9%)             2 (2.7%)      
+         &gt;30 to &lt;=60 msec      22 (12.6%)           5 (6%)               7 (9.3%)      
-         &gt;60 msec               13 (7.5%)          6 (7.1%)              4 (5.3%)      
+         &gt;60 msec              39 (22.4%)         23 (27.4%)            19 (25.3%)     
      Week 20                                                                           
        Value at Visit                                                                  
          n                         328               292                    288        
-         &lt;=450 msec            158 (48.2%)       128 (43.8%)            132 (45.8%)    
+         &lt;=450 msec            142 (43.3%)       121 (41.4%)            130 (45.1%)    
-         &gt;450 to &lt;=480 msec    81 (24.7%)         58 (19.9%)            78 (27.1%)     
+         &gt;450 to &lt;=480 msec    79 (24.1%)          73 (25%)             64 (22.2%)     
-         &gt;480 to &lt;= 500 msec    12 (3.7%)         31 (10.6%)             27 (9.4%)     
+         &gt;480 to &lt;= 500 msec   42 (12.8%)         39 (13.4%)            37 (12.8%)     
-         &gt;500 msec             77 (23.5%)         75 (25.7%)            51 (17.7%)     
+         &gt;500 msec             65 (19.8%)         59 (20.2%)            57 (19.8%)     
        Change from Baseline                                                            
          n                         246               219                    216        
-         &lt;=30 msec             190 (77.2%)       167 (76.3%)            163 (75.5%)    
+         &lt;=30 msec             156 (63.4%)       136 (62.1%)            126 (58.3%)    
-         &gt;30 to &lt;=60 msec       37 (15%)           24 (11%)             30 (13.9%)     
+         &gt;30 to &lt;=60 msec       22 (8.9%)         29 (13.2%)            30 (13.9%)     
-         &gt;60 msec               19 (7.7%)         28 (12.8%)            23 (10.6%)     
+         &gt;60 msec              68 (27.6%)         54 (24.7%)            60 (27.8%)     
      Week 24                                                                           
        Value at Visit                                                                  
          n                         304               268                    260        
-         &lt;=450 msec            159 (52.3%)       122 (45.5%)            125 (48.1%)    
+         &lt;=450 msec            153 (50.3%)       123 (45.9%)            129 (49.6%)    
-         &gt;450 to &lt;=480 msec    84 (27.6%)         66 (24.6%)            83 (31.9%)     
+         &gt;450 to &lt;=480 msec    69 (22.7%)         68 (25.4%)            48 (18.5%)     
-         &gt;480 to &lt;= 500 msec    20 (6.6%)         19 (7.1%)              20 (7.7%)     
+         &gt;480 to &lt;= 500 msec    30 (9.9%)         32 (11.9%)            33 (12.7%)     
-         &gt;500 msec             41 (13.5%)         61 (22.8%)            32 (12.3%)     
+         &gt;500 msec             52 (17.1%)         45 (16.8%)            50 (19.2%)     
        Change from Baseline                                                            
          n                         228               201                    195        
-         &lt;=30 msec             188 (82.5%)       168 (83.6%)             158 (81%)     
+         &lt;=30 msec              146 (64%)        128 (63.7%)            118 (60.5%)    
-         &gt;30 to &lt;=60 msec       21 (9.2%)         24 (11.9%)            30 (15.4%)     
+         &gt;30 to &lt;=60 msec      30 (13.2%)         24 (11.9%)            33 (16.9%)     
-         &gt;60 msec               19 (8.3%)          9 (4.5%)              7 (3.6%)      
+         &gt;60 msec              52 (22.8%)         49 (24.4%)            44 (22.6%)     
      Week 26                                                                           
        Value at Visit                                                                  
          n                         288               220                    232        
-         &lt;=450 msec            143 (49.7%)        84 (38.2%)             123 (53%)     
+         &lt;=450 msec            146 (50.7%)       117 (53.2%)            105 (45.3%)    
-         &gt;450 to &lt;=480 msec     75 (26%)          58 (26.4%)            38 (16.4%)     
+         &gt;450 to &lt;=480 msec    61 (21.2%)         53 (24.1%)            56 (24.1%)     
-         &gt;480 to &lt;= 500 msec     23 (8%)          21 (9.5%)              15 (6.5%)     
+         &gt;480 to &lt;= 500 msec    27 (9.4%)         18 (8.2%)              23 (9.9%)     
-         &gt;500 msec             47 (16.3%)         57 (25.9%)            56 (24.1%)     
+         &gt;500 msec             54 (18.8%)         32 (14.5%)            48 (20.7%)     
        Change from Baseline                                                            
          n                         216               165                    174        
-         &lt;=30 msec             181 (83.8%)       125 (75.8%)            128 (73.6%)    
+         &lt;=30 msec             147 (68.1%)       107 (64.8%)            102 (58.6%)    
-         &gt;30 to &lt;=60 msec       18 (8.3%)         29 (17.6%)            26 (14.9%)     
+         &gt;30 to &lt;=60 msec      25 (11.6%)         16 (9.7%)             28 (16.1%)     
-         &gt;60 msec               17 (7.9%)         11 (6.7%)             20 (11.5%)     
+         &gt;60 msec              44 (20.4%)         42 (25.5%)            44 (25.3%)     

* Run `testthat::snapshot_accept('table_egt05_qtcat')` to accept the change.
* Run `testthat::snapshot_review('table_egt05_qtcat')` to interactively review the change.</failure>
    </testcase>
  </testsuite>
  <testsuite name="table_ent" timestamp="2024-10-29T03:38:32Z" hostname="08eced3c4cfd" tests="8" skipped="0" failures="0" errors="0" time="12.913">
    <testcase time="3.17" classname="table_ent" name="ENT01_IT_is_produced_correctly"/>
    <testcase time="0.575999999999993" classname="table_ent" name="ENT01_IT_is_produced_correctly"/>
    <testcase time="2.077" classname="table_ent" name="ENT01a_IT_is_produced_correctly"/>
    <testcase time="0.531000000000006" classname="table_ent" name="ENT01a_IT_is_produced_correctly"/>
    <testcase time="3.256" classname="table_ent" name="ENT02_IT_is_produced_correctly"/>
    <testcase time="0.572999999999993" classname="table_ent" name="ENT02_IT_is_produced_correctly"/>
    <testcase time="2.17200000000001" classname="table_ent" name="ENT02a_IT_is_produced_correctly"/>
    <testcase time="0.558000000000007" classname="table_ent" name="ENT02a_IT_is_produced_correctly"/>
  </testsuite>
  <testsuite name="table_eudrat01" timestamp="2024-10-29T03:38:45Z" hostname="08eced3c4cfd" tests="2" skipped="0" failures="0" errors="0" time="0.591">
    <testcase time="0.467999999999989" classname="table_eudrat01" name="EUDRAT01_is_produced_correctly"/>
    <testcase time="0.123000000000005" classname="table_eudrat01" name="EUDRAT01_is_produced_correctly"/>
  </testsuite>
  <testsuite name="table_eudrat02" timestamp="2024-10-29T03:38:46Z" hostname="08eced3c4cfd" tests="2" skipped="0" failures="0" errors="0" time="0.465">
    <testcase time="0.374000000000009" classname="table_eudrat02" name="EUDRAT02_is_produced_correctly"/>
    <testcase time="0.0909999999999798" classname="table_eudrat02" name="EUDRAT02_is_produced_correctly"/>
  </testsuite>
  <testsuite name="table_ext01" timestamp="2024-10-29T03:38:46Z" hostname="08eced3c4cfd" tests="6" skipped="0" failures="0" errors="0" time="1.559">
    <testcase time="0.375" classname="table_ext01" name="EXT01_default_variant_with_numeric_parameters_is_produced_correctly"/>
    <testcase time="0.149000000000001" classname="table_ext01" name="EXT01_default_variant_with_numeric_parameters_is_produced_correctly"/>
    <testcase time="0.277000000000015" classname="table_ext01" name="EXT01_variant_with_both_numeric_and_categorical_parameters"/>
    <testcase time="0.200999999999993" classname="table_ext01" name="EXT01_variant_with_both_numeric_and_categorical_parameters"/>
    <testcase time="0.316000000000003" classname="table_ext01" name="EXT01_variant_with_user_specified_categories_for_missed_doses"/>
    <testcase time="0.241000000000014" classname="table_ext01" name="EXT01_variant_with_user_specified_categories_for_missed_doses"/>
  </testsuite>
  <testsuite name="table_lbt01" timestamp="2024-10-29T03:38:48Z" hostname="08eced3c4cfd" tests="2" skipped="0" failures="0" errors="0" time="2.034">
    <testcase time="1.512" classname="table_lbt01" name="LBT01_default_variant_is_produced_correctly"/>
    <testcase time="0.521999999999991" classname="table_lbt01" name="LBT01_default_variant_is_produced_correctly"/>
  </testsuite>
  <testsuite name="table_lbt02" timestamp="2024-10-29T03:38:50Z" hostname="08eced3c4cfd" tests="2" skipped="0" failures="0" errors="0" time="1.355">
    <testcase time="0.822000000000003" classname="table_lbt02" name="LBT02_default_variant_is_produced_correctly"/>
    <testcase time="0.532999999999987" classname="table_lbt02" name="LBT02_default_variant_is_produced_correctly"/>
  </testsuite>
  <testsuite name="table_lbt03" timestamp="2024-10-29T03:38:51Z" hostname="08eced3c4cfd" tests="2" skipped="0" failures="1" errors="0" time="0.302">
    <testcase time="0.183999999999997" classname="table_lbt03" name="LBT03_default_variant_is_produced_correctly"/>
    <testcase time="0.117999999999995" classname="table_lbt03" name="LBT03_default_variant_is_produced_correctly">
      <failure type="failure" message="Snapshot of code has changed: ('test-table_lbt03.R:29:3')">Snapshot of code has changed:
old[5:14] vs new[5:14]
                      (N=86)              (N=84)                (N=84)       
    —————————————————————————————————————————————————————————————————————————
    Baseline                                                                 
-     n                 86                  84                    82         
+     n                 0                   0                      0         
-     Mean (SD)    17.57 (9.22)       19.20 (10.05)          17.96 (8.72)    
+     Mean (SD)         NA                  NA                    NA         
-     Median          15.00               16.00                  17.00       
+     Median            NA                  NA                    NA         
-     Min - Max    7.00 - 69.00        6.00 - 64.00          5.00 - 70.00    
+     Min - Max         NA                  NA                    NA         
    Week 2                                                                   
      n                 83                  78                    80         
      Mean (SD)    0.29 (7.80)         1.72 (6.85)            2.78 (7.03)    

* Run `testthat::snapshot_accept('table_lbt03')` to accept the change.
* Run `testthat::snapshot_review('table_lbt03')` to interactively review the change.</failure>
    </testcase>
  </testsuite>
  <testsuite name="table_lbt04" timestamp="2024-10-29T03:38:52Z" hostname="08eced3c4cfd" tests="2" skipped="0" failures="0" errors="0" time="1.277">
    <testcase time="1.07300000000001" classname="table_lbt04" name="LBT04_default_variant_is_produced_correctly"/>
    <testcase time="0.204000000000008" classname="table_lbt04" name="LBT04_default_variant_is_produced_correctly"/>
  </testsuite>
  <testsuite name="table_lbt05" timestamp="2024-10-29T03:38:53Z" hostname="08eced3c4cfd" tests="6" skipped="0" failures="0" errors="0" time="6.335">
    <testcase time="2.227" classname="table_lbt05" name="LBT05_variant_1_is_produced_correctly"/>
    <testcase time="0.373999999999995" classname="table_lbt05" name="LBT05_variant_1_is_produced_correctly"/>
    <testcase time="1.32399999999998" classname="table_lbt05" name="LBT05_variant_2_is_produced_correctly"/>
    <testcase time="0.472000000000008" classname="table_lbt05" name="LBT05_variant_2_is_produced_correctly"/>
    <testcase time="1.59399999999999" classname="table_lbt05" name="LBT05_variant_4_is_produced_correctly"/>
    <testcase time="0.343999999999994" classname="table_lbt05" name="LBT05_variant_4_is_produced_correctly"/>
  </testsuite>
  <testsuite name="table_lbt06" timestamp="2024-10-29T03:38:59Z" hostname="08eced3c4cfd" tests="2" skipped="0" failures="0" errors="0" time="0.503">
    <testcase time="0.346000000000004" classname="table_lbt06" name="LBT06_default_variant_is_produced_correctly"/>
    <testcase time="0.157000000000011" classname="table_lbt06" name="LBT06_default_variant_is_produced_correctly"/>
  </testsuite>
  <testsuite name="table_lbt07" timestamp="2024-10-29T03:39:00Z" hostname="08eced3c4cfd" tests="2" skipped="0" failures="0" errors="0" time="2.257">
    <testcase time="1.96799999999999" classname="table_lbt07" name="LBT07_is_produced_correctly"/>
    <testcase time="0.289000000000016" classname="table_lbt07" name="LBT07_is_produced_correctly"/>
  </testsuite>
  <testsuite name="table_lbt08" timestamp="2024-10-29T03:39:02Z" hostname="08eced3c4cfd" tests="2" skipped="0" failures="0" errors="0" time="0.364">
    <testcase time="0.251999999999981" classname="table_lbt08" name="LBT08_produce_correctly"/>
    <testcase time="0.112000000000023" classname="table_lbt08" name="LBT08_produce_correctly"/>
  </testsuite>
  <testsuite name="table_lbt09" timestamp="2024-10-29T03:39:02Z" hostname="08eced3c4cfd" tests="4" skipped="0" failures="0" errors="0" time="0.901">
    <testcase time="0.312999999999988" classname="table_lbt09" name="LBT09_variant_1_works_as_expected"/>
    <testcase time="0.15100000000001" classname="table_lbt09" name="LBT09_variant_1_works_as_expected"/>
    <testcase time="0.286999999999978" classname="table_lbt09" name="LBT09_variant_2_works_as_expected"/>
    <testcase time="0.150000000000006" classname="table_lbt09" name="LBT09_variant_2_works_as_expected"/>
  </testsuite>
  <testsuite name="table_lbt10" timestamp="2024-10-29T03:39:03Z" hostname="08eced3c4cfd" tests="4" skipped="0" failures="0" errors="0" time="1.19">
    <testcase time="0.669000000000011" classname="table_lbt10" name="LBT10_variant_1_works_as_expected"/>
    <testcase time="0.0720000000000027" classname="table_lbt10" name="LBT10_variant_1_works_as_expected"/>
    <testcase time="0.390999999999991" classname="table_lbt10" name="LBT10_variant_2_works_as_expected"/>
    <testcase time="0.0579999999999927" classname="table_lbt10" name="LBT10_variant_2_works_as_expected"/>
  </testsuite>
  <testsuite name="table_lbt10_bl" timestamp="2024-10-29T03:39:04Z" hostname="08eced3c4cfd" tests="4" skipped="0" failures="0" errors="0" time="0.484">
    <testcase time="0.233000000000004" classname="table_lbt10_bl" name="LBT10_BL_variant_1_works_as_expected"/>
    <testcase time="0.0690000000000168" classname="table_lbt10_bl" name="LBT10_BL_variant_1_works_as_expected"/>
    <testcase time="0.123999999999995" classname="table_lbt10_bl" name="LBT10_BL_variant_2_works_as_expected"/>
    <testcase time="0.0579999999999927" classname="table_lbt10_bl" name="LBT10_BL_variant_2_works_as_expected"/>
  </testsuite>
  <testsuite name="table_lbt11" timestamp="2024-10-29T03:39:05Z" hostname="08eced3c4cfd" tests="6" skipped="0" failures="0" errors="0" time="0.717">
    <testcase time="0.181999999999988" classname="table_lbt11" name="LBT11_variant_1_works_as_expected"/>
    <testcase time="0.092000000000013" classname="table_lbt11" name="LBT11_variant_1_works_as_expected"/>
    <testcase time="0.0939999999999941" classname="table_lbt11" name="LBT11_variant_2_works_as_expected"/>
    <testcase time="0.0840000000000032" classname="table_lbt11" name="LBT11_variant_2_works_as_expected"/>
    <testcase time="0.156000000000006" classname="table_lbt11" name="LBT11_variant_3_works_as_expected"/>
    <testcase time="0.109000000000009" classname="table_lbt11" name="LBT11_variant_3_works_as_expected"/>
  </testsuite>
  <testsuite name="table_lbt11_bl" timestamp="2024-10-29T03:39:06Z" hostname="08eced3c4cfd" tests="6" skipped="0" failures="0" errors="0" time="0.799">
    <testcase time="0.195999999999998" classname="table_lbt11_bl" name="LBT11_BL_variant_1_works_as_expected"/>
    <testcase time="0.0929999999999893" classname="table_lbt11_bl" name="LBT11_BL_variant_1_works_as_expected"/>
    <testcase time="0.111999999999995" classname="table_lbt11_bl" name="LBT11_BL_variant_2_works_as_expected"/>
    <testcase time="0.078000000000003" classname="table_lbt11_bl" name="LBT11_BL_variant_2_works_as_expected"/>
    <testcase time="0.198000000000008" classname="table_lbt11_bl" name="LBT11_BL_variant_3_works_as_expected"/>
    <testcase time="0.121999999999986" classname="table_lbt11_bl" name="LBT11_BL_variant_3_works_as_expected"/>
  </testsuite>
  <testsuite name="table_lbt12" timestamp="2024-10-29T03:39:06Z" hostname="08eced3c4cfd" tests="2" skipped="0" failures="0" errors="0" time="0.371">
    <testcase time="0.289000000000016" classname="table_lbt12" name="LBT12_works_as_expected"/>
    <testcase time="0.0819999999999936" classname="table_lbt12" name="LBT12_works_as_expected"/>
  </testsuite>
  <testsuite name="table_lbt12_bl" timestamp="2024-10-29T03:39:07Z" hostname="08eced3c4cfd" tests="2" skipped="0" failures="0" errors="0" time="0.363">
    <testcase time="0.275000000000006" classname="table_lbt12_bl" name="LBT12_BL_works_as_expected"/>
    <testcase time="0.0879999999999939" classname="table_lbt12_bl" name="LBT12_BL_works_as_expected"/>
  </testsuite>
  <testsuite name="table_lbt13" timestamp="2024-10-29T03:39:08Z" hostname="08eced3c4cfd" tests="10" skipped="0" failures="0" errors="0" time="2.196">
    <testcase time="0.748999999999995" classname="table_lbt13" name="LBT13_variant_1_LOW_works_as_expected"/>
    <testcase time="0.085000000000008" classname="table_lbt13" name="LBT13_variant_1_LOW_works_as_expected"/>
    <testcase time="0.145999999999987" classname="table_lbt13" name="LBT13_variant_2_HIGH_works_as_expected"/>
    <testcase time="0.0620000000000118" classname="table_lbt13" name="LBT13_variant_2_HIGH_works_as_expected"/>
    <testcase time="0.228000000000009" classname="table_lbt13" name="LBT13_variant_3_LOW_without_baseline_missing_works_as_expected"/>
    <testcase time="0.0979999999999848" classname="table_lbt13" name="LBT13_variant_3_LOW_without_baseline_missing_works_as_expected"/>
    <testcase time="0.132000000000005" classname="table_lbt13" name="LBT13_variant_4_HIGH_with_missing_baseline_considered_as_grade_0_works_as_expected"/>
    <testcase time="0.0759999999999934" classname="table_lbt13" name="LBT13_variant_4_HIGH_with_missing_baseline_considered_as_grade_0_works_as_expected"/>
    <testcase time="0.40300000000002" classname="table_lbt13" name="LBT14_variant_5_HIGH_with_filled_in_grades_works_as_expected"/>
    <testcase time="0.216999999999985" classname="table_lbt13" name="LBT14_variant_5_HIGH_with_filled_in_grades_works_as_expected"/>
  </testsuite>
  <testsuite name="table_lbt14" timestamp="2024-10-29T03:39:10Z" hostname="08eced3c4cfd" tests="10" skipped="0" failures="0" errors="0" time="27.649">
    <testcase time="5.63499999999999" classname="table_lbt14" name="LBT14_variant_1_HIGH_works_as_expected"/>
    <testcase time="0.463000000000022" classname="table_lbt14" name="LBT14_variant_1_HIGH_works_as_expected"/>
    <testcase time="5.16299999999998" classname="table_lbt14" name="LBT14_variant_2_LOW_works_as_expected"/>
    <testcase time="0.293000000000006" classname="table_lbt14" name="LBT14_variant_2_LOW_works_as_expected"/>
    <testcase time="3.107" classname="table_lbt14" name="LBT14_variant_3_LOW_without_baseline_missing_works_as_expected"/>
    <testcase time="0.384000000000015" classname="table_lbt14" name="LBT14_variant_3_LOW_without_baseline_missing_works_as_expected"/>
    <testcase time="4.60299999999998" classname="table_lbt14" name="LBT14_variant_4_LOW_and_force_1_missing_both_baseline_and_post_baseline_then_force_the_missing_baseline_as_0_as_expected"/>
    <testcase time="0.242999999999995" classname="table_lbt14" name="LBT14_variant_4_LOW_and_force_1_missing_both_baseline_and_post_baseline_then_force_the_missing_baseline_as_0_as_expected"/>
    <testcase time="5.00700000000001" classname="table_lbt14" name="LBT14_variant_5_HIGH_with_fillings_works_as_expected"/>
    <testcase time="2.751" classname="table_lbt14" name="LBT14_variant_5_HIGH_with_fillings_works_as_expected"/>
  </testsuite>
  <testsuite name="table_lbt15" timestamp="2024-10-29T03:39:37Z" hostname="08eced3c4cfd" tests="4" skipped="0" failures="0" errors="0" time="1.518">
    <testcase time="0.592000000000013" classname="table_lbt15" name="LBT15_variant_1_works_as_expected"/>
    <testcase time="0.199999999999989" classname="table_lbt15" name="LBT15_variant_1_works_as_expected"/>
    <testcase time="0.528999999999996" classname="table_lbt15" name="LBT15_variant_2_works_as_expected"/>
    <testcase time="0.197000000000003" classname="table_lbt15" name="LBT15_variant_2_works_as_expected"/>
  </testsuite>
  <testsuite name="table_lgrt02" timestamp="2024-10-29T03:39:39Z" hostname="08eced3c4cfd" tests="8" skipped="0" failures="0" errors="0" time="2.923">
    <testcase time="0.790999999999997" classname="table_lgrt02" name="LGRT02_without_interaction_term_is_produced_correctly"/>
    <testcase time="0.135999999999996" classname="table_lgrt02" name="LGRT02_without_interaction_term_is_produced_correctly"/>
    <testcase time="0.540999999999997" classname="table_lgrt02" name="LGRT02_with_categorical_interaction_is_produced_correctly"/>
    <testcase time="0.163000000000011" classname="table_lgrt02" name="LGRT02_with_categorical_interaction_is_produced_correctly"/>
    <testcase time="0.527000000000015" classname="table_lgrt02" name="LGRT02_with_continuous_interaction_is_produced_correctly"/>
    <testcase time="0.162999999999982" classname="table_lgrt02" name="LGRT02_with_continuous_interaction_is_produced_correctly"/>
    <testcase time="0.462000000000018" classname="table_lgrt02" name="LGRT02_with_setting_values_indicating_an_event_and_custom_alpha_level_is_produced_correctly"/>
    <testcase time="0.139999999999986" classname="table_lgrt02" name="LGRT02_with_setting_values_indicating_an_event_and_custom_alpha_level_is_produced_correctly"/>
  </testsuite>
  <testsuite name="table_mht01" timestamp="2024-10-29T03:39:41Z" hostname="08eced3c4cfd" tests="8" skipped="0" failures="0" errors="0" time="1.406">
    <testcase time="0.284999999999997" classname="table_mht01" name="MHT01_variant_1_is_produced_accurately"/>
    <testcase time="0.132000000000005" classname="table_mht01" name="MHT01_variant_1_is_produced_accurately"/>
    <testcase time="0.0949999999999989" classname="table_mht01" name="MHT01_variant_2_is_produced_accurately"/>
    <testcase time="0.0730000000000075" classname="table_mht01" name="MHT01_variant_2_is_produced_accurately"/>
    <testcase time="0.238" classname="table_mht01" name="MHT01_variant_3_is_produced_accurately"/>
    <testcase time="0.111999999999995" classname="table_mht01" name="MHT01_variant_3_is_produced_accurately"/>
    <testcase time="0.317999999999984" classname="table_mht01" name="MHT01_variant_5_is_produced_accurately"/>
    <testcase time="0.15300000000002" classname="table_mht01" name="MHT01_variant_5_is_produced_accurately"/>
  </testsuite>
  <testsuite name="table_onct05" timestamp="2024-10-29T03:39:43Z" hostname="08eced3c4cfd" tests="8" skipped="0" failures="0" errors="0" time="1.913">
    <testcase time="0.421999999999997" classname="table_onct05" name="ONCT05_variant_1_Objective_Response_Rate_by_Subgroup_is_produced_correctly"/>
    <testcase time="0.108000000000004" classname="table_onct05" name="ONCT05_variant_1_Objective_Response_Rate_by_Subgroup_is_produced_correctly"/>
    <testcase time="0.445999999999998" classname="table_onct05" name="ONCT05_variant_2_Specifying_class_variables_is_produced_correctly"/>
    <testcase time="0.126999999999981" classname="table_onct05" name="ONCT05_variant_2_Specifying_class_variables_is_produced_correctly"/>
    <testcase time="0.200000000000017" classname="table_onct05" name="ONCT05_variant_3_selecting_columns_and_changing_the_alpha_level_is_produced_correctly"/>
    <testcase time="0.0799999999999841" classname="table_onct05" name="ONCT05_variant_3_selecting_columns_and_changing_the_alpha_level_is_produced_correctly"/>
    <testcase time="0.420000000000016" classname="table_onct05" name="ONCT05_variant_4_setting_values_indicating_response_is_produced_correctly"/>
    <testcase time="0.109999999999985" classname="table_onct05" name="ONCT05_variant_4_setting_values_indicating_response_is_produced_correctly"/>
  </testsuite>
  <testsuite name="table_pdt01" timestamp="2024-10-29T03:39:45Z" hostname="08eced3c4cfd" tests="2" skipped="0" failures="0" errors="0" time="0.399">
    <testcase time="0.257000000000005" classname="table_pdt01" name="PDT01_is_produced_correctly"/>
    <testcase time="0.141999999999996" classname="table_pdt01" name="PDT01_is_produced_correctly"/>
  </testsuite>
  <testsuite name="table_pdt02" timestamp="2024-10-29T03:39:45Z" hostname="08eced3c4cfd" tests="2" skipped="0" failures="0" errors="0" time="0.229">
    <testcase time="0.155000000000001" classname="table_pdt02" name="PDT02_is_produced_correctly"/>
    <testcase time="0.0740000000000123" classname="table_pdt02" name="PDT02_is_produced_correctly"/>
  </testsuite>
  <testsuite name="table_pkct01" timestamp="2024-10-29T03:39:45Z" hostname="08eced3c4cfd" tests="10" skipped="0" failures="0" errors="0" time="2.976">
    <testcase time="0.258999999999986" classname="table_pkct01" name="PKCT01_is_produced_correctly"/>
    <testcase time="0.0970000000000084" classname="table_pkct01" name="PKCT01_is_produced_correctly"/>
    <testcase time="0.115000000000009" classname="table_pkct01" name="PKCT01_is_produced_correctly"/>
    <testcase time="0.0549999999999784" classname="table_pkct01" name="PKCT01_is_produced_correctly"/>
    <testcase time="0.834000000000003" classname="table_pkct01" name="Specific_PKCT01_features_are_present"/>
    <testcase time="0.212000000000018" classname="table_pkct01" name="Specific_PKCT01_features_are_present"/>
    <testcase time="0.191000000000003" classname="table_pkct01" name="Specific_PKCT01_features_are_present"/>
    <testcase time="0.00199999999998113" classname="table_pkct01" name="Specific_PKCT01_features_are_present"/>
    <testcase time="0.663000000000011" classname="table_pkct01" name="Specific_PKCT01_features_are_present"/>
    <testcase time="0.548000000000002" classname="table_pkct01" name="Specific_PKCT01_features_are_present"/>
  </testsuite>
  <testsuite name="table_pkpt02" timestamp="2024-10-29T03:39:48Z" hostname="08eced3c4cfd" tests="2" skipped="0" failures="0" errors="0" time="0.524">
    <testcase time="0.290999999999997" classname="table_pkpt02" name="PKPT02_is_produced_correctly_for_Drug_X"/>
    <testcase time="0.233000000000004" classname="table_pkpt02" name="PKPT02_is_produced_correctly_for_Drug_X"/>
  </testsuite>
  <testsuite name="table_pkpt03" timestamp="2024-10-29T03:39:49Z" hostname="08eced3c4cfd" tests="2" skipped="0" failures="0" errors="0" time="1.095">
    <testcase time="0.906999999999982" classname="table_pkpt03" name="PKPT03_Drug_X_is_produced_correctly"/>
    <testcase time="0.188000000000017" classname="table_pkpt03" name="PKPT03_Drug_X_is_produced_correctly"/>
  </testsuite>
  <testsuite name="table_pkpt04" timestamp="2024-10-29T03:39:50Z" hostname="08eced3c4cfd" tests="2" skipped="0" failures="0" errors="0" time="0.188">
    <testcase time="0.105999999999995" classname="table_pkpt04" name="PKPT04_is_produced_correctly_for_Drug_X"/>
    <testcase time="0.0819999999999936" classname="table_pkpt04" name="PKPT04_is_produced_correctly_for_Drug_X"/>
  </testsuite>
  <testsuite name="table_pkpt05" timestamp="2024-10-29T03:39:50Z" hostname="08eced3c4cfd" tests="2" skipped="0" failures="0" errors="0" time="0.385">
    <testcase time="0.268000000000001" classname="table_pkpt05" name="PKPT05_Drug_X_is_produced_correctly"/>
    <testcase time="0.117000000000019" classname="table_pkpt05" name="PKPT05_Drug_X_is_produced_correctly"/>
  </testsuite>
  <testsuite name="table_pkpt06" timestamp="2024-10-29T03:39:51Z" hostname="08eced3c4cfd" tests="4" skipped="0" failures="0" errors="0" time="0.259">
    <testcase time="0.0829999999999984" classname="table_pkpt06" name="PKPT06_is_produced_correctly_for_Drug_X"/>
    <testcase time="0.0729999999999791" classname="table_pkpt06" name="PKPT06_is_produced_correctly_for_Drug_X"/>
    <testcase time="0.0490000000000066" classname="table_pkpt06" name="PKPT06_is_produced_correctly_for_Drug_Y"/>
    <testcase time="0.054000000000002" classname="table_pkpt06" name="PKPT06_is_produced_correctly_for_Drug_Y"/>
  </testsuite>
  <testsuite name="table_pkpt07" timestamp="2024-10-29T03:39:51Z" hostname="08eced3c4cfd" tests="4" skipped="0" failures="0" errors="0" time="0.513">
    <testcase time="0.206999999999994" classname="table_pkpt07" name="PKPT07_Drug_X_is_produced_correctly"/>
    <testcase time="0.104000000000013" classname="table_pkpt07" name="PKPT07_Drug_X_is_produced_correctly"/>
    <testcase time="0.108000000000004" classname="table_pkpt07" name="PKPT07_Drug_Y_is_produced_correctly"/>
    <testcase time="0.0939999999999941" classname="table_pkpt07" name="PKPT07_Drug_Y_is_produced_correctly"/>
  </testsuite>
  <testsuite name="table_ratet01" timestamp="2024-10-29T03:39:51Z" hostname="08eced3c4cfd" tests="2" skipped="0" failures="0" errors="0" time="0.652">
    <testcase time="0.519000000000005" classname="table_ratet01" name="RATET01_is_produced_correctly"/>
    <testcase time="0.132999999999981" classname="table_ratet01" name="RATET01_is_produced_correctly"/>
  </testsuite>
  <testsuite name="table_rmpt01" timestamp="2024-10-29T03:39:52Z" hostname="08eced3c4cfd" tests="2" skipped="0" failures="0" errors="0" time="0.192">
    <testcase time="0.128000000000014" classname="table_rmpt01" name="RMPT01_is_produced_correctly"/>
    <testcase time="0.063999999999993" classname="table_rmpt01" name="RMPT01_is_produced_correctly"/>
  </testsuite>
  <testsuite name="table_rmpt03" timestamp="2024-10-29T03:39:52Z" hostname="08eced3c4cfd" tests="4" skipped="0" failures="0" errors="0" time="0.516">
    <testcase time="0.187999999999988" classname="table_rmpt03" name="RMPT03_variant_1_is_produced_correctly"/>
    <testcase time="0.092000000000013" classname="table_rmpt03" name="RMPT03_variant_1_is_produced_correctly"/>
    <testcase time="0.151999999999987" classname="table_rmpt03" name="RMPT03_variant_2_is_produced_correctly"/>
    <testcase time="0.0840000000000032" classname="table_rmpt03" name="RMPT03_variant_2_is_produced_correctly"/>
  </testsuite>
  <testsuite name="table_rmpt04" timestamp="2024-10-29T03:39:53Z" hostname="08eced3c4cfd" tests="2" skipped="0" failures="0" errors="0" time="0.194">
    <testcase time="0.125" classname="table_rmpt04" name="RMPT04_variant_1_is_produced_correctly"/>
    <testcase time="0.0690000000000168" classname="table_rmpt04" name="RMPT04_variant_1_is_produced_correctly"/>
  </testsuite>
  <testsuite name="table_rmpt05" timestamp="2024-10-29T03:39:53Z" hostname="08eced3c4cfd" tests="2" skipped="0" failures="0" errors="0" time="0.231">
    <testcase time="0.140999999999991" classname="table_rmpt05" name="RMPT05_is_produced_correctly"/>
    <testcase time="0.0900000000000034" classname="table_rmpt05" name="RMPT05_is_produced_correctly"/>
  </testsuite>
  <testsuite name="table_rmpt06" timestamp="2024-10-29T03:39:53Z" hostname="08eced3c4cfd" tests="8" skipped="0" failures="0" errors="0" time="1.498">
    <testcase time="0.296999999999997" classname="table_rmpt06" name="RMPT06_variant_1_is_produced_correctly"/>
    <testcase time="0.115000000000009" classname="table_rmpt06" name="RMPT06_variant_1_is_produced_correctly"/>
    <testcase time="0.195999999999998" classname="table_rmpt06" name="RMPT06_variant_2_is_produced_correctly"/>
    <testcase time="0.0869999999999891" classname="table_rmpt06" name="RMPT06_variant_2_is_produced_correctly"/>
    <testcase time="0.275000000000006" classname="table_rmpt06" name="RMPT06_variant_3_is_produced_correctly"/>
    <testcase time="0.126000000000005" classname="table_rmpt06" name="RMPT06_variant_3_is_produced_correctly"/>
    <testcase time="0.277999999999992" classname="table_rmpt06" name="RMPT06_variant_4_is_produced_correctly"/>
    <testcase time="0.123999999999995" classname="table_rmpt06" name="RMPT06_variant_4_is_produced_correctly"/>
  </testsuite>
  <testsuite name="table_rspt01" timestamp="2024-10-29T03:39:55Z" hostname="08eced3c4cfd" tests="12" skipped="0" failures="0" errors="0" time="2.252">
    <testcase time="0.260999999999996" classname="table_rspt01" name="RSPT01_1._Best_Overall_Response"/>
    <testcase time="0.105000000000018" classname="table_rspt01" name="RSPT01_1._Best_Overall_Response"/>
    <testcase time="0.244" classname="table_rspt01" name="RSPT01_2._Best_Overall_Response_selecting_sections_to_display_"/>
    <testcase time="0.105999999999995" classname="table_rspt01" name="RSPT01_2._Best_Overall_Response_selecting_sections_to_display_"/>
    <testcase time="0.289999999999992" classname="table_rspt01" name="RSPT01_3._Best_Overall_Response_modifying_settings_"/>
    <testcase time="0.117000000000019" classname="table_rspt01" name="RSPT01_3._Best_Overall_Response_modifying_settings_"/>
    <testcase time="0.316999999999979" classname="table_rspt01" name="RSPT01_4._Best_Overall_Response_with_stratified_analysis_"/>
    <testcase time="0.135000000000019" classname="table_rspt01" name="RSPT01_4._Best_Overall_Response_with_stratified_analysis_"/>
    <testcase time="0.257000000000005" classname="table_rspt01" name="RSPT01_5._Best_Overall_Response_modifying_the_definition_of_overall_response_"/>
    <testcase time="0.119" classname="table_rspt01" name="RSPT01_5._Best_Overall_Response_modifying_the_definition_of_overall_response_"/>
    <testcase time="0.207999999999998" classname="table_rspt01" name="RSPT01_6._Best_Overall_Response_define_new_sections_to_display_"/>
    <testcase time="0.0929999999999893" classname="table_rspt01" name="RSPT01_6._Best_Overall_Response_define_new_sections_to_display_"/>
  </testsuite>
  <testsuite name="table_ttet01" timestamp="2024-10-29T03:39:57Z" hostname="08eced3c4cfd" tests="14" skipped="0" failures="0" errors="0" time="3.347">
    <testcase time="0.394000000000005" classname="table_ttet01" name="TTET01_default_variant_is_produced_correctly"/>
    <testcase time="0.171999999999997" classname="table_ttet01" name="TTET01_default_variant_is_produced_correctly"/>
    <testcase time="0.397999999999996" classname="table_ttet01" name="TTET01_default_variant_with_Placebo_arm"/>
    <testcase time="0.156000000000006" classname="table_ttet01" name="TTET01_default_variant_with_Placebo_arm"/>
    <testcase time="0.200999999999993" classname="table_ttet01" name="TTET01_variant_2_selecting_sections_to_display"/>
    <testcase time="0.126000000000005" classname="table_ttet01" name="TTET01_variant_2_selecting_sections_to_display"/>
    <testcase time="0.288999999999987" classname="table_ttet01" name="TTET01_variant_3_modifying_analysis_details_like_conftype_ties_alpha_level"/>
    <testcase time="0.146000000000015" classname="table_ttet01" name="TTET01_variant_3_modifying_analysis_details_like_conftype_ties_alpha_level"/>
    <testcase time="0.334000000000003" classname="table_ttet01" name="TTET01_variant_4_with_stratified_analysis"/>
    <testcase time="0.161999999999978" classname="table_ttet01" name="TTET01_variant_4_with_stratified_analysis"/>
    <testcase time="0.292000000000002" classname="table_ttet01" name="TTET01_variant_5_modifying_time_point"/>
    <testcase time="0.152000000000015" classname="table_ttet01" name="TTET01_variant_5_modifying_time_point"/>
    <testcase time="0.373999999999995" classname="table_ttet01" name="TTET01_variant_6_requesting_more_than_one_p_value"/>
    <testcase time="0.15100000000001" classname="table_ttet01" name="TTET01_variant_6_requesting_more_than_one_p_value"/>
  </testsuite>
  <testsuite name="table_vst01" timestamp="2024-10-29T03:40:01Z" hostname="08eced3c4cfd" tests="2" skipped="0" failures="1" errors="0" time="2.299">
    <testcase time="1.89599999999999" classname="table_vst01" name="VST01_default_variant_is_produced_correctly"/>
    <testcase time="0.402999999999992" classname="table_vst01" name="VST01_default_variant_is_produced_correctly">
      <failure type="failure" message="Snapshot of code has changed: ('test-table_vst01.R:100:3')">Snapshot of code has changed:
old[7:16] vs new[7:16]
    Analysis Visit              (N=86)           (N=86)           (N=72)           (N=72)           (N=96)           (N=96)    
    ———————————————————————————————————————————————————————————————————————————————————————————————————————————————————————————
    Baseline                                                                                                                   
-     n                          340              255              288              216              384              288      
+     n                          340               0               288               0               384               0       
-     Mean (SD)             77.09 (10.74)     0.00 (0.00)     78.24 (10.29)     0.00 (0.00)      76.62 (9.82)     0.00 (0.00)  
+     Mean (SD)             77.09 (10.74)       NE (NE)       78.24 (10.29)       NE (NE)        76.62 (9.82)       NE (NE)    
-     Median                    77.67             0.00            78.83             0.00            76.67             0.00     
+     Median                    77.67              NE             78.83              NE             76.67              NE      
-     Min - Max             40.00 - 110.00    0.00 - 0.00     51.00 - 108.00    0.00 - 0.00     48.00 - 108.00    0.00 - 0.00  
+     Min - Max             40.00 - 110.00      NE - NE       51.00 - 108.00      NE - NE       48.00 - 108.00      NE - NE    
    Week 2                                                                                                                     
      n                          222              222              168              168              177              177      
      Mean (SD)             74.44 (10.68)     -3.00 (9.00)     76.03 (9.86)    -2.74 (11.34)    75.95 (11.17)     0.11 (10.12) 

old[62:71] vs new[62:71]
      Median                    76.00            -2.00            78.33             0.00            74.00             0.00     
      Min - Max             49.00 - 101.00   -30.00 - 24.00   54.00 - 98.00    -45.00 - 22.00   52.00 - 100.00   -30.00 - 34.00
    Post-Baseline Minimum                                                                                                      
-     n                          1284             963              1111             834              1346             1010     
+     n                          1284              0               1111              0               1346              0       
-     Mean (SD)             76.29 (10.41)     -0.97 (9.19)     77.33 (9.83)     -1.01 (9.23)     76.02 (9.77)     -0.26 (9.30) 
+     Mean (SD)             76.29 (10.41)       NE (NE)        77.33 (9.83)       NE (NE)        76.02 (9.77)       NE (NE)    
-     Median                    78.00             0.00            78.00             0.00            76.00             0.00     
+     Median                    78.00              NE             78.00              NE             76.00              NE      
-     Min - Max             39.00 - 108.00   -28.00 - 49.00   40.00 - 100.00   -43.00 - 32.00   40.00 - 110.00   -34.00 - 46.00
+     Min - Max             39.00 - 108.00      NE - NE       40.00 - 100.00      NE - NE       40.00 - 110.00      NE - NE    
    Post-Baseline Maximum                                                                                                      
      n                           86               84               72               72               96               94      
      Mean (SD)              73.29 (9.96)     -2.42 (9.74)     74.65 (9.36)     -2.26 (9.66)    75.61 (10.28)     -0.97 (9.37) 

old[72:83] vs new[72:83]
      Median                    72.50            -2.00            76.00            -2.00            76.00             0.00     
      Min - Max             50.00 - 99.00    -34.00 - 20.00   56.00 - 94.00    -36.00 - 20.00   45.00 - 100.00   -21.00 - 26.00
    Post-Baseline Last                                                                                                         
-     n                           86               85               72               70               96               92      
+     n                           86               48               72               44               96               46      
-     Mean (SD)              62.58 (8.60)    -13.35 (7.62)     63.62 (8.31)    -14.23 (9.76)     63.68 (9.52)    -11.82 (8.66) 
+     Mean (SD)              62.58 (8.60)    -14.69 (7.67)     63.62 (8.31)    -16.16 (10.06)    63.68 (9.52)    -13.13 (8.46) 
-     Median                    62.00            -13.00           63.00            -13.00           64.00            -10.00    
+     Median                    62.00            -14.00           63.00            -14.00           64.00            -14.00    
-     Min - Max             39.00 - 90.00    -34.00 - 6.00    40.00 - 82.00    -38.00 - 3.00    40.00 - 85.00    -34.00 - 7.00 
+     Min - Max             39.00 - 90.00    -34.00 - 4.00    40.00 - 82.00    -38.00 - 3.00    40.00 - 85.00    -30.00 - 7.00 
    &lt;Missing&gt;                                                                                                                  
-     n                           86               84               72               69               96               94      
+     n                           86               39               72               27               96               43      
-     Mean (SD)              88.32 (9.17)     10.44 (8.74)     88.87 (7.68)     10.06 (8.11)     88.32 (8.21)     11.24 (8.44) 
+     Mean (SD)              88.32 (9.17)     10.28 (6.74)     88.87 (7.68)    10.89 (10.22)     88.32 (8.21)     11.37 (7.80) 
      Median                    88.50             8.00            90.00            10.00            88.00            10.00     
-     Min - Max             58.00 - 117.00   -2.00 - 49.00    62.00 - 102.00   -11.00 - 28.00   70.00 - 118.00   -6.00 - 46.00 
+     Min - Max             58.00 - 117.00   -2.00 - 24.00    62.00 - 102.00   -11.00 - 28.00   70.00 - 118.00   -6.00 - 38.00 

* Run `testthat::snapshot_accept('table_vst01')` to accept the change.
* Run `testthat::snapshot_review('table_vst01')` to interactively review the change.</failure>
    </testcase>
  </testsuite>
  <testsuite name="table_vst02" timestamp="2024-10-29T03:40:03Z" hostname="08eced3c4cfd" tests="4" skipped="0" failures="0" errors="0" time="1.462">
    <testcase time="1.01400000000001" classname="table_vst02" name="1._Vital_Sign_Abnormalities_Regardless_of_Abnormality_at_Baseline_VST02_1_"/>
    <testcase time="0.0999999999999943" classname="table_vst02" name="1._Vital_Sign_Abnormalities_Regardless_of_Abnormality_at_Baseline_VST02_1_"/>
    <testcase time="0.251000000000005" classname="table_vst02" name="2._Vital_Sign_Abnormalities_Among_Subject_Without_Abnormality_at_Baseline_VST02_2_"/>
    <testcase time="0.0970000000000084" classname="table_vst02" name="2._Vital_Sign_Abnormalities_Among_Subject_Without_Abnormality_at_Baseline_VST02_2_"/>
  </testsuite>
</testsuites>
