<?xml version="1.0" encoding="UTF-8"?>
<testsuites>
  <testsuite name="listing_adal02" timestamp="2024-11-06T21:29:22Z" hostname="c85438378865" tests="1" skipped="0" failures="0" errors="0" time="0.267">
    <testcase time="0.267" classname="listing_adal02" name="ADAL02_listing_is_produced_correctly"/>
  </testsuite>
  <testsuite name="listing_ael01" timestamp="2024-11-06T21:29:22Z" hostname="c85438378865" tests="1" skipped="0" failures="0" errors="0" time="0.195">
    <testcase time="0.194999999999999" classname="listing_ael01" name="AEL01_listing_is_produced_correctly"/>
  </testsuite>
  <testsuite name="listing_ael01_nollt" timestamp="2024-11-06T21:29:22Z" hostname="c85438378865" tests="1" skipped="0" failures="0" errors="0" time="0.072">
    <testcase time="0.072000000000001" classname="listing_ael01_nollt" name="AEL01_NOLLT_listing_is_produced_correctly"/>
  </testsuite>
  <testsuite name="listing_ael02" timestamp="2024-11-06T21:29:22Z" hostname="c85438378865" tests="1" skipped="0" failures="0" errors="0" time="0.292">
    <testcase time="0.292" classname="listing_ael02" name="AEL02_listing_is_produced_correctly"/>
  </testsuite>
  <testsuite name="listing_ael02_ed" timestamp="2024-11-06T21:29:23Z" hostname="c85438378865" tests="1" skipped="0" failures="0" errors="0" time="0.331">
    <testcase time="0.331" classname="listing_ael02_ed" name="AEL02_ED_listing_is_produced_correctly"/>
  </testsuite>
  <testsuite name="listing_ael03" timestamp="2024-11-06T21:29:23Z" hostname="c85438378865" tests="1" skipped="0" failures="0" errors="0" time="0.278">
    <testcase time="0.278" classname="listing_ael03" name="AEL03_listing_is_produced_correctly"/>
  </testsuite>
  <testsuite name="listing_ael04" timestamp="2024-11-06T21:29:23Z" hostname="c85438378865" tests="1" skipped="0" failures="0" errors="0" time="0.203">
    <testcase time="0.202999999999999" classname="listing_ael04" name="AEL04_listing_is_produced_correctly"/>
  </testsuite>
  <testsuite name="listing_cml01" timestamp="2024-11-06T21:29:24Z" hostname="c85438378865" tests="1" skipped="0" failures="0" errors="0" time="0.303">
    <testcase time="0.303000000000001" classname="listing_cml01" name="CML01_listing_is_produced_correctly"/>
  </testsuite>
  <testsuite name="listing_cml02a_gl" timestamp="2024-11-06T21:29:24Z" hostname="c85438378865" tests="1" skipped="0" failures="0" errors="0" time="0.067">
    <testcase time="0.0670000000000002" classname="listing_cml02a_gl" name="CML02A_GL_listing_is_produced_correctly"/>
  </testsuite>
  <testsuite name="listing_cml02b_gl" timestamp="2024-11-06T21:29:24Z" hostname="c85438378865" tests="1" skipped="0" failures="0" errors="0" time="0.095">
    <testcase time="0.0949999999999989" classname="listing_cml02b_gl" name="CML02B_GL_listing_is_produced_correctly"/>
  </testsuite>
  <testsuite name="listing_dsl01" timestamp="2024-11-06T21:29:24Z" hostname="c85438378865" tests="1" skipped="0" failures="0" errors="0" time="0.363">
    <testcase time="0.363000000000001" classname="listing_dsl01" name="DSL01_listing_is_produced_correctly"/>
  </testsuite>
  <testsuite name="listing_dsl02" timestamp="2024-11-06T21:29:24Z" hostname="c85438378865" tests="1" skipped="0" failures="0" errors="0" time="0.072">
    <testcase time="0.0719999999999992" classname="listing_dsl02" name="DSL02_listing_is_produced_correctly"/>
  </testsuite>
  <testsuite name="listing_dsur4" timestamp="2024-11-06T21:29:24Z" hostname="c85438378865" tests="1" skipped="0" failures="0" errors="0" time="0.108">
    <testcase time="0.108000000000001" classname="listing_dsur4" name="DSUR4_listing_is_produced_correctly"/>
  </testsuite>
  <testsuite name="listing_egl01" timestamp="2024-11-06T21:29:25Z" hostname="c85438378865" tests="1" skipped="0" failures="0" errors="0" time="0.284">
    <testcase time="0.283999999999999" classname="listing_egl01" name="EGL01_listing_is_produced_correctly"/>
  </testsuite>
  <testsuite name="listing_exl01" timestamp="2024-11-06T21:29:25Z" hostname="c85438378865" tests="1" skipped="0" failures="0" errors="0" time="0.224">
    <testcase time="0.224" classname="listing_exl01" name="EXL01_listing_is_produced_correctly"/>
  </testsuite>
  <testsuite name="listing_lbl01" timestamp="2024-11-06T21:29:25Z" hostname="c85438378865" tests="1" skipped="0" failures="0" errors="0" time="0.518">
    <testcase time="0.518000000000001" classname="listing_lbl01" name="LBL01_listing_is_produced_correctly"/>
  </testsuite>
  <testsuite name="listing_lbl01_rls" timestamp="2024-11-06T21:29:26Z" hostname="c85438378865" tests="1" skipped="0" failures="0" errors="0" time="0.507">
    <testcase time="0.507" classname="listing_lbl01_rls" name="LBL01_RLS_listing_is_produced_correctly"/>
  </testsuite>
  <testsuite name="listing_lbl02a" timestamp="2024-11-06T21:29:26Z" hostname="c85438378865" tests="1" skipped="0" failures="0" errors="0" time="0.253">
    <testcase time="0.253" classname="listing_lbl02a" name="LBL02A_listing_is_produced_correctly"/>
  </testsuite>
  <testsuite name="listing_lbl02a_rls" timestamp="2024-11-06T21:29:26Z" hostname="c85438378865" tests="1" skipped="0" failures="0" errors="0" time="0.796">
    <testcase time="0.795999999999999" classname="listing_lbl02a_rls" name="LBL02A_RLS_listing_is_produced_correctly"/>
  </testsuite>
  <testsuite name="listing_lbl02b" timestamp="2024-11-06T21:29:27Z" hostname="c85438378865" tests="1" skipped="0" failures="0" errors="0" time="0.281">
    <testcase time="0.281000000000001" classname="listing_lbl02b" name="LBL02B_listing_is_produced_correctly"/>
  </testsuite>
  <testsuite name="listing_mhl01" timestamp="2024-11-06T21:29:27Z" hostname="c85438378865" tests="1" skipped="0" failures="0" errors="0" time="0.244">
    <testcase time="0.244" classname="listing_mhl01" name="MHL01_listing_is_produced_correctly"/>
  </testsuite>
  <testsuite name="listing_oncl01" timestamp="2024-11-06T21:29:28Z" hostname="c85438378865" tests="1" skipped="0" failures="0" errors="0" time="0.241">
    <testcase time="0.241" classname="listing_oncl01" name="ONCL01_listing_is_produced_correctly"/>
  </testsuite>
  <testsuite name="listing_pkcl01" timestamp="2024-11-06T21:29:28Z" hostname="c85438378865" tests="1" skipped="0" failures="0" errors="0" time="0.174">
    <testcase time="0.173999999999999" classname="listing_pkcl01" name="PKCL01_listing_is_produced_correctly"/>
  </testsuite>
  <testsuite name="listing_pkcl02" timestamp="2024-11-06T21:29:28Z" hostname="c85438378865" tests="1" skipped="0" failures="0" errors="0" time="0.203">
    <testcase time="0.202999999999999" classname="listing_pkcl02" name="PKCL02_listing_is_produced_correctly"/>
  </testsuite>
  <testsuite name="listing_pkpl01" timestamp="2024-11-06T21:29:28Z" hostname="c85438378865" tests="1" skipped="0" failures="0" errors="0" time="0.232">
    <testcase time="0.232000000000001" classname="listing_pkpl01" name="PKPL01_listing_is_produced_correctly"/>
  </testsuite>
  <testsuite name="listing_pkpl02" timestamp="2024-11-06T21:29:28Z" hostname="c85438378865" tests="1" skipped="0" failures="0" errors="0" time="0.152">
    <testcase time="0.151999999999999" classname="listing_pkpl02" name="PKPL02_listing_is_produced_correctly"/>
  </testsuite>
  <testsuite name="listing_pkpl04" timestamp="2024-11-06T21:29:29Z" hostname="c85438378865" tests="1" skipped="0" failures="0" errors="0" time="0.194">
    <testcase time="0.194000000000001" classname="listing_pkpl04" name="PKPL04_listing_is_produced_correctly"/>
  </testsuite>
  <testsuite name="listing_vsl01" timestamp="2024-11-06T21:29:29Z" hostname="c85438378865" tests="1" skipped="0" failures="0" errors="0" time="0.44">
    <testcase time="0.44" classname="listing_vsl01" name="VSL01_listing_is_produced_correctly"/>
  </testsuite>
  <testsuite name="pagination_listing" timestamp="2024-11-06T21:29:29Z" hostname="c85438378865" tests="13" skipped="0" failures="0" errors="0" time="5.631">
    <testcase time="0.0289999999999999" classname="pagination_listing" name="Direct_pagination_works_fine"/>
    <testcase time="0.946" classname="pagination_listing" name="Direct_pagination_works_fine"/>
    <testcase time="0.00300000000000011" classname="pagination_listing" name="Direct_pagination_works_fine"/>
    <testcase time="0.85" classname="pagination_listing" name="Direct_pagination_works_fine"/>
    <testcase time="1.202" classname="pagination_listing" name="Direct_pagination_works_fine"/>
    <testcase time="1.278" classname="pagination_listing" name="pagination_counts_the_right_number_of_lines_when_wrapping_on_keycols_is_present"/>
    <testcase time="0.00600000000000023" classname="pagination_listing" name="pagination_counts_the_right_number_of_lines_when_wrapping_on_keycols_is_present"/>
    <testcase time="0.00499999999999901" classname="pagination_listing" name="pagination_counts_the_right_number_of_lines_when_wrapping_on_keycols_is_present"/>
    <testcase time="0.00300000000000011" classname="pagination_listing" name="pagination_counts_the_right_number_of_lines_when_wrapping_on_keycols_is_present"/>
    <testcase time="1.297" classname="pagination_listing" name="pagination_counts_the_right_number_of_lines_when_wrapping_on_keycols_is_present"/>
    <testcase time="0.00499999999999901" classname="pagination_listing" name="pagination_counts_the_right_number_of_lines_when_wrapping_on_keycols_is_present"/>
    <testcase time="0.00400000000000134" classname="pagination_listing" name="pagination_counts_the_right_number_of_lines_when_wrapping_on_keycols_is_present"/>
    <testcase time="0.00300000000000011" classname="pagination_listing" name="pagination_counts_the_right_number_of_lines_when_wrapping_on_keycols_is_present"/>
  </testsuite>
  <testsuite name="pagination_table" timestamp="2024-11-06T21:29:36Z" hostname="c85438378865" tests="30" skipped="0" failures="0" errors="0" time="14.238">
    <testcase time="1.782" classname="pagination_table" name="Direct_pagination_with_standard_values"/>
    <testcase time="0.00499999999999901" classname="pagination_table" name="Direct_pagination_with_standard_values"/>
    <testcase time="0.00300000000000011" classname="pagination_table" name="Direct_pagination_with_standard_values"/>
    <testcase time="1.264" classname="pagination_table" name="Pagination_with_specific_column_widths_and_minimum_lines_per_page"/>
    <testcase time="0.00300000000000011" classname="pagination_table" name="Pagination_with_specific_column_widths_and_minimum_lines_per_page"/>
    <testcase time="0.128" classname="pagination_table" name="Pagination_with_specific_column_widths_and_minimum_lines_per_page"/>
    <testcase time="0.987000000000002" classname="pagination_table" name="Pagination_works_also_if_table_is_decorated"/>
    <testcase time="0.565999999999999" classname="pagination_table" name="Pagination_works_also_if_table_is_decorated"/>
    <testcase time="0.853000000000002" classname="pagination_table" name="Pagination_works_also_if_table_is_decorated"/>
    <testcase time="0.686999999999998" classname="pagination_table" name="Pagination_works_also_if_table_is_decorated"/>
    <testcase time="1.416" classname="pagination_table" name="Pagination_works_also_if_table_is_decorated"/>
    <testcase time="0.321999999999999" classname="pagination_table" name="Pagination_works_also_if_table_is_decorated"/>
    <testcase time="0.00400000000000134" classname="pagination_table" name="Pagination_works_also_if_table_is_decorated"/>
    <testcase time="0.0210000000000008" classname="pagination_table" name="Pagination_works_also_if_table_is_decorated"/>
    <testcase time="0.152999999999999" classname="pagination_table" name="Pagination_works_also_if_table_is_decorated"/>
    <testcase time="0.100000000000001" classname="pagination_table" name="Pagination_works_also_if_table_is_decorated"/>
    <testcase time="0.901" classname="pagination_table" name="Pagination_works_for_page_types"/>
    <testcase time="0.0730000000000004" classname="pagination_table" name="Pagination_works_for_page_types"/>
    <testcase time="0.669" classname="pagination_table" name="Pagination_works_for_page_types"/>
    <testcase time="0.0730000000000004" classname="pagination_table" name="Pagination_works_for_page_types"/>
    <testcase time="0.625" classname="pagination_table" name="Pagination_works_for_page_types"/>
    <testcase time="0.375999999999998" classname="pagination_table" name="Pagination_works_for_page_types"/>
    <testcase time="0.675999999999998" classname="pagination_table" name="Pagination_works_for_page_width_and_height"/>
    <testcase time="0.135000000000005" classname="pagination_table" name="Pagination_works_for_page_width_and_height"/>
    <testcase time="0.754999999999995" classname="pagination_table" name="Pagination_works_for_page_types"/>
    <testcase time="0.155999999999999" classname="pagination_table" name="Pagination_works_for_page_types"/>
    <testcase time="0.767000000000003" classname="pagination_table" name="AET04_variant_2_page_by_pagination_tests"/>
    <testcase time="0.592999999999996" classname="pagination_table" name="AET04_variant_2_page_by_pagination_tests"/>
    <testcase time="0.00200000000000244" classname="pagination_table" name="AET04_variant_2_page_by_pagination_tests"/>
    <testcase time="0.143000000000001" classname="pagination_table" name="AET04_variant_2_page_by_pagination_tests"/>
  </testsuite>
  <testsuite name="table_adat03" timestamp="2024-11-06T21:29:49Z" hostname="c85438378865" tests="2" skipped="0" failures="0" errors="0" time="0.534">
    <testcase time="0.402000000000001" classname="table_adat03" name="ADAT03_is_produced_correctly"/>
    <testcase time="0.131999999999998" classname="table_adat03" name="ADAT03_is_produced_correctly"/>
  </testsuite>
  <testsuite name="table_aet01" timestamp="2024-11-06T21:29:50Z" hostname="c85438378865" tests="8" skipped="0" failures="0" errors="0" time="1.689">
    <testcase time="0.341999999999999" classname="table_aet01" name="Safety_Summary_Variant_1_works_as_expected"/>
    <testcase time="0.112000000000002" classname="table_aet01" name="Safety_Summary_Variant_1_works_as_expected"/>
    <testcase time="0.308999999999997" classname="table_aet01" name="Safety_Summary_Variant_2_with_Medical_Concepts_Section_works_as_expected"/>
    <testcase time="0.123000000000005" classname="table_aet01" name="Safety_Summary_Variant_2_with_Medical_Concepts_Section_works_as_expected"/>
    <testcase time="0.240000000000002" classname="table_aet01" name="Safety_Summary_Variant_3_with_Modified_Rows_works_as_expected"/>
    <testcase time="0.0989999999999966" classname="table_aet01" name="Safety_Summary_Variant_3_with_Modified_Rows_works_as_expected"/>
    <testcase time="0.337000000000003" classname="table_aet01" name="Safety_Summary_Variant_4_with_Rows_Counting_Events_and_Additional_Sections_works_as_expected"/>
    <testcase time="0.127000000000002" classname="table_aet01" name="Safety_Summary_Variant_4_with_Rows_Counting_Events_and_Additional_Sections_works_as_expected"/>
  </testsuite>
  <testsuite name="table_aet01_aesi" timestamp="2024-11-06T21:29:51Z" hostname="c85438378865" tests="8" skipped="0" failures="2" errors="0" time="2.715">
    <testcase time="0.262999999999998" classname="table_aet01_aesi" name="AET01_AESI_Variant_1_works_as_expected"/>
    <testcase time="0.0949999999999989" classname="table_aet01_aesi" name="AET01_AESI_Variant_1_works_as_expected"/>
    <testcase time="0.442" classname="table_aet01_aesi" name="AET01_AESI_Variant_2_works_as_expected"/>
    <testcase time="0.222000000000001" classname="table_aet01_aesi" name="AET01_AESI_Variant_2_works_as_expected">
      <failure type="failure" message="Snapshot of code has changed: ('test-table_aet01_aesi.R:181:3')">Snapshot of code has changed:
old vs new
  Code
    res
  Output
-                                                                                       Placebo     Xanomeline High Dose   Xanomeline Low Dose
+                                                                                     Placebo     Xanomeline High Dose   Xanomeline Low Dose
-                                                                                        (N=86)            (N=72)                (N=96)       
+                                                                                      (N=86)            (N=72)                (N=96)       
-   ——————————————————————————————————————————————————————————————————————————————————————————————————————————————————————————————————————————
+   ————————————————————————————————————————————————————————————————————————————————————————————————————————————————————————————————————————
-   Total number of patients with at least one AE                                      37 (43.0%)        61 (84.7%)            64 (66.7%)     
+   Total number of patients with at least one AE                                    37 (43.0%)        61 (84.7%)            64 (66.7%)     
-   Total number of AEs                                                                    75               197                    181        
+   Total number of AEs                                                                  75               197                    181        
-   Total number of patients with at least one AE by worst grade                                                                              
+   Total number of patients with at least one AE by worst grade                                                                            
-     Grade 1                                                                          16 (18.6%)        28 (38.9%)            30 (31.2%)     
+     Grade 1                                                                        16 (18.6%)        28 (38.9%)            30 (31.2%)     
-     Grade 2                                                                          13 (15.1%)        19 (26.4%)            18 (18.8%)     
+     Grade 2                                                                        13 (15.1%)        19 (26.4%)            18 (18.8%)     
-     Grade 3                                                                           2 (2.3%)          7 (9.7%)              5 (5.2%)      
+     Grade 3                                                                         2 (2.3%)          7 (9.7%)              5 (5.2%)      
-     Grade 4                                                                           5 (5.8%)          6 (8.3%)              9 (9.4%)      
+     Grade 4                                                                         5 (5.8%)          6 (8.3%)              9 (9.4%)      
-     Grade 5 (fatal outcome)                                                           1 (1.2%)          1 (1.4%)              2 (2.1%)      
+     Grade 5 (fatal outcome)                                                         1 (1.2%)          1 (1.4%)              2 (2.1%)      
-   Total number of patients with study drug withdrawn due to AE                           0                 0                      0         
+   Total number of patients with study drug withdrawn due to AE                         0                 0                      0         
-   Total number of patients with dose modified/interrupted due to AE                      0                 0                      0         
+   Total number of patients with dose modified/interrupted due to AE                    0                 0                      0         
-   Total number of patients with treatment received for AE                            37 (43.0%)        61 (84.7%)            64 (66.7%)     
+   Total number of patients with treatment received for AE                          37 (43.0%)        61 (84.7%)            64 (66.7%)     
-   Total number of patients with all non-fatal AEs resolved                            7 (8.1%)          1 (1.4%)              4 (4.2%)      
+   Total number of patients with all non-fatal AEs resolved                          7 (8.1%)          1 (1.4%)              4 (4.2%)      
-     No. of patients with study drug withdrawn due to resolved AE                         0                 0                      0         
+   No. of patients with study drug withdrawn due to resolved AE                         0                 0                      0         
-     No. of patients with dose modified/interrupted due to resolved AE                    0                 0                      0         
+   No. of patients with dose modified/interrupted due to resolved AE                    0                 0                      0         
-     No. of patients with treatment received for resolved AE                           7 (8.1%)          1 (1.4%)              4 (4.2%)      
+   No. of patients with treatment received for resolved AE                           7 (8.1%)          1 (1.4%)              4 (4.2%)      
-   Total number of patients with at least one unresolved or ongoing non-fatal AE      30 (34.9%)        60 (83.3%)            60 (62.5%)     
+   Total number of patients with at least one unresolved or ongoing non-fatal AE    30 (34.9%)        60 (83.3%)            60 (62.5%)     
-     No. of patients with study drug withdrawn due to unresolved or ongoing AE            0                 0                      0         
+   No. of patients with study drug withdrawn due to unresolved or ongoing AE            0                 0                      0         
-     No. of patients with dose modified/interrupted due to unresolved or ongoing AE       0                 0                      0         
+   No. of patients with dose modified/interrupted due to unresolved or ongoing AE       0                 0                      0         
-     No. of patients with treatment received for unresolved or ongoing AE             30 (34.9%)        60 (83.3%)            60 (62.5%)     
+   No. of patients with treatment received for unresolved or ongoing AE             30 (34.9%)        60 (83.3%)            60 (62.5%)     
-   Total number of patients with at least one serious AE                                  0                 0                      0         
+   Total number of patients with at least one serious AE                                0                 0                      0         
-     No. of patients with study drug withdrawn due to serious AE                          0                 0                      0         
+   No. of patients with study drug withdrawn due to serious AE                          0                 0                      0         
-     No. of patients with treatment received for serious AE                               0                 0                      0         
+   No. of patients with treatment received for serious AE                               0                 0                      0         
-     No. of patients with dose modified/interrupted due to serious AE                     0                 0                      0         
+   No. of patients with dose modified/interrupted due to serious AE                     0                 0                      0         
-   Total number of patients with at least one related AE                                  0                 0                      0         
+   Total number of patients with at least one related AE                                0                 0                      0         
-     No. of patients with study drug withdrawn due to related AE                          0                 0                      0         
+   No. of patients with study drug withdrawn due to related AE                          0                 0                      0         
-     No. of patients with dose modified/interrupted due to related AE                     0                 0                      0         
+   No. of patients with dose modified/interrupted due to related AE                     0                 0                      0         
-     No. of patients with treatment received for related AE                               0                 0                      0         
+   No. of patients with treatment received for related AE                               0                 0                      0         
-     No. of patients with serious, related AE                                             0                 0                      0         
+   No. of patients with serious, related AE                                             0                 0                      0         

* Run `testthat::snapshot_accept('table_aet01_aesi')` to accept the change.
* Run `testthat::snapshot_review('table_aet01_aesi')` to interactively review the change.</failure>
    </testcase>
    <testcase time="0.674999999999997" classname="table_aet01_aesi" name="AET01_AESI_Variant_3_works_as_expected"/>
    <testcase time="0.231000000000002" classname="table_aet01_aesi" name="AET01_AESI_Variant_3_works_as_expected">
      <failure type="failure" message="Snapshot of code has changed: ('test-table_aet01_aesi.R:410:3')">Snapshot of code has changed:
old vs new
  Code
    res
  Output
-                                                                                                         Placebo     Xanomeline High Dose   Xanomeline Low Dose
+                                                                                                       Placebo     Xanomeline High Dose   Xanomeline Low Dose
-                                                                                                          (N=86)            (N=72)                (N=96)       
+                                                                                                        (N=86)            (N=72)                (N=96)       
-   ————————————————————————————————————————————————————————————————————————————————————————————————————————————————————————————————————————————————————————————
+   ——————————————————————————————————————————————————————————————————————————————————————————————————————————————————————————————————————————————————————————
-   Total number of patients with at least one AE                                                        37 (43.0%)        61 (84.7%)            64 (66.7%)     
+   Total number of patients with at least one AE                                                      37 (43.0%)        61 (84.7%)            64 (66.7%)     
-   Total number of AEs                                                                                      75               197                    181        
+   Total number of AEs                                                                                    75               197                    181        
-   Total number of patients with at least one AE by worst grade                                                                                                
+   Total number of patients with at least one AE by worst grade                                                                                              
-     Grade 1                                                                                            16 (18.6%)        28 (38.9%)            30 (31.2%)     
+     Grade 1                                                                                          16 (18.6%)        28 (38.9%)            30 (31.2%)     
-     Grade 2                                                                                            13 (15.1%)        19 (26.4%)            18 (18.8%)     
+     Grade 2                                                                                          13 (15.1%)        19 (26.4%)            18 (18.8%)     
-     Grade 3                                                                                             2 (2.3%)          7 (9.7%)              5 (5.2%)      
+     Grade 3                                                                                           2 (2.3%)          7 (9.7%)              5 (5.2%)      
-     Grade 4                                                                                             5 (5.8%)          6 (8.3%)              9 (9.4%)      
+     Grade 4                                                                                           5 (5.8%)          6 (8.3%)              9 (9.4%)      
-     Grade 5 (fatal outcome)                                                                             1 (1.2%)          1 (1.4%)              2 (2.1%)      
+     Grade 5 (fatal outcome)                                                                           1 (1.2%)          1 (1.4%)              2 (2.1%)      
-   Total number of patients with study drug 1 withdrawn due to AE                                           0                 0                      0         
+   Total number of patients with study drug 1 withdrawn due to AE                                         0                 0                      0         
-   Total number of patients with study drug 2 withdrawn due to AE                                           0                 0                      0         
+   Total number of patients with study drug 2 withdrawn due to AE                                         0                 0                      0         
-   Total number of patients with dose of study drug 1 modified/interrupted due to AE                        0                 0                      0         
+   Total number of patients with dose of study drug 1 modified/interrupted due to AE                      0                 0                      0         
-   Total number of patients with dose of study drug 2 modified/interrupted due to AE                        0                 0                      0         
+   Total number of patients with dose of study drug 2 modified/interrupted due to AE                      0                 0                      0         
-   Total number of patients with treatment received for AE                                              37 (43.0%)        61 (84.7%)            64 (66.7%)     
+   Total number of patients with treatment received for AE                                            37 (43.0%)        61 (84.7%)            64 (66.7%)     
-   Total number of patients with all non-fatal AEs resolved                                              7 (8.1%)          1 (1.4%)              4 (4.2%)      
+   Total number of patients with all non-fatal AEs resolved                                            7 (8.1%)          1 (1.4%)              4 (4.2%)      
-     No. of patients with study drug 1 withdrawn due to resolved AE                                         0                 0                      0         
+   No. of patients with study drug 1 withdrawn due to resolved AE                                         0                 0                      0         
-     No. of patients with study drug 2 withdrawn due to resolved AE                                         0                 0                      0         
+   No. of patients with study drug 2 withdrawn due to resolved AE                                         0                 0                      0         
-     No. of patients with dose of study drug 1 modified/interrupted due to resolved AE                      0                 0                      0         
+   No. of patients with dose of study drug 1 modified/interrupted due to resolved AE                      0                 0                      0         
-     No. of patients with dose of study drug 2 modified/interrupted due to resolved AE                      0                 0                      0         
+   No. of patients with dose of study drug 2 modified/interrupted due to resolved AE                      0                 0                      0         
-     No. of patients with treatment received for resolved AE                                             7 (8.1%)          1 (1.4%)              4 (4.2%)      
+   No. of patients with treatment received for resolved AE                                             7 (8.1%)          1 (1.4%)              4 (4.2%)      
-   Total number of patients with at least one non-fatal unresolved or ongoing AE                        30 (34.9%)        60 (83.3%)            60 (62.5%)     
+   Total number of patients with at least one non-fatal unresolved or ongoing AE                      30 (34.9%)        60 (83.3%)            60 (62.5%)     
-     No. of patients with study drug 1 withdrawn due to unresolved or ongoing AE                            0                 0                      0         
+   No. of patients with study drug 1 withdrawn due to unresolved or ongoing AE                            0                 0                      0         
-     No. of patients with study drug 2 withdrawn due to unresolved or ongoing AE                            0                 0                      0         
+   No. of patients with study drug 2 withdrawn due to unresolved or ongoing AE                            0                 0                      0         
-     No. of patients with dose of study drug 1 modified/interrupted due to unresolved or ongoing AE         0                 0                      0         
+   No. of patients with dose of study drug 1 modified/interrupted due to unresolved or ongoing AE         0                 0                      0         
-     No. of patients with dose of study drug 2 modified/interrupted due to unresolved or ongoing AE         0                 0                      0         
+   No. of patients with dose of study drug 2 modified/interrupted due to unresolved or ongoing AE         0                 0                      0         
-     No. of patients with treatment received for unresolved or ongoing AE                               30 (34.9%)        60 (83.3%)            60 (62.5%)     
+   No. of patients with treatment received for unresolved or ongoing AE                               30 (34.9%)        60 (83.3%)            60 (62.5%)     
-   Total number of patients with at least one serious AE                                                    0                 0                      0         
+   Total number of patients with at least one serious AE                                                  0                 0                      0         
-     No. of patients with study drug 1 withdrawn due to serious AE                                          0                 0                      0         
+   No. of patients with study drug 1 withdrawn due to serious AE                                          0                 0                      0         
-     No. of patients with study drug 2 withdrawn due to serious AE                                          0                 0                      0         
+   No. of patients with study drug 2 withdrawn due to serious AE                                          0                 0                      0         
-     No. of patients with dose of study drug 1 modified/interrupted due to serious AE                       0                 0                      0         
+   No. of patients with dose of study drug 1 modified/interrupted due to serious AE                       0                 0                      0         
-     No. of patients with dose of study drug 2 modified/interrupted due to serious AE                       0                 0                      0         
+   No. of patients with dose of study drug 2 modified/interrupted due to serious AE                       0                 0                      0         
-     No. of patients with treatment received for serious AE                                                 0                 0                      0         
+   No. of patients with treatment received for serious AE                                                 0                 0                      0         
-   Total number of patients with at least one AE related to study drug 1                                    0                 0                      0         
+   Total number of patients with at least one AE related to study drug 1                                  0                 0                      0         
-     No. of patients with study drug 1 withdrawn due to AE related to study drug 1                          0                 0                      0         
+   No. of patients with study drug 1 withdrawn due to AE related to study drug 1                          0                 0                      0         
-     No. of patients with study drug 1 withdrawn due to AE related to study drug 2                          0                 0                      0         
+   No. of patients with study drug 1 withdrawn due to AE related to study drug 2                          0                 0                      0         
-     No. of patients with dose of study drug 1 modified/interrupted due to AE related to study drug 1       0                 0                      0         
+   No. of patients with dose of study drug 1 modified/interrupted due to AE related to study drug 1       0                 0                      0         
-     No. of patients with dose of study drug 1 modified/interrupted due to AE related to study drug 2       0                 0                      0         
+   No. of patients with dose of study drug 1 modified/interrupted due to AE related to study drug 2       0                 0                      0         
-     No. of patients with treatment received for AE related to study drug 1                                 0                 0                      0         
+   No. of patients with treatment received for AE related to study drug 1                                 0                 0                      0         
-     No. of patients with serious AE related to study drug 1                                                0                 0                      0         
+   No. of patients with serious AE related to study drug 1                                                0                 0                      0         
-   Total number of patients with at least one AE related to study drug 2                                    0                 0                      0         
+   Total number of patients with at least one AE related to study drug 2                                  0                 0                      0         
-     No. of patients with study drug 2 withdrawn due to AE related to study drug 1                          0                 0                      0         
+   No. of patients with study drug 2 withdrawn due to AE related to study drug 1                          0                 0                      0         
-     No. of patients with study drug 2 withdrawn due to AE related to study drug 2                          0                 0                      0         
+   No. of patients with study drug 2 withdrawn due to AE related to study drug 2                          0                 0                      0         
-     No. of patients with dose of study drug 2 modified/interrupted due to AE related to study drug 1       0                 0                      0         
+   No. of patients with dose of study drug 2 modified/interrupted due to AE related to study drug 1       0                 0                      0         
-     No. of patients with dose of study drug 2 modified/interrupted due to AE related to study drug 2       0                 0                      0         
+   No. of patients with dose of study drug 2 modified/interrupted due to AE related to study drug 2       0                 0                      0         
-     No. of patients with treatment received for AE related to study drug 2                                 0                 0                      0         
+   No. of patients with treatment received for AE related to study drug 2                                 0                 0                      0         
-     No. of patients with serious AE related to study drug 2                                                0                 0                      0         
+   No. of patients with serious AE related to study drug 2                                                0                 0                      0         

* Run `testthat::snapshot_accept('table_aet01_aesi')` to accept the change.
* Run `testthat::snapshot_review('table_aet01_aesi')` to interactively review the change.</failure>
    </testcase>
    <testcase time="0.561" classname="table_aet01_aesi" name="AET01_AESI_Variant_4_works_as_expected"/>
    <testcase time="0.225999999999999" classname="table_aet01_aesi" name="AET01_AESI_Variant_4_works_as_expected"/>
  </testsuite>
  <testsuite name="table_aet02" timestamp="2024-11-06T21:29:54Z" hostname="c85438378865" tests="26" skipped="0" failures="0" errors="0" time="8.465">
    <testcase time="0.542000000000002" classname="table_aet02" name="AET02_variant_1_is_produced_correctly"/>
    <testcase time="0.18" classname="table_aet02" name="AET02_variant_1_is_produced_correctly"/>
    <testcase time="0.442" classname="table_aet02" name="AET02_variant_1_is_produced_correctly"/>
    <testcase time="0.100000000000001" classname="table_aet02" name="AET02_variant_1_is_produced_correctly"/>
    <testcase time="0.671999999999997" classname="table_aet02" name="AET02_variant_2_is_produced_correctly"/>
    <testcase time="0.185000000000002" classname="table_aet02" name="AET02_variant_2_is_produced_correctly"/>
    <testcase time="0.951000000000001" classname="table_aet02" name="AET02_variant_3_is_produced_correctly"/>
    <testcase time="0.305" classname="table_aet02" name="AET02_variant_3_is_produced_correctly"/>
    <testcase time="0.130000000000003" classname="table_aet02" name="AET02_variant_4_is_produced_correctly"/>
    <testcase time="0.109000000000002" classname="table_aet02" name="AET02_variant_4_is_produced_correctly"/>
    <testcase time="0.415999999999997" classname="table_aet02" name="AET02_variant_5_is_produced_correctly"/>
    <testcase time="0.187000000000005" classname="table_aet02" name="AET02_variant_5_is_produced_correctly"/>
    <testcase time="0.412999999999997" classname="table_aet02" name="AET02_variant_6_is_produced_correctly"/>
    <testcase time="0.116" classname="table_aet02" name="AET02_variant_6_is_produced_correctly"/>
    <testcase time="0.941000000000003" classname="table_aet02" name="AET02_variant_7_is_produced_correctly"/>
    <testcase time="0.149999999999999" classname="table_aet02" name="AET02_variant_7_is_produced_correctly"/>
    <testcase time="0.420999999999999" classname="table_aet02" name="AET02_variant_8_is_produced_correctly"/>
    <testcase time="0.0750000000000028" classname="table_aet02" name="AET02_variant_8_is_produced_correctly"/>
    <testcase time="0.424999999999997" classname="table_aet02" name="AET02_variant_9_is_produced_correctly"/>
    <testcase time="0.331000000000003" classname="table_aet02" name="AET02_variant_9_is_produced_correctly"/>
    <testcase time="0.372999999999998" classname="table_aet02" name="AET02_variant_10_is_produced_correctly"/>
    <testcase time="0.0859999999999985" classname="table_aet02" name="AET02_variant_10_is_produced_correctly"/>
    <testcase time="0.375" classname="table_aet02" name="AET02_variant_11_is_produced_correctly"/>
    <testcase time="0.0790000000000006" classname="table_aet02" name="AET02_variant_11_is_produced_correctly"/>
    <testcase time="0.375" classname="table_aet02" name="AET02_variant_12_is_produced_correctly"/>
    <testcase time="0.0859999999999985" classname="table_aet02" name="AET02_variant_12_is_produced_correctly"/>
  </testsuite>
  <testsuite name="table_aet02_smq" timestamp="2024-11-06T21:30:03Z" hostname="c85438378865" tests="4" skipped="0" failures="0" errors="0" time="0.414">
    <testcase time="0.113" classname="table_aet02_smq" name="AET02SMQ_variant_1_is_produced_correctly"/>
    <testcase time="0.0670000000000002" classname="table_aet02_smq" name="AET02SMQ_variant_1_is_produced_correctly"/>
    <testcase time="0.147000000000006" classname="table_aet02_smq" name="AET02SMQ_variant_2_is_produced_correctly"/>
    <testcase time="0.0869999999999962" classname="table_aet02_smq" name="AET02SMQ_variant_2_is_produced_correctly"/>
  </testsuite>
  <testsuite name="table_aet03" timestamp="2024-11-06T21:30:03Z" hostname="c85438378865" tests="6" skipped="0" failures="0" errors="0" time="4.723">
    <testcase time="1.055" classname="table_aet03" name="AET03_variant_1_is_produced_correctly"/>
    <testcase time="0.413000000000004" classname="table_aet03" name="AET03_variant_1_is_produced_correctly"/>
    <testcase time="1.321" classname="table_aet03" name="AET03_variant_1_is_produced_correctly"/>
    <testcase time="0.658999999999999" classname="table_aet03" name="AET03_variant_1_is_produced_correctly"/>
    <testcase time="1.057" classname="table_aet03" name="AET03_variant_1_is_produced_correctly"/>
    <testcase time="0.217999999999996" classname="table_aet03" name="AET03_variant_1_is_produced_correctly"/>
  </testsuite>
  <testsuite name="table_aet04" timestamp="2024-11-06T21:30:08Z" hostname="c85438378865" tests="30" skipped="0" failures="0" errors="0" time="12.612">
    <testcase time="0.736000000000004" classname="table_aet04" name="AET04_variant_1_is_produced_correctly"/>
    <testcase time="0.314999999999998" classname="table_aet04" name="AET04_variant_1_is_produced_correctly"/>
    <testcase time="0.768999999999998" classname="table_aet04" name="AET04_variant_1_is_produced_correctly"/>
    <testcase time="0.0530000000000044" classname="table_aet04" name="AET04_variant_1_is_produced_correctly"/>
    <testcase time="0.0389999999999944" classname="table_aet04" name="AET04_variant_1_is_produced_correctly"/>
    <testcase time="0.657000000000004" classname="table_aet04" name="AET04_variant_2_is_produced_correctly_Fill_in_of_Treatment_Groups_"/>
    <testcase time="0.283000000000001" classname="table_aet04" name="AET04_variant_2_is_produced_correctly_Fill_in_of_Treatment_Groups_"/>
    <testcase time="0.713999999999999" classname="table_aet04" name="AET04_variant_2_is_produced_correctly_Fill_in_of_Treatment_Groups_"/>
    <testcase time="0.0390000000000015" classname="table_aet04" name="AET04_variant_2_is_produced_correctly_Fill_in_of_Treatment_Groups_"/>
    <testcase time="0.046999999999997" classname="table_aet04" name="AET04_variant_2_is_produced_correctly_Fill_in_of_Treatment_Groups_"/>
    <testcase time="0.686" classname="table_aet04" name="AET04_variant_3_is_produced_correctly_Fill_in_of_Grades_"/>
    <testcase time="0.349000000000004" classname="table_aet04" name="AET04_variant_3_is_produced_correctly_Fill_in_of_Grades_"/>
    <testcase time="0.809999999999995" classname="table_aet04" name="AET04_variant_3_is_produced_correctly_Fill_in_of_Grades_"/>
    <testcase time="0.0510000000000019" classname="table_aet04" name="AET04_variant_3_is_produced_correctly_Fill_in_of_Grades_"/>
    <testcase time="0.0439999999999969" classname="table_aet04" name="AET04_variant_3_is_produced_correctly_Fill_in_of_Grades_"/>
    <testcase time="0.705000000000005" classname="table_aet04" name="AET04_variant_4_is_produced_correctly_Collapsing_of_Grades_grades_1_2_grades_3_4_5_"/>
    <testcase time="0.321999999999996" classname="table_aet04" name="AET04_variant_4_is_produced_correctly_Collapsing_of_Grades_grades_1_2_grades_3_4_5_"/>
    <testcase time="0.803000000000004" classname="table_aet04" name="AET04_variant_4_is_produced_correctly_Collapsing_of_Grades_grades_1_2_grades_3_4_5_"/>
    <testcase time="0.736999999999995" classname="table_aet04" name="AET04_variant_6_is_produced_correctly_with_an_Incidence_Rate_of_at_Least_5_totals_restricted_"/>
    <testcase time="0.337000000000003" classname="table_aet04" name="AET04_variant_6_is_produced_correctly_with_an_Incidence_Rate_of_at_Least_5_totals_restricted_"/>
    <testcase time="0.792000000000002" classname="table_aet04" name="AET04_variant_6_is_produced_correctly_with_an_Incidence_Rate_of_at_Least_5_totals_restricted_"/>
    <testcase time="0.00999999999999801" classname="table_aet04" name="AET04_variant_8_is_produced_correctly_with_an_Incidence_Rate_of_at_Least_X_Patients_"/>
    <testcase time="0.537999999999997" classname="table_aet04" name="AET04_variant_8_is_produced_correctly_with_an_Incidence_Rate_of_at_Least_X_Patients_"/>
    <testcase time="0.709000000000003" classname="table_aet04" name="AET04_variant_8_is_produced_correctly_with_an_Incidence_Rate_of_at_Least_X_Patients_"/>
    <testcase time="0.00999999999999801" classname="table_aet04" name="AET04_variant_9_is_produced_correctly_with_a_Difference_in_Incidence_Rate_of_at_Least_X_"/>
    <testcase time="0.302999999999997" classname="table_aet04" name="AET04_variant_9_is_produced_correctly_with_a_Difference_in_Incidence_Rate_of_at_Least_X_"/>
    <testcase time="0.716000000000008" classname="table_aet04" name="AET04_variant_9_is_produced_correctly_with_a_Difference_in_Incidence_Rate_of_at_Least_X_"/>
    <testcase time="0.00900000000000034" classname="table_aet04" name="AET04_variant_11_is_produced_correctly_with_Incidence_Rate_of_at_Least_X_all_SOCs_w_o_preferred_terms_removed_"/>
    <testcase time="0.297000000000011" classname="table_aet04" name="AET04_variant_11_is_produced_correctly_with_Incidence_Rate_of_at_Least_X_all_SOCs_w_o_preferred_terms_removed_"/>
    <testcase time="0.731999999999999" classname="table_aet04" name="AET04_variant_11_is_produced_correctly_with_Incidence_Rate_of_at_Least_X_all_SOCs_w_o_preferred_terms_removed_"/>
  </testsuite>
  <testsuite name="table_aet04_pi" timestamp="2024-11-06T21:30:20Z" hostname="c85438378865" tests="18" skipped="0" failures="0" errors="0" time="6.35">
    <testcase time="0.539000000000001" classname="table_aet04_pi" name="AET04_PI_full_table_is_produced_correctly"/>
    <testcase time="0.22399999999999" classname="table_aet04_pi" name="AET04_PI_full_table_is_produced_correctly"/>
    <testcase time="0.566000000000003" classname="table_aet04_pi" name="AET04_PI_variant_1_is_produced_correctly"/>
    <testcase time="0.168000000000006" classname="table_aet04_pi" name="AET04_PI_variant_1_is_produced_correctly"/>
    <testcase time="0.569999999999993" classname="table_aet04_pi" name="AET04_PI_variant_2_is_produced_correctly"/>
    <testcase time="0.116" classname="table_aet04_pi" name="AET04_PI_variant_2_is_produced_correctly"/>
    <testcase time="0.570999999999998" classname="table_aet04_pi" name="AET04_PI_variant_3_is_produced_correctly"/>
    <testcase time="0.134" classname="table_aet04_pi" name="AET04_PI_variant_3_is_produced_correctly"/>
    <testcase time="0.567999999999998" classname="table_aet04_pi" name="AET04_PI_variant_4_is_produced_correctly"/>
    <testcase time="0.103000000000009" classname="table_aet04_pi" name="AET04_PI_variant_4_is_produced_correctly"/>
    <testcase time="0.579999999999998" classname="table_aet04_pi" name="AET04_PI_variant_5_is_produced_correctly"/>
    <testcase time="0.156000000000006" classname="table_aet04_pi" name="AET04_PI_variant_5_is_produced_correctly"/>
    <testcase time="0.703999999999994" classname="table_aet04_pi" name="AET04_PI_variant_6_is_produced_correctly"/>
    <testcase time="0.156000000000006" classname="table_aet04_pi" name="AET04_PI_variant_6_is_produced_correctly"/>
    <testcase time="0.731999999999999" classname="table_aet04_pi" name="AET04_PI_variant_7_is_produced_correctly"/>
    <testcase time="0.161000000000001" classname="table_aet04_pi" name="AET04_PI_variant_7_is_produced_correctly"/>
    <testcase time="0.171999999999997" classname="table_aet04_pi" name="AET04_PI_variant_8_is_produced_correctly"/>
    <testcase time="0.129999999999995" classname="table_aet04_pi" name="AET04_PI_variant_8_is_produced_correctly"/>
  </testsuite>
  <testsuite name="table_aet05" timestamp="2024-11-06T21:30:27Z" hostname="c85438378865" tests="4" skipped="0" failures="0" errors="0" time="0.275">
    <testcase time="0.0900000000000034" classname="table_aet05" name="AET05_variant_1_is_produced_correctly"/>
    <testcase time="0.0600000000000023" classname="table_aet05" name="AET05_variant_1_is_produced_correctly"/>
    <testcase time="0.0659999999999883" classname="table_aet05" name="AET05_variant_2_is_produced_correctly"/>
    <testcase time="0.0590000000000117" classname="table_aet05" name="AET05_variant_2_is_produced_correctly"/>
  </testsuite>
  <testsuite name="table_aet05_all" timestamp="2024-11-06T21:30:27Z" hostname="c85438378865" tests="4" skipped="0" failures="0" errors="0" time="0.301">
    <testcase time="0.11699999999999" classname="table_aet05_all" name="AET05_ALL_variant_1_is_produced_correctly"/>
    <testcase time="0.0590000000000117" classname="table_aet05_all" name="AET05_ALL_variant_1_is_produced_correctly"/>
    <testcase time="0.0659999999999883" classname="table_aet05_all" name="AET05_ALL_variant_2_is_produced_correctly"/>
    <testcase time="0.0590000000000117" classname="table_aet05_all" name="AET05_ALL_variant_2_is_produced_correctly"/>
  </testsuite>
  <testsuite name="table_aet06" timestamp="2024-11-06T21:30:27Z" hostname="c85438378865" tests="6" skipped="0" failures="0" errors="0" time="3.791">
    <testcase time="0.582999999999998" classname="table_aet06" name="AET06_variant_1_is_produced_correctly"/>
    <testcase time="0.231999999999999" classname="table_aet06" name="AET06_variant_1_is_produced_correctly"/>
    <testcase time="0.97999999999999" classname="table_aet06" name="AET06_variant_3_is_produced_correctly"/>
    <testcase time="0.344000000000008" classname="table_aet06" name="AET06_variant_3_is_produced_correctly"/>
    <testcase time="1.25" classname="table_aet06" name="AET06_variant_5_is_produced_correctly"/>
    <testcase time="0.402000000000001" classname="table_aet06" name="AET06_variant_5_is_produced_correctly"/>
  </testsuite>
  <testsuite name="table_aet06_smq" timestamp="2024-11-06T21:30:31Z" hostname="c85438378865" tests="4" skipped="0" failures="0" errors="0" time="1.049">
    <testcase time="0.379999999999995" classname="table_aet06_smq" name="AET06_SMQ_variant_1_is_produced_correctly"/>
    <testcase time="0.147999999999996" classname="table_aet06_smq" name="AET06_SMQ_variant_1_is_produced_correctly"/>
    <testcase time="0.373000000000005" classname="table_aet06_smq" name="AET06_SMQ_variant_2_is_produced_correctly"/>
    <testcase time="0.147999999999996" classname="table_aet06_smq" name="AET06_SMQ_variant_2_is_produced_correctly"/>
  </testsuite>
  <testsuite name="table_aet07" timestamp="2024-11-06T21:30:32Z" hostname="c85438378865" tests="4" skipped="0" failures="0" errors="0" time="0.2">
    <testcase time="0.0520000000000067" classname="table_aet07" name="AET07_variant_1_is_produced_correctly"/>
    <testcase time="0.0429999999999922" classname="table_aet07" name="AET07_variant_1_is_produced_correctly"/>
    <testcase time="0.0620000000000118" classname="table_aet07" name="AET07_variant_2_is_produced_correctly"/>
    <testcase time="0.0429999999999922" classname="table_aet07" name="AET07_variant_2_is_produced_correctly"/>
  </testsuite>
  <testsuite name="table_aet09" timestamp="2024-11-06T21:30:32Z" hostname="c85438378865" tests="4" skipped="0" failures="0" errors="0" time="2.195">
    <testcase time="0.552999999999997" classname="table_aet09" name="AET09_variant_1_is_produced_correctly_AE_related_to_study_drug"/>
    <testcase time="0.200000000000003" classname="table_aet09" name="AET09_variant_1_is_produced_correctly_AE_related_to_study_drug"/>
    <testcase time="1.169" classname="table_aet09" name="AET09_variant_2_is_produced_correctly_AE_related_to_study_drug_including_high_level_terms_"/>
    <testcase time="0.27300000000001" classname="table_aet09" name="AET09_variant_2_is_produced_correctly_AE_related_to_study_drug_including_high_level_terms_"/>
  </testsuite>
  <testsuite name="table_aet09_smq" timestamp="2024-11-06T21:30:34Z" hostname="c85438378865" tests="4" skipped="0" failures="0" errors="0" time="0.467">
    <testcase time="0.117999999999995" classname="table_aet09_smq" name="AET09_variant_1_AEs_related_to_study_drug_by_SMQ_is_produced_correctly"/>
    <testcase time="0.0669999999999931" classname="table_aet09_smq" name="AET09_variant_1_AEs_related_to_study_drug_by_SMQ_is_produced_correctly"/>
    <testcase time="0.190000000000012" classname="table_aet09_smq" name="AET09_variant_2_AEs_related_to_study_drug_by_SMQ_with_customized_queries_is_produced_correctly"/>
    <testcase time="0.0919999999999987" classname="table_aet09_smq" name="AET09_variant_2_AEs_related_to_study_drug_by_SMQ_with_customized_queries_is_produced_correctly"/>
  </testsuite>
  <testsuite name="table_aet10" timestamp="2024-11-06T21:30:35Z" hostname="c85438378865" tests="2" skipped="0" failures="0" errors="0" time="0.158">
    <testcase time="0.10199999999999" classname="table_aet10" name="AET10_default_variant_is_produced_correctly"/>
    <testcase time="0.0560000000000116" classname="table_aet10" name="AET10_default_variant_is_produced_correctly"/>
  </testsuite>
  <testsuite name="table_aovt01" timestamp="2024-11-06T21:30:35Z" hostname="c85438378865" tests="4" skipped="0" failures="0" errors="0" time="1.107">
    <testcase time="0.328999999999994" classname="table_aovt01" name="AOVT01_variant_with_single_endpoint_is_produced_correctly"/>
    <testcase time="0.0810000000000031" classname="table_aovt01" name="AOVT01_variant_with_single_endpoint_is_produced_correctly"/>
    <testcase time="0.530999999999992" classname="table_aovt01" name="AOVT01_variant_with_multiple_endpoints_is_produced_correctly"/>
    <testcase time="0.166000000000011" classname="table_aovt01" name="AOVT01_variant_with_multiple_endpoints_is_produced_correctly"/>
  </testsuite>
  <testsuite name="table_aovt02" timestamp="2024-11-06T21:30:36Z" hostname="c85438378865" tests="2" skipped="0" failures="0" errors="0" time="0.375">
    <testcase time="0.286000000000001" classname="table_aovt02" name="AOVT02_is_produced_correctly"/>
    <testcase time="0.0889999999999986" classname="table_aovt02" name="AOVT02_is_produced_correctly"/>
  </testsuite>
  <testsuite name="table_aovt03" timestamp="2024-11-06T21:30:37Z" hostname="c85438378865" tests="2" skipped="0" failures="0" errors="0" time="0.797">
    <testcase time="0.641999999999996" classname="table_aovt03" name="AOVT03_is_produced_correctly"/>
    <testcase time="0.155000000000001" classname="table_aovt03" name="AOVT03_is_produced_correctly"/>
  </testsuite>
  <testsuite name="table_cfbt01" timestamp="2024-11-06T21:30:37Z" hostname="c85438378865" tests="2" skipped="0" failures="0" errors="0" time="0.6">
    <testcase time="0.399000000000001" classname="table_cfbt01" name="CFBT01_default_variant_is_produced_correctly"/>
    <testcase time="0.200999999999993" classname="table_cfbt01" name="CFBT01_default_variant_is_produced_correctly"/>
  </testsuite>
  <testsuite name="table_cmht01" timestamp="2024-11-06T21:30:38Z" hostname="c85438378865" tests="4" skipped="0" failures="0" errors="0" time="1.621">
    <testcase time="0.376000000000005" classname="table_cmht01" name="CMHT01_variant_1_is_produced_correctly"/>
    <testcase time="0.0919999999999987" classname="table_cmht01" name="CMHT01_variant_1_is_produced_correctly"/>
    <testcase time="0.872" classname="table_cmht01" name="CMHT01_variant_2_is_produced_correctly"/>
    <testcase time="0.281000000000006" classname="table_cmht01" name="CMHT01_variant_2_is_produced_correctly"/>
  </testsuite>
  <testsuite name="table_cmt01" timestamp="2024-11-06T21:30:40Z" hostname="c85438378865" tests="8" skipped="0" failures="0" errors="0" time="1.441">
    <testcase time="0.271999999999991" classname="table_cmt01" name="CMT01_default_variant_Concomitant_medications_is_produced_correctly"/>
    <testcase time="0.115000000000009" classname="table_cmt01" name="CMT01_default_variant_Concomitant_medications_is_produced_correctly"/>
    <testcase time="0.205999999999989" classname="table_cmt01" name="CMT01_variant_1_prior_medications_is_produced_correctly"/>
    <testcase time="0.100999999999999" classname="table_cmt01" name="CMT01_variant_1_prior_medications_is_produced_correctly"/>
    <testcase time="0.254000000000005" classname="table_cmt01" name="CMT01_variant_3_Concomitant_medications_is_produced_correctly"/>
    <testcase time="0.105000000000004" classname="table_cmt01" name="CMT01_variant_3_Concomitant_medications_is_produced_correctly"/>
    <testcase time="0.272999999999996" classname="table_cmt01" name="CMT01_variant_4_Concomitant_medications_is_produced_correctly"/>
    <testcase time="0.114999999999995" classname="table_cmt01" name="CMT01_variant_4_Concomitant_medications_is_produced_correctly"/>
  </testsuite>
  <testsuite name="table_cmt01a" timestamp="2024-11-06T21:30:41Z" hostname="c85438378865" tests="8" skipped="0" failures="0" errors="0" time="2.716">
    <testcase time="0.556000000000012" classname="table_cmt01a" name="CMT01A_variant_1_is_produced_correctly"/>
    <testcase time="0.179999999999993" classname="table_cmt01a" name="CMT01A_variant_1_is_produced_correctly"/>
    <testcase time="0.495999999999995" classname="table_cmt01a" name="CMT01A_variant_2_is_produced_correctly"/>
    <testcase time="0.179000000000002" classname="table_cmt01a" name="CMT01A_variant_2_is_produced_correctly"/>
    <testcase time="0.489999999999995" classname="table_cmt01a" name="CMT01A_variant_3_is_produced_correctly"/>
    <testcase time="0.179000000000002" classname="table_cmt01a" name="CMT01A_variant_3_is_produced_correctly"/>
    <testcase time="0.478999999999999" classname="table_cmt01a" name="CMT01A_variant_4_is_produced_correctly"/>
    <testcase time="0.157000000000011" classname="table_cmt01a" name="CMT01A_variant_4_is_produced_correctly"/>
  </testsuite>
  <testsuite name="table_cmt01b" timestamp="2024-11-06T21:30:44Z" hostname="c85438378865" tests="6" skipped="0" failures="0" errors="0" time="3.11">
    <testcase time="0.838999999999999" classname="table_cmt01b" name="CMT01B_variant_1_is_produced_correctly"/>
    <testcase time="0.275999999999996" classname="table_cmt01b" name="CMT01B_variant_1_is_produced_correctly"/>
    <testcase time="0.587999999999994" classname="table_cmt01b" name="CMT01B_variant_2_is_produced_correctly"/>
    <testcase time="0.213999999999999" classname="table_cmt01b" name="CMT01B_variant_2_is_produced_correctly"/>
    <testcase time="0.905000000000001" classname="table_cmt01b" name="CMT01B_variant_4_is_produced_correctly"/>
    <testcase time="0.288000000000011" classname="table_cmt01b" name="CMT01B_variant_4_is_produced_correctly"/>
  </testsuite>
  <testsuite name="table_cmt02_pt" timestamp="2024-11-06T21:30:47Z" hostname="c85438378865" tests="2" skipped="0" failures="0" errors="0" time="0.277">
    <testcase time="0.192999999999998" classname="table_cmt02_pt" name="CMT02_PT_default_variant_is_produced_correctly"/>
    <testcase time="0.083999999999989" classname="table_cmt02_pt" name="CMT02_PT_default_variant_is_produced_correctly"/>
  </testsuite>
  <testsuite name="table_coxt01" timestamp="2024-11-06T21:30:47Z" hostname="c85438378865" tests="8" skipped="0" failures="0" errors="0" time="1.725">
    <testcase time="0.265000000000001" classname="table_coxt01" name="1._Cox_Regression"/>
    <testcase time="0.0860000000000127" classname="table_coxt01" name="1._Cox_Regression"/>
    <testcase time="0.340999999999994" classname="table_coxt01" name="2._Cox_Regression_with_Interaction_Term_"/>
    <testcase time="0.109999999999999" classname="table_coxt01" name="2._Cox_Regression_with_Interaction_Term_"/>
    <testcase time="0.344999999999999" classname="table_coxt01" name="3._Cox_Regression_specifying_covariates_"/>
    <testcase time="0.11699999999999" classname="table_coxt01" name="3._Cox_Regression_specifying_covariates_"/>
    <testcase time="0.343000000000004" classname="table_coxt01" name="4._Cox_Regression_setting_strata_ties_and_alpha_level_"/>
    <testcase time="0.118000000000009" classname="table_coxt01" name="4._Cox_Regression_setting_strata_ties_and_alpha_level_"/>
  </testsuite>
  <testsuite name="table_coxt02" timestamp="2024-11-06T21:30:49Z" hostname="c85438378865" tests="4" skipped="0" failures="0" errors="0" time="0.686">
    <testcase time="0.262999999999991" classname="table_coxt02" name="COXT02_default_variant_1_is_produced_correctly"/>
    <testcase time="0.0739999999999981" classname="table_coxt02" name="COXT02_default_variant_1_is_produced_correctly"/>
    <testcase time="0.268000000000001" classname="table_coxt02" name="COXT02_variant_5_is_produced_correctly"/>
    <testcase time="0.0810000000000031" classname="table_coxt02" name="COXT02_variant_5_is_produced_correctly"/>
  </testsuite>
  <testsuite name="table_disclosures" timestamp="2024-11-06T21:30:50Z" hostname="c85438378865" tests="12" skipped="0" failures="0" errors="0" time="1.871">
    <testcase time="0.165000000000006" classname="table_disclosures" name="Patient_Disposition_table_is_produced_correctly"/>
    <testcase time="0.102999999999994" classname="table_disclosures" name="Patient_Disposition_table_is_produced_correctly"/>
    <testcase time="0.195999999999998" classname="table_disclosures" name="Demographic_table_is_produced_correctly"/>
    <testcase time="0.141000000000005" classname="table_disclosures" name="Demographic_table_is_produced_correctly"/>
    <testcase time="0.0990000000000038" classname="table_disclosures" name="Enrollment_by_Country_Table_is_produced_correctly"/>
    <testcase time="0.0899999999999892" classname="table_disclosures" name="Enrollment_by_Country_Table_is_produced_correctly"/>
    <testcase time="0.085000000000008" classname="table_disclosures" name="Death_table_is_produced_correctly"/>
    <testcase time="0.0579999999999927" classname="table_disclosures" name="Death_table_is_produced_correctly"/>
    <testcase time="0.301000000000002" classname="table_disclosures" name="Table_of_Serious_Adverse_Events_is_produced_correctly_for_one_specific_treatment_arm_"/>
    <testcase time="0.105999999999995" classname="table_disclosures" name="Table_of_Serious_Adverse_Events_is_produced_correctly_for_one_specific_treatment_arm_"/>
    <testcase time="0.387" classname="table_disclosures" name="Table_of_Non_Serious_Adverse_Events_is_produced_correctly"/>
    <testcase time="0.140000000000001" classname="table_disclosures" name="Table_of_Non_Serious_Adverse_Events_is_produced_correctly"/>
  </testsuite>
  <testsuite name="table_dmt01" timestamp="2024-11-06T21:30:52Z" hostname="c85438378865" tests="10" skipped="0" failures="0" errors="0" time="2.669">
    <testcase time="1.11800000000001" classname="table_dmt01" name="DMT01_variant_1_is_produced_correctly"/>
    <testcase time="0.179999999999993" classname="table_dmt01" name="DMT01_variant_1_is_produced_correctly"/>
    <testcase time="0.201999999999998" classname="table_dmt01" name="DMT01_variant_2_is_produced_correctly"/>
    <testcase time="0.160000000000011" classname="table_dmt01" name="DMT01_variant_2_is_produced_correctly"/>
    <testcase time="0.231999999999999" classname="table_dmt01" name="DMT01_variant_3_is_produced_correctly"/>
    <testcase time="0.170999999999992" classname="table_dmt01" name="DMT01_variant_3_is_produced_correctly"/>
    <testcase time="0.182000000000002" classname="table_dmt01" name="DMT01_variant_4_is_produced_correctly"/>
    <testcase time="0.147999999999996" classname="table_dmt01" name="DMT01_variant_4_is_produced_correctly"/>
    <testcase time="0.144000000000005" classname="table_dmt01" name="DMT01_variant_5_is_produced_correctly"/>
    <testcase time="0.132000000000005" classname="table_dmt01" name="DMT01_variant_5_is_produced_correctly"/>
  </testsuite>
  <testsuite name="table_dort01" timestamp="2024-11-06T21:30:54Z" hostname="c85438378865" tests="8" skipped="0" failures="0" errors="0" time="1.476">
    <testcase time="0.268999999999991" classname="table_dort01" name="DORT01_variant_1_is_produced_correctly"/>
    <testcase time="0.111000000000004" classname="table_dort01" name="DORT01_variant_1_is_produced_correctly"/>
    <testcase time="0.292999999999992" classname="table_dort01" name="DORT01_variant_2_selecting_sectons_is_produced_correctly"/>
    <testcase time="0.0970000000000084" classname="table_dort01" name="DORT01_variant_2_selecting_sectons_is_produced_correctly"/>
    <testcase time="0.247" classname="table_dort01" name="DORT01_variant_3_modifying_conftype_and_alpha_level_is_produced_correctly"/>
    <testcase time="0.114000000000004" classname="table_dort01" name="DORT01_variant_3_modifying_conftype_and_alpha_level_is_produced_correctly"/>
    <testcase time="0.24799999999999" classname="table_dort01" name="DORT01_variant_4_modifying_time_point_for_the_xx_duration_is_produced_correctly"/>
    <testcase time="0.0970000000000084" classname="table_dort01" name="DORT01_variant_4_modifying_time_point_for_the_xx_duration_is_produced_correctly"/>
  </testsuite>
  <testsuite name="table_dst01" timestamp="2024-11-06T21:30:56Z" hostname="c85438378865" tests="6" skipped="0" failures="0" errors="0" time="0.757">
    <testcase time="0.141999999999996" classname="table_dst01" name="DST01_default_variant_is_produced_correctly"/>
    <testcase time="0.0919999999999987" classname="table_dst01" name="DST01_default_variant_is_produced_correctly"/>
    <testcase time="0.209000000000003" classname="table_dst01" name="DST01_variants_2_and_3_are_produced_correctly"/>
    <testcase time="0.116" classname="table_dst01" name="DST01_variants_2_and_3_are_produced_correctly"/>
    <testcase time="0.070999999999998" classname="table_dst01" name="DST01_variants_2_and_3_are_produced_correctly"/>
    <testcase time="0.126999999999995" classname="table_dst01" name="DST01_variants_2_and_3_are_produced_correctly"/>
  </testsuite>
  <testsuite name="table_dtht01" timestamp="2024-11-06T21:30:56Z" hostname="c85438378865" tests="8" skipped="0" failures="0" errors="0" time="1.144">
    <testcase time="0.109000000000009" classname="table_dtht01" name="DTHT01_variant_1_is_produced_correctly"/>
    <testcase time="0.0739999999999981" classname="table_dtht01" name="DTHT01_variant_1_is_produced_correctly"/>
    <testcase time="0.262999999999991" classname="table_dtht01" name="DTHT01_variant_2_is_produced_correctly"/>
    <testcase time="0.14800000000001" classname="table_dtht01" name="DTHT01_variant_2_is_produced_correctly"/>
    <testcase time="0.162999999999997" classname="table_dtht01" name="DTHT01_variant_3_is_produced_correctly"/>
    <testcase time="0.0819999999999936" classname="table_dtht01" name="DTHT01_variant_3_is_produced_correctly"/>
    <testcase time="0.187000000000012" classname="table_dtht01" name="DTHT01_variant_4_is_produced_correctly"/>
    <testcase time="0.117999999999995" classname="table_dtht01" name="DTHT01_variant_4_is_produced_correctly"/>
  </testsuite>
  <testsuite name="table_egt01" timestamp="2024-11-06T21:30:58Z" hostname="c85438378865" tests="2" skipped="0" failures="0" errors="0" time="3.191">
    <testcase time="2.477" classname="table_egt01" name="EGT01_default_variant_is_produced_correctly"/>
    <testcase time="0.713999999999999" classname="table_egt01" name="EGT01_default_variant_is_produced_correctly"/>
  </testsuite>
  <testsuite name="table_egt02" timestamp="2024-11-06T21:31:02Z" hostname="c85438378865" tests="4" skipped="0" failures="0" errors="0" time="1.766">
    <testcase time="1.453" classname="table_egt02" name="_EGT02_1._Regardless_of_Abnormality_at_Baseline"/>
    <testcase time="0.0819999999999936" classname="table_egt02" name="_EGT02_1._Regardless_of_Abnormality_at_Baseline"/>
    <testcase time="0.156000000000006" classname="table_egt02" name="_EGT02_2._Among_Subjects_Without_Abnormality_at_Baseline"/>
    <testcase time="0.0749999999999886" classname="table_egt02" name="_EGT02_2._Among_Subjects_Without_Abnormality_at_Baseline"/>
  </testsuite>
  <testsuite name="table_egt03" timestamp="2024-11-06T21:31:02Z" hostname="c85438378865" tests="8" skipped="0" failures="0" errors="0" time="1.337">
    <testcase time="0.428000000000011" classname="table_egt03" name="EGT03_variant_1_is_produced_correctly"/>
    <testcase time="0.12299999999999" classname="table_egt03" name="EGT03_variant_1_is_produced_correctly"/>
    <testcase time="0.103999999999999" classname="table_egt03" name="EGT03_variant_2_is_produced_correctly"/>
    <testcase time="0.0870000000000033" classname="table_egt03" name="EGT03_variant_2_is_produced_correctly"/>
    <testcase time="0.183000000000007" classname="table_egt03" name="EGT03_variant_3_is_produced_correctly"/>
    <testcase time="0.114999999999995" classname="table_egt03" name="EGT03_variant_3_is_produced_correctly"/>
    <testcase time="0.182000000000002" classname="table_egt03" name="EGT03_variant_4_is_produced_correctly"/>
    <testcase time="0.114999999999995" classname="table_egt03" name="EGT03_variant_4_is_produced_correctly"/>
  </testsuite>
  <testsuite name="table_egt04" timestamp="2024-11-06T21:31:05Z" hostname="c85438378865" tests="2" skipped="0" failures="0" errors="0" time="1.466">
    <testcase time="1.381" classname="table_egt04" name="EGT04_default_variant_is_produced_correctly"/>
    <testcase time="0.085000000000008" classname="table_egt04" name="EGT04_default_variant_is_produced_correctly"/>
  </testsuite>
  <testsuite name="table_egt05_qtcat" timestamp="2024-11-06T21:31:06Z" hostname="c85438378865" tests="2" skipped="0" failures="0" errors="0" time="1.972">
    <testcase time="1.55199999999999" classname="table_egt05_qtcat" name="EGT05_QTCAT_default_variant_is_produced_correctly"/>
    <testcase time="0.420000000000002" classname="table_egt05_qtcat" name="EGT05_QTCAT_default_variant_is_produced_correctly"/>
  </testsuite>
  <testsuite name="table_ent" timestamp="2024-11-06T21:31:07Z" hostname="c85438378865" tests="8" skipped="0" failures="0" errors="0" time="12.941">
    <testcase time="3.16500000000001" classname="table_ent" name="ENT01_IT_is_produced_correctly"/>
    <testcase time="0.568999999999988" classname="table_ent" name="ENT01_IT_is_produced_correctly"/>
    <testcase time="2.10000000000001" classname="table_ent" name="ENT01a_IT_is_produced_correctly"/>
    <testcase time="0.527000000000001" classname="table_ent" name="ENT01a_IT_is_produced_correctly"/>
    <testcase time="3.26599999999999" classname="table_ent" name="ENT02_IT_is_produced_correctly"/>
    <testcase time="0.571000000000012" classname="table_ent" name="ENT02_IT_is_produced_correctly"/>
    <testcase time="2.18199999999999" classname="table_ent" name="ENT02a_IT_is_produced_correctly"/>
    <testcase time="0.561000000000007" classname="table_ent" name="ENT02a_IT_is_produced_correctly"/>
  </testsuite>
  <testsuite name="table_eudrat01" timestamp="2024-11-06T21:31:20Z" hostname="c85438378865" tests="2" skipped="0" failures="0" errors="0" time="0.611">
    <testcase time="0.466999999999999" classname="table_eudrat01" name="EUDRAT01_is_produced_correctly"/>
    <testcase time="0.144000000000005" classname="table_eudrat01" name="EUDRAT01_is_produced_correctly"/>
  </testsuite>
  <testsuite name="table_eudrat02" timestamp="2024-11-06T21:31:21Z" hostname="c85438378865" tests="2" skipped="0" failures="0" errors="0" time="0.473">
    <testcase time="0.359999999999999" classname="table_eudrat02" name="EUDRAT02_is_produced_correctly"/>
    <testcase time="0.113" classname="table_eudrat02" name="EUDRAT02_is_produced_correctly"/>
  </testsuite>
  <testsuite name="table_ext01" timestamp="2024-11-06T21:31:21Z" hostname="c85438378865" tests="6" skipped="0" failures="0" errors="0" time="1.565">
    <testcase time="0.356999999999999" classname="table_ext01" name="EXT01_default_variant_with_numeric_parameters_is_produced_correctly"/>
    <testcase time="0.173000000000002" classname="table_ext01" name="EXT01_default_variant_with_numeric_parameters_is_produced_correctly"/>
    <testcase time="0.256" classname="table_ext01" name="EXT01_variant_with_both_numeric_and_categorical_parameters"/>
    <testcase time="0.206999999999994" classname="table_ext01" name="EXT01_variant_with_both_numeric_and_categorical_parameters"/>
    <testcase time="0.309999999999988" classname="table_ext01" name="EXT01_variant_with_user_specified_categories_for_missed_doses"/>
    <testcase time="0.262" classname="table_ext01" name="EXT01_variant_with_user_specified_categories_for_missed_doses"/>
  </testsuite>
  <testsuite name="table_lbt01" timestamp="2024-11-06T21:31:23Z" hostname="c85438378865" tests="2" skipped="0" failures="0" errors="0" time="2.038">
    <testcase time="1.50200000000001" classname="table_lbt01" name="LBT01_default_variant_is_produced_correctly"/>
    <testcase time="0.536000000000001" classname="table_lbt01" name="LBT01_default_variant_is_produced_correctly"/>
  </testsuite>
  <testsuite name="table_lbt02" timestamp="2024-11-06T21:31:25Z" hostname="c85438378865" tests="2" skipped="0" failures="0" errors="0" time="1.398">
    <testcase time="0.853000000000009" classname="table_lbt02" name="LBT02_default_variant_is_produced_correctly"/>
    <testcase time="0.544999999999987" classname="table_lbt02" name="LBT02_default_variant_is_produced_correctly"/>
  </testsuite>
  <testsuite name="table_lbt03" timestamp="2024-11-06T21:31:26Z" hostname="c85438378865" tests="2" skipped="0" failures="0" errors="0" time="0.292">
    <testcase time="0.198000000000008" classname="table_lbt03" name="LBT03_default_variant_is_produced_correctly"/>
    <testcase time="0.0939999999999941" classname="table_lbt03" name="LBT03_default_variant_is_produced_correctly"/>
  </testsuite>
  <testsuite name="table_lbt04" timestamp="2024-11-06T21:31:27Z" hostname="c85438378865" tests="2" skipped="0" failures="0" errors="0" time="1.475">
    <testcase time="1.29300000000001" classname="table_lbt04" name="LBT04_default_variant_is_produced_correctly"/>
    <testcase time="0.181999999999988" classname="table_lbt04" name="LBT04_default_variant_is_produced_correctly"/>
  </testsuite>
  <testsuite name="table_lbt05" timestamp="2024-11-06T21:31:29Z" hostname="c85438378865" tests="6" skipped="0" failures="0" errors="0" time="6.177">
    <testcase time="1.99000000000001" classname="table_lbt05" name="LBT05_variant_1_is_produced_correctly"/>
    <testcase time="0.378999999999991" classname="table_lbt05" name="LBT05_variant_1_is_produced_correctly"/>
    <testcase time="1.34" classname="table_lbt05" name="LBT05_variant_2_is_produced_correctly"/>
    <testcase time="0.486000000000018" classname="table_lbt05" name="LBT05_variant_2_is_produced_correctly"/>
    <testcase time="1.62699999999998" classname="table_lbt05" name="LBT05_variant_4_is_produced_correctly"/>
    <testcase time="0.355000000000018" classname="table_lbt05" name="LBT05_variant_4_is_produced_correctly"/>
  </testsuite>
  <testsuite name="table_lbt06" timestamp="2024-11-06T21:31:34Z" hostname="c85438378865" tests="2" skipped="0" failures="0" errors="0" time="0.512">
    <testcase time="0.341999999999985" classname="table_lbt06" name="LBT06_default_variant_is_produced_correctly"/>
    <testcase time="0.170000000000016" classname="table_lbt06" name="LBT06_default_variant_is_produced_correctly"/>
  </testsuite>
  <testsuite name="table_lbt07" timestamp="2024-11-06T21:31:35Z" hostname="c85438378865" tests="2" skipped="0" failures="0" errors="0" time="2.263">
    <testcase time="1.982" classname="table_lbt07" name="LBT07_is_produced_correctly"/>
    <testcase time="0.280999999999977" classname="table_lbt07" name="LBT07_is_produced_correctly"/>
  </testsuite>
  <testsuite name="table_lbt08" timestamp="2024-11-06T21:31:37Z" hostname="c85438378865" tests="2" skipped="0" failures="0" errors="0" time="0.384">
    <testcase time="0.262" classname="table_lbt08" name="LBT08_produce_correctly"/>
    <testcase time="0.122000000000014" classname="table_lbt08" name="LBT08_produce_correctly"/>
  </testsuite>
  <testsuite name="table_lbt09" timestamp="2024-11-06T21:31:37Z" hostname="c85438378865" tests="4" skipped="0" failures="0" errors="0" time="0.911">
    <testcase time="0.304000000000002" classname="table_lbt09" name="LBT09_variant_1_works_as_expected"/>
    <testcase time="0.161000000000001" classname="table_lbt09" name="LBT09_variant_1_works_as_expected"/>
    <testcase time="0.284999999999997" classname="table_lbt09" name="LBT09_variant_2_works_as_expected"/>
    <testcase time="0.161000000000001" classname="table_lbt09" name="LBT09_variant_2_works_as_expected"/>
  </testsuite>
  <testsuite name="table_lbt10" timestamp="2024-11-06T21:31:38Z" hostname="c85438378865" tests="4" skipped="0" failures="0" errors="0" time="1.187">
    <testcase time="0.663999999999987" classname="table_lbt10" name="LBT10_variant_1_works_as_expected"/>
    <testcase time="0.0699999999999932" classname="table_lbt10" name="LBT10_variant_1_works_as_expected"/>
    <testcase time="0.394000000000005" classname="table_lbt10" name="LBT10_variant_2_works_as_expected"/>
    <testcase time="0.0589999999999975" classname="table_lbt10" name="LBT10_variant_2_works_as_expected"/>
  </testsuite>
  <testsuite name="table_lbt10_bl" timestamp="2024-11-06T21:31:39Z" hostname="c85438378865" tests="4" skipped="0" failures="0" errors="0" time="0.489">
    <testcase time="0.235000000000014" classname="table_lbt10_bl" name="LBT10_BL_variant_1_works_as_expected"/>
    <testcase time="0.085000000000008" classname="table_lbt10_bl" name="LBT10_BL_variant_1_works_as_expected"/>
    <testcase time="0.109999999999985" classname="table_lbt10_bl" name="LBT10_BL_variant_2_works_as_expected"/>
    <testcase time="0.0589999999999975" classname="table_lbt10_bl" name="LBT10_BL_variant_2_works_as_expected"/>
  </testsuite>
  <testsuite name="table_lbt11" timestamp="2024-11-06T21:31:40Z" hostname="c85438378865" tests="6" skipped="0" failures="0" errors="0" time="0.744">
    <testcase time="0.188999999999993" classname="table_lbt11" name="LBT11_variant_1_works_as_expected"/>
    <testcase time="0.109000000000009" classname="table_lbt11" name="LBT11_variant_1_works_as_expected"/>
    <testcase time="0.0840000000000032" classname="table_lbt11" name="LBT11_variant_2_works_as_expected"/>
    <testcase time="0.0790000000000077" classname="table_lbt11" name="LBT11_variant_2_works_as_expected"/>
    <testcase time="0.161000000000001" classname="table_lbt11" name="LBT11_variant_3_works_as_expected"/>
    <testcase time="0.121999999999986" classname="table_lbt11" name="LBT11_variant_3_works_as_expected"/>
  </testsuite>
  <testsuite name="table_lbt11_bl" timestamp="2024-11-06T21:31:41Z" hostname="c85438378865" tests="6" skipped="0" failures="0" errors="0" time="0.802">
    <testcase time="0.187000000000012" classname="table_lbt11_bl" name="LBT11_BL_variant_1_works_as_expected"/>
    <testcase time="0.109999999999985" classname="table_lbt11_bl" name="LBT11_BL_variant_1_works_as_expected"/>
    <testcase time="0.100000000000023" classname="table_lbt11_bl" name="LBT11_BL_variant_2_works_as_expected"/>
    <testcase time="0.0949999999999989" classname="table_lbt11_bl" name="LBT11_BL_variant_2_works_as_expected"/>
    <testcase time="0.183999999999997" classname="table_lbt11_bl" name="LBT11_BL_variant_3_works_as_expected"/>
    <testcase time="0.126000000000005" classname="table_lbt11_bl" name="LBT11_BL_variant_3_works_as_expected"/>
  </testsuite>
  <testsuite name="table_lbt12" timestamp="2024-11-06T21:31:41Z" hostname="c85438378865" tests="2" skipped="0" failures="0" errors="0" time="0.385">
    <testcase time="0.287999999999982" classname="table_lbt12" name="LBT12_works_as_expected"/>
    <testcase time="0.0970000000000084" classname="table_lbt12" name="LBT12_works_as_expected"/>
  </testsuite>
  <testsuite name="table_lbt12_bl" timestamp="2024-11-06T21:31:42Z" hostname="c85438378865" tests="2" skipped="0" failures="0" errors="0" time="0.356">
    <testcase time="0.281000000000006" classname="table_lbt12_bl" name="LBT12_BL_works_as_expected"/>
    <testcase time="0.0749999999999886" classname="table_lbt12_bl" name="LBT12_BL_works_as_expected"/>
  </testsuite>
  <testsuite name="table_lbt13" timestamp="2024-11-06T21:31:43Z" hostname="c85438378865" tests="10" skipped="0" failures="0" errors="0" time="2.221">
    <testcase time="0.765999999999991" classname="table_lbt13" name="LBT13_variant_1_LOW_works_as_expected"/>
    <testcase time="0.085000000000008" classname="table_lbt13" name="LBT13_variant_1_LOW_works_as_expected"/>
    <testcase time="0.149000000000001" classname="table_lbt13" name="LBT13_variant_2_HIGH_works_as_expected"/>
    <testcase time="0.0629999999999882" classname="table_lbt13" name="LBT13_variant_2_HIGH_works_as_expected"/>
    <testcase time="0.229000000000013" classname="table_lbt13" name="LBT13_variant_3_LOW_without_baseline_missing_works_as_expected"/>
    <testcase time="0.0860000000000127" classname="table_lbt13" name="LBT13_variant_3_LOW_without_baseline_missing_works_as_expected"/>
    <testcase time="0.149999999999977" classname="table_lbt13" name="LBT13_variant_4_HIGH_with_missing_baseline_considered_as_grade_0_works_as_expected"/>
    <testcase time="0.0630000000000166" classname="table_lbt13" name="LBT13_variant_4_HIGH_with_missing_baseline_considered_as_grade_0_works_as_expected"/>
    <testcase time="0.411000000000001" classname="table_lbt13" name="LBT14_variant_5_HIGH_with_filled_in_grades_works_as_expected"/>
    <testcase time="0.218999999999994" classname="table_lbt13" name="LBT14_variant_5_HIGH_with_filled_in_grades_works_as_expected"/>
  </testsuite>
  <testsuite name="table_lbt14" timestamp="2024-11-06T21:31:45Z" hostname="c85438378865" tests="10" skipped="0" failures="0" errors="0" time="27.803">
    <testcase time="5.691" classname="table_lbt14" name="LBT14_variant_1_HIGH_works_as_expected"/>
    <testcase time="0.486999999999995" classname="table_lbt14" name="LBT14_variant_1_HIGH_works_as_expected"/>
    <testcase time="5.18899999999999" classname="table_lbt14" name="LBT14_variant_2_LOW_works_as_expected"/>
    <testcase time="0.289000000000016" classname="table_lbt14" name="LBT14_variant_2_LOW_works_as_expected"/>
    <testcase time="3.07499999999999" classname="table_lbt14" name="LBT14_variant_3_LOW_without_baseline_missing_works_as_expected"/>
    <testcase time="0.381" classname="table_lbt14" name="LBT14_variant_3_LOW_without_baseline_missing_works_as_expected"/>
    <testcase time="4.584" classname="table_lbt14" name="LBT14_variant_4_LOW_and_force_1_missing_both_baseline_and_post_baseline_then_force_the_missing_baseline_as_0_as_expected"/>
    <testcase time="0.246000000000009" classname="table_lbt14" name="LBT14_variant_4_LOW_and_force_1_missing_both_baseline_and_post_baseline_then_force_the_missing_baseline_as_0_as_expected"/>
    <testcase time="5.06399999999999" classname="table_lbt14" name="LBT14_variant_5_HIGH_with_fillings_works_as_expected"/>
    <testcase time="2.797" classname="table_lbt14" name="LBT14_variant_5_HIGH_with_fillings_works_as_expected"/>
  </testsuite>
  <testsuite name="table_lbt15" timestamp="2024-11-06T21:32:12Z" hostname="c85438378865" tests="4" skipped="0" failures="0" errors="0" time="1.551">
    <testcase time="0.606999999999999" classname="table_lbt15" name="LBT15_variant_1_works_as_expected"/>
    <testcase time="0.198000000000008" classname="table_lbt15" name="LBT15_variant_1_works_as_expected"/>
    <testcase time="0.537000000000006" classname="table_lbt15" name="LBT15_variant_2_works_as_expected"/>
    <testcase time="0.208999999999975" classname="table_lbt15" name="LBT15_variant_2_works_as_expected"/>
  </testsuite>
  <testsuite name="table_lgrt02" timestamp="2024-11-06T21:32:14Z" hostname="c85438378865" tests="8" skipped="0" failures="0" errors="0" time="2.979">
    <testcase time="0.54000000000002" classname="table_lgrt02" name="LGRT02_without_interaction_term_is_produced_correctly"/>
    <testcase time="0.413999999999987" classname="table_lgrt02" name="LGRT02_without_interaction_term_is_produced_correctly"/>
    <testcase time="0.542000000000002" classname="table_lgrt02" name="LGRT02_with_categorical_interaction_is_produced_correctly"/>
    <testcase time="0.165999999999997" classname="table_lgrt02" name="LGRT02_with_categorical_interaction_is_produced_correctly"/>
    <testcase time="0.548000000000002" classname="table_lgrt02" name="LGRT02_with_continuous_interaction_is_produced_correctly"/>
    <testcase time="0.158999999999992" classname="table_lgrt02" name="LGRT02_with_continuous_interaction_is_produced_correctly"/>
    <testcase time="0.475999999999999" classname="table_lgrt02" name="LGRT02_with_setting_values_indicating_an_event_and_custom_alpha_level_is_produced_correctly"/>
    <testcase time="0.134000000000015" classname="table_lgrt02" name="LGRT02_with_setting_values_indicating_an_event_and_custom_alpha_level_is_produced_correctly"/>
  </testsuite>
  <testsuite name="table_mht01" timestamp="2024-11-06T21:32:17Z" hostname="c85438378865" tests="8" skipped="0" failures="0" errors="0" time="1.417">
    <testcase time="0.296999999999997" classname="table_mht01" name="MHT01_variant_1_is_produced_accurately"/>
    <testcase time="0.12700000000001" classname="table_mht01" name="MHT01_variant_1_is_produced_accurately"/>
    <testcase time="0.10299999999998" classname="table_mht01" name="MHT01_variant_2_is_produced_accurately"/>
    <testcase time="0.0660000000000025" classname="table_mht01" name="MHT01_variant_2_is_produced_accurately"/>
    <testcase time="0.244" classname="table_mht01" name="MHT01_variant_3_is_produced_accurately"/>
    <testcase time="0.120000000000005" classname="table_mht01" name="MHT01_variant_3_is_produced_accurately"/>
    <testcase time="0.313000000000017" classname="table_mht01" name="MHT01_variant_5_is_produced_accurately"/>
    <testcase time="0.146999999999991" classname="table_mht01" name="MHT01_variant_5_is_produced_accurately"/>
  </testsuite>
  <testsuite name="table_onct05" timestamp="2024-11-06T21:32:18Z" hostname="c85438378865" tests="8" skipped="0" failures="0" errors="0" time="1.899">
    <testcase time="0.414999999999992" classname="table_onct05" name="ONCT05_variant_1_Objective_Response_Rate_by_Subgroup_is_produced_correctly"/>
    <testcase time="0.109000000000009" classname="table_onct05" name="ONCT05_variant_1_Objective_Response_Rate_by_Subgroup_is_produced_correctly"/>
    <testcase time="0.448999999999984" classname="table_onct05" name="ONCT05_variant_2_Specifying_class_variables_is_produced_correctly"/>
    <testcase time="0.112000000000023" classname="table_onct05" name="ONCT05_variant_2_Specifying_class_variables_is_produced_correctly"/>
    <testcase time="0.198999999999984" classname="table_onct05" name="ONCT05_variant_3_selecting_columns_and_changing_the_alpha_level_is_produced_correctly"/>
    <testcase time="0.0800000000000125" classname="table_onct05" name="ONCT05_variant_3_selecting_columns_and_changing_the_alpha_level_is_produced_correctly"/>
    <testcase time="0.417000000000002" classname="table_onct05" name="ONCT05_variant_4_setting_values_indicating_response_is_produced_correctly"/>
    <testcase time="0.117999999999995" classname="table_onct05" name="ONCT05_variant_4_setting_values_indicating_response_is_produced_correctly"/>
  </testsuite>
  <testsuite name="table_pdt01" timestamp="2024-11-06T21:32:20Z" hostname="c85438378865" tests="2" skipped="0" failures="0" errors="0" time="0.396">
    <testcase time="0.244" classname="table_pdt01" name="PDT01_is_produced_correctly"/>
    <testcase time="0.151999999999987" classname="table_pdt01" name="PDT01_is_produced_correctly"/>
  </testsuite>
  <testsuite name="table_pdt02" timestamp="2024-11-06T21:32:20Z" hostname="c85438378865" tests="2" skipped="0" failures="0" errors="0" time="0.228">
    <testcase time="0.143000000000001" classname="table_pdt02" name="PDT02_is_produced_correctly"/>
    <testcase time="0.085000000000008" classname="table_pdt02" name="PDT02_is_produced_correctly"/>
  </testsuite>
  <testsuite name="table_pkct01" timestamp="2024-11-06T21:32:21Z" hostname="c85438378865" tests="10" skipped="0" failures="0" errors="0" time="2.97">
    <testcase time="0.260999999999996" classname="table_pkct01" name="PKCT01_is_produced_correctly"/>
    <testcase time="0.0840000000000032" classname="table_pkct01" name="PKCT01_is_produced_correctly"/>
    <testcase time="0.115000000000009" classname="table_pkct01" name="PKCT01_is_produced_correctly"/>
    <testcase time="0.0649999999999977" classname="table_pkct01" name="PKCT01_is_produced_correctly"/>
    <testcase time="0.830999999999989" classname="table_pkct01" name="Specific_PKCT01_features_are_present"/>
    <testcase time="0.22399999999999" classname="table_pkct01" name="Specific_PKCT01_features_are_present"/>
    <testcase time="0.187000000000012" classname="table_pkct01" name="Specific_PKCT01_features_are_present"/>
    <testcase time="0.0029999999999859" classname="table_pkct01" name="Specific_PKCT01_features_are_present"/>
    <testcase time="0.675000000000011" classname="table_pkct01" name="Specific_PKCT01_features_are_present"/>
    <testcase time="0.525000000000006" classname="table_pkct01" name="Specific_PKCT01_features_are_present"/>
  </testsuite>
  <testsuite name="table_pkpt02" timestamp="2024-11-06T21:32:24Z" hostname="c85438378865" tests="2" skipped="0" failures="0" errors="0" time="0.544">
    <testcase time="0.322000000000003" classname="table_pkpt02" name="PKPT02_is_produced_correctly_for_Drug_X"/>
    <testcase time="0.22199999999998" classname="table_pkpt02" name="PKPT02_is_produced_correctly_for_Drug_X"/>
  </testsuite>
  <testsuite name="table_pkpt03" timestamp="2024-11-06T21:32:24Z" hostname="c85438378865" tests="2" skipped="0" failures="0" errors="0" time="1.076">
    <testcase time="0.886000000000024" classname="table_pkpt03" name="PKPT03_Drug_X_is_produced_correctly"/>
    <testcase time="0.189999999999998" classname="table_pkpt03" name="PKPT03_Drug_X_is_produced_correctly"/>
  </testsuite>
  <testsuite name="table_pkpt04" timestamp="2024-11-06T21:32:25Z" hostname="c85438378865" tests="2" skipped="0" failures="0" errors="0" time="0.188">
    <testcase time="0.0939999999999941" classname="table_pkpt04" name="PKPT04_is_produced_correctly_for_Drug_X"/>
    <testcase time="0.0939999999999941" classname="table_pkpt04" name="PKPT04_is_produced_correctly_for_Drug_X"/>
  </testsuite>
  <testsuite name="table_pkpt05" timestamp="2024-11-06T21:32:25Z" hostname="c85438378865" tests="2" skipped="0" failures="0" errors="0" time="0.384">
    <testcase time="0.277999999999992" classname="table_pkpt05" name="PKPT05_Drug_X_is_produced_correctly"/>
    <testcase time="0.106000000000023" classname="table_pkpt05" name="PKPT05_Drug_X_is_produced_correctly"/>
  </testsuite>
  <testsuite name="table_pkpt06" timestamp="2024-11-06T21:32:26Z" hostname="c85438378865" tests="4" skipped="0" failures="0" errors="0" time="0.263">
    <testcase time="0.0959999999999752" classname="table_pkpt06" name="PKPT06_is_produced_correctly_for_Drug_X"/>
    <testcase time="0.0620000000000118" classname="table_pkpt06" name="PKPT06_is_produced_correctly_for_Drug_X"/>
    <testcase time="0.0500000000000114" classname="table_pkpt06" name="PKPT06_is_produced_correctly_for_Drug_Y"/>
    <testcase time="0.0549999999999784" classname="table_pkpt06" name="PKPT06_is_produced_correctly_for_Drug_Y"/>
  </testsuite>
  <testsuite name="table_pkpt07" timestamp="2024-11-06T21:32:26Z" hostname="c85438378865" tests="4" skipped="0" failures="0" errors="0" time="0.52">
    <testcase time="0.207999999999998" classname="table_pkpt07" name="PKPT07_Drug_X_is_produced_correctly"/>
    <testcase time="0.105000000000018" classname="table_pkpt07" name="PKPT07_Drug_X_is_produced_correctly"/>
    <testcase time="0.109999999999985" classname="table_pkpt07" name="PKPT07_Drug_Y_is_produced_correctly"/>
    <testcase time="0.0970000000000084" classname="table_pkpt07" name="PKPT07_Drug_Y_is_produced_correctly"/>
  </testsuite>
  <testsuite name="table_ratet01" timestamp="2024-11-06T21:32:27Z" hostname="c85438378865" tests="2" skipped="0" failures="0" errors="0" time="0.664">
    <testcase time="0.531999999999982" classname="table_ratet01" name="RATET01_is_produced_correctly"/>
    <testcase time="0.132000000000005" classname="table_ratet01" name="RATET01_is_produced_correctly"/>
  </testsuite>
  <testsuite name="table_rmpt01" timestamp="2024-11-06T21:32:27Z" hostname="c85438378865" tests="2" skipped="0" failures="0" errors="0" time="0.197">
    <testcase time="0.129000000000019" classname="table_rmpt01" name="RMPT01_is_produced_correctly"/>
    <testcase time="0.0679999999999836" classname="table_rmpt01" name="RMPT01_is_produced_correctly"/>
  </testsuite>
  <testsuite name="table_rmpt03" timestamp="2024-11-06T21:32:28Z" hostname="c85438378865" tests="4" skipped="0" failures="0" errors="0" time="0.528">
    <testcase time="0.200999999999993" classname="table_rmpt03" name="RMPT03_variant_1_is_produced_correctly"/>
    <testcase time="0.0870000000000175" classname="table_rmpt03" name="RMPT03_variant_1_is_produced_correctly"/>
    <testcase time="0.155000000000001" classname="table_rmpt03" name="RMPT03_variant_2_is_produced_correctly"/>
    <testcase time="0.0849999999999795" classname="table_rmpt03" name="RMPT03_variant_2_is_produced_correctly"/>
  </testsuite>
  <testsuite name="table_rmpt04" timestamp="2024-11-06T21:32:28Z" hostname="c85438378865" tests="2" skipped="0" failures="0" errors="0" time="0.194">
    <testcase time="0.138000000000005" classname="table_rmpt04" name="RMPT04_variant_1_is_produced_correctly"/>
    <testcase time="0.0560000000000116" classname="table_rmpt04" name="RMPT04_variant_1_is_produced_correctly"/>
  </testsuite>
  <testsuite name="table_rmpt05" timestamp="2024-11-06T21:32:28Z" hostname="c85438378865" tests="2" skipped="0" failures="0" errors="0" time="0.221">
    <testcase time="0.153999999999996" classname="table_rmpt05" name="RMPT05_is_produced_correctly"/>
    <testcase time="0.0670000000000073" classname="table_rmpt05" name="RMPT05_is_produced_correctly"/>
  </testsuite>
  <testsuite name="table_rmpt06" timestamp="2024-11-06T21:32:28Z" hostname="c85438378865" tests="8" skipped="0" failures="0" errors="0" time="1.53">
    <testcase time="0.307999999999993" classname="table_rmpt06" name="RMPT06_variant_1_is_produced_correctly"/>
    <testcase time="0.120000000000005" classname="table_rmpt06" name="RMPT06_variant_1_is_produced_correctly"/>
    <testcase time="0.201999999999998" classname="table_rmpt06" name="RMPT06_variant_2_is_produced_correctly"/>
    <testcase time="0.0840000000000032" classname="table_rmpt06" name="RMPT06_variant_2_is_produced_correctly"/>
    <testcase time="0.276999999999987" classname="table_rmpt06" name="RMPT06_variant_3_is_produced_correctly"/>
    <testcase time="0.12700000000001" classname="table_rmpt06" name="RMPT06_variant_3_is_produced_correctly"/>
    <testcase time="0.286000000000001" classname="table_rmpt06" name="RMPT06_variant_4_is_produced_correctly"/>
    <testcase time="0.126000000000005" classname="table_rmpt06" name="RMPT06_variant_4_is_produced_correctly"/>
  </testsuite>
  <testsuite name="table_rspt01" timestamp="2024-11-06T21:32:30Z" hostname="c85438378865" tests="12" skipped="0" failures="0" errors="0" time="2.278">
    <testcase time="0.263999999999982" classname="table_rspt01" name="RSPT01_1._Best_Overall_Response"/>
    <testcase time="0.115000000000009" classname="table_rspt01" name="RSPT01_1._Best_Overall_Response"/>
    <testcase time="0.24199999999999" classname="table_rspt01" name="RSPT01_2._Best_Overall_Response_selecting_sections_to_display_"/>
    <testcase time="0.104000000000013" classname="table_rspt01" name="RSPT01_2._Best_Overall_Response_selecting_sections_to_display_"/>
    <testcase time="0.294999999999987" classname="table_rspt01" name="RSPT01_3._Best_Overall_Response_modifying_settings_"/>
    <testcase time="0.119" classname="table_rspt01" name="RSPT01_3._Best_Overall_Response_modifying_settings_"/>
    <testcase time="0.320000000000022" classname="table_rspt01" name="RSPT01_4._Best_Overall_Response_with_stratified_analysis_"/>
    <testcase time="0.137" classname="table_rspt01" name="RSPT01_4._Best_Overall_Response_with_stratified_analysis_"/>
    <testcase time="0.253999999999991" classname="table_rspt01" name="RSPT01_5._Best_Overall_Response_modifying_the_definition_of_overall_response_"/>
    <testcase time="0.12700000000001" classname="table_rspt01" name="RSPT01_5._Best_Overall_Response_modifying_the_definition_of_overall_response_"/>
    <testcase time="0.208999999999975" classname="table_rspt01" name="RSPT01_6._Best_Overall_Response_define_new_sections_to_display_"/>
    <testcase time="0.092000000000013" classname="table_rspt01" name="RSPT01_6._Best_Overall_Response_define_new_sections_to_display_"/>
  </testsuite>
  <testsuite name="table_ttet01" timestamp="2024-11-06T21:32:32Z" hostname="c85438378865" tests="14" skipped="0" failures="0" errors="0" time="3.363">
    <testcase time="0.397999999999996" classname="table_ttet01" name="TTET01_default_variant_is_produced_correctly"/>
    <testcase time="0.175000000000011" classname="table_ttet01" name="TTET01_default_variant_is_produced_correctly"/>
    <testcase time="0.397999999999996" classname="table_ttet01" name="TTET01_default_variant_with_Placebo_arm"/>
    <testcase time="0.162000000000006" classname="table_ttet01" name="TTET01_default_variant_with_Placebo_arm"/>
    <testcase time="0.206999999999994" classname="table_ttet01" name="TTET01_variant_2_selecting_sections_to_display"/>
    <testcase time="0.126000000000005" classname="table_ttet01" name="TTET01_variant_2_selecting_sections_to_display"/>
    <testcase time="0.292000000000002" classname="table_ttet01" name="TTET01_variant_3_modifying_analysis_details_like_conftype_ties_alpha_level"/>
    <testcase time="0.149000000000001" classname="table_ttet01" name="TTET01_variant_3_modifying_analysis_details_like_conftype_ties_alpha_level"/>
    <testcase time="0.334000000000003" classname="table_ttet01" name="TTET01_variant_4_with_stratified_analysis"/>
    <testcase time="0.161999999999978" classname="table_ttet01" name="TTET01_variant_4_with_stratified_analysis"/>
    <testcase time="0.293000000000006" classname="table_ttet01" name="TTET01_variant_5_modifying_time_point"/>
    <testcase time="0.149000000000001" classname="table_ttet01" name="TTET01_variant_5_modifying_time_point"/>
    <testcase time="0.378999999999991" classname="table_ttet01" name="TTET01_variant_6_requesting_more_than_one_p_value"/>
    <testcase time="0.13900000000001" classname="table_ttet01" name="TTET01_variant_6_requesting_more_than_one_p_value"/>
  </testsuite>
  <testsuite name="table_vst01" timestamp="2024-11-06T21:32:37Z" hostname="c85438378865" tests="2" skipped="0" failures="1" errors="0" time="2.149">
    <testcase time="1.715" classname="table_vst01" name="VST01_default_variant_is_produced_correctly"/>
    <testcase time="0.433999999999997" classname="table_vst01" name="VST01_default_variant_is_produced_correctly">
      <failure type="failure" message="Snapshot of code has changed: ('test-table_vst01.R:100:3')">Snapshot of code has changed:
old[7:16] vs new[7:16]
    Analysis Visit              (N=86)           (N=86)           (N=72)           (N=72)           (N=96)           (N=96)    
    ———————————————————————————————————————————————————————————————————————————————————————————————————————————————————————————
    Baseline                                                                                                                   
-     n                          340              255              288              216              384              288      
+     n                          340               0               288               0               384               0       
-     Mean (SD)             77.09 (10.74)     0.00 (0.00)     78.24 (10.29)     0.00 (0.00)      76.62 (9.82)     0.00 (0.00)  
+     Mean (SD)             77.09 (10.74)       NE (NE)       78.24 (10.29)       NE (NE)        76.62 (9.82)       NE (NE)    
-     Median                    77.67             0.00            78.83             0.00            76.67             0.00     
+     Median                    77.67              NE             78.83              NE             76.67              NE      
-     Min - Max             40.00 - 110.00    0.00 - 0.00     51.00 - 108.00    0.00 - 0.00     48.00 - 108.00    0.00 - 0.00  
+     Min - Max             40.00 - 110.00      NE - NE       51.00 - 108.00      NE - NE       48.00 - 108.00      NE - NE    
    Week 2                                                                                                                     
      n                          222              222              168              168              177              177      
      Mean (SD)             74.44 (10.68)     -3.00 (9.00)     76.03 (9.86)    -2.74 (11.34)    75.95 (11.17)     0.11 (10.12) 

old[62:71] vs new[62:71]
      Median                    76.00            -2.00            78.33             0.00            74.00             0.00     
      Min - Max             49.00 - 101.00   -30.00 - 24.00   54.00 - 98.00    -45.00 - 22.00   52.00 - 100.00   -30.00 - 34.00
    Post-Baseline Minimum                                                                                                      
-     n                          1284             963              1111             834              1346             1010     
+     n                          1284              0               1111              0               1346              0       
-     Mean (SD)             76.29 (10.41)     -0.97 (9.19)     77.33 (9.83)     -1.01 (9.23)     76.02 (9.77)     -0.26 (9.30) 
+     Mean (SD)             76.29 (10.41)       NE (NE)        77.33 (9.83)       NE (NE)        76.02 (9.77)       NE (NE)    
-     Median                    78.00             0.00            78.00             0.00            76.00             0.00     
+     Median                    78.00              NE             78.00              NE             76.00              NE      
-     Min - Max             39.00 - 108.00   -28.00 - 49.00   40.00 - 100.00   -43.00 - 32.00   40.00 - 110.00   -34.00 - 46.00
+     Min - Max             39.00 - 108.00      NE - NE       40.00 - 100.00      NE - NE       40.00 - 110.00      NE - NE    
    Post-Baseline Maximum                                                                                                      
      n                           86               84               72               72               96               94      
      Mean (SD)              73.29 (9.96)     -2.42 (9.74)     74.65 (9.36)     -2.26 (9.66)    75.61 (10.28)     -0.97 (9.37) 

old[72:83] vs new[72:83]
      Median                    72.50            -2.00            76.00            -2.00            76.00             0.00     
      Min - Max             50.00 - 99.00    -34.00 - 20.00   56.00 - 94.00    -36.00 - 20.00   45.00 - 100.00   -21.00 - 26.00
    Post-Baseline Last                                                                                                         
-     n                           86               85               72               70               96               92      
+     n                           86               48               72               44               96               46      
-     Mean (SD)              62.58 (8.60)    -13.35 (7.62)     63.62 (8.31)    -14.23 (9.76)     63.68 (9.52)    -11.82 (8.66) 
+     Mean (SD)              62.58 (8.60)    -14.69 (7.67)     63.62 (8.31)    -16.16 (10.06)    63.68 (9.52)    -13.13 (8.46) 
-     Median                    62.00            -13.00           63.00            -13.00           64.00            -10.00    
+     Median                    62.00            -14.00           63.00            -14.00           64.00            -14.00    
-     Min - Max             39.00 - 90.00    -34.00 - 6.00    40.00 - 82.00    -38.00 - 3.00    40.00 - 85.00    -34.00 - 7.00 
+     Min - Max             39.00 - 90.00    -34.00 - 4.00    40.00 - 82.00    -38.00 - 3.00    40.00 - 85.00    -30.00 - 7.00 
    &lt;Missing&gt;                                                                                                                  
-     n                           86               84               72               69               96               94      
+     n                           86               39               72               27               96               43      
-     Mean (SD)              88.32 (9.17)     10.44 (8.74)     88.87 (7.68)     10.06 (8.11)     88.32 (8.21)     11.24 (8.44) 
+     Mean (SD)              88.32 (9.17)     10.28 (6.74)     88.87 (7.68)    10.89 (10.22)     88.32 (8.21)     11.37 (7.80) 
      Median                    88.50             8.00            90.00            10.00            88.00            10.00     
-     Min - Max             58.00 - 117.00   -2.00 - 49.00    62.00 - 102.00   -11.00 - 28.00   70.00 - 118.00   -6.00 - 46.00 
+     Min - Max             58.00 - 117.00   -2.00 - 24.00    62.00 - 102.00   -11.00 - 28.00   70.00 - 118.00   -6.00 - 38.00 

* Run `testthat::snapshot_accept('table_vst01')` to accept the change.
* Run `testthat::snapshot_review('table_vst01')` to interactively review the change.</failure>
    </testcase>
  </testsuite>
  <testsuite name="table_vst02" timestamp="2024-11-06T21:32:39Z" hostname="c85438378865" tests="4" skipped="0" failures="0" errors="0" time="1.53">
    <testcase time="1.065" classname="table_vst02" name="1._Vital_Sign_Abnormalities_Regardless_of_Abnormality_at_Baseline_VST02_1_"/>
    <testcase time="0.113" classname="table_vst02" name="1._Vital_Sign_Abnormalities_Regardless_of_Abnormality_at_Baseline_VST02_1_"/>
    <testcase time="0.256" classname="table_vst02" name="2._Vital_Sign_Abnormalities_Among_Subject_Without_Abnormality_at_Baseline_VST02_2_"/>
    <testcase time="0.0960000000000036" classname="table_vst02" name="2._Vital_Sign_Abnormalities_Among_Subject_Without_Abnormality_at_Baseline_VST02_2_"/>
  </testsuite>
</testsuites>
