<?xml version="1.0" encoding="UTF-8"?>
<testsuites>
  <testsuite name="listing_adal02" timestamp="2024-11-14T23:16:59Z" hostname="e7f37776cae3" tests="1" skipped="0" failures="0" errors="0" time="0.249">
    <testcase time="0.248999999999999" classname="listing_adal02" name="ADAL02_listing_is_produced_correctly"/>
  </testsuite>
  <testsuite name="listing_ael01" timestamp="2024-11-14T23:16:59Z" hostname="e7f37776cae3" tests="1" skipped="0" failures="0" errors="0" time="0.201">
    <testcase time="0.201000000000001" classname="listing_ael01" name="AEL01_listing_is_produced_correctly"/>
  </testsuite>
  <testsuite name="listing_ael01_nollt" timestamp="2024-11-14T23:17:00Z" hostname="e7f37776cae3" tests="1" skipped="0" failures="0" errors="0" time="0.073">
    <testcase time="0.0730000000000004" classname="listing_ael01_nollt" name="AEL01_NOLLT_listing_is_produced_correctly"/>
  </testsuite>
  <testsuite name="listing_ael02" timestamp="2024-11-14T23:17:00Z" hostname="e7f37776cae3" tests="1" skipped="0" failures="0" errors="0" time="0.291">
    <testcase time="0.291" classname="listing_ael02" name="AEL02_listing_is_produced_correctly"/>
  </testsuite>
  <testsuite name="listing_ael02_ed" timestamp="2024-11-14T23:17:00Z" hostname="e7f37776cae3" tests="1" skipped="0" failures="0" errors="0" time="0.331">
    <testcase time="0.331" classname="listing_ael02_ed" name="AEL02_ED_listing_is_produced_correctly"/>
  </testsuite>
  <testsuite name="listing_ael03" timestamp="2024-11-14T23:17:00Z" hostname="e7f37776cae3" tests="1" skipped="0" failures="0" errors="0" time="0.28">
    <testcase time="0.280000000000001" classname="listing_ael03" name="AEL03_listing_is_produced_correctly"/>
  </testsuite>
  <testsuite name="listing_ael04" timestamp="2024-11-14T23:17:01Z" hostname="e7f37776cae3" tests="1" skipped="0" failures="0" errors="0" time="0.214">
    <testcase time="0.213999999999999" classname="listing_ael04" name="AEL04_listing_is_produced_correctly"/>
  </testsuite>
  <testsuite name="listing_cml01" timestamp="2024-11-14T23:17:01Z" hostname="e7f37776cae3" tests="1" skipped="0" failures="0" errors="0" time="0.342">
    <testcase time="0.342000000000001" classname="listing_cml01" name="CML01_listing_is_produced_correctly"/>
  </testsuite>
  <testsuite name="listing_cml02a_gl" timestamp="2024-11-14T23:17:01Z" hostname="e7f37776cae3" tests="1" skipped="0" failures="0" errors="0" time="0.117">
    <testcase time="0.117000000000001" classname="listing_cml02a_gl" name="CML02A_GL_listing_is_produced_correctly"/>
  </testsuite>
  <testsuite name="listing_cml02b_gl" timestamp="2024-11-14T23:17:01Z" hostname="e7f37776cae3" tests="1" skipped="0" failures="0" errors="0" time="0.171">
    <testcase time="0.170999999999999" classname="listing_cml02b_gl" name="CML02B_GL_listing_is_produced_correctly"/>
  </testsuite>
  <testsuite name="listing_dsl01" timestamp="2024-11-14T23:17:01Z" hostname="e7f37776cae3" tests="1" skipped="0" failures="0" errors="0" time="0.174">
    <testcase time="0.173999999999999" classname="listing_dsl01" name="DSL01_listing_is_produced_correctly"/>
  </testsuite>
  <testsuite name="listing_dsl02" timestamp="2024-11-14T23:17:02Z" hostname="e7f37776cae3" tests="1" skipped="0" failures="0" errors="0" time="0.074">
    <testcase time="0.0739999999999998" classname="listing_dsl02" name="DSL02_listing_is_produced_correctly"/>
  </testsuite>
  <testsuite name="listing_dsur4" timestamp="2024-11-14T23:17:02Z" hostname="e7f37776cae3" tests="1" skipped="0" failures="0" errors="0" time="0.114">
    <testcase time="0.114000000000001" classname="listing_dsur4" name="DSUR4_listing_is_produced_correctly"/>
  </testsuite>
  <testsuite name="listing_egl01" timestamp="2024-11-14T23:17:02Z" hostname="e7f37776cae3" tests="1" skipped="0" failures="0" errors="0" time="0.38">
    <testcase time="0.379999999999999" classname="listing_egl01" name="EGL01_listing_is_produced_correctly"/>
  </testsuite>
  <testsuite name="listing_exl01" timestamp="2024-11-14T23:17:02Z" hostname="e7f37776cae3" tests="1" skipped="0" failures="0" errors="0" time="0.222">
    <testcase time="0.222000000000001" classname="listing_exl01" name="EXL01_listing_is_produced_correctly"/>
  </testsuite>
  <testsuite name="listing_lbl01" timestamp="2024-11-14T23:17:02Z" hostname="e7f37776cae3" tests="1" skipped="0" failures="0" errors="0" time="0.523">
    <testcase time="0.523" classname="listing_lbl01" name="LBL01_listing_is_produced_correctly"/>
  </testsuite>
  <testsuite name="listing_lbl01_rls" timestamp="2024-11-14T23:17:03Z" hostname="e7f37776cae3" tests="1" skipped="0" failures="0" errors="0" time="0.552">
    <testcase time="0.552" classname="listing_lbl01_rls" name="LBL01_RLS_listing_is_produced_correctly"/>
  </testsuite>
  <testsuite name="listing_lbl02a" timestamp="2024-11-14T23:17:03Z" hostname="e7f37776cae3" tests="1" skipped="0" failures="0" errors="0" time="0.258">
    <testcase time="0.258000000000001" classname="listing_lbl02a" name="LBL02A_listing_is_produced_correctly"/>
  </testsuite>
  <testsuite name="listing_lbl02a_rls" timestamp="2024-11-14T23:17:04Z" hostname="e7f37776cae3" tests="1" skipped="0" failures="0" errors="0" time="0.968">
    <testcase time="0.968" classname="listing_lbl02a_rls" name="LBL02A_RLS_listing_is_produced_correctly"/>
  </testsuite>
  <testsuite name="listing_lbl02b" timestamp="2024-11-14T23:17:05Z" hostname="e7f37776cae3" tests="1" skipped="0" failures="0" errors="0" time="0.246">
    <testcase time="0.245999999999999" classname="listing_lbl02b" name="LBL02B_listing_is_produced_correctly"/>
  </testsuite>
  <testsuite name="listing_mhl01" timestamp="2024-11-14T23:17:05Z" hostname="e7f37776cae3" tests="1" skipped="0" failures="0" errors="0" time="0.438">
    <testcase time="0.438000000000001" classname="listing_mhl01" name="MHL01_listing_is_produced_correctly"/>
  </testsuite>
  <testsuite name="listing_oncl01" timestamp="2024-11-14T23:17:05Z" hostname="e7f37776cae3" tests="1" skipped="0" failures="0" errors="0" time="0.233">
    <testcase time="0.233000000000001" classname="listing_oncl01" name="ONCL01_listing_is_produced_correctly"/>
  </testsuite>
  <testsuite name="listing_pkcl01" timestamp="2024-11-14T23:17:06Z" hostname="e7f37776cae3" tests="1" skipped="0" failures="0" errors="0" time="0.174">
    <testcase time="0.173999999999999" classname="listing_pkcl01" name="PKCL01_listing_is_produced_correctly"/>
  </testsuite>
  <testsuite name="listing_pkcl02" timestamp="2024-11-14T23:17:06Z" hostname="e7f37776cae3" tests="1" skipped="0" failures="0" errors="0" time="0.193">
    <testcase time="0.193" classname="listing_pkcl02" name="PKCL02_listing_is_produced_correctly"/>
  </testsuite>
  <testsuite name="listing_pkpl01" timestamp="2024-11-14T23:17:06Z" hostname="e7f37776cae3" tests="1" skipped="0" failures="0" errors="0" time="0.236">
    <testcase time="0.236000000000001" classname="listing_pkpl01" name="PKPL01_listing_is_produced_correctly"/>
  </testsuite>
  <testsuite name="listing_pkpl02" timestamp="2024-11-14T23:17:06Z" hostname="e7f37776cae3" tests="1" skipped="0" failures="0" errors="0" time="0.148">
    <testcase time="0.148" classname="listing_pkpl02" name="PKPL02_listing_is_produced_correctly"/>
  </testsuite>
  <testsuite name="listing_pkpl04" timestamp="2024-11-14T23:17:06Z" hostname="e7f37776cae3" tests="1" skipped="0" failures="0" errors="0" time="0.194">
    <testcase time="0.193999999999999" classname="listing_pkpl04" name="PKPL04_listing_is_produced_correctly"/>
  </testsuite>
  <testsuite name="listing_vsl01" timestamp="2024-11-14T23:17:07Z" hostname="e7f37776cae3" tests="1" skipped="0" failures="0" errors="0" time="0.413">
    <testcase time="0.413" classname="listing_vsl01" name="VSL01_listing_is_produced_correctly"/>
  </testsuite>
  <testsuite name="pagination_listing" timestamp="2024-11-14T23:17:07Z" hostname="e7f37776cae3" tests="13" skipped="0" failures="0" errors="0" time="5.621">
    <testcase time="0.0300000000000011" classname="pagination_listing" name="Direct_pagination_works_fine"/>
    <testcase time="0.933" classname="pagination_listing" name="Direct_pagination_works_fine"/>
    <testcase time="0.00400000000000134" classname="pagination_listing" name="Direct_pagination_works_fine"/>
    <testcase time="0.898999999999997" classname="pagination_listing" name="Direct_pagination_works_fine"/>
    <testcase time="1.189" classname="pagination_listing" name="Direct_pagination_works_fine"/>
    <testcase time="1.258" classname="pagination_listing" name="pagination_counts_the_right_number_of_lines_when_wrapping_on_keycols_is_present"/>
    <testcase time="0.00600000000000023" classname="pagination_listing" name="pagination_counts_the_right_number_of_lines_when_wrapping_on_keycols_is_present"/>
    <testcase time="0.00499999999999901" classname="pagination_listing" name="pagination_counts_the_right_number_of_lines_when_wrapping_on_keycols_is_present"/>
    <testcase time="0.00300000000000011" classname="pagination_listing" name="pagination_counts_the_right_number_of_lines_when_wrapping_on_keycols_is_present"/>
    <testcase time="1.281" classname="pagination_listing" name="pagination_counts_the_right_number_of_lines_when_wrapping_on_keycols_is_present"/>
    <testcase time="0.00499999999999901" classname="pagination_listing" name="pagination_counts_the_right_number_of_lines_when_wrapping_on_keycols_is_present"/>
    <testcase time="0.00500000000000256" classname="pagination_listing" name="pagination_counts_the_right_number_of_lines_when_wrapping_on_keycols_is_present"/>
    <testcase time="0.00300000000000011" classname="pagination_listing" name="pagination_counts_the_right_number_of_lines_when_wrapping_on_keycols_is_present"/>
  </testsuite>
  <testsuite name="pagination_table" timestamp="2024-11-14T23:17:14Z" hostname="e7f37776cae3" tests="30" skipped="0" failures="0" errors="0" time="14.677">
    <testcase time="1.816" classname="pagination_table" name="Direct_pagination_with_standard_values"/>
    <testcase time="0.00499999999999901" classname="pagination_table" name="Direct_pagination_with_standard_values"/>
    <testcase time="0.00300000000000011" classname="pagination_table" name="Direct_pagination_with_standard_values"/>
    <testcase time="1.275" classname="pagination_table" name="Pagination_with_specific_column_widths_and_minimum_lines_per_page"/>
    <testcase time="0.00300000000000011" classname="pagination_table" name="Pagination_with_specific_column_widths_and_minimum_lines_per_page"/>
    <testcase time="0.131" classname="pagination_table" name="Pagination_with_specific_column_widths_and_minimum_lines_per_page"/>
    <testcase time="0.983999999999998" classname="pagination_table" name="Pagination_works_also_if_table_is_decorated"/>
    <testcase time="0.559000000000001" classname="pagination_table" name="Pagination_works_also_if_table_is_decorated"/>
    <testcase time="0.835999999999999" classname="pagination_table" name="Pagination_works_also_if_table_is_decorated"/>
    <testcase time="0.699999999999999" classname="pagination_table" name="Pagination_works_also_if_table_is_decorated"/>
    <testcase time="1.415" classname="pagination_table" name="Pagination_works_also_if_table_is_decorated"/>
    <testcase time="0.329999999999998" classname="pagination_table" name="Pagination_works_also_if_table_is_decorated"/>
    <testcase time="0.00300000000000011" classname="pagination_table" name="Pagination_works_also_if_table_is_decorated"/>
    <testcase time="0.0229999999999997" classname="pagination_table" name="Pagination_works_also_if_table_is_decorated"/>
    <testcase time="0.152000000000001" classname="pagination_table" name="Pagination_works_also_if_table_is_decorated"/>
    <testcase time="0.102" classname="pagination_table" name="Pagination_works_also_if_table_is_decorated"/>
    <testcase time="0.750999999999998" classname="pagination_table" name="Pagination_works_for_page_types"/>
    <testcase time="0.0790000000000006" classname="pagination_table" name="Pagination_works_for_page_types"/>
    <testcase time="0.744000000000003" classname="pagination_table" name="Pagination_works_for_page_types"/>
    <testcase time="0.0939999999999941" classname="pagination_table" name="Pagination_works_for_page_types"/>
    <testcase time="0.686000000000007" classname="pagination_table" name="Pagination_works_for_page_types"/>
    <testcase time="0.437999999999995" classname="pagination_table" name="Pagination_works_for_page_types"/>
    <testcase time="0.746000000000002" classname="pagination_table" name="Pagination_works_for_page_width_and_height"/>
    <testcase time="0.345999999999997" classname="pagination_table" name="Pagination_works_for_page_width_and_height"/>
    <testcase time="0.757000000000005" classname="pagination_table" name="Pagination_works_for_page_types"/>
    <testcase time="0.160999999999994" classname="pagination_table" name="Pagination_works_for_page_types"/>
    <testcase time="0.791000000000004" classname="pagination_table" name="AET04_variant_2_page_by_pagination_tests"/>
    <testcase time="0.598999999999997" classname="pagination_table" name="AET04_variant_2_page_by_pagination_tests"/>
    <testcase time="0.00200000000000244" classname="pagination_table" name="AET04_variant_2_page_by_pagination_tests"/>
    <testcase time="0.146000000000001" classname="pagination_table" name="AET04_variant_2_page_by_pagination_tests"/>
  </testsuite>
  <testsuite name="table_adat03" timestamp="2024-11-14T23:17:27Z" hostname="e7f37776cae3" tests="2" skipped="0" failures="0" errors="0" time="0.54">
    <testcase time="0.405000000000001" classname="table_adat03" name="ADAT03_is_produced_correctly"/>
    <testcase time="0.134999999999998" classname="table_adat03" name="ADAT03_is_produced_correctly"/>
  </testsuite>
  <testsuite name="table_aet01" timestamp="2024-11-14T23:17:28Z" hostname="e7f37776cae3" tests="8" skipped="0" failures="0" errors="0" time="1.739">
    <testcase time="0.356000000000002" classname="table_aet01" name="Safety_Summary_Variant_1_works_as_expected"/>
    <testcase time="0.116" classname="table_aet01" name="Safety_Summary_Variant_1_works_as_expected"/>
    <testcase time="0.32" classname="table_aet01" name="Safety_Summary_Variant_2_with_Medical_Concepts_Section_works_as_expected"/>
    <testcase time="0.126999999999995" classname="table_aet01" name="Safety_Summary_Variant_2_with_Medical_Concepts_Section_works_as_expected"/>
    <testcase time="0.246000000000002" classname="table_aet01" name="Safety_Summary_Variant_3_with_Modified_Rows_works_as_expected"/>
    <testcase time="0.0990000000000038" classname="table_aet01" name="Safety_Summary_Variant_3_with_Modified_Rows_works_as_expected"/>
    <testcase time="0.350999999999999" classname="table_aet01" name="Safety_Summary_Variant_4_with_Rows_Counting_Events_and_Additional_Sections_works_as_expected"/>
    <testcase time="0.123999999999995" classname="table_aet01" name="Safety_Summary_Variant_4_with_Rows_Counting_Events_and_Additional_Sections_works_as_expected"/>
  </testsuite>
  <testsuite name="table_aet01_aesi" timestamp="2024-11-14T23:17:30Z" hostname="e7f37776cae3" tests="8" skipped="0" failures="0" errors="0" time="2.589">
    <testcase time="0.271000000000001" classname="table_aet01_aesi" name="AET01_AESI_Variant_1_works_as_expected"/>
    <testcase time="0.106999999999999" classname="table_aet01_aesi" name="AET01_AESI_Variant_1_works_as_expected"/>
    <testcase time="0.439" classname="table_aet01_aesi" name="AET01_AESI_Variant_2_works_as_expected"/>
    <testcase time="0.152000000000001" classname="table_aet01_aesi" name="AET01_AESI_Variant_2_works_as_expected"/>
    <testcase time="0.628" classname="table_aet01_aesi" name="AET01_AESI_Variant_3_works_as_expected"/>
    <testcase time="0.221000000000004" classname="table_aet01_aesi" name="AET01_AESI_Variant_3_works_as_expected"/>
    <testcase time="0.542999999999999" classname="table_aet01_aesi" name="AET01_AESI_Variant_4_works_as_expected"/>
    <testcase time="0.228000000000002" classname="table_aet01_aesi" name="AET01_AESI_Variant_4_works_as_expected"/>
  </testsuite>
  <testsuite name="table_aet02" timestamp="2024-11-14T23:17:32Z" hostname="e7f37776cae3" tests="26" skipped="0" failures="0" errors="0" time="8.333">
    <testcase time="0.558999999999997" classname="table_aet02" name="AET02_variant_1_is_produced_correctly"/>
    <testcase time="0.180999999999997" classname="table_aet02" name="AET02_variant_1_is_produced_correctly"/>
    <testcase time="0.425000000000004" classname="table_aet02" name="AET02_variant_1_is_produced_correctly"/>
    <testcase time="0.0889999999999986" classname="table_aet02" name="AET02_variant_1_is_produced_correctly"/>
    <testcase time="0.646000000000001" classname="table_aet02" name="AET02_variant_2_is_produced_correctly"/>
    <testcase time="0.198" classname="table_aet02" name="AET02_variant_2_is_produced_correctly"/>
    <testcase time="0.967999999999996" classname="table_aet02" name="AET02_variant_3_is_produced_correctly"/>
    <testcase time="0.307000000000002" classname="table_aet02" name="AET02_variant_3_is_produced_correctly"/>
    <testcase time="0.124000000000002" classname="table_aet02" name="AET02_variant_4_is_produced_correctly"/>
    <testcase time="0.100999999999999" classname="table_aet02" name="AET02_variant_4_is_produced_correctly"/>
    <testcase time="0.414999999999999" classname="table_aet02" name="AET02_variant_5_is_produced_correctly"/>
    <testcase time="0.164999999999999" classname="table_aet02" name="AET02_variant_5_is_produced_correctly"/>
    <testcase time="0.408999999999999" classname="table_aet02" name="AET02_variant_6_is_produced_correctly"/>
    <testcase time="0.113" classname="table_aet02" name="AET02_variant_6_is_produced_correctly"/>
    <testcase time="0.945" classname="table_aet02" name="AET02_variant_7_is_produced_correctly"/>
    <testcase time="0.151000000000003" classname="table_aet02" name="AET02_variant_7_is_produced_correctly"/>
    <testcase time="0.411999999999999" classname="table_aet02" name="AET02_variant_8_is_produced_correctly"/>
    <testcase time="0.0869999999999962" classname="table_aet02" name="AET02_variant_8_is_produced_correctly"/>
    <testcase time="0.406000000000006" classname="table_aet02" name="AET02_variant_9_is_produced_correctly"/>
    <testcase time="0.114999999999995" classname="table_aet02" name="AET02_variant_9_is_produced_correctly"/>
    <testcase time="0.410000000000004" classname="table_aet02" name="AET02_variant_10_is_produced_correctly"/>
    <testcase time="0.0959999999999965" classname="table_aet02" name="AET02_variant_10_is_produced_correctly"/>
    <testcase time="0.410000000000004" classname="table_aet02" name="AET02_variant_11_is_produced_correctly"/>
    <testcase time="0.0889999999999986" classname="table_aet02" name="AET02_variant_11_is_produced_correctly"/>
    <testcase time="0.426000000000002" classname="table_aet02" name="AET02_variant_12_is_produced_correctly"/>
    <testcase time="0.0859999999999985" classname="table_aet02" name="AET02_variant_12_is_produced_correctly"/>
  </testsuite>
  <testsuite name="table_aet02_smq" timestamp="2024-11-14T23:17:40Z" hostname="e7f37776cae3" tests="4" skipped="0" failures="0" errors="0" time="0.458">
    <testcase time="0.128" classname="table_aet02_smq" name="AET02SMQ_variant_1_is_produced_correctly"/>
    <testcase time="0.0799999999999983" classname="table_aet02_smq" name="AET02SMQ_variant_1_is_produced_correctly"/>
    <testcase time="0.161000000000001" classname="table_aet02_smq" name="AET02SMQ_variant_2_is_produced_correctly"/>
    <testcase time="0.0889999999999986" classname="table_aet02_smq" name="AET02SMQ_variant_2_is_produced_correctly"/>
  </testsuite>
  <testsuite name="table_aet03" timestamp="2024-11-14T23:17:41Z" hostname="e7f37776cae3" tests="6" skipped="0" failures="0" errors="0" time="5.005">
    <testcase time="1.173" classname="table_aet03" name="AET03_variant_1_is_produced_correctly"/>
    <testcase time="0.426000000000002" classname="table_aet03" name="AET03_variant_1_is_produced_correctly"/>
    <testcase time="1.556" classname="table_aet03" name="AET03_variant_1_is_produced_correctly"/>
    <testcase time="0.649999999999999" classname="table_aet03" name="AET03_variant_1_is_produced_correctly"/>
    <testcase time="1.001" classname="table_aet03" name="AET03_variant_1_is_produced_correctly"/>
    <testcase time="0.199000000000005" classname="table_aet03" name="AET03_variant_1_is_produced_correctly"/>
  </testsuite>
  <testsuite name="table_aet04" timestamp="2024-11-14T23:17:47Z" hostname="e7f37776cae3" tests="30" skipped="0" failures="0" errors="0" time="12.302">
    <testcase time="0.713000000000001" classname="table_aet04" name="AET04_variant_1_is_produced_correctly"/>
    <testcase time="0.317999999999998" classname="table_aet04" name="AET04_variant_1_is_produced_correctly"/>
    <testcase time="0.735999999999997" classname="table_aet04" name="AET04_variant_1_is_produced_correctly"/>
    <testcase time="0.0489999999999995" classname="table_aet04" name="AET04_variant_1_is_produced_correctly"/>
    <testcase time="0.0400000000000063" classname="table_aet04" name="AET04_variant_1_is_produced_correctly"/>
    <testcase time="0.649999999999999" classname="table_aet04" name="AET04_variant_2_is_produced_correctly_Fill_in_of_Treatment_Groups_"/>
    <testcase time="0.262999999999998" classname="table_aet04" name="AET04_variant_2_is_produced_correctly_Fill_in_of_Treatment_Groups_"/>
    <testcase time="0.673999999999999" classname="table_aet04" name="AET04_variant_2_is_produced_correctly_Fill_in_of_Treatment_Groups_"/>
    <testcase time="0.0470000000000041" classname="table_aet04" name="AET04_variant_2_is_produced_correctly_Fill_in_of_Treatment_Groups_"/>
    <testcase time="0.036999999999999" classname="table_aet04" name="AET04_variant_2_is_produced_correctly_Fill_in_of_Treatment_Groups_"/>
    <testcase time="0.683999999999997" classname="table_aet04" name="AET04_variant_3_is_produced_correctly_Fill_in_of_Grades_"/>
    <testcase time="0.326999999999998" classname="table_aet04" name="AET04_variant_3_is_produced_correctly_Fill_in_of_Grades_"/>
    <testcase time="0.779000000000003" classname="table_aet04" name="AET04_variant_3_is_produced_correctly_Fill_in_of_Grades_"/>
    <testcase time="0.0529999999999973" classname="table_aet04" name="AET04_variant_3_is_produced_correctly_Fill_in_of_Grades_"/>
    <testcase time="0.0399999999999991" classname="table_aet04" name="AET04_variant_3_is_produced_correctly_Fill_in_of_Grades_"/>
    <testcase time="0.690000000000005" classname="table_aet04" name="AET04_variant_4_is_produced_correctly_Collapsing_of_Grades_grades_1_2_grades_3_4_5_"/>
    <testcase time="0.315999999999995" classname="table_aet04" name="AET04_variant_4_is_produced_correctly_Collapsing_of_Grades_grades_1_2_grades_3_4_5_"/>
    <testcase time="0.764000000000003" classname="table_aet04" name="AET04_variant_4_is_produced_correctly_Collapsing_of_Grades_grades_1_2_grades_3_4_5_"/>
    <testcase time="0.735999999999997" classname="table_aet04" name="AET04_variant_6_is_produced_correctly_with_an_Incidence_Rate_of_at_Least_5_totals_restricted_"/>
    <testcase time="0.323" classname="table_aet04" name="AET04_variant_6_is_produced_correctly_with_an_Incidence_Rate_of_at_Least_5_totals_restricted_"/>
    <testcase time="0.757999999999996" classname="table_aet04" name="AET04_variant_6_is_produced_correctly_with_an_Incidence_Rate_of_at_Least_5_totals_restricted_"/>
    <testcase time="0.0100000000000051" classname="table_aet04" name="AET04_variant_8_is_produced_correctly_with_an_Incidence_Rate_of_at_Least_X_Patients_"/>
    <testcase time="0.313000000000002" classname="table_aet04" name="AET04_variant_8_is_produced_correctly_with_an_Incidence_Rate_of_at_Least_X_Patients_"/>
    <testcase time="0.780999999999992" classname="table_aet04" name="AET04_variant_8_is_produced_correctly_with_an_Incidence_Rate_of_at_Least_X_Patients_"/>
    <testcase time="0.0100000000000051" classname="table_aet04" name="AET04_variant_9_is_produced_correctly_with_a_Difference_in_Incidence_Rate_of_at_Least_X_"/>
    <testcase time="0.319000000000003" classname="table_aet04" name="AET04_variant_9_is_produced_correctly_with_a_Difference_in_Incidence_Rate_of_at_Least_X_"/>
    <testcase time="0.769999999999996" classname="table_aet04" name="AET04_variant_9_is_produced_correctly_with_a_Difference_in_Incidence_Rate_of_at_Least_X_"/>
    <testcase time="0.019999999999996" classname="table_aet04" name="AET04_variant_11_is_produced_correctly_with_Incidence_Rate_of_at_Least_X_all_SOCs_w_o_preferred_terms_removed_"/>
    <testcase time="0.320000000000007" classname="table_aet04" name="AET04_variant_11_is_produced_correctly_with_Incidence_Rate_of_at_Least_X_all_SOCs_w_o_preferred_terms_removed_"/>
    <testcase time="0.762" classname="table_aet04" name="AET04_variant_11_is_produced_correctly_with_Incidence_Rate_of_at_Least_X_all_SOCs_w_o_preferred_terms_removed_"/>
  </testsuite>
  <testsuite name="table_aet04_pi" timestamp="2024-11-14T23:17:58Z" hostname="e7f37776cae3" tests="18" skipped="0" failures="0" errors="0" time="6.643">
    <testcase time="0.584999999999994" classname="table_aet04_pi" name="AET04_PI_full_table_is_produced_correctly"/>
    <testcase time="0.239000000000004" classname="table_aet04_pi" name="AET04_PI_full_table_is_produced_correctly"/>
    <testcase time="0.608000000000004" classname="table_aet04_pi" name="AET04_PI_variant_1_is_produced_correctly"/>
    <testcase time="0.176000000000002" classname="table_aet04_pi" name="AET04_PI_variant_1_is_produced_correctly"/>
    <testcase time="0.594999999999999" classname="table_aet04_pi" name="AET04_PI_variant_2_is_produced_correctly"/>
    <testcase time="0.123999999999995" classname="table_aet04_pi" name="AET04_PI_variant_2_is_produced_correctly"/>
    <testcase time="0.596999999999994" classname="table_aet04_pi" name="AET04_PI_variant_3_is_produced_correctly"/>
    <testcase time="0.140000000000001" classname="table_aet04_pi" name="AET04_PI_variant_3_is_produced_correctly"/>
    <testcase time="0.825000000000003" classname="table_aet04_pi" name="AET04_PI_variant_4_is_produced_correctly"/>
    <testcase time="0.100999999999999" classname="table_aet04_pi" name="AET04_PI_variant_4_is_produced_correctly"/>
    <testcase time="0.547000000000011" classname="table_aet04_pi" name="AET04_PI_variant_5_is_produced_correctly"/>
    <testcase time="0.145999999999987" classname="table_aet04_pi" name="AET04_PI_variant_5_is_produced_correctly"/>
    <testcase time="0.679000000000002" classname="table_aet04_pi" name="AET04_PI_variant_6_is_produced_correctly"/>
    <testcase time="0.153000000000006" classname="table_aet04_pi" name="AET04_PI_variant_6_is_produced_correctly"/>
    <testcase time="0.682000000000002" classname="table_aet04_pi" name="AET04_PI_variant_7_is_produced_correctly"/>
    <testcase time="0.152999999999992" classname="table_aet04_pi" name="AET04_PI_variant_7_is_produced_correctly"/>
    <testcase time="0.167000000000002" classname="table_aet04_pi" name="AET04_PI_variant_8_is_produced_correctly"/>
    <testcase time="0.126000000000005" classname="table_aet04_pi" name="AET04_PI_variant_8_is_produced_correctly"/>
  </testsuite>
  <testsuite name="table_aet05" timestamp="2024-11-14T23:18:05Z" hostname="e7f37776cae3" tests="4" skipped="0" failures="0" errors="0" time="0.257">
    <testcase time="0.0789999999999935" classname="table_aet05" name="AET05_variant_1_is_produced_correctly"/>
    <testcase time="0.0650000000000119" classname="table_aet05" name="AET05_variant_1_is_produced_correctly"/>
    <testcase time="0.0549999999999926" classname="table_aet05" name="AET05_variant_2_is_produced_correctly"/>
    <testcase time="0.0580000000000069" classname="table_aet05" name="AET05_variant_2_is_produced_correctly"/>
  </testsuite>
  <testsuite name="table_aet05_all" timestamp="2024-11-14T23:18:05Z" hostname="e7f37776cae3" tests="4" skipped="0" failures="0" errors="0" time="0.304">
    <testcase time="0.11999999999999" classname="table_aet05_all" name="AET05_ALL_variant_1_is_produced_correctly"/>
    <testcase time="0.0600000000000023" classname="table_aet05_all" name="AET05_ALL_variant_1_is_produced_correctly"/>
    <testcase time="0.0649999999999977" classname="table_aet05_all" name="AET05_ALL_variant_2_is_produced_correctly"/>
    <testcase time="0.0589999999999975" classname="table_aet05_all" name="AET05_ALL_variant_2_is_produced_correctly"/>
  </testsuite>
  <testsuite name="table_aet06" timestamp="2024-11-14T23:18:05Z" hostname="e7f37776cae3" tests="6" skipped="0" failures="0" errors="0" time="3.626">
    <testcase time="0.565000000000012" classname="table_aet06" name="AET06_variant_1_is_produced_correctly"/>
    <testcase time="0.215999999999994" classname="table_aet06" name="AET06_variant_1_is_produced_correctly"/>
    <testcase time="0.941000000000003" classname="table_aet06" name="AET06_variant_3_is_produced_correctly"/>
    <testcase time="0.322000000000003" classname="table_aet06" name="AET06_variant_3_is_produced_correctly"/>
    <testcase time="1.20099999999999" classname="table_aet06" name="AET06_variant_5_is_produced_correctly"/>
    <testcase time="0.381" classname="table_aet06" name="AET06_variant_5_is_produced_correctly"/>
  </testsuite>
  <testsuite name="table_aet06_smq" timestamp="2024-11-14T23:18:09Z" hostname="e7f37776cae3" tests="4" skipped="0" failures="0" errors="0" time="0.995">
    <testcase time="0.355999999999995" classname="table_aet06_smq" name="AET06_SMQ_variant_1_is_produced_correctly"/>
    <testcase time="0.143000000000001" classname="table_aet06_smq" name="AET06_SMQ_variant_1_is_produced_correctly"/>
    <testcase time="0.353000000000009" classname="table_aet06_smq" name="AET06_SMQ_variant_2_is_produced_correctly"/>
    <testcase time="0.143000000000001" classname="table_aet06_smq" name="AET06_SMQ_variant_2_is_produced_correctly"/>
  </testsuite>
  <testsuite name="table_aet07" timestamp="2024-11-14T23:18:10Z" hostname="e7f37776cae3" tests="4" skipped="0" failures="0" errors="0" time="0.201">
    <testcase time="0.0510000000000019" classname="table_aet07" name="AET07_variant_1_is_produced_correctly"/>
    <testcase time="0.0439999999999969" classname="table_aet07" name="AET07_variant_1_is_produced_correctly"/>
    <testcase time="0.0600000000000023" classname="table_aet07" name="AET07_variant_2_is_produced_correctly"/>
    <testcase time="0.0459999999999923" classname="table_aet07" name="AET07_variant_2_is_produced_correctly"/>
  </testsuite>
  <testsuite name="table_aet09" timestamp="2024-11-14T23:18:10Z" hostname="e7f37776cae3" tests="4" skipped="0" failures="0" errors="0" time="1.952">
    <testcase time="0.542000000000002" classname="table_aet09" name="AET09_variant_1_is_produced_correctly_AE_related_to_study_drug"/>
    <testcase time="0.183999999999997" classname="table_aet09" name="AET09_variant_1_is_produced_correctly_AE_related_to_study_drug"/>
    <testcase time="0.942000000000007" classname="table_aet09" name="AET09_variant_2_is_produced_correctly_AE_related_to_study_drug_including_high_level_terms_"/>
    <testcase time="0.283999999999992" classname="table_aet09" name="AET09_variant_2_is_produced_correctly_AE_related_to_study_drug_including_high_level_terms_"/>
  </testsuite>
  <testsuite name="table_aet09_smq" timestamp="2024-11-14T23:18:12Z" hostname="e7f37776cae3" tests="4" skipped="0" failures="0" errors="0" time="0.515">
    <testcase time="0.126000000000005" classname="table_aet09_smq" name="AET09_variant_1_AEs_related_to_study_drug_by_SMQ_is_produced_correctly"/>
    <testcase time="0.0810000000000031" classname="table_aet09_smq" name="AET09_variant_1_AEs_related_to_study_drug_by_SMQ_is_produced_correctly"/>
    <testcase time="0.200000000000003" classname="table_aet09_smq" name="AET09_variant_2_AEs_related_to_study_drug_by_SMQ_with_customized_queries_is_produced_correctly"/>
    <testcase time="0.10799999999999" classname="table_aet09_smq" name="AET09_variant_2_AEs_related_to_study_drug_by_SMQ_with_customized_queries_is_produced_correctly"/>
  </testsuite>
  <testsuite name="table_aet10" timestamp="2024-11-14T23:18:13Z" hostname="e7f37776cae3" tests="2" skipped="0" failures="0" errors="0" time="0.169">
    <testcase time="0.097999999999999" classname="table_aet10" name="AET10_default_variant_is_produced_correctly"/>
    <testcase time="0.0710000000000122" classname="table_aet10" name="AET10_default_variant_is_produced_correctly"/>
  </testsuite>
  <testsuite name="table_aovt01" timestamp="2024-11-14T23:18:13Z" hostname="e7f37776cae3" tests="4" skipped="0" failures="0" errors="0" time="1.19">
    <testcase time="0.346999999999994" classname="table_aovt01" name="AOVT01_variant_with_single_endpoint_is_produced_correctly"/>
    <testcase time="0.0949999999999989" classname="table_aovt01" name="AOVT01_variant_with_single_endpoint_is_produced_correctly"/>
    <testcase time="0.569999999999993" classname="table_aovt01" name="AOVT01_variant_with_multiple_endpoints_is_produced_correctly"/>
    <testcase time="0.178000000000011" classname="table_aovt01" name="AOVT01_variant_with_multiple_endpoints_is_produced_correctly"/>
  </testsuite>
  <testsuite name="table_aovt02" timestamp="2024-11-14T23:18:14Z" hostname="e7f37776cae3" tests="2" skipped="0" failures="0" errors="0" time="0.395">
    <testcase time="0.313000000000002" classname="table_aovt02" name="AOVT02_is_produced_correctly"/>
    <testcase time="0.0819999999999936" classname="table_aovt02" name="AOVT02_is_produced_correctly"/>
  </testsuite>
  <testsuite name="table_aovt03" timestamp="2024-11-14T23:18:14Z" hostname="e7f37776cae3" tests="2" skipped="0" failures="0" errors="0" time="0.89">
    <testcase time="0.718999999999994" classname="table_aovt03" name="AOVT03_is_produced_correctly"/>
    <testcase time="0.171000000000006" classname="table_aovt03" name="AOVT03_is_produced_correctly"/>
  </testsuite>
  <testsuite name="table_cfbt01" timestamp="2024-11-14T23:18:15Z" hostname="e7f37776cae3" tests="2" skipped="0" failures="0" errors="0" time="0.651">
    <testcase time="0.426000000000002" classname="table_cfbt01" name="CFBT01_default_variant_is_produced_correctly"/>
    <testcase time="0.224999999999994" classname="table_cfbt01" name="CFBT01_default_variant_is_produced_correctly"/>
  </testsuite>
  <testsuite name="table_cmht01" timestamp="2024-11-14T23:18:16Z" hostname="e7f37776cae3" tests="4" skipped="0" failures="0" errors="0" time="1.731">
    <testcase time="0.397999999999996" classname="table_cmht01" name="CMHT01_variant_1_is_produced_correctly"/>
    <testcase time="0.100000000000009" classname="table_cmht01" name="CMHT01_variant_1_is_produced_correctly"/>
    <testcase time="0.956000000000003" classname="table_cmht01" name="CMHT01_variant_2_is_produced_correctly"/>
    <testcase time="0.277000000000001" classname="table_cmht01" name="CMHT01_variant_2_is_produced_correctly"/>
  </testsuite>
  <testsuite name="table_cmt01" timestamp="2024-11-14T23:18:18Z" hostname="e7f37776cae3" tests="8" skipped="0" failures="0" errors="0" time="3.98">
    <testcase time="0.646000000000001" classname="table_cmt01" name="CMT01_default_variant_Concomitant_medications_is_produced_correctly"/>
    <testcase time="0.320999999999998" classname="table_cmt01" name="CMT01_default_variant_Concomitant_medications_is_produced_correctly"/>
    <testcase time="0.711999999999989" classname="table_cmt01" name="CMT01_variant_1_prior_medications_is_produced_correctly"/>
    <testcase time="0.326000000000008" classname="table_cmt01" name="CMT01_variant_1_prior_medications_is_produced_correctly"/>
    <testcase time="0.599999999999994" classname="table_cmt01" name="CMT01_variant_3_Concomitant_medications_is_produced_correctly"/>
    <testcase time="0.27000000000001" classname="table_cmt01" name="CMT01_variant_3_Concomitant_medications_is_produced_correctly"/>
    <testcase time="0.819999999999993" classname="table_cmt01" name="CMT01_variant_4_Concomitant_medications_is_produced_correctly"/>
    <testcase time="0.284999999999997" classname="table_cmt01" name="CMT01_variant_4_Concomitant_medications_is_produced_correctly"/>
  </testsuite>
  <testsuite name="table_cmt01a" timestamp="2024-11-14T23:18:22Z" hostname="e7f37776cae3" tests="8" skipped="0" failures="0" errors="0" time="5.166">
    <testcase time="1.158" classname="table_cmt01a" name="CMT01A_variant_1_is_produced_correctly"/>
    <testcase time="0.25" classname="table_cmt01a" name="CMT01A_variant_1_is_produced_correctly"/>
    <testcase time="1.02" classname="table_cmt01a" name="CMT01A_variant_2_is_produced_correctly"/>
    <testcase time="0.245000000000005" classname="table_cmt01a" name="CMT01A_variant_2_is_produced_correctly"/>
    <testcase time="1.014" classname="table_cmt01a" name="CMT01A_variant_3_is_produced_correctly"/>
    <testcase time="0.25" classname="table_cmt01a" name="CMT01A_variant_3_is_produced_correctly"/>
    <testcase time="1" classname="table_cmt01a" name="CMT01A_variant_4_is_produced_correctly"/>
    <testcase time="0.229000000000013" classname="table_cmt01a" name="CMT01A_variant_4_is_produced_correctly"/>
  </testsuite>
  <testsuite name="table_cmt01b" timestamp="2024-11-14T23:18:27Z" hostname="e7f37776cae3" tests="6" skipped="0" failures="0" errors="0" time="5.241">
    <testcase time="1.48899999999999" classname="table_cmt01b" name="CMT01B_variant_1_is_produced_correctly"/>
    <testcase time="0.378" classname="table_cmt01b" name="CMT01B_variant_1_is_produced_correctly"/>
    <testcase time="1.19200000000001" classname="table_cmt01b" name="CMT01B_variant_2_is_produced_correctly"/>
    <testcase time="0.289999999999992" classname="table_cmt01b" name="CMT01B_variant_2_is_produced_correctly"/>
    <testcase time="1.50200000000001" classname="table_cmt01b" name="CMT01B_variant_4_is_produced_correctly"/>
    <testcase time="0.390000000000001" classname="table_cmt01b" name="CMT01B_variant_4_is_produced_correctly"/>
  </testsuite>
  <testsuite name="table_cmt02_pt" timestamp="2024-11-14T23:18:32Z" hostname="e7f37776cae3" tests="2" skipped="0" failures="0" errors="0" time="0.596">
    <testcase time="0.418999999999997" classname="table_cmt02_pt" name="CMT02_PT_default_variant_is_produced_correctly"/>
    <testcase time="0.176999999999992" classname="table_cmt02_pt" name="CMT02_PT_default_variant_is_produced_correctly"/>
  </testsuite>
  <testsuite name="table_coxt01" timestamp="2024-11-14T23:18:33Z" hostname="e7f37776cae3" tests="8" skipped="0" failures="0" errors="0" time="1.776">
    <testcase time="0.280000000000001" classname="table_coxt01" name="1._Cox_Regression"/>
    <testcase time="0.0880000000000081" classname="table_coxt01" name="1._Cox_Regression"/>
    <testcase time="0.35499999999999" classname="table_coxt01" name="2._Cox_Regression_with_Interaction_Term_"/>
    <testcase time="0.112000000000009" classname="table_coxt01" name="2._Cox_Regression_with_Interaction_Term_"/>
    <testcase time="0.358999999999995" classname="table_coxt01" name="3._Cox_Regression_specifying_covariates_"/>
    <testcase time="0.119" classname="table_coxt01" name="3._Cox_Regression_specifying_covariates_"/>
    <testcase time="0.356000000000009" classname="table_coxt01" name="4._Cox_Regression_setting_strata_ties_and_alpha_level_"/>
    <testcase time="0.106999999999999" classname="table_coxt01" name="4._Cox_Regression_setting_strata_ties_and_alpha_level_"/>
  </testsuite>
  <testsuite name="table_coxt02" timestamp="2024-11-14T23:18:35Z" hostname="e7f37776cae3" tests="4" skipped="0" failures="0" errors="0" time="0.706">
    <testcase time="0.297999999999988" classname="table_coxt02" name="COXT02_default_variant_1_is_produced_correctly"/>
    <testcase time="0.0799999999999983" classname="table_coxt02" name="COXT02_default_variant_1_is_produced_correctly"/>
    <testcase time="0.25800000000001" classname="table_coxt02" name="COXT02_variant_5_is_produced_correctly"/>
    <testcase time="0.0699999999999932" classname="table_coxt02" name="COXT02_variant_5_is_produced_correctly"/>
  </testsuite>
  <testsuite name="table_disclosures" timestamp="2024-11-14T23:18:35Z" hostname="e7f37776cae3" tests="12" skipped="0" failures="0" errors="0" time="1.977">
    <testcase time="0.183999999999997" classname="table_disclosures" name="Patient_Disposition_table_is_produced_correctly"/>
    <testcase time="0.0900000000000034" classname="table_disclosures" name="Patient_Disposition_table_is_produced_correctly"/>
    <testcase time="0.203999999999994" classname="table_disclosures" name="Demographic_table_is_produced_correctly"/>
    <testcase time="0.158000000000001" classname="table_disclosures" name="Demographic_table_is_produced_correctly"/>
    <testcase time="0.0910000000000082" classname="table_disclosures" name="Enrollment_by_Country_Table_is_produced_correctly"/>
    <testcase time="0.11399999999999" classname="table_disclosures" name="Enrollment_by_Country_Table_is_produced_correctly"/>
    <testcase time="0.108000000000004" classname="table_disclosures" name="Death_table_is_produced_correctly"/>
    <testcase time="0.0589999999999975" classname="table_disclosures" name="Death_table_is_produced_correctly"/>
    <testcase time="0.312000000000012" classname="table_disclosures" name="Table_of_Serious_Adverse_Events_is_produced_correctly_for_one_specific_treatment_arm_"/>
    <testcase time="0.105999999999995" classname="table_disclosures" name="Table_of_Serious_Adverse_Events_is_produced_correctly_for_one_specific_treatment_arm_"/>
    <testcase time="0.408999999999992" classname="table_disclosures" name="Table_of_Non_Serious_Adverse_Events_is_produced_correctly"/>
    <testcase time="0.14200000000001" classname="table_disclosures" name="Table_of_Non_Serious_Adverse_Events_is_produced_correctly"/>
  </testsuite>
  <testsuite name="table_dmt01" timestamp="2024-11-14T23:18:38Z" hostname="e7f37776cae3" tests="10" skipped="0" failures="0" errors="0" time="2.782">
    <testcase time="1.19199999999999" classname="table_dmt01" name="DMT01_variant_1_is_produced_correctly"/>
    <testcase time="0.168999999999997" classname="table_dmt01" name="DMT01_variant_1_is_produced_correctly"/>
    <testcase time="0.211000000000013" classname="table_dmt01" name="DMT01_variant_2_is_produced_correctly"/>
    <testcase time="0.170999999999992" classname="table_dmt01" name="DMT01_variant_2_is_produced_correctly"/>
    <testcase time="0.248000000000005" classname="table_dmt01" name="DMT01_variant_3_is_produced_correctly"/>
    <testcase time="0.174999999999997" classname="table_dmt01" name="DMT01_variant_3_is_produced_correctly"/>
    <testcase time="0.185000000000002" classname="table_dmt01" name="DMT01_variant_4_is_produced_correctly"/>
    <testcase time="0.140999999999991" classname="table_dmt01" name="DMT01_variant_4_is_produced_correctly"/>
    <testcase time="0.168000000000006" classname="table_dmt01" name="DMT01_variant_5_is_produced_correctly"/>
    <testcase time="0.122" classname="table_dmt01" name="DMT01_variant_5_is_produced_correctly"/>
  </testsuite>
  <testsuite name="table_dort01" timestamp="2024-11-14T23:18:40Z" hostname="e7f37776cae3" tests="8" skipped="0" failures="0" errors="0" time="1.531">
    <testcase time="0.278000000000006" classname="table_dort01" name="DORT01_variant_1_is_produced_correctly"/>
    <testcase time="0.116" classname="table_dort01" name="DORT01_variant_1_is_produced_correctly"/>
    <testcase time="0.284999999999997" classname="table_dort01" name="DORT01_variant_2_selecting_sectons_is_produced_correctly"/>
    <testcase time="0.135999999999996" classname="table_dort01" name="DORT01_variant_2_selecting_sectons_is_produced_correctly"/>
    <testcase time="0.249000000000009" classname="table_dort01" name="DORT01_variant_3_modifying_conftype_and_alpha_level_is_produced_correctly"/>
    <testcase time="0.116" classname="table_dort01" name="DORT01_variant_3_modifying_conftype_and_alpha_level_is_produced_correctly"/>
    <testcase time="0.251999999999995" classname="table_dort01" name="DORT01_variant_4_modifying_time_point_for_the_xx_duration_is_produced_correctly"/>
    <testcase time="0.0990000000000038" classname="table_dort01" name="DORT01_variant_4_modifying_time_point_for_the_xx_duration_is_produced_correctly"/>
  </testsuite>
  <testsuite name="table_dst01" timestamp="2024-11-14T23:18:42Z" hostname="e7f37776cae3" tests="6" skipped="0" failures="0" errors="0" time="0.763">
    <testcase time="0.149000000000001" classname="table_dst01" name="DST01_default_variant_is_produced_correctly"/>
    <testcase time="0.0939999999999941" classname="table_dst01" name="DST01_default_variant_is_produced_correctly"/>
    <testcase time="0.215999999999994" classname="table_dst01" name="DST01_variants_2_and_3_are_produced_correctly"/>
    <testcase time="0.118000000000009" classname="table_dst01" name="DST01_variants_2_and_3_are_produced_correctly"/>
    <testcase time="0.0729999999999933" classname="table_dst01" name="DST01_variants_2_and_3_are_produced_correctly"/>
    <testcase time="0.113" classname="table_dst01" name="DST01_variants_2_and_3_are_produced_correctly"/>
  </testsuite>
  <testsuite name="table_dtht01" timestamp="2024-11-14T23:18:42Z" hostname="e7f37776cae3" tests="8" skipped="0" failures="0" errors="0" time="1.173">
    <testcase time="0.129000000000005" classname="table_dtht01" name="DTHT01_variant_1_is_produced_correctly"/>
    <testcase time="0.0759999999999934" classname="table_dtht01" name="DTHT01_variant_1_is_produced_correctly"/>
    <testcase time="0.253" classname="table_dtht01" name="DTHT01_variant_2_is_produced_correctly"/>
    <testcase time="0.165999999999997" classname="table_dtht01" name="DTHT01_variant_2_is_produced_correctly"/>
    <testcase time="0.167000000000002" classname="table_dtht01" name="DTHT01_variant_3_is_produced_correctly"/>
    <testcase time="0.0879999999999939" classname="table_dtht01" name="DTHT01_variant_3_is_produced_correctly"/>
    <testcase time="0.192999999999998" classname="table_dtht01" name="DTHT01_variant_4_is_produced_correctly"/>
    <testcase time="0.100999999999999" classname="table_dtht01" name="DTHT01_variant_4_is_produced_correctly"/>
  </testsuite>
  <testsuite name="table_egt01" timestamp="2024-11-14T23:18:45Z" hostname="e7f37776cae3" tests="2" skipped="0" failures="0" errors="0" time="3.275">
    <testcase time="2.608" classname="table_egt01" name="EGT01_default_variant_is_produced_correctly"/>
    <testcase time="0.667000000000002" classname="table_egt01" name="EGT01_default_variant_is_produced_correctly"/>
  </testsuite>
  <testsuite name="table_egt02" timestamp="2024-11-14T23:18:48Z" hostname="e7f37776cae3" tests="4" skipped="0" failures="0" errors="0" time="1.602">
    <testcase time="1.25700000000001" classname="table_egt02" name="_EGT02_1._Regardless_of_Abnormality_at_Baseline"/>
    <testcase time="0.0829999999999984" classname="table_egt02" name="_EGT02_1._Regardless_of_Abnormality_at_Baseline"/>
    <testcase time="0.182999999999993" classname="table_egt02" name="_EGT02_2._Among_Subjects_Without_Abnormality_at_Baseline"/>
    <testcase time="0.0790000000000077" classname="table_egt02" name="_EGT02_2._Among_Subjects_Without_Abnormality_at_Baseline"/>
  </testsuite>
  <testsuite name="table_egt03" timestamp="2024-11-14T23:18:48Z" hostname="e7f37776cae3" tests="8" skipped="0" failures="0" errors="0" time="1.196">
    <testcase time="0.206999999999994" classname="table_egt03" name="EGT03_variant_1_is_produced_correctly"/>
    <testcase time="0.120000000000005" classname="table_egt03" name="EGT03_variant_1_is_produced_correctly"/>
    <testcase time="0.120999999999995" classname="table_egt03" name="EGT03_variant_2_is_produced_correctly"/>
    <testcase time="0.0859999999999985" classname="table_egt03" name="EGT03_variant_2_is_produced_correctly"/>
    <testcase time="0.201999999999998" classname="table_egt03" name="EGT03_variant_3_is_produced_correctly"/>
    <testcase time="0.122" classname="table_egt03" name="EGT03_variant_3_is_produced_correctly"/>
    <testcase time="0.195000000000007" classname="table_egt03" name="EGT03_variant_4_is_produced_correctly"/>
    <testcase time="0.143000000000001" classname="table_egt03" name="EGT03_variant_4_is_produced_correctly"/>
  </testsuite>
  <testsuite name="table_egt04" timestamp="2024-11-14T23:18:51Z" hostname="e7f37776cae3" tests="2" skipped="0" failures="0" errors="0" time="1.487">
    <testcase time="1.399" classname="table_egt04" name="EGT04_default_variant_is_produced_correctly"/>
    <testcase time="0.0879999999999939" classname="table_egt04" name="EGT04_default_variant_is_produced_correctly"/>
  </testsuite>
  <testsuite name="table_egt05_qtcat" timestamp="2024-11-14T23:18:52Z" hostname="e7f37776cae3" tests="2" skipped="0" failures="0" errors="0" time="2.231">
    <testcase time="1.818" classname="table_egt05_qtcat" name="EGT05_QTCAT_default_variant_is_produced_correctly"/>
    <testcase time="0.413000000000011" classname="table_egt05_qtcat" name="EGT05_QTCAT_default_variant_is_produced_correctly"/>
  </testsuite>
  <testsuite name="table_ent" timestamp="2024-11-14T23:18:53Z" hostname="e7f37776cae3" tests="8" skipped="0" failures="0" errors="0" time="12.748">
    <testcase time="3.148" classname="table_ent" name="ENT01_IT_is_produced_correctly"/>
    <testcase time="0.543999999999997" classname="table_ent" name="ENT01_IT_is_produced_correctly"/>
    <testcase time="2.092" classname="table_ent" name="ENT01a_IT_is_produced_correctly"/>
    <testcase time="0.51400000000001" classname="table_ent" name="ENT01a_IT_is_produced_correctly"/>
    <testcase time="3.20499999999998" classname="table_ent" name="ENT02_IT_is_produced_correctly"/>
    <testcase time="0.579000000000008" classname="table_ent" name="ENT02_IT_is_produced_correctly"/>
    <testcase time="2.14000000000001" classname="table_ent" name="ENT02a_IT_is_produced_correctly"/>
    <testcase time="0.525999999999982" classname="table_ent" name="ENT02a_IT_is_produced_correctly"/>
  </testsuite>
  <testsuite name="table_eudrat01" timestamp="2024-11-14T23:19:06Z" hostname="e7f37776cae3" tests="2" skipped="0" failures="0" errors="0" time="0.603">
    <testcase time="0.462000000000018" classname="table_eudrat01" name="EUDRAT01_is_produced_correctly"/>
    <testcase time="0.140999999999991" classname="table_eudrat01" name="EUDRAT01_is_produced_correctly"/>
  </testsuite>
  <testsuite name="table_eudrat02" timestamp="2024-11-14T23:19:07Z" hostname="e7f37776cae3" tests="2" skipped="0" failures="0" errors="0" time="0.463">
    <testcase time="0.353999999999985" classname="table_eudrat02" name="EUDRAT02_is_produced_correctly"/>
    <testcase time="0.109000000000009" classname="table_eudrat02" name="EUDRAT02_is_produced_correctly"/>
  </testsuite>
  <testsuite name="table_ext01" timestamp="2024-11-14T23:19:07Z" hostname="e7f37776cae3" tests="6" skipped="0" failures="0" errors="0" time="1.554">
    <testcase time="0.358000000000004" classname="table_ext01" name="EXT01_default_variant_with_numeric_parameters_is_produced_correctly"/>
    <testcase time="0.164999999999992" classname="table_ext01" name="EXT01_default_variant_with_numeric_parameters_is_produced_correctly"/>
    <testcase time="0.253000000000014" classname="table_ext01" name="EXT01_variant_with_both_numeric_and_categorical_parameters"/>
    <testcase time="0.217999999999989" classname="table_ext01" name="EXT01_variant_with_both_numeric_and_categorical_parameters"/>
    <testcase time="0.314999999999998" classname="table_ext01" name="EXT01_variant_with_user_specified_categories_for_missed_doses"/>
    <testcase time="0.245000000000005" classname="table_ext01" name="EXT01_variant_with_user_specified_categories_for_missed_doses"/>
  </testsuite>
  <testsuite name="table_lbt01" timestamp="2024-11-14T23:19:09Z" hostname="e7f37776cae3" tests="2" skipped="0" failures="0" errors="0" time="2.004">
    <testcase time="1.506" classname="table_lbt01" name="LBT01_default_variant_is_produced_correctly"/>
    <testcase time="0.49799999999999" classname="table_lbt01" name="LBT01_default_variant_is_produced_correctly"/>
  </testsuite>
  <testsuite name="table_lbt02" timestamp="2024-11-14T23:19:11Z" hostname="e7f37776cae3" tests="2" skipped="0" failures="0" errors="0" time="1.336">
    <testcase time="0.814999999999998" classname="table_lbt02" name="LBT02_default_variant_is_produced_correctly"/>
    <testcase time="0.521000000000015" classname="table_lbt02" name="LBT02_default_variant_is_produced_correctly"/>
  </testsuite>
  <testsuite name="table_lbt03" timestamp="2024-11-14T23:19:12Z" hostname="e7f37776cae3" tests="2" skipped="0" failures="0" errors="0" time="0.254">
    <testcase time="0.139999999999986" classname="table_lbt03" name="LBT03_default_variant_is_produced_correctly"/>
    <testcase time="0.114000000000004" classname="table_lbt03" name="LBT03_default_variant_is_produced_correctly"/>
  </testsuite>
  <testsuite name="table_lbt04" timestamp="2024-11-14T23:19:13Z" hostname="e7f37776cae3" tests="2" skipped="0" failures="0" errors="0" time="1.288">
    <testcase time="1.09" classname="table_lbt04" name="LBT04_default_variant_is_produced_correctly"/>
    <testcase time="0.198000000000008" classname="table_lbt04" name="LBT04_default_variant_is_produced_correctly"/>
  </testsuite>
  <testsuite name="table_lbt05" timestamp="2024-11-14T23:19:14Z" hostname="e7f37776cae3" tests="6" skipped="0" failures="0" errors="0" time="6.467">
    <testcase time="2.23699999999999" classname="table_lbt05" name="LBT05_variant_1_is_produced_correctly"/>
    <testcase time="0.371000000000009" classname="table_lbt05" name="LBT05_variant_1_is_produced_correctly"/>
    <testcase time="1.35999999999999" classname="table_lbt05" name="LBT05_variant_2_is_produced_correctly"/>
    <testcase time="0.485000000000014" classname="table_lbt05" name="LBT05_variant_2_is_produced_correctly"/>
    <testcase time="1.661" classname="table_lbt05" name="LBT05_variant_4_is_produced_correctly"/>
    <testcase time="0.35299999999998" classname="table_lbt05" name="LBT05_variant_4_is_produced_correctly"/>
  </testsuite>
  <testsuite name="table_lbt06" timestamp="2024-11-14T23:19:20Z" hostname="e7f37776cae3" tests="2" skipped="0" failures="0" errors="0" time="0.499">
    <testcase time="0.329000000000008" classname="table_lbt06" name="LBT06_default_variant_is_produced_correctly"/>
    <testcase time="0.169999999999987" classname="table_lbt06" name="LBT06_default_variant_is_produced_correctly"/>
  </testsuite>
  <testsuite name="table_lbt07" timestamp="2024-11-14T23:19:21Z" hostname="e7f37776cae3" tests="2" skipped="0" failures="0" errors="0" time="2.239">
    <testcase time="1.95600000000002" classname="table_lbt07" name="LBT07_is_produced_correctly"/>
    <testcase time="0.282999999999987" classname="table_lbt07" name="LBT07_is_produced_correctly"/>
  </testsuite>
  <testsuite name="table_lbt08" timestamp="2024-11-14T23:19:23Z" hostname="e7f37776cae3" tests="2" skipped="0" failures="0" errors="0" time="0.38">
    <testcase time="0.259000000000015" classname="table_lbt08" name="LBT08_produce_correctly"/>
    <testcase time="0.120999999999981" classname="table_lbt08" name="LBT08_produce_correctly"/>
  </testsuite>
  <testsuite name="table_lbt09" timestamp="2024-11-14T23:19:23Z" hostname="e7f37776cae3" tests="4" skipped="0" failures="0" errors="0" time="0.911">
    <testcase time="0.308999999999997" classname="table_lbt09" name="LBT09_variant_1_works_as_expected"/>
    <testcase time="0.163000000000011" classname="table_lbt09" name="LBT09_variant_1_works_as_expected"/>
    <testcase time="0.286000000000001" classname="table_lbt09" name="LBT09_variant_2_works_as_expected"/>
    <testcase time="0.152999999999992" classname="table_lbt09" name="LBT09_variant_2_works_as_expected"/>
  </testsuite>
  <testsuite name="table_lbt10" timestamp="2024-11-14T23:19:24Z" hostname="e7f37776cae3" tests="4" skipped="0" failures="0" errors="0" time="1.236">
    <testcase time="0.701999999999998" classname="table_lbt10" name="LBT10_variant_1_works_as_expected"/>
    <testcase time="0.0800000000000125" classname="table_lbt10" name="LBT10_variant_1_works_as_expected"/>
    <testcase time="0.393000000000001" classname="table_lbt10" name="LBT10_variant_2_works_as_expected"/>
    <testcase time="0.061000000000007" classname="table_lbt10" name="LBT10_variant_2_works_as_expected"/>
  </testsuite>
  <testsuite name="table_lbt10_bl" timestamp="2024-11-14T23:19:25Z" hostname="e7f37776cae3" tests="4" skipped="0" failures="0" errors="0" time="0.498">
    <testcase time="0.238999999999976" classname="table_lbt10_bl" name="LBT10_BL_variant_1_works_as_expected"/>
    <testcase time="0.070999999999998" classname="table_lbt10_bl" name="LBT10_BL_variant_1_works_as_expected"/>
    <testcase time="0.12700000000001" classname="table_lbt10_bl" name="LBT10_BL_variant_2_works_as_expected"/>
    <testcase time="0.061000000000007" classname="table_lbt10_bl" name="LBT10_BL_variant_2_works_as_expected"/>
  </testsuite>
  <testsuite name="table_lbt11" timestamp="2024-11-14T23:19:26Z" hostname="e7f37776cae3" tests="6" skipped="0" failures="0" errors="0" time="0.743">
    <testcase time="0.188999999999993" classname="table_lbt11" name="LBT11_variant_1_works_as_expected"/>
    <testcase time="0.0960000000000036" classname="table_lbt11" name="LBT11_variant_1_works_as_expected"/>
    <testcase time="0.102000000000004" classname="table_lbt11" name="LBT11_variant_2_works_as_expected"/>
    <testcase time="0.0809999999999889" classname="table_lbt11" name="LBT11_variant_2_works_as_expected"/>
    <testcase time="0.16500000000002" classname="table_lbt11" name="LBT11_variant_3_works_as_expected"/>
    <testcase time="0.109999999999985" classname="table_lbt11" name="LBT11_variant_3_works_as_expected"/>
  </testsuite>
  <testsuite name="table_lbt11_bl" timestamp="2024-11-14T23:19:26Z" hostname="e7f37776cae3" tests="6" skipped="0" failures="0" errors="0" time="0.811">
    <testcase time="0.204000000000008" classname="table_lbt11_bl" name="LBT11_BL_variant_1_works_as_expected"/>
    <testcase time="0.0929999999999893" classname="table_lbt11_bl" name="LBT11_BL_variant_1_works_as_expected"/>
    <testcase time="0.121000000000009" classname="table_lbt11_bl" name="LBT11_BL_variant_2_works_as_expected"/>
    <testcase time="0.0799999999999841" classname="table_lbt11_bl" name="LBT11_BL_variant_2_works_as_expected"/>
    <testcase time="0.204000000000008" classname="table_lbt11_bl" name="LBT11_BL_variant_3_works_as_expected"/>
    <testcase time="0.109000000000009" classname="table_lbt11_bl" name="LBT11_BL_variant_3_works_as_expected"/>
  </testsuite>
  <testsuite name="table_lbt12" timestamp="2024-11-14T23:19:27Z" hostname="e7f37776cae3" tests="2" skipped="0" failures="0" errors="0" time="0.401">
    <testcase time="0.299000000000007" classname="table_lbt12" name="LBT12_works_as_expected"/>
    <testcase time="0.101999999999975" classname="table_lbt12" name="LBT12_works_as_expected"/>
  </testsuite>
  <testsuite name="table_lbt12_bl" timestamp="2024-11-14T23:19:28Z" hostname="e7f37776cae3" tests="2" skipped="0" failures="0" errors="0" time="0.362">
    <testcase time="0.286000000000001" classname="table_lbt12_bl" name="LBT12_BL_works_as_expected"/>
    <testcase time="0.0760000000000218" classname="table_lbt12_bl" name="LBT12_BL_works_as_expected"/>
  </testsuite>
  <testsuite name="table_lbt13" timestamp="2024-11-14T23:19:29Z" hostname="e7f37776cae3" tests="10" skipped="0" failures="0" errors="0" time="2.321">
    <testcase time="0.807999999999993" classname="table_lbt13" name="LBT13_variant_1_LOW_works_as_expected"/>
    <testcase time="0.102000000000004" classname="table_lbt13" name="LBT13_variant_1_LOW_works_as_expected"/>
    <testcase time="0.139999999999986" classname="table_lbt13" name="LBT13_variant_2_HIGH_works_as_expected"/>
    <testcase time="0.0730000000000075" classname="table_lbt13" name="LBT13_variant_2_HIGH_works_as_expected"/>
    <testcase time="0.238" classname="table_lbt13" name="LBT13_variant_3_LOW_without_baseline_missing_works_as_expected"/>
    <testcase time="0.0929999999999893" classname="table_lbt13" name="LBT13_variant_3_LOW_without_baseline_missing_works_as_expected"/>
    <testcase time="0.13900000000001" classname="table_lbt13" name="LBT13_variant_4_HIGH_with_missing_baseline_considered_as_grade_0_works_as_expected"/>
    <testcase time="0.078000000000003" classname="table_lbt13" name="LBT13_variant_4_HIGH_with_missing_baseline_considered_as_grade_0_works_as_expected"/>
    <testcase time="0.412000000000006" classname="table_lbt13" name="LBT14_variant_5_HIGH_with_filled_in_grades_works_as_expected"/>
    <testcase time="0.238" classname="table_lbt13" name="LBT14_variant_5_HIGH_with_filled_in_grades_works_as_expected"/>
  </testsuite>
  <testsuite name="table_lbt14" timestamp="2024-11-14T23:19:31Z" hostname="e7f37776cae3" tests="10" skipped="0" failures="0" errors="0" time="27.644">
    <testcase time="5.75799999999998" classname="table_lbt14" name="LBT14_variant_1_HIGH_works_as_expected"/>
    <testcase time="0.462000000000018" classname="table_lbt14" name="LBT14_variant_1_HIGH_works_as_expected"/>
    <testcase time="5.16800000000001" classname="table_lbt14" name="LBT14_variant_2_LOW_works_as_expected"/>
    <testcase time="0.288999999999987" classname="table_lbt14" name="LBT14_variant_2_LOW_works_as_expected"/>
    <testcase time="3.06700000000001" classname="table_lbt14" name="LBT14_variant_3_LOW_without_baseline_missing_works_as_expected"/>
    <testcase time="0.36699999999999" classname="table_lbt14" name="LBT14_variant_3_LOW_without_baseline_missing_works_as_expected"/>
    <testcase time="4.56299999999999" classname="table_lbt14" name="LBT14_variant_4_LOW_and_force_1_missing_both_baseline_and_post_baseline_then_force_the_missing_baseline_as_0_as_expected"/>
    <testcase time="0.254000000000019" classname="table_lbt14" name="LBT14_variant_4_LOW_and_force_1_missing_both_baseline_and_post_baseline_then_force_the_missing_baseline_as_0_as_expected"/>
    <testcase time="5.00199999999998" classname="table_lbt14" name="LBT14_variant_5_HIGH_with_fillings_works_as_expected"/>
    <testcase time="2.71400000000003" classname="table_lbt14" name="LBT14_variant_5_HIGH_with_fillings_works_as_expected"/>
  </testsuite>
  <testsuite name="table_lbt15" timestamp="2024-11-14T23:19:58Z" hostname="e7f37776cae3" tests="4" skipped="0" failures="0" errors="0" time="1.578">
    <testcase time="0.613999999999976" classname="table_lbt15" name="LBT15_variant_1_works_as_expected"/>
    <testcase time="0.199000000000012" classname="table_lbt15" name="LBT15_variant_1_works_as_expected"/>
    <testcase time="0.569999999999993" classname="table_lbt15" name="LBT15_variant_2_works_as_expected"/>
    <testcase time="0.194999999999993" classname="table_lbt15" name="LBT15_variant_2_works_as_expected"/>
  </testsuite>
  <testsuite name="table_lgrt02" timestamp="2024-11-14T23:20:00Z" hostname="e7f37776cae3" tests="8" skipped="0" failures="0" errors="0" time="2.97">
    <testcase time="0.536000000000001" classname="table_lgrt02" name="LGRT02_without_interaction_term_is_produced_correctly"/>
    <testcase time="0.155000000000001" classname="table_lgrt02" name="LGRT02_without_interaction_term_is_produced_correctly"/>
    <testcase time="0.606999999999999" classname="table_lgrt02" name="LGRT02_with_categorical_interaction_is_produced_correctly"/>
    <testcase time="0.194999999999993" classname="table_lgrt02" name="LGRT02_with_categorical_interaction_is_produced_correctly"/>
    <testcase time="0.611000000000018" classname="table_lgrt02" name="LGRT02_with_continuous_interaction_is_produced_correctly"/>
    <testcase time="0.183999999999997" classname="table_lgrt02" name="LGRT02_with_continuous_interaction_is_produced_correctly"/>
    <testcase time="0.509999999999991" classname="table_lgrt02" name="LGRT02_with_setting_values_indicating_an_event_and_custom_alpha_level_is_produced_correctly"/>
    <testcase time="0.171999999999997" classname="table_lgrt02" name="LGRT02_with_setting_values_indicating_an_event_and_custom_alpha_level_is_produced_correctly"/>
  </testsuite>
  <testsuite name="table_mht01" timestamp="2024-11-14T23:20:03Z" hostname="e7f37776cae3" tests="8" skipped="0" failures="0" errors="0" time="1.73">
    <testcase time="0.323000000000008" classname="table_mht01" name="MHT01_variant_1_is_produced_accurately"/>
    <testcase time="0.394000000000005" classname="table_mht01" name="MHT01_variant_1_is_produced_accurately"/>
    <testcase time="0.0999999999999943" classname="table_mht01" name="MHT01_variant_2_is_produced_accurately"/>
    <testcase time="0.0769999999999982" classname="table_mht01" name="MHT01_variant_2_is_produced_accurately"/>
    <testcase time="0.245000000000005" classname="table_mht01" name="MHT01_variant_3_is_produced_accurately"/>
    <testcase time="0.111999999999995" classname="table_mht01" name="MHT01_variant_3_is_produced_accurately"/>
    <testcase time="0.335000000000008" classname="table_mht01" name="MHT01_variant_5_is_produced_accurately"/>
    <testcase time="0.144000000000005" classname="table_mht01" name="MHT01_variant_5_is_produced_accurately"/>
  </testsuite>
  <testsuite name="table_onct05" timestamp="2024-11-14T23:20:04Z" hostname="e7f37776cae3" tests="8" skipped="0" failures="0" errors="0" time="1.906">
    <testcase time="0.423000000000002" classname="table_onct05" name="ONCT05_variant_1_Objective_Response_Rate_by_Subgroup_is_produced_correctly"/>
    <testcase time="0.10899999999998" classname="table_onct05" name="ONCT05_variant_1_Objective_Response_Rate_by_Subgroup_is_produced_correctly"/>
    <testcase time="0.439999999999998" classname="table_onct05" name="ONCT05_variant_2_Specifying_class_variables_is_produced_correctly"/>
    <testcase time="0.123000000000019" classname="table_onct05" name="ONCT05_variant_2_Specifying_class_variables_is_produced_correctly"/>
    <testcase time="0.199999999999989" classname="table_onct05" name="ONCT05_variant_3_selecting_columns_and_changing_the_alpha_level_is_produced_correctly"/>
    <testcase time="0.0809999999999889" classname="table_onct05" name="ONCT05_variant_3_selecting_columns_and_changing_the_alpha_level_is_produced_correctly"/>
    <testcase time="0.420000000000016" classname="table_onct05" name="ONCT05_variant_4_setting_values_indicating_response_is_produced_correctly"/>
    <testcase time="0.109999999999985" classname="table_onct05" name="ONCT05_variant_4_setting_values_indicating_response_is_produced_correctly"/>
  </testsuite>
  <testsuite name="table_pdt01" timestamp="2024-11-14T23:20:06Z" hostname="e7f37776cae3" tests="2" skipped="0" failures="0" errors="0" time="0.392">
    <testcase time="0.242000000000019" classname="table_pdt01" name="PDT01_is_produced_correctly"/>
    <testcase time="0.150000000000006" classname="table_pdt01" name="PDT01_is_produced_correctly"/>
  </testsuite>
  <testsuite name="table_pdt02" timestamp="2024-11-14T23:20:07Z" hostname="e7f37776cae3" tests="2" skipped="0" failures="0" errors="0" time="0.231">
    <testcase time="0.146999999999991" classname="table_pdt02" name="PDT02_is_produced_correctly"/>
    <testcase time="0.0840000000000032" classname="table_pdt02" name="PDT02_is_produced_correctly"/>
  </testsuite>
  <testsuite name="table_pkct01" timestamp="2024-11-14T23:20:07Z" hostname="e7f37776cae3" tests="10" skipped="0" failures="0" errors="0" time="3.001">
    <testcase time="0.263000000000005" classname="table_pkct01" name="PKCT01_is_produced_correctly"/>
    <testcase time="0.0859999999999843" classname="table_pkct01" name="PKCT01_is_produced_correctly"/>
    <testcase time="0.117999999999995" classname="table_pkct01" name="PKCT01_is_produced_correctly"/>
    <testcase time="0.0620000000000118" classname="table_pkct01" name="PKCT01_is_produced_correctly"/>
    <testcase time="0.838999999999999" classname="table_pkct01" name="Specific_PKCT01_features_are_present"/>
    <testcase time="0.223000000000013" classname="table_pkct01" name="Specific_PKCT01_features_are_present"/>
    <testcase time="0.191999999999979" classname="table_pkct01" name="Specific_PKCT01_features_are_present"/>
    <testcase time="0.00300000000001432" classname="table_pkct01" name="Specific_PKCT01_features_are_present"/>
    <testcase time="0.680999999999983" classname="table_pkct01" name="Specific_PKCT01_features_are_present"/>
    <testcase time="0.533999999999992" classname="table_pkct01" name="Specific_PKCT01_features_are_present"/>
  </testsuite>
  <testsuite name="table_pkpt02" timestamp="2024-11-14T23:20:10Z" hostname="e7f37776cae3" tests="2" skipped="0" failures="0" errors="0" time="0.521">
    <testcase time="0.296000000000021" classname="table_pkpt02" name="PKPT02_is_produced_correctly_for_Drug_X"/>
    <testcase time="0.224999999999994" classname="table_pkpt02" name="PKPT02_is_produced_correctly_for_Drug_X"/>
  </testsuite>
  <testsuite name="table_pkpt03" timestamp="2024-11-14T23:20:10Z" hostname="e7f37776cae3" tests="2" skipped="0" failures="0" errors="0" time="1.092">
    <testcase time="0.900000000000006" classname="table_pkpt03" name="PKPT03_Drug_X_is_produced_correctly"/>
    <testcase time="0.191999999999979" classname="table_pkpt03" name="PKPT03_Drug_X_is_produced_correctly"/>
  </testsuite>
  <testsuite name="table_pkpt04" timestamp="2024-11-14T23:20:11Z" hostname="e7f37776cae3" tests="2" skipped="0" failures="0" errors="0" time="0.194">
    <testcase time="0.0970000000000084" classname="table_pkpt04" name="PKPT04_is_produced_correctly_for_Drug_X"/>
    <testcase time="0.0970000000000084" classname="table_pkpt04" name="PKPT04_is_produced_correctly_for_Drug_X"/>
  </testsuite>
  <testsuite name="table_pkpt05" timestamp="2024-11-14T23:20:12Z" hostname="e7f37776cae3" tests="2" skipped="0" failures="0" errors="0" time="0.389">
    <testcase time="0.280000000000001" classname="table_pkpt05" name="PKPT05_Drug_X_is_produced_correctly"/>
    <testcase time="0.109000000000009" classname="table_pkpt05" name="PKPT05_Drug_X_is_produced_correctly"/>
  </testsuite>
  <testsuite name="table_pkpt06" timestamp="2024-11-14T23:20:12Z" hostname="e7f37776cae3" tests="4" skipped="0" failures="0" errors="0" time="0.269">
    <testcase time="0.0999999999999943" classname="table_pkpt06" name="PKPT06_is_produced_correctly_for_Drug_X"/>
    <testcase time="0.0619999999999834" classname="table_pkpt06" name="PKPT06_is_produced_correctly_for_Drug_X"/>
    <testcase time="0.0510000000000161" classname="table_pkpt06" name="PKPT06_is_produced_correctly_for_Drug_Y"/>
    <testcase time="0.0559999999999832" classname="table_pkpt06" name="PKPT06_is_produced_correctly_for_Drug_Y"/>
  </testsuite>
  <testsuite name="table_pkpt07" timestamp="2024-11-14T23:20:12Z" hostname="e7f37776cae3" tests="4" skipped="0" failures="0" errors="0" time="0.526">
    <testcase time="0.213000000000022" classname="table_pkpt07" name="PKPT07_Drug_X_is_produced_correctly"/>
    <testcase time="0.106999999999999" classname="table_pkpt07" name="PKPT07_Drug_X_is_produced_correctly"/>
    <testcase time="0.111999999999995" classname="table_pkpt07" name="PKPT07_Drug_Y_is_produced_correctly"/>
    <testcase time="0.0939999999999941" classname="table_pkpt07" name="PKPT07_Drug_Y_is_produced_correctly"/>
  </testsuite>
  <testsuite name="table_ratet01" timestamp="2024-11-14T23:20:13Z" hostname="e7f37776cae3" tests="2" skipped="0" failures="0" errors="0" time="0.71">
    <testcase time="0.558999999999997" classname="table_ratet01" name="RATET01_is_produced_correctly"/>
    <testcase time="0.15100000000001" classname="table_ratet01" name="RATET01_is_produced_correctly"/>
  </testsuite>
  <testsuite name="table_rmpt01" timestamp="2024-11-14T23:20:14Z" hostname="e7f37776cae3" tests="2" skipped="0" failures="0" errors="0" time="0.194">
    <testcase time="0.135999999999996" classname="table_rmpt01" name="RMPT01_is_produced_correctly"/>
    <testcase time="0.0579999999999927" classname="table_rmpt01" name="RMPT01_is_produced_correctly"/>
  </testsuite>
  <testsuite name="table_rmpt03" timestamp="2024-11-14T23:20:14Z" hostname="e7f37776cae3" tests="4" skipped="0" failures="0" errors="0" time="0.532">
    <testcase time="0.205000000000013" classname="table_rmpt03" name="RMPT03_variant_1_is_produced_correctly"/>
    <testcase time="0.0819999999999936" classname="table_rmpt03" name="RMPT03_variant_1_is_produced_correctly"/>
    <testcase time="0.157999999999987" classname="table_rmpt03" name="RMPT03_variant_2_is_produced_correctly"/>
    <testcase time="0.0870000000000175" classname="table_rmpt03" name="RMPT03_variant_2_is_produced_correctly"/>
  </testsuite>
  <testsuite name="table_rmpt04" timestamp="2024-11-14T23:20:14Z" hostname="e7f37776cae3" tests="2" skipped="0" failures="0" errors="0" time="0.201">
    <testcase time="0.141999999999996" classname="table_rmpt04" name="RMPT04_variant_1_is_produced_correctly"/>
    <testcase time="0.0589999999999975" classname="table_rmpt04" name="RMPT04_variant_1_is_produced_correctly"/>
  </testsuite>
  <testsuite name="table_rmpt05" timestamp="2024-11-14T23:20:14Z" hostname="e7f37776cae3" tests="2" skipped="0" failures="0" errors="0" time="0.23">
    <testcase time="0.161000000000001" classname="table_rmpt05" name="RMPT05_is_produced_correctly"/>
    <testcase time="0.0689999999999884" classname="table_rmpt05" name="RMPT05_is_produced_correctly"/>
  </testsuite>
  <testsuite name="table_rmpt06" timestamp="2024-11-14T23:20:15Z" hostname="e7f37776cae3" tests="8" skipped="0" failures="0" errors="0" time="1.508">
    <testcase time="0.302000000000021" classname="table_rmpt06" name="RMPT06_variant_1_is_produced_correctly"/>
    <testcase time="0.117999999999995" classname="table_rmpt06" name="RMPT06_variant_1_is_produced_correctly"/>
    <testcase time="0.189999999999998" classname="table_rmpt06" name="RMPT06_variant_2_is_produced_correctly"/>
    <testcase time="0.0949999999999989" classname="table_rmpt06" name="RMPT06_variant_2_is_produced_correctly"/>
    <testcase time="0.281000000000006" classname="table_rmpt06" name="RMPT06_variant_3_is_produced_correctly"/>
    <testcase time="0.113" classname="table_rmpt06" name="RMPT06_variant_3_is_produced_correctly"/>
    <testcase time="0.295999999999992" classname="table_rmpt06" name="RMPT06_variant_4_is_produced_correctly"/>
    <testcase time="0.113" classname="table_rmpt06" name="RMPT06_variant_4_is_produced_correctly"/>
  </testsuite>
  <testsuite name="table_rspt01" timestamp="2024-11-14T23:20:16Z" hostname="e7f37776cae3" tests="12" skipped="0" failures="0" errors="0" time="2.315">
    <testcase time="0.264999999999986" classname="table_rspt01" name="RSPT01_1._Best_Overall_Response"/>
    <testcase time="0.121000000000009" classname="table_rspt01" name="RSPT01_1._Best_Overall_Response"/>
    <testcase time="0.234000000000009" classname="table_rspt01" name="RSPT01_2._Best_Overall_Response_selecting_sections_to_display_"/>
    <testcase time="0.106999999999999" classname="table_rspt01" name="RSPT01_2._Best_Overall_Response_selecting_sections_to_display_"/>
    <testcase time="0.310999999999979" classname="table_rspt01" name="RSPT01_3._Best_Overall_Response_modifying_settings_"/>
    <testcase time="0.103000000000009" classname="table_rspt01" name="RSPT01_3._Best_Overall_Response_modifying_settings_"/>
    <testcase time="0.337999999999994" classname="table_rspt01" name="RSPT01_4._Best_Overall_Response_with_stratified_analysis_"/>
    <testcase time="0.15100000000001" classname="table_rspt01" name="RSPT01_4._Best_Overall_Response_with_stratified_analysis_"/>
    <testcase time="0.257999999999981" classname="table_rspt01" name="RSPT01_5._Best_Overall_Response_modifying_the_definition_of_overall_response_"/>
    <testcase time="0.122000000000014" classname="table_rspt01" name="RSPT01_5._Best_Overall_Response_modifying_the_definition_of_overall_response_"/>
    <testcase time="0.198000000000008" classname="table_rspt01" name="RSPT01_6._Best_Overall_Response_define_new_sections_to_display_"/>
    <testcase time="0.106999999999999" classname="table_rspt01" name="RSPT01_6._Best_Overall_Response_define_new_sections_to_display_"/>
  </testsuite>
  <testsuite name="table_ttet01" timestamp="2024-11-14T23:20:18Z" hostname="e7f37776cae3" tests="14" skipped="0" failures="0" errors="0" time="3.4">
    <testcase time="0.401999999999987" classname="table_ttet01" name="TTET01_default_variant_is_produced_correctly"/>
    <testcase time="0.176999999999992" classname="table_ttet01" name="TTET01_default_variant_is_produced_correctly"/>
    <testcase time="0.39100000000002" classname="table_ttet01" name="TTET01_default_variant_with_Placebo_arm"/>
    <testcase time="0.162000000000006" classname="table_ttet01" name="TTET01_default_variant_with_Placebo_arm"/>
    <testcase time="0.210999999999984" classname="table_ttet01" name="TTET01_variant_2_selecting_sections_to_display"/>
    <testcase time="0.128000000000014" classname="table_ttet01" name="TTET01_variant_2_selecting_sections_to_display"/>
    <testcase time="0.299999999999983" classname="table_ttet01" name="TTET01_variant_3_modifying_analysis_details_like_conftype_ties_alpha_level"/>
    <testcase time="0.147999999999996" classname="table_ttet01" name="TTET01_variant_3_modifying_analysis_details_like_conftype_ties_alpha_level"/>
    <testcase time="0.340000000000003" classname="table_ttet01" name="TTET01_variant_4_with_stratified_analysis"/>
    <testcase time="0.167000000000002" classname="table_ttet01" name="TTET01_variant_4_with_stratified_analysis"/>
    <testcase time="0.301999999999992" classname="table_ttet01" name="TTET01_variant_5_modifying_time_point"/>
    <testcase time="0.13300000000001" classname="table_ttet01" name="TTET01_variant_5_modifying_time_point"/>
    <testcase time="0.38300000000001" classname="table_ttet01" name="TTET01_variant_6_requesting_more_than_one_p_value"/>
    <testcase time="0.156000000000006" classname="table_ttet01" name="TTET01_variant_6_requesting_more_than_one_p_value"/>
  </testsuite>
  <testsuite name="table_vst01" timestamp="2024-11-14T23:20:23Z" hostname="e7f37776cae3" tests="2" skipped="0" failures="0" errors="0" time="2.18">
    <testcase time="1.75299999999999" classname="table_vst01" name="VST01_default_variant_is_produced_correctly"/>
    <testcase time="0.426999999999992" classname="table_vst01" name="VST01_default_variant_is_produced_correctly"/>
  </testsuite>
  <testsuite name="table_vst02" timestamp="2024-11-14T23:20:25Z" hostname="e7f37776cae3" tests="4" skipped="0" failures="0" errors="0" time="1.589">
    <testcase time="1.09200000000001" classname="table_vst02" name="1._Vital_Sign_Abnormalities_Regardless_of_Abnormality_at_Baseline_VST02_1_"/>
    <testcase time="0.133999999999986" classname="table_vst02" name="1._Vital_Sign_Abnormalities_Regardless_of_Abnormality_at_Baseline_VST02_1_"/>
    <testcase time="0.265000000000015" classname="table_vst02" name="2._Vital_Sign_Abnormalities_Among_Subject_Without_Abnormality_at_Baseline_VST02_2_"/>
    <testcase time="0.0979999999999848" classname="table_vst02" name="2._Vital_Sign_Abnormalities_Among_Subject_Without_Abnormality_at_Baseline_VST02_2_"/>
  </testsuite>
</testsuites>
