<?xml version="1.0" encoding="UTF-8"?>
<testsuites>
  <testsuite name="listing_adal02" timestamp="2024-11-08T21:45:41Z" hostname="eb80eda9f776" tests="1" skipped="0" failures="0" errors="0" time="0.255">
    <testcase time="0.255000000000001" classname="listing_adal02" name="ADAL02_listing_is_produced_correctly"/>
  </testsuite>
  <testsuite name="listing_ael01" timestamp="2024-11-08T21:45:42Z" hostname="eb80eda9f776" tests="1" skipped="0" failures="0" errors="0" time="0.203">
    <testcase time="0.202999999999999" classname="listing_ael01" name="AEL01_listing_is_produced_correctly"/>
  </testsuite>
  <testsuite name="listing_ael01_nollt" timestamp="2024-11-08T21:45:42Z" hostname="eb80eda9f776" tests="1" skipped="0" failures="0" errors="0" time="0.075">
    <testcase time="0.0750000000000011" classname="listing_ael01_nollt" name="AEL01_NOLLT_listing_is_produced_correctly"/>
  </testsuite>
  <testsuite name="listing_ael02" timestamp="2024-11-08T21:45:42Z" hostname="eb80eda9f776" tests="1" skipped="0" failures="0" errors="0" time="0.294">
    <testcase time="0.293999999999999" classname="listing_ael02" name="AEL02_listing_is_produced_correctly"/>
  </testsuite>
  <testsuite name="listing_ael02_ed" timestamp="2024-11-08T21:45:42Z" hostname="eb80eda9f776" tests="1" skipped="0" failures="0" errors="0" time="0.336">
    <testcase time="0.336" classname="listing_ael02_ed" name="AEL02_ED_listing_is_produced_correctly"/>
  </testsuite>
  <testsuite name="listing_ael03" timestamp="2024-11-08T21:45:42Z" hostname="eb80eda9f776" tests="1" skipped="0" failures="0" errors="0" time="0.277">
    <testcase time="0.277000000000001" classname="listing_ael03" name="AEL03_listing_is_produced_correctly"/>
  </testsuite>
  <testsuite name="listing_ael04" timestamp="2024-11-08T21:45:43Z" hostname="eb80eda9f776" tests="1" skipped="0" failures="0" errors="0" time="0.218">
    <testcase time="0.218" classname="listing_ael04" name="AEL04_listing_is_produced_correctly"/>
  </testsuite>
  <testsuite name="listing_cml01" timestamp="2024-11-08T21:45:43Z" hostname="eb80eda9f776" tests="1" skipped="0" failures="0" errors="0" time="0.339">
    <testcase time="0.338999999999999" classname="listing_cml01" name="CML01_listing_is_produced_correctly"/>
  </testsuite>
  <testsuite name="listing_cml02a_gl" timestamp="2024-11-08T21:45:43Z" hostname="eb80eda9f776" tests="1" skipped="0" failures="0" errors="0" time="0.117">
    <testcase time="0.117000000000001" classname="listing_cml02a_gl" name="CML02A_GL_listing_is_produced_correctly"/>
  </testsuite>
  <testsuite name="listing_cml02b_gl" timestamp="2024-11-08T21:45:43Z" hostname="eb80eda9f776" tests="1" skipped="0" failures="0" errors="0" time="0.172">
    <testcase time="0.172000000000001" classname="listing_cml02b_gl" name="CML02B_GL_listing_is_produced_correctly"/>
  </testsuite>
  <testsuite name="listing_dsl01" timestamp="2024-11-08T21:45:44Z" hostname="eb80eda9f776" tests="1" skipped="0" failures="0" errors="0" time="0.179">
    <testcase time="0.178999999999998" classname="listing_dsl01" name="DSL01_listing_is_produced_correctly"/>
  </testsuite>
  <testsuite name="listing_dsl02" timestamp="2024-11-08T21:45:44Z" hostname="eb80eda9f776" tests="1" skipped="0" failures="0" errors="0" time="0.078">
    <testcase time="0.0780000000000012" classname="listing_dsl02" name="DSL02_listing_is_produced_correctly"/>
  </testsuite>
  <testsuite name="listing_dsur4" timestamp="2024-11-08T21:45:44Z" hostname="eb80eda9f776" tests="1" skipped="0" failures="0" errors="0" time="0.114">
    <testcase time="0.113999999999999" classname="listing_dsur4" name="DSUR4_listing_is_produced_correctly"/>
  </testsuite>
  <testsuite name="listing_egl01" timestamp="2024-11-08T21:45:44Z" hostname="eb80eda9f776" tests="1" skipped="0" failures="0" errors="0" time="0.389">
    <testcase time="0.389000000000001" classname="listing_egl01" name="EGL01_listing_is_produced_correctly"/>
  </testsuite>
  <testsuite name="listing_exl01" timestamp="2024-11-08T21:45:44Z" hostname="eb80eda9f776" tests="1" skipped="0" failures="0" errors="0" time="0.226">
    <testcase time="0.225999999999999" classname="listing_exl01" name="EXL01_listing_is_produced_correctly"/>
  </testsuite>
  <testsuite name="listing_lbl01" timestamp="2024-11-08T21:45:45Z" hostname="eb80eda9f776" tests="1" skipped="0" failures="0" errors="0" time="0.526">
    <testcase time="0.526" classname="listing_lbl01" name="LBL01_listing_is_produced_correctly"/>
  </testsuite>
  <testsuite name="listing_lbl01_rls" timestamp="2024-11-08T21:45:45Z" hostname="eb80eda9f776" tests="1" skipped="0" failures="0" errors="0" time="0.548">
    <testcase time="0.548" classname="listing_lbl01_rls" name="LBL01_RLS_listing_is_produced_correctly"/>
  </testsuite>
  <testsuite name="listing_lbl02a" timestamp="2024-11-08T21:45:46Z" hostname="eb80eda9f776" tests="1" skipped="0" failures="0" errors="0" time="0.258">
    <testcase time="0.258000000000001" classname="listing_lbl02a" name="LBL02A_listing_is_produced_correctly"/>
  </testsuite>
  <testsuite name="listing_lbl02a_rls" timestamp="2024-11-08T21:45:46Z" hostname="eb80eda9f776" tests="1" skipped="0" failures="0" errors="0" time="0.983">
    <testcase time="0.982999999999999" classname="listing_lbl02a_rls" name="LBL02A_RLS_listing_is_produced_correctly"/>
  </testsuite>
  <testsuite name="listing_lbl02b" timestamp="2024-11-08T21:45:47Z" hostname="eb80eda9f776" tests="1" skipped="0" failures="0" errors="0" time="0.287">
    <testcase time="0.287000000000001" classname="listing_lbl02b" name="LBL02B_listing_is_produced_correctly"/>
  </testsuite>
  <testsuite name="listing_mhl01" timestamp="2024-11-08T21:45:47Z" hostname="eb80eda9f776" tests="1" skipped="0" failures="0" errors="0" time="0.442">
    <testcase time="0.442" classname="listing_mhl01" name="MHL01_listing_is_produced_correctly"/>
  </testsuite>
  <testsuite name="listing_oncl01" timestamp="2024-11-08T21:45:48Z" hostname="eb80eda9f776" tests="1" skipped="0" failures="0" errors="0" time="0.235">
    <testcase time="0.234999999999999" classname="listing_oncl01" name="ONCL01_listing_is_produced_correctly"/>
  </testsuite>
  <testsuite name="listing_pkcl01" timestamp="2024-11-08T21:45:48Z" hostname="eb80eda9f776" tests="1" skipped="0" failures="0" errors="0" time="0.177">
    <testcase time="0.177" classname="listing_pkcl01" name="PKCL01_listing_is_produced_correctly"/>
  </testsuite>
  <testsuite name="listing_pkcl02" timestamp="2024-11-08T21:45:48Z" hostname="eb80eda9f776" tests="1" skipped="0" failures="0" errors="0" time="0.196">
    <testcase time="0.196000000000002" classname="listing_pkcl02" name="PKCL02_listing_is_produced_correctly"/>
  </testsuite>
  <testsuite name="listing_pkpl01" timestamp="2024-11-08T21:45:48Z" hostname="eb80eda9f776" tests="1" skipped="0" failures="0" errors="0" time="0.237">
    <testcase time="0.236999999999998" classname="listing_pkpl01" name="PKPL01_listing_is_produced_correctly"/>
  </testsuite>
  <testsuite name="listing_pkpl02" timestamp="2024-11-08T21:45:48Z" hostname="eb80eda9f776" tests="1" skipped="0" failures="0" errors="0" time="0.148">
    <testcase time="0.148" classname="listing_pkpl02" name="PKPL02_listing_is_produced_correctly"/>
  </testsuite>
  <testsuite name="listing_pkpl04" timestamp="2024-11-08T21:45:49Z" hostname="eb80eda9f776" tests="1" skipped="0" failures="0" errors="0" time="0.193">
    <testcase time="0.193000000000001" classname="listing_pkpl04" name="PKPL04_listing_is_produced_correctly"/>
  </testsuite>
  <testsuite name="listing_vsl01" timestamp="2024-11-08T21:45:49Z" hostname="eb80eda9f776" tests="1" skipped="0" failures="0" errors="0" time="0.425">
    <testcase time="0.425000000000001" classname="listing_vsl01" name="VSL01_listing_is_produced_correctly"/>
  </testsuite>
  <testsuite name="pagination_listing" timestamp="2024-11-08T21:45:49Z" hostname="eb80eda9f776" tests="13" skipped="0" failures="0" errors="0" time="5.606">
    <testcase time="0.0309999999999988" classname="pagination_listing" name="Direct_pagination_works_fine"/>
    <testcase time="0.934000000000001" classname="pagination_listing" name="Direct_pagination_works_fine"/>
    <testcase time="0.00300000000000011" classname="pagination_listing" name="Direct_pagination_works_fine"/>
    <testcase time="0.855999999999998" classname="pagination_listing" name="Direct_pagination_works_fine"/>
    <testcase time="1.189" classname="pagination_listing" name="Direct_pagination_works_fine"/>
    <testcase time="1.261" classname="pagination_listing" name="pagination_counts_the_right_number_of_lines_when_wrapping_on_keycols_is_present"/>
    <testcase time="0.00599999999999667" classname="pagination_listing" name="pagination_counts_the_right_number_of_lines_when_wrapping_on_keycols_is_present"/>
    <testcase time="0.00600000000000023" classname="pagination_listing" name="pagination_counts_the_right_number_of_lines_when_wrapping_on_keycols_is_present"/>
    <testcase time="0.00400000000000134" classname="pagination_listing" name="pagination_counts_the_right_number_of_lines_when_wrapping_on_keycols_is_present"/>
    <testcase time="1.303" classname="pagination_listing" name="pagination_counts_the_right_number_of_lines_when_wrapping_on_keycols_is_present"/>
    <testcase time="0.00600000000000023" classname="pagination_listing" name="pagination_counts_the_right_number_of_lines_when_wrapping_on_keycols_is_present"/>
    <testcase time="0.00399999999999778" classname="pagination_listing" name="pagination_counts_the_right_number_of_lines_when_wrapping_on_keycols_is_present"/>
    <testcase time="0.00300000000000011" classname="pagination_listing" name="pagination_counts_the_right_number_of_lines_when_wrapping_on_keycols_is_present"/>
  </testsuite>
  <testsuite name="pagination_table" timestamp="2024-11-08T21:45:56Z" hostname="eb80eda9f776" tests="30" skipped="0" failures="0" errors="0" time="14.88">
    <testcase time="1.833" classname="pagination_table" name="Direct_pagination_with_standard_values"/>
    <testcase time="0.00499999999999901" classname="pagination_table" name="Direct_pagination_with_standard_values"/>
    <testcase time="0.00300000000000011" classname="pagination_table" name="Direct_pagination_with_standard_values"/>
    <testcase time="1.299" classname="pagination_table" name="Pagination_with_specific_column_widths_and_minimum_lines_per_page"/>
    <testcase time="0.00400000000000134" classname="pagination_table" name="Pagination_with_specific_column_widths_and_minimum_lines_per_page"/>
    <testcase time="0.131" classname="pagination_table" name="Pagination_with_specific_column_widths_and_minimum_lines_per_page"/>
    <testcase time="0.997999999999998" classname="pagination_table" name="Pagination_works_also_if_table_is_decorated"/>
    <testcase time="0.57" classname="pagination_table" name="Pagination_works_also_if_table_is_decorated"/>
    <testcase time="0.936" classname="pagination_table" name="Pagination_works_also_if_table_is_decorated"/>
    <testcase time="0.73" classname="pagination_table" name="Pagination_works_also_if_table_is_decorated"/>
    <testcase time="1.429" classname="pagination_table" name="Pagination_works_also_if_table_is_decorated"/>
    <testcase time="0.332000000000001" classname="pagination_table" name="Pagination_works_also_if_table_is_decorated"/>
    <testcase time="0.00399999999999778" classname="pagination_table" name="Pagination_works_also_if_table_is_decorated"/>
    <testcase time="0.022000000000002" classname="pagination_table" name="Pagination_works_also_if_table_is_decorated"/>
    <testcase time="0.151" classname="pagination_table" name="Pagination_works_also_if_table_is_decorated"/>
    <testcase time="0.105" classname="pagination_table" name="Pagination_works_also_if_table_is_decorated"/>
    <testcase time="0.754999999999999" classname="pagination_table" name="Pagination_works_for_page_types"/>
    <testcase time="0.0790000000000006" classname="pagination_table" name="Pagination_works_for_page_types"/>
    <testcase time="0.765999999999998" classname="pagination_table" name="Pagination_works_for_page_types"/>
    <testcase time="0.0919999999999987" classname="pagination_table" name="Pagination_works_for_page_types"/>
    <testcase time="0.688000000000002" classname="pagination_table" name="Pagination_works_for_page_types"/>
    <testcase time="0.426000000000002" classname="pagination_table" name="Pagination_works_for_page_types"/>
    <testcase time="0.747999999999998" classname="pagination_table" name="Pagination_works_for_page_width_and_height"/>
    <testcase time="0.340000000000003" classname="pagination_table" name="Pagination_works_for_page_width_and_height"/>
    <testcase time="0.760999999999996" classname="pagination_table" name="Pagination_works_for_page_types"/>
    <testcase time="0.155999999999999" classname="pagination_table" name="Pagination_works_for_page_types"/>
    <testcase time="0.782000000000004" classname="pagination_table" name="AET04_variant_2_page_by_pagination_tests"/>
    <testcase time="0.588000000000001" classname="pagination_table" name="AET04_variant_2_page_by_pagination_tests"/>
    <testcase time="0.000999999999997669" classname="pagination_table" name="AET04_variant_2_page_by_pagination_tests"/>
    <testcase time="0.146000000000001" classname="pagination_table" name="AET04_variant_2_page_by_pagination_tests"/>
  </testsuite>
  <testsuite name="table_adat03" timestamp="2024-11-08T21:46:10Z" hostname="eb80eda9f776" tests="2" skipped="0" failures="0" errors="0" time="0.525">
    <testcase time="0.393000000000001" classname="table_adat03" name="ADAT03_is_produced_correctly"/>
    <testcase time="0.131999999999998" classname="table_adat03" name="ADAT03_is_produced_correctly"/>
  </testsuite>
  <testsuite name="table_aet01" timestamp="2024-11-08T21:46:10Z" hostname="eb80eda9f776" tests="8" skipped="0" failures="0" errors="0" time="1.744">
    <testcase time="0.350999999999999" classname="table_aet01" name="Safety_Summary_Variant_1_works_as_expected"/>
    <testcase time="0.111000000000004" classname="table_aet01" name="Safety_Summary_Variant_1_works_as_expected"/>
    <testcase time="0.311" classname="table_aet01" name="Safety_Summary_Variant_2_with_Medical_Concepts_Section_works_as_expected"/>
    <testcase time="0.138999999999996" classname="table_aet01" name="Safety_Summary_Variant_2_with_Medical_Concepts_Section_works_as_expected"/>
    <testcase time="0.253" classname="table_aet01" name="Safety_Summary_Variant_3_with_Modified_Rows_works_as_expected"/>
    <testcase time="0.0930000000000035" classname="table_aet01" name="Safety_Summary_Variant_3_with_Modified_Rows_works_as_expected"/>
    <testcase time="0.363999999999997" classname="table_aet01" name="Safety_Summary_Variant_4_with_Rows_Counting_Events_and_Additional_Sections_works_as_expected"/>
    <testcase time="0.122" classname="table_aet01" name="Safety_Summary_Variant_4_with_Rows_Counting_Events_and_Additional_Sections_works_as_expected"/>
  </testsuite>
  <testsuite name="table_aet01_aesi" timestamp="2024-11-08T21:46:12Z" hostname="eb80eda9f776" tests="8" skipped="0" failures="0" errors="0" time="2.564">
    <testcase time="0.265000000000001" classname="table_aet01_aesi" name="AET01_AESI_Variant_1_works_as_expected"/>
    <testcase time="0.106000000000002" classname="table_aet01_aesi" name="AET01_AESI_Variant_1_works_as_expected"/>
    <testcase time="0.432000000000002" classname="table_aet01_aesi" name="AET01_AESI_Variant_2_works_as_expected"/>
    <testcase time="0.149000000000001" classname="table_aet01_aesi" name="AET01_AESI_Variant_2_works_as_expected"/>
    <testcase time="0.622" classname="table_aet01_aesi" name="AET01_AESI_Variant_3_works_as_expected"/>
    <testcase time="0.220999999999997" classname="table_aet01_aesi" name="AET01_AESI_Variant_3_works_as_expected"/>
    <testcase time="0.548000000000002" classname="table_aet01_aesi" name="AET01_AESI_Variant_4_works_as_expected"/>
    <testcase time="0.220999999999997" classname="table_aet01_aesi" name="AET01_AESI_Variant_4_works_as_expected"/>
  </testsuite>
  <testsuite name="table_aet02" timestamp="2024-11-08T21:46:15Z" hostname="eb80eda9f776" tests="26" skipped="0" failures="0" errors="0" time="8.322">
    <testcase time="0.548999999999999" classname="table_aet02" name="AET02_variant_1_is_produced_correctly"/>
    <testcase time="0.181000000000004" classname="table_aet02" name="AET02_variant_1_is_produced_correctly"/>
    <testcase time="0.424999999999997" classname="table_aet02" name="AET02_variant_1_is_produced_correctly"/>
    <testcase time="0.0889999999999986" classname="table_aet02" name="AET02_variant_1_is_produced_correctly"/>
    <testcase time="0.639000000000003" classname="table_aet02" name="AET02_variant_2_is_produced_correctly"/>
    <testcase time="0.198999999999998" classname="table_aet02" name="AET02_variant_2_is_produced_correctly"/>
    <testcase time="0.920000000000002" classname="table_aet02" name="AET02_variant_3_is_produced_correctly"/>
    <testcase time="0.308" classname="table_aet02" name="AET02_variant_3_is_produced_correctly"/>
    <testcase time="0.128999999999998" classname="table_aet02" name="AET02_variant_4_is_produced_correctly"/>
    <testcase time="0.0970000000000013" classname="table_aet02" name="AET02_variant_4_is_produced_correctly"/>
    <testcase time="0.426000000000002" classname="table_aet02" name="AET02_variant_5_is_produced_correctly"/>
    <testcase time="0.167000000000002" classname="table_aet02" name="AET02_variant_5_is_produced_correctly"/>
    <testcase time="0.418999999999997" classname="table_aet02" name="AET02_variant_6_is_produced_correctly"/>
    <testcase time="0.116999999999997" classname="table_aet02" name="AET02_variant_6_is_produced_correctly"/>
    <testcase time="0.959000000000003" classname="table_aet02" name="AET02_variant_7_is_produced_correctly"/>
    <testcase time="0.152000000000001" classname="table_aet02" name="AET02_variant_7_is_produced_correctly"/>
    <testcase time="0.414999999999999" classname="table_aet02" name="AET02_variant_8_is_produced_correctly"/>
    <testcase time="0.088000000000001" classname="table_aet02" name="AET02_variant_8_is_produced_correctly"/>
    <testcase time="0.400999999999996" classname="table_aet02" name="AET02_variant_9_is_produced_correctly"/>
    <testcase time="0.116" classname="table_aet02" name="AET02_variant_9_is_produced_correctly"/>
    <testcase time="0.413000000000004" classname="table_aet02" name="AET02_variant_10_is_produced_correctly"/>
    <testcase time="0.103000000000002" classname="table_aet02" name="AET02_variant_10_is_produced_correctly"/>
    <testcase time="0.404999999999994" classname="table_aet02" name="AET02_variant_11_is_produced_correctly"/>
    <testcase time="0.0890000000000057" classname="table_aet02" name="AET02_variant_11_is_produced_correctly"/>
    <testcase time="0.431999999999995" classname="table_aet02" name="AET02_variant_12_is_produced_correctly"/>
    <testcase time="0.0840000000000032" classname="table_aet02" name="AET02_variant_12_is_produced_correctly"/>
  </testsuite>
  <testsuite name="table_aet02_smq" timestamp="2024-11-08T21:46:23Z" hostname="eb80eda9f776" tests="4" skipped="0" failures="0" errors="0" time="0.456">
    <testcase time="0.127000000000002" classname="table_aet02_smq" name="AET02SMQ_variant_1_is_produced_correctly"/>
    <testcase time="0.0829999999999984" classname="table_aet02_smq" name="AET02SMQ_variant_1_is_produced_correctly"/>
    <testcase time="0.161999999999999" classname="table_aet02_smq" name="AET02SMQ_variant_2_is_produced_correctly"/>
    <testcase time="0.0839999999999961" classname="table_aet02_smq" name="AET02SMQ_variant_2_is_produced_correctly"/>
  </testsuite>
  <testsuite name="table_aet03" timestamp="2024-11-08T21:46:23Z" hostname="eb80eda9f776" tests="6" skipped="0" failures="0" errors="0" time="4.993">
    <testcase time="1.16" classname="table_aet03" name="AET03_variant_1_is_produced_correctly"/>
    <testcase time="0.43" classname="table_aet03" name="AET03_variant_1_is_produced_correctly"/>
    <testcase time="1.555" classname="table_aet03" name="AET03_variant_1_is_produced_correctly"/>
    <testcase time="0.640999999999998" classname="table_aet03" name="AET03_variant_1_is_produced_correctly"/>
    <testcase time="1.00700000000001" classname="table_aet03" name="AET03_variant_1_is_produced_correctly"/>
    <testcase time="0.199999999999996" classname="table_aet03" name="AET03_variant_1_is_produced_correctly"/>
  </testsuite>
  <testsuite name="table_aet04" timestamp="2024-11-08T21:46:29Z" hostname="eb80eda9f776" tests="30" skipped="0" failures="0" errors="0" time="12.339">
    <testcase time="0.701999999999998" classname="table_aet04" name="AET04_variant_1_is_produced_correctly"/>
    <testcase time="0.319000000000003" classname="table_aet04" name="AET04_variant_1_is_produced_correctly"/>
    <testcase time="0.740000000000002" classname="table_aet04" name="AET04_variant_1_is_produced_correctly"/>
    <testcase time="0.0409999999999968" classname="table_aet04" name="AET04_variant_1_is_produced_correctly"/>
    <testcase time="0.0399999999999991" classname="table_aet04" name="AET04_variant_1_is_produced_correctly"/>
    <testcase time="0.650000000000006" classname="table_aet04" name="AET04_variant_2_is_produced_correctly_Fill_in_of_Treatment_Groups_"/>
    <testcase time="0.269999999999996" classname="table_aet04" name="AET04_variant_2_is_produced_correctly_Fill_in_of_Treatment_Groups_"/>
    <testcase time="0.667000000000002" classname="table_aet04" name="AET04_variant_2_is_produced_correctly_Fill_in_of_Treatment_Groups_"/>
    <testcase time="0.0399999999999991" classname="table_aet04" name="AET04_variant_2_is_produced_correctly_Fill_in_of_Treatment_Groups_"/>
    <testcase time="0.036999999999999" classname="table_aet04" name="AET04_variant_2_is_produced_correctly_Fill_in_of_Treatment_Groups_"/>
    <testcase time="0.664000000000001" classname="table_aet04" name="AET04_variant_3_is_produced_correctly_Fill_in_of_Grades_"/>
    <testcase time="0.329000000000001" classname="table_aet04" name="AET04_variant_3_is_produced_correctly_Fill_in_of_Grades_"/>
    <testcase time="0.792999999999999" classname="table_aet04" name="AET04_variant_3_is_produced_correctly_Fill_in_of_Grades_"/>
    <testcase time="0.0429999999999993" classname="table_aet04" name="AET04_variant_3_is_produced_correctly_Fill_in_of_Grades_"/>
    <testcase time="0.0399999999999991" classname="table_aet04" name="AET04_variant_3_is_produced_correctly_Fill_in_of_Grades_"/>
    <testcase time="0.706000000000003" classname="table_aet04" name="AET04_variant_4_is_produced_correctly_Collapsing_of_Grades_grades_1_2_grades_3_4_5_"/>
    <testcase time="0.314999999999998" classname="table_aet04" name="AET04_variant_4_is_produced_correctly_Collapsing_of_Grades_grades_1_2_grades_3_4_5_"/>
    <testcase time="0.771999999999998" classname="table_aet04" name="AET04_variant_4_is_produced_correctly_Collapsing_of_Grades_grades_1_2_grades_3_4_5_"/>
    <testcase time="0.716999999999999" classname="table_aet04" name="AET04_variant_6_is_produced_correctly_with_an_Incidence_Rate_of_at_Least_5_totals_restricted_"/>
    <testcase time="0.311999999999998" classname="table_aet04" name="AET04_variant_6_is_produced_correctly_with_an_Incidence_Rate_of_at_Least_5_totals_restricted_"/>
    <testcase time="0.749000000000009" classname="table_aet04" name="AET04_variant_6_is_produced_correctly_with_an_Incidence_Rate_of_at_Least_5_totals_restricted_"/>
    <testcase time="0.00900000000000034" classname="table_aet04" name="AET04_variant_8_is_produced_correctly_with_an_Incidence_Rate_of_at_Least_X_Patients_"/>
    <testcase time="0.322999999999993" classname="table_aet04" name="AET04_variant_8_is_produced_correctly_with_an_Incidence_Rate_of_at_Least_X_Patients_"/>
    <testcase time="0.769999999999996" classname="table_aet04" name="AET04_variant_8_is_produced_correctly_with_an_Incidence_Rate_of_at_Least_X_Patients_"/>
    <testcase time="0.00900000000000034" classname="table_aet04" name="AET04_variant_9_is_produced_correctly_with_a_Difference_in_Incidence_Rate_of_at_Least_X_"/>
    <testcase time="0.321000000000012" classname="table_aet04" name="AET04_variant_9_is_produced_correctly_with_a_Difference_in_Incidence_Rate_of_at_Least_X_"/>
    <testcase time="0.778999999999996" classname="table_aet04" name="AET04_variant_9_is_produced_correctly_with_a_Difference_in_Incidence_Rate_of_at_Least_X_"/>
    <testcase time="0.00999999999999091" classname="table_aet04" name="AET04_variant_11_is_produced_correctly_with_Incidence_Rate_of_at_Least_X_all_SOCs_w_o_preferred_terms_removed_"/>
    <testcase time="0.358000000000004" classname="table_aet04" name="AET04_variant_11_is_produced_correctly_with_Incidence_Rate_of_at_Least_X_all_SOCs_w_o_preferred_terms_removed_"/>
    <testcase time="0.814000000000007" classname="table_aet04" name="AET04_variant_11_is_produced_correctly_with_Incidence_Rate_of_at_Least_X_all_SOCs_w_o_preferred_terms_removed_"/>
  </testsuite>
  <testsuite name="table_aet04_pi" timestamp="2024-11-08T21:46:41Z" hostname="eb80eda9f776" tests="18" skipped="0" failures="0" errors="0" time="6.711">
    <testcase time="0.587999999999994" classname="table_aet04_pi" name="AET04_PI_full_table_is_produced_correctly"/>
    <testcase time="0.240000000000009" classname="table_aet04_pi" name="AET04_PI_full_table_is_produced_correctly"/>
    <testcase time="0.616" classname="table_aet04_pi" name="AET04_PI_variant_1_is_produced_correctly"/>
    <testcase time="0.184999999999988" classname="table_aet04_pi" name="AET04_PI_variant_1_is_produced_correctly"/>
    <testcase time="0.617000000000004" classname="table_aet04_pi" name="AET04_PI_variant_2_is_produced_correctly"/>
    <testcase time="0.125" classname="table_aet04_pi" name="AET04_PI_variant_2_is_produced_correctly"/>
    <testcase time="0.606999999999999" classname="table_aet04_pi" name="AET04_PI_variant_3_is_produced_correctly"/>
    <testcase time="0.146000000000001" classname="table_aet04_pi" name="AET04_PI_variant_3_is_produced_correctly"/>
    <testcase time="0.793000000000006" classname="table_aet04_pi" name="AET04_PI_variant_4_is_produced_correctly"/>
    <testcase time="0.0999999999999943" classname="table_aet04_pi" name="AET04_PI_variant_4_is_produced_correctly"/>
    <testcase time="0.551000000000002" classname="table_aet04_pi" name="AET04_PI_variant_5_is_produced_correctly"/>
    <testcase time="0.150999999999996" classname="table_aet04_pi" name="AET04_PI_variant_5_is_produced_correctly"/>
    <testcase time="0.694000000000003" classname="table_aet04_pi" name="AET04_PI_variant_6_is_produced_correctly"/>
    <testcase time="0.152000000000001" classname="table_aet04_pi" name="AET04_PI_variant_6_is_produced_correctly"/>
    <testcase time="0.687999999999988" classname="table_aet04_pi" name="AET04_PI_variant_7_is_produced_correctly"/>
    <testcase time="0.156000000000006" classname="table_aet04_pi" name="AET04_PI_variant_7_is_produced_correctly"/>
    <testcase time="0.171999999999997" classname="table_aet04_pi" name="AET04_PI_variant_8_is_produced_correctly"/>
    <testcase time="0.129999999999995" classname="table_aet04_pi" name="AET04_PI_variant_8_is_produced_correctly"/>
  </testsuite>
  <testsuite name="table_aet05" timestamp="2024-11-08T21:46:47Z" hostname="eb80eda9f776" tests="4" skipped="0" failures="0" errors="0" time="0.284">
    <testcase time="0.0820000000000078" classname="table_aet05" name="AET05_variant_1_is_produced_correctly"/>
    <testcase time="0.0679999999999978" classname="table_aet05" name="AET05_variant_1_is_produced_correctly"/>
    <testcase time="0.0559999999999974" classname="table_aet05" name="AET05_variant_2_is_produced_correctly"/>
    <testcase time="0.078000000000003" classname="table_aet05" name="AET05_variant_2_is_produced_correctly"/>
  </testsuite>
  <testsuite name="table_aet05_all" timestamp="2024-11-08T21:46:48Z" hostname="eb80eda9f776" tests="4" skipped="0" failures="0" errors="0" time="0.298">
    <testcase time="0.103999999999999" classname="table_aet05_all" name="AET05_ALL_variant_1_is_produced_correctly"/>
    <testcase time="0.0739999999999981" classname="table_aet05_all" name="AET05_ALL_variant_1_is_produced_correctly"/>
    <testcase time="0.0589999999999975" classname="table_aet05_all" name="AET05_ALL_variant_2_is_produced_correctly"/>
    <testcase time="0.061000000000007" classname="table_aet05_all" name="AET05_ALL_variant_2_is_produced_correctly"/>
  </testsuite>
  <testsuite name="table_aet06" timestamp="2024-11-08T21:46:48Z" hostname="eb80eda9f776" tests="6" skipped="0" failures="0" errors="0" time="3.725">
    <testcase time="0.578999999999994" classname="table_aet06" name="AET06_variant_1_is_produced_correctly"/>
    <testcase time="0.221000000000004" classname="table_aet06" name="AET06_variant_1_is_produced_correctly"/>
    <testcase time="0.959000000000003" classname="table_aet06" name="AET06_variant_3_is_produced_correctly"/>
    <testcase time="0.331999999999994" classname="table_aet06" name="AET06_variant_3_is_produced_correctly"/>
    <testcase time="1.23999999999999" classname="table_aet06" name="AET06_variant_5_is_produced_correctly"/>
    <testcase time="0.394000000000005" classname="table_aet06" name="AET06_variant_5_is_produced_correctly"/>
  </testsuite>
  <testsuite name="table_aet06_smq" timestamp="2024-11-08T21:46:52Z" hostname="eb80eda9f776" tests="4" skipped="0" failures="0" errors="0" time="1.031">
    <testcase time="0.355000000000004" classname="table_aet06_smq" name="AET06_SMQ_variant_1_is_produced_correctly"/>
    <testcase time="0.149999999999991" classname="table_aet06_smq" name="AET06_SMQ_variant_1_is_produced_correctly"/>
    <testcase time="0.374000000000009" classname="table_aet06_smq" name="AET06_SMQ_variant_2_is_produced_correctly"/>
    <testcase time="0.152000000000001" classname="table_aet06_smq" name="AET06_SMQ_variant_2_is_produced_correctly"/>
  </testsuite>
  <testsuite name="table_aet07" timestamp="2024-11-08T21:46:53Z" hostname="eb80eda9f776" tests="4" skipped="0" failures="0" errors="0" time="0.211">
    <testcase time="0.0569999999999879" classname="table_aet07" name="AET07_variant_1_is_produced_correctly"/>
    <testcase time="0.0580000000000069" classname="table_aet07" name="AET07_variant_1_is_produced_correctly"/>
    <testcase time="0.0510000000000019" classname="table_aet07" name="AET07_variant_2_is_produced_correctly"/>
    <testcase time="0.0450000000000017" classname="table_aet07" name="AET07_variant_2_is_produced_correctly"/>
  </testsuite>
  <testsuite name="table_aet09" timestamp="2024-11-08T21:46:53Z" hostname="eb80eda9f776" tests="4" skipped="0" failures="0" errors="0" time="2.029">
    <testcase time="0.566999999999993" classname="table_aet09" name="AET09_variant_1_is_produced_correctly_AE_related_to_study_drug"/>
    <testcase time="0.185000000000002" classname="table_aet09" name="AET09_variant_1_is_produced_correctly_AE_related_to_study_drug"/>
    <testcase time="0.968000000000004" classname="table_aet09" name="AET09_variant_2_is_produced_correctly_AE_related_to_study_drug_including_high_level_terms_"/>
    <testcase time="0.308999999999997" classname="table_aet09" name="AET09_variant_2_is_produced_correctly_AE_related_to_study_drug_including_high_level_terms_"/>
  </testsuite>
  <testsuite name="table_aet09_smq" timestamp="2024-11-08T21:46:55Z" hostname="eb80eda9f776" tests="4" skipped="0" failures="0" errors="0" time="0.518">
    <testcase time="0.131" classname="table_aet09_smq" name="AET09_variant_1_AEs_related_to_study_drug_by_SMQ_is_produced_correctly"/>
    <testcase time="0.0759999999999934" classname="table_aet09_smq" name="AET09_variant_1_AEs_related_to_study_drug_by_SMQ_is_produced_correctly"/>
    <testcase time="0.203000000000003" classname="table_aet09_smq" name="AET09_variant_2_AEs_related_to_study_drug_by_SMQ_with_customized_queries_is_produced_correctly"/>
    <testcase time="0.108000000000004" classname="table_aet09_smq" name="AET09_variant_2_AEs_related_to_study_drug_by_SMQ_with_customized_queries_is_produced_correctly"/>
  </testsuite>
  <testsuite name="table_aet10" timestamp="2024-11-08T21:46:55Z" hostname="eb80eda9f776" tests="2" skipped="0" failures="0" errors="0" time="0.173">
    <testcase time="0.11399999999999" classname="table_aet10" name="AET10_default_variant_is_produced_correctly"/>
    <testcase time="0.0589999999999975" classname="table_aet10" name="AET10_default_variant_is_produced_correctly"/>
  </testsuite>
  <testsuite name="table_aovt01" timestamp="2024-11-08T21:46:56Z" hostname="eb80eda9f776" tests="4" skipped="0" failures="0" errors="0" time="1.22">
    <testcase time="0.368000000000009" classname="table_aovt01" name="AOVT01_variant_with_single_endpoint_is_produced_correctly"/>
    <testcase time="0.0829999999999984" classname="table_aovt01" name="AOVT01_variant_with_single_endpoint_is_produced_correctly"/>
    <testcase time="0.596000000000004" classname="table_aovt01" name="AOVT01_variant_with_multiple_endpoints_is_produced_correctly"/>
    <testcase time="0.173000000000002" classname="table_aovt01" name="AOVT01_variant_with_multiple_endpoints_is_produced_correctly"/>
  </testsuite>
  <testsuite name="table_aovt02" timestamp="2024-11-08T21:46:57Z" hostname="eb80eda9f776" tests="2" skipped="0" failures="0" errors="0" time="0.406">
    <testcase time="0.310999999999993" classname="table_aovt02" name="AOVT02_is_produced_correctly"/>
    <testcase time="0.0949999999999989" classname="table_aovt02" name="AOVT02_is_produced_correctly"/>
  </testsuite>
  <testsuite name="table_aovt03" timestamp="2024-11-08T21:46:57Z" hostname="eb80eda9f776" tests="2" skipped="0" failures="0" errors="0" time="0.92">
    <testcase time="0.733000000000004" classname="table_aovt03" name="AOVT03_is_produced_correctly"/>
    <testcase time="0.186999999999998" classname="table_aovt03" name="AOVT03_is_produced_correctly"/>
  </testsuite>
  <testsuite name="table_cfbt01" timestamp="2024-11-08T21:46:58Z" hostname="eb80eda9f776" tests="2" skipped="0" failures="0" errors="0" time="0.655">
    <testcase time="0.421999999999997" classname="table_cfbt01" name="CFBT01_default_variant_is_produced_correctly"/>
    <testcase time="0.233000000000004" classname="table_cfbt01" name="CFBT01_default_variant_is_produced_correctly"/>
  </testsuite>
  <testsuite name="table_cmht01" timestamp="2024-11-08T21:46:59Z" hostname="eb80eda9f776" tests="4" skipped="0" failures="0" errors="0" time="1.785">
    <testcase time="0.412999999999997" classname="table_cmht01" name="CMHT01_variant_1_is_produced_correctly"/>
    <testcase time="0.106000000000009" classname="table_cmht01" name="CMHT01_variant_1_is_produced_correctly"/>
    <testcase time="0.989999999999995" classname="table_cmht01" name="CMHT01_variant_2_is_produced_correctly"/>
    <testcase time="0.275999999999996" classname="table_cmht01" name="CMHT01_variant_2_is_produced_correctly"/>
  </testsuite>
  <testsuite name="table_cmt01" timestamp="2024-11-08T21:47:01Z" hostname="eb80eda9f776" tests="8" skipped="0" failures="0" errors="0" time="4.075">
    <testcase time="0.680999999999997" classname="table_cmt01" name="CMT01_default_variant_Concomitant_medications_is_produced_correctly"/>
    <testcase time="0.306000000000012" classname="table_cmt01" name="CMT01_default_variant_Concomitant_medications_is_produced_correctly"/>
    <testcase time="0.73599999999999" classname="table_cmt01" name="CMT01_variant_1_prior_medications_is_produced_correctly"/>
    <testcase time="0.338000000000008" classname="table_cmt01" name="CMT01_variant_1_prior_medications_is_produced_correctly"/>
    <testcase time="0.611999999999995" classname="table_cmt01" name="CMT01_variant_3_Concomitant_medications_is_produced_correctly"/>
    <testcase time="0.274000000000001" classname="table_cmt01" name="CMT01_variant_3_Concomitant_medications_is_produced_correctly"/>
    <testcase time="0.849999999999994" classname="table_cmt01" name="CMT01_variant_4_Concomitant_medications_is_produced_correctly"/>
    <testcase time="0.278000000000006" classname="table_cmt01" name="CMT01_variant_4_Concomitant_medications_is_produced_correctly"/>
  </testsuite>
  <testsuite name="table_cmt01a" timestamp="2024-11-08T21:47:05Z" hostname="eb80eda9f776" tests="8" skipped="0" failures="0" errors="0" time="5.303">
    <testcase time="1.206" classname="table_cmt01a" name="CMT01A_variant_1_is_produced_correctly"/>
    <testcase time="0.253" classname="table_cmt01a" name="CMT01A_variant_1_is_produced_correctly"/>
    <testcase time="1.045" classname="table_cmt01a" name="CMT01A_variant_2_is_produced_correctly"/>
    <testcase time="0.248999999999995" classname="table_cmt01a" name="CMT01A_variant_2_is_produced_correctly"/>
    <testcase time="1.059" classname="table_cmt01a" name="CMT01A_variant_3_is_produced_correctly"/>
    <testcase time="0.248999999999995" classname="table_cmt01a" name="CMT01A_variant_3_is_produced_correctly"/>
    <testcase time="1.018" classname="table_cmt01a" name="CMT01A_variant_4_is_produced_correctly"/>
    <testcase time="0.224000000000004" classname="table_cmt01a" name="CMT01A_variant_4_is_produced_correctly"/>
  </testsuite>
  <testsuite name="table_cmt01b" timestamp="2024-11-08T21:47:10Z" hostname="eb80eda9f776" tests="6" skipped="0" failures="0" errors="0" time="5.252">
    <testcase time="1.51300000000001" classname="table_cmt01b" name="CMT01B_variant_1_is_produced_correctly"/>
    <testcase time="0.384999999999991" classname="table_cmt01b" name="CMT01B_variant_1_is_produced_correctly"/>
    <testcase time="1.17100000000001" classname="table_cmt01b" name="CMT01B_variant_2_is_produced_correctly"/>
    <testcase time="0.301000000000002" classname="table_cmt01b" name="CMT01B_variant_2_is_produced_correctly"/>
    <testcase time="1.492" classname="table_cmt01b" name="CMT01B_variant_4_is_produced_correctly"/>
    <testcase time="0.389999999999986" classname="table_cmt01b" name="CMT01B_variant_4_is_produced_correctly"/>
  </testsuite>
  <testsuite name="table_cmt02_pt" timestamp="2024-11-08T21:47:15Z" hostname="eb80eda9f776" tests="2" skipped="0" failures="0" errors="0" time="0.58">
    <testcase time="0.39500000000001" classname="table_cmt02_pt" name="CMT02_PT_default_variant_is_produced_correctly"/>
    <testcase time="0.185000000000002" classname="table_cmt02_pt" name="CMT02_PT_default_variant_is_produced_correctly"/>
  </testsuite>
  <testsuite name="table_coxt01" timestamp="2024-11-08T21:47:16Z" hostname="eb80eda9f776" tests="8" skipped="0" failures="0" errors="0" time="1.738">
    <testcase time="0.274000000000001" classname="table_coxt01" name="1._Cox_Regression"/>
    <testcase time="0.0739999999999981" classname="table_coxt01" name="1._Cox_Regression"/>
    <testcase time="0.345999999999989" classname="table_coxt01" name="2._Cox_Regression_with_Interaction_Term_"/>
    <testcase time="0.111000000000004" classname="table_coxt01" name="2._Cox_Regression_with_Interaction_Term_"/>
    <testcase time="0.349000000000004" classname="table_coxt01" name="3._Cox_Regression_specifying_covariates_"/>
    <testcase time="0.117999999999995" classname="table_coxt01" name="3._Cox_Regression_specifying_covariates_"/>
    <testcase time="0.347999999999999" classname="table_coxt01" name="4._Cox_Regression_setting_strata_ties_and_alpha_level_"/>
    <testcase time="0.118000000000009" classname="table_coxt01" name="4._Cox_Regression_setting_strata_ties_and_alpha_level_"/>
  </testsuite>
  <testsuite name="table_coxt02" timestamp="2024-11-08T21:47:18Z" hostname="eb80eda9f776" tests="4" skipped="0" failures="0" errors="0" time="0.69">
    <testcase time="0.284999999999997" classname="table_coxt02" name="COXT02_default_variant_1_is_produced_correctly"/>
    <testcase time="0.0750000000000028" classname="table_coxt02" name="COXT02_default_variant_1_is_produced_correctly"/>
    <testcase time="0.259" classname="table_coxt02" name="COXT02_variant_5_is_produced_correctly"/>
    <testcase time="0.070999999999998" classname="table_coxt02" name="COXT02_variant_5_is_produced_correctly"/>
  </testsuite>
  <testsuite name="table_disclosures" timestamp="2024-11-08T21:47:18Z" hostname="eb80eda9f776" tests="12" skipped="0" failures="0" errors="0" time="1.921">
    <testcase time="0.186999999999998" classname="table_disclosures" name="Patient_Disposition_table_is_produced_correctly"/>
    <testcase time="0.0889999999999986" classname="table_disclosures" name="Patient_Disposition_table_is_produced_correctly"/>
    <testcase time="0.201000000000008" classname="table_disclosures" name="Demographic_table_is_produced_correctly"/>
    <testcase time="0.158999999999992" classname="table_disclosures" name="Demographic_table_is_produced_correctly"/>
    <testcase time="0.0880000000000081" classname="table_disclosures" name="Enrollment_by_Country_Table_is_produced_correctly"/>
    <testcase time="0.106999999999999" classname="table_disclosures" name="Enrollment_by_Country_Table_is_produced_correctly"/>
    <testcase time="0.0759999999999934" classname="table_disclosures" name="Death_table_is_produced_correctly"/>
    <testcase time="0.0570000000000022" classname="table_disclosures" name="Death_table_is_produced_correctly"/>
    <testcase time="0.320999999999998" classname="table_disclosures" name="Table_of_Serious_Adverse_Events_is_produced_correctly_for_one_specific_treatment_arm_"/>
    <testcase time="0.0919999999999987" classname="table_disclosures" name="Table_of_Serious_Adverse_Events_is_produced_correctly_for_one_specific_treatment_arm_"/>
    <testcase time="0.417000000000002" classname="table_disclosures" name="Table_of_Non_Serious_Adverse_Events_is_produced_correctly"/>
    <testcase time="0.126999999999995" classname="table_disclosures" name="Table_of_Non_Serious_Adverse_Events_is_produced_correctly"/>
  </testsuite>
  <testsuite name="table_dmt01" timestamp="2024-11-08T21:47:21Z" hostname="eb80eda9f776" tests="10" skipped="0" failures="0" errors="0" time="2.676">
    <testcase time="1.11200000000001" classname="table_dmt01" name="DMT01_variant_1_is_produced_correctly"/>
    <testcase time="0.167000000000002" classname="table_dmt01" name="DMT01_variant_1_is_produced_correctly"/>
    <testcase time="0.207999999999998" classname="table_dmt01" name="DMT01_variant_2_is_produced_correctly"/>
    <testcase time="0.168999999999997" classname="table_dmt01" name="DMT01_variant_2_is_produced_correctly"/>
    <testcase time="0.242000000000004" classname="table_dmt01" name="DMT01_variant_3_is_produced_correctly"/>
    <testcase time="0.173000000000002" classname="table_dmt01" name="DMT01_variant_3_is_produced_correctly"/>
    <testcase time="0.182999999999993" classname="table_dmt01" name="DMT01_variant_4_is_produced_correctly"/>
    <testcase time="0.140000000000001" classname="table_dmt01" name="DMT01_variant_4_is_produced_correctly"/>
    <testcase time="0.161000000000001" classname="table_dmt01" name="DMT01_variant_5_is_produced_correctly"/>
    <testcase time="0.120999999999995" classname="table_dmt01" name="DMT01_variant_5_is_produced_correctly"/>
  </testsuite>
  <testsuite name="table_dort01" timestamp="2024-11-08T21:47:23Z" hostname="eb80eda9f776" tests="8" skipped="0" failures="0" errors="0" time="1.519">
    <testcase time="0.278999999999996" classname="table_dort01" name="DORT01_variant_1_is_produced_correctly"/>
    <testcase time="0.116000000000014" classname="table_dort01" name="DORT01_variant_1_is_produced_correctly"/>
    <testcase time="0.281999999999996" classname="table_dort01" name="DORT01_variant_2_selecting_sectons_is_produced_correctly"/>
    <testcase time="0.132999999999996" classname="table_dort01" name="DORT01_variant_2_selecting_sectons_is_produced_correctly"/>
    <testcase time="0.242000000000004" classname="table_dort01" name="DORT01_variant_3_modifying_conftype_and_alpha_level_is_produced_correctly"/>
    <testcase time="0.114999999999995" classname="table_dort01" name="DORT01_variant_3_modifying_conftype_and_alpha_level_is_produced_correctly"/>
    <testcase time="0.253" classname="table_dort01" name="DORT01_variant_4_modifying_time_point_for_the_xx_duration_is_produced_correctly"/>
    <testcase time="0.0990000000000038" classname="table_dort01" name="DORT01_variant_4_modifying_time_point_for_the_xx_duration_is_produced_correctly"/>
  </testsuite>
  <testsuite name="table_dst01" timestamp="2024-11-08T21:47:24Z" hostname="eb80eda9f776" tests="6" skipped="0" failures="0" errors="0" time="0.748">
    <testcase time="0.143000000000001" classname="table_dst01" name="DST01_default_variant_is_produced_correctly"/>
    <testcase time="0.0930000000000035" classname="table_dst01" name="DST01_default_variant_is_produced_correctly"/>
    <testcase time="0.211999999999989" classname="table_dst01" name="DST01_variants_2_and_3_are_produced_correctly"/>
    <testcase time="0.114000000000004" classname="table_dst01" name="DST01_variants_2_and_3_are_produced_correctly"/>
    <testcase time="0.0729999999999933" classname="table_dst01" name="DST01_variants_2_and_3_are_produced_correctly"/>
    <testcase time="0.113000000000014" classname="table_dst01" name="DST01_variants_2_and_3_are_produced_correctly"/>
  </testsuite>
  <testsuite name="table_dtht01" timestamp="2024-11-08T21:47:25Z" hostname="eb80eda9f776" tests="8" skipped="0" failures="0" errors="0" time="1.157">
    <testcase time="0.129999999999995" classname="table_dtht01" name="DTHT01_variant_1_is_produced_correctly"/>
    <testcase time="0.0750000000000028" classname="table_dtht01" name="DTHT01_variant_1_is_produced_correctly"/>
    <testcase time="0.24799999999999" classname="table_dtht01" name="DTHT01_variant_2_is_produced_correctly"/>
    <testcase time="0.164000000000001" classname="table_dtht01" name="DTHT01_variant_2_is_produced_correctly"/>
    <testcase time="0.161000000000001" classname="table_dtht01" name="DTHT01_variant_3_is_produced_correctly"/>
    <testcase time="0.085000000000008" classname="table_dtht01" name="DTHT01_variant_3_is_produced_correctly"/>
    <testcase time="0.192999999999998" classname="table_dtht01" name="DTHT01_variant_4_is_produced_correctly"/>
    <testcase time="0.100999999999999" classname="table_dtht01" name="DTHT01_variant_4_is_produced_correctly"/>
  </testsuite>
  <testsuite name="table_egt01" timestamp="2024-11-08T21:47:27Z" hostname="eb80eda9f776" tests="2" skipped="0" failures="0" errors="0" time="3.241">
    <testcase time="2.52000000000001" classname="table_egt01" name="EGT01_default_variant_is_produced_correctly"/>
    <testcase time="0.720999999999989" classname="table_egt01" name="EGT01_default_variant_is_produced_correctly"/>
  </testsuite>
  <testsuite name="table_egt02" timestamp="2024-11-08T21:47:31Z" hostname="eb80eda9f776" tests="4" skipped="0" failures="0" errors="0" time="1.662">
    <testcase time="1.27000000000001" classname="table_egt02" name="_EGT02_1._Regardless_of_Abnormality_at_Baseline"/>
    <testcase time="0.0789999999999935" classname="table_egt02" name="_EGT02_1._Regardless_of_Abnormality_at_Baseline"/>
    <testcase time="0.234999999999999" classname="table_egt02" name="_EGT02_2._Among_Subjects_Without_Abnormality_at_Baseline"/>
    <testcase time="0.078000000000003" classname="table_egt02" name="_EGT02_2._Among_Subjects_Without_Abnormality_at_Baseline"/>
  </testsuite>
  <testsuite name="table_egt03" timestamp="2024-11-08T21:47:31Z" hostname="eb80eda9f776" tests="8" skipped="0" failures="0" errors="0" time="1.386">
    <testcase time="0.439999999999998" classname="table_egt03" name="EGT03_variant_1_is_produced_correctly"/>
    <testcase time="0.118000000000009" classname="table_egt03" name="EGT03_variant_1_is_produced_correctly"/>
    <testcase time="0.11699999999999" classname="table_egt03" name="EGT03_variant_2_is_produced_correctly"/>
    <testcase time="0.0829999999999984" classname="table_egt03" name="EGT03_variant_2_is_produced_correctly"/>
    <testcase time="0.191000000000003" classname="table_egt03" name="EGT03_variant_3_is_produced_correctly"/>
    <testcase time="0.119" classname="table_egt03" name="EGT03_variant_3_is_produced_correctly"/>
    <testcase time="0.191000000000003" classname="table_egt03" name="EGT03_variant_4_is_produced_correctly"/>
    <testcase time="0.126999999999995" classname="table_egt03" name="EGT03_variant_4_is_produced_correctly"/>
  </testsuite>
  <testsuite name="table_egt04" timestamp="2024-11-08T21:47:34Z" hostname="eb80eda9f776" tests="2" skipped="0" failures="0" errors="0" time="1.462">
    <testcase time="1.375" classname="table_egt04" name="EGT04_default_variant_is_produced_correctly"/>
    <testcase time="0.0870000000000033" classname="table_egt04" name="EGT04_default_variant_is_produced_correctly"/>
  </testsuite>
  <testsuite name="table_egt05_qtcat" timestamp="2024-11-08T21:47:35Z" hostname="eb80eda9f776" tests="2" skipped="0" failures="0" errors="0" time="2.017">
    <testcase time="1.602" classname="table_egt05_qtcat" name="EGT05_QTCAT_default_variant_is_produced_correctly"/>
    <testcase time="0.414999999999992" classname="table_egt05_qtcat" name="EGT05_QTCAT_default_variant_is_produced_correctly"/>
  </testsuite>
  <testsuite name="table_ent" timestamp="2024-11-08T21:47:36Z" hostname="eb80eda9f776" tests="8" skipped="0" failures="0" errors="0" time="12.911">
    <testcase time="3.355" classname="table_ent" name="ENT01_IT_is_produced_correctly"/>
    <testcase time="0.528999999999996" classname="table_ent" name="ENT01_IT_is_produced_correctly"/>
    <testcase time="2.06399999999999" classname="table_ent" name="ENT01a_IT_is_produced_correctly"/>
    <testcase time="0.51600000000002" classname="table_ent" name="ENT01a_IT_is_produced_correctly"/>
    <testcase time="3.19899999999998" classname="table_ent" name="ENT02_IT_is_produced_correctly"/>
    <testcase time="0.591000000000008" classname="table_ent" name="ENT02_IT_is_produced_correctly"/>
    <testcase time="2.12899999999999" classname="table_ent" name="ENT02a_IT_is_produced_correctly"/>
    <testcase time="0.52800000000002" classname="table_ent" name="ENT02a_IT_is_produced_correctly"/>
  </testsuite>
  <testsuite name="table_eudrat01" timestamp="2024-11-08T21:47:49Z" hostname="eb80eda9f776" tests="2" skipped="0" failures="0" errors="0" time="0.581">
    <testcase time="0.459000000000003" classname="table_eudrat01" name="EUDRAT01_is_produced_correctly"/>
    <testcase time="0.121999999999986" classname="table_eudrat01" name="EUDRAT01_is_produced_correctly"/>
  </testsuite>
  <testsuite name="table_eudrat02" timestamp="2024-11-08T21:47:50Z" hostname="eb80eda9f776" tests="2" skipped="0" failures="0" errors="0" time="0.463">
    <testcase time="0.367999999999995" classname="table_eudrat02" name="EUDRAT02_is_produced_correctly"/>
    <testcase time="0.0949999999999989" classname="table_eudrat02" name="EUDRAT02_is_produced_correctly"/>
  </testsuite>
  <testsuite name="table_ext01" timestamp="2024-11-08T21:47:50Z" hostname="eb80eda9f776" tests="6" skipped="0" failures="0" errors="0" time="1.563">
    <testcase time="0.373000000000019" classname="table_ext01" name="EXT01_default_variant_with_numeric_parameters_is_produced_correctly"/>
    <testcase time="0.150999999999982" classname="table_ext01" name="EXT01_default_variant_with_numeric_parameters_is_produced_correctly"/>
    <testcase time="0.26600000000002" classname="table_ext01" name="EXT01_variant_with_both_numeric_and_categorical_parameters"/>
    <testcase time="0.206999999999994" classname="table_ext01" name="EXT01_variant_with_both_numeric_and_categorical_parameters"/>
    <testcase time="0.311999999999983" classname="table_ext01" name="EXT01_variant_with_user_specified_categories_for_missed_doses"/>
    <testcase time="0.254000000000019" classname="table_ext01" name="EXT01_variant_with_user_specified_categories_for_missed_doses"/>
  </testsuite>
  <testsuite name="table_lbt01" timestamp="2024-11-08T21:47:52Z" hostname="eb80eda9f776" tests="2" skipped="0" failures="0" errors="0" time="2.013">
    <testcase time="1.518" classname="table_lbt01" name="LBT01_default_variant_is_produced_correctly"/>
    <testcase time="0.495000000000005" classname="table_lbt01" name="LBT01_default_variant_is_produced_correctly"/>
  </testsuite>
  <testsuite name="table_lbt02" timestamp="2024-11-08T21:47:54Z" hostname="eb80eda9f776" tests="2" skipped="0" failures="0" errors="0" time="1.343">
    <testcase time="0.820999999999998" classname="table_lbt02" name="LBT02_default_variant_is_produced_correctly"/>
    <testcase time="0.521999999999991" classname="table_lbt02" name="LBT02_default_variant_is_produced_correctly"/>
  </testsuite>
  <testsuite name="table_lbt03" timestamp="2024-11-08T21:47:55Z" hostname="eb80eda9f776" tests="2" skipped="0" failures="0" errors="0" time="0.259">
    <testcase time="0.145999999999987" classname="table_lbt03" name="LBT03_default_variant_is_produced_correctly"/>
    <testcase time="0.113" classname="table_lbt03" name="LBT03_default_variant_is_produced_correctly"/>
  </testsuite>
  <testsuite name="table_lbt04" timestamp="2024-11-08T21:47:56Z" hostname="eb80eda9f776" tests="2" skipped="0" failures="0" errors="0" time="1.327">
    <testcase time="1.11800000000002" classname="table_lbt04" name="LBT04_default_variant_is_produced_correctly"/>
    <testcase time="0.208999999999975" classname="table_lbt04" name="LBT04_default_variant_is_produced_correctly"/>
  </testsuite>
  <testsuite name="table_lbt05" timestamp="2024-11-08T21:47:57Z" hostname="eb80eda9f776" tests="6" skipped="0" failures="0" errors="0" time="6.681">
    <testcase time="2.22500000000002" classname="table_lbt05" name="LBT05_variant_1_is_produced_correctly"/>
    <testcase time="0.36699999999999" classname="table_lbt05" name="LBT05_variant_1_is_produced_correctly"/>
    <testcase time="1.36799999999999" classname="table_lbt05" name="LBT05_variant_2_is_produced_correctly"/>
    <testcase time="0.488" classname="table_lbt05" name="LBT05_variant_2_is_produced_correctly"/>
    <testcase time="1.88900000000001" classname="table_lbt05" name="LBT05_variant_4_is_produced_correctly"/>
    <testcase time="0.343999999999994" classname="table_lbt05" name="LBT05_variant_4_is_produced_correctly"/>
  </testsuite>
  <testsuite name="table_lbt06" timestamp="2024-11-08T21:48:03Z" hostname="eb80eda9f776" tests="2" skipped="0" failures="0" errors="0" time="0.486">
    <testcase time="0.318999999999988" classname="table_lbt06" name="LBT06_default_variant_is_produced_correctly"/>
    <testcase time="0.167000000000002" classname="table_lbt06" name="LBT06_default_variant_is_produced_correctly"/>
  </testsuite>
  <testsuite name="table_lbt07" timestamp="2024-11-08T21:48:04Z" hostname="eb80eda9f776" tests="2" skipped="0" failures="0" errors="0" time="2.233">
    <testcase time="1.958" classname="table_lbt07" name="LBT07_is_produced_correctly"/>
    <testcase time="0.275000000000006" classname="table_lbt07" name="LBT07_is_produced_correctly"/>
  </testsuite>
  <testsuite name="table_lbt08" timestamp="2024-11-08T21:48:06Z" hostname="eb80eda9f776" tests="2" skipped="0" failures="0" errors="0" time="0.376">
    <testcase time="0.254999999999995" classname="table_lbt08" name="LBT08_produce_correctly"/>
    <testcase time="0.121000000000009" classname="table_lbt08" name="LBT08_produce_correctly"/>
  </testsuite>
  <testsuite name="table_lbt09" timestamp="2024-11-08T21:48:06Z" hostname="eb80eda9f776" tests="4" skipped="0" failures="0" errors="0" time="0.905">
    <testcase time="0.304000000000002" classname="table_lbt09" name="LBT09_variant_1_works_as_expected"/>
    <testcase time="0.163999999999987" classname="table_lbt09" name="LBT09_variant_1_works_as_expected"/>
    <testcase time="0.27800000000002" classname="table_lbt09" name="LBT09_variant_2_works_as_expected"/>
    <testcase time="0.158999999999992" classname="table_lbt09" name="LBT09_variant_2_works_as_expected"/>
  </testsuite>
  <testsuite name="table_lbt10" timestamp="2024-11-08T21:48:07Z" hostname="eb80eda9f776" tests="4" skipped="0" failures="0" errors="0" time="1.217">
    <testcase time="0.695999999999998" classname="table_lbt10" name="LBT10_variant_1_works_as_expected"/>
    <testcase time="0.0819999999999936" classname="table_lbt10" name="LBT10_variant_1_works_as_expected"/>
    <testcase time="0.378000000000014" classname="table_lbt10" name="LBT10_variant_2_works_as_expected"/>
    <testcase time="0.061000000000007" classname="table_lbt10" name="LBT10_variant_2_works_as_expected"/>
  </testsuite>
  <testsuite name="table_lbt10_bl" timestamp="2024-11-08T21:48:08Z" hostname="eb80eda9f776" tests="4" skipped="0" failures="0" errors="0" time="0.494">
    <testcase time="0.236999999999995" classname="table_lbt10_bl" name="LBT10_BL_variant_1_works_as_expected"/>
    <testcase time="0.070999999999998" classname="table_lbt10_bl" name="LBT10_BL_variant_1_works_as_expected"/>
    <testcase time="0.125" classname="table_lbt10_bl" name="LBT10_BL_variant_2_works_as_expected"/>
    <testcase time="0.061000000000007" classname="table_lbt10_bl" name="LBT10_BL_variant_2_works_as_expected"/>
  </testsuite>
  <testsuite name="table_lbt11" timestamp="2024-11-08T21:48:09Z" hostname="eb80eda9f776" tests="6" skipped="0" failures="0" errors="0" time="0.723">
    <testcase time="0.181999999999988" classname="table_lbt11" name="LBT11_variant_1_works_as_expected"/>
    <testcase time="0.0939999999999941" classname="table_lbt11" name="LBT11_variant_1_works_as_expected"/>
    <testcase time="0.0970000000000084" classname="table_lbt11" name="LBT11_variant_2_works_as_expected"/>
    <testcase time="0.0799999999999841" classname="table_lbt11" name="LBT11_variant_2_works_as_expected"/>
    <testcase time="0.161000000000001" classname="table_lbt11" name="LBT11_variant_3_works_as_expected"/>
    <testcase time="0.109000000000009" classname="table_lbt11" name="LBT11_variant_3_works_as_expected"/>
  </testsuite>
  <testsuite name="table_lbt11_bl" timestamp="2024-11-08T21:48:10Z" hostname="eb80eda9f776" tests="6" skipped="0" failures="0" errors="0" time="0.796">
    <testcase time="0.200000000000017" classname="table_lbt11_bl" name="LBT11_BL_variant_1_works_as_expected"/>
    <testcase time="0.0959999999999752" classname="table_lbt11_bl" name="LBT11_BL_variant_1_works_as_expected"/>
    <testcase time="0.110000000000014" classname="table_lbt11_bl" name="LBT11_BL_variant_2_works_as_expected"/>
    <testcase time="0.0799999999999841" classname="table_lbt11_bl" name="LBT11_BL_variant_2_works_as_expected"/>
    <testcase time="0.200000000000017" classname="table_lbt11_bl" name="LBT11_BL_variant_3_works_as_expected"/>
    <testcase time="0.109999999999985" classname="table_lbt11_bl" name="LBT11_BL_variant_3_works_as_expected"/>
  </testsuite>
  <testsuite name="table_lbt12" timestamp="2024-11-08T21:48:10Z" hostname="eb80eda9f776" tests="2" skipped="0" failures="0" errors="0" time="0.385">
    <testcase time="0.29000000000002" classname="table_lbt12" name="LBT12_works_as_expected"/>
    <testcase time="0.0949999999999989" classname="table_lbt12" name="LBT12_works_as_expected"/>
  </testsuite>
  <testsuite name="table_lbt12_bl" timestamp="2024-11-08T21:48:11Z" hostname="eb80eda9f776" tests="2" skipped="0" failures="0" errors="0" time="0.364">
    <testcase time="0.287000000000006" classname="table_lbt12_bl" name="LBT12_BL_works_as_expected"/>
    <testcase time="0.0769999999999982" classname="table_lbt12_bl" name="LBT12_BL_works_as_expected"/>
  </testsuite>
  <testsuite name="table_lbt13" timestamp="2024-11-08T21:48:12Z" hostname="eb80eda9f776" tests="10" skipped="0" failures="0" errors="0" time="2.316">
    <testcase time="0.83499999999998" classname="table_lbt13" name="LBT13_variant_1_LOW_works_as_expected"/>
    <testcase time="0.0970000000000084" classname="table_lbt13" name="LBT13_variant_1_LOW_works_as_expected"/>
    <testcase time="0.137" classname="table_lbt13" name="LBT13_variant_2_HIGH_works_as_expected"/>
    <testcase time="0.0749999999999886" classname="table_lbt13" name="LBT13_variant_2_HIGH_works_as_expected"/>
    <testcase time="0.235000000000014" classname="table_lbt13" name="LBT13_variant_3_LOW_without_baseline_missing_works_as_expected"/>
    <testcase time="0.0859999999999843" classname="table_lbt13" name="LBT13_variant_3_LOW_without_baseline_missing_works_as_expected"/>
    <testcase time="0.148000000000025" classname="table_lbt13" name="LBT13_variant_4_HIGH_with_missing_baseline_considered_as_grade_0_works_as_expected"/>
    <testcase time="0.0629999999999882" classname="table_lbt13" name="LBT13_variant_4_HIGH_with_missing_baseline_considered_as_grade_0_works_as_expected"/>
    <testcase time="0.418000000000006" classname="table_lbt13" name="LBT14_variant_5_HIGH_with_filled_in_grades_works_as_expected"/>
    <testcase time="0.22199999999998" classname="table_lbt13" name="LBT14_variant_5_HIGH_with_filled_in_grades_works_as_expected"/>
  </testsuite>
  <testsuite name="table_lbt14" timestamp="2024-11-08T21:48:14Z" hostname="eb80eda9f776" tests="10" skipped="0" failures="0" errors="0" time="28.762">
    <testcase time="5.816" classname="table_lbt14" name="LBT14_variant_1_HIGH_works_as_expected"/>
    <testcase time="0.462000000000018" classname="table_lbt14" name="LBT14_variant_1_HIGH_works_as_expected"/>
    <testcase time="5.215" classname="table_lbt14" name="LBT14_variant_2_LOW_works_as_expected"/>
    <testcase time="0.326999999999998" classname="table_lbt14" name="LBT14_variant_2_LOW_works_as_expected"/>
    <testcase time="3.46099999999998" classname="table_lbt14" name="LBT14_variant_3_LOW_without_baseline_missing_works_as_expected"/>
    <testcase time="0.415999999999997" classname="table_lbt14" name="LBT14_variant_3_LOW_without_baseline_missing_works_as_expected"/>
    <testcase time="5.14400000000001" classname="table_lbt14" name="LBT14_variant_4_LOW_and_force_1_missing_both_baseline_and_post_baseline_then_force_the_missing_baseline_as_0_as_expected"/>
    <testcase time="0.236000000000018" classname="table_lbt14" name="LBT14_variant_4_LOW_and_force_1_missing_both_baseline_and_post_baseline_then_force_the_missing_baseline_as_0_as_expected"/>
    <testcase time="5.03199999999998" classname="table_lbt14" name="LBT14_variant_5_HIGH_with_fillings_works_as_expected"/>
    <testcase time="2.65299999999999" classname="table_lbt14" name="LBT14_variant_5_HIGH_with_fillings_works_as_expected"/>
  </testsuite>
  <testsuite name="table_lbt15" timestamp="2024-11-08T21:48:42Z" hostname="eb80eda9f776" tests="4" skipped="0" failures="0" errors="0" time="1.476">
    <testcase time="0.591000000000008" classname="table_lbt15" name="LBT15_variant_1_works_as_expected"/>
    <testcase time="0.176999999999992" classname="table_lbt15" name="LBT15_variant_1_works_as_expected"/>
    <testcase time="0.518000000000001" classname="table_lbt15" name="LBT15_variant_2_works_as_expected"/>
    <testcase time="0.190000000000026" classname="table_lbt15" name="LBT15_variant_2_works_as_expected"/>
  </testsuite>
  <testsuite name="table_lgrt02" timestamp="2024-11-08T21:48:44Z" hostname="eb80eda9f776" tests="8" skipped="0" failures="0" errors="0" time="2.812">
    <testcase time="0.509999999999991" classname="table_lgrt02" name="LGRT02_without_interaction_term_is_produced_correctly"/>
    <testcase time="0.153999999999996" classname="table_lgrt02" name="LGRT02_without_interaction_term_is_produced_correctly"/>
    <testcase time="0.574000000000012" classname="table_lgrt02" name="LGRT02_with_categorical_interaction_is_produced_correctly"/>
    <testcase time="0.171999999999997" classname="table_lgrt02" name="LGRT02_with_categorical_interaction_is_produced_correctly"/>
    <testcase time="0.578000000000003" classname="table_lgrt02" name="LGRT02_with_continuous_interaction_is_produced_correctly"/>
    <testcase time="0.176999999999992" classname="table_lgrt02" name="LGRT02_with_continuous_interaction_is_produced_correctly"/>
    <testcase time="0.49799999999999" classname="table_lgrt02" name="LGRT02_with_setting_values_indicating_an_event_and_custom_alpha_level_is_produced_correctly"/>
    <testcase time="0.149000000000001" classname="table_lgrt02" name="LGRT02_with_setting_values_indicating_an_event_and_custom_alpha_level_is_produced_correctly"/>
  </testsuite>
  <testsuite name="table_mht01" timestamp="2024-11-08T21:48:47Z" hostname="eb80eda9f776" tests="8" skipped="0" failures="0" errors="0" time="1.534">
    <testcase time="0.331999999999994" classname="table_mht01" name="MHT01_variant_1_is_produced_accurately"/>
    <testcase time="0.147999999999996" classname="table_mht01" name="MHT01_variant_1_is_produced_accurately"/>
    <testcase time="0.103000000000009" classname="table_mht01" name="MHT01_variant_2_is_produced_accurately"/>
    <testcase time="0.0680000000000121" classname="table_mht01" name="MHT01_variant_2_is_produced_accurately"/>
    <testcase time="0.268000000000001" classname="table_mht01" name="MHT01_variant_3_is_produced_accurately"/>
    <testcase time="0.119999999999976" classname="table_mht01" name="MHT01_variant_3_is_produced_accurately"/>
    <testcase time="0.349000000000018" classname="table_mht01" name="MHT01_variant_5_is_produced_accurately"/>
    <testcase time="0.145999999999987" classname="table_mht01" name="MHT01_variant_5_is_produced_accurately"/>
  </testsuite>
  <testsuite name="table_onct05" timestamp="2024-11-08T21:48:48Z" hostname="eb80eda9f776" tests="8" skipped="0" failures="0" errors="0" time="2.037">
    <testcase time="0.444999999999993" classname="table_onct05" name="ONCT05_variant_1_Objective_Response_Rate_by_Subgroup_is_produced_correctly"/>
    <testcase time="0.135000000000019" classname="table_onct05" name="ONCT05_variant_1_Objective_Response_Rate_by_Subgroup_is_produced_correctly"/>
    <testcase time="0.461999999999989" classname="table_onct05" name="ONCT05_variant_2_Specifying_class_variables_is_produced_correctly"/>
    <testcase time="0.121000000000009" classname="table_onct05" name="ONCT05_variant_2_Specifying_class_variables_is_produced_correctly"/>
    <testcase time="0.211999999999989" classname="table_onct05" name="ONCT05_variant_3_selecting_columns_and_changing_the_alpha_level_is_produced_correctly"/>
    <testcase time="0.0949999999999989" classname="table_onct05" name="ONCT05_variant_3_selecting_columns_and_changing_the_alpha_level_is_produced_correctly"/>
    <testcase time="0.439000000000021" classname="table_onct05" name="ONCT05_variant_4_setting_values_indicating_response_is_produced_correctly"/>
    <testcase time="0.127999999999986" classname="table_onct05" name="ONCT05_variant_4_setting_values_indicating_response_is_produced_correctly"/>
  </testsuite>
  <testsuite name="table_pdt01" timestamp="2024-11-08T21:48:50Z" hostname="eb80eda9f776" tests="2" skipped="0" failures="0" errors="0" time="0.433">
    <testcase time="0.266999999999996" classname="table_pdt01" name="PDT01_is_produced_correctly"/>
    <testcase time="0.165999999999997" classname="table_pdt01" name="PDT01_is_produced_correctly"/>
  </testsuite>
  <testsuite name="table_pdt02" timestamp="2024-11-08T21:48:51Z" hostname="eb80eda9f776" tests="2" skipped="0" failures="0" errors="0" time="0.248">
    <testcase time="0.165999999999997" classname="table_pdt02" name="PDT02_is_produced_correctly"/>
    <testcase time="0.0820000000000221" classname="table_pdt02" name="PDT02_is_produced_correctly"/>
  </testsuite>
  <testsuite name="table_pkct01" timestamp="2024-11-08T21:48:51Z" hostname="eb80eda9f776" tests="10" skipped="0" failures="0" errors="0" time="3.236">
    <testcase time="0.278999999999996" classname="table_pkct01" name="PKCT01_is_produced_correctly"/>
    <testcase time="0.0879999999999939" classname="table_pkct01" name="PKCT01_is_produced_correctly"/>
    <testcase time="0.140999999999991" classname="table_pkct01" name="PKCT01_is_produced_correctly"/>
    <testcase time="0.0560000000000116" classname="table_pkct01" name="PKCT01_is_produced_correctly"/>
    <testcase time="0.949999999999989" classname="table_pkct01" name="Specific_PKCT01_features_are_present"/>
    <testcase time="0.229000000000013" classname="table_pkct01" name="Specific_PKCT01_features_are_present"/>
    <testcase time="0.203000000000003" classname="table_pkct01" name="Specific_PKCT01_features_are_present"/>
    <testcase time="0.0029999999999859" classname="table_pkct01" name="Specific_PKCT01_features_are_present"/>
    <testcase time="0.721000000000004" classname="table_pkct01" name="Specific_PKCT01_features_are_present"/>
    <testcase time="0.566000000000003" classname="table_pkct01" name="Specific_PKCT01_features_are_present"/>
  </testsuite>
  <testsuite name="table_pkpt02" timestamp="2024-11-08T21:48:54Z" hostname="eb80eda9f776" tests="2" skipped="0" failures="0" errors="0" time="0.571">
    <testcase time="0.335000000000008" classname="table_pkpt02" name="PKPT02_is_produced_correctly_for_Drug_X"/>
    <testcase time="0.23599999999999" classname="table_pkpt02" name="PKPT02_is_produced_correctly_for_Drug_X"/>
  </testsuite>
  <testsuite name="table_pkpt03" timestamp="2024-11-08T21:48:55Z" hostname="eb80eda9f776" tests="2" skipped="0" failures="0" errors="0" time="1.157">
    <testcase time="0.954000000000008" classname="table_pkpt03" name="PKPT03_Drug_X_is_produced_correctly"/>
    <testcase time="0.203000000000003" classname="table_pkpt03" name="PKPT03_Drug_X_is_produced_correctly"/>
  </testsuite>
  <testsuite name="table_pkpt04" timestamp="2024-11-08T21:48:56Z" hostname="eb80eda9f776" tests="2" skipped="0" failures="0" errors="0" time="0.212">
    <testcase time="0.0999999999999943" classname="table_pkpt04" name="PKPT04_is_produced_correctly_for_Drug_X"/>
    <testcase time="0.111999999999995" classname="table_pkpt04" name="PKPT04_is_produced_correctly_for_Drug_X"/>
  </testsuite>
  <testsuite name="table_pkpt05" timestamp="2024-11-08T21:48:56Z" hostname="eb80eda9f776" tests="2" skipped="0" failures="0" errors="0" time="0.41">
    <testcase time="0.300999999999988" classname="table_pkpt05" name="PKPT05_Drug_X_is_produced_correctly"/>
    <testcase time="0.109000000000009" classname="table_pkpt05" name="PKPT05_Drug_X_is_produced_correctly"/>
  </testsuite>
  <testsuite name="table_pkpt06" timestamp="2024-11-08T21:48:56Z" hostname="eb80eda9f776" tests="4" skipped="0" failures="0" errors="0" time="0.316">
    <testcase time="0.108000000000004" classname="table_pkpt06" name="PKPT06_is_produced_correctly_for_Drug_X"/>
    <testcase time="0.0629999999999882" classname="table_pkpt06" name="PKPT06_is_produced_correctly_for_Drug_X"/>
    <testcase time="0.0520000000000209" classname="table_pkpt06" name="PKPT06_is_produced_correctly_for_Drug_Y"/>
    <testcase time="0.0929999999999893" classname="table_pkpt06" name="PKPT06_is_produced_correctly_for_Drug_Y"/>
  </testsuite>
  <testsuite name="table_pkpt07" timestamp="2024-11-08T21:48:57Z" hostname="eb80eda9f776" tests="4" skipped="0" failures="0" errors="0" time="0.552">
    <testcase time="0.217999999999989" classname="table_pkpt07" name="PKPT07_Drug_X_is_produced_correctly"/>
    <testcase time="0.109000000000009" classname="table_pkpt07" name="PKPT07_Drug_X_is_produced_correctly"/>
    <testcase time="0.12700000000001" classname="table_pkpt07" name="PKPT07_Drug_Y_is_produced_correctly"/>
    <testcase time="0.0979999999999848" classname="table_pkpt07" name="PKPT07_Drug_Y_is_produced_correctly"/>
  </testsuite>
  <testsuite name="table_ratet01" timestamp="2024-11-08T21:48:57Z" hostname="eb80eda9f776" tests="2" skipped="0" failures="0" errors="0" time="0.722">
    <testcase time="0.574000000000012" classname="table_ratet01" name="RATET01_is_produced_correctly"/>
    <testcase time="0.147999999999996" classname="table_ratet01" name="RATET01_is_produced_correctly"/>
  </testsuite>
  <testsuite name="table_rmpt01" timestamp="2024-11-08T21:48:58Z" hostname="eb80eda9f776" tests="2" skipped="0" failures="0" errors="0" time="0.217">
    <testcase time="0.15100000000001" classname="table_rmpt01" name="RMPT01_is_produced_correctly"/>
    <testcase time="0.0660000000000025" classname="table_rmpt01" name="RMPT01_is_produced_correctly"/>
  </testsuite>
  <testsuite name="table_rmpt03" timestamp="2024-11-08T21:48:58Z" hostname="eb80eda9f776" tests="4" skipped="0" failures="0" errors="0" time="0.56">
    <testcase time="0.219999999999999" classname="table_rmpt03" name="RMPT03_variant_1_is_produced_correctly"/>
    <testcase time="0.0829999999999984" classname="table_rmpt03" name="RMPT03_variant_1_is_produced_correctly"/>
    <testcase time="0.169999999999987" classname="table_rmpt03" name="RMPT03_variant_2_is_produced_correctly"/>
    <testcase time="0.0870000000000175" classname="table_rmpt03" name="RMPT03_variant_2_is_produced_correctly"/>
  </testsuite>
  <testsuite name="table_rmpt04" timestamp="2024-11-08T21:48:59Z" hostname="eb80eda9f776" tests="2" skipped="0" failures="0" errors="0" time="0.214">
    <testcase time="0.155999999999977" classname="table_rmpt04" name="RMPT04_variant_1_is_produced_correctly"/>
    <testcase time="0.0580000000000211" classname="table_rmpt04" name="RMPT04_variant_1_is_produced_correctly"/>
  </testsuite>
  <testsuite name="table_rmpt05" timestamp="2024-11-08T21:48:59Z" hostname="eb80eda9f776" tests="2" skipped="0" failures="0" errors="0" time="0.241">
    <testcase time="0.163999999999987" classname="table_rmpt05" name="RMPT05_is_produced_correctly"/>
    <testcase time="0.0769999999999982" classname="table_rmpt05" name="RMPT05_is_produced_correctly"/>
  </testsuite>
  <testsuite name="table_rmpt06" timestamp="2024-11-08T21:48:59Z" hostname="eb80eda9f776" tests="8" skipped="0" failures="0" errors="0" time="1.624">
    <testcase time="0.320999999999998" classname="table_rmpt06" name="RMPT06_variant_1_is_produced_correctly"/>
    <testcase time="0.131" classname="table_rmpt06" name="RMPT06_variant_1_is_produced_correctly"/>
    <testcase time="0.221000000000004" classname="table_rmpt06" name="RMPT06_variant_2_is_produced_correctly"/>
    <testcase time="0.0829999999999984" classname="table_rmpt06" name="RMPT06_variant_2_is_produced_correctly"/>
    <testcase time="0.295999999999992" classname="table_rmpt06" name="RMPT06_variant_3_is_produced_correctly"/>
    <testcase time="0.138000000000005" classname="table_rmpt06" name="RMPT06_variant_3_is_produced_correctly"/>
    <testcase time="0.295999999999992" classname="table_rmpt06" name="RMPT06_variant_4_is_produced_correctly"/>
    <testcase time="0.138000000000005" classname="table_rmpt06" name="RMPT06_variant_4_is_produced_correctly"/>
  </testsuite>
  <testsuite name="table_rspt01" timestamp="2024-11-08T21:49:01Z" hostname="eb80eda9f776" tests="12" skipped="0" failures="0" errors="0" time="2.559">
    <testcase time="0.281000000000006" classname="table_rspt01" name="RSPT01_1._Best_Overall_Response"/>
    <testcase time="0.132000000000005" classname="table_rspt01" name="RSPT01_1._Best_Overall_Response"/>
    <testcase time="0.252999999999986" classname="table_rspt01" name="RSPT01_2._Best_Overall_Response_selecting_sections_to_display_"/>
    <testcase time="0.105999999999995" classname="table_rspt01" name="RSPT01_2._Best_Overall_Response_selecting_sections_to_display_"/>
    <testcase time="0.575000000000017" classname="table_rspt01" name="RSPT01_3._Best_Overall_Response_modifying_settings_"/>
    <testcase time="0.103999999999985" classname="table_rspt01" name="RSPT01_3._Best_Overall_Response_modifying_settings_"/>
    <testcase time="0.316000000000003" classname="table_rspt01" name="RSPT01_4._Best_Overall_Response_with_stratified_analysis_"/>
    <testcase time="0.129000000000019" classname="table_rspt01" name="RSPT01_4._Best_Overall_Response_with_stratified_analysis_"/>
    <testcase time="0.25" classname="table_rspt01" name="RSPT01_5._Best_Overall_Response_modifying_the_definition_of_overall_response_"/>
    <testcase time="0.115999999999985" classname="table_rspt01" name="RSPT01_5._Best_Overall_Response_modifying_the_definition_of_overall_response_"/>
    <testcase time="0.193000000000012" classname="table_rspt01" name="RSPT01_6._Best_Overall_Response_define_new_sections_to_display_"/>
    <testcase time="0.103999999999985" classname="table_rspt01" name="RSPT01_6._Best_Overall_Response_define_new_sections_to_display_"/>
  </testsuite>
  <testsuite name="table_ttet01" timestamp="2024-11-08T21:49:03Z" hostname="eb80eda9f776" tests="14" skipped="0" failures="0" errors="0" time="3.259">
    <testcase time="0.37700000000001" classname="table_ttet01" name="TTET01_default_variant_is_produced_correctly"/>
    <testcase time="0.164999999999992" classname="table_ttet01" name="TTET01_default_variant_is_produced_correctly"/>
    <testcase time="0.369" classname="table_ttet01" name="TTET01_default_variant_with_Placebo_arm"/>
    <testcase time="0.157000000000011" classname="table_ttet01" name="TTET01_default_variant_with_Placebo_arm"/>
    <testcase time="0.194999999999993" classname="table_ttet01" name="TTET01_variant_2_selecting_sections_to_display"/>
    <testcase time="0.128999999999991" classname="table_ttet01" name="TTET01_variant_2_selecting_sections_to_display"/>
    <testcase time="0.299000000000007" classname="table_ttet01" name="TTET01_variant_3_modifying_analysis_details_like_conftype_ties_alpha_level"/>
    <testcase time="0.143000000000001" classname="table_ttet01" name="TTET01_variant_3_modifying_analysis_details_like_conftype_ties_alpha_level"/>
    <testcase time="0.336999999999989" classname="table_ttet01" name="TTET01_variant_4_with_stratified_analysis"/>
    <testcase time="0.156000000000006" classname="table_ttet01" name="TTET01_variant_4_with_stratified_analysis"/>
    <testcase time="0.292000000000002" classname="table_ttet01" name="TTET01_variant_5_modifying_time_point"/>
    <testcase time="0.131" classname="table_ttet01" name="TTET01_variant_5_modifying_time_point"/>
    <testcase time="0.361999999999995" classname="table_ttet01" name="TTET01_variant_6_requesting_more_than_one_p_value"/>
    <testcase time="0.14700000000002" classname="table_ttet01" name="TTET01_variant_6_requesting_more_than_one_p_value"/>
  </testsuite>
  <testsuite name="table_vst01" timestamp="2024-11-08T21:49:08Z" hostname="eb80eda9f776" tests="2" skipped="0" failures="0" errors="0" time="2.189">
    <testcase time="1.785" classname="table_vst01" name="VST01_default_variant_is_produced_correctly"/>
    <testcase time="0.403999999999996" classname="table_vst01" name="VST01_default_variant_is_produced_correctly"/>
  </testsuite>
  <testsuite name="table_vst02" timestamp="2024-11-08T21:49:10Z" hostname="eb80eda9f776" tests="4" skipped="0" failures="0" errors="0" time="1.597">
    <testcase time="1.12899999999999" classname="table_vst02" name="1._Vital_Sign_Abnormalities_Regardless_of_Abnormality_at_Baseline_VST02_1_"/>
    <testcase time="0.108000000000004" classname="table_vst02" name="1._Vital_Sign_Abnormalities_Regardless_of_Abnormality_at_Baseline_VST02_1_"/>
    <testcase time="0.254999999999995" classname="table_vst02" name="2._Vital_Sign_Abnormalities_Among_Subject_Without_Abnormality_at_Baseline_VST02_2_"/>
    <testcase time="0.105000000000018" classname="table_vst02" name="2._Vital_Sign_Abnormalities_Among_Subject_Without_Abnormality_at_Baseline_VST02_2_"/>
  </testsuite>
</testsuites>
