<?xml version="1.0" encoding="UTF-8"?>
<testsuites>
  <testsuite name="listing_adal02" timestamp="2024-11-07T01:59:56Z" hostname="c2a54daccfbe" tests="1" skipped="0" failures="0" errors="0" time="0.245">
    <testcase time="0.244999999999999" classname="listing_adal02" name="ADAL02_listing_is_produced_correctly"/>
  </testsuite>
  <testsuite name="listing_ael01" timestamp="2024-11-07T01:59:56Z" hostname="c2a54daccfbe" tests="1" skipped="0" failures="0" errors="0" time="0.199">
    <testcase time="0.199" classname="listing_ael01" name="AEL01_listing_is_produced_correctly"/>
  </testsuite>
  <testsuite name="listing_ael01_nollt" timestamp="2024-11-07T01:59:56Z" hostname="c2a54daccfbe" tests="1" skipped="0" failures="0" errors="0" time="0.075">
    <testcase time="0.0749999999999993" classname="listing_ael01_nollt" name="AEL01_NOLLT_listing_is_produced_correctly"/>
  </testsuite>
  <testsuite name="listing_ael02" timestamp="2024-11-07T01:59:56Z" hostname="c2a54daccfbe" tests="1" skipped="0" failures="0" errors="0" time="0.286">
    <testcase time="0.286000000000001" classname="listing_ael02" name="AEL02_listing_is_produced_correctly"/>
  </testsuite>
  <testsuite name="listing_ael02_ed" timestamp="2024-11-07T01:59:56Z" hostname="c2a54daccfbe" tests="1" skipped="0" failures="0" errors="0" time="0.327">
    <testcase time="0.327" classname="listing_ael02_ed" name="AEL02_ED_listing_is_produced_correctly"/>
  </testsuite>
  <testsuite name="listing_ael03" timestamp="2024-11-07T01:59:57Z" hostname="c2a54daccfbe" tests="1" skipped="0" failures="0" errors="0" time="0.271">
    <testcase time="0.270999999999999" classname="listing_ael03" name="AEL03_listing_is_produced_correctly"/>
  </testsuite>
  <testsuite name="listing_ael04" timestamp="2024-11-07T01:59:57Z" hostname="c2a54daccfbe" tests="1" skipped="0" failures="0" errors="0" time="0.21">
    <testcase time="0.210000000000001" classname="listing_ael04" name="AEL04_listing_is_produced_correctly"/>
  </testsuite>
  <testsuite name="listing_cml01" timestamp="2024-11-07T01:59:57Z" hostname="c2a54daccfbe" tests="1" skipped="0" failures="0" errors="0" time="0.331">
    <testcase time="0.331" classname="listing_cml01" name="CML01_listing_is_produced_correctly"/>
  </testsuite>
  <testsuite name="listing_cml02a_gl" timestamp="2024-11-07T01:59:58Z" hostname="c2a54daccfbe" tests="1" skipped="0" failures="0" errors="0" time="0.114">
    <testcase time="0.114000000000001" classname="listing_cml02a_gl" name="CML02A_GL_listing_is_produced_correctly"/>
  </testsuite>
  <testsuite name="listing_cml02b_gl" timestamp="2024-11-07T01:59:58Z" hostname="c2a54daccfbe" tests="1" skipped="0" failures="0" errors="0" time="0.165">
    <testcase time="0.164999999999999" classname="listing_cml02b_gl" name="CML02B_GL_listing_is_produced_correctly"/>
  </testsuite>
  <testsuite name="listing_dsl01" timestamp="2024-11-07T01:59:58Z" hostname="c2a54daccfbe" tests="1" skipped="0" failures="0" errors="0" time="0.167">
    <testcase time="0.167" classname="listing_dsl01" name="DSL01_listing_is_produced_correctly"/>
  </testsuite>
  <testsuite name="listing_dsl02" timestamp="2024-11-07T01:59:58Z" hostname="c2a54daccfbe" tests="1" skipped="0" failures="0" errors="0" time="0.072">
    <testcase time="0.072000000000001" classname="listing_dsl02" name="DSL02_listing_is_produced_correctly"/>
  </testsuite>
  <testsuite name="listing_dsur4" timestamp="2024-11-07T01:59:58Z" hostname="c2a54daccfbe" tests="1" skipped="0" failures="0" errors="0" time="0.112">
    <testcase time="0.112" classname="listing_dsur4" name="DSUR4_listing_is_produced_correctly"/>
  </testsuite>
  <testsuite name="listing_egl01" timestamp="2024-11-07T01:59:58Z" hostname="c2a54daccfbe" tests="10" skipped="0" failures="1" errors="0" time="0.55">
    <testcase time="0.0169999999999995" classname="listing_egl01" name="EGL01_listing_is_produced_correctly"/>
    <testcase time="0.0139999999999993" classname="listing_egl01" name="EGL01_listing_is_produced_correctly"/>
    <testcase time="0.0180000000000007" classname="listing_egl01" name="EGL01_listing_is_produced_correctly"/>
    <testcase time="0.0169999999999995" classname="listing_egl01" name="EGL01_listing_is_produced_correctly"/>
    <testcase time="0.0170000000000012" classname="listing_egl01" name="EGL01_listing_is_produced_correctly"/>
    <testcase time="0.0169999999999995" classname="listing_egl01" name="EGL01_listing_is_produced_correctly"/>
    <testcase time="0.0179999999999989" classname="listing_egl01" name="EGL01_listing_is_produced_correctly"/>
    <testcase time="0.0170000000000012" classname="listing_egl01" name="EGL01_listing_is_produced_correctly"/>
    <testcase time="0.103" classname="listing_egl01" name="EGL01_listing_is_produced_correctly"/>
    <testcase time="0.311999999999999" classname="listing_egl01" name="EGL01_listing_is_produced_correctly">
      <failure type="failure" message="Snapshot of code has changed: ('test-listing_egl01.R:61:3')">Snapshot of code has changed:
old[3:64] vs new[3:64]
  Output
    Listing of ECG Data: Safety-Evaluable Patients
    
-   —————————————————————————————————————————————————————————————————————————————————————————————————————————————————————————————————————————————————————————————————————————————————————————————————
+   ———————————————————————————————————————————————————————————————————————————————————————————————————————————————————————————————————————————————————————————————————————————————————————————————————————————————————————————————————————————————————————————
-                                                                                      Heart Rate Result                    QT Duration Result                    RR Duration Result                 
+                                                                                        Heart Rate Result                                       QT Duration Result                                         RR Duration Result                                 
-                                                                              Study     (BEATS/MIN);        Heart Rate          (msec);          QT Duration          (msec);          RR Duration  
+                                                                              Study            ();                    Heart Rate                       ();                       QT Duration                      ();                       RR Duration       
-   Treatment   Center/Subject ID            Age/Sex/Race             Visit     Day     Range:(40-100)     Change from BL    Range:(350-450)     Change from BL    Range:(600-1500)    Change from BL
+   Treatment   Center/Subject ID            Age/Sex/Race             Visit     Day        Range:(40-100)            Change from BL               Range:(350-450)               Change from BL               Range:(600-1500)              Change from BL      
-   —————————————————————————————————————————————————————————————————————————————————————————————————————————————————————————————————————————————————————————————————————————————————————————————————
+   ———————————————————————————————————————————————————————————————————————————————————————————————————————————————————————————————————————————————————————————————————————————————————————————————————————————————————————————————————————————————————————————
-    Placebo        701/1015                  63/F/WHITE             Week 12    84           67.00              -6.00            466.00/H             -7.00            513.00/L             42.00    
+    Placebo        701/1015                  63/F/WHITE             Week 12    84      67.00,  63.00,  72.00     -6.00,  -20.00,    7.00     466.00/H, 428.00, 419.00       -7.00,  -44.00,   -6.00   513.00/L, 424.00/L, 547.00/L     42.00,  -46.00,  -69.00
-                                                                    Week 16    126          74.00               1.00            468.00/H             -5.00            546.00/L             75.00    
+                                                                    Week 16    126     74.00,  72.00,  75.00      1.00,  -11.00,   10.00    468.00/H, 372.00, 495.00/H      -5.00, -100.00,   70.00    546.00/L, 681.00, 569.00/L      75.00,  211.00,  -47.00
-                                                                    Week 2     15           63.00             -10.00             449.00             -24.00            316.00/L           -155.00    
+                                                                    Week 2     15      63.00,  83.00,  66.00    -10.00,    0.00,    1.00    449.00, 511.00/H, 534.00/H     -24.00,   39.00,  109.00   316.00/L, 581.00/L, 570.00/L   -155.00,  111.00,  -46.00
-                                                                    Week 20    140          60.00             -13.00             433.00             -40.00            522.00/L             51.00    
+                                                                    Week 20    140     60.00,  86.00,  67.00    -13.00,    3.00,    2.00      433.00, 439.00, 414.00       -40.00,  -33.00,  -11.00   522.00/L, 393.00/L, 537.00/L     51.00,  -77.00,  -79.00
-                                                                    Week 24    168          76.00               3.00             416.00             -57.00            581.00/L            110.00    
+                                                                    Week 24    168     76.00,  81.00,  80.00      3.00,   -2.00,   15.00     416.00, 433.00, 456.00/H      -57.00,  -39.00,   31.00   581.00/L, 522.00/L, 480.00/L    110.00,   52.00, -136.00
-                                                                    Week 26    182          73.00               0.00            559.00/H             86.00            589.00/L            118.00    
+                                                                    Week 26    182     73.00,  74.00,  62.00      0.00,   -9.00,   -3.00   559.00/H, 526.00/H, 496.00/H     86.00,   54.00,   71.00   589.00/L, 516.00/L, 497.00/L    118.00,   46.00, -119.00
-                                                                    Week 4     29           61.00             -12.00            338.00/L           -135.00            560.00/L             89.00    
+                                                                    Week 4     29      61.00,  65.00,  74.00    -12.00,  -18.00,    9.00   338.00/L, 498.00/H, 552.00/H   -135.00,   26.00,  127.00    560.00/L, 603.00, 411.00/L      89.00,  133.00, -205.00
-                                                                    Week 6     42           64.00              -9.00            463.00/H            -10.00            526.00/L             55.00    
+                                                                    Week 6     42      64.00,  64.00,  74.00     -9.00,  -19.00,    9.00    463.00/H, 435.00, 638.00/H     -10.00,  -37.00,  213.00   526.00/L, 508.00/L, 482.00/L     55.00,   38.00, -134.00
-                                                                    Week 8     63           59.00             -14.00            525.00/H             52.00            538.00/L             67.00    
+                                                                    Week 8     63      59.00,  65.00,  66.00    -14.00,  -18.00,    1.00    525.00/H, 492.00/H, 444.00      52.00,   20.00,   19.00   538.00/L, 582.00/L, 453.00/L     67.00,  112.00, -163.00
-                   701/1023                  64/M/WHITE             Week 2     23           68.00               6.00             424.00             -18.00            550.00/L             96.00    
+                   701/1023                  64/M/WHITE             Week 2     23      68.00,  71.00,  79.00      6.00,    0.00,   27.00     424.00, 515.00/H, 387.00      -18.00,   -9.00, -162.00   550.00/L, 566.00/L, 506.00/L     96.00,   86.00,   27.00
-                                                                    Week 4     29           69.00               7.00            509.00/H             67.00            508.00/L             54.00    
+                                                                    Week 4     29      69.00,  68.00,  68.00      7.00,   -3.00,   16.00   509.00/H, 489.00/H, 530.00/H     67.00,  -35.00,  -19.00   508.00/L, 509.00/L, 427.00/L     54.00,   29.00,  -52.00
-                   701/1047                  85/F/WHITE             Week 2     14           74.00              -9.00            506.00/H            195.00            580.00/L             46.00    
+                   701/1047                  85/F/WHITE             Week 2     14      74.00,  67.00,  80.00     -9.00,  -21.00,    4.00     506.00/H, 450.00, 391.00      195.00,   50.00, -150.00   580.00/L, 473.00/L, 439.00/L     46.00,  -48.00, -105.00
-                                                                    Week 4     27           51.00             -32.00             442.00             131.00            462.00/L            -72.00    
+                                                                    Week 4     27      51.00,  75.00,  78.00    -32.00,  -13.00,    2.00    442.00, 623.00/H, 483.00/H     131.00,  223.00,  -58.00   462.00/L, 487.00/L, 473.00/L    -72.00,  -34.00,  -71.00
-                   701/1118                  52/M/WHITE             Week 12    86           66.00              -3.00            467.00/H            -71.00             618.00               4.00    
+                   701/1118                  52/M/WHITE             Week 12    86      66.00,  80.00,  78.00     -3.00,   20.00,   10.00   467.00/H, 514.00/H, 348.00/L    -71.00,   52.00,  -56.00    618.00, 504.00/L, 438.00/L       4.00,  -92.00,  -93.00
-                                                                    Week 16    113          70.00               1.00            563.00/H             25.00            541.00/L            -73.00    
+                                                                    Week 16    113     70.00,  82.00,  65.00      1.00,   22.00,   -3.00     563.00/H, 404.00, 416.00       25.00,  -58.00,   12.00   541.00/L, 581.00/L, 345.00/L    -73.00,  -15.00, -186.00
-                                                                    Week 2     15           65.00              -4.00             419.00            -119.00            554.00/L            -60.00    
+                                                                    Week 2     15      65.00,  74.00,  78.00     -4.00,   14.00,   10.00     419.00, 439.00, 347.00/L     -119.00,  -23.00,  -57.00   554.00/L, 539.00/L, 398.00/L    -60.00,  -57.00, -133.00
-                                                                    Week 20    141          60.00              -9.00            536.00/H             -2.00            488.00/L           -126.00    
+                                                                    Week 20    141     60.00,  63.00,  71.00     -9.00,    3.00,    3.00    536.00/H, 447.00, 504.00/H      -2.00,  -15.00,  100.00   488.00/L, 568.00/L, 512.00/L   -126.00,  -28.00,  -19.00
-                                                                    Week 24    169          75.00               6.00            538.00/H              0.00            504.00/L           -110.00    
+                                                                    Week 24    169     75.00,  78.00,  83.00      6.00,   18.00,   15.00   538.00/H, 562.00/H, 469.00/H      0.00,  100.00,   65.00   504.00/L, 460.00/L, 594.00/L   -110.00, -136.00,   63.00
-                                                                    Week 26    182          64.00              -5.00            459.00/H            -79.00            498.00/L           -116.00    
+                                                                    Week 26    182     64.00,  90.00,  69.00     -5.00,   30.00,    1.00   459.00/H, 502.00/H, 457.00/H    -79.00,   40.00,   53.00   498.00/L, 363.00/L, 496.00/L   -116.00, -233.00,  -35.00
-                                                                    Week 4     29           71.00               2.00             443.00             -95.00            525.00/L            -89.00    
+                                                                    Week 4     29      71.00,  72.00,  93.00      2.00,   12.00,   25.00     443.00, 432.00, 469.00/H      -95.00,  -30.00,   65.00    525.00/L, 563.00/L, 653.00     -89.00,  -33.00,  122.00
-                                                                    Week 6     43           71.00               2.00             372.00            -166.00            571.00/L            -43.00    
+                                                                    Week 6     43      71.00,  86.00,  77.00      2.00,   26.00,    9.00     372.00, 511.00/H, 438.00     -166.00,   49.00,   34.00    571.00/L, 463.00/L, 635.00     -43.00, -133.00,  104.00
-                                                                    Week 8     58           49.00             -20.00            495.00/H            -43.00            521.00/L            -93.00    
+                                                                    Week 8     58      49.00,  64.00,  76.00    -20.00,    4.00,    8.00   495.00/H, 523.00/H, 343.00/L    -43.00,   61.00,  -61.00     521.00/L, 660.00, 627.00      -93.00,   64.00,   96.00
-                   701/1130                  84/M/WHITE             Week 12    91           62.00               7.00             448.00              66.00            477.00/L           -126.00    
+                   701/1130                  84/M/WHITE             Week 12    91      62.00,  83.00,  78.00      7.00,    1.00,    6.00     448.00, 418.00, 460.00/H       66.00,  -45.00, -102.00    477.00/L, 640.00, 481.00/L    -126.00,  148.00, -129.00
-                                                                    Week 16    113          78.00              23.00            534.00/H            152.00            584.00/L            -19.00    
+                                                                    Week 16    113     78.00,  69.00,  64.00     23.00,  -13.00,   -8.00   534.00/H, 495.00/H, 454.00/H    152.00,   32.00, -108.00   584.00/L, 547.00/L, 561.00/L    -19.00,   55.00,  -49.00
-                                                                    Week 2     15           72.00              17.00            585.00/H            203.00            491.00/L           -112.00    
+                                                                    Week 2     15      72.00,  84.00,  79.00     17.00,    2.00,    7.00    585.00/H, 472.00/H, 404.00     203.00,    9.00, -158.00    491.00/L, 632.00, 552.00/L    -112.00,  140.00,  -58.00
-                                                                    Week 20    138          78.00              23.00             433.00              51.00            434.00/L           -169.00    
+                                                                    Week 20    138     78.00,  82.00,  74.00     23.00,    0.00,    2.00      433.00, 380.00, 434.00        51.00,  -83.00, -128.00    434.00/L, 611.00, 552.00/L    -169.00,  119.00,  -58.00
-                                                                    Week 24    169          84.00              29.00            466.00/H             84.00            509.00/L            -94.00    
+                                                                    Week 24    169     84.00,  80.00,  64.00     29.00,   -2.00,   -8.00     466.00/H, 410.00, 418.00       84.00,  -53.00, -144.00   509.00/L, 502.00/L, 477.00/L    -94.00,   10.00, -133.00
-                                                                    Week 26    183          55.00               0.00             375.00              -7.00            500.00/L           -103.00    
+                                                                    Week 26    183     55.00,  73.00,  76.00      0.00,   -9.00,    4.00      375.00, 375.00, 418.00        -7.00,  -88.00, -144.00   500.00/L, 459.00/L, 547.00/L   -103.00,  -33.00,  -63.00
-                                                                    Week 4     29           74.00              19.00             385.00               3.00            425.00/L           -178.00    
+                                                                    Week 4     29      74.00,  82.00,  73.00     19.00,    0.00,    1.00     385.00, 530.00/H, 443.00        3.00,   67.00, -119.00   425.00/L, 578.00/L, 576.00/L   -178.00,   86.00,  -34.00
-                                                                    Week 6     43           74.00              19.00             413.00              31.00            391.00/L           -212.00    
+                                                                    Week 6     43      74.00,  65.00,  83.00     19.00,  -17.00,   11.00     413.00, 433.00, 467.00/H       31.00,  -30.00,  -95.00    391.00/L, 656.00, 597.00/L    -212.00,  164.00,  -13.00
-                                                                    Week 8     57           68.00              13.00             442.00              60.00             613.00              10.00    
+                                                                    Week 8     57      68.00,  75.00,  70.00     13.00,   -7.00,   -2.00      442.00, 443.00, 394.00        60.00,  -20.00, -168.00    613.00, 529.00/L, 499.00/L      10.00,   37.00, -111.00
-                   701/1153                  79/F/WHITE             Week 12    85           54.00             -10.00             369.00            -105.00            410.00/L            -58.00    
+                   701/1153                  79/F/WHITE             Week 12    85      54.00,  67.00,  74.00    -10.00,    0.00,  -15.00     369.00, 404.00, 507.00/H     -105.00, -139.00,  120.00   410.00/L, 448.00/L, 514.00/L    -58.00, -191.00,  -70.00
-                                                                    Week 16    108          67.00               3.00            476.00/H              2.00            556.00/L             88.00    
+                                                                    Week 16    108     67.00,  73.00,  90.00      3.00,    6.00,    1.00     476.00/H, 415.00, 391.00        2.00, -128.00,    4.00   556.00/L, 389.00/L, 406.00/L     88.00, -250.00, -178.00
-                                                                    Week 2     16           67.00               3.00            453.00/H            -21.00            537.00/L             69.00    
+                                                                    Week 2     16      67.00,  82.00,  70.00      3.00,   15.00,  -19.00     453.00/H, 391.00, 449.00      -21.00, -152.00,   62.00   537.00/L, 432.00/L, 595.00/L     69.00, -207.00,   11.00
-                                                                    Week 20    142          60.00              -4.00            511.00/H             37.00             635.00             167.00    
+                                                                    Week 20    142     60.00,  59.00,  76.00     -4.00,   -8.00,  -13.00    511.00/H, 440.00, 490.00/H      37.00, -103.00,  103.00    635.00, 561.00/L, 495.00/L     167.00,  -78.00,  -89.00
-                                                                    Week 24    170          67.00               3.00            573.00/H             99.00            464.00/L             -4.00    
+                                                                    Week 24    170     67.00,  70.00,  66.00      3.00,    3.00,  -23.00    573.00/H, 453.00/H, 382.00      99.00,  -90.00,   -5.00   464.00/L, 446.00/L, 504.00/L     -4.00, -193.00,  -80.00
-                                                                    Week 26    191          72.00               8.00            318.00/L           -156.00             817.00             349.00    
+                                                                    Week 26    191     72.00,  82.00,  64.00      8.00,   15.00,  -25.00   318.00/L, 474.00/H, 453.00/H   -156.00,  -69.00,   66.00    817.00, 491.00/L, 446.00/L     349.00, -148.00, -138.00
-                                                                    Week 4     27           84.00              20.00            479.00/H              5.00            524.00/L             56.00    
+                                                                    Week 4     27      84.00,  84.00,  76.00     20.00,   17.00,  -13.00    479.00/H, 373.00, 529.00/H       5.00, -170.00,  142.00     524.00/L, 614.00, 650.00       56.00,  -25.00,   66.00
-                                                                    Week 6     43           78.00              14.00            527.00/H             53.00            593.00/L            125.00    
+                                                                    Week 6     43      78.00,  70.00,  76.00     14.00,    3.00,  -13.00     527.00/H, 351.00, 436.00       53.00, -192.00,   49.00   593.00/L, 588.00/L, 565.00/L    125.00,  -51.00,  -19.00
-                                                                    Week 8     57           67.00               3.00             437.00             -37.00            518.00/L             50.00    
+                                                                    Week 8     57      67.00,  87.00,  58.00      3.00,   20.00,  -31.00     437.00, 441.00, 483.00/H      -37.00, -102.00,   96.00   518.00/L, 516.00/L, 576.00/L     50.00, -123.00,   -8.00
-                   701/1203        81/F/BLACK OR AFRICAN AMERICAN   Week 12    97           70.00               8.00            458.00/H             63.00            410.00/L           -193.00    
+                   701/1203        81/F/BLACK OR AFRICAN AMERICAN   Week 12    97      70.00,  62.00,  78.00      8.00,   -4.00,   -7.00    458.00/H, 560.00/H, 423.00      63.00,  109.00,    3.00   410.00/L, 598.00/L, 595.00/L   -193.00,  116.00,   32.00
-                                                                    Week 16    113          70.00               8.00             438.00              43.00            594.00/L             -9.00    
+                                                                    Week 16    113     70.00,  76.00,  78.00      8.00,   10.00,   -7.00     438.00, 431.00, 561.00/H       43.00,  -20.00,  141.00    594.00/L, 615.00, 538.00/L      -9.00,  133.00,  -25.00
-                                                                    Week 2     22           72.00              10.00             445.00              50.00             622.00              19.00    
+                                                                    Week 2     22      72.00,  73.00,  69.00     10.00,    7.00,  -16.00    445.00, 542.00/H, 516.00/H      50.00,   91.00,   96.00    622.00, 458.00/L, 503.00/L      19.00,  -24.00,  -60.00
-                                                                    Week 20    141          55.00              -7.00             363.00             -32.00             889.00             286.00    
+                                                                    Week 20    141     55.00,  61.00,  71.00     -7.00,   -5.00,  -14.00     363.00, 476.00/H, 443.00      -32.00,   25.00,   23.00    889.00, 463.00/L, 557.00/L     286.00,  -19.00,   -6.00
-                                                                    Week 24    171          74.00              12.00             444.00              49.00             679.00              76.00    
+                                                                    Week 24    171     74.00,  83.00,  82.00     12.00,   17.00,   -3.00    444.00, 459.00/H, 493.00/H      49.00,    8.00,   73.00     679.00, 543.00/L, 673.00       76.00,   61.00,  110.00
-                                                                    Week 26    183          72.00              10.00             366.00             -29.00            531.00/L            -72.00    
+                                                                    Week 26    183     72.00,  73.00,  90.00     10.00,    7.00,    5.00     366.00, 446.00, 543.00/H      -29.00,   -5.00,  123.00   531.00/L, 586.00/L, 454.00/L    -72.00,  104.00, -109.00
-                                                                    Week 4     29           76.00              14.00             448.00              53.00            536.00/L            -67.00    
+                                                                    Week 4     29      76.00,  63.00,  68.00     14.00,   -3.00,  -17.00    448.00, 460.00/H, 459.00/H      53.00,    9.00,   39.00    536.00/L, 550.00/L, 705.00     -67.00,   68.00,  142.00
-                                                                    Week 6     43           67.00               5.00             441.00              46.00            560.00/L            -43.00    
+                                                                    Week 6     43      67.00,  76.00,  77.00      5.00,   10.00,   -8.00     441.00, 373.00, 596.00/H       46.00,  -78.00,  176.00    560.00/L, 501.00/L, 658.00     -43.00,   19.00,   95.00
-                                                                    Week 8     57           69.00               7.00            483.00/H             88.00            493.00/L           -110.00    
+                                                                    Week 8     57      69.00,  67.00,  77.00      7.00,    1.00,   -8.00    483.00/H, 437.00, 481.00/H      88.00,  -14.00,   61.00   493.00/L, 410.00/L, 493.00/L   -110.00,  -72.00,  -70.00
-                   701/1234                  69/M/WHITE             Week 12    100          65.00             -11.00             391.00            -145.00            540.00/L             50.00    
+                   701/1234                  69/M/WHITE             Week 12    100     65.00,  51.00,  77.00    -11.00,  -19.00,   -1.00     391.00, 466.00/H, 432.00     -145.00,  -51.00,   56.00   540.00/L, 588.00/L, 367.00/L     50.00,  117.00, -155.00
-   —————————————————————————————————————————————————————————————————————————————————————————————————————————————————————————————————————————————————————————————————————————————————————————————————
+   ———————————————————————————————————————————————————————————————————————————————————————————————————————————————————————————————————————————————————————————————————————————————————————————————————————————————————————————————————————————————————————————
    
    Baseline is the patient's last observation prior to initiation of study drug. Abnormalities are
        flagged as high (H) or low (L) if outside the Roche standard reference range.

* Run `testthat::snapshot_accept('listing_egl01')` to accept the change.
* Run `testthat::snapshot_review('listing_egl01')` to interactively review the change.</failure>
    </testcase>
  </testsuite>
  <testsuite name="listing_exl01" timestamp="2024-11-07T01:59:59Z" hostname="c2a54daccfbe" tests="1" skipped="0" failures="0" errors="0" time="0.22">
    <testcase time="0.220000000000001" classname="listing_exl01" name="EXL01_listing_is_produced_correctly"/>
  </testsuite>
  <testsuite name="listing_lbl01" timestamp="2024-11-07T01:59:59Z" hostname="c2a54daccfbe" tests="1" skipped="0" failures="0" errors="0" time="0.547">
    <testcase time="0.547000000000001" classname="listing_lbl01" name="LBL01_listing_is_produced_correctly"/>
  </testsuite>
  <testsuite name="listing_lbl01_rls" timestamp="2024-11-07T02:00:00Z" hostname="c2a54daccfbe" tests="1" skipped="0" failures="0" errors="0" time="0.524">
    <testcase time="0.523999999999999" classname="listing_lbl01_rls" name="LBL01_RLS_listing_is_produced_correctly"/>
  </testsuite>
  <testsuite name="listing_lbl02a" timestamp="2024-11-07T02:00:00Z" hostname="c2a54daccfbe" tests="1" skipped="0" failures="0" errors="0" time="0.254">
    <testcase time="0.254" classname="listing_lbl02a" name="LBL02A_listing_is_produced_correctly"/>
  </testsuite>
  <testsuite name="listing_lbl02a_rls" timestamp="2024-11-07T02:00:00Z" hostname="c2a54daccfbe" tests="1" skipped="0" failures="0" errors="0" time="1.165">
    <testcase time="1.165" classname="listing_lbl02a_rls" name="LBL02A_RLS_listing_is_produced_correctly"/>
  </testsuite>
  <testsuite name="listing_lbl02b" timestamp="2024-11-07T02:00:01Z" hostname="c2a54daccfbe" tests="1" skipped="0" failures="0" errors="0" time="0.246">
    <testcase time="0.246" classname="listing_lbl02b" name="LBL02B_listing_is_produced_correctly"/>
  </testsuite>
  <testsuite name="listing_mhl01" timestamp="2024-11-07T02:00:02Z" hostname="c2a54daccfbe" tests="1" skipped="0" failures="0" errors="0" time="0.238">
    <testcase time="0.238" classname="listing_mhl01" name="MHL01_listing_is_produced_correctly"/>
  </testsuite>
  <testsuite name="listing_oncl01" timestamp="2024-11-07T02:00:02Z" hostname="c2a54daccfbe" tests="1" skipped="0" failures="0" errors="0" time="0.234">
    <testcase time="0.234" classname="listing_oncl01" name="ONCL01_listing_is_produced_correctly"/>
  </testsuite>
  <testsuite name="listing_pkcl01" timestamp="2024-11-07T02:00:02Z" hostname="c2a54daccfbe" tests="1" skipped="0" failures="0" errors="0" time="0.169">
    <testcase time="0.169" classname="listing_pkcl01" name="PKCL01_listing_is_produced_correctly"/>
  </testsuite>
  <testsuite name="listing_pkcl02" timestamp="2024-11-07T02:00:02Z" hostname="c2a54daccfbe" tests="1" skipped="0" failures="0" errors="0" time="0.198">
    <testcase time="0.197999999999999" classname="listing_pkcl02" name="PKCL02_listing_is_produced_correctly"/>
  </testsuite>
  <testsuite name="listing_pkpl01" timestamp="2024-11-07T02:00:03Z" hostname="c2a54daccfbe" tests="1" skipped="0" failures="0" errors="0" time="0.227">
    <testcase time="0.227" classname="listing_pkpl01" name="PKPL01_listing_is_produced_correctly"/>
  </testsuite>
  <testsuite name="listing_pkpl02" timestamp="2024-11-07T02:00:03Z" hostname="c2a54daccfbe" tests="1" skipped="0" failures="0" errors="0" time="0.145">
    <testcase time="0.145" classname="listing_pkpl02" name="PKPL02_listing_is_produced_correctly"/>
  </testsuite>
  <testsuite name="listing_pkpl04" timestamp="2024-11-07T02:00:03Z" hostname="c2a54daccfbe" tests="1" skipped="0" failures="0" errors="0" time="0.195">
    <testcase time="0.195000000000002" classname="listing_pkpl04" name="PKPL04_listing_is_produced_correctly"/>
  </testsuite>
  <testsuite name="listing_vsl01" timestamp="2024-11-07T02:00:03Z" hostname="c2a54daccfbe" tests="1" skipped="0" failures="0" errors="0" time="0.406">
    <testcase time="0.405999999999999" classname="listing_vsl01" name="VSL01_listing_is_produced_correctly"/>
  </testsuite>
  <testsuite name="pagination_listing" timestamp="2024-11-07T02:00:04Z" hostname="c2a54daccfbe" tests="13" skipped="0" failures="0" errors="0" time="5.471">
    <testcase time="0.0279999999999987" classname="pagination_listing" name="Direct_pagination_works_fine"/>
    <testcase time="0.926000000000002" classname="pagination_listing" name="Direct_pagination_works_fine"/>
    <testcase time="0.00300000000000011" classname="pagination_listing" name="Direct_pagination_works_fine"/>
    <testcase time="0.826999999999998" classname="pagination_listing" name="Direct_pagination_works_fine"/>
    <testcase time="1.153" classname="pagination_listing" name="Direct_pagination_works_fine"/>
    <testcase time="1.251" classname="pagination_listing" name="pagination_counts_the_right_number_of_lines_when_wrapping_on_keycols_is_present"/>
    <testcase time="0.00600000000000023" classname="pagination_listing" name="pagination_counts_the_right_number_of_lines_when_wrapping_on_keycols_is_present"/>
    <testcase time="0.00500000000000256" classname="pagination_listing" name="pagination_counts_the_right_number_of_lines_when_wrapping_on_keycols_is_present"/>
    <testcase time="0.00300000000000011" classname="pagination_listing" name="pagination_counts_the_right_number_of_lines_when_wrapping_on_keycols_is_present"/>
    <testcase time="1.257" classname="pagination_listing" name="pagination_counts_the_right_number_of_lines_when_wrapping_on_keycols_is_present"/>
    <testcase time="0.00499999999999901" classname="pagination_listing" name="pagination_counts_the_right_number_of_lines_when_wrapping_on_keycols_is_present"/>
    <testcase time="0.00400000000000134" classname="pagination_listing" name="pagination_counts_the_right_number_of_lines_when_wrapping_on_keycols_is_present"/>
    <testcase time="0.00300000000000011" classname="pagination_listing" name="pagination_counts_the_right_number_of_lines_when_wrapping_on_keycols_is_present"/>
  </testsuite>
  <testsuite name="pagination_table" timestamp="2024-11-07T02:00:10Z" hostname="c2a54daccfbe" tests="30" skipped="0" failures="0" errors="0" time="14.212">
    <testcase time="1.755" classname="pagination_table" name="Direct_pagination_with_standard_values"/>
    <testcase time="0.00500000000000256" classname="pagination_table" name="Direct_pagination_with_standard_values"/>
    <testcase time="0.00300000000000011" classname="pagination_table" name="Direct_pagination_with_standard_values"/>
    <testcase time="1.231" classname="pagination_table" name="Pagination_with_specific_column_widths_and_minimum_lines_per_page"/>
    <testcase time="0.00400000000000134" classname="pagination_table" name="Pagination_with_specific_column_widths_and_minimum_lines_per_page"/>
    <testcase time="0.125" classname="pagination_table" name="Pagination_with_specific_column_widths_and_minimum_lines_per_page"/>
    <testcase time="1.001" classname="pagination_table" name="Pagination_works_also_if_table_is_decorated"/>
    <testcase time="0.581" classname="pagination_table" name="Pagination_works_also_if_table_is_decorated"/>
    <testcase time="0.843000000000004" classname="pagination_table" name="Pagination_works_also_if_table_is_decorated"/>
    <testcase time="0.678999999999998" classname="pagination_table" name="Pagination_works_also_if_table_is_decorated"/>
    <testcase time="1.398" classname="pagination_table" name="Pagination_works_also_if_table_is_decorated"/>
    <testcase time="0.332000000000001" classname="pagination_table" name="Pagination_works_also_if_table_is_decorated"/>
    <testcase time="0.00399999999999778" classname="pagination_table" name="Pagination_works_also_if_table_is_decorated"/>
    <testcase time="0.022000000000002" classname="pagination_table" name="Pagination_works_also_if_table_is_decorated"/>
    <testcase time="0.151" classname="pagination_table" name="Pagination_works_also_if_table_is_decorated"/>
    <testcase time="0.0990000000000002" classname="pagination_table" name="Pagination_works_also_if_table_is_decorated"/>
    <testcase time="0.922999999999998" classname="pagination_table" name="Pagination_works_for_page_types"/>
    <testcase time="0.0800000000000018" classname="pagination_table" name="Pagination_works_for_page_types"/>
    <testcase time="0.669" classname="pagination_table" name="Pagination_works_for_page_types"/>
    <testcase time="0.0799999999999983" classname="pagination_table" name="Pagination_works_for_page_types"/>
    <testcase time="0.628" classname="pagination_table" name="Pagination_works_for_page_types"/>
    <testcase time="0.384999999999998" classname="pagination_table" name="Pagination_works_for_page_types"/>
    <testcase time="0.669000000000004" classname="pagination_table" name="Pagination_works_for_page_width_and_height"/>
    <testcase time="0.132999999999996" classname="pagination_table" name="Pagination_works_for_page_width_and_height"/>
    <testcase time="0.757000000000005" classname="pagination_table" name="Pagination_works_for_page_types"/>
    <testcase time="0.155999999999999" classname="pagination_table" name="Pagination_works_for_page_types"/>
    <testcase time="0.774999999999999" classname="pagination_table" name="AET04_variant_2_page_by_pagination_tests"/>
    <testcase time="0.581000000000003" classname="pagination_table" name="AET04_variant_2_page_by_pagination_tests"/>
    <testcase time="0.000999999999997669" classname="pagination_table" name="AET04_variant_2_page_by_pagination_tests"/>
    <testcase time="0.142000000000003" classname="pagination_table" name="AET04_variant_2_page_by_pagination_tests"/>
  </testsuite>
  <testsuite name="table_adat03" timestamp="2024-11-07T02:00:23Z" hostname="c2a54daccfbe" tests="2" skipped="0" failures="0" errors="0" time="0.533">
    <testcase time="0.401999999999994" classname="table_adat03" name="ADAT03_is_produced_correctly"/>
    <testcase time="0.131" classname="table_adat03" name="ADAT03_is_produced_correctly"/>
  </testsuite>
  <testsuite name="table_aet01" timestamp="2024-11-07T02:00:24Z" hostname="c2a54daccfbe" tests="8" skipped="0" failures="0" errors="0" time="1.688">
    <testcase time="0.340000000000003" classname="table_aet01" name="Safety_Summary_Variant_1_works_as_expected"/>
    <testcase time="0.109999999999999" classname="table_aet01" name="Safety_Summary_Variant_1_works_as_expected"/>
    <testcase time="0.304000000000002" classname="table_aet01" name="Safety_Summary_Variant_2_with_Medical_Concepts_Section_works_as_expected"/>
    <testcase time="0.120999999999995" classname="table_aet01" name="Safety_Summary_Variant_2_with_Medical_Concepts_Section_works_as_expected"/>
    <testcase time="0.246000000000002" classname="table_aet01" name="Safety_Summary_Variant_3_with_Modified_Rows_works_as_expected"/>
    <testcase time="0.0970000000000013" classname="table_aet01" name="Safety_Summary_Variant_3_with_Modified_Rows_works_as_expected"/>
    <testcase time="0.342999999999996" classname="table_aet01" name="Safety_Summary_Variant_4_with_Rows_Counting_Events_and_Additional_Sections_works_as_expected"/>
    <testcase time="0.127000000000002" classname="table_aet01" name="Safety_Summary_Variant_4_with_Rows_Counting_Events_and_Additional_Sections_works_as_expected"/>
  </testsuite>
  <testsuite name="table_aet01_aesi" timestamp="2024-11-07T02:00:26Z" hostname="c2a54daccfbe" tests="8" skipped="0" failures="0" errors="0" time="2.547">
    <testcase time="0.259" classname="table_aet01_aesi" name="AET01_AESI_Variant_1_works_as_expected"/>
    <testcase time="0.0940000000000012" classname="table_aet01_aesi" name="AET01_AESI_Variant_1_works_as_expected"/>
    <testcase time="0.443999999999996" classname="table_aet01_aesi" name="AET01_AESI_Variant_2_works_as_expected"/>
    <testcase time="0.150000000000006" classname="table_aet01_aesi" name="AET01_AESI_Variant_2_works_as_expected"/>
    <testcase time="0.622999999999998" classname="table_aet01_aesi" name="AET01_AESI_Variant_3_works_as_expected"/>
    <testcase time="0.218000000000004" classname="table_aet01_aesi" name="AET01_AESI_Variant_3_works_as_expected"/>
    <testcase time="0.537999999999997" classname="table_aet01_aesi" name="AET01_AESI_Variant_4_works_as_expected"/>
    <testcase time="0.220999999999997" classname="table_aet01_aesi" name="AET01_AESI_Variant_4_works_as_expected"/>
  </testsuite>
  <testsuite name="table_aet02" timestamp="2024-11-07T02:00:28Z" hostname="c2a54daccfbe" tests="26" skipped="0" failures="0" errors="0" time="8.215">
    <testcase time="0.535000000000004" classname="table_aet02" name="AET02_variant_1_is_produced_correctly"/>
    <testcase time="0.195" classname="table_aet02" name="AET02_variant_1_is_produced_correctly"/>
    <testcase time="0.426000000000002" classname="table_aet02" name="AET02_variant_1_is_produced_correctly"/>
    <testcase time="0.0999999999999943" classname="table_aet02" name="AET02_variant_1_is_produced_correctly"/>
    <testcase time="0.632000000000005" classname="table_aet02" name="AET02_variant_2_is_produced_correctly"/>
    <testcase time="0.192999999999998" classname="table_aet02" name="AET02_variant_2_is_produced_correctly"/>
    <testcase time="0.914999999999999" classname="table_aet02" name="AET02_variant_3_is_produced_correctly"/>
    <testcase time="0.317999999999998" classname="table_aet02" name="AET02_variant_3_is_produced_correctly"/>
    <testcase time="0.128" classname="table_aet02" name="AET02_variant_4_is_produced_correctly"/>
    <testcase time="0.0940000000000012" classname="table_aet02" name="AET02_variant_4_is_produced_correctly"/>
    <testcase time="0.417999999999999" classname="table_aet02" name="AET02_variant_5_is_produced_correctly"/>
    <testcase time="0.163000000000004" classname="table_aet02" name="AET02_variant_5_is_produced_correctly"/>
    <testcase time="0.402000000000001" classname="table_aet02" name="AET02_variant_6_is_produced_correctly"/>
    <testcase time="0.111999999999995" classname="table_aet02" name="AET02_variant_6_is_produced_correctly"/>
    <testcase time="0.939" classname="table_aet02" name="AET02_variant_7_is_produced_correctly"/>
    <testcase time="0.147000000000006" classname="table_aet02" name="AET02_variant_7_is_produced_correctly"/>
    <testcase time="0.589999999999996" classname="table_aet02" name="AET02_variant_8_is_produced_correctly"/>
    <testcase time="0.078000000000003" classname="table_aet02" name="AET02_variant_8_is_produced_correctly"/>
    <testcase time="0.367999999999995" classname="table_aet02" name="AET02_variant_9_is_produced_correctly"/>
    <testcase time="0.102000000000004" classname="table_aet02" name="AET02_variant_9_is_produced_correctly"/>
    <testcase time="0.366999999999997" classname="table_aet02" name="AET02_variant_10_is_produced_correctly"/>
    <testcase time="0.0890000000000057" classname="table_aet02" name="AET02_variant_10_is_produced_correctly"/>
    <testcase time="0.380999999999993" classname="table_aet02" name="AET02_variant_11_is_produced_correctly"/>
    <testcase time="0.0710000000000051" classname="table_aet02" name="AET02_variant_11_is_produced_correctly"/>
    <testcase time="0.369" classname="table_aet02" name="AET02_variant_12_is_produced_correctly"/>
    <testcase time="0.0829999999999984" classname="table_aet02" name="AET02_variant_12_is_produced_correctly"/>
  </testsuite>
  <testsuite name="table_aet02_smq" timestamp="2024-11-07T02:00:36Z" hostname="c2a54daccfbe" tests="4" skipped="0" failures="0" errors="0" time="0.406">
    <testcase time="0.110999999999997" classname="table_aet02_smq" name="AET02SMQ_variant_1_is_produced_correctly"/>
    <testcase time="0.0660000000000025" classname="table_aet02_smq" name="AET02SMQ_variant_1_is_produced_correctly"/>
    <testcase time="0.151000000000003" classname="table_aet02_smq" name="AET02SMQ_variant_2_is_produced_correctly"/>
    <testcase time="0.0779999999999959" classname="table_aet02_smq" name="AET02SMQ_variant_2_is_produced_correctly"/>
  </testsuite>
  <testsuite name="table_aet03" timestamp="2024-11-07T02:00:37Z" hostname="c2a54daccfbe" tests="6" skipped="0" failures="0" errors="0" time="4.614">
    <testcase time="1.051" classname="table_aet03" name="AET03_variant_1_is_produced_correctly"/>
    <testcase time="0.393999999999998" classname="table_aet03" name="AET03_variant_1_is_produced_correctly"/>
    <testcase time="1.295" classname="table_aet03" name="AET03_variant_1_is_produced_correctly"/>
    <testcase time="0.649000000000001" classname="table_aet03" name="AET03_variant_1_is_produced_correctly"/>
    <testcase time="1.016" classname="table_aet03" name="AET03_variant_1_is_produced_correctly"/>
    <testcase time="0.209000000000003" classname="table_aet03" name="AET03_variant_1_is_produced_correctly"/>
  </testsuite>
  <testsuite name="table_aet04" timestamp="2024-11-07T02:00:42Z" hostname="c2a54daccfbe" tests="30" skipped="0" failures="0" errors="0" time="12.109">
    <testcase time="0.714999999999996" classname="table_aet04" name="AET04_variant_1_is_produced_correctly"/>
    <testcase time="0.303000000000004" classname="table_aet04" name="AET04_variant_1_is_produced_correctly"/>
    <testcase time="0.744" classname="table_aet04" name="AET04_variant_1_is_produced_correctly"/>
    <testcase time="0.0489999999999995" classname="table_aet04" name="AET04_variant_1_is_produced_correctly"/>
    <testcase time="0.0399999999999991" classname="table_aet04" name="AET04_variant_1_is_produced_correctly"/>
    <testcase time="0.625999999999998" classname="table_aet04" name="AET04_variant_2_is_produced_correctly_Fill_in_of_Treatment_Groups_"/>
    <testcase time="0.280000000000001" classname="table_aet04" name="AET04_variant_2_is_produced_correctly_Fill_in_of_Treatment_Groups_"/>
    <testcase time="0.686" classname="table_aet04" name="AET04_variant_2_is_produced_correctly_Fill_in_of_Treatment_Groups_"/>
    <testcase time="0.0480000000000018" classname="table_aet04" name="AET04_variant_2_is_produced_correctly_Fill_in_of_Treatment_Groups_"/>
    <testcase time="0.0379999999999967" classname="table_aet04" name="AET04_variant_2_is_produced_correctly_Fill_in_of_Treatment_Groups_"/>
    <testcase time="0.660000000000004" classname="table_aet04" name="AET04_variant_3_is_produced_correctly_Fill_in_of_Grades_"/>
    <testcase time="0.336999999999996" classname="table_aet04" name="AET04_variant_3_is_produced_correctly_Fill_in_of_Grades_"/>
    <testcase time="0.792000000000002" classname="table_aet04" name="AET04_variant_3_is_produced_correctly_Fill_in_of_Grades_"/>
    <testcase time="0.0409999999999968" classname="table_aet04" name="AET04_variant_3_is_produced_correctly_Fill_in_of_Grades_"/>
    <testcase time="0.0420000000000016" classname="table_aet04" name="AET04_variant_3_is_produced_correctly_Fill_in_of_Grades_"/>
    <testcase time="0.698999999999998" classname="table_aet04" name="AET04_variant_4_is_produced_correctly_Collapsing_of_Grades_grades_1_2_grades_3_4_5_"/>
    <testcase time="0.325000000000003" classname="table_aet04" name="AET04_variant_4_is_produced_correctly_Collapsing_of_Grades_grades_1_2_grades_3_4_5_"/>
    <testcase time="0.759" classname="table_aet04" name="AET04_variant_4_is_produced_correctly_Collapsing_of_Grades_grades_1_2_grades_3_4_5_"/>
    <testcase time="0.716000000000001" classname="table_aet04" name="AET04_variant_6_is_produced_correctly_with_an_Incidence_Rate_of_at_Least_5_totals_restricted_"/>
    <testcase time="0.528999999999996" classname="table_aet04" name="AET04_variant_6_is_produced_correctly_with_an_Incidence_Rate_of_at_Least_5_totals_restricted_"/>
    <testcase time="0.696000000000005" classname="table_aet04" name="AET04_variant_6_is_produced_correctly_with_an_Incidence_Rate_of_at_Least_5_totals_restricted_"/>
    <testcase time="0.00999999999999801" classname="table_aet04" name="AET04_variant_8_is_produced_correctly_with_an_Incidence_Rate_of_at_Least_X_Patients_"/>
    <testcase time="0.289000000000001" classname="table_aet04" name="AET04_variant_8_is_produced_correctly_with_an_Incidence_Rate_of_at_Least_X_Patients_"/>
    <testcase time="0.692999999999998" classname="table_aet04" name="AET04_variant_8_is_produced_correctly_with_an_Incidence_Rate_of_at_Least_X_Patients_"/>
    <testcase time="0.0100000000000051" classname="table_aet04" name="AET04_variant_9_is_produced_correctly_with_a_Difference_in_Incidence_Rate_of_at_Least_X_"/>
    <testcase time="0.289999999999992" classname="table_aet04" name="AET04_variant_9_is_produced_correctly_with_a_Difference_in_Incidence_Rate_of_at_Least_X_"/>
    <testcase time="0.694000000000003" classname="table_aet04" name="AET04_variant_9_is_produced_correctly_with_a_Difference_in_Incidence_Rate_of_at_Least_X_"/>
    <testcase time="0.0100000000000051" classname="table_aet04" name="AET04_variant_11_is_produced_correctly_with_Incidence_Rate_of_at_Least_X_all_SOCs_w_o_preferred_terms_removed_"/>
    <testcase time="0.293999999999997" classname="table_aet04" name="AET04_variant_11_is_produced_correctly_with_Incidence_Rate_of_at_Least_X_all_SOCs_w_o_preferred_terms_removed_"/>
    <testcase time="0.694000000000003" classname="table_aet04" name="AET04_variant_11_is_produced_correctly_with_Incidence_Rate_of_at_Least_X_all_SOCs_w_o_preferred_terms_removed_"/>
  </testsuite>
  <testsuite name="table_aet04_pi" timestamp="2024-11-07T02:00:53Z" hostname="c2a54daccfbe" tests="18" skipped="0" failures="0" errors="0" time="6.004">
    <testcase time="0.513999999999996" classname="table_aet04_pi" name="AET04_PI_full_table_is_produced_correctly"/>
    <testcase time="0.210999999999999" classname="table_aet04_pi" name="AET04_PI_full_table_is_produced_correctly"/>
    <testcase time="0.558000000000007" classname="table_aet04_pi" name="AET04_PI_variant_1_is_produced_correctly"/>
    <testcase time="0.168999999999997" classname="table_aet04_pi" name="AET04_PI_variant_1_is_produced_correctly"/>
    <testcase time="0.536999999999992" classname="table_aet04_pi" name="AET04_PI_variant_2_is_produced_correctly"/>
    <testcase time="0.106999999999999" classname="table_aet04_pi" name="AET04_PI_variant_2_is_produced_correctly"/>
    <testcase time="0.545000000000002" classname="table_aet04_pi" name="AET04_PI_variant_3_is_produced_correctly"/>
    <testcase time="0.122" classname="table_aet04_pi" name="AET04_PI_variant_3_is_produced_correctly"/>
    <testcase time="0.543000000000006" classname="table_aet04_pi" name="AET04_PI_variant_4_is_produced_correctly"/>
    <testcase time="0.0930000000000035" classname="table_aet04_pi" name="AET04_PI_variant_4_is_produced_correctly"/>
    <testcase time="0.539000000000001" classname="table_aet04_pi" name="AET04_PI_variant_5_is_produced_correctly"/>
    <testcase time="0.147999999999996" classname="table_aet04_pi" name="AET04_PI_variant_5_is_produced_correctly"/>
    <testcase time="0.670999999999992" classname="table_aet04_pi" name="AET04_PI_variant_6_is_produced_correctly"/>
    <testcase time="0.143000000000001" classname="table_aet04_pi" name="AET04_PI_variant_6_is_produced_correctly"/>
    <testcase time="0.669000000000011" classname="table_aet04_pi" name="AET04_PI_variant_7_is_produced_correctly"/>
    <testcase time="0.151999999999987" classname="table_aet04_pi" name="AET04_PI_variant_7_is_produced_correctly"/>
    <testcase time="0.166000000000011" classname="table_aet04_pi" name="AET04_PI_variant_8_is_produced_correctly"/>
    <testcase time="0.11699999999999" classname="table_aet04_pi" name="AET04_PI_variant_8_is_produced_correctly"/>
  </testsuite>
  <testsuite name="table_aet05" timestamp="2024-11-07T02:00:59Z" hostname="c2a54daccfbe" tests="4" skipped="0" failures="0" errors="0" time="0.263">
    <testcase time="0.0769999999999982" classname="table_aet05" name="AET05_variant_1_is_produced_correctly"/>
    <testcase time="0.0740000000000123" classname="table_aet05" name="AET05_variant_1_is_produced_correctly"/>
    <testcase time="0.0539999999999878" classname="table_aet05" name="AET05_variant_2_is_produced_correctly"/>
    <testcase time="0.0580000000000069" classname="table_aet05" name="AET05_variant_2_is_produced_correctly"/>
  </testsuite>
  <testsuite name="table_aet05_all" timestamp="2024-11-07T02:01:00Z" hostname="c2a54daccfbe" tests="4" skipped="0" failures="0" errors="0" time="0.283">
    <testcase time="0.0990000000000038" classname="table_aet05_all" name="AET05_ALL_variant_1_is_produced_correctly"/>
    <testcase time="0.0720000000000027" classname="table_aet05_all" name="AET05_ALL_variant_1_is_produced_correctly"/>
    <testcase time="0.0539999999999878" classname="table_aet05_all" name="AET05_ALL_variant_2_is_produced_correctly"/>
    <testcase time="0.0580000000000069" classname="table_aet05_all" name="AET05_ALL_variant_2_is_produced_correctly"/>
  </testsuite>
  <testsuite name="table_aet06" timestamp="2024-11-07T02:01:00Z" hostname="c2a54daccfbe" tests="6" skipped="0" failures="0" errors="0" time="3.536">
    <testcase time="0.551999999999992" classname="table_aet06" name="AET06_variant_1_is_produced_correctly"/>
    <testcase time="0.220000000000013" classname="table_aet06" name="AET06_variant_1_is_produced_correctly"/>
    <testcase time="0.911999999999992" classname="table_aet06" name="AET06_variant_3_is_produced_correctly"/>
    <testcase time="0.319000000000003" classname="table_aet06" name="AET06_variant_3_is_produced_correctly"/>
    <testcase time="1.15599999999999" classname="table_aet06" name="AET06_variant_5_is_produced_correctly"/>
    <testcase time="0.37700000000001" classname="table_aet06" name="AET06_variant_5_is_produced_correctly"/>
  </testsuite>
  <testsuite name="table_aet06_smq" timestamp="2024-11-07T02:01:03Z" hostname="c2a54daccfbe" tests="4" skipped="0" failures="0" errors="0" time="0.954">
    <testcase time="0.332999999999998" classname="table_aet06_smq" name="AET06_SMQ_variant_1_is_produced_correctly"/>
    <testcase time="0.146000000000001" classname="table_aet06_smq" name="AET06_SMQ_variant_1_is_produced_correctly"/>
    <testcase time="0.334000000000003" classname="table_aet06_smq" name="AET06_SMQ_variant_2_is_produced_correctly"/>
    <testcase time="0.140999999999991" classname="table_aet06_smq" name="AET06_SMQ_variant_2_is_produced_correctly"/>
  </testsuite>
  <testsuite name="table_aet07" timestamp="2024-11-07T02:01:04Z" hostname="c2a54daccfbe" tests="4" skipped="0" failures="0" errors="0" time="0.212">
    <testcase time="0.0499999999999972" classname="table_aet07" name="AET07_variant_1_is_produced_correctly"/>
    <testcase time="0.0420000000000016" classname="table_aet07" name="AET07_variant_1_is_produced_correctly"/>
    <testcase time="0.0460000000000065" classname="table_aet07" name="AET07_variant_2_is_produced_correctly"/>
    <testcase time="0.0739999999999981" classname="table_aet07" name="AET07_variant_2_is_produced_correctly"/>
  </testsuite>
  <testsuite name="table_aet09" timestamp="2024-11-07T02:01:05Z" hostname="c2a54daccfbe" tests="4" skipped="0" failures="0" errors="0" time="1.832">
    <testcase time="0.506" classname="table_aet09" name="AET09_variant_1_is_produced_correctly_AE_related_to_study_drug"/>
    <testcase time="0.177999999999997" classname="table_aet09" name="AET09_variant_1_is_produced_correctly_AE_related_to_study_drug"/>
    <testcase time="0.861000000000004" classname="table_aet09" name="AET09_variant_2_is_produced_correctly_AE_related_to_study_drug_including_high_level_terms_"/>
    <testcase time="0.286999999999992" classname="table_aet09" name="AET09_variant_2_is_produced_correctly_AE_related_to_study_drug_including_high_level_terms_"/>
  </testsuite>
  <testsuite name="table_aet09_smq" timestamp="2024-11-07T02:01:06Z" hostname="c2a54daccfbe" tests="4" skipped="0" failures="0" errors="0" time="0.476">
    <testcase time="0.111000000000004" classname="table_aet09_smq" name="AET09_variant_1_AEs_related_to_study_drug_by_SMQ_is_produced_correctly"/>
    <testcase time="0.0670000000000073" classname="table_aet09_smq" name="AET09_variant_1_AEs_related_to_study_drug_by_SMQ_is_produced_correctly"/>
    <testcase time="0.194999999999993" classname="table_aet09_smq" name="AET09_variant_2_AEs_related_to_study_drug_by_SMQ_with_customized_queries_is_produced_correctly"/>
    <testcase time="0.103000000000009" classname="table_aet09_smq" name="AET09_variant_2_AEs_related_to_study_drug_by_SMQ_with_customized_queries_is_produced_correctly"/>
  </testsuite>
  <testsuite name="table_aet10" timestamp="2024-11-07T02:01:07Z" hostname="c2a54daccfbe" tests="2" skipped="0" failures="0" errors="0" time="0.151">
    <testcase time="0.0959999999999894" classname="table_aet10" name="AET10_default_variant_is_produced_correctly"/>
    <testcase time="0.0550000000000068" classname="table_aet10" name="AET10_default_variant_is_produced_correctly"/>
  </testsuite>
  <testsuite name="table_aovt01" timestamp="2024-11-07T02:01:07Z" hostname="c2a54daccfbe" tests="4" skipped="0" failures="0" errors="0" time="1.102">
    <testcase time="0.328000000000003" classname="table_aovt01" name="AOVT01_variant_with_single_endpoint_is_produced_correctly"/>
    <testcase time="0.0939999999999941" classname="table_aovt01" name="AOVT01_variant_with_single_endpoint_is_produced_correctly"/>
    <testcase time="0.525999999999996" classname="table_aovt01" name="AOVT01_variant_with_multiple_endpoints_is_produced_correctly"/>
    <testcase time="0.154000000000011" classname="table_aovt01" name="AOVT01_variant_with_multiple_endpoints_is_produced_correctly"/>
  </testsuite>
  <testsuite name="table_aovt02" timestamp="2024-11-07T02:01:08Z" hostname="c2a54daccfbe" tests="2" skipped="0" failures="0" errors="0" time="0.379">
    <testcase time="0.297999999999988" classname="table_aovt02" name="AOVT02_is_produced_correctly"/>
    <testcase time="0.0810000000000031" classname="table_aovt02" name="AOVT02_is_produced_correctly"/>
  </testsuite>
  <testsuite name="table_aovt03" timestamp="2024-11-07T02:01:09Z" hostname="c2a54daccfbe" tests="2" skipped="0" failures="0" errors="0" time="0.809">
    <testcase time="0.644999999999996" classname="table_aovt03" name="AOVT03_is_produced_correctly"/>
    <testcase time="0.164000000000001" classname="table_aovt03" name="AOVT03_is_produced_correctly"/>
  </testsuite>
  <testsuite name="table_cfbt01" timestamp="2024-11-07T02:01:09Z" hostname="c2a54daccfbe" tests="2" skipped="0" failures="0" errors="0" time="0.63">
    <testcase time="0.404000000000011" classname="table_cfbt01" name="CFBT01_default_variant_is_produced_correctly"/>
    <testcase time="0.225999999999999" classname="table_cfbt01" name="CFBT01_default_variant_is_produced_correctly"/>
  </testsuite>
  <testsuite name="table_cmht01" timestamp="2024-11-07T02:01:10Z" hostname="c2a54daccfbe" tests="4" skipped="0" failures="0" errors="0" time="1.626">
    <testcase time="0.381999999999991" classname="table_cmht01" name="CMHT01_variant_1_is_produced_correctly"/>
    <testcase time="0.0829999999999984" classname="table_cmht01" name="CMHT01_variant_1_is_produced_correctly"/>
    <testcase time="0.906000000000006" classname="table_cmht01" name="CMHT01_variant_2_is_produced_correctly"/>
    <testcase time="0.254999999999995" classname="table_cmht01" name="CMHT01_variant_2_is_produced_correctly"/>
  </testsuite>
  <testsuite name="table_cmt01" timestamp="2024-11-07T02:01:12Z" hostname="c2a54daccfbe" tests="8" skipped="0" failures="0" errors="0" time="3.557">
    <testcase time="0.597000000000008" classname="table_cmt01" name="CMT01_default_variant_Concomitant_medications_is_produced_correctly"/>
    <testcase time="0.277999999999992" classname="table_cmt01" name="CMT01_default_variant_Concomitant_medications_is_produced_correctly"/>
    <testcase time="0.665000000000006" classname="table_cmt01" name="CMT01_variant_1_prior_medications_is_produced_correctly"/>
    <testcase time="0.307000000000002" classname="table_cmt01" name="CMT01_variant_1_prior_medications_is_produced_correctly"/>
    <testcase time="0.563999999999993" classname="table_cmt01" name="CMT01_variant_3_Concomitant_medications_is_produced_correctly"/>
    <testcase time="0.249000000000009" classname="table_cmt01" name="CMT01_variant_3_Concomitant_medications_is_produced_correctly"/>
    <testcase time="0.603999999999999" classname="table_cmt01" name="CMT01_variant_4_Concomitant_medications_is_produced_correctly"/>
    <testcase time="0.292999999999992" classname="table_cmt01" name="CMT01_variant_4_Concomitant_medications_is_produced_correctly"/>
  </testsuite>
  <testsuite name="table_cmt01a" timestamp="2024-11-07T02:01:15Z" hostname="c2a54daccfbe" tests="8" skipped="0" failures="0" errors="0" time="5.22">
    <testcase time="1.17100000000001" classname="table_cmt01a" name="CMT01A_variant_1_is_produced_correctly"/>
    <testcase time="0.256" classname="table_cmt01a" name="CMT01A_variant_1_is_produced_correctly"/>
    <testcase time="1.02199999999999" classname="table_cmt01a" name="CMT01A_variant_2_is_produced_correctly"/>
    <testcase time="0.256" classname="table_cmt01a" name="CMT01A_variant_2_is_produced_correctly"/>
    <testcase time="1.024" classname="table_cmt01a" name="CMT01A_variant_3_is_produced_correctly"/>
    <testcase time="0.26100000000001" classname="table_cmt01a" name="CMT01A_variant_3_is_produced_correctly"/>
    <testcase time="0.983999999999995" classname="table_cmt01a" name="CMT01A_variant_4_is_produced_correctly"/>
    <testcase time="0.245999999999995" classname="table_cmt01a" name="CMT01A_variant_4_is_produced_correctly"/>
  </testsuite>
  <testsuite name="table_cmt01b" timestamp="2024-11-07T02:01:21Z" hostname="c2a54daccfbe" tests="6" skipped="0" failures="0" errors="0" time="5.132">
    <testcase time="1.717" classname="table_cmt01b" name="CMT01B_variant_1_is_produced_correctly"/>
    <testcase time="0.334000000000003" classname="table_cmt01b" name="CMT01B_variant_1_is_produced_correctly"/>
    <testcase time="1.07000000000001" classname="table_cmt01b" name="CMT01B_variant_2_is_produced_correctly"/>
    <testcase time="0.272999999999996" classname="table_cmt01b" name="CMT01B_variant_2_is_produced_correctly"/>
    <testcase time="1.373" classname="table_cmt01b" name="CMT01B_variant_4_is_produced_correctly"/>
    <testcase time="0.364999999999995" classname="table_cmt01b" name="CMT01B_variant_4_is_produced_correctly"/>
  </testsuite>
  <testsuite name="table_cmt02_pt" timestamp="2024-11-07T02:01:26Z" hostname="c2a54daccfbe" tests="2" skipped="0" failures="0" errors="0" time="0.554">
    <testcase time="0.376999999999995" classname="table_cmt02_pt" name="CMT02_PT_default_variant_is_produced_correctly"/>
    <testcase time="0.177000000000007" classname="table_cmt02_pt" name="CMT02_PT_default_variant_is_produced_correctly"/>
  </testsuite>
  <testsuite name="table_coxt01" timestamp="2024-11-07T02:01:26Z" hostname="c2a54daccfbe" tests="8" skipped="0" failures="0" errors="0" time="1.677">
    <testcase time="0.256999999999991" classname="table_coxt01" name="1._Cox_Regression"/>
    <testcase time="0.0710000000000122" classname="table_coxt01" name="1._Cox_Regression"/>
    <testcase time="0.336999999999989" classname="table_coxt01" name="2._Cox_Regression_with_Interaction_Term_"/>
    <testcase time="0.0960000000000036" classname="table_coxt01" name="2._Cox_Regression_with_Interaction_Term_"/>
    <testcase time="0.340000000000003" classname="table_coxt01" name="3._Cox_Regression_specifying_covariates_"/>
    <testcase time="0.102999999999994" classname="table_coxt01" name="3._Cox_Regression_specifying_covariates_"/>
    <testcase time="0.370000000000005" classname="table_coxt01" name="4._Cox_Regression_setting_strata_ties_and_alpha_level_"/>
    <testcase time="0.102999999999994" classname="table_coxt01" name="4._Cox_Regression_setting_strata_ties_and_alpha_level_"/>
  </testsuite>
  <testsuite name="table_coxt02" timestamp="2024-11-07T02:01:28Z" hostname="c2a54daccfbe" tests="4" skipped="0" failures="0" errors="0" time="0.651">
    <testcase time="0.257000000000005" classname="table_coxt02" name="COXT02_default_variant_1_is_produced_correctly"/>
    <testcase time="0.0900000000000034" classname="table_coxt02" name="COXT02_default_variant_1_is_produced_correctly"/>
    <testcase time="0.236999999999995" classname="table_coxt02" name="COXT02_variant_5_is_produced_correctly"/>
    <testcase time="0.0670000000000073" classname="table_coxt02" name="COXT02_variant_5_is_produced_correctly"/>
  </testsuite>
  <testsuite name="table_disclosures" timestamp="2024-11-07T02:01:28Z" hostname="c2a54daccfbe" tests="12" skipped="0" failures="0" errors="0" time="1.83">
    <testcase time="0.172999999999988" classname="table_disclosures" name="Patient_Disposition_table_is_produced_correctly"/>
    <testcase time="0.0870000000000033" classname="table_disclosures" name="Patient_Disposition_table_is_produced_correctly"/>
    <testcase time="0.191000000000003" classname="table_disclosures" name="Demographic_table_is_produced_correctly"/>
    <testcase time="0.150000000000006" classname="table_disclosures" name="Demographic_table_is_produced_correctly"/>
    <testcase time="0.0859999999999985" classname="table_disclosures" name="Enrollment_by_Country_Table_is_produced_correctly"/>
    <testcase time="0.0990000000000038" classname="table_disclosures" name="Enrollment_by_Country_Table_is_produced_correctly"/>
    <testcase time="0.0739999999999981" classname="table_disclosures" name="Death_table_is_produced_correctly"/>
    <testcase time="0.0549999999999926" classname="table_disclosures" name="Death_table_is_produced_correctly"/>
    <testcase time="0.304000000000002" classname="table_disclosures" name="Table_of_Serious_Adverse_Events_is_produced_correctly_for_one_specific_treatment_arm_"/>
    <testcase time="0.0879999999999939" classname="table_disclosures" name="Table_of_Serious_Adverse_Events_is_produced_correctly_for_one_specific_treatment_arm_"/>
    <testcase time="0.391000000000005" classname="table_disclosures" name="Table_of_Non_Serious_Adverse_Events_is_produced_correctly"/>
    <testcase time="0.132000000000005" classname="table_disclosures" name="Table_of_Non_Serious_Adverse_Events_is_produced_correctly"/>
  </testsuite>
  <testsuite name="table_dmt01" timestamp="2024-11-07T02:01:31Z" hostname="c2a54daccfbe" tests="10" skipped="0" failures="0" errors="0" time="2.619">
    <testcase time="1.095" classname="table_dmt01" name="DMT01_variant_1_is_produced_correctly"/>
    <testcase time="0.173999999999992" classname="table_dmt01" name="DMT01_variant_1_is_produced_correctly"/>
    <testcase time="0.200000000000003" classname="table_dmt01" name="DMT01_variant_2_is_produced_correctly"/>
    <testcase time="0.149000000000001" classname="table_dmt01" name="DMT01_variant_2_is_produced_correctly"/>
    <testcase time="0.227999999999994" classname="table_dmt01" name="DMT01_variant_3_is_produced_correctly"/>
    <testcase time="0.167000000000002" classname="table_dmt01" name="DMT01_variant_3_is_produced_correctly"/>
    <testcase time="0.178000000000011" classname="table_dmt01" name="DMT01_variant_4_is_produced_correctly"/>
    <testcase time="0.152999999999992" classname="table_dmt01" name="DMT01_variant_4_is_produced_correctly"/>
    <testcase time="0.143000000000001" classname="table_dmt01" name="DMT01_variant_5_is_produced_correctly"/>
    <testcase time="0.132000000000005" classname="table_dmt01" name="DMT01_variant_5_is_produced_correctly"/>
  </testsuite>
  <testsuite name="table_dort01" timestamp="2024-11-07T02:01:33Z" hostname="c2a54daccfbe" tests="8" skipped="0" failures="0" errors="0" time="1.44">
    <testcase time="0.271999999999991" classname="table_dort01" name="DORT01_variant_1_is_produced_correctly"/>
    <testcase time="0.109000000000009" classname="table_dort01" name="DORT01_variant_1_is_produced_correctly"/>
    <testcase time="0.269999999999996" classname="table_dort01" name="DORT01_variant_2_selecting_sectons_is_produced_correctly"/>
    <testcase time="0.0990000000000038" classname="table_dort01" name="DORT01_variant_2_selecting_sectons_is_produced_correctly"/>
    <testcase time="0.24199999999999" classname="table_dort01" name="DORT01_variant_3_modifying_conftype_and_alpha_level_is_produced_correctly"/>
    <testcase time="0.109999999999999" classname="table_dort01" name="DORT01_variant_3_modifying_conftype_and_alpha_level_is_produced_correctly"/>
    <testcase time="0.242000000000004" classname="table_dort01" name="DORT01_variant_4_modifying_time_point_for_the_xx_duration_is_produced_correctly"/>
    <testcase time="0.0960000000000036" classname="table_dort01" name="DORT01_variant_4_modifying_time_point_for_the_xx_duration_is_produced_correctly"/>
  </testsuite>
  <testsuite name="table_dst01" timestamp="2024-11-07T02:01:34Z" hostname="c2a54daccfbe" tests="6" skipped="0" failures="0" errors="0" time="0.735">
    <testcase time="0.138000000000005" classname="table_dst01" name="DST01_default_variant_is_produced_correctly"/>
    <testcase time="0.0899999999999892" classname="table_dst01" name="DST01_default_variant_is_produced_correctly"/>
    <testcase time="0.204000000000008" classname="table_dst01" name="DST01_variants_2_and_3_are_produced_correctly"/>
    <testcase time="0.109999999999999" classname="table_dst01" name="DST01_variants_2_and_3_are_produced_correctly"/>
    <testcase time="0.0699999999999932" classname="table_dst01" name="DST01_variants_2_and_3_are_produced_correctly"/>
    <testcase time="0.123000000000005" classname="table_dst01" name="DST01_variants_2_and_3_are_produced_correctly"/>
  </testsuite>
  <testsuite name="table_dtht01" timestamp="2024-11-07T02:01:35Z" hostname="c2a54daccfbe" tests="8" skipped="0" failures="0" errors="0" time="1.119">
    <testcase time="0.111999999999995" classname="table_dtht01" name="DTHT01_variant_1_is_produced_correctly"/>
    <testcase time="0.0810000000000031" classname="table_dtht01" name="DTHT01_variant_1_is_produced_correctly"/>
    <testcase time="0.248000000000005" classname="table_dtht01" name="DTHT01_variant_2_is_produced_correctly"/>
    <testcase time="0.143999999999991" classname="table_dtht01" name="DTHT01_variant_2_is_produced_correctly"/>
    <testcase time="0.157000000000011" classname="table_dtht01" name="DTHT01_variant_3_is_produced_correctly"/>
    <testcase time="0.090999999999994" classname="table_dtht01" name="DTHT01_variant_3_is_produced_correctly"/>
    <testcase time="0.174000000000007" classname="table_dtht01" name="DTHT01_variant_4_is_produced_correctly"/>
    <testcase time="0.111999999999995" classname="table_dtht01" name="DTHT01_variant_4_is_produced_correctly"/>
  </testsuite>
  <testsuite name="table_egt01" timestamp="2024-11-07T02:01:37Z" hostname="c2a54daccfbe" tests="2" skipped="0" failures="0" errors="0" time="3.1">
    <testcase time="2.408" classname="table_egt01" name="EGT01_default_variant_is_produced_correctly"/>
    <testcase time="0.691999999999993" classname="table_egt01" name="EGT01_default_variant_is_produced_correctly"/>
  </testsuite>
  <testsuite name="table_egt02" timestamp="2024-11-07T02:01:41Z" hostname="c2a54daccfbe" tests="4" skipped="0" failures="0" errors="0" time="1.783">
    <testcase time="1.46900000000001" classname="table_egt02" name="_EGT02_1._Regardless_of_Abnormality_at_Baseline"/>
    <testcase time="0.0829999999999984" classname="table_egt02" name="_EGT02_1._Regardless_of_Abnormality_at_Baseline"/>
    <testcase time="0.156000000000006" classname="table_egt02" name="_EGT02_2._Among_Subjects_Without_Abnormality_at_Baseline"/>
    <testcase time="0.0749999999999886" classname="table_egt02" name="_EGT02_2._Among_Subjects_Without_Abnormality_at_Baseline"/>
  </testsuite>
  <testsuite name="table_egt03" timestamp="2024-11-07T02:01:41Z" hostname="c2a54daccfbe" tests="8" skipped="0" failures="0" errors="0" time="1.087">
    <testcase time="0.191000000000003" classname="table_egt03" name="EGT03_variant_1_is_produced_correctly"/>
    <testcase time="0.120999999999995" classname="table_egt03" name="EGT03_variant_1_is_produced_correctly"/>
    <testcase time="0.103000000000009" classname="table_egt03" name="EGT03_variant_2_is_produced_correctly"/>
    <testcase time="0.0870000000000033" classname="table_egt03" name="EGT03_variant_2_is_produced_correctly"/>
    <testcase time="0.179999999999993" classname="table_egt03" name="EGT03_variant_3_is_produced_correctly"/>
    <testcase time="0.112000000000009" classname="table_egt03" name="EGT03_variant_3_is_produced_correctly"/>
    <testcase time="0.179999999999993" classname="table_egt03" name="EGT03_variant_4_is_produced_correctly"/>
    <testcase time="0.113" classname="table_egt03" name="EGT03_variant_4_is_produced_correctly"/>
  </testsuite>
  <testsuite name="table_egt04" timestamp="2024-11-07T02:01:43Z" hostname="c2a54daccfbe" tests="2" skipped="0" failures="0" errors="0" time="1.477">
    <testcase time="1.392" classname="table_egt04" name="EGT04_default_variant_is_produced_correctly"/>
    <testcase time="0.085000000000008" classname="table_egt04" name="EGT04_default_variant_is_produced_correctly"/>
  </testsuite>
  <testsuite name="table_egt05_qtcat" timestamp="2024-11-07T02:01:45Z" hostname="c2a54daccfbe" tests="2" skipped="0" failures="0" errors="0" time="2.001">
    <testcase time="1.59" classname="table_egt05_qtcat" name="EGT05_QTCAT_default_variant_is_produced_correctly"/>
    <testcase time="0.410999999999987" classname="table_egt05_qtcat" name="EGT05_QTCAT_default_variant_is_produced_correctly"/>
  </testsuite>
  <testsuite name="table_ent" timestamp="2024-11-07T02:01:46Z" hostname="c2a54daccfbe" tests="8" skipped="0" failures="0" errors="0" time="12.73">
    <testcase time="3.093" classname="table_ent" name="ENT01_IT_is_produced_correctly"/>
    <testcase time="0.564000000000007" classname="table_ent" name="ENT01_IT_is_produced_correctly"/>
    <testcase time="2.066" classname="table_ent" name="ENT01a_IT_is_produced_correctly"/>
    <testcase time="0.529999999999987" classname="table_ent" name="ENT01a_IT_is_produced_correctly"/>
    <testcase time="3.22200000000001" classname="table_ent" name="ENT02_IT_is_produced_correctly"/>
    <testcase time="0.569999999999993" classname="table_ent" name="ENT02_IT_is_produced_correctly"/>
    <testcase time="2.14400000000001" classname="table_ent" name="ENT02a_IT_is_produced_correctly"/>
    <testcase time="0.540999999999997" classname="table_ent" name="ENT02a_IT_is_produced_correctly"/>
  </testsuite>
  <testsuite name="table_eudrat01" timestamp="2024-11-07T02:01:58Z" hostname="c2a54daccfbe" tests="2" skipped="0" failures="0" errors="0" time="0.604">
    <testcase time="0.462999999999994" classname="table_eudrat01" name="EUDRAT01_is_produced_correctly"/>
    <testcase time="0.14100000000002" classname="table_eudrat01" name="EUDRAT01_is_produced_correctly"/>
  </testsuite>
  <testsuite name="table_eudrat02" timestamp="2024-11-07T02:01:59Z" hostname="c2a54daccfbe" tests="2" skipped="0" failures="0" errors="0" time="0.464">
    <testcase time="0.36699999999999" classname="table_eudrat02" name="EUDRAT02_is_produced_correctly"/>
    <testcase time="0.0970000000000084" classname="table_eudrat02" name="EUDRAT02_is_produced_correctly"/>
  </testsuite>
  <testsuite name="table_ext01" timestamp="2024-11-07T02:02:00Z" hostname="c2a54daccfbe" tests="6" skipped="0" failures="3" errors="0" time="1.612">
    <testcase time="0.356999999999999" classname="table_ext01" name="EXT01_default_variant_with_numeric_parameters_is_produced_correctly"/>
    <testcase time="0.179000000000002" classname="table_ext01" name="EXT01_default_variant_with_numeric_parameters_is_produced_correctly">
      <failure type="failure" message="Snapshot of code has changed: ('test-table_ext01.R:85:3')">Snapshot of code has changed:
old[6:38] vs new[6:38]
    ———————————————————————————————————————————————————————————————————————————————————————————————————————
    Drug A                                                                                                 
      Overall duration (days)                                                                              
-       n                                              39                 43                    50         
+       n                                              44                 43                    52         
-       Mean (SD)                                 84.1 (40.5)        80.3 (43.5)            78.8 (41.4)    
+       Mean (SD)                                 82.8 (38.6)        74.1 (42.9)            81.9 (44.1)    
-       Median                                        81.0               81.0                  85.5        
+       Median                                        84.5               69.0                  88.5        
-       Min - Max                                 9.0 - 142.0        9.0 - 148.0            7.0 - 145.0    
+       Min - Max                                 7.0 - 142.0        9.0 - 148.0            1.0 - 149.0    
      Total number of doses administered                                                                   
-       n                                              39                 43                    50         
+       n                                              44                 43                    52         
-       Mean (SD)                                 141.6 (65.9)       109.3 (66.6)           90.3 (70.3)    
+       Mean (SD)                                 148.9 (61.8)       116.5 (63.8)           78.3 (70.6)    
-       Median                                       182.0               95.0                  71.5        
+       Median                                       182.0               99.0                  60.0        
-       Min - Max                                 0.0 - 210.0        15.0 - 190.0           0.0 - 193.0    
+       Min - Max                                 0.0 - 198.0        19.0 - 200.0           1.0 - 198.0    
      Total number of missed doses during study                                                            
-       n                                              39                 43                    50         
+       n                                              44                 43                    52         
-       Mean (SD)                                  10.2 (5.9)         9.8 (5.9)              9.4 (6.2)     
+       Mean (SD)                                  9.1 (6.0)          10.2 (5.8)             9.4 (5.9)     
-       Median                                        11.0               9.0                   10.0        
+       Median                                        9.0                10.0                  10.0        
-       Min - Max                                  0.0 - 20.0         0.0 - 20.0            0.0 - 20.0     
+       Min - Max                                  0.0 - 20.0         1.0 - 20.0            0.0 - 20.0     
    Drug B                                                                                                 
      Overall duration (days)                                                                              
-       n                                              47                 29                    46         
+       n                                              42                 29                    44         
-       Mean (SD)                                 68.6 (33.8)        78.4 (42.1)            79.8 (44.9)    
+       Mean (SD)                                 68.1 (35.4)        87.6 (41.8)            76.3 (41.8)    
-       Median                                        65.0               69.0                  82.5        
+       Median                                        64.5               85.0                  77.5        
-       Min - Max                                 7.0 - 134.0        11.0 - 148.0           1.0 - 149.0    
+       Min - Max                                 9.0 - 139.0        28.0 - 148.0          12.0 - 148.0    
      Total number of doses administered                                                                   
-       n                                              47                 29                    46         
+       n                                              42                 29                    44         
-       Mean (SD)                                 153.0 (59.1)       116.5 (64.8)           81.1 (71.5)    
+       Mean (SD)                                 146.6 (63.2)       105.9 (68.6)           94.9 (70.4)    
-       Median                                       182.0              114.0                  60.5        
+       Median                                       182.0               83.0                  76.5        
-       Min - Max                                 7.0 - 198.0        22.0 - 200.0           1.0 - 212.0    
+       Min - Max                                 14.0 - 210.0       15.0 - 196.0           0.0 - 212.0    
      Total number of missed doses during study                                                            
-       n                                              47                 29                    46         
+       n                                              42                 29                    44         
-       Mean (SD)                                  9.1 (6.5)          10.7 (6.1)            10.2 (6.5)     
+       Mean (SD)                                  10.2 (6.5)         10.1 (6.3)            10.1 (6.9)     
-       Median                                        9.0                12.0                  10.0        
+       Median                                        10.5               10.0                  10.0        
-       Min - Max                                  0.0 - 20.0         1.0 - 20.0            0.0 - 20.0     
+       Min - Max                                  0.0 - 20.0         0.0 - 20.0            0.0 - 20.0     

* Run `testthat::snapshot_accept('table_ext01')` to accept the change.
* Run `testthat::snapshot_review('table_ext01')` to interactively review the change.</failure>
    </testcase>
    <testcase time="0.270999999999987" classname="table_ext01" name="EXT01_variant_with_both_numeric_and_categorical_parameters"/>
    <testcase time="0.216000000000008" classname="table_ext01" name="EXT01_variant_with_both_numeric_and_categorical_parameters">
      <failure type="failure" message="Snapshot of code has changed: ('test-table_ext01.R:129:3')">Snapshot of code has changed:
old[6:50] vs new[6:50]
    ————————————————————————————————————————————————————————————————————————————————————————————————
    Drug A                                                                                          
      Overall duration (days)                                                                       
-       n                                       39                 43                    50         
+       n                                       44                 43                    52         
-       Mean (SD)                          84.1 (40.5)        80.3 (43.5)            78.8 (41.4)    
+       Mean (SD)                          82.8 (38.6)        74.1 (42.9)            81.9 (44.1)    
-       Median                                 81.0               81.0                  85.5        
+       Median                                 84.5               69.0                  88.5        
-       Min - Max                          9.0 - 142.0        9.0 - 148.0            7.0 - 145.0    
+       Min - Max                          7.0 - 142.0        9.0 - 148.0            1.0 - 149.0    
      Overall duration (days)                                                                       
-       n                                       39                 43                    50         
+       n                                       44                 43                    52         
-       0 - 30                              4 (10.3%)           6 (14%)               10 (20%)      
+       0 - 30                              5 (11.4%)          9 (20.9%)              9 (17.3%)     
-       31 - 60                             6 (15.4%)          10 (23.3%)              8 (16%)      
+       31 - 60                             6 (13.6%)          10 (23.3%)             8 (15.4%)     
-       61 - 90                             13 (33.3%)         9 (20.9%)              12 (24%)      
+       61 - 90                             15 (34.1%)         8 (18.6%)             11 (21.2%)     
-       &gt;= 91                                16 (41%)          18 (41.9%)             20 (40%)      
+       &gt;= 91                               18 (40.9%)         16 (37.2%)            24 (46.2%)     
      Total dose administered                                                                       
-       n                                       39                 43                    50         
+       n                                       44                 43                    52         
-       Mean (SD)                           0.0 (0.0)       8305.3 (5230.6)        4877.3 (3798.0)  
+       Mean (SD)                           0.0 (0.0)       8874.2 (5018.7)        4228.6 (3813.8)  
-       Median                                 0.0               7263.0                3861.0       
+       Median                                 0.0               7452.0                3240.0       
-       Min - Max                           0.0 - 0.0       810.0 - 14607.0         0.0 - 10422.0   
+       Min - Max                           0.0 - 0.0       1134.0 - 15417.0       54.0 - 10692.0   
      Total number of doses administered                                                            
-       n                                       39                 43                    50         
+       n                                       44                 43                    52         
-       Mean (SD)                          141.6 (65.9)       109.3 (66.6)           90.3 (70.3)    
+       Mean (SD)                          148.9 (61.8)       116.5 (63.8)           78.3 (70.6)    
-       Median                                182.0               95.0                  71.5        
+       Median                                182.0               99.0                  60.0        
-       Min - Max                          0.0 - 210.0        15.0 - 190.0           0.0 - 193.0    
+       Min - Max                          0.0 - 198.0        19.0 - 200.0           1.0 - 198.0    
    Drug B                                                                                          
      Overall duration (days)                                                                       
-       n                                       47                 29                    46         
+       n                                       42                 29                    44         
-       Mean (SD)                          68.6 (33.8)        78.4 (42.1)            79.8 (44.9)    
+       Mean (SD)                          68.1 (35.4)        87.6 (41.8)            76.3 (41.8)    
-       Median                                 65.0               69.0                  82.5        
+       Median                                 64.5               85.0                  77.5        
-       Min - Max                          7.0 - 134.0        11.0 - 148.0           1.0 - 149.0    
+       Min - Max                          9.0 - 139.0        28.0 - 148.0          12.0 - 148.0    
      Overall duration (days)                                                                       
-       n                                       47                 29                    46         
+       n                                       42                 29                    44         
-       0 - 30                               8 (17%)           5 (17.2%)              7 (15.2%)     
+       0 - 30                              7 (16.7%)           2 (6.9%)              8 (18.2%)     
-       31 - 60                             13 (27.7%)         7 (24.1%)             10 (21.7%)     
+       31 - 60                              13 (31%)          7 (24.1%)             10 (22.7%)     
-       61 - 90                             11 (23.4%)         6 (20.7%)              9 (19.6%)     
+       61 - 90                             9 (21.4%)          7 (24.1%)             10 (22.7%)     
-       &gt;= 91                               15 (31.9%)         11 (37.9%)            20 (43.5%)     
+       &gt;= 91                                13 (31%)          13 (44.8%)            16 (36.4%)     
      Total dose administered                                                                       
-       n                                       47                 29                    46         
+       n                                       42                 29                    44         
-       Mean (SD)                           0.0 (0.0)       8395.1 (5203.2)        4379.9 (3859.6)  
+       Mean (SD)                           0.0 (0.0)       7551.6 (5408.6)        5123.9 (3803.9)  
-       Median                                 0.0               6966.0                3267.0       
+       Median                                 0.0               5103.0                4131.0       
-       Min - Max                           0.0 - 0.0       810.0 - 15417.0        54.0 - 11448.0   
+       Min - Max                           0.0 - 0.0       810.0 - 14931.0         0.0 - 11448.0   
      Total number of doses administered                                                            
-       n                                       47                 29                    46         
+       n                                       42                 29                    44         
-       Mean (SD)                          153.0 (59.1)       116.5 (64.8)           81.1 (71.5)    
+       Mean (SD)                          146.6 (63.2)       105.9 (68.6)           94.9 (70.4)    
-       Median                                182.0              114.0                  60.5        
+       Median                                182.0               83.0                  76.5        
-       Min - Max                          7.0 - 198.0        22.0 - 200.0           1.0 - 212.0    
+       Min - Max                          14.0 - 210.0       15.0 - 196.0           0.0 - 212.0    

* Run `testthat::snapshot_accept('table_ext01')` to accept the change.
* Run `testthat::snapshot_review('table_ext01')` to interactively review the change.</failure>
    </testcase>
    <testcase time="0.335000000000008" classname="table_ext01" name="EXT01_variant_with_user_specified_categories_for_missed_doses"/>
    <testcase time="0.253999999999991" classname="table_ext01" name="EXT01_variant_with_user_specified_categories_for_missed_doses">
      <failure type="failure" message="Snapshot of code has changed: ('test-table_ext01.R:178:3')">Snapshot of code has changed:
old[6:62] vs new[6:62]
    ————————————————————————————————————————————————————————————————————————————————————————————————
    Drug A                                                                                          
      Overall duration (days)                                                                       
-       n                                       39                 43                    50         
+       n                                       44                 43                    52         
-       Mean (SD)                          84.1 (40.5)        80.3 (43.5)            78.8 (41.4)    
+       Mean (SD)                          82.8 (38.6)        74.1 (42.9)            81.9 (44.1)    
-       Median                                 81.0               81.0                  85.5        
+       Median                                 84.5               69.0                  88.5        
-       Min - Max                          9.0 - 142.0        9.0 - 148.0            7.0 - 145.0    
+       Min - Max                          7.0 - 142.0        9.0 - 148.0            1.0 - 149.0    
      Overall duration (days)                                                                       
-       n                                       39                 43                    50         
+       n                                       44                 43                    52         
-       0 - 30                              4 (10.3%)           6 (14%)               10 (20%)      
+       0 - 30                              5 (11.4%)          9 (20.9%)              9 (17.3%)     
-       31 - 60                             6 (15.4%)          10 (23.3%)              8 (16%)      
+       31 - 60                             6 (13.6%)          10 (23.3%)             8 (15.4%)     
-       61 - 90                             13 (33.3%)         9 (20.9%)              12 (24%)      
+       61 - 90                             15 (34.1%)         8 (18.6%)             11 (21.2%)     
-       &gt;= 91                                16 (41%)          18 (41.9%)             20 (40%)      
+       &gt;= 91                               18 (40.9%)         16 (37.2%)            24 (46.2%)     
      Total dose administered                                                                       
-       n                                       39                 43                    50         
+       n                                       44                 43                    52         
-       Mean (SD)                           0.0 (0.0)       8305.3 (5230.6)        4877.3 (3798.0)  
+       Mean (SD)                           0.0 (0.0)       8874.2 (5018.7)        4228.6 (3813.8)  
-       Median                                 0.0               7263.0                3861.0       
+       Median                                 0.0               7452.0                3240.0       
-       Min - Max                           0.0 - 0.0       810.0 - 14607.0         0.0 - 10422.0   
+       Min - Max                           0.0 - 0.0       1134.0 - 15417.0       54.0 - 10692.0   
      Total number of doses administered                                                            
-       n                                       39                 43                    50         
+       n                                       44                 43                    52         
-       Mean (SD)                          141.6 (65.9)       109.3 (66.6)           90.3 (70.3)    
+       Mean (SD)                          148.9 (61.8)       116.5 (63.8)           78.3 (70.6)    
-       Median                                182.0               95.0                  71.5        
+       Median                                182.0               99.0                  60.0        
-       Min - Max                          0.0 - 210.0        15.0 - 190.0           0.0 - 193.0    
+       Min - Max                          0.0 - 198.0        19.0 - 200.0           1.0 - 198.0    
      Missed Doses                                                                                  
-       n                                       39                 43                    50         
+       n                                       44                 43                    52         
-       At least 1 missed dose               37 (43%)          42 (58.3%)             48 (50%)      
+       At least 1 missed dose              40 (46.5%)         43 (59.7%)            51 (53.1%)     
-       At least 5 missed doses             32 (37.2%)         34 (47.2%)            36 (37.5%)     
+       At least 5 missed doses             33 (38.4%)         34 (47.2%)            37 (38.5%)     
-       At least 10 missed doses            21 (24.4%)         20 (27.8%)            26 (27.1%)     
+       At least 10 missed doses            21 (24.4%)         23 (31.9%)            27 (28.1%)     
-       At least 15 missed doses            10 (11.6%)         13 (18.1%)            12 (12.5%)     
+       At least 15 missed doses             8 (9.3%)          16 (22.2%)            13 (13.5%)     
    Drug B                                                                                          
      Overall duration (days)                                                                       
-       n                                       47                 29                    46         
+       n                                       42                 29                    44         
-       Mean (SD)                          68.6 (33.8)        78.4 (42.1)            79.8 (44.9)    
+       Mean (SD)                          68.1 (35.4)        87.6 (41.8)            76.3 (41.8)    
-       Median                                 65.0               69.0                  82.5        
+       Median                                 64.5               85.0                  77.5        
-       Min - Max                          7.0 - 134.0        11.0 - 148.0           1.0 - 149.0    
+       Min - Max                          9.0 - 139.0        28.0 - 148.0          12.0 - 148.0    
      Overall duration (days)                                                                       
-       n                                       47                 29                    46         
+       n                                       42                 29                    44         
-       0 - 30                               8 (17%)           5 (17.2%)              7 (15.2%)     
+       0 - 30                              7 (16.7%)           2 (6.9%)              8 (18.2%)     
-       31 - 60                             13 (27.7%)         7 (24.1%)             10 (21.7%)     
+       31 - 60                              13 (31%)          7 (24.1%)             10 (22.7%)     
-       61 - 90                             11 (23.4%)         6 (20.7%)              9 (19.6%)     
+       61 - 90                             9 (21.4%)          7 (24.1%)             10 (22.7%)     
-       &gt;= 91                               15 (31.9%)         11 (37.9%)            20 (43.5%)     
+       &gt;= 91                                13 (31%)          13 (44.8%)            16 (36.4%)     
      Total dose administered                                                                       
-       n                                       47                 29                    46         
+       n                                       42                 29                    44         
-       Mean (SD)                           0.0 (0.0)       8395.1 (5203.2)        4379.9 (3859.6)  
+       Mean (SD)                           0.0 (0.0)       7551.6 (5408.6)        5123.9 (3803.9)  
-       Median                                 0.0               6966.0                3267.0       
+       Median                                 0.0               5103.0                4131.0       
-       Min - Max                           0.0 - 0.0       810.0 - 15417.0        54.0 - 11448.0   
+       Min - Max                           0.0 - 0.0       810.0 - 14931.0         0.0 - 11448.0   
      Total number of doses administered                                                            
-       n                                       47                 29                    46         
+       n                                       42                 29                    44         
-       Mean (SD)                          153.0 (59.1)       116.5 (64.8)           81.1 (71.5)    
+       Mean (SD)                          146.6 (63.2)       105.9 (68.6)           94.9 (70.4)    
-       Median                                182.0              114.0                  60.5        
+       Median                                182.0               83.0                  76.5        
-       Min - Max                          7.0 - 198.0        22.0 - 200.0           1.0 - 212.0    
+       Min - Max                          14.0 - 210.0       15.0 - 196.0           0.0 - 212.0    
      Missed Doses                                                                                  
-       n                                       47                 29                    46         
+       n                                       42                 29                    44         
-       At least 1 missed dose              42 (48.8%)         29 (40.3%)            42 (43.8%)     
+       At least 1 missed dose              39 (45.3%)         28 (38.9%)            39 (40.6%)     
-       At least 5 missed doses              31 (36%)          22 (30.6%)            33 (34.4%)     
+       At least 5 missed doses             30 (34.9%)         22 (30.6%)            32 (33.3%)     
-       At least 10 missed doses            22 (25.6%)          18 (25%)              24 (25%)      
+       At least 10 missed doses            22 (25.6%)         15 (20.8%)             23 (24%)      
-       At least 15 missed doses             12 (14%)          11 (15.3%)            16 (16.7%)     
+       At least 15 missed doses            14 (16.3%)         8 (11.1%)             15 (15.6%)     

* Run `testthat::snapshot_accept('table_ext01')` to accept the change.
* Run `testthat::snapshot_review('table_ext01')` to interactively review the change.</failure>
    </testcase>
  </testsuite>
  <testsuite name="table_lbt01" timestamp="2024-11-07T02:02:02Z" hostname="c2a54daccfbe" tests="2" skipped="0" failures="0" errors="0" time="2.024">
    <testcase time="1.50299999999999" classname="table_lbt01" name="LBT01_default_variant_is_produced_correctly"/>
    <testcase time="0.521000000000015" classname="table_lbt01" name="LBT01_default_variant_is_produced_correctly"/>
  </testsuite>
  <testsuite name="table_lbt02" timestamp="2024-11-07T02:02:03Z" hostname="c2a54daccfbe" tests="2" skipped="0" failures="0" errors="0" time="1.343">
    <testcase time="0.814999999999998" classname="table_lbt02" name="LBT02_default_variant_is_produced_correctly"/>
    <testcase time="0.527999999999992" classname="table_lbt02" name="LBT02_default_variant_is_produced_correctly"/>
  </testsuite>
  <testsuite name="table_lbt03" timestamp="2024-11-07T02:02:04Z" hostname="c2a54daccfbe" tests="2" skipped="0" failures="0" errors="0" time="0.291">
    <testcase time="0.197000000000003" classname="table_lbt03" name="LBT03_default_variant_is_produced_correctly"/>
    <testcase time="0.0939999999999941" classname="table_lbt03" name="LBT03_default_variant_is_produced_correctly"/>
  </testsuite>
  <testsuite name="table_lbt04" timestamp="2024-11-07T02:02:05Z" hostname="c2a54daccfbe" tests="2" skipped="0" failures="0" errors="0" time="1.274">
    <testcase time="1.071" classname="table_lbt04" name="LBT04_default_variant_is_produced_correctly"/>
    <testcase time="0.203000000000003" classname="table_lbt04" name="LBT04_default_variant_is_produced_correctly"/>
  </testsuite>
  <testsuite name="table_lbt05" timestamp="2024-11-07T02:02:07Z" hostname="c2a54daccfbe" tests="6" skipped="0" failures="0" errors="0" time="6.332">
    <testcase time="2.23500000000001" classname="table_lbt05" name="LBT05_variant_1_is_produced_correctly"/>
    <testcase time="0.37299999999999" classname="table_lbt05" name="LBT05_variant_1_is_produced_correctly"/>
    <testcase time="1.31200000000001" classname="table_lbt05" name="LBT05_variant_2_is_produced_correctly"/>
    <testcase time="0.478999999999985" classname="table_lbt05" name="LBT05_variant_2_is_produced_correctly"/>
    <testcase time="1.59700000000001" classname="table_lbt05" name="LBT05_variant_4_is_produced_correctly"/>
    <testcase time="0.336000000000013" classname="table_lbt05" name="LBT05_variant_4_is_produced_correctly"/>
  </testsuite>
  <testsuite name="table_lbt06" timestamp="2024-11-07T02:02:12Z" hostname="c2a54daccfbe" tests="2" skipped="0" failures="0" errors="0" time="0.506">
    <testcase time="0.337999999999994" classname="table_lbt06" name="LBT06_default_variant_is_produced_correctly"/>
    <testcase time="0.168000000000006" classname="table_lbt06" name="LBT06_default_variant_is_produced_correctly"/>
  </testsuite>
  <testsuite name="table_lbt07" timestamp="2024-11-07T02:02:13Z" hostname="c2a54daccfbe" tests="2" skipped="0" failures="0" errors="0" time="2.253">
    <testcase time="1.96799999999999" classname="table_lbt07" name="LBT07_is_produced_correctly"/>
    <testcase time="0.284999999999997" classname="table_lbt07" name="LBT07_is_produced_correctly"/>
  </testsuite>
  <testsuite name="table_lbt08" timestamp="2024-11-07T02:02:15Z" hostname="c2a54daccfbe" tests="2" skipped="0" failures="0" errors="0" time="0.365">
    <testcase time="0.254999999999995" classname="table_lbt08" name="LBT08_produce_correctly"/>
    <testcase time="0.110000000000014" classname="table_lbt08" name="LBT08_produce_correctly"/>
  </testsuite>
  <testsuite name="table_lbt09" timestamp="2024-11-07T02:02:15Z" hostname="c2a54daccfbe" tests="4" skipped="0" failures="0" errors="0" time="1.125">
    <testcase time="0.329999999999984" classname="table_lbt09" name="LBT09_variant_1_works_as_expected"/>
    <testcase time="0.254000000000019" classname="table_lbt09" name="LBT09_variant_1_works_as_expected"/>
    <testcase time="0.381" classname="table_lbt09" name="LBT09_variant_2_works_as_expected"/>
    <testcase time="0.159999999999997" classname="table_lbt09" name="LBT09_variant_2_works_as_expected"/>
  </testsuite>
  <testsuite name="table_lbt10" timestamp="2024-11-07T02:02:17Z" hostname="c2a54daccfbe" tests="4" skipped="0" failures="0" errors="0" time="1.21">
    <testcase time="0.665999999999997" classname="table_lbt10" name="LBT10_variant_1_works_as_expected"/>
    <testcase time="0.0699999999999932" classname="table_lbt10" name="LBT10_variant_1_works_as_expected"/>
    <testcase time="0.413999999999987" classname="table_lbt10" name="LBT10_variant_2_works_as_expected"/>
    <testcase time="0.0600000000000023" classname="table_lbt10" name="LBT10_variant_2_works_as_expected"/>
  </testsuite>
  <testsuite name="table_lbt10_bl" timestamp="2024-11-07T02:02:18Z" hostname="c2a54daccfbe" tests="4" skipped="0" failures="0" errors="0" time="0.487">
    <testcase time="0.233000000000004" classname="table_lbt10_bl" name="LBT10_BL_variant_1_works_as_expected"/>
    <testcase time="0.0700000000000216" classname="table_lbt10_bl" name="LBT10_BL_variant_1_works_as_expected"/>
    <testcase time="0.125" classname="table_lbt10_bl" name="LBT10_BL_variant_2_works_as_expected"/>
    <testcase time="0.0589999999999975" classname="table_lbt10_bl" name="LBT10_BL_variant_2_works_as_expected"/>
  </testsuite>
  <testsuite name="table_lbt11" timestamp="2024-11-07T02:02:18Z" hostname="c2a54daccfbe" tests="6" skipped="0" failures="0" errors="0" time="0.715">
    <testcase time="0.181999999999988" classname="table_lbt11" name="LBT11_variant_1_works_as_expected"/>
    <testcase time="0.0929999999999893" classname="table_lbt11" name="LBT11_variant_1_works_as_expected"/>
    <testcase time="0.0829999999999984" classname="table_lbt11" name="LBT11_variant_2_works_as_expected"/>
    <testcase time="0.092000000000013" classname="table_lbt11" name="LBT11_variant_2_works_as_expected"/>
    <testcase time="0.155000000000001" classname="table_lbt11" name="LBT11_variant_3_works_as_expected"/>
    <testcase time="0.109999999999985" classname="table_lbt11" name="LBT11_variant_3_works_as_expected"/>
  </testsuite>
  <testsuite name="table_lbt11_bl" timestamp="2024-11-07T02:02:19Z" hostname="c2a54daccfbe" tests="6" skipped="0" failures="0" errors="0" time="0.795">
    <testcase time="0.199000000000012" classname="table_lbt11_bl" name="LBT11_BL_variant_1_works_as_expected"/>
    <testcase time="0.0939999999999941" classname="table_lbt11_bl" name="LBT11_BL_variant_1_works_as_expected"/>
    <testcase time="0.116000000000014" classname="table_lbt11_bl" name="LBT11_BL_variant_2_works_as_expected"/>
    <testcase time="0.0809999999999889" classname="table_lbt11_bl" name="LBT11_BL_variant_2_works_as_expected"/>
    <testcase time="0.198000000000008" classname="table_lbt11_bl" name="LBT11_BL_variant_3_works_as_expected"/>
    <testcase time="0.106999999999999" classname="table_lbt11_bl" name="LBT11_BL_variant_3_works_as_expected"/>
  </testsuite>
  <testsuite name="table_lbt12" timestamp="2024-11-07T02:02:20Z" hostname="c2a54daccfbe" tests="2" skipped="0" failures="0" errors="0" time="0.378">
    <testcase time="0.295999999999992" classname="table_lbt12" name="LBT12_works_as_expected"/>
    <testcase time="0.0819999999999936" classname="table_lbt12" name="LBT12_works_as_expected"/>
  </testsuite>
  <testsuite name="table_lbt12_bl" timestamp="2024-11-07T02:02:20Z" hostname="c2a54daccfbe" tests="2" skipped="0" failures="0" errors="0" time="0.364">
    <testcase time="0.27600000000001" classname="table_lbt12_bl" name="LBT12_BL_works_as_expected"/>
    <testcase time="0.0879999999999939" classname="table_lbt12_bl" name="LBT12_BL_works_as_expected"/>
  </testsuite>
  <testsuite name="table_lbt13" timestamp="2024-11-07T02:02:21Z" hostname="c2a54daccfbe" tests="10" skipped="0" failures="0" errors="0" time="2.208">
    <testcase time="0.745000000000005" classname="table_lbt13" name="LBT13_variant_1_LOW_works_as_expected"/>
    <testcase time="0.0860000000000127" classname="table_lbt13" name="LBT13_variant_1_LOW_works_as_expected"/>
    <testcase time="0.147999999999996" classname="table_lbt13" name="LBT13_variant_2_HIGH_works_as_expected"/>
    <testcase time="0.063999999999993" classname="table_lbt13" name="LBT13_variant_2_HIGH_works_as_expected"/>
    <testcase time="0.230999999999995" classname="table_lbt13" name="LBT13_variant_3_LOW_without_baseline_missing_works_as_expected"/>
    <testcase time="0.0970000000000084" classname="table_lbt13" name="LBT13_variant_3_LOW_without_baseline_missing_works_as_expected"/>
    <testcase time="0.13300000000001" classname="table_lbt13" name="LBT13_variant_4_HIGH_with_missing_baseline_considered_as_grade_0_works_as_expected"/>
    <testcase time="0.0759999999999934" classname="table_lbt13" name="LBT13_variant_4_HIGH_with_missing_baseline_considered_as_grade_0_works_as_expected"/>
    <testcase time="0.400999999999982" classname="table_lbt13" name="LBT14_variant_5_HIGH_with_filled_in_grades_works_as_expected"/>
    <testcase time="0.227000000000004" classname="table_lbt13" name="LBT14_variant_5_HIGH_with_filled_in_grades_works_as_expected"/>
  </testsuite>
  <testsuite name="table_lbt14" timestamp="2024-11-07T02:02:23Z" hostname="c2a54daccfbe" tests="10" skipped="0" failures="0" errors="0" time="28.159">
    <testcase time="5.66800000000001" classname="table_lbt14" name="LBT14_variant_1_HIGH_works_as_expected"/>
    <testcase time="0.461000000000013" classname="table_lbt14" name="LBT14_variant_1_HIGH_works_as_expected"/>
    <testcase time="5.16899999999998" classname="table_lbt14" name="LBT14_variant_2_LOW_works_as_expected"/>
    <testcase time="0.299000000000007" classname="table_lbt14" name="LBT14_variant_2_LOW_works_as_expected"/>
    <testcase time="3.15100000000001" classname="table_lbt14" name="LBT14_variant_3_LOW_without_baseline_missing_works_as_expected"/>
    <testcase time="0.377999999999986" classname="table_lbt14" name="LBT14_variant_3_LOW_without_baseline_missing_works_as_expected"/>
    <testcase time="4.684" classname="table_lbt14" name="LBT14_variant_4_LOW_and_force_1_missing_both_baseline_and_post_baseline_then_force_the_missing_baseline_as_0_as_expected"/>
    <testcase time="0.244" classname="table_lbt14" name="LBT14_variant_4_LOW_and_force_1_missing_both_baseline_and_post_baseline_then_force_the_missing_baseline_as_0_as_expected"/>
    <testcase time="5.29300000000001" classname="table_lbt14" name="LBT14_variant_5_HIGH_with_fillings_works_as_expected"/>
    <testcase time="2.81200000000001" classname="table_lbt14" name="LBT14_variant_5_HIGH_with_fillings_works_as_expected"/>
  </testsuite>
  <testsuite name="table_lbt15" timestamp="2024-11-07T02:02:51Z" hostname="c2a54daccfbe" tests="4" skipped="0" failures="0" errors="0" time="1.551">
    <testcase time="0.632999999999981" classname="table_lbt15" name="LBT15_variant_1_works_as_expected"/>
    <testcase time="0.198000000000008" classname="table_lbt15" name="LBT15_variant_1_works_as_expected"/>
    <testcase time="0.522999999999996" classname="table_lbt15" name="LBT15_variant_2_works_as_expected"/>
    <testcase time="0.197000000000003" classname="table_lbt15" name="LBT15_variant_2_works_as_expected"/>
  </testsuite>
  <testsuite name="table_lgrt02" timestamp="2024-11-07T02:02:52Z" hostname="c2a54daccfbe" tests="8" skipped="0" failures="0" errors="0" time="3.014">
    <testcase time="0.528999999999996" classname="table_lgrt02" name="LGRT02_without_interaction_term_is_produced_correctly"/>
    <testcase time="0.399000000000001" classname="table_lgrt02" name="LGRT02_without_interaction_term_is_produced_correctly"/>
    <testcase time="0.564999999999998" classname="table_lgrt02" name="LGRT02_with_categorical_interaction_is_produced_correctly"/>
    <testcase time="0.159999999999997" classname="table_lgrt02" name="LGRT02_with_categorical_interaction_is_produced_correctly"/>
    <testcase time="0.561000000000007" classname="table_lgrt02" name="LGRT02_with_continuous_interaction_is_produced_correctly"/>
    <testcase time="0.169000000000011" classname="table_lgrt02" name="LGRT02_with_continuous_interaction_is_produced_correctly"/>
    <testcase time="0.486999999999995" classname="table_lgrt02" name="LGRT02_with_setting_values_indicating_an_event_and_custom_alpha_level_is_produced_correctly"/>
    <testcase time="0.144000000000005" classname="table_lgrt02" name="LGRT02_with_setting_values_indicating_an_event_and_custom_alpha_level_is_produced_correctly"/>
  </testsuite>
  <testsuite name="table_mht01" timestamp="2024-11-07T02:02:55Z" hostname="c2a54daccfbe" tests="8" skipped="0" failures="0" errors="0" time="1.43">
    <testcase time="0.295999999999992" classname="table_mht01" name="MHT01_variant_1_is_produced_accurately"/>
    <testcase time="0.128999999999991" classname="table_mht01" name="MHT01_variant_1_is_produced_accurately"/>
    <testcase time="0.106999999999999" classname="table_mht01" name="MHT01_variant_2_is_produced_accurately"/>
    <testcase time="0.070999999999998" classname="table_mht01" name="MHT01_variant_2_is_produced_accurately"/>
    <testcase time="0.245000000000005" classname="table_mht01" name="MHT01_variant_3_is_produced_accurately"/>
    <testcase time="0.120000000000005" classname="table_mht01" name="MHT01_variant_3_is_produced_accurately"/>
    <testcase time="0.318999999999988" classname="table_mht01" name="MHT01_variant_5_is_produced_accurately"/>
    <testcase time="0.143000000000001" classname="table_mht01" name="MHT01_variant_5_is_produced_accurately"/>
  </testsuite>
  <testsuite name="table_onct05" timestamp="2024-11-07T02:02:57Z" hostname="c2a54daccfbe" tests="8" skipped="0" failures="0" errors="0" time="1.973">
    <testcase time="0.433000000000021" classname="table_onct05" name="ONCT05_variant_1_Objective_Response_Rate_by_Subgroup_is_produced_correctly"/>
    <testcase time="0.121999999999986" classname="table_onct05" name="ONCT05_variant_1_Objective_Response_Rate_by_Subgroup_is_produced_correctly"/>
    <testcase time="0.469999999999999" classname="table_onct05" name="ONCT05_variant_2_Specifying_class_variables_is_produced_correctly"/>
    <testcase time="0.116000000000014" classname="table_onct05" name="ONCT05_variant_2_Specifying_class_variables_is_produced_correctly"/>
    <testcase time="0.203000000000003" classname="table_onct05" name="ONCT05_variant_3_selecting_columns_and_changing_the_alpha_level_is_produced_correctly"/>
    <testcase time="0.0929999999999893" classname="table_onct05" name="ONCT05_variant_3_selecting_columns_and_changing_the_alpha_level_is_produced_correctly"/>
    <testcase time="0.414000000000016" classname="table_onct05" name="ONCT05_variant_4_setting_values_indicating_response_is_produced_correctly"/>
    <testcase time="0.121999999999986" classname="table_onct05" name="ONCT05_variant_4_setting_values_indicating_response_is_produced_correctly"/>
  </testsuite>
  <testsuite name="table_pdt01" timestamp="2024-11-07T02:02:59Z" hostname="c2a54daccfbe" tests="2" skipped="0" failures="0" errors="0" time="0.424">
    <testcase time="0.265999999999991" classname="table_pdt01" name="PDT01_is_produced_correctly"/>
    <testcase time="0.158000000000015" classname="table_pdt01" name="PDT01_is_produced_correctly"/>
  </testsuite>
  <testsuite name="table_pdt02" timestamp="2024-11-07T02:02:59Z" hostname="c2a54daccfbe" tests="2" skipped="0" failures="0" errors="0" time="0.238">
    <testcase time="0.150000000000006" classname="table_pdt02" name="PDT02_is_produced_correctly"/>
    <testcase time="0.0879999999999939" classname="table_pdt02" name="PDT02_is_produced_correctly"/>
  </testsuite>
  <testsuite name="table_pkct01" timestamp="2024-11-07T02:02:59Z" hostname="c2a54daccfbe" tests="10" skipped="0" failures="0" errors="0" time="3.008">
    <testcase time="0.268000000000001" classname="table_pkct01" name="PKCT01_is_produced_correctly"/>
    <testcase time="0.0859999999999843" classname="table_pkct01" name="PKCT01_is_produced_correctly"/>
    <testcase time="0.132000000000005" classname="table_pkct01" name="PKCT01_is_produced_correctly"/>
    <testcase time="0.0550000000000068" classname="table_pkct01" name="PKCT01_is_produced_correctly"/>
    <testcase time="0.850999999999999" classname="table_pkct01" name="Specific_PKCT01_features_are_present"/>
    <testcase time="0.211999999999989" classname="table_pkct01" name="Specific_PKCT01_features_are_present"/>
    <testcase time="0.195999999999998" classname="table_pkct01" name="Specific_PKCT01_features_are_present"/>
    <testcase time="0.00300000000001432" classname="table_pkct01" name="Specific_PKCT01_features_are_present"/>
    <testcase time="0.659999999999997" classname="table_pkct01" name="Specific_PKCT01_features_are_present"/>
    <testcase time="0.544999999999987" classname="table_pkct01" name="Specific_PKCT01_features_are_present"/>
  </testsuite>
  <testsuite name="table_pkpt02" timestamp="2024-11-07T02:03:02Z" hostname="c2a54daccfbe" tests="2" skipped="0" failures="0" errors="0" time="0.519">
    <testcase time="0.294000000000011" classname="table_pkpt02" name="PKPT02_is_produced_correctly_for_Drug_X"/>
    <testcase time="0.224999999999994" classname="table_pkpt02" name="PKPT02_is_produced_correctly_for_Drug_X"/>
  </testsuite>
  <testsuite name="table_pkpt03" timestamp="2024-11-07T02:03:03Z" hostname="c2a54daccfbe" tests="2" skipped="0" failures="0" errors="0" time="1.077">
    <testcase time="0.885000000000019" classname="table_pkpt03" name="PKPT03_Drug_X_is_produced_correctly"/>
    <testcase time="0.191999999999979" classname="table_pkpt03" name="PKPT03_Drug_X_is_produced_correctly"/>
  </testsuite>
  <testsuite name="table_pkpt04" timestamp="2024-11-07T02:03:04Z" hostname="c2a54daccfbe" tests="2" skipped="0" failures="0" errors="0" time="0.193">
    <testcase time="0.0960000000000036" classname="table_pkpt04" name="PKPT04_is_produced_correctly_for_Drug_X"/>
    <testcase time="0.0970000000000084" classname="table_pkpt04" name="PKPT04_is_produced_correctly_for_Drug_X"/>
  </testsuite>
  <testsuite name="table_pkpt05" timestamp="2024-11-07T02:03:04Z" hostname="c2a54daccfbe" tests="2" skipped="0" failures="0" errors="0" time="0.385">
    <testcase time="0.276999999999987" classname="table_pkpt05" name="PKPT05_Drug_X_is_produced_correctly"/>
    <testcase time="0.108000000000004" classname="table_pkpt05" name="PKPT05_Drug_X_is_produced_correctly"/>
  </testsuite>
  <testsuite name="table_pkpt06" timestamp="2024-11-07T02:03:05Z" hostname="c2a54daccfbe" tests="4" skipped="0" failures="0" errors="0" time="0.279">
    <testcase time="0.0970000000000084" classname="table_pkpt06" name="PKPT06_is_produced_correctly_for_Drug_X"/>
    <testcase time="0.0620000000000118" classname="table_pkpt06" name="PKPT06_is_produced_correctly_for_Drug_X"/>
    <testcase time="0.0509999999999877" classname="table_pkpt06" name="PKPT06_is_produced_correctly_for_Drug_Y"/>
    <testcase time="0.0689999999999884" classname="table_pkpt06" name="PKPT06_is_produced_correctly_for_Drug_Y"/>
  </testsuite>
  <testsuite name="table_pkpt07" timestamp="2024-11-07T02:03:05Z" hostname="c2a54daccfbe" tests="4" skipped="0" failures="0" errors="0" time="0.528">
    <testcase time="0.200000000000017" classname="table_pkpt07" name="PKPT07_Drug_X_is_produced_correctly"/>
    <testcase time="0.113" classname="table_pkpt07" name="PKPT07_Drug_X_is_produced_correctly"/>
    <testcase time="0.125" classname="table_pkpt07" name="PKPT07_Drug_Y_is_produced_correctly"/>
    <testcase time="0.0900000000000034" classname="table_pkpt07" name="PKPT07_Drug_Y_is_produced_correctly"/>
  </testsuite>
  <testsuite name="table_ratet01" timestamp="2024-11-07T02:03:05Z" hostname="c2a54daccfbe" tests="2" skipped="0" failures="0" errors="0" time="0.708">
    <testcase time="0.555999999999983" classname="table_ratet01" name="RATET01_is_produced_correctly"/>
    <testcase time="0.152000000000015" classname="table_ratet01" name="RATET01_is_produced_correctly"/>
  </testsuite>
  <testsuite name="table_rmpt01" timestamp="2024-11-07T02:03:06Z" hostname="c2a54daccfbe" tests="2" skipped="0" failures="0" errors="0" time="0.209">
    <testcase time="0.150999999999982" classname="table_rmpt01" name="RMPT01_is_produced_correctly"/>
    <testcase time="0.0580000000000211" classname="table_rmpt01" name="RMPT01_is_produced_correctly"/>
  </testsuite>
  <testsuite name="table_rmpt03" timestamp="2024-11-07T02:03:06Z" hostname="c2a54daccfbe" tests="4" skipped="0" failures="0" errors="0" time="0.534">
    <testcase time="0.205999999999989" classname="table_rmpt03" name="RMPT03_variant_1_is_produced_correctly"/>
    <testcase time="0.0819999999999936" classname="table_rmpt03" name="RMPT03_variant_1_is_produced_correctly"/>
    <testcase time="0.159999999999997" classname="table_rmpt03" name="RMPT03_variant_2_is_produced_correctly"/>
    <testcase time="0.0860000000000127" classname="table_rmpt03" name="RMPT03_variant_2_is_produced_correctly"/>
  </testsuite>
  <testsuite name="table_rmpt04" timestamp="2024-11-07T02:03:07Z" hostname="c2a54daccfbe" tests="2" skipped="0" failures="0" errors="0" time="0.199">
    <testcase time="0.140999999999991" classname="table_rmpt04" name="RMPT04_variant_1_is_produced_correctly"/>
    <testcase time="0.0579999999999927" classname="table_rmpt04" name="RMPT04_variant_1_is_produced_correctly"/>
  </testsuite>
  <testsuite name="table_rmpt05" timestamp="2024-11-07T02:03:07Z" hostname="c2a54daccfbe" tests="2" skipped="0" failures="0" errors="0" time="0.225">
    <testcase time="0.158000000000015" classname="table_rmpt05" name="RMPT05_is_produced_correctly"/>
    <testcase time="0.0670000000000073" classname="table_rmpt05" name="RMPT05_is_produced_correctly"/>
  </testsuite>
  <testsuite name="table_rmpt06" timestamp="2024-11-07T02:03:07Z" hostname="c2a54daccfbe" tests="8" skipped="0" failures="0" errors="0" time="1.543">
    <testcase time="0.317999999999984" classname="table_rmpt06" name="RMPT06_variant_1_is_produced_correctly"/>
    <testcase time="0.119" classname="table_rmpt06" name="RMPT06_variant_1_is_produced_correctly"/>
    <testcase time="0.203000000000003" classname="table_rmpt06" name="RMPT06_variant_2_is_produced_correctly"/>
    <testcase time="0.0819999999999936" classname="table_rmpt06" name="RMPT06_variant_2_is_produced_correctly"/>
    <testcase time="0.293000000000006" classname="table_rmpt06" name="RMPT06_variant_3_is_produced_correctly"/>
    <testcase time="0.115000000000009" classname="table_rmpt06" name="RMPT06_variant_3_is_produced_correctly"/>
    <testcase time="0.287000000000006" classname="table_rmpt06" name="RMPT06_variant_4_is_produced_correctly"/>
    <testcase time="0.125999999999976" classname="table_rmpt06" name="RMPT06_variant_4_is_produced_correctly"/>
  </testsuite>
  <testsuite name="table_rspt01" timestamp="2024-11-07T02:03:09Z" hostname="c2a54daccfbe" tests="12" skipped="0" failures="0" errors="0" time="2.285">
    <testcase time="0.26400000000001" classname="table_rspt01" name="RSPT01_1._Best_Overall_Response"/>
    <testcase time="0.122000000000014" classname="table_rspt01" name="RSPT01_1._Best_Overall_Response"/>
    <testcase time="0.23599999999999" classname="table_rspt01" name="RSPT01_2._Best_Overall_Response_selecting_sections_to_display_"/>
    <testcase time="0.10499999999999" classname="table_rspt01" name="RSPT01_2._Best_Overall_Response_selecting_sections_to_display_"/>
    <testcase time="0.311000000000007" classname="table_rspt01" name="RSPT01_3._Best_Overall_Response_modifying_settings_"/>
    <testcase time="0.103000000000009" classname="table_rspt01" name="RSPT01_3._Best_Overall_Response_modifying_settings_"/>
    <testcase time="0.347999999999985" classname="table_rspt01" name="RSPT01_4._Best_Overall_Response_with_stratified_analysis_"/>
    <testcase time="0.123000000000019" classname="table_rspt01" name="RSPT01_4._Best_Overall_Response_with_stratified_analysis_"/>
    <testcase time="0.251999999999981" classname="table_rspt01" name="RSPT01_5._Best_Overall_Response_modifying_the_definition_of_overall_response_"/>
    <testcase time="0.121000000000009" classname="table_rspt01" name="RSPT01_5._Best_Overall_Response_modifying_the_definition_of_overall_response_"/>
    <testcase time="0.206999999999994" classname="table_rspt01" name="RSPT01_6._Best_Overall_Response_define_new_sections_to_display_"/>
    <testcase time="0.0930000000000177" classname="table_rspt01" name="RSPT01_6._Best_Overall_Response_define_new_sections_to_display_"/>
  </testsuite>
  <testsuite name="table_ttet01" timestamp="2024-11-07T02:03:11Z" hostname="c2a54daccfbe" tests="14" skipped="0" failures="0" errors="0" time="3.469">
    <testcase time="0.407999999999987" classname="table_ttet01" name="TTET01_default_variant_is_produced_correctly"/>
    <testcase time="0.177999999999997" classname="table_ttet01" name="TTET01_default_variant_is_produced_correctly"/>
    <testcase time="0.400000000000006" classname="table_ttet01" name="TTET01_default_variant_with_Placebo_arm"/>
    <testcase time="0.180999999999983" classname="table_ttet01" name="TTET01_default_variant_with_Placebo_arm"/>
    <testcase time="0.191000000000003" classname="table_ttet01" name="TTET01_variant_2_selecting_sections_to_display"/>
    <testcase time="0.131" classname="table_ttet01" name="TTET01_variant_2_selecting_sections_to_display"/>
    <testcase time="0.300000000000011" classname="table_ttet01" name="TTET01_variant_3_modifying_analysis_details_like_conftype_ties_alpha_level"/>
    <testcase time="0.162000000000006" classname="table_ttet01" name="TTET01_variant_3_modifying_analysis_details_like_conftype_ties_alpha_level"/>
    <testcase time="0.364000000000004" classname="table_ttet01" name="TTET01_variant_4_with_stratified_analysis"/>
    <testcase time="0.155000000000001" classname="table_ttet01" name="TTET01_variant_4_with_stratified_analysis"/>
    <testcase time="0.317999999999984" classname="table_ttet01" name="TTET01_variant_5_modifying_time_point"/>
    <testcase time="0.13300000000001" classname="table_ttet01" name="TTET01_variant_5_modifying_time_point"/>
    <testcase time="0.388999999999982" classname="table_ttet01" name="TTET01_variant_6_requesting_more_than_one_p_value"/>
    <testcase time="0.15900000000002" classname="table_ttet01" name="TTET01_variant_6_requesting_more_than_one_p_value"/>
  </testsuite>
  <testsuite name="table_vst01" timestamp="2024-11-07T02:03:16Z" hostname="c2a54daccfbe" tests="2" skipped="0" failures="0" errors="0" time="2.24">
    <testcase time="1.81399999999999" classname="table_vst01" name="VST01_default_variant_is_produced_correctly"/>
    <testcase time="0.425999999999988" classname="table_vst01" name="VST01_default_variant_is_produced_correctly"/>
  </testsuite>
  <testsuite name="table_vst02" timestamp="2024-11-07T02:03:18Z" hostname="c2a54daccfbe" tests="4" skipped="0" failures="0" errors="0" time="1.581">
    <testcase time="1.072" classname="table_vst02" name="1._Vital_Sign_Abnormalities_Regardless_of_Abnormality_at_Baseline_VST02_1_"/>
    <testcase time="0.117000000000019" classname="table_vst02" name="1._Vital_Sign_Abnormalities_Regardless_of_Abnormality_at_Baseline_VST02_1_"/>
    <testcase time="0.286999999999978" classname="table_vst02" name="2._Vital_Sign_Abnormalities_Among_Subject_Without_Abnormality_at_Baseline_VST02_2_"/>
    <testcase time="0.105000000000018" classname="table_vst02" name="2._Vital_Sign_Abnormalities_Among_Subject_Without_Abnormality_at_Baseline_VST02_2_"/>
  </testsuite>
</testsuites>
