<?xml version="1.0" encoding="UTF-8"?>
<testsuites>
  <testsuite name="listing_adal02" timestamp="2024-10-16T02:03:50Z" hostname="b201eaa1715b" tests="1" skipped="0" failures="0" errors="0" time="0.44">
    <testcase time="0.44" classname="listing_adal02" name="ADAL02_listing_is_produced_correctly"/>
  </testsuite>
  <testsuite name="listing_ael01" timestamp="2024-10-16T02:03:50Z" hostname="b201eaa1715b" tests="1" skipped="0" failures="0" errors="0" time="0.197">
    <testcase time="0.197" classname="listing_ael01" name="AEL01_listing_is_produced_correctly"/>
  </testsuite>
  <testsuite name="listing_ael01_nollt" timestamp="2024-10-16T02:03:51Z" hostname="b201eaa1715b" tests="1" skipped="0" failures="0" errors="0" time="0.072">
    <testcase time="0.0720000000000001" classname="listing_ael01_nollt" name="AEL01_NOLLT_listing_is_produced_correctly"/>
  </testsuite>
  <testsuite name="listing_ael02" timestamp="2024-10-16T02:03:51Z" hostname="b201eaa1715b" tests="1" skipped="0" failures="0" errors="0" time="0.29">
    <testcase time="0.290000000000001" classname="listing_ael02" name="AEL02_listing_is_produced_correctly"/>
  </testsuite>
  <testsuite name="listing_ael02_ed" timestamp="2024-10-16T02:03:51Z" hostname="b201eaa1715b" tests="1" skipped="0" failures="0" errors="0" time="0.328">
    <testcase time="0.327999999999999" classname="listing_ael02_ed" name="AEL02_ED_listing_is_produced_correctly"/>
  </testsuite>
  <testsuite name="listing_ael03" timestamp="2024-10-16T02:03:51Z" hostname="b201eaa1715b" tests="1" skipped="0" failures="0" errors="0" time="0.274">
    <testcase time="0.273999999999999" classname="listing_ael03" name="AEL03_listing_is_produced_correctly"/>
  </testsuite>
  <testsuite name="listing_ael04" timestamp="2024-10-16T02:03:52Z" hostname="b201eaa1715b" tests="1" skipped="0" failures="0" errors="0" time="0.202">
    <testcase time="0.202" classname="listing_ael04" name="AEL04_listing_is_produced_correctly"/>
  </testsuite>
  <testsuite name="listing_cml01" timestamp="2024-10-16T02:03:52Z" hostname="b201eaa1715b" tests="1" skipped="0" failures="0" errors="0" time="0.303">
    <testcase time="0.303000000000001" classname="listing_cml01" name="CML01_listing_is_produced_correctly"/>
  </testsuite>
  <testsuite name="listing_cml02a_gl" timestamp="2024-10-16T02:03:52Z" hostname="b201eaa1715b" tests="1" skipped="0" failures="0" errors="0" time="0.067">
    <testcase time="0.0670000000000002" classname="listing_cml02a_gl" name="CML02A_GL_listing_is_produced_correctly"/>
  </testsuite>
  <testsuite name="listing_cml02b_gl" timestamp="2024-10-16T02:03:52Z" hostname="b201eaa1715b" tests="1" skipped="0" failures="0" errors="0" time="0.095">
    <testcase time="0.0950000000000006" classname="listing_cml02b_gl" name="CML02B_GL_listing_is_produced_correctly"/>
  </testsuite>
  <testsuite name="listing_dsl01" timestamp="2024-10-16T02:03:52Z" hostname="b201eaa1715b" tests="1" skipped="0" failures="0" errors="0" time="0.167">
    <testcase time="0.167" classname="listing_dsl01" name="DSL01_listing_is_produced_correctly"/>
  </testsuite>
  <testsuite name="listing_dsl02" timestamp="2024-10-16T02:03:52Z" hostname="b201eaa1715b" tests="1" skipped="0" failures="0" errors="0" time="0.072">
    <testcase time="0.0719999999999992" classname="listing_dsl02" name="DSL02_listing_is_produced_correctly"/>
  </testsuite>
  <testsuite name="listing_dsur4" timestamp="2024-10-16T02:03:53Z" hostname="b201eaa1715b" tests="1" skipped="0" failures="0" errors="0" time="0.113">
    <testcase time="0.113" classname="listing_dsur4" name="DSUR4_listing_is_produced_correctly"/>
  </testsuite>
  <testsuite name="listing_egl01" timestamp="2024-10-16T02:03:53Z" hostname="b201eaa1715b" tests="1" skipped="0" failures="0" errors="0" time="0.294">
    <testcase time="0.294" classname="listing_egl01" name="EGL01_listing_is_produced_correctly"/>
  </testsuite>
  <testsuite name="listing_exl01" timestamp="2024-10-16T02:03:53Z" hostname="b201eaa1715b" tests="1" skipped="0" failures="0" errors="0" time="0.228">
    <testcase time="0.228" classname="listing_exl01" name="EXL01_listing_is_produced_correctly"/>
  </testsuite>
  <testsuite name="listing_lbl01" timestamp="2024-10-16T02:03:53Z" hostname="b201eaa1715b" tests="1" skipped="0" failures="0" errors="0" time="0.533">
    <testcase time="0.533000000000001" classname="listing_lbl01" name="LBL01_listing_is_produced_correctly"/>
  </testsuite>
  <testsuite name="listing_lbl01_rls" timestamp="2024-10-16T02:03:54Z" hostname="b201eaa1715b" tests="1" skipped="0" failures="0" errors="0" time="0.513">
    <testcase time="0.513" classname="listing_lbl01_rls" name="LBL01_RLS_listing_is_produced_correctly"/>
  </testsuite>
  <testsuite name="listing_lbl02a" timestamp="2024-10-16T02:03:54Z" hostname="b201eaa1715b" tests="1" skipped="0" failures="0" errors="0" time="0.253">
    <testcase time="0.253" classname="listing_lbl02a" name="LBL02A_listing_is_produced_correctly"/>
  </testsuite>
  <testsuite name="listing_lbl02a_rls" timestamp="2024-10-16T02:03:54Z" hostname="b201eaa1715b" tests="1" skipped="0" failures="0" errors="0" time="0.802">
    <testcase time="0.802" classname="listing_lbl02a_rls" name="LBL02A_RLS_listing_is_produced_correctly"/>
  </testsuite>
  <testsuite name="listing_lbl02b" timestamp="2024-10-16T02:03:55Z" hostname="b201eaa1715b" tests="1" skipped="0" failures="0" errors="0" time="0.288">
    <testcase time="0.288" classname="listing_lbl02b" name="LBL02B_listing_is_produced_correctly"/>
  </testsuite>
  <testsuite name="listing_mhl01" timestamp="2024-10-16T02:03:56Z" hostname="b201eaa1715b" tests="1" skipped="0" failures="0" errors="0" time="0.251">
    <testcase time="0.250999999999999" classname="listing_mhl01" name="MHL01_listing_is_produced_correctly"/>
  </testsuite>
  <testsuite name="listing_oncl01" timestamp="2024-10-16T02:03:56Z" hostname="b201eaa1715b" tests="1" skipped="0" failures="0" errors="0" time="0.244">
    <testcase time="0.244" classname="listing_oncl01" name="ONCL01_listing_is_produced_correctly"/>
  </testsuite>
  <testsuite name="listing_pkcl01" timestamp="2024-10-16T02:03:56Z" hostname="b201eaa1715b" tests="1" skipped="0" failures="0" errors="0" time="0.177">
    <testcase time="0.177" classname="listing_pkcl01" name="PKCL01_listing_is_produced_correctly"/>
  </testsuite>
  <testsuite name="listing_pkcl02" timestamp="2024-10-16T02:03:56Z" hostname="b201eaa1715b" tests="1" skipped="0" failures="0" errors="0" time="0.199">
    <testcase time="0.199" classname="listing_pkcl02" name="PKCL02_listing_is_produced_correctly"/>
  </testsuite>
  <testsuite name="listing_pkpl01" timestamp="2024-10-16T02:03:56Z" hostname="b201eaa1715b" tests="1" skipped="0" failures="0" errors="0" time="0.249">
    <testcase time="0.249000000000001" classname="listing_pkpl01" name="PKPL01_listing_is_produced_correctly"/>
  </testsuite>
  <testsuite name="listing_pkpl02" timestamp="2024-10-16T02:03:57Z" hostname="b201eaa1715b" tests="1" skipped="0" failures="0" errors="0" time="0.157">
    <testcase time="0.157" classname="listing_pkpl02" name="PKPL02_listing_is_produced_correctly"/>
  </testsuite>
  <testsuite name="listing_pkpl04" timestamp="2024-10-16T02:03:57Z" hostname="b201eaa1715b" tests="1" skipped="0" failures="0" errors="0" time="0.197">
    <testcase time="0.197000000000001" classname="listing_pkpl04" name="PKPL04_listing_is_produced_correctly"/>
  </testsuite>
  <testsuite name="listing_vsl01" timestamp="2024-10-16T02:03:57Z" hostname="b201eaa1715b" tests="1" skipped="0" failures="0" errors="0" time="0.435">
    <testcase time="0.434999999999999" classname="listing_vsl01" name="VSL01_listing_is_produced_correctly"/>
  </testsuite>
  <testsuite name="pagination_listing" timestamp="2024-10-16T02:03:57Z" hostname="b201eaa1715b" tests="13" skipped="0" failures="0" errors="0" time="5.69">
    <testcase time="0.0300000000000011" classname="pagination_listing" name="Direct_pagination_works_fine"/>
    <testcase time="0.947999999999999" classname="pagination_listing" name="Direct_pagination_works_fine"/>
    <testcase time="0.00199999999999889" classname="pagination_listing" name="Direct_pagination_works_fine"/>
    <testcase time="0.870000000000001" classname="pagination_listing" name="Direct_pagination_works_fine"/>
    <testcase time="1.201" classname="pagination_listing" name="Direct_pagination_works_fine"/>
    <testcase time="1.296" classname="pagination_listing" name="pagination_counts_the_right_number_of_lines_when_wrapping_on_keycols_is_present"/>
    <testcase time="0.00600000000000023" classname="pagination_listing" name="pagination_counts_the_right_number_of_lines_when_wrapping_on_keycols_is_present"/>
    <testcase time="0.00499999999999901" classname="pagination_listing" name="pagination_counts_the_right_number_of_lines_when_wrapping_on_keycols_is_present"/>
    <testcase time="0.00300000000000011" classname="pagination_listing" name="pagination_counts_the_right_number_of_lines_when_wrapping_on_keycols_is_present"/>
    <testcase time="1.317" classname="pagination_listing" name="pagination_counts_the_right_number_of_lines_when_wrapping_on_keycols_is_present"/>
    <testcase time="0.00499999999999901" classname="pagination_listing" name="pagination_counts_the_right_number_of_lines_when_wrapping_on_keycols_is_present"/>
    <testcase time="0.00400000000000134" classname="pagination_listing" name="pagination_counts_the_right_number_of_lines_when_wrapping_on_keycols_is_present"/>
    <testcase time="0.00300000000000011" classname="pagination_listing" name="pagination_counts_the_right_number_of_lines_when_wrapping_on_keycols_is_present"/>
  </testsuite>
  <testsuite name="pagination_table" timestamp="2024-10-16T02:04:04Z" hostname="b201eaa1715b" tests="30" skipped="0" failures="0" errors="0" time="14.355">
    <testcase time="1.841" classname="pagination_table" name="Direct_pagination_with_standard_values"/>
    <testcase time="0.00399999999999778" classname="pagination_table" name="Direct_pagination_with_standard_values"/>
    <testcase time="0.00400000000000134" classname="pagination_table" name="Direct_pagination_with_standard_values"/>
    <testcase time="1.298" classname="pagination_table" name="Pagination_with_specific_column_widths_and_minimum_lines_per_page"/>
    <testcase time="0.00400000000000134" classname="pagination_table" name="Pagination_with_specific_column_widths_and_minimum_lines_per_page"/>
    <testcase time="0.129999999999999" classname="pagination_table" name="Pagination_with_specific_column_widths_and_minimum_lines_per_page"/>
    <testcase time="0.999000000000002" classname="pagination_table" name="Pagination_works_also_if_table_is_decorated"/>
    <testcase time="0.574999999999999" classname="pagination_table" name="Pagination_works_also_if_table_is_decorated"/>
    <testcase time="1.067" classname="pagination_table" name="Pagination_works_also_if_table_is_decorated"/>
    <testcase time="0.634" classname="pagination_table" name="Pagination_works_also_if_table_is_decorated"/>
    <testcase time="1.31" classname="pagination_table" name="Pagination_works_also_if_table_is_decorated"/>
    <testcase time="0.298999999999999" classname="pagination_table" name="Pagination_works_also_if_table_is_decorated"/>
    <testcase time="0.00400000000000134" classname="pagination_table" name="Pagination_works_also_if_table_is_decorated"/>
    <testcase time="0.0210000000000008" classname="pagination_table" name="Pagination_works_also_if_table_is_decorated"/>
    <testcase time="0.140999999999998" classname="pagination_table" name="Pagination_works_also_if_table_is_decorated"/>
    <testcase time="0.0920000000000023" classname="pagination_table" name="Pagination_works_also_if_table_is_decorated"/>
    <testcase time="0.692999999999998" classname="pagination_table" name="Pagination_works_for_page_types"/>
    <testcase time="0.0749999999999993" classname="pagination_table" name="Pagination_works_for_page_types"/>
    <testcase time="0.696000000000002" classname="pagination_table" name="Pagination_works_for_page_types"/>
    <testcase time="0.0760000000000005" classname="pagination_table" name="Pagination_works_for_page_types"/>
    <testcase time="0.651999999999997" classname="pagination_table" name="Pagination_works_for_page_types"/>
    <testcase time="0.400000000000002" classname="pagination_table" name="Pagination_works_for_page_types"/>
    <testcase time="0.718" classname="pagination_table" name="Pagination_works_for_page_width_and_height"/>
    <testcase time="0.133000000000003" classname="pagination_table" name="Pagination_works_for_page_width_and_height"/>
    <testcase time="0.779999999999994" classname="pagination_table" name="Pagination_works_for_page_types"/>
    <testcase time="0.159000000000006" classname="pagination_table" name="Pagination_works_for_page_types"/>
    <testcase time="0.805" classname="pagination_table" name="AET04_variant_2_page_by_pagination_tests"/>
    <testcase time="0.595999999999997" classname="pagination_table" name="AET04_variant_2_page_by_pagination_tests"/>
    <testcase time="0.000999999999997669" classname="pagination_table" name="AET04_variant_2_page_by_pagination_tests"/>
    <testcase time="0.148000000000003" classname="pagination_table" name="AET04_variant_2_page_by_pagination_tests"/>
  </testsuite>
  <testsuite name="table_adat03" timestamp="2024-10-16T02:04:18Z" hostname="b201eaa1715b" tests="2" skipped="0" failures="0" errors="0" time="0.527">
    <testcase time="0.393999999999998" classname="table_adat03" name="ADAT03_is_produced_correctly"/>
    <testcase time="0.133000000000003" classname="table_adat03" name="ADAT03_is_produced_correctly"/>
  </testsuite>
  <testsuite name="table_aet01" timestamp="2024-10-16T02:04:18Z" hostname="b201eaa1715b" tests="8" skipped="0" failures="0" errors="0" time="1.766">
    <testcase time="0.382999999999996" classname="table_aet01" name="Safety_Summary_Variant_1_works_as_expected"/>
    <testcase time="0.102000000000004" classname="table_aet01" name="Safety_Summary_Variant_1_works_as_expected"/>
    <testcase time="0.327999999999996" classname="table_aet01" name="Safety_Summary_Variant_2_with_Medical_Concepts_Section_works_as_expected"/>
    <testcase time="0.118000000000002" classname="table_aet01" name="Safety_Summary_Variant_2_with_Medical_Concepts_Section_works_as_expected"/>
    <testcase time="0.258000000000003" classname="table_aet01" name="Safety_Summary_Variant_3_with_Modified_Rows_works_as_expected"/>
    <testcase time="0.100999999999999" classname="table_aet01" name="Safety_Summary_Variant_3_with_Modified_Rows_works_as_expected"/>
    <testcase time="0.347000000000001" classname="table_aet01" name="Safety_Summary_Variant_4_with_Rows_Counting_Events_and_Additional_Sections_works_as_expected"/>
    <testcase time="0.128999999999998" classname="table_aet01" name="Safety_Summary_Variant_4_with_Rows_Counting_Events_and_Additional_Sections_works_as_expected"/>
  </testsuite>
  <testsuite name="table_aet01_aesi" timestamp="2024-10-16T02:04:20Z" hostname="b201eaa1715b" tests="8" skipped="0" failures="0" errors="0" time="2.613">
    <testcase time="0.264000000000003" classname="table_aet01_aesi" name="AET01_AESI_Variant_1_works_as_expected"/>
    <testcase time="0.097999999999999" classname="table_aet01_aesi" name="AET01_AESI_Variant_1_works_as_expected"/>
    <testcase time="0.457000000000001" classname="table_aet01_aesi" name="AET01_AESI_Variant_2_works_as_expected"/>
    <testcase time="0.153999999999996" classname="table_aet01_aesi" name="AET01_AESI_Variant_2_works_as_expected"/>
    <testcase time="0.644999999999996" classname="table_aet01_aesi" name="AET01_AESI_Variant_3_works_as_expected"/>
    <testcase time="0.224000000000004" classname="table_aet01_aesi" name="AET01_AESI_Variant_3_works_as_expected"/>
    <testcase time="0.553999999999995" classname="table_aet01_aesi" name="AET01_AESI_Variant_4_works_as_expected"/>
    <testcase time="0.216999999999999" classname="table_aet01_aesi" name="AET01_AESI_Variant_4_works_as_expected"/>
  </testsuite>
  <testsuite name="table_aet02" timestamp="2024-10-16T02:04:22Z" hostname="b201eaa1715b" tests="26" skipped="0" failures="0" errors="0" time="8.158">
    <testcase time="0.544000000000004" classname="table_aet02" name="AET02_variant_1_is_produced_correctly"/>
    <testcase time="0.182000000000002" classname="table_aet02" name="AET02_variant_1_is_produced_correctly"/>
    <testcase time="0.427999999999997" classname="table_aet02" name="AET02_variant_1_is_produced_correctly"/>
    <testcase time="0.100999999999999" classname="table_aet02" name="AET02_variant_1_is_produced_correctly"/>
    <testcase time="0.619999999999997" classname="table_aet02" name="AET02_variant_2_is_produced_correctly"/>
    <testcase time="0.204000000000001" classname="table_aet02" name="AET02_variant_2_is_produced_correctly"/>
    <testcase time="0.937000000000005" classname="table_aet02" name="AET02_variant_3_is_produced_correctly"/>
    <testcase time="0.306999999999995" classname="table_aet02" name="AET02_variant_3_is_produced_correctly"/>
    <testcase time="0.129000000000005" classname="table_aet02" name="AET02_variant_4_is_produced_correctly"/>
    <testcase time="0.107999999999997" classname="table_aet02" name="AET02_variant_4_is_produced_correctly"/>
    <testcase time="0.405999999999999" classname="table_aet02" name="AET02_variant_5_is_produced_correctly"/>
    <testcase time="0.175000000000004" classname="table_aet02" name="AET02_variant_5_is_produced_correctly"/>
    <testcase time="0.396999999999998" classname="table_aet02" name="AET02_variant_6_is_produced_correctly"/>
    <testcase time="0.106999999999999" classname="table_aet02" name="AET02_variant_6_is_produced_correctly"/>
    <testcase time="1.092" classname="table_aet02" name="AET02_variant_7_is_produced_correctly"/>
    <testcase time="0.140999999999998" classname="table_aet02" name="AET02_variant_7_is_produced_correctly"/>
    <testcase time="0.360000000000007" classname="table_aet02" name="AET02_variant_8_is_produced_correctly"/>
    <testcase time="0.0789999999999935" classname="table_aet02" name="AET02_variant_8_is_produced_correctly"/>
    <testcase time="0.367000000000004" classname="table_aet02" name="AET02_variant_9_is_produced_correctly"/>
    <testcase time="0.103000000000002" classname="table_aet02" name="AET02_variant_9_is_produced_correctly"/>
    <testcase time="0.372" classname="table_aet02" name="AET02_variant_10_is_produced_correctly"/>
    <testcase time="0.0869999999999962" classname="table_aet02" name="AET02_variant_10_is_produced_correctly"/>
    <testcase time="0.371000000000002" classname="table_aet02" name="AET02_variant_11_is_produced_correctly"/>
    <testcase time="0.0829999999999984" classname="table_aet02" name="AET02_variant_11_is_produced_correctly"/>
    <testcase time="0.378999999999998" classname="table_aet02" name="AET02_variant_12_is_produced_correctly"/>
    <testcase time="0.0790000000000006" classname="table_aet02" name="AET02_variant_12_is_produced_correctly"/>
  </testsuite>
  <testsuite name="table_aet02_smq" timestamp="2024-10-16T02:04:31Z" hostname="b201eaa1715b" tests="4" skipped="0" failures="0" errors="0" time="0.427">
    <testcase time="0.117000000000004" classname="table_aet02_smq" name="AET02SMQ_variant_1_is_produced_correctly"/>
    <testcase time="0.0679999999999978" classname="table_aet02_smq" name="AET02SMQ_variant_1_is_produced_correctly"/>
    <testcase time="0.152000000000001" classname="table_aet02_smq" name="AET02SMQ_variant_2_is_produced_correctly"/>
    <testcase time="0.0899999999999963" classname="table_aet02_smq" name="AET02SMQ_variant_2_is_produced_correctly"/>
  </testsuite>
  <testsuite name="table_aet03" timestamp="2024-10-16T02:04:31Z" hostname="b201eaa1715b" tests="6" skipped="0" failures="0" errors="0" time="4.702">
    <testcase time="1.068" classname="table_aet03" name="AET03_variant_1_is_produced_correctly"/>
    <testcase time="0.403999999999996" classname="table_aet03" name="AET03_variant_1_is_produced_correctly"/>
    <testcase time="1.325" classname="table_aet03" name="AET03_variant_1_is_produced_correctly"/>
    <testcase time="0.661999999999999" classname="table_aet03" name="AET03_variant_1_is_produced_correctly"/>
    <testcase time="1.027" classname="table_aet03" name="AET03_variant_1_is_produced_correctly"/>
    <testcase time="0.216000000000001" classname="table_aet03" name="AET03_variant_1_is_produced_correctly"/>
  </testsuite>
  <testsuite name="table_aet04" timestamp="2024-10-16T02:04:36Z" hostname="b201eaa1715b" tests="30" skipped="0" failures="0" errors="0" time="12.438">
    <testcase time="0.710999999999999" classname="table_aet04" name="AET04_variant_1_is_produced_correctly"/>
    <testcase time="0.316000000000003" classname="table_aet04" name="AET04_variant_1_is_produced_correctly"/>
    <testcase time="0.747999999999998" classname="table_aet04" name="AET04_variant_1_is_produced_correctly"/>
    <testcase time="0.0420000000000016" classname="table_aet04" name="AET04_variant_1_is_produced_correctly"/>
    <testcase time="0.0489999999999995" classname="table_aet04" name="AET04_variant_1_is_produced_correctly"/>
    <testcase time="0.632999999999996" classname="table_aet04" name="AET04_variant_2_is_produced_correctly_Fill_in_of_Treatment_Groups_"/>
    <testcase time="0.277000000000001" classname="table_aet04" name="AET04_variant_2_is_produced_correctly_Fill_in_of_Treatment_Groups_"/>
    <testcase time="0.692999999999998" classname="table_aet04" name="AET04_variant_2_is_produced_correctly_Fill_in_of_Treatment_Groups_"/>
    <testcase time="0.0500000000000043" classname="table_aet04" name="AET04_variant_2_is_produced_correctly_Fill_in_of_Treatment_Groups_"/>
    <testcase time="0.036999999999999" classname="table_aet04" name="AET04_variant_2_is_produced_correctly_Fill_in_of_Treatment_Groups_"/>
    <testcase time="0.688000000000002" classname="table_aet04" name="AET04_variant_3_is_produced_correctly_Fill_in_of_Grades_"/>
    <testcase time="0.335000000000001" classname="table_aet04" name="AET04_variant_3_is_produced_correctly_Fill_in_of_Grades_"/>
    <testcase time="0.800999999999995" classname="table_aet04" name="AET04_variant_3_is_produced_correctly_Fill_in_of_Grades_"/>
    <testcase time="0.0420000000000016" classname="table_aet04" name="AET04_variant_3_is_produced_correctly_Fill_in_of_Grades_"/>
    <testcase time="0.0390000000000015" classname="table_aet04" name="AET04_variant_3_is_produced_correctly_Fill_in_of_Grades_"/>
    <testcase time="0.686" classname="table_aet04" name="AET04_variant_4_is_produced_correctly_Collapsing_of_Grades_grades_1_2_grades_3_4_5_"/>
    <testcase time="0.326999999999998" classname="table_aet04" name="AET04_variant_4_is_produced_correctly_Collapsing_of_Grades_grades_1_2_grades_3_4_5_"/>
    <testcase time="0.780000000000001" classname="table_aet04" name="AET04_variant_4_is_produced_correctly_Collapsing_of_Grades_grades_1_2_grades_3_4_5_"/>
    <testcase time="0.718000000000004" classname="table_aet04" name="AET04_variant_6_is_produced_correctly_with_an_Incidence_Rate_of_at_Least_5_totals_restricted_"/>
    <testcase time="0.320999999999998" classname="table_aet04" name="AET04_variant_6_is_produced_correctly_with_an_Incidence_Rate_of_at_Least_5_totals_restricted_"/>
    <testcase time="0.795999999999999" classname="table_aet04" name="AET04_variant_6_is_produced_correctly_with_an_Incidence_Rate_of_at_Least_5_totals_restricted_"/>
    <testcase time="0.00999999999999801" classname="table_aet04" name="AET04_variant_8_is_produced_correctly_with_an_Incidence_Rate_of_at_Least_X_Patients_"/>
    <testcase time="0.330000000000005" classname="table_aet04" name="AET04_variant_8_is_produced_correctly_with_an_Incidence_Rate_of_at_Least_X_Patients_"/>
    <testcase time="0.960000000000001" classname="table_aet04" name="AET04_variant_8_is_produced_correctly_with_an_Incidence_Rate_of_at_Least_X_Patients_"/>
    <testcase time="0.00900000000000034" classname="table_aet04" name="AET04_variant_9_is_produced_correctly_with_a_Difference_in_Incidence_Rate_of_at_Least_X_"/>
    <testcase time="0.303999999999995" classname="table_aet04" name="AET04_variant_9_is_produced_correctly_with_a_Difference_in_Incidence_Rate_of_at_Least_X_"/>
    <testcase time="0.718000000000004" classname="table_aet04" name="AET04_variant_9_is_produced_correctly_with_a_Difference_in_Incidence_Rate_of_at_Least_X_"/>
    <testcase time="0.00900000000000034" classname="table_aet04" name="AET04_variant_11_is_produced_correctly_with_Incidence_Rate_of_at_Least_X_all_SOCs_w_o_preferred_terms_removed_"/>
    <testcase time="0.298000000000002" classname="table_aet04" name="AET04_variant_11_is_produced_correctly_with_Incidence_Rate_of_at_Least_X_all_SOCs_w_o_preferred_terms_removed_"/>
    <testcase time="0.711000000000013" classname="table_aet04" name="AET04_variant_11_is_produced_correctly_with_Incidence_Rate_of_at_Least_X_all_SOCs_w_o_preferred_terms_removed_"/>
  </testsuite>
  <testsuite name="table_aet04_pi" timestamp="2024-10-16T02:04:48Z" hostname="b201eaa1715b" tests="18" skipped="0" failures="0" errors="0" time="6.298">
    <testcase time="0.541999999999987" classname="table_aet04_pi" name="AET04_PI_full_table_is_produced_correctly"/>
    <testcase time="0.219000000000008" classname="table_aet04_pi" name="AET04_PI_full_table_is_produced_correctly"/>
    <testcase time="0.570999999999998" classname="table_aet04_pi" name="AET04_PI_variant_1_is_produced_correctly"/>
    <testcase time="0.168000000000006" classname="table_aet04_pi" name="AET04_PI_variant_1_is_produced_correctly"/>
    <testcase time="0.564999999999998" classname="table_aet04_pi" name="AET04_PI_variant_2_is_produced_correctly"/>
    <testcase time="0.11999999999999" classname="table_aet04_pi" name="AET04_PI_variant_2_is_produced_correctly"/>
    <testcase time="0.557000000000002" classname="table_aet04_pi" name="AET04_PI_variant_3_is_produced_correctly"/>
    <testcase time="0.13300000000001" classname="table_aet04_pi" name="AET04_PI_variant_3_is_produced_correctly"/>
    <testcase time="0.564999999999998" classname="table_aet04_pi" name="AET04_PI_variant_4_is_produced_correctly"/>
    <testcase time="0.100999999999999" classname="table_aet04_pi" name="AET04_PI_variant_4_is_produced_correctly"/>
    <testcase time="0.582999999999998" classname="table_aet04_pi" name="AET04_PI_variant_5_is_produced_correctly"/>
    <testcase time="0.158000000000001" classname="table_aet04_pi" name="AET04_PI_variant_5_is_produced_correctly"/>
    <testcase time="0.697999999999993" classname="table_aet04_pi" name="AET04_PI_variant_6_is_produced_correctly"/>
    <testcase time="0.155000000000001" classname="table_aet04_pi" name="AET04_PI_variant_6_is_produced_correctly"/>
    <testcase time="0.707000000000008" classname="table_aet04_pi" name="AET04_PI_variant_7_is_produced_correctly"/>
    <testcase time="0.155000000000001" classname="table_aet04_pi" name="AET04_PI_variant_7_is_produced_correctly"/>
    <testcase time="0.176999999999992" classname="table_aet04_pi" name="AET04_PI_variant_8_is_produced_correctly"/>
    <testcase time="0.123999999999995" classname="table_aet04_pi" name="AET04_PI_variant_8_is_produced_correctly"/>
  </testsuite>
  <testsuite name="table_aet05" timestamp="2024-10-16T02:04:54Z" hostname="b201eaa1715b" tests="4" skipped="0" failures="0" errors="0" time="0.269">
    <testcase time="0.0870000000000033" classname="table_aet05" name="AET05_variant_1_is_produced_correctly"/>
    <testcase time="0.0589999999999975" classname="table_aet05" name="AET05_variant_1_is_produced_correctly"/>
    <testcase time="0.0649999999999977" classname="table_aet05" name="AET05_variant_2_is_produced_correctly"/>
    <testcase time="0.0580000000000069" classname="table_aet05" name="AET05_variant_2_is_produced_correctly"/>
  </testsuite>
  <testsuite name="table_aet05_all" timestamp="2024-10-16T02:04:55Z" hostname="b201eaa1715b" tests="4" skipped="0" failures="0" errors="0" time="0.299">
    <testcase time="0.111999999999995" classname="table_aet05_all" name="AET05_ALL_variant_1_is_produced_correctly"/>
    <testcase time="0.0590000000000117" classname="table_aet05_all" name="AET05_ALL_variant_1_is_produced_correctly"/>
    <testcase time="0.0549999999999926" classname="table_aet05_all" name="AET05_ALL_variant_2_is_produced_correctly"/>
    <testcase time="0.0730000000000075" classname="table_aet05_all" name="AET05_ALL_variant_2_is_produced_correctly"/>
  </testsuite>
  <testsuite name="table_aet06" timestamp="2024-10-16T02:04:55Z" hostname="b201eaa1715b" tests="6" skipped="0" failures="0" errors="0" time="3.722">
    <testcase time="0.573999999999998" classname="table_aet06" name="AET06_variant_1_is_produced_correctly"/>
    <testcase time="0.227999999999994" classname="table_aet06" name="AET06_variant_1_is_produced_correctly"/>
    <testcase time="0.960000000000008" classname="table_aet06" name="AET06_variant_3_is_produced_correctly"/>
    <testcase time="0.334999999999994" classname="table_aet06" name="AET06_variant_3_is_produced_correctly"/>
    <testcase time="1.22499999999999" classname="table_aet06" name="AET06_variant_5_is_produced_correctly"/>
    <testcase time="0.400000000000006" classname="table_aet06" name="AET06_variant_5_is_produced_correctly"/>
  </testsuite>
  <testsuite name="table_aet06_smq" timestamp="2024-10-16T02:04:59Z" hostname="b201eaa1715b" tests="4" skipped="0" failures="0" errors="0" time="0.992">
    <testcase time="0.350999999999999" classname="table_aet06_smq" name="AET06_SMQ_variant_1_is_produced_correctly"/>
    <testcase time="0.144999999999996" classname="table_aet06_smq" name="AET06_SMQ_variant_1_is_produced_correctly"/>
    <testcase time="0.350999999999999" classname="table_aet06_smq" name="AET06_SMQ_variant_2_is_produced_correctly"/>
    <testcase time="0.14500000000001" classname="table_aet06_smq" name="AET06_SMQ_variant_2_is_produced_correctly"/>
  </testsuite>
  <testsuite name="table_aet07" timestamp="2024-10-16T02:05:00Z" hostname="b201eaa1715b" tests="4" skipped="0" failures="0" errors="0" time="0.198">
    <testcase time="0.0589999999999975" classname="table_aet07" name="AET07_variant_1_is_produced_correctly"/>
    <testcase time="0.0489999999999924" classname="table_aet07" name="AET07_variant_1_is_produced_correctly"/>
    <testcase time="0.0470000000000113" classname="table_aet07" name="AET07_variant_2_is_produced_correctly"/>
    <testcase time="0.0429999999999922" classname="table_aet07" name="AET07_variant_2_is_produced_correctly"/>
  </testsuite>
  <testsuite name="table_aet09" timestamp="2024-10-16T02:05:00Z" hostname="b201eaa1715b" tests="4" skipped="0" failures="0" errors="0" time="1.972">
    <testcase time="0.543000000000006" classname="table_aet09" name="AET09_variant_1_is_produced_correctly_AE_related_to_study_drug"/>
    <testcase time="0.185000000000002" classname="table_aet09" name="AET09_variant_1_is_produced_correctly_AE_related_to_study_drug"/>
    <testcase time="0.943999999999988" classname="table_aet09" name="AET09_variant_2_is_produced_correctly_AE_related_to_study_drug_including_high_level_terms_"/>
    <testcase time="0.300000000000011" classname="table_aet09" name="AET09_variant_2_is_produced_correctly_AE_related_to_study_drug_including_high_level_terms_"/>
  </testsuite>
  <testsuite name="table_aet09_smq" timestamp="2024-10-16T02:05:02Z" hostname="b201eaa1715b" tests="4" skipped="0" failures="0" errors="0" time="0.508">
    <testcase time="0.128" classname="table_aet09_smq" name="AET09_variant_1_AEs_related_to_study_drug_by_SMQ_is_produced_correctly"/>
    <testcase time="0.0679999999999978" classname="table_aet09_smq" name="AET09_variant_1_AEs_related_to_study_drug_by_SMQ_is_produced_correctly"/>
    <testcase time="0.213000000000008" classname="table_aet09_smq" name="AET09_variant_2_AEs_related_to_study_drug_by_SMQ_with_customized_queries_is_produced_correctly"/>
    <testcase time="0.0990000000000038" classname="table_aet09_smq" name="AET09_variant_2_AEs_related_to_study_drug_by_SMQ_with_customized_queries_is_produced_correctly"/>
  </testsuite>
  <testsuite name="table_aet10" timestamp="2024-10-16T02:05:02Z" hostname="b201eaa1715b" tests="2" skipped="0" failures="0" errors="0" time="0.17">
    <testcase time="0.113" classname="table_aet10" name="AET10_default_variant_is_produced_correctly"/>
    <testcase time="0.0569999999999879" classname="table_aet10" name="AET10_default_variant_is_produced_correctly"/>
  </testsuite>
  <testsuite name="table_aovt01" timestamp="2024-10-16T02:05:03Z" hostname="b201eaa1715b" tests="4" skipped="0" failures="0" errors="0" time="1.207">
    <testcase time="0.364000000000004" classname="table_aovt01" name="AOVT01_variant_with_single_endpoint_is_produced_correctly"/>
    <testcase time="0.0990000000000038" classname="table_aovt01" name="AOVT01_variant_with_single_endpoint_is_produced_correctly"/>
    <testcase time="0.579999999999998" classname="table_aovt01" name="AOVT01_variant_with_multiple_endpoints_is_produced_correctly"/>
    <testcase time="0.164000000000001" classname="table_aovt01" name="AOVT01_variant_with_multiple_endpoints_is_produced_correctly"/>
  </testsuite>
  <testsuite name="table_aovt02" timestamp="2024-10-16T02:05:04Z" hostname="b201eaa1715b" tests="2" skipped="0" failures="0" errors="0" time="0.4">
    <testcase time="0.316999999999993" classname="table_aovt02" name="AOVT02_is_produced_correctly"/>
    <testcase time="0.0829999999999984" classname="table_aovt02" name="AOVT02_is_produced_correctly"/>
  </testsuite>
  <testsuite name="table_aovt03" timestamp="2024-10-16T02:05:04Z" hostname="b201eaa1715b" tests="2" skipped="0" failures="0" errors="0" time="1.081">
    <testcase time="0.921000000000006" classname="table_aovt03" name="AOVT03_is_produced_correctly"/>
    <testcase time="0.159999999999997" classname="table_aovt03" name="AOVT03_is_produced_correctly"/>
  </testsuite>
  <testsuite name="table_cfbt01" timestamp="2024-10-16T02:05:05Z" hostname="b201eaa1715b" tests="2" skipped="0" failures="0" errors="0" time="0.594">
    <testcase time="0.396000000000001" classname="table_cfbt01" name="CFBT01_default_variant_is_produced_correctly"/>
    <testcase time="0.198000000000008" classname="table_cfbt01" name="CFBT01_default_variant_is_produced_correctly"/>
  </testsuite>
  <testsuite name="table_cmht01" timestamp="2024-10-16T02:05:06Z" hostname="b201eaa1715b" tests="4" skipped="0" failures="0" errors="0" time="1.612">
    <testcase time="0.384" classname="table_cmht01" name="CMHT01_variant_1_is_produced_correctly"/>
    <testcase time="0.083999999999989" classname="table_cmht01" name="CMHT01_variant_1_is_produced_correctly"/>
    <testcase time="0.887" classname="table_cmht01" name="CMHT01_variant_2_is_produced_correctly"/>
    <testcase time="0.257000000000005" classname="table_cmht01" name="CMHT01_variant_2_is_produced_correctly"/>
  </testsuite>
  <testsuite name="table_cmt01" timestamp="2024-10-16T02:05:07Z" hostname="b201eaa1715b" tests="8" skipped="0" failures="0" errors="0" time="1.483">
    <testcase time="0.269000000000005" classname="table_cmt01" name="CMT01_default_variant_Concomitant_medications_is_produced_correctly"/>
    <testcase time="0.11999999999999" classname="table_cmt01" name="CMT01_default_variant_Concomitant_medications_is_produced_correctly"/>
    <testcase time="0.216999999999999" classname="table_cmt01" name="CMT01_variant_1_prior_medications_is_produced_correctly"/>
    <testcase time="0.0919999999999987" classname="table_cmt01" name="CMT01_variant_1_prior_medications_is_produced_correctly"/>
    <testcase time="0.268000000000001" classname="table_cmt01" name="CMT01_variant_3_Concomitant_medications_is_produced_correctly"/>
    <testcase time="0.119" classname="table_cmt01" name="CMT01_variant_3_Concomitant_medications_is_produced_correctly"/>
    <testcase time="0.274000000000001" classname="table_cmt01" name="CMT01_variant_4_Concomitant_medications_is_produced_correctly"/>
    <testcase time="0.124000000000009" classname="table_cmt01" name="CMT01_variant_4_Concomitant_medications_is_produced_correctly"/>
  </testsuite>
  <testsuite name="table_cmt01a" timestamp="2024-10-16T02:05:09Z" hostname="b201eaa1715b" tests="8" skipped="0" failures="0" errors="0" time="2.815">
    <testcase time="0.558999999999997" classname="table_cmt01a" name="CMT01A_variant_1_is_produced_correctly"/>
    <testcase time="0.180999999999997" classname="table_cmt01a" name="CMT01A_variant_1_is_produced_correctly"/>
    <testcase time="0.512" classname="table_cmt01a" name="CMT01A_variant_2_is_produced_correctly"/>
    <testcase time="0.192000000000007" classname="table_cmt01a" name="CMT01A_variant_2_is_produced_correctly"/>
    <testcase time="0.515999999999991" classname="table_cmt01a" name="CMT01A_variant_3_is_produced_correctly"/>
    <testcase time="0.194000000000003" classname="table_cmt01a" name="CMT01A_variant_3_is_produced_correctly"/>
    <testcase time="0.489999999999995" classname="table_cmt01a" name="CMT01A_variant_4_is_produced_correctly"/>
    <testcase time="0.171000000000006" classname="table_cmt01a" name="CMT01A_variant_4_is_produced_correctly"/>
  </testsuite>
  <testsuite name="table_cmt01b" timestamp="2024-10-16T02:05:12Z" hostname="b201eaa1715b" tests="6" skipped="0" failures="0" errors="0" time="3.242">
    <testcase time="0.866" classname="table_cmt01b" name="CMT01B_variant_1_is_produced_correctly"/>
    <testcase time="0.275999999999996" classname="table_cmt01b" name="CMT01B_variant_1_is_produced_correctly"/>
    <testcase time="0.603000000000009" classname="table_cmt01b" name="CMT01B_variant_2_is_produced_correctly"/>
    <testcase time="0.230999999999995" classname="table_cmt01b" name="CMT01B_variant_2_is_produced_correctly"/>
    <testcase time="0.948999999999998" classname="table_cmt01b" name="CMT01B_variant_4_is_produced_correctly"/>
    <testcase time="0.317000000000007" classname="table_cmt01b" name="CMT01B_variant_4_is_produced_correctly"/>
  </testsuite>
  <testsuite name="table_cmt02_pt" timestamp="2024-10-16T02:05:15Z" hostname="b201eaa1715b" tests="2" skipped="0" failures="0" errors="0" time="0.291">
    <testcase time="0.194999999999993" classname="table_cmt02_pt" name="CMT02_PT_default_variant_is_produced_correctly"/>
    <testcase time="0.0960000000000036" classname="table_cmt02_pt" name="CMT02_PT_default_variant_is_produced_correctly"/>
  </testsuite>
  <testsuite name="table_coxt01" timestamp="2024-10-16T02:05:15Z" hostname="b201eaa1715b" tests="8" skipped="0" failures="0" errors="0" time="1.827">
    <testcase time="0.266999999999996" classname="table_coxt01" name="1._Cox_Regression"/>
    <testcase time="0.0870000000000033" classname="table_coxt01" name="1._Cox_Regression"/>
    <testcase time="0.370999999999995" classname="table_coxt01" name="2._Cox_Regression_with_Interaction_Term_"/>
    <testcase time="0.111999999999995" classname="table_coxt01" name="2._Cox_Regression_with_Interaction_Term_"/>
    <testcase time="0.359000000000009" classname="table_coxt01" name="3._Cox_Regression_specifying_covariates_"/>
    <testcase time="0.131999999999991" classname="table_coxt01" name="3._Cox_Regression_specifying_covariates_"/>
    <testcase time="0.378" classname="table_coxt01" name="4._Cox_Regression_setting_strata_ties_and_alpha_level_"/>
    <testcase time="0.121000000000009" classname="table_coxt01" name="4._Cox_Regression_setting_strata_ties_and_alpha_level_"/>
  </testsuite>
  <testsuite name="table_coxt02" timestamp="2024-10-16T02:05:17Z" hostname="b201eaa1715b" tests="4" skipped="0" failures="0" errors="0" time="0.699">
    <testcase time="0.283000000000001" classname="table_coxt02" name="COXT02_default_variant_1_is_produced_correctly"/>
    <testcase time="0.0739999999999981" classname="table_coxt02" name="COXT02_default_variant_1_is_produced_correctly"/>
    <testcase time="0.259999999999991" classname="table_coxt02" name="COXT02_variant_5_is_produced_correctly"/>
    <testcase time="0.0820000000000078" classname="table_coxt02" name="COXT02_variant_5_is_produced_correctly"/>
  </testsuite>
  <testsuite name="table_disclosures" timestamp="2024-10-16T02:05:18Z" hostname="b201eaa1715b" tests="12" skipped="0" failures="0" errors="0" time="2.002">
    <testcase time="0.177999999999997" classname="table_disclosures" name="Patient_Disposition_table_is_produced_correctly"/>
    <testcase time="0.102999999999994" classname="table_disclosures" name="Patient_Disposition_table_is_produced_correctly"/>
    <testcase time="0.197000000000003" classname="table_disclosures" name="Demographic_table_is_produced_correctly"/>
    <testcase time="0.168000000000006" classname="table_disclosures" name="Demographic_table_is_produced_correctly"/>
    <testcase time="0.0900000000000034" classname="table_disclosures" name="Enrollment_by_Country_Table_is_produced_correctly"/>
    <testcase time="0.106999999999999" classname="table_disclosures" name="Enrollment_by_Country_Table_is_produced_correctly"/>
    <testcase time="0.0930000000000035" classname="table_disclosures" name="Death_table_is_produced_correctly"/>
    <testcase time="0.0570000000000022" classname="table_disclosures" name="Death_table_is_produced_correctly"/>
    <testcase time="0.334000000000003" classname="table_disclosures" name="Table_of_Serious_Adverse_Events_is_produced_correctly_for_one_specific_treatment_arm_"/>
    <testcase time="0.103999999999999" classname="table_disclosures" name="Table_of_Serious_Adverse_Events_is_produced_correctly_for_one_specific_treatment_arm_"/>
    <testcase time="0.427999999999997" classname="table_disclosures" name="Table_of_Non_Serious_Adverse_Events_is_produced_correctly"/>
    <testcase time="0.143000000000001" classname="table_disclosures" name="Table_of_Non_Serious_Adverse_Events_is_produced_correctly"/>
  </testsuite>
  <testsuite name="table_dmt01" timestamp="2024-10-16T02:05:21Z" hostname="b201eaa1715b" tests="10" skipped="0" failures="0" errors="0" time="2.778">
    <testcase time="1.10299999999999" classname="table_dmt01" name="DMT01_variant_1_is_produced_correctly"/>
    <testcase time="0.183999999999997" classname="table_dmt01" name="DMT01_variant_1_is_produced_correctly"/>
    <testcase time="0.224000000000004" classname="table_dmt01" name="DMT01_variant_2_is_produced_correctly"/>
    <testcase time="0.168999999999997" classname="table_dmt01" name="DMT01_variant_2_is_produced_correctly"/>
    <testcase time="0.257000000000005" classname="table_dmt01" name="DMT01_variant_3_is_produced_correctly"/>
    <testcase time="0.183999999999997" classname="table_dmt01" name="DMT01_variant_3_is_produced_correctly"/>
    <testcase time="0.195000000000007" classname="table_dmt01" name="DMT01_variant_4_is_produced_correctly"/>
    <testcase time="0.151999999999987" classname="table_dmt01" name="DMT01_variant_4_is_produced_correctly"/>
    <testcase time="0.170000000000002" classname="table_dmt01" name="DMT01_variant_5_is_produced_correctly"/>
    <testcase time="0.140000000000001" classname="table_dmt01" name="DMT01_variant_5_is_produced_correctly"/>
  </testsuite>
  <testsuite name="table_dort01" timestamp="2024-10-16T02:05:23Z" hostname="b201eaa1715b" tests="8" skipped="0" failures="0" errors="0" time="1.629">
    <testcase time="0.518000000000001" classname="table_dort01" name="DORT01_variant_1_is_produced_correctly"/>
    <testcase time="0.0960000000000036" classname="table_dort01" name="DORT01_variant_1_is_produced_correctly"/>
    <testcase time="0.260999999999996" classname="table_dort01" name="DORT01_variant_2_selecting_sectons_is_produced_correctly"/>
    <testcase time="0.0940000000000083" classname="table_dort01" name="DORT01_variant_2_selecting_sectons_is_produced_correctly"/>
    <testcase time="0.22999999999999" classname="table_dort01" name="DORT01_variant_3_modifying_conftype_and_alpha_level_is_produced_correctly"/>
    <testcase time="0.103000000000009" classname="table_dort01" name="DORT01_variant_3_modifying_conftype_and_alpha_level_is_produced_correctly"/>
    <testcase time="0.230999999999995" classname="table_dort01" name="DORT01_variant_4_modifying_time_point_for_the_xx_duration_is_produced_correctly"/>
    <testcase time="0.0960000000000036" classname="table_dort01" name="DORT01_variant_4_modifying_time_point_for_the_xx_duration_is_produced_correctly"/>
  </testsuite>
  <testsuite name="table_dst01" timestamp="2024-10-16T02:05:24Z" hostname="b201eaa1715b" tests="6" skipped="0" failures="0" errors="0" time="0.692">
    <testcase time="0.120999999999995" classname="table_dst01" name="DST01_default_variant_is_produced_correctly"/>
    <testcase time="0.0970000000000084" classname="table_dst01" name="DST01_default_variant_is_produced_correctly"/>
    <testcase time="0.192999999999998" classname="table_dst01" name="DST01_variants_2_and_3_are_produced_correctly"/>
    <testcase time="0.0960000000000036" classname="table_dst01" name="DST01_variants_2_and_3_are_produced_correctly"/>
    <testcase time="0.0699999999999932" classname="table_dst01" name="DST01_variants_2_and_3_are_produced_correctly"/>
    <testcase time="0.114999999999995" classname="table_dst01" name="DST01_variants_2_and_3_are_produced_correctly"/>
  </testsuite>
  <testsuite name="table_dtht01" timestamp="2024-10-16T02:05:25Z" hostname="b201eaa1715b" tests="8" skipped="0" failures="0" errors="0" time="1.061">
    <testcase time="0.107000000000014" classname="table_dtht01" name="DTHT01_variant_1_is_produced_correctly"/>
    <testcase time="0.0719999999999885" classname="table_dtht01" name="DTHT01_variant_1_is_produced_correctly"/>
    <testcase time="0.230000000000004" classname="table_dtht01" name="DTHT01_variant_2_is_produced_correctly"/>
    <testcase time="0.152000000000001" classname="table_dtht01" name="DTHT01_variant_2_is_produced_correctly"/>
    <testcase time="0.140000000000001" classname="table_dtht01" name="DTHT01_variant_3_is_produced_correctly"/>
    <testcase time="0.0900000000000034" classname="table_dtht01" name="DTHT01_variant_3_is_produced_correctly"/>
    <testcase time="0.167000000000002" classname="table_dtht01" name="DTHT01_variant_4_is_produced_correctly"/>
    <testcase time="0.102999999999994" classname="table_dtht01" name="DTHT01_variant_4_is_produced_correctly"/>
  </testsuite>
  <testsuite name="table_egt01" timestamp="2024-10-16T02:05:27Z" hostname="b201eaa1715b" tests="2" skipped="0" failures="0" errors="0" time="3.177">
    <testcase time="2.51900000000001" classname="table_egt01" name="EGT01_default_variant_is_produced_correctly"/>
    <testcase time="0.658000000000001" classname="table_egt01" name="EGT01_default_variant_is_produced_correctly"/>
  </testsuite>
  <testsuite name="table_egt02" timestamp="2024-10-16T02:05:30Z" hostname="b201eaa1715b" tests="4" skipped="0" failures="0" errors="0" time="1.505">
    <testcase time="1.193" classname="table_egt02" name="_EGT02_1._Regardless_of_Abnormality_at_Baseline"/>
    <testcase time="0.0759999999999934" classname="table_egt02" name="_EGT02_1._Regardless_of_Abnormality_at_Baseline"/>
    <testcase time="0.162000000000006" classname="table_egt02" name="_EGT02_2._Among_Subjects_Without_Abnormality_at_Baseline"/>
    <testcase time="0.0739999999999981" classname="table_egt02" name="_EGT02_2._Among_Subjects_Without_Abnormality_at_Baseline"/>
  </testsuite>
  <testsuite name="table_egt03" timestamp="2024-10-16T02:05:31Z" hostname="b201eaa1715b" tests="8" skipped="0" failures="0" errors="0" time="1.157">
    <testcase time="0.188000000000002" classname="table_egt03" name="EGT03_variant_1_is_produced_correctly"/>
    <testcase time="0.11699999999999" classname="table_egt03" name="EGT03_variant_1_is_produced_correctly"/>
    <testcase time="0.153000000000006" classname="table_egt03" name="EGT03_variant_2_is_produced_correctly"/>
    <testcase time="0.103999999999999" classname="table_egt03" name="EGT03_variant_2_is_produced_correctly"/>
    <testcase time="0.176000000000002" classname="table_egt03" name="EGT03_variant_3_is_produced_correctly"/>
    <testcase time="0.123999999999995" classname="table_egt03" name="EGT03_variant_3_is_produced_correctly"/>
    <testcase time="0.167000000000002" classname="table_egt03" name="EGT03_variant_4_is_produced_correctly"/>
    <testcase time="0.128" classname="table_egt03" name="EGT03_variant_4_is_produced_correctly"/>
  </testsuite>
  <testsuite name="table_egt04" timestamp="2024-10-16T02:05:33Z" hostname="b201eaa1715b" tests="2" skipped="0" failures="0" errors="0" time="1.457">
    <testcase time="1.371" classname="table_egt04" name="EGT04_default_variant_is_produced_correctly"/>
    <testcase time="0.0860000000000127" classname="table_egt04" name="EGT04_default_variant_is_produced_correctly"/>
  </testsuite>
  <testsuite name="table_egt05_qtcat" timestamp="2024-10-16T02:05:34Z" hostname="b201eaa1715b" tests="2" skipped="0" failures="0" errors="0" time="2.018">
    <testcase time="1.59699999999999" classname="table_egt05_qtcat" name="EGT05_QTCAT_default_variant_is_produced_correctly"/>
    <testcase time="0.420999999999992" classname="table_egt05_qtcat" name="EGT05_QTCAT_default_variant_is_produced_correctly"/>
  </testsuite>
  <testsuite name="table_ent" timestamp="2024-10-16T02:05:35Z" hostname="b201eaa1715b" tests="8" skipped="0" failures="0" errors="0" time="12.718">
    <testcase time="3.11000000000001" classname="table_ent" name="ENT01_IT_is_produced_correctly"/>
    <testcase time="0.558999999999997" classname="table_ent" name="ENT01_IT_is_produced_correctly"/>
    <testcase time="2.066" classname="table_ent" name="ENT01a_IT_is_produced_correctly"/>
    <testcase time="0.522999999999996" classname="table_ent" name="ENT01a_IT_is_produced_correctly"/>
    <testcase time="3.179" classname="table_ent" name="ENT02_IT_is_produced_correctly"/>
    <testcase time="0.581999999999994" classname="table_ent" name="ENT02_IT_is_produced_correctly"/>
    <testcase time="2.209" classname="table_ent" name="ENT02a_IT_is_produced_correctly"/>
    <testcase time="0.489999999999995" classname="table_ent" name="ENT02a_IT_is_produced_correctly"/>
  </testsuite>
  <testsuite name="table_eudrat01" timestamp="2024-10-16T02:05:48Z" hostname="b201eaa1715b" tests="2" skipped="0" failures="0" errors="0" time="0.538">
    <testcase time="0.412999999999997" classname="table_eudrat01" name="EUDRAT01_is_produced_correctly"/>
    <testcase time="0.125" classname="table_eudrat01" name="EUDRAT01_is_produced_correctly"/>
  </testsuite>
  <testsuite name="table_eudrat02" timestamp="2024-10-16T02:05:49Z" hostname="b201eaa1715b" tests="2" skipped="0" failures="0" errors="0" time="0.426">
    <testcase time="0.327000000000012" classname="table_eudrat02" name="EUDRAT02_is_produced_correctly"/>
    <testcase time="0.0989999999999895" classname="table_eudrat02" name="EUDRAT02_is_produced_correctly"/>
  </testsuite>
  <testsuite name="table_ext01" timestamp="2024-10-16T02:05:49Z" hostname="b201eaa1715b" tests="6" skipped="0" failures="0" errors="0" time="1.399">
    <testcase time="0.328000000000003" classname="table_ext01" name="EXT01_default_variant_with_numeric_parameters_is_produced_correctly"/>
    <testcase time="0.141999999999996" classname="table_ext01" name="EXT01_default_variant_with_numeric_parameters_is_produced_correctly"/>
    <testcase time="0.233000000000004" classname="table_ext01" name="EXT01_variant_with_both_numeric_and_categorical_parameters"/>
    <testcase time="0.183999999999997" classname="table_ext01" name="EXT01_variant_with_both_numeric_and_categorical_parameters"/>
    <testcase time="0.289000000000001" classname="table_ext01" name="EXT01_variant_with_user_specified_categories_for_missed_doses"/>
    <testcase time="0.222999999999999" classname="table_ext01" name="EXT01_variant_with_user_specified_categories_for_missed_doses"/>
  </testsuite>
  <testsuite name="table_lbt01" timestamp="2024-10-16T02:05:51Z" hostname="b201eaa1715b" tests="2" skipped="0" failures="0" errors="0" time="1.843">
    <testcase time="1.37499999999999" classname="table_lbt01" name="LBT01_default_variant_is_produced_correctly"/>
    <testcase time="0.468000000000018" classname="table_lbt01" name="LBT01_default_variant_is_produced_correctly"/>
  </testsuite>
  <testsuite name="table_lbt02" timestamp="2024-10-16T02:05:52Z" hostname="b201eaa1715b" tests="2" skipped="0" failures="0" errors="0" time="1.237">
    <testcase time="0.764999999999986" classname="table_lbt02" name="LBT02_default_variant_is_produced_correctly"/>
    <testcase time="0.472000000000008" classname="table_lbt02" name="LBT02_default_variant_is_produced_correctly"/>
  </testsuite>
  <testsuite name="table_lbt03" timestamp="2024-10-16T02:05:53Z" hostname="b201eaa1715b" tests="2" skipped="0" failures="0" errors="0" time="0.271">
    <testcase time="0.177999999999997" classname="table_lbt03" name="LBT03_default_variant_is_produced_correctly"/>
    <testcase time="0.0930000000000177" classname="table_lbt03" name="LBT03_default_variant_is_produced_correctly"/>
  </testsuite>
  <testsuite name="table_lbt04" timestamp="2024-10-16T02:05:54Z" hostname="b201eaa1715b" tests="2" skipped="0" failures="0" errors="0" time="1.185">
    <testcase time="0.996999999999986" classname="table_lbt04" name="LBT04_default_variant_is_produced_correctly"/>
    <testcase time="0.187999999999988" classname="table_lbt04" name="LBT04_default_variant_is_produced_correctly"/>
  </testsuite>
  <testsuite name="table_lbt05" timestamp="2024-10-16T02:05:55Z" hostname="b201eaa1715b" tests="6" skipped="0" failures="0" errors="0" time="6.158">
    <testcase time="1.953" classname="table_lbt05" name="LBT05_variant_1_is_produced_correctly"/>
    <testcase time="0.385000000000019" classname="table_lbt05" name="LBT05_variant_1_is_produced_correctly"/>
    <testcase time="1.36199999999999" classname="table_lbt05" name="LBT05_variant_2_is_produced_correctly"/>
    <testcase time="0.490000000000009" classname="table_lbt05" name="LBT05_variant_2_is_produced_correctly"/>
    <testcase time="1.62199999999999" classname="table_lbt05" name="LBT05_variant_4_is_produced_correctly"/>
    <testcase time="0.346000000000004" classname="table_lbt05" name="LBT05_variant_4_is_produced_correctly"/>
  </testsuite>
  <testsuite name="table_lbt06" timestamp="2024-10-16T02:06:01Z" hostname="b201eaa1715b" tests="2" skipped="0" failures="0" errors="0" time="0.494">
    <testcase time="0.323999999999984" classname="table_lbt06" name="LBT06_default_variant_is_produced_correctly"/>
    <testcase time="0.170000000000016" classname="table_lbt06" name="LBT06_default_variant_is_produced_correctly"/>
  </testsuite>
  <testsuite name="table_lbt07" timestamp="2024-10-16T02:06:02Z" hostname="b201eaa1715b" tests="2" skipped="0" failures="0" errors="0" time="2.426">
    <testcase time="2.149" classname="table_lbt07" name="LBT07_is_produced_correctly"/>
    <testcase time="0.276999999999987" classname="table_lbt07" name="LBT07_is_produced_correctly"/>
  </testsuite>
  <testsuite name="table_lbt08" timestamp="2024-10-16T02:06:04Z" hostname="b201eaa1715b" tests="2" skipped="0" failures="0" errors="0" time="0.364">
    <testcase time="0.253999999999991" classname="table_lbt08" name="LBT08_produce_correctly"/>
    <testcase time="0.110000000000014" classname="table_lbt08" name="LBT08_produce_correctly"/>
  </testsuite>
  <testsuite name="table_lbt09" timestamp="2024-10-16T02:06:04Z" hostname="b201eaa1715b" tests="4" skipped="0" failures="0" errors="0" time="0.883">
    <testcase time="0.305000000000007" classname="table_lbt09" name="LBT09_variant_1_works_as_expected"/>
    <testcase time="0.149000000000001" classname="table_lbt09" name="LBT09_variant_1_works_as_expected"/>
    <testcase time="0.271999999999991" classname="table_lbt09" name="LBT09_variant_2_works_as_expected"/>
    <testcase time="0.157000000000011" classname="table_lbt09" name="LBT09_variant_2_works_as_expected"/>
  </testsuite>
  <testsuite name="table_lbt10" timestamp="2024-10-16T02:06:05Z" hostname="b201eaa1715b" tests="4" skipped="0" failures="0" errors="0" time="1.145">
    <testcase time="0.646999999999991" classname="table_lbt10" name="LBT10_variant_1_works_as_expected"/>
    <testcase time="0.0769999999999982" classname="table_lbt10" name="LBT10_variant_1_works_as_expected"/>
    <testcase time="0.363" classname="table_lbt10" name="LBT10_variant_2_works_as_expected"/>
    <testcase time="0.0579999999999927" classname="table_lbt10" name="LBT10_variant_2_works_as_expected"/>
  </testsuite>
  <testsuite name="table_lbt10_bl" timestamp="2024-10-16T02:06:06Z" hostname="b201eaa1715b" tests="4" skipped="0" failures="0" errors="0" time="0.47">
    <testcase time="0.225000000000023" classname="table_lbt10_bl" name="LBT10_BL_variant_1_works_as_expected"/>
    <testcase time="0.0689999999999884" classname="table_lbt10_bl" name="LBT10_BL_variant_1_works_as_expected"/>
    <testcase time="0.11699999999999" classname="table_lbt10_bl" name="LBT10_BL_variant_2_works_as_expected"/>
    <testcase time="0.0589999999999975" classname="table_lbt10_bl" name="LBT10_BL_variant_2_works_as_expected"/>
  </testsuite>
  <testsuite name="table_lbt11" timestamp="2024-10-16T02:06:07Z" hostname="b201eaa1715b" tests="6" skipped="0" failures="0" errors="0" time="0.693">
    <testcase time="0.171999999999997" classname="table_lbt11" name="LBT11_variant_1_works_as_expected"/>
    <testcase time="0.0980000000000132" classname="table_lbt11" name="LBT11_variant_1_works_as_expected"/>
    <testcase time="0.0819999999999936" classname="table_lbt11" name="LBT11_variant_2_works_as_expected"/>
    <testcase time="0.085000000000008" classname="table_lbt11" name="LBT11_variant_2_works_as_expected"/>
    <testcase time="0.141999999999996" classname="table_lbt11" name="LBT11_variant_3_works_as_expected"/>
    <testcase time="0.114000000000004" classname="table_lbt11" name="LBT11_variant_3_works_as_expected"/>
  </testsuite>
  <testsuite name="table_lbt11_bl" timestamp="2024-10-16T02:06:08Z" hostname="b201eaa1715b" tests="6" skipped="0" failures="0" errors="0" time="0.764">
    <testcase time="0.181999999999988" classname="table_lbt11_bl" name="LBT11_BL_variant_1_works_as_expected"/>
    <testcase time="0.0999999999999943" classname="table_lbt11_bl" name="LBT11_BL_variant_1_works_as_expected"/>
    <testcase time="0.0970000000000084" classname="table_lbt11_bl" name="LBT11_BL_variant_2_works_as_expected"/>
    <testcase time="0.0860000000000127" classname="table_lbt11_bl" name="LBT11_BL_variant_2_works_as_expected"/>
    <testcase time="0.183999999999997" classname="table_lbt11_bl" name="LBT11_BL_variant_3_works_as_expected"/>
    <testcase time="0.114999999999981" classname="table_lbt11_bl" name="LBT11_BL_variant_3_works_as_expected"/>
  </testsuite>
  <testsuite name="table_lbt12" timestamp="2024-10-16T02:06:08Z" hostname="b201eaa1715b" tests="2" skipped="0" failures="0" errors="0" time="0.358">
    <testcase time="0.27600000000001" classname="table_lbt12" name="LBT12_works_as_expected"/>
    <testcase time="0.0819999999999936" classname="table_lbt12" name="LBT12_works_as_expected"/>
  </testsuite>
  <testsuite name="table_lbt12_bl" timestamp="2024-10-16T02:06:09Z" hostname="b201eaa1715b" tests="2" skipped="0" failures="0" errors="0" time="0.589">
    <testcase time="0.513000000000005" classname="table_lbt12_bl" name="LBT12_BL_works_as_expected"/>
    <testcase time="0.0759999999999934" classname="table_lbt12_bl" name="LBT12_BL_works_as_expected"/>
  </testsuite>
  <testsuite name="table_lbt13" timestamp="2024-10-16T02:06:10Z" hostname="b201eaa1715b" tests="10" skipped="0" failures="0" errors="0" time="2.098">
    <testcase time="0.725000000000023" classname="table_lbt13" name="LBT13_variant_1_LOW_works_as_expected"/>
    <testcase time="0.0909999999999798" classname="table_lbt13" name="LBT13_variant_1_LOW_works_as_expected"/>
    <testcase time="0.132000000000005" classname="table_lbt13" name="LBT13_variant_2_HIGH_works_as_expected"/>
    <testcase time="0.0620000000000118" classname="table_lbt13" name="LBT13_variant_2_HIGH_works_as_expected"/>
    <testcase time="0.215000000000003" classname="table_lbt13" name="LBT13_variant_3_LOW_without_baseline_missing_works_as_expected"/>
    <testcase time="0.089999999999975" classname="table_lbt13" name="LBT13_variant_3_LOW_without_baseline_missing_works_as_expected"/>
    <testcase time="0.130000000000024" classname="table_lbt13" name="LBT13_variant_4_HIGH_with_missing_baseline_considered_as_grade_0_works_as_expected"/>
    <testcase time="0.0619999999999834" classname="table_lbt13" name="LBT13_variant_4_HIGH_with_missing_baseline_considered_as_grade_0_works_as_expected"/>
    <testcase time="0.379999999999995" classname="table_lbt13" name="LBT14_variant_5_HIGH_with_filled_in_grades_works_as_expected"/>
    <testcase time="0.211000000000013" classname="table_lbt13" name="LBT14_variant_5_HIGH_with_filled_in_grades_works_as_expected"/>
  </testsuite>
  <testsuite name="table_lbt14" timestamp="2024-10-16T02:06:12Z" hostname="b201eaa1715b" tests="10" skipped="0" failures="0" errors="0" time="27.739">
    <testcase time="5.417" classname="table_lbt14" name="LBT14_variant_1_HIGH_works_as_expected"/>
    <testcase time="0.442000000000007" classname="table_lbt14" name="LBT14_variant_1_HIGH_works_as_expected"/>
    <testcase time="4.81999999999999" classname="table_lbt14" name="LBT14_variant_2_LOW_works_as_expected"/>
    <testcase time="0.317999999999984" classname="table_lbt14" name="LBT14_variant_2_LOW_works_as_expected"/>
    <testcase time="3.185" classname="table_lbt14" name="LBT14_variant_3_LOW_without_baseline_missing_works_as_expected"/>
    <testcase time="0.384999999999991" classname="table_lbt14" name="LBT14_variant_3_LOW_without_baseline_missing_works_as_expected"/>
    <testcase time="4.71000000000001" classname="table_lbt14" name="LBT14_variant_4_LOW_and_force_1_missing_both_baseline_and_post_baseline_then_force_the_missing_baseline_as_0_as_expected"/>
    <testcase time="0.256" classname="table_lbt14" name="LBT14_variant_4_LOW_and_force_1_missing_both_baseline_and_post_baseline_then_force_the_missing_baseline_as_0_as_expected"/>
    <testcase time="5.17500000000001" classname="table_lbt14" name="LBT14_variant_5_HIGH_with_fillings_works_as_expected"/>
    <testcase time="3.03100000000001" classname="table_lbt14" name="LBT14_variant_5_HIGH_with_fillings_works_as_expected"/>
  </testsuite>
  <testsuite name="table_lbt15" timestamp="2024-10-16T02:06:39Z" hostname="b201eaa1715b" tests="4" skipped="0" failures="0" errors="0" time="1.386">
    <testcase time="0.545999999999992" classname="table_lbt15" name="LBT15_variant_1_works_as_expected"/>
    <testcase time="0.180000000000007" classname="table_lbt15" name="LBT15_variant_1_works_as_expected"/>
    <testcase time="0.47999999999999" classname="table_lbt15" name="LBT15_variant_2_works_as_expected"/>
    <testcase time="0.180000000000007" classname="table_lbt15" name="LBT15_variant_2_works_as_expected"/>
  </testsuite>
  <testsuite name="table_lgrt02" timestamp="2024-10-16T02:06:40Z" hostname="b201eaa1715b" tests="8" skipped="0" failures="0" errors="0" time="2.632">
    <testcase time="0.481999999999999" classname="table_lgrt02" name="LGRT02_without_interaction_term_is_produced_correctly"/>
    <testcase time="0.141999999999996" classname="table_lgrt02" name="LGRT02_without_interaction_term_is_produced_correctly"/>
    <testcase time="0.531000000000006" classname="table_lgrt02" name="LGRT02_with_categorical_interaction_is_produced_correctly"/>
    <testcase time="0.167000000000002" classname="table_lgrt02" name="LGRT02_with_categorical_interaction_is_produced_correctly"/>
    <testcase time="0.530000000000001" classname="table_lgrt02" name="LGRT02_with_continuous_interaction_is_produced_correctly"/>
    <testcase time="0.167000000000002" classname="table_lgrt02" name="LGRT02_with_continuous_interaction_is_produced_correctly"/>
    <testcase time="0.473000000000013" classname="table_lgrt02" name="LGRT02_with_setting_values_indicating_an_event_and_custom_alpha_level_is_produced_correctly"/>
    <testcase time="0.139999999999986" classname="table_lgrt02" name="LGRT02_with_setting_values_indicating_an_event_and_custom_alpha_level_is_produced_correctly"/>
  </testsuite>
  <testsuite name="table_mht01" timestamp="2024-10-16T02:06:43Z" hostname="b201eaa1715b" tests="8" skipped="0" failures="0" errors="0" time="1.424">
    <testcase time="0.289000000000016" classname="table_mht01" name="MHT01_variant_1_is_produced_accurately"/>
    <testcase time="0.132999999999981" classname="table_mht01" name="MHT01_variant_1_is_produced_accurately"/>
    <testcase time="0.0960000000000036" classname="table_mht01" name="MHT01_variant_2_is_produced_accurately"/>
    <testcase time="0.0670000000000073" classname="table_mht01" name="MHT01_variant_2_is_produced_accurately"/>
    <testcase time="0.247000000000014" classname="table_mht01" name="MHT01_variant_3_is_produced_accurately"/>
    <testcase time="0.109999999999985" classname="table_mht01" name="MHT01_variant_3_is_produced_accurately"/>
    <testcase time="0.328000000000003" classname="table_mht01" name="MHT01_variant_5_is_produced_accurately"/>
    <testcase time="0.153999999999996" classname="table_mht01" name="MHT01_variant_5_is_produced_accurately"/>
  </testsuite>
  <testsuite name="table_onct05" timestamp="2024-10-16T02:06:45Z" hostname="b201eaa1715b" tests="8" skipped="0" failures="0" errors="0" time="1.906">
    <testcase time="0.429000000000002" classname="table_onct05" name="ONCT05_variant_1_Objective_Response_Rate_by_Subgroup_is_produced_correctly"/>
    <testcase time="0.105999999999995" classname="table_onct05" name="ONCT05_variant_1_Objective_Response_Rate_by_Subgroup_is_produced_correctly"/>
    <testcase time="0.442000000000007" classname="table_onct05" name="ONCT05_variant_2_Specifying_class_variables_is_produced_correctly"/>
    <testcase time="0.114000000000004" classname="table_onct05" name="ONCT05_variant_2_Specifying_class_variables_is_produced_correctly"/>
    <testcase time="0.199999999999989" classname="table_onct05" name="ONCT05_variant_3_selecting_columns_and_changing_the_alpha_level_is_produced_correctly"/>
    <testcase time="0.0810000000000173" classname="table_onct05" name="ONCT05_variant_3_selecting_columns_and_changing_the_alpha_level_is_produced_correctly"/>
    <testcase time="0.417000000000002" classname="table_onct05" name="ONCT05_variant_4_setting_values_indicating_response_is_produced_correctly"/>
    <testcase time="0.11699999999999" classname="table_onct05" name="ONCT05_variant_4_setting_values_indicating_response_is_produced_correctly"/>
  </testsuite>
  <testsuite name="table_pdt01" timestamp="2024-10-16T02:06:46Z" hostname="b201eaa1715b" tests="2" skipped="0" failures="0" errors="0" time="0.387">
    <testcase time="0.245000000000005" classname="table_pdt01" name="PDT01_is_produced_correctly"/>
    <testcase time="0.141999999999996" classname="table_pdt01" name="PDT01_is_produced_correctly"/>
  </testsuite>
  <testsuite name="table_pdt02" timestamp="2024-10-16T02:06:47Z" hostname="b201eaa1715b" tests="2" skipped="0" failures="0" errors="0" time="0.227">
    <testcase time="0.156000000000006" classname="table_pdt02" name="PDT02_is_produced_correctly"/>
    <testcase time="0.070999999999998" classname="table_pdt02" name="PDT02_is_produced_correctly"/>
  </testsuite>
  <testsuite name="table_pkct01" timestamp="2024-10-16T02:06:47Z" hostname="b201eaa1715b" tests="10" skipped="0" failures="0" errors="0" time="2.993">
    <testcase time="0.257999999999981" classname="table_pkct01" name="PKCT01_is_produced_correctly"/>
    <testcase time="0.085000000000008" classname="table_pkct01" name="PKCT01_is_produced_correctly"/>
    <testcase time="0.12700000000001" classname="table_pkct01" name="PKCT01_is_produced_correctly"/>
    <testcase time="0.0529999999999973" classname="table_pkct01" name="PKCT01_is_produced_correctly"/>
    <testcase time="0.832999999999998" classname="table_pkct01" name="Specific_PKCT01_features_are_present"/>
    <testcase time="0.212999999999994" classname="table_pkct01" name="Specific_PKCT01_features_are_present"/>
    <testcase time="0.192000000000007" classname="table_pkct01" name="Specific_PKCT01_features_are_present"/>
    <testcase time="0.0029999999999859" classname="table_pkct01" name="Specific_PKCT01_features_are_present"/>
    <testcase time="0.691000000000003" classname="table_pkct01" name="Specific_PKCT01_features_are_present"/>
    <testcase time="0.538000000000011" classname="table_pkct01" name="Specific_PKCT01_features_are_present"/>
  </testsuite>
  <testsuite name="table_pkpt02" timestamp="2024-10-16T02:06:50Z" hostname="b201eaa1715b" tests="2" skipped="0" failures="0" errors="0" time="0.517">
    <testcase time="0.292000000000002" classname="table_pkpt02" name="PKPT02_is_produced_correctly_for_Drug_X"/>
    <testcase time="0.224999999999994" classname="table_pkpt02" name="PKPT02_is_produced_correctly_for_Drug_X"/>
  </testsuite>
  <testsuite name="table_pkpt03" timestamp="2024-10-16T02:06:51Z" hostname="b201eaa1715b" tests="2" skipped="0" failures="0" errors="0" time="1.052">
    <testcase time="0.858000000000004" classname="table_pkpt03" name="PKPT03_Drug_X_is_produced_correctly"/>
    <testcase time="0.193999999999988" classname="table_pkpt03" name="PKPT03_Drug_X_is_produced_correctly"/>
  </testsuite>
  <testsuite name="table_pkpt04" timestamp="2024-10-16T02:06:52Z" hostname="b201eaa1715b" tests="2" skipped="0" failures="0" errors="0" time="0.197">
    <testcase time="0.115000000000009" classname="table_pkpt04" name="PKPT04_is_produced_correctly_for_Drug_X"/>
    <testcase time="0.0819999999999936" classname="table_pkpt04" name="PKPT04_is_produced_correctly_for_Drug_X"/>
  </testsuite>
  <testsuite name="table_pkpt05" timestamp="2024-10-16T02:06:52Z" hostname="b201eaa1715b" tests="2" skipped="0" failures="0" errors="0" time="0.395">
    <testcase time="0.271999999999991" classname="table_pkpt05" name="PKPT05_Drug_X_is_produced_correctly"/>
    <testcase time="0.123000000000019" classname="table_pkpt05" name="PKPT05_Drug_X_is_produced_correctly"/>
  </testsuite>
  <testsuite name="table_pkpt06" timestamp="2024-10-16T02:06:52Z" hostname="b201eaa1715b" tests="4" skipped="0" failures="0" errors="0" time="0.263">
    <testcase time="0.0819999999999936" classname="table_pkpt06" name="PKPT06_is_produced_correctly_for_Drug_X"/>
    <testcase time="0.0620000000000118" classname="table_pkpt06" name="PKPT06_is_produced_correctly_for_Drug_X"/>
    <testcase time="0.0499999999999829" classname="table_pkpt06" name="PKPT06_is_produced_correctly_for_Drug_Y"/>
    <testcase time="0.0690000000000168" classname="table_pkpt06" name="PKPT06_is_produced_correctly_for_Drug_Y"/>
  </testsuite>
  <testsuite name="table_pkpt07" timestamp="2024-10-16T02:06:52Z" hostname="b201eaa1715b" tests="4" skipped="0" failures="0" errors="0" time="0.514">
    <testcase time="0.194999999999993" classname="table_pkpt07" name="PKPT07_Drug_X_is_produced_correctly"/>
    <testcase time="0.10899999999998" classname="table_pkpt07" name="PKPT07_Drug_X_is_produced_correctly"/>
    <testcase time="0.110000000000014" classname="table_pkpt07" name="PKPT07_Drug_Y_is_produced_correctly"/>
    <testcase time="0.0999999999999943" classname="table_pkpt07" name="PKPT07_Drug_Y_is_produced_correctly"/>
  </testsuite>
  <testsuite name="table_ratet01" timestamp="2024-10-16T02:06:53Z" hostname="b201eaa1715b" tests="2" skipped="0" failures="0" errors="0" time="0.669">
    <testcase time="0.532000000000011" classname="table_ratet01" name="RATET01_is_produced_correctly"/>
    <testcase time="0.137" classname="table_ratet01" name="RATET01_is_produced_correctly"/>
  </testsuite>
  <testsuite name="table_rmpt01" timestamp="2024-10-16T02:06:54Z" hostname="b201eaa1715b" tests="2" skipped="0" failures="0" errors="0" time="0.189">
    <testcase time="0.132000000000005" classname="table_rmpt01" name="RMPT01_is_produced_correctly"/>
    <testcase time="0.0569999999999879" classname="table_rmpt01" name="RMPT01_is_produced_correctly"/>
  </testsuite>
  <testsuite name="table_rmpt03" timestamp="2024-10-16T02:06:54Z" hostname="b201eaa1715b" tests="4" skipped="0" failures="0" errors="0" time="0.523">
    <testcase time="0.199999999999989" classname="table_rmpt03" name="RMPT03_variant_1_is_produced_correctly"/>
    <testcase time="0.0820000000000221" classname="table_rmpt03" name="RMPT03_variant_1_is_produced_correctly"/>
    <testcase time="0.155999999999977" classname="table_rmpt03" name="RMPT03_variant_2_is_produced_correctly"/>
    <testcase time="0.085000000000008" classname="table_rmpt03" name="RMPT03_variant_2_is_produced_correctly"/>
  </testsuite>
  <testsuite name="table_rmpt04" timestamp="2024-10-16T02:06:54Z" hostname="b201eaa1715b" tests="2" skipped="0" failures="0" errors="0" time="0.196">
    <testcase time="0.140000000000015" classname="table_rmpt04" name="RMPT04_variant_1_is_produced_correctly"/>
    <testcase time="0.0559999999999832" classname="table_rmpt04" name="RMPT04_variant_1_is_produced_correctly"/>
  </testsuite>
  <testsuite name="table_rmpt05" timestamp="2024-10-16T02:06:55Z" hostname="b201eaa1715b" tests="2" skipped="0" failures="0" errors="0" time="0.226">
    <testcase time="0.156000000000006" classname="table_rmpt05" name="RMPT05_is_produced_correctly"/>
    <testcase time="0.0699999999999932" classname="table_rmpt05" name="RMPT05_is_produced_correctly"/>
  </testsuite>
  <testsuite name="table_rmpt06" timestamp="2024-10-16T02:06:55Z" hostname="b201eaa1715b" tests="8" skipped="0" failures="0" errors="0" time="1.53">
    <testcase time="0.308999999999997" classname="table_rmpt06" name="RMPT06_variant_1_is_produced_correctly"/>
    <testcase time="0.105000000000018" classname="table_rmpt06" name="RMPT06_variant_1_is_produced_correctly"/>
    <testcase time="0.205999999999989" classname="table_rmpt06" name="RMPT06_variant_2_is_produced_correctly"/>
    <testcase time="0.0989999999999895" classname="table_rmpt06" name="RMPT06_variant_2_is_produced_correctly"/>
    <testcase time="0.284999999999997" classname="table_rmpt06" name="RMPT06_variant_3_is_produced_correctly"/>
    <testcase time="0.112000000000023" classname="table_rmpt06" name="RMPT06_variant_3_is_produced_correctly"/>
    <testcase time="0.283999999999992" classname="table_rmpt06" name="RMPT06_variant_4_is_produced_correctly"/>
    <testcase time="0.129999999999995" classname="table_rmpt06" name="RMPT06_variant_4_is_produced_correctly"/>
  </testsuite>
  <testsuite name="table_rspt01" timestamp="2024-10-16T02:06:56Z" hostname="b201eaa1715b" tests="12" skipped="0" failures="0" errors="0" time="2.285">
    <testcase time="0.266999999999996" classname="table_rspt01" name="RSPT01_1._Best_Overall_Response"/>
    <testcase time="0.110000000000014" classname="table_rspt01" name="RSPT01_1._Best_Overall_Response"/>
    <testcase time="0.242999999999995" classname="table_rspt01" name="RSPT01_2._Best_Overall_Response_selecting_sections_to_display_"/>
    <testcase time="0.121000000000009" classname="table_rspt01" name="RSPT01_2._Best_Overall_Response_selecting_sections_to_display_"/>
    <testcase time="0.295999999999992" classname="table_rspt01" name="RSPT01_3._Best_Overall_Response_modifying_settings_"/>
    <testcase time="0.10499999999999" classname="table_rspt01" name="RSPT01_3._Best_Overall_Response_modifying_settings_"/>
    <testcase time="0.341000000000008" classname="table_rspt01" name="RSPT01_4._Best_Overall_Response_with_stratified_analysis_"/>
    <testcase time="0.121999999999986" classname="table_rspt01" name="RSPT01_4._Best_Overall_Response_with_stratified_analysis_"/>
    <testcase time="0.255000000000024" classname="table_rspt01" name="RSPT01_5._Best_Overall_Response_modifying_the_definition_of_overall_response_"/>
    <testcase time="0.123999999999995" classname="table_rspt01" name="RSPT01_5._Best_Overall_Response_modifying_the_definition_of_overall_response_"/>
    <testcase time="0.207999999999998" classname="table_rspt01" name="RSPT01_6._Best_Overall_Response_define_new_sections_to_display_"/>
    <testcase time="0.0929999999999893" classname="table_rspt01" name="RSPT01_6._Best_Overall_Response_define_new_sections_to_display_"/>
  </testsuite>
  <testsuite name="table_ttet01" timestamp="2024-10-16T02:06:59Z" hostname="b201eaa1715b" tests="14" skipped="0" failures="0" errors="0" time="3.355">
    <testcase time="0.400000000000006" classname="table_ttet01" name="TTET01_default_variant_is_produced_correctly"/>
    <testcase time="0.163000000000011" classname="table_ttet01" name="TTET01_default_variant_is_produced_correctly"/>
    <testcase time="0.384999999999991" classname="table_ttet01" name="TTET01_default_variant_with_Placebo_arm"/>
    <testcase time="0.157999999999987" classname="table_ttet01" name="TTET01_default_variant_with_Placebo_arm"/>
    <testcase time="0.206000000000017" classname="table_ttet01" name="TTET01_variant_2_selecting_sections_to_display"/>
    <testcase time="0.127999999999986" classname="table_ttet01" name="TTET01_variant_2_selecting_sections_to_display"/>
    <testcase time="0.311000000000007" classname="table_ttet01" name="TTET01_variant_3_modifying_analysis_details_like_conftype_ties_alpha_level"/>
    <testcase time="0.14500000000001" classname="table_ttet01" name="TTET01_variant_3_modifying_analysis_details_like_conftype_ties_alpha_level"/>
    <testcase time="0.34699999999998" classname="table_ttet01" name="TTET01_variant_4_with_stratified_analysis"/>
    <testcase time="0.146000000000015" classname="table_ttet01" name="TTET01_variant_4_with_stratified_analysis"/>
    <testcase time="0.314999999999998" classname="table_ttet01" name="TTET01_variant_5_modifying_time_point"/>
    <testcase time="0.129999999999995" classname="table_ttet01" name="TTET01_variant_5_modifying_time_point"/>
    <testcase time="0.382000000000005" classname="table_ttet01" name="TTET01_variant_6_requesting_more_than_one_p_value"/>
    <testcase time="0.138999999999982" classname="table_ttet01" name="TTET01_variant_6_requesting_more_than_one_p_value"/>
  </testsuite>
  <testsuite name="table_vst01" timestamp="2024-10-16T02:07:03Z" hostname="b201eaa1715b" tests="2" skipped="0" failures="0" errors="0" time="2.098">
    <testcase time="1.673" classname="table_vst01" name="VST01_default_variant_is_produced_correctly"/>
    <testcase time="0.425000000000011" classname="table_vst01" name="VST01_default_variant_is_produced_correctly"/>
  </testsuite>
  <testsuite name="table_vst02" timestamp="2024-10-16T02:07:05Z" hostname="b201eaa1715b" tests="4" skipped="0" failures="0" errors="0" time="1.492">
    <testcase time="1.02799999999999" classname="table_vst02" name="1._Vital_Sign_Abnormalities_Regardless_of_Abnormality_at_Baseline_VST02_1_"/>
    <testcase time="0.115000000000009" classname="table_vst02" name="1._Vital_Sign_Abnormalities_Regardless_of_Abnormality_at_Baseline_VST02_1_"/>
    <testcase time="0.25200000000001" classname="table_vst02" name="2._Vital_Sign_Abnormalities_Among_Subject_Without_Abnormality_at_Baseline_VST02_2_"/>
    <testcase time="0.09699999999998" classname="table_vst02" name="2._Vital_Sign_Abnormalities_Among_Subject_Without_Abnormality_at_Baseline_VST02_2_"/>
  </testsuite>
</testsuites>
