<?xml version="1.0" encoding="UTF-8"?>
<testsuites>
  <testsuite name="listing_adal02" timestamp="2023-06-28T08:26:06Z" hostname="ec43fcf39001" tests="2" skipped="1" failures="0" errors="0" time="0.61">
    <testcase time="0.41" classname="listing_adal02" name="ADAL02_listing_is_produced_correctly"/>
    <testcase time="0.2" classname="listing_adal02" name="ADAL02_listing_is_produced_correctly">
      <skipped message="Reason: On CRAN ('test-listing_adal02.R:100:3')"/>
    </testcase>
  </testsuite>
  <testsuite name="listing_ael01" timestamp="2023-06-28T08:26:06Z" hostname="ec43fcf39001" tests="2" skipped="1" failures="0" errors="0" time="0.318">
    <testcase time="0.117" classname="listing_ael01" name="AEL01_listing_is_produced_correctly"/>
    <testcase time="0.201" classname="listing_ael01" name="AEL01_listing_is_produced_correctly">
      <skipped message="Reason: On CRAN ('test-listing_ael01.R:20:3')"/>
    </testcase>
  </testsuite>
  <testsuite name="listing_ael01_nollt" timestamp="2023-06-28T08:26:07Z" hostname="ec43fcf39001" tests="2" skipped="1" failures="0" errors="0" time="0.116">
    <testcase time="0.0800000000000001" classname="listing_ael01_nollt" name="AEL01_NOLLT_listing_is_produced_correctly"/>
    <testcase time="0.0360000000000005" classname="listing_ael01_nollt" name="AEL01_NOLLT_listing_is_produced_correctly">
      <skipped message="Reason: On CRAN ('test-listing_ael01_nollt.R:19:3')"/>
    </testcase>
  </testsuite>
  <testsuite name="listing_ael02" timestamp="2023-06-28T08:26:07Z" hostname="ec43fcf39001" tests="1" skipped="1" failures="0" errors="0" time="0.33">
    <testcase time="0.33" classname="listing_ael02" name="AEL02_listing_is_produced_correctly">
      <skipped message="Reason: On CRAN ('test-listing_ael02.R:60:3')"/>
    </testcase>
  </testsuite>
  <testsuite name="listing_ael02_ed" timestamp="2023-06-28T08:26:07Z" hostname="ec43fcf39001" tests="1" skipped="1" failures="0" errors="0" time="0.382">
    <testcase time="0.382" classname="listing_ael02_ed" name="AEL02_ED_listing_is_produced_correctly">
      <skipped message="Reason: On CRAN ('test-listing_ael02_ed.R:77:3')"/>
    </testcase>
  </testsuite>
  <testsuite name="listing_ael03" timestamp="2023-06-28T08:26:07Z" hostname="ec43fcf39001" tests="1" skipped="1" failures="0" errors="0" time="0.328">
    <testcase time="0.328" classname="listing_ael03" name="AEL03_listing_is_produced_correctly">
      <skipped message="Reason: On CRAN ('test-listing_ael03.R:73:3')"/>
    </testcase>
  </testsuite>
  <testsuite name="listing_ael04" timestamp="2023-06-28T08:26:08Z" hostname="ec43fcf39001" tests="2" skipped="1" failures="0" errors="0" time="0.242">
    <testcase time="0.0540000000000003" classname="listing_ael04" name="AEL04_listing_is_produced_correctly"/>
    <testcase time="0.188" classname="listing_ael04" name="AEL04_listing_is_produced_correctly">
      <skipped message="Reason: On CRAN ('test-listing_ael04.R:30:3')"/>
    </testcase>
  </testsuite>
  <testsuite name="listing_cml01" timestamp="2023-06-28T08:26:08Z" hostname="ec43fcf39001" tests="2" skipped="1" failures="0" errors="0" time="0.347">
    <testcase time="0.0780000000000003" classname="listing_cml01" name="CML01_listing_is_produced_correctly"/>
    <testcase time="0.269" classname="listing_cml01" name="CML01_listing_is_produced_correctly">
      <skipped message="Reason: On CRAN ('test-listing_cml01.R:41:3')"/>
    </testcase>
  </testsuite>
  <testsuite name="listing_cml02a_gl" timestamp="2023-06-28T08:26:08Z" hostname="ec43fcf39001" tests="2" skipped="1" failures="0" errors="0" time="0.104">
    <testcase time="0.0489999999999995" classname="listing_cml02a_gl" name="CML02A_GL_listing_is_produced_correctly"/>
    <testcase time="0.0549999999999997" classname="listing_cml02a_gl" name="CML02A_GL_listing_is_produced_correctly">
      <skipped message="Reason: On CRAN ('test-listing_cml02a_gl.R:19:3')"/>
    </testcase>
  </testsuite>
  <testsuite name="listing_cml02b_gl" timestamp="2023-06-28T08:26:08Z" hostname="ec43fcf39001" tests="2" skipped="1" failures="0" errors="0" time="0.112">
    <testcase time="0.0510000000000002" classname="listing_cml02b_gl" name="CML02B_GL_listing_is_produced_correctly"/>
    <testcase time="0.0609999999999999" classname="listing_cml02b_gl" name="CML02B_GL_listing_is_produced_correctly">
      <skipped message="Reason: On CRAN ('test-listing_cml02b_gl.R:22:3')"/>
    </testcase>
  </testsuite>
  <testsuite name="listing_dsl01" timestamp="2023-06-28T08:26:09Z" hostname="ec43fcf39001" tests="2" skipped="1" failures="0" errors="0" time="0.199">
    <testcase time="0.0460000000000012" classname="listing_dsl01" name="DSL01_listing_is_produced_correctly"/>
    <testcase time="0.152999999999999" classname="listing_dsl01" name="DSL01_listing_is_produced_correctly">
      <skipped message="Reason: On CRAN ('test-listing_dsl01.R:30:3')"/>
    </testcase>
  </testsuite>
  <testsuite name="listing_dsl02" timestamp="2023-06-28T08:26:09Z" hostname="ec43fcf39001" tests="2" skipped="1" failures="0" errors="0" time="0.104">
    <testcase time="0.0609999999999999" classname="listing_dsl02" name="DSL02_listing_is_produced_correctly"/>
    <testcase time="0.043000000000001" classname="listing_dsl02" name="DSL02_listing_is_produced_correctly">
      <skipped message="Reason: On CRAN ('test-listing_dsl02.R:36:3')"/>
    </testcase>
  </testsuite>
  <testsuite name="listing_dsur4" timestamp="2023-06-28T08:26:09Z" hostname="ec43fcf39001" tests="2" skipped="1" failures="0" errors="0" time="0.143">
    <testcase time="0.0440000000000005" classname="listing_dsur4" name="DSUR4_listing_is_produced_correctly"/>
    <testcase time="0.0989999999999984" classname="listing_dsur4" name="DSUR4_listing_is_produced_correctly">
      <skipped message="Reason: On CRAN ('test-listing_dsur4.R:22:3')"/>
    </testcase>
  </testsuite>
  <testsuite name="listing_egl01" timestamp="2023-06-28T08:26:09Z" hostname="ec43fcf39001" tests="1" skipped="1" failures="0" errors="0" time="0.39">
    <testcase time="0.390000000000001" classname="listing_egl01" name="EGL01_listing_is_produced_correctly">
      <skipped message="Reason: On CRAN ('test-listing_egl01.R:61:3')"/>
    </testcase>
  </testsuite>
  <testsuite name="listing_exl01" timestamp="2023-06-28T08:26:09Z" hostname="ec43fcf39001" tests="1" skipped="1" failures="0" errors="0" time="0.271">
    <testcase time="0.271000000000001" classname="listing_exl01" name="EXL01_listing_is_produced_correctly">
      <skipped message="Reason: On CRAN ('test-listing_exl01.R:29:3')"/>
    </testcase>
  </testsuite>
  <testsuite name="listing_lbl01" timestamp="2023-06-28T08:26:10Z" hostname="ec43fcf39001" tests="1" skipped="1" failures="0" errors="0" time="0.334">
    <testcase time="0.334" classname="listing_lbl01" name="LBL01_listing_is_produced_correctly">
      <skipped message="Reason: On CRAN ('test-listing_lbl01.R:52:3')"/>
    </testcase>
  </testsuite>
  <testsuite name="listing_lbl01_rls" timestamp="2023-06-28T08:26:10Z" hostname="ec43fcf39001" tests="1" skipped="1" failures="0" errors="0" time="0.336">
    <testcase time="0.336" classname="listing_lbl01_rls" name="LBL01_RLS_listing_is_produced_correctly">
      <skipped message="Reason: On CRAN ('test-listing_lbl01_rls.R:58:3')"/>
    </testcase>
  </testsuite>
  <testsuite name="listing_lbl02a" timestamp="2023-06-28T08:26:10Z" hostname="ec43fcf39001" tests="2" skipped="1" failures="0" errors="0" time="0.363">
    <testcase time="0.163" classname="listing_lbl02a" name="LBL02A_listing_is_produced_correctly"/>
    <testcase time="0.199999999999999" classname="listing_lbl02a" name="LBL02A_listing_is_produced_correctly">
      <skipped message="Reason: On CRAN ('test-listing_lbl02a.R:49:3')"/>
    </testcase>
  </testsuite>
  <testsuite name="listing_lbl02a_rls" timestamp="2023-06-28T08:26:11Z" hostname="ec43fcf39001" tests="2" skipped="1" failures="0" errors="0" time="0.55">
    <testcase time="0.295" classname="listing_lbl02a_rls" name="LBL02A_RLS_listing_is_produced_correctly"/>
    <testcase time="0.255000000000001" classname="listing_lbl02a_rls" name="LBL02A_RLS_listing_is_produced_correctly">
      <skipped message="Reason: On CRAN ('test-listing_lbl02a_rls.R:79:3')"/>
    </testcase>
  </testsuite>
  <testsuite name="listing_lbl02b" timestamp="2023-06-28T08:26:11Z" hostname="ec43fcf39001" tests="2" skipped="1" failures="0" errors="0" time="0.369">
    <testcase time="0.138999999999999" classname="listing_lbl02b" name="LBL02B_listing_is_produced_correctly"/>
    <testcase time="0.23" classname="listing_lbl02b" name="LBL02B_listing_is_produced_correctly">
      <skipped message="Reason: On CRAN ('test-listing_lbl02b.R:55:3')"/>
    </testcase>
  </testsuite>
  <testsuite name="listing_mhl01" timestamp="2023-06-28T08:26:12Z" hostname="ec43fcf39001" tests="2" skipped="1" failures="0" errors="0" time="0.292">
    <testcase time="0.0640000000000001" classname="listing_mhl01" name="MHL01_listing_is_produced_correctly"/>
    <testcase time="0.228" classname="listing_mhl01" name="MHL01_listing_is_produced_correctly">
      <skipped message="Reason: On CRAN ('test-listing_mhl01.R:33:3')"/>
    </testcase>
  </testsuite>
  <testsuite name="listing_oncl01" timestamp="2023-06-28T08:26:12Z" hostname="ec43fcf39001" tests="1" skipped="1" failures="0" errors="0" time="0.343">
    <testcase time="0.343" classname="listing_oncl01" name="ONCL01_listing_is_produced_correctly">
      <skipped message="Reason: On CRAN ('test-listing_oncl01.R:61:3')"/>
    </testcase>
  </testsuite>
  <testsuite name="listing_pkcl01" timestamp="2023-06-28T08:26:12Z" hostname="ec43fcf39001" tests="2" skipped="1" failures="0" errors="0" time="0.49">
    <testcase time="0.0549999999999997" classname="listing_pkcl01" name="PKCL01_listing_is_produced_correctly"/>
    <testcase time="0.435" classname="listing_pkcl01" name="PKCL01_listing_is_produced_correctly">
      <skipped message="Reason: On CRAN ('test-listing_pkcl01.R:28:3')"/>
    </testcase>
  </testsuite>
  <testsuite name="listing_pkcl02" timestamp="2023-06-28T08:26:13Z" hostname="ec43fcf39001" tests="2" skipped="1" failures="0" errors="0" time="0.359">
    <testcase time="0.0899999999999999" classname="listing_pkcl02" name="PKCL02_listing_is_produced_correctly"/>
    <testcase time="0.269" classname="listing_pkcl02" name="PKCL02_listing_is_produced_correctly">
      <skipped message="Reason: On CRAN ('test-listing_pkcl02.R:63:3')"/>
    </testcase>
  </testsuite>
  <testsuite name="listing_pkpl01" timestamp="2023-06-28T08:26:13Z" hostname="ec43fcf39001" tests="2" skipped="1" failures="0" errors="0" time="0.216">
    <testcase time="0.0659999999999989" classname="listing_pkpl01" name="PKPL01_listing_is_produced_correctly"/>
    <testcase time="0.15" classname="listing_pkpl01" name="PKPL01_listing_is_produced_correctly">
      <skipped message="Reason: On CRAN ('test-listing_pkpl01.R:34:3')"/>
    </testcase>
  </testsuite>
  <testsuite name="listing_pkpl02" timestamp="2023-06-28T08:26:13Z" hostname="ec43fcf39001" tests="2" skipped="1" failures="0" errors="0" time="0.246">
    <testcase time="0.0960000000000001" classname="listing_pkpl02" name="PKPL02_listing_is_produced_correctly"/>
    <testcase time="0.15" classname="listing_pkpl02" name="PKPL02_listing_is_produced_correctly">
      <skipped message="Reason: On CRAN ('test-listing_pkpl02.R:35:3')"/>
    </testcase>
  </testsuite>
  <testsuite name="listing_pkpl04" timestamp="2023-06-28T08:26:14Z" hostname="ec43fcf39001" tests="2" skipped="1" failures="0" errors="0" time="0.256">
    <testcase time="0.0869999999999997" classname="listing_pkpl04" name="PKPL04_listing_is_produced_correctly"/>
    <testcase time="0.169" classname="listing_pkpl04" name="PKPL04_listing_is_produced_correctly">
      <skipped message="Reason: On CRAN ('test-listing_pkpl04.R:50:3')"/>
    </testcase>
  </testsuite>
  <testsuite name="listing_vsl01" timestamp="2023-06-28T08:26:14Z" hostname="ec43fcf39001" tests="1" skipped="1" failures="0" errors="0" time="0.578">
    <testcase time="0.577999999999999" classname="listing_vsl01" name="VSL01_listing_is_produced_correctly">
      <skipped message="Reason: On CRAN ('test-listing_vsl01.R:83:3')"/>
    </testcase>
  </testsuite>
  <testsuite name="pagination_listing" timestamp="2023-06-28T08:26:14Z" hostname="ec43fcf39001" tests="5" skipped="0" failures="0" errors="0" time="1.128">
    <testcase time="0.0630000000000006" classname="pagination_listing" name="Direct_pagination_works_fine"/>
    <testcase time="0.583" classname="pagination_listing" name="Direct_pagination_works_fine"/>
    <testcase time="0.00499999999999901" classname="pagination_listing" name="Direct_pagination_works_fine"/>
    <testcase time="0.471" classname="pagination_listing" name="Direct_pagination_works_fine"/>
    <testcase time="0.00600000000000023" classname="pagination_listing" name="Direct_pagination_works_fine"/>
  </testsuite>
  <testsuite name="pagination_table" timestamp="2023-06-28T08:26:18Z" hostname="ec43fcf39001" tests="21" skipped="6" failures="0" errors="0" time="19.875">
    <testcase time="3.027" classname="pagination_table" name="Direct_pagination_with_standard_values"/>
    <testcase time="0.00799999999999912" classname="pagination_table" name="Direct_pagination_with_standard_values"/>
    <testcase time="0.00700000000000145" classname="pagination_table" name="Direct_pagination_with_standard_values"/>
    <testcase time="2.188" classname="pagination_table" name="Pagination_with_specific_column_widths_and_minimum_lines_per_page"/>
    <testcase time="0.00700000000000145" classname="pagination_table" name="Pagination_with_specific_column_widths_and_minimum_lines_per_page"/>
    <testcase time="0.187999999999999" classname="pagination_table" name="Pagination_with_specific_column_widths_and_minimum_lines_per_page">
      <skipped message="Reason: On CRAN ('test-pagination_table.R:76:3')"/>
    </testcase>
    <testcase time="1.75" classname="pagination_table" name="Pagination_works_also_if_table_is_decorated"/>
    <testcase time="0.875" classname="pagination_table" name="Pagination_works_also_if_table_is_decorated"/>
    <testcase time="1.425" classname="pagination_table" name="Pagination_works_also_if_table_is_decorated"/>
    <testcase time="1.128" classname="pagination_table" name="Pagination_works_also_if_table_is_decorated"/>
    <testcase time="2.345" classname="pagination_table" name="Pagination_works_also_if_table_is_decorated"/>
    <testcase time="0.516999999999999" classname="pagination_table" name="Pagination_works_also_if_table_is_decorated"/>
    <testcase time="0.0069999999999979" classname="pagination_table" name="Pagination_works_also_if_table_is_decorated"/>
    <testcase time="0.0110000000000028" classname="pagination_table" name="Pagination_works_also_if_table_is_decorated">
      <skipped message="Reason: On CRAN ('test-pagination_table.R:126:3')"/>
    </testcase>
    <testcase time="1.234" classname="pagination_table" name="Pagination_works_for_page_types">
      <skipped message="Reason: On CRAN ('test-pagination_table.R:135:3')"/>
    </testcase>
    <testcase time="1.197" classname="pagination_table" name="Pagination_works_for_page_width_and_height">
      <skipped message="Reason: On CRAN ('test-pagination_table.R:148:3')"/>
    </testcase>
    <testcase time="1.322" classname="pagination_table" name="Pagination_works_for_page_types">
      <skipped message="Reason: On CRAN ('test-pagination_table.R:162:3')"/>
    </testcase>
    <testcase time="1.421" classname="pagination_table" name="AET04_variant_2_page_by_pagination_tests"/>
    <testcase time="1.029" classname="pagination_table" name="AET04_variant_2_page_by_pagination_tests"/>
    <testcase time="0.00399999999999778" classname="pagination_table" name="AET04_variant_2_page_by_pagination_tests"/>
    <testcase time="0.185000000000002" classname="pagination_table" name="AET04_variant_2_page_by_pagination_tests">
      <skipped message="Reason: On CRAN ('test-pagination_table.R:217:3')"/>
    </testcase>
  </testsuite>
  <testsuite name="table_adat03" timestamp="2023-06-28T08:26:35Z" hostname="ec43fcf39001" tests="2" skipped="1" failures="0" errors="0" time="0.9">
    <testcase time="0.737000000000002" classname="table_adat03" name="ADAT03_is_produced_correctly"/>
    <testcase time="0.162999999999997" classname="table_adat03" name="ADAT03_is_produced_correctly">
      <skipped message="Reason: On CRAN ('test-table_adat03.R:72:3')"/>
    </testcase>
  </testsuite>
  <testsuite name="table_aet01" timestamp="2023-06-28T08:26:36Z" hostname="ec43fcf39001" tests="8" skipped="4" failures="0" errors="0" time="2.966">
    <testcase time="0.608000000000004" classname="table_aet01" name="Safety_Summary_Variant_1_works_as_expected"/>
    <testcase time="0.137999999999998" classname="table_aet01" name="Safety_Summary_Variant_1_works_as_expected">
      <skipped message="Reason: On CRAN ('test-table_aet01.R:94:3')"/>
    </testcase>
    <testcase time="0.577999999999996" classname="table_aet01" name="Safety_Summary_Variant_2_with_Medical_Concepts_Section_works_as_expected"/>
    <testcase time="0.164000000000001" classname="table_aet01" name="Safety_Summary_Variant_2_with_Medical_Concepts_Section_works_as_expected">
      <skipped message="Reason: On CRAN ('test-table_aet01.R:214:3')"/>
    </testcase>
    <testcase time="0.539999999999999" classname="table_aet01" name="Safety_Summary_Variant_3_with_Modified_Rows_works_as_expected"/>
    <testcase time="0.123999999999995" classname="table_aet01" name="Safety_Summary_Variant_3_with_Modified_Rows_works_as_expected">
      <skipped message="Reason: On CRAN ('test-table_aet01.R:306:3')"/>
    </testcase>
    <testcase time="0.644000000000005" classname="table_aet01" name="Safety_Summary_Variant_4_with_Rows_Counting_Events_and_Additional_Sections_works_as_expected"/>
    <testcase time="0.169999999999995" classname="table_aet01" name="Safety_Summary_Variant_4_with_Rows_Counting_Events_and_Additional_Sections_works_as_expected">
      <skipped message="Reason: On CRAN ('test-table_aet01.R:419:3')"/>
    </testcase>
  </testsuite>
  <testsuite name="table_aet01_aesi" timestamp="2023-06-28T08:26:39Z" hostname="ec43fcf39001" tests="8" skipped="4" failures="0" errors="0" time="3.393">
    <testcase time="0.472000000000001" classname="table_aet01_aesi" name="AET01_AESI_Variant_1_works_as_expected"/>
    <testcase time="0.118000000000002" classname="table_aet01_aesi" name="AET01_AESI_Variant_1_works_as_expected">
      <skipped message="Reason: On CRAN ('test-table_aet01_aesi.R:114:3')"/>
    </testcase>
    <testcase time="0.494999999999997" classname="table_aet01_aesi" name="AET01_AESI_Variant_2_works_as_expected"/>
    <testcase time="0.189" classname="table_aet01_aesi" name="AET01_AESI_Variant_2_works_as_expected">
      <skipped message="Reason: On CRAN ('test-table_aet01_aesi.R:153:3')"/>
    </testcase>
    <testcase time="0.837000000000003" classname="table_aet01_aesi" name="AET01_AESI_Variant_3_works_as_expected"/>
    <testcase time="0.293999999999997" classname="table_aet01_aesi" name="AET01_AESI_Variant_3_works_as_expected">
      <skipped message="Reason: On CRAN ('test-table_aet01_aesi.R:315:3')"/>
    </testcase>
    <testcase time="0.768000000000001" classname="table_aet01_aesi" name="AET01_AESI_Variant_4_works_as_expected"/>
    <testcase time="0.219999999999999" classname="table_aet01_aesi" name="AET01_AESI_Variant_4_works_as_expected">
      <skipped message="Reason: On CRAN ('test-table_aet01_aesi.R:457:3')"/>
    </testcase>
  </testsuite>
  <testsuite name="table_aet02" timestamp="2023-06-28T08:26:43Z" hostname="ec43fcf39001" tests="24" skipped="12" failures="0" errors="0" time="12.073">
    <testcase time="0.913000000000004" classname="table_aet02" name="AET02_variant_1_is_produced_correctly"/>
    <testcase time="0.247" classname="table_aet02" name="AET02_variant_1_is_produced_correctly">
      <skipped message="Reason: On CRAN ('test-table_aet02.R:42:3')"/>
    </testcase>
    <testcase time="1.09999999999999" classname="table_aet02" name="AET02_variant_2_is_produced_correctly"/>
    <testcase time="0.252000000000002" classname="table_aet02" name="AET02_variant_2_is_produced_correctly">
      <skipped message="Reason: On CRAN ('test-table_aet02.R:95:3')"/>
    </testcase>
    <testcase time="1.25" classname="table_aet02" name="AET02_variant_3_is_produced_correctly"/>
    <testcase time="0.377000000000002" classname="table_aet02" name="AET02_variant_3_is_produced_correctly">
      <skipped message="Reason: On CRAN ('test-table_aet02.R:149:3')"/>
    </testcase>
    <testcase time="0.192999999999998" classname="table_aet02" name="AET02_variant_4_is_produced_correctly"/>
    <testcase time="0.100999999999999" classname="table_aet02" name="AET02_variant_4_is_produced_correctly">
      <skipped message="Reason: On CRAN ('test-table_aet02.R:174:3')"/>
    </testcase>
    <testcase time="0.75" classname="table_aet02" name="AET02_variant_5_is_produced_correctly"/>
    <testcase time="0.232999999999997" classname="table_aet02" name="AET02_variant_5_is_produced_correctly">
      <skipped message="Reason: On CRAN ('test-table_aet02.R:214:3')"/>
    </testcase>
    <testcase time="0.728999999999999" classname="table_aet02" name="AET02_variant_6_is_produced_correctly"/>
    <testcase time="0.078000000000003" classname="table_aet02" name="AET02_variant_6_is_produced_correctly">
      <skipped message="Reason: On CRAN ('test-table_aet02.R:253:3')"/>
    </testcase>
    <testcase time="1.314" classname="table_aet02" name="AET02_variant_7_is_produced_correctly"/>
    <testcase time="0.184999999999995" classname="table_aet02" name="AET02_variant_7_is_produced_correctly">
      <skipped message="Reason: On CRAN ('test-table_aet02.R:316:3')"/>
    </testcase>
    <testcase time="0.710000000000001" classname="table_aet02" name="AET02_variant_8_is_produced_correctly"/>
    <testcase time="0.131" classname="table_aet02" name="AET02_variant_8_is_produced_correctly">
      <skipped message="Reason: On CRAN ('test-table_aet02.R:367:3')"/>
    </testcase>
    <testcase time="0.992999999999995" classname="table_aet02" name="AET02_variant_9_is_produced_correctly"/>
    <testcase time="0.117000000000004" classname="table_aet02" name="AET02_variant_9_is_produced_correctly">
      <skipped message="Reason: On CRAN ('test-table_aet02.R:418:3')"/>
    </testcase>
    <testcase time="0.673999999999999" classname="table_aet02" name="AET02_variant_10_is_produced_correctly"/>
    <testcase time="0.102999999999994" classname="table_aet02" name="AET02_variant_10_is_produced_correctly">
      <skipped message="Reason: On CRAN ('test-table_aet02.R:469:3')"/>
    </testcase>
    <testcase time="0.752000000000002" classname="table_aet02" name="AET02_variant_11_is_produced_correctly"/>
    <testcase time="0.115000000000002" classname="table_aet02" name="AET02_variant_11_is_produced_correctly">
      <skipped message="Reason: On CRAN ('test-table_aet02.R:517:3')"/>
    </testcase>
    <testcase time="0.683" classname="table_aet02" name="AET02_variant_12_is_produced_correctly"/>
    <testcase time="0.0730000000000004" classname="table_aet02" name="AET02_variant_12_is_produced_correctly">
      <skipped message="Reason: On CRAN ('test-table_aet02.R:568:3')"/>
    </testcase>
  </testsuite>
  <testsuite name="table_aet02_smq" timestamp="2023-06-28T08:26:55Z" hostname="ec43fcf39001" tests="4" skipped="2" failures="0" errors="0" time="0.643">
    <testcase time="0.204000000000001" classname="table_aet02_smq" name="AET02SMQ_variant_1_is_produced_correctly"/>
    <testcase time="0.0670000000000002" classname="table_aet02_smq" name="AET02SMQ_variant_1_is_produced_correctly">
      <skipped message="Reason: On CRAN ('test-table_aet02_smq.R:52:3')"/>
    </testcase>
    <testcase time="0.280999999999999" classname="table_aet02_smq" name="AET02SMQ_variant_2_is_produced_correctly"/>
    <testcase time="0.0910000000000011" classname="table_aet02_smq" name="AET02SMQ_variant_2_is_produced_correctly">
      <skipped message="Reason: On CRAN ('test-table_aet02_smq.R:91:3')"/>
    </testcase>
  </testsuite>
  <testsuite name="table_aet03" timestamp="2023-06-28T08:26:55Z" hostname="ec43fcf39001" tests="2" skipped="1" failures="0" errors="0" time="2.059">
    <testcase time="1.63" classname="table_aet03" name="AET03_variant_1_is_produced_correctly"/>
    <testcase time="0.429000000000002" classname="table_aet03" name="AET03_variant_1_is_produced_correctly">
      <skipped message="Reason: On CRAN ('test-table_aet03.R:57:3')"/>
    </testcase>
  </testsuite>
  <testsuite name="table_aet04" timestamp="2023-06-28T08:26:59Z" hostname="ec43fcf39001" tests="16" skipped="8" failures="0" errors="0" time="10.911">
    <testcase time="1.686" classname="table_aet04" name="AET04_variant_1_is_produced_correctly"/>
    <testcase time="0.451000000000001" classname="table_aet04" name="AET04_variant_1_is_produced_correctly">
      <skipped message="Reason: On CRAN ('test-table_aet04.R:60:3')"/>
    </testcase>
    <testcase time="1.436" classname="table_aet04" name="AET04_variant_2_is_produced_correctly_Fill_in_of_Treatment_Groups_"/>
    <testcase time="0.456000000000003" classname="table_aet04" name="AET04_variant_2_is_produced_correctly_Fill_in_of_Treatment_Groups_">
      <skipped message="Reason: On CRAN ('test-table_aet04.R:125:3')"/>
    </testcase>
    <testcase time="2.41099999999999" classname="table_aet04" name="AET04_variant_3_is_produced_correctly_Fill_in_of_Grades_"/>
    <testcase time="0.455000000000005" classname="table_aet04" name="AET04_variant_3_is_produced_correctly_Fill_in_of_Grades_">
      <skipped message="Reason: On CRAN ('test-table_aet04.R:182:3')"/>
    </testcase>
    <testcase time="1.72199999999999" classname="table_aet04" name="AET04_variant_4_is_produced_correctly_Collapsing_of_Grades_grades_1_2_grades_3_4_5_"/>
    <testcase time="0.492999999999995" classname="table_aet04" name="AET04_variant_4_is_produced_correctly_Collapsing_of_Grades_grades_1_2_grades_3_4_5_">
      <skipped message="Reason: On CRAN ('test-table_aet04.R:250:3')"/>
    </testcase>
    <testcase time="0.850999999999999" classname="table_aet04" name="AET04_variant_6_is_produced_correctly_with_an_Incidence_Rate_of_at_Least_5_totals_restricted_"/>
    <testcase time="0.233000000000004" classname="table_aet04" name="AET04_variant_6_is_produced_correctly_with_an_Incidence_Rate_of_at_Least_5_totals_restricted_">
      <skipped message="Reason: On CRAN ('test-table_aet04.R:345:5')"/>
    </testcase>
    <testcase time="0.0289999999999964" classname="table_aet04" name="AET04_variant_8_is_produced_correctly_with_an_Incidence_Rate_of_at_Least_X_Patients_"/>
    <testcase time="0.186999999999998" classname="table_aet04" name="AET04_variant_8_is_produced_correctly_with_an_Incidence_Rate_of_at_Least_X_Patients_">
      <skipped message="Reason: On CRAN ('test-table_aet04.R:378:3')"/>
    </testcase>
    <testcase time="0.0289999999999964" classname="table_aet04" name="AET04_variant_9_is_produced_correctlyb_with_a_Difference_in_Incidence_Rate_of_at_Least_X_"/>
    <testcase time="0.163000000000011" classname="table_aet04" name="AET04_variant_9_is_produced_correctlyb_with_a_Difference_in_Incidence_Rate_of_at_Least_X_">
      <skipped message="Reason: On CRAN ('test-table_aet04.R:394:3')"/>
    </testcase>
    <testcase time="0.0289999999999964" classname="table_aet04" name="AET04_variant_11_is_produced_correctly_with_Incidence_Rate_of_at_Least_X_all_SOCs_w_o_preferred_terms_removed_"/>
    <testcase time="0.280000000000001" classname="table_aet04" name="AET04_variant_11_is_produced_correctly_with_Incidence_Rate_of_at_Least_X_all_SOCs_w_o_preferred_terms_removed_">
      <skipped message="Reason: On CRAN ('test-table_aet04.R:416:5')"/>
    </testcase>
  </testsuite>
  <testsuite name="table_aet04_pi" timestamp="2023-06-28T08:27:08Z" hostname="ec43fcf39001" tests="18" skipped="9" failures="0" errors="0" time="11.398">
    <testcase time="1.08199999999999" classname="table_aet04_pi" name="AET04_PI_full_table_is_produced_correctly"/>
    <testcase time="0.296000000000006" classname="table_aet04_pi" name="AET04_PI_full_table_is_produced_correctly">
      <skipped message="Reason: On CRAN ('test-table_aet04_pi.R:62:3')"/>
    </testcase>
    <testcase time="1.161" classname="table_aet04_pi" name="AET04_PI_variant_1_is_produced_correctly"/>
    <testcase time="0.197000000000003" classname="table_aet04_pi" name="AET04_PI_variant_1_is_produced_correctly">
      <skipped message="Reason: On CRAN ('test-table_aet04_pi.R:84:3')"/>
    </testcase>
    <testcase time="1.28699999999999" classname="table_aet04_pi" name="AET04_PI_variant_2_is_produced_correctly"/>
    <testcase time="0.100999999999999" classname="table_aet04_pi" name="AET04_PI_variant_2_is_produced_correctly">
      <skipped message="Reason: On CRAN ('test-table_aet04_pi.R:107:3')"/>
    </testcase>
    <testcase time="1.143" classname="table_aet04_pi" name="AET04_PI_variant_3_is_produced_correctly"/>
    <testcase time="0.138000000000005" classname="table_aet04_pi" name="AET04_PI_variant_3_is_produced_correctly">
      <skipped message="Reason: On CRAN ('test-table_aet04_pi.R:130:3')"/>
    </testcase>
    <testcase time="1.11999999999999" classname="table_aet04_pi" name="AET04_PI_variant_4_is_produced_correctly"/>
    <testcase time="0.0890000000000128" classname="table_aet04_pi" name="AET04_PI_variant_4_is_produced_correctly">
      <skipped message="Reason: On CRAN ('test-table_aet04_pi.R:154:3')"/>
    </testcase>
    <testcase time="1.10499999999999" classname="table_aet04_pi" name="AET04_PI_variant_5_is_produced_correctly"/>
    <testcase time="0.170000000000002" classname="table_aet04_pi" name="AET04_PI_variant_5_is_produced_correctly">
      <skipped message="Reason: On CRAN ('test-table_aet04_pi.R:178:3')"/>
    </testcase>
    <testcase time="1.404" classname="table_aet04_pi" name="AET04_PI_variant_6_is_produced_correctly"/>
    <testcase time="0.155000000000001" classname="table_aet04_pi" name="AET04_PI_variant_6_is_produced_correctly">
      <skipped message="Reason: On CRAN ('test-table_aet04_pi.R:229:3')"/>
    </testcase>
    <testcase time="1.375" classname="table_aet04_pi" name="AET04_PI_variant_7_is_produced_correctly"/>
    <testcase time="0.155000000000001" classname="table_aet04_pi" name="AET04_PI_variant_7_is_produced_correctly">
      <skipped message="Reason: On CRAN ('test-table_aet04_pi.R:280:3')"/>
    </testcase>
    <testcase time="0.249000000000009" classname="table_aet04_pi" name="AET04_PI_variant_8_is_produced_correctly"/>
    <testcase time="0.170999999999992" classname="table_aet04_pi" name="AET04_PI_variant_8_is_produced_correctly">
      <skipped message="Reason: On CRAN ('test-table_aet04_pi.R:314:3')"/>
    </testcase>
  </testsuite>
  <testsuite name="table_aet05" timestamp="2023-06-28T08:27:20Z" hostname="ec43fcf39001" tests="6" skipped="2" failures="0" errors="0" time="0.462">
    <testcase time="0.0970000000000084" classname="table_aet05" name="AET05_variant_1_is_produced_correctly"/>
    <testcase time="0.108999999999995" classname="table_aet05" name="AET05_variant_1_is_produced_correctly"/>
    <testcase time="0.0529999999999973" classname="table_aet05" name="AET05_variant_1_is_produced_correctly">
      <skipped message="Reason: On CRAN ('test-table_aet05.R:22:3')"/>
    </testcase>
    <testcase time="0.0619999999999976" classname="table_aet05" name="AET05_variant_2_is_produced_correctly"/>
    <testcase time="0.0790000000000077" classname="table_aet05" name="AET05_variant_2_is_produced_correctly"/>
    <testcase time="0.0619999999999976" classname="table_aet05" name="AET05_variant_2_is_produced_correctly">
      <skipped message="Reason: On CRAN ('test-table_aet05.R:42:3')"/>
    </testcase>
  </testsuite>
  <testsuite name="table_aet05_all" timestamp="2023-06-28T08:27:20Z" hostname="ec43fcf39001" tests="6" skipped="2" failures="0" errors="0" time="0.473">
    <testcase time="0.155000000000001" classname="table_aet05_all" name="AET05_ALL_variant_1_is_produced_correctly"/>
    <testcase time="0.0679999999999978" classname="table_aet05_all" name="AET05_ALL_variant_1_is_produced_correctly"/>
    <testcase time="0.054000000000002" classname="table_aet05_all" name="AET05_ALL_variant_1_is_produced_correctly">
      <skipped message="Reason: On CRAN ('test-table_aet05_all.R:32:3')"/>
    </testcase>
    <testcase time="0.054000000000002" classname="table_aet05_all" name="AET05_ALL_variant_2_is_produced_correctly"/>
    <testcase time="0.0819999999999936" classname="table_aet05_all" name="AET05_ALL_variant_2_is_produced_correctly"/>
    <testcase time="0.0600000000000023" classname="table_aet05_all" name="AET05_ALL_variant_2_is_produced_correctly">
      <skipped message="Reason: On CRAN ('test-table_aet05_all.R:47:3')"/>
    </testcase>
  </testsuite>
  <testsuite name="table_aet06" timestamp="2023-06-28T08:27:21Z" hostname="ec43fcf39001" tests="6" skipped="3" failures="0" errors="0" time="6.587">
    <testcase time="1.21299999999999" classname="table_aet06" name="AET06_variant_1_is_produced_correctly"/>
    <testcase time="0.317000000000007" classname="table_aet06" name="AET06_variant_1_is_produced_correctly">
      <skipped message="Reason: On CRAN ('test-table_aet06.R:81:3')"/>
    </testcase>
    <testcase time="2.024" classname="table_aet06" name="AET06_variant_3_is_produced_correctly"/>
    <testcase time="0.442999999999998" classname="table_aet06" name="AET06_variant_3_is_produced_correctly">
      <skipped message="Reason: On CRAN ('test-table_aet06.R:133:3')"/>
    </testcase>
    <testcase time="2.10299999999999" classname="table_aet06" name="AET06_variant_5_is_produced_correctly"/>
    <testcase time="0.487000000000009" classname="table_aet06" name="AET06_variant_5_is_produced_correctly">
      <skipped message="Reason: On CRAN ('test-table_aet06.R:177:3')"/>
    </testcase>
  </testsuite>
  <testsuite name="table_aet06_smq" timestamp="2023-06-28T08:27:27Z" hostname="ec43fcf39001" tests="4" skipped="2" failures="0" errors="0" time="2.073">
    <testcase time="0.759" classname="table_aet06_smq" name="AET06_SMQ_variant_1_is_produced_correctly"/>
    <testcase time="0.23899999999999" classname="table_aet06_smq" name="AET06_SMQ_variant_1_is_produced_correctly">
      <skipped message="Reason: On CRAN ('test-table_aet06_smq.R:73:3')"/>
    </testcase>
    <testcase time="0.824000000000012" classname="table_aet06_smq" name="AET06_SMQ_variant_2_is_produced_correctly"/>
    <testcase time="0.250999999999991" classname="table_aet06_smq" name="AET06_SMQ_variant_2_is_produced_correctly">
      <skipped message="Reason: On CRAN ('test-table_aet06_smq.R:160:3')"/>
    </testcase>
  </testsuite>
  <testsuite name="table_aet07" timestamp="2023-06-28T08:27:29Z" hostname="ec43fcf39001" tests="4" skipped="2" failures="0" errors="0" time="0.37">
    <testcase time="0.119" classname="table_aet07" name="AET07_variant_1_is_produced_correctly"/>
    <testcase time="0.0450000000000017" classname="table_aet07" name="AET07_variant_1_is_produced_correctly">
      <skipped message="Reason: On CRAN ('test-table_aet07.R:49:3')"/>
    </testcase>
    <testcase time="0.156000000000006" classname="table_aet07" name="AET07_variant_2_is_produced_correctly"/>
    <testcase time="0.0499999999999972" classname="table_aet07" name="AET07_variant_2_is_produced_correctly">
      <skipped message="Reason: On CRAN ('test-table_aet07.R:78:3')"/>
    </testcase>
  </testsuite>
  <testsuite name="table_aet09" timestamp="2023-06-28T08:27:30Z" hostname="ec43fcf39001" tests="4" skipped="2" failures="0" errors="0" time="1.937">
    <testcase time="0.676999999999992" classname="table_aet09" name="AET09_variant_1_is_produced_correctly_AE_related_to_study_drug"/>
    <testcase time="0.173000000000002" classname="table_aet09" name="AET09_variant_1_is_produced_correctly_AE_related_to_study_drug">
      <skipped message="Reason: On CRAN ('test-table_aet09.R:43:3')"/>
    </testcase>
    <testcase time="0.831000000000003" classname="table_aet09" name="AET09_variant_2_is_produced_correctly_AE_related_to_study_drug_including_high_level_terms_"/>
    <testcase time="0.256" classname="table_aet09" name="AET09_variant_2_is_produced_correctly_AE_related_to_study_drug_including_high_level_terms_">
      <skipped message="Reason: On CRAN ('test-table_aet09.R:100:3')"/>
    </testcase>
  </testsuite>
  <testsuite name="table_aet09_smq" timestamp="2023-06-28T08:27:32Z" hostname="ec43fcf39001" tests="4" skipped="2" failures="0" errors="0" time="0.861">
    <testcase time="0.259999999999991" classname="table_aet09_smq" name="AET09_variant_1_AEs_related_to_study_drug_by_SMQ_is_produced_correctly"/>
    <testcase time="0.0730000000000075" classname="table_aet09_smq" name="AET09_variant_1_AEs_related_to_study_drug_by_SMQ_is_produced_correctly">
      <skipped message="Reason: On CRAN ('test-table_aet09_smq.R:69:3')"/>
    </testcase>
    <testcase time="0.405999999999992" classname="table_aet09_smq" name="AET09_variant_2_AEs_related_to_study_drug_by_SMQ_with_customized_queries_is_produced_correctly"/>
    <testcase time="0.122" classname="table_aet09_smq" name="AET09_variant_2_AEs_related_to_study_drug_by_SMQ_with_customized_queries_is_produced_correctly">
      <skipped message="Reason: On CRAN ('test-table_aet09_smq.R:128:5')"/>
    </testcase>
  </testsuite>
  <testsuite name="table_aet10" timestamp="2023-06-28T08:27:33Z" hostname="ec43fcf39001" tests="2" skipped="1" failures="0" errors="0" time="0.223">
    <testcase time="0.161000000000001" classname="table_aet10" name="AET10_default_variant_is_produced_correctly"/>
    <testcase time="0.0619999999999976" classname="table_aet10" name="AET10_default_variant_is_produced_correctly">
      <skipped message="Reason: On CRAN ('test-table_aet10.R:23:3')"/>
    </testcase>
  </testsuite>
  <testsuite name="table_aovt01" timestamp="2023-06-28T08:27:33Z" hostname="ec43fcf39001" tests="4" skipped="2" failures="0" errors="0" time="1.776">
    <testcase time="0.515000000000001" classname="table_aovt01" name="AOVT01_variant_with_single_endpoint_is_produced_correctly"/>
    <testcase time="0.0980000000000132" classname="table_aovt01" name="AOVT01_variant_with_single_endpoint_is_produced_correctly">
      <skipped message="Reason: On CRAN ('test-table_aovt01.R:33:3')"/>
    </testcase>
    <testcase time="0.953999999999994" classname="table_aovt01" name="AOVT01_variant_with_multiple_endpoints_is_produced_correctly"/>
    <testcase time="0.209000000000003" classname="table_aovt01" name="AOVT01_variant_with_multiple_endpoints_is_produced_correctly">
      <skipped message="Reason: On CRAN ('test-table_aovt01.R:52:3')"/>
    </testcase>
  </testsuite>
  <testsuite name="table_aovt02" timestamp="2023-06-28T08:27:35Z" hostname="ec43fcf39001" tests="2" skipped="1" failures="0" errors="0" time="0.617">
    <testcase time="0.506999999999991" classname="table_aovt02" name="AOVT02_is_produced_correctly"/>
    <testcase time="0.109999999999999" classname="table_aovt02" name="AOVT02_is_produced_correctly">
      <skipped message="Reason: On CRAN ('test-table_aovt02.R:42:3')"/>
    </testcase>
  </testsuite>
  <testsuite name="table_aovt03" timestamp="2023-06-28T08:27:35Z" hostname="ec43fcf39001" tests="2" skipped="1" failures="0" errors="0" time="1.425">
    <testcase time="1.19000000000001" classname="table_aovt03" name="AOVT03_is_produced_correctly"/>
    <testcase time="0.234999999999999" classname="table_aovt03" name="AOVT03_is_produced_correctly">
      <skipped message="Reason: On CRAN ('test-table_aovt03.R:44:3')"/>
    </testcase>
  </testsuite>
  <testsuite name="table_cfbt01" timestamp="2023-06-28T08:27:37Z" hostname="ec43fcf39001" tests="2" skipped="1" failures="0" errors="0" time="1.559">
    <testcase time="1.297" classname="table_cfbt01" name="CFBT01_default_variant_is_produced_correctly"/>
    <testcase time="0.262" classname="table_cfbt01" name="CFBT01_default_variant_is_produced_correctly">
      <skipped message="Reason: On CRAN ('test-table_cfbt01.R:36:3')"/>
    </testcase>
  </testsuite>
  <testsuite name="table_cmht01" timestamp="2023-06-28T08:27:38Z" hostname="ec43fcf39001" tests="4" skipped="2" failures="0" errors="0" time="2.557">
    <testcase time="0.609999999999999" classname="table_cmht01" name="CMHT01_variant_1_is_produced_correctly"/>
    <testcase time="0.102000000000004" classname="table_cmht01" name="CMHT01_variant_1_is_produced_correctly">
      <skipped message="Reason: On CRAN ('test-table_cmht01.R:54:3')"/>
    </testcase>
    <testcase time="1.47099999999999" classname="table_cmht01" name="CMHT01_variant_2_is_produced_correctly"/>
    <testcase time="0.374000000000009" classname="table_cmht01" name="CMHT01_variant_2_is_produced_correctly">
      <skipped message="Reason: On CRAN ('test-table_cmht01.R:114:3')"/>
    </testcase>
  </testsuite>
  <testsuite name="table_cmt01" timestamp="2023-06-28T08:27:41Z" hostname="ec43fcf39001" tests="8" skipped="4" failures="0" errors="0" time="2.103">
    <testcase time="0.424999999999997" classname="table_cmt01" name="CMT01_default_variant_Concomitant_medications_is_produced_correctly"/>
    <testcase time="0.144999999999996" classname="table_cmt01" name="CMT01_default_variant_Concomitant_medications_is_produced_correctly">
      <skipped message="Reason: On CRAN ('test-table_cmt01.R:36:3')"/>
    </testcase>
    <testcase time="0.308999999999997" classname="table_cmt01" name="CMT01_variant_1_prior_medications_is_produced_correctly"/>
    <testcase time="0.102000000000004" classname="table_cmt01" name="CMT01_variant_1_prior_medications_is_produced_correctly">
      <skipped message="Reason: On CRAN ('test-table_cmt01.R:71:3')"/>
    </testcase>
    <testcase time="0.430999999999997" classname="table_cmt01" name="CMT01_variant_3_Concomitant_medications_is_produced_correctly"/>
    <testcase time="0.116" classname="table_cmt01" name="CMT01_variant_3_Concomitant_medications_is_produced_correctly">
      <skipped message="Reason: On CRAN ('test-table_cmt01.R:104:3')"/>
    </testcase>
    <testcase time="0.426000000000002" classname="table_cmt01" name="CMT01_variant_4_Concomitant_medications_is_produced_correctly"/>
    <testcase time="0.149000000000001" classname="table_cmt01" name="CMT01_variant_4_Concomitant_medications_is_produced_correctly">
      <skipped message="Reason: On CRAN ('test-table_cmt01.R:135:3')"/>
    </testcase>
  </testsuite>
  <testsuite name="table_cmt01a" timestamp="2023-06-28T08:27:43Z" hostname="ec43fcf39001" tests="8" skipped="4" failures="0" errors="0" time="4.473">
    <testcase time="0.938000000000002" classname="table_cmt01a" name="CMT01A_variant_1_is_produced_correctly"/>
    <testcase time="0.234999999999999" classname="table_cmt01a" name="CMT01A_variant_1_is_produced_correctly">
      <skipped message="Reason: On CRAN ('test-table_cmt01a.R:64:3')"/>
    </testcase>
    <testcase time="0.921999999999997" classname="table_cmt01a" name="CMT01A_variant_2_is_produced_correctly"/>
    <testcase time="0.251000000000005" classname="table_cmt01a" name="CMT01A_variant_2_is_produced_correctly">
      <skipped message="Reason: On CRAN ('test-table_cmt01a.R:114:3')"/>
    </testcase>
    <testcase time="0.838999999999999" classname="table_cmt01a" name="CMT01A_variant_3_is_produced_correctly"/>
    <testcase time="0.262" classname="table_cmt01a" name="CMT01A_variant_3_is_produced_correctly">
      <skipped message="Reason: On CRAN ('test-table_cmt01a.R:161:3')"/>
    </testcase>
    <testcase time="0.825999999999993" classname="table_cmt01a" name="CMT01A_variant_4_is_produced_correctly"/>
    <testcase time="0.200000000000003" classname="table_cmt01a" name="CMT01A_variant_4_is_produced_correctly">
      <skipped message="Reason: On CRAN ('test-table_cmt01a.R:210:3')"/>
    </testcase>
  </testsuite>
  <testsuite name="table_cmt01b" timestamp="2023-06-28T08:27:47Z" hostname="ec43fcf39001" tests="6" skipped="3" failures="0" errors="0" time="5.053">
    <testcase time="1.444" classname="table_cmt01b" name="CMT01B_variant_1_is_produced_correctly"/>
    <testcase time="0.366" classname="table_cmt01b" name="CMT01B_variant_1_is_produced_correctly">
      <skipped message="Reason: On CRAN ('test-table_cmt01b.R:88:3')"/>
    </testcase>
    <testcase time="1.005" classname="table_cmt01b" name="CMT01B_variant_2_is_produced_correctly"/>
    <testcase time="0.27300000000001" classname="table_cmt01b" name="CMT01B_variant_2_is_produced_correctly">
      <skipped message="Reason: On CRAN ('test-table_cmt01b.R:146:3')"/>
    </testcase>
    <testcase time="1.56599999999999" classname="table_cmt01b" name="CMT01B_variant_4_is_produced_correctly"/>
    <testcase time="0.399000000000001" classname="table_cmt01b" name="CMT01B_variant_4_is_produced_correctly">
      <skipped message="Reason: On CRAN ('test-table_cmt01b.R:219:3')"/>
    </testcase>
  </testsuite>
  <testsuite name="table_cmt02_pt" timestamp="2023-06-28T08:27:52Z" hostname="ec43fcf39001" tests="2" skipped="1" failures="0" errors="0" time="0.35">
    <testcase time="0.239000000000004" classname="table_cmt02_pt" name="CMT02_PT_default_variant_is_produced_correctly"/>
    <testcase time="0.111000000000004" classname="table_cmt02_pt" name="CMT02_PT_default_variant_is_produced_correctly">
      <skipped message="Reason: On CRAN ('test-table_cmt02_pt.R:39:3')"/>
    </testcase>
  </testsuite>
  <testsuite name="table_coxt01" timestamp="2023-06-28T08:27:53Z" hostname="ec43fcf39001" tests="8" skipped="4" failures="0" errors="0" time="2.714">
    <testcase time="0.444999999999993" classname="table_coxt01" name="1._Cox_Regression"/>
    <testcase time="0.0840000000000032" classname="table_coxt01" name="1._Cox_Regression">
      <skipped message="Reason: On CRAN ('test-table_coxt01.R:31:3')"/>
    </testcase>
    <testcase time="0.595999999999989" classname="table_coxt01" name="2._Cox_Regression_with_Interaction_Term_"/>
    <testcase time="0.128" classname="table_coxt01" name="2._Cox_Regression_with_Interaction_Term_">
      <skipped message="Reason: On CRAN ('test-table_coxt01.R:50:3')"/>
    </testcase>
    <testcase time="0.606000000000009" classname="table_coxt01" name="3._Cox_Regression_specifying_covariates_"/>
    <testcase time="0.137" classname="table_coxt01" name="3._Cox_Regression_specifying_covariates_">
      <skipped message="Reason: On CRAN ('test-table_coxt01.R:71:3')"/>
    </testcase>
    <testcase time="0.581999999999994" classname="table_coxt01" name="4._Cox_Regression_setting_strata_ties_and_alpha_level_"/>
    <testcase time="0.13600000000001" classname="table_coxt01" name="4._Cox_Regression_setting_strata_ties_and_alpha_level_">
      <skipped message="Reason: On CRAN ('test-table_coxt01.R:97:3')"/>
    </testcase>
  </testsuite>
  <testsuite name="table_coxt02" timestamp="2023-06-28T08:27:55Z" hostname="ec43fcf39001" tests="4" skipped="2" failures="0" errors="0" time="1.062">
    <testcase time="0.467999999999989" classname="table_coxt02" name="COXT02_default_variant_1_is_produced_correctly"/>
    <testcase time="0.0829999999999984" classname="table_coxt02" name="COXT02_default_variant_1_is_produced_correctly">
      <skipped message="Reason: On CRAN ('test-table_coxt02.R:30:3')"/>
    </testcase>
    <testcase time="0.439000000000007" classname="table_coxt02" name="COXT02_variant_5_is_produced_correctly"/>
    <testcase time="0.0720000000000027" classname="table_coxt02" name="COXT02_variant_5_is_produced_correctly">
      <skipped message="Reason: On CRAN ('test-table_coxt02.R:48:3')"/>
    </testcase>
  </testsuite>
  <testsuite name="table_disclosures" timestamp="2023-06-28T08:27:56Z" hostname="ec43fcf39001" tests="12" skipped="6" failures="0" errors="0" time="2.837">
    <testcase time="0.298000000000002" classname="table_disclosures" name="Patient_Disposition_table_is_produced_correctly"/>
    <testcase time="0.100999999999999" classname="table_disclosures" name="Patient_Disposition_table_is_produced_correctly">
      <skipped message="Reason: On CRAN ('test-table_disclosures.R:110:3')"/>
    </testcase>
    <testcase time="0.382999999999996" classname="table_disclosures" name="Demographic_table_is_produced_correctly"/>
    <testcase time="0.201999999999998" classname="table_disclosures" name="Demographic_table_is_produced_correctly">
      <skipped message="Reason: On CRAN ('test-table_disclosures.R:131:3')"/>
    </testcase>
    <testcase time="0.150999999999996" classname="table_disclosures" name="Enrollment_by_Country_Table_is_produced_correctly"/>
    <testcase time="0.125" classname="table_disclosures" name="Enrollment_by_Country_Table_is_produced_correctly">
      <skipped message="Reason: On CRAN ('test-table_disclosures.R:143:3')"/>
    </testcase>
    <testcase time="0.103999999999999" classname="table_disclosures" name="Death_table_is_produced_correctly"/>
    <testcase time="0.0450000000000017" classname="table_disclosures" name="Death_table_is_produced_correctly">
      <skipped message="Reason: On CRAN ('test-table_disclosures.R:161:3')"/>
    </testcase>
    <testcase time="0.539000000000001" classname="table_disclosures" name="Table_of_Serious_Adverse_Events_is_produced_correctly_for_one_specific_treatment_arm_"/>
    <testcase time="0.100000000000009" classname="table_disclosures" name="Table_of_Serious_Adverse_Events_is_produced_correctly_for_one_specific_treatment_arm_">
      <skipped message="Reason: On CRAN ('test-table_disclosures.R:189:3')"/>
    </testcase>
    <testcase time="0.625999999999991" classname="table_disclosures" name="Table_of_Non_Serious_Adverse_Events_is_produced_correctly"/>
    <testcase time="0.162999999999997" classname="table_disclosures" name="Table_of_Non_Serious_Adverse_Events_is_produced_correctly">
      <skipped message="Reason: On CRAN ('test-table_disclosures.R:211:3')"/>
    </testcase>
  </testsuite>
  <testsuite name="table_dmt01" timestamp="2023-06-28T08:27:59Z" hostname="ec43fcf39001" tests="2" skipped="1" failures="0" errors="0" time="0.88">
    <testcase time="0.601000000000013" classname="table_dmt01" name="DMT01_default_and_alternative_variants_are_produced_correctly"/>
    <testcase time="0.278999999999996" classname="table_dmt01" name="DMT01_default_and_alternative_variants_are_produced_correctly">
      <skipped message="Reason: On CRAN ('test-table_dmt01.R:62:3')"/>
    </testcase>
  </testsuite>
  <testsuite name="table_dort01" timestamp="2023-06-28T08:28:00Z" hostname="ec43fcf39001" tests="8" skipped="4" failures="0" errors="0" time="2.306">
    <testcase time="0.500999999999991" classname="table_dort01" name="DORT01_variant_1_is_produced_correctly"/>
    <testcase time="0.123000000000005" classname="table_dort01" name="DORT01_variant_1_is_produced_correctly">
      <skipped message="Reason: On CRAN ('test-table_dort01.R:78:3')"/>
    </testcase>
    <testcase time="0.471000000000004" classname="table_dort01" name="DORT01_variant_2_selecting_sectons_is_produced_correctly"/>
    <testcase time="0.143000000000001" classname="table_dort01" name="DORT01_variant_2_selecting_sectons_is_produced_correctly">
      <skipped message="Reason: On CRAN ('test-table_dort01.R:134:3')"/>
    </testcase>
    <testcase time="0.399000000000001" classname="table_dort01" name="DORT01_variant_3_modifying_conftype_and_alpha_level_is_produced_correctly"/>
    <testcase time="0.137" classname="table_dort01" name="DORT01_variant_3_modifying_conftype_and_alpha_level_is_produced_correctly">
      <skipped message="Reason: On CRAN ('test-table_dort01.R:190:3')"/>
    </testcase>
    <testcase time="0.403999999999996" classname="table_dort01" name="DORT01_variant_4_modifying_time_point_for_the_xx_duration_is_produced_correctly"/>
    <testcase time="0.128" classname="table_dort01" name="DORT01_variant_4_modifying_time_point_for_the_xx_duration_is_produced_correctly">
      <skipped message="Reason: On CRAN ('test-table_dort01.R:244:3')"/>
    </testcase>
  </testsuite>
  <testsuite name="table_dst01" timestamp="2023-06-28T08:28:02Z" hostname="ec43fcf39001" tests="6" skipped="3" failures="0" errors="0" time="1.18">
    <testcase time="0.242000000000004" classname="table_dst01" name="DST01_default_variant_is_produced_correctly"/>
    <testcase time="0.083999999999989" classname="table_dst01" name="DST01_default_variant_is_produced_correctly">
      <skipped message="Reason: On CRAN ('test-table_dst01.R:83:3')"/>
    </testcase>
    <testcase time="0.38300000000001" classname="table_dst01" name="DST01_variant_with_grouping_of_reasons_is_produced_correctly"/>
    <testcase time="0.116" classname="table_dst01" name="DST01_variant_with_grouping_of_reasons_is_produced_correctly">
      <skipped message="Reason: On CRAN ('test-table_dst01.R:102:3')"/>
    </testcase>
    <testcase time="0.263999999999996" classname="table_dst01" name="DST01_variant_with_adding_other_optional_rows_is_produced_correctly"/>
    <testcase time="0.090999999999994" classname="table_dst01" name="DST01_variant_with_adding_other_optional_rows_is_produced_correctly">
      <skipped message="Reason: On CRAN ('test-table_dst01.R:119:3')"/>
    </testcase>
  </testsuite>
  <testsuite name="table_dtht01" timestamp="2023-06-28T08:28:04Z" hostname="ec43fcf39001" tests="8" skipped="4" failures="0" errors="0" time="2.268">
    <testcase time="0.183999999999997" classname="table_dtht01" name="DTHT01_variant_1_is_produced_correctly"/>
    <testcase time="0.0930000000000035" classname="table_dtht01" name="DTHT01_variant_1_is_produced_correctly">
      <skipped message="Reason: On CRAN ('test-table_dtht01.R:22:3')"/>
    </testcase>
    <testcase time="0.688000000000002" classname="table_dtht01" name="DTHT01_variant_2_is_produced_correctly"/>
    <testcase time="0.205999999999989" classname="table_dtht01" name="DTHT01_variant_2_is_produced_correctly">
      <skipped message="Reason: On CRAN ('test-table_dtht01.R:81:3')"/>
    </testcase>
    <testcase time="0.374000000000009" classname="table_dtht01" name="DTHT01_variant_3_is_produced_correctly"/>
    <testcase time="0.0889999999999986" classname="table_dtht01" name="DTHT01_variant_3_is_produced_correctly">
      <skipped message="Reason: On CRAN ('test-table_dtht01.R:140:3')"/>
    </testcase>
    <testcase time="0.495999999999995" classname="table_dtht01" name="DTHT01_variant_4_is_produced_correctly"/>
    <testcase time="0.138000000000005" classname="table_dtht01" name="DTHT01_variant_4_is_produced_correctly">
      <skipped message="Reason: On CRAN ('test-table_dtht01.R:217:3')"/>
    </testcase>
  </testsuite>
  <testsuite name="table_egt01" timestamp="2023-06-28T08:28:06Z" hostname="ec43fcf39001" tests="2" skipped="1" failures="0" errors="0" time="1.459">
    <testcase time="1.10299999999999" classname="table_egt01" name="EGT01_default_variant_is_produced_correctly"/>
    <testcase time="0.356000000000009" classname="table_egt01" name="EGT01_default_variant_is_produced_correctly">
      <skipped message="Reason: On CRAN ('test-table_egt01.R:22:3')"/>
    </testcase>
  </testsuite>
  <testsuite name="table_egt02" timestamp="2023-06-28T08:28:07Z" hostname="ec43fcf39001" tests="4" skipped="2" failures="0" errors="0" time="0.824">
    <testcase time="0.321999999999989" classname="table_egt02" name="_EGT02_1._Regardless_of_Abnormality_at_Baseline"/>
    <testcase time="0.119" classname="table_egt02" name="_EGT02_1._Regardless_of_Abnormality_at_Baseline">
      <skipped message="Reason: On CRAN ('test-table_egt02.R:28:3')"/>
    </testcase>
    <testcase time="0.288000000000011" classname="table_egt02" name="_EGT02_2._Among_Subjects_Without_Abnormality_at_Baseline"/>
    <testcase time="0.0949999999999989" classname="table_egt02" name="_EGT02_2._Among_Subjects_Without_Abnormality_at_Baseline">
      <skipped message="Reason: On CRAN ('test-table_egt02.R:51:3')"/>
    </testcase>
  </testsuite>
  <testsuite name="table_egt03" timestamp="2023-06-28T08:28:08Z" hostname="ec43fcf39001" tests="8" skipped="4" failures="0" errors="0" time="2.037">
    <testcase time="0.375" classname="table_egt03" name="EGT03_variant_1_is_produced_correctly"/>
    <testcase time="0.159999999999997" classname="table_egt03" name="EGT03_variant_1_is_produced_correctly">
      <skipped message="Reason: On CRAN ('test-table_egt03.R:50:3')"/>
    </testcase>
    <testcase time="0.319999999999993" classname="table_egt03" name="EGT03_variant_2_is_produced_correctly"/>
    <testcase time="0.129000000000019" classname="table_egt03" name="EGT03_variant_2_is_produced_correctly">
      <skipped message="Reason: On CRAN ('test-table_egt03.R:91:3')"/>
    </testcase>
    <testcase time="0.365999999999985" classname="table_egt03" name="EGT03_variant_3_is_produced_correctly"/>
    <testcase time="0.146999999999991" classname="table_egt03" name="EGT03_variant_3_is_produced_correctly">
      <skipped message="Reason: On CRAN ('test-table_egt03.R:132:3')"/>
    </testcase>
    <testcase time="0.388000000000005" classname="table_egt03" name="EGT03_variant_4_is_produced_correctly"/>
    <testcase time="0.151999999999987" classname="table_egt03" name="EGT03_variant_4_is_produced_correctly">
      <skipped message="Reason: On CRAN ('test-table_egt03.R:179:3')"/>
    </testcase>
  </testsuite>
  <testsuite name="table_egt04" timestamp="2023-06-28T08:28:10Z" hostname="ec43fcf39001" tests="2" skipped="1" failures="0" errors="0" time="0.44">
    <testcase time="0.324000000000012" classname="table_egt04" name="EGT04_default_variant_is_produced_correctly"/>
    <testcase time="0.116000000000014" classname="table_egt04" name="EGT04_default_variant_is_produced_correctly">
      <skipped message="Reason: On CRAN ('test-table_egt04.R:51:3')"/>
    </testcase>
  </testsuite>
  <testsuite name="table_egt05_qtcat" timestamp="2023-06-28T08:28:11Z" hostname="ec43fcf39001" tests="2" skipped="1" failures="0" errors="0" time="1.626">
    <testcase time="1.19" classname="table_egt05_qtcat" name="EGT05_QTCAT_default_variant_is_produced_correctly"/>
    <testcase time="0.435999999999979" classname="table_egt05_qtcat" name="EGT05_QTCAT_default_variant_is_produced_correctly">
      <skipped message="Reason: On CRAN ('test-table_egt05_qtcat.R:57:3')"/>
    </testcase>
  </testsuite>
  <testsuite name="table_ent" timestamp="2023-06-28T08:28:12Z" hostname="ec43fcf39001" tests="8" skipped="4" failures="0" errors="0" time="21.478">
    <testcase time="5.614" classname="table_ent" name="ENT01_IT_is_produced_correctly"/>
    <testcase time="1.26400000000001" classname="table_ent" name="ENT01_IT_is_produced_correctly">
      <skipped message="Reason: On CRAN ('test-table_ent.R:24:3')"/>
    </testcase>
    <testcase time="3.31899999999999" classname="table_ent" name="ENT01a_IT_is_produced_correctly"/>
    <testcase time="0.813000000000017" classname="table_ent" name="ENT01a_IT_is_produced_correctly">
      <skipped message="Reason: On CRAN ('test-table_ent.R:40:3')"/>
    </testcase>
    <testcase time="5.25299999999999" classname="table_ent" name="ENT02_IT_is_produced_correctly"/>
    <testcase time="0.89100000000002" classname="table_ent" name="ENT02_IT_is_produced_correctly">
      <skipped message="Reason: On CRAN ('test-table_ent.R:61:3')"/>
    </testcase>
    <testcase time="3.44099999999997" classname="table_ent" name="ENT02a_IT_is_produced_correctly"/>
    <testcase time="0.88300000000001" classname="table_ent" name="ENT02a_IT_is_produced_correctly">
      <skipped message="Reason: On CRAN ('test-table_ent.R:79:3')"/>
    </testcase>
  </testsuite>
  <testsuite name="table_eudrat01" timestamp="2023-06-28T08:28:34Z" hostname="ec43fcf39001" tests="2" skipped="1" failures="0" errors="0" time="0.934">
    <testcase time="0.784999999999997" classname="table_eudrat01" name="EUDRAT01_is_produced_correctly"/>
    <testcase time="0.149000000000001" classname="table_eudrat01" name="EUDRAT01_is_produced_correctly">
      <skipped message="Reason: On CRAN ('test-table_eudrat01.R:77:3')"/>
    </testcase>
  </testsuite>
  <testsuite name="table_eudrat02" timestamp="2023-06-28T08:28:35Z" hostname="ec43fcf39001" tests="2" skipped="1" failures="0" errors="0" time="0.714">
    <testcase time="0.602000000000004" classname="table_eudrat02" name="EUDRAT02_is_produced_correctly"/>
    <testcase time="0.111999999999995" classname="table_eudrat02" name="EUDRAT02_is_produced_correctly">
      <skipped message="Reason: On CRAN ('test-table_eudrat02.R:44:3')"/>
    </testcase>
  </testsuite>
  <testsuite name="table_ext01" timestamp="2023-06-28T08:28:35Z" hostname="ec43fcf39001" tests="6" skipped="3" failures="0" errors="0" time="1.673">
    <testcase time="0.38300000000001" classname="table_ext01" name="EXT01_default_variant_with_numeric_parameters_is_produced_correctly"/>
    <testcase time="0.138999999999982" classname="table_ext01" name="EXT01_default_variant_with_numeric_parameters_is_produced_correctly">
      <skipped message="Reason: On CRAN ('test-table_ext01.R:58:3')"/>
    </testcase>
    <testcase time="0.40300000000002" classname="table_ext01" name="EXT01_variant_with_both_numeric_and_categorical_parameters"/>
    <testcase time="0.140999999999991" classname="table_ext01" name="EXT01_variant_with_both_numeric_and_categorical_parameters">
      <skipped message="Reason: On CRAN ('test-table_ext01.R:147:3')"/>
    </testcase>
    <testcase time="0.433999999999997" classname="table_ext01" name="EXT01_variant_with_user_specified_categories_for_missed_doses"/>
    <testcase time="0.173000000000002" classname="table_ext01" name="EXT01_variant_with_user_specified_categories_for_missed_doses">
      <skipped message="Reason: On CRAN ('test-table_ext01.R:241:3')"/>
    </testcase>
  </testsuite>
  <testsuite name="table_fstg02" timestamp="2023-06-28T08:28:37Z" hostname="ec43fcf39001" tests="8" skipped="4" failures="0" errors="0" time="3.248">
    <testcase time="0.836000000000013" classname="table_fstg02" name="FSTG02_table_variant_1_Subgroup_Analysis_of_Survival_Duration_is_produced_correctly"/>
    <testcase time="0.123999999999995" classname="table_fstg02" name="FSTG02_table_variant_1_Subgroup_Analysis_of_Survival_Duration_is_produced_correctly">
      <skipped message="Reason: On CRAN ('test-table_fstg02.R:43:3')"/>
    </testcase>
    <testcase time="0.760999999999996" classname="table_fstg02" name="FSTG02_table_variant_2_specifying_class_variables_and_options_for_the_treatment_variable_"/>
    <testcase time="0.13900000000001" classname="table_fstg02" name="FSTG02_table_variant_2_specifying_class_variables_and_options_for_the_treatment_variable_">
      <skipped message="Reason: On CRAN ('test-table_fstg02.R:80:3')"/>
    </testcase>
    <testcase time="0.404999999999973" classname="table_fstg02" name="FSTG02_table_variant_3_selecting_columns_and_changing_the_alpha_level_"/>
    <testcase time="0.0800000000000125" classname="table_fstg02" name="FSTG02_table_variant_3_selecting_columns_and_changing_the_alpha_level_">
      <skipped message="Reason: On CRAN ('test-table_fstg02.R:105:3')"/>
    </testcase>
    <testcase time="0.786000000000001" classname="table_fstg02" name="FSTG02_table_variant_4_fixed_symbol_size_is_produced_correctly"/>
    <testcase time="0.11699999999999" classname="table_fstg02" name="FSTG02_table_variant_4_fixed_symbol_size_is_produced_correctly">
      <skipped message="Reason: On CRAN ('test-table_fstg02.R:135:3')"/>
    </testcase>
  </testsuite>
  <testsuite name="table_lbt01" timestamp="2023-06-28T08:28:40Z" hostname="ec43fcf39001" tests="2" skipped="1" failures="0" errors="0" time="1.153">
    <testcase time="0.885000000000019" classname="table_lbt01" name="LBT01_default_variant_is_produced_correctly"/>
    <testcase time="0.268000000000001" classname="table_lbt01" name="LBT01_default_variant_is_produced_correctly">
      <skipped message="Reason: On CRAN ('test-table_lbt01.R:26:3')"/>
    </testcase>
  </testsuite>
  <testsuite name="table_lbt02" timestamp="2023-06-28T08:28:42Z" hostname="ec43fcf39001" tests="2" skipped="1" failures="0" errors="0" time="0.748">
    <testcase time="0.530999999999977" classname="table_lbt02" name="LBT02_default_variant_is_produced_correctly"/>
    <testcase time="0.217000000000013" classname="table_lbt02" name="LBT02_default_variant_is_produced_correctly">
      <skipped message="Reason: On CRAN ('test-table_lbt02.R:19:3')"/>
    </testcase>
  </testsuite>
  <testsuite name="table_lbt03" timestamp="2023-06-28T08:28:42Z" hostname="ec43fcf39001" tests="2" skipped="1" failures="0" errors="0" time="0.749">
    <testcase time="0.566000000000003" classname="table_lbt03" name="LBT03_default_variant_is_produced_correctly"/>
    <testcase time="0.182999999999993" classname="table_lbt03" name="LBT03_default_variant_is_produced_correctly">
      <skipped message="Reason: On CRAN ('test-table_lbt03.R:29:3')"/>
    </testcase>
  </testsuite>
  <testsuite name="table_lbt04" timestamp="2023-06-28T08:28:43Z" hostname="ec43fcf39001" tests="2" skipped="1" failures="0" errors="0" time="0.378">
    <testcase time="0.27600000000001" classname="table_lbt04" name="LBT04_default_variant_is_produced_correctly"/>
    <testcase time="0.102000000000004" classname="table_lbt04" name="LBT04_default_variant_is_produced_correctly">
      <skipped message="Reason: On CRAN ('test-table_lbt04.R:25:3')"/>
    </testcase>
  </testsuite>
  <testsuite name="table_lbt05" timestamp="2023-06-28T08:28:43Z" hostname="ec43fcf39001" tests="6" skipped="3" failures="0" errors="0" time="2.386">
    <testcase time="0.748999999999995" classname="table_lbt05" name="LBT05_variant_1_is_produced_correctly"/>
    <testcase time="0.175999999999988" classname="table_lbt05" name="LBT05_variant_1_is_produced_correctly">
      <skipped message="Reason: On CRAN ('test-table_lbt05.R:102:3')"/>
    </testcase>
    <testcase time="0.623000000000019" classname="table_lbt05" name="LBT05_variant_2_is_produced_correctly"/>
    <testcase time="0.182999999999993" classname="table_lbt05" name="LBT05_variant_2_is_produced_correctly">
      <skipped message="Reason: On CRAN ('test-table_lbt05.R:165:3')"/>
    </testcase>
    <testcase time="0.516999999999996" classname="table_lbt05" name="LBT05_variant_4_is_produced_correctly"/>
    <testcase time="0.138000000000005" classname="table_lbt05" name="LBT05_variant_4_is_produced_correctly">
      <skipped message="Reason: On CRAN ('test-table_lbt05.R:234:3')"/>
    </testcase>
  </testsuite>
  <testsuite name="table_lbt06" timestamp="2023-06-28T08:28:46Z" hostname="ec43fcf39001" tests="2" skipped="1" failures="0" errors="0" time="1.055">
    <testcase time="0.781000000000006" classname="table_lbt06" name="LBT06_default_variant_is_produced_correctly"/>
    <testcase time="0.274000000000001" classname="table_lbt06" name="LBT06_default_variant_is_produced_correctly">
      <skipped message="Reason: On CRAN ('test-table_lbt06.R:24:3')"/>
    </testcase>
  </testsuite>
  <testsuite name="table_lbt07" timestamp="2023-06-28T08:28:47Z" hostname="ec43fcf39001" tests="2" skipped="1" failures="0" errors="0" time="0.889">
    <testcase time="0.674999999999983" classname="table_lbt07" name="LBT07_is_produced_correctly"/>
    <testcase time="0.213999999999999" classname="table_lbt07" name="LBT07_is_produced_correctly">
      <skipped message="Reason: On CRAN ('test-table_lbt07.R:67:3')"/>
    </testcase>
  </testsuite>
  <testsuite name="table_lbt08" timestamp="2023-06-28T08:28:48Z" hostname="ec43fcf39001" tests="2" skipped="1" failures="0" errors="0" time="1.099">
    <testcase time="0.907000000000011" classname="table_lbt08" name="LBT08_produce_correctly"/>
    <testcase time="0.192000000000007" classname="table_lbt08" name="LBT08_produce_correctly">
      <skipped message="Reason: On CRAN ('test-table_lbt08.R:38:3')"/>
    </testcase>
  </testsuite>
  <testsuite name="table_lbt09" timestamp="2023-06-28T08:28:49Z" hostname="ec43fcf39001" tests="4" skipped="2" failures="0" errors="0" time="2.755">
    <testcase time="1.297" classname="table_lbt09" name="LBT09_variant_1_works_as_expected"/>
    <testcase time="0.322999999999979" classname="table_lbt09" name="LBT09_variant_1_works_as_expected">
      <skipped message="Reason: On CRAN ('test-table_lbt09.R:107:3')"/>
    </testcase>
    <testcase time="0.869" classname="table_lbt09" name="LBT09_variant_2_works_as_expected"/>
    <testcase time="0.26600000000002" classname="table_lbt09" name="LBT09_variant_2_works_as_expected">
      <skipped message="Reason: On CRAN ('test-table_lbt09.R:138:3')"/>
    </testcase>
  </testsuite>
  <testsuite name="table_lbt10" timestamp="2023-06-28T08:28:52Z" hostname="ec43fcf39001" tests="4" skipped="2" failures="0" errors="0" time="0.718">
    <testcase time="0.401999999999987" classname="table_lbt10" name="LBT10_variant_1_works_as_expected"/>
    <testcase time="0.0720000000000027" classname="table_lbt10" name="LBT10_variant_1_works_as_expected">
      <skipped message="Reason: On CRAN ('test-table_lbt10.R:45:3')"/>
    </testcase>
    <testcase time="0.192000000000007" classname="table_lbt10" name="LBT10_variant_2_works_as_expected"/>
    <testcase time="0.0519999999999925" classname="table_lbt10" name="LBT10_variant_2_works_as_expected">
      <skipped message="Reason: On CRAN ('test-table_lbt10.R:69:3')"/>
    </testcase>
  </testsuite>
  <testsuite name="table_lbt10_bl" timestamp="2023-06-28T08:28:52Z" hostname="ec43fcf39001" tests="4" skipped="2" failures="0" errors="0" time="0.728">
    <testcase time="0.415999999999997" classname="table_lbt10_bl" name="LBT10_BL_variant_1_works_as_expected"/>
    <testcase time="0.0800000000000125" classname="table_lbt10_bl" name="LBT10_BL_variant_1_works_as_expected">
      <skipped message="Reason: On CRAN ('test-table_lbt10_bl.R:45:3')"/>
    </testcase>
    <testcase time="0.177999999999997" classname="table_lbt10_bl" name="LBT10_BL_variant_2_works_as_expected"/>
    <testcase time="0.054000000000002" classname="table_lbt10_bl" name="LBT10_BL_variant_2_works_as_expected">
      <skipped message="Reason: On CRAN ('test-table_lbt10_bl.R:69:3')"/>
    </testcase>
  </testsuite>
  <testsuite name="table_lbt11" timestamp="2023-06-28T08:28:53Z" hostname="ec43fcf39001" tests="6" skipped="3" failures="0" errors="0" time="1.073">
    <testcase time="0.311000000000007" classname="table_lbt11" name="LBT11_variant_1_works_as_expected"/>
    <testcase time="0.103999999999985" classname="table_lbt11" name="LBT11_variant_1_works_as_expected">
      <skipped message="Reason: On CRAN ('test-table_lbt11.R:60:3')"/>
    </testcase>
    <testcase time="0.149000000000001" classname="table_lbt11" name="LBT11_variant_2_works_as_expected"/>
    <testcase time="0.0769999999999982" classname="table_lbt11" name="LBT11_variant_2_works_as_expected">
      <skipped message="Reason: On CRAN ('test-table_lbt11.R:77:3')"/>
    </testcase>
    <testcase time="0.307000000000016" classname="table_lbt11" name="LBT11_variant_3_works_as_expected"/>
    <testcase time="0.125" classname="table_lbt11" name="LBT11_variant_3_works_as_expected">
      <skipped message="Reason: On CRAN ('test-table_lbt11.R:110:3')"/>
    </testcase>
  </testsuite>
  <testsuite name="table_lbt11_bl" timestamp="2023-06-28T08:28:54Z" hostname="ec43fcf39001" tests="6" skipped="3" failures="0" errors="0" time="1.073">
    <testcase time="0.318999999999988" classname="table_lbt11_bl" name="LBT11_BL_variant_1_works_as_expected"/>
    <testcase time="0.0910000000000082" classname="table_lbt11_bl" name="LBT11_BL_variant_1_works_as_expected">
      <skipped message="Reason: On CRAN ('test-table_lbt11_bl.R:60:3')"/>
    </testcase>
    <testcase time="0.156999999999982" classname="table_lbt11_bl" name="LBT11_BL_variant_2_works_as_expected"/>
    <testcase time="0.085000000000008" classname="table_lbt11_bl" name="LBT11_BL_variant_2_works_as_expected">
      <skipped message="Reason: On CRAN ('test-table_lbt11_bl.R:77:3')"/>
    </testcase>
    <testcase time="0.311000000000007" classname="table_lbt11_bl" name="LBT11_BL_variant_3_works_as_expected"/>
    <testcase time="0.109999999999985" classname="table_lbt11_bl" name="LBT11_BL_variant_3_works_as_expected">
      <skipped message="Reason: On CRAN ('test-table_lbt11_bl.R:110:3')"/>
    </testcase>
  </testsuite>
  <testsuite name="table_lbt12" timestamp="2023-06-28T08:28:55Z" hostname="ec43fcf39001" tests="2" skipped="1" failures="0" errors="0" time="0.682">
    <testcase time="0.582999999999998" classname="table_lbt12" name="LBT12_works_as_expected"/>
    <testcase time="0.099000000000018" classname="table_lbt12" name="LBT12_works_as_expected">
      <skipped message="Reason: On CRAN ('test-table_lbt12.R:50:3')"/>
    </testcase>
  </testsuite>
  <testsuite name="table_lbt12_bl" timestamp="2023-06-28T08:28:56Z" hostname="ec43fcf39001" tests="2" skipped="1" failures="0" errors="0" time="0.673">
    <testcase time="0.573999999999984" classname="table_lbt12_bl" name="LBT12_BL_works_as_expected"/>
    <testcase time="0.099000000000018" classname="table_lbt12_bl" name="LBT12_BL_works_as_expected">
      <skipped message="Reason: On CRAN ('test-table_lbt12_bl.R:50:3')"/>
    </testcase>
  </testsuite>
  <testsuite name="table_lbt13" timestamp="2023-06-28T08:28:57Z" hostname="ec43fcf39001" tests="10" skipped="5" failures="0" errors="0" time="17.546">
    <testcase time="2.83499999999998" classname="table_lbt13" name="LBT13_variant_1_LOW_works_as_expected"/>
    <testcase time="0.643000000000001" classname="table_lbt13" name="LBT13_variant_1_LOW_works_as_expected">
      <skipped message="Reason: On CRAN ('test-table_lbt13.R:81:3')"/>
    </testcase>
    <testcase time="2.41200000000001" classname="table_lbt13" name="LBT13_variant_2_HIGH_works_as_expected"/>
    <testcase time="0.689999999999998" classname="table_lbt13" name="LBT13_variant_2_HIGH_works_as_expected">
      <skipped message="Reason: On CRAN ('test-table_lbt13.R:153:3')"/>
    </testcase>
    <testcase time="2.417" classname="table_lbt13" name="LBT13_variant_3_LOW_without_baseline_missing_works_as_expected"/>
    <testcase time="0.668000000000006" classname="table_lbt13" name="LBT13_variant_3_LOW_without_baseline_missing_works_as_expected">
      <skipped message="Reason: On CRAN ('test-table_lbt13.R:225:3')"/>
    </testcase>
    <testcase time="2.48999999999998" classname="table_lbt13" name="LBT13_variant_4_HIGH_with_missing_baseline_considered_as_grade_0_works_as_expected"/>
    <testcase time="0.677000000000021" classname="table_lbt13" name="LBT13_variant_4_HIGH_with_missing_baseline_considered_as_grade_0_works_as_expected">
      <skipped message="Reason: On CRAN ('test-table_lbt13.R:296:3')"/>
    </testcase>
    <testcase time="3.42599999999999" classname="table_lbt13" name="LBT14_variant_5_HIGH_with_filled_in_grades_works_as_expected"/>
    <testcase time="1.28800000000001" classname="table_lbt13" name="LBT14_variant_5_HIGH_with_filled_in_grades_works_as_expected">
      <skipped message="Reason: On CRAN ('test-table_lbt13.R:370:3')"/>
    </testcase>
  </testsuite>
  <testsuite name="table_lbt14" timestamp="2023-06-28T08:29:14Z" hostname="ec43fcf39001" tests="10" skipped="5" failures="0" errors="0" time="4.5">
    <testcase time="0.659999999999997" classname="table_lbt14" name="LBT14_variant_1_HIGH_works_as_expected"/>
    <testcase time="0.216999999999985" classname="table_lbt14" name="LBT14_variant_1_HIGH_works_as_expected">
      <skipped message="Reason: On CRAN ('test-table_lbt14.R:48:3')"/>
    </testcase>
    <testcase time="0.630000000000024" classname="table_lbt14" name="LBT14_variant_2_LOW_works_as_expected"/>
    <testcase time="0.199999999999989" classname="table_lbt14" name="LBT14_variant_2_LOW_works_as_expected">
      <skipped message="Reason: On CRAN ('test-table_lbt14.R:95:3')"/>
    </testcase>
    <testcase time="0.650000000000006" classname="table_lbt14" name="LBT14_variant_3_LOW_without_baseline_missing_works_as_expected"/>
    <testcase time="0.203000000000003" classname="table_lbt14" name="LBT14_variant_3_LOW_without_baseline_missing_works_as_expected">
      <skipped message="Reason: On CRAN ('test-table_lbt14.R:141:3')"/>
    </testcase>
    <testcase time="0.650999999999982" classname="table_lbt14" name="LBT14_variant_4_LOW_and_force_1_missing_both_baseline_and_post_baseline_then_force_the_missing_baseline_as_0_as_expected"/>
    <testcase time="0.201000000000022" classname="table_lbt14" name="LBT14_variant_4_LOW_and_force_1_missing_both_baseline_and_post_baseline_then_force_the_missing_baseline_as_0_as_expected">
      <skipped message="Reason: On CRAN ('test-table_lbt14.R:189:3')"/>
    </testcase>
    <testcase time="0.789999999999992" classname="table_lbt14" name="LBT14_variant_5_HIGH_with_fillings_works_as_expected"/>
    <testcase time="0.298000000000002" classname="table_lbt14" name="LBT14_variant_5_HIGH_with_fillings_works_as_expected">
      <skipped message="Reason: On CRAN ('test-table_lbt14.R:236:3')"/>
    </testcase>
  </testsuite>
  <testsuite name="table_lbt15" timestamp="2023-06-28T08:29:19Z" hostname="ec43fcf39001" tests="4" skipped="2" failures="0" errors="0" time="0.885">
    <testcase time="0.365999999999985" classname="table_lbt15" name="LBT15_variant_1_works_as_expected"/>
    <testcase time="0.104000000000013" classname="table_lbt15" name="LBT15_variant_1_works_as_expected">
      <skipped message="Reason: On CRAN ('test-table_lbt15.R:82:3')"/>
    </testcase>
    <testcase time="0.289999999999992" classname="table_lbt15" name="LBT15_variant_2_works_as_expected"/>
    <testcase time="0.125" classname="table_lbt15" name="LBT15_variant_2_works_as_expected">
      <skipped message="Reason: On CRAN ('test-table_lbt15.R:89:3')"/>
    </testcase>
  </testsuite>
  <testsuite name="table_lgrt02" timestamp="2023-06-28T08:29:19Z" hostname="ec43fcf39001" tests="8" skipped="4" failures="0" errors="0" time="4.3">
    <testcase time="0.784999999999997" classname="table_lgrt02" name="LGRT02_without_interaction_term_is_produced_correctly"/>
    <testcase time="0.192000000000007" classname="table_lgrt02" name="LGRT02_without_interaction_term_is_produced_correctly">
      <skipped message="Reason: On CRAN ('test-table_lgrt02.R:52:3')"/>
    </testcase>
    <testcase time="0.959000000000003" classname="table_lgrt02" name="LGRT02_with_categorical_interaction_is_produced_correctly"/>
    <testcase time="0.222999999999985" classname="table_lgrt02" name="LGRT02_with_categorical_interaction_is_produced_correctly">
      <skipped message="Reason: On CRAN ('test-table_lgrt02.R:78:3')"/>
    </testcase>
    <testcase time="0.945000000000022" classname="table_lgrt02" name="LGRT02_with_continuous_interaction_is_produced_correctly"/>
    <testcase time="0.252999999999986" classname="table_lgrt02" name="LGRT02_with_continuous_interaction_is_produced_correctly">
      <skipped message="Reason: On CRAN ('test-table_lgrt02.R:104:3')"/>
    </testcase>
    <testcase time="0.745000000000005" classname="table_lgrt02" name="LGRT02_with_setting_values_indicating_an_event_and_custom_alpha_level_is_produced_correctly"/>
    <testcase time="0.198000000000008" classname="table_lgrt02" name="LGRT02_with_setting_values_indicating_an_event_and_custom_alpha_level_is_produced_correctly">
      <skipped message="Reason: On CRAN ('test-table_lgrt02.R:130:3')"/>
    </testcase>
  </testsuite>
  <testsuite name="table_mht01" timestamp="2023-06-28T08:29:24Z" hostname="ec43fcf39001" tests="8" skipped="4" failures="0" errors="0" time="2.297">
    <testcase time="0.480999999999995" classname="table_mht01" name="MHT01_variant_1_is_produced_accurately"/>
    <testcase time="0.169999999999987" classname="table_mht01" name="MHT01_variant_1_is_produced_accurately">
      <skipped message="Reason: On CRAN ('test-table_mht01.R:41:3')"/>
    </testcase>
    <testcase time="0.206000000000017" classname="table_mht01" name="MHT01_variant_2_is_produced_accurately"/>
    <testcase time="0.0699999999999932" classname="table_mht01" name="MHT01_variant_2_is_produced_accurately">
      <skipped message="Reason: On CRAN ('test-table_mht01.R:82:3')"/>
    </testcase>
    <testcase time="0.448000000000008" classname="table_mht01" name="MHT01_variant_3_is_produced_accurately"/>
    <testcase time="0.140999999999991" classname="table_mht01" name="MHT01_variant_3_is_produced_accurately">
      <skipped message="Reason: On CRAN ('test-table_mht01.R:120:3')"/>
    </testcase>
    <testcase time="0.579000000000008" classname="table_mht01" name="MHT01_variant_5_is_produced_accurately"/>
    <testcase time="0.201999999999998" classname="table_mht01" name="MHT01_variant_5_is_produced_accurately">
      <skipped message="Reason: On CRAN ('test-table_mht01.R:163:3')"/>
    </testcase>
  </testsuite>
  <testsuite name="table_onct05" timestamp="2023-06-28T08:29:26Z" hostname="ec43fcf39001" tests="8" skipped="4" failures="0" errors="0" time="3.005">
    <testcase time="0.709000000000003" classname="table_onct05" name="ONCT05_variant_1_Objective_Response_Rate_by_Subgroup_is_produced_correctly"/>
    <testcase time="0.11099999999999" classname="table_onct05" name="ONCT05_variant_1_Objective_Response_Rate_by_Subgroup_is_produced_correctly">
      <skipped message="Reason: On CRAN ('test-table_onct05.R:33:3')"/>
    </testcase>
    <testcase time="0.790999999999997" classname="table_onct05" name="ONCT05_variant_2_Specifying_class_variables_is_produced_correctly"/>
    <testcase time="0.12700000000001" classname="table_onct05" name="ONCT05_variant_2_Specifying_class_variables_is_produced_correctly">
      <skipped message="Reason: On CRAN ('test-table_onct05.R:57:3')"/>
    </testcase>
    <testcase time="0.35499999999999" classname="table_onct05" name="ONCT05_variant_3_selecting_columns_and_changing_the_alpha_level_is_produced_correctly"/>
    <testcase time="0.100999999999999" classname="table_onct05" name="ONCT05_variant_3_selecting_columns_and_changing_the_alpha_level_is_produced_correctly">
      <skipped message="Reason: On CRAN ('test-table_onct05.R:75:3')"/>
    </testcase>
    <testcase time="0.699000000000012" classname="table_onct05" name="ONCT05_variant_4_setting_values_indicating_response_is_produced_correctly"/>
    <testcase time="0.111999999999995" classname="table_onct05" name="ONCT05_variant_4_setting_values_indicating_response_is_produced_correctly">
      <skipped message="Reason: On CRAN ('test-table_onct05.R:96:3')"/>
    </testcase>
  </testsuite>
  <testsuite name="table_pdt01" timestamp="2023-06-28T08:29:29Z" hostname="ec43fcf39001" tests="2" skipped="1" failures="0" errors="0" time="0.682">
    <testcase time="0.481999999999999" classname="table_pdt01" name="PDT01_is_produced_correctly"/>
    <testcase time="0.199999999999989" classname="table_pdt01" name="PDT01_is_produced_correctly">
      <skipped message="Reason: On CRAN ('test-table_pdt01.R:38:3')"/>
    </testcase>
  </testsuite>
  <testsuite name="table_pdt02" timestamp="2023-06-28T08:29:30Z" hostname="ec43fcf39001" tests="2" skipped="1" failures="0" errors="0" time="0.354">
    <testcase time="0.25" classname="table_pdt02" name="PDT02_is_produced_correctly"/>
    <testcase time="0.104000000000013" classname="table_pdt02" name="PDT02_is_produced_correctly">
      <skipped message="Reason: On CRAN ('test-table_pdt02.R:33:3')"/>
    </testcase>
  </testsuite>
  <testsuite name="table_pkct01" timestamp="2023-06-28T08:29:30Z" hostname="ec43fcf39001" tests="4" skipped="2" failures="0" errors="0" time="2.695">
    <testcase time="0.625" classname="table_pkct01" name="PKCT01_is_produced_correctly"/>
    <testcase time="0.125" classname="table_pkct01" name="PKCT01_is_produced_correctly">
      <skipped message="Reason: On CRAN ('test-table_pkct01.R:18:3')"/>
    </testcase>
    <testcase time="1.749" classname="table_pkct01" name="Specific_PKCT01_features_are_present"/>
    <testcase time="0.195999999999998" classname="table_pkct01" name="Specific_PKCT01_features_are_present">
      <skipped message="Reason: On CRAN ('test-table_pkct01.R:117:3')"/>
    </testcase>
  </testsuite>
  <testsuite name="table_pkpt02" timestamp="2023-06-28T08:29:33Z" hostname="ec43fcf39001" tests="4" skipped="2" failures="0" errors="0" time="0.819">
    <testcase time="0.313999999999993" classname="table_pkpt02" name="PKPT02_is_produced_correctly_for_Drug_X"/>
    <testcase time="0.158000000000015" classname="table_pkpt02" name="PKPT02_is_produced_correctly_for_Drug_X">
      <skipped message="Reason: On CRAN ('test-table_pkpt02.R:42:3')"/>
    </testcase>
    <testcase time="0.228000000000009" classname="table_pkpt02" name="PKPT02_is_produced_correctly_for_Drug_Y"/>
    <testcase time="0.119" classname="table_pkpt02" name="PKPT02_is_produced_correctly_for_Drug_Y">
      <skipped message="Reason: On CRAN ('test-table_pkpt02.R:55:3')"/>
    </testcase>
  </testsuite>
  <testsuite name="table_pkpt03" timestamp="2023-06-28T08:29:34Z" hostname="ec43fcf39001" tests="4" skipped="2" failures="0" errors="0" time="1.299">
    <testcase time="0.697999999999979" classname="table_pkpt03" name="PKPT03_Drug_X_is_produced_correctly"/>
    <testcase time="0.14700000000002" classname="table_pkpt03" name="PKPT03_Drug_X_is_produced_correctly">
      <skipped message="Reason: On CRAN ('test-table_pkpt03.R:67:3')"/>
    </testcase>
    <testcase time="0.353999999999985" classname="table_pkpt03" name="PKPT03_Drug_Y_is_produced_correctly"/>
    <testcase time="0.0999999999999943" classname="table_pkpt03" name="PKPT03_Drug_Y_is_produced_correctly">
      <skipped message="Reason: On CRAN ('test-table_pkpt03.R:81:3')"/>
    </testcase>
  </testsuite>
  <testsuite name="table_pkpt04" timestamp="2023-06-28T08:29:35Z" hostname="ec43fcf39001" tests="4" skipped="2" failures="0" errors="0" time="1.33">
    <testcase time="0.39700000000002" classname="table_pkpt04" name="PKPT04_is_produced_correctly_for_Drug_X"/>
    <testcase time="0.512" classname="table_pkpt04" name="PKPT04_is_produced_correctly_for_Drug_X">
      <skipped message="Reason: On CRAN ('test-table_pkpt04.R:42:3')"/>
    </testcase>
    <testcase time="0.262999999999977" classname="table_pkpt04" name="PKPT04_is_produced_correctly_for_Drug_Y"/>
    <testcase time="0.158000000000015" classname="table_pkpt04" name="PKPT04_is_produced_correctly_for_Drug_Y">
      <skipped message="Reason: On CRAN ('test-table_pkpt04.R:55:3')"/>
    </testcase>
  </testsuite>
  <testsuite name="table_pkpt05" timestamp="2023-06-28T08:29:36Z" hostname="ec43fcf39001" tests="4" skipped="2" failures="0" errors="0" time="1.493">
    <testcase time="0.823999999999984" classname="table_pkpt05" name="PKPT05_Drug_X_is_produced_correctly"/>
    <testcase time="0.135000000000019" classname="table_pkpt05" name="PKPT05_Drug_X_is_produced_correctly">
      <skipped message="Reason: On CRAN ('test-table_pkpt05.R:66:3')"/>
    </testcase>
    <testcase time="0.424999999999983" classname="table_pkpt05" name="PKPT05_Drug_Y_is_produced_correctly"/>
    <testcase time="0.109000000000009" classname="table_pkpt05" name="PKPT05_Drug_Y_is_produced_correctly">
      <skipped message="Reason: On CRAN ('test-table_pkpt05.R:81:3')"/>
    </testcase>
  </testsuite>
  <testsuite name="table_pkpt06" timestamp="2023-06-28T08:29:38Z" hostname="ec43fcf39001" tests="4" skipped="2" failures="0" errors="0" time="0.392">
    <testcase time="0.163999999999987" classname="table_pkpt06" name="PKPT06_is_produced_correctly_for_Drug_X"/>
    <testcase time="0.0620000000000118" classname="table_pkpt06" name="PKPT06_is_produced_correctly_for_Drug_X">
      <skipped message="Reason: On CRAN ('test-table_pkpt06.R:48:3')"/>
    </testcase>
    <testcase time="0.115000000000009" classname="table_pkpt06" name="PKPT06_is_produced_correctly_for_Drug_Y"/>
    <testcase time="0.0509999999999877" classname="table_pkpt06" name="PKPT06_is_produced_correctly_for_Drug_Y">
      <skipped message="Reason: On CRAN ('test-table_pkpt06.R:61:3')"/>
    </testcase>
  </testsuite>
  <testsuite name="table_pkpt07" timestamp="2023-06-28T08:29:38Z" hostname="ec43fcf39001" tests="4" skipped="2" failures="0" errors="0" time="0.645">
    <testcase time="0.326999999999998" classname="table_pkpt07" name="PKPT07_Drug_X_is_produced_correctly"/>
    <testcase time="0.078000000000003" classname="table_pkpt07" name="PKPT07_Drug_X_is_produced_correctly">
      <skipped message="Reason: On CRAN ('test-table_pkpt07.R:73:3')"/>
    </testcase>
    <testcase time="0.174999999999983" classname="table_pkpt07" name="PKPT07_Drug_Y_is_produced_correctly"/>
    <testcase time="0.0649999999999977" classname="table_pkpt07" name="PKPT07_Drug_Y_is_produced_correctly">
      <skipped message="Reason: On CRAN ('test-table_pkpt07.R:88:3')"/>
    </testcase>
  </testsuite>
  <testsuite name="table_ratet01" timestamp="2023-06-28T08:29:39Z" hostname="ec43fcf39001" tests="2" skipped="1" failures="0" errors="0" time="0.746">
    <testcase time="0.612000000000023" classname="table_ratet01" name="RATET01_is_produced_correctly"/>
    <testcase time="0.133999999999986" classname="table_ratet01" name="RATET01_is_produced_correctly">
      <skipped message="Reason: On CRAN ('test-table_ratet01.R:49:3')"/>
    </testcase>
  </testsuite>
  <testsuite name="table_rmpt01" timestamp="2023-06-28T08:29:40Z" hostname="ec43fcf39001" tests="2" skipped="1" failures="0" errors="0" time="0.299">
    <testcase time="0.235000000000014" classname="table_rmpt01" name="RMPT01_is_produced_correctly"/>
    <testcase time="0.063999999999993" classname="table_rmpt01" name="RMPT01_is_produced_correctly">
      <skipped message="Reason: On CRAN ('test-table_rmpt01.R:58:3')"/>
    </testcase>
  </testsuite>
  <testsuite name="table_rmpt03" timestamp="2023-06-28T08:29:40Z" hostname="ec43fcf39001" tests="4" skipped="2" failures="0" errors="0" time="0.698">
    <testcase time="0.314999999999998" classname="table_rmpt03" name="RMPT03_variant_1_is_produced_correctly"/>
    <testcase time="0.070999999999998" classname="table_rmpt03" name="RMPT03_variant_1_is_produced_correctly">
      <skipped message="Reason: On CRAN ('test-table_rmpt03.R:67:3')"/>
    </testcase>
    <testcase time="0.234000000000009" classname="table_rmpt03" name="RMPT03_variant_2_is_produced_correctly"/>
    <testcase time="0.078000000000003" classname="table_rmpt03" name="RMPT03_variant_2_is_produced_correctly">
      <skipped message="Reason: On CRAN ('test-table_rmpt03.R:91:3')"/>
    </testcase>
  </testsuite>
  <testsuite name="table_rmpt04" timestamp="2023-06-28T08:29:41Z" hostname="ec43fcf39001" tests="2" skipped="1" failures="0" errors="0" time="0.288">
    <testcase time="0.222999999999985" classname="table_rmpt04" name="RMPT04_variant_1_is_produced_correctly"/>
    <testcase time="0.0649999999999977" classname="table_rmpt04" name="RMPT04_variant_1_is_produced_correctly">
      <skipped message="Reason: On CRAN ('test-table_rmpt04.R:50:3')"/>
    </testcase>
  </testsuite>
  <testsuite name="table_rmpt05" timestamp="2023-06-28T08:29:41Z" hostname="ec43fcf39001" tests="2" skipped="1" failures="0" errors="0" time="0.328">
    <testcase time="0.247000000000014" classname="table_rmpt05" name="RMPT05_is_produced_correctly"/>
    <testcase time="0.0809999999999889" classname="table_rmpt05" name="RMPT05_is_produced_correctly">
      <skipped message="Reason: On CRAN ('test-table_rmpt05.R:49:3')"/>
    </testcase>
  </testsuite>
  <testsuite name="table_rmpt06" timestamp="2023-06-28T08:29:41Z" hostname="ec43fcf39001" tests="8" skipped="4" failures="0" errors="0" time="2.17">
    <testcase time="0.484000000000009" classname="table_rmpt06" name="AET05_ALL_variant_1_is_produced_correctly"/>
    <testcase time="0.132999999999981" classname="table_rmpt06" name="AET05_ALL_variant_1_is_produced_correctly">
      <skipped message="Reason: On CRAN ('test-table_rmpt06.R:100:3')"/>
    </testcase>
    <testcase time="0.307000000000016" classname="table_rmpt06" name="RMPT06_variant_2_is_produced_correctly"/>
    <testcase time="0.085000000000008" classname="table_rmpt06" name="RMPT06_variant_2_is_produced_correctly">
      <skipped message="Reason: On CRAN ('test-table_rmpt06.R:150:3')"/>
    </testcase>
    <testcase time="0.428999999999974" classname="table_rmpt06" name="RMPT06_variant_3_is_produced_correctly"/>
    <testcase time="0.161000000000001" classname="table_rmpt06" name="RMPT06_variant_3_is_produced_correctly">
      <skipped message="Reason: On CRAN ('test-table_rmpt06.R:215:3')"/>
    </testcase>
    <testcase time="0.427000000000021" classname="table_rmpt06" name="RMPT06_variant_4_is_produced_correctly"/>
    <testcase time="0.143999999999977" classname="table_rmpt06" name="RMPT06_variant_4_is_produced_correctly">
      <skipped message="Reason: On CRAN ('test-table_rmpt06.R:283:3')"/>
    </testcase>
  </testsuite>
  <testsuite name="table_rspt01" timestamp="2023-06-28T08:29:43Z" hostname="ec43fcf39001" tests="12" skipped="6" failures="0" errors="0" time="3.427">
    <testcase time="0.421000000000021" classname="table_rspt01" name="RSPT01_1._Best_Overall_Response"/>
    <testcase time="0.150999999999982" classname="table_rspt01" name="RSPT01_1._Best_Overall_Response">
      <skipped message="Reason: On CRAN ('test-table_rspt01.R:46:3')"/>
    </testcase>
    <testcase time="0.390000000000015" classname="table_rspt01" name="RSPT01_2._Best_Overall_Response_selecting_sections_to_display_"/>
    <testcase time="0.135999999999996" classname="table_rspt01" name="RSPT01_2._Best_Overall_Response_selecting_sections_to_display_">
      <skipped message="Reason: On CRAN ('test-table_rspt01.R:73:3')"/>
    </testcase>
    <testcase time="0.513000000000005" classname="table_rspt01" name="RSPT01_3._Best_Overall_Response_modifying_settings_"/>
    <testcase time="0.126999999999981" classname="table_rspt01" name="RSPT01_3._Best_Overall_Response_modifying_settings_">
      <skipped message="Reason: On CRAN ('test-table_rspt01.R:116:3')"/>
    </testcase>
    <testcase time="0.52600000000001" classname="table_rspt01" name="RSPT01_4._Best_Overall_Response_with_stratified_analysis_"/>
    <testcase time="0.158999999999992" classname="table_rspt01" name="RSPT01_4._Best_Overall_Response_with_stratified_analysis_">
      <skipped message="Reason: On CRAN ('test-table_rspt01.R:166:3')"/>
    </testcase>
    <testcase time="0.418000000000006" classname="table_rspt01" name="RSPT01_5._Best_Overall_Response_modifying_the_definition_of_overall_response_"/>
    <testcase time="0.134000000000015" classname="table_rspt01" name="RSPT01_5._Best_Overall_Response_modifying_the_definition_of_overall_response_">
      <skipped message="Reason: On CRAN ('test-table_rspt01.R:198:3')"/>
    </testcase>
    <testcase time="0.328999999999979" classname="table_rspt01" name="RSPT01_6._Best_Overall_Response_define_new_sections_to_display_"/>
    <testcase time="0.123000000000019" classname="table_rspt01" name="RSPT01_6._Best_Overall_Response_define_new_sections_to_display_">
      <skipped message="Reason: On CRAN ('test-table_rspt01.R:248:3')"/>
    </testcase>
  </testsuite>
  <testsuite name="table_ttet01" timestamp="2023-06-28T08:29:47Z" hostname="ec43fcf39001" tests="12" skipped="6" failures="0" errors="0" time="4.016">
    <testcase time="0.625" classname="table_ttet01" name="TTET01_default_variant_is_produced_correctly"/>
    <testcase time="0.179999999999978" classname="table_ttet01" name="TTET01_default_variant_is_produced_correctly">
      <skipped message="Reason: On CRAN ('test-table_ttet01.R:79:3')"/>
    </testcase>
    <testcase time="0.325000000000017" classname="table_ttet01" name="TTET01_variant_2_selecting_sections_to_display"/>
    <testcase time="0.127999999999986" classname="table_ttet01" name="TTET01_variant_2_selecting_sections_to_display">
      <skipped message="Reason: On CRAN ('test-table_ttet01.R:124:3')"/>
    </testcase>
    <testcase time="0.474000000000018" classname="table_ttet01" name="TTET01_variant_3_modifying_analysis_details_like_conftype_ties_alpha_level"/>
    <testcase time="0.161000000000001" classname="table_ttet01" name="TTET01_variant_3_modifying_analysis_details_like_conftype_ties_alpha_level">
      <skipped message="Reason: On CRAN ('test-table_ttet01.R:190:3')"/>
    </testcase>
    <testcase time="0.566999999999979" classname="table_ttet01" name="TTET01_variant_4_with_stratified_analysis"/>
    <testcase time="0.155000000000001" classname="table_ttet01" name="TTET01_variant_4_with_stratified_analysis">
      <skipped message="Reason: On CRAN ('test-table_ttet01.R:251:3')"/>
    </testcase>
    <testcase time="0.483000000000004" classname="table_ttet01" name="TTET01_variant_5_modifying_time_point"/>
    <testcase time="0.140000000000015" classname="table_ttet01" name="TTET01_variant_5_modifying_time_point">
      <skipped message="Reason: On CRAN ('test-table_ttet01.R:306:3')"/>
    </testcase>
    <testcase time="0.599999999999994" classname="table_ttet01" name="TTET01_variant_6_requesting_more_than_one_p_value"/>
    <testcase time="0.177999999999997" classname="table_ttet01" name="TTET01_variant_6_requesting_more_than_one_p_value">
      <skipped message="Reason: On CRAN ('test-table_ttet01.R:379:3')"/>
    </testcase>
  </testsuite>
  <testsuite name="table_vst01" timestamp="2023-06-28T08:29:51Z" hostname="ec43fcf39001" tests="2" skipped="1" failures="0" errors="0" time="1.98">
    <testcase time="1.56800000000001" classname="table_vst01" name="VST01_default_variant_is_produced_correctly"/>
    <testcase time="0.411999999999978" classname="table_vst01" name="VST01_default_variant_is_produced_correctly">
      <skipped message="Reason: On CRAN ('test-table_vst01.R:66:3')"/>
    </testcase>
  </testsuite>
  <testsuite name="table_vst02" timestamp="2023-06-28T08:29:53Z" hostname="ec43fcf39001" tests="4" skipped="2" failures="0" errors="0" time="1.167">
    <testcase time="0.448000000000008" classname="table_vst02" name="1._Vital_Sign_Abnormalities_Regardless_of_Abnormality_at_Baseline_VST02_1_"/>
    <testcase time="0.141999999999996" classname="table_vst02" name="1._Vital_Sign_Abnormalities_Regardless_of_Abnormality_at_Baseline_VST02_1_">
      <skipped message="Reason: On CRAN ('test-table_vst02.R:18:3')"/>
    </testcase>
    <testcase time="0.439000000000021" classname="table_vst02" name="2._Vital_Sign_Abnormalities_Among_Subject_Without_Abnormality_at_Baseline_VST02_2_"/>
    <testcase time="0.137999999999977" classname="table_vst02" name="2._Vital_Sign_Abnormalities_Among_Subject_Without_Abnormality_at_Baseline_VST02_2_">
      <skipped message="Reason: On CRAN ('test-table_vst02.R:33:3')"/>
    </testcase>
  </testsuite>
</testsuites>
