<?xml version="1.0" encoding="UTF-8"?>
<testsuites>
  <testsuite name="listing_adal02" timestamp="2024-01-10T22:15:51Z" hostname="cc8bb9a4dd79" tests="2" skipped="1" failures="0" errors="0" time="0.538">
    <testcase time="0.223000000000001" classname="listing_adal02" name="ADAL02_listing_is_produced_correctly"/>
    <testcase time="0.315" classname="listing_adal02" name="ADAL02_listing_is_produced_correctly">
      <skipped message="Reason: On CRAN ('test-listing_adal02.R:109:3')"/>
    </testcase>
  </testsuite>
  <testsuite name="listing_ael01" timestamp="2024-01-10T22:15:52Z" hostname="cc8bb9a4dd79" tests="2" skipped="1" failures="0" errors="0" time="0.389">
    <testcase time="0.141999999999999" classname="listing_ael01" name="AEL01_listing_is_produced_correctly"/>
    <testcase time="0.247" classname="listing_ael01" name="AEL01_listing_is_produced_correctly">
      <skipped message="Reason: On CRAN ('test-listing_ael01.R:20:3')"/>
    </testcase>
  </testsuite>
  <testsuite name="listing_ael01_nollt" timestamp="2024-01-10T22:15:52Z" hostname="cc8bb9a4dd79" tests="2" skipped="1" failures="0" errors="0" time="0.148">
    <testcase time="0.0970000000000013" classname="listing_ael01_nollt" name="AEL01_NOLLT_listing_is_produced_correctly"/>
    <testcase time="0.0510000000000002" classname="listing_ael01_nollt" name="AEL01_NOLLT_listing_is_produced_correctly">
      <skipped message="Reason: On CRAN ('test-listing_ael01_nollt.R:23:3')"/>
    </testcase>
  </testsuite>
  <testsuite name="listing_ael02" timestamp="2024-01-10T22:15:52Z" hostname="cc8bb9a4dd79" tests="1" skipped="1" failures="0" errors="0" time="0.536">
    <testcase time="0.536" classname="listing_ael02" name="AEL02_listing_is_produced_correctly">
      <skipped message="Reason: On CRAN ('test-listing_ael02.R:60:3')"/>
    </testcase>
  </testsuite>
  <testsuite name="listing_ael02_ed" timestamp="2024-01-10T22:15:52Z" hostname="cc8bb9a4dd79" tests="1" skipped="1" failures="0" errors="0" time="0.607">
    <testcase time="0.606999999999999" classname="listing_ael02_ed" name="AEL02_ED_listing_is_produced_correctly">
      <skipped message="Reason: On CRAN ('test-listing_ael02_ed.R:77:3')"/>
    </testcase>
  </testsuite>
  <testsuite name="listing_ael03" timestamp="2024-01-10T22:15:53Z" hostname="cc8bb9a4dd79" tests="1" skipped="1" failures="0" errors="0" time="0.526">
    <testcase time="0.526" classname="listing_ael03" name="AEL03_listing_is_produced_correctly">
      <skipped message="Reason: On CRAN ('test-listing_ael03.R:73:3')"/>
    </testcase>
  </testsuite>
  <testsuite name="listing_ael04" timestamp="2024-01-10T22:15:54Z" hostname="cc8bb9a4dd79" tests="2" skipped="1" failures="0" errors="0" time="0.391">
    <testcase time="0.0780000000000012" classname="listing_ael04" name="AEL04_listing_is_produced_correctly"/>
    <testcase time="0.312999999999999" classname="listing_ael04" name="AEL04_listing_is_produced_correctly">
      <skipped message="Reason: On CRAN ('test-listing_ael04.R:30:3')"/>
    </testcase>
  </testsuite>
  <testsuite name="listing_cml01" timestamp="2024-01-10T22:15:54Z" hostname="cc8bb9a4dd79" tests="2" skipped="1" failures="0" errors="0" time="0.561">
    <testcase time="0.112" classname="listing_cml01" name="CML01_listing_is_produced_correctly"/>
    <testcase time="0.449" classname="listing_cml01" name="CML01_listing_is_produced_correctly">
      <skipped message="Reason: On CRAN ('test-listing_cml01.R:41:3')"/>
    </testcase>
  </testsuite>
  <testsuite name="listing_cml02a_gl" timestamp="2024-01-10T22:15:55Z" hostname="cc8bb9a4dd79" tests="2" skipped="1" failures="0" errors="0" time="0.149">
    <testcase time="0.0790000000000006" classname="listing_cml02a_gl" name="CML02A_GL_listing_is_produced_correctly"/>
    <testcase time="0.0700000000000003" classname="listing_cml02a_gl" name="CML02A_GL_listing_is_produced_correctly">
      <skipped message="Reason: On CRAN ('test-listing_cml02a_gl.R:19:3')"/>
    </testcase>
  </testsuite>
  <testsuite name="listing_cml02b_gl" timestamp="2024-01-10T22:15:55Z" hostname="cc8bb9a4dd79" tests="2" skipped="1" failures="0" errors="0" time="0.167">
    <testcase time="0.0679999999999996" classname="listing_cml02b_gl" name="CML02B_GL_listing_is_produced_correctly"/>
    <testcase time="0.0990000000000002" classname="listing_cml02b_gl" name="CML02B_GL_listing_is_produced_correctly">
      <skipped message="Reason: On CRAN ('test-listing_cml02b_gl.R:22:3')"/>
    </testcase>
  </testsuite>
  <testsuite name="listing_dsl01" timestamp="2024-01-10T22:15:55Z" hostname="cc8bb9a4dd79" tests="2" skipped="1" failures="0" errors="0" time="0.327">
    <testcase time="0.0879999999999992" classname="listing_dsl01" name="DSL01_listing_is_produced_correctly"/>
    <testcase time="0.239000000000001" classname="listing_dsl01" name="DSL01_listing_is_produced_correctly">
      <skipped message="Reason: On CRAN ('test-listing_dsl01.R:31:3')"/>
    </testcase>
  </testsuite>
  <testsuite name="listing_dsl02" timestamp="2024-01-10T22:15:55Z" hostname="cc8bb9a4dd79" tests="2" skipped="1" failures="0" errors="0" time="0.145">
    <testcase time="0.0830000000000002" classname="listing_dsl02" name="DSL02_listing_is_produced_correctly"/>
    <testcase time="0.0619999999999994" classname="listing_dsl02" name="DSL02_listing_is_produced_correctly">
      <skipped message="Reason: On CRAN ('test-listing_dsl02.R:37:3')"/>
    </testcase>
  </testsuite>
  <testsuite name="listing_dsur4" timestamp="2024-01-10T22:15:55Z" hostname="cc8bb9a4dd79" tests="2" skipped="1" failures="0" errors="0" time="0.215">
    <testcase time="0.0620000000000012" classname="listing_dsur4" name="DSUR4_listing_is_produced_correctly"/>
    <testcase time="0.152999999999999" classname="listing_dsur4" name="DSUR4_listing_is_produced_correctly">
      <skipped message="Reason: On CRAN ('test-listing_dsur4.R:22:3')"/>
    </testcase>
  </testsuite>
  <testsuite name="listing_egl01" timestamp="2024-01-10T22:15:56Z" hostname="cc8bb9a4dd79" tests="1" skipped="1" failures="0" errors="0" time="0.623">
    <testcase time="0.623000000000001" classname="listing_egl01" name="EGL01_listing_is_produced_correctly">
      <skipped message="Reason: On CRAN ('test-listing_egl01.R:61:3')"/>
    </testcase>
  </testsuite>
  <testsuite name="listing_exl01" timestamp="2024-01-10T22:15:56Z" hostname="cc8bb9a4dd79" tests="1" skipped="1" failures="0" errors="0" time="0.407">
    <testcase time="0.407" classname="listing_exl01" name="EXL01_listing_is_produced_correctly">
      <skipped message="Reason: On CRAN ('test-listing_exl01.R:29:3')"/>
    </testcase>
  </testsuite>
  <testsuite name="listing_lbl01" timestamp="2024-01-10T22:15:57Z" hostname="cc8bb9a4dd79" tests="1" skipped="1" failures="0" errors="0" time="2.109">
    <testcase time="2.109" classname="listing_lbl01" name="LBL01_listing_is_produced_correctly">
      <skipped message="Reason: On CRAN ('test-listing_lbl01.R:52:3')"/>
    </testcase>
  </testsuite>
  <testsuite name="listing_lbl01_rls" timestamp="2024-01-10T22:15:59Z" hostname="cc8bb9a4dd79" tests="1" skipped="1" failures="0" errors="0" time="2.097">
    <testcase time="2.097" classname="listing_lbl01_rls" name="LBL01_RLS_listing_is_produced_correctly">
      <skipped message="Reason: On CRAN ('test-listing_lbl01_rls.R:58:3')"/>
    </testcase>
  </testsuite>
  <testsuite name="listing_lbl02a" timestamp="2024-01-10T22:16:01Z" hostname="cc8bb9a4dd79" tests="2" skipped="1" failures="0" errors="0" time="0.564">
    <testcase time="0.238" classname="listing_lbl02a" name="LBL02A_listing_is_produced_correctly"/>
    <testcase time="0.325999999999997" classname="listing_lbl02a" name="LBL02A_listing_is_produced_correctly">
      <skipped message="Reason: On CRAN ('test-listing_lbl02a.R:50:3')"/>
    </testcase>
  </testsuite>
  <testsuite name="listing_lbl02a_rls" timestamp="2024-01-10T22:16:01Z" hostname="cc8bb9a4dd79" tests="2" skipped="1" failures="0" errors="0" time="3.599">
    <testcase time="3.218" classname="listing_lbl02a_rls" name="LBL02A_RLS_listing_is_produced_correctly"/>
    <testcase time="0.380999999999997" classname="listing_lbl02a_rls" name="LBL02A_RLS_listing_is_produced_correctly">
      <skipped message="Reason: On CRAN ('test-listing_lbl02a_rls.R:79:3')"/>
    </testcase>
  </testsuite>
  <testsuite name="listing_lbl02b" timestamp="2024-01-10T22:16:05Z" hostname="cc8bb9a4dd79" tests="2" skipped="1" failures="0" errors="0" time="0.651">
    <testcase time="0.321000000000002" classname="listing_lbl02b" name="LBL02B_listing_is_produced_correctly"/>
    <testcase time="0.330000000000002" classname="listing_lbl02b" name="LBL02B_listing_is_produced_correctly">
      <skipped message="Reason: On CRAN ('test-listing_lbl02b.R:56:3')"/>
    </testcase>
  </testsuite>
  <testsuite name="listing_mhl01" timestamp="2024-01-10T22:16:06Z" hostname="cc8bb9a4dd79" tests="2" skipped="1" failures="0" errors="0" time="0.468">
    <testcase time="0.093" classname="listing_mhl01" name="MHL01_listing_is_produced_correctly"/>
    <testcase time="0.375" classname="listing_mhl01" name="MHL01_listing_is_produced_correctly">
      <skipped message="Reason: On CRAN ('test-listing_mhl01.R:33:3')"/>
    </testcase>
  </testsuite>
  <testsuite name="listing_oncl01" timestamp="2024-01-10T22:16:06Z" hostname="cc8bb9a4dd79" tests="1" skipped="1" failures="0" errors="0" time="0.451">
    <testcase time="0.450999999999997" classname="listing_oncl01" name="ONCL01_listing_is_produced_correctly">
      <skipped message="Reason: On CRAN ('test-listing_oncl01.R:61:3')"/>
    </testcase>
  </testsuite>
  <testsuite name="listing_pkcl01" timestamp="2024-01-10T22:16:07Z" hostname="cc8bb9a4dd79" tests="2" skipped="1" failures="0" errors="0" time="0.319">
    <testcase time="0.083000000000002" classname="listing_pkcl01" name="PKCL01_listing_is_produced_correctly"/>
    <testcase time="0.236000000000001" classname="listing_pkcl01" name="PKCL01_listing_is_produced_correctly">
      <skipped message="Reason: On CRAN ('test-listing_pkcl01.R:28:3')"/>
    </testcase>
  </testsuite>
  <testsuite name="listing_pkcl02" timestamp="2024-01-10T22:16:07Z" hostname="cc8bb9a4dd79" tests="2" skipped="1" failures="0" errors="0" time="0.547">
    <testcase time="0.125999999999998" classname="listing_pkcl02" name="PKCL02_listing_is_produced_correctly"/>
    <testcase time="0.420999999999999" classname="listing_pkcl02" name="PKCL02_listing_is_produced_correctly">
      <skipped message="Reason: On CRAN ('test-listing_pkcl02.R:63:3')"/>
    </testcase>
  </testsuite>
  <testsuite name="listing_pkpl01" timestamp="2024-01-10T22:16:07Z" hostname="cc8bb9a4dd79" tests="1" skipped="0" failures="0" errors="1" time="0.091">
    <testcase time="0.0910000000000011" classname="listing_pkpl01" name="PKPL01_listing_is_produced_correctly">
      <error type="error" message="&lt;dplyr:::mutate_error/rlang_error/error/condition&gt; ('test-listing_pkpl01.R:13:3')">&lt;dplyr:::mutate_error/rlang_error/error/condition&gt;
Error in `mutate(., TRT01A = TRT01A.x)`: i In argument: `TRT01A = TRT01A.x`.
Caused by error:
! object 'TRT01A.x' not found
Backtrace:
     x
  1. +-... %&gt;% ... at test-listing_pkpl01.R:13:3
  2. +-tidyr::pivot_wider(...)
  3. +-base::unique(.)
  4. +-dplyr::select(., TRT01A, USUBJID, AVISIT, PARAM, AVAL)
  5. +-dplyr::mutate(., TRT01A = TRT01A.x)
  6. +-dplyr:::mutate.data.frame(., TRT01A = TRT01A.x)
  7. | \-dplyr:::mutate_cols(.data, dplyr_quosures(...), by)
  8. |   +-base::withCallingHandlers(...)
  9. |   \-dplyr:::mutate_col(dots[[i]], data, mask, new_columns)
 10. |     \-mask$eval_all_mutate(quo)
 11. |       \-dplyr (local) eval()
 12. \-base::.handleSimpleError(...)
 13.   \-dplyr (local) h(simpleError(msg, call))
 14.     \-rlang::abort(message, class = error_class, parent = parent, call = error_call)</error>
    </testcase>
  </testsuite>
  <testsuite name="listing_pkpl02" timestamp="2024-01-10T22:16:08Z" hostname="cc8bb9a4dd79" tests="2" skipped="1" failures="0" errors="0" time="0.603">
    <testcase time="0.349" classname="listing_pkpl02" name="PKPL02_listing_is_produced_correctly"/>
    <testcase time="0.254000000000001" classname="listing_pkpl02" name="PKPL02_listing_is_produced_correctly">
      <skipped message="Reason: On CRAN ('test-listing_pkpl02.R:35:3')"/>
    </testcase>
  </testsuite>
  <testsuite name="listing_pkpl04" timestamp="2024-01-10T22:16:08Z" hostname="cc8bb9a4dd79" tests="2" skipped="1" failures="0" errors="0" time="0.383">
    <testcase time="0.123999999999999" classname="listing_pkpl04" name="PKPL04_listing_is_produced_correctly"/>
    <testcase time="0.259" classname="listing_pkpl04" name="PKPL04_listing_is_produced_correctly">
      <skipped message="Reason: On CRAN ('test-listing_pkpl04.R:50:3')"/>
    </testcase>
  </testsuite>
  <testsuite name="listing_vsl01" timestamp="2024-01-10T22:16:08Z" hostname="cc8bb9a4dd79" tests="1" skipped="1" failures="0" errors="0" time="0.818">
    <testcase time="0.818000000000001" classname="listing_vsl01" name="VSL01_listing_is_produced_correctly">
      <skipped message="Reason: On CRAN ('test-listing_vsl01.R:83:3')"/>
    </testcase>
  </testsuite>
  <testsuite name="pagination_listing" timestamp="2024-01-10T22:16:09Z" hostname="cc8bb9a4dd79" tests="6" skipped="0" failures="0" errors="0" time="3.695">
    <testcase time="0.0859999999999985" classname="pagination_listing" name="Direct_pagination_works_fine"/>
    <testcase time="0.859000000000002" classname="pagination_listing" name="Direct_pagination_works_fine"/>
    <testcase time="0.0069999999999979" classname="pagination_listing" name="Direct_pagination_works_fine"/>
    <testcase time="0.746000000000002" classname="pagination_listing" name="Direct_pagination_works_fine"/>
    <testcase time="1.994" classname="pagination_listing" name="Direct_pagination_works_fine"/>
    <testcase time="0.00300000000000011" classname="pagination_listing" name="Direct_pagination_works_fine"/>
  </testsuite>
  <testsuite name="pagination_table" timestamp="2024-01-10T22:16:16Z" hostname="cc8bb9a4dd79" tests="21" skipped="6" failures="0" errors="0" time="25.326">
    <testcase time="3.859" classname="pagination_table" name="Direct_pagination_with_standard_values"/>
    <testcase time="0.0110000000000028" classname="pagination_table" name="Direct_pagination_with_standard_values"/>
    <testcase time="0.00900000000000034" classname="pagination_table" name="Direct_pagination_with_standard_values"/>
    <testcase time="2.7" classname="pagination_table" name="Pagination_with_specific_column_widths_and_minimum_lines_per_page"/>
    <testcase time="0.00800000000000267" classname="pagination_table" name="Pagination_with_specific_column_widths_and_minimum_lines_per_page"/>
    <testcase time="0.180999999999997" classname="pagination_table" name="Pagination_with_specific_column_widths_and_minimum_lines_per_page">
      <skipped message="Reason: On CRAN ('test-pagination_table.R:76:3')"/>
    </testcase>
    <testcase time="2.135" classname="pagination_table" name="Pagination_works_also_if_table_is_decorated"/>
    <testcase time="1.209" classname="pagination_table" name="Pagination_works_also_if_table_is_decorated"/>
    <testcase time="1.756" classname="pagination_table" name="Pagination_works_also_if_table_is_decorated"/>
    <testcase time="1.421" classname="pagination_table" name="Pagination_works_also_if_table_is_decorated"/>
    <testcase time="2.96" classname="pagination_table" name="Pagination_works_also_if_table_is_decorated"/>
    <testcase time="0.637" classname="pagination_table" name="Pagination_works_also_if_table_is_decorated"/>
    <testcase time="0.00800000000000267" classname="pagination_table" name="Pagination_works_also_if_table_is_decorated"/>
    <testcase time="0.0149999999999935" classname="pagination_table" name="Pagination_works_also_if_table_is_decorated">
      <skipped message="Reason: On CRAN ('test-pagination_table.R:126:3')"/>
    </testcase>
    <testcase time="1.617" classname="pagination_table" name="Pagination_works_for_page_types">
      <skipped message="Reason: On CRAN ('test-pagination_table.R:135:3')"/>
    </testcase>
    <testcase time="1.551" classname="pagination_table" name="Pagination_works_for_page_width_and_height">
      <skipped message="Reason: On CRAN ('test-pagination_table.R:148:3')"/>
    </testcase>
    <testcase time="1.766" classname="pagination_table" name="Pagination_works_for_page_types">
      <skipped message="Reason: On CRAN ('test-pagination_table.R:162:3')"/>
    </testcase>
    <testcase time="1.875" classname="pagination_table" name="AET04_variant_2_page_by_pagination_tests"/>
    <testcase time="1.375" classname="pagination_table" name="AET04_variant_2_page_by_pagination_tests"/>
    <testcase time="0.00300000000000011" classname="pagination_table" name="AET04_variant_2_page_by_pagination_tests"/>
    <testcase time="0.229999999999997" classname="pagination_table" name="AET04_variant_2_page_by_pagination_tests">
      <skipped message="Reason: On CRAN ('test-pagination_table.R:217:3')"/>
    </testcase>
  </testsuite>
  <testsuite name="table_adat03" timestamp="2024-01-10T22:16:38Z" hostname="cc8bb9a4dd79" tests="2" skipped="1" failures="0" errors="0" time="1.137">
    <testcase time="0.951999999999998" classname="table_adat03" name="ADAT03_is_produced_correctly"/>
    <testcase time="0.185000000000002" classname="table_adat03" name="ADAT03_is_produced_correctly">
      <skipped message="Reason: On CRAN ('test-table_adat03.R:72:3')"/>
    </testcase>
  </testsuite>
  <testsuite name="table_aet01" timestamp="2024-01-10T22:16:40Z" hostname="cc8bb9a4dd79" tests="8" skipped="4" failures="0" errors="0" time="3.735">
    <testcase time="0.872" classname="table_aet01" name="Safety_Summary_Variant_1_works_as_expected"/>
    <testcase time="0.164999999999999" classname="table_aet01" name="Safety_Summary_Variant_1_works_as_expected">
      <skipped message="Reason: On CRAN ('test-table_aet01.R:105:3')"/>
    </testcase>
    <testcase time="0.698" classname="table_aet01" name="Safety_Summary_Variant_2_with_Medical_Concepts_Section_works_as_expected"/>
    <testcase time="0.197000000000003" classname="table_aet01" name="Safety_Summary_Variant_2_with_Medical_Concepts_Section_works_as_expected">
      <skipped message="Reason: On CRAN ('test-table_aet01.R:171:3')"/>
    </testcase>
    <testcase time="0.604999999999997" classname="table_aet01" name="Safety_Summary_Variant_3_with_Modified_Rows_works_as_expected"/>
    <testcase time="0.139000000000003" classname="table_aet01" name="Safety_Summary_Variant_3_with_Modified_Rows_works_as_expected">
      <skipped message="Reason: On CRAN ('test-table_aet01.R:232:3')"/>
    </testcase>
    <testcase time="0.832999999999998" classname="table_aet01" name="Safety_Summary_Variant_4_with_Rows_Counting_Events_and_Additional_Sections_works_as_expected"/>
    <testcase time="0.225999999999999" classname="table_aet01" name="Safety_Summary_Variant_4_with_Rows_Counting_Events_and_Additional_Sections_works_as_expected">
      <skipped message="Reason: On CRAN ('test-table_aet01.R:309:3')"/>
    </testcase>
  </testsuite>
  <testsuite name="table_aet01_aesi" timestamp="2024-01-10T22:16:43Z" hostname="cc8bb9a4dd79" tests="8" skipped="4" failures="0" errors="0" time="5.207">
    <testcase time="0.597999999999999" classname="table_aet01_aesi" name="AET01_AESI_Variant_1_works_as_expected"/>
    <testcase time="0.197000000000003" classname="table_aet01_aesi" name="AET01_AESI_Variant_1_works_as_expected">
      <skipped message="Reason: On CRAN ('test-table_aet01_aesi.R:115:3')"/>
    </testcase>
    <testcase time="0.983999999999995" classname="table_aet01_aesi" name="AET01_AESI_Variant_2_works_as_expected"/>
    <testcase time="0.260000000000005" classname="table_aet01_aesi" name="AET01_AESI_Variant_2_works_as_expected">
      <skipped message="Reason: On CRAN ('test-table_aet01_aesi.R:181:3')"/>
    </testcase>
    <testcase time="1.545" classname="table_aet01_aesi" name="AET01_AESI_Variant_3_works_as_expected"/>
    <testcase time="0.393000000000001" classname="table_aet01_aesi" name="AET01_AESI_Variant_3_works_as_expected">
      <skipped message="Reason: On CRAN ('test-table_aet01_aesi.R:414:3')"/>
    </testcase>
    <testcase time="0.920000000000002" classname="table_aet01_aesi" name="AET01_AESI_Variant_4_works_as_expected"/>
    <testcase time="0.309999999999988" classname="table_aet01_aesi" name="AET01_AESI_Variant_4_works_as_expected">
      <skipped message="Reason: On CRAN ('test-table_aet01_aesi.R:553:3')"/>
    </testcase>
  </testsuite>
  <testsuite name="table_aet02" timestamp="2024-01-10T22:16:49Z" hostname="cc8bb9a4dd79" tests="24" skipped="12" failures="0" errors="0" time="16.829">
    <testcase time="1.343" classname="table_aet02" name="AET02_variant_1_is_produced_correctly"/>
    <testcase time="0.340000000000003" classname="table_aet02" name="AET02_variant_1_is_produced_correctly">
      <skipped message="Reason: On CRAN ('test-table_aet02.R:66:3')"/>
    </testcase>
    <testcase time="1.596" classname="table_aet02" name="AET02_variant_2_is_produced_correctly"/>
    <testcase time="0.328999999999994" classname="table_aet02" name="AET02_variant_2_is_produced_correctly">
      <skipped message="Reason: On CRAN ('test-table_aet02.R:126:3')"/>
    </testcase>
    <testcase time="1.809" classname="table_aet02" name="AET02_variant_3_is_produced_correctly"/>
    <testcase time="0.570000000000007" classname="table_aet02" name="AET02_variant_3_is_produced_correctly">
      <skipped message="Reason: On CRAN ('test-table_aet02.R:192:3')"/>
    </testcase>
    <testcase time="0.271000000000001" classname="table_aet02" name="AET02_variant_4_is_produced_correctly"/>
    <testcase time="0.134999999999991" classname="table_aet02" name="AET02_variant_4_is_produced_correctly">
      <skipped message="Reason: On CRAN ('test-table_aet02.R:217:3')"/>
    </testcase>
    <testcase time="1.036" classname="table_aet02" name="AET02_variant_5_is_produced_correctly"/>
    <testcase time="0.341999999999999" classname="table_aet02" name="AET02_variant_5_is_produced_correctly">
      <skipped message="Reason: On CRAN ('test-table_aet02.R:264:3')"/>
    </testcase>
    <testcase time="0.962000000000003" classname="table_aet02" name="AET02_variant_6_is_produced_correctly"/>
    <testcase time="0.159000000000006" classname="table_aet02" name="AET02_variant_6_is_produced_correctly">
      <skipped message="Reason: On CRAN ('test-table_aet02.R:311:3')"/>
    </testcase>
    <testcase time="1.68899999999999" classname="table_aet02" name="AET02_variant_7_is_produced_correctly"/>
    <testcase time="0.248000000000005" classname="table_aet02" name="AET02_variant_7_is_produced_correctly">
      <skipped message="Reason: On CRAN ('test-table_aet02.R:374:3')"/>
    </testcase>
    <testcase time="0.99199999999999" classname="table_aet02" name="AET02_variant_8_is_produced_correctly"/>
    <testcase time="0.171000000000006" classname="table_aet02" name="AET02_variant_8_is_produced_correctly">
      <skipped message="Reason: On CRAN ('test-table_aet02.R:421:3')"/>
    </testcase>
    <testcase time="0.980000000000004" classname="table_aet02" name="AET02_variant_9_is_produced_correctly"/>
    <testcase time="0.173999999999992" classname="table_aet02" name="AET02_variant_9_is_produced_correctly">
      <skipped message="Reason: On CRAN ('test-table_aet02.R:468:3')"/>
    </testcase>
    <testcase time="0.942999999999998" classname="table_aet02" name="AET02_variant_10_is_produced_correctly"/>
    <testcase time="0.147000000000006" classname="table_aet02" name="AET02_variant_10_is_produced_correctly">
      <skipped message="Reason: On CRAN ('test-table_aet02.R:515:3')"/>
    </testcase>
    <testcase time="1.075" classname="table_aet02" name="AET02_variant_11_is_produced_correctly"/>
    <testcase time="0.161999999999992" classname="table_aet02" name="AET02_variant_11_is_produced_correctly">
      <skipped message="Reason: On CRAN ('test-table_aet02.R:562:3')"/>
    </testcase>
    <testcase time="1.238" classname="table_aet02" name="AET02_variant_12_is_produced_correctly"/>
    <testcase time="0.118000000000009" classname="table_aet02" name="AET02_variant_12_is_produced_correctly">
      <skipped message="Reason: On CRAN ('test-table_aet02.R:608:3')"/>
    </testcase>
  </testsuite>
  <testsuite name="table_aet02_smq" timestamp="2024-01-10T22:17:05Z" hostname="cc8bb9a4dd79" tests="4" skipped="2" failures="0" errors="0" time="0.835">
    <testcase time="0.251999999999995" classname="table_aet02_smq" name="AET02SMQ_variant_1_is_produced_correctly"/>
    <testcase time="0.0900000000000034" classname="table_aet02_smq" name="AET02SMQ_variant_1_is_produced_correctly">
      <skipped message="Reason: On CRAN ('test-table_aet02_smq.R:52:3')"/>
    </testcase>
    <testcase time="0.36999999999999" classname="table_aet02_smq" name="AET02SMQ_variant_2_is_produced_correctly"/>
    <testcase time="0.123000000000005" classname="table_aet02_smq" name="AET02SMQ_variant_2_is_produced_correctly">
      <skipped message="Reason: On CRAN ('test-table_aet02_smq.R:91:3')"/>
    </testcase>
  </testsuite>
  <testsuite name="table_aet03" timestamp="2024-01-10T22:17:06Z" hostname="cc8bb9a4dd79" tests="2" skipped="1" failures="0" errors="0" time="2.828">
    <testcase time="2.232" classname="table_aet03" name="AET03_variant_1_is_produced_correctly"/>
    <testcase time="0.596000000000004" classname="table_aet03" name="AET03_variant_1_is_produced_correctly">
      <skipped message="Reason: On CRAN ('test-table_aet03.R:77:3')"/>
    </testcase>
  </testsuite>
  <testsuite name="table_aet04" timestamp="2024-01-10T22:17:12Z" hostname="cc8bb9a4dd79" tests="16" skipped="8" failures="0" errors="0" time="22.319">
    <testcase time="3.286" classname="table_aet04" name="AET04_variant_1_is_produced_correctly"/>
    <testcase time="0.685000000000002" classname="table_aet04" name="AET04_variant_1_is_produced_correctly">
      <skipped message="Reason: On CRAN ('test-table_aet04.R:106:3')"/>
    </testcase>
    <testcase time="2.91999999999999" classname="table_aet04" name="AET04_variant_2_is_produced_correctly_Fill_in_of_Treatment_Groups_"/>
    <testcase time="0.669000000000011" classname="table_aet04" name="AET04_variant_2_is_produced_correctly_Fill_in_of_Treatment_Groups_">
      <skipped message="Reason: On CRAN ('test-table_aet04.R:188:3')"/>
    </testcase>
    <testcase time="3.285" classname="table_aet04" name="AET04_variant_3_is_produced_correctly_Fill_in_of_Grades_"/>
    <testcase time="1.34699999999999" classname="table_aet04" name="AET04_variant_3_is_produced_correctly_Fill_in_of_Grades_">
      <skipped message="Reason: On CRAN ('test-table_aet04.R:267:3')"/>
    </testcase>
    <testcase time="3.197" classname="table_aet04" name="AET04_variant_4_is_produced_correctly_Collapsing_of_Grades_grades_1_2_grades_3_4_5_"/>
    <testcase time="0.710000000000008" classname="table_aet04" name="AET04_variant_4_is_produced_correctly_Collapsing_of_Grades_grades_1_2_grades_3_4_5_">
      <skipped message="Reason: On CRAN ('test-table_aet04.R:352:3')"/>
    </testcase>
    <testcase time="3.264" classname="table_aet04" name="AET04_variant_6_is_produced_correctly_with_an_Incidence_Rate_of_at_Least_5_totals_restricted_"/>
    <testcase time="0.701999999999998" classname="table_aet04" name="AET04_variant_6_is_produced_correctly_with_an_Incidence_Rate_of_at_Least_5_totals_restricted_">
      <skipped message="Reason: On CRAN ('test-table_aet04.R:463:5')"/>
    </testcase>
    <testcase time="0.046999999999997" classname="table_aet04" name="AET04_variant_8_is_produced_correctly_with_an_Incidence_Rate_of_at_Least_X_Patients_"/>
    <testcase time="0.712000000000003" classname="table_aet04" name="AET04_variant_8_is_produced_correctly_with_an_Incidence_Rate_of_at_Least_X_Patients_">
      <skipped message="Reason: On CRAN ('test-table_aet04.R:484:3')"/>
    </testcase>
    <testcase time="0.0430000000000064" classname="table_aet04" name="AET04_variant_9_is_produced_correctly_with_a_Difference_in_Incidence_Rate_of_at_Least_X_"/>
    <testcase time="0.703999999999994" classname="table_aet04" name="AET04_variant_9_is_produced_correctly_with_a_Difference_in_Incidence_Rate_of_at_Least_X_">
      <skipped message="Reason: On CRAN ('test-table_aet04.R:500:3')"/>
    </testcase>
    <testcase time="0.0409999999999968" classname="table_aet04" name="AET04_variant_11_is_produced_correctly_with_Incidence_Rate_of_at_Least_X_all_SOCs_w_o_preferred_terms_removed_"/>
    <testcase time="0.707000000000008" classname="table_aet04" name="AET04_variant_11_is_produced_correctly_with_Incidence_Rate_of_at_Least_X_all_SOCs_w_o_preferred_terms_removed_">
      <skipped message="Reason: On CRAN ('test-table_aet04.R:522:5')"/>
    </testcase>
  </testsuite>
  <testsuite name="table_aet04_pi" timestamp="2024-01-10T22:17:31Z" hostname="cc8bb9a4dd79" tests="18" skipped="9" failures="0" errors="0" time="14.527">
    <testcase time="1.32199999999999" classname="table_aet04_pi" name="AET04_PI_full_table_is_produced_correctly"/>
    <testcase time="0.381" classname="table_aet04_pi" name="AET04_PI_full_table_is_produced_correctly">
      <skipped message="Reason: On CRAN ('test-table_aet04_pi.R:62:3')"/>
    </testcase>
    <testcase time="1.441" classname="table_aet04_pi" name="AET04_PI_variant_1_is_produced_correctly"/>
    <testcase time="0.259" classname="table_aet04_pi" name="AET04_PI_variant_1_is_produced_correctly">
      <skipped message="Reason: On CRAN ('test-table_aet04_pi.R:84:3')"/>
    </testcase>
    <testcase time="1.643" classname="table_aet04_pi" name="AET04_PI_variant_2_is_produced_correctly"/>
    <testcase time="0.150999999999996" classname="table_aet04_pi" name="AET04_PI_variant_2_is_produced_correctly">
      <skipped message="Reason: On CRAN ('test-table_aet04_pi.R:107:3')"/>
    </testcase>
    <testcase time="1.43900000000001" classname="table_aet04_pi" name="AET04_PI_variant_3_is_produced_correctly"/>
    <testcase time="0.174000000000007" classname="table_aet04_pi" name="AET04_PI_variant_3_is_produced_correctly">
      <skipped message="Reason: On CRAN ('test-table_aet04_pi.R:130:3')"/>
    </testcase>
    <testcase time="1.41499999999999" classname="table_aet04_pi" name="AET04_PI_variant_4_is_produced_correctly"/>
    <testcase time="0.114999999999995" classname="table_aet04_pi" name="AET04_PI_variant_4_is_produced_correctly">
      <skipped message="Reason: On CRAN ('test-table_aet04_pi.R:154:3')"/>
    </testcase>
    <testcase time="1.44200000000001" classname="table_aet04_pi" name="AET04_PI_variant_5_is_produced_correctly"/>
    <testcase time="0.203000000000003" classname="table_aet04_pi" name="AET04_PI_variant_5_is_produced_correctly">
      <skipped message="Reason: On CRAN ('test-table_aet04_pi.R:178:3')"/>
    </testcase>
    <testcase time="1.80499999999999" classname="table_aet04_pi" name="AET04_PI_variant_6_is_produced_correctly"/>
    <testcase time="0.201000000000008" classname="table_aet04_pi" name="AET04_PI_variant_6_is_produced_correctly">
      <skipped message="Reason: On CRAN ('test-table_aet04_pi.R:229:3')"/>
    </testcase>
    <testcase time="1.797" classname="table_aet04_pi" name="AET04_PI_variant_7_is_produced_correctly"/>
    <testcase time="0.188999999999993" classname="table_aet04_pi" name="AET04_PI_variant_7_is_produced_correctly">
      <skipped message="Reason: On CRAN ('test-table_aet04_pi.R:280:3')"/>
    </testcase>
    <testcase time="0.343000000000004" classname="table_aet04_pi" name="AET04_PI_variant_8_is_produced_correctly"/>
    <testcase time="0.207000000000008" classname="table_aet04_pi" name="AET04_PI_variant_8_is_produced_correctly">
      <skipped message="Reason: On CRAN ('test-table_aet04_pi.R:314:3')"/>
    </testcase>
  </testsuite>
  <testsuite name="table_aet05" timestamp="2024-01-10T22:17:46Z" hostname="cc8bb9a4dd79" tests="4" skipped="2" failures="0" errors="0" time="0.55">
    <testcase time="0.256" classname="table_aet05" name="AET05_variant_1_is_produced_correctly"/>
    <testcase time="0.0719999999999885" classname="table_aet05" name="AET05_variant_1_is_produced_correctly">
      <skipped message="Reason: On CRAN ('test-table_aet05.R:25:3')"/>
    </testcase>
    <testcase time="0.15100000000001" classname="table_aet05" name="AET05_variant_2_is_produced_correctly"/>
    <testcase time="0.070999999999998" classname="table_aet05" name="AET05_variant_2_is_produced_correctly">
      <skipped message="Reason: On CRAN ('test-table_aet05.R:40:3')"/>
    </testcase>
  </testsuite>
  <testsuite name="table_aet05_all" timestamp="2024-01-10T22:17:46Z" hostname="cc8bb9a4dd79" tests="4" skipped="2" failures="0" errors="0" time="0.467">
    <testcase time="0.209999999999994" classname="table_aet05_all" name="AET05_ALL_variant_1_is_produced_correctly"/>
    <testcase time="0.0790000000000077" classname="table_aet05_all" name="AET05_ALL_variant_1_is_produced_correctly">
      <skipped message="Reason: On CRAN ('test-table_aet05_all.R:32:3')"/>
    </testcase>
    <testcase time="0.111999999999995" classname="table_aet05_all" name="AET05_ALL_variant_2_is_produced_correctly"/>
    <testcase time="0.0660000000000025" classname="table_aet05_all" name="AET05_ALL_variant_2_is_produced_correctly">
      <skipped message="Reason: On CRAN ('test-table_aet05_all.R:47:3')"/>
    </testcase>
  </testsuite>
  <testsuite name="table_aet06" timestamp="2024-01-10T22:17:47Z" hostname="cc8bb9a4dd79" tests="6" skipped="3" failures="0" errors="0" time="8.373">
    <testcase time="1.518" classname="table_aet06" name="AET06_variant_1_is_produced_correctly"/>
    <testcase time="0.379000000000005" classname="table_aet06" name="AET06_variant_1_is_produced_correctly">
      <skipped message="Reason: On CRAN ('test-table_aet06.R:81:3')"/>
    </testcase>
    <testcase time="2.59099999999999" classname="table_aet06" name="AET06_variant_3_is_produced_correctly"/>
    <testcase time="0.582999999999998" classname="table_aet06" name="AET06_variant_3_is_produced_correctly">
      <skipped message="Reason: On CRAN ('test-table_aet06.R:133:3')"/>
    </testcase>
    <testcase time="2.636" classname="table_aet06" name="AET06_variant_5_is_produced_correctly"/>
    <testcase time="0.665999999999997" classname="table_aet06" name="AET06_variant_5_is_produced_correctly">
      <skipped message="Reason: On CRAN ('test-table_aet06.R:177:3')"/>
    </testcase>
  </testsuite>
  <testsuite name="table_aet06_smq" timestamp="2024-01-10T22:17:55Z" hostname="cc8bb9a4dd79" tests="4" skipped="2" failures="0" errors="0" time="2.576">
    <testcase time="1.00900000000001" classname="table_aet06_smq" name="AET06_SMQ_variant_1_is_produced_correctly"/>
    <testcase time="0.305000000000007" classname="table_aet06_smq" name="AET06_SMQ_variant_1_is_produced_correctly">
      <skipped message="Reason: On CRAN ('test-table_aet06_smq.R:73:3')"/>
    </testcase>
    <testcase time="0.961999999999989" classname="table_aet06_smq" name="AET06_SMQ_variant_2_is_produced_correctly"/>
    <testcase time="0.300000000000011" classname="table_aet06_smq" name="AET06_SMQ_variant_2_is_produced_correctly">
      <skipped message="Reason: On CRAN ('test-table_aet06_smq.R:160:3')"/>
    </testcase>
  </testsuite>
  <testsuite name="table_aet07" timestamp="2024-01-10T22:17:58Z" hostname="cc8bb9a4dd79" tests="4" skipped="2" failures="0" errors="0" time="0.482">
    <testcase time="0.175999999999988" classname="table_aet07" name="AET07_variant_1_is_produced_correctly"/>
    <testcase time="0.0680000000000121" classname="table_aet07" name="AET07_variant_1_is_produced_correctly">
      <skipped message="Reason: On CRAN ('test-table_aet07.R:49:3')"/>
    </testcase>
    <testcase time="0.173999999999978" classname="table_aet07" name="AET07_variant_2_is_produced_correctly"/>
    <testcase time="0.0640000000000214" classname="table_aet07" name="AET07_variant_2_is_produced_correctly">
      <skipped message="Reason: On CRAN ('test-table_aet07.R:78:3')"/>
    </testcase>
  </testsuite>
  <testsuite name="table_aet09" timestamp="2024-01-10T22:17:58Z" hostname="cc8bb9a4dd79" tests="4" skipped="2" failures="0" errors="0" time="2.407">
    <testcase time="0.794999999999987" classname="table_aet09" name="AET09_variant_1_is_produced_correctly_AE_related_to_study_drug"/>
    <testcase time="0.263000000000005" classname="table_aet09" name="AET09_variant_1_is_produced_correctly_AE_related_to_study_drug">
      <skipped message="Reason: On CRAN ('test-table_aet09.R:43:3')"/>
    </testcase>
    <testcase time="1.01599999999999" classname="table_aet09" name="AET09_variant_2_is_produced_correctly_AE_related_to_study_drug_including_high_level_terms_"/>
    <testcase time="0.332999999999998" classname="table_aet09" name="AET09_variant_2_is_produced_correctly_AE_related_to_study_drug_including_high_level_terms_">
      <skipped message="Reason: On CRAN ('test-table_aet09.R:100:3')"/>
    </testcase>
  </testsuite>
  <testsuite name="table_aet09_smq" timestamp="2024-01-10T22:18:01Z" hostname="cc8bb9a4dd79" tests="4" skipped="2" failures="0" errors="0" time="1.068">
    <testcase time="0.284999999999997" classname="table_aet09_smq" name="AET09_variant_1_AEs_related_to_study_drug_by_SMQ_is_produced_correctly"/>
    <testcase time="0.100999999999999" classname="table_aet09_smq" name="AET09_variant_1_AEs_related_to_study_drug_by_SMQ_is_produced_correctly">
      <skipped message="Reason: On CRAN ('test-table_aet09_smq.R:69:3')"/>
    </testcase>
    <testcase time="0.525000000000006" classname="table_aet09_smq" name="AET09_variant_2_AEs_related_to_study_drug_by_SMQ_with_customized_queries_is_produced_correctly"/>
    <testcase time="0.157000000000011" classname="table_aet09_smq" name="AET09_variant_2_AEs_related_to_study_drug_by_SMQ_with_customized_queries_is_produced_correctly">
      <skipped message="Reason: On CRAN ('test-table_aet09_smq.R:128:5')"/>
    </testcase>
  </testsuite>
  <testsuite name="table_aet10" timestamp="2024-01-10T22:18:02Z" hostname="cc8bb9a4dd79" tests="2" skipped="1" failures="0" errors="0" time="0.312">
    <testcase time="0.23399999999998" classname="table_aet10" name="AET10_default_variant_is_produced_correctly"/>
    <testcase time="0.078000000000003" classname="table_aet10" name="AET10_default_variant_is_produced_correctly">
      <skipped message="Reason: On CRAN ('test-table_aet10.R:23:3')"/>
    </testcase>
  </testsuite>
  <testsuite name="table_aovt01" timestamp="2024-01-10T22:18:02Z" hostname="cc8bb9a4dd79" tests="4" skipped="2" failures="0" errors="0" time="2.22">
    <testcase time="0.638000000000005" classname="table_aovt01" name="AOVT01_variant_with_single_endpoint_is_produced_correctly"/>
    <testcase time="0.12700000000001" classname="table_aovt01" name="AOVT01_variant_with_single_endpoint_is_produced_correctly">
      <skipped message="Reason: On CRAN ('test-table_aovt01.R:33:3')"/>
    </testcase>
    <testcase time="1.19999999999999" classname="table_aovt01" name="AOVT01_variant_with_multiple_endpoints_is_produced_correctly"/>
    <testcase time="0.254999999999995" classname="table_aovt01" name="AOVT01_variant_with_multiple_endpoints_is_produced_correctly">
      <skipped message="Reason: On CRAN ('test-table_aovt01.R:52:3')"/>
    </testcase>
  </testsuite>
  <testsuite name="table_aovt02" timestamp="2024-01-10T22:18:04Z" hostname="cc8bb9a4dd79" tests="2" skipped="1" failures="0" errors="0" time="0.753">
    <testcase time="0.640000000000015" classname="table_aovt02" name="AOVT02_is_produced_correctly"/>
    <testcase time="0.113" classname="table_aovt02" name="AOVT02_is_produced_correctly">
      <skipped message="Reason: On CRAN ('test-table_aovt02.R:42:3')"/>
    </testcase>
  </testsuite>
  <testsuite name="table_aovt03" timestamp="2024-01-10T22:18:05Z" hostname="cc8bb9a4dd79" tests="2" skipped="1" failures="0" errors="0" time="1.733">
    <testcase time="1.45699999999999" classname="table_aovt03" name="AOVT03_is_produced_correctly"/>
    <testcase time="0.27600000000001" classname="table_aovt03" name="AOVT03_is_produced_correctly">
      <skipped message="Reason: On CRAN ('test-table_aovt03.R:44:3')"/>
    </testcase>
  </testsuite>
  <testsuite name="table_cfbt01" timestamp="2024-01-10T22:18:07Z" hostname="cc8bb9a4dd79" tests="2" skipped="1" failures="0" errors="0" time="1.251">
    <testcase time="0.873999999999995" classname="table_cfbt01" name="CFBT01_default_variant_is_produced_correctly"/>
    <testcase time="0.376999999999981" classname="table_cfbt01" name="CFBT01_default_variant_is_produced_correctly">
      <skipped message="Reason: On CRAN ('test-table_cfbt01.R:64:3')"/>
    </testcase>
  </testsuite>
  <testsuite name="table_cmht01" timestamp="2024-01-10T22:18:08Z" hostname="cc8bb9a4dd79" tests="4" skipped="2" failures="0" errors="0" time="3.597">
    <testcase time="0.837000000000018" classname="table_cmht01" name="CMHT01_variant_1_is_produced_correctly"/>
    <testcase time="0.128999999999991" classname="table_cmht01" name="CMHT01_variant_1_is_produced_correctly">
      <skipped message="Reason: On CRAN ('test-table_cmht01.R:54:3')"/>
    </testcase>
    <testcase time="2.136" classname="table_cmht01" name="CMHT01_variant_2_is_produced_correctly"/>
    <testcase time="0.495000000000005" classname="table_cmht01" name="CMHT01_variant_2_is_produced_correctly">
      <skipped message="Reason: On CRAN ('test-table_cmht01.R:114:3')"/>
    </testcase>
  </testsuite>
  <testsuite name="table_cmt01" timestamp="2024-01-10T22:18:12Z" hostname="cc8bb9a4dd79" tests="8" skipped="4" failures="0" errors="0" time="2.953">
    <testcase time="0.588999999999999" classname="table_cmt01" name="CMT01_default_variant_Concomitant_medications_is_produced_correctly"/>
    <testcase time="0.186000000000007" classname="table_cmt01" name="CMT01_default_variant_Concomitant_medications_is_produced_correctly">
      <skipped message="Reason: On CRAN ('test-table_cmt01.R:36:3')"/>
    </testcase>
    <testcase time="0.447000000000003" classname="table_cmt01" name="CMT01_variant_1_prior_medications_is_produced_correctly"/>
    <testcase time="0.137" classname="table_cmt01" name="CMT01_variant_1_prior_medications_is_produced_correctly">
      <skipped message="Reason: On CRAN ('test-table_cmt01.R:71:3')"/>
    </testcase>
    <testcase time="0.561999999999983" classname="table_cmt01" name="CMT01_variant_3_Concomitant_medications_is_produced_correctly"/>
    <testcase time="0.183000000000021" classname="table_cmt01" name="CMT01_variant_3_Concomitant_medications_is_produced_correctly">
      <skipped message="Reason: On CRAN ('test-table_cmt01.R:104:3')"/>
    </testcase>
    <testcase time="0.568999999999988" classname="table_cmt01" name="CMT01_variant_4_Concomitant_medications_is_produced_correctly"/>
    <testcase time="0.280000000000001" classname="table_cmt01" name="CMT01_variant_4_Concomitant_medications_is_produced_correctly">
      <skipped message="Reason: On CRAN ('test-table_cmt01.R:135:3')"/>
    </testcase>
  </testsuite>
  <testsuite name="table_cmt01a" timestamp="2024-01-10T22:18:15Z" hostname="cc8bb9a4dd79" tests="8" skipped="4" failures="0" errors="0" time="6.041">
    <testcase time="1.30099999999999" classname="table_cmt01a" name="CMT01A_variant_1_is_produced_correctly"/>
    <testcase time="0.361000000000018" classname="table_cmt01a" name="CMT01A_variant_1_is_produced_correctly">
      <skipped message="Reason: On CRAN ('test-table_cmt01a.R:59:3')"/>
    </testcase>
    <testcase time="1.15299999999999" classname="table_cmt01a" name="CMT01A_variant_2_is_produced_correctly"/>
    <testcase time="0.331999999999994" classname="table_cmt01a" name="CMT01A_variant_2_is_produced_correctly">
      <skipped message="Reason: On CRAN ('test-table_cmt01a.R:105:3')"/>
    </testcase>
    <testcase time="1.173" classname="table_cmt01a" name="CMT01A_variant_3_is_produced_correctly"/>
    <testcase time="0.311000000000007" classname="table_cmt01a" name="CMT01A_variant_3_is_produced_correctly">
      <skipped message="Reason: On CRAN ('test-table_cmt01a.R:148:3')"/>
    </testcase>
    <testcase time="1.14500000000001" classname="table_cmt01a" name="CMT01A_variant_4_is_produced_correctly"/>
    <testcase time="0.264999999999986" classname="table_cmt01a" name="CMT01A_variant_4_is_produced_correctly">
      <skipped message="Reason: On CRAN ('test-table_cmt01a.R:193:3')"/>
    </testcase>
  </testsuite>
  <testsuite name="table_cmt01b" timestamp="2024-01-10T22:18:21Z" hostname="cc8bb9a4dd79" tests="6" skipped="3" failures="0" errors="0" time="6.911">
    <testcase time="1.90000000000001" classname="table_cmt01b" name="CMT01B_variant_1_is_produced_correctly"/>
    <testcase time="0.521999999999991" classname="table_cmt01b" name="CMT01B_variant_1_is_produced_correctly">
      <skipped message="Reason: On CRAN ('test-table_cmt01b.R:88:3')"/>
    </testcase>
    <testcase time="1.41200000000001" classname="table_cmt01b" name="CMT01B_variant_2_is_produced_correctly"/>
    <testcase time="0.413000000000011" classname="table_cmt01b" name="CMT01B_variant_2_is_produced_correctly">
      <skipped message="Reason: On CRAN ('test-table_cmt01b.R:146:3')"/>
    </testcase>
    <testcase time="2.07999999999998" classname="table_cmt01b" name="CMT01B_variant_4_is_produced_correctly"/>
    <testcase time="0.584000000000003" classname="table_cmt01b" name="CMT01B_variant_4_is_produced_correctly">
      <skipped message="Reason: On CRAN ('test-table_cmt01b.R:219:3')"/>
    </testcase>
  </testsuite>
  <testsuite name="table_cmt02_pt" timestamp="2024-01-10T22:18:28Z" hostname="cc8bb9a4dd79" tests="2" skipped="1" failures="0" errors="0" time="0.525">
    <testcase time="0.378000000000014" classname="table_cmt02_pt" name="CMT02_PT_default_variant_is_produced_correctly"/>
    <testcase time="0.146999999999991" classname="table_cmt02_pt" name="CMT02_PT_default_variant_is_produced_correctly">
      <skipped message="Reason: On CRAN ('test-table_cmt02_pt.R:42:3')"/>
    </testcase>
  </testsuite>
  <testsuite name="table_coxt01" timestamp="2024-01-10T22:18:28Z" hostname="cc8bb9a4dd79" tests="8" skipped="4" failures="0" errors="0" time="3.717">
    <testcase time="0.567999999999984" classname="table_coxt01" name="1._Cox_Regression"/>
    <testcase time="0.102000000000004" classname="table_coxt01" name="1._Cox_Regression">
      <skipped message="Reason: On CRAN ('test-table_coxt01.R:31:3')"/>
    </testcase>
    <testcase time="1.15000000000001" classname="table_coxt01" name="2._Cox_Regression_with_Interaction_Term_"/>
    <testcase time="0.13900000000001" classname="table_coxt01" name="2._Cox_Regression_with_Interaction_Term_">
      <skipped message="Reason: On CRAN ('test-table_coxt01.R:50:3')"/>
    </testcase>
    <testcase time="0.728999999999985" classname="table_coxt01" name="3._Cox_Regression_specifying_covariates_"/>
    <testcase time="0.150000000000006" classname="table_coxt01" name="3._Cox_Regression_specifying_covariates_">
      <skipped message="Reason: On CRAN ('test-table_coxt01.R:71:3')"/>
    </testcase>
    <testcase time="0.715000000000003" classname="table_coxt01" name="4._Cox_Regression_setting_strata_ties_and_alpha_level_"/>
    <testcase time="0.163999999999987" classname="table_coxt01" name="4._Cox_Regression_setting_strata_ties_and_alpha_level_">
      <skipped message="Reason: On CRAN ('test-table_coxt01.R:97:3')"/>
    </testcase>
  </testsuite>
  <testsuite name="table_coxt02" timestamp="2024-01-10T22:18:32Z" hostname="cc8bb9a4dd79" tests="4" skipped="2" failures="0" errors="0" time="1.225">
    <testcase time="0.541000000000025" classname="table_coxt02" name="COXT02_default_variant_1_is_produced_correctly"/>
    <testcase time="0.103999999999985" classname="table_coxt02" name="COXT02_default_variant_1_is_produced_correctly">
      <skipped message="Reason: On CRAN ('test-table_coxt02.R:30:3')"/>
    </testcase>
    <testcase time="0.495000000000005" classname="table_coxt02" name="COXT02_variant_5_is_produced_correctly"/>
    <testcase time="0.085000000000008" classname="table_coxt02" name="COXT02_variant_5_is_produced_correctly">
      <skipped message="Reason: On CRAN ('test-table_coxt02.R:48:3')"/>
    </testcase>
  </testsuite>
  <testsuite name="table_disclosures" timestamp="2024-01-10T22:18:33Z" hostname="cc8bb9a4dd79" tests="12" skipped="6" failures="0" errors="0" time="3.371">
    <testcase time="0.355999999999995" classname="table_disclosures" name="Patient_Disposition_table_is_produced_correctly"/>
    <testcase time="0.128999999999991" classname="table_disclosures" name="Patient_Disposition_table_is_produced_correctly">
      <skipped message="Reason: On CRAN ('test-table_disclosures.R:110:3')"/>
    </testcase>
    <testcase time="0.415999999999997" classname="table_disclosures" name="Demographic_table_is_produced_correctly"/>
    <testcase time="0.242999999999995" classname="table_disclosures" name="Demographic_table_is_produced_correctly">
      <skipped message="Reason: On CRAN ('test-table_disclosures.R:131:3')"/>
    </testcase>
    <testcase time="0.166000000000025" classname="table_disclosures" name="Enrollment_by_Country_Table_is_produced_correctly"/>
    <testcase time="0.139999999999986" classname="table_disclosures" name="Enrollment_by_Country_Table_is_produced_correctly">
      <skipped message="Reason: On CRAN ('test-table_disclosures.R:143:3')"/>
    </testcase>
    <testcase time="0.137" classname="table_disclosures" name="Death_table_is_produced_correctly"/>
    <testcase time="0.0550000000000068" classname="table_disclosures" name="Death_table_is_produced_correctly">
      <skipped message="Reason: On CRAN ('test-table_disclosures.R:161:3')"/>
    </testcase>
    <testcase time="0.631" classname="table_disclosures" name="Table_of_Serious_Adverse_Events_is_produced_correctly_for_one_specific_treatment_arm_"/>
    <testcase time="0.115999999999985" classname="table_disclosures" name="Table_of_Serious_Adverse_Events_is_produced_correctly_for_one_specific_treatment_arm_">
      <skipped message="Reason: On CRAN ('test-table_disclosures.R:189:3')"/>
    </testcase>
    <testcase time="0.787000000000006" classname="table_disclosures" name="Table_of_Non_Serious_Adverse_Events_is_produced_correctly"/>
    <testcase time="0.194999999999993" classname="table_disclosures" name="Table_of_Non_Serious_Adverse_Events_is_produced_correctly">
      <skipped message="Reason: On CRAN ('test-table_disclosures.R:211:3')"/>
    </testcase>
  </testsuite>
  <testsuite name="table_dmt01" timestamp="2024-01-10T22:18:40Z" hostname="cc8bb9a4dd79" tests="10" skipped="5" failures="0" errors="0" time="7.606">
    <testcase time="4.63200000000001" classname="table_dmt01" name="DMT01_variant_1_is_produced_correctly"/>
    <testcase time="0.320999999999998" classname="table_dmt01" name="DMT01_variant_1_is_produced_correctly">
      <skipped message="Reason: On CRAN ('test-table_dmt01.R:90:3')"/>
    </testcase>
    <testcase time="0.444000000000017" classname="table_dmt01" name="DMT01_variant_2_is_produced_correctly"/>
    <testcase time="0.272999999999996" classname="table_dmt01" name="DMT01_variant_2_is_produced_correctly">
      <skipped message="Reason: On CRAN ('test-table_dmt01.R:113:3')"/>
    </testcase>
    <testcase time="0.512" classname="table_dmt01" name="DMT01_variant_3_is_produced_correctly"/>
    <testcase time="0.274000000000001" classname="table_dmt01" name="DMT01_variant_3_is_produced_correctly">
      <skipped message="Reason: On CRAN ('test-table_dmt01.R:132:3')"/>
    </testcase>
    <testcase time="0.397999999999996" classname="table_dmt01" name="DMT01_variant_4_is_produced_correctly"/>
    <testcase time="0.222999999999985" classname="table_dmt01" name="DMT01_variant_4_is_produced_correctly">
      <skipped message="Reason: On CRAN ('test-table_dmt01.R:151:3')"/>
    </testcase>
    <testcase time="0.338000000000022" classname="table_dmt01" name="DMT01_variant_5_is_produced_correctly"/>
    <testcase time="0.191000000000003" classname="table_dmt01" name="DMT01_variant_5_is_produced_correctly">
      <skipped message="Reason: On CRAN ('test-table_dmt01.R:169:3')"/>
    </testcase>
  </testsuite>
  <testsuite name="table_dort01" timestamp="2024-01-10T22:18:44Z" hostname="cc8bb9a4dd79" tests="8" skipped="4" failures="0" errors="0" time="2.799">
    <testcase time="0.553999999999974" classname="table_dort01" name="DORT01_variant_1_is_produced_correctly"/>
    <testcase time="0.150000000000006" classname="table_dort01" name="DORT01_variant_1_is_produced_correctly">
      <skipped message="Reason: On CRAN ('test-table_dort01.R:78:3')"/>
    </testcase>
    <testcase time="0.580000000000013" classname="table_dort01" name="DORT01_variant_2_selecting_sectons_is_produced_correctly"/>
    <testcase time="0.150999999999982" classname="table_dort01" name="DORT01_variant_2_selecting_sectons_is_produced_correctly">
      <skipped message="Reason: On CRAN ('test-table_dort01.R:134:3')"/>
    </testcase>
    <testcase time="0.504999999999995" classname="table_dort01" name="DORT01_variant_3_modifying_conftype_and_alpha_level_is_produced_correctly"/>
    <testcase time="0.152000000000015" classname="table_dort01" name="DORT01_variant_3_modifying_conftype_and_alpha_level_is_produced_correctly">
      <skipped message="Reason: On CRAN ('test-table_dort01.R:190:3')"/>
    </testcase>
    <testcase time="0.552999999999997" classname="table_dort01" name="DORT01_variant_4_modifying_time_point_for_the_xx_duration_is_produced_correctly"/>
    <testcase time="0.153999999999996" classname="table_dort01" name="DORT01_variant_4_modifying_time_point_for_the_xx_duration_is_produced_correctly">
      <skipped message="Reason: On CRAN ('test-table_dort01.R:244:3')"/>
    </testcase>
  </testsuite>
  <testsuite name="table_dst01" timestamp="2024-01-10T22:18:47Z" hostname="cc8bb9a4dd79" tests="4" skipped="2" failures="0" errors="0" time="1.016">
    <testcase time="0.282000000000011" classname="table_dst01" name="DST01_default_variant_is_produced_correctly"/>
    <testcase time="0.139999999999986" classname="table_dst01" name="DST01_default_variant_is_produced_correctly">
      <skipped message="Reason: On CRAN ('test-table_dst01.R:44:3')"/>
    </testcase>
    <testcase time="0.444000000000017" classname="table_dst01" name="DST01_variants_2_and_3_are_produced_correctly"/>
    <testcase time="0.149999999999977" classname="table_dst01" name="DST01_variants_2_and_3_are_produced_correctly">
      <skipped message="Reason: On CRAN ('test-table_dst01.R:69:3')"/>
    </testcase>
  </testsuite>
  <testsuite name="table_dtht01" timestamp="2024-01-10T22:18:48Z" hostname="cc8bb9a4dd79" tests="8" skipped="4" failures="0" errors="0" time="2.152">
    <testcase time="0.223000000000013" classname="table_dtht01" name="DTHT01_variant_1_is_produced_correctly"/>
    <testcase time="0.0960000000000036" classname="table_dtht01" name="DTHT01_variant_1_is_produced_correctly">
      <skipped message="Reason: On CRAN ('test-table_dtht01.R:23:3')"/>
    </testcase>
    <testcase time="0.534999999999997" classname="table_dtht01" name="DTHT01_variant_2_is_produced_correctly"/>
    <testcase time="0.270999999999987" classname="table_dtht01" name="DTHT01_variant_2_is_produced_correctly">
      <skipped message="Reason: On CRAN ('test-table_dtht01.R:60:3')"/>
    </testcase>
    <testcase time="0.342000000000013" classname="table_dtht01" name="DTHT01_variant_3_is_produced_correctly"/>
    <testcase time="0.12299999999999" classname="table_dtht01" name="DTHT01_variant_3_is_produced_correctly">
      <skipped message="Reason: On CRAN ('test-table_dtht01.R:104:3')"/>
    </testcase>
    <testcase time="0.399000000000001" classname="table_dtht01" name="DTHT01_variant_4_is_produced_correctly"/>
    <testcase time="0.163000000000011" classname="table_dtht01" name="DTHT01_variant_4_is_produced_correctly">
      <skipped message="Reason: On CRAN ('test-table_dtht01.R:158:3')"/>
    </testcase>
  </testsuite>
  <testsuite name="table_egt01" timestamp="2024-01-10T22:18:50Z" hostname="cc8bb9a4dd79" tests="2" skipped="1" failures="0" errors="0" time="3.168">
    <testcase time="2.21699999999998" classname="table_egt01" name="EGT01_default_variant_is_produced_correctly"/>
    <testcase time="0.951000000000022" classname="table_egt01" name="EGT01_default_variant_is_produced_correctly">
      <skipped message="Reason: On CRAN ('test-table_egt01.R:54:3')"/>
    </testcase>
  </testsuite>
  <testsuite name="table_egt02" timestamp="2024-01-10T22:18:53Z" hostname="cc8bb9a4dd79" tests="4" skipped="2" failures="0" errors="0" time="1.048">
    <testcase time="0.548999999999978" classname="table_egt02" name="_EGT02_1._Regardless_of_Abnormality_at_Baseline"/>
    <testcase time="0.111000000000018" classname="table_egt02" name="_EGT02_1._Regardless_of_Abnormality_at_Baseline">
      <skipped message="Reason: On CRAN ('test-table_egt02.R:35:3')"/>
    </testcase>
    <testcase time="0.281000000000006" classname="table_egt02" name="_EGT02_2._Among_Subjects_Without_Abnormality_at_Baseline"/>
    <testcase time="0.106999999999999" classname="table_egt02" name="_EGT02_2._Among_Subjects_Without_Abnormality_at_Baseline">
      <skipped message="Reason: On CRAN ('test-table_egt02.R:55:3')"/>
    </testcase>
  </testsuite>
  <testsuite name="table_egt03" timestamp="2024-01-10T22:18:54Z" hostname="cc8bb9a4dd79" tests="8" skipped="4" failures="0" errors="0" time="2.504">
    <testcase time="0.467999999999989" classname="table_egt03" name="EGT03_variant_1_is_produced_correctly"/>
    <testcase time="0.194999999999993" classname="table_egt03" name="EGT03_variant_1_is_produced_correctly">
      <skipped message="Reason: On CRAN ('test-table_egt03.R:50:3')"/>
    </testcase>
    <testcase time="0.400000000000006" classname="table_egt03" name="EGT03_variant_2_is_produced_correctly"/>
    <testcase time="0.169999999999987" classname="table_egt03" name="EGT03_variant_2_is_produced_correctly">
      <skipped message="Reason: On CRAN ('test-table_egt03.R:91:3')"/>
    </testcase>
    <testcase time="0.451000000000022" classname="table_egt03" name="EGT03_variant_3_is_produced_correctly"/>
    <testcase time="0.176999999999992" classname="table_egt03" name="EGT03_variant_3_is_produced_correctly">
      <skipped message="Reason: On CRAN ('test-table_egt03.R:132:3')"/>
    </testcase>
    <testcase time="0.455000000000013" classname="table_egt03" name="EGT03_variant_4_is_produced_correctly"/>
    <testcase time="0.187999999999988" classname="table_egt03" name="EGT03_variant_4_is_produced_correctly">
      <skipped message="Reason: On CRAN ('test-table_egt03.R:179:3')"/>
    </testcase>
  </testsuite>
  <testsuite name="table_egt04" timestamp="2024-01-10T22:18:57Z" hostname="cc8bb9a4dd79" tests="2" skipped="1" failures="0" errors="0" time="0.487">
    <testcase time="0.359999999999985" classname="table_egt04" name="EGT04_default_variant_is_produced_correctly"/>
    <testcase time="0.12700000000001" classname="table_egt04" name="EGT04_default_variant_is_produced_correctly">
      <skipped message="Reason: On CRAN ('test-table_egt04.R:51:3')"/>
    </testcase>
  </testsuite>
  <testsuite name="table_egt05_qtcat" timestamp="2024-01-10T22:18:57Z" hostname="cc8bb9a4dd79" tests="2" skipped="1" failures="0" errors="0" time="1.701">
    <testcase time="1.16800000000001" classname="table_egt05_qtcat" name="EGT05_QTCAT_default_variant_is_produced_correctly"/>
    <testcase time="0.532999999999987" classname="table_egt05_qtcat" name="EGT05_QTCAT_default_variant_is_produced_correctly">
      <skipped message="Reason: On CRAN ('test-table_egt05_qtcat.R:83:3')"/>
    </testcase>
  </testsuite>
  <testsuite name="table_ent" timestamp="2024-01-10T22:18:59Z" hostname="cc8bb9a4dd79" tests="8" skipped="4" failures="0" errors="0" time="29.858">
    <testcase time="7.62" classname="table_ent" name="ENT01_IT_is_produced_correctly"/>
    <testcase time="1.12700000000001" classname="table_ent" name="ENT01_IT_is_produced_correctly">
      <skipped message="Reason: On CRAN ('test-table_ent.R:24:3')"/>
    </testcase>
    <testcase time="4.964" classname="table_ent" name="ENT01a_IT_is_produced_correctly"/>
    <testcase time="1.06299999999999" classname="table_ent" name="ENT01a_IT_is_produced_correctly">
      <skipped message="Reason: On CRAN ('test-table_ent.R:40:3')"/>
    </testcase>
    <testcase time="7.64100000000002" classname="table_ent" name="ENT02_IT_is_produced_correctly"/>
    <testcase time="1.184" classname="table_ent" name="ENT02_IT_is_produced_correctly">
      <skipped message="Reason: On CRAN ('test-table_ent.R:61:3')"/>
    </testcase>
    <testcase time="5.154" classname="table_ent" name="ENT02a_IT_is_produced_correctly"/>
    <testcase time="1.10499999999999" classname="table_ent" name="ENT02a_IT_is_produced_correctly">
      <skipped message="Reason: On CRAN ('test-table_ent.R:79:3')"/>
    </testcase>
  </testsuite>
  <testsuite name="table_eudrat01" timestamp="2024-01-10T22:19:29Z" hostname="cc8bb9a4dd79" tests="2" skipped="1" failures="0" errors="0" time="1.201">
    <testcase time="1.024" classname="table_eudrat01" name="EUDRAT01_is_produced_correctly"/>
    <testcase time="0.176999999999992" classname="table_eudrat01" name="EUDRAT01_is_produced_correctly">
      <skipped message="Reason: On CRAN ('test-table_eudrat01.R:77:3')"/>
    </testcase>
  </testsuite>
  <testsuite name="table_eudrat02" timestamp="2024-01-10T22:19:30Z" hostname="cc8bb9a4dd79" tests="2" skipped="1" failures="0" errors="0" time="0.916">
    <testcase time="0.792000000000002" classname="table_eudrat02" name="EUDRAT02_is_produced_correctly"/>
    <testcase time="0.124000000000024" classname="table_eudrat02" name="EUDRAT02_is_produced_correctly">
      <skipped message="Reason: On CRAN ('test-table_eudrat02.R:44:3')"/>
    </testcase>
  </testsuite>
  <testsuite name="table_ext01" timestamp="2024-01-10T22:19:31Z" hostname="cc8bb9a4dd79" tests="6" skipped="3" failures="0" errors="0" time="3.438">
    <testcase time="0.826999999999998" classname="table_ext01" name="EXT01_default_variant_with_numeric_parameters_is_produced_correctly"/>
    <testcase time="0.361999999999995" classname="table_ext01" name="EXT01_default_variant_with_numeric_parameters_is_produced_correctly">
      <skipped message="Reason: On CRAN ('test-table_ext01.R:71:3')"/>
    </testcase>
    <testcase time="0.59899999999999" classname="table_ext01" name="EXT01_variant_with_both_numeric_and_categorical_parameters"/>
    <testcase time="0.391999999999996" classname="table_ext01" name="EXT01_variant_with_both_numeric_and_categorical_parameters">
      <skipped message="Reason: On CRAN ('test-table_ext01.R:115:3')"/>
    </testcase>
    <testcase time="0.75800000000001" classname="table_ext01" name="EXT01_variant_with_user_specified_categories_for_missed_doses"/>
    <testcase time="0.5" classname="table_ext01" name="EXT01_variant_with_user_specified_categories_for_missed_doses">
      <skipped message="Reason: On CRAN ('test-table_ext01.R:164:3')"/>
    </testcase>
  </testsuite>
  <testsuite name="table_fstg01" timestamp="2024-01-10T22:19:34Z" hostname="cc8bb9a4dd79" tests="5" skipped="5" failures="0" errors="0" time="10.585">
    <testcase time="2.53800000000001" classname="table_fstg01" name="FSTG01_variant_1_is_produced_correctly">
      <skipped message="Reason: On CRAN ('test-table_fstg01.R:41:3')"/>
    </testcase>
    <testcase time="2.654" classname="table_fstg01" name="FSTG01_variant_2_is_produced_correctly">
      <skipped message="Reason: On CRAN ('test-table_fstg01.R:79:3')"/>
    </testcase>
    <testcase time="1.24099999999999" classname="table_fstg01" name="FSTG01_variant_3_is_produced_correctly">
      <skipped message="Reason: On CRAN ('test-table_fstg01.R:99:3')"/>
    </testcase>
    <testcase time="2.07599999999999" classname="table_fstg01" name="FSTG01_variant_4_is_produced_correctly">
      <skipped message="Reason: On CRAN ('test-table_fstg01.R:122:3')"/>
    </testcase>
    <testcase time="2.07600000000002" classname="table_fstg01" name="FSTG01_variant_5_is_produced_correctly">
      <skipped message="Reason: On CRAN ('test-table_fstg01.R:154:3')"/>
    </testcase>
  </testsuite>
  <testsuite name="table_fstg02" timestamp="2024-01-10T22:19:45Z" hostname="cc8bb9a4dd79" tests="8" skipped="4" failures="0" errors="0" time="3.931">
    <testcase time="0.995000000000005" classname="table_fstg02" name="FSTG02_table_variant_1_Subgroup_Analysis_of_Survival_Duration_is_produced_correctly"/>
    <testcase time="0.147999999999996" classname="table_fstg02" name="FSTG02_table_variant_1_Subgroup_Analysis_of_Survival_Duration_is_produced_correctly">
      <skipped message="Reason: On CRAN ('test-table_fstg02.R:43:3')"/>
    </testcase>
    <testcase time="0.925999999999988" classname="table_fstg02" name="FSTG02_table_variant_2_specifying_class_variables_and_options_for_the_treatment_variable_"/>
    <testcase time="0.150000000000006" classname="table_fstg02" name="FSTG02_table_variant_2_specifying_class_variables_and_options_for_the_treatment_variable_">
      <skipped message="Reason: On CRAN ('test-table_fstg02.R:79:3')"/>
    </testcase>
    <testcase time="0.489000000000004" classname="table_fstg02" name="FSTG02_table_variant_3_selecting_columns_and_changing_the_alpha_level_"/>
    <testcase time="0.12299999999999" classname="table_fstg02" name="FSTG02_table_variant_3_selecting_columns_and_changing_the_alpha_level_">
      <skipped message="Reason: On CRAN ('test-table_fstg02.R:103:3')"/>
    </testcase>
    <testcase time="0.932000000000016" classname="table_fstg02" name="FSTG02_table_variant_4_fixed_symbol_size_is_produced_correctly"/>
    <testcase time="0.167999999999978" classname="table_fstg02" name="FSTG02_table_variant_4_fixed_symbol_size_is_produced_correctly">
      <skipped message="Reason: On CRAN ('test-table_fstg02.R:132:3')"/>
    </testcase>
  </testsuite>
  <testsuite name="table_lbt01" timestamp="2024-01-10T22:19:51Z" hostname="cc8bb9a4dd79" tests="2" skipped="1" failures="0" errors="0" time="5.031">
    <testcase time="4.047" classname="table_lbt01" name="LBT01_default_variant_is_produced_correctly"/>
    <testcase time="0.984000000000009" classname="table_lbt01" name="LBT01_default_variant_is_produced_correctly">
      <skipped message="Reason: On CRAN ('test-table_lbt01.R:55:3')"/>
    </testcase>
  </testsuite>
  <testsuite name="table_lbt02" timestamp="2024-01-10T22:19:54Z" hostname="cc8bb9a4dd79" tests="2" skipped="1" failures="0" errors="0" time="2.871">
    <testcase time="1.90299999999999" classname="table_lbt02" name="LBT02_default_variant_is_produced_correctly"/>
    <testcase time="0.968000000000018" classname="table_lbt02" name="LBT02_default_variant_is_produced_correctly">
      <skipped message="Reason: On CRAN ('test-table_lbt02.R:18:3')"/>
    </testcase>
  </testsuite>
  <testsuite name="table_lbt03" timestamp="2024-01-10T22:19:57Z" hostname="cc8bb9a4dd79" tests="2" skipped="1" failures="0" errors="0" time="0.526">
    <testcase time="0.384999999999991" classname="table_lbt03" name="LBT03_default_variant_is_produced_correctly"/>
    <testcase time="0.140999999999991" classname="table_lbt03" name="LBT03_default_variant_is_produced_correctly">
      <skipped message="Reason: On CRAN ('test-table_lbt03.R:29:3')"/>
    </testcase>
  </testsuite>
  <testsuite name="table_lbt04" timestamp="2024-01-10T22:20:00Z" hostname="cc8bb9a4dd79" tests="2" skipped="1" failures="0" errors="0" time="5.898">
    <testcase time="5.06799999999998" classname="table_lbt04" name="LBT04_default_variant_is_produced_correctly"/>
    <testcase time="0.830000000000041" classname="table_lbt04" name="LBT04_default_variant_is_produced_correctly">
      <skipped message="Reason: On CRAN ('test-table_lbt04.R:34:3')"/>
    </testcase>
  </testsuite>
  <testsuite name="table_lbt05" timestamp="2024-01-10T22:20:06Z" hostname="cc8bb9a4dd79" tests="6" skipped="3" failures="0" errors="0" time="39.096">
    <testcase time="12.36" classname="table_lbt05" name="LBT05_variant_1_is_produced_correctly"/>
    <testcase time="2.25799999999998" classname="table_lbt05" name="LBT05_variant_1_is_produced_correctly">
      <skipped message="Reason: On CRAN ('test-table_lbt05.R:85:3')"/>
    </testcase>
    <testcase time="9.577" classname="table_lbt05" name="LBT05_variant_2_is_produced_correctly"/>
    <testcase time="3.29199999999997" classname="table_lbt05" name="LBT05_variant_2_is_produced_correctly">
      <skipped message="Reason: On CRAN ('test-table_lbt05.R:107:3')"/>
    </testcase>
    <testcase time="10.113" classname="table_lbt05" name="LBT05_variant_4_is_produced_correctly"/>
    <testcase time="1.49600000000004" classname="table_lbt05" name="LBT05_variant_4_is_produced_correctly">
      <skipped message="Reason: On CRAN ('test-table_lbt05.R:131:3')"/>
    </testcase>
  </testsuite>
  <testsuite name="table_lbt06" timestamp="2024-01-10T22:20:42Z" hostname="cc8bb9a4dd79" tests="50" skipped="1" failures="0" errors="0" time="3.58">
    <testcase time="0.201999999999998" classname="table_lbt06" name="LBT06_default_variant_is_produced_correctly"/>
    <testcase time="0.0489999999999782" classname="table_lbt06" name="LBT06_default_variant_is_produced_correctly"/>
    <testcase time="0.103999999999985" classname="table_lbt06" name="LBT06_default_variant_is_produced_correctly"/>
    <testcase time="0.049000000000035" classname="table_lbt06" name="LBT06_default_variant_is_produced_correctly"/>
    <testcase time="0.0570000000000164" classname="table_lbt06" name="LBT06_default_variant_is_produced_correctly"/>
    <testcase time="0.0509999999999877" classname="table_lbt06" name="LBT06_default_variant_is_produced_correctly"/>
    <testcase time="0.0749999999999886" classname="table_lbt06" name="LBT06_default_variant_is_produced_correctly"/>
    <testcase time="0.0489999999999782" classname="table_lbt06" name="LBT06_default_variant_is_produced_correctly"/>
    <testcase time="0.0570000000000164" classname="table_lbt06" name="LBT06_default_variant_is_produced_correctly"/>
    <testcase time="0.0489999999999782" classname="table_lbt06" name="LBT06_default_variant_is_produced_correctly"/>
    <testcase time="0.0590000000000259" classname="table_lbt06" name="LBT06_default_variant_is_produced_correctly"/>
    <testcase time="0.0500000000000114" classname="table_lbt06" name="LBT06_default_variant_is_produced_correctly"/>
    <testcase time="0.151999999999987" classname="table_lbt06" name="LBT06_default_variant_is_produced_correctly"/>
    <testcase time="0.0489999999999782" classname="table_lbt06" name="LBT06_default_variant_is_produced_correctly"/>
    <testcase time="0.0559999999999832" classname="table_lbt06" name="LBT06_default_variant_is_produced_correctly"/>
    <testcase time="0.0529999999999973" classname="table_lbt06" name="LBT06_default_variant_is_produced_correctly"/>
    <testcase time="0.0570000000000164" classname="table_lbt06" name="LBT06_default_variant_is_produced_correctly"/>
    <testcase time="0.0559999999999832" classname="table_lbt06" name="LBT06_default_variant_is_produced_correctly"/>
    <testcase time="0.0789999999999509" classname="table_lbt06" name="LBT06_default_variant_is_produced_correctly"/>
    <testcase time="0.0510000000000446" classname="table_lbt06" name="LBT06_default_variant_is_produced_correctly"/>
    <testcase time="0.0609999999999786" classname="table_lbt06" name="LBT06_default_variant_is_produced_correctly"/>
    <testcase time="0.0539999999999736" classname="table_lbt06" name="LBT06_default_variant_is_produced_correctly"/>
    <testcase time="0.0650000000000546" classname="table_lbt06" name="LBT06_default_variant_is_produced_correctly"/>
    <testcase time="0.0539999999999736" classname="table_lbt06" name="LBT06_default_variant_is_produced_correctly"/>
    <testcase time="0.110000000000014" classname="table_lbt06" name="LBT06_default_variant_is_produced_correctly"/>
    <testcase time="0.0509999999999877" classname="table_lbt06" name="LBT06_default_variant_is_produced_correctly"/>
    <testcase time="0.0609999999999786" classname="table_lbt06" name="LBT06_default_variant_is_produced_correctly"/>
    <testcase time="0.0510000000000446" classname="table_lbt06" name="LBT06_default_variant_is_produced_correctly"/>
    <testcase time="0.0589999999999691" classname="table_lbt06" name="LBT06_default_variant_is_produced_correctly"/>
    <testcase time="0.0520000000000209" classname="table_lbt06" name="LBT06_default_variant_is_produced_correctly"/>
    <testcase time="0.0779999999999745" classname="table_lbt06" name="LBT06_default_variant_is_produced_correctly"/>
    <testcase time="0.0480000000000018" classname="table_lbt06" name="LBT06_default_variant_is_produced_correctly"/>
    <testcase time="0.0590000000000259" classname="table_lbt06" name="LBT06_default_variant_is_produced_correctly"/>
    <testcase time="0.0609999999999786" classname="table_lbt06" name="LBT06_default_variant_is_produced_correctly"/>
    <testcase time="0.0570000000000164" classname="table_lbt06" name="LBT06_default_variant_is_produced_correctly"/>
    <testcase time="0.0519999999999641" classname="table_lbt06" name="LBT06_default_variant_is_produced_correctly"/>
    <testcase time="0.0910000000000082" classname="table_lbt06" name="LBT06_default_variant_is_produced_correctly"/>
    <testcase time="0.0699999999999932" classname="table_lbt06" name="LBT06_default_variant_is_produced_correctly"/>
    <testcase time="0.0600000000000023" classname="table_lbt06" name="LBT06_default_variant_is_produced_correctly"/>
    <testcase time="0.049000000000035" classname="table_lbt06" name="LBT06_default_variant_is_produced_correctly"/>
    <testcase time="0.0579999999999927" classname="table_lbt06" name="LBT06_default_variant_is_produced_correctly"/>
    <testcase time="0.0470000000000255" classname="table_lbt06" name="LBT06_default_variant_is_produced_correctly"/>
    <testcase time="0.0779999999999745" classname="table_lbt06" name="LBT06_default_variant_is_produced_correctly"/>
    <testcase time="0.049000000000035" classname="table_lbt06" name="LBT06_default_variant_is_produced_correctly"/>
    <testcase time="0.0649999999999977" classname="table_lbt06" name="LBT06_default_variant_is_produced_correctly"/>
    <testcase time="0.0499999999999545" classname="table_lbt06" name="LBT06_default_variant_is_produced_correctly"/>
    <testcase time="0.0600000000000023" classname="table_lbt06" name="LBT06_default_variant_is_produced_correctly"/>
    <testcase time="0.0540000000000305" classname="table_lbt06" name="LBT06_default_variant_is_produced_correctly"/>
    <testcase time="0.190999999999974" classname="table_lbt06" name="LBT06_default_variant_is_produced_correctly"/>
    <testcase time="0.281000000000006" classname="table_lbt06" name="LBT06_default_variant_is_produced_correctly">
      <skipped message="Reason: On CRAN ('test-table_lbt06.R:23:3')"/>
    </testcase>
  </testsuite>
  <testsuite name="table_lbt07" timestamp="2024-01-10T22:20:46Z" hostname="cc8bb9a4dd79" tests="2" skipped="1" failures="0" errors="0" time="1.496">
    <testcase time="1.22200000000004" classname="table_lbt07" name="LBT07_is_produced_correctly"/>
    <testcase time="0.274000000000001" classname="table_lbt07" name="LBT07_is_produced_correctly">
      <skipped message="Reason: On CRAN ('test-table_lbt07.R:83:3')"/>
    </testcase>
  </testsuite>
  <testsuite name="table_lbt08" timestamp="2024-01-10T22:20:47Z" hostname="cc8bb9a4dd79" tests="2" skipped="1" failures="0" errors="0" time="0.933">
    <testcase time="0.703999999999951" classname="table_lbt08" name="LBT08_produce_correctly"/>
    <testcase time="0.229000000000042" classname="table_lbt08" name="LBT08_produce_correctly">
      <skipped message="Reason: On CRAN ('test-table_lbt08.R:38:3')"/>
    </testcase>
  </testsuite>
  <testsuite name="table_lbt09" timestamp="2024-01-10T22:20:48Z" hostname="cc8bb9a4dd79" tests="4" skipped="2" failures="0" errors="0" time="3.487">
    <testcase time="1.57799999999997" classname="table_lbt09" name="LBT09_variant_1_works_as_expected"/>
    <testcase time="0.465000000000032" classname="table_lbt09" name="LBT09_variant_1_works_as_expected">
      <skipped message="Reason: On CRAN ('test-table_lbt09.R:107:3')"/>
    </testcase>
    <testcase time="1.07799999999997" classname="table_lbt09" name="LBT09_variant_2_works_as_expected"/>
    <testcase time="0.365999999999985" classname="table_lbt09" name="LBT09_variant_2_works_as_expected">
      <skipped message="Reason: On CRAN ('test-table_lbt09.R:138:3')"/>
    </testcase>
  </testsuite>
  <testsuite name="table_lbt10" timestamp="2024-01-10T22:20:52Z" hostname="cc8bb9a4dd79" tests="4" skipped="2" failures="0" errors="0" time="0.937">
    <testcase time="0.508000000000038" classname="table_lbt10" name="LBT10_variant_1_works_as_expected"/>
    <testcase time="0.0960000000000036" classname="table_lbt10" name="LBT10_variant_1_works_as_expected">
      <skipped message="Reason: On CRAN ('test-table_lbt10.R:45:3')"/>
    </testcase>
    <testcase time="0.238999999999976" classname="table_lbt10" name="LBT10_variant_2_works_as_expected"/>
    <testcase time="0.0939999999999941" classname="table_lbt10" name="LBT10_variant_2_works_as_expected">
      <skipped message="Reason: On CRAN ('test-table_lbt10.R:69:3')"/>
    </testcase>
  </testsuite>
  <testsuite name="table_lbt10_bl" timestamp="2024-01-10T22:20:53Z" hostname="cc8bb9a4dd79" tests="4" skipped="2" failures="0" errors="0" time="0.882">
    <testcase time="0.47399999999999" classname="table_lbt10_bl" name="LBT10_BL_variant_1_works_as_expected"/>
    <testcase time="0.107000000000028" classname="table_lbt10_bl" name="LBT10_BL_variant_1_works_as_expected">
      <skipped message="Reason: On CRAN ('test-table_lbt10_bl.R:45:3')"/>
    </testcase>
    <testcase time="0.229999999999961" classname="table_lbt10_bl" name="LBT10_BL_variant_2_works_as_expected"/>
    <testcase time="0.0710000000000264" classname="table_lbt10_bl" name="LBT10_BL_variant_2_works_as_expected">
      <skipped message="Reason: On CRAN ('test-table_lbt10_bl.R:69:3')"/>
    </testcase>
  </testsuite>
  <testsuite name="table_lbt11" timestamp="2024-01-10T22:20:54Z" hostname="cc8bb9a4dd79" tests="6" skipped="3" failures="0" errors="0" time="1.535">
    <testcase time="0.418000000000006" classname="table_lbt11" name="LBT11_variant_1_works_as_expected"/>
    <testcase time="0.137999999999977" classname="table_lbt11" name="LBT11_variant_1_works_as_expected">
      <skipped message="Reason: On CRAN ('test-table_lbt11.R:60:3')"/>
    </testcase>
    <testcase time="0.210000000000036" classname="table_lbt11" name="LBT11_variant_2_works_as_expected"/>
    <testcase time="0.128999999999962" classname="table_lbt11" name="LBT11_variant_2_works_as_expected">
      <skipped message="Reason: On CRAN ('test-table_lbt11.R:77:3')"/>
    </testcase>
    <testcase time="0.43100000000004" classname="table_lbt11" name="LBT11_variant_3_works_as_expected"/>
    <testcase time="0.209000000000003" classname="table_lbt11" name="LBT11_variant_3_works_as_expected">
      <skipped message="Reason: On CRAN ('test-table_lbt11.R:110:3')"/>
    </testcase>
  </testsuite>
  <testsuite name="table_lbt11_bl" timestamp="2024-01-10T22:20:55Z" hostname="cc8bb9a4dd79" tests="6" skipped="3" failures="0" errors="0" time="1.515">
    <testcase time="0.391999999999996" classname="table_lbt11_bl" name="LBT11_BL_variant_1_works_as_expected"/>
    <testcase time="0.144999999999982" classname="table_lbt11_bl" name="LBT11_BL_variant_1_works_as_expected">
      <skipped message="Reason: On CRAN ('test-table_lbt11_bl.R:60:3')"/>
    </testcase>
    <testcase time="0.22199999999998" classname="table_lbt11_bl" name="LBT11_BL_variant_2_works_as_expected"/>
    <testcase time="0.109000000000037" classname="table_lbt11_bl" name="LBT11_BL_variant_2_works_as_expected">
      <skipped message="Reason: On CRAN ('test-table_lbt11_bl.R:77:3')"/>
    </testcase>
    <testcase time="0.467999999999961" classname="table_lbt11_bl" name="LBT11_BL_variant_3_works_as_expected"/>
    <testcase time="0.17900000000003" classname="table_lbt11_bl" name="LBT11_BL_variant_3_works_as_expected">
      <skipped message="Reason: On CRAN ('test-table_lbt11_bl.R:110:3')"/>
    </testcase>
  </testsuite>
  <testsuite name="table_lbt12" timestamp="2024-01-10T22:20:57Z" hostname="cc8bb9a4dd79" tests="2" skipped="1" failures="0" errors="0" time="0.858">
    <testcase time="0.718000000000018" classname="table_lbt12" name="LBT12_works_as_expected"/>
    <testcase time="0.139999999999986" classname="table_lbt12" name="LBT12_works_as_expected">
      <skipped message="Reason: On CRAN ('test-table_lbt12.R:50:3')"/>
    </testcase>
  </testsuite>
  <testsuite name="table_lbt12_bl" timestamp="2024-01-10T22:20:57Z" hostname="cc8bb9a4dd79" tests="2" skipped="1" failures="0" errors="0" time="0.892">
    <testcase time="0.758999999999958" classname="table_lbt12_bl" name="LBT12_BL_works_as_expected"/>
    <testcase time="0.133000000000038" classname="table_lbt12_bl" name="LBT12_BL_works_as_expected">
      <skipped message="Reason: On CRAN ('test-table_lbt12_bl.R:50:3')"/>
    </testcase>
  </testsuite>
  <testsuite name="table_lbt13" timestamp="2024-01-10T22:20:58Z" hostname="cc8bb9a4dd79" tests="10" skipped="5" failures="0" errors="0" time="22.862">
    <testcase time="3.214" classname="table_lbt13" name="LBT13_variant_1_LOW_works_as_expected"/>
    <testcase time="0.942000000000007" classname="table_lbt13" name="LBT13_variant_1_LOW_works_as_expected">
      <skipped message="Reason: On CRAN ('test-table_lbt13.R:81:3')"/>
    </testcase>
    <testcase time="3.15600000000001" classname="table_lbt13" name="LBT13_variant_2_HIGH_works_as_expected"/>
    <testcase time="0.944999999999993" classname="table_lbt13" name="LBT13_variant_2_HIGH_works_as_expected">
      <skipped message="Reason: On CRAN ('test-table_lbt13.R:153:3')"/>
    </testcase>
    <testcase time="3.20300000000003" classname="table_lbt13" name="LBT13_variant_3_LOW_without_baseline_missing_works_as_expected"/>
    <testcase time="0.965999999999951" classname="table_lbt13" name="LBT13_variant_3_LOW_without_baseline_missing_works_as_expected">
      <skipped message="Reason: On CRAN ('test-table_lbt13.R:225:3')"/>
    </testcase>
    <testcase time="3.161" classname="table_lbt13" name="LBT13_variant_4_HIGH_with_missing_baseline_considered_as_grade_0_works_as_expected"/>
    <testcase time="1.01300000000003" classname="table_lbt13" name="LBT13_variant_4_HIGH_with_missing_baseline_considered_as_grade_0_works_as_expected">
      <skipped message="Reason: On CRAN ('test-table_lbt13.R:296:3')"/>
    </testcase>
    <testcase time="4.34300000000002" classname="table_lbt13" name="LBT14_variant_5_HIGH_with_filled_in_grades_works_as_expected"/>
    <testcase time="1.91899999999998" classname="table_lbt13" name="LBT14_variant_5_HIGH_with_filled_in_grades_works_as_expected">
      <skipped message="Reason: On CRAN ('test-table_lbt13.R:370:3')"/>
    </testcase>
  </testsuite>
  <testsuite name="table_lbt14" timestamp="2024-01-10T22:21:21Z" hostname="cc8bb9a4dd79" tests="10" skipped="5" failures="0" errors="0" time="16.838">
    <testcase time="2.89499999999998" classname="table_lbt14" name="LBT14_variant_1_HIGH_works_as_expected"/>
    <testcase time="0.536000000000001" classname="table_lbt14" name="LBT14_variant_1_HIGH_works_as_expected">
      <skipped message="Reason: On CRAN ('test-table_lbt14.R:60:3')"/>
    </testcase>
    <testcase time="2.83300000000003" classname="table_lbt14" name="LBT14_variant_2_LOW_works_as_expected"/>
    <testcase time="0.536000000000001" classname="table_lbt14" name="LBT14_variant_2_LOW_works_as_expected">
      <skipped message="Reason: On CRAN ('test-table_lbt14.R:113:3')"/>
    </testcase>
    <testcase time="2.459" classname="table_lbt14" name="LBT14_variant_3_LOW_without_baseline_missing_works_as_expected"/>
    <testcase time="0.544999999999959" classname="table_lbt14" name="LBT14_variant_3_LOW_without_baseline_missing_works_as_expected">
      <skipped message="Reason: On CRAN ('test-table_lbt14.R:166:3')"/>
    </testcase>
    <testcase time="2.60700000000003" classname="table_lbt14" name="LBT14_variant_4_LOW_and_force_1_missing_both_baseline_and_post_baseline_then_force_the_missing_baseline_as_0_as_expected"/>
    <testcase time="0.557000000000016" classname="table_lbt14" name="LBT14_variant_4_LOW_and_force_1_missing_both_baseline_and_post_baseline_then_force_the_missing_baseline_as_0_as_expected">
      <skipped message="Reason: On CRAN ('test-table_lbt14.R:218:3')"/>
    </testcase>
    <testcase time="2.70599999999996" classname="table_lbt14" name="LBT14_variant_5_HIGH_with_fillings_works_as_expected"/>
    <testcase time="1.16399999999999" classname="table_lbt14" name="LBT14_variant_5_HIGH_with_fillings_works_as_expected">
      <skipped message="Reason: On CRAN ('test-table_lbt14.R:270:3')"/>
    </testcase>
  </testsuite>
  <testsuite name="table_lbt15" timestamp="2024-01-10T22:21:38Z" hostname="cc8bb9a4dd79" tests="4" skipped="2" failures="0" errors="0" time="1.153">
    <testcase time="0.467000000000041" classname="table_lbt15" name="LBT15_variant_1_works_as_expected"/>
    <testcase time="0.141999999999996" classname="table_lbt15" name="LBT15_variant_1_works_as_expected">
      <skipped message="Reason: On CRAN ('test-table_lbt15.R:82:3')"/>
    </testcase>
    <testcase time="0.406000000000006" classname="table_lbt15" name="LBT15_variant_2_works_as_expected"/>
    <testcase time="0.138000000000034" classname="table_lbt15" name="LBT15_variant_2_works_as_expected">
      <skipped message="Reason: On CRAN ('test-table_lbt15.R:89:3')"/>
    </testcase>
  </testsuite>
  <testsuite name="table_lgrt02" timestamp="2024-01-10T22:21:39Z" hostname="cc8bb9a4dd79" tests="8" skipped="4" failures="0" errors="0" time="6.388">
    <testcase time="1.12599999999998" classname="table_lgrt02" name="LGRT02_without_interaction_term_is_produced_correctly"/>
    <testcase time="0.211999999999989" classname="table_lgrt02" name="LGRT02_without_interaction_term_is_produced_correctly">
      <skipped message="Reason: On CRAN ('test-table_lgrt02.R:52:3')"/>
    </testcase>
    <testcase time="1.416" classname="table_lgrt02" name="LGRT02_with_categorical_interaction_is_produced_correctly"/>
    <testcase time="0.257000000000005" classname="table_lgrt02" name="LGRT02_with_categorical_interaction_is_produced_correctly">
      <skipped message="Reason: On CRAN ('test-table_lgrt02.R:78:3')"/>
    </testcase>
    <testcase time="1.38100000000003" classname="table_lgrt02" name="LGRT02_with_continuous_interaction_is_produced_correctly"/>
    <testcase time="0.267999999999972" classname="table_lgrt02" name="LGRT02_with_continuous_interaction_is_produced_correctly">
      <skipped message="Reason: On CRAN ('test-table_lgrt02.R:104:3')"/>
    </testcase>
    <testcase time="1.50400000000002" classname="table_lgrt02" name="LGRT02_with_setting_values_indicating_an_event_and_custom_alpha_level_is_produced_correctly"/>
    <testcase time="0.22399999999999" classname="table_lgrt02" name="LGRT02_with_setting_values_indicating_an_event_and_custom_alpha_level_is_produced_correctly">
      <skipped message="Reason: On CRAN ('test-table_lgrt02.R:130:3')"/>
    </testcase>
  </testsuite>
  <testsuite name="table_mht01" timestamp="2024-01-10T22:21:46Z" hostname="cc8bb9a4dd79" tests="8" skipped="4" failures="0" errors="0" time="2.755">
    <testcase time="0.632999999999981" classname="table_mht01" name="MHT01_variant_1_is_produced_accurately"/>
    <testcase time="0.200999999999965" classname="table_mht01" name="MHT01_variant_1_is_produced_accurately">
      <skipped message="Reason: On CRAN ('test-table_mht01.R:49:3')"/>
    </testcase>
    <testcase time="0.194999999999993" classname="table_mht01" name="MHT01_variant_2_is_produced_accurately"/>
    <testcase time="0.108000000000004" classname="table_mht01" name="MHT01_variant_2_is_produced_accurately">
      <skipped message="Reason: On CRAN ('test-table_mht01.R:60:3')"/>
    </testcase>
    <testcase time="0.523000000000025" classname="table_mht01" name="MHT01_variant_3_is_produced_accurately"/>
    <testcase time="0.168999999999983" classname="table_mht01" name="MHT01_variant_3_is_produced_accurately">
      <skipped message="Reason: On CRAN ('test-table_mht01.R:92:3')"/>
    </testcase>
    <testcase time="0.677000000000021" classname="table_mht01" name="MHT01_variant_5_is_produced_accurately"/>
    <testcase time="0.248999999999967" classname="table_mht01" name="MHT01_variant_5_is_produced_accurately">
      <skipped message="Reason: On CRAN ('test-table_mht01.R:130:3')"/>
    </testcase>
  </testsuite>
  <testsuite name="table_onct05" timestamp="2024-01-10T22:21:48Z" hostname="cc8bb9a4dd79" tests="8" skipped="4" failures="0" errors="0" time="3.496">
    <testcase time="0.841000000000008" classname="table_onct05" name="ONCT05_variant_1_Objective_Response_Rate_by_Subgroup_is_produced_correctly"/>
    <testcase time="0.145000000000039" classname="table_onct05" name="ONCT05_variant_1_Objective_Response_Rate_by_Subgroup_is_produced_correctly">
      <skipped message="Reason: On CRAN ('test-table_onct05.R:33:3')"/>
    </testcase>
    <testcase time="0.870000000000005" classname="table_onct05" name="ONCT05_variant_2_Specifying_class_variables_is_produced_correctly"/>
    <testcase time="0.142999999999972" classname="table_onct05" name="ONCT05_variant_2_Specifying_class_variables_is_produced_correctly">
      <skipped message="Reason: On CRAN ('test-table_onct05.R:57:3')"/>
    </testcase>
    <testcase time="0.41500000000002" classname="table_onct05" name="ONCT05_variant_3_selecting_columns_and_changing_the_alpha_level_is_produced_correctly"/>
    <testcase time="0.101999999999975" classname="table_onct05" name="ONCT05_variant_3_selecting_columns_and_changing_the_alpha_level_is_produced_correctly">
      <skipped message="Reason: On CRAN ('test-table_onct05.R:75:3')"/>
    </testcase>
    <testcase time="0.82000000000005" classname="table_onct05" name="ONCT05_variant_4_setting_values_indicating_response_is_produced_correctly"/>
    <testcase time="0.159999999999968" classname="table_onct05" name="ONCT05_variant_4_setting_values_indicating_response_is_produced_correctly">
      <skipped message="Reason: On CRAN ('test-table_onct05.R:96:3')"/>
    </testcase>
  </testsuite>
  <testsuite name="table_pdt01" timestamp="2024-01-10T22:21:52Z" hostname="cc8bb9a4dd79" tests="2" skipped="1" failures="0" errors="0" time="0.753">
    <testcase time="0.518000000000029" classname="table_pdt01" name="PDT01_is_produced_correctly"/>
    <testcase time="0.234999999999957" classname="table_pdt01" name="PDT01_is_produced_correctly">
      <skipped message="Reason: On CRAN ('test-table_pdt01.R:40:3')"/>
    </testcase>
  </testsuite>
  <testsuite name="table_pdt02" timestamp="2024-01-10T22:21:53Z" hostname="cc8bb9a4dd79" tests="2" skipped="1" failures="0" errors="0" time="0.422">
    <testcase time="0.324000000000012" classname="table_pdt02" name="PDT02_is_produced_correctly"/>
    <testcase time="0.0980000000000132" classname="table_pdt02" name="PDT02_is_produced_correctly">
      <skipped message="Reason: On CRAN ('test-table_pdt02.R:43:3')"/>
    </testcase>
  </testsuite>
  <testsuite name="table_pkct01" timestamp="2024-01-10T22:21:53Z" hostname="cc8bb9a4dd79" tests="4" skipped="2" failures="0" errors="0" time="2.389">
    <testcase time="0.478000000000009" classname="table_pkct01" name="PKCT01_is_produced_correctly"/>
    <testcase time="0.115000000000009" classname="table_pkct01" name="PKCT01_is_produced_correctly">
      <skipped message="Reason: On CRAN ('test-table_pkct01.R:18:3')"/>
    </testcase>
    <testcase time="1.50299999999999" classname="table_pkct01" name="Specific_PKCT01_features_are_present"/>
    <testcase time="0.293000000000006" classname="table_pkct01" name="Specific_PKCT01_features_are_present">
      <skipped message="Reason: On CRAN ('test-table_pkct01.R:120:3')"/>
    </testcase>
  </testsuite>
  <testsuite name="table_pkpt02" timestamp="2024-01-10T22:21:55Z" hostname="cc8bb9a4dd79" tests="1" skipped="0" failures="0" errors="1" time="0.08">
    <testcase time="0.0799999999999841" classname="table_pkpt02" name="PKPT02_is_produced_correctly_for_Drug_X">
      <error type="error" message="Error in ``$&lt;-.data.frame`(`*tmp*`, &quot;TLG_ORDER&quot;, value = numeric(0))`: replacement has 0 rows, data has 2352 ('test-table_pkpt02.R:34:3')">Error in ``$&lt;-.data.frame`(`*tmp*`, "TLG_ORDER", value = numeric(0))`: replacement has 0 rows, data has 2352
Backtrace:
    x
 1. +-... %&gt;% ... at test-table_pkpt02.R:34:3
 2. +-dplyr::mutate(...)
 3. \-tern::h_pkparam_sort(.)
 4.   +-base::`$&lt;-`(`*tmp*`, "TLG_ORDER", value = `&lt;dbl&gt;`)
 5.   \-base::`$&lt;-.data.frame`(`*tmp*`, "TLG_ORDER", value = `&lt;dbl&gt;`)</error>
    </testcase>
  </testsuite>
  <testsuite name="table_pkpt03" timestamp="2024-01-10T22:21:56Z" hostname="cc8bb9a4dd79" tests="1" skipped="0" failures="0" errors="1" time="0.189">
    <testcase time="0.189000000000021" classname="table_pkpt03" name="PKPT03_Drug_X_is_produced_correctly">
      <error type="error" message="Error in ``$&lt;-.data.frame`(`*tmp*`, &quot;TLG_ORDER&quot;, value = numeric(0))`: replacement has 0 rows, data has 2352 ('test-table_pkpt03.R:58:3')">Error in ``$&lt;-.data.frame`(`*tmp*`, "TLG_ORDER", value = numeric(0))`: replacement has 0 rows, data has 2352
Backtrace:
    x
 1. +-... %&gt;% ... at test-table_pkpt03.R:58:3
 2. +-dplyr::mutate(...)
 3. \-tern::h_pkparam_sort(.)
 4.   +-base::`$&lt;-`(`*tmp*`, "TLG_ORDER", value = `&lt;dbl&gt;`)
 5.   \-base::`$&lt;-.data.frame`(`*tmp*`, "TLG_ORDER", value = `&lt;dbl&gt;`)</error>
    </testcase>
  </testsuite>
  <testsuite name="table_pkpt04" timestamp="2024-01-10T22:21:56Z" hostname="cc8bb9a4dd79" tests="4" skipped="2" failures="0" errors="0" time="1.157">
    <testcase time="0.48599999999999" classname="table_pkpt04" name="PKPT04_is_produced_correctly_for_Drug_X"/>
    <testcase time="0.204999999999984" classname="table_pkpt04" name="PKPT04_is_produced_correctly_for_Drug_X">
      <skipped message="Reason: On CRAN ('test-table_pkpt04.R:42:3')"/>
    </testcase>
    <testcase time="0.278999999999996" classname="table_pkpt04" name="PKPT04_is_produced_correctly_for_Drug_Y"/>
    <testcase time="0.187000000000012" classname="table_pkpt04" name="PKPT04_is_produced_correctly_for_Drug_Y">
      <skipped message="Reason: On CRAN ('test-table_pkpt04.R:55:3')"/>
    </testcase>
  </testsuite>
  <testsuite name="table_pkpt05" timestamp="2024-01-10T22:21:57Z" hostname="cc8bb9a4dd79" tests="4" skipped="2" failures="0" errors="0" time="2.075">
    <testcase time="1.16199999999998" classname="table_pkpt05" name="PKPT05_Drug_X_is_produced_correctly"/>
    <testcase time="0.211000000000013" classname="table_pkpt05" name="PKPT05_Drug_X_is_produced_correctly">
      <skipped message="Reason: On CRAN ('test-table_pkpt05.R:66:3')"/>
    </testcase>
    <testcase time="0.583000000000027" classname="table_pkpt05" name="PKPT05_Drug_Y_is_produced_correctly"/>
    <testcase time="0.118999999999971" classname="table_pkpt05" name="PKPT05_Drug_Y_is_produced_correctly">
      <skipped message="Reason: On CRAN ('test-table_pkpt05.R:81:3')"/>
    </testcase>
  </testsuite>
  <testsuite name="table_pkpt06" timestamp="2024-01-10T22:21:59Z" hostname="cc8bb9a4dd79" tests="4" skipped="2" failures="0" errors="0" time="0.475">
    <testcase time="0.186000000000035" classname="table_pkpt06" name="PKPT06_is_produced_correctly_for_Drug_X"/>
    <testcase time="0.0779999999999745" classname="table_pkpt06" name="PKPT06_is_produced_correctly_for_Drug_X">
      <skipped message="Reason: On CRAN ('test-table_pkpt06.R:48:3')"/>
    </testcase>
    <testcase time="0.12299999999999" classname="table_pkpt06" name="PKPT06_is_produced_correctly_for_Drug_Y"/>
    <testcase time="0.0880000000000223" classname="table_pkpt06" name="PKPT06_is_produced_correctly_for_Drug_Y">
      <skipped message="Reason: On CRAN ('test-table_pkpt06.R:61:3')"/>
    </testcase>
  </testsuite>
  <testsuite name="table_pkpt07" timestamp="2024-01-10T22:21:59Z" hostname="cc8bb9a4dd79" tests="4" skipped="2" failures="0" errors="0" time="0.829">
    <testcase time="0.408999999999992" classname="table_pkpt07" name="PKPT07_Drug_X_is_produced_correctly"/>
    <testcase time="0.105000000000018" classname="table_pkpt07" name="PKPT07_Drug_X_is_produced_correctly">
      <skipped message="Reason: On CRAN ('test-table_pkpt07.R:73:3')"/>
    </testcase>
    <testcase time="0.234999999999957" classname="table_pkpt07" name="PKPT07_Drug_Y_is_produced_correctly"/>
    <testcase time="0.0800000000000409" classname="table_pkpt07" name="PKPT07_Drug_Y_is_produced_correctly">
      <skipped message="Reason: On CRAN ('test-table_pkpt07.R:88:3')"/>
    </testcase>
  </testsuite>
  <testsuite name="table_ratet01" timestamp="2024-01-10T22:22:00Z" hostname="cc8bb9a4dd79" tests="2" skipped="1" failures="0" errors="0" time="0.996">
    <testcase time="0.823999999999955" classname="table_ratet01" name="RATET01_is_produced_correctly"/>
    <testcase time="0.172000000000025" classname="table_ratet01" name="RATET01_is_produced_correctly">
      <skipped message="Reason: On CRAN ('test-table_ratet01.R:52:3')"/>
    </testcase>
  </testsuite>
  <testsuite name="table_rmpt01" timestamp="2024-01-10T22:22:01Z" hostname="cc8bb9a4dd79" tests="2" skipped="1" failures="0" errors="0" time="0.354">
    <testcase time="0.288000000000011" classname="table_rmpt01" name="RMPT01_is_produced_correctly"/>
    <testcase time="0.0659999999999741" classname="table_rmpt01" name="RMPT01_is_produced_correctly">
      <skipped message="Reason: On CRAN ('test-table_rmpt01.R:58:3')"/>
    </testcase>
  </testsuite>
  <testsuite name="table_rmpt03" timestamp="2024-01-10T22:22:02Z" hostname="cc8bb9a4dd79" tests="4" skipped="2" failures="0" errors="0" time="0.88">
    <testcase time="0.38900000000001" classname="table_rmpt03" name="RMPT03_variant_1_is_produced_correctly"/>
    <testcase time="0.10899999999998" classname="table_rmpt03" name="RMPT03_variant_1_is_produced_correctly">
      <skipped message="Reason: On CRAN ('test-table_rmpt03.R:67:3')"/>
    </testcase>
    <testcase time="0.285000000000025" classname="table_rmpt03" name="RMPT03_variant_2_is_produced_correctly"/>
    <testcase time="0.09699999999998" classname="table_rmpt03" name="RMPT03_variant_2_is_produced_correctly">
      <skipped message="Reason: On CRAN ('test-table_rmpt03.R:91:3')"/>
    </testcase>
  </testsuite>
  <testsuite name="table_rmpt04" timestamp="2024-01-10T22:22:02Z" hostname="cc8bb9a4dd79" tests="2" skipped="1" failures="0" errors="0" time="0.345">
    <testcase time="0.283000000000015" classname="table_rmpt04" name="RMPT04_variant_1_is_produced_correctly"/>
    <testcase time="0.0620000000000118" classname="table_rmpt04" name="RMPT04_variant_1_is_produced_correctly">
      <skipped message="Reason: On CRAN ('test-table_rmpt04.R:50:3')"/>
    </testcase>
  </testsuite>
  <testsuite name="table_rmpt05" timestamp="2024-01-10T22:22:03Z" hostname="cc8bb9a4dd79" tests="2" skipped="1" failures="0" errors="0" time="0.393">
    <testcase time="0.298999999999978" classname="table_rmpt05" name="RMPT05_is_produced_correctly"/>
    <testcase time="0.0939999999999941" classname="table_rmpt05" name="RMPT05_is_produced_correctly">
      <skipped message="Reason: On CRAN ('test-table_rmpt05.R:49:3')"/>
    </testcase>
  </testsuite>
  <testsuite name="table_rmpt06" timestamp="2024-01-10T22:22:03Z" hostname="cc8bb9a4dd79" tests="8" skipped="4" failures="0" errors="0" time="2.932">
    <testcase time="0.644000000000005" classname="table_rmpt06" name="RMPT06_variant_1_is_produced_correctly"/>
    <testcase time="0.158000000000015" classname="table_rmpt06" name="RMPT06_variant_1_is_produced_correctly">
      <skipped message="Reason: On CRAN ('test-table_rmpt06.R:99:3')"/>
    </testcase>
    <testcase time="0.428999999999974" classname="table_rmpt06" name="RMPT06_variant_2_is_produced_correctly"/>
    <testcase time="0.119000000000028" classname="table_rmpt06" name="RMPT06_variant_2_is_produced_correctly">
      <skipped message="Reason: On CRAN ('test-table_rmpt06.R:148:3')"/>
    </testcase>
    <testcase time="0.615000000000009" classname="table_rmpt06" name="RMPT06_variant_3_is_produced_correctly"/>
    <testcase time="0.185000000000002" classname="table_rmpt06" name="RMPT06_variant_3_is_produced_correctly">
      <skipped message="Reason: On CRAN ('test-table_rmpt06.R:211:3')"/>
    </testcase>
    <testcase time="0.587999999999965" classname="table_rmpt06" name="RMPT06_variant_4_is_produced_correctly"/>
    <testcase time="0.194000000000017" classname="table_rmpt06" name="RMPT06_variant_4_is_produced_correctly">
      <skipped message="Reason: On CRAN ('test-table_rmpt06.R:277:3')"/>
    </testcase>
  </testsuite>
  <testsuite name="table_rspt01" timestamp="2024-01-10T22:22:06Z" hostname="cc8bb9a4dd79" tests="12" skipped="6" failures="0" errors="0" time="4.638">
    <testcase time="0.603999999999985" classname="table_rspt01" name="RSPT01_1._Best_Overall_Response"/>
    <testcase time="0.16700000000003" classname="table_rspt01" name="RSPT01_1._Best_Overall_Response">
      <skipped message="Reason: On CRAN ('test-table_rspt01.R:46:3')"/>
    </testcase>
    <testcase time="0.536000000000001" classname="table_rspt01" name="RSPT01_2._Best_Overall_Response_selecting_sections_to_display_"/>
    <testcase time="0.163000000000011" classname="table_rspt01" name="RSPT01_2._Best_Overall_Response_selecting_sections_to_display_">
      <skipped message="Reason: On CRAN ('test-table_rspt01.R:73:3')"/>
    </testcase>
    <testcase time="0.653999999999996" classname="table_rspt01" name="RSPT01_3._Best_Overall_Response_modifying_settings_"/>
    <testcase time="0.180000000000007" classname="table_rspt01" name="RSPT01_3._Best_Overall_Response_modifying_settings_">
      <skipped message="Reason: On CRAN ('test-table_rspt01.R:116:3')"/>
    </testcase>
    <testcase time="0.722999999999956" classname="table_rspt01" name="RSPT01_4._Best_Overall_Response_with_stratified_analysis_"/>
    <testcase time="0.200000000000045" classname="table_rspt01" name="RSPT01_4._Best_Overall_Response_with_stratified_analysis_">
      <skipped message="Reason: On CRAN ('test-table_rspt01.R:166:3')"/>
    </testcase>
    <testcase time="0.613999999999976" classname="table_rspt01" name="RSPT01_5._Best_Overall_Response_modifying_the_definition_of_overall_response_"/>
    <testcase time="0.201000000000022" classname="table_rspt01" name="RSPT01_5._Best_Overall_Response_modifying_the_definition_of_overall_response_">
      <skipped message="Reason: On CRAN ('test-table_rspt01.R:198:3')"/>
    </testcase>
    <testcase time="0.430999999999983" classname="table_rspt01" name="RSPT01_6._Best_Overall_Response_define_new_sections_to_display_"/>
    <testcase time="0.164999999999964" classname="table_rspt01" name="RSPT01_6._Best_Overall_Response_define_new_sections_to_display_">
      <skipped message="Reason: On CRAN ('test-table_rspt01.R:248:3')"/>
    </testcase>
  </testsuite>
  <testsuite name="table_ttet01" timestamp="2024-01-10T22:22:11Z" hostname="cc8bb9a4dd79" tests="14" skipped="7" failures="0" errors="0" time="6.352">
    <testcase time="0.789000000000044" classname="table_ttet01" name="TTET01_default_variant_is_produced_correctly"/>
    <testcase time="0.295999999999992" classname="table_ttet01" name="TTET01_default_variant_is_produced_correctly">
      <skipped message="Reason: On CRAN ('test-table_ttet01.R:79:3')"/>
    </testcase>
    <testcase time="0.769000000000005" classname="table_ttet01" name="TTET01_default_variant_with_Placebo_arm"/>
    <testcase time="0.300999999999988" classname="table_ttet01" name="TTET01_default_variant_with_Placebo_arm">
      <skipped message="Reason: On CRAN ('test-table_ttet01.R:140:3')"/>
    </testcase>
    <testcase time="0.401999999999987" classname="table_ttet01" name="TTET01_variant_2_selecting_sections_to_display"/>
    <testcase time="0.170999999999992" classname="table_ttet01" name="TTET01_variant_2_selecting_sections_to_display">
      <skipped message="Reason: On CRAN ('test-table_ttet01.R:185:3')"/>
    </testcase>
    <testcase time="0.607000000000028" classname="table_ttet01" name="TTET01_variant_3_modifying_analysis_details_like_conftype_ties_alpha_level"/>
    <testcase time="0.226999999999975" classname="table_ttet01" name="TTET01_variant_3_modifying_analysis_details_like_conftype_ties_alpha_level">
      <skipped message="Reason: On CRAN ('test-table_ttet01.R:251:3')"/>
    </testcase>
    <testcase time="0.694000000000017" classname="table_ttet01" name="TTET01_variant_4_with_stratified_analysis"/>
    <testcase time="0.27600000000001" classname="table_ttet01" name="TTET01_variant_4_with_stratified_analysis">
      <skipped message="Reason: On CRAN ('test-table_ttet01.R:312:3')"/>
    </testcase>
    <testcase time="0.593999999999994" classname="table_ttet01" name="TTET01_variant_5_modifying_time_point"/>
    <testcase time="0.216000000000008" classname="table_ttet01" name="TTET01_variant_5_modifying_time_point">
      <skipped message="Reason: On CRAN ('test-table_ttet01.R:367:3')"/>
    </testcase>
    <testcase time="0.750999999999976" classname="table_ttet01" name="TTET01_variant_6_requesting_more_than_one_p_value"/>
    <testcase time="0.259000000000015" classname="table_ttet01" name="TTET01_variant_6_requesting_more_than_one_p_value">
      <skipped message="Reason: On CRAN ('test-table_ttet01.R:440:3')"/>
    </testcase>
  </testsuite>
  <testsuite name="table_vst01" timestamp="2024-01-10T22:22:17Z" hostname="cc8bb9a4dd79" tests="2" skipped="1" failures="0" errors="0" time="1.997">
    <testcase time="1.44400000000002" classname="table_vst01" name="VST01_default_variant_is_produced_correctly"/>
    <testcase time="0.552999999999997" classname="table_vst01" name="VST01_default_variant_is_produced_correctly">
      <skipped message="Reason: On CRAN ('test-table_vst01.R:99:3')"/>
    </testcase>
  </testsuite>
  <testsuite name="table_vst02" timestamp="2024-01-10T22:22:19Z" hostname="cc8bb9a4dd79" tests="4" skipped="2" failures="0" errors="0" time="1.688">
    <testcase time="0.760999999999967" classname="table_vst02" name="1._Vital_Sign_Abnormalities_Regardless_of_Abnormality_at_Baseline_VST02_1_"/>
    <testcase time="0.18100000000004" classname="table_vst02" name="1._Vital_Sign_Abnormalities_Regardless_of_Abnormality_at_Baseline_VST02_1_">
      <skipped message="Reason: On CRAN ('test-table_vst02.R:33:3')"/>
    </testcase>
    <testcase time="0.564999999999998" classname="table_vst02" name="2._Vital_Sign_Abnormalities_Among_Subject_Without_Abnormality_at_Baseline_VST02_2_"/>
    <testcase time="0.180999999999983" classname="table_vst02" name="2._Vital_Sign_Abnormalities_Among_Subject_Without_Abnormality_at_Baseline_VST02_2_">
      <skipped message="Reason: On CRAN ('test-table_vst02.R:51:3')"/>
    </testcase>
  </testsuite>
</testsuites>
