<?xml version="1.0" encoding="UTF-8"?>
<testsuites>
  <testsuite name="listing_adal02" timestamp="2025-01-20T01:47:36Z" hostname="8fe2cdf26bce" tests="1" skipped="0" failures="0" errors="0" time="0.264">
    <testcase time="0.264000000000001" classname="listing_adal02" name="ADAL02_listing_is_produced_correctly"/>
  </testsuite>
  <testsuite name="listing_ael01" timestamp="2025-01-20T01:47:36Z" hostname="8fe2cdf26bce" tests="1" skipped="0" failures="0" errors="0" time="0.204">
    <testcase time="0.203999999999999" classname="listing_ael01" name="AEL01_listing_is_produced_correctly"/>
  </testsuite>
  <testsuite name="listing_ael01_nollt" timestamp="2025-01-20T01:47:36Z" hostname="8fe2cdf26bce" tests="1" skipped="0" failures="0" errors="0" time="0.081">
    <testcase time="0.0810000000000013" classname="listing_ael01_nollt" name="AEL01_NOLLT_listing_is_produced_correctly"/>
  </testsuite>
  <testsuite name="listing_ael02" timestamp="2025-01-20T01:47:36Z" hostname="8fe2cdf26bce" tests="1" skipped="0" failures="0" errors="0" time="0.297">
    <testcase time="0.296999999999999" classname="listing_ael02" name="AEL02_listing_is_produced_correctly"/>
  </testsuite>
  <testsuite name="listing_ael02_ed" timestamp="2025-01-20T01:47:37Z" hostname="8fe2cdf26bce" tests="1" skipped="0" failures="0" errors="0" time="0.341">
    <testcase time="0.341000000000001" classname="listing_ael02_ed" name="AEL02_ED_listing_is_produced_correctly"/>
  </testsuite>
  <testsuite name="listing_ael03" timestamp="2025-01-20T01:47:37Z" hostname="8fe2cdf26bce" tests="1" skipped="0" failures="0" errors="0" time="0.281">
    <testcase time="0.280999999999999" classname="listing_ael03" name="AEL03_listing_is_produced_correctly"/>
  </testsuite>
  <testsuite name="listing_ael04" timestamp="2025-01-20T01:47:37Z" hostname="8fe2cdf26bce" tests="1" skipped="0" failures="0" errors="0" time="0.209">
    <testcase time="0.209000000000001" classname="listing_ael04" name="AEL04_listing_is_produced_correctly"/>
  </testsuite>
  <testsuite name="listing_cml01" timestamp="2025-01-20T01:47:38Z" hostname="8fe2cdf26bce" tests="1" skipped="0" failures="0" errors="0" time="0.346">
    <testcase time="0.346" classname="listing_cml01" name="CML01_listing_is_produced_correctly"/>
  </testsuite>
  <testsuite name="listing_cml02a_gl" timestamp="2025-01-20T01:47:38Z" hostname="8fe2cdf26bce" tests="1" skipped="0" failures="0" errors="0" time="0.12">
    <testcase time="0.119999999999999" classname="listing_cml02a_gl" name="CML02A_GL_listing_is_produced_correctly"/>
  </testsuite>
  <testsuite name="listing_cml02b_gl" timestamp="2025-01-20T01:47:38Z" hostname="8fe2cdf26bce" tests="1" skipped="0" failures="0" errors="0" time="0.182">
    <testcase time="0.182" classname="listing_cml02b_gl" name="CML02B_GL_listing_is_produced_correctly"/>
  </testsuite>
  <testsuite name="listing_dsl01" timestamp="2025-01-20T01:47:38Z" hostname="8fe2cdf26bce" tests="1" skipped="0" failures="0" errors="0" time="0.2">
    <testcase time="0.199999999999999" classname="listing_dsl01" name="DSL01_listing_is_produced_correctly"/>
  </testsuite>
  <testsuite name="listing_dsl02" timestamp="2025-01-20T01:47:38Z" hostname="8fe2cdf26bce" tests="1" skipped="0" failures="0" errors="0" time="0.078">
    <testcase time="0.0779999999999994" classname="listing_dsl02" name="DSL02_listing_is_produced_correctly"/>
  </testsuite>
  <testsuite name="listing_dsur4" timestamp="2025-01-20T01:47:38Z" hostname="8fe2cdf26bce" tests="1" skipped="0" failures="0" errors="0" time="0.119">
    <testcase time="0.119000000000002" classname="listing_dsur4" name="DSUR4_listing_is_produced_correctly"/>
  </testsuite>
  <testsuite name="listing_egl01" timestamp="2025-01-20T01:47:39Z" hostname="8fe2cdf26bce" tests="1" skipped="0" failures="0" errors="0" time="0.425">
    <testcase time="0.424999999999999" classname="listing_egl01" name="EGL01_listing_is_produced_correctly"/>
  </testsuite>
  <testsuite name="listing_exl01" timestamp="2025-01-20T01:47:39Z" hostname="8fe2cdf26bce" tests="1" skipped="0" failures="0" errors="0" time="0.23">
    <testcase time="0.23" classname="listing_exl01" name="EXL01_listing_is_produced_correctly"/>
  </testsuite>
  <testsuite name="listing_lbl01" timestamp="2025-01-20T01:47:39Z" hostname="8fe2cdf26bce" tests="1" skipped="0" failures="0" errors="0" time="0.535">
    <testcase time="0.535" classname="listing_lbl01" name="LBL01_listing_is_produced_correctly"/>
  </testsuite>
  <testsuite name="listing_lbl01_rls" timestamp="2025-01-20T01:47:40Z" hostname="8fe2cdf26bce" tests="1" skipped="0" failures="0" errors="0" time="0.532">
    <testcase time="0.532" classname="listing_lbl01_rls" name="LBL01_RLS_listing_is_produced_correctly"/>
  </testsuite>
  <testsuite name="listing_lbl02a" timestamp="2025-01-20T01:47:40Z" hostname="8fe2cdf26bce" tests="1" skipped="0" failures="0" errors="0" time="0.264">
    <testcase time="0.263999999999999" classname="listing_lbl02a" name="LBL02A_listing_is_produced_correctly"/>
  </testsuite>
  <testsuite name="listing_lbl02a_rls" timestamp="2025-01-20T01:47:41Z" hostname="8fe2cdf26bce" tests="1" skipped="0" failures="0" errors="0" time="0.82">
    <testcase time="0.82" classname="listing_lbl02a_rls" name="LBL02A_RLS_listing_is_produced_correctly"/>
  </testsuite>
  <testsuite name="listing_lbl02b" timestamp="2025-01-20T01:47:41Z" hostname="8fe2cdf26bce" tests="1" skipped="0" failures="0" errors="0" time="0.305">
    <testcase time="0.305" classname="listing_lbl02b" name="LBL02B_listing_is_produced_correctly"/>
  </testsuite>
  <testsuite name="listing_mhl01" timestamp="2025-01-20T01:47:42Z" hostname="8fe2cdf26bce" tests="1" skipped="0" failures="0" errors="0" time="0.253">
    <testcase time="0.253" classname="listing_mhl01" name="MHL01_listing_is_produced_correctly"/>
  </testsuite>
  <testsuite name="listing_oncl01" timestamp="2025-01-20T01:47:42Z" hostname="8fe2cdf26bce" tests="1" skipped="0" failures="0" errors="0" time="0.25">
    <testcase time="0.25" classname="listing_oncl01" name="ONCL01_listing_is_produced_correctly"/>
  </testsuite>
  <testsuite name="listing_pkcl01" timestamp="2025-01-20T01:47:42Z" hostname="8fe2cdf26bce" tests="1" skipped="0" failures="0" errors="0" time="0.198">
    <testcase time="0.198" classname="listing_pkcl01" name="PKCL01_listing_is_produced_correctly"/>
  </testsuite>
  <testsuite name="listing_pkcl02" timestamp="2025-01-20T01:47:42Z" hostname="8fe2cdf26bce" tests="1" skipped="0" failures="0" errors="0" time="0.212">
    <testcase time="0.212" classname="listing_pkcl02" name="PKCL02_listing_is_produced_correctly"/>
  </testsuite>
  <testsuite name="listing_pkpl01" timestamp="2025-01-20T01:47:43Z" hostname="8fe2cdf26bce" tests="1" skipped="0" failures="0" errors="0" time="0.241">
    <testcase time="0.241" classname="listing_pkpl01" name="PKPL01_listing_is_produced_correctly"/>
  </testsuite>
  <testsuite name="listing_pkpl02" timestamp="2025-01-20T01:47:43Z" hostname="8fe2cdf26bce" tests="1" skipped="0" failures="0" errors="0" time="0.158">
    <testcase time="0.158000000000001" classname="listing_pkpl02" name="PKPL02_listing_is_produced_correctly"/>
  </testsuite>
  <testsuite name="listing_pkpl04" timestamp="2025-01-20T01:47:43Z" hostname="8fe2cdf26bce" tests="1" skipped="0" failures="0" errors="0" time="0.215">
    <testcase time="0.215" classname="listing_pkpl04" name="PKPL04_listing_is_produced_correctly"/>
  </testsuite>
  <testsuite name="listing_vsl01" timestamp="2025-01-20T01:47:43Z" hostname="8fe2cdf26bce" tests="1" skipped="0" failures="0" errors="0" time="0.439">
    <testcase time="0.439" classname="listing_vsl01" name="VSL01_listing_is_produced_correctly"/>
  </testsuite>
  <testsuite name="pagination_listing" timestamp="2025-01-20T01:47:44Z" hostname="8fe2cdf26bce" tests="13" skipped="0" failures="0" errors="0" time="5.953">
    <testcase time="0.0310000000000006" classname="pagination_listing" name="Direct_pagination_works_fine"/>
    <testcase time="0.977" classname="pagination_listing" name="Direct_pagination_works_fine"/>
    <testcase time="0.00300000000000011" classname="pagination_listing" name="Direct_pagination_works_fine"/>
    <testcase time="0.915999999999997" classname="pagination_listing" name="Direct_pagination_works_fine"/>
    <testcase time="1.277" classname="pagination_listing" name="Direct_pagination_works_fine"/>
    <testcase time="1.35" classname="pagination_listing" name="pagination_counts_the_right_number_of_lines_when_wrapping_on_keycols_is_present"/>
    <testcase time="0.00600000000000023" classname="pagination_listing" name="pagination_counts_the_right_number_of_lines_when_wrapping_on_keycols_is_present"/>
    <testcase time="0.00499999999999901" classname="pagination_listing" name="pagination_counts_the_right_number_of_lines_when_wrapping_on_keycols_is_present"/>
    <testcase time="0.00400000000000134" classname="pagination_listing" name="pagination_counts_the_right_number_of_lines_when_wrapping_on_keycols_is_present"/>
    <testcase time="1.371" classname="pagination_listing" name="pagination_counts_the_right_number_of_lines_when_wrapping_on_keycols_is_present"/>
    <testcase time="0.00600000000000023" classname="pagination_listing" name="pagination_counts_the_right_number_of_lines_when_wrapping_on_keycols_is_present"/>
    <testcase time="0.00400000000000134" classname="pagination_listing" name="pagination_counts_the_right_number_of_lines_when_wrapping_on_keycols_is_present"/>
    <testcase time="0.00300000000000011" classname="pagination_listing" name="pagination_counts_the_right_number_of_lines_when_wrapping_on_keycols_is_present"/>
  </testsuite>
  <testsuite name="pagination_table" timestamp="2025-01-20T01:47:51Z" hostname="8fe2cdf26bce" tests="30" skipped="0" failures="0" errors="0" time="14.652">
    <testcase time="1.871" classname="pagination_table" name="Direct_pagination_with_standard_values"/>
    <testcase time="0.00499999999999901" classname="pagination_table" name="Direct_pagination_with_standard_values"/>
    <testcase time="0.00300000000000011" classname="pagination_table" name="Direct_pagination_with_standard_values"/>
    <testcase time="1.474" classname="pagination_table" name="Pagination_with_specific_column_widths_and_minimum_lines_per_page"/>
    <testcase time="0.00300000000000011" classname="pagination_table" name="Pagination_with_specific_column_widths_and_minimum_lines_per_page"/>
    <testcase time="0.123999999999999" classname="pagination_table" name="Pagination_with_specific_column_widths_and_minimum_lines_per_page"/>
    <testcase time="0.945" classname="pagination_table" name="Pagination_works_also_if_table_is_decorated"/>
    <testcase time="0.531000000000002" classname="pagination_table" name="Pagination_works_also_if_table_is_decorated"/>
    <testcase time="0.817" classname="pagination_table" name="Pagination_works_also_if_table_is_decorated"/>
    <testcase time="0.660999999999998" classname="pagination_table" name="Pagination_works_also_if_table_is_decorated"/>
    <testcase time="1.383" classname="pagination_table" name="Pagination_works_also_if_table_is_decorated"/>
    <testcase time="0.324000000000002" classname="pagination_table" name="Pagination_works_also_if_table_is_decorated"/>
    <testcase time="0.00399999999999778" classname="pagination_table" name="Pagination_works_also_if_table_is_decorated"/>
    <testcase time="0.022000000000002" classname="pagination_table" name="Pagination_works_also_if_table_is_decorated"/>
    <testcase time="0.146000000000001" classname="pagination_table" name="Pagination_works_also_if_table_is_decorated"/>
    <testcase time="0.088000000000001" classname="pagination_table" name="Pagination_works_also_if_table_is_decorated"/>
    <testcase time="0.724" classname="pagination_table" name="Pagination_works_for_page_types"/>
    <testcase time="0.0869999999999997" classname="pagination_table" name="Pagination_works_for_page_types"/>
    <testcase time="0.713999999999999" classname="pagination_table" name="Pagination_works_for_page_types"/>
    <testcase time="0.0910000000000011" classname="pagination_table" name="Pagination_works_for_page_types"/>
    <testcase time="0.686" classname="pagination_table" name="Pagination_works_for_page_types"/>
    <testcase time="0.423999999999999" classname="pagination_table" name="Pagination_works_for_page_types"/>
    <testcase time="0.734000000000002" classname="pagination_table" name="Pagination_works_for_page_width_and_height"/>
    <testcase time="0.137999999999998" classname="pagination_table" name="Pagination_works_for_page_width_and_height"/>
    <testcase time="0.828000000000003" classname="pagination_table" name="Pagination_works_for_page_types"/>
    <testcase time="0.172999999999995" classname="pagination_table" name="Pagination_works_for_page_types"/>
    <testcase time="0.869000000000007" classname="pagination_table" name="AET04_variant_2_page_by_pagination_tests"/>
    <testcase time="0.628999999999998" classname="pagination_table" name="AET04_variant_2_page_by_pagination_tests"/>
    <testcase time="0.00199999999999534" classname="pagination_table" name="AET04_variant_2_page_by_pagination_tests"/>
    <testcase time="0.152000000000001" classname="pagination_table" name="AET04_variant_2_page_by_pagination_tests"/>
  </testsuite>
  <testsuite name="table_adat03" timestamp="2025-01-20T01:48:04Z" hostname="8fe2cdf26bce" tests="2" skipped="0" failures="0" errors="0" time="0.576">
    <testcase time="0.433" classname="table_adat03" name="ADAT03_is_produced_correctly"/>
    <testcase time="0.143000000000001" classname="table_adat03" name="ADAT03_is_produced_correctly"/>
  </testsuite>
  <testsuite name="table_aet01" timestamp="2025-01-20T01:48:05Z" hostname="8fe2cdf26bce" tests="8" skipped="0" failures="0" errors="0" time="1.816">
    <testcase time="0.369" classname="table_aet01" name="Safety_Summary_Variant_1_works_as_expected"/>
    <testcase time="0.120000000000005" classname="table_aet01" name="Safety_Summary_Variant_1_works_as_expected"/>
    <testcase time="0.332999999999998" classname="table_aet01" name="Safety_Summary_Variant_2_with_Medical_Concepts_Section_works_as_expected"/>
    <testcase time="0.134999999999998" classname="table_aet01" name="Safety_Summary_Variant_2_with_Medical_Concepts_Section_works_as_expected"/>
    <testcase time="0.255000000000003" classname="table_aet01" name="Safety_Summary_Variant_3_with_Modified_Rows_works_as_expected"/>
    <testcase time="0.106000000000002" classname="table_aet01" name="Safety_Summary_Variant_3_with_Modified_Rows_works_as_expected"/>
    <testcase time="0.374000000000002" classname="table_aet01" name="Safety_Summary_Variant_4_with_Rows_Counting_Events_and_Additional_Sections_works_as_expected"/>
    <testcase time="0.123999999999995" classname="table_aet01" name="Safety_Summary_Variant_4_with_Rows_Counting_Events_and_Additional_Sections_works_as_expected"/>
  </testsuite>
  <testsuite name="table_aet01_aesi" timestamp="2025-01-20T01:48:07Z" hostname="8fe2cdf26bce" tests="8" skipped="0" failures="0" errors="0" time="2.731">
    <testcase time="0.289000000000001" classname="table_aet01_aesi" name="AET01_AESI_Variant_1_works_as_expected"/>
    <testcase time="0.113999999999997" classname="table_aet01_aesi" name="AET01_AESI_Variant_1_works_as_expected"/>
    <testcase time="0.455000000000005" classname="table_aet01_aesi" name="AET01_AESI_Variant_2_works_as_expected"/>
    <testcase time="0.161000000000001" classname="table_aet01_aesi" name="AET01_AESI_Variant_2_works_as_expected"/>
    <testcase time="0.683" classname="table_aet01_aesi" name="AET01_AESI_Variant_3_works_as_expected"/>
    <testcase time="0.220999999999997" classname="table_aet01_aesi" name="AET01_AESI_Variant_3_works_as_expected"/>
    <testcase time="0.57" classname="table_aet01_aesi" name="AET01_AESI_Variant_4_works_as_expected"/>
    <testcase time="0.238" classname="table_aet01_aesi" name="AET01_AESI_Variant_4_works_as_expected"/>
  </testsuite>
  <testsuite name="table_aet02" timestamp="2025-01-20T01:48:09Z" hostname="8fe2cdf26bce" tests="26" skipped="0" failures="0" errors="0" time="8.42">
    <testcase time="0.569000000000003" classname="table_aet02" name="AET02_variant_1_is_produced_correctly"/>
    <testcase time="0.204999999999998" classname="table_aet02" name="AET02_variant_1_is_produced_correctly"/>
    <testcase time="0.457999999999998" classname="table_aet02" name="AET02_variant_1_is_produced_correctly"/>
    <testcase time="0.0920000000000059" classname="table_aet02" name="AET02_variant_1_is_produced_correctly"/>
    <testcase time="0.887" classname="table_aet02" name="AET02_variant_2_is_produced_correctly"/>
    <testcase time="0.178999999999995" classname="table_aet02" name="AET02_variant_2_is_produced_correctly"/>
    <testcase time="0.896000000000001" classname="table_aet02" name="AET02_variant_3_is_produced_correctly"/>
    <testcase time="0.298999999999999" classname="table_aet02" name="AET02_variant_3_is_produced_correctly"/>
    <testcase time="0.115000000000002" classname="table_aet02" name="AET02_variant_4_is_produced_correctly"/>
    <testcase time="0.103000000000002" classname="table_aet02" name="AET02_variant_4_is_produced_correctly"/>
    <testcase time="0.408000000000001" classname="table_aet02" name="AET02_variant_5_is_produced_correctly"/>
    <testcase time="0.161999999999999" classname="table_aet02" name="AET02_variant_5_is_produced_correctly"/>
    <testcase time="0.387" classname="table_aet02" name="AET02_variant_6_is_produced_correctly"/>
    <testcase time="0.100999999999999" classname="table_aet02" name="AET02_variant_6_is_produced_correctly"/>
    <testcase time="0.921999999999997" classname="table_aet02" name="AET02_variant_7_is_produced_correctly"/>
    <testcase time="0.146999999999998" classname="table_aet02" name="AET02_variant_7_is_produced_correctly"/>
    <testcase time="0.414000000000001" classname="table_aet02" name="AET02_variant_8_is_produced_correctly"/>
    <testcase time="0.0769999999999982" classname="table_aet02" name="AET02_variant_8_is_produced_correctly"/>
    <testcase time="0.412000000000006" classname="table_aet02" name="AET02_variant_9_is_produced_correctly"/>
    <testcase time="0.109999999999999" classname="table_aet02" name="AET02_variant_9_is_produced_correctly"/>
    <testcase time="0.393000000000001" classname="table_aet02" name="AET02_variant_10_is_produced_correctly"/>
    <testcase time="0.0999999999999943" classname="table_aet02" name="AET02_variant_10_is_produced_correctly"/>
    <testcase time="0.405000000000001" classname="table_aet02" name="AET02_variant_11_is_produced_correctly"/>
    <testcase time="0.0760000000000005" classname="table_aet02" name="AET02_variant_11_is_produced_correctly"/>
    <testcase time="0.408000000000001" classname="table_aet02" name="AET02_variant_12_is_produced_correctly"/>
    <testcase time="0.0949999999999989" classname="table_aet02" name="AET02_variant_12_is_produced_correctly"/>
  </testsuite>
  <testsuite name="table_aet02_smq" timestamp="2025-01-20T01:48:18Z" hostname="8fe2cdf26bce" tests="4" skipped="0" failures="0" errors="0" time="0.437">
    <testcase time="0.110000000000007" classname="table_aet02_smq" name="AET02SMQ_variant_1_is_produced_correctly"/>
    <testcase time="0.0869999999999962" classname="table_aet02_smq" name="AET02SMQ_variant_1_is_produced_correctly"/>
    <testcase time="0.157000000000004" classname="table_aet02_smq" name="AET02SMQ_variant_2_is_produced_correctly"/>
    <testcase time="0.0829999999999984" classname="table_aet02_smq" name="AET02SMQ_variant_2_is_produced_correctly"/>
  </testsuite>
  <testsuite name="table_aet03" timestamp="2025-01-20T01:48:18Z" hostname="8fe2cdf26bce" tests="6" skipped="0" failures="0" errors="0" time="5.033">
    <testcase time="1.137" classname="table_aet03" name="AET03_variant_1_is_produced_correctly"/>
    <testcase time="0.424999999999997" classname="table_aet03" name="AET03_variant_1_is_produced_correctly"/>
    <testcase time="1.388" classname="table_aet03" name="AET03_variant_1_is_produced_correctly"/>
    <testcase time="0.726000000000006" classname="table_aet03" name="AET03_variant_1_is_produced_correctly"/>
    <testcase time="1.125" classname="table_aet03" name="AET03_variant_1_is_produced_correctly"/>
    <testcase time="0.231999999999999" classname="table_aet03" name="AET03_variant_1_is_produced_correctly"/>
  </testsuite>
  <testsuite name="table_aet04" timestamp="2025-01-20T01:48:24Z" hostname="8fe2cdf26bce" tests="30" skipped="0" failures="0" errors="0" time="12.853">
    <testcase time="0.777999999999999" classname="table_aet04" name="AET04_variant_1_is_produced_correctly"/>
    <testcase time="0.335000000000001" classname="table_aet04" name="AET04_variant_1_is_produced_correctly"/>
    <testcase time="0.796999999999997" classname="table_aet04" name="AET04_variant_1_is_produced_correctly"/>
    <testcase time="0.0429999999999993" classname="table_aet04" name="AET04_variant_1_is_produced_correctly"/>
    <testcase time="0.054000000000002" classname="table_aet04" name="AET04_variant_1_is_produced_correctly"/>
    <testcase time="0.674999999999997" classname="table_aet04" name="AET04_variant_2_is_produced_correctly_Fill_in_of_Treatment_Groups_"/>
    <testcase time="0.300000000000004" classname="table_aet04" name="AET04_variant_2_is_produced_correctly_Fill_in_of_Treatment_Groups_"/>
    <testcase time="0.739999999999995" classname="table_aet04" name="AET04_variant_2_is_produced_correctly_Fill_in_of_Treatment_Groups_"/>
    <testcase time="0.0550000000000068" classname="table_aet04" name="AET04_variant_2_is_produced_correctly_Fill_in_of_Treatment_Groups_"/>
    <testcase time="0.0379999999999967" classname="table_aet04" name="AET04_variant_2_is_produced_correctly_Fill_in_of_Treatment_Groups_"/>
    <testcase time="0.741999999999997" classname="table_aet04" name="AET04_variant_3_is_produced_correctly_Fill_in_of_Grades_"/>
    <testcase time="0.353999999999999" classname="table_aet04" name="AET04_variant_3_is_produced_correctly_Fill_in_of_Grades_"/>
    <testcase time="0.859000000000002" classname="table_aet04" name="AET04_variant_3_is_produced_correctly_Fill_in_of_Grades_"/>
    <testcase time="0.044000000000004" classname="table_aet04" name="AET04_variant_3_is_produced_correctly_Fill_in_of_Grades_"/>
    <testcase time="0.0419999999999945" classname="table_aet04" name="AET04_variant_3_is_produced_correctly_Fill_in_of_Grades_"/>
    <testcase time="0.724000000000004" classname="table_aet04" name="AET04_variant_4_is_produced_correctly_Collapsing_of_Grades_grades_1_2_grades_3_4_5_"/>
    <testcase time="0.347999999999999" classname="table_aet04" name="AET04_variant_4_is_produced_correctly_Collapsing_of_Grades_grades_1_2_grades_3_4_5_"/>
    <testcase time="0.968000000000004" classname="table_aet04" name="AET04_variant_4_is_produced_correctly_Collapsing_of_Grades_grades_1_2_grades_3_4_5_"/>
    <testcase time="0.683999999999997" classname="table_aet04" name="AET04_variant_6_is_produced_correctly_with_an_Incidence_Rate_of_at_Least_5_totals_restricted_"/>
    <testcase time="0.304000000000002" classname="table_aet04" name="AET04_variant_6_is_produced_correctly_with_an_Incidence_Rate_of_at_Least_5_totals_restricted_"/>
    <testcase time="0.736000000000004" classname="table_aet04" name="AET04_variant_6_is_produced_correctly_with_an_Incidence_Rate_of_at_Least_5_totals_restricted_"/>
    <testcase time="0.00999999999999091" classname="table_aet04" name="AET04_variant_8_is_produced_correctly_with_an_Incidence_Rate_of_at_Least_X_Patients_"/>
    <testcase time="0.311000000000007" classname="table_aet04" name="AET04_variant_8_is_produced_correctly_with_an_Incidence_Rate_of_at_Least_X_Patients_"/>
    <testcase time="0.756999999999991" classname="table_aet04" name="AET04_variant_8_is_produced_correctly_with_an_Incidence_Rate_of_at_Least_X_Patients_"/>
    <testcase time="0.0100000000000051" classname="table_aet04" name="AET04_variant_9_is_produced_correctly_with_a_Difference_in_Incidence_Rate_of_at_Least_X_"/>
    <testcase time="0.310999999999993" classname="table_aet04" name="AET04_variant_9_is_produced_correctly_with_a_Difference_in_Incidence_Rate_of_at_Least_X_"/>
    <testcase time="0.746000000000009" classname="table_aet04" name="AET04_variant_9_is_produced_correctly_with_a_Difference_in_Incidence_Rate_of_at_Least_X_"/>
    <testcase time="0.00999999999999091" classname="table_aet04" name="AET04_variant_11_is_produced_correctly_with_Incidence_Rate_of_at_Least_X_all_SOCs_w_o_preferred_terms_removed_"/>
    <testcase time="0.318000000000012" classname="table_aet04" name="AET04_variant_11_is_produced_correctly_with_Incidence_Rate_of_at_Least_X_all_SOCs_w_o_preferred_terms_removed_"/>
    <testcase time="0.759999999999991" classname="table_aet04" name="AET04_variant_11_is_produced_correctly_with_Incidence_Rate_of_at_Least_X_all_SOCs_w_o_preferred_terms_removed_"/>
  </testsuite>
  <testsuite name="table_aet04_pi" timestamp="2025-01-20T01:48:36Z" hostname="8fe2cdf26bce" tests="18" skipped="0" failures="0" errors="0" time="6.821">
    <testcase time="0.617000000000004" classname="table_aet04_pi" name="AET04_PI_full_table_is_produced_correctly"/>
    <testcase time="0.233000000000004" classname="table_aet04_pi" name="AET04_PI_full_table_is_produced_correctly"/>
    <testcase time="0.628" classname="table_aet04_pi" name="AET04_PI_variant_1_is_produced_correctly"/>
    <testcase time="0.176999999999992" classname="table_aet04_pi" name="AET04_PI_variant_1_is_produced_correctly"/>
    <testcase time="0.609999999999999" classname="table_aet04_pi" name="AET04_PI_variant_2_is_produced_correctly"/>
    <testcase time="0.126000000000005" classname="table_aet04_pi" name="AET04_PI_variant_2_is_produced_correctly"/>
    <testcase time="0.605000000000004" classname="table_aet04_pi" name="AET04_PI_variant_3_is_produced_correctly"/>
    <testcase time="0.140999999999991" classname="table_aet04_pi" name="AET04_PI_variant_3_is_produced_correctly"/>
    <testcase time="0.613" classname="table_aet04_pi" name="AET04_PI_variant_4_is_produced_correctly"/>
    <testcase time="0.121000000000009" classname="table_aet04_pi" name="AET04_PI_variant_4_is_produced_correctly"/>
    <testcase time="0.614999999999995" classname="table_aet04_pi" name="AET04_PI_variant_5_is_produced_correctly"/>
    <testcase time="0.164000000000001" classname="table_aet04_pi" name="AET04_PI_variant_5_is_produced_correctly"/>
    <testcase time="0.768999999999991" classname="table_aet04_pi" name="AET04_PI_variant_6_is_produced_correctly"/>
    <testcase time="0.164000000000001" classname="table_aet04_pi" name="AET04_PI_variant_6_is_produced_correctly"/>
    <testcase time="0.762" classname="table_aet04_pi" name="AET04_PI_variant_7_is_produced_correctly"/>
    <testcase time="0.162000000000006" classname="table_aet04_pi" name="AET04_PI_variant_7_is_produced_correctly"/>
    <testcase time="0.179000000000002" classname="table_aet04_pi" name="AET04_PI_variant_8_is_produced_correctly"/>
    <testcase time="0.134999999999991" classname="table_aet04_pi" name="AET04_PI_variant_8_is_produced_correctly"/>
  </testsuite>
  <testsuite name="table_aet05" timestamp="2025-01-20T01:48:43Z" hostname="8fe2cdf26bce" tests="4" skipped="0" failures="0" errors="0" time="0.29">
    <testcase time="0.0940000000000083" classname="table_aet05" name="AET05_variant_1_is_produced_correctly"/>
    <testcase time="0.0600000000000023" classname="table_aet05" name="AET05_variant_1_is_produced_correctly"/>
    <testcase time="0.0689999999999884" classname="table_aet05" name="AET05_variant_2_is_produced_correctly"/>
    <testcase time="0.0670000000000073" classname="table_aet05" name="AET05_variant_2_is_produced_correctly"/>
  </testsuite>
  <testsuite name="table_aet05_all" timestamp="2025-01-20T01:48:43Z" hostname="8fe2cdf26bce" tests="4" skipped="0" failures="0" errors="0" time="0.314">
    <testcase time="0.103999999999999" classname="table_aet05_all" name="AET05_ALL_variant_1_is_produced_correctly"/>
    <testcase time="0.0799999999999983" classname="table_aet05_all" name="AET05_ALL_variant_1_is_produced_correctly"/>
    <testcase time="0.0559999999999974" classname="table_aet05_all" name="AET05_ALL_variant_2_is_produced_correctly"/>
    <testcase time="0.0739999999999981" classname="table_aet05_all" name="AET05_ALL_variant_2_is_produced_correctly"/>
  </testsuite>
  <testsuite name="table_aet06" timestamp="2025-01-20T01:48:44Z" hostname="8fe2cdf26bce" tests="6" skipped="0" failures="0" errors="0" time="3.992">
    <testcase time="0.614000000000004" classname="table_aet06" name="AET06_variant_1_is_produced_correctly"/>
    <testcase time="0.238" classname="table_aet06" name="AET06_variant_1_is_produced_correctly"/>
    <testcase time="1.036" classname="table_aet06" name="AET06_variant_3_is_produced_correctly"/>
    <testcase time="0.349999999999994" classname="table_aet06" name="AET06_variant_3_is_produced_correctly"/>
    <testcase time="1.339" classname="table_aet06" name="AET06_variant_5_is_produced_correctly"/>
    <testcase time="0.415000000000006" classname="table_aet06" name="AET06_variant_5_is_produced_correctly"/>
  </testsuite>
  <testsuite name="table_aet06_smq" timestamp="2025-01-20T01:48:48Z" hostname="8fe2cdf26bce" tests="4" skipped="0" failures="0" errors="0" time="1.112">
    <testcase time="0.402000000000001" classname="table_aet06_smq" name="AET06_SMQ_variant_1_is_produced_correctly"/>
    <testcase time="0.155000000000001" classname="table_aet06_smq" name="AET06_SMQ_variant_1_is_produced_correctly"/>
    <testcase time="0.397999999999996" classname="table_aet06_smq" name="AET06_SMQ_variant_2_is_produced_correctly"/>
    <testcase time="0.156999999999996" classname="table_aet06_smq" name="AET06_SMQ_variant_2_is_produced_correctly"/>
  </testsuite>
  <testsuite name="table_aet07" timestamp="2025-01-20T01:48:49Z" hostname="8fe2cdf26bce" tests="4" skipped="0" failures="0" errors="0" time="0.22">
    <testcase time="0.0559999999999974" classname="table_aet07" name="AET07_variant_1_is_produced_correctly"/>
    <testcase time="0.0670000000000073" classname="table_aet07" name="AET07_variant_1_is_produced_correctly"/>
    <testcase time="0.0510000000000019" classname="table_aet07" name="AET07_variant_2_is_produced_correctly"/>
    <testcase time="0.0459999999999923" classname="table_aet07" name="AET07_variant_2_is_produced_correctly"/>
  </testsuite>
  <testsuite name="table_aet09" timestamp="2025-01-20T01:48:49Z" hostname="8fe2cdf26bce" tests="4" skipped="0" failures="0" errors="0" time="2.276">
    <testcase time="0.606999999999999" classname="table_aet09" name="AET09_variant_1_is_produced_correctly_AE_related_to_study_drug"/>
    <testcase time="0.210000000000008" classname="table_aet09" name="AET09_variant_1_is_produced_correctly_AE_related_to_study_drug"/>
    <testcase time="1.173" classname="table_aet09" name="AET09_variant_2_is_produced_correctly_AE_related_to_study_drug_including_high_level_terms_"/>
    <testcase time="0.286000000000001" classname="table_aet09" name="AET09_variant_2_is_produced_correctly_AE_related_to_study_drug_including_high_level_terms_"/>
  </testsuite>
  <testsuite name="table_aet09_smq" timestamp="2025-01-20T01:48:51Z" hostname="8fe2cdf26bce" tests="4" skipped="0" failures="0" errors="0" time="0.492">
    <testcase time="0.122" classname="table_aet09_smq" name="AET09_variant_1_AEs_related_to_study_drug_by_SMQ_is_produced_correctly"/>
    <testcase time="0.0699999999999932" classname="table_aet09_smq" name="AET09_variant_1_AEs_related_to_study_drug_by_SMQ_is_produced_correctly"/>
    <testcase time="0.204999999999998" classname="table_aet09_smq" name="AET09_variant_2_AEs_related_to_study_drug_by_SMQ_with_customized_queries_is_produced_correctly"/>
    <testcase time="0.0949999999999989" classname="table_aet09_smq" name="AET09_variant_2_AEs_related_to_study_drug_by_SMQ_with_customized_queries_is_produced_correctly"/>
  </testsuite>
  <testsuite name="table_aet10" timestamp="2025-01-20T01:48:52Z" hostname="8fe2cdf26bce" tests="2" skipped="0" failures="0" errors="0" time="0.164">
    <testcase time="0.106000000000009" classname="table_aet10" name="AET10_default_variant_is_produced_correctly"/>
    <testcase time="0.0579999999999927" classname="table_aet10" name="AET10_default_variant_is_produced_correctly"/>
  </testsuite>
  <testsuite name="table_aovt01" timestamp="2025-01-20T01:48:52Z" hostname="8fe2cdf26bce" tests="4" skipped="0" failures="0" errors="0" time="1.171">
    <testcase time="0.355000000000004" classname="table_aovt01" name="AOVT01_variant_with_single_endpoint_is_produced_correctly"/>
    <testcase time="0.0900000000000034" classname="table_aovt01" name="AOVT01_variant_with_single_endpoint_is_produced_correctly"/>
    <testcase time="0.571999999999989" classname="table_aovt01" name="AOVT01_variant_with_multiple_endpoints_is_produced_correctly"/>
    <testcase time="0.154000000000011" classname="table_aovt01" name="AOVT01_variant_with_multiple_endpoints_is_produced_correctly"/>
  </testsuite>
  <testsuite name="table_aovt02" timestamp="2025-01-20T01:48:53Z" hostname="8fe2cdf26bce" tests="2" skipped="0" failures="0" errors="0" time="0.392">
    <testcase time="0.301000000000002" classname="table_aovt02" name="AOVT02_is_produced_correctly"/>
    <testcase time="0.090999999999994" classname="table_aovt02" name="AOVT02_is_produced_correctly"/>
  </testsuite>
  <testsuite name="table_aovt03" timestamp="2025-01-20T01:48:53Z" hostname="8fe2cdf26bce" tests="2" skipped="0" failures="0" errors="0" time="0.919">
    <testcase time="0.739999999999995" classname="table_aovt03" name="AOVT03_is_produced_correctly"/>
    <testcase time="0.179000000000002" classname="table_aovt03" name="AOVT03_is_produced_correctly"/>
  </testsuite>
  <testsuite name="table_cfbt01" timestamp="2025-01-20T01:48:54Z" hostname="8fe2cdf26bce" tests="2" skipped="0" failures="0" errors="0" time="0.641">
    <testcase time="0.418999999999997" classname="table_cfbt01" name="CFBT01_default_variant_is_produced_correctly"/>
    <testcase time="0.221999999999994" classname="table_cfbt01" name="CFBT01_default_variant_is_produced_correctly"/>
  </testsuite>
  <testsuite name="table_cmht01" timestamp="2025-01-20T01:48:55Z" hostname="8fe2cdf26bce" tests="4" skipped="0" failures="0" errors="0" time="1.724">
    <testcase time="0.396000000000001" classname="table_cmht01" name="CMHT01_variant_1_is_produced_correctly"/>
    <testcase time="0.097999999999999" classname="table_cmht01" name="CMHT01_variant_1_is_produced_correctly"/>
    <testcase time="0.959000000000003" classname="table_cmht01" name="CMHT01_variant_2_is_produced_correctly"/>
    <testcase time="0.271000000000001" classname="table_cmht01" name="CMHT01_variant_2_is_produced_correctly"/>
  </testsuite>
  <testsuite name="table_cmt01" timestamp="2025-01-20T01:48:57Z" hostname="8fe2cdf26bce" tests="8" skipped="0" failures="0" errors="0" time="3.868">
    <testcase time="0.640000000000001" classname="table_cmt01" name="CMT01_default_variant_Concomitant_medications_is_produced_correctly"/>
    <testcase time="0.302000000000007" classname="table_cmt01" name="CMT01_default_variant_Concomitant_medications_is_produced_correctly"/>
    <testcase time="0.734999999999999" classname="table_cmt01" name="CMT01_variant_1_prior_medications_is_produced_correctly"/>
    <testcase time="0.344999999999999" classname="table_cmt01" name="CMT01_variant_1_prior_medications_is_produced_correctly"/>
    <testcase time="0.605999999999995" classname="table_cmt01" name="CMT01_variant_3_Concomitant_medications_is_produced_correctly"/>
    <testcase time="0.268000000000001" classname="table_cmt01" name="CMT01_variant_3_Concomitant_medications_is_produced_correctly"/>
    <testcase time="0.661000000000001" classname="table_cmt01" name="CMT01_variant_4_Concomitant_medications_is_produced_correctly"/>
    <testcase time="0.311000000000007" classname="table_cmt01" name="CMT01_variant_4_Concomitant_medications_is_produced_correctly"/>
  </testsuite>
  <testsuite name="table_cmt01a" timestamp="2025-01-20T01:49:01Z" hostname="8fe2cdf26bce" tests="8" skipped="0" failures="0" errors="0" time="5.787">
    <testcase time="1.255" classname="table_cmt01a" name="CMT01A_variant_1_is_produced_correctly"/>
    <testcase time="0.281999999999996" classname="table_cmt01a" name="CMT01A_variant_1_is_produced_correctly"/>
    <testcase time="1.12" classname="table_cmt01a" name="CMT01A_variant_2_is_produced_correctly"/>
    <testcase time="0.280999999999992" classname="table_cmt01a" name="CMT01A_variant_2_is_produced_correctly"/>
    <testcase time="1.16900000000001" classname="table_cmt01a" name="CMT01A_variant_3_is_produced_correctly"/>
    <testcase time="0.288999999999987" classname="table_cmt01a" name="CMT01A_variant_3_is_produced_correctly"/>
    <testcase time="1.129" classname="table_cmt01a" name="CMT01A_variant_4_is_produced_correctly"/>
    <testcase time="0.262" classname="table_cmt01a" name="CMT01A_variant_4_is_produced_correctly"/>
  </testsuite>
  <testsuite name="table_cmt01b" timestamp="2025-01-20T01:49:06Z" hostname="8fe2cdf26bce" tests="6" skipped="0" failures="0" errors="0" time="5.993">
    <testcase time="1.67700000000001" classname="table_cmt01b" name="CMT01B_variant_1_is_produced_correctly"/>
    <testcase time="0.414000000000001" classname="table_cmt01b" name="CMT01B_variant_1_is_produced_correctly"/>
    <testcase time="1.279" classname="table_cmt01b" name="CMT01B_variant_2_is_produced_correctly"/>
    <testcase time="0.349999999999994" classname="table_cmt01b" name="CMT01B_variant_2_is_produced_correctly"/>
    <testcase time="1.64700000000001" classname="table_cmt01b" name="CMT01B_variant_4_is_produced_correctly"/>
    <testcase time="0.625999999999991" classname="table_cmt01b" name="CMT01B_variant_4_is_produced_correctly"/>
  </testsuite>
  <testsuite name="table_cmt02_pt" timestamp="2025-01-20T01:49:12Z" hostname="8fe2cdf26bce" tests="2" skipped="0" failures="0" errors="0" time="0.598">
    <testcase time="0.412000000000006" classname="table_cmt02_pt" name="CMT02_PT_default_variant_is_produced_correctly"/>
    <testcase time="0.186000000000007" classname="table_cmt02_pt" name="CMT02_PT_default_variant_is_produced_correctly"/>
  </testsuite>
  <testsuite name="table_coxt01" timestamp="2025-01-20T01:49:13Z" hostname="8fe2cdf26bce" tests="8" skipped="0" failures="0" errors="0" time="1.727">
    <testcase time="0.268999999999991" classname="table_coxt01" name="1._Cox_Regression"/>
    <testcase time="0.0720000000000027" classname="table_coxt01" name="1._Cox_Regression"/>
    <testcase time="0.347999999999999" classname="table_coxt01" name="2._Cox_Regression_with_Interaction_Term_"/>
    <testcase time="0.108000000000004" classname="table_coxt01" name="2._Cox_Regression_with_Interaction_Term_"/>
    <testcase time="0.350999999999999" classname="table_coxt01" name="3._Cox_Regression_specifying_covariates_"/>
    <testcase time="0.116" classname="table_coxt01" name="3._Cox_Regression_specifying_covariates_"/>
    <testcase time="0.346999999999994" classname="table_coxt01" name="4._Cox_Regression_setting_strata_ties_and_alpha_level_"/>
    <testcase time="0.116" classname="table_coxt01" name="4._Cox_Regression_setting_strata_ties_and_alpha_level_"/>
  </testsuite>
  <testsuite name="table_coxt02" timestamp="2025-01-20T01:49:15Z" hostname="8fe2cdf26bce" tests="4" skipped="0" failures="0" errors="0" time="0.667">
    <testcase time="0.26700000000001" classname="table_coxt02" name="COXT02_default_variant_1_is_produced_correctly"/>
    <testcase time="0.0859999999999985" classname="table_coxt02" name="COXT02_default_variant_1_is_produced_correctly"/>
    <testcase time="0.245999999999995" classname="table_coxt02" name="COXT02_variant_5_is_produced_correctly"/>
    <testcase time="0.0679999999999978" classname="table_coxt02" name="COXT02_variant_5_is_produced_correctly"/>
  </testsuite>
  <testsuite name="table_disclosures" timestamp="2025-01-20T01:49:15Z" hostname="8fe2cdf26bce" tests="12" skipped="0" failures="0" errors="0" time="1.911">
    <testcase time="0.171000000000006" classname="table_disclosures" name="Patient_Disposition_table_is_produced_correctly"/>
    <testcase time="0.0919999999999987" classname="table_disclosures" name="Patient_Disposition_table_is_produced_correctly"/>
    <testcase time="0.215999999999994" classname="table_disclosures" name="Demographic_table_is_produced_correctly"/>
    <testcase time="0.162000000000006" classname="table_disclosures" name="Demographic_table_is_produced_correctly"/>
    <testcase time="0.0930000000000035" classname="table_disclosures" name="Enrollment_by_Country_Table_is_produced_correctly"/>
    <testcase time="0.0929999999999893" classname="table_disclosures" name="Enrollment_by_Country_Table_is_produced_correctly"/>
    <testcase time="0.0880000000000081" classname="table_disclosures" name="Death_table_is_produced_correctly"/>
    <testcase time="0.0579999999999927" classname="table_disclosures" name="Death_table_is_produced_correctly"/>
    <testcase time="0.307000000000002" classname="table_disclosures" name="Table_of_Serious_Adverse_Events_is_produced_correctly_for_one_specific_treatment_arm_"/>
    <testcase time="0.103999999999999" classname="table_disclosures" name="Table_of_Serious_Adverse_Events_is_produced_correctly_for_one_specific_treatment_arm_"/>
    <testcase time="0.390000000000001" classname="table_disclosures" name="Table_of_Non_Serious_Adverse_Events_is_produced_correctly"/>
    <testcase time="0.137" classname="table_disclosures" name="Table_of_Non_Serious_Adverse_Events_is_produced_correctly"/>
  </testsuite>
  <testsuite name="table_dmt01" timestamp="2025-01-20T01:49:18Z" hostname="8fe2cdf26bce" tests="10" skipped="0" failures="0" errors="0" time="2.848">
    <testcase time="1.206" classname="table_dmt01" name="DMT01_variant_1_is_produced_correctly"/>
    <testcase time="0.179000000000002" classname="table_dmt01" name="DMT01_variant_1_is_produced_correctly"/>
    <testcase time="0.221999999999994" classname="table_dmt01" name="DMT01_variant_2_is_produced_correctly"/>
    <testcase time="0.167000000000002" classname="table_dmt01" name="DMT01_variant_2_is_produced_correctly"/>
    <testcase time="0.262" classname="table_dmt01" name="DMT01_variant_3_is_produced_correctly"/>
    <testcase time="0.171000000000006" classname="table_dmt01" name="DMT01_variant_3_is_produced_correctly"/>
    <testcase time="0.205999999999989" classname="table_dmt01" name="DMT01_variant_4_is_produced_correctly"/>
    <testcase time="0.137" classname="table_dmt01" name="DMT01_variant_4_is_produced_correctly"/>
    <testcase time="0.176000000000002" classname="table_dmt01" name="DMT01_variant_5_is_produced_correctly"/>
    <testcase time="0.122" classname="table_dmt01" name="DMT01_variant_5_is_produced_correctly"/>
  </testsuite>
  <testsuite name="table_dort01" timestamp="2025-01-20T01:49:20Z" hostname="8fe2cdf26bce" tests="8" skipped="0" failures="0" errors="0" time="1.516">
    <testcase time="0.296000000000006" classname="table_dort01" name="DORT01_variant_1_is_produced_correctly"/>
    <testcase time="0.0989999999999895" classname="table_dort01" name="DORT01_variant_1_is_produced_correctly"/>
    <testcase time="0.285000000000011" classname="table_dort01" name="DORT01_variant_2_selecting_sectons_is_produced_correctly"/>
    <testcase time="0.11099999999999" classname="table_dort01" name="DORT01_variant_2_selecting_sectons_is_produced_correctly"/>
    <testcase time="0.25200000000001" classname="table_dort01" name="DORT01_variant_3_modifying_conftype_and_alpha_level_is_produced_correctly"/>
    <testcase time="0.0999999999999943" classname="table_dort01" name="DORT01_variant_3_modifying_conftype_and_alpha_level_is_produced_correctly"/>
    <testcase time="0.260000000000005" classname="table_dort01" name="DORT01_variant_4_modifying_time_point_for_the_xx_duration_is_produced_correctly"/>
    <testcase time="0.113" classname="table_dort01" name="DORT01_variant_4_modifying_time_point_for_the_xx_duration_is_produced_correctly"/>
  </testsuite>
  <testsuite name="table_dst01" timestamp="2025-01-20T01:49:22Z" hostname="8fe2cdf26bce" tests="6" skipped="0" failures="0" errors="0" time="0.766">
    <testcase time="0.132999999999996" classname="table_dst01" name="DST01_default_variant_is_produced_correctly"/>
    <testcase time="0.0960000000000036" classname="table_dst01" name="DST01_default_variant_is_produced_correctly"/>
    <testcase time="0.219999999999999" classname="table_dst01" name="DST01_variants_2_and_3_are_produced_correctly"/>
    <testcase time="0.116" classname="table_dst01" name="DST01_variants_2_and_3_are_produced_correctly"/>
    <testcase time="0.0729999999999933" classname="table_dst01" name="DST01_variants_2_and_3_are_produced_correctly"/>
    <testcase time="0.128" classname="table_dst01" name="DST01_variants_2_and_3_are_produced_correctly"/>
  </testsuite>
  <testsuite name="table_dtht01" timestamp="2025-01-20T01:49:22Z" hostname="8fe2cdf26bce" tests="8" skipped="0" failures="0" errors="0" time="1.172">
    <testcase time="0.115000000000009" classname="table_dtht01" name="DTHT01_variant_1_is_produced_correctly"/>
    <testcase time="0.0799999999999983" classname="table_dtht01" name="DTHT01_variant_1_is_produced_correctly"/>
    <testcase time="0.272999999999996" classname="table_dtht01" name="DTHT01_variant_2_is_produced_correctly"/>
    <testcase time="0.164000000000001" classname="table_dtht01" name="DTHT01_variant_2_is_produced_correctly"/>
    <testcase time="0.153999999999996" classname="table_dtht01" name="DTHT01_variant_3_is_produced_correctly"/>
    <testcase time="0.085000000000008" classname="table_dtht01" name="DTHT01_variant_3_is_produced_correctly"/>
    <testcase time="0.200000000000003" classname="table_dtht01" name="DTHT01_variant_4_is_produced_correctly"/>
    <testcase time="0.100999999999999" classname="table_dtht01" name="DTHT01_variant_4_is_produced_correctly"/>
  </testsuite>
  <testsuite name="table_egt01" timestamp="2025-01-20T01:49:25Z" hostname="8fe2cdf26bce" tests="2" skipped="0" failures="0" errors="0" time="3.49">
    <testcase time="2.735" classname="table_egt01" name="EGT01_default_variant_is_produced_correctly"/>
    <testcase time="0.754999999999995" classname="table_egt01" name="EGT01_default_variant_is_produced_correctly"/>
  </testsuite>
  <testsuite name="table_egt02" timestamp="2025-01-20T01:49:28Z" hostname="8fe2cdf26bce" tests="4" skipped="0" failures="0" errors="0" time="1.597">
    <testcase time="1.241" classname="table_egt02" name="_EGT02_1._Regardless_of_Abnormality_at_Baseline"/>
    <testcase time="0.0799999999999983" classname="table_egt02" name="_EGT02_1._Regardless_of_Abnormality_at_Baseline"/>
    <testcase time="0.197000000000003" classname="table_egt02" name="_EGT02_2._Among_Subjects_Without_Abnormality_at_Baseline"/>
    <testcase time="0.0789999999999935" classname="table_egt02" name="_EGT02_2._Among_Subjects_Without_Abnormality_at_Baseline"/>
  </testsuite>
  <testsuite name="table_egt03" timestamp="2025-01-20T01:49:29Z" hostname="8fe2cdf26bce" tests="8" skipped="0" failures="0" errors="0" time="1.195">
    <testcase time="0.201000000000008" classname="table_egt03" name="EGT03_variant_1_is_produced_correctly"/>
    <testcase time="0.120000000000005" classname="table_egt03" name="EGT03_variant_1_is_produced_correctly"/>
    <testcase time="0.140999999999991" classname="table_egt03" name="EGT03_variant_2_is_produced_correctly"/>
    <testcase time="0.0970000000000084" classname="table_egt03" name="EGT03_variant_2_is_produced_correctly"/>
    <testcase time="0.190999999999988" classname="table_egt03" name="EGT03_variant_3_is_produced_correctly"/>
    <testcase time="0.122" classname="table_egt03" name="EGT03_variant_3_is_produced_correctly"/>
    <testcase time="0.192000000000007" classname="table_egt03" name="EGT03_variant_4_is_produced_correctly"/>
    <testcase time="0.131" classname="table_egt03" name="EGT03_variant_4_is_produced_correctly"/>
  </testsuite>
  <testsuite name="table_egt04" timestamp="2025-01-20T01:49:31Z" hostname="8fe2cdf26bce" tests="2" skipped="0" failures="0" errors="0" time="1.543">
    <testcase time="1.44199999999999" classname="table_egt04" name="EGT04_default_variant_is_produced_correctly"/>
    <testcase time="0.100999999999999" classname="table_egt04" name="EGT04_default_variant_is_produced_correctly"/>
  </testsuite>
  <testsuite name="table_egt05_qtcat" timestamp="2025-01-20T01:49:33Z" hostname="8fe2cdf26bce" tests="2" skipped="0" failures="0" errors="0" time="2.369">
    <testcase time="1.93900000000001" classname="table_egt05_qtcat" name="EGT05_QTCAT_default_variant_is_produced_correctly"/>
    <testcase time="0.429999999999993" classname="table_egt05_qtcat" name="EGT05_QTCAT_default_variant_is_produced_correctly"/>
  </testsuite>
  <testsuite name="table_ent" timestamp="2025-01-20T01:49:34Z" hostname="8fe2cdf26bce" tests="8" skipped="0" failures="0" errors="0" time="13.063">
    <testcase time="3.232" classname="table_ent" name="ENT01_IT_is_produced_correctly"/>
    <testcase time="0.561000000000007" classname="table_ent" name="ENT01_IT_is_produced_correctly"/>
    <testcase time="2.11600000000001" classname="table_ent" name="ENT01a_IT_is_produced_correctly"/>
    <testcase time="0.534999999999997" classname="table_ent" name="ENT01a_IT_is_produced_correctly"/>
    <testcase time="3.44499999999999" classname="table_ent" name="ENT02_IT_is_produced_correctly"/>
    <testcase time="0.539999999999992" classname="table_ent" name="ENT02_IT_is_produced_correctly"/>
    <testcase time="2.11100000000002" classname="table_ent" name="ENT02a_IT_is_produced_correctly"/>
    <testcase time="0.522999999999996" classname="table_ent" name="ENT02a_IT_is_produced_correctly"/>
  </testsuite>
  <testsuite name="table_eudrat01" timestamp="2025-01-20T01:49:47Z" hostname="8fe2cdf26bce" tests="2" skipped="0" failures="0" errors="0" time="0.596">
    <testcase time="0.45999999999998" classname="table_eudrat01" name="EUDRAT01_is_produced_correctly"/>
    <testcase time="0.136000000000024" classname="table_eudrat01" name="EUDRAT01_is_produced_correctly"/>
  </testsuite>
  <testsuite name="table_eudrat02" timestamp="2025-01-20T01:49:47Z" hostname="8fe2cdf26bce" tests="2" skipped="0" failures="0" errors="0" time="0.462">
    <testcase time="0.353999999999985" classname="table_eudrat02" name="EUDRAT02_is_produced_correctly"/>
    <testcase time="0.108000000000004" classname="table_eudrat02" name="EUDRAT02_is_produced_correctly"/>
  </testsuite>
  <testsuite name="table_ext01" timestamp="2025-01-20T01:49:48Z" hostname="8fe2cdf26bce" tests="6" skipped="0" failures="0" errors="0" time="1.541">
    <testcase time="0.359999999999985" classname="table_ext01" name="EXT01_default_variant_with_numeric_parameters_is_produced_correctly"/>
    <testcase time="0.152000000000015" classname="table_ext01" name="EXT01_default_variant_with_numeric_parameters_is_produced_correctly"/>
    <testcase time="0.27600000000001" classname="table_ext01" name="EXT01_variant_with_both_numeric_and_categorical_parameters"/>
    <testcase time="0.187999999999988" classname="table_ext01" name="EXT01_variant_with_both_numeric_and_categorical_parameters"/>
    <testcase time="0.329000000000008" classname="table_ext01" name="EXT01_variant_with_user_specified_categories_for_missed_doses"/>
    <testcase time="0.23599999999999" classname="table_ext01" name="EXT01_variant_with_user_specified_categories_for_missed_doses"/>
  </testsuite>
  <testsuite name="table_lbt01" timestamp="2025-01-20T01:49:50Z" hostname="8fe2cdf26bce" tests="2" skipped="0" failures="0" errors="0" time="1.985">
    <testcase time="1.49000000000001" classname="table_lbt01" name="LBT01_default_variant_is_produced_correctly"/>
    <testcase time="0.495000000000005" classname="table_lbt01" name="LBT01_default_variant_is_produced_correctly"/>
  </testsuite>
  <testsuite name="table_lbt02" timestamp="2025-01-20T01:49:51Z" hostname="8fe2cdf26bce" tests="2" skipped="0" failures="0" errors="0" time="1.363">
    <testcase time="0.865999999999985" classname="table_lbt02" name="LBT02_default_variant_is_produced_correctly"/>
    <testcase time="0.497000000000014" classname="table_lbt02" name="LBT02_default_variant_is_produced_correctly"/>
  </testsuite>
  <testsuite name="table_lbt03" timestamp="2025-01-20T01:49:53Z" hostname="8fe2cdf26bce" tests="2" skipped="0" failures="0" errors="0" time="0.253">
    <testcase time="0.143000000000001" classname="table_lbt03" name="LBT03_default_variant_is_produced_correctly"/>
    <testcase time="0.109999999999985" classname="table_lbt03" name="LBT03_default_variant_is_produced_correctly"/>
  </testsuite>
  <testsuite name="table_lbt04" timestamp="2025-01-20T01:49:54Z" hostname="8fe2cdf26bce" tests="2" skipped="0" failures="0" errors="0" time="1.33">
    <testcase time="1.137" classname="table_lbt04" name="LBT04_default_variant_is_produced_correctly"/>
    <testcase time="0.193000000000012" classname="table_lbt04" name="LBT04_default_variant_is_produced_correctly"/>
  </testsuite>
  <testsuite name="table_lbt05" timestamp="2025-01-20T01:49:55Z" hostname="8fe2cdf26bce" tests="6" skipped="0" failures="0" errors="0" time="7.142">
    <testcase time="2.51899999999998" classname="table_lbt05" name="LBT05_variant_1_is_produced_correctly"/>
    <testcase time="0.405000000000001" classname="table_lbt05" name="LBT05_variant_1_is_produced_correctly"/>
    <testcase time="1.50900000000001" classname="table_lbt05" name="LBT05_variant_2_is_produced_correctly"/>
    <testcase time="0.52000000000001" classname="table_lbt05" name="LBT05_variant_2_is_produced_correctly"/>
    <testcase time="1.81999999999999" classname="table_lbt05" name="LBT05_variant_4_is_produced_correctly"/>
    <testcase time="0.369" classname="table_lbt05" name="LBT05_variant_4_is_produced_correctly"/>
  </testsuite>
  <testsuite name="table_lbt06" timestamp="2025-01-20T01:50:01Z" hostname="8fe2cdf26bce" tests="2" skipped="0" failures="0" errors="0" time="0.545">
    <testcase time="0.364999999999981" classname="table_lbt06" name="LBT06_default_variant_is_produced_correctly"/>
    <testcase time="0.180000000000007" classname="table_lbt06" name="LBT06_default_variant_is_produced_correctly"/>
  </testsuite>
  <testsuite name="table_lbt07" timestamp="2025-01-20T01:50:02Z" hostname="8fe2cdf26bce" tests="2" skipped="0" failures="0" errors="0" time="2.704">
    <testcase time="2.398" classname="table_lbt07" name="LBT07_is_produced_correctly"/>
    <testcase time="0.306000000000012" classname="table_lbt07" name="LBT07_is_produced_correctly"/>
  </testsuite>
  <testsuite name="table_lbt08" timestamp="2025-01-20T01:50:05Z" hostname="8fe2cdf26bce" tests="2" skipped="0" failures="0" errors="0" time="0.396">
    <testcase time="0.278999999999996" classname="table_lbt08" name="LBT08_produce_correctly"/>
    <testcase time="0.11699999999999" classname="table_lbt08" name="LBT08_produce_correctly"/>
  </testsuite>
  <testsuite name="table_lbt09" timestamp="2025-01-20T01:50:05Z" hostname="8fe2cdf26bce" tests="4" skipped="0" failures="0" errors="0" time="0.953">
    <testcase time="0.322000000000003" classname="table_lbt09" name="LBT09_variant_1_works_as_expected"/>
    <testcase time="0.165999999999997" classname="table_lbt09" name="LBT09_variant_1_works_as_expected"/>
    <testcase time="0.300000000000011" classname="table_lbt09" name="LBT09_variant_2_works_as_expected"/>
    <testcase time="0.164999999999992" classname="table_lbt09" name="LBT09_variant_2_works_as_expected"/>
  </testsuite>
  <testsuite name="table_lbt10" timestamp="2025-01-20T01:50:06Z" hostname="8fe2cdf26bce" tests="4" skipped="0" failures="0" errors="0" time="1.292">
    <testcase time="0.728000000000009" classname="table_lbt10" name="LBT10_variant_1_works_as_expected"/>
    <testcase time="0.0840000000000032" classname="table_lbt10" name="LBT10_variant_1_works_as_expected"/>
    <testcase time="0.407999999999987" classname="table_lbt10" name="LBT10_variant_2_works_as_expected"/>
    <testcase time="0.0720000000000027" classname="table_lbt10" name="LBT10_variant_2_works_as_expected"/>
  </testsuite>
  <testsuite name="table_lbt10_bl" timestamp="2025-01-20T01:50:07Z" hostname="8fe2cdf26bce" tests="4" skipped="0" failures="0" errors="0" time="0.523">
    <testcase time="0.25" classname="table_lbt10_bl" name="LBT10_BL_variant_1_works_as_expected"/>
    <testcase time="0.085000000000008" classname="table_lbt10_bl" name="LBT10_BL_variant_1_works_as_expected"/>
    <testcase time="0.12299999999999" classname="table_lbt10_bl" name="LBT10_BL_variant_2_works_as_expected"/>
    <testcase time="0.0649999999999977" classname="table_lbt10_bl" name="LBT10_BL_variant_2_works_as_expected"/>
  </testsuite>
  <testsuite name="table_lbt11" timestamp="2025-01-20T01:50:08Z" hostname="8fe2cdf26bce" tests="6" skipped="0" failures="0" errors="0" time="0.778">
    <testcase time="0.194000000000017" classname="table_lbt11" name="LBT11_variant_1_works_as_expected"/>
    <testcase time="0.108000000000004" classname="table_lbt11" name="LBT11_variant_1_works_as_expected"/>
    <testcase time="0.0939999999999941" classname="table_lbt11" name="LBT11_variant_2_works_as_expected"/>
    <testcase time="0.0910000000000082" classname="table_lbt11" name="LBT11_variant_2_works_as_expected"/>
    <testcase time="0.174999999999983" classname="table_lbt11" name="LBT11_variant_3_works_as_expected"/>
    <testcase time="0.116000000000014" classname="table_lbt11" name="LBT11_variant_3_works_as_expected"/>
  </testsuite>
  <testsuite name="table_lbt11_bl" timestamp="2025-01-20T01:50:09Z" hostname="8fe2cdf26bce" tests="6" skipped="0" failures="0" errors="0" time="0.886">
    <testcase time="0.217999999999989" classname="table_lbt11_bl" name="LBT11_BL_variant_1_works_as_expected"/>
    <testcase time="0.11099999999999" classname="table_lbt11_bl" name="LBT11_BL_variant_1_works_as_expected"/>
    <testcase time="0.109000000000009" classname="table_lbt11_bl" name="LBT11_BL_variant_2_works_as_expected"/>
    <testcase time="0.0869999999999891" classname="table_lbt11_bl" name="LBT11_BL_variant_2_works_as_expected"/>
    <testcase time="0.219000000000023" classname="table_lbt11_bl" name="LBT11_BL_variant_3_works_as_expected"/>
    <testcase time="0.141999999999996" classname="table_lbt11_bl" name="LBT11_BL_variant_3_works_as_expected"/>
  </testsuite>
  <testsuite name="table_lbt12" timestamp="2025-01-20T01:50:10Z" hostname="8fe2cdf26bce" tests="2" skipped="0" failures="0" errors="0" time="0.408">
    <testcase time="0.317000000000007" classname="table_lbt12" name="LBT12_works_as_expected"/>
    <testcase time="0.0909999999999798" classname="table_lbt12" name="LBT12_works_as_expected"/>
  </testsuite>
  <testsuite name="table_lbt12_bl" timestamp="2025-01-20T01:50:10Z" hostname="8fe2cdf26bce" tests="2" skipped="0" failures="0" errors="0" time="0.388">
    <testcase time="0.306000000000012" classname="table_lbt12_bl" name="LBT12_BL_works_as_expected"/>
    <testcase time="0.0819999999999936" classname="table_lbt12_bl" name="LBT12_BL_works_as_expected"/>
  </testsuite>
  <testsuite name="table_lbt13" timestamp="2025-01-20T01:50:11Z" hostname="8fe2cdf26bce" tests="10" skipped="0" failures="0" errors="0" time="2.36">
    <testcase time="0.831999999999994" classname="table_lbt13" name="LBT13_variant_1_LOW_works_as_expected"/>
    <testcase time="0.0900000000000034" classname="table_lbt13" name="LBT13_variant_1_LOW_works_as_expected"/>
    <testcase time="0.157000000000011" classname="table_lbt13" name="LBT13_variant_2_HIGH_works_as_expected"/>
    <testcase time="0.0670000000000073" classname="table_lbt13" name="LBT13_variant_2_HIGH_works_as_expected"/>
    <testcase time="0.242999999999995" classname="table_lbt13" name="LBT13_variant_3_LOW_without_baseline_missing_works_as_expected"/>
    <testcase time="0.0900000000000034" classname="table_lbt13" name="LBT13_variant_3_LOW_without_baseline_missing_works_as_expected"/>
    <testcase time="0.153999999999996" classname="table_lbt13" name="LBT13_variant_4_HIGH_with_missing_baseline_considered_as_grade_0_works_as_expected"/>
    <testcase time="0.0679999999999836" classname="table_lbt13" name="LBT13_variant_4_HIGH_with_missing_baseline_considered_as_grade_0_works_as_expected"/>
    <testcase time="0.431000000000012" classname="table_lbt13" name="LBT14_variant_5_HIGH_with_filled_in_grades_works_as_expected"/>
    <testcase time="0.228000000000009" classname="table_lbt13" name="LBT14_variant_5_HIGH_with_filled_in_grades_works_as_expected"/>
  </testsuite>
  <testsuite name="table_lbt14" timestamp="2025-01-20T01:50:13Z" hostname="8fe2cdf26bce" tests="10" skipped="0" failures="0" errors="0" time="30.531">
    <testcase time="6.02799999999999" classname="table_lbt14" name="LBT14_variant_1_HIGH_works_as_expected"/>
    <testcase time="0.472000000000008" classname="table_lbt14" name="LBT14_variant_1_HIGH_works_as_expected"/>
    <testcase time="5.435" classname="table_lbt14" name="LBT14_variant_2_LOW_works_as_expected"/>
    <testcase time="0.328999999999979" classname="table_lbt14" name="LBT14_variant_2_LOW_works_as_expected"/>
    <testcase time="3.697" classname="table_lbt14" name="LBT14_variant_3_LOW_without_baseline_missing_works_as_expected"/>
    <testcase time="0.439999999999998" classname="table_lbt14" name="LBT14_variant_3_LOW_without_baseline_missing_works_as_expected"/>
    <testcase time="5.512" classname="table_lbt14" name="LBT14_variant_4_LOW_and_force_1_missing_both_baseline_and_post_baseline_then_force_the_missing_baseline_as_0_as_expected"/>
    <testcase time="0.286000000000001" classname="table_lbt14" name="LBT14_variant_4_LOW_and_force_1_missing_both_baseline_and_post_baseline_then_force_the_missing_baseline_as_0_as_expected"/>
    <testcase time="5.572" classname="table_lbt14" name="LBT14_variant_5_HIGH_with_fillings_works_as_expected"/>
    <testcase time="2.75999999999999" classname="table_lbt14" name="LBT14_variant_5_HIGH_with_fillings_works_as_expected"/>
  </testsuite>
  <testsuite name="table_lbt15" timestamp="2025-01-20T01:50:43Z" hostname="8fe2cdf26bce" tests="4" skipped="0" failures="0" errors="0" time="1.611">
    <testcase time="0.641999999999996" classname="table_lbt15" name="LBT15_variant_1_works_as_expected"/>
    <testcase time="0.201000000000022" classname="table_lbt15" name="LBT15_variant_1_works_as_expected"/>
    <testcase time="0.568999999999988" classname="table_lbt15" name="LBT15_variant_2_works_as_expected"/>
    <testcase time="0.199000000000012" classname="table_lbt15" name="LBT15_variant_2_works_as_expected"/>
  </testsuite>
  <testsuite name="table_lgrt02" timestamp="2025-01-20T01:50:45Z" hostname="8fe2cdf26bce" tests="8" skipped="0" failures="0" errors="0" time="3.013">
    <testcase time="0.554000000000002" classname="table_lgrt02" name="LGRT02_without_interaction_term_is_produced_correctly"/>
    <testcase time="0.147999999999996" classname="table_lgrt02" name="LGRT02_without_interaction_term_is_produced_correctly"/>
    <testcase time="0.641999999999996" classname="table_lgrt02" name="LGRT02_with_categorical_interaction_is_produced_correctly"/>
    <testcase time="0.186000000000007" classname="table_lgrt02" name="LGRT02_with_categorical_interaction_is_produced_correctly"/>
    <testcase time="0.614999999999981" classname="table_lgrt02" name="LGRT02_with_continuous_interaction_is_produced_correctly"/>
    <testcase time="0.188000000000017" classname="table_lgrt02" name="LGRT02_with_continuous_interaction_is_produced_correctly"/>
    <testcase time="0.532999999999987" classname="table_lgrt02" name="LGRT02_with_setting_values_indicating_an_event_and_custom_alpha_level_is_produced_correctly"/>
    <testcase time="0.146999999999991" classname="table_lgrt02" name="LGRT02_with_setting_values_indicating_an_event_and_custom_alpha_level_is_produced_correctly"/>
  </testsuite>
  <testsuite name="table_mht01" timestamp="2025-01-20T01:50:48Z" hostname="8fe2cdf26bce" tests="8" skipped="0" failures="0" errors="0" time="1.631">
    <testcase time="0.343000000000018" classname="table_mht01" name="MHT01_variant_1_is_produced_accurately"/>
    <testcase time="0.135999999999996" classname="table_mht01" name="MHT01_variant_1_is_produced_accurately"/>
    <testcase time="0.119" classname="table_mht01" name="MHT01_variant_2_is_produced_accurately"/>
    <testcase time="0.0740000000000123" classname="table_mht01" name="MHT01_variant_2_is_produced_accurately"/>
    <testcase time="0.292999999999978" classname="table_mht01" name="MHT01_variant_3_is_produced_accurately"/>
    <testcase time="0.140000000000015" classname="table_mht01" name="MHT01_variant_3_is_produced_accurately"/>
    <testcase time="0.356999999999999" classname="table_mht01" name="MHT01_variant_5_is_produced_accurately"/>
    <testcase time="0.168999999999983" classname="table_mht01" name="MHT01_variant_5_is_produced_accurately"/>
  </testsuite>
  <testsuite name="table_onct05" timestamp="2025-01-20T01:50:49Z" hostname="8fe2cdf26bce" tests="8" skipped="0" failures="0" errors="0" time="2.178">
    <testcase time="0.485000000000014" classname="table_onct05" name="ONCT05_variant_1_Objective_Response_Rate_by_Subgroup_is_produced_correctly"/>
    <testcase time="0.120000000000005" classname="table_onct05" name="ONCT05_variant_1_Objective_Response_Rate_by_Subgroup_is_produced_correctly"/>
    <testcase time="0.495999999999981" classname="table_onct05" name="ONCT05_variant_2_Specifying_class_variables_is_produced_correctly"/>
    <testcase time="0.14700000000002" classname="table_onct05" name="ONCT05_variant_2_Specifying_class_variables_is_produced_correctly"/>
    <testcase time="0.225999999999999" classname="table_onct05" name="ONCT05_variant_3_selecting_columns_and_changing_the_alpha_level_is_produced_correctly"/>
    <testcase time="0.0910000000000082" classname="table_onct05" name="ONCT05_variant_3_selecting_columns_and_changing_the_alpha_level_is_produced_correctly"/>
    <testcase time="0.489999999999981" classname="table_onct05" name="ONCT05_variant_4_setting_values_indicating_response_is_produced_correctly"/>
    <testcase time="0.123000000000019" classname="table_onct05" name="ONCT05_variant_4_setting_values_indicating_response_is_produced_correctly"/>
  </testsuite>
  <testsuite name="table_pdt01" timestamp="2025-01-20T01:50:52Z" hostname="8fe2cdf26bce" tests="2" skipped="0" failures="0" errors="0" time="0.455">
    <testcase time="0.280999999999977" classname="table_pdt01" name="PDT01_is_produced_correctly"/>
    <testcase time="0.174000000000007" classname="table_pdt01" name="PDT01_is_produced_correctly"/>
  </testsuite>
  <testsuite name="table_pdt02" timestamp="2025-01-20T01:50:52Z" hostname="8fe2cdf26bce" tests="2" skipped="0" failures="0" errors="0" time="0.262">
    <testcase time="0.182000000000016" classname="table_pdt02" name="PDT02_is_produced_correctly"/>
    <testcase time="0.0800000000000125" classname="table_pdt02" name="PDT02_is_produced_correctly"/>
  </testsuite>
  <testsuite name="table_pkct01" timestamp="2025-01-20T01:50:52Z" hostname="8fe2cdf26bce" tests="10" skipped="0" failures="0" errors="0" time="3.602">
    <testcase time="0.311999999999983" classname="table_pkct01" name="PKCT01_is_produced_correctly"/>
    <testcase time="0.0970000000000084" classname="table_pkct01" name="PKCT01_is_produced_correctly"/>
    <testcase time="0.171999999999997" classname="table_pkct01" name="PKCT01_is_produced_correctly"/>
    <testcase time="0.0620000000000118" classname="table_pkct01" name="PKCT01_is_produced_correctly"/>
    <testcase time="1.10999999999999" classname="table_pkct01" name="Specific_PKCT01_features_are_present"/>
    <testcase time="0.246000000000009" classname="table_pkct01" name="Specific_PKCT01_features_are_present"/>
    <testcase time="0.218999999999994" classname="table_pkct01" name="Specific_PKCT01_features_are_present"/>
    <testcase time="0.0040000000000191" classname="table_pkct01" name="Specific_PKCT01_features_are_present"/>
    <testcase time="0.783999999999992" classname="table_pkct01" name="Specific_PKCT01_features_are_present"/>
    <testcase time="0.596000000000004" classname="table_pkct01" name="Specific_PKCT01_features_are_present"/>
  </testsuite>
  <testsuite name="table_pkpt02" timestamp="2025-01-20T01:50:56Z" hostname="8fe2cdf26bce" tests="2" skipped="0" failures="0" errors="0" time="0.61">
    <testcase time="0.350999999999999" classname="table_pkpt02" name="PKPT02_is_produced_correctly_for_Drug_X"/>
    <testcase time="0.258999999999986" classname="table_pkpt02" name="PKPT02_is_produced_correctly_for_Drug_X"/>
  </testsuite>
  <testsuite name="table_pkpt03" timestamp="2025-01-20T01:50:57Z" hostname="8fe2cdf26bce" tests="2" skipped="0" failures="0" errors="0" time="1.246">
    <testcase time="1.02500000000001" classname="table_pkpt03" name="PKPT03_Drug_X_is_produced_correctly"/>
    <testcase time="0.221000000000004" classname="table_pkpt03" name="PKPT03_Drug_X_is_produced_correctly"/>
  </testsuite>
  <testsuite name="table_pkpt04" timestamp="2025-01-20T01:50:58Z" hostname="8fe2cdf26bce" tests="2" skipped="0" failures="0" errors="0" time="0.221">
    <testcase time="0.131" classname="table_pkpt04" name="PKPT04_is_produced_correctly_for_Drug_X"/>
    <testcase time="0.0900000000000034" classname="table_pkpt04" name="PKPT04_is_produced_correctly_for_Drug_X"/>
  </testsuite>
  <testsuite name="table_pkpt05" timestamp="2025-01-20T01:50:58Z" hostname="8fe2cdf26bce" tests="2" skipped="0" failures="0" errors="0" time="0.443">
    <testcase time="0.306999999999988" classname="table_pkpt05" name="PKPT05_Drug_X_is_produced_correctly"/>
    <testcase time="0.135999999999996" classname="table_pkpt05" name="PKPT05_Drug_X_is_produced_correctly"/>
  </testsuite>
  <testsuite name="table_pkpt06" timestamp="2025-01-20T01:50:58Z" hostname="8fe2cdf26bce" tests="4" skipped="0" failures="0" errors="0" time="0.298">
    <testcase time="0.0940000000000225" classname="table_pkpt06" name="PKPT06_is_produced_correctly_for_Drug_X"/>
    <testcase time="0.0679999999999836" classname="table_pkpt06" name="PKPT06_is_produced_correctly_for_Drug_X"/>
    <testcase time="0.0750000000000171" classname="table_pkpt06" name="PKPT06_is_produced_correctly_for_Drug_Y"/>
    <testcase time="0.0609999999999786" classname="table_pkpt06" name="PKPT06_is_produced_correctly_for_Drug_Y"/>
  </testsuite>
  <testsuite name="table_pkpt07" timestamp="2025-01-20T01:50:59Z" hostname="8fe2cdf26bce" tests="4" skipped="0" failures="0" errors="0" time="0.572">
    <testcase time="0.237000000000023" classname="table_pkpt07" name="PKPT07_Drug_X_is_produced_correctly"/>
    <testcase time="0.101999999999975" classname="table_pkpt07" name="PKPT07_Drug_X_is_produced_correctly"/>
    <testcase time="0.142000000000024" classname="table_pkpt07" name="PKPT07_Drug_Y_is_produced_correctly"/>
    <testcase time="0.0909999999999798" classname="table_pkpt07" name="PKPT07_Drug_Y_is_produced_correctly"/>
  </testsuite>
  <testsuite name="table_ratet01" timestamp="2025-01-20T01:50:59Z" hostname="8fe2cdf26bce" tests="2" skipped="0" failures="0" errors="0" time="1.373">
    <testcase time="1.19900000000001" classname="table_ratet01" name="RATET01_is_produced_correctly"/>
    <testcase time="0.174000000000007" classname="table_ratet01" name="RATET01_is_produced_correctly"/>
  </testsuite>
  <testsuite name="table_rmpt01" timestamp="2025-01-20T01:51:01Z" hostname="8fe2cdf26bce" tests="2" skipped="0" failures="0" errors="0" time="0.224">
    <testcase time="0.161999999999978" classname="table_rmpt01" name="RMPT01_is_produced_correctly"/>
    <testcase time="0.0620000000000118" classname="table_rmpt01" name="RMPT01_is_produced_correctly"/>
  </testsuite>
  <testsuite name="table_rmpt03" timestamp="2025-01-20T01:51:01Z" hostname="8fe2cdf26bce" tests="4" skipped="0" failures="0" errors="0" time="0.576">
    <testcase time="0.222000000000008" classname="table_rmpt03" name="RMPT03_variant_1_is_produced_correctly"/>
    <testcase time="0.0879999999999939" classname="table_rmpt03" name="RMPT03_variant_1_is_produced_correctly"/>
    <testcase time="0.173000000000002" classname="table_rmpt03" name="RMPT03_variant_2_is_produced_correctly"/>
    <testcase time="0.0929999999999893" classname="table_rmpt03" name="RMPT03_variant_2_is_produced_correctly"/>
  </testsuite>
  <testsuite name="table_rmpt04" timestamp="2025-01-20T01:51:02Z" hostname="8fe2cdf26bce" tests="2" skipped="0" failures="0" errors="0" time="0.219">
    <testcase time="0.156000000000006" classname="table_rmpt04" name="RMPT04_variant_1_is_produced_correctly"/>
    <testcase time="0.0629999999999882" classname="table_rmpt04" name="RMPT04_variant_1_is_produced_correctly"/>
  </testsuite>
  <testsuite name="table_rmpt05" timestamp="2025-01-20T01:51:02Z" hostname="8fe2cdf26bce" tests="2" skipped="0" failures="0" errors="0" time="0.254">
    <testcase time="0.181000000000012" classname="table_rmpt05" name="RMPT05_is_produced_correctly"/>
    <testcase time="0.0730000000000075" classname="table_rmpt05" name="RMPT05_is_produced_correctly"/>
  </testsuite>
  <testsuite name="table_rmpt06" timestamp="2025-01-20T01:51:02Z" hostname="8fe2cdf26bce" tests="8" skipped="0" failures="0" errors="0" time="1.7">
    <testcase time="0.328999999999979" classname="table_rmpt06" name="RMPT06_variant_1_is_produced_correctly"/>
    <testcase time="0.13300000000001" classname="table_rmpt06" name="RMPT06_variant_1_is_produced_correctly"/>
    <testcase time="0.22399999999999" classname="table_rmpt06" name="RMPT06_variant_2_is_produced_correctly"/>
    <testcase time="0.0880000000000223" classname="table_rmpt06" name="RMPT06_variant_2_is_produced_correctly"/>
    <testcase time="0.316000000000003" classname="table_rmpt06" name="RMPT06_variant_3_is_produced_correctly"/>
    <testcase time="0.144999999999982" classname="table_rmpt06" name="RMPT06_variant_3_is_produced_correctly"/>
    <testcase time="0.317000000000007" classname="table_rmpt06" name="RMPT06_variant_4_is_produced_correctly"/>
    <testcase time="0.147999999999996" classname="table_rmpt06" name="RMPT06_variant_4_is_produced_correctly"/>
  </testsuite>
  <testsuite name="table_rspt01" timestamp="2025-01-20T01:51:04Z" hostname="8fe2cdf26bce" tests="12" skipped="0" failures="0" errors="0" time="2.621">
    <testcase time="0.313000000000017" classname="table_rspt01" name="RSPT01_1._Best_Overall_Response"/>
    <testcase time="0.115999999999985" classname="table_rspt01" name="RSPT01_1._Best_Overall_Response"/>
    <testcase time="0.27600000000001" classname="table_rspt01" name="RSPT01_2._Best_Overall_Response_selecting_sections_to_display_"/>
    <testcase time="0.138999999999982" classname="table_rspt01" name="RSPT01_2._Best_Overall_Response_selecting_sections_to_display_"/>
    <testcase time="0.348000000000013" classname="table_rspt01" name="RSPT01_3._Best_Overall_Response_modifying_settings_"/>
    <testcase time="0.140999999999991" classname="table_rspt01" name="RSPT01_3._Best_Overall_Response_modifying_settings_"/>
    <testcase time="0.365000000000009" classname="table_rspt01" name="RSPT01_4._Best_Overall_Response_with_stratified_analysis_"/>
    <testcase time="0.157999999999987" classname="table_rspt01" name="RSPT01_4._Best_Overall_Response_with_stratified_analysis_"/>
    <testcase time="0.289000000000016" classname="table_rspt01" name="RSPT01_5._Best_Overall_Response_modifying_the_definition_of_overall_response_"/>
    <testcase time="0.11699999999999" classname="table_rspt01" name="RSPT01_5._Best_Overall_Response_modifying_the_definition_of_overall_response_"/>
    <testcase time="0.235000000000014" classname="table_rspt01" name="RSPT01_6._Best_Overall_Response_define_new_sections_to_display_"/>
    <testcase time="0.123999999999995" classname="table_rspt01" name="RSPT01_6._Best_Overall_Response_define_new_sections_to_display_"/>
  </testsuite>
  <testsuite name="table_ttet01" timestamp="2025-01-20T01:51:06Z" hostname="8fe2cdf26bce" tests="14" skipped="0" failures="0" errors="0" time="3.987">
    <testcase time="0.469999999999999" classname="table_ttet01" name="TTET01_default_variant_is_produced_correctly"/>
    <testcase time="0.185000000000002" classname="table_ttet01" name="TTET01_default_variant_is_produced_correctly"/>
    <testcase time="0.45999999999998" classname="table_ttet01" name="TTET01_default_variant_with_Placebo_arm"/>
    <testcase time="0.197000000000003" classname="table_ttet01" name="TTET01_default_variant_with_Placebo_arm"/>
    <testcase time="0.244" classname="table_ttet01" name="TTET01_variant_2_selecting_sections_to_display"/>
    <testcase time="0.118000000000023" classname="table_ttet01" name="TTET01_variant_2_selecting_sections_to_display"/>
    <testcase time="0.634999999999991" classname="table_ttet01" name="TTET01_variant_3_modifying_analysis_details_like_conftype_ties_alpha_level"/>
    <testcase time="0.138000000000005" classname="table_ttet01" name="TTET01_variant_3_modifying_analysis_details_like_conftype_ties_alpha_level"/>
    <testcase time="0.373999999999995" classname="table_ttet01" name="TTET01_variant_4_with_stratified_analysis"/>
    <testcase time="0.151999999999987" classname="table_ttet01" name="TTET01_variant_4_with_stratified_analysis"/>
    <testcase time="0.328000000000003" classname="table_ttet01" name="TTET01_variant_5_modifying_time_point"/>
    <testcase time="0.135999999999996" classname="table_ttet01" name="TTET01_variant_5_modifying_time_point"/>
    <testcase time="0.404000000000025" classname="table_ttet01" name="TTET01_variant_6_requesting_more_than_one_p_value"/>
    <testcase time="0.145999999999987" classname="table_ttet01" name="TTET01_variant_6_requesting_more_than_one_p_value"/>
  </testsuite>
  <testsuite name="table_vst01" timestamp="2025-01-20T01:51:11Z" hostname="8fe2cdf26bce" tests="2" skipped="0" failures="0" errors="0" time="2.194">
    <testcase time="1.78200000000001" classname="table_vst01" name="VST01_default_variant_is_produced_correctly"/>
    <testcase time="0.411999999999978" classname="table_vst01" name="VST01_default_variant_is_produced_correctly"/>
  </testsuite>
  <testsuite name="table_vst02" timestamp="2025-01-20T01:51:13Z" hostname="8fe2cdf26bce" tests="4" skipped="0" failures="0" errors="0" time="1.565">
    <testcase time="1.07400000000001" classname="table_vst02" name="1._Vital_Sign_Abnormalities_Regardless_of_Abnormality_at_Baseline_VST02_1_"/>
    <testcase time="0.11099999999999" classname="table_vst02" name="1._Vital_Sign_Abnormalities_Regardless_of_Abnormality_at_Baseline_VST02_1_"/>
    <testcase time="0.271000000000015" classname="table_vst02" name="2._Vital_Sign_Abnormalities_Among_Subject_Without_Abnormality_at_Baseline_VST02_2_"/>
    <testcase time="0.10899999999998" classname="table_vst02" name="2._Vital_Sign_Abnormalities_Among_Subject_Without_Abnormality_at_Baseline_VST02_2_"/>
  </testsuite>
</testsuites>
