<?xml version="1.0" encoding="UTF-8"?>
<testsuites>
  <testsuite name="listing_adal02" timestamp="2025-04-01T15:12:39Z" hostname="e84c985a50c0" tests="1" skipped="0" failures="0" errors="0" time="0.261">
    <testcase time="0.261" classname="listing_adal02" name="ADAL02_listing_is_produced_correctly"/>
  </testsuite>
  <testsuite name="listing_ael01" timestamp="2025-04-01T15:12:40Z" hostname="e84c985a50c0" tests="1" skipped="0" failures="0" errors="0" time="0.203">
    <testcase time="0.202999999999999" classname="listing_ael01" name="AEL01_listing_is_produced_correctly"/>
  </testsuite>
  <testsuite name="listing_ael01_nollt" timestamp="2025-04-01T15:12:40Z" hostname="e84c985a50c0" tests="1" skipped="0" failures="0" errors="0" time="0.075">
    <testcase time="0.0750000000000011" classname="listing_ael01_nollt" name="AEL01_NOLLT_listing_is_produced_correctly"/>
  </testsuite>
  <testsuite name="listing_ael02" timestamp="2025-04-01T15:12:40Z" hostname="e84c985a50c0" tests="1" skipped="0" failures="0" errors="0" time="0.3">
    <testcase time="0.299999999999999" classname="listing_ael02" name="AEL02_listing_is_produced_correctly"/>
  </testsuite>
  <testsuite name="listing_ael02_ed" timestamp="2025-04-01T15:12:40Z" hostname="e84c985a50c0" tests="1" skipped="0" failures="0" errors="0" time="0.344">
    <testcase time="0.343999999999999" classname="listing_ael02_ed" name="AEL02_ED_listing_is_produced_correctly"/>
  </testsuite>
  <testsuite name="listing_ael03" timestamp="2025-04-01T15:12:41Z" hostname="e84c985a50c0" tests="1" skipped="0" failures="0" errors="0" time="0.293">
    <testcase time="0.293000000000001" classname="listing_ael03" name="AEL03_listing_is_produced_correctly"/>
  </testsuite>
  <testsuite name="listing_ael04" timestamp="2025-04-01T15:12:41Z" hostname="e84c985a50c0" tests="1" skipped="0" failures="0" errors="0" time="0.204">
    <testcase time="0.204000000000001" classname="listing_ael04" name="AEL04_listing_is_produced_correctly"/>
  </testsuite>
  <testsuite name="listing_cml01" timestamp="2025-04-01T15:12:41Z" hostname="e84c985a50c0" tests="1" skipped="0" failures="0" errors="0" time="0.342">
    <testcase time="0.341999999999999" classname="listing_cml01" name="CML01_listing_is_produced_correctly"/>
  </testsuite>
  <testsuite name="listing_cml02a_gl" timestamp="2025-04-01T15:12:41Z" hostname="e84c985a50c0" tests="1" skipped="0" failures="0" errors="0" time="0.125">
    <testcase time="0.125" classname="listing_cml02a_gl" name="CML02A_GL_listing_is_produced_correctly"/>
  </testsuite>
  <testsuite name="listing_cml02b_gl" timestamp="2025-04-01T15:12:42Z" hostname="e84c985a50c0" tests="1" skipped="0" failures="0" errors="0" time="0.172">
    <testcase time="0.172000000000001" classname="listing_cml02b_gl" name="CML02B_GL_listing_is_produced_correctly"/>
  </testsuite>
  <testsuite name="listing_dsl01" timestamp="2025-04-01T15:12:42Z" hostname="e84c985a50c0" tests="1" skipped="0" failures="0" errors="0" time="0.19">
    <testcase time="0.19" classname="listing_dsl01" name="DSL01_listing_is_produced_correctly"/>
  </testsuite>
  <testsuite name="listing_dsl02" timestamp="2025-04-01T15:12:42Z" hostname="e84c985a50c0" tests="1" skipped="0" failures="0" errors="0" time="0.078">
    <testcase time="0.0780000000000012" classname="listing_dsl02" name="DSL02_listing_is_produced_correctly"/>
  </testsuite>
  <testsuite name="listing_dsur4" timestamp="2025-04-01T15:12:42Z" hostname="e84c985a50c0" tests="1" skipped="0" failures="0" errors="0" time="0.128">
    <testcase time="0.127999999999998" classname="listing_dsur4" name="DSUR4_listing_is_produced_correctly"/>
  </testsuite>
  <testsuite name="listing_egl01" timestamp="2025-04-01T15:12:42Z" hostname="e84c985a50c0" tests="1" skipped="0" failures="0" errors="0" time="0.443">
    <testcase time="0.443000000000001" classname="listing_egl01" name="EGL01_listing_is_produced_correctly"/>
  </testsuite>
  <testsuite name="listing_exl01" timestamp="2025-04-01T15:12:43Z" hostname="e84c985a50c0" tests="1" skipped="0" failures="0" errors="0" time="0.222">
    <testcase time="0.222" classname="listing_exl01" name="EXL01_listing_is_produced_correctly"/>
  </testsuite>
  <testsuite name="listing_lbl01" timestamp="2025-04-01T15:12:43Z" hostname="e84c985a50c0" tests="1" skipped="0" failures="0" errors="0" time="0.542">
    <testcase time="0.542" classname="listing_lbl01" name="LBL01_listing_is_produced_correctly"/>
  </testsuite>
  <testsuite name="listing_lbl01_rls" timestamp="2025-04-01T15:12:43Z" hostname="e84c985a50c0" tests="1" skipped="0" failures="0" errors="0" time="0.535">
    <testcase time="0.535" classname="listing_lbl01_rls" name="LBL01_RLS_listing_is_produced_correctly"/>
  </testsuite>
  <testsuite name="listing_lbl02a" timestamp="2025-04-01T15:12:44Z" hostname="e84c985a50c0" tests="1" skipped="0" failures="0" errors="0" time="0.263">
    <testcase time="0.263" classname="listing_lbl02a" name="LBL02A_listing_is_produced_correctly"/>
  </testsuite>
  <testsuite name="listing_lbl02a_rls" timestamp="2025-04-01T15:12:44Z" hostname="e84c985a50c0" tests="1" skipped="0" failures="0" errors="0" time="0.814">
    <testcase time="0.814" classname="listing_lbl02a_rls" name="LBL02A_RLS_listing_is_produced_correctly"/>
  </testsuite>
  <testsuite name="listing_lbl02b" timestamp="2025-04-01T15:12:45Z" hostname="e84c985a50c0" tests="1" skipped="0" failures="0" errors="0" time="0.27">
    <testcase time="0.27" classname="listing_lbl02b" name="LBL02B_listing_is_produced_correctly"/>
  </testsuite>
  <testsuite name="listing_mhl01" timestamp="2025-04-01T15:12:45Z" hostname="e84c985a50c0" tests="1" skipped="0" failures="0" errors="0" time="0.253">
    <testcase time="0.253" classname="listing_mhl01" name="MHL01_listing_is_produced_correctly"/>
  </testsuite>
  <testsuite name="listing_oncl01" timestamp="2025-04-01T15:12:46Z" hostname="e84c985a50c0" tests="1" skipped="0" failures="0" errors="0" time="0.252">
    <testcase time="0.252000000000001" classname="listing_oncl01" name="ONCL01_listing_is_produced_correctly"/>
  </testsuite>
  <testsuite name="listing_pkcl01" timestamp="2025-04-01T15:12:46Z" hostname="e84c985a50c0" tests="2" skipped="0" failures="0" errors="0" time="0.703">
    <testcase time="0.195" classname="listing_pkcl01" name="PKCL01_listing_is_produced_correctly"/>
    <testcase time="0.507999999999999" classname="listing_pkcl01" name="PKCL01_listing_key_columns_values_are_repeated_when_entries_span_multiple_pages"/>
  </testsuite>
  <testsuite name="listing_pkcl02" timestamp="2025-04-01T15:12:46Z" hostname="e84c985a50c0" tests="1" skipped="0" failures="0" errors="0" time="0.208">
    <testcase time="0.208" classname="listing_pkcl02" name="PKCL02_listing_is_produced_correctly"/>
  </testsuite>
  <testsuite name="listing_pkpl01" timestamp="2025-04-01T15:12:47Z" hostname="e84c985a50c0" tests="1" skipped="0" failures="0" errors="0" time="0.295">
    <testcase time="0.295" classname="listing_pkpl01" name="PKPL01_listing_is_produced_correctly"/>
  </testsuite>
  <testsuite name="listing_pkpl02" timestamp="2025-04-01T15:12:47Z" hostname="e84c985a50c0" tests="1" skipped="0" failures="0" errors="0" time="0.162">
    <testcase time="0.162000000000001" classname="listing_pkpl02" name="PKPL02_listing_is_produced_correctly"/>
  </testsuite>
  <testsuite name="listing_pkpl04" timestamp="2025-04-01T15:12:47Z" hostname="e84c985a50c0" tests="1" skipped="0" failures="0" errors="0" time="0.203">
    <testcase time="0.202999999999999" classname="listing_pkpl04" name="PKPL04_listing_is_produced_correctly"/>
  </testsuite>
  <testsuite name="listing_vsl01" timestamp="2025-04-01T15:12:47Z" hostname="e84c985a50c0" tests="1" skipped="0" failures="0" errors="0" time="0.426">
    <testcase time="0.426" classname="listing_vsl01" name="VSL01_listing_is_produced_correctly"/>
  </testsuite>
  <testsuite name="pagination_listing" timestamp="2025-04-01T15:12:48Z" hostname="e84c985a50c0" tests="13" skipped="0" failures="0" errors="0" time="6.026">
    <testcase time="0.0399999999999991" classname="pagination_listing" name="Direct_pagination_works_fine"/>
    <testcase time="1.003" classname="pagination_listing" name="Direct_pagination_works_fine"/>
    <testcase time="0.00300000000000011" classname="pagination_listing" name="Direct_pagination_works_fine"/>
    <testcase time="0.916" classname="pagination_listing" name="Direct_pagination_works_fine"/>
    <testcase time="1.251" classname="pagination_listing" name="Direct_pagination_works_fine"/>
    <testcase time="1.525" classname="pagination_listing" name="pagination_counts_the_right_number_of_lines_when_wrapping_on_keycols_is_present"/>
    <testcase time="0.00600000000000023" classname="pagination_listing" name="pagination_counts_the_right_number_of_lines_when_wrapping_on_keycols_is_present"/>
    <testcase time="0.00499999999999901" classname="pagination_listing" name="pagination_counts_the_right_number_of_lines_when_wrapping_on_keycols_is_present"/>
    <testcase time="0.00300000000000011" classname="pagination_listing" name="pagination_counts_the_right_number_of_lines_when_wrapping_on_keycols_is_present"/>
    <testcase time="1.261" classname="pagination_listing" name="pagination_counts_the_right_number_of_lines_when_wrapping_on_keycols_is_present"/>
    <testcase time="0.00599999999999667" classname="pagination_listing" name="pagination_counts_the_right_number_of_lines_when_wrapping_on_keycols_is_present"/>
    <testcase time="0.00400000000000134" classname="pagination_listing" name="pagination_counts_the_right_number_of_lines_when_wrapping_on_keycols_is_present"/>
    <testcase time="0.00300000000000011" classname="pagination_listing" name="pagination_counts_the_right_number_of_lines_when_wrapping_on_keycols_is_present"/>
  </testsuite>
  <testsuite name="pagination_table" timestamp="2025-04-01T15:12:55Z" hostname="e84c985a50c0" tests="30" skipped="0" failures="0" errors="0" time="14.4">
    <testcase time="1.715" classname="pagination_table" name="Direct_pagination_with_standard_values"/>
    <testcase time="0.00499999999999901" classname="pagination_table" name="Direct_pagination_with_standard_values"/>
    <testcase time="0.00300000000000011" classname="pagination_table" name="Direct_pagination_with_standard_values"/>
    <testcase time="1.227" classname="pagination_table" name="Pagination_with_specific_column_widths_and_minimum_lines_per_page"/>
    <testcase time="0.00400000000000134" classname="pagination_table" name="Pagination_with_specific_column_widths_and_minimum_lines_per_page"/>
    <testcase time="0.116" classname="pagination_table" name="Pagination_with_specific_column_widths_and_minimum_lines_per_page"/>
    <testcase time="0.963000000000001" classname="pagination_table" name="Pagination_works_also_if_table_is_decorated"/>
    <testcase time="0.550000000000001" classname="pagination_table" name="Pagination_works_also_if_table_is_decorated"/>
    <testcase time="0.824999999999999" classname="pagination_table" name="Pagination_works_also_if_table_is_decorated"/>
    <testcase time="0.687999999999999" classname="pagination_table" name="Pagination_works_also_if_table_is_decorated"/>
    <testcase time="1.38" classname="pagination_table" name="Pagination_works_also_if_table_is_decorated"/>
    <testcase time="0.318000000000001" classname="pagination_table" name="Pagination_works_also_if_table_is_decorated"/>
    <testcase time="0.00400000000000134" classname="pagination_table" name="Pagination_works_also_if_table_is_decorated"/>
    <testcase time="0.0229999999999997" classname="pagination_table" name="Pagination_works_also_if_table_is_decorated"/>
    <testcase time="0.166" classname="pagination_table" name="Pagination_works_also_if_table_is_decorated"/>
    <testcase time="0.102999999999998" classname="pagination_table" name="Pagination_works_also_if_table_is_decorated"/>
    <testcase time="0.748000000000001" classname="pagination_table" name="Pagination_works_for_page_types"/>
    <testcase time="0.0790000000000006" classname="pagination_table" name="Pagination_works_for_page_types"/>
    <testcase time="0.735999999999997" classname="pagination_table" name="Pagination_works_for_page_types"/>
    <testcase time="0.0910000000000011" classname="pagination_table" name="Pagination_works_for_page_types"/>
    <testcase time="0.678999999999998" classname="pagination_table" name="Pagination_works_for_page_types"/>
    <testcase time="0.420000000000002" classname="pagination_table" name="Pagination_works_for_page_types"/>
    <testcase time="0.755000000000003" classname="pagination_table" name="Pagination_works_for_page_width_and_height"/>
    <testcase time="0.140000000000001" classname="pagination_table" name="Pagination_works_for_page_width_and_height"/>
    <testcase time="0.833999999999996" classname="pagination_table" name="Pagination_works_for_page_types"/>
    <testcase time="0.169000000000004" classname="pagination_table" name="Pagination_works_for_page_types"/>
    <testcase time="0.846999999999994" classname="pagination_table" name="AET04_variant_2_page_by_pagination_tests"/>
    <testcase time="0.640000000000001" classname="pagination_table" name="AET04_variant_2_page_by_pagination_tests"/>
    <testcase time="0.00200000000000244" classname="pagination_table" name="AET04_variant_2_page_by_pagination_tests"/>
    <testcase time="0.170000000000002" classname="pagination_table" name="AET04_variant_2_page_by_pagination_tests"/>
  </testsuite>
  <testsuite name="table_adat03" timestamp="2025-04-01T15:13:08Z" hostname="e84c985a50c0" tests="2" skipped="0" failures="0" errors="0" time="0.588">
    <testcase time="0.442" classname="table_adat03" name="ADAT03_is_produced_correctly"/>
    <testcase time="0.146000000000001" classname="table_adat03" name="ADAT03_is_produced_correctly"/>
  </testsuite>
  <testsuite name="table_aet01" timestamp="2025-04-01T15:13:09Z" hostname="e84c985a50c0" tests="8" skipped="0" failures="0" errors="0" time="1.87">
    <testcase time="0.393000000000001" classname="table_aet01" name="Safety_Summary_Variant_1_works_as_expected"/>
    <testcase time="0.122" classname="table_aet01" name="Safety_Summary_Variant_1_works_as_expected"/>
    <testcase time="0.335999999999999" classname="table_aet01" name="Safety_Summary_Variant_2_with_Medical_Concepts_Section_works_as_expected"/>
    <testcase time="0.136000000000003" classname="table_aet01" name="Safety_Summary_Variant_2_with_Medical_Concepts_Section_works_as_expected"/>
    <testcase time="0.272999999999996" classname="table_aet01" name="Safety_Summary_Variant_3_with_Modified_Rows_works_as_expected"/>
    <testcase time="0.0919999999999987" classname="table_aet01" name="Safety_Summary_Variant_3_with_Modified_Rows_works_as_expected"/>
    <testcase time="0.380000000000003" classname="table_aet01" name="Safety_Summary_Variant_4_with_Rows_Counting_Events_and_Additional_Sections_works_as_expected"/>
    <testcase time="0.137999999999998" classname="table_aet01" name="Safety_Summary_Variant_4_with_Rows_Counting_Events_and_Additional_Sections_works_as_expected"/>
  </testsuite>
  <testsuite name="table_aet01_aesi" timestamp="2025-04-01T15:13:11Z" hostname="e84c985a50c0" tests="8" skipped="0" failures="0" errors="0" time="2.838">
    <testcase time="0.294000000000004" classname="table_aet01_aesi" name="AET01_AESI_Variant_1_works_as_expected"/>
    <testcase time="0.100000000000001" classname="table_aet01_aesi" name="AET01_AESI_Variant_1_works_as_expected"/>
    <testcase time="0.683999999999997" classname="table_aet01_aesi" name="AET01_AESI_Variant_2_works_as_expected"/>
    <testcase time="0.152999999999999" classname="table_aet01_aesi" name="AET01_AESI_Variant_2_works_as_expected"/>
    <testcase time="0.633000000000003" classname="table_aet01_aesi" name="AET01_AESI_Variant_3_works_as_expected"/>
    <testcase time="0.216000000000001" classname="table_aet01_aesi" name="AET01_AESI_Variant_3_works_as_expected"/>
    <testcase time="0.538999999999994" classname="table_aet01_aesi" name="AET01_AESI_Variant_4_works_as_expected"/>
    <testcase time="0.219000000000001" classname="table_aet01_aesi" name="AET01_AESI_Variant_4_works_as_expected"/>
  </testsuite>
  <testsuite name="table_aet02" timestamp="2025-04-01T15:13:14Z" hostname="e84c985a50c0" tests="26" skipped="0" failures="0" errors="0" time="7.915">
    <testcase time="0.533999999999999" classname="table_aet02" name="AET02_variant_1_is_produced_correctly"/>
    <testcase time="0.178000000000004" classname="table_aet02" name="AET02_variant_1_is_produced_correctly"/>
    <testcase time="0.425999999999995" classname="table_aet02" name="AET02_variant_1_is_produced_correctly"/>
    <testcase time="0.0990000000000038" classname="table_aet02" name="AET02_variant_1_is_produced_correctly"/>
    <testcase time="0.592999999999996" classname="table_aet02" name="AET02_variant_2_is_produced_correctly"/>
    <testcase time="0.182000000000002" classname="table_aet02" name="AET02_variant_2_is_produced_correctly"/>
    <testcase time="0.874000000000002" classname="table_aet02" name="AET02_variant_3_is_produced_correctly"/>
    <testcase time="0.295999999999999" classname="table_aet02" name="AET02_variant_3_is_produced_correctly"/>
    <testcase time="0.122999999999998" classname="table_aet02" name="AET02_variant_4_is_produced_correctly"/>
    <testcase time="0.105000000000004" classname="table_aet02" name="AET02_variant_4_is_produced_correctly"/>
    <testcase time="0.387" classname="table_aet02" name="AET02_variant_5_is_produced_correctly"/>
    <testcase time="0.162999999999997" classname="table_aet02" name="AET02_variant_5_is_produced_correctly"/>
    <testcase time="0.386000000000003" classname="table_aet02" name="AET02_variant_6_is_produced_correctly"/>
    <testcase time="0.114999999999995" classname="table_aet02" name="AET02_variant_6_is_produced_correctly"/>
    <testcase time="0.884" classname="table_aet02" name="AET02_variant_7_is_produced_correctly"/>
    <testcase time="0.152000000000001" classname="table_aet02" name="AET02_variant_7_is_produced_correctly"/>
    <testcase time="0.390000000000001" classname="table_aet02" name="AET02_variant_8_is_produced_correctly"/>
    <testcase time="0.0859999999999985" classname="table_aet02" name="AET02_variant_8_is_produced_correctly"/>
    <testcase time="0.380000000000003" classname="table_aet02" name="AET02_variant_9_is_produced_correctly"/>
    <testcase time="0.112000000000002" classname="table_aet02" name="AET02_variant_9_is_produced_correctly"/>
    <testcase time="0.388999999999996" classname="table_aet02" name="AET02_variant_10_is_produced_correctly"/>
    <testcase time="0.097999999999999" classname="table_aet02" name="AET02_variant_10_is_produced_correctly"/>
    <testcase time="0.400000000000006" classname="table_aet02" name="AET02_variant_11_is_produced_correctly"/>
    <testcase time="0.0899999999999963" classname="table_aet02" name="AET02_variant_11_is_produced_correctly"/>
    <testcase time="0.381" classname="table_aet02" name="AET02_variant_12_is_produced_correctly"/>
    <testcase time="0.0919999999999987" classname="table_aet02" name="AET02_variant_12_is_produced_correctly"/>
  </testsuite>
  <testsuite name="table_aet02_smq" timestamp="2025-04-01T15:13:21Z" hostname="e84c985a50c0" tests="4" skipped="0" failures="0" errors="0" time="0.431">
    <testcase time="0.119" classname="table_aet02_smq" name="AET02SMQ_variant_1_is_produced_correctly"/>
    <testcase time="0.0680000000000049" classname="table_aet02_smq" name="AET02SMQ_variant_1_is_produced_correctly"/>
    <testcase time="0.150999999999996" classname="table_aet02_smq" name="AET02SMQ_variant_2_is_produced_correctly"/>
    <testcase time="0.0930000000000035" classname="table_aet02_smq" name="AET02SMQ_variant_2_is_produced_correctly"/>
  </testsuite>
  <testsuite name="table_aet03" timestamp="2025-04-01T15:13:22Z" hostname="e84c985a50c0" tests="6" skipped="0" failures="0" errors="0" time="4.938">
    <testcase time="1.101" classname="table_aet03" name="AET03_variant_1_is_produced_correctly"/>
    <testcase time="0.423999999999999" classname="table_aet03" name="AET03_variant_1_is_produced_correctly"/>
    <testcase time="1.388" classname="table_aet03" name="AET03_variant_1_is_produced_correctly"/>
    <testcase time="0.710999999999999" classname="table_aet03" name="AET03_variant_1_is_produced_correctly"/>
    <testcase time="1.09500000000001" classname="table_aet03" name="AET03_variant_1_is_produced_correctly"/>
    <testcase time="0.218999999999994" classname="table_aet03" name="AET03_variant_1_is_produced_correctly"/>
  </testsuite>
  <testsuite name="table_aet04" timestamp="2025-04-01T15:13:28Z" hostname="e84c985a50c0" tests="30" skipped="0" failures="0" errors="0" time="12.426">
    <testcase time="0.765000000000001" classname="table_aet04" name="AET04_variant_1_is_produced_correctly"/>
    <testcase time="0.325000000000003" classname="table_aet04" name="AET04_variant_1_is_produced_correctly"/>
    <testcase time="0.786000000000001" classname="table_aet04" name="AET04_variant_1_is_produced_correctly"/>
    <testcase time="0.0569999999999951" classname="table_aet04" name="AET04_variant_1_is_produced_correctly"/>
    <testcase time="0.0400000000000063" classname="table_aet04" name="AET04_variant_1_is_produced_correctly"/>
    <testcase time="0.675999999999995" classname="table_aet04" name="AET04_variant_2_is_produced_correctly_Fill_in_of_Treatment_Groups_"/>
    <testcase time="0.291000000000004" classname="table_aet04" name="AET04_variant_2_is_produced_correctly_Fill_in_of_Treatment_Groups_"/>
    <testcase time="0.885999999999996" classname="table_aet04" name="AET04_variant_2_is_produced_correctly_Fill_in_of_Treatment_Groups_"/>
    <testcase time="0.0450000000000017" classname="table_aet04" name="AET04_variant_2_is_produced_correctly_Fill_in_of_Treatment_Groups_"/>
    <testcase time="0.0360000000000014" classname="table_aet04" name="AET04_variant_2_is_produced_correctly_Fill_in_of_Treatment_Groups_"/>
    <testcase time="0.637999999999998" classname="table_aet04" name="AET04_variant_3_is_produced_correctly_Fill_in_of_Grades_"/>
    <testcase time="0.32" classname="table_aet04" name="AET04_variant_3_is_produced_correctly_Fill_in_of_Grades_"/>
    <testcase time="0.753" classname="table_aet04" name="AET04_variant_3_is_produced_correctly_Fill_in_of_Grades_"/>
    <testcase time="0.0470000000000041" classname="table_aet04" name="AET04_variant_3_is_produced_correctly_Fill_in_of_Grades_"/>
    <testcase time="0.0379999999999967" classname="table_aet04" name="AET04_variant_3_is_produced_correctly_Fill_in_of_Grades_"/>
    <testcase time="0.669000000000004" classname="table_aet04" name="AET04_variant_4_is_produced_correctly_Collapsing_of_Grades_grades_1_2_grades_3_4_5_"/>
    <testcase time="0.308999999999997" classname="table_aet04" name="AET04_variant_4_is_produced_correctly_Collapsing_of_Grades_grades_1_2_grades_3_4_5_"/>
    <testcase time="0.741999999999997" classname="table_aet04" name="AET04_variant_4_is_produced_correctly_Collapsing_of_Grades_grades_1_2_grades_3_4_5_"/>
    <testcase time="0.687000000000005" classname="table_aet04" name="AET04_variant_6_is_produced_correctly_with_an_Incidence_Rate_of_at_Least_5_totals_restricted_"/>
    <testcase time="0.308999999999997" classname="table_aet04" name="AET04_variant_6_is_produced_correctly_with_an_Incidence_Rate_of_at_Least_5_totals_restricted_"/>
    <testcase time="0.739000000000004" classname="table_aet04" name="AET04_variant_6_is_produced_correctly_with_an_Incidence_Rate_of_at_Least_5_totals_restricted_"/>
    <testcase time="0.00999999999999091" classname="table_aet04" name="AET04_variant_8_is_produced_correctly_with_an_Incidence_Rate_of_at_Least_X_Patients_"/>
    <testcase time="0.315000000000012" classname="table_aet04" name="AET04_variant_8_is_produced_correctly_with_an_Incidence_Rate_of_at_Least_X_Patients_"/>
    <testcase time="0.753" classname="table_aet04" name="AET04_variant_8_is_produced_correctly_with_an_Incidence_Rate_of_at_Least_X_Patients_"/>
    <testcase time="0.00999999999999091" classname="table_aet04" name="AET04_variant_9_is_produced_correctly_with_a_Difference_in_Incidence_Rate_of_at_Least_X_"/>
    <testcase time="0.332000000000008" classname="table_aet04" name="AET04_variant_9_is_produced_correctly_with_a_Difference_in_Incidence_Rate_of_at_Least_X_"/>
    <testcase time="0.762999999999991" classname="table_aet04" name="AET04_variant_9_is_produced_correctly_with_a_Difference_in_Incidence_Rate_of_at_Least_X_"/>
    <testcase time="0.0120000000000005" classname="table_aet04" name="AET04_variant_11_is_produced_correctly_with_Incidence_Rate_of_at_Least_X_all_SOCs_w_o_preferred_terms_removed_"/>
    <testcase time="0.317999999999998" classname="table_aet04" name="AET04_variant_11_is_produced_correctly_with_Incidence_Rate_of_at_Least_X_all_SOCs_w_o_preferred_terms_removed_"/>
    <testcase time="0.75500000000001" classname="table_aet04" name="AET04_variant_11_is_produced_correctly_with_Incidence_Rate_of_at_Least_X_all_SOCs_w_o_preferred_terms_removed_"/>
  </testsuite>
  <testsuite name="table_aet04_pi" timestamp="2025-04-01T15:13:39Z" hostname="e84c985a50c0" tests="18" skipped="0" failures="0" errors="0" time="6.661">
    <testcase time="0.592999999999989" classname="table_aet04_pi" name="AET04_PI_full_table_is_produced_correctly"/>
    <testcase time="0.241000000000014" classname="table_aet04_pi" name="AET04_PI_full_table_is_produced_correctly"/>
    <testcase time="0.592999999999989" classname="table_aet04_pi" name="AET04_PI_variant_1_is_produced_correctly"/>
    <testcase time="0.180000000000007" classname="table_aet04_pi" name="AET04_PI_variant_1_is_produced_correctly"/>
    <testcase time="0.588999999999999" classname="table_aet04_pi" name="AET04_PI_variant_2_is_produced_correctly"/>
    <testcase time="0.122" classname="table_aet04_pi" name="AET04_PI_variant_2_is_produced_correctly"/>
    <testcase time="0.587000000000003" classname="table_aet04_pi" name="AET04_PI_variant_3_is_produced_correctly"/>
    <testcase time="0.137" classname="table_aet04_pi" name="AET04_PI_variant_3_is_produced_correctly"/>
    <testcase time="0.59899999999999" classname="table_aet04_pi" name="AET04_PI_variant_4_is_produced_correctly"/>
    <testcase time="0.111000000000004" classname="table_aet04_pi" name="AET04_PI_variant_4_is_produced_correctly"/>
    <testcase time="0.599000000000004" classname="table_aet04_pi" name="AET04_PI_variant_5_is_produced_correctly"/>
    <testcase time="0.165999999999997" classname="table_aet04_pi" name="AET04_PI_variant_5_is_produced_correctly"/>
    <testcase time="0.738" classname="table_aet04_pi" name="AET04_PI_variant_6_is_produced_correctly"/>
    <testcase time="0.167000000000002" classname="table_aet04_pi" name="AET04_PI_variant_6_is_produced_correctly"/>
    <testcase time="0.736999999999995" classname="table_aet04_pi" name="AET04_PI_variant_7_is_produced_correctly"/>
    <testcase time="0.166000000000011" classname="table_aet04_pi" name="AET04_PI_variant_7_is_produced_correctly"/>
    <testcase time="0.193999999999988" classname="table_aet04_pi" name="AET04_PI_variant_8_is_produced_correctly"/>
    <testcase time="0.14200000000001" classname="table_aet04_pi" name="AET04_PI_variant_8_is_produced_correctly"/>
  </testsuite>
  <testsuite name="table_aet05" timestamp="2025-04-01T15:13:46Z" hostname="e84c985a50c0" tests="4" skipped="0" failures="0" errors="0" time="0.301">
    <testcase time="0.10799999999999" classname="table_aet05" name="AET05_variant_1_is_produced_correctly"/>
    <testcase time="0.061000000000007" classname="table_aet05" name="AET05_variant_1_is_produced_correctly"/>
    <testcase time="0.0649999999999977" classname="table_aet05" name="AET05_variant_2_is_produced_correctly"/>
    <testcase time="0.0670000000000073" classname="table_aet05" name="AET05_variant_2_is_produced_correctly"/>
  </testsuite>
  <testsuite name="table_aet05_all" timestamp="2025-04-01T15:13:46Z" hostname="e84c985a50c0" tests="4" skipped="0" failures="0" errors="0" time="0.315">
    <testcase time="0.11699999999999" classname="table_aet05_all" name="AET05_ALL_variant_1_is_produced_correctly"/>
    <testcase time="0.0670000000000073" classname="table_aet05_all" name="AET05_ALL_variant_1_is_produced_correctly"/>
    <testcase time="0.0579999999999927" classname="table_aet05_all" name="AET05_ALL_variant_2_is_produced_correctly"/>
    <testcase time="0.0730000000000075" classname="table_aet05_all" name="AET05_ALL_variant_2_is_produced_correctly"/>
  </testsuite>
  <testsuite name="table_aet06" timestamp="2025-04-01T15:13:46Z" hostname="e84c985a50c0" tests="6" skipped="0" failures="0" errors="0" time="3.891">
    <testcase time="0.589999999999989" classname="table_aet06" name="AET06_variant_1_is_produced_correctly"/>
    <testcase time="0.238" classname="table_aet06" name="AET06_variant_1_is_produced_correctly"/>
    <testcase time="0.984000000000009" classname="table_aet06" name="AET06_variant_3_is_produced_correctly"/>
    <testcase time="0.346999999999994" classname="table_aet06" name="AET06_variant_3_is_produced_correctly"/>
    <testcase time="1.35599999999999" classname="table_aet06" name="AET06_variant_5_is_produced_correctly"/>
    <testcase time="0.376000000000005" classname="table_aet06" name="AET06_variant_5_is_produced_correctly"/>
  </testsuite>
  <testsuite name="table_aet06_smq" timestamp="2025-04-01T15:13:50Z" hostname="e84c985a50c0" tests="4" skipped="0" failures="0" errors="0" time="0.95">
    <testcase time="0.329999999999998" classname="table_aet06_smq" name="AET06_SMQ_variant_1_is_produced_correctly"/>
    <testcase time="0.140000000000001" classname="table_aet06_smq" name="AET06_SMQ_variant_1_is_produced_correctly"/>
    <testcase time="0.337000000000003" classname="table_aet06_smq" name="AET06_SMQ_variant_2_is_produced_correctly"/>
    <testcase time="0.143000000000001" classname="table_aet06_smq" name="AET06_SMQ_variant_2_is_produced_correctly"/>
  </testsuite>
  <testsuite name="table_aet07" timestamp="2025-04-01T15:13:51Z" hostname="e84c985a50c0" tests="4" skipped="0" failures="0" errors="0" time="0.19">
    <testcase time="0.0510000000000019" classname="table_aet07" name="AET07_variant_1_is_produced_correctly"/>
    <testcase time="0.0429999999999922" classname="table_aet07" name="AET07_variant_1_is_produced_correctly"/>
    <testcase time="0.054000000000002" classname="table_aet07" name="AET07_variant_2_is_produced_correctly"/>
    <testcase time="0.0420000000000016" classname="table_aet07" name="AET07_variant_2_is_produced_correctly"/>
  </testsuite>
  <testsuite name="table_aet09" timestamp="2025-04-01T15:13:52Z" hostname="e84c985a50c0" tests="4" skipped="0" failures="0" errors="0" time="1.853">
    <testcase time="0.495999999999995" classname="table_aet09" name="AET09_variant_1_is_produced_correctly_AE_related_to_study_drug"/>
    <testcase time="0.198999999999998" classname="table_aet09" name="AET09_variant_1_is_produced_correctly_AE_related_to_study_drug"/>
    <testcase time="0.868000000000009" classname="table_aet09" name="AET09_variant_2_is_produced_correctly_AE_related_to_study_drug_including_high_level_terms_"/>
    <testcase time="0.289999999999992" classname="table_aet09" name="AET09_variant_2_is_produced_correctly_AE_related_to_study_drug_including_high_level_terms_"/>
  </testsuite>
  <testsuite name="table_aet09_smq" timestamp="2025-04-01T15:13:53Z" hostname="e84c985a50c0" tests="4" skipped="0" failures="0" errors="0" time="0.484">
    <testcase time="0.120000000000005" classname="table_aet09_smq" name="AET09_variant_1_AEs_related_to_study_drug_by_SMQ_is_produced_correctly"/>
    <testcase time="0.0690000000000026" classname="table_aet09_smq" name="AET09_variant_1_AEs_related_to_study_drug_by_SMQ_is_produced_correctly"/>
    <testcase time="0.191000000000003" classname="table_aet09_smq" name="AET09_variant_2_AEs_related_to_study_drug_by_SMQ_with_customized_queries_is_produced_correctly"/>
    <testcase time="0.103999999999999" classname="table_aet09_smq" name="AET09_variant_2_AEs_related_to_study_drug_by_SMQ_with_customized_queries_is_produced_correctly"/>
  </testsuite>
  <testsuite name="table_aet10" timestamp="2025-04-01T15:13:54Z" hostname="e84c985a50c0" tests="2" skipped="0" failures="0" errors="0" time="0.165">
    <testcase time="0.10799999999999" classname="table_aet10" name="AET10_default_variant_is_produced_correctly"/>
    <testcase time="0.0570000000000022" classname="table_aet10" name="AET10_default_variant_is_produced_correctly"/>
  </testsuite>
  <testsuite name="table_aovt01" timestamp="2025-04-01T15:13:54Z" hostname="e84c985a50c0" tests="7" skipped="0" failures="0" errors="0" time="1.849">
    <testcase time="0.328000000000003" classname="table_aovt01" name="AOVT01_variant_with_single_endpoint_is_produced_correctly"/>
    <testcase time="0.0840000000000032" classname="table_aovt01" name="AOVT01_variant_with_single_endpoint_is_produced_correctly"/>
    <testcase time="0.539999999999992" classname="table_aovt01" name="AOVT01_variant_with_multiple_endpoints_is_produced_correctly"/>
    <testcase time="0.166000000000011" classname="table_aovt01" name="AOVT01_variant_with_multiple_endpoints_is_produced_correctly"/>
    <testcase time="0.564999999999998" classname="table_aovt01" name="AOVT01_variant_with_proportional_weights_is_produced_correctly"/>
    <testcase time="0.150999999999996" classname="table_aovt01" name="AOVT01_variant_with_proportional_weights_is_produced_correctly"/>
    <testcase time="0.0150000000000006" classname="table_aovt01" name="AOVT01_variant_with_proportional_weights_is_produced_correctly"/>
  </testsuite>
  <testsuite name="table_aovt02" timestamp="2025-04-01T15:13:56Z" hostname="e84c985a50c0" tests="2" skipped="0" failures="0" errors="0" time="0.392">
    <testcase time="0.296000000000006" classname="table_aovt02" name="AOVT02_is_produced_correctly"/>
    <testcase time="0.0959999999999894" classname="table_aovt02" name="AOVT02_is_produced_correctly"/>
  </testsuite>
  <testsuite name="table_aovt03" timestamp="2025-04-01T15:13:56Z" hostname="e84c985a50c0" tests="2" skipped="0" failures="0" errors="0" time="0.832">
    <testcase time="0.659000000000006" classname="table_aovt03" name="AOVT03_is_produced_correctly"/>
    <testcase time="0.173000000000002" classname="table_aovt03" name="AOVT03_is_produced_correctly"/>
  </testsuite>
  <testsuite name="table_cfbt01" timestamp="2025-04-01T15:13:57Z" hostname="e84c985a50c0" tests="2" skipped="0" failures="0" errors="0" time="0.657">
    <testcase time="0.426999999999992" classname="table_cfbt01" name="CFBT01_default_variant_is_produced_correctly"/>
    <testcase time="0.230000000000004" classname="table_cfbt01" name="CFBT01_default_variant_is_produced_correctly"/>
  </testsuite>
  <testsuite name="table_cmht01" timestamp="2025-04-01T15:13:58Z" hostname="e84c985a50c0" tests="4" skipped="0" failures="0" errors="0" time="1.653">
    <testcase time="0.358000000000004" classname="table_cmht01" name="CMHT01_variant_1_is_produced_correctly"/>
    <testcase time="0.097999999999999" classname="table_cmht01" name="CMHT01_variant_1_is_produced_correctly"/>
    <testcase time="0.917000000000002" classname="table_cmht01" name="CMHT01_variant_2_is_produced_correctly"/>
    <testcase time="0.280000000000001" classname="table_cmht01" name="CMHT01_variant_2_is_produced_correctly"/>
  </testsuite>
  <testsuite name="table_cmt01" timestamp="2025-04-01T15:13:59Z" hostname="e84c985a50c0" tests="8" skipped="0" failures="0" errors="0" time="3.768">
    <testcase time="0.628999999999991" classname="table_cmt01" name="CMT01_default_variant_Concomitant_medications_is_produced_correctly"/>
    <testcase time="0.299999999999997" classname="table_cmt01" name="CMT01_default_variant_Concomitant_medications_is_produced_correctly"/>
    <testcase time="0.701000000000008" classname="table_cmt01" name="CMT01_variant_1_prior_medications_is_produced_correctly"/>
    <testcase time="0.326999999999998" classname="table_cmt01" name="CMT01_variant_1_prior_medications_is_produced_correctly"/>
    <testcase time="0.606999999999999" classname="table_cmt01" name="CMT01_variant_3_Concomitant_medications_is_produced_correctly"/>
    <testcase time="0.275000000000006" classname="table_cmt01" name="CMT01_variant_3_Concomitant_medications_is_produced_correctly"/>
    <testcase time="0.62299999999999" classname="table_cmt01" name="CMT01_variant_4_Concomitant_medications_is_produced_correctly"/>
    <testcase time="0.306000000000012" classname="table_cmt01" name="CMT01_variant_4_Concomitant_medications_is_produced_correctly"/>
  </testsuite>
  <testsuite name="table_cmt01a" timestamp="2025-04-01T15:14:03Z" hostname="e84c985a50c0" tests="8" skipped="0" failures="0" errors="0" time="5.459">
    <testcase time="1.16799999999999" classname="table_cmt01a" name="CMT01A_variant_1_is_produced_correctly"/>
    <testcase time="0.281999999999996" classname="table_cmt01a" name="CMT01A_variant_1_is_produced_correctly"/>
    <testcase time="1.04100000000001" classname="table_cmt01a" name="CMT01A_variant_2_is_produced_correctly"/>
    <testcase time="0.287999999999997" classname="table_cmt01a" name="CMT01A_variant_2_is_produced_correctly"/>
    <testcase time="1.068" classname="table_cmt01a" name="CMT01A_variant_3_is_produced_correctly"/>
    <testcase time="0.296999999999997" classname="table_cmt01a" name="CMT01A_variant_3_is_produced_correctly"/>
    <testcase time="1.05800000000001" classname="table_cmt01a" name="CMT01A_variant_4_is_produced_correctly"/>
    <testcase time="0.256999999999991" classname="table_cmt01a" name="CMT01A_variant_4_is_produced_correctly"/>
  </testsuite>
  <testsuite name="table_cmt01b" timestamp="2025-04-01T15:14:09Z" hostname="e84c985a50c0" tests="6" skipped="0" failures="0" errors="0" time="5.182">
    <testcase time="1.70400000000001" classname="table_cmt01b" name="CMT01B_variant_1_is_produced_correctly"/>
    <testcase time="0.347999999999999" classname="table_cmt01b" name="CMT01B_variant_1_is_produced_correctly"/>
    <testcase time="1.08499999999999" classname="table_cmt01b" name="CMT01B_variant_2_is_produced_correctly"/>
    <testcase time="0.299000000000007" classname="table_cmt01b" name="CMT01B_variant_2_is_produced_correctly"/>
    <testcase time="1.34999999999999" classname="table_cmt01b" name="CMT01B_variant_4_is_produced_correctly"/>
    <testcase time="0.396000000000001" classname="table_cmt01b" name="CMT01B_variant_4_is_produced_correctly"/>
  </testsuite>
  <testsuite name="table_cmt02_pt" timestamp="2025-04-01T15:14:14Z" hostname="e84c985a50c0" tests="2" skipped="0" failures="0" errors="0" time="0.578">
    <testcase time="0.391000000000005" classname="table_cmt02_pt" name="CMT02_PT_default_variant_is_produced_correctly"/>
    <testcase time="0.186999999999998" classname="table_cmt02_pt" name="CMT02_PT_default_variant_is_produced_correctly"/>
  </testsuite>
  <testsuite name="table_coxt01" timestamp="2025-04-01T15:14:14Z" hostname="e84c985a50c0" tests="8" skipped="0" failures="0" errors="0" time="1.78">
    <testcase time="0.269000000000005" classname="table_coxt01" name="1._Cox_Regression"/>
    <testcase time="0.0739999999999981" classname="table_coxt01" name="1._Cox_Regression"/>
    <testcase time="0.352999999999994" classname="table_coxt01" name="2._Cox_Regression_with_Interaction_Term_"/>
    <testcase time="0.109999999999999" classname="table_coxt01" name="2._Cox_Regression_with_Interaction_Term_"/>
    <testcase time="0.350000000000009" classname="table_coxt01" name="3._Cox_Regression_specifying_covariates_"/>
    <testcase time="0.150999999999996" classname="table_coxt01" name="3._Cox_Regression_specifying_covariates_"/>
    <testcase time="0.352999999999994" classname="table_coxt01" name="4._Cox_Regression_setting_strata_ties_and_alpha_level_"/>
    <testcase time="0.120000000000005" classname="table_coxt01" name="4._Cox_Regression_setting_strata_ties_and_alpha_level_"/>
  </testsuite>
  <testsuite name="table_coxt02" timestamp="2025-04-01T15:14:16Z" hostname="e84c985a50c0" tests="4" skipped="0" failures="0" errors="0" time="0.674">
    <testcase time="0.269000000000005" classname="table_coxt02" name="COXT02_default_variant_1_is_produced_correctly"/>
    <testcase time="0.0759999999999934" classname="table_coxt02" name="COXT02_default_variant_1_is_produced_correctly"/>
    <testcase time="0.257999999999996" classname="table_coxt02" name="COXT02_variant_5_is_produced_correctly"/>
    <testcase time="0.070999999999998" classname="table_coxt02" name="COXT02_variant_5_is_produced_correctly"/>
  </testsuite>
  <testsuite name="table_disclosures" timestamp="2025-04-01T15:14:17Z" hostname="e84c985a50c0" tests="12" skipped="0" failures="0" errors="0" time="1.954">
    <testcase time="0.178000000000011" classname="table_disclosures" name="Patient_Disposition_table_is_produced_correctly"/>
    <testcase time="0.0919999999999987" classname="table_disclosures" name="Patient_Disposition_table_is_produced_correctly"/>
    <testcase time="0.214999999999989" classname="table_disclosures" name="Demographic_table_is_produced_correctly"/>
    <testcase time="0.159000000000006" classname="table_disclosures" name="Demographic_table_is_produced_correctly"/>
    <testcase time="0.0900000000000034" classname="table_disclosures" name="Enrollment_by_Country_Table_is_produced_correctly"/>
    <testcase time="0.105999999999995" classname="table_disclosures" name="Enrollment_by_Country_Table_is_produced_correctly"/>
    <testcase time="0.0760000000000076" classname="table_disclosures" name="Death_table_is_produced_correctly"/>
    <testcase time="0.0570000000000022" classname="table_disclosures" name="Death_table_is_produced_correctly"/>
    <testcase time="0.355999999999995" classname="table_disclosures" name="Table_of_Serious_Adverse_Events_is_produced_correctly_for_one_specific_treatment_arm_"/>
    <testcase time="0.090999999999994" classname="table_disclosures" name="Table_of_Serious_Adverse_Events_is_produced_correctly_for_one_specific_treatment_arm_"/>
    <testcase time="0.406000000000006" classname="table_disclosures" name="Table_of_Non_Serious_Adverse_Events_is_produced_correctly"/>
    <testcase time="0.128" classname="table_disclosures" name="Table_of_Non_Serious_Adverse_Events_is_produced_correctly"/>
  </testsuite>
  <testsuite name="table_dmt01" timestamp="2025-04-01T15:14:20Z" hostname="e84c985a50c0" tests="10" skipped="0" failures="0" errors="0" time="2.877">
    <testcase time="1.19199999999999" classname="table_dmt01" name="DMT01_variant_1_is_produced_correctly"/>
    <testcase time="0.184000000000012" classname="table_dmt01" name="DMT01_variant_1_is_produced_correctly"/>
    <testcase time="0.227999999999994" classname="table_dmt01" name="DMT01_variant_2_is_produced_correctly"/>
    <testcase time="0.156999999999996" classname="table_dmt01" name="DMT01_variant_2_is_produced_correctly"/>
    <testcase time="0.266999999999996" classname="table_dmt01" name="DMT01_variant_3_is_produced_correctly"/>
    <testcase time="0.176000000000002" classname="table_dmt01" name="DMT01_variant_3_is_produced_correctly"/>
    <testcase time="0.204000000000008" classname="table_dmt01" name="DMT01_variant_4_is_produced_correctly"/>
    <testcase time="0.150999999999996" classname="table_dmt01" name="DMT01_variant_4_is_produced_correctly"/>
    <testcase time="0.164000000000001" classname="table_dmt01" name="DMT01_variant_5_is_produced_correctly"/>
    <testcase time="0.153999999999996" classname="table_dmt01" name="DMT01_variant_5_is_produced_correctly"/>
  </testsuite>
  <testsuite name="table_dort01" timestamp="2025-04-01T15:14:22Z" hostname="e84c985a50c0" tests="8" skipped="0" failures="0" errors="0" time="1.517">
    <testcase time="0.299000000000007" classname="table_dort01" name="DORT01_variant_1_is_produced_correctly"/>
    <testcase time="0.11399999999999" classname="table_dort01" name="DORT01_variant_1_is_produced_correctly"/>
    <testcase time="0.27300000000001" classname="table_dort01" name="DORT01_variant_2_selecting_sectons_is_produced_correctly"/>
    <testcase time="0.100999999999999" classname="table_dort01" name="DORT01_variant_2_selecting_sectons_is_produced_correctly"/>
    <testcase time="0.260999999999996" classname="table_dort01" name="DORT01_variant_3_modifying_conftype_and_alpha_level_is_produced_correctly"/>
    <testcase time="0.111000000000004" classname="table_dort01" name="DORT01_variant_3_modifying_conftype_and_alpha_level_is_produced_correctly"/>
    <testcase time="0.254999999999995" classname="table_dort01" name="DORT01_variant_4_modifying_time_point_for_the_xx_duration_is_produced_correctly"/>
    <testcase time="0.103000000000009" classname="table_dort01" name="DORT01_variant_4_modifying_time_point_for_the_xx_duration_is_produced_correctly"/>
  </testsuite>
  <testsuite name="table_dst01" timestamp="2025-04-01T15:14:23Z" hostname="e84c985a50c0" tests="6" skipped="0" failures="0" errors="0" time="0.775">
    <testcase time="0.144999999999996" classname="table_dst01" name="DST01_default_variant_is_produced_correctly"/>
    <testcase time="0.0969999999999942" classname="table_dst01" name="DST01_default_variant_is_produced_correctly"/>
    <testcase time="0.225999999999999" classname="table_dst01" name="DST01_variants_2_and_3_are_produced_correctly"/>
    <testcase time="0.103000000000009" classname="table_dst01" name="DST01_variants_2_and_3_are_produced_correctly"/>
    <testcase time="0.0879999999999939" classname="table_dst01" name="DST01_variants_2_and_3_are_produced_correctly"/>
    <testcase time="0.116" classname="table_dst01" name="DST01_variants_2_and_3_are_produced_correctly"/>
  </testsuite>
  <testsuite name="table_dtht01" timestamp="2025-04-01T15:14:24Z" hostname="e84c985a50c0" tests="8" skipped="0" failures="0" errors="0" time="1.181">
    <testcase time="0.129000000000005" classname="table_dtht01" name="DTHT01_variant_1_is_produced_correctly"/>
    <testcase time="0.0769999999999982" classname="table_dtht01" name="DTHT01_variant_1_is_produced_correctly"/>
    <testcase time="0.265000000000001" classname="table_dtht01" name="DTHT01_variant_2_is_produced_correctly"/>
    <testcase time="0.168999999999997" classname="table_dtht01" name="DTHT01_variant_2_is_produced_correctly"/>
    <testcase time="0.147999999999996" classname="table_dtht01" name="DTHT01_variant_3_is_produced_correctly"/>
    <testcase time="0.100999999999999" classname="table_dtht01" name="DTHT01_variant_3_is_produced_correctly"/>
    <testcase time="0.187000000000012" classname="table_dtht01" name="DTHT01_variant_4_is_produced_correctly"/>
    <testcase time="0.10499999999999" classname="table_dtht01" name="DTHT01_variant_4_is_produced_correctly"/>
  </testsuite>
  <testsuite name="table_egt01" timestamp="2025-04-01T15:14:26Z" hostname="e84c985a50c0" tests="2" skipped="0" failures="0" errors="0" time="3.425">
    <testcase time="2.601" classname="table_egt01" name="EGT01_default_variant_is_produced_correctly"/>
    <testcase time="0.824000000000012" classname="table_egt01" name="EGT01_default_variant_is_produced_correctly"/>
  </testsuite>
  <testsuite name="table_egt02" timestamp="2025-04-01T15:14:30Z" hostname="e84c985a50c0" tests="4" skipped="0" failures="0" errors="0" time="1.626">
    <testcase time="1.28699999999999" classname="table_egt02" name="_EGT02_1._Regardless_of_Abnormality_at_Baseline"/>
    <testcase time="0.0790000000000077" classname="table_egt02" name="_EGT02_1._Regardless_of_Abnormality_at_Baseline"/>
    <testcase time="0.180999999999997" classname="table_egt02" name="_EGT02_2._Among_Subjects_Without_Abnormality_at_Baseline"/>
    <testcase time="0.0789999999999935" classname="table_egt02" name="_EGT02_2._Among_Subjects_Without_Abnormality_at_Baseline"/>
  </testsuite>
  <testsuite name="table_egt03" timestamp="2025-04-01T15:14:30Z" hostname="e84c985a50c0" tests="8" skipped="0" failures="0" errors="0" time="1.424">
    <testcase time="0.444000000000003" classname="table_egt03" name="EGT03_variant_1_is_produced_correctly"/>
    <testcase time="0.129999999999995" classname="table_egt03" name="EGT03_variant_1_is_produced_correctly"/>
    <testcase time="0.131" classname="table_egt03" name="EGT03_variant_2_is_produced_correctly"/>
    <testcase time="0.103999999999999" classname="table_egt03" name="EGT03_variant_2_is_produced_correctly"/>
    <testcase time="0.179000000000002" classname="table_egt03" name="EGT03_variant_3_is_produced_correctly"/>
    <testcase time="0.12700000000001" classname="table_egt03" name="EGT03_variant_3_is_produced_correctly"/>
    <testcase time="0.187999999999988" classname="table_egt03" name="EGT03_variant_4_is_produced_correctly"/>
    <testcase time="0.121000000000009" classname="table_egt03" name="EGT03_variant_4_is_produced_correctly"/>
  </testsuite>
  <testsuite name="table_egt04" timestamp="2025-04-01T15:14:33Z" hostname="e84c985a50c0" tests="2" skipped="0" failures="0" errors="0" time="1.483">
    <testcase time="1.395" classname="table_egt04" name="EGT04_default_variant_is_produced_correctly"/>
    <testcase time="0.0879999999999939" classname="table_egt04" name="EGT04_default_variant_is_produced_correctly"/>
  </testsuite>
  <testsuite name="table_egt05_qtcat" timestamp="2025-04-01T15:14:34Z" hostname="e84c985a50c0" tests="2" skipped="0" failures="0" errors="0" time="2.412">
    <testcase time="1.97800000000001" classname="table_egt05_qtcat" name="EGT05_QTCAT_default_variant_is_produced_correctly"/>
    <testcase time="0.433999999999997" classname="table_egt05_qtcat" name="EGT05_QTCAT_default_variant_is_produced_correctly"/>
  </testsuite>
  <testsuite name="table_ent" timestamp="2025-04-01T15:14:36Z" hostname="e84c985a50c0" tests="8" skipped="0" failures="0" errors="0" time="12.851">
    <testcase time="3.163" classname="table_ent" name="ENT01_IT_is_produced_correctly"/>
    <testcase time="0.564999999999998" classname="table_ent" name="ENT01_IT_is_produced_correctly"/>
    <testcase time="2.25700000000001" classname="table_ent" name="ENT01a_IT_is_produced_correctly"/>
    <testcase time="0.52000000000001" classname="table_ent" name="ENT01a_IT_is_produced_correctly"/>
    <testcase time="3.15099999999998" classname="table_ent" name="ENT02_IT_is_produced_correctly"/>
    <testcase time="0.576000000000022" classname="table_ent" name="ENT02_IT_is_produced_correctly"/>
    <testcase time="2.08199999999999" classname="table_ent" name="ENT02a_IT_is_produced_correctly"/>
    <testcase time="0.537000000000006" classname="table_ent" name="ENT02a_IT_is_produced_correctly"/>
  </testsuite>
  <testsuite name="table_eudrat01" timestamp="2025-04-01T15:14:48Z" hostname="e84c985a50c0" tests="2" skipped="0" failures="0" errors="0" time="0.594">
    <testcase time="0.45999999999998" classname="table_eudrat01" name="EUDRAT01_is_produced_correctly"/>
    <testcase time="0.134000000000015" classname="table_eudrat01" name="EUDRAT01_is_produced_correctly"/>
  </testsuite>
  <testsuite name="table_eudrat02" timestamp="2025-04-01T15:14:49Z" hostname="e84c985a50c0" tests="2" skipped="0" failures="0" errors="0" time="0.451">
    <testcase time="0.356999999999999" classname="table_eudrat02" name="EUDRAT02_is_produced_correctly"/>
    <testcase time="0.0939999999999941" classname="table_eudrat02" name="EUDRAT02_is_produced_correctly"/>
  </testsuite>
  <testsuite name="table_ext01" timestamp="2025-04-01T15:14:50Z" hostname="e84c985a50c0" tests="12" skipped="0" failures="0" errors="0" time="1.691">
    <testcase time="0.379999999999995" classname="table_ext01" name="EXT01_default_variant_with_numeric_parameters_is_produced_correctly"/>
    <testcase time="0.152000000000015" classname="table_ext01" name="EXT01_default_variant_with_numeric_parameters_is_produced_correctly"/>
    <testcase time="0.264999999999986" classname="table_ext01" name="EXT01_variant_with_both_numeric_and_categorical_parameters"/>
    <testcase time="0.203000000000003" classname="table_ext01" name="EXT01_variant_with_both_numeric_and_categorical_parameters"/>
    <testcase time="0.153999999999996" classname="table_ext01" name="EXT01_variant_with_user_specified_categories_for_missed_doses"/>
    <testcase time="0.0310000000000059" classname="table_ext01" name="EXT01_variant_with_user_specified_categories_for_missed_doses"/>
    <testcase time="0.0200000000000102" classname="table_ext01" name="EXT01_variant_with_user_specified_categories_for_missed_doses"/>
    <testcase time="0.089999999999975" classname="table_ext01" name="EXT01_variant_with_user_specified_categories_for_missed_doses"/>
    <testcase time="0.0190000000000055" classname="table_ext01" name="EXT01_variant_with_user_specified_categories_for_missed_doses"/>
    <testcase time="0.02800000000002" classname="table_ext01" name="EXT01_variant_with_user_specified_categories_for_missed_doses"/>
    <testcase time="0.101999999999975" classname="table_ext01" name="EXT01_variant_with_user_specified_categories_for_missed_doses"/>
    <testcase time="0.247000000000014" classname="table_ext01" name="EXT01_variant_with_user_specified_categories_for_missed_doses"/>
  </testsuite>
  <testsuite name="table_lbt01" timestamp="2025-04-01T15:14:52Z" hostname="e84c985a50c0" tests="2" skipped="0" failures="0" errors="0" time="1.991">
    <testcase time="1.49099999999999" classname="table_lbt01" name="LBT01_default_variant_is_produced_correctly"/>
    <testcase time="0.5" classname="table_lbt01" name="LBT01_default_variant_is_produced_correctly"/>
  </testsuite>
  <testsuite name="table_lbt02" timestamp="2025-04-01T15:14:53Z" hostname="e84c985a50c0" tests="2" skipped="0" failures="0" errors="0" time="1.407">
    <testcase time="0.868000000000023" classname="table_lbt02" name="LBT02_default_variant_is_produced_correctly"/>
    <testcase time="0.538999999999987" classname="table_lbt02" name="LBT02_default_variant_is_produced_correctly"/>
  </testsuite>
  <testsuite name="table_lbt03" timestamp="2025-04-01T15:14:54Z" hostname="e84c985a50c0" tests="2" skipped="0" failures="0" errors="0" time="0.263">
    <testcase time="0.167000000000002" classname="table_lbt03" name="LBT03_default_variant_is_produced_correctly"/>
    <testcase time="0.0960000000000036" classname="table_lbt03" name="LBT03_default_variant_is_produced_correctly"/>
  </testsuite>
  <testsuite name="table_lbt04" timestamp="2025-04-01T15:14:55Z" hostname="e84c985a50c0" tests="2" skipped="0" failures="0" errors="0" time="1.259">
    <testcase time="1.054" classname="table_lbt04" name="LBT04_default_variant_is_produced_correctly"/>
    <testcase time="0.204999999999984" classname="table_lbt04" name="LBT04_default_variant_is_produced_correctly"/>
  </testsuite>
  <testsuite name="table_lbt05" timestamp="2025-04-01T15:14:57Z" hostname="e84c985a50c0" tests="6" skipped="0" failures="0" errors="0" time="6.576">
    <testcase time="2.066" classname="table_lbt05" name="LBT05_variant_1_is_produced_correctly"/>
    <testcase time="0.413000000000011" classname="table_lbt05" name="LBT05_variant_1_is_produced_correctly"/>
    <testcase time="1.399" classname="table_lbt05" name="LBT05_variant_2_is_produced_correctly"/>
    <testcase time="0.544999999999987" classname="table_lbt05" name="LBT05_variant_2_is_produced_correctly"/>
    <testcase time="1.76599999999999" classname="table_lbt05" name="LBT05_variant_4_is_produced_correctly"/>
    <testcase time="0.387" classname="table_lbt05" name="LBT05_variant_4_is_produced_correctly"/>
  </testsuite>
  <testsuite name="table_lbt06" timestamp="2025-04-01T15:15:03Z" hostname="e84c985a50c0" tests="2" skipped="0" failures="0" errors="0" time="0.523">
    <testcase time="0.334000000000003" classname="table_lbt06" name="LBT06_default_variant_is_produced_correctly"/>
    <testcase time="0.189000000000021" classname="table_lbt06" name="LBT06_default_variant_is_produced_correctly"/>
  </testsuite>
  <testsuite name="table_lbt07" timestamp="2025-04-01T15:15:04Z" hostname="e84c985a50c0" tests="2" skipped="0" failures="0" errors="0" time="2.512">
    <testcase time="2.23099999999999" classname="table_lbt07" name="LBT07_is_produced_correctly"/>
    <testcase time="0.281000000000006" classname="table_lbt07" name="LBT07_is_produced_correctly"/>
  </testsuite>
  <testsuite name="table_lbt08" timestamp="2025-04-01T15:15:06Z" hostname="e84c985a50c0" tests="2" skipped="0" failures="0" errors="0" time="0.388">
    <testcase time="0.273999999999972" classname="table_lbt08" name="LBT08_produce_correctly"/>
    <testcase time="0.114000000000004" classname="table_lbt08" name="LBT08_produce_correctly"/>
  </testsuite>
  <testsuite name="table_lbt09" timestamp="2025-04-01T15:15:06Z" hostname="e84c985a50c0" tests="4" skipped="0" failures="0" errors="0" time="0.93">
    <testcase time="0.316000000000003" classname="table_lbt09" name="LBT09_variant_1_works_as_expected"/>
    <testcase time="0.163000000000011" classname="table_lbt09" name="LBT09_variant_1_works_as_expected"/>
    <testcase time="0.288999999999987" classname="table_lbt09" name="LBT09_variant_2_works_as_expected"/>
    <testcase time="0.162000000000006" classname="table_lbt09" name="LBT09_variant_2_works_as_expected"/>
  </testsuite>
  <testsuite name="table_lbt10" timestamp="2025-04-01T15:15:07Z" hostname="e84c985a50c0" tests="4" skipped="0" failures="0" errors="0" time="1.212">
    <testcase time="0.688999999999993" classname="table_lbt10" name="LBT10_variant_1_works_as_expected"/>
    <testcase time="0.070999999999998" classname="table_lbt10" name="LBT10_variant_1_works_as_expected"/>
    <testcase time="0.393000000000001" classname="table_lbt10" name="LBT10_variant_2_works_as_expected"/>
    <testcase time="0.0589999999999975" classname="table_lbt10" name="LBT10_variant_2_works_as_expected"/>
  </testsuite>
  <testsuite name="table_lbt10_bl" timestamp="2025-04-01T15:15:08Z" hostname="e84c985a50c0" tests="4" skipped="0" failures="0" errors="0" time="0.485">
    <testcase time="0.234000000000009" classname="table_lbt10_bl" name="LBT10_BL_variant_1_works_as_expected"/>
    <testcase time="0.070999999999998" classname="table_lbt10_bl" name="LBT10_BL_variant_1_works_as_expected"/>
    <testcase time="0.111999999999995" classname="table_lbt10_bl" name="LBT10_BL_variant_2_works_as_expected"/>
    <testcase time="0.0680000000000121" classname="table_lbt10_bl" name="LBT10_BL_variant_2_works_as_expected"/>
  </testsuite>
  <testsuite name="table_lbt11" timestamp="2025-04-01T15:15:09Z" hostname="e84c985a50c0" tests="6" skipped="0" failures="0" errors="0" time="0.725">
    <testcase time="0.173000000000002" classname="table_lbt11" name="LBT11_variant_1_works_as_expected"/>
    <testcase time="0.103000000000009" classname="table_lbt11" name="LBT11_variant_1_works_as_expected"/>
    <testcase time="0.0879999999999939" classname="table_lbt11" name="LBT11_variant_2_works_as_expected"/>
    <testcase time="0.0929999999999893" classname="table_lbt11" name="LBT11_variant_2_works_as_expected"/>
    <testcase time="0.14700000000002" classname="table_lbt11" name="LBT11_variant_3_works_as_expected"/>
    <testcase time="0.120999999999981" classname="table_lbt11" name="LBT11_variant_3_works_as_expected"/>
  </testsuite>
  <testsuite name="table_lbt11_bl" timestamp="2025-04-01T15:15:09Z" hostname="e84c985a50c0" tests="6" skipped="0" failures="0" errors="0" time="0.789">
    <testcase time="0.188000000000017" classname="table_lbt11_bl" name="LBT11_BL_variant_1_works_as_expected"/>
    <testcase time="0.10499999999999" classname="table_lbt11_bl" name="LBT11_BL_variant_1_works_as_expected"/>
    <testcase time="0.102000000000004" classname="table_lbt11_bl" name="LBT11_BL_variant_2_works_as_expected"/>
    <testcase time="0.0879999999999939" classname="table_lbt11_bl" name="LBT11_BL_variant_2_works_as_expected"/>
    <testcase time="0.185000000000002" classname="table_lbt11_bl" name="LBT11_BL_variant_3_works_as_expected"/>
    <testcase time="0.121000000000009" classname="table_lbt11_bl" name="LBT11_BL_variant_3_works_as_expected"/>
  </testsuite>
  <testsuite name="table_lbt12" timestamp="2025-04-01T15:15:10Z" hostname="e84c985a50c0" tests="2" skipped="0" failures="0" errors="0" time="0.375">
    <testcase time="0.290999999999997" classname="table_lbt12" name="LBT12_works_as_expected"/>
    <testcase time="0.0840000000000032" classname="table_lbt12" name="LBT12_works_as_expected"/>
  </testsuite>
  <testsuite name="table_lbt12_bl" timestamp="2025-04-01T15:15:11Z" hostname="e84c985a50c0" tests="2" skipped="0" failures="0" errors="0" time="0.363">
    <testcase time="0.286999999999978" classname="table_lbt12_bl" name="LBT12_BL_works_as_expected"/>
    <testcase time="0.0760000000000218" classname="table_lbt12_bl" name="LBT12_BL_works_as_expected"/>
  </testsuite>
  <testsuite name="table_lbt13" timestamp="2025-04-01T15:15:11Z" hostname="e84c985a50c0" tests="10" skipped="0" failures="0" errors="0" time="2.278">
    <testcase time="0.828999999999979" classname="table_lbt13" name="LBT13_variant_1_LOW_works_as_expected"/>
    <testcase time="0.0880000000000223" classname="table_lbt13" name="LBT13_variant_1_LOW_works_as_expected"/>
    <testcase time="0.147999999999996" classname="table_lbt13" name="LBT13_variant_2_HIGH_works_as_expected"/>
    <testcase time="0.063999999999993" classname="table_lbt13" name="LBT13_variant_2_HIGH_works_as_expected"/>
    <testcase time="0.228000000000009" classname="table_lbt13" name="LBT13_variant_3_LOW_without_baseline_missing_works_as_expected"/>
    <testcase time="0.0869999999999891" classname="table_lbt13" name="LBT13_variant_3_LOW_without_baseline_missing_works_as_expected"/>
    <testcase time="0.14500000000001" classname="table_lbt13" name="LBT13_variant_4_HIGH_with_missing_baseline_considered_as_grade_0_works_as_expected"/>
    <testcase time="0.063999999999993" classname="table_lbt13" name="LBT13_variant_4_HIGH_with_missing_baseline_considered_as_grade_0_works_as_expected"/>
    <testcase time="0.406000000000006" classname="table_lbt13" name="LBT14_variant_5_HIGH_with_filled_in_grades_works_as_expected"/>
    <testcase time="0.218999999999994" classname="table_lbt13" name="LBT14_variant_5_HIGH_with_filled_in_grades_works_as_expected"/>
  </testsuite>
  <testsuite name="table_lbt14" timestamp="2025-04-01T15:15:14Z" hostname="e84c985a50c0" tests="10" skipped="0" failures="0" errors="0" time="27.933">
    <testcase time="5.64699999999999" classname="table_lbt14" name="LBT14_variant_1_HIGH_works_as_expected"/>
    <testcase time="0.461000000000013" classname="table_lbt14" name="LBT14_variant_1_HIGH_works_as_expected"/>
    <testcase time="5.05099999999999" classname="table_lbt14" name="LBT14_variant_2_LOW_works_as_expected"/>
    <testcase time="0.318000000000012" classname="table_lbt14" name="LBT14_variant_2_LOW_works_as_expected"/>
    <testcase time="3.33099999999999" classname="table_lbt14" name="LBT14_variant_3_LOW_without_baseline_missing_works_as_expected"/>
    <testcase time="0.412000000000006" classname="table_lbt14" name="LBT14_variant_3_LOW_without_baseline_missing_works_as_expected"/>
    <testcase time="4.87700000000001" classname="table_lbt14" name="LBT14_variant_4_LOW_and_force_1_missing_both_baseline_and_post_baseline_then_force_the_missing_baseline_as_0_as_expected"/>
    <testcase time="0.23599999999999" classname="table_lbt14" name="LBT14_variant_4_LOW_and_force_1_missing_both_baseline_and_post_baseline_then_force_the_missing_baseline_as_0_as_expected"/>
    <testcase time="4.892" classname="table_lbt14" name="LBT14_variant_5_HIGH_with_fillings_works_as_expected"/>
    <testcase time="2.708" classname="table_lbt14" name="LBT14_variant_5_HIGH_with_fillings_works_as_expected"/>
  </testsuite>
  <testsuite name="table_lbt15" timestamp="2025-04-01T15:15:41Z" hostname="e84c985a50c0" tests="4" skipped="0" failures="0" errors="0" time="1.492">
    <testcase time="0.585000000000008" classname="table_lbt15" name="LBT15_variant_1_works_as_expected"/>
    <testcase time="0.194999999999993" classname="table_lbt15" name="LBT15_variant_1_works_as_expected"/>
    <testcase time="0.52000000000001" classname="table_lbt15" name="LBT15_variant_2_works_as_expected"/>
    <testcase time="0.192000000000007" classname="table_lbt15" name="LBT15_variant_2_works_as_expected"/>
  </testsuite>
  <testsuite name="table_lgrt02" timestamp="2025-04-01T15:15:43Z" hostname="e84c985a50c0" tests="8" skipped="0" failures="0" errors="0" time="2.744">
    <testcase time="0.479000000000013" classname="table_lgrt02" name="LGRT02_without_interaction_term_is_produced_correctly"/>
    <testcase time="0.141999999999996" classname="table_lgrt02" name="LGRT02_without_interaction_term_is_produced_correctly"/>
    <testcase time="0.587999999999994" classname="table_lgrt02" name="LGRT02_with_categorical_interaction_is_produced_correctly"/>
    <testcase time="0.177999999999997" classname="table_lgrt02" name="LGRT02_with_categorical_interaction_is_produced_correctly"/>
    <testcase time="0.569000000000017" classname="table_lgrt02" name="LGRT02_with_continuous_interaction_is_produced_correctly"/>
    <testcase time="0.176999999999992" classname="table_lgrt02" name="LGRT02_with_continuous_interaction_is_produced_correctly"/>
    <testcase time="0.457999999999998" classname="table_lgrt02" name="LGRT02_with_setting_values_indicating_an_event_and_custom_alpha_level_is_produced_correctly"/>
    <testcase time="0.152999999999992" classname="table_lgrt02" name="LGRT02_with_setting_values_indicating_an_event_and_custom_alpha_level_is_produced_correctly"/>
  </testsuite>
  <testsuite name="table_mht01" timestamp="2025-04-01T15:15:45Z" hostname="e84c985a50c0" tests="8" skipped="0" failures="0" errors="0" time="1.515">
    <testcase time="0.308000000000021" classname="table_mht01" name="MHT01_variant_1_is_produced_accurately"/>
    <testcase time="0.147999999999996" classname="table_mht01" name="MHT01_variant_1_is_produced_accurately"/>
    <testcase time="0.0979999999999848" classname="table_mht01" name="MHT01_variant_2_is_produced_accurately"/>
    <testcase time="0.0889999999999986" classname="table_mht01" name="MHT01_variant_2_is_produced_accurately"/>
    <testcase time="0.253000000000014" classname="table_mht01" name="MHT01_variant_3_is_produced_accurately"/>
    <testcase time="0.11699999999999" classname="table_mht01" name="MHT01_variant_3_is_produced_accurately"/>
    <testcase time="0.343000000000018" classname="table_mht01" name="MHT01_variant_5_is_produced_accurately"/>
    <testcase time="0.158999999999992" classname="table_mht01" name="MHT01_variant_5_is_produced_accurately"/>
  </testsuite>
  <testsuite name="table_onct05" timestamp="2025-04-01T15:15:47Z" hostname="e84c985a50c0" tests="10" skipped="0" failures="0" errors="0" time="2.694">
    <testcase time="0.481999999999999" classname="table_onct05" name="ONCT05_variant_1_Objective_Response_Rate_by_Subgroup_is_produced_correctly"/>
    <testcase time="0.113" classname="table_onct05" name="ONCT05_variant_1_Objective_Response_Rate_by_Subgroup_is_produced_correctly"/>
    <testcase time="0.47999999999999" classname="table_onct05" name="ONCT05_variant_2_Specifying_class_variables_is_produced_correctly"/>
    <testcase time="0.135000000000019" classname="table_onct05" name="ONCT05_variant_2_Specifying_class_variables_is_produced_correctly"/>
    <testcase time="0.216999999999985" classname="table_onct05" name="ONCT05_variant_3_selecting_columns_and_changing_the_alpha_level_is_produced_correctly"/>
    <testcase time="0.0829999999999984" classname="table_onct05" name="ONCT05_variant_3_selecting_columns_and_changing_the_alpha_level_is_produced_correctly"/>
    <testcase time="0.449000000000012" classname="table_onct05" name="ONCT05_variant_4_setting_values_indicating_response_is_produced_correctly"/>
    <testcase time="0.135999999999996" classname="table_onct05" name="ONCT05_variant_4_setting_values_indicating_response_is_produced_correctly"/>
    <testcase time="0.478999999999985" classname="table_onct05" name="ONCT05_with_risk_difference_column_is_produced_correctly"/>
    <testcase time="0.120000000000005" classname="table_onct05" name="ONCT05_with_risk_difference_column_is_produced_correctly"/>
  </testsuite>
  <testsuite name="table_pdt01" timestamp="2025-04-01T15:15:50Z" hostname="e84c985a50c0" tests="2" skipped="0" failures="0" errors="0" time="0.425">
    <testcase time="0.27000000000001" classname="table_pdt01" name="PDT01_is_produced_correctly"/>
    <testcase time="0.155000000000001" classname="table_pdt01" name="PDT01_is_produced_correctly"/>
  </testsuite>
  <testsuite name="table_pdt02" timestamp="2025-04-01T15:15:50Z" hostname="e84c985a50c0" tests="2" skipped="0" failures="0" errors="0" time="0.238">
    <testcase time="0.162999999999982" classname="table_pdt02" name="PDT02_is_produced_correctly"/>
    <testcase time="0.0750000000000171" classname="table_pdt02" name="PDT02_is_produced_correctly"/>
  </testsuite>
  <testsuite name="table_pkct01" timestamp="2025-04-01T15:15:50Z" hostname="e84c985a50c0" tests="10" skipped="0" failures="0" errors="0" time="3.388">
    <testcase time="0.288999999999987" classname="table_pkct01" name="PKCT01_is_produced_correctly"/>
    <testcase time="0.111000000000018" classname="table_pkct01" name="PKCT01_is_produced_correctly"/>
    <testcase time="0.129999999999995" classname="table_pkct01" name="PKCT01_is_produced_correctly"/>
    <testcase time="0.0559999999999832" classname="table_pkct01" name="PKCT01_is_produced_correctly"/>
    <testcase time="1.05100000000002" classname="table_pkct01" name="Specific_PKCT01_features_are_present"/>
    <testcase time="0.23399999999998" classname="table_pkct01" name="Specific_PKCT01_features_are_present"/>
    <testcase time="0.210000000000008" classname="table_pkct01" name="Specific_PKCT01_features_are_present"/>
    <testcase time="0.00300000000001432" classname="table_pkct01" name="Specific_PKCT01_features_are_present"/>
    <testcase time="0.711999999999989" classname="table_pkct01" name="Specific_PKCT01_features_are_present"/>
    <testcase time="0.592000000000013" classname="table_pkct01" name="Specific_PKCT01_features_are_present"/>
  </testsuite>
  <testsuite name="table_pkpt02" timestamp="2025-04-01T15:15:54Z" hostname="e84c985a50c0" tests="2" skipped="0" failures="0" errors="0" time="0.57">
    <testcase time="0.328999999999979" classname="table_pkpt02" name="PKPT02_is_produced_correctly_for_Drug_X"/>
    <testcase time="0.241000000000014" classname="table_pkpt02" name="PKPT02_is_produced_correctly_for_Drug_X"/>
  </testsuite>
  <testsuite name="table_pkpt03" timestamp="2025-04-01T15:15:54Z" hostname="e84c985a50c0" tests="2" skipped="0" failures="0" errors="0" time="1.42">
    <testcase time="1.238" classname="table_pkpt03" name="PKPT03_Drug_X_is_produced_correctly"/>
    <testcase time="0.181999999999988" classname="table_pkpt03" name="PKPT03_Drug_X_is_produced_correctly"/>
  </testsuite>
  <testsuite name="table_pkpt04" timestamp="2025-04-01T15:15:56Z" hostname="e84c985a50c0" tests="2" skipped="0" failures="0" errors="0" time="0.192">
    <testcase time="0.108000000000004" classname="table_pkpt04" name="PKPT04_is_produced_correctly_for_Drug_X"/>
    <testcase time="0.0840000000000032" classname="table_pkpt04" name="PKPT04_is_produced_correctly_for_Drug_X"/>
  </testsuite>
  <testsuite name="table_pkpt05" timestamp="2025-04-01T15:15:56Z" hostname="e84c985a50c0" tests="2" skipped="0" failures="0" errors="0" time="0.39">
    <testcase time="0.274000000000001" classname="table_pkpt05" name="PKPT05_Drug_X_is_produced_correctly"/>
    <testcase time="0.116000000000014" classname="table_pkpt05" name="PKPT05_Drug_X_is_produced_correctly"/>
  </testsuite>
  <testsuite name="table_pkpt06" timestamp="2025-04-01T15:15:56Z" hostname="e84c985a50c0" tests="4" skipped="0" failures="0" errors="0" time="0.262">
    <testcase time="0.0859999999999843" classname="table_pkpt06" name="PKPT06_is_produced_correctly_for_Drug_X"/>
    <testcase time="0.0629999999999882" classname="table_pkpt06" name="PKPT06_is_produced_correctly_for_Drug_X"/>
    <testcase time="0.0580000000000211" classname="table_pkpt06" name="PKPT06_is_produced_correctly_for_Drug_Y"/>
    <testcase time="0.0549999999999784" classname="table_pkpt06" name="PKPT06_is_produced_correctly_for_Drug_Y"/>
  </testsuite>
  <testsuite name="table_pkpt07" timestamp="2025-04-01T15:15:56Z" hostname="e84c985a50c0" tests="4" skipped="0" failures="0" errors="0" time="0.504">
    <testcase time="0.207000000000022" classname="table_pkpt07" name="PKPT07_Drug_X_is_produced_correctly"/>
    <testcase time="0.0939999999999941" classname="table_pkpt07" name="PKPT07_Drug_X_is_produced_correctly"/>
    <testcase time="0.119" classname="table_pkpt07" name="PKPT07_Drug_Y_is_produced_correctly"/>
    <testcase time="0.0840000000000032" classname="table_pkpt07" name="PKPT07_Drug_Y_is_produced_correctly"/>
  </testsuite>
  <testsuite name="table_ratet01" timestamp="2025-04-01T15:15:57Z" hostname="e84c985a50c0" tests="2" skipped="0" failures="0" errors="0" time="1.185">
    <testcase time="1.011" classname="table_ratet01" name="RATET01_is_produced_correctly"/>
    <testcase time="0.174000000000007" classname="table_ratet01" name="RATET01_is_produced_correctly"/>
  </testsuite>
  <testsuite name="table_rmpt01" timestamp="2025-04-01T15:15:58Z" hostname="e84c985a50c0" tests="2" skipped="0" failures="0" errors="0" time="0.221">
    <testcase time="0.163999999999987" classname="table_rmpt01" name="RMPT01_is_produced_correctly"/>
    <testcase time="0.0570000000000164" classname="table_rmpt01" name="RMPT01_is_produced_correctly"/>
  </testsuite>
  <testsuite name="table_rmpt03" timestamp="2025-04-01T15:15:58Z" hostname="e84c985a50c0" tests="4" skipped="0" failures="0" errors="0" time="0.533">
    <testcase time="0.203999999999979" classname="table_rmpt03" name="RMPT03_variant_1_is_produced_correctly"/>
    <testcase time="0.0820000000000221" classname="table_rmpt03" name="RMPT03_variant_1_is_produced_correctly"/>
    <testcase time="0.161000000000001" classname="table_rmpt03" name="RMPT03_variant_2_is_produced_correctly"/>
    <testcase time="0.0859999999999843" classname="table_rmpt03" name="RMPT03_variant_2_is_produced_correctly"/>
  </testsuite>
  <testsuite name="table_rmpt04" timestamp="2025-04-01T15:15:59Z" hostname="e84c985a50c0" tests="2" skipped="0" failures="0" errors="0" time="0.2">
    <testcase time="0.13900000000001" classname="table_rmpt04" name="RMPT04_variant_1_is_produced_correctly"/>
    <testcase time="0.0609999999999786" classname="table_rmpt04" name="RMPT04_variant_1_is_produced_correctly"/>
  </testsuite>
  <testsuite name="table_rmpt05" timestamp="2025-04-01T15:15:59Z" hostname="e84c985a50c0" tests="2" skipped="0" failures="0" errors="0" time="0.226">
    <testcase time="0.158000000000015" classname="table_rmpt05" name="RMPT05_is_produced_correctly"/>
    <testcase time="0.0679999999999836" classname="table_rmpt05" name="RMPT05_is_produced_correctly"/>
  </testsuite>
  <testsuite name="table_rmpt06" timestamp="2025-04-01T15:15:59Z" hostname="e84c985a50c0" tests="8" skipped="0" failures="0" errors="0" time="1.457">
    <testcase time="0.294000000000011" classname="table_rmpt06" name="RMPT06_variant_1_is_produced_correctly"/>
    <testcase time="0.115000000000009" classname="table_rmpt06" name="RMPT06_variant_1_is_produced_correctly"/>
    <testcase time="0.185000000000002" classname="table_rmpt06" name="RMPT06_variant_2_is_produced_correctly"/>
    <testcase time="0.0900000000000034" classname="table_rmpt06" name="RMPT06_variant_2_is_produced_correctly"/>
    <testcase time="0.268999999999977" classname="table_rmpt06" name="RMPT06_variant_3_is_produced_correctly"/>
    <testcase time="0.121000000000009" classname="table_rmpt06" name="RMPT06_variant_3_is_produced_correctly"/>
    <testcase time="0.271000000000015" classname="table_rmpt06" name="RMPT06_variant_4_is_produced_correctly"/>
    <testcase time="0.111999999999995" classname="table_rmpt06" name="RMPT06_variant_4_is_produced_correctly"/>
  </testsuite>
  <testsuite name="table_rspt01" timestamp="2025-04-01T15:16:01Z" hostname="e84c985a50c0" tests="12" skipped="0" failures="0" errors="0" time="2.324">
    <testcase time="0.293999999999983" classname="table_rspt01" name="RSPT01_1._Best_Overall_Response"/>
    <testcase time="0.129999999999995" classname="table_rspt01" name="RSPT01_1._Best_Overall_Response"/>
    <testcase time="0.237000000000023" classname="table_rspt01" name="RSPT01_2._Best_Overall_Response_selecting_sections_to_display_"/>
    <testcase time="0.111999999999995" classname="table_rspt01" name="RSPT01_2._Best_Overall_Response_selecting_sections_to_display_"/>
    <testcase time="0.305999999999983" classname="table_rspt01" name="RSPT01_3._Best_Overall_Response_modifying_settings_"/>
    <testcase time="0.114000000000004" classname="table_rspt01" name="RSPT01_3._Best_Overall_Response_modifying_settings_"/>
    <testcase time="0.324000000000012" classname="table_rspt01" name="RSPT01_4._Best_Overall_Response_with_stratified_analysis_"/>
    <testcase time="0.13900000000001" classname="table_rspt01" name="RSPT01_4._Best_Overall_Response_with_stratified_analysis_"/>
    <testcase time="0.246999999999986" classname="table_rspt01" name="RSPT01_5._Best_Overall_Response_modifying_the_definition_of_overall_response_"/>
    <testcase time="0.113" classname="table_rspt01" name="RSPT01_5._Best_Overall_Response_modifying_the_definition_of_overall_response_"/>
    <testcase time="0.200999999999993" classname="table_rspt01" name="RSPT01_6._Best_Overall_Response_define_new_sections_to_display_"/>
    <testcase time="0.106999999999999" classname="table_rspt01" name="RSPT01_6._Best_Overall_Response_define_new_sections_to_display_"/>
  </testsuite>
  <testsuite name="table_ttet01" timestamp="2025-04-01T15:16:03Z" hostname="e84c985a50c0" tests="14" skipped="0" failures="0" errors="0" time="3.346">
    <testcase time="0.379000000000019" classname="table_ttet01" name="TTET01_default_variant_is_produced_correctly"/>
    <testcase time="0.174999999999983" classname="table_ttet01" name="TTET01_default_variant_is_produced_correctly"/>
    <testcase time="0.367000000000019" classname="table_ttet01" name="TTET01_default_variant_with_Placebo_arm"/>
    <testcase time="0.181999999999988" classname="table_ttet01" name="TTET01_default_variant_with_Placebo_arm"/>
    <testcase time="0.203000000000003" classname="table_ttet01" name="TTET01_variant_2_selecting_sections_to_display"/>
    <testcase time="0.126000000000005" classname="table_ttet01" name="TTET01_variant_2_selecting_sections_to_display"/>
    <testcase time="0.293999999999983" classname="table_ttet01" name="TTET01_variant_3_modifying_analysis_details_like_conftype_ties_alpha_level"/>
    <testcase time="0.135000000000019" classname="table_ttet01" name="TTET01_variant_3_modifying_analysis_details_like_conftype_ties_alpha_level"/>
    <testcase time="0.350999999999999" classname="table_ttet01" name="TTET01_variant_4_with_stratified_analysis"/>
    <testcase time="0.159999999999997" classname="table_ttet01" name="TTET01_variant_4_with_stratified_analysis"/>
    <testcase time="0.292000000000002" classname="table_ttet01" name="TTET01_variant_5_modifying_time_point"/>
    <testcase time="0.134999999999991" classname="table_ttet01" name="TTET01_variant_5_modifying_time_point"/>
    <testcase time="0.390999999999991" classname="table_ttet01" name="TTET01_variant_6_requesting_more_than_one_p_value"/>
    <testcase time="0.156000000000006" classname="table_ttet01" name="TTET01_variant_6_requesting_more_than_one_p_value"/>
  </testsuite>
  <testsuite name="table_vst01" timestamp="2025-04-01T15:16:07Z" hostname="e84c985a50c0" tests="2" skipped="0" failures="0" errors="0" time="2.252">
    <testcase time="1.81999999999999" classname="table_vst01" name="VST01_default_variant_is_produced_correctly"/>
    <testcase time="0.432000000000016" classname="table_vst01" name="VST01_default_variant_is_produced_correctly"/>
  </testsuite>
  <testsuite name="table_vst02" timestamp="2025-04-01T15:16:09Z" hostname="e84c985a50c0" tests="4" skipped="0" failures="0" errors="0" time="1.51">
    <testcase time="1.04899999999998" classname="table_vst02" name="1._Vital_Sign_Abnormalities_Regardless_of_Abnormality_at_Baseline_VST02_1_"/>
    <testcase time="0.113" classname="table_vst02" name="1._Vital_Sign_Abnormalities_Regardless_of_Abnormality_at_Baseline_VST02_1_"/>
    <testcase time="0.246000000000009" classname="table_vst02" name="2._Vital_Sign_Abnormalities_Among_Subject_Without_Abnormality_at_Baseline_VST02_2_"/>
    <testcase time="0.102000000000004" classname="table_vst02" name="2._Vital_Sign_Abnormalities_Among_Subject_Without_Abnormality_at_Baseline_VST02_2_"/>
  </testsuite>
</testsuites>
