<?xml version="1.0" encoding="UTF-8"?>
<testsuites>
  <testsuite name="listing_adal02" timestamp="2023-03-16T14:16:17Z" hostname="7ecab02fa289" tests="2" skipped="1" failures="0" errors="0" time="0.354">
    <testcase time="0.227" classname="listing_adal02" name="ADAL02_listing_is_produced_correctly"/>
    <testcase time="0.127" classname="listing_adal02" name="ADAL02_listing_is_produced_correctly">
      <skipped message="Reason: On CRAN ('test-listing_adal02.R:100')"/>
    </testcase>
  </testsuite>
  <testsuite name="listing_ael01" timestamp="2023-03-16T14:16:17Z" hostname="7ecab02fa289" tests="2" skipped="1" failures="0" errors="0" time="0.18">
    <testcase time="0.056" classname="listing_ael01" name="AEL01_listing_is_produced_correctly"/>
    <testcase time="0.124" classname="listing_ael01" name="AEL01_listing_is_produced_correctly">
      <skipped message="Reason: On CRAN ('test-listing_ael01.R:20')"/>
    </testcase>
  </testsuite>
  <testsuite name="listing_ael01_nollt" timestamp="2023-03-16T14:16:18Z" hostname="7ecab02fa289" tests="2" skipped="1" failures="0" errors="0" time="0.067">
    <testcase time="0.0510000000000002" classname="listing_ael01_nollt" name="AEL01_NOLLT_listing_is_produced_correctly"/>
    <testcase time="0.016" classname="listing_ael01_nollt" name="AEL01_NOLLT_listing_is_produced_correctly">
      <skipped message="Reason: On CRAN ('test-listing_ael01_nollt.R:19')"/>
    </testcase>
  </testsuite>
  <testsuite name="listing_ael02" timestamp="2023-03-16T14:16:18Z" hostname="7ecab02fa289" tests="1" skipped="1" failures="0" errors="0" time="0.22">
    <testcase time="0.22" classname="listing_ael02" name="AEL02_listing_is_produced_correctly">
      <skipped message="Reason: On CRAN ('test-listing_ael02.R:60')"/>
    </testcase>
  </testsuite>
  <testsuite name="listing_ael02_ed" timestamp="2023-03-16T14:16:18Z" hostname="7ecab02fa289" tests="1" skipped="1" failures="0" errors="0" time="0.282">
    <testcase time="0.282" classname="listing_ael02_ed" name="AEL02_ED_listing_is_produced_correctly">
      <skipped message="Reason: On CRAN ('test-listing_ael02_ed.R:77')"/>
    </testcase>
  </testsuite>
  <testsuite name="listing_ael03" timestamp="2023-03-16T14:16:18Z" hostname="7ecab02fa289" tests="1" skipped="1" failures="0" errors="0" time="0.233">
    <testcase time="0.233000000000001" classname="listing_ael03" name="AEL03_listing_is_produced_correctly">
      <skipped message="Reason: On CRAN ('test-listing_ael03.R:73')"/>
    </testcase>
  </testsuite>
  <testsuite name="listing_ael04" timestamp="2023-03-16T14:16:18Z" hostname="7ecab02fa289" tests="2" skipped="1" failures="0" errors="0" time="0.136">
    <testcase time="0.0379999999999994" classname="listing_ael04" name="AEL04_listing_is_produced_correctly"/>
    <testcase time="0.0980000000000008" classname="listing_ael04" name="AEL04_listing_is_produced_correctly">
      <skipped message="Reason: On CRAN ('test-listing_ael04.R:30')"/>
    </testcase>
  </testsuite>
  <testsuite name="listing_cml01" timestamp="2023-03-16T14:16:18Z" hostname="7ecab02fa289" tests="2" skipped="1" failures="0" errors="0" time="0.19">
    <testcase time="0.0489999999999995" classname="listing_cml01" name="CML01_listing_is_produced_correctly"/>
    <testcase time="0.141" classname="listing_cml01" name="CML01_listing_is_produced_correctly">
      <skipped message="Reason: On CRAN ('test-listing_cml01.R:41')"/>
    </testcase>
  </testsuite>
  <testsuite name="listing_cml02a_gl" timestamp="2023-03-16T14:16:19Z" hostname="7ecab02fa289" tests="2" skipped="1" failures="0" errors="0" time="0.055">
    <testcase time="0.0350000000000001" classname="listing_cml02a_gl" name="CML02A_GL_listing_is_produced_correctly"/>
    <testcase time="0.0199999999999996" classname="listing_cml02a_gl" name="CML02A_GL_listing_is_produced_correctly">
      <skipped message="Reason: On CRAN ('test-listing_cml02a_gl.R:19')"/>
    </testcase>
  </testsuite>
  <testsuite name="listing_cml02b_gl" timestamp="2023-03-16T14:16:19Z" hostname="7ecab02fa289" tests="2" skipped="1" failures="0" errors="0" time="0.063">
    <testcase time="0.0330000000000004" classname="listing_cml02b_gl" name="CML02B_GL_listing_is_produced_correctly"/>
    <testcase time="0.0300000000000002" classname="listing_cml02b_gl" name="CML02B_GL_listing_is_produced_correctly">
      <skipped message="Reason: On CRAN ('test-listing_cml02b_gl.R:22')"/>
    </testcase>
  </testsuite>
  <testsuite name="listing_dsl01" timestamp="2023-03-16T14:16:19Z" hostname="7ecab02fa289" tests="2" skipped="1" failures="0" errors="0" time="0.103">
    <testcase time="0.032" classname="listing_dsl01" name="DSL01_listing_is_produced_correctly"/>
    <testcase time="0.0709999999999997" classname="listing_dsl01" name="DSL01_listing_is_produced_correctly">
      <skipped message="Reason: On CRAN ('test-listing_dsl01.R:30')"/>
    </testcase>
  </testsuite>
  <testsuite name="listing_dsl02" timestamp="2023-03-16T14:16:19Z" hostname="7ecab02fa289" tests="2" skipped="1" failures="0" errors="0" time="0.071">
    <testcase time="0.048" classname="listing_dsl02" name="DSL02_listing_is_produced_correctly"/>
    <testcase time="0.0229999999999997" classname="listing_dsl02" name="DSL02_listing_is_produced_correctly">
      <skipped message="Reason: On CRAN ('test-listing_dsl02.R:36')"/>
    </testcase>
  </testsuite>
  <testsuite name="listing_dsur4" timestamp="2023-03-16T14:16:19Z" hostname="7ecab02fa289" tests="2" skipped="1" failures="0" errors="0" time="0.069">
    <testcase time="0.032" classname="listing_dsur4" name="DSUR4_listing_is_produced_correctly"/>
    <testcase time="0.0369999999999999" classname="listing_dsur4" name="DSUR4_listing_is_produced_correctly">
      <skipped message="Reason: On CRAN ('test-listing_dsur4.R:22')"/>
    </testcase>
  </testsuite>
  <testsuite name="listing_egl01" timestamp="2023-03-16T14:16:19Z" hostname="7ecab02fa289" tests="1" skipped="1" failures="0" errors="0" time="0.272">
    <testcase time="0.272" classname="listing_egl01" name="EGL01_listing_is_produced_correctly">
      <skipped message="Reason: On CRAN ('test-listing_egl01.R:61')"/>
    </testcase>
  </testsuite>
  <testsuite name="listing_exl01" timestamp="2023-03-16T14:16:19Z" hostname="7ecab02fa289" tests="1" skipped="1" failures="0" errors="0" time="0.151">
    <testcase time="0.151" classname="listing_exl01" name="EXL01_listing_is_produced_correctly">
      <skipped message="Reason: On CRAN ('test-listing_exl01.R:29')"/>
    </testcase>
  </testsuite>
  <testsuite name="listing_lbl01" timestamp="2023-03-16T14:16:19Z" hostname="7ecab02fa289" tests="1" skipped="1" failures="0" errors="0" time="0.23">
    <testcase time="0.23" classname="listing_lbl01" name="LBL01_listing_is_produced_correctly">
      <skipped message="Reason: On CRAN ('test-listing_lbl01.R:52')"/>
    </testcase>
  </testsuite>
  <testsuite name="listing_lbl01_rls" timestamp="2023-03-16T14:16:20Z" hostname="7ecab02fa289" tests="1" skipped="1" failures="0" errors="0" time="0.339">
    <testcase time="0.339" classname="listing_lbl01_rls" name="LBL01_RLS_listing_is_produced_correctly">
      <skipped message="Reason: On CRAN ('test-listing_lbl01_rls.R:58')"/>
    </testcase>
  </testsuite>
  <testsuite name="listing_lbl02a" timestamp="2023-03-16T14:16:20Z" hostname="7ecab02fa289" tests="2" skipped="1" failures="0" errors="0" time="0.235">
    <testcase time="0.137" classname="listing_lbl02a" name="LBL02A_listing_is_produced_correctly"/>
    <testcase time="0.0979999999999999" classname="listing_lbl02a" name="LBL02A_listing_is_produced_correctly">
      <skipped message="Reason: On CRAN ('test-listing_lbl02a.R:49')"/>
    </testcase>
  </testsuite>
  <testsuite name="listing_lbl02a_rls" timestamp="2023-03-16T14:16:20Z" hostname="7ecab02fa289" tests="2" skipped="1" failures="0" errors="0" time="0.414">
    <testcase time="0.262" classname="listing_lbl02a_rls" name="LBL02A_RLS_listing_is_produced_correctly"/>
    <testcase time="0.151999999999999" classname="listing_lbl02a_rls" name="LBL02A_RLS_listing_is_produced_correctly">
      <skipped message="Reason: On CRAN ('test-listing_lbl02a_rls.R:79')"/>
    </testcase>
  </testsuite>
  <testsuite name="listing_lbl02b" timestamp="2023-03-16T14:16:21Z" hostname="7ecab02fa289" tests="2" skipped="1" failures="0" errors="0" time="0.234">
    <testcase time="0.12" classname="listing_lbl02b" name="LBL02B_listing_is_produced_correctly"/>
    <testcase time="0.114000000000001" classname="listing_lbl02b" name="LBL02B_listing_is_produced_correctly">
      <skipped message="Reason: On CRAN ('test-listing_lbl02b.R:55')"/>
    </testcase>
  </testsuite>
  <testsuite name="listing_mhl01" timestamp="2023-03-16T14:16:21Z" hostname="7ecab02fa289" tests="2" skipped="1" failures="0" errors="0" time="0.16">
    <testcase time="0.0399999999999991" classname="listing_mhl01" name="MHL01_listing_is_produced_correctly"/>
    <testcase time="0.120000000000001" classname="listing_mhl01" name="MHL01_listing_is_produced_correctly">
      <skipped message="Reason: On CRAN ('test-listing_mhl01.R:33')"/>
    </testcase>
  </testsuite>
  <testsuite name="listing_oncl01" timestamp="2023-03-16T14:16:21Z" hostname="7ecab02fa289" tests="1" skipped="1" failures="0" errors="0" time="0.218">
    <testcase time="0.218" classname="listing_oncl01" name="ONCL01_listing_is_produced_correctly">
      <skipped message="Reason: On CRAN ('test-listing_oncl01.R:61')"/>
    </testcase>
  </testsuite>
  <testsuite name="listing_pkcl01" timestamp="2023-03-16T14:16:21Z" hostname="7ecab02fa289" tests="2" skipped="1" failures="0" errors="0" time="0.101">
    <testcase time="0.0339999999999989" classname="listing_pkcl01" name="PKCL01_listing_is_produced_correctly"/>
    <testcase time="0.0670000000000002" classname="listing_pkcl01" name="PKCL01_listing_is_produced_correctly">
      <skipped message="Reason: On CRAN ('test-listing_pkcl01.R:28')"/>
    </testcase>
  </testsuite>
  <testsuite name="listing_pkcl02" timestamp="2023-03-16T14:16:21Z" hostname="7ecab02fa289" tests="2" skipped="1" failures="0" errors="0" time="0.24">
    <testcase time="0.0820000000000007" classname="listing_pkcl02" name="PKCL02_listing_is_produced_correctly"/>
    <testcase time="0.157999999999999" classname="listing_pkcl02" name="PKCL02_listing_is_produced_correctly">
      <skipped message="Reason: On CRAN ('test-listing_pkcl02.R:63')"/>
    </testcase>
  </testsuite>
  <testsuite name="listing_pkpl01" timestamp="2023-03-16T14:16:22Z" hostname="7ecab02fa289" tests="2" skipped="1" failures="0" errors="0" time="0.12">
    <testcase time="0.0500000000000007" classname="listing_pkpl01" name="PKPL01_listing_is_produced_correctly"/>
    <testcase time="0.0699999999999985" classname="listing_pkpl01" name="PKPL01_listing_is_produced_correctly">
      <skipped message="Reason: On CRAN ('test-listing_pkpl01.R:34')"/>
    </testcase>
  </testsuite>
  <testsuite name="listing_pkpl02" timestamp="2023-03-16T14:16:22Z" hostname="7ecab02fa289" tests="2" skipped="1" failures="0" errors="0" time="0.132">
    <testcase time="0.0600000000000005" classname="listing_pkpl02" name="PKPL02_listing_is_produced_correctly"/>
    <testcase time="0.072000000000001" classname="listing_pkpl02" name="PKPL02_listing_is_produced_correctly">
      <skipped message="Reason: On CRAN ('test-listing_pkpl02.R:35')"/>
    </testcase>
  </testsuite>
  <testsuite name="listing_pkpl04" timestamp="2023-03-16T14:16:22Z" hostname="7ecab02fa289" tests="2" skipped="1" failures="0" errors="0" time="0.157">
    <testcase time="0.0789999999999988" classname="listing_pkpl04" name="PKPL04_listing_is_produced_correctly"/>
    <testcase time="0.0780000000000012" classname="listing_pkpl04" name="PKPL04_listing_is_produced_correctly">
      <skipped message="Reason: On CRAN ('test-listing_pkpl04.R:50')"/>
    </testcase>
  </testsuite>
  <testsuite name="listing_vsl01" timestamp="2023-03-16T14:16:22Z" hostname="7ecab02fa289" tests="2" skipped="1" failures="0" errors="0" time="0.379">
    <testcase time="0.212" classname="listing_vsl01" name="VSL01_listing_is_produced_correctly"/>
    <testcase time="0.167" classname="listing_vsl01" name="VSL01_listing_is_produced_correctly">
      <skipped message="Reason: On CRAN ('test-listing_vsl01.R:83')"/>
    </testcase>
  </testsuite>
  <testsuite name="table_adat03" timestamp="2023-03-16T14:16:22Z" hostname="7ecab02fa289" tests="2" skipped="1" failures="0" errors="0" time="0.787">
    <testcase time="0.701000000000001" classname="table_adat03" name="ADAT03_is_produced_correctly"/>
    <testcase time="0.0859999999999985" classname="table_adat03" name="ADAT03_is_produced_correctly">
      <skipped message="Reason: On CRAN ('test-table_adat03.R:71')"/>
    </testcase>
  </testsuite>
  <testsuite name="table_aet01" timestamp="2023-03-16T14:16:23Z" hostname="7ecab02fa289" tests="8" skipped="4" failures="0" errors="0" time="2.204">
    <testcase time="0.526000000000002" classname="table_aet01" name="Safety_Summary_Variant_1_works_as_expected"/>
    <testcase time="0.0689999999999991" classname="table_aet01" name="Safety_Summary_Variant_1_works_as_expected">
      <skipped message="Reason: On CRAN ('test-table_aet01.R:94')"/>
    </testcase>
    <testcase time="0.497999999999999" classname="table_aet01" name="Safety_Summary_Variant_2_with_Medical_Concepts_Section_works_as_expected"/>
    <testcase time="0.0890000000000004" classname="table_aet01" name="Safety_Summary_Variant_2_with_Medical_Concepts_Section_works_as_expected">
      <skipped message="Reason: On CRAN ('test-table_aet01.R:214')"/>
    </testcase>
    <testcase time="0.395" classname="table_aet01" name="Safety_Summary_Variant_3_with_Modified_Rows_works_as_expected"/>
    <testcase time="0.0560000000000009" classname="table_aet01" name="Safety_Summary_Variant_3_with_Modified_Rows_works_as_expected">
      <skipped message="Reason: On CRAN ('test-table_aet01.R:306')"/>
    </testcase>
    <testcase time="0.478999999999999" classname="table_aet01" name="Safety_Summary_Variant_4_with_Rows_Counting_Events_and_Additional_Sections_works_as_expected"/>
    <testcase time="0.0920000000000005" classname="table_aet01" name="Safety_Summary_Variant_4_with_Rows_Counting_Events_and_Additional_Sections_works_as_expected">
      <skipped message="Reason: On CRAN ('test-table_aet01.R:419')"/>
    </testcase>
  </testsuite>
  <testsuite name="table_aet02" timestamp="2023-03-16T14:16:25Z" hostname="7ecab02fa289" tests="24" skipped="12" failures="0" errors="0" time="7.751">
    <testcase time="0.640000000000001" classname="table_aet02" name="AET02_variant_1_is_produced_correctly"/>
    <testcase time="0.125999999999999" classname="table_aet02" name="AET02_variant_1_is_produced_correctly">
      <skipped message="Reason: On CRAN ('test-table_aet02.R:42')"/>
    </testcase>
    <testcase time="0.781000000000001" classname="table_aet02" name="AET02_variant_2_is_produced_correctly"/>
    <testcase time="0.129" classname="table_aet02" name="AET02_variant_2_is_produced_correctly">
      <skipped message="Reason: On CRAN ('test-table_aet02.R:95')"/>
    </testcase>
    <testcase time="0.894" classname="table_aet02" name="AET02_variant_3_is_produced_correctly"/>
    <testcase time="0.202" classname="table_aet02" name="AET02_variant_3_is_produced_correctly">
      <skipped message="Reason: On CRAN ('test-table_aet02.R:149')"/>
    </testcase>
    <testcase time="0.115" classname="table_aet02" name="AET02_variant_4_is_produced_correctly"/>
    <testcase time="0.0540000000000003" classname="table_aet02" name="AET02_variant_4_is_produced_correctly">
      <skipped message="Reason: On CRAN ('test-table_aet02.R:174')"/>
    </testcase>
    <testcase time="0.503" classname="table_aet02" name="AET02_variant_5_is_produced_correctly"/>
    <testcase time="0.111999999999998" classname="table_aet02" name="AET02_variant_5_is_produced_correctly">
      <skipped message="Reason: On CRAN ('test-table_aet02.R:214')"/>
    </testcase>
    <testcase time="0.502000000000002" classname="table_aet02" name="AET02_variant_6_is_produced_correctly"/>
    <testcase time="0.0399999999999991" classname="table_aet02" name="AET02_variant_6_is_produced_correctly">
      <skipped message="Reason: On CRAN ('test-table_aet02.R:247')"/>
    </testcase>
    <testcase time="0.879999999999999" classname="table_aet02" name="AET02_variant_7_is_produced_correctly"/>
    <testcase time="0.0510000000000019" classname="table_aet02" name="AET02_variant_7_is_produced_correctly">
      <skipped message="Reason: On CRAN ('test-table_aet02.R:294')"/>
    </testcase>
    <testcase time="0.518999999999998" classname="table_aet02" name="AET02_variant_8_is_produced_correctly"/>
    <testcase time="0.0420000000000016" classname="table_aet02" name="AET02_variant_8_is_produced_correctly">
      <skipped message="Reason: On CRAN ('test-table_aet02.R:327')"/>
    </testcase>
    <testcase time="0.482999999999997" classname="table_aet02" name="AET02_variant_9_is_produced_correctly"/>
    <testcase time="0.0430000000000028" classname="table_aet02" name="AET02_variant_9_is_produced_correctly">
      <skipped message="Reason: On CRAN ('test-table_aet02.R:360')"/>
    </testcase>
    <testcase time="0.495999999999999" classname="table_aet02" name="AET02_variant_10_is_produced_correctly"/>
    <testcase time="0.0489999999999995" classname="table_aet02" name="AET02_variant_10_is_produced_correctly">
      <skipped message="Reason: On CRAN ('test-table_aet02.R:393')"/>
    </testcase>
    <testcase time="0.513000000000002" classname="table_aet02" name="AET02_variant_11_is_produced_correctly"/>
    <testcase time="0.0429999999999993" classname="table_aet02" name="AET02_variant_11_is_produced_correctly">
      <skipped message="Reason: On CRAN ('test-table_aet02.R:426')"/>
    </testcase>
    <testcase time="0.492999999999999" classname="table_aet02" name="AET02_variant_12_is_produced_correctly"/>
    <testcase time="0.0410000000000004" classname="table_aet02" name="AET02_variant_12_is_produced_correctly">
      <skipped message="Reason: On CRAN ('test-table_aet02.R:475')"/>
    </testcase>
  </testsuite>
  <testsuite name="table_aet02_smq" timestamp="2023-03-16T14:16:33Z" hostname="7ecab02fa289" tests="4" skipped="2" failures="0" errors="0" time="0.448">
    <testcase time="0.149000000000001" classname="table_aet02_smq" name="AET02SMQ_variant_1_is_produced_correctly"/>
    <testcase time="0.0380000000000003" classname="table_aet02_smq" name="AET02SMQ_variant_1_is_produced_correctly">
      <skipped message="Reason: On CRAN ('test-table_aet02_smq.R:52')"/>
    </testcase>
    <testcase time="0.209" classname="table_aet02_smq" name="AET02SMQ_variant_2_is_produced_correctly"/>
    <testcase time="0.0519999999999996" classname="table_aet02_smq" name="AET02SMQ_variant_2_is_produced_correctly">
      <skipped message="Reason: On CRAN ('test-table_aet02_smq.R:91')"/>
    </testcase>
  </testsuite>
  <testsuite name="table_aet03" timestamp="2023-03-16T14:16:34Z" hostname="7ecab02fa289" tests="2" skipped="1" failures="0" errors="0" time="1.69">
    <testcase time="1.25" classname="table_aet03" name="AET03_variant_1_is_produced_correctly"/>
    <testcase time="0.440000000000001" classname="table_aet03" name="AET03_variant_1_is_produced_correctly">
      <skipped message="Reason: On CRAN ('test-table_aet03.R:57')"/>
    </testcase>
  </testsuite>
  <testsuite name="table_aet04" timestamp="2023-03-16T14:16:36Z" hostname="7ecab02fa289" tests="16" skipped="8" failures="0" errors="0" time="8.218">
    <testcase time="2.282" classname="table_aet04" name="AET04_variant_1_is_produced_correctly"/>
    <testcase time="0.240000000000002" classname="table_aet04" name="AET04_variant_1_is_produced_correctly">
      <skipped message="Reason: On CRAN ('test-table_aet04.R:102')"/>
    </testcase>
    <testcase time="0.983999999999998" classname="table_aet04" name="AET04_variant_2_is_produced_correctly_Fill_in_of_Treatment_Groups_"/>
    <testcase time="0.244" classname="table_aet04" name="AET04_variant_2_is_produced_correctly_Fill_in_of_Treatment_Groups_">
      <skipped message="Reason: On CRAN ('test-table_aet04.R:167')"/>
    </testcase>
    <testcase time="1.645" classname="table_aet04" name="AET04_variant_3_is_produced_correctly_Fill_in_of_Grades_"/>
    <testcase time="0.244" classname="table_aet04" name="AET04_variant_3_is_produced_correctly_Fill_in_of_Grades_">
      <skipped message="Reason: On CRAN ('test-table_aet04.R:224')"/>
    </testcase>
    <testcase time="1.19" classname="table_aet04" name="AET04_variant_4_is_produced_correctly_Collapsing_of_Grades_grades_1_2_grades_3_4_5_"/>
    <testcase time="0.251000000000001" classname="table_aet04" name="AET04_variant_4_is_produced_correctly_Collapsing_of_Grades_grades_1_2_grades_3_4_5_">
      <skipped message="Reason: On CRAN ('test-table_aet04.R:292')"/>
    </testcase>
    <testcase time="0.620999999999999" classname="table_aet04" name="AET04_variant_6_is_produced_correctly_with_an_Incidence_Rate_of_at_Least_5_totals_restricted_"/>
    <testcase time="0.130000000000003" classname="table_aet04" name="AET04_variant_6_is_produced_correctly_with_an_Incidence_Rate_of_at_Least_5_totals_restricted_">
      <skipped message="Reason: On CRAN ('test-table_aet04.R:387')"/>
    </testcase>
    <testcase time="0.0159999999999982" classname="table_aet04" name="AET04_variant_8_is_produced_correctly_with_an_Incidence_Rate_of_at_Least_X_Patients_"/>
    <testcase time="0.0899999999999999" classname="table_aet04" name="AET04_variant_8_is_produced_correctly_with_an_Incidence_Rate_of_at_Least_X_Patients_">
      <skipped message="Reason: On CRAN ('test-table_aet04.R:420')"/>
    </testcase>
    <testcase time="0.0169999999999995" classname="table_aet04" name="AET04_variant_9_is_produced_correctlyb_with_a_Difference_in_Incidence_Rate_of_at_Least_X_"/>
    <testcase time="0.0980000000000025" classname="table_aet04" name="AET04_variant_9_is_produced_correctlyb_with_a_Difference_in_Incidence_Rate_of_at_Least_X_">
      <skipped message="Reason: On CRAN ('test-table_aet04.R:436')"/>
    </testcase>
    <testcase time="0.0169999999999995" classname="table_aet04" name="AET04_variant_11_is_produced_correctly_with_Incidence_Rate_of_at_Least_X_all_SOCs_w_o_preferred_terms_removed_"/>
    <testcase time="0.149000000000001" classname="table_aet04" name="AET04_variant_11_is_produced_correctly_with_Incidence_Rate_of_at_Least_X_all_SOCs_w_o_preferred_terms_removed_">
      <skipped message="Reason: On CRAN ('test-table_aet04.R:458')"/>
    </testcase>
  </testsuite>
  <testsuite name="table_aet04_pi" timestamp="2023-03-16T14:16:44Z" hostname="7ecab02fa289" tests="18" skipped="9" failures="0" errors="0" time="7.22">
    <testcase time="0.704999999999998" classname="table_aet04_pi" name="AET04_PI_full_table_is_produced_correctly"/>
    <testcase time="0.146999999999998" classname="table_aet04_pi" name="AET04_PI_full_table_is_produced_correctly">
      <skipped message="Reason: On CRAN ('test-table_aet04_pi.R:62')"/>
    </testcase>
    <testcase time="0.739999999999998" classname="table_aet04_pi" name="AET04_PI_variant_1_is_produced_correctly"/>
    <testcase time="0.106999999999999" classname="table_aet04_pi" name="AET04_PI_variant_1_is_produced_correctly">
      <skipped message="Reason: On CRAN ('test-table_aet04_pi.R:84')"/>
    </testcase>
    <testcase time="0.82" classname="table_aet04_pi" name="AET04_PI_variant_2_is_produced_correctly"/>
    <testcase time="0.0570000000000022" classname="table_aet04_pi" name="AET04_PI_variant_2_is_produced_correctly">
      <skipped message="Reason: On CRAN ('test-table_aet04_pi.R:107')"/>
    </testcase>
    <testcase time="0.719999999999999" classname="table_aet04_pi" name="AET04_PI_variant_3_is_produced_correctly"/>
    <testcase time="0.0850000000000009" classname="table_aet04_pi" name="AET04_PI_variant_3_is_produced_correctly">
      <skipped message="Reason: On CRAN ('test-table_aet04_pi.R:130')"/>
    </testcase>
    <testcase time="0.722000000000001" classname="table_aet04_pi" name="AET04_PI_variant_4_is_produced_correctly"/>
    <testcase time="0.0509999999999948" classname="table_aet04_pi" name="AET04_PI_variant_4_is_produced_correctly">
      <skipped message="Reason: On CRAN ('test-table_aet04_pi.R:154')"/>
    </testcase>
    <testcase time="0.754000000000005" classname="table_aet04_pi" name="AET04_PI_variant_5_is_produced_correctly"/>
    <testcase time="0.0859999999999985" classname="table_aet04_pi" name="AET04_PI_variant_5_is_produced_correctly">
      <skipped message="Reason: On CRAN ('test-table_aet04_pi.R:178')"/>
    </testcase>
    <testcase time="0.896999999999998" classname="table_aet04_pi" name="AET04_PI_variant_6_is_produced_correctly"/>
    <testcase time="0.0870000000000033" classname="table_aet04_pi" name="AET04_PI_variant_6_is_produced_correctly">
      <skipped message="Reason: On CRAN ('test-table_aet04_pi.R:229')"/>
    </testcase>
    <testcase time="0.896000000000001" classname="table_aet04_pi" name="AET04_PI_variant_7_is_produced_correctly"/>
    <testcase time="0.0969999999999942" classname="table_aet04_pi" name="AET04_PI_variant_7_is_produced_correctly">
      <skipped message="Reason: On CRAN ('test-table_aet04_pi.R:280')"/>
    </testcase>
    <testcase time="0.160000000000004" classname="table_aet04_pi" name="AET04_PI_variant_8_is_produced_correctly"/>
    <testcase time="0.0889999999999986" classname="table_aet04_pi" name="AET04_PI_variant_8_is_produced_correctly">
      <skipped message="Reason: On CRAN ('test-table_aet04_pi.R:314')"/>
    </testcase>
  </testsuite>
  <testsuite name="table_aet05" timestamp="2023-03-16T14:16:51Z" hostname="7ecab02fa289" tests="4" skipped="2" failures="0" errors="0" time="0.243">
    <testcase time="0.0990000000000038" classname="table_aet05" name="AET05_variant_1_is_produced_correctly"/>
    <testcase time="0.0419999999999945" classname="table_aet05" name="AET05_variant_1_is_produced_correctly">
      <skipped message="Reason: On CRAN ('test-table_aet05.R:22')"/>
    </testcase>
    <testcase time="0.0730000000000004" classname="table_aet05" name="AET05_variant_2_is_produced_correctly"/>
    <testcase time="0.0290000000000035" classname="table_aet05" name="AET05_variant_2_is_produced_correctly">
      <skipped message="Reason: On CRAN ('test-table_aet05.R:42')"/>
    </testcase>
  </testsuite>
  <testsuite name="table_aet06" timestamp="2023-03-16T14:16:51Z" hostname="7ecab02fa289" tests="6" skipped="3" failures="0" errors="0" time="4.46">
    <testcase time="0.856000000000002" classname="table_aet06" name="AET06_variant_1_is_produced_correctly"/>
    <testcase time="0.167999999999999" classname="table_aet06" name="AET06_variant_1_is_produced_correctly">
      <skipped message="Reason: On CRAN ('test-table_aet06.R:81')"/>
    </testcase>
    <testcase time="1.441" classname="table_aet06" name="AET06_variant_3_is_produced_correctly"/>
    <testcase time="0.258000000000003" classname="table_aet06" name="AET06_variant_3_is_produced_correctly">
      <skipped message="Reason: On CRAN ('test-table_aet06.R:133')"/>
    </testcase>
    <testcase time="1.471" classname="table_aet06" name="AET06_variant_5_is_produced_correctly"/>
    <testcase time="0.266000000000005" classname="table_aet06" name="AET06_variant_5_is_produced_correctly">
      <skipped message="Reason: On CRAN ('test-table_aet06.R:177')"/>
    </testcase>
  </testsuite>
  <testsuite name="table_aet06_smq" timestamp="2023-03-16T14:16:55Z" hostname="7ecab02fa289" tests="4" skipped="2" failures="0" errors="0" time="1.424">
    <testcase time="0.574999999999996" classname="table_aet06_smq" name="AET06_SMQ_variant_1_is_produced_correctly"/>
    <testcase time="0.139000000000003" classname="table_aet06_smq" name="AET06_SMQ_variant_1_is_produced_correctly">
      <skipped message="Reason: On CRAN ('test-table_aet06_smq.R:73')"/>
    </testcase>
    <testcase time="0.57" classname="table_aet06_smq" name="AET06_SMQ_variant_2_is_produced_correctly"/>
    <testcase time="0.140000000000001" classname="table_aet06_smq" name="AET06_SMQ_variant_2_is_produced_correctly">
      <skipped message="Reason: On CRAN ('test-table_aet06_smq.R:160')"/>
    </testcase>
  </testsuite>
  <testsuite name="table_aet07" timestamp="2023-03-16T14:16:57Z" hostname="7ecab02fa289" tests="4" skipped="2" failures="0" errors="0" time="0.253">
    <testcase time="0.0899999999999963" classname="table_aet07" name="AET07_variant_1_is_produced_correctly"/>
    <testcase time="0.0320000000000036" classname="table_aet07" name="AET07_variant_1_is_produced_correctly">
      <skipped message="Reason: On CRAN ('test-table_aet07.R:51')"/>
    </testcase>
    <testcase time="0.103000000000002" classname="table_aet07" name="AET07_variant_2_is_produced_correctly"/>
    <testcase time="0.0279999999999987" classname="table_aet07" name="AET07_variant_2_is_produced_correctly">
      <skipped message="Reason: On CRAN ('test-table_aet07.R:82')"/>
    </testcase>
  </testsuite>
  <testsuite name="table_aet09" timestamp="2023-03-16T14:16:57Z" hostname="7ecab02fa289" tests="4" skipped="2" failures="0" errors="0" time="1.297">
    <testcase time="0.478999999999999" classname="table_aet09" name="AET09_variant_1_is_produced_correctly_AE_related_to_study_drug"/>
    <testcase time="0.109999999999999" classname="table_aet09" name="AET09_variant_1_is_produced_correctly_AE_related_to_study_drug">
      <skipped message="Reason: On CRAN ('test-table_aet09.R:43')"/>
    </testcase>
    <testcase time="0.567" classname="table_aet09" name="AET09_variant_2_is_produced_correctly_AE_related_to_study_drug_including_high_level_terms_"/>
    <testcase time="0.140999999999998" classname="table_aet09" name="AET09_variant_2_is_produced_correctly_AE_related_to_study_drug_including_high_level_terms_">
      <skipped message="Reason: On CRAN ('test-table_aet09.R:100')"/>
    </testcase>
  </testsuite>
  <testsuite name="table_aet09_smq" timestamp="2023-03-16T14:16:58Z" hostname="7ecab02fa289" tests="4" skipped="2" failures="0" errors="0" time="0.622">
    <testcase time="0.194000000000003" classname="table_aet09_smq" name="AET09_variant_1_AEs_related_to_study_drug_by_SMQ_is_produced_correctly"/>
    <testcase time="0.0390000000000015" classname="table_aet09_smq" name="AET09_variant_1_AEs_related_to_study_drug_by_SMQ_is_produced_correctly">
      <skipped message="Reason: On CRAN ('test-table_aet09_smq.R:69')"/>
    </testcase>
    <testcase time="0.324999999999996" classname="table_aet09_smq" name="AET09_variant_2_AEs_related_to_study_drug_by_SMQ_with_customized_queries_is_produced_correctly"/>
    <testcase time="0.0640000000000001" classname="table_aet09_smq" name="AET09_variant_2_AEs_related_to_study_drug_by_SMQ_with_customized_queries_is_produced_correctly">
      <skipped message="Reason: On CRAN ('test-table_aet09_smq.R:128')"/>
    </testcase>
  </testsuite>
  <testsuite name="table_aet10" timestamp="2023-03-16T14:16:59Z" hostname="7ecab02fa289" tests="2" skipped="1" failures="0" errors="0" time="0.151">
    <testcase time="0.105000000000004" classname="table_aet10" name="AET10_default_variant_is_produced_correctly"/>
    <testcase time="0.0459999999999994" classname="table_aet10" name="AET10_default_variant_is_produced_correctly">
      <skipped message="Reason: On CRAN ('test-table_aet10.R:23')"/>
    </testcase>
  </testsuite>
  <testsuite name="table_aovt01" timestamp="2023-03-16T14:16:59Z" hostname="7ecab02fa289" tests="4" skipped="2" failures="0" errors="0" time="1.208">
    <testcase time="0.366999999999997" classname="table_aovt01" name="AOVT01_variant_with_single_endpoint_is_produced_correctly"/>
    <testcase time="0.0489999999999995" classname="table_aovt01" name="AOVT01_variant_with_single_endpoint_is_produced_correctly">
      <skipped message="Reason: On CRAN ('test-table_aovt01.R:33')"/>
    </testcase>
    <testcase time="0.670999999999999" classname="table_aovt01" name="AOVT01_variant_with_multiple_endpoints_is_produced_correctly"/>
    <testcase time="0.121000000000002" classname="table_aovt01" name="AOVT01_variant_with_multiple_endpoints_is_produced_correctly">
      <skipped message="Reason: On CRAN ('test-table_aovt01.R:52')"/>
    </testcase>
  </testsuite>
  <testsuite name="table_cmt01" timestamp="2023-03-16T14:17:00Z" hostname="7ecab02fa289" tests="8" skipped="4" failures="0" errors="0" time="1.509">
    <testcase time="0.322000000000003" classname="table_cmt01" name="CMT01_default_variant_Concomitant_medications_is_produced_correctly"/>
    <testcase time="0.0939999999999941" classname="table_cmt01" name="CMT01_default_variant_Concomitant_medications_is_produced_correctly">
      <skipped message="Reason: On CRAN ('test-table_cmt01.R:36')"/>
    </testcase>
    <testcase time="0.238" classname="table_cmt01" name="CMT01_variant_1_prior_medications_is_produced_correctly"/>
    <testcase time="0.0570000000000022" classname="table_cmt01" name="CMT01_variant_1_prior_medications_is_produced_correctly">
      <skipped message="Reason: On CRAN ('test-table_cmt01.R:71')"/>
    </testcase>
    <testcase time="0.319000000000003" classname="table_cmt01" name="CMT01_variant_3_Concomitant_medications_is_produced_correctly"/>
    <testcase time="0.0679999999999978" classname="table_cmt01" name="CMT01_variant_3_Concomitant_medications_is_produced_correctly">
      <skipped message="Reason: On CRAN ('test-table_cmt01.R:104')"/>
    </testcase>
    <testcase time="0.335999999999999" classname="table_cmt01" name="CMT01_variant_4_Concomitant_medications_is_produced_correctly"/>
    <testcase time="0.0750000000000028" classname="table_cmt01" name="CMT01_variant_4_Concomitant_medications_is_produced_correctly">
      <skipped message="Reason: On CRAN ('test-table_cmt01.R:135')"/>
    </testcase>
  </testsuite>
  <testsuite name="table_cmt02_pt" timestamp="2023-03-16T14:17:02Z" hostname="7ecab02fa289" tests="2" skipped="1" failures="0" errors="0" time="0.408">
    <testcase time="0.351999999999997" classname="table_cmt02_pt" name="CMT02_PT_default_variant_is_produced_correctly"/>
    <testcase time="0.0560000000000045" classname="table_cmt02_pt" name="CMT02_PT_default_variant_is_produced_correctly">
      <skipped message="Reason: On CRAN ('test-table_cmt02_pt.R:26')"/>
    </testcase>
  </testsuite>
  <testsuite name="table_coxt01" timestamp="2023-03-16T14:17:02Z" hostname="7ecab02fa289" tests="8" skipped="4" failures="0" errors="0" time="1.171">
    <testcase time="0.207999999999998" classname="table_coxt01" name="1._Cox_Regression"/>
    <testcase time="0.0390000000000015" classname="table_coxt01" name="1._Cox_Regression">
      <skipped message="Reason: On CRAN ('test-table_coxt01.R:43')"/>
    </testcase>
    <testcase time="0.312999999999995" classname="table_coxt01" name="2._Cox_Regression_with_Interaction_Term_"/>
    <testcase time="0.00500000000000256" classname="table_coxt01" name="2._Cox_Regression_with_Interaction_Term_">
      <skipped message="Reason: On CRAN ('test-table_coxt01.R:70')"/>
    </testcase>
    <testcase time="0.293999999999997" classname="table_coxt01" name="3._Cox_Regression_specifying_covariates_"/>
    <testcase time="0.00500000000000256" classname="table_coxt01" name="3._Cox_Regression_specifying_covariates_">
      <skipped message="Reason: On CRAN ('test-table_coxt01.R:99')"/>
    </testcase>
    <testcase time="0.301000000000002" classname="table_coxt01" name="4._Cox_Regression_setting_strata_ties_and_alpha_level_"/>
    <testcase time="0.00600000000000023" classname="table_coxt01" name="4._Cox_Regression_setting_strata_ties_and_alpha_level_">
      <skipped message="Reason: On CRAN ('test-table_coxt01.R:133')"/>
    </testcase>
  </testsuite>
  <testsuite name="table_coxt02" timestamp="2023-03-16T14:17:04Z" hostname="7ecab02fa289" tests="4" skipped="2" failures="0" errors="0" time="0.372">
    <testcase time="0.161000000000001" classname="table_coxt02" name="COXT02_default_variant_1_is_produced_correctly"/>
    <testcase time="0.0349999999999966" classname="table_coxt02" name="COXT02_default_variant_1_is_produced_correctly">
      <skipped message="Reason: On CRAN ('test-table_coxt02.R:44')"/>
    </testcase>
    <testcase time="0.146000000000001" classname="table_coxt02" name="COXT02_variant_5_is_produced_correctly"/>
    <testcase time="0.0300000000000011" classname="table_coxt02" name="COXT02_variant_5_is_produced_correctly">
      <skipped message="Reason: On CRAN ('test-table_coxt02.R:67')"/>
    </testcase>
  </testsuite>
  <testsuite name="table_disclosures" timestamp="2023-03-16T14:17:04Z" hostname="7ecab02fa289" tests="12" skipped="6" failures="0" errors="0" time="1.826">
    <testcase time="0.213000000000001" classname="table_disclosures" name="Patient_Disposition_table_is_produced_correctly"/>
    <testcase time="0.0549999999999997" classname="table_disclosures" name="Patient_Disposition_table_is_produced_correctly">
      <skipped message="Reason: On CRAN ('test-table_disclosures.R:110')"/>
    </testcase>
    <testcase time="0.286999999999999" classname="table_disclosures" name="Demographic_table_is_produced_correctly"/>
    <testcase time="0.102999999999994" classname="table_disclosures" name="Demographic_table_is_produced_correctly">
      <skipped message="Reason: On CRAN ('test-table_disclosures.R:131')"/>
    </testcase>
    <testcase time="0.088000000000001" classname="table_disclosures" name="Enrollment_by_Country_Table_is_produced_correctly"/>
    <testcase time="0.0549999999999997" classname="table_disclosures" name="Enrollment_by_Country_Table_is_produced_correctly">
      <skipped message="Reason: On CRAN ('test-table_disclosures.R:143')"/>
    </testcase>
    <testcase time="0.0750000000000028" classname="table_disclosures" name="Death_table_is_produced_correctly"/>
    <testcase time="0.0240000000000009" classname="table_disclosures" name="Death_table_is_produced_correctly">
      <skipped message="Reason: On CRAN ('test-table_disclosures.R:161')"/>
    </testcase>
    <testcase time="0.356999999999999" classname="table_disclosures" name="Table_of_Serious_Adverse_Events_is_produced_correctly_for_one_specific_treatment_arm_"/>
    <testcase time="0.0489999999999995" classname="table_disclosures" name="Table_of_Serious_Adverse_Events_is_produced_correctly_for_one_specific_treatment_arm_">
      <skipped message="Reason: On CRAN ('test-table_disclosures.R:189')"/>
    </testcase>
    <testcase time="0.430999999999997" classname="table_disclosures" name="Table_of_Non_Serious_Adverse_Events_is_produced_correctly"/>
    <testcase time="0.0889999999999986" classname="table_disclosures" name="Table_of_Non_Serious_Adverse_Events_is_produced_correctly">
      <skipped message="Reason: On CRAN ('test-table_disclosures.R:211')"/>
    </testcase>
  </testsuite>
  <testsuite name="table_dmt01" timestamp="2023-03-16T14:17:06Z" hostname="7ecab02fa289" tests="2" skipped="1" failures="0" errors="0" time="0.554">
    <testcase time="0.413000000000004" classname="table_dmt01" name="DMT01_default_and_alternative_variants_are_produced_correctly"/>
    <testcase time="0.140999999999998" classname="table_dmt01" name="DMT01_default_and_alternative_variants_are_produced_correctly">
      <skipped message="Reason: On CRAN ('test-table_dmt01.R:62')"/>
    </testcase>
  </testsuite>
  <testsuite name="table_dort01" timestamp="2023-03-16T14:17:06Z" hostname="7ecab02fa289" tests="8" skipped="4" failures="0" errors="0" time="1.48">
    <testcase time="0.353999999999999" classname="table_dort01" name="DORT01_variant_1_is_produced_correctly"/>
    <testcase time="0.078000000000003" classname="table_dort01" name="DORT01_variant_1_is_produced_correctly">
      <skipped message="Reason: On CRAN ('test-table_dort01.R:78')"/>
    </testcase>
    <testcase time="0.298000000000002" classname="table_dort01" name="DORT01_variant_2_selecting_sectons_is_produced_correctly"/>
    <testcase time="0.0670000000000002" classname="table_dort01" name="DORT01_variant_2_selecting_sectons_is_produced_correctly">
      <skipped message="Reason: On CRAN ('test-table_dort01.R:134')"/>
    </testcase>
    <testcase time="0.273999999999994" classname="table_dort01" name="DORT01_variant_3_modifying_conftype_and_alpha_level_is_produced_correctly"/>
    <testcase time="0.0660000000000025" classname="table_dort01" name="DORT01_variant_3_modifying_conftype_and_alpha_level_is_produced_correctly">
      <skipped message="Reason: On CRAN ('test-table_dort01.R:190')"/>
    </testcase>
    <testcase time="0.265999999999998" classname="table_dort01" name="DORT01_variant_4_modifying_time_point_for_the_xx_duration_is_produced_correctly"/>
    <testcase time="0.0770000000000053" classname="table_dort01" name="DORT01_variant_4_modifying_time_point_for_the_xx_duration_is_produced_correctly">
      <skipped message="Reason: On CRAN ('test-table_dort01.R:244')"/>
    </testcase>
  </testsuite>
  <testsuite name="table_dst01" timestamp="2023-03-16T14:17:08Z" hostname="7ecab02fa289" tests="6" skipped="3" failures="0" errors="0" time="1.306">
    <testcase time="0.342999999999996" classname="table_dst01" name="DST01_default_variant_is_produced_correctly"/>
    <testcase time="0.0459999999999994" classname="table_dst01" name="DST01_default_variant_is_produced_correctly">
      <skipped message="Reason: On CRAN ('test-table_dst01.R:83')"/>
    </testcase>
    <testcase time="0.441000000000003" classname="table_dst01" name="DST01_variant_with_grouping_of_reasons_is_produced_correctly"/>
    <testcase time="0.0559999999999974" classname="table_dst01" name="DST01_variant_with_grouping_of_reasons_is_produced_correctly">
      <skipped message="Reason: On CRAN ('test-table_dst01.R:102')"/>
    </testcase>
    <testcase time="0.359999999999999" classname="table_dst01" name="DST01_variant_with_adding_other_optional_rows_is_produced_correctly"/>
    <testcase time="0.0600000000000023" classname="table_dst01" name="DST01_variant_with_adding_other_optional_rows_is_produced_correctly">
      <skipped message="Reason: On CRAN ('test-table_dst01.R:119')"/>
    </testcase>
  </testsuite>
  <testsuite name="table_dth01" timestamp="2023-03-16T14:17:09Z" hostname="7ecab02fa289" tests="8" skipped="4" failures="0" errors="0" time="1.381">
    <testcase time="0.116" classname="table_dth01" name="DTH01_variant_1_is_produced_correctly"/>
    <testcase time="0.0399999999999991" classname="table_dth01" name="DTH01_variant_1_is_produced_correctly">
      <skipped message="Reason: On CRAN ('test-table_dth01.R:22')"/>
    </testcase>
    <testcase time="0.448" classname="table_dth01" name="DTH01_variant_2_is_produced_correctly"/>
    <testcase time="0.105000000000004" classname="table_dth01" name="DTH01_variant_2_is_produced_correctly">
      <skipped message="Reason: On CRAN ('test-table_dth01.R:81')"/>
    </testcase>
    <testcase time="0.223999999999997" classname="table_dth01" name="DTH01_variant_3_is_produced_correctly"/>
    <testcase time="0.0579999999999998" classname="table_dth01" name="DTH01_variant_3_is_produced_correctly">
      <skipped message="Reason: On CRAN ('test-table_dth01.R:140')"/>
    </testcase>
    <testcase time="0.317" classname="table_dth01" name="DTH01_variant_4_is_produced_correctly"/>
    <testcase time="0.0730000000000004" classname="table_dth01" name="DTH01_variant_4_is_produced_correctly">
      <skipped message="Reason: On CRAN ('test-table_dth01.R:217')"/>
    </testcase>
  </testsuite>
  <testsuite name="table_egt01" timestamp="2023-03-16T14:17:10Z" hostname="7ecab02fa289" tests="2" skipped="1" failures="0" errors="0" time="0.938">
    <testcase time="0.754000000000005" classname="table_egt01" name="EGT01_default_variant_is_produced_correctly"/>
    <testcase time="0.183999999999997" classname="table_egt01" name="EGT01_default_variant_is_produced_correctly">
      <skipped message="Reason: On CRAN ('test-table_egt01.R:22')"/>
    </testcase>
  </testsuite>
  <testsuite name="table_egt02" timestamp="2023-03-16T14:17:11Z" hostname="7ecab02fa289" tests="4" skipped="2" failures="0" errors="0" time="0.559">
    <testcase time="0.247" classname="table_egt02" name="_EGT02_1._Regardless_of_Abnormality_at_Baseline"/>
    <testcase time="0.0499999999999972" classname="table_egt02" name="_EGT02_1._Regardless_of_Abnormality_at_Baseline">
      <skipped message="Reason: On CRAN ('test-table_egt02.R:28')"/>
    </testcase>
    <testcase time="0.211000000000006" classname="table_egt02" name="_EGT02_2._Among_Subjects_Without_Abnormality_at_Baseline"/>
    <testcase time="0.0509999999999948" classname="table_egt02" name="_EGT02_2._Among_Subjects_Without_Abnormality_at_Baseline">
      <skipped message="Reason: On CRAN ('test-table_egt02.R:51')"/>
    </testcase>
  </testsuite>
  <testsuite name="table_egt03" timestamp="2023-03-16T14:17:12Z" hostname="7ecab02fa289" tests="8" skipped="4" failures="0" errors="0" time="1.272">
    <testcase time="0.252000000000002" classname="table_egt03" name="EGT03_variant_1_is_produced_correctly"/>
    <testcase time="0.0899999999999963" classname="table_egt03" name="EGT03_variant_1_is_produced_correctly">
      <skipped message="Reason: On CRAN ('test-table_egt03.R:50')"/>
    </testcase>
    <testcase time="0.212000000000003" classname="table_egt03" name="EGT03_variant_2_is_produced_correctly"/>
    <testcase time="0.0690000000000026" classname="table_egt03" name="EGT03_variant_2_is_produced_correctly">
      <skipped message="Reason: On CRAN ('test-table_egt03.R:91')"/>
    </testcase>
    <testcase time="0.241999999999997" classname="table_egt03" name="EGT03_variant_3_is_produced_correctly"/>
    <testcase time="0.0720000000000027" classname="table_egt03" name="EGT03_variant_3_is_produced_correctly">
      <skipped message="Reason: On CRAN ('test-table_egt03.R:132')"/>
    </testcase>
    <testcase time="0.244" classname="table_egt03" name="EGT03_variant_4_is_produced_correctly"/>
    <testcase time="0.090999999999994" classname="table_egt03" name="EGT03_variant_4_is_produced_correctly">
      <skipped message="Reason: On CRAN ('test-table_egt03.R:179')"/>
    </testcase>
  </testsuite>
  <testsuite name="table_egt04" timestamp="2023-03-16T14:17:13Z" hostname="7ecab02fa289" tests="2" skipped="1" failures="0" errors="0" time="0.252">
    <testcase time="0.201000000000001" classname="table_egt04" name="EGT04_default_variant_is_produced_correctly"/>
    <testcase time="0.0510000000000019" classname="table_egt04" name="EGT04_default_variant_is_produced_correctly">
      <skipped message="Reason: On CRAN ('test-table_egt04.R:51')"/>
    </testcase>
  </testsuite>
  <testsuite name="table_egt05_qtcat" timestamp="2023-03-16T14:17:13Z" hostname="7ecab02fa289" tests="2" skipped="1" failures="0" errors="0" time="0.972">
    <testcase time="0.765999999999998" classname="table_egt05_qtcat" name="EGT05_QTCAT_default_variant_is_produced_correctly"/>
    <testcase time="0.206000000000003" classname="table_egt05_qtcat" name="EGT05_QTCAT_default_variant_is_produced_correctly">
      <skipped message="Reason: On CRAN ('test-table_egt05_qtcat.R:57')"/>
    </testcase>
  </testsuite>
  <testsuite name="table_ent" timestamp="2023-03-16T14:17:14Z" hostname="7ecab02fa289" tests="8" skipped="4" failures="0" errors="0" time="14.607">
    <testcase time="3.711" classname="table_ent" name="ENT01_IT_is_produced_correctly"/>
    <testcase time="0.522999999999996" classname="table_ent" name="ENT01_IT_is_produced_correctly">
      <skipped message="Reason: On CRAN ('test-table_ent.R:24')"/>
    </testcase>
    <testcase time="2.497" classname="table_ent" name="ENT01a_IT_is_produced_correctly"/>
    <testcase time="0.494" classname="table_ent" name="ENT01a_IT_is_produced_correctly">
      <skipped message="Reason: On CRAN ('test-table_ent.R:40')"/>
    </testcase>
    <testcase time="3.87400000000001" classname="table_ent" name="ENT02_IT_is_produced_correctly"/>
    <testcase time="0.534999999999997" classname="table_ent" name="ENT02_IT_is_produced_correctly">
      <skipped message="Reason: On CRAN ('test-table_ent.R:61')"/>
    </testcase>
    <testcase time="2.529" classname="table_ent" name="ENT02a_IT_is_produced_correctly"/>
    <testcase time="0.444000000000003" classname="table_ent" name="ENT02a_IT_is_produced_correctly">
      <skipped message="Reason: On CRAN ('test-table_ent.R:79')"/>
    </testcase>
  </testsuite>
  <testsuite name="table_ext01" timestamp="2023-03-16T14:17:29Z" hostname="7ecab02fa289" tests="6" skipped="3" failures="0" errors="0" time="1.1">
    <testcase time="0.272000000000006" classname="table_ext01" name="EXT01_default_variant_with_numeric_parameters_is_produced_correctly"/>
    <testcase time="0.0719999999999885" classname="table_ext01" name="EXT01_default_variant_with_numeric_parameters_is_produced_correctly">
      <skipped message="Reason: On CRAN ('test-table_ext01.R:58')"/>
    </testcase>
    <testcase time="0.27300000000001" classname="table_ext01" name="EXT01_variant_with_both_numeric_and_categorical_parameters"/>
    <testcase time="0.0789999999999935" classname="table_ext01" name="EXT01_variant_with_both_numeric_and_categorical_parameters">
      <skipped message="Reason: On CRAN ('test-table_ext01.R:147')"/>
    </testcase>
    <testcase time="0.308000000000007" classname="table_ext01" name="EXT01_variant_with_user_specified_categories_for_missed_doses"/>
    <testcase time="0.0959999999999894" classname="table_ext01" name="EXT01_variant_with_user_specified_categories_for_missed_doses">
      <skipped message="Reason: On CRAN ('test-table_ext01.R:241')"/>
    </testcase>
  </testsuite>
  <testsuite name="table_fstg02" timestamp="2023-03-16T14:17:30Z" hostname="7ecab02fa289" tests="8" skipped="4" failures="0" errors="0" time="2.726">
    <testcase time="0.779000000000011" classname="table_fstg02" name="FSTG02_table_variant_1_Subgroup_Analysis_of_Survival_Duration_is_produced_correctly"/>
    <testcase time="0.0669999999999931" classname="table_fstg02" name="FSTG02_table_variant_1_Subgroup_Analysis_of_Survival_Duration_is_produced_correctly">
      <skipped message="Reason: On CRAN ('test-table_fstg02.R:43')"/>
    </testcase>
    <testcase time="0.721000000000004" classname="table_fstg02" name="FSTG02_table_variant_2_specifying_class_variables_and_options_for_the_treatment_variable_"/>
    <testcase time="0.0660000000000025" classname="table_fstg02" name="FSTG02_table_variant_2_specifying_class_variables_and_options_for_the_treatment_variable_">
      <skipped message="Reason: On CRAN ('test-table_fstg02.R:80')"/>
    </testcase>
    <testcase time="0.266999999999996" classname="table_fstg02" name="FSTG02_table_variant_3_selecting_columns_and_changing_the_alpha_level_"/>
    <testcase time="0.054000000000002" classname="table_fstg02" name="FSTG02_table_variant_3_selecting_columns_and_changing_the_alpha_level_">
      <skipped message="Reason: On CRAN ('test-table_fstg02.R:105')"/>
    </testcase>
    <testcase time="0.704999999999998" classname="table_fstg02" name="FSTG02_table_variant_4_fixed_symbol_size_is_produced_correctly"/>
    <testcase time="0.0670000000000073" classname="table_fstg02" name="FSTG02_table_variant_4_fixed_symbol_size_is_produced_correctly">
      <skipped message="Reason: On CRAN ('test-table_fstg02.R:135')"/>
    </testcase>
  </testsuite>
  <testsuite name="table_lbt01" timestamp="2023-03-16T14:17:33Z" hostname="7ecab02fa289" tests="2" skipped="1" failures="0" errors="0" time="0.746">
    <testcase time="0.60199999999999" classname="table_lbt01" name="LBT01_default_variant_is_produced_correctly"/>
    <testcase time="0.144000000000005" classname="table_lbt01" name="LBT01_default_variant_is_produced_correctly">
      <skipped message="Reason: On CRAN ('test-table_lbt01.R:26')"/>
    </testcase>
  </testsuite>
  <testsuite name="table_lbt02" timestamp="2023-03-16T14:17:34Z" hostname="7ecab02fa289" tests="2" skipped="1" failures="0" errors="0" time="0.432">
    <testcase time="0.323999999999998" classname="table_lbt02" name="LBT02_default_variant_is_produced_correctly"/>
    <testcase time="0.108000000000004" classname="table_lbt02" name="LBT02_default_variant_is_produced_correctly">
      <skipped message="Reason: On CRAN ('test-table_lbt02.R:19')"/>
    </testcase>
  </testsuite>
  <testsuite name="table_lbt03" timestamp="2023-03-16T14:17:34Z" hostname="7ecab02fa289" tests="2" skipped="1" failures="0" errors="0" time="0.495">
    <testcase time="0.375999999999991" classname="table_lbt03" name="LBT03_default_variant_is_produced_correctly"/>
    <testcase time="0.119" classname="table_lbt03" name="LBT03_default_variant_is_produced_correctly">
      <skipped message="Reason: On CRAN ('test-table_lbt03.R:29')"/>
    </testcase>
  </testsuite>
  <testsuite name="table_lbt04" timestamp="2023-03-16T14:17:35Z" hostname="7ecab02fa289" tests="2" skipped="1" failures="0" errors="0" time="0.245">
    <testcase time="0.197000000000003" classname="table_lbt04" name="LBT04_default_variant_is_produced_correctly"/>
    <testcase time="0.0480000000000018" classname="table_lbt04" name="LBT04_default_variant_is_produced_correctly">
      <skipped message="Reason: On CRAN ('test-table_lbt04.R:25')"/>
    </testcase>
  </testsuite>
  <testsuite name="table_lbt05" timestamp="2023-03-16T14:17:35Z" hostname="7ecab02fa289" tests="6" skipped="3" failures="0" errors="0" time="119.109">
    <testcase time="40.147" classname="table_lbt05" name="LBT05_variant_1_is_produced_correctly"/>
    <testcase time="0.0789999999999935" classname="table_lbt05" name="LBT05_variant_1_is_produced_correctly">
      <skipped message="Reason: On CRAN ('test-table_lbt05.R:108')"/>
    </testcase>
    <testcase time="39.438" classname="table_lbt05" name="LBT05_variant_2_is_produced_correctly"/>
    <testcase time="0.0939999999999941" classname="table_lbt05" name="LBT05_variant_2_is_produced_correctly">
      <skipped message="Reason: On CRAN ('test-table_lbt05.R:176')"/>
    </testcase>
    <testcase time="39.271" classname="table_lbt05" name="LBT05_variant_4_is_produced_correctly"/>
    <testcase time="0.0799999999999841" classname="table_lbt05" name="LBT05_variant_4_is_produced_correctly">
      <skipped message="Reason: On CRAN ('test-table_lbt05.R:249')"/>
    </testcase>
  </testsuite>
  <testsuite name="table_lbt06" timestamp="2023-03-16T14:19:34Z" hostname="7ecab02fa289" tests="2" skipped="1" failures="0" errors="0" time="0.637">
    <testcase time="0.494" classname="table_lbt06" name="LBT06_default_variant_is_produced_correctly"/>
    <testcase time="0.143000000000001" classname="table_lbt06" name="LBT06_default_variant_is_produced_correctly">
      <skipped message="Reason: On CRAN ('test-table_lbt06.R:24')"/>
    </testcase>
  </testsuite>
  <testsuite name="table_lbt07" timestamp="2023-03-16T14:19:35Z" hostname="7ecab02fa289" tests="2" skipped="1" failures="0" errors="0" time="0.603">
    <testcase time="0.496000000000009" classname="table_lbt07" name="LBT07_is_produced_correctly"/>
    <testcase time="0.106999999999999" classname="table_lbt07" name="LBT07_is_produced_correctly">
      <skipped message="Reason: On CRAN ('test-table_lbt07.R:77')"/>
    </testcase>
  </testsuite>
  <testsuite name="table_lbt08" timestamp="2023-03-16T14:19:35Z" hostname="7ecab02fa289" tests="2" skipped="1" failures="0" errors="0" time="0.532">
    <testcase time="0.430000000000007" classname="table_lbt08" name="LBT08_produce_correctly"/>
    <testcase time="0.102000000000004" classname="table_lbt08" name="LBT08_produce_correctly">
      <skipped message="Reason: On CRAN ('test-table_lbt08.R:38')"/>
    </testcase>
  </testsuite>
  <testsuite name="table_lbt14" timestamp="2023-03-16T14:19:36Z" hostname="7ecab02fa289" tests="10" skipped="5" failures="0" errors="0" time="2.874">
    <testcase time="0.445999999999998" classname="table_lbt14" name="LBT14_variant_1_HIGH_works_as_expected"/>
    <testcase time="0.103999999999985" classname="table_lbt14" name="LBT14_variant_1_HIGH_works_as_expected">
      <skipped message="Reason: On CRAN ('test-table_lbt14.R:48')"/>
    </testcase>
    <testcase time="0.432000000000016" classname="table_lbt14" name="LBT14_variant_2_LOW_works_as_expected"/>
    <testcase time="0.11699999999999" classname="table_lbt14" name="LBT14_variant_2_LOW_works_as_expected">
      <skipped message="Reason: On CRAN ('test-table_lbt14.R:95')"/>
    </testcase>
    <testcase time="0.439999999999998" classname="table_lbt14" name="LBT14_variant_3_LOW_without_baseline_missing_works_as_expected"/>
    <testcase time="0.0999999999999943" classname="table_lbt14" name="LBT14_variant_3_LOW_without_baseline_missing_works_as_expected">
      <skipped message="Reason: On CRAN ('test-table_lbt14.R:141')"/>
    </testcase>
    <testcase time="0.442000000000007" classname="table_lbt14" name="LBT14_variant_4_LOW_and_force_1_missing_both_baseline_and_post_baseline_then_force_the_missing_baseline_as_0_as_expected"/>
    <testcase time="0.104000000000013" classname="table_lbt14" name="LBT14_variant_4_LOW_and_force_1_missing_both_baseline_and_post_baseline_then_force_the_missing_baseline_as_0_as_expected">
      <skipped message="Reason: On CRAN ('test-table_lbt14.R:189')"/>
    </testcase>
    <testcase time="0.533999999999992" classname="table_lbt14" name="LBT14_variant_5_HIGH_with_fillings_works_as_expected"/>
    <testcase time="0.155000000000001" classname="table_lbt14" name="LBT14_variant_5_HIGH_with_fillings_works_as_expected">
      <skipped message="Reason: On CRAN ('test-table_lbt14.R:236')"/>
    </testcase>
  </testsuite>
  <testsuite name="table_lgrt02" timestamp="2023-03-16T14:19:39Z" hostname="7ecab02fa289" tests="8" skipped="4" failures="0" errors="0" time="2.782">
    <testcase time="0.510999999999996" classname="table_lgrt02" name="LGRT02_without_interaction_term_is_produced_correctly"/>
    <testcase time="0.0939999999999941" classname="table_lgrt02" name="LGRT02_without_interaction_term_is_produced_correctly">
      <skipped message="Reason: On CRAN ('test-table_lgrt02.R:52')"/>
    </testcase>
    <testcase time="0.599000000000018" classname="table_lgrt02" name="LGRT02_with_categorical_interaction_is_produced_correctly"/>
    <testcase time="0.119" classname="table_lgrt02" name="LGRT02_with_categorical_interaction_is_produced_correctly">
      <skipped message="Reason: On CRAN ('test-table_lgrt02.R:78')"/>
    </testcase>
    <testcase time="0.794999999999987" classname="table_lgrt02" name="LGRT02_with_continuous_interaction_is_produced_correctly"/>
    <testcase time="0.115000000000009" classname="table_lgrt02" name="LGRT02_with_continuous_interaction_is_produced_correctly">
      <skipped message="Reason: On CRAN ('test-table_lgrt02.R:104')"/>
    </testcase>
    <testcase time="0.455999999999989" classname="table_lgrt02" name="LGRT02_with_setting_values_indicating_an_event_and_custom_alpha_level_is_produced_correctly"/>
    <testcase time="0.0929999999999893" classname="table_lgrt02" name="LGRT02_with_setting_values_indicating_an_event_and_custom_alpha_level_is_produced_correctly">
      <skipped message="Reason: On CRAN ('test-table_lgrt02.R:130')"/>
    </testcase>
  </testsuite>
  <testsuite name="table_mht01" timestamp="2023-03-16T14:19:41Z" hostname="7ecab02fa289" tests="8" skipped="4" failures="0" errors="0" time="1.407">
    <testcase time="0.320999999999998" classname="table_mht01" name="MHT01_variant_1_is_produced_accurately"/>
    <testcase time="0.0860000000000127" classname="table_mht01" name="MHT01_variant_1_is_produced_accurately">
      <skipped message="Reason: On CRAN ('test-table_mht01.R:41')"/>
    </testcase>
    <testcase time="0.134999999999991" classname="table_mht01" name="MHT01_variant_2_is_produced_accurately"/>
    <testcase time="0.0360000000000014" classname="table_mht01" name="MHT01_variant_2_is_produced_accurately">
      <skipped message="Reason: On CRAN ('test-table_mht01.R:82')"/>
    </testcase>
    <testcase time="0.289000000000016" classname="table_mht01" name="MHT01_variant_3_is_produced_accurately"/>
    <testcase time="0.0720000000000027" classname="table_mht01" name="MHT01_variant_3_is_produced_accurately">
      <skipped message="Reason: On CRAN ('test-table_mht01.R:120')"/>
    </testcase>
    <testcase time="0.364999999999981" classname="table_mht01" name="MHT01_variant_5_is_produced_accurately"/>
    <testcase time="0.103000000000009" classname="table_mht01" name="MHT01_variant_5_is_produced_accurately">
      <skipped message="Reason: On CRAN ('test-table_mht01.R:163')"/>
    </testcase>
  </testsuite>
  <testsuite name="table_onct05" timestamp="2023-03-16T14:19:43Z" hostname="7ecab02fa289" tests="8" skipped="4" failures="0" errors="0" time="2.515">
    <testcase time="0.657999999999987" classname="table_onct05" name="ONCT05_variant_1_Objective_Response_Rate_by_Subgroup_is_produced_correctly"/>
    <testcase time="0.0680000000000121" classname="table_onct05" name="ONCT05_variant_1_Objective_Response_Rate_by_Subgroup_is_produced_correctly">
      <skipped message="Reason: On CRAN ('test-table_onct05.R:33')"/>
    </testcase>
    <testcase time="0.680000000000007" classname="table_onct05" name="ONCT05_variant_2_Specifying_class_variables_is_produced_correctly"/>
    <testcase time="0.0730000000000075" classname="table_onct05" name="ONCT05_variant_2_Specifying_class_variables_is_produced_correctly">
      <skipped message="Reason: On CRAN ('test-table_onct05.R:57')"/>
    </testcase>
    <testcase time="0.238" classname="table_onct05" name="ONCT05_variant_3_selecting_columns_and_changing_the_alpha_level_is_produced_correctly"/>
    <testcase time="0.0439999999999827" classname="table_onct05" name="ONCT05_variant_3_selecting_columns_and_changing_the_alpha_level_is_produced_correctly">
      <skipped message="Reason: On CRAN ('test-table_onct05.R:75')"/>
    </testcase>
    <testcase time="0.693000000000012" classname="table_onct05" name="ONCT05_variant_4_setting_values_indicating_response_is_produced_correctly"/>
    <testcase time="0.061000000000007" classname="table_onct05" name="ONCT05_variant_4_setting_values_indicating_response_is_produced_correctly">
      <skipped message="Reason: On CRAN ('test-table_onct05.R:96')"/>
    </testcase>
  </testsuite>
  <testsuite name="table_pdt01" timestamp="2023-03-16T14:19:45Z" hostname="7ecab02fa289" tests="2" skipped="1" failures="0" errors="0" time="0.387">
    <testcase time="0.291999999999973" classname="table_pdt01" name="PDT01_is_produced_correctly"/>
    <testcase time="0.0949999999999989" classname="table_pdt01" name="PDT01_is_produced_correctly">
      <skipped message="Reason: On CRAN ('test-table_pdt01.R:38')"/>
    </testcase>
  </testsuite>
  <testsuite name="table_pdt02" timestamp="2023-03-16T14:19:46Z" hostname="7ecab02fa289" tests="2" skipped="1" failures="0" errors="0" time="0.218">
    <testcase time="0.177000000000021" classname="table_pdt02" name="PDT02_is_produced_correctly"/>
    <testcase time="0.0409999999999968" classname="table_pdt02" name="PDT02_is_produced_correctly">
      <skipped message="Reason: On CRAN ('test-table_pdt02.R:33')"/>
    </testcase>
  </testsuite>
  <testsuite name="table_pkct01" timestamp="2023-03-16T14:19:46Z" hostname="7ecab02fa289" tests="4" skipped="2" failures="0" errors="0" time="1.935">
    <testcase time="0.449999999999989" classname="table_pkct01" name="PKCT01_is_produced_correctly"/>
    <testcase time="0.0860000000000127" classname="table_pkct01" name="PKCT01_is_produced_correctly">
      <skipped message="Reason: On CRAN ('test-table_pkct01.R:18')"/>
    </testcase>
    <testcase time="1.25699999999998" classname="table_pkct01" name="Specific_PKCT01_features_are_present"/>
    <testcase time="0.142000000000024" classname="table_pkct01" name="Specific_PKCT01_features_are_present">
      <skipped message="Reason: On CRAN ('test-table_pkct01.R:116')"/>
    </testcase>
  </testsuite>
  <testsuite name="table_pkpt02" timestamp="2023-03-16T14:19:48Z" hostname="7ecab02fa289" tests="4" skipped="2" failures="0" errors="0" time="0.483">
    <testcase time="0.200999999999993" classname="table_pkpt02" name="PKPT02_is_produced_correctly_for_Drug_X"/>
    <testcase time="0.078000000000003" classname="table_pkpt02" name="PKPT02_is_produced_correctly_for_Drug_X">
      <skipped message="Reason: On CRAN ('test-table_pkpt02.R:42')"/>
    </testcase>
    <testcase time="0.144999999999982" classname="table_pkpt02" name="PKPT02_is_produced_correctly_for_Drug_Y"/>
    <testcase time="0.0589999999999975" classname="table_pkpt02" name="PKPT02_is_produced_correctly_for_Drug_Y">
      <skipped message="Reason: On CRAN ('test-table_pkpt02.R:55')"/>
    </testcase>
  </testsuite>
  <testsuite name="table_pkpt03" timestamp="2023-03-16T14:19:48Z" hostname="7ecab02fa289" tests="4" skipped="2" failures="0" errors="0" time="0.835">
    <testcase time="0.454000000000008" classname="table_pkpt03" name="PKPT03_Drug_X_is_produced_correctly"/>
    <testcase time="0.092000000000013" classname="table_pkpt03" name="PKPT03_Drug_X_is_produced_correctly">
      <skipped message="Reason: On CRAN ('test-table_pkpt03.R:66')"/>
    </testcase>
    <testcase time="0.234999999999985" classname="table_pkpt03" name="PKPT03_Drug_Y_is_produced_correctly"/>
    <testcase time="0.054000000000002" classname="table_pkpt03" name="PKPT03_Drug_Y_is_produced_correctly">
      <skipped message="Reason: On CRAN ('test-table_pkpt03.R:80')"/>
    </testcase>
  </testsuite>
  <testsuite name="table_pkpt04" timestamp="2023-03-16T14:19:49Z" hostname="7ecab02fa289" tests="4" skipped="2" failures="0" errors="0" time="0.618">
    <testcase time="0.260999999999996" classname="table_pkpt04" name="PKPT04_is_produced_correctly_for_Drug_X"/>
    <testcase time="0.0870000000000175" classname="table_pkpt04" name="PKPT04_is_produced_correctly_for_Drug_X">
      <skipped message="Reason: On CRAN ('test-table_pkpt04.R:42')"/>
    </testcase>
    <testcase time="0.180000000000007" classname="table_pkpt04" name="PKPT04_is_produced_correctly_for_Drug_Y"/>
    <testcase time="0.089999999999975" classname="table_pkpt04" name="PKPT04_is_produced_correctly_for_Drug_Y">
      <skipped message="Reason: On CRAN ('test-table_pkpt04.R:55')"/>
    </testcase>
  </testsuite>
  <testsuite name="table_pkpt05" timestamp="2023-03-16T14:19:50Z" hostname="7ecab02fa289" tests="4" skipped="2" failures="0" errors="0" time="1.038">
    <testcase time="0.579000000000008" classname="table_pkpt05" name="PKPT05_Drug_X_is_produced_correctly"/>
    <testcase time="0.092000000000013" classname="table_pkpt05" name="PKPT05_Drug_X_is_produced_correctly">
      <skipped message="Reason: On CRAN ('test-table_pkpt05.R:65')"/>
    </testcase>
    <testcase time="0.305999999999983" classname="table_pkpt05" name="PKPT05_Drug_Y_is_produced_correctly"/>
    <testcase time="0.061000000000007" classname="table_pkpt05" name="PKPT05_Drug_Y_is_produced_correctly">
      <skipped message="Reason: On CRAN ('test-table_pkpt05.R:80')"/>
    </testcase>
  </testsuite>
  <testsuite name="table_pkpt06" timestamp="2023-03-16T14:19:51Z" hostname="7ecab02fa289" tests="4" skipped="2" failures="0" errors="0" time="0.272">
    <testcase time="0.133999999999986" classname="table_pkpt06" name="PKPT06_is_produced_correctly_for_Drug_X"/>
    <testcase time="0.0310000000000059" classname="table_pkpt06" name="PKPT06_is_produced_correctly_for_Drug_X">
      <skipped message="Reason: On CRAN ('test-table_pkpt06.R:48')"/>
    </testcase>
    <testcase time="0.0690000000000168" classname="table_pkpt06" name="PKPT06_is_produced_correctly_for_Drug_Y"/>
    <testcase time="0.0379999999999825" classname="table_pkpt06" name="PKPT06_is_produced_correctly_for_Drug_Y">
      <skipped message="Reason: On CRAN ('test-table_pkpt06.R:61')"/>
    </testcase>
  </testsuite>
  <testsuite name="table_pkpt07" timestamp="2023-03-16T14:19:51Z" hostname="7ecab02fa289" tests="4" skipped="2" failures="0" errors="0" time="0.44">
    <testcase time="0.229000000000013" classname="table_pkpt07" name="PKPT07_Drug_X_is_produced_correctly"/>
    <testcase time="0.0480000000000018" classname="table_pkpt07" name="PKPT07_Drug_X_is_produced_correctly">
      <skipped message="Reason: On CRAN ('test-table_pkpt07.R:72')"/>
    </testcase>
    <testcase time="0.125" classname="table_pkpt07" name="PKPT07_Drug_Y_is_produced_correctly"/>
    <testcase time="0.0379999999999825" classname="table_pkpt07" name="PKPT07_Drug_Y_is_produced_correctly">
      <skipped message="Reason: On CRAN ('test-table_pkpt07.R:87')"/>
    </testcase>
  </testsuite>
  <testsuite name="table_rspt01" timestamp="2023-03-16T14:19:51Z" hostname="7ecab02fa289" tests="12" skipped="6" failures="0" errors="0" time="2.341">
    <testcase time="0.396000000000015" classname="table_rspt01" name="RSPT01_1._Best_Overall_Response"/>
    <testcase time="0.0749999999999886" classname="table_rspt01" name="RSPT01_1._Best_Overall_Response">
      <skipped message="Reason: On CRAN ('test-table_rspt01.R:46')"/>
    </testcase>
    <testcase time="0.25800000000001" classname="table_rspt01" name="RSPT01_2._Best_Overall_Response_selecting_sections_to_display_"/>
    <testcase time="0.070999999999998" classname="table_rspt01" name="RSPT01_2._Best_Overall_Response_selecting_sections_to_display_">
      <skipped message="Reason: On CRAN ('test-table_rspt01.R:73')"/>
    </testcase>
    <testcase time="0.352000000000004" classname="table_rspt01" name="RSPT01_3._Best_Overall_Response_modifying_settings_"/>
    <testcase time="0.070999999999998" classname="table_rspt01" name="RSPT01_3._Best_Overall_Response_modifying_settings_">
      <skipped message="Reason: On CRAN ('test-table_rspt01.R:116')"/>
    </testcase>
    <testcase time="0.367999999999995" classname="table_rspt01" name="RSPT01_4._Best_Overall_Response_with_stratified_analysis_"/>
    <testcase time="0.0879999999999939" classname="table_rspt01" name="RSPT01_4._Best_Overall_Response_with_stratified_analysis_">
      <skipped message="Reason: On CRAN ('test-table_rspt01.R:166')"/>
    </testcase>
    <testcase time="0.280000000000001" classname="table_rspt01" name="RSPT01_5._Best_Overall_Response_modifying_the_definition_of_overall_response_"/>
    <testcase time="0.0750000000000171" classname="table_rspt01" name="RSPT01_5._Best_Overall_Response_modifying_the_definition_of_overall_response_">
      <skipped message="Reason: On CRAN ('test-table_rspt01.R:198')"/>
    </testcase>
    <testcase time="0.23399999999998" classname="table_rspt01" name="RSPT01_6._Best_Overall_Response_define_new_sections_to_display_"/>
    <testcase time="0.0730000000000075" classname="table_rspt01" name="RSPT01_6._Best_Overall_Response_define_new_sections_to_display_">
      <skipped message="Reason: On CRAN ('test-table_rspt01.R:248')"/>
    </testcase>
  </testsuite>
  <testsuite name="table_ttet01" timestamp="2023-03-16T14:19:54Z" hostname="7ecab02fa289" tests="12" skipped="6" failures="0" errors="0" time="2.728">
    <testcase time="0.453999999999979" classname="table_ttet01" name="TTET01_default_variant_is_produced_correctly"/>
    <testcase time="0.109000000000009" classname="table_ttet01" name="TTET01_default_variant_is_produced_correctly">
      <skipped message="Reason: On CRAN ('test-table_ttet01.R:79')"/>
    </testcase>
    <testcase time="0.231999999999999" classname="table_ttet01" name="TTET01_variant_2_selecting_sections_to_display"/>
    <testcase time="0.0630000000000166" classname="table_ttet01" name="TTET01_variant_2_selecting_sections_to_display">
      <skipped message="Reason: On CRAN ('test-table_ttet01.R:124')"/>
    </testcase>
    <testcase time="0.34699999999998" classname="table_ttet01" name="TTET01_variant_3_modifying_analysis_details_like_conftype_ties_alpha_level"/>
    <testcase time="0.0910000000000082" classname="table_ttet01" name="TTET01_variant_3_modifying_analysis_details_like_conftype_ties_alpha_level">
      <skipped message="Reason: On CRAN ('test-table_ttet01.R:190')"/>
    </testcase>
    <testcase time="0.397999999999996" classname="table_ttet01" name="TTET01_variant_4_with_stratified_analysis"/>
    <testcase time="0.0860000000000127" classname="table_ttet01" name="TTET01_variant_4_with_stratified_analysis">
      <skipped message="Reason: On CRAN ('test-table_ttet01.R:251')"/>
    </testcase>
    <testcase time="0.350999999999999" classname="table_ttet01" name="TTET01_variant_5_modifying_time_point"/>
    <testcase time="0.078000000000003" classname="table_ttet01" name="TTET01_variant_5_modifying_time_point">
      <skipped message="Reason: On CRAN ('test-table_ttet01.R:306')"/>
    </testcase>
    <testcase time="0.435999999999979" classname="table_ttet01" name="TTET01_variant_6_requesting_more_than_one_p_value"/>
    <testcase time="0.0829999999999984" classname="table_ttet01" name="TTET01_variant_6_requesting_more_than_one_p_value">
      <skipped message="Reason: On CRAN ('test-table_ttet01.R:379')"/>
    </testcase>
  </testsuite>
  <testsuite name="table_vst01" timestamp="2023-03-16T14:19:57Z" hostname="7ecab02fa289" tests="2" skipped="1" failures="0" errors="0" time="1.372">
    <testcase time="1.125" classname="table_vst01" name="VST01_default_variant_is_produced_correctly"/>
    <testcase time="0.247000000000014" classname="table_vst01" name="VST01_default_variant_is_produced_correctly">
      <skipped message="Reason: On CRAN ('test-table_vst01.R:66')"/>
    </testcase>
  </testsuite>
  <testsuite name="table_vst02" timestamp="2023-03-16T14:19:58Z" hostname="7ecab02fa289" tests="4" skipped="2" failures="0" errors="0" time="0.795">
    <testcase time="0.306999999999988" classname="table_vst02" name="1._Vital_Sign_Abnormalities_Regardless_of_Abnormality_at_Baseline_VST02_1_"/>
    <testcase time="0.0940000000000225" classname="table_vst02" name="1._Vital_Sign_Abnormalities_Regardless_of_Abnormality_at_Baseline_VST02_1_">
      <skipped message="Reason: On CRAN ('test-table_vst02.R:18')"/>
    </testcase>
    <testcase time="0.299999999999983" classname="table_vst02" name="2._Vital_Sign_Abnormalities_Among_Subject_Without_Abnormality_at_Baseline_VST02_2_"/>
    <testcase time="0.0939999999999941" classname="table_vst02" name="2._Vital_Sign_Abnormalities_Among_Subject_Without_Abnormality_at_Baseline_VST02_2_">
      <skipped message="Reason: On CRAN ('test-table_vst02.R:33')"/>
    </testcase>
  </testsuite>
</testsuites>
