<?xml version="1.0" encoding="UTF-8"?>
<testsuites>
  <testsuite name="listing_adal02" timestamp="2024-09-16T07:46:23Z" hostname="7c23d0743c21" tests="1" skipped="0" failures="0" errors="0" time="0.253">
    <testcase time="0.253" classname="listing_adal02" name="ADAL02_listing_is_produced_correctly"/>
  </testsuite>
  <testsuite name="listing_ael01" timestamp="2024-09-16T07:46:24Z" hostname="7c23d0743c21" tests="1" skipped="0" failures="0" errors="0" time="0.218">
    <testcase time="0.218" classname="listing_ael01" name="AEL01_listing_is_produced_correctly"/>
  </testsuite>
  <testsuite name="listing_ael01_nollt" timestamp="2024-09-16T07:46:24Z" hostname="7c23d0743c21" tests="1" skipped="0" failures="0" errors="0" time="0.08">
    <testcase time="0.0800000000000001" classname="listing_ael01_nollt" name="AEL01_NOLLT_listing_is_produced_correctly"/>
  </testsuite>
  <testsuite name="listing_ael02" timestamp="2024-09-16T07:46:24Z" hostname="7c23d0743c21" tests="1" skipped="0" failures="0" errors="0" time="0.296">
    <testcase time="0.296" classname="listing_ael02" name="AEL02_listing_is_produced_correctly"/>
  </testsuite>
  <testsuite name="listing_ael02_ed" timestamp="2024-09-16T07:46:24Z" hostname="7c23d0743c21" tests="1" skipped="0" failures="0" errors="0" time="0.34">
    <testcase time="0.34" classname="listing_ael02_ed" name="AEL02_ED_listing_is_produced_correctly"/>
  </testsuite>
  <testsuite name="listing_ael03" timestamp="2024-09-16T07:46:25Z" hostname="7c23d0743c21" tests="1" skipped="0" failures="0" errors="0" time="0.291">
    <testcase time="0.291" classname="listing_ael03" name="AEL03_listing_is_produced_correctly"/>
  </testsuite>
  <testsuite name="listing_ael04" timestamp="2024-09-16T07:46:25Z" hostname="7c23d0743c21" tests="1" skipped="0" failures="0" errors="0" time="0.206">
    <testcase time="0.206" classname="listing_ael04" name="AEL04_listing_is_produced_correctly"/>
  </testsuite>
  <testsuite name="listing_cml01" timestamp="2024-09-16T07:46:25Z" hostname="7c23d0743c21" tests="1" skipped="0" failures="0" errors="0" time="0.322">
    <testcase time="0.322000000000001" classname="listing_cml01" name="CML01_listing_is_produced_correctly"/>
  </testsuite>
  <testsuite name="listing_cml02a_gl" timestamp="2024-09-16T07:46:25Z" hostname="7c23d0743c21" tests="1" skipped="0" failures="0" errors="0" time="0.071">
    <testcase time="0.0709999999999997" classname="listing_cml02a_gl" name="CML02A_GL_listing_is_produced_correctly"/>
  </testsuite>
  <testsuite name="listing_cml02b_gl" timestamp="2024-09-16T07:46:25Z" hostname="7c23d0743c21" tests="1" skipped="0" failures="0" errors="0" time="0.1">
    <testcase time="0.0999999999999996" classname="listing_cml02b_gl" name="CML02B_GL_listing_is_produced_correctly"/>
  </testsuite>
  <testsuite name="listing_dsl01" timestamp="2024-09-16T07:46:26Z" hostname="7c23d0743c21" tests="1" skipped="0" failures="0" errors="0" time="0.162">
    <testcase time="0.161999999999999" classname="listing_dsl01" name="DSL01_listing_is_produced_correctly"/>
  </testsuite>
  <testsuite name="listing_dsl02" timestamp="2024-09-16T07:46:26Z" hostname="7c23d0743c21" tests="1" skipped="0" failures="0" errors="0" time="0.084">
    <testcase time="0.0840000000000014" classname="listing_dsl02" name="DSL02_listing_is_produced_correctly"/>
  </testsuite>
  <testsuite name="listing_dsur4" timestamp="2024-09-16T07:46:26Z" hostname="7c23d0743c21" tests="1" skipped="0" failures="0" errors="0" time="0.109">
    <testcase time="0.109" classname="listing_dsur4" name="DSUR4_listing_is_produced_correctly"/>
  </testsuite>
  <testsuite name="listing_egl01" timestamp="2024-09-16T07:46:26Z" hostname="7c23d0743c21" tests="1" skipped="0" failures="0" errors="0" time="0.333">
    <testcase time="0.333" classname="listing_egl01" name="EGL01_listing_is_produced_correctly"/>
  </testsuite>
  <testsuite name="listing_exl01" timestamp="2024-09-16T07:46:26Z" hostname="7c23d0743c21" tests="1" skipped="0" failures="0" errors="0" time="0.233">
    <testcase time="0.232999999999999" classname="listing_exl01" name="EXL01_listing_is_produced_correctly"/>
  </testsuite>
  <testsuite name="listing_lbl01" timestamp="2024-09-16T07:46:26Z" hostname="7c23d0743c21" tests="1" skipped="0" failures="0" errors="0" time="0.552">
    <testcase time="0.552" classname="listing_lbl01" name="LBL01_listing_is_produced_correctly"/>
  </testsuite>
  <testsuite name="listing_lbl01_rls" timestamp="2024-09-16T07:46:27Z" hostname="7c23d0743c21" tests="1" skipped="0" failures="0" errors="0" time="0.548">
    <testcase time="0.548" classname="listing_lbl01_rls" name="LBL01_RLS_listing_is_produced_correctly"/>
  </testsuite>
  <testsuite name="listing_lbl02a" timestamp="2024-09-16T07:46:28Z" hostname="7c23d0743c21" tests="1" skipped="0" failures="0" errors="0" time="0.261">
    <testcase time="0.261000000000001" classname="listing_lbl02a" name="LBL02A_listing_is_produced_correctly"/>
  </testsuite>
  <testsuite name="listing_lbl02a_rls" timestamp="2024-09-16T07:46:28Z" hostname="7c23d0743c21" tests="1" skipped="0" failures="0" errors="0" time="0.833">
    <testcase time="0.833" classname="listing_lbl02a_rls" name="LBL02A_RLS_listing_is_produced_correctly"/>
  </testsuite>
  <testsuite name="listing_lbl02b" timestamp="2024-09-16T07:46:29Z" hostname="7c23d0743c21" tests="1" skipped="0" failures="0" errors="0" time="0.279">
    <testcase time="0.279" classname="listing_lbl02b" name="LBL02B_listing_is_produced_correctly"/>
  </testsuite>
  <testsuite name="listing_mhl01" timestamp="2024-09-16T07:46:29Z" hostname="7c23d0743c21" tests="1" skipped="0" failures="0" errors="0" time="0.254">
    <testcase time="0.254" classname="listing_mhl01" name="MHL01_listing_is_produced_correctly"/>
  </testsuite>
  <testsuite name="listing_oncl01" timestamp="2024-09-16T07:46:29Z" hostname="7c23d0743c21" tests="1" skipped="0" failures="0" errors="0" time="0.264">
    <testcase time="0.263999999999999" classname="listing_oncl01" name="ONCL01_listing_is_produced_correctly"/>
  </testsuite>
  <testsuite name="listing_pkcl01" timestamp="2024-09-16T07:46:29Z" hostname="7c23d0743c21" tests="1" skipped="0" failures="0" errors="0" time="0.183">
    <testcase time="0.183000000000002" classname="listing_pkcl01" name="PKCL01_listing_is_produced_correctly"/>
  </testsuite>
  <testsuite name="listing_pkcl02" timestamp="2024-09-16T07:46:30Z" hostname="7c23d0743c21" tests="1" skipped="0" failures="0" errors="0" time="0.221">
    <testcase time="0.220999999999998" classname="listing_pkcl02" name="PKCL02_listing_is_produced_correctly"/>
  </testsuite>
  <testsuite name="listing_pkpl01" timestamp="2024-09-16T07:46:30Z" hostname="7c23d0743c21" tests="1" skipped="0" failures="0" errors="0" time="0.243">
    <testcase time="0.243" classname="listing_pkpl01" name="PKPL01_listing_is_produced_correctly"/>
  </testsuite>
  <testsuite name="listing_pkpl02" timestamp="2024-09-16T07:46:30Z" hostname="7c23d0743c21" tests="1" skipped="0" failures="0" errors="0" time="0.158">
    <testcase time="0.158000000000001" classname="listing_pkpl02" name="PKPL02_listing_is_produced_correctly"/>
  </testsuite>
  <testsuite name="listing_pkpl04" timestamp="2024-09-16T07:46:30Z" hostname="7c23d0743c21" tests="1" skipped="0" failures="0" errors="0" time="0.201">
    <testcase time="0.200999999999999" classname="listing_pkpl04" name="PKPL04_listing_is_produced_correctly"/>
  </testsuite>
  <testsuite name="listing_vsl01" timestamp="2024-09-16T07:46:30Z" hostname="7c23d0743c21" tests="1" skipped="0" failures="0" errors="0" time="0.43">
    <testcase time="0.43" classname="listing_vsl01" name="VSL01_listing_is_produced_correctly"/>
  </testsuite>
  <testsuite name="pagination_listing" timestamp="2024-09-16T07:46:31Z" hostname="7c23d0743c21" tests="13" skipped="0" failures="0" errors="0" time="5.878">
    <testcase time="0.0300000000000011" classname="pagination_listing" name="Direct_pagination_works_fine"/>
    <testcase time="0.981" classname="pagination_listing" name="Direct_pagination_works_fine"/>
    <testcase time="0.00300000000000011" classname="pagination_listing" name="Direct_pagination_works_fine"/>
    <testcase time="0.874000000000001" classname="pagination_listing" name="Direct_pagination_works_fine"/>
    <testcase time="1.269" classname="pagination_listing" name="Direct_pagination_works_fine"/>
    <testcase time="1.347" classname="pagination_listing" name="pagination_counts_the_right_number_of_lines_when_wrapping_on_keycols_is_present"/>
    <testcase time="0.00600000000000023" classname="pagination_listing" name="pagination_counts_the_right_number_of_lines_when_wrapping_on_keycols_is_present"/>
    <testcase time="0.00499999999999901" classname="pagination_listing" name="pagination_counts_the_right_number_of_lines_when_wrapping_on_keycols_is_present"/>
    <testcase time="0.00400000000000134" classname="pagination_listing" name="pagination_counts_the_right_number_of_lines_when_wrapping_on_keycols_is_present"/>
    <testcase time="1.346" classname="pagination_listing" name="pagination_counts_the_right_number_of_lines_when_wrapping_on_keycols_is_present"/>
    <testcase time="0.00600000000000023" classname="pagination_listing" name="pagination_counts_the_right_number_of_lines_when_wrapping_on_keycols_is_present"/>
    <testcase time="0.00399999999999778" classname="pagination_listing" name="pagination_counts_the_right_number_of_lines_when_wrapping_on_keycols_is_present"/>
    <testcase time="0.00300000000000011" classname="pagination_listing" name="pagination_counts_the_right_number_of_lines_when_wrapping_on_keycols_is_present"/>
  </testsuite>
  <testsuite name="pagination_table" timestamp="2024-09-16T07:46:38Z" hostname="7c23d0743c21" tests="30" skipped="0" failures="0" errors="0" time="14.488">
    <testcase time="1.944" classname="pagination_table" name="Direct_pagination_with_standard_values"/>
    <testcase time="0.00399999999999778" classname="pagination_table" name="Direct_pagination_with_standard_values"/>
    <testcase time="0.00400000000000134" classname="pagination_table" name="Direct_pagination_with_standard_values"/>
    <testcase time="1.293" classname="pagination_table" name="Pagination_with_specific_column_widths_and_minimum_lines_per_page"/>
    <testcase time="0.00400000000000134" classname="pagination_table" name="Pagination_with_specific_column_widths_and_minimum_lines_per_page"/>
    <testcase time="0.119999999999997" classname="pagination_table" name="Pagination_with_specific_column_widths_and_minimum_lines_per_page"/>
    <testcase time="1.163" classname="pagination_table" name="Pagination_works_also_if_table_is_decorated"/>
    <testcase time="0.526" classname="pagination_table" name="Pagination_works_also_if_table_is_decorated"/>
    <testcase time="0.791" classname="pagination_table" name="Pagination_works_also_if_table_is_decorated"/>
    <testcase time="0.647000000000002" classname="pagination_table" name="Pagination_works_also_if_table_is_decorated"/>
    <testcase time="1.348" classname="pagination_table" name="Pagination_works_also_if_table_is_decorated"/>
    <testcase time="0.306999999999999" classname="pagination_table" name="Pagination_works_also_if_table_is_decorated"/>
    <testcase time="0.0100000000000016" classname="pagination_table" name="Pagination_works_also_if_table_is_decorated"/>
    <testcase time="0.0240000000000009" classname="pagination_table" name="Pagination_works_also_if_table_is_decorated"/>
    <testcase time="0.140999999999998" classname="pagination_table" name="Pagination_works_also_if_table_is_decorated"/>
    <testcase time="0.0970000000000013" classname="pagination_table" name="Pagination_works_also_if_table_is_decorated"/>
    <testcase time="0.701000000000001" classname="pagination_table" name="Pagination_works_for_page_types"/>
    <testcase time="0.0859999999999985" classname="pagination_table" name="Pagination_works_for_page_types"/>
    <testcase time="0.696999999999999" classname="pagination_table" name="Pagination_works_for_page_types"/>
    <testcase time="0.0760000000000005" classname="pagination_table" name="Pagination_works_for_page_types"/>
    <testcase time="0.651" classname="pagination_table" name="Pagination_works_for_page_types"/>
    <testcase time="0.411999999999999" classname="pagination_table" name="Pagination_works_for_page_types"/>
    <testcase time="0.702000000000002" classname="pagination_table" name="Pagination_works_for_page_width_and_height"/>
    <testcase time="0.134" classname="pagination_table" name="Pagination_works_for_page_width_and_height"/>
    <testcase time="0.796999999999997" classname="pagination_table" name="Pagination_works_for_page_types"/>
    <testcase time="0.159000000000006" classname="pagination_table" name="Pagination_works_for_page_types"/>
    <testcase time="0.872" classname="pagination_table" name="AET04_variant_2_page_by_pagination_tests"/>
    <testcase time="0.610999999999997" classname="pagination_table" name="AET04_variant_2_page_by_pagination_tests"/>
    <testcase time="0.00200000000000244" classname="pagination_table" name="AET04_variant_2_page_by_pagination_tests"/>
    <testcase time="0.164999999999999" classname="pagination_table" name="AET04_variant_2_page_by_pagination_tests"/>
  </testsuite>
  <testsuite name="table_adat03" timestamp="2024-09-16T07:46:51Z" hostname="7c23d0743c21" tests="2" skipped="0" failures="0" errors="0" time="0.556">
    <testcase time="0.415999999999997" classname="table_adat03" name="ADAT03_is_produced_correctly"/>
    <testcase time="0.140000000000001" classname="table_adat03" name="ADAT03_is_produced_correctly"/>
  </testsuite>
  <testsuite name="table_aet01" timestamp="2024-09-16T07:46:52Z" hostname="7c23d0743c21" tests="8" skipped="0" failures="0" errors="0" time="1.805">
    <testcase time="0.383000000000003" classname="table_aet01" name="Safety_Summary_Variant_1_works_as_expected"/>
    <testcase time="0.116" classname="table_aet01" name="Safety_Summary_Variant_1_works_as_expected"/>
    <testcase time="0.326999999999998" classname="table_aet01" name="Safety_Summary_Variant_2_with_Medical_Concepts_Section_works_as_expected"/>
    <testcase time="0.128" classname="table_aet01" name="Safety_Summary_Variant_2_with_Medical_Concepts_Section_works_as_expected"/>
    <testcase time="0.256" classname="table_aet01" name="Safety_Summary_Variant_3_with_Modified_Rows_works_as_expected"/>
    <testcase time="0.103000000000002" classname="table_aet01" name="Safety_Summary_Variant_3_with_Modified_Rows_works_as_expected"/>
    <testcase time="0.359000000000002" classname="table_aet01" name="Safety_Summary_Variant_4_with_Rows_Counting_Events_and_Additional_Sections_works_as_expected"/>
    <testcase time="0.132999999999996" classname="table_aet01" name="Safety_Summary_Variant_4_with_Rows_Counting_Events_and_Additional_Sections_works_as_expected"/>
  </testsuite>
  <testsuite name="table_aet01_aesi" timestamp="2024-09-16T07:46:54Z" hostname="7c23d0743c21" tests="8" skipped="0" failures="0" errors="0" time="2.661">
    <testcase time="0.265000000000001" classname="table_aet01_aesi" name="AET01_AESI_Variant_1_works_as_expected"/>
    <testcase time="0.0990000000000038" classname="table_aet01_aesi" name="AET01_AESI_Variant_1_works_as_expected"/>
    <testcase time="0.455999999999996" classname="table_aet01_aesi" name="AET01_AESI_Variant_2_works_as_expected"/>
    <testcase time="0.154000000000003" classname="table_aet01_aesi" name="AET01_AESI_Variant_2_works_as_expected"/>
    <testcase time="0.664999999999999" classname="table_aet01_aesi" name="AET01_AESI_Variant_3_works_as_expected"/>
    <testcase time="0.223999999999997" classname="table_aet01_aesi" name="AET01_AESI_Variant_3_works_as_expected"/>
    <testcase time="0.573999999999998" classname="table_aet01_aesi" name="AET01_AESI_Variant_4_works_as_expected"/>
    <testcase time="0.224000000000004" classname="table_aet01_aesi" name="AET01_AESI_Variant_4_works_as_expected"/>
  </testsuite>
  <testsuite name="table_aet02" timestamp="2024-09-16T07:46:56Z" hostname="7c23d0743c21" tests="26" skipped="0" failures="0" errors="0" time="8.446">
    <testcase time="0.576000000000001" classname="table_aet02" name="AET02_variant_1_is_produced_correctly"/>
    <testcase time="0.189" classname="table_aet02" name="AET02_variant_1_is_produced_correctly"/>
    <testcase time="0.436999999999998" classname="table_aet02" name="AET02_variant_1_is_produced_correctly"/>
    <testcase time="0.0970000000000013" classname="table_aet02" name="AET02_variant_1_is_produced_correctly"/>
    <testcase time="0.674999999999997" classname="table_aet02" name="AET02_variant_2_is_produced_correctly"/>
    <testcase time="0.201000000000001" classname="table_aet02" name="AET02_variant_2_is_produced_correctly"/>
    <testcase time="0.977000000000004" classname="table_aet02" name="AET02_variant_3_is_produced_correctly"/>
    <testcase time="0.317" classname="table_aet02" name="AET02_variant_3_is_produced_correctly"/>
    <testcase time="0.134999999999998" classname="table_aet02" name="AET02_variant_4_is_produced_correctly"/>
    <testcase time="0.0970000000000013" classname="table_aet02" name="AET02_variant_4_is_produced_correctly"/>
    <testcase time="0.427" classname="table_aet02" name="AET02_variant_5_is_produced_correctly"/>
    <testcase time="0.173000000000002" classname="table_aet02" name="AET02_variant_5_is_produced_correctly"/>
    <testcase time="0.425999999999995" classname="table_aet02" name="AET02_variant_6_is_produced_correctly"/>
    <testcase time="0.104000000000006" classname="table_aet02" name="AET02_variant_6_is_produced_correctly"/>
    <testcase time="1.13" classname="table_aet02" name="AET02_variant_7_is_produced_correctly"/>
    <testcase time="0.143000000000001" classname="table_aet02" name="AET02_variant_7_is_produced_correctly"/>
    <testcase time="0.390999999999998" classname="table_aet02" name="AET02_variant_8_is_produced_correctly"/>
    <testcase time="0.0740000000000052" classname="table_aet02" name="AET02_variant_8_is_produced_correctly"/>
    <testcase time="0.379999999999995" classname="table_aet02" name="AET02_variant_9_is_produced_correctly"/>
    <testcase time="0.105000000000004" classname="table_aet02" name="AET02_variant_9_is_produced_correctly"/>
    <testcase time="0.384" classname="table_aet02" name="AET02_variant_10_is_produced_correctly"/>
    <testcase time="0.0859999999999985" classname="table_aet02" name="AET02_variant_10_is_produced_correctly"/>
    <testcase time="0.381" classname="table_aet02" name="AET02_variant_11_is_produced_correctly"/>
    <testcase time="0.0730000000000004" classname="table_aet02" name="AET02_variant_11_is_produced_correctly"/>
    <testcase time="0.388999999999996" classname="table_aet02" name="AET02_variant_12_is_produced_correctly"/>
    <testcase time="0.0790000000000006" classname="table_aet02" name="AET02_variant_12_is_produced_correctly"/>
  </testsuite>
  <testsuite name="table_aet02_smq" timestamp="2024-09-16T07:47:05Z" hostname="7c23d0743c21" tests="4" skipped="0" failures="0" errors="0" time="0.436">
    <testcase time="0.115000000000002" classname="table_aet02_smq" name="AET02SMQ_variant_1_is_produced_correctly"/>
    <testcase time="0.0670000000000002" classname="table_aet02_smq" name="AET02SMQ_variant_1_is_produced_correctly"/>
    <testcase time="0.149999999999999" classname="table_aet02_smq" name="AET02SMQ_variant_2_is_produced_correctly"/>
    <testcase time="0.103999999999999" classname="table_aet02_smq" name="AET02SMQ_variant_2_is_produced_correctly"/>
  </testsuite>
  <testsuite name="table_aet03" timestamp="2024-09-16T07:47:05Z" hostname="7c23d0743c21" tests="6" skipped="0" failures="0" errors="0" time="4.833">
    <testcase time="1.114" classname="table_aet03" name="AET03_variant_1_is_produced_correctly"/>
    <testcase time="0.405999999999999" classname="table_aet03" name="AET03_variant_1_is_produced_correctly"/>
    <testcase time="1.349" classname="table_aet03" name="AET03_variant_1_is_produced_correctly"/>
    <testcase time="0.683" classname="table_aet03" name="AET03_variant_1_is_produced_correctly"/>
    <testcase time="1.057" classname="table_aet03" name="AET03_variant_1_is_produced_correctly"/>
    <testcase time="0.224000000000004" classname="table_aet03" name="AET03_variant_1_is_produced_correctly"/>
  </testsuite>
  <testsuite name="table_aet04" timestamp="2024-09-16T07:47:11Z" hostname="7c23d0743c21" tests="30" skipped="0" failures="0" errors="0" time="13.009">
    <testcase time="0.747999999999998" classname="table_aet04" name="AET04_variant_1_is_produced_correctly"/>
    <testcase time="0.321999999999996" classname="table_aet04" name="AET04_variant_1_is_produced_correctly"/>
    <testcase time="0.774000000000001" classname="table_aet04" name="AET04_variant_1_is_produced_correctly"/>
    <testcase time="0.0429999999999993" classname="table_aet04" name="AET04_variant_1_is_produced_correctly"/>
    <testcase time="0.0400000000000063" classname="table_aet04" name="AET04_variant_1_is_produced_correctly"/>
    <testcase time="0.701000000000001" classname="table_aet04" name="AET04_variant_2_is_produced_correctly_Fill_in_of_Treatment_Groups_"/>
    <testcase time="0.271999999999998" classname="table_aet04" name="AET04_variant_2_is_produced_correctly_Fill_in_of_Treatment_Groups_"/>
    <testcase time="0.713999999999999" classname="table_aet04" name="AET04_variant_2_is_produced_correctly_Fill_in_of_Treatment_Groups_"/>
    <testcase time="0.0409999999999968" classname="table_aet04" name="AET04_variant_2_is_produced_correctly_Fill_in_of_Treatment_Groups_"/>
    <testcase time="0.0380000000000038" classname="table_aet04" name="AET04_variant_2_is_produced_correctly_Fill_in_of_Treatment_Groups_"/>
    <testcase time="0.698" classname="table_aet04" name="AET04_variant_3_is_produced_correctly_Fill_in_of_Grades_"/>
    <testcase time="0.338999999999999" classname="table_aet04" name="AET04_variant_3_is_produced_correctly_Fill_in_of_Grades_"/>
    <testcase time="0.811" classname="table_aet04" name="AET04_variant_3_is_produced_correctly_Fill_in_of_Grades_"/>
    <testcase time="0.0429999999999993" classname="table_aet04" name="AET04_variant_3_is_produced_correctly_Fill_in_of_Grades_"/>
    <testcase time="0.0410000000000039" classname="table_aet04" name="AET04_variant_3_is_produced_correctly_Fill_in_of_Grades_"/>
    <testcase time="0.720999999999997" classname="table_aet04" name="AET04_variant_4_is_produced_correctly_Collapsing_of_Grades_grades_1_2_grades_3_4_5_"/>
    <testcase time="0.329000000000001" classname="table_aet04" name="AET04_variant_4_is_produced_correctly_Collapsing_of_Grades_grades_1_2_grades_3_4_5_"/>
    <testcase time="0.798999999999999" classname="table_aet04" name="AET04_variant_4_is_produced_correctly_Collapsing_of_Grades_grades_1_2_grades_3_4_5_"/>
    <testcase time="0.758000000000003" classname="table_aet04" name="AET04_variant_6_is_produced_correctly_with_an_Incidence_Rate_of_at_Least_5_totals_restricted_"/>
    <testcase time="0.335999999999999" classname="table_aet04" name="AET04_variant_6_is_produced_correctly_with_an_Incidence_Rate_of_at_Least_5_totals_restricted_"/>
    <testcase time="0.844999999999999" classname="table_aet04" name="AET04_variant_6_is_produced_correctly_with_an_Incidence_Rate_of_at_Least_5_totals_restricted_"/>
    <testcase time="0.0110000000000028" classname="table_aet04" name="AET04_variant_8_is_produced_correctly_with_an_Incidence_Rate_of_at_Least_X_Patients_"/>
    <testcase time="0.335000000000001" classname="table_aet04" name="AET04_variant_8_is_produced_correctly_with_an_Incidence_Rate_of_at_Least_X_Patients_"/>
    <testcase time="0.806999999999995" classname="table_aet04" name="AET04_variant_8_is_produced_correctly_with_an_Incidence_Rate_of_at_Least_X_Patients_"/>
    <testcase time="0.0110000000000028" classname="table_aet04" name="AET04_variant_9_is_produced_correctly_with_a_Difference_in_Incidence_Rate_of_at_Least_X_"/>
    <testcase time="0.335000000000001" classname="table_aet04" name="AET04_variant_9_is_produced_correctly_with_a_Difference_in_Incidence_Rate_of_at_Least_X_"/>
    <testcase time="0.804999999999993" classname="table_aet04" name="AET04_variant_9_is_produced_correctly_with_a_Difference_in_Incidence_Rate_of_at_Least_X_"/>
    <testcase time="0.0100000000000051" classname="table_aet04" name="AET04_variant_11_is_produced_correctly_with_Incidence_Rate_of_at_Least_X_all_SOCs_w_o_preferred_terms_removed_"/>
    <testcase time="0.331999999999994" classname="table_aet04" name="AET04_variant_11_is_produced_correctly_with_Incidence_Rate_of_at_Least_X_all_SOCs_w_o_preferred_terms_removed_"/>
    <testcase time="0.950000000000003" classname="table_aet04" name="AET04_variant_11_is_produced_correctly_with_Incidence_Rate_of_at_Least_X_all_SOCs_w_o_preferred_terms_removed_"/>
  </testsuite>
  <testsuite name="table_aet04_pi" timestamp="2024-09-16T07:47:23Z" hostname="7c23d0743c21" tests="18" skipped="0" failures="0" errors="0" time="6.368">
    <testcase time="0.533000000000001" classname="table_aet04_pi" name="AET04_PI_full_table_is_produced_correctly"/>
    <testcase time="0.216000000000008" classname="table_aet04_pi" name="AET04_PI_full_table_is_produced_correctly"/>
    <testcase time="0.573999999999998" classname="table_aet04_pi" name="AET04_PI_variant_1_is_produced_correctly"/>
    <testcase time="0.167999999999992" classname="table_aet04_pi" name="AET04_PI_variant_1_is_produced_correctly"/>
    <testcase time="0.563000000000002" classname="table_aet04_pi" name="AET04_PI_variant_2_is_produced_correctly"/>
    <testcase time="0.116" classname="table_aet04_pi" name="AET04_PI_variant_2_is_produced_correctly"/>
    <testcase time="0.570999999999998" classname="table_aet04_pi" name="AET04_PI_variant_3_is_produced_correctly"/>
    <testcase time="0.12700000000001" classname="table_aet04_pi" name="AET04_PI_variant_3_is_produced_correctly"/>
    <testcase time="0.600999999999999" classname="table_aet04_pi" name="AET04_PI_variant_4_is_produced_correctly"/>
    <testcase time="0.0969999999999942" classname="table_aet04_pi" name="AET04_PI_variant_4_is_produced_correctly"/>
    <testcase time="0.588000000000008" classname="table_aet04_pi" name="AET04_PI_variant_5_is_produced_correctly"/>
    <testcase time="0.158000000000001" classname="table_aet04_pi" name="AET04_PI_variant_5_is_produced_correctly"/>
    <testcase time="0.719999999999999" classname="table_aet04_pi" name="AET04_PI_variant_6_is_produced_correctly"/>
    <testcase time="0.158000000000001" classname="table_aet04_pi" name="AET04_PI_variant_6_is_produced_correctly"/>
    <testcase time="0.713999999999999" classname="table_aet04_pi" name="AET04_PI_variant_7_is_produced_correctly"/>
    <testcase time="0.159000000000006" classname="table_aet04_pi" name="AET04_PI_variant_7_is_produced_correctly"/>
    <testcase time="0.173000000000002" classname="table_aet04_pi" name="AET04_PI_variant_8_is_produced_correctly"/>
    <testcase time="0.131999999999991" classname="table_aet04_pi" name="AET04_PI_variant_8_is_produced_correctly"/>
  </testsuite>
  <testsuite name="table_aet05" timestamp="2024-09-16T07:47:29Z" hostname="7c23d0743c21" tests="4" skipped="0" failures="0" errors="0" time="0.309">
    <testcase time="0.116" classname="table_aet05" name="AET05_variant_1_is_produced_correctly"/>
    <testcase time="0.061000000000007" classname="table_aet05" name="AET05_variant_1_is_produced_correctly"/>
    <testcase time="0.0669999999999931" classname="table_aet05" name="AET05_variant_2_is_produced_correctly"/>
    <testcase time="0.0649999999999977" classname="table_aet05" name="AET05_variant_2_is_produced_correctly"/>
  </testsuite>
  <testsuite name="table_aet05_all" timestamp="2024-09-16T07:47:30Z" hostname="7c23d0743c21" tests="4" skipped="0" failures="0" errors="0" time="0.3">
    <testcase time="0.107000000000014" classname="table_aet05_all" name="AET05_ALL_variant_1_is_produced_correctly"/>
    <testcase time="0.0729999999999933" classname="table_aet05_all" name="AET05_ALL_variant_1_is_produced_correctly"/>
    <testcase time="0.0589999999999975" classname="table_aet05_all" name="AET05_ALL_variant_2_is_produced_correctly"/>
    <testcase time="0.061000000000007" classname="table_aet05_all" name="AET05_ALL_variant_2_is_produced_correctly"/>
  </testsuite>
  <testsuite name="table_aet06" timestamp="2024-09-16T07:47:30Z" hostname="7c23d0743c21" tests="6" skipped="0" failures="0" errors="0" time="3.822">
    <testcase time="0.596999999999994" classname="table_aet06" name="AET06_variant_1_is_produced_correctly"/>
    <testcase time="0.233999999999995" classname="table_aet06" name="AET06_variant_1_is_produced_correctly"/>
    <testcase time="0.983000000000004" classname="table_aet06" name="AET06_variant_3_is_produced_correctly"/>
    <testcase time="0.340000000000003" classname="table_aet06" name="AET06_variant_3_is_produced_correctly"/>
    <testcase time="1.27800000000001" classname="table_aet06" name="AET06_variant_5_is_produced_correctly"/>
    <testcase time="0.389999999999986" classname="table_aet06" name="AET06_variant_5_is_produced_correctly"/>
  </testsuite>
  <testsuite name="table_aet06_smq" timestamp="2024-09-16T07:47:34Z" hostname="7c23d0743c21" tests="4" skipped="0" failures="0" errors="0" time="1.005">
    <testcase time="0.357000000000014" classname="table_aet06_smq" name="AET06_SMQ_variant_1_is_produced_correctly"/>
    <testcase time="0.143999999999991" classname="table_aet06_smq" name="AET06_SMQ_variant_1_is_produced_correctly"/>
    <testcase time="0.358000000000004" classname="table_aet06_smq" name="AET06_SMQ_variant_2_is_produced_correctly"/>
    <testcase time="0.146000000000001" classname="table_aet06_smq" name="AET06_SMQ_variant_2_is_produced_correctly"/>
  </testsuite>
  <testsuite name="table_aet07" timestamp="2024-09-16T07:47:35Z" hostname="7c23d0743c21" tests="4" skipped="0" failures="0" errors="0" time="0.201">
    <testcase time="0.054000000000002" classname="table_aet07" name="AET07_variant_1_is_produced_correctly"/>
    <testcase time="0.0429999999999922" classname="table_aet07" name="AET07_variant_1_is_produced_correctly"/>
    <testcase time="0.0619999999999976" classname="table_aet07" name="AET07_variant_2_is_produced_correctly"/>
    <testcase time="0.0420000000000016" classname="table_aet07" name="AET07_variant_2_is_produced_correctly"/>
  </testsuite>
  <testsuite name="table_aet09" timestamp="2024-09-16T07:47:35Z" hostname="7c23d0743c21" tests="4" skipped="0" failures="0" errors="0" time="1.983">
    <testcase time="0.534000000000006" classname="table_aet09" name="AET09_variant_1_is_produced_correctly_AE_related_to_study_drug"/>
    <testcase time="0.194999999999993" classname="table_aet09" name="AET09_variant_1_is_produced_correctly_AE_related_to_study_drug"/>
    <testcase time="0.956000000000003" classname="table_aet09" name="AET09_variant_2_is_produced_correctly_AE_related_to_study_drug_including_high_level_terms_"/>
    <testcase time="0.298000000000002" classname="table_aet09" name="AET09_variant_2_is_produced_correctly_AE_related_to_study_drug_including_high_level_terms_"/>
  </testsuite>
  <testsuite name="table_aet09_smq" timestamp="2024-09-16T07:47:37Z" hostname="7c23d0743c21" tests="4" skipped="0" failures="0" errors="0" time="0.535">
    <testcase time="0.134" classname="table_aet09_smq" name="AET09_variant_1_AEs_related_to_study_drug_by_SMQ_is_produced_correctly"/>
    <testcase time="0.070999999999998" classname="table_aet09_smq" name="AET09_variant_1_AEs_related_to_study_drug_by_SMQ_is_produced_correctly"/>
    <testcase time="0.231999999999999" classname="table_aet09_smq" name="AET09_variant_2_AEs_related_to_study_drug_by_SMQ_with_customized_queries_is_produced_correctly"/>
    <testcase time="0.097999999999999" classname="table_aet09_smq" name="AET09_variant_2_AEs_related_to_study_drug_by_SMQ_with_customized_queries_is_produced_correctly"/>
  </testsuite>
  <testsuite name="table_aet10" timestamp="2024-09-16T07:47:38Z" hostname="7c23d0743c21" tests="2" skipped="0" failures="0" errors="0" time="0.175">
    <testcase time="0.117000000000004" classname="table_aet10" name="AET10_default_variant_is_produced_correctly"/>
    <testcase time="0.0579999999999927" classname="table_aet10" name="AET10_default_variant_is_produced_correctly"/>
  </testsuite>
  <testsuite name="table_aovt01" timestamp="2024-09-16T07:47:38Z" hostname="7c23d0743c21" tests="4" skipped="0" failures="0" errors="0" time="1.28">
    <testcase time="0.396000000000001" classname="table_aovt01" name="AOVT01_variant_with_single_endpoint_is_produced_correctly"/>
    <testcase time="0.0859999999999985" classname="table_aovt01" name="AOVT01_variant_with_single_endpoint_is_produced_correctly"/>
    <testcase time="0.63000000000001" classname="table_aovt01" name="AOVT01_variant_with_multiple_endpoints_is_produced_correctly"/>
    <testcase time="0.167999999999992" classname="table_aovt01" name="AOVT01_variant_with_multiple_endpoints_is_produced_correctly"/>
  </testsuite>
  <testsuite name="table_aovt02" timestamp="2024-09-16T07:47:39Z" hostname="7c23d0743c21" tests="2" skipped="0" failures="0" errors="0" time="0.43">
    <testcase time="0.340000000000003" classname="table_aovt02" name="AOVT02_is_produced_correctly"/>
    <testcase time="0.0900000000000034" classname="table_aovt02" name="AOVT02_is_produced_correctly"/>
  </testsuite>
  <testsuite name="table_aovt03" timestamp="2024-09-16T07:47:39Z" hostname="7c23d0743c21" tests="2" skipped="0" failures="0" errors="0" time="0.951">
    <testcase time="0.760999999999996" classname="table_aovt03" name="AOVT03_is_produced_correctly"/>
    <testcase time="0.189999999999998" classname="table_aovt03" name="AOVT03_is_produced_correctly"/>
  </testsuite>
  <testsuite name="table_cfbt01" timestamp="2024-09-16T07:47:40Z" hostname="7c23d0743c21" tests="2" skipped="0" failures="0" errors="0" time="0.693">
    <testcase time="0.454999999999998" classname="table_cfbt01" name="CFBT01_default_variant_is_produced_correctly"/>
    <testcase time="0.238" classname="table_cfbt01" name="CFBT01_default_variant_is_produced_correctly"/>
  </testsuite>
  <testsuite name="table_cmht01" timestamp="2024-09-16T07:47:41Z" hostname="7c23d0743c21" tests="4" skipped="0" failures="0" errors="0" time="1.808">
    <testcase time="0.428000000000011" classname="table_cmht01" name="CMHT01_variant_1_is_produced_correctly"/>
    <testcase time="0.0869999999999891" classname="table_cmht01" name="CMHT01_variant_1_is_produced_correctly"/>
    <testcase time="1.01000000000001" classname="table_cmht01" name="CMHT01_variant_2_is_produced_correctly"/>
    <testcase time="0.283000000000001" classname="table_cmht01" name="CMHT01_variant_2_is_produced_correctly"/>
  </testsuite>
  <testsuite name="table_cmt01" timestamp="2024-09-16T07:47:43Z" hostname="7c23d0743c21" tests="8" skipped="0" failures="0" errors="0" time="1.798">
    <testcase time="0.304000000000002" classname="table_cmt01" name="CMT01_default_variant_Concomitant_medications_is_produced_correctly"/>
    <testcase time="0.134" classname="table_cmt01" name="CMT01_default_variant_Concomitant_medications_is_produced_correctly"/>
    <testcase time="0.225999999999999" classname="table_cmt01" name="CMT01_variant_1_prior_medications_is_produced_correctly"/>
    <testcase time="0.106999999999999" classname="table_cmt01" name="CMT01_variant_1_prior_medications_is_produced_correctly"/>
    <testcase time="0.287000000000006" classname="table_cmt01" name="CMT01_variant_3_Concomitant_medications_is_produced_correctly"/>
    <testcase time="0.114999999999995" classname="table_cmt01" name="CMT01_variant_3_Concomitant_medications_is_produced_correctly"/>
    <testcase time="0.501000000000005" classname="table_cmt01" name="CMT01_variant_4_Concomitant_medications_is_produced_correctly"/>
    <testcase time="0.123999999999995" classname="table_cmt01" name="CMT01_variant_4_Concomitant_medications_is_produced_correctly"/>
  </testsuite>
  <testsuite name="table_cmt01a" timestamp="2024-09-16T07:47:45Z" hostname="7c23d0743c21" tests="8" skipped="0" failures="0" errors="0" time="2.844">
    <testcase time="0.569999999999993" classname="table_cmt01a" name="CMT01A_variant_1_is_produced_correctly"/>
    <testcase time="0.189000000000007" classname="table_cmt01a" name="CMT01A_variant_1_is_produced_correctly"/>
    <testcase time="0.530999999999992" classname="table_cmt01a" name="CMT01A_variant_2_is_produced_correctly"/>
    <testcase time="0.183000000000007" classname="table_cmt01a" name="CMT01A_variant_2_is_produced_correctly"/>
    <testcase time="0.528000000000006" classname="table_cmt01a" name="CMT01A_variant_3_is_produced_correctly"/>
    <testcase time="0.182999999999993" classname="table_cmt01a" name="CMT01A_variant_3_is_produced_correctly"/>
    <testcase time="0.501000000000005" classname="table_cmt01a" name="CMT01A_variant_4_is_produced_correctly"/>
    <testcase time="0.158999999999992" classname="table_cmt01a" name="CMT01A_variant_4_is_produced_correctly"/>
  </testsuite>
  <testsuite name="table_cmt01b" timestamp="2024-09-16T07:47:48Z" hostname="7c23d0743c21" tests="6" skipped="0" failures="0" errors="0" time="3.308">
    <testcase time="0.916000000000011" classname="table_cmt01b" name="CMT01B_variant_1_is_produced_correctly"/>
    <testcase time="0.278999999999996" classname="table_cmt01b" name="CMT01B_variant_1_is_produced_correctly"/>
    <testcase time="0.626999999999995" classname="table_cmt01b" name="CMT01B_variant_2_is_produced_correctly"/>
    <testcase time="0.224000000000004" classname="table_cmt01b" name="CMT01B_variant_2_is_produced_correctly"/>
    <testcase time="0.942999999999998" classname="table_cmt01b" name="CMT01B_variant_4_is_produced_correctly"/>
    <testcase time="0.319000000000003" classname="table_cmt01b" name="CMT01B_variant_4_is_produced_correctly"/>
  </testsuite>
  <testsuite name="table_cmt02_pt" timestamp="2024-09-16T07:47:51Z" hostname="7c23d0743c21" tests="2" skipped="0" failures="0" errors="0" time="0.293">
    <testcase time="0.203999999999994" classname="table_cmt02_pt" name="CMT02_PT_default_variant_is_produced_correctly"/>
    <testcase time="0.0889999999999986" classname="table_cmt02_pt" name="CMT02_PT_default_variant_is_produced_correctly"/>
  </testsuite>
  <testsuite name="table_coxt01" timestamp="2024-09-16T07:47:51Z" hostname="7c23d0743c21" tests="8" skipped="0" failures="0" errors="0" time="1.816">
    <testcase time="0.277000000000001" classname="table_coxt01" name="1._Cox_Regression"/>
    <testcase time="0.0750000000000028" classname="table_coxt01" name="1._Cox_Regression"/>
    <testcase time="0.376999999999995" classname="table_coxt01" name="2._Cox_Regression_with_Interaction_Term_"/>
    <testcase time="0.108000000000004" classname="table_coxt01" name="2._Cox_Regression_with_Interaction_Term_"/>
    <testcase time="0.379000000000005" classname="table_coxt01" name="3._Cox_Regression_specifying_covariates_"/>
    <testcase time="0.111999999999995" classname="table_coxt01" name="3._Cox_Regression_specifying_covariates_"/>
    <testcase time="0.379000000000005" classname="table_coxt01" name="4._Cox_Regression_setting_strata_ties_and_alpha_level_"/>
    <testcase time="0.108999999999995" classname="table_coxt01" name="4._Cox_Regression_setting_strata_ties_and_alpha_level_"/>
  </testsuite>
  <testsuite name="table_coxt02" timestamp="2024-09-16T07:47:53Z" hostname="7c23d0743c21" tests="4" skipped="0" failures="0" errors="0" time="0.702">
    <testcase time="0.284999999999997" classname="table_coxt02" name="COXT02_default_variant_1_is_produced_correctly"/>
    <testcase time="0.0910000000000082" classname="table_coxt02" name="COXT02_default_variant_1_is_produced_correctly"/>
    <testcase time="0.245000000000005" classname="table_coxt02" name="COXT02_variant_5_is_produced_correctly"/>
    <testcase time="0.0809999999999889" classname="table_coxt02" name="COXT02_variant_5_is_produced_correctly"/>
  </testsuite>
  <testsuite name="table_disclosures" timestamp="2024-09-16T07:47:54Z" hostname="7c23d0743c21" tests="12" skipped="0" failures="0" errors="0" time="2.034">
    <testcase time="0.188000000000002" classname="table_disclosures" name="Patient_Disposition_table_is_produced_correctly"/>
    <testcase time="0.0930000000000035" classname="table_disclosures" name="Patient_Disposition_table_is_produced_correctly"/>
    <testcase time="0.216999999999999" classname="table_disclosures" name="Demographic_table_is_produced_correctly"/>
    <testcase time="0.173000000000002" classname="table_disclosures" name="Demographic_table_is_produced_correctly"/>
    <testcase time="0.102000000000004" classname="table_disclosures" name="Enrollment_by_Country_Table_is_produced_correctly"/>
    <testcase time="0.0959999999999894" classname="table_disclosures" name="Enrollment_by_Country_Table_is_produced_correctly"/>
    <testcase time="0.0939999999999941" classname="table_disclosures" name="Death_table_is_produced_correctly"/>
    <testcase time="0.0590000000000117" classname="table_disclosures" name="Death_table_is_produced_correctly"/>
    <testcase time="0.329999999999998" classname="table_disclosures" name="Table_of_Serious_Adverse_Events_is_produced_correctly_for_one_specific_treatment_arm_"/>
    <testcase time="0.106999999999999" classname="table_disclosures" name="Table_of_Serious_Adverse_Events_is_produced_correctly_for_one_specific_treatment_arm_"/>
    <testcase time="0.432000000000002" classname="table_disclosures" name="Table_of_Non_Serious_Adverse_Events_is_produced_correctly"/>
    <testcase time="0.143000000000001" classname="table_disclosures" name="Table_of_Non_Serious_Adverse_Events_is_produced_correctly"/>
  </testsuite>
  <testsuite name="table_dmt01" timestamp="2024-09-16T07:47:57Z" hostname="7c23d0743c21" tests="10" skipped="0" failures="0" errors="0" time="2.737">
    <testcase time="1.08399999999999" classname="table_dmt01" name="DMT01_variant_1_is_produced_correctly"/>
    <testcase time="0.186000000000007" classname="table_dmt01" name="DMT01_variant_1_is_produced_correctly"/>
    <testcase time="0.206999999999994" classname="table_dmt01" name="DMT01_variant_2_is_produced_correctly"/>
    <testcase time="0.167999999999992" classname="table_dmt01" name="DMT01_variant_2_is_produced_correctly"/>
    <testcase time="0.256" classname="table_dmt01" name="DMT01_variant_3_is_produced_correctly"/>
    <testcase time="0.171000000000006" classname="table_dmt01" name="DMT01_variant_3_is_produced_correctly"/>
    <testcase time="0.200999999999993" classname="table_dmt01" name="DMT01_variant_4_is_produced_correctly"/>
    <testcase time="0.158000000000001" classname="table_dmt01" name="DMT01_variant_4_is_produced_correctly"/>
    <testcase time="0.167000000000002" classname="table_dmt01" name="DMT01_variant_5_is_produced_correctly"/>
    <testcase time="0.13900000000001" classname="table_dmt01" name="DMT01_variant_5_is_produced_correctly"/>
  </testsuite>
  <testsuite name="table_dort01" timestamp="2024-09-16T07:47:58Z" hostname="7c23d0743c21" tests="8" skipped="0" failures="0" errors="0" time="1.606">
    <testcase time="0.296999999999997" classname="table_dort01" name="DORT01_variant_1_is_produced_correctly"/>
    <testcase time="0.106999999999999" classname="table_dort01" name="DORT01_variant_1_is_produced_correctly"/>
    <testcase time="0.307000000000002" classname="table_dort01" name="DORT01_variant_2_selecting_sectons_is_produced_correctly"/>
    <testcase time="0.119" classname="table_dort01" name="DORT01_variant_2_selecting_sectons_is_produced_correctly"/>
    <testcase time="0.278999999999996" classname="table_dort01" name="DORT01_variant_3_modifying_conftype_and_alpha_level_is_produced_correctly"/>
    <testcase time="0.0999999999999943" classname="table_dort01" name="DORT01_variant_3_modifying_conftype_and_alpha_level_is_produced_correctly"/>
    <testcase time="0.278000000000006" classname="table_dort01" name="DORT01_variant_4_modifying_time_point_for_the_xx_duration_is_produced_correctly"/>
    <testcase time="0.119" classname="table_dort01" name="DORT01_variant_4_modifying_time_point_for_the_xx_duration_is_produced_correctly"/>
  </testsuite>
  <testsuite name="table_dst01" timestamp="2024-09-16T07:48:00Z" hostname="7c23d0743c21" tests="6" skipped="0" failures="0" errors="0" time="0.814">
    <testcase time="0.152000000000001" classname="table_dst01" name="DST01_default_variant_is_produced_correctly"/>
    <testcase time="0.0960000000000036" classname="table_dst01" name="DST01_default_variant_is_produced_correctly"/>
    <testcase time="0.238" classname="table_dst01" name="DST01_variants_2_and_3_are_produced_correctly"/>
    <testcase time="0.120999999999995" classname="table_dst01" name="DST01_variants_2_and_3_are_produced_correctly"/>
    <testcase time="0.0739999999999981" classname="table_dst01" name="DST01_variants_2_and_3_are_produced_correctly"/>
    <testcase time="0.132999999999996" classname="table_dst01" name="DST01_variants_2_and_3_are_produced_correctly"/>
  </testsuite>
  <testsuite name="table_dtht01" timestamp="2024-09-16T07:48:01Z" hostname="7c23d0743c21" tests="8" skipped="0" failures="0" errors="0" time="1.277">
    <testcase time="0.135000000000005" classname="table_dtht01" name="DTHT01_variant_1_is_produced_correctly"/>
    <testcase time="0.0940000000000083" classname="table_dtht01" name="DTHT01_variant_1_is_produced_correctly"/>
    <testcase time="0.266999999999996" classname="table_dtht01" name="DTHT01_variant_2_is_produced_correctly"/>
    <testcase time="0.194000000000003" classname="table_dtht01" name="DTHT01_variant_2_is_produced_correctly"/>
    <testcase time="0.176999999999992" classname="table_dtht01" name="DTHT01_variant_3_is_produced_correctly"/>
    <testcase time="0.0870000000000033" classname="table_dtht01" name="DTHT01_variant_3_is_produced_correctly"/>
    <testcase time="0.210999999999999" classname="table_dtht01" name="DTHT01_variant_4_is_produced_correctly"/>
    <testcase time="0.111999999999995" classname="table_dtht01" name="DTHT01_variant_4_is_produced_correctly"/>
  </testsuite>
  <testsuite name="table_egt01" timestamp="2024-09-16T07:48:02Z" hostname="7c23d0743c21" tests="2" skipped="0" failures="0" errors="0" time="1.625">
    <testcase time="1.089" classname="table_egt01" name="EGT01_default_variant_is_produced_correctly"/>
    <testcase time="0.536000000000001" classname="table_egt01" name="EGT01_default_variant_is_produced_correctly"/>
  </testsuite>
  <testsuite name="table_egt02" timestamp="2024-09-16T07:48:04Z" hostname="7c23d0743c21" tests="4" skipped="0" failures="0" errors="0" time="0.616">
    <testcase time="0.286000000000001" classname="table_egt02" name="_EGT02_1._Regardless_of_Abnormality_at_Baseline"/>
    <testcase time="0.0799999999999983" classname="table_egt02" name="_EGT02_1._Regardless_of_Abnormality_at_Baseline"/>
    <testcase time="0.153000000000006" classname="table_egt02" name="_EGT02_2._Among_Subjects_Without_Abnormality_at_Baseline"/>
    <testcase time="0.0969999999999942" classname="table_egt02" name="_EGT02_2._Among_Subjects_Without_Abnormality_at_Baseline"/>
  </testsuite>
  <testsuite name="table_egt03" timestamp="2024-09-16T07:48:04Z" hostname="7c23d0743c21" tests="8" skipped="0" failures="0" errors="0" time="1.503">
    <testcase time="0.213999999999999" classname="table_egt03" name="EGT03_variant_1_is_produced_correctly"/>
    <testcase time="0.362000000000009" classname="table_egt03" name="EGT03_variant_1_is_produced_correctly"/>
    <testcase time="0.173999999999992" classname="table_egt03" name="EGT03_variant_2_is_produced_correctly"/>
    <testcase time="0.116" classname="table_egt03" name="EGT03_variant_2_is_produced_correctly"/>
    <testcase time="0.195999999999998" classname="table_egt03" name="EGT03_variant_3_is_produced_correctly"/>
    <testcase time="0.109000000000009" classname="table_egt03" name="EGT03_variant_3_is_produced_correctly"/>
    <testcase time="0.203999999999994" classname="table_egt03" name="EGT03_variant_4_is_produced_correctly"/>
    <testcase time="0.128" classname="table_egt03" name="EGT03_variant_4_is_produced_correctly"/>
  </testsuite>
  <testsuite name="table_egt04" timestamp="2024-09-16T07:48:06Z" hostname="7c23d0743c21" tests="2" skipped="0" failures="0" errors="0" time="0.264">
    <testcase time="0.165000000000006" classname="table_egt04" name="EGT04_default_variant_is_produced_correctly"/>
    <testcase time="0.0989999999999895" classname="table_egt04" name="EGT04_default_variant_is_produced_correctly"/>
  </testsuite>
  <testsuite name="table_egt05_qtcat" timestamp="2024-09-16T07:48:06Z" hostname="7c23d0743c21" tests="2" skipped="0" failures="0" errors="0" time="0.803">
    <testcase time="0.516000000000005" classname="table_egt05_qtcat" name="EGT05_QTCAT_default_variant_is_produced_correctly"/>
    <testcase time="0.287000000000006" classname="table_egt05_qtcat" name="EGT05_QTCAT_default_variant_is_produced_correctly"/>
  </testsuite>
  <testsuite name="table_ent" timestamp="2024-09-16T07:48:07Z" hostname="7c23d0743c21" tests="8" skipped="0" failures="0" errors="0" time="14.45">
    <testcase time="3.43599999999999" classname="table_ent" name="ENT01_IT_is_produced_correctly"/>
    <testcase time="0.605000000000004" classname="table_ent" name="ENT01_IT_is_produced_correctly"/>
    <testcase time="2.32599999999999" classname="table_ent" name="ENT01a_IT_is_produced_correctly"/>
    <testcase time="0.599000000000004" classname="table_ent" name="ENT01a_IT_is_produced_correctly"/>
    <testcase time="3.699" classname="table_ent" name="ENT02_IT_is_produced_correctly"/>
    <testcase time="0.629999999999995" classname="table_ent" name="ENT02_IT_is_produced_correctly"/>
    <testcase time="2.52800000000001" classname="table_ent" name="ENT02a_IT_is_produced_correctly"/>
    <testcase time="0.626999999999995" classname="table_ent" name="ENT02a_IT_is_produced_correctly"/>
  </testsuite>
  <testsuite name="table_eudrat01" timestamp="2024-09-16T07:48:21Z" hostname="7c23d0743c21" tests="2" skipped="0" failures="0" errors="0" time="0.687">
    <testcase time="0.536000000000001" classname="table_eudrat01" name="EUDRAT01_is_produced_correctly"/>
    <testcase time="0.15100000000001" classname="table_eudrat01" name="EUDRAT01_is_produced_correctly"/>
  </testsuite>
  <testsuite name="table_eudrat02" timestamp="2024-09-16T07:48:22Z" hostname="7c23d0743c21" tests="2" skipped="0" failures="0" errors="0" time="0.705">
    <testcase time="0.613" classname="table_eudrat02" name="EUDRAT02_is_produced_correctly"/>
    <testcase time="0.0919999999999987" classname="table_eudrat02" name="EUDRAT02_is_produced_correctly"/>
  </testsuite>
  <testsuite name="table_ext01" timestamp="2024-09-16T07:48:23Z" hostname="7c23d0743c21" tests="6" skipped="0" failures="0" errors="0" time="1.52">
    <testcase time="0.342999999999989" classname="table_ext01" name="EXT01_default_variant_with_numeric_parameters_is_produced_correctly"/>
    <testcase time="0.190000000000012" classname="table_ext01" name="EXT01_default_variant_with_numeric_parameters_is_produced_correctly"/>
    <testcase time="0.254999999999995" classname="table_ext01" name="EXT01_variant_with_both_numeric_and_categorical_parameters"/>
    <testcase time="0.189999999999998" classname="table_ext01" name="EXT01_variant_with_both_numeric_and_categorical_parameters"/>
    <testcase time="0.305999999999997" classname="table_ext01" name="EXT01_variant_with_user_specified_categories_for_missed_doses"/>
    <testcase time="0.236000000000004" classname="table_ext01" name="EXT01_variant_with_user_specified_categories_for_missed_doses"/>
  </testsuite>
  <testsuite name="table_lbt01" timestamp="2024-09-16T07:48:25Z" hostname="7c23d0743c21" tests="2" skipped="0" failures="0" errors="0" time="1.95">
    <testcase time="1.449" classname="table_lbt01" name="LBT01_default_variant_is_produced_correctly"/>
    <testcase time="0.501000000000005" classname="table_lbt01" name="LBT01_default_variant_is_produced_correctly"/>
  </testsuite>
  <testsuite name="table_lbt02" timestamp="2024-09-16T07:48:26Z" hostname="7c23d0743c21" tests="2" skipped="0" failures="0" errors="0" time="1.358">
    <testcase time="0.838999999999999" classname="table_lbt02" name="LBT02_default_variant_is_produced_correctly"/>
    <testcase time="0.519000000000005" classname="table_lbt02" name="LBT02_default_variant_is_produced_correctly"/>
  </testsuite>
  <testsuite name="table_lbt03" timestamp="2024-09-16T07:48:28Z" hostname="7c23d0743c21" tests="2" skipped="0" failures="0" errors="0" time="0.297">
    <testcase time="0.189999999999998" classname="table_lbt03" name="LBT03_default_variant_is_produced_correctly"/>
    <testcase time="0.106999999999999" classname="table_lbt03" name="LBT03_default_variant_is_produced_correctly"/>
  </testsuite>
  <testsuite name="table_lbt04" timestamp="2024-09-16T07:48:28Z" hostname="7c23d0743c21" tests="2" skipped="0" failures="0" errors="0" time="1.225">
    <testcase time="1.02799999999999" classname="table_lbt04" name="LBT04_default_variant_is_produced_correctly"/>
    <testcase time="0.197000000000003" classname="table_lbt04" name="LBT04_default_variant_is_produced_correctly"/>
  </testsuite>
  <testsuite name="table_lbt05" timestamp="2024-09-16T07:48:30Z" hostname="7c23d0743c21" tests="6" skipped="0" failures="0" errors="0" time="6.94">
    <testcase time="2.136" classname="table_lbt05" name="LBT05_variant_1_is_produced_correctly"/>
    <testcase time="0.418000000000006" classname="table_lbt05" name="LBT05_variant_1_is_produced_correctly"/>
    <testcase time="1.55199999999999" classname="table_lbt05" name="LBT05_variant_2_is_produced_correctly"/>
    <testcase time="0.552000000000021" classname="table_lbt05" name="LBT05_variant_2_is_produced_correctly"/>
    <testcase time="1.88" classname="table_lbt05" name="LBT05_variant_4_is_produced_correctly"/>
    <testcase time="0.401999999999987" classname="table_lbt05" name="LBT05_variant_4_is_produced_correctly"/>
  </testsuite>
  <testsuite name="table_lbt06" timestamp="2024-09-16T07:48:36Z" hostname="7c23d0743c21" tests="2" skipped="0" failures="0" errors="0" time="0.555">
    <testcase time="0.369" classname="table_lbt06" name="LBT06_default_variant_is_produced_correctly"/>
    <testcase time="0.186000000000007" classname="table_lbt06" name="LBT06_default_variant_is_produced_correctly"/>
  </testsuite>
  <testsuite name="table_lbt07" timestamp="2024-09-16T07:48:37Z" hostname="7c23d0743c21" tests="2" skipped="0" failures="0" errors="0" time="2.741">
    <testcase time="2.19800000000001" classname="table_lbt07" name="LBT07_is_produced_correctly"/>
    <testcase time="0.542999999999978" classname="table_lbt07" name="LBT07_is_produced_correctly"/>
  </testsuite>
  <testsuite name="table_lbt08" timestamp="2024-09-16T07:48:39Z" hostname="7c23d0743c21" tests="2" skipped="0" failures="0" errors="0" time="0.382">
    <testcase time="0.267000000000024" classname="table_lbt08" name="LBT08_produce_correctly"/>
    <testcase time="0.114999999999981" classname="table_lbt08" name="LBT08_produce_correctly"/>
  </testsuite>
  <testsuite name="table_lbt09" timestamp="2024-09-16T07:48:40Z" hostname="7c23d0743c21" tests="4" skipped="0" failures="0" errors="0" time="0.931">
    <testcase time="0.322000000000003" classname="table_lbt09" name="LBT09_variant_1_works_as_expected"/>
    <testcase time="0.157000000000011" classname="table_lbt09" name="LBT09_variant_1_works_as_expected"/>
    <testcase time="0.288999999999987" classname="table_lbt09" name="LBT09_variant_2_works_as_expected"/>
    <testcase time="0.163000000000011" classname="table_lbt09" name="LBT09_variant_2_works_as_expected"/>
  </testsuite>
  <testsuite name="table_lbt10" timestamp="2024-09-16T07:48:41Z" hostname="7c23d0743c21" tests="4" skipped="0" failures="0" errors="0" time="1.235">
    <testcase time="0.689999999999998" classname="table_lbt10" name="LBT10_variant_1_works_as_expected"/>
    <testcase time="0.0809999999999889" classname="table_lbt10" name="LBT10_variant_1_works_as_expected"/>
    <testcase time="0.40100000000001" classname="table_lbt10" name="LBT10_variant_2_works_as_expected"/>
    <testcase time="0.0629999999999882" classname="table_lbt10" name="LBT10_variant_2_works_as_expected"/>
  </testsuite>
  <testsuite name="table_lbt10_bl" timestamp="2024-09-16T07:48:42Z" hostname="7c23d0743c21" tests="4" skipped="0" failures="0" errors="0" time="0.504">
    <testcase time="0.243000000000023" classname="table_lbt10_bl" name="LBT10_BL_variant_1_works_as_expected"/>
    <testcase time="0.0729999999999791" classname="table_lbt10_bl" name="LBT10_BL_variant_1_works_as_expected"/>
    <testcase time="0.125" classname="table_lbt10_bl" name="LBT10_BL_variant_2_works_as_expected"/>
    <testcase time="0.0630000000000166" classname="table_lbt10_bl" name="LBT10_BL_variant_2_works_as_expected"/>
  </testsuite>
  <testsuite name="table_lbt11" timestamp="2024-09-16T07:48:42Z" hostname="7c23d0743c21" tests="6" skipped="0" failures="0" errors="0" time="0.737">
    <testcase time="0.186999999999983" classname="table_lbt11" name="LBT11_variant_1_works_as_expected"/>
    <testcase time="0.0980000000000132" classname="table_lbt11" name="LBT11_variant_1_works_as_expected"/>
    <testcase time="0.0859999999999843" classname="table_lbt11" name="LBT11_variant_2_works_as_expected"/>
    <testcase time="0.0910000000000082" classname="table_lbt11" name="LBT11_variant_2_works_as_expected"/>
    <testcase time="0.153999999999996" classname="table_lbt11" name="LBT11_variant_3_works_as_expected"/>
    <testcase time="0.121000000000009" classname="table_lbt11" name="LBT11_variant_3_works_as_expected"/>
  </testsuite>
  <testsuite name="table_lbt11_bl" timestamp="2024-09-16T07:48:43Z" hostname="7c23d0743c21" tests="6" skipped="0" failures="0" errors="0" time="0.803">
    <testcase time="0.192999999999984" classname="table_lbt11_bl" name="LBT11_BL_variant_1_works_as_expected"/>
    <testcase time="0.105000000000018" classname="table_lbt11_bl" name="LBT11_BL_variant_1_works_as_expected"/>
    <testcase time="0.103999999999985" classname="table_lbt11_bl" name="LBT11_BL_variant_2_works_as_expected"/>
    <testcase time="0.0820000000000221" classname="table_lbt11_bl" name="LBT11_BL_variant_2_works_as_expected"/>
    <testcase time="0.200999999999993" classname="table_lbt11_bl" name="LBT11_BL_variant_3_works_as_expected"/>
    <testcase time="0.117999999999995" classname="table_lbt11_bl" name="LBT11_BL_variant_3_works_as_expected"/>
  </testsuite>
  <testsuite name="table_lbt12" timestamp="2024-09-16T07:48:44Z" hostname="7c23d0743c21" tests="2" skipped="0" failures="0" errors="0" time="0.369">
    <testcase time="0.284999999999997" classname="table_lbt12" name="LBT12_works_as_expected"/>
    <testcase time="0.0840000000000032" classname="table_lbt12" name="LBT12_works_as_expected"/>
  </testsuite>
  <testsuite name="table_lbt12_bl" timestamp="2024-09-16T07:48:44Z" hostname="7c23d0743c21" tests="2" skipped="0" failures="0" errors="0" time="0.355">
    <testcase time="0.278999999999996" classname="table_lbt12_bl" name="LBT12_BL_works_as_expected"/>
    <testcase time="0.0759999999999934" classname="table_lbt12_bl" name="LBT12_BL_works_as_expected"/>
  </testsuite>
  <testsuite name="table_lbt13" timestamp="2024-09-16T07:48:45Z" hostname="7c23d0743c21" tests="10" skipped="0" failures="0" errors="0" time="2.24">
    <testcase time="0.744" classname="table_lbt13" name="LBT13_variant_1_LOW_works_as_expected"/>
    <testcase time="0.12700000000001" classname="table_lbt13" name="LBT13_variant_1_LOW_works_as_expected"/>
    <testcase time="0.139999999999986" classname="table_lbt13" name="LBT13_variant_2_HIGH_works_as_expected"/>
    <testcase time="0.0770000000000266" classname="table_lbt13" name="LBT13_variant_2_HIGH_works_as_expected"/>
    <testcase time="0.217999999999989" classname="table_lbt13" name="LBT13_variant_3_LOW_without_baseline_missing_works_as_expected"/>
    <testcase time="0.0979999999999848" classname="table_lbt13" name="LBT13_variant_3_LOW_without_baseline_missing_works_as_expected"/>
    <testcase time="0.136000000000024" classname="table_lbt13" name="LBT13_variant_4_HIGH_with_missing_baseline_considered_as_grade_0_works_as_expected"/>
    <testcase time="0.0649999999999977" classname="table_lbt13" name="LBT13_variant_4_HIGH_with_missing_baseline_considered_as_grade_0_works_as_expected"/>
    <testcase time="0.415999999999997" classname="table_lbt13" name="LBT14_variant_5_HIGH_with_filled_in_grades_works_as_expected"/>
    <testcase time="0.218999999999994" classname="table_lbt13" name="LBT14_variant_5_HIGH_with_filled_in_grades_works_as_expected"/>
  </testsuite>
  <testsuite name="table_lbt14" timestamp="2024-09-16T07:48:47Z" hostname="7c23d0743c21" tests="10" skipped="0" failures="0" errors="0" time="29.785">
    <testcase time="5.68600000000001" classname="table_lbt14" name="LBT14_variant_1_HIGH_works_as_expected"/>
    <testcase time="0.457999999999998" classname="table_lbt14" name="LBT14_variant_1_HIGH_works_as_expected"/>
    <testcase time="5.25299999999999" classname="table_lbt14" name="LBT14_variant_2_LOW_works_as_expected"/>
    <testcase time="0.331000000000017" classname="table_lbt14" name="LBT14_variant_2_LOW_works_as_expected"/>
    <testcase time="3.548" classname="table_lbt14" name="LBT14_variant_3_LOW_without_baseline_missing_works_as_expected"/>
    <testcase time="0.431999999999988" classname="table_lbt14" name="LBT14_variant_3_LOW_without_baseline_missing_works_as_expected"/>
    <testcase time="5.32300000000001" classname="table_lbt14" name="LBT14_variant_4_LOW_and_force_1_missing_both_baseline_and_post_baseline_then_force_the_missing_baseline_as_0_as_expected"/>
    <testcase time="0.269000000000005" classname="table_lbt14" name="LBT14_variant_4_LOW_and_force_1_missing_both_baseline_and_post_baseline_then_force_the_missing_baseline_as_0_as_expected"/>
    <testcase time="5.86199999999999" classname="table_lbt14" name="LBT14_variant_5_HIGH_with_fillings_works_as_expected"/>
    <testcase time="2.62299999999999" classname="table_lbt14" name="LBT14_variant_5_HIGH_with_fillings_works_as_expected"/>
  </testsuite>
  <testsuite name="table_lbt15" timestamp="2024-09-16T07:49:17Z" hostname="7c23d0743c21" tests="4" skipped="0" failures="0" errors="0" time="1.579">
    <testcase time="0.62299999999999" classname="table_lbt15" name="LBT15_variant_1_works_as_expected"/>
    <testcase time="0.217000000000013" classname="table_lbt15" name="LBT15_variant_1_works_as_expected"/>
    <testcase time="0.540999999999997" classname="table_lbt15" name="LBT15_variant_2_works_as_expected"/>
    <testcase time="0.198000000000008" classname="table_lbt15" name="LBT15_variant_2_works_as_expected"/>
  </testsuite>
  <testsuite name="table_lgrt02" timestamp="2024-09-16T07:49:18Z" hostname="7c23d0743c21" tests="8" skipped="0" failures="0" errors="0" time="2.93">
    <testcase time="0.548000000000002" classname="table_lgrt02" name="LGRT02_without_interaction_term_is_produced_correctly"/>
    <testcase time="0.162000000000006" classname="table_lgrt02" name="LGRT02_without_interaction_term_is_produced_correctly"/>
    <testcase time="0.598000000000013" classname="table_lgrt02" name="LGRT02_with_categorical_interaction_is_produced_correctly"/>
    <testcase time="0.181000000000012" classname="table_lgrt02" name="LGRT02_with_categorical_interaction_is_produced_correctly"/>
    <testcase time="0.59699999999998" classname="table_lgrt02" name="LGRT02_with_continuous_interaction_is_produced_correctly"/>
    <testcase time="0.181000000000012" classname="table_lgrt02" name="LGRT02_with_continuous_interaction_is_produced_correctly"/>
    <testcase time="0.509999999999991" classname="table_lgrt02" name="LGRT02_with_setting_values_indicating_an_event_and_custom_alpha_level_is_produced_correctly"/>
    <testcase time="0.152999999999992" classname="table_lgrt02" name="LGRT02_with_setting_values_indicating_an_event_and_custom_alpha_level_is_produced_correctly"/>
  </testsuite>
  <testsuite name="table_mht01" timestamp="2024-09-16T07:49:21Z" hostname="7c23d0743c21" tests="8" skipped="0" failures="0" errors="0" time="1.54">
    <testcase time="0.318000000000012" classname="table_mht01" name="MHT01_variant_1_is_produced_accurately"/>
    <testcase time="0.143000000000001" classname="table_mht01" name="MHT01_variant_1_is_produced_accurately"/>
    <testcase time="0.103000000000009" classname="table_mht01" name="MHT01_variant_2_is_produced_accurately"/>
    <testcase time="0.070999999999998" classname="table_mht01" name="MHT01_variant_2_is_produced_accurately"/>
    <testcase time="0.271999999999991" classname="table_mht01" name="MHT01_variant_3_is_produced_accurately"/>
    <testcase time="0.128999999999991" classname="table_mht01" name="MHT01_variant_3_is_produced_accurately"/>
    <testcase time="0.344999999999999" classname="table_mht01" name="MHT01_variant_5_is_produced_accurately"/>
    <testcase time="0.15900000000002" classname="table_mht01" name="MHT01_variant_5_is_produced_accurately"/>
  </testsuite>
  <testsuite name="table_onct05" timestamp="2024-09-16T07:49:23Z" hostname="7c23d0743c21" tests="8" skipped="0" failures="0" errors="0" time="2.022">
    <testcase time="0.450999999999993" classname="table_onct05" name="ONCT05_variant_1_Objective_Response_Rate_by_Subgroup_is_produced_correctly"/>
    <testcase time="0.114000000000004" classname="table_onct05" name="ONCT05_variant_1_Objective_Response_Rate_by_Subgroup_is_produced_correctly"/>
    <testcase time="0.46599999999998" classname="table_onct05" name="ONCT05_variant_2_Specifying_class_variables_is_produced_correctly"/>
    <testcase time="0.119" classname="table_onct05" name="ONCT05_variant_2_Specifying_class_variables_is_produced_correctly"/>
    <testcase time="0.212000000000018" classname="table_onct05" name="ONCT05_variant_3_selecting_columns_and_changing_the_alpha_level_is_produced_correctly"/>
    <testcase time="0.106999999999999" classname="table_onct05" name="ONCT05_variant_3_selecting_columns_and_changing_the_alpha_level_is_produced_correctly"/>
    <testcase time="0.425999999999988" classname="table_onct05" name="ONCT05_variant_4_setting_values_indicating_response_is_produced_correctly"/>
    <testcase time="0.12700000000001" classname="table_onct05" name="ONCT05_variant_4_setting_values_indicating_response_is_produced_correctly"/>
  </testsuite>
  <testsuite name="table_pdt01" timestamp="2024-09-16T07:49:25Z" hostname="7c23d0743c21" tests="2" skipped="0" failures="0" errors="0" time="0.409">
    <testcase time="0.26400000000001" classname="table_pdt01" name="PDT01_is_produced_correctly"/>
    <testcase time="0.144999999999982" classname="table_pdt01" name="PDT01_is_produced_correctly"/>
  </testsuite>
  <testsuite name="table_pdt02" timestamp="2024-09-16T07:49:25Z" hostname="7c23d0743c21" tests="2" skipped="0" failures="0" errors="0" time="0.238">
    <testcase time="0.163000000000011" classname="table_pdt02" name="PDT02_is_produced_correctly"/>
    <testcase time="0.0749999999999886" classname="table_pdt02" name="PDT02_is_produced_correctly"/>
  </testsuite>
  <testsuite name="table_pkct01" timestamp="2024-09-16T07:49:25Z" hostname="7c23d0743c21" tests="10" skipped="0" failures="0" errors="0" time="3.125">
    <testcase time="0.27000000000001" classname="table_pkct01" name="PKCT01_is_produced_correctly"/>
    <testcase time="0.0879999999999939" classname="table_pkct01" name="PKCT01_is_produced_correctly"/>
    <testcase time="0.134999999999991" classname="table_pkct01" name="PKCT01_is_produced_correctly"/>
    <testcase time="0.0560000000000116" classname="table_pkct01" name="PKCT01_is_produced_correctly"/>
    <testcase time="0.869" classname="table_pkct01" name="Specific_PKCT01_features_are_present"/>
    <testcase time="0.224999999999994" classname="table_pkct01" name="Specific_PKCT01_features_are_present"/>
    <testcase time="0.203000000000003" classname="table_pkct01" name="Specific_PKCT01_features_are_present"/>
    <testcase time="0.00399999999999068" classname="table_pkct01" name="Specific_PKCT01_features_are_present"/>
    <testcase time="0.719999999999999" classname="table_pkct01" name="Specific_PKCT01_features_are_present"/>
    <testcase time="0.555000000000007" classname="table_pkct01" name="Specific_PKCT01_features_are_present"/>
  </testsuite>
  <testsuite name="table_pkpt02" timestamp="2024-09-16T07:49:29Z" hostname="7c23d0743c21" tests="2" skipped="0" failures="0" errors="0" time="0.554">
    <testcase time="0.313999999999993" classname="table_pkpt02" name="PKPT02_is_produced_correctly_for_Drug_X"/>
    <testcase time="0.240000000000009" classname="table_pkpt02" name="PKPT02_is_produced_correctly_for_Drug_X"/>
  </testsuite>
  <testsuite name="table_pkpt03" timestamp="2024-09-16T07:49:29Z" hostname="7c23d0743c21" tests="2" skipped="0" failures="0" errors="0" time="1.157">
    <testcase time="0.951999999999998" classname="table_pkpt03" name="PKPT03_Drug_X_is_produced_correctly"/>
    <testcase time="0.205000000000013" classname="table_pkpt03" name="PKPT03_Drug_X_is_produced_correctly"/>
  </testsuite>
  <testsuite name="table_pkpt04" timestamp="2024-09-16T07:49:30Z" hostname="7c23d0743c21" tests="2" skipped="0" failures="0" errors="0" time="0.186">
    <testcase time="0.0989999999999895" classname="table_pkpt04" name="PKPT04_is_produced_correctly_for_Drug_X"/>
    <testcase time="0.0869999999999891" classname="table_pkpt04" name="PKPT04_is_produced_correctly_for_Drug_X"/>
  </testsuite>
  <testsuite name="table_pkpt05" timestamp="2024-09-16T07:49:30Z" hostname="7c23d0743c21" tests="2" skipped="0" failures="0" errors="0" time="0.419">
    <testcase time="0.289000000000016" classname="table_pkpt05" name="PKPT05_Drug_X_is_produced_correctly"/>
    <testcase time="0.129999999999995" classname="table_pkpt05" name="PKPT05_Drug_X_is_produced_correctly"/>
  </testsuite>
  <testsuite name="table_pkpt06" timestamp="2024-09-16T07:49:31Z" hostname="7c23d0743c21" tests="4" skipped="0" failures="0" errors="0" time="0.282">
    <testcase time="0.0910000000000082" classname="table_pkpt06" name="PKPT06_is_produced_correctly_for_Drug_X"/>
    <testcase time="0.0649999999999977" classname="table_pkpt06" name="PKPT06_is_produced_correctly_for_Drug_X"/>
    <testcase time="0.0699999999999932" classname="table_pkpt06" name="PKPT06_is_produced_correctly_for_Drug_Y"/>
    <testcase time="0.0560000000000116" classname="table_pkpt06" name="PKPT06_is_produced_correctly_for_Drug_Y"/>
  </testsuite>
  <testsuite name="table_pkpt07" timestamp="2024-09-16T07:49:31Z" hostname="7c23d0743c21" tests="4" skipped="0" failures="0" errors="0" time="0.546">
    <testcase time="0.226999999999975" classname="table_pkpt07" name="PKPT07_Drug_X_is_produced_correctly"/>
    <testcase time="0.0970000000000084" classname="table_pkpt07" name="PKPT07_Drug_X_is_produced_correctly"/>
    <testcase time="0.134000000000015" classname="table_pkpt07" name="PKPT07_Drug_Y_is_produced_correctly"/>
    <testcase time="0.0879999999999939" classname="table_pkpt07" name="PKPT07_Drug_Y_is_produced_correctly"/>
  </testsuite>
  <testsuite name="table_ratet01" timestamp="2024-09-16T07:49:32Z" hostname="7c23d0743c21" tests="2" skipped="0" failures="0" errors="0" time="0.749">
    <testcase time="0.605999999999995" classname="table_ratet01" name="RATET01_is_produced_correctly"/>
    <testcase time="0.143000000000001" classname="table_ratet01" name="RATET01_is_produced_correctly"/>
  </testsuite>
  <testsuite name="table_rmpt01" timestamp="2024-09-16T07:49:32Z" hostname="7c23d0743c21" tests="2" skipped="0" failures="0" errors="0" time="0.193">
    <testcase time="0.13300000000001" classname="table_rmpt01" name="RMPT01_is_produced_correctly"/>
    <testcase time="0.0600000000000023" classname="table_rmpt01" name="RMPT01_is_produced_correctly"/>
  </testsuite>
  <testsuite name="table_rmpt03" timestamp="2024-09-16T07:49:33Z" hostname="7c23d0743c21" tests="4" skipped="0" failures="0" errors="0" time="0.569">
    <testcase time="0.210999999999984" classname="table_rmpt03" name="RMPT03_variant_1_is_produced_correctly"/>
    <testcase time="0.0999999999999943" classname="table_rmpt03" name="RMPT03_variant_1_is_produced_correctly"/>
    <testcase time="0.152000000000015" classname="table_rmpt03" name="RMPT03_variant_2_is_produced_correctly"/>
    <testcase time="0.105999999999995" classname="table_rmpt03" name="RMPT03_variant_2_is_produced_correctly"/>
  </testsuite>
  <testsuite name="table_rmpt04" timestamp="2024-09-16T07:49:33Z" hostname="7c23d0743c21" tests="2" skipped="0" failures="0" errors="0" time="0.187">
    <testcase time="0.128999999999991" classname="table_rmpt04" name="RMPT04_variant_1_is_produced_correctly"/>
    <testcase time="0.0580000000000211" classname="table_rmpt04" name="RMPT04_variant_1_is_produced_correctly"/>
  </testsuite>
  <testsuite name="table_rmpt05" timestamp="2024-09-16T07:49:33Z" hostname="7c23d0743c21" tests="2" skipped="0" failures="0" errors="0" time="0.23">
    <testcase time="0.161999999999978" classname="table_rmpt05" name="RMPT05_is_produced_correctly"/>
    <testcase time="0.0680000000000121" classname="table_rmpt05" name="RMPT05_is_produced_correctly"/>
  </testsuite>
  <testsuite name="table_rmpt06" timestamp="2024-09-16T07:49:34Z" hostname="7c23d0743c21" tests="8" skipped="0" failures="0" errors="0" time="1.548">
    <testcase time="0.306999999999988" classname="table_rmpt06" name="RMPT06_variant_1_is_produced_correctly"/>
    <testcase time="0.123000000000019" classname="table_rmpt06" name="RMPT06_variant_1_is_produced_correctly"/>
    <testcase time="0.203999999999979" classname="table_rmpt06" name="RMPT06_variant_2_is_produced_correctly"/>
    <testcase time="0.0860000000000127" classname="table_rmpt06" name="RMPT06_variant_2_is_produced_correctly"/>
    <testcase time="0.288999999999987" classname="table_rmpt06" name="RMPT06_variant_3_is_produced_correctly"/>
    <testcase time="0.129000000000019" classname="table_rmpt06" name="RMPT06_variant_3_is_produced_correctly"/>
    <testcase time="0.292000000000002" classname="table_rmpt06" name="RMPT06_variant_4_is_produced_correctly"/>
    <testcase time="0.117999999999995" classname="table_rmpt06" name="RMPT06_variant_4_is_produced_correctly"/>
  </testsuite>
  <testsuite name="table_rspt01" timestamp="2024-09-16T07:49:35Z" hostname="7c23d0743c21" tests="12" skipped="0" failures="0" errors="0" time="2.51">
    <testcase time="0.27600000000001" classname="table_rspt01" name="RSPT01_1._Best_Overall_Response"/>
    <testcase time="0.36699999999999" classname="table_rspt01" name="RSPT01_1._Best_Overall_Response"/>
    <testcase time="0.228999999999985" classname="table_rspt01" name="RSPT01_2._Best_Overall_Response_selecting_sections_to_display_"/>
    <testcase time="0.102000000000004" classname="table_rspt01" name="RSPT01_2._Best_Overall_Response_selecting_sections_to_display_"/>
    <testcase time="0.294000000000011" classname="table_rspt01" name="RSPT01_3._Best_Overall_Response_modifying_settings_"/>
    <testcase time="0.113" classname="table_rspt01" name="RSPT01_3._Best_Overall_Response_modifying_settings_"/>
    <testcase time="0.325999999999993" classname="table_rspt01" name="RSPT01_4._Best_Overall_Response_with_stratified_analysis_"/>
    <testcase time="0.12299999999999" classname="table_rspt01" name="RSPT01_4._Best_Overall_Response_with_stratified_analysis_"/>
    <testcase time="0.259000000000015" classname="table_rspt01" name="RSPT01_5._Best_Overall_Response_modifying_the_definition_of_overall_response_"/>
    <testcase time="0.115999999999985" classname="table_rspt01" name="RSPT01_5._Best_Overall_Response_modifying_the_definition_of_overall_response_"/>
    <testcase time="0.203000000000003" classname="table_rspt01" name="RSPT01_6._Best_Overall_Response_define_new_sections_to_display_"/>
    <testcase time="0.102000000000004" classname="table_rspt01" name="RSPT01_6._Best_Overall_Response_define_new_sections_to_display_"/>
  </testsuite>
  <testsuite name="table_ttet01" timestamp="2024-09-16T07:49:38Z" hostname="7c23d0743c21" tests="14" skipped="0" failures="0" errors="0" time="3.321">
    <testcase time="0.394000000000005" classname="table_ttet01" name="TTET01_default_variant_is_produced_correctly"/>
    <testcase time="0.168999999999983" classname="table_ttet01" name="TTET01_default_variant_is_produced_correctly"/>
    <testcase time="0.378000000000014" classname="table_ttet01" name="TTET01_default_variant_with_Placebo_arm"/>
    <testcase time="0.169000000000011" classname="table_ttet01" name="TTET01_default_variant_with_Placebo_arm"/>
    <testcase time="0.203999999999979" classname="table_ttet01" name="TTET01_variant_2_selecting_sections_to_display"/>
    <testcase time="0.111999999999995" classname="table_ttet01" name="TTET01_variant_2_selecting_sections_to_display"/>
    <testcase time="0.298000000000002" classname="table_ttet01" name="TTET01_variant_3_modifying_analysis_details_like_conftype_ties_alpha_level"/>
    <testcase time="0.142000000000024" classname="table_ttet01" name="TTET01_variant_3_modifying_analysis_details_like_conftype_ties_alpha_level"/>
    <testcase time="0.341999999999985" classname="table_ttet01" name="TTET01_variant_4_with_stratified_analysis"/>
    <testcase time="0.158000000000015" classname="table_ttet01" name="TTET01_variant_4_with_stratified_analysis"/>
    <testcase time="0.292999999999978" classname="table_ttet01" name="TTET01_variant_5_modifying_time_point"/>
    <testcase time="0.144000000000005" classname="table_ttet01" name="TTET01_variant_5_modifying_time_point"/>
    <testcase time="0.366000000000014" classname="table_ttet01" name="TTET01_variant_6_requesting_more_than_one_p_value"/>
    <testcase time="0.151999999999987" classname="table_ttet01" name="TTET01_variant_6_requesting_more_than_one_p_value"/>
  </testsuite>
  <testsuite name="table_vst01" timestamp="2024-09-16T07:49:41Z" hostname="7c23d0743c21" tests="2" skipped="0" failures="0" errors="0" time="1.024">
    <testcase time="0.729000000000013" classname="table_vst01" name="VST01_default_variant_is_produced_correctly"/>
    <testcase time="0.294999999999987" classname="table_vst01" name="VST01_default_variant_is_produced_correctly"/>
  </testsuite>
  <testsuite name="table_vst02" timestamp="2024-09-16T07:49:42Z" hostname="7c23d0743c21" tests="4" skipped="0" failures="0" errors="0" time="0.944">
    <testcase time="0.381" classname="table_vst02" name="1._Vital_Sign_Abnormalities_Regardless_of_Abnormality_at_Baseline_VST02_1_"/>
    <testcase time="0.117999999999995" classname="table_vst02" name="1._Vital_Sign_Abnormalities_Regardless_of_Abnormality_at_Baseline_VST02_1_"/>
    <testcase time="0.283000000000015" classname="table_vst02" name="2._Vital_Sign_Abnormalities_Among_Subject_Without_Abnormality_at_Baseline_VST02_2_"/>
    <testcase time="0.161999999999978" classname="table_vst02" name="2._Vital_Sign_Abnormalities_Among_Subject_Without_Abnormality_at_Baseline_VST02_2_"/>
  </testsuite>
</testsuites>
