<?xml version="1.0" encoding="UTF-8"?>
<testsuites>
  <testsuite name="listing_adal02" timestamp="2025-01-14T14:02:13Z" hostname="5162e69983b2" tests="1" skipped="0" failures="0" errors="0" time="0.263">
    <testcase time="0.263" classname="listing_adal02" name="ADAL02_listing_is_produced_correctly"/>
  </testsuite>
  <testsuite name="listing_ael01" timestamp="2025-01-14T14:02:13Z" hostname="5162e69983b2" tests="1" skipped="0" failures="0" errors="0" time="0.201">
    <testcase time="0.201000000000001" classname="listing_ael01" name="AEL01_listing_is_produced_correctly"/>
  </testsuite>
  <testsuite name="listing_ael01_nollt" timestamp="2025-01-14T14:02:14Z" hostname="5162e69983b2" tests="1" skipped="0" failures="0" errors="0" time="0.072">
    <testcase time="0.0719999999999992" classname="listing_ael01_nollt" name="AEL01_NOLLT_listing_is_produced_correctly"/>
  </testsuite>
  <testsuite name="listing_ael02" timestamp="2025-01-14T14:02:14Z" hostname="5162e69983b2" tests="1" skipped="0" failures="0" errors="0" time="0.291">
    <testcase time="0.291" classname="listing_ael02" name="AEL02_listing_is_produced_correctly"/>
  </testsuite>
  <testsuite name="listing_ael02_ed" timestamp="2025-01-14T14:02:14Z" hostname="5162e69983b2" tests="1" skipped="0" failures="0" errors="0" time="0.337">
    <testcase time="0.337" classname="listing_ael02_ed" name="AEL02_ED_listing_is_produced_correctly"/>
  </testsuite>
  <testsuite name="listing_ael03" timestamp="2025-01-14T14:02:14Z" hostname="5162e69983b2" tests="1" skipped="0" failures="0" errors="0" time="0.294">
    <testcase time="0.294" classname="listing_ael03" name="AEL03_listing_is_produced_correctly"/>
  </testsuite>
  <testsuite name="listing_ael04" timestamp="2025-01-14T14:02:15Z" hostname="5162e69983b2" tests="1" skipped="0" failures="0" errors="0" time="0.207">
    <testcase time="0.206999999999999" classname="listing_ael04" name="AEL04_listing_is_produced_correctly"/>
  </testsuite>
  <testsuite name="listing_cml01" timestamp="2025-01-14T14:02:15Z" hostname="5162e69983b2" tests="1" skipped="0" failures="0" errors="0" time="0.34">
    <testcase time="0.340000000000002" classname="listing_cml01" name="CML01_listing_is_produced_correctly"/>
  </testsuite>
  <testsuite name="listing_cml02a_gl" timestamp="2025-01-14T14:02:15Z" hostname="5162e69983b2" tests="1" skipped="0" failures="0" errors="0" time="0.116">
    <testcase time="0.116" classname="listing_cml02a_gl" name="CML02A_GL_listing_is_produced_correctly"/>
  </testsuite>
  <testsuite name="listing_cml02b_gl" timestamp="2025-01-14T14:02:15Z" hostname="5162e69983b2" tests="1" skipped="0" failures="0" errors="0" time="0.176">
    <testcase time="0.176" classname="listing_cml02b_gl" name="CML02B_GL_listing_is_produced_correctly"/>
  </testsuite>
  <testsuite name="listing_dsl01" timestamp="2025-01-14T14:02:15Z" hostname="5162e69983b2" tests="1" skipped="0" failures="0" errors="0" time="0.191">
    <testcase time="0.190999999999999" classname="listing_dsl01" name="DSL01_listing_is_produced_correctly"/>
  </testsuite>
  <testsuite name="listing_dsl02" timestamp="2025-01-14T14:02:16Z" hostname="5162e69983b2" tests="1" skipped="0" failures="0" errors="0" time="0.074">
    <testcase time="0.0739999999999998" classname="listing_dsl02" name="DSL02_listing_is_produced_correctly"/>
  </testsuite>
  <testsuite name="listing_dsur4" timestamp="2025-01-14T14:02:16Z" hostname="5162e69983b2" tests="1" skipped="0" failures="0" errors="0" time="0.114">
    <testcase time="0.114000000000001" classname="listing_dsur4" name="DSUR4_listing_is_produced_correctly"/>
  </testsuite>
  <testsuite name="listing_egl01" timestamp="2025-01-14T14:02:16Z" hostname="5162e69983b2" tests="1" skipped="0" failures="0" errors="0" time="0.426">
    <testcase time="0.426" classname="listing_egl01" name="EGL01_listing_is_produced_correctly"/>
  </testsuite>
  <testsuite name="listing_exl01" timestamp="2025-01-14T14:02:16Z" hostname="5162e69983b2" tests="1" skipped="0" failures="0" errors="0" time="0.225">
    <testcase time="0.225" classname="listing_exl01" name="EXL01_listing_is_produced_correctly"/>
  </testsuite>
  <testsuite name="listing_lbl01" timestamp="2025-01-14T14:02:17Z" hostname="5162e69983b2" tests="1" skipped="0" failures="0" errors="0" time="0.531">
    <testcase time="0.531000000000001" classname="listing_lbl01" name="LBL01_listing_is_produced_correctly"/>
  </testsuite>
  <testsuite name="listing_lbl01_rls" timestamp="2025-01-14T14:02:17Z" hostname="5162e69983b2" tests="1" skipped="0" failures="0" errors="0" time="0.523">
    <testcase time="0.523" classname="listing_lbl01_rls" name="LBL01_RLS_listing_is_produced_correctly"/>
  </testsuite>
  <testsuite name="listing_lbl02a" timestamp="2025-01-14T14:02:18Z" hostname="5162e69983b2" tests="1" skipped="0" failures="0" errors="0" time="0.261">
    <testcase time="0.260999999999999" classname="listing_lbl02a" name="LBL02A_listing_is_produced_correctly"/>
  </testsuite>
  <testsuite name="listing_lbl02a_rls" timestamp="2025-01-14T14:02:18Z" hostname="5162e69983b2" tests="1" skipped="0" failures="0" errors="0" time="0.806">
    <testcase time="0.806000000000001" classname="listing_lbl02a_rls" name="LBL02A_RLS_listing_is_produced_correctly"/>
  </testsuite>
  <testsuite name="listing_lbl02b" timestamp="2025-01-14T14:02:19Z" hostname="5162e69983b2" tests="1" skipped="0" failures="0" errors="0" time="0.294">
    <testcase time="0.294" classname="listing_lbl02b" name="LBL02B_listing_is_produced_correctly"/>
  </testsuite>
  <testsuite name="listing_mhl01" timestamp="2025-01-14T14:02:19Z" hostname="5162e69983b2" tests="1" skipped="0" failures="0" errors="0" time="0.25">
    <testcase time="0.25" classname="listing_mhl01" name="MHL01_listing_is_produced_correctly"/>
  </testsuite>
  <testsuite name="listing_oncl01" timestamp="2025-01-14T14:02:19Z" hostname="5162e69983b2" tests="1" skipped="0" failures="0" errors="0" time="0.249">
    <testcase time="0.249000000000001" classname="listing_oncl01" name="ONCL01_listing_is_produced_correctly"/>
  </testsuite>
  <testsuite name="listing_pkcl01" timestamp="2025-01-14T14:02:19Z" hostname="5162e69983b2" tests="1" skipped="0" failures="0" errors="0" time="0.196">
    <testcase time="0.196" classname="listing_pkcl01" name="PKCL01_listing_is_produced_correctly"/>
  </testsuite>
  <testsuite name="listing_pkcl02" timestamp="2025-01-14T14:02:20Z" hostname="5162e69983b2" tests="1" skipped="0" failures="0" errors="0" time="0.203">
    <testcase time="0.202999999999999" classname="listing_pkcl02" name="PKCL02_listing_is_produced_correctly"/>
  </testsuite>
  <testsuite name="listing_pkpl01" timestamp="2025-01-14T14:02:20Z" hostname="5162e69983b2" tests="1" skipped="0" failures="0" errors="0" time="0.24">
    <testcase time="0.24" classname="listing_pkpl01" name="PKPL01_listing_is_produced_correctly"/>
  </testsuite>
  <testsuite name="listing_pkpl02" timestamp="2025-01-14T14:02:20Z" hostname="5162e69983b2" tests="1" skipped="0" failures="0" errors="0" time="0.157">
    <testcase time="0.157" classname="listing_pkpl02" name="PKPL02_listing_is_produced_correctly"/>
  </testsuite>
  <testsuite name="listing_pkpl04" timestamp="2025-01-14T14:02:20Z" hostname="5162e69983b2" tests="1" skipped="0" failures="0" errors="0" time="0.211">
    <testcase time="0.211" classname="listing_pkpl04" name="PKPL04_listing_is_produced_correctly"/>
  </testsuite>
  <testsuite name="listing_vsl01" timestamp="2025-01-14T14:02:20Z" hostname="5162e69983b2" tests="1" skipped="0" failures="0" errors="0" time="0.43">
    <testcase time="0.43" classname="listing_vsl01" name="VSL01_listing_is_produced_correctly"/>
  </testsuite>
  <testsuite name="pagination_listing" timestamp="2025-01-14T14:02:21Z" hostname="5162e69983b2" tests="13" skipped="0" failures="0" errors="0" time="5.873">
    <testcase time="0.0310000000000006" classname="pagination_listing" name="Direct_pagination_works_fine"/>
    <testcase time="0.987999999999998" classname="pagination_listing" name="Direct_pagination_works_fine"/>
    <testcase time="0.00200000000000244" classname="pagination_listing" name="Direct_pagination_works_fine"/>
    <testcase time="0.890999999999998" classname="pagination_listing" name="Direct_pagination_works_fine"/>
    <testcase time="1.238" classname="pagination_listing" name="Direct_pagination_works_fine"/>
    <testcase time="1.331" classname="pagination_listing" name="pagination_counts_the_right_number_of_lines_when_wrapping_on_keycols_is_present"/>
    <testcase time="0.00600000000000023" classname="pagination_listing" name="pagination_counts_the_right_number_of_lines_when_wrapping_on_keycols_is_present"/>
    <testcase time="0.00499999999999901" classname="pagination_listing" name="pagination_counts_the_right_number_of_lines_when_wrapping_on_keycols_is_present"/>
    <testcase time="0.00400000000000134" classname="pagination_listing" name="pagination_counts_the_right_number_of_lines_when_wrapping_on_keycols_is_present"/>
    <testcase time="1.364" classname="pagination_listing" name="pagination_counts_the_right_number_of_lines_when_wrapping_on_keycols_is_present"/>
    <testcase time="0.00499999999999901" classname="pagination_listing" name="pagination_counts_the_right_number_of_lines_when_wrapping_on_keycols_is_present"/>
    <testcase time="0.00400000000000134" classname="pagination_listing" name="pagination_counts_the_right_number_of_lines_when_wrapping_on_keycols_is_present"/>
    <testcase time="0.00399999999999778" classname="pagination_listing" name="pagination_counts_the_right_number_of_lines_when_wrapping_on_keycols_is_present"/>
  </testsuite>
  <testsuite name="pagination_table" timestamp="2025-01-14T14:02:28Z" hostname="5162e69983b2" tests="30" skipped="0" failures="0" errors="0" time="14.357">
    <testcase time="1.858" classname="pagination_table" name="Direct_pagination_with_standard_values"/>
    <testcase time="0.00400000000000134" classname="pagination_table" name="Direct_pagination_with_standard_values"/>
    <testcase time="0.00399999999999778" classname="pagination_table" name="Direct_pagination_with_standard_values"/>
    <testcase time="1.468" classname="pagination_table" name="Pagination_with_specific_column_widths_and_minimum_lines_per_page"/>
    <testcase time="0.00400000000000134" classname="pagination_table" name="Pagination_with_specific_column_widths_and_minimum_lines_per_page"/>
    <testcase time="0.116" classname="pagination_table" name="Pagination_with_specific_column_widths_and_minimum_lines_per_page"/>
    <testcase time="0.931000000000001" classname="pagination_table" name="Pagination_works_also_if_table_is_decorated"/>
    <testcase time="0.524999999999999" classname="pagination_table" name="Pagination_works_also_if_table_is_decorated"/>
    <testcase time="0.813000000000002" classname="pagination_table" name="Pagination_works_also_if_table_is_decorated"/>
    <testcase time="0.652999999999999" classname="pagination_table" name="Pagination_works_also_if_table_is_decorated"/>
    <testcase time="1.337" classname="pagination_table" name="Pagination_works_also_if_table_is_decorated"/>
    <testcase time="0.306000000000001" classname="pagination_table" name="Pagination_works_also_if_table_is_decorated"/>
    <testcase time="0.00300000000000011" classname="pagination_table" name="Pagination_works_also_if_table_is_decorated"/>
    <testcase time="0.0219999999999985" classname="pagination_table" name="Pagination_works_also_if_table_is_decorated"/>
    <testcase time="0.147000000000002" classname="pagination_table" name="Pagination_works_also_if_table_is_decorated"/>
    <testcase time="0.0869999999999997" classname="pagination_table" name="Pagination_works_also_if_table_is_decorated"/>
    <testcase time="0.707000000000001" classname="pagination_table" name="Pagination_works_for_page_types"/>
    <testcase time="0.0859999999999985" classname="pagination_table" name="Pagination_works_for_page_types"/>
    <testcase time="0.707999999999998" classname="pagination_table" name="Pagination_works_for_page_types"/>
    <testcase time="0.0770000000000017" classname="pagination_table" name="Pagination_works_for_page_types"/>
    <testcase time="0.669999999999998" classname="pagination_table" name="Pagination_works_for_page_types"/>
    <testcase time="0.399999999999999" classname="pagination_table" name="Pagination_works_for_page_types"/>
    <testcase time="0.710000000000001" classname="pagination_table" name="Pagination_works_for_page_width_and_height"/>
    <testcase time="0.136000000000003" classname="pagination_table" name="Pagination_works_for_page_width_and_height"/>
    <testcase time="0.805999999999997" classname="pagination_table" name="Pagination_works_for_page_types"/>
    <testcase time="0.166000000000004" classname="pagination_table" name="Pagination_works_for_page_types"/>
    <testcase time="0.832999999999998" classname="pagination_table" name="AET04_variant_2_page_by_pagination_tests"/>
    <testcase time="0.625" classname="pagination_table" name="AET04_variant_2_page_by_pagination_tests"/>
    <testcase time="0.00200000000000244" classname="pagination_table" name="AET04_variant_2_page_by_pagination_tests"/>
    <testcase time="0.152999999999999" classname="pagination_table" name="AET04_variant_2_page_by_pagination_tests"/>
  </testsuite>
  <testsuite name="table_adat03" timestamp="2025-01-14T14:02:41Z" hostname="5162e69983b2" tests="2" skipped="0" failures="0" errors="0" time="0.57">
    <testcase time="0.43" classname="table_adat03" name="ADAT03_is_produced_correctly"/>
    <testcase time="0.140000000000001" classname="table_adat03" name="ADAT03_is_produced_correctly"/>
  </testsuite>
  <testsuite name="table_aet01" timestamp="2025-01-14T14:02:42Z" hostname="5162e69983b2" tests="8" skipped="0" failures="0" errors="0" time="1.811">
    <testcase time="0.363" classname="table_aet01" name="Safety_Summary_Variant_1_works_as_expected"/>
    <testcase time="0.119" classname="table_aet01" name="Safety_Summary_Variant_1_works_as_expected"/>
    <testcase time="0.327999999999996" classname="table_aet01" name="Safety_Summary_Variant_2_with_Medical_Concepts_Section_works_as_expected"/>
    <testcase time="0.132000000000005" classname="table_aet01" name="Safety_Summary_Variant_2_with_Medical_Concepts_Section_works_as_expected"/>
    <testcase time="0.263999999999996" classname="table_aet01" name="Safety_Summary_Variant_3_with_Modified_Rows_works_as_expected"/>
    <testcase time="0.0940000000000012" classname="table_aet01" name="Safety_Summary_Variant_3_with_Modified_Rows_works_as_expected"/>
    <testcase time="0.378" classname="table_aet01" name="Safety_Summary_Variant_4_with_Rows_Counting_Events_and_Additional_Sections_works_as_expected"/>
    <testcase time="0.133000000000003" classname="table_aet01" name="Safety_Summary_Variant_4_with_Rows_Counting_Events_and_Additional_Sections_works_as_expected"/>
  </testsuite>
  <testsuite name="table_aet01_aesi" timestamp="2025-01-14T14:02:44Z" hostname="5162e69983b2" tests="8" skipped="0" failures="0" errors="0" time="2.723">
    <testcase time="0.269999999999996" classname="table_aet01_aesi" name="AET01_AESI_Variant_1_works_as_expected"/>
    <testcase time="0.114000000000004" classname="table_aet01_aesi" name="AET01_AESI_Variant_1_works_as_expected"/>
    <testcase time="0.458999999999996" classname="table_aet01_aesi" name="AET01_AESI_Variant_2_works_as_expected"/>
    <testcase time="0.160000000000004" classname="table_aet01_aesi" name="AET01_AESI_Variant_2_works_as_expected"/>
    <testcase time="0.687999999999995" classname="table_aet01_aesi" name="AET01_AESI_Variant_3_works_as_expected"/>
    <testcase time="0.216000000000001" classname="table_aet01_aesi" name="AET01_AESI_Variant_3_works_as_expected"/>
    <testcase time="0.581000000000003" classname="table_aet01_aesi" name="AET01_AESI_Variant_4_works_as_expected"/>
    <testcase time="0.234999999999999" classname="table_aet01_aesi" name="AET01_AESI_Variant_4_works_as_expected"/>
  </testsuite>
  <testsuite name="table_aet02" timestamp="2025-01-14T14:02:46Z" hostname="5162e69983b2" tests="26" skipped="0" failures="0" errors="0" time="8.258">
    <testcase time="0.567" classname="table_aet02" name="AET02_variant_1_is_produced_correctly"/>
    <testcase time="0.188000000000002" classname="table_aet02" name="AET02_variant_1_is_produced_correctly"/>
    <testcase time="0.442" classname="table_aet02" name="AET02_variant_1_is_produced_correctly"/>
    <testcase time="0.102999999999994" classname="table_aet02" name="AET02_variant_1_is_produced_correctly"/>
    <testcase time="0.868000000000002" classname="table_aet02" name="AET02_variant_2_is_produced_correctly"/>
    <testcase time="0.177999999999997" classname="table_aet02" name="AET02_variant_2_is_produced_correctly"/>
    <testcase time="0.889000000000003" classname="table_aet02" name="AET02_variant_3_is_produced_correctly"/>
    <testcase time="0.289000000000001" classname="table_aet02" name="AET02_variant_3_is_produced_correctly"/>
    <testcase time="0.120999999999995" classname="table_aet02" name="AET02_variant_4_is_produced_correctly"/>
    <testcase time="0.0930000000000035" classname="table_aet02" name="AET02_variant_4_is_produced_correctly"/>
    <testcase time="0.396999999999998" classname="table_aet02" name="AET02_variant_5_is_produced_correctly"/>
    <testcase time="0.158000000000001" classname="table_aet02" name="AET02_variant_5_is_produced_correctly"/>
    <testcase time="0.384" classname="table_aet02" name="AET02_variant_6_is_produced_correctly"/>
    <testcase time="0.104999999999997" classname="table_aet02" name="AET02_variant_6_is_produced_correctly"/>
    <testcase time="0.901000000000003" classname="table_aet02" name="AET02_variant_7_is_produced_correctly"/>
    <testcase time="0.145000000000003" classname="table_aet02" name="AET02_variant_7_is_produced_correctly"/>
    <testcase time="0.394999999999996" classname="table_aet02" name="AET02_variant_8_is_produced_correctly"/>
    <testcase time="0.0739999999999981" classname="table_aet02" name="AET02_variant_8_is_produced_correctly"/>
    <testcase time="0.388000000000005" classname="table_aet02" name="AET02_variant_9_is_produced_correctly"/>
    <testcase time="0.108999999999995" classname="table_aet02" name="AET02_variant_9_is_produced_correctly"/>
    <testcase time="0.406000000000006" classname="table_aet02" name="AET02_variant_10_is_produced_correctly"/>
    <testcase time="0.0889999999999986" classname="table_aet02" name="AET02_variant_10_is_produced_correctly"/>
    <testcase time="0.396999999999998" classname="table_aet02" name="AET02_variant_11_is_produced_correctly"/>
    <testcase time="0.0829999999999984" classname="table_aet02" name="AET02_variant_11_is_produced_correctly"/>
    <testcase time="0.407000000000004" classname="table_aet02" name="AET02_variant_12_is_produced_correctly"/>
    <testcase time="0.0820000000000007" classname="table_aet02" name="AET02_variant_12_is_produced_correctly"/>
  </testsuite>
  <testsuite name="table_aet02_smq" timestamp="2025-01-14T14:02:54Z" hostname="5162e69983b2" tests="4" skipped="0" failures="0" errors="0" time="0.446">
    <testcase time="0.125999999999998" classname="table_aet02_smq" name="AET02SMQ_variant_1_is_produced_correctly"/>
    <testcase time="0.0690000000000026" classname="table_aet02_smq" name="AET02SMQ_variant_1_is_produced_correctly"/>
    <testcase time="0.156999999999996" classname="table_aet02_smq" name="AET02SMQ_variant_2_is_produced_correctly"/>
    <testcase time="0.0940000000000012" classname="table_aet02_smq" name="AET02SMQ_variant_2_is_produced_correctly"/>
  </testsuite>
  <testsuite name="table_aet03" timestamp="2025-01-14T14:02:55Z" hostname="5162e69983b2" tests="6" skipped="0" failures="0" errors="0" time="4.912">
    <testcase time="1.118" classname="table_aet03" name="AET03_variant_1_is_produced_correctly"/>
    <testcase time="0.422999999999995" classname="table_aet03" name="AET03_variant_1_is_produced_correctly"/>
    <testcase time="1.408" classname="table_aet03" name="AET03_variant_1_is_produced_correctly"/>
    <testcase time="0.675000000000004" classname="table_aet03" name="AET03_variant_1_is_produced_correctly"/>
    <testcase time="1.074" classname="table_aet03" name="AET03_variant_1_is_produced_correctly"/>
    <testcase time="0.213999999999999" classname="table_aet03" name="AET03_variant_1_is_produced_correctly"/>
  </testsuite>
  <testsuite name="table_aet04" timestamp="2025-01-14T14:03:01Z" hostname="5162e69983b2" tests="30" skipped="0" failures="0" errors="0" time="12.555">
    <testcase time="0.770000000000003" classname="table_aet04" name="AET04_variant_1_is_produced_correctly"/>
    <testcase time="0.331999999999994" classname="table_aet04" name="AET04_variant_1_is_produced_correctly"/>
    <testcase time="0.778000000000006" classname="table_aet04" name="AET04_variant_1_is_produced_correctly"/>
    <testcase time="0.0419999999999945" classname="table_aet04" name="AET04_variant_1_is_produced_correctly"/>
    <testcase time="0.0400000000000063" classname="table_aet04" name="AET04_variant_1_is_produced_correctly"/>
    <testcase time="0.668999999999997" classname="table_aet04" name="AET04_variant_2_is_produced_correctly_Fill_in_of_Treatment_Groups_"/>
    <testcase time="0.283999999999999" classname="table_aet04" name="AET04_variant_2_is_produced_correctly_Fill_in_of_Treatment_Groups_"/>
    <testcase time="0.716999999999999" classname="table_aet04" name="AET04_variant_2_is_produced_correctly_Fill_in_of_Treatment_Groups_"/>
    <testcase time="0.0660000000000025" classname="table_aet04" name="AET04_variant_2_is_produced_correctly_Fill_in_of_Treatment_Groups_"/>
    <testcase time="0.0390000000000015" classname="table_aet04" name="AET04_variant_2_is_produced_correctly_Fill_in_of_Treatment_Groups_"/>
    <testcase time="0.710999999999999" classname="table_aet04" name="AET04_variant_3_is_produced_correctly_Fill_in_of_Grades_"/>
    <testcase time="0.346000000000004" classname="table_aet04" name="AET04_variant_3_is_produced_correctly_Fill_in_of_Grades_"/>
    <testcase time="0.827999999999996" classname="table_aet04" name="AET04_variant_3_is_produced_correctly_Fill_in_of_Grades_"/>
    <testcase time="0.0420000000000016" classname="table_aet04" name="AET04_variant_3_is_produced_correctly_Fill_in_of_Grades_"/>
    <testcase time="0.0489999999999995" classname="table_aet04" name="AET04_variant_3_is_produced_correctly_Fill_in_of_Grades_"/>
    <testcase time="0.716000000000001" classname="table_aet04" name="AET04_variant_4_is_produced_correctly_Collapsing_of_Grades_grades_1_2_grades_3_4_5_"/>
    <testcase time="0.543999999999997" classname="table_aet04" name="AET04_variant_4_is_produced_correctly_Collapsing_of_Grades_grades_1_2_grades_3_4_5_"/>
    <testcase time="0.715000000000003" classname="table_aet04" name="AET04_variant_4_is_produced_correctly_Collapsing_of_Grades_grades_1_2_grades_3_4_5_"/>
    <testcase time="0.670999999999999" classname="table_aet04" name="AET04_variant_6_is_produced_correctly_with_an_Incidence_Rate_of_at_Least_5_totals_restricted_"/>
    <testcase time="0.305" classname="table_aet04" name="AET04_variant_6_is_produced_correctly_with_an_Incidence_Rate_of_at_Least_5_totals_restricted_"/>
    <testcase time="0.713000000000001" classname="table_aet04" name="AET04_variant_6_is_produced_correctly_with_an_Incidence_Rate_of_at_Least_5_totals_restricted_"/>
    <testcase time="0.00900000000000034" classname="table_aet04" name="AET04_variant_8_is_produced_correctly_with_an_Incidence_Rate_of_at_Least_X_Patients_"/>
    <testcase time="0.299000000000007" classname="table_aet04" name="AET04_variant_8_is_produced_correctly_with_an_Incidence_Rate_of_at_Least_X_Patients_"/>
    <testcase time="0.747" classname="table_aet04" name="AET04_variant_8_is_produced_correctly_with_an_Incidence_Rate_of_at_Least_X_Patients_"/>
    <testcase time="0.0189999999999912" classname="table_aet04" name="AET04_variant_9_is_produced_correctly_with_a_Difference_in_Incidence_Rate_of_at_Least_X_"/>
    <testcase time="0.308999999999997" classname="table_aet04" name="AET04_variant_9_is_produced_correctly_with_a_Difference_in_Incidence_Rate_of_at_Least_X_"/>
    <testcase time="0.738" classname="table_aet04" name="AET04_variant_9_is_produced_correctly_with_a_Difference_in_Incidence_Rate_of_at_Least_X_"/>
    <testcase time="0.0100000000000051" classname="table_aet04" name="AET04_variant_11_is_produced_correctly_with_Incidence_Rate_of_at_Least_X_all_SOCs_w_o_preferred_terms_removed_"/>
    <testcase time="0.307000000000002" classname="table_aet04" name="AET04_variant_11_is_produced_correctly_with_Incidence_Rate_of_at_Least_X_all_SOCs_w_o_preferred_terms_removed_"/>
    <testcase time="0.739999999999995" classname="table_aet04" name="AET04_variant_11_is_produced_correctly_with_Incidence_Rate_of_at_Least_X_all_SOCs_w_o_preferred_terms_removed_"/>
  </testsuite>
  <testsuite name="table_aet04_pi" timestamp="2025-01-14T14:03:12Z" hostname="5162e69983b2" tests="18" skipped="0" failures="0" errors="0" time="6.574">
    <testcase time="0.569000000000003" classname="table_aet04_pi" name="AET04_PI_full_table_is_produced_correctly"/>
    <testcase time="0.218999999999994" classname="table_aet04_pi" name="AET04_PI_full_table_is_produced_correctly"/>
    <testcase time="0.596000000000004" classname="table_aet04_pi" name="AET04_PI_variant_1_is_produced_correctly"/>
    <testcase time="0.173000000000002" classname="table_aet04_pi" name="AET04_PI_variant_1_is_produced_correctly"/>
    <testcase time="0.596999999999994" classname="table_aet04_pi" name="AET04_PI_variant_2_is_produced_correctly"/>
    <testcase time="0.122" classname="table_aet04_pi" name="AET04_PI_variant_2_is_produced_correctly"/>
    <testcase time="0.591000000000008" classname="table_aet04_pi" name="AET04_PI_variant_3_is_produced_correctly"/>
    <testcase time="0.135999999999996" classname="table_aet04_pi" name="AET04_PI_variant_3_is_produced_correctly"/>
    <testcase time="0.602000000000004" classname="table_aet04_pi" name="AET04_PI_variant_4_is_produced_correctly"/>
    <testcase time="0.108999999999995" classname="table_aet04_pi" name="AET04_PI_variant_4_is_produced_correctly"/>
    <testcase time="0.597999999999999" classname="table_aet04_pi" name="AET04_PI_variant_5_is_produced_correctly"/>
    <testcase time="0.158000000000001" classname="table_aet04_pi" name="AET04_PI_variant_5_is_produced_correctly"/>
    <testcase time="0.734999999999999" classname="table_aet04_pi" name="AET04_PI_variant_6_is_produced_correctly"/>
    <testcase time="0.162999999999997" classname="table_aet04_pi" name="AET04_PI_variant_6_is_produced_correctly"/>
    <testcase time="0.738" classname="table_aet04_pi" name="AET04_PI_variant_7_is_produced_correctly"/>
    <testcase time="0.159999999999997" classname="table_aet04_pi" name="AET04_PI_variant_7_is_produced_correctly"/>
    <testcase time="0.176000000000002" classname="table_aet04_pi" name="AET04_PI_variant_8_is_produced_correctly"/>
    <testcase time="0.132000000000005" classname="table_aet04_pi" name="AET04_PI_variant_8_is_produced_correctly"/>
  </testsuite>
  <testsuite name="table_aet05" timestamp="2025-01-14T14:03:19Z" hostname="5162e69983b2" tests="4" skipped="0" failures="0" errors="0" time="0.283">
    <testcase time="0.0810000000000031" classname="table_aet05" name="AET05_variant_1_is_produced_correctly"/>
    <testcase time="0.0779999999999887" classname="table_aet05" name="AET05_variant_1_is_produced_correctly"/>
    <testcase time="0.0560000000000116" classname="table_aet05" name="AET05_variant_2_is_produced_correctly"/>
    <testcase time="0.0679999999999978" classname="table_aet05" name="AET05_variant_2_is_produced_correctly"/>
  </testsuite>
  <testsuite name="table_aet05_all" timestamp="2025-01-14T14:03:19Z" hostname="5162e69983b2" tests="4" skipped="0" failures="0" errors="0" time="0.299">
    <testcase time="0.108999999999995" classname="table_aet05_all" name="AET05_ALL_variant_1_is_produced_correctly"/>
    <testcase time="0.0660000000000025" classname="table_aet05_all" name="AET05_ALL_variant_1_is_produced_correctly"/>
    <testcase time="0.0630000000000024" classname="table_aet05_all" name="AET05_ALL_variant_2_is_produced_correctly"/>
    <testcase time="0.0609999999999928" classname="table_aet05_all" name="AET05_ALL_variant_2_is_produced_correctly"/>
  </testsuite>
  <testsuite name="table_aet06" timestamp="2025-01-14T14:03:20Z" hostname="5162e69983b2" tests="6" skipped="0" failures="0" errors="0" time="3.915">
    <testcase time="0.600999999999999" classname="table_aet06" name="AET06_variant_1_is_produced_correctly"/>
    <testcase time="0.242000000000004" classname="table_aet06" name="AET06_variant_1_is_produced_correctly"/>
    <testcase time="1.01300000000001" classname="table_aet06" name="AET06_variant_3_is_produced_correctly"/>
    <testcase time="0.35499999999999" classname="table_aet06" name="AET06_variant_3_is_produced_correctly"/>
    <testcase time="1.292" classname="table_aet06" name="AET06_variant_5_is_produced_correctly"/>
    <testcase time="0.412000000000006" classname="table_aet06" name="AET06_variant_5_is_produced_correctly"/>
  </testsuite>
  <testsuite name="table_aet06_smq" timestamp="2025-01-14T14:03:23Z" hostname="5162e69983b2" tests="4" skipped="0" failures="0" errors="0" time="1.056">
    <testcase time="0.367999999999995" classname="table_aet06_smq" name="AET06_SMQ_variant_1_is_produced_correctly"/>
    <testcase time="0.150000000000006" classname="table_aet06_smq" name="AET06_SMQ_variant_1_is_produced_correctly"/>
    <testcase time="0.384999999999991" classname="table_aet06_smq" name="AET06_SMQ_variant_2_is_produced_correctly"/>
    <testcase time="0.153000000000006" classname="table_aet06_smq" name="AET06_SMQ_variant_2_is_produced_correctly"/>
  </testsuite>
  <testsuite name="table_aet07" timestamp="2025-01-14T14:03:24Z" hostname="5162e69983b2" tests="4" skipped="0" failures="0" errors="0" time="0.21">
    <testcase time="0.054000000000002" classname="table_aet07" name="AET07_variant_1_is_produced_correctly"/>
    <testcase time="0.0450000000000017" classname="table_aet07" name="AET07_variant_1_is_produced_correctly"/>
    <testcase time="0.0669999999999931" classname="table_aet07" name="AET07_variant_2_is_produced_correctly"/>
    <testcase time="0.0439999999999969" classname="table_aet07" name="AET07_variant_2_is_produced_correctly"/>
  </testsuite>
  <testsuite name="table_aet09" timestamp="2025-01-14T14:03:25Z" hostname="5162e69983b2" tests="4" skipped="0" failures="0" errors="0" time="2.178">
    <testcase time="0.569000000000003" classname="table_aet09" name="AET09_variant_1_is_produced_correctly_AE_related_to_study_drug"/>
    <testcase time="0.189999999999998" classname="table_aet09" name="AET09_variant_1_is_produced_correctly_AE_related_to_study_drug"/>
    <testcase time="1.137" classname="table_aet09" name="AET09_variant_2_is_produced_correctly_AE_related_to_study_drug_including_high_level_terms_"/>
    <testcase time="0.282000000000011" classname="table_aet09" name="AET09_variant_2_is_produced_correctly_AE_related_to_study_drug_including_high_level_terms_"/>
  </testsuite>
  <testsuite name="table_aet09_smq" timestamp="2025-01-14T14:03:27Z" hostname="5162e69983b2" tests="4" skipped="0" failures="0" errors="0" time="0.48">
    <testcase time="0.113" classname="table_aet09_smq" name="AET09_variant_1_AEs_related_to_study_drug_by_SMQ_is_produced_correctly"/>
    <testcase time="0.0750000000000028" classname="table_aet09_smq" name="AET09_variant_1_AEs_related_to_study_drug_by_SMQ_is_produced_correctly"/>
    <testcase time="0.191999999999993" classname="table_aet09_smq" name="AET09_variant_2_AEs_related_to_study_drug_by_SMQ_with_customized_queries_is_produced_correctly"/>
    <testcase time="0.0999999999999943" classname="table_aet09_smq" name="AET09_variant_2_AEs_related_to_study_drug_by_SMQ_with_customized_queries_is_produced_correctly"/>
  </testsuite>
  <testsuite name="table_aet10" timestamp="2025-01-14T14:03:27Z" hostname="5162e69983b2" tests="2" skipped="0" failures="0" errors="0" time="0.159">
    <testcase time="0.0970000000000084" classname="table_aet10" name="AET10_default_variant_is_produced_correctly"/>
    <testcase time="0.0619999999999976" classname="table_aet10" name="AET10_default_variant_is_produced_correctly"/>
  </testsuite>
  <testsuite name="table_aovt01" timestamp="2025-01-14T14:03:28Z" hostname="5162e69983b2" tests="4" skipped="0" failures="0" errors="0" time="1.117">
    <testcase time="0.340999999999994" classname="table_aovt01" name="AOVT01_variant_with_single_endpoint_is_produced_correctly"/>
    <testcase time="0.0870000000000033" classname="table_aovt01" name="AOVT01_variant_with_single_endpoint_is_produced_correctly"/>
    <testcase time="0.537999999999997" classname="table_aovt01" name="AOVT01_variant_with_multiple_endpoints_is_produced_correctly"/>
    <testcase time="0.15100000000001" classname="table_aovt01" name="AOVT01_variant_with_multiple_endpoints_is_produced_correctly"/>
  </testsuite>
  <testsuite name="table_aovt02" timestamp="2025-01-14T14:03:29Z" hostname="5162e69983b2" tests="2" skipped="0" failures="0" errors="0" time="0.384">
    <testcase time="0.302999999999997" classname="table_aovt02" name="AOVT02_is_produced_correctly"/>
    <testcase time="0.0810000000000031" classname="table_aovt02" name="AOVT02_is_produced_correctly"/>
  </testsuite>
  <testsuite name="table_aovt03" timestamp="2025-01-14T14:03:29Z" hostname="5162e69983b2" tests="2" skipped="0" failures="0" errors="0" time="0.864">
    <testcase time="0.699999999999989" classname="table_aovt03" name="AOVT03_is_produced_correctly"/>
    <testcase time="0.164000000000001" classname="table_aovt03" name="AOVT03_is_produced_correctly"/>
  </testsuite>
  <testsuite name="table_cfbt01" timestamp="2025-01-14T14:03:30Z" hostname="5162e69983b2" tests="2" skipped="0" failures="0" errors="0" time="0.617">
    <testcase time="0.412000000000006" classname="table_cfbt01" name="CFBT01_default_variant_is_produced_correctly"/>
    <testcase time="0.204999999999998" classname="table_cfbt01" name="CFBT01_default_variant_is_produced_correctly"/>
  </testsuite>
  <testsuite name="table_cmht01" timestamp="2025-01-14T14:03:31Z" hostname="5162e69983b2" tests="4" skipped="0" failures="0" errors="0" time="1.684">
    <testcase time="0.405000000000001" classname="table_cmht01" name="CMHT01_variant_1_is_produced_correctly"/>
    <testcase time="0.0840000000000032" classname="table_cmht01" name="CMHT01_variant_1_is_produced_correctly"/>
    <testcase time="0.933999999999997" classname="table_cmht01" name="CMHT01_variant_2_is_produced_correctly"/>
    <testcase time="0.260999999999996" classname="table_cmht01" name="CMHT01_variant_2_is_produced_correctly"/>
  </testsuite>
  <testsuite name="table_cmt01" timestamp="2025-01-14T14:03:32Z" hostname="5162e69983b2" tests="8" skipped="0" failures="0" errors="0" time="3.748">
    <testcase time="0.644999999999996" classname="table_cmt01" name="CMT01_default_variant_Concomitant_medications_is_produced_correctly"/>
    <testcase time="0.290000000000006" classname="table_cmt01" name="CMT01_default_variant_Concomitant_medications_is_produced_correctly"/>
    <testcase time="0.705999999999989" classname="table_cmt01" name="CMT01_variant_1_prior_medications_is_produced_correctly"/>
    <testcase time="0.313000000000002" classname="table_cmt01" name="CMT01_variant_1_prior_medications_is_produced_correctly"/>
    <testcase time="0.596000000000004" classname="table_cmt01" name="CMT01_variant_3_Concomitant_medications_is_produced_correctly"/>
    <testcase time="0.260999999999996" classname="table_cmt01" name="CMT01_variant_3_Concomitant_medications_is_produced_correctly"/>
    <testcase time="0.641000000000005" classname="table_cmt01" name="CMT01_variant_4_Concomitant_medications_is_produced_correctly"/>
    <testcase time="0.296000000000006" classname="table_cmt01" name="CMT01_variant_4_Concomitant_medications_is_produced_correctly"/>
  </testsuite>
  <testsuite name="table_cmt01a" timestamp="2025-01-14T14:03:36Z" hostname="5162e69983b2" tests="8" skipped="0" failures="0" errors="0" time="5.622">
    <testcase time="1.205" classname="table_cmt01a" name="CMT01A_variant_1_is_produced_correctly"/>
    <testcase time="0.277000000000001" classname="table_cmt01a" name="CMT01A_variant_1_is_produced_correctly"/>
    <testcase time="1.08" classname="table_cmt01a" name="CMT01A_variant_2_is_produced_correctly"/>
    <testcase time="0.275999999999996" classname="table_cmt01a" name="CMT01A_variant_2_is_produced_correctly"/>
    <testcase time="1.13" classname="table_cmt01a" name="CMT01A_variant_3_is_produced_correctly"/>
    <testcase time="0.278000000000006" classname="table_cmt01a" name="CMT01A_variant_3_is_produced_correctly"/>
    <testcase time="1.124" classname="table_cmt01a" name="CMT01A_variant_4_is_produced_correctly"/>
    <testcase time="0.25200000000001" classname="table_cmt01a" name="CMT01A_variant_4_is_produced_correctly"/>
  </testsuite>
  <testsuite name="table_cmt01b" timestamp="2025-01-14T14:03:42Z" hostname="5162e69983b2" tests="6" skipped="0" failures="0" errors="0" time="5.864">
    <testcase time="1.66" classname="table_cmt01b" name="CMT01B_variant_1_is_produced_correctly"/>
    <testcase time="0.397999999999996" classname="table_cmt01b" name="CMT01B_variant_1_is_produced_correctly"/>
    <testcase time="1.248" classname="table_cmt01b" name="CMT01B_variant_2_is_produced_correctly"/>
    <testcase time="0.326999999999998" classname="table_cmt01b" name="CMT01B_variant_2_is_produced_correctly"/>
    <testcase time="1.866" classname="table_cmt01b" name="CMT01B_variant_4_is_produced_correctly"/>
    <testcase time="0.364999999999995" classname="table_cmt01b" name="CMT01B_variant_4_is_produced_correctly"/>
  </testsuite>
  <testsuite name="table_cmt02_pt" timestamp="2025-01-14T14:03:48Z" hostname="5162e69983b2" tests="2" skipped="0" failures="0" errors="0" time="0.591">
    <testcase time="0.399000000000001" classname="table_cmt02_pt" name="CMT02_PT_default_variant_is_produced_correctly"/>
    <testcase time="0.192000000000007" classname="table_cmt02_pt" name="CMT02_PT_default_variant_is_produced_correctly"/>
  </testsuite>
  <testsuite name="table_coxt01" timestamp="2025-01-14T14:03:48Z" hostname="5162e69983b2" tests="8" skipped="0" failures="0" errors="0" time="1.757">
    <testcase time="0.271000000000001" classname="table_coxt01" name="1._Cox_Regression"/>
    <testcase time="0.0759999999999934" classname="table_coxt01" name="1._Cox_Regression"/>
    <testcase time="0.369" classname="table_coxt01" name="2._Cox_Regression_with_Interaction_Term_"/>
    <testcase time="0.0990000000000038" classname="table_coxt01" name="2._Cox_Regression_with_Interaction_Term_"/>
    <testcase time="0.361000000000004" classname="table_coxt01" name="3._Cox_Regression_specifying_covariates_"/>
    <testcase time="0.116" classname="table_coxt01" name="3._Cox_Regression_specifying_covariates_"/>
    <testcase time="0.349999999999994" classname="table_coxt01" name="4._Cox_Regression_setting_strata_ties_and_alpha_level_"/>
    <testcase time="0.114999999999995" classname="table_coxt01" name="4._Cox_Regression_setting_strata_ties_and_alpha_level_"/>
  </testsuite>
  <testsuite name="table_coxt02" timestamp="2025-01-14T14:03:50Z" hostname="5162e69983b2" tests="4" skipped="0" failures="0" errors="0" time="0.662">
    <testcase time="0.271000000000001" classname="table_coxt02" name="COXT02_default_variant_1_is_produced_correctly"/>
    <testcase time="0.0760000000000076" classname="table_coxt02" name="COXT02_default_variant_1_is_produced_correctly"/>
    <testcase time="0.24499999999999" classname="table_coxt02" name="COXT02_variant_5_is_produced_correctly"/>
    <testcase time="0.0700000000000074" classname="table_coxt02" name="COXT02_variant_5_is_produced_correctly"/>
  </testsuite>
  <testsuite name="table_disclosures" timestamp="2025-01-14T14:03:50Z" hostname="5162e69983b2" tests="12" skipped="0" failures="0" errors="0" time="1.885">
    <testcase time="0.177999999999997" classname="table_disclosures" name="Patient_Disposition_table_is_produced_correctly"/>
    <testcase time="0.0889999999999986" classname="table_disclosures" name="Patient_Disposition_table_is_produced_correctly"/>
    <testcase time="0.195999999999998" classname="table_disclosures" name="Demographic_table_is_produced_correctly"/>
    <testcase time="0.160000000000011" classname="table_disclosures" name="Demographic_table_is_produced_correctly"/>
    <testcase time="0.0889999999999986" classname="table_disclosures" name="Enrollment_by_Country_Table_is_produced_correctly"/>
    <testcase time="0.11099999999999" classname="table_disclosures" name="Enrollment_by_Country_Table_is_produced_correctly"/>
    <testcase time="0.0730000000000075" classname="table_disclosures" name="Death_table_is_produced_correctly"/>
    <testcase time="0.070999999999998" classname="table_disclosures" name="Death_table_is_produced_correctly"/>
    <testcase time="0.311999999999998" classname="table_disclosures" name="Table_of_Serious_Adverse_Events_is_produced_correctly_for_one_specific_treatment_arm_"/>
    <testcase time="0.0880000000000081" classname="table_disclosures" name="Table_of_Serious_Adverse_Events_is_produced_correctly_for_one_specific_treatment_arm_"/>
    <testcase time="0.393999999999991" classname="table_disclosures" name="Table_of_Non_Serious_Adverse_Events_is_produced_correctly"/>
    <testcase time="0.124000000000009" classname="table_disclosures" name="Table_of_Non_Serious_Adverse_Events_is_produced_correctly"/>
  </testsuite>
  <testsuite name="table_dmt01" timestamp="2025-01-14T14:03:53Z" hostname="5162e69983b2" tests="10" skipped="0" failures="0" errors="0" time="2.719">
    <testcase time="1.16999999999999" classname="table_dmt01" name="DMT01_variant_1_is_produced_correctly"/>
    <testcase time="0.167000000000002" classname="table_dmt01" name="DMT01_variant_1_is_produced_correctly"/>
    <testcase time="0.204000000000008" classname="table_dmt01" name="DMT01_variant_2_is_produced_correctly"/>
    <testcase time="0.161999999999992" classname="table_dmt01" name="DMT01_variant_2_is_produced_correctly"/>
    <testcase time="0.240000000000009" classname="table_dmt01" name="DMT01_variant_3_is_produced_correctly"/>
    <testcase time="0.167000000000002" classname="table_dmt01" name="DMT01_variant_3_is_produced_correctly"/>
    <testcase time="0.177999999999997" classname="table_dmt01" name="DMT01_variant_4_is_produced_correctly"/>
    <testcase time="0.147999999999996" classname="table_dmt01" name="DMT01_variant_4_is_produced_correctly"/>
    <testcase time="0.162000000000006" classname="table_dmt01" name="DMT01_variant_5_is_produced_correctly"/>
    <testcase time="0.120999999999995" classname="table_dmt01" name="DMT01_variant_5_is_produced_correctly"/>
  </testsuite>
  <testsuite name="table_dort01" timestamp="2025-01-14T14:03:55Z" hostname="5162e69983b2" tests="8" skipped="0" failures="0" errors="0" time="1.472">
    <testcase time="0.277000000000001" classname="table_dort01" name="DORT01_variant_1_is_produced_correctly"/>
    <testcase time="0.111000000000004" classname="table_dort01" name="DORT01_variant_1_is_produced_correctly"/>
    <testcase time="0.278999999999996" classname="table_dort01" name="DORT01_variant_2_selecting_sectons_is_produced_correctly"/>
    <testcase time="0.097999999999999" classname="table_dort01" name="DORT01_variant_2_selecting_sectons_is_produced_correctly"/>
    <testcase time="0.248000000000005" classname="table_dort01" name="DORT01_variant_3_modifying_conftype_and_alpha_level_is_produced_correctly"/>
    <testcase time="0.11099999999999" classname="table_dort01" name="DORT01_variant_3_modifying_conftype_and_alpha_level_is_produced_correctly"/>
    <testcase time="0.248000000000005" classname="table_dort01" name="DORT01_variant_4_modifying_time_point_for_the_xx_duration_is_produced_correctly"/>
    <testcase time="0.0999999999999943" classname="table_dort01" name="DORT01_variant_4_modifying_time_point_for_the_xx_duration_is_produced_correctly"/>
  </testsuite>
  <testsuite name="table_dst01" timestamp="2025-01-14T14:03:57Z" hostname="5162e69983b2" tests="6" skipped="0" failures="0" errors="0" time="0.737">
    <testcase time="0.141000000000005" classname="table_dst01" name="DST01_default_variant_is_produced_correctly"/>
    <testcase time="0.0939999999999941" classname="table_dst01" name="DST01_default_variant_is_produced_correctly"/>
    <testcase time="0.207000000000008" classname="table_dst01" name="DST01_variants_2_and_3_are_produced_correctly"/>
    <testcase time="0.0990000000000038" classname="table_dst01" name="DST01_variants_2_and_3_are_produced_correctly"/>
    <testcase time="0.0849999999999937" classname="table_dst01" name="DST01_variants_2_and_3_are_produced_correctly"/>
    <testcase time="0.111000000000004" classname="table_dst01" name="DST01_variants_2_and_3_are_produced_correctly"/>
  </testsuite>
  <testsuite name="table_dtht01" timestamp="2025-01-14T14:03:57Z" hostname="5162e69983b2" tests="8" skipped="0" failures="0" errors="0" time="1.15">
    <testcase time="0.12299999999999" classname="table_dtht01" name="DTHT01_variant_1_is_produced_correctly"/>
    <testcase time="0.0760000000000076" classname="table_dtht01" name="DTHT01_variant_1_is_produced_correctly"/>
    <testcase time="0.245999999999995" classname="table_dtht01" name="DTHT01_variant_2_is_produced_correctly"/>
    <testcase time="0.159000000000006" classname="table_dtht01" name="DTHT01_variant_2_is_produced_correctly"/>
    <testcase time="0.147999999999996" classname="table_dtht01" name="DTHT01_variant_3_is_produced_correctly"/>
    <testcase time="0.0940000000000083" classname="table_dtht01" name="DTHT01_variant_3_is_produced_correctly"/>
    <testcase time="0.203999999999994" classname="table_dtht01" name="DTHT01_variant_4_is_produced_correctly"/>
    <testcase time="0.0999999999999943" classname="table_dtht01" name="DTHT01_variant_4_is_produced_correctly"/>
  </testsuite>
  <testsuite name="table_egt01" timestamp="2025-01-14T14:03:59Z" hostname="5162e69983b2" tests="2" skipped="0" failures="0" errors="0" time="3.345">
    <testcase time="2.55500000000001" classname="table_egt01" name="EGT01_default_variant_is_produced_correctly"/>
    <testcase time="0.789999999999992" classname="table_egt01" name="EGT01_default_variant_is_produced_correctly"/>
  </testsuite>
  <testsuite name="table_egt02" timestamp="2025-01-14T14:04:03Z" hostname="5162e69983b2" tests="4" skipped="0" failures="0" errors="0" time="1.614">
    <testcase time="1.25" classname="table_egt02" name="_EGT02_1._Regardless_of_Abnormality_at_Baseline"/>
    <testcase time="0.0790000000000077" classname="table_egt02" name="_EGT02_1._Regardless_of_Abnormality_at_Baseline"/>
    <testcase time="0.204999999999998" classname="table_egt02" name="_EGT02_2._Among_Subjects_Without_Abnormality_at_Baseline"/>
    <testcase time="0.0799999999999983" classname="table_egt02" name="_EGT02_2._Among_Subjects_Without_Abnormality_at_Baseline"/>
  </testsuite>
  <testsuite name="table_egt03" timestamp="2025-01-14T14:04:03Z" hostname="5162e69983b2" tests="8" skipped="0" failures="0" errors="0" time="1.225">
    <testcase time="0.201000000000008" classname="table_egt03" name="EGT03_variant_1_is_produced_correctly"/>
    <testcase time="0.119" classname="table_egt03" name="EGT03_variant_1_is_produced_correctly"/>
    <testcase time="0.144999999999996" classname="table_egt03" name="EGT03_variant_2_is_produced_correctly"/>
    <testcase time="0.097999999999999" classname="table_egt03" name="EGT03_variant_2_is_produced_correctly"/>
    <testcase time="0.195999999999998" classname="table_egt03" name="EGT03_variant_3_is_produced_correctly"/>
    <testcase time="0.144000000000005" classname="table_egt03" name="EGT03_variant_3_is_produced_correctly"/>
    <testcase time="0.179000000000002" classname="table_egt03" name="EGT03_variant_4_is_produced_correctly"/>
    <testcase time="0.143000000000001" classname="table_egt03" name="EGT03_variant_4_is_produced_correctly"/>
  </testsuite>
  <testsuite name="table_egt04" timestamp="2025-01-14T14:04:06Z" hostname="5162e69983b2" tests="2" skipped="0" failures="0" errors="0" time="1.573">
    <testcase time="1.48299999999999" classname="table_egt04" name="EGT04_default_variant_is_produced_correctly"/>
    <testcase time="0.0900000000000034" classname="table_egt04" name="EGT04_default_variant_is_produced_correctly"/>
  </testsuite>
  <testsuite name="table_egt05_qtcat" timestamp="2025-01-14T14:04:07Z" hostname="5162e69983b2" tests="2" skipped="0" failures="0" errors="0" time="2.187">
    <testcase time="1.711" classname="table_egt05_qtcat" name="EGT05_QTCAT_default_variant_is_produced_correctly"/>
    <testcase time="0.475999999999999" classname="table_egt05_qtcat" name="EGT05_QTCAT_default_variant_is_produced_correctly"/>
  </testsuite>
  <testsuite name="table_ent" timestamp="2025-01-14T14:04:08Z" hostname="5162e69983b2" tests="8" skipped="0" failures="0" errors="0" time="13.263">
    <testcase time="3.622" classname="table_ent" name="ENT01_IT_is_produced_correctly"/>
    <testcase time="0.542000000000002" classname="table_ent" name="ENT01_IT_is_produced_correctly"/>
    <testcase time="2.08099999999999" classname="table_ent" name="ENT01a_IT_is_produced_correctly"/>
    <testcase time="0.509000000000015" classname="table_ent" name="ENT01a_IT_is_produced_correctly"/>
    <testcase time="3.24799999999999" classname="table_ent" name="ENT02_IT_is_produced_correctly"/>
    <testcase time="0.557000000000016" classname="table_ent" name="ENT02_IT_is_produced_correctly"/>
    <testcase time="2.166" classname="table_ent" name="ENT02a_IT_is_produced_correctly"/>
    <testcase time="0.537999999999982" classname="table_ent" name="ENT02a_IT_is_produced_correctly"/>
  </testsuite>
  <testsuite name="table_eudrat01" timestamp="2025-01-14T14:04:22Z" hostname="5162e69983b2" tests="2" skipped="0" failures="0" errors="0" time="0.586">
    <testcase time="0.462000000000018" classname="table_eudrat01" name="EUDRAT01_is_produced_correctly"/>
    <testcase time="0.123999999999995" classname="table_eudrat01" name="EUDRAT01_is_produced_correctly"/>
  </testsuite>
  <testsuite name="table_eudrat02" timestamp="2025-01-14T14:04:22Z" hostname="5162e69983b2" tests="2" skipped="0" failures="0" errors="0" time="0.475">
    <testcase time="0.382000000000005" classname="table_eudrat02" name="EUDRAT02_is_produced_correctly"/>
    <testcase time="0.0929999999999893" classname="table_eudrat02" name="EUDRAT02_is_produced_correctly"/>
  </testsuite>
  <testsuite name="table_ext01" timestamp="2025-01-14T14:04:23Z" hostname="5162e69983b2" tests="6" skipped="0" failures="0" errors="0" time="1.54">
    <testcase time="0.360000000000014" classname="table_ext01" name="EXT01_default_variant_with_numeric_parameters_is_produced_correctly"/>
    <testcase time="0.165999999999997" classname="table_ext01" name="EXT01_default_variant_with_numeric_parameters_is_produced_correctly"/>
    <testcase time="0.257999999999981" classname="table_ext01" name="EXT01_variant_with_both_numeric_and_categorical_parameters"/>
    <testcase time="0.201999999999998" classname="table_ext01" name="EXT01_variant_with_both_numeric_and_categorical_parameters"/>
    <testcase time="0.313000000000017" classname="table_ext01" name="EXT01_variant_with_user_specified_categories_for_missed_doses"/>
    <testcase time="0.240999999999985" classname="table_ext01" name="EXT01_variant_with_user_specified_categories_for_missed_doses"/>
  </testsuite>
  <testsuite name="table_lbt01" timestamp="2025-01-14T14:04:25Z" hostname="5162e69983b2" tests="2" skipped="0" failures="0" errors="0" time="2.058">
    <testcase time="1.55799999999999" classname="table_lbt01" name="LBT01_default_variant_is_produced_correctly"/>
    <testcase time="0.5" classname="table_lbt01" name="LBT01_default_variant_is_produced_correctly"/>
  </testsuite>
  <testsuite name="table_lbt02" timestamp="2025-01-14T14:04:26Z" hostname="5162e69983b2" tests="2" skipped="0" failures="0" errors="0" time="1.351">
    <testcase time="0.825999999999993" classname="table_lbt02" name="LBT02_default_variant_is_produced_correctly"/>
    <testcase time="0.525000000000006" classname="table_lbt02" name="LBT02_default_variant_is_produced_correctly"/>
  </testsuite>
  <testsuite name="table_lbt03" timestamp="2025-01-14T14:04:28Z" hostname="5162e69983b2" tests="2" skipped="0" failures="0" errors="0" time="0.263">
    <testcase time="0.14700000000002" classname="table_lbt03" name="LBT03_default_variant_is_produced_correctly"/>
    <testcase time="0.115999999999985" classname="table_lbt03" name="LBT03_default_variant_is_produced_correctly"/>
  </testsuite>
  <testsuite name="table_lbt04" timestamp="2025-01-14T14:04:28Z" hostname="5162e69983b2" tests="2" skipped="0" failures="0" errors="0" time="1.292">
    <testcase time="1.108" classname="table_lbt04" name="LBT04_default_variant_is_produced_correctly"/>
    <testcase time="0.183999999999997" classname="table_lbt04" name="LBT04_default_variant_is_produced_correctly"/>
  </testsuite>
  <testsuite name="table_lbt05" timestamp="2025-01-14T14:04:30Z" hostname="5162e69983b2" tests="6" skipped="0" failures="0" errors="0" time="6.877">
    <testcase time="2.36099999999999" classname="table_lbt05" name="LBT05_variant_1_is_produced_correctly"/>
    <testcase time="0.62700000000001" classname="table_lbt05" name="LBT05_variant_1_is_produced_correctly"/>
    <testcase time="1.386" classname="table_lbt05" name="LBT05_variant_2_is_produced_correctly"/>
    <testcase time="0.496000000000009" classname="table_lbt05" name="LBT05_variant_2_is_produced_correctly"/>
    <testcase time="1.654" classname="table_lbt05" name="LBT05_variant_4_is_produced_correctly"/>
    <testcase time="0.353000000000009" classname="table_lbt05" name="LBT05_variant_4_is_produced_correctly"/>
  </testsuite>
  <testsuite name="table_lbt06" timestamp="2025-01-14T14:04:36Z" hostname="5162e69983b2" tests="2" skipped="0" failures="0" errors="0" time="0.503">
    <testcase time="0.334000000000003" classname="table_lbt06" name="LBT06_default_variant_is_produced_correctly"/>
    <testcase time="0.168999999999983" classname="table_lbt06" name="LBT06_default_variant_is_produced_correctly"/>
  </testsuite>
  <testsuite name="table_lbt07" timestamp="2025-01-14T14:04:37Z" hostname="5162e69983b2" tests="2" skipped="0" failures="0" errors="0" time="2.349">
    <testcase time="2.053" classname="table_lbt07" name="LBT07_is_produced_correctly"/>
    <testcase time="0.296000000000021" classname="table_lbt07" name="LBT07_is_produced_correctly"/>
  </testsuite>
  <testsuite name="table_lbt08" timestamp="2025-01-14T14:04:39Z" hostname="5162e69983b2" tests="2" skipped="0" failures="0" errors="0" time="0.39">
    <testcase time="0.264999999999986" classname="table_lbt08" name="LBT08_produce_correctly"/>
    <testcase time="0.125" classname="table_lbt08" name="LBT08_produce_correctly"/>
  </testsuite>
  <testsuite name="table_lbt09" timestamp="2025-01-14T14:04:39Z" hostname="5162e69983b2" tests="4" skipped="0" failures="0" errors="0" time="0.931">
    <testcase time="0.317000000000007" classname="table_lbt09" name="LBT09_variant_1_works_as_expected"/>
    <testcase time="0.167999999999978" classname="table_lbt09" name="LBT09_variant_1_works_as_expected"/>
    <testcase time="0.292000000000002" classname="table_lbt09" name="LBT09_variant_2_works_as_expected"/>
    <testcase time="0.153999999999996" classname="table_lbt09" name="LBT09_variant_2_works_as_expected"/>
  </testsuite>
  <testsuite name="table_lbt10" timestamp="2025-01-14T14:04:40Z" hostname="5162e69983b2" tests="4" skipped="0" failures="0" errors="0" time="1.224">
    <testcase time="0.698000000000008" classname="table_lbt10" name="LBT10_variant_1_works_as_expected"/>
    <testcase time="0.0829999999999984" classname="table_lbt10" name="LBT10_variant_1_works_as_expected"/>
    <testcase time="0.38300000000001" classname="table_lbt10" name="LBT10_variant_2_works_as_expected"/>
    <testcase time="0.0600000000000023" classname="table_lbt10" name="LBT10_variant_2_works_as_expected"/>
  </testsuite>
  <testsuite name="table_lbt10_bl" timestamp="2025-01-14T14:04:41Z" hostname="5162e69983b2" tests="4" skipped="0" failures="0" errors="0" time="0.493">
    <testcase time="0.236999999999995" classname="table_lbt10_bl" name="LBT10_BL_variant_1_works_as_expected"/>
    <testcase time="0.0840000000000032" classname="table_lbt10_bl" name="LBT10_BL_variant_1_works_as_expected"/>
    <testcase time="0.11099999999999" classname="table_lbt10_bl" name="LBT10_BL_variant_2_works_as_expected"/>
    <testcase time="0.061000000000007" classname="table_lbt10_bl" name="LBT10_BL_variant_2_works_as_expected"/>
  </testsuite>
  <testsuite name="table_lbt11" timestamp="2025-01-14T14:04:42Z" hostname="5162e69983b2" tests="6" skipped="0" failures="0" errors="0" time="0.772">
    <testcase time="0.185000000000002" classname="table_lbt11" name="LBT11_variant_1_works_as_expected"/>
    <testcase time="0.0960000000000036" classname="table_lbt11" name="LBT11_variant_1_works_as_expected"/>
    <testcase time="0.123999999999995" classname="table_lbt11" name="LBT11_variant_2_works_as_expected"/>
    <testcase time="0.0809999999999889" classname="table_lbt11" name="LBT11_variant_2_works_as_expected"/>
    <testcase time="0.171000000000021" classname="table_lbt11" name="LBT11_variant_3_works_as_expected"/>
    <testcase time="0.114999999999981" classname="table_lbt11" name="LBT11_variant_3_works_as_expected"/>
  </testsuite>
  <testsuite name="table_lbt11_bl" timestamp="2025-01-14T14:04:43Z" hostname="5162e69983b2" tests="6" skipped="0" failures="0" errors="0" time="0.828">
    <testcase time="0.213000000000022" classname="table_lbt11_bl" name="LBT11_BL_variant_1_works_as_expected"/>
    <testcase time="0.0959999999999752" classname="table_lbt11_bl" name="LBT11_BL_variant_1_works_as_expected"/>
    <testcase time="0.119" classname="table_lbt11_bl" name="LBT11_BL_variant_2_works_as_expected"/>
    <testcase time="0.0810000000000173" classname="table_lbt11_bl" name="LBT11_BL_variant_2_works_as_expected"/>
    <testcase time="0.207999999999998" classname="table_lbt11_bl" name="LBT11_BL_variant_3_works_as_expected"/>
    <testcase time="0.11099999999999" classname="table_lbt11_bl" name="LBT11_BL_variant_3_works_as_expected"/>
  </testsuite>
  <testsuite name="table_lbt12" timestamp="2025-01-14T14:04:44Z" hostname="5162e69983b2" tests="2" skipped="0" failures="0" errors="0" time="0.395">
    <testcase time="0.289999999999992" classname="table_lbt12" name="LBT12_works_as_expected"/>
    <testcase time="0.105000000000018" classname="table_lbt12" name="LBT12_works_as_expected"/>
  </testsuite>
  <testsuite name="table_lbt12_bl" timestamp="2025-01-14T14:04:44Z" hostname="5162e69983b2" tests="2" skipped="0" failures="0" errors="0" time="0.356">
    <testcase time="0.280000000000001" classname="table_lbt12_bl" name="LBT12_BL_works_as_expected"/>
    <testcase time="0.0759999999999934" classname="table_lbt12_bl" name="LBT12_BL_works_as_expected"/>
  </testsuite>
  <testsuite name="table_lbt13" timestamp="2025-01-14T14:04:45Z" hostname="5162e69983b2" tests="10" skipped="0" failures="0" errors="0" time="2.235">
    <testcase time="0.772999999999996" classname="table_lbt13" name="LBT13_variant_1_LOW_works_as_expected"/>
    <testcase time="0.099000000000018" classname="table_lbt13" name="LBT13_variant_1_LOW_works_as_expected"/>
    <testcase time="0.135999999999996" classname="table_lbt13" name="LBT13_variant_2_HIGH_works_as_expected"/>
    <testcase time="0.0629999999999882" classname="table_lbt13" name="LBT13_variant_2_HIGH_works_as_expected"/>
    <testcase time="0.231999999999999" classname="table_lbt13" name="LBT13_variant_3_LOW_without_baseline_missing_works_as_expected"/>
    <testcase time="0.100999999999999" classname="table_lbt13" name="LBT13_variant_3_LOW_without_baseline_missing_works_as_expected"/>
    <testcase time="0.134999999999991" classname="table_lbt13" name="LBT13_variant_4_HIGH_with_missing_baseline_considered_as_grade_0_works_as_expected"/>
    <testcase time="0.0770000000000266" classname="table_lbt13" name="LBT13_variant_4_HIGH_with_missing_baseline_considered_as_grade_0_works_as_expected"/>
    <testcase time="0.399999999999977" classname="table_lbt13" name="LBT14_variant_5_HIGH_with_filled_in_grades_works_as_expected"/>
    <testcase time="0.219000000000023" classname="table_lbt13" name="LBT14_variant_5_HIGH_with_filled_in_grades_works_as_expected"/>
  </testsuite>
  <testsuite name="table_lbt14" timestamp="2025-01-14T14:04:47Z" hostname="5162e69983b2" tests="10" skipped="0" failures="0" errors="0" time="28.585">
    <testcase time="5.73999999999998" classname="table_lbt14" name="LBT14_variant_1_HIGH_works_as_expected"/>
    <testcase time="0.459000000000003" classname="table_lbt14" name="LBT14_variant_1_HIGH_works_as_expected"/>
    <testcase time="5.25300000000001" classname="table_lbt14" name="LBT14_variant_2_LOW_works_as_expected"/>
    <testcase time="0.338999999999999" classname="table_lbt14" name="LBT14_variant_2_LOW_works_as_expected"/>
    <testcase time="3.488" classname="table_lbt14" name="LBT14_variant_3_LOW_without_baseline_missing_works_as_expected"/>
    <testcase time="0.418999999999983" classname="table_lbt14" name="LBT14_variant_3_LOW_without_baseline_missing_works_as_expected"/>
    <testcase time="4.80700000000002" classname="table_lbt14" name="LBT14_variant_4_LOW_and_force_1_missing_both_baseline_and_post_baseline_then_force_the_missing_baseline_as_0_as_expected"/>
    <testcase time="0.251999999999981" classname="table_lbt14" name="LBT14_variant_4_LOW_and_force_1_missing_both_baseline_and_post_baseline_then_force_the_missing_baseline_as_0_as_expected"/>
    <testcase time="5.12200000000001" classname="table_lbt14" name="LBT14_variant_5_HIGH_with_fillings_works_as_expected"/>
    <testcase time="2.70599999999999" classname="table_lbt14" name="LBT14_variant_5_HIGH_with_fillings_works_as_expected"/>
  </testsuite>
  <testsuite name="table_lbt15" timestamp="2025-01-14T14:05:15Z" hostname="5162e69983b2" tests="4" skipped="0" failures="0" errors="0" time="1.545">
    <testcase time="0.604000000000013" classname="table_lbt15" name="LBT15_variant_1_works_as_expected"/>
    <testcase time="0.201999999999998" classname="table_lbt15" name="LBT15_variant_1_works_as_expected"/>
    <testcase time="0.542000000000002" classname="table_lbt15" name="LBT15_variant_2_works_as_expected"/>
    <testcase time="0.197000000000003" classname="table_lbt15" name="LBT15_variant_2_works_as_expected"/>
  </testsuite>
  <testsuite name="table_lgrt02" timestamp="2025-01-14T14:05:17Z" hostname="5162e69983b2" tests="8" skipped="0" failures="0" errors="0" time="2.892">
    <testcase time="0.519999999999982" classname="table_lgrt02" name="LGRT02_without_interaction_term_is_produced_correctly"/>
    <testcase time="0.164000000000016" classname="table_lgrt02" name="LGRT02_without_interaction_term_is_produced_correctly"/>
    <testcase time="0.588999999999999" classname="table_lgrt02" name="LGRT02_with_categorical_interaction_is_produced_correctly"/>
    <testcase time="0.180999999999983" classname="table_lgrt02" name="LGRT02_with_categorical_interaction_is_produced_correctly"/>
    <testcase time="0.593000000000018" classname="table_lgrt02" name="LGRT02_with_continuous_interaction_is_produced_correctly"/>
    <testcase time="0.180999999999983" classname="table_lgrt02" name="LGRT02_with_continuous_interaction_is_produced_correctly"/>
    <testcase time="0.507000000000005" classname="table_lgrt02" name="LGRT02_with_setting_values_indicating_an_event_and_custom_alpha_level_is_produced_correctly"/>
    <testcase time="0.157000000000011" classname="table_lgrt02" name="LGRT02_with_setting_values_indicating_an_event_and_custom_alpha_level_is_produced_correctly"/>
  </testsuite>
  <testsuite name="table_mht01" timestamp="2025-01-14T14:05:20Z" hostname="5162e69983b2" tests="8" skipped="0" failures="0" errors="0" time="1.548">
    <testcase time="0.314999999999998" classname="table_mht01" name="MHT01_variant_1_is_produced_accurately"/>
    <testcase time="0.151999999999987" classname="table_mht01" name="MHT01_variant_1_is_produced_accurately"/>
    <testcase time="0.100000000000023" classname="table_mht01" name="MHT01_variant_2_is_produced_accurately"/>
    <testcase time="0.0699999999999932" classname="table_mht01" name="MHT01_variant_2_is_produced_accurately"/>
    <testcase time="0.282999999999987" classname="table_mht01" name="MHT01_variant_3_is_produced_accurately"/>
    <testcase time="0.117999999999995" classname="table_mht01" name="MHT01_variant_3_is_produced_accurately"/>
    <testcase time="0.365000000000009" classname="table_mht01" name="MHT01_variant_5_is_produced_accurately"/>
    <testcase time="0.14500000000001" classname="table_mht01" name="MHT01_variant_5_is_produced_accurately"/>
  </testsuite>
  <testsuite name="table_onct05" timestamp="2025-01-14T14:05:21Z" hostname="5162e69983b2" tests="8" skipped="0" failures="0" errors="0" time="2.088">
    <testcase time="0.454000000000008" classname="table_onct05" name="ONCT05_variant_1_Objective_Response_Rate_by_Subgroup_is_produced_correctly"/>
    <testcase time="0.137999999999977" classname="table_onct05" name="ONCT05_variant_1_Objective_Response_Rate_by_Subgroup_is_produced_correctly"/>
    <testcase time="0.467000000000013" classname="table_onct05" name="ONCT05_variant_2_Specifying_class_variables_is_produced_correctly"/>
    <testcase time="0.11699999999999" classname="table_onct05" name="ONCT05_variant_2_Specifying_class_variables_is_produced_correctly"/>
    <testcase time="0.238" classname="table_onct05" name="ONCT05_variant_3_selecting_columns_and_changing_the_alpha_level_is_produced_correctly"/>
    <testcase time="0.0840000000000032" classname="table_onct05" name="ONCT05_variant_3_selecting_columns_and_changing_the_alpha_level_is_produced_correctly"/>
    <testcase time="0.456000000000017" classname="table_onct05" name="ONCT05_variant_4_setting_values_indicating_response_is_produced_correctly"/>
    <testcase time="0.133999999999986" classname="table_onct05" name="ONCT05_variant_4_setting_values_indicating_response_is_produced_correctly"/>
  </testsuite>
  <testsuite name="table_pdt01" timestamp="2025-01-14T14:05:23Z" hostname="5162e69983b2" tests="2" skipped="0" failures="0" errors="0" time="0.428">
    <testcase time="0.268000000000001" classname="table_pdt01" name="PDT01_is_produced_correctly"/>
    <testcase time="0.159999999999997" classname="table_pdt01" name="PDT01_is_produced_correctly"/>
  </testsuite>
  <testsuite name="table_pdt02" timestamp="2025-01-14T14:05:24Z" hostname="5162e69983b2" tests="2" skipped="0" failures="0" errors="0" time="0.249">
    <testcase time="0.163000000000011" classname="table_pdt02" name="PDT02_is_produced_correctly"/>
    <testcase time="0.0859999999999843" classname="table_pdt02" name="PDT02_is_produced_correctly"/>
  </testsuite>
  <testsuite name="table_pkct01" timestamp="2025-01-14T14:05:24Z" hostname="5162e69983b2" tests="10" skipped="0" failures="0" errors="0" time="3.263">
    <testcase time="0.27000000000001" classname="table_pkct01" name="PKCT01_is_produced_correctly"/>
    <testcase time="0.109999999999985" classname="table_pkct01" name="PKCT01_is_produced_correctly"/>
    <testcase time="0.119" classname="table_pkct01" name="PKCT01_is_produced_correctly"/>
    <testcase time="0.0670000000000073" classname="table_pkct01" name="PKCT01_is_produced_correctly"/>
    <testcase time="0.942000000000007" classname="table_pkct01" name="Specific_PKCT01_features_are_present"/>
    <testcase time="0.233000000000004" classname="table_pkct01" name="Specific_PKCT01_features_are_present"/>
    <testcase time="0.210999999999984" classname="table_pkct01" name="Specific_PKCT01_features_are_present"/>
    <testcase time="0.00300000000001432" classname="table_pkct01" name="Specific_PKCT01_features_are_present"/>
    <testcase time="0.721000000000004" classname="table_pkct01" name="Specific_PKCT01_features_are_present"/>
    <testcase time="0.586999999999989" classname="table_pkct01" name="Specific_PKCT01_features_are_present"/>
  </testsuite>
  <testsuite name="table_pkpt02" timestamp="2025-01-14T14:05:27Z" hostname="5162e69983b2" tests="2" skipped="0" failures="0" errors="0" time="0.566">
    <testcase time="0.313000000000017" classname="table_pkpt02" name="PKPT02_is_produced_correctly_for_Drug_X"/>
    <testcase time="0.252999999999986" classname="table_pkpt02" name="PKPT02_is_produced_correctly_for_Drug_X"/>
  </testsuite>
  <testsuite name="table_pkpt03" timestamp="2025-01-14T14:05:28Z" hostname="5162e69983b2" tests="2" skipped="0" failures="0" errors="0" time="1.196">
    <testcase time="0.983000000000004" classname="table_pkpt03" name="PKPT03_Drug_X_is_produced_correctly"/>
    <testcase time="0.212999999999994" classname="table_pkpt03" name="PKPT03_Drug_X_is_produced_correctly"/>
  </testsuite>
  <testsuite name="table_pkpt04" timestamp="2025-01-14T14:05:29Z" hostname="5162e69983b2" tests="2" skipped="0" failures="0" errors="0" time="0.212">
    <testcase time="0.100999999999999" classname="table_pkpt04" name="PKPT04_is_produced_correctly_for_Drug_X"/>
    <testcase time="0.11099999999999" classname="table_pkpt04" name="PKPT04_is_produced_correctly_for_Drug_X"/>
  </testsuite>
  <testsuite name="table_pkpt05" timestamp="2025-01-14T14:05:29Z" hostname="5162e69983b2" tests="2" skipped="0" failures="0" errors="0" time="0.411">
    <testcase time="0.301000000000016" classname="table_pkpt05" name="PKPT05_Drug_X_is_produced_correctly"/>
    <testcase time="0.109999999999985" classname="table_pkpt05" name="PKPT05_Drug_X_is_produced_correctly"/>
  </testsuite>
  <testsuite name="table_pkpt06" timestamp="2025-01-14T14:05:30Z" hostname="5162e69983b2" tests="4" skipped="0" failures="0" errors="0" time="0.288">
    <testcase time="0.115000000000009" classname="table_pkpt06" name="PKPT06_is_produced_correctly_for_Drug_X"/>
    <testcase time="0.0630000000000166" classname="table_pkpt06" name="PKPT06_is_produced_correctly_for_Drug_X"/>
    <testcase time="0.0519999999999925" classname="table_pkpt06" name="PKPT06_is_produced_correctly_for_Drug_Y"/>
    <testcase time="0.0579999999999927" classname="table_pkpt06" name="PKPT06_is_produced_correctly_for_Drug_Y"/>
  </testsuite>
  <testsuite name="table_pkpt07" timestamp="2025-01-14T14:05:30Z" hostname="5162e69983b2" tests="4" skipped="0" failures="0" errors="0" time="0.581">
    <testcase time="0.230999999999995" classname="table_pkpt07" name="PKPT07_Drug_X_is_produced_correctly"/>
    <testcase time="0.123000000000019" classname="table_pkpt07" name="PKPT07_Drug_X_is_produced_correctly"/>
    <testcase time="0.114999999999981" classname="table_pkpt07" name="PKPT07_Drug_Y_is_produced_correctly"/>
    <testcase time="0.111999999999995" classname="table_pkpt07" name="PKPT07_Drug_Y_is_produced_correctly"/>
  </testsuite>
  <testsuite name="table_ratet01" timestamp="2025-01-14T14:05:30Z" hostname="5162e69983b2" tests="2" skipped="0" failures="0" errors="0" time="1.254">
    <testcase time="1.06100000000001" classname="table_ratet01" name="RATET01_is_produced_correctly"/>
    <testcase time="0.193000000000012" classname="table_ratet01" name="RATET01_is_produced_correctly"/>
  </testsuite>
  <testsuite name="table_rmpt01" timestamp="2025-01-14T14:05:32Z" hostname="5162e69983b2" tests="2" skipped="0" failures="0" errors="0" time="0.221">
    <testcase time="0.150000000000006" classname="table_rmpt01" name="RMPT01_is_produced_correctly"/>
    <testcase time="0.070999999999998" classname="table_rmpt01" name="RMPT01_is_produced_correctly"/>
  </testsuite>
  <testsuite name="table_rmpt03" timestamp="2025-01-14T14:05:32Z" hostname="5162e69983b2" tests="4" skipped="0" failures="0" errors="0" time="0.565">
    <testcase time="0.211000000000013" classname="table_rmpt03" name="RMPT03_variant_1_is_produced_correctly"/>
    <testcase time="0.0900000000000034" classname="table_rmpt03" name="RMPT03_variant_1_is_produced_correctly"/>
    <testcase time="0.175000000000011" classname="table_rmpt03" name="RMPT03_variant_2_is_produced_correctly"/>
    <testcase time="0.0889999999999986" classname="table_rmpt03" name="RMPT03_variant_2_is_produced_correctly"/>
  </testsuite>
  <testsuite name="table_rmpt04" timestamp="2025-01-14T14:05:32Z" hostname="5162e69983b2" tests="2" skipped="0" failures="0" errors="0" time="0.216">
    <testcase time="0.149999999999977" classname="table_rmpt04" name="RMPT04_variant_1_is_produced_correctly"/>
    <testcase time="0.0660000000000025" classname="table_rmpt04" name="RMPT04_variant_1_is_produced_correctly"/>
  </testsuite>
  <testsuite name="table_rmpt05" timestamp="2025-01-14T14:05:33Z" hostname="5162e69983b2" tests="2" skipped="0" failures="0" errors="0" time="0.242">
    <testcase time="0.146999999999991" classname="table_rmpt05" name="RMPT05_is_produced_correctly"/>
    <testcase time="0.0949999999999989" classname="table_rmpt05" name="RMPT05_is_produced_correctly"/>
  </testsuite>
  <testsuite name="table_rmpt06" timestamp="2025-01-14T14:05:33Z" hostname="5162e69983b2" tests="8" skipped="0" failures="0" errors="0" time="1.775">
    <testcase time="0.318000000000012" classname="table_rmpt06" name="RMPT06_variant_1_is_produced_correctly"/>
    <testcase time="0.38900000000001" classname="table_rmpt06" name="RMPT06_variant_1_is_produced_correctly"/>
    <testcase time="0.188999999999993" classname="table_rmpt06" name="RMPT06_variant_2_is_produced_correctly"/>
    <testcase time="0.0929999999999893" classname="table_rmpt06" name="RMPT06_variant_2_is_produced_correctly"/>
    <testcase time="0.27200000000002" classname="table_rmpt06" name="RMPT06_variant_3_is_produced_correctly"/>
    <testcase time="0.11099999999999" classname="table_rmpt06" name="RMPT06_variant_3_is_produced_correctly"/>
    <testcase time="0.289999999999992" classname="table_rmpt06" name="RMPT06_variant_4_is_produced_correctly"/>
    <testcase time="0.113" classname="table_rmpt06" name="RMPT06_variant_4_is_produced_correctly"/>
  </testsuite>
  <testsuite name="table_rspt01" timestamp="2025-01-14T14:05:35Z" hostname="5162e69983b2" tests="12" skipped="0" failures="0" errors="0" time="2.258">
    <testcase time="0.266999999999996" classname="table_rspt01" name="RSPT01_1._Best_Overall_Response"/>
    <testcase time="0.115000000000009" classname="table_rspt01" name="RSPT01_1._Best_Overall_Response"/>
    <testcase time="0.234000000000009" classname="table_rspt01" name="RSPT01_2._Best_Overall_Response_selecting_sections_to_display_"/>
    <testcase time="0.103999999999985" classname="table_rspt01" name="RSPT01_2._Best_Overall_Response_selecting_sections_to_display_"/>
    <testcase time="0.292000000000002" classname="table_rspt01" name="RSPT01_3._Best_Overall_Response_modifying_settings_"/>
    <testcase time="0.111000000000018" classname="table_rspt01" name="RSPT01_3._Best_Overall_Response_modifying_settings_"/>
    <testcase time="0.329999999999984" classname="table_rspt01" name="RSPT01_4._Best_Overall_Response_with_stratified_analysis_"/>
    <testcase time="0.131" classname="table_rspt01" name="RSPT01_4._Best_Overall_Response_with_stratified_analysis_"/>
    <testcase time="0.25800000000001" classname="table_rspt01" name="RSPT01_5._Best_Overall_Response_modifying_the_definition_of_overall_response_"/>
    <testcase time="0.108000000000004" classname="table_rspt01" name="RSPT01_5._Best_Overall_Response_modifying_the_definition_of_overall_response_"/>
    <testcase time="0.206999999999994" classname="table_rspt01" name="RSPT01_6._Best_Overall_Response_define_new_sections_to_display_"/>
    <testcase time="0.100999999999999" classname="table_rspt01" name="RSPT01_6._Best_Overall_Response_define_new_sections_to_display_"/>
  </testsuite>
  <testsuite name="table_ttet01" timestamp="2025-01-14T14:05:37Z" hostname="5162e69983b2" tests="14" skipped="0" failures="0" errors="0" time="3.41">
    <testcase time="0.390999999999991" classname="table_ttet01" name="TTET01_default_variant_is_produced_correctly"/>
    <testcase time="0.167000000000002" classname="table_ttet01" name="TTET01_default_variant_is_produced_correctly"/>
    <testcase time="0.387" classname="table_ttet01" name="TTET01_default_variant_with_Placebo_arm"/>
    <testcase time="0.162000000000006" classname="table_ttet01" name="TTET01_default_variant_with_Placebo_arm"/>
    <testcase time="0.200999999999993" classname="table_ttet01" name="TTET01_variant_2_selecting_sections_to_display"/>
    <testcase time="0.122000000000014" classname="table_ttet01" name="TTET01_variant_2_selecting_sections_to_display"/>
    <testcase time="0.324999999999989" classname="table_ttet01" name="TTET01_variant_3_modifying_analysis_details_like_conftype_ties_alpha_level"/>
    <testcase time="0.150000000000006" classname="table_ttet01" name="TTET01_variant_3_modifying_analysis_details_like_conftype_ties_alpha_level"/>
    <testcase time="0.34899999999999" classname="table_ttet01" name="TTET01_variant_4_with_stratified_analysis"/>
    <testcase time="0.164000000000016" classname="table_ttet01" name="TTET01_variant_4_with_stratified_analysis"/>
    <testcase time="0.304000000000002" classname="table_ttet01" name="TTET01_variant_5_modifying_time_point"/>
    <testcase time="0.135999999999996" classname="table_ttet01" name="TTET01_variant_5_modifying_time_point"/>
    <testcase time="0.394999999999982" classname="table_ttet01" name="TTET01_variant_6_requesting_more_than_one_p_value"/>
    <testcase time="0.157000000000011" classname="table_ttet01" name="TTET01_variant_6_requesting_more_than_one_p_value"/>
  </testsuite>
  <testsuite name="table_vst01" timestamp="2025-01-14T14:05:41Z" hostname="5162e69983b2" tests="2" skipped="0" failures="0" errors="0" time="2.161">
    <testcase time="1.74799999999999" classname="table_vst01" name="VST01_default_variant_is_produced_correctly"/>
    <testcase time="0.413000000000011" classname="table_vst01" name="VST01_default_variant_is_produced_correctly"/>
  </testsuite>
  <testsuite name="table_vst02" timestamp="2025-01-14T14:05:43Z" hostname="5162e69983b2" tests="4" skipped="0" failures="0" errors="0" time="1.53">
    <testcase time="1.06" classname="table_vst02" name="1._Vital_Sign_Abnormalities_Regardless_of_Abnormality_at_Baseline_VST02_1_"/>
    <testcase time="0.11099999999999" classname="table_vst02" name="1._Vital_Sign_Abnormalities_Regardless_of_Abnormality_at_Baseline_VST02_1_"/>
    <testcase time="0.260999999999996" classname="table_vst02" name="2._Vital_Sign_Abnormalities_Among_Subject_Without_Abnormality_at_Baseline_VST02_2_"/>
    <testcase time="0.0980000000000132" classname="table_vst02" name="2._Vital_Sign_Abnormalities_Among_Subject_Without_Abnormality_at_Baseline_VST02_2_"/>
  </testsuite>
</testsuites>
