<?xml version="1.0" encoding="UTF-8"?>
<testsuites>
  <testsuite name="listing_adal02" timestamp="2024-03-01T04:23:21Z" hostname="2f870bb6d899" tests="2" skipped="1" failures="0" errors="0" time="0.385">
    <testcase time="0.135999999999999" classname="listing_adal02" name="ADAL02_listing_is_produced_correctly"/>
    <testcase time="0.249000000000001" classname="listing_adal02" name="ADAL02_listing_is_produced_correctly">
      <skipped message="Reason: On CRAN ('test-listing_adal02.R:109:3')"/>
    </testcase>
  </testsuite>
  <testsuite name="listing_ael01" timestamp="2024-03-01T04:23:21Z" hostname="2f870bb6d899" tests="2" skipped="1" failures="0" errors="0" time="0.289">
    <testcase time="0.112" classname="listing_ael01" name="AEL01_listing_is_produced_correctly"/>
    <testcase time="0.177" classname="listing_ael01" name="AEL01_listing_is_produced_correctly">
      <skipped message="Reason: On CRAN ('test-listing_ael01.R:20:3')"/>
    </testcase>
  </testsuite>
  <testsuite name="listing_ael01_nollt" timestamp="2024-03-01T04:23:22Z" hostname="2f870bb6d899" tests="2" skipped="1" failures="0" errors="0" time="0.108">
    <testcase time="0.0709999999999997" classname="listing_ael01_nollt" name="AEL01_NOLLT_listing_is_produced_correctly"/>
    <testcase time="0.036999999999999" classname="listing_ael01_nollt" name="AEL01_NOLLT_listing_is_produced_correctly">
      <skipped message="Reason: On CRAN ('test-listing_ael01_nollt.R:23:3')"/>
    </testcase>
  </testsuite>
  <testsuite name="listing_ael02" timestamp="2024-03-01T04:23:22Z" hostname="2f870bb6d899" tests="1" skipped="1" failures="0" errors="0" time="0.372">
    <testcase time="0.372000000000002" classname="listing_ael02" name="AEL02_listing_is_produced_correctly">
      <skipped message="Reason: On CRAN ('test-listing_ael02.R:60:3')"/>
    </testcase>
  </testsuite>
  <testsuite name="listing_ael02_ed" timestamp="2024-03-01T04:23:22Z" hostname="2f870bb6d899" tests="1" skipped="1" failures="0" errors="0" time="0.431">
    <testcase time="0.430999999999999" classname="listing_ael02_ed" name="AEL02_ED_listing_is_produced_correctly">
      <skipped message="Reason: On CRAN ('test-listing_ael02_ed.R:77:3')"/>
    </testcase>
  </testsuite>
  <testsuite name="listing_ael03" timestamp="2024-03-01T04:23:22Z" hostname="2f870bb6d899" tests="1" skipped="1" failures="0" errors="0" time="0.369">
    <testcase time="0.369" classname="listing_ael03" name="AEL03_listing_is_produced_correctly">
      <skipped message="Reason: On CRAN ('test-listing_ael03.R:73:3')"/>
    </testcase>
  </testsuite>
  <testsuite name="listing_ael04" timestamp="2024-03-01T04:23:23Z" hostname="2f870bb6d899" tests="2" skipped="1" failures="0" errors="0" time="0.264">
    <testcase time="0.0510000000000002" classname="listing_ael04" name="AEL04_listing_is_produced_correctly"/>
    <testcase time="0.213000000000001" classname="listing_ael04" name="AEL04_listing_is_produced_correctly">
      <skipped message="Reason: On CRAN ('test-listing_ael04.R:30:3')"/>
    </testcase>
  </testsuite>
  <testsuite name="listing_cml01" timestamp="2024-03-01T04:23:23Z" hostname="2f870bb6d899" tests="2" skipped="1" failures="0" errors="0" time="0.403">
    <testcase time="0.0859999999999985" classname="listing_cml01" name="CML01_listing_is_produced_correctly"/>
    <testcase time="0.317" classname="listing_cml01" name="CML01_listing_is_produced_correctly">
      <skipped message="Reason: On CRAN ('test-listing_cml01.R:41:3')"/>
    </testcase>
  </testsuite>
  <testsuite name="listing_cml02a_gl" timestamp="2024-03-01T04:23:23Z" hostname="2f870bb6d899" tests="2" skipped="1" failures="0" errors="0" time="0.104">
    <testcase time="0.0540000000000003" classname="listing_cml02a_gl" name="CML02A_GL_listing_is_produced_correctly"/>
    <testcase time="0.0500000000000007" classname="listing_cml02a_gl" name="CML02A_GL_listing_is_produced_correctly">
      <skipped message="Reason: On CRAN ('test-listing_cml02a_gl.R:19:3')"/>
    </testcase>
  </testsuite>
  <testsuite name="listing_cml02b_gl" timestamp="2024-03-01T04:23:24Z" hostname="2f870bb6d899" tests="2" skipped="1" failures="0" errors="0" time="0.12">
    <testcase time="0.0510000000000002" classname="listing_cml02b_gl" name="CML02B_GL_listing_is_produced_correctly"/>
    <testcase time="0.0689999999999991" classname="listing_cml02b_gl" name="CML02B_GL_listing_is_produced_correctly">
      <skipped message="Reason: On CRAN ('test-listing_cml02b_gl.R:22:3')"/>
    </testcase>
  </testsuite>
  <testsuite name="listing_dsl01" timestamp="2024-03-01T04:23:24Z" hostname="2f870bb6d899" tests="2" skipped="1" failures="0" errors="0" time="0.22">
    <testcase time="0.0470000000000006" classname="listing_dsl01" name="DSL01_listing_is_produced_correctly"/>
    <testcase time="0.173" classname="listing_dsl01" name="DSL01_listing_is_produced_correctly">
      <skipped message="Reason: On CRAN ('test-listing_dsl01.R:31:3')"/>
    </testcase>
  </testsuite>
  <testsuite name="listing_dsl02" timestamp="2024-03-01T04:23:24Z" hostname="2f870bb6d899" tests="2" skipped="1" failures="0" errors="0" time="0.107">
    <testcase time="0.0519999999999996" classname="listing_dsl02" name="DSL02_listing_is_produced_correctly"/>
    <testcase time="0.0550000000000015" classname="listing_dsl02" name="DSL02_listing_is_produced_correctly">
      <skipped message="Reason: On CRAN ('test-listing_dsl02.R:37:3')"/>
    </testcase>
  </testsuite>
  <testsuite name="listing_dsur4" timestamp="2024-03-01T04:23:24Z" hostname="2f870bb6d899" tests="2" skipped="1" failures="0" errors="0" time="0.142">
    <testcase time="0.0409999999999986" classname="listing_dsur4" name="DSUR4_listing_is_produced_correctly"/>
    <testcase time="0.101000000000001" classname="listing_dsur4" name="DSUR4_listing_is_produced_correctly">
      <skipped message="Reason: On CRAN ('test-listing_dsur4.R:22:3')"/>
    </testcase>
  </testsuite>
  <testsuite name="listing_egl01" timestamp="2024-03-01T04:23:24Z" hostname="2f870bb6d899" tests="1" skipped="1" failures="0" errors="0" time="0.449">
    <testcase time="0.449" classname="listing_egl01" name="EGL01_listing_is_produced_correctly">
      <skipped message="Reason: On CRAN ('test-listing_egl01.R:61:3')"/>
    </testcase>
  </testsuite>
  <testsuite name="listing_exl01" timestamp="2024-03-01T04:23:25Z" hostname="2f870bb6d899" tests="1" skipped="1" failures="0" errors="0" time="0.291">
    <testcase time="0.291" classname="listing_exl01" name="EXL01_listing_is_produced_correctly">
      <skipped message="Reason: On CRAN ('test-listing_exl01.R:29:3')"/>
    </testcase>
  </testsuite>
  <testsuite name="listing_lbl01" timestamp="2024-03-01T04:23:25Z" hostname="2f870bb6d899" tests="1" skipped="1" failures="0" errors="0" time="1.669">
    <testcase time="1.669" classname="listing_lbl01" name="LBL01_listing_is_produced_correctly">
      <skipped message="Reason: On CRAN ('test-listing_lbl01.R:52:3')"/>
    </testcase>
  </testsuite>
  <testsuite name="listing_lbl01_rls" timestamp="2024-03-01T04:23:27Z" hostname="2f870bb6d899" tests="1" skipped="1" failures="0" errors="0" time="1.631">
    <testcase time="1.631" classname="listing_lbl01_rls" name="LBL01_RLS_listing_is_produced_correctly">
      <skipped message="Reason: On CRAN ('test-listing_lbl01_rls.R:58:3')"/>
    </testcase>
  </testsuite>
  <testsuite name="listing_lbl02a" timestamp="2024-03-01T04:23:28Z" hostname="2f870bb6d899" tests="2" skipped="1" failures="0" errors="0" time="0.402">
    <testcase time="0.177999999999997" classname="listing_lbl02a" name="LBL02A_listing_is_produced_correctly"/>
    <testcase time="0.224" classname="listing_lbl02a" name="LBL02A_listing_is_produced_correctly">
      <skipped message="Reason: On CRAN ('test-listing_lbl02a.R:50:3')"/>
    </testcase>
  </testsuite>
  <testsuite name="listing_lbl02a_rls" timestamp="2024-03-01T04:23:29Z" hostname="2f870bb6d899" tests="2" skipped="1" failures="0" errors="0" time="2.691">
    <testcase time="2.438" classname="listing_lbl02a_rls" name="LBL02A_RLS_listing_is_produced_correctly"/>
    <testcase time="0.253" classname="listing_lbl02a_rls" name="LBL02A_RLS_listing_is_produced_correctly">
      <skipped message="Reason: On CRAN ('test-listing_lbl02a_rls.R:79:3')"/>
    </testcase>
  </testsuite>
  <testsuite name="listing_lbl02b" timestamp="2024-03-01T04:23:31Z" hostname="2f870bb6d899" tests="2" skipped="1" failures="0" errors="0" time="0.495">
    <testcase time="0.251999999999999" classname="listing_lbl02b" name="LBL02B_listing_is_produced_correctly"/>
    <testcase time="0.242999999999999" classname="listing_lbl02b" name="LBL02B_listing_is_produced_correctly">
      <skipped message="Reason: On CRAN ('test-listing_lbl02b.R:56:3')"/>
    </testcase>
  </testsuite>
  <testsuite name="listing_mhl01" timestamp="2024-03-01T04:23:32Z" hostname="2f870bb6d899" tests="2" skipped="1" failures="0" errors="0" time="0.335">
    <testcase time="0.0760000000000005" classname="listing_mhl01" name="MHL01_listing_is_produced_correctly"/>
    <testcase time="0.259" classname="listing_mhl01" name="MHL01_listing_is_produced_correctly">
      <skipped message="Reason: On CRAN ('test-listing_mhl01.R:33:3')"/>
    </testcase>
  </testsuite>
  <testsuite name="listing_oncl01" timestamp="2024-03-01T04:23:32Z" hostname="2f870bb6d899" tests="1" skipped="1" failures="0" errors="0" time="0.315">
    <testcase time="0.315000000000001" classname="listing_oncl01" name="ONCL01_listing_is_produced_correctly">
      <skipped message="Reason: On CRAN ('test-listing_oncl01.R:61:3')"/>
    </testcase>
  </testsuite>
  <testsuite name="listing_pkcl01" timestamp="2024-03-01T04:23:32Z" hostname="2f870bb6d899" tests="2" skipped="1" failures="0" errors="0" time="0.233">
    <testcase time="0.0640000000000001" classname="listing_pkcl01" name="PKCL01_listing_is_produced_correctly"/>
    <testcase time="0.169" classname="listing_pkcl01" name="PKCL01_listing_is_produced_correctly">
      <skipped message="Reason: On CRAN ('test-listing_pkcl01.R:28:3')"/>
    </testcase>
  </testsuite>
  <testsuite name="listing_pkcl02" timestamp="2024-03-01T04:23:33Z" hostname="2f870bb6d899" tests="2" skipped="1" failures="0" errors="0" time="0.394">
    <testcase time="0.102" classname="listing_pkcl02" name="PKCL02_listing_is_produced_correctly"/>
    <testcase time="0.291999999999998" classname="listing_pkcl02" name="PKCL02_listing_is_produced_correctly">
      <skipped message="Reason: On CRAN ('test-listing_pkcl02.R:63:3')"/>
    </testcase>
  </testsuite>
  <testsuite name="listing_pkpl01" timestamp="2024-03-01T04:23:33Z" hostname="2f870bb6d899" tests="2" skipped="1" failures="0" errors="0" time="0.308">
    <testcase time="0.0650000000000013" classname="listing_pkpl01" name="PKPL01_listing_is_produced_correctly"/>
    <testcase time="0.242999999999999" classname="listing_pkpl01" name="PKPL01_listing_is_produced_correctly">
      <skipped message="Reason: On CRAN ('test-listing_pkpl01.R:38:3')"/>
    </testcase>
  </testsuite>
  <testsuite name="listing_pkpl02" timestamp="2024-03-01T04:23:33Z" hostname="2f870bb6d899" tests="2" skipped="1" failures="0" errors="0" time="0.27">
    <testcase time="0.0910000000000011" classname="listing_pkpl02" name="PKPL02_listing_is_produced_correctly"/>
    <testcase time="0.178999999999998" classname="listing_pkpl02" name="PKPL02_listing_is_produced_correctly">
      <skipped message="Reason: On CRAN ('test-listing_pkpl02.R:35:3')"/>
    </testcase>
  </testsuite>
  <testsuite name="listing_pkpl04" timestamp="2024-03-01T04:23:34Z" hostname="2f870bb6d899" tests="2" skipped="1" failures="0" errors="0" time="0.273">
    <testcase time="0.0770000000000017" classname="listing_pkpl04" name="PKPL04_listing_is_produced_correctly"/>
    <testcase time="0.195999999999998" classname="listing_pkpl04" name="PKPL04_listing_is_produced_correctly">
      <skipped message="Reason: On CRAN ('test-listing_pkpl04.R:50:3')"/>
    </testcase>
  </testsuite>
  <testsuite name="listing_vsl01" timestamp="2024-03-01T04:23:34Z" hostname="2f870bb6d899" tests="1" skipped="1" failures="0" errors="0" time="0.617">
    <testcase time="0.617000000000001" classname="listing_vsl01" name="VSL01_listing_is_produced_correctly">
      <skipped message="Reason: On CRAN ('test-listing_vsl01.R:83:3')"/>
    </testcase>
  </testsuite>
  <testsuite name="pagination_listing" timestamp="2024-03-01T04:23:35Z" hostname="2f870bb6d899" tests="13" skipped="0" failures="0" errors="0" time="6.453">
    <testcase time="0.0670000000000002" classname="pagination_listing" name="Direct_pagination_works_fine"/>
    <testcase time="0.635000000000002" classname="pagination_listing" name="Direct_pagination_works_fine"/>
    <testcase time="0.00499999999999901" classname="pagination_listing" name="Direct_pagination_works_fine"/>
    <testcase time="0.550000000000001" classname="pagination_listing" name="Direct_pagination_works_fine"/>
    <testcase time="1.762" classname="pagination_listing" name="Direct_pagination_works_fine"/>
    <testcase time="1.684" classname="pagination_listing" name="pagination_counts_the_right_number_of_lines_when_wrapping_on_keycols_is_present"/>
    <testcase time="0.0100000000000016" classname="pagination_listing" name="pagination_counts_the_right_number_of_lines_when_wrapping_on_keycols_is_present"/>
    <testcase time="0.00900000000000034" classname="pagination_listing" name="pagination_counts_the_right_number_of_lines_when_wrapping_on_keycols_is_present"/>
    <testcase time="0.00499999999999901" classname="pagination_listing" name="pagination_counts_the_right_number_of_lines_when_wrapping_on_keycols_is_present"/>
    <testcase time="1.706" classname="pagination_listing" name="pagination_counts_the_right_number_of_lines_when_wrapping_on_keycols_is_present"/>
    <testcase time="0.00799999999999912" classname="pagination_listing" name="pagination_counts_the_right_number_of_lines_when_wrapping_on_keycols_is_present"/>
    <testcase time="0.00700000000000145" classname="pagination_listing" name="pagination_counts_the_right_number_of_lines_when_wrapping_on_keycols_is_present"/>
    <testcase time="0.00499999999999901" classname="pagination_listing" name="pagination_counts_the_right_number_of_lines_when_wrapping_on_keycols_is_present"/>
  </testsuite>
  <testsuite name="pagination_table" timestamp="2024-03-01T04:23:43Z" hostname="2f870bb6d899" tests="21" skipped="6" failures="0" errors="0" time="18.591">
    <testcase time="2.939" classname="pagination_table" name="Direct_pagination_with_standard_values"/>
    <testcase time="0.0069999999999979" classname="pagination_table" name="Direct_pagination_with_standard_values"/>
    <testcase time="0.00500000000000256" classname="pagination_table" name="Direct_pagination_with_standard_values"/>
    <testcase time="2.054" classname="pagination_table" name="Pagination_with_specific_column_widths_and_minimum_lines_per_page"/>
    <testcase time="0.00600000000000023" classname="pagination_table" name="Pagination_with_specific_column_widths_and_minimum_lines_per_page"/>
    <testcase time="0.134999999999998" classname="pagination_table" name="Pagination_with_specific_column_widths_and_minimum_lines_per_page">
      <skipped message="Reason: On CRAN ('test-pagination_table.R:76:3')"/>
    </testcase>
    <testcase time="1.607" classname="pagination_table" name="Pagination_works_also_if_table_is_decorated"/>
    <testcase time="0.868000000000002" classname="pagination_table" name="Pagination_works_also_if_table_is_decorated"/>
    <testcase time="1.335" classname="pagination_table" name="Pagination_works_also_if_table_is_decorated"/>
    <testcase time="1.076" classname="pagination_table" name="Pagination_works_also_if_table_is_decorated"/>
    <testcase time="2.168" classname="pagination_table" name="Pagination_works_also_if_table_is_decorated"/>
    <testcase time="0.713000000000001" classname="pagination_table" name="Pagination_works_also_if_table_is_decorated"/>
    <testcase time="0.00600000000000023" classname="pagination_table" name="Pagination_works_also_if_table_is_decorated"/>
    <testcase time="0.00999999999999801" classname="pagination_table" name="Pagination_works_also_if_table_is_decorated">
      <skipped message="Reason: On CRAN ('test-pagination_table.R:126:3')"/>
    </testcase>
    <testcase time="1.063" classname="pagination_table" name="Pagination_works_for_page_types">
      <skipped message="Reason: On CRAN ('test-pagination_table.R:135:3')"/>
    </testcase>
    <testcase time="1.058" classname="pagination_table" name="Pagination_works_for_page_width_and_height">
      <skipped message="Reason: On CRAN ('test-pagination_table.R:148:3')"/>
    </testcase>
    <testcase time="1.169" classname="pagination_table" name="Pagination_works_for_page_types">
      <skipped message="Reason: On CRAN ('test-pagination_table.R:162:3')"/>
    </testcase>
    <testcase time="1.318" classname="pagination_table" name="AET04_variant_2_page_by_pagination_tests"/>
    <testcase time="0.898000000000003" classname="pagination_table" name="AET04_variant_2_page_by_pagination_tests"/>
    <testcase time="0.00300000000000011" classname="pagination_table" name="AET04_variant_2_page_by_pagination_tests"/>
    <testcase time="0.152999999999999" classname="pagination_table" name="AET04_variant_2_page_by_pagination_tests">
      <skipped message="Reason: On CRAN ('test-pagination_table.R:217:3')"/>
    </testcase>
  </testsuite>
  <testsuite name="table_adat03" timestamp="2024-03-01T04:24:00Z" hostname="2f870bb6d899" tests="2" skipped="1" failures="0" errors="0" time="0.824">
    <testcase time="0.689999999999998" classname="table_adat03" name="ADAT03_is_produced_correctly"/>
    <testcase time="0.134" classname="table_adat03" name="ADAT03_is_produced_correctly">
      <skipped message="Reason: On CRAN ('test-table_adat03.R:72:3')"/>
    </testcase>
  </testsuite>
  <testsuite name="table_aet01" timestamp="2024-03-01T04:24:00Z" hostname="2f870bb6d899" tests="8" skipped="4" failures="0" errors="0" time="2.684">
    <testcase time="0.619" classname="table_aet01" name="Safety_Summary_Variant_1_works_as_expected"/>
    <testcase time="0.129000000000005" classname="table_aet01" name="Safety_Summary_Variant_1_works_as_expected">
      <skipped message="Reason: On CRAN ('test-table_aet01.R:103:3')"/>
    </testcase>
    <testcase time="0.524999999999999" classname="table_aet01" name="Safety_Summary_Variant_2_with_Medical_Concepts_Section_works_as_expected"/>
    <testcase time="0.149000000000001" classname="table_aet01" name="Safety_Summary_Variant_2_with_Medical_Concepts_Section_works_as_expected">
      <skipped message="Reason: On CRAN ('test-table_aet01.R:170:3')"/>
    </testcase>
    <testcase time="0.427" classname="table_aet01" name="Safety_Summary_Variant_3_with_Modified_Rows_works_as_expected"/>
    <testcase time="0.0989999999999966" classname="table_aet01" name="Safety_Summary_Variant_3_with_Modified_Rows_works_as_expected">
      <skipped message="Reason: On CRAN ('test-table_aet01.R:231:3')"/>
    </testcase>
    <testcase time="0.594999999999999" classname="table_aet01" name="Safety_Summary_Variant_4_with_Rows_Counting_Events_and_Additional_Sections_works_as_expected"/>
    <testcase time="0.141000000000005" classname="table_aet01" name="Safety_Summary_Variant_4_with_Rows_Counting_Events_and_Additional_Sections_works_as_expected">
      <skipped message="Reason: On CRAN ('test-table_aet01.R:308:3')"/>
    </testcase>
  </testsuite>
  <testsuite name="table_aet01_aesi" timestamp="2024-03-01T04:24:03Z" hostname="2f870bb6d899" tests="8" skipped="4" failures="0" errors="0" time="4.07">
    <testcase time="0.463999999999999" classname="table_aet01_aesi" name="AET01_AESI_Variant_1_works_as_expected"/>
    <testcase time="0.124000000000002" classname="table_aet01_aesi" name="AET01_AESI_Variant_1_works_as_expected">
      <skipped message="Reason: On CRAN ('test-table_aet01_aesi.R:115:3')"/>
    </testcase>
    <testcase time="0.736999999999995" classname="table_aet01_aesi" name="AET01_AESI_Variant_2_works_as_expected"/>
    <testcase time="0.192" classname="table_aet01_aesi" name="AET01_AESI_Variant_2_works_as_expected">
      <skipped message="Reason: On CRAN ('test-table_aet01_aesi.R:181:3')"/>
    </testcase>
    <testcase time="1.07100000000001" classname="table_aet01_aesi" name="AET01_AESI_Variant_3_works_as_expected"/>
    <testcase time="0.284999999999997" classname="table_aet01_aesi" name="AET01_AESI_Variant_3_works_as_expected">
      <skipped message="Reason: On CRAN ('test-table_aet01_aesi.R:410:3')"/>
    </testcase>
    <testcase time="0.911000000000001" classname="table_aet01_aesi" name="AET01_AESI_Variant_4_works_as_expected"/>
    <testcase time="0.286000000000001" classname="table_aet01_aesi" name="AET01_AESI_Variant_4_works_as_expected">
      <skipped message="Reason: On CRAN ('test-table_aet01_aesi.R:550:3')"/>
    </testcase>
  </testsuite>
  <testsuite name="table_aet02" timestamp="2024-03-01T04:24:07Z" hostname="2f870bb6d899" tests="24" skipped="12" failures="0" errors="0" time="99.134">
    <testcase time="3.949" classname="table_aet02" name="AET02_variant_1_is_produced_correctly"/>
    <testcase time="2.106" classname="table_aet02" name="AET02_variant_1_is_produced_correctly">
      <skipped message="Reason: On CRAN ('test-table_aet02.R:66:3')"/>
    </testcase>
    <testcase time="4.788" classname="table_aet02" name="AET02_variant_2_is_produced_correctly"/>
    <testcase time="2.143" classname="table_aet02" name="AET02_variant_2_is_produced_correctly">
      <skipped message="Reason: On CRAN ('test-table_aet02.R:129:3')"/>
    </testcase>
    <testcase time="22.672" classname="table_aet02" name="AET02_variant_3_is_produced_correctly"/>
    <testcase time="7.30200000000001" classname="table_aet02" name="AET02_variant_3_is_produced_correctly">
      <skipped message="Reason: On CRAN ('test-table_aet02.R:195:3')"/>
    </testcase>
    <testcase time="1.23399999999999" classname="table_aet02" name="AET02_variant_4_is_produced_correctly"/>
    <testcase time="1.35299999999999" classname="table_aet02" name="AET02_variant_4_is_produced_correctly">
      <skipped message="Reason: On CRAN ('test-table_aet02.R:220:3')"/>
    </testcase>
    <testcase time="2.89500000000001" classname="table_aet02" name="AET02_variant_5_is_produced_correctly"/>
    <testcase time="1.518" classname="table_aet02" name="AET02_variant_5_is_produced_correctly">
      <skipped message="Reason: On CRAN ('test-table_aet02.R:267:3')"/>
    </testcase>
    <testcase time="3.815" classname="table_aet02" name="AET02_variant_6_is_produced_correctly"/>
    <testcase time="0.200999999999993" classname="table_aet02" name="AET02_variant_6_is_produced_correctly">
      <skipped message="Reason: On CRAN ('test-table_aet02.R:314:3')"/>
    </testcase>
    <testcase time="23.242" classname="table_aet02" name="AET02_variant_7_is_produced_correctly"/>
    <testcase time="0.313999999999993" classname="table_aet02" name="AET02_variant_7_is_produced_correctly">
      <skipped message="Reason: On CRAN ('test-table_aet02.R:377:3')"/>
    </testcase>
    <testcase time="3.94499999999999" classname="table_aet02" name="AET02_variant_8_is_produced_correctly"/>
    <testcase time="0.124000000000024" classname="table_aet02" name="AET02_variant_8_is_produced_correctly">
      <skipped message="Reason: On CRAN ('test-table_aet02.R:424:3')"/>
    </testcase>
    <testcase time="4.00099999999998" classname="table_aet02" name="AET02_variant_9_is_produced_correctly"/>
    <testcase time="0.282000000000011" classname="table_aet02" name="AET02_variant_9_is_produced_correctly">
      <skipped message="Reason: On CRAN ('test-table_aet02.R:471:3')"/>
    </testcase>
    <testcase time="4.06299999999999" classname="table_aet02" name="AET02_variant_10_is_produced_correctly"/>
    <testcase time="0.178000000000026" classname="table_aet02" name="AET02_variant_10_is_produced_correctly">
      <skipped message="Reason: On CRAN ('test-table_aet02.R:518:3')"/>
    </testcase>
    <testcase time="4.97899999999998" classname="table_aet02" name="AET02_variant_11_is_produced_correctly"/>
    <testcase time="0.0939999999999941" classname="table_aet02" name="AET02_variant_11_is_produced_correctly">
      <skipped message="Reason: On CRAN ('test-table_aet02.R:565:3')"/>
    </testcase>
    <testcase time="3.773" classname="table_aet02" name="AET02_variant_12_is_produced_correctly"/>
    <testcase time="0.163000000000011" classname="table_aet02" name="AET02_variant_12_is_produced_correctly">
      <skipped message="Reason: On CRAN ('test-table_aet02.R:611:3')"/>
    </testcase>
  </testsuite>
  <testsuite name="table_aet02_smq" timestamp="2024-03-01T04:25:46Z" hostname="2f870bb6d899" tests="4" skipped="2" failures="0" errors="0" time="0.585">
    <testcase time="0.191000000000003" classname="table_aet02_smq" name="AET02SMQ_variant_1_is_produced_correctly"/>
    <testcase time="0.0629999999999882" classname="table_aet02_smq" name="AET02SMQ_variant_1_is_produced_correctly">
      <skipped message="Reason: On CRAN ('test-table_aet02_smq.R:52:3')"/>
    </testcase>
    <testcase time="0.247000000000014" classname="table_aet02_smq" name="AET02SMQ_variant_2_is_produced_correctly"/>
    <testcase time="0.0840000000000032" classname="table_aet02_smq" name="AET02SMQ_variant_2_is_produced_correctly">
      <skipped message="Reason: On CRAN ('test-table_aet02_smq.R:91:3')"/>
    </testcase>
  </testsuite>
  <testsuite name="table_aet03" timestamp="2024-03-01T04:25:47Z" hostname="2f870bb6d899" tests="2" skipped="1" failures="0" errors="0" time="28.915">
    <testcase time="22.89" classname="table_aet03" name="AET03_variant_1_is_produced_correctly"/>
    <testcase time="6.02500000000001" classname="table_aet03" name="AET03_variant_1_is_produced_correctly">
      <skipped message="Reason: On CRAN ('test-table_aet03.R:77:3')"/>
    </testcase>
  </testsuite>
  <testsuite name="table_aet04" timestamp="2024-03-01T04:27:02Z" hostname="2f870bb6d899" tests="16" skipped="8" failures="0" errors="0" time="286.916">
    <testcase time="46.422" classname="table_aet04" name="AET04_variant_1_is_produced_correctly"/>
    <testcase time="8.797" classname="table_aet04" name="AET04_variant_1_is_produced_correctly">
      <skipped message="Reason: On CRAN ('test-table_aet04.R:105:3')"/>
    </testcase>
    <testcase time="27.66" classname="table_aet04" name="AET04_variant_2_is_produced_correctly_Fill_in_of_Treatment_Groups_"/>
    <testcase time="4.33199999999999" classname="table_aet04" name="AET04_variant_2_is_produced_correctly_Fill_in_of_Treatment_Groups_">
      <skipped message="Reason: On CRAN ('test-table_aet04.R:187:3')"/>
    </testcase>
    <testcase time="44.153" classname="table_aet04" name="AET04_variant_3_is_produced_correctly_Fill_in_of_Grades_"/>
    <testcase time="18.847" classname="table_aet04" name="AET04_variant_3_is_produced_correctly_Fill_in_of_Grades_">
      <skipped message="Reason: On CRAN ('test-table_aet04.R:266:3')"/>
    </testcase>
    <testcase time="42.324" classname="table_aet04" name="AET04_variant_4_is_produced_correctly_Collapsing_of_Grades_grades_1_2_grades_3_4_5_"/>
    <testcase time="10.662" classname="table_aet04" name="AET04_variant_4_is_produced_correctly_Collapsing_of_Grades_grades_1_2_grades_3_4_5_">
      <skipped message="Reason: On CRAN ('test-table_aet04.R:351:3')"/>
    </testcase>
    <testcase time="45.135" classname="table_aet04" name="AET04_variant_6_is_produced_correctly_with_an_Incidence_Rate_of_at_Least_5_totals_restricted_"/>
    <testcase time="11.226" classname="table_aet04" name="AET04_variant_6_is_produced_correctly_with_an_Incidence_Rate_of_at_Least_5_totals_restricted_">
      <skipped message="Reason: On CRAN ('test-table_aet04.R:462:5')"/>
    </testcase>
    <testcase time="0.230999999999995" classname="table_aet04" name="AET04_variant_8_is_produced_correctly_with_an_Incidence_Rate_of_at_Least_X_Patients_"/>
    <testcase time="9.51400000000001" classname="table_aet04" name="AET04_variant_8_is_produced_correctly_with_an_Incidence_Rate_of_at_Least_X_Patients_">
      <skipped message="Reason: On CRAN ('test-table_aet04.R:483:3')"/>
    </testcase>
    <testcase time="0.158999999999992" classname="table_aet04" name="AET04_variant_9_is_produced_correctly_with_a_Difference_in_Incidence_Rate_of_at_Least_X_"/>
    <testcase time="8.62" classname="table_aet04" name="AET04_variant_9_is_produced_correctly_with_a_Difference_in_Incidence_Rate_of_at_Least_X_">
      <skipped message="Reason: On CRAN ('test-table_aet04.R:499:3')"/>
    </testcase>
    <testcase time="0.161000000000001" classname="table_aet04" name="AET04_variant_11_is_produced_correctly_with_Incidence_Rate_of_at_Least_X_all_SOCs_w_o_preferred_terms_removed_"/>
    <testcase time="8.673" classname="table_aet04" name="AET04_variant_11_is_produced_correctly_with_Incidence_Rate_of_at_Least_X_all_SOCs_w_o_preferred_terms_removed_">
      <skipped message="Reason: On CRAN ('test-table_aet04.R:521:5')"/>
    </testcase>
  </testsuite>
  <testsuite name="table_aet04_pi" timestamp="2024-03-01T04:31:03Z" hostname="2f870bb6d899" tests="18" skipped="9" failures="0" errors="0" time="55.459">
    <testcase time="4.53799999999995" classname="table_aet04_pi" name="AET04_PI_full_table_is_produced_correctly"/>
    <testcase time="2.65000000000003" classname="table_aet04_pi" name="AET04_PI_full_table_is_produced_correctly">
      <skipped message="Reason: On CRAN ('test-table_aet04_pi.R:66:3')"/>
    </testcase>
    <testcase time="5.68200000000002" classname="table_aet04_pi" name="AET04_PI_variant_1_is_produced_correctly"/>
    <testcase time="0.310999999999979" classname="table_aet04_pi" name="AET04_PI_variant_1_is_produced_correctly">
      <skipped message="Reason: On CRAN ('test-table_aet04_pi.R:88:3')"/>
    </testcase>
    <testcase time="8.39500000000004" classname="table_aet04_pi" name="AET04_PI_variant_2_is_produced_correctly"/>
    <testcase time="0.113999999999976" classname="table_aet04_pi" name="AET04_PI_variant_2_is_produced_correctly">
      <skipped message="Reason: On CRAN ('test-table_aet04_pi.R:111:3')"/>
    </testcase>
    <testcase time="5.99000000000001" classname="table_aet04_pi" name="AET04_PI_variant_3_is_produced_correctly"/>
    <testcase time="0.170000000000016" classname="table_aet04_pi" name="AET04_PI_variant_3_is_produced_correctly">
      <skipped message="Reason: On CRAN ('test-table_aet04_pi.R:134:3')"/>
    </testcase>
    <testcase time="5.49599999999998" classname="table_aet04_pi" name="AET04_PI_variant_4_is_produced_correctly"/>
    <testcase time="0.0799999999999841" classname="table_aet04_pi" name="AET04_PI_variant_4_is_produced_correctly">
      <skipped message="Reason: On CRAN ('test-table_aet04_pi.R:158:3')"/>
    </testcase>
    <testcase time="5.60200000000003" classname="table_aet04_pi" name="AET04_PI_variant_5_is_produced_correctly"/>
    <testcase time="0.214999999999975" classname="table_aet04_pi" name="AET04_PI_variant_5_is_produced_correctly">
      <skipped message="Reason: On CRAN ('test-table_aet04_pi.R:182:3')"/>
    </testcase>
    <testcase time="6.87300000000005" classname="table_aet04_pi" name="AET04_PI_variant_6_is_produced_correctly"/>
    <testcase time="0.201999999999998" classname="table_aet04_pi" name="AET04_PI_variant_6_is_produced_correctly">
      <skipped message="Reason: On CRAN ('test-table_aet04_pi.R:233:3')"/>
    </testcase>
    <testcase time="6.90499999999997" classname="table_aet04_pi" name="AET04_PI_variant_7_is_produced_correctly"/>
    <testcase time="0.206999999999994" classname="table_aet04_pi" name="AET04_PI_variant_7_is_produced_correctly">
      <skipped message="Reason: On CRAN ('test-table_aet04_pi.R:284:3')"/>
    </testcase>
    <testcase time="1.85799999999995" classname="table_aet04_pi" name="AET04_PI_variant_8_is_produced_correctly"/>
    <testcase time="0.171000000000049" classname="table_aet04_pi" name="AET04_PI_variant_8_is_produced_correctly">
      <skipped message="Reason: On CRAN ('test-table_aet04_pi.R:318:3')"/>
    </testcase>
  </testsuite>
  <testsuite name="table_aet05" timestamp="2024-03-01T04:31:58Z" hostname="2f870bb6d899" tests="4" skipped="2" failures="0" errors="0" time="0.356">
    <testcase time="0.150999999999954" classname="table_aet05" name="AET05_variant_1_is_produced_correctly"/>
    <testcase time="0.0500000000000682" classname="table_aet05" name="AET05_variant_1_is_produced_correctly">
      <skipped message="Reason: On CRAN ('test-table_aet05.R:38:3')"/>
    </testcase>
    <testcase time="0.0869999999999891" classname="table_aet05" name="AET05_variant_2_is_produced_correctly"/>
    <testcase time="0.0679999999999836" classname="table_aet05" name="AET05_variant_2_is_produced_correctly">
      <skipped message="Reason: On CRAN ('test-table_aet05.R:53:3')"/>
    </testcase>
  </testsuite>
  <testsuite name="table_aet05_all" timestamp="2024-03-01T04:31:59Z" hostname="2f870bb6d899" tests="4" skipped="2" failures="0" errors="0" time="0.358">
    <testcase time="0.173999999999978" classname="table_aet05_all" name="AET05_ALL_variant_1_is_produced_correctly"/>
    <testcase time="0.0480000000000018" classname="table_aet05_all" name="AET05_ALL_variant_1_is_produced_correctly">
      <skipped message="Reason: On CRAN ('test-table_aet05_all.R:32:3')"/>
    </testcase>
    <testcase time="0.0860000000000127" classname="table_aet05_all" name="AET05_ALL_variant_2_is_produced_correctly"/>
    <testcase time="0.0500000000000682" classname="table_aet05_all" name="AET05_ALL_variant_2_is_produced_correctly">
      <skipped message="Reason: On CRAN ('test-table_aet05_all.R:47:3')"/>
    </testcase>
  </testsuite>
  <testsuite name="table_aet06" timestamp="2024-03-01T04:31:59Z" hostname="2f870bb6d899" tests="6" skipped="3" failures="0" errors="0" time="56.592">
    <testcase time="4.25099999999998" classname="table_aet06" name="AET06_variant_1_is_produced_correctly"/>
    <testcase time="2.548" classname="table_aet06" name="AET06_variant_1_is_produced_correctly">
      <skipped message="Reason: On CRAN ('test-table_aet06.R:97:3')"/>
    </testcase>
    <testcase time="7.26900000000001" classname="table_aet06" name="AET06_variant_3_is_produced_correctly"/>
    <testcase time="3.86099999999999" classname="table_aet06" name="AET06_variant_3_is_produced_correctly">
      <skipped message="Reason: On CRAN ('test-table_aet06.R:149:3')"/>
    </testcase>
    <testcase time="29.9019999999999" classname="table_aet06" name="AET06_variant_5_is_produced_correctly"/>
    <testcase time="8.76100000000008" classname="table_aet06" name="AET06_variant_5_is_produced_correctly">
      <skipped message="Reason: On CRAN ('test-table_aet06.R:193:3')"/>
    </testcase>
  </testsuite>
  <testsuite name="table_aet06_smq" timestamp="2024-03-01T04:32:55Z" hostname="2f870bb6d899" tests="4" skipped="2" failures="0" errors="0" time="1.436">
    <testcase time="0.55499999999995" classname="table_aet06_smq" name="AET06_SMQ_variant_1_is_produced_correctly"/>
    <testcase time="0.149000000000001" classname="table_aet06_smq" name="AET06_SMQ_variant_1_is_produced_correctly">
      <skipped message="Reason: On CRAN ('test-table_aet06_smq.R:73:3')"/>
    </testcase>
    <testcase time="0.587999999999965" classname="table_aet06_smq" name="AET06_SMQ_variant_2_is_produced_correctly"/>
    <testcase time="0.144000000000005" classname="table_aet06_smq" name="AET06_SMQ_variant_2_is_produced_correctly">
      <skipped message="Reason: On CRAN ('test-table_aet06_smq.R:160:3')"/>
    </testcase>
  </testsuite>
  <testsuite name="table_aet07" timestamp="2024-03-01T04:32:57Z" hostname="2f870bb6d899" tests="4" skipped="2" failures="0" errors="0" time="0.273">
    <testcase time="0.0940000000000509" classname="table_aet07" name="AET07_variant_1_is_produced_correctly"/>
    <testcase time="0.0339999999999918" classname="table_aet07" name="AET07_variant_1_is_produced_correctly">
      <skipped message="Reason: On CRAN ('test-table_aet07.R:49:3')"/>
    </testcase>
    <testcase time="0.100999999999999" classname="table_aet07" name="AET07_variant_2_is_produced_correctly"/>
    <testcase time="0.0439999999999827" classname="table_aet07" name="AET07_variant_2_is_produced_correctly">
      <skipped message="Reason: On CRAN ('test-table_aet07.R:78:3')"/>
    </testcase>
  </testsuite>
  <testsuite name="table_aet09" timestamp="2024-03-01T04:32:57Z" hostname="2f870bb6d899" tests="4" skipped="2" failures="0" errors="0" time="22.378">
    <testcase time="2.91899999999998" classname="table_aet09" name="AET09_variant_1_is_produced_correctly_AE_related_to_study_drug"/>
    <testcase time="1.36400000000003" classname="table_aet09" name="AET09_variant_1_is_produced_correctly_AE_related_to_study_drug">
      <skipped message="Reason: On CRAN ('test-table_aet09.R:46:3')"/>
    </testcase>
    <testcase time="14.352" classname="table_aet09" name="AET09_variant_2_is_produced_correctly_AE_related_to_study_drug_including_high_level_terms_"/>
    <testcase time="3.74300000000005" classname="table_aet09" name="AET09_variant_2_is_produced_correctly_AE_related_to_study_drug_including_high_level_terms_">
      <skipped message="Reason: On CRAN ('test-table_aet09.R:103:3')"/>
    </testcase>
  </testsuite>
  <testsuite name="table_aet09_smq" timestamp="2024-03-01T04:33:20Z" hostname="2f870bb6d899" tests="4" skipped="2" failures="0" errors="0" time="0.675">
    <testcase time="0.192999999999984" classname="table_aet09_smq" name="AET09_variant_1_AEs_related_to_study_drug_by_SMQ_is_produced_correctly"/>
    <testcase time="0.0620000000000118" classname="table_aet09_smq" name="AET09_variant_1_AEs_related_to_study_drug_by_SMQ_is_produced_correctly">
      <skipped message="Reason: On CRAN ('test-table_aet09_smq.R:69:3')"/>
    </testcase>
    <testcase time="0.319999999999936" classname="table_aet09_smq" name="AET09_variant_2_AEs_related_to_study_drug_by_SMQ_with_customized_queries_is_produced_correctly"/>
    <testcase time="0.100000000000023" classname="table_aet09_smq" name="AET09_variant_2_AEs_related_to_study_drug_by_SMQ_with_customized_queries_is_produced_correctly">
      <skipped message="Reason: On CRAN ('test-table_aet09_smq.R:128:5')"/>
    </testcase>
  </testsuite>
  <testsuite name="table_aet10" timestamp="2024-03-01T04:33:20Z" hostname="2f870bb6d899" tests="2" skipped="1" failures="0" errors="0" time="1.278">
    <testcase time="1.23699999999997" classname="table_aet10" name="AET10_default_variant_is_produced_correctly"/>
    <testcase time="0.0410000000000537" classname="table_aet10" name="AET10_default_variant_is_produced_correctly">
      <skipped message="Reason: On CRAN ('test-table_aet10.R:23:3')"/>
    </testcase>
  </testsuite>
  <testsuite name="table_aovt01" timestamp="2024-03-01T04:33:21Z" hostname="2f870bb6d899" tests="4" skipped="2" failures="0" errors="0" time="1.656">
    <testcase time="0.506999999999948" classname="table_aovt01" name="AOVT01_variant_with_single_endpoint_is_produced_correctly"/>
    <testcase time="0.0800000000000409" classname="table_aovt01" name="AOVT01_variant_with_single_endpoint_is_produced_correctly">
      <skipped message="Reason: On CRAN ('test-table_aovt01.R:33:3')"/>
    </testcase>
    <testcase time="0.894000000000005" classname="table_aovt01" name="AOVT01_variant_with_multiple_endpoints_is_produced_correctly"/>
    <testcase time="0.174999999999955" classname="table_aovt01" name="AOVT01_variant_with_multiple_endpoints_is_produced_correctly">
      <skipped message="Reason: On CRAN ('test-table_aovt01.R:52:3')"/>
    </testcase>
  </testsuite>
  <testsuite name="table_aovt02" timestamp="2024-03-01T04:33:23Z" hostname="2f870bb6d899" tests="2" skipped="1" failures="0" errors="0" time="0.576">
    <testcase time="0.495000000000005" classname="table_aovt02" name="AOVT02_is_produced_correctly"/>
    <testcase time="0.0810000000000173" classname="table_aovt02" name="AOVT02_is_produced_correctly">
      <skipped message="Reason: On CRAN ('test-table_aovt02.R:42:3')"/>
    </testcase>
  </testsuite>
  <testsuite name="table_aovt03" timestamp="2024-03-01T04:33:24Z" hostname="2f870bb6d899" tests="2" skipped="1" failures="0" errors="0" time="1.274">
    <testcase time="1.08000000000004" classname="table_aovt03" name="AOVT03_is_produced_correctly"/>
    <testcase time="0.19399999999996" classname="table_aovt03" name="AOVT03_is_produced_correctly">
      <skipped message="Reason: On CRAN ('test-table_aovt03.R:44:3')"/>
    </testcase>
  </testsuite>
  <testsuite name="table_cfbt01" timestamp="2024-03-01T04:33:25Z" hostname="2f870bb6d899" tests="2" skipped="1" failures="0" errors="0" time="0.923">
    <testcase time="0.668000000000006" classname="table_cfbt01" name="CFBT01_default_variant_is_produced_correctly"/>
    <testcase time="0.254999999999995" classname="table_cfbt01" name="CFBT01_default_variant_is_produced_correctly">
      <skipped message="Reason: On CRAN ('test-table_cfbt01.R:64:3')"/>
    </testcase>
  </testsuite>
  <testsuite name="table_cmht01" timestamp="2024-03-01T04:33:26Z" hostname="2f870bb6d899" tests="4" skipped="2" failures="0" errors="0" time="2.554">
    <testcase time="0.617000000000075" classname="table_cmht01" name="CMHT01_variant_1_is_produced_correctly"/>
    <testcase time="0.0849999999999227" classname="table_cmht01" name="CMHT01_variant_1_is_produced_correctly">
      <skipped message="Reason: On CRAN ('test-table_cmht01.R:54:3')"/>
    </testcase>
    <testcase time="1.51100000000008" classname="table_cmht01" name="CMHT01_variant_2_is_produced_correctly"/>
    <testcase time="0.340999999999894" classname="table_cmht01" name="CMHT01_variant_2_is_produced_correctly">
      <skipped message="Reason: On CRAN ('test-table_cmht01.R:114:3')"/>
    </testcase>
  </testsuite>
  <testsuite name="table_cmt01" timestamp="2024-03-01T04:33:28Z" hostname="2f870bb6d899" tests="8" skipped="4" failures="0" errors="0" time="2.063">
    <testcase time="0.432000000000016" classname="table_cmt01" name="CMT01_default_variant_Concomitant_medications_is_produced_correctly"/>
    <testcase time="0.129000000000019" classname="table_cmt01" name="CMT01_default_variant_Concomitant_medications_is_produced_correctly">
      <skipped message="Reason: On CRAN ('test-table_cmt01.R:36:3')"/>
    </testcase>
    <testcase time="0.31899999999996" classname="table_cmt01" name="CMT01_variant_1_prior_medications_is_produced_correctly"/>
    <testcase time="0.0950000000000273" classname="table_cmt01" name="CMT01_variant_1_prior_medications_is_produced_correctly">
      <skipped message="Reason: On CRAN ('test-table_cmt01.R:71:3')"/>
    </testcase>
    <testcase time="0.406000000000063" classname="table_cmt01" name="CMT01_variant_3_Concomitant_medications_is_produced_correctly"/>
    <testcase time="0.115000000000009" classname="table_cmt01" name="CMT01_variant_3_Concomitant_medications_is_produced_correctly">
      <skipped message="Reason: On CRAN ('test-table_cmt01.R:104:3')"/>
    </testcase>
    <testcase time="0.438999999999965" classname="table_cmt01" name="CMT01_variant_4_Concomitant_medications_is_produced_correctly"/>
    <testcase time="0.128000000000043" classname="table_cmt01" name="CMT01_variant_4_Concomitant_medications_is_produced_correctly">
      <skipped message="Reason: On CRAN ('test-table_cmt01.R:135:3')"/>
    </testcase>
  </testsuite>
  <testsuite name="table_cmt01a" timestamp="2024-03-01T04:33:31Z" hostname="2f870bb6d899" tests="8" skipped="4" failures="0" errors="0" time="4.349">
    <testcase time="0.971000000000004" classname="table_cmt01a" name="CMT01A_variant_1_is_produced_correctly"/>
    <testcase time="0.246999999999957" classname="table_cmt01a" name="CMT01A_variant_1_is_produced_correctly">
      <skipped message="Reason: On CRAN ('test-table_cmt01a.R:59:3')"/>
    </testcase>
    <testcase time="0.845000000000027" classname="table_cmt01a" name="CMT01A_variant_2_is_produced_correctly"/>
    <testcase time="0.217999999999961" classname="table_cmt01a" name="CMT01A_variant_2_is_produced_correctly">
      <skipped message="Reason: On CRAN ('test-table_cmt01a.R:105:3')"/>
    </testcase>
    <testcase time="0.847999999999956" classname="table_cmt01a" name="CMT01A_variant_3_is_produced_correctly"/>
    <testcase time="0.241000000000099" classname="table_cmt01a" name="CMT01A_variant_3_is_produced_correctly">
      <skipped message="Reason: On CRAN ('test-table_cmt01a.R:148:3')"/>
    </testcase>
    <testcase time="0.797999999999888" classname="table_cmt01a" name="CMT01A_variant_4_is_produced_correctly"/>
    <testcase time="0.18100000000004" classname="table_cmt01a" name="CMT01A_variant_4_is_produced_correctly">
      <skipped message="Reason: On CRAN ('test-table_cmt01a.R:193:3')"/>
    </testcase>
  </testsuite>
  <testsuite name="table_cmt01b" timestamp="2024-03-01T04:33:35Z" hostname="2f870bb6d899" tests="6" skipped="3" failures="0" errors="0" time="4.862">
    <testcase time="1.38499999999999" classname="table_cmt01b" name="CMT01B_variant_1_is_produced_correctly"/>
    <testcase time="0.351999999999975" classname="table_cmt01b" name="CMT01B_variant_1_is_produced_correctly">
      <skipped message="Reason: On CRAN ('test-table_cmt01b.R:88:3')"/>
    </testcase>
    <testcase time="0.994000000000028" classname="table_cmt01b" name="CMT01B_variant_2_is_produced_correctly"/>
    <testcase time="0.279999999999973" classname="table_cmt01b" name="CMT01B_variant_2_is_produced_correctly">
      <skipped message="Reason: On CRAN ('test-table_cmt01b.R:146:3')"/>
    </testcase>
    <testcase time="1.46000000000004" classname="table_cmt01b" name="CMT01B_variant_4_is_produced_correctly"/>
    <testcase time="0.390999999999963" classname="table_cmt01b" name="CMT01B_variant_4_is_produced_correctly">
      <skipped message="Reason: On CRAN ('test-table_cmt01b.R:219:3')"/>
    </testcase>
  </testsuite>
  <testsuite name="table_cmt02_pt" timestamp="2024-03-01T04:33:40Z" hostname="2f870bb6d899" tests="2" skipped="1" failures="0" errors="0" time="0.414">
    <testcase time="0.330000000000041" classname="table_cmt02_pt" name="CMT02_PT_default_variant_is_produced_correctly"/>
    <testcase time="0.08400000000006" classname="table_cmt02_pt" name="CMT02_PT_default_variant_is_produced_correctly">
      <skipped message="Reason: On CRAN ('test-table_cmt02_pt.R:42:3')"/>
    </testcase>
  </testsuite>
  <testsuite name="table_coxt01" timestamp="2024-03-01T04:33:40Z" hostname="2f870bb6d899" tests="8" skipped="4" failures="0" errors="0" time="2.53">
    <testcase time="0.418999999999983" classname="table_coxt01" name="1._Cox_Regression"/>
    <testcase time="0.0629999999999882" classname="table_coxt01" name="1._Cox_Regression">
      <skipped message="Reason: On CRAN ('test-table_coxt01.R:31:3')"/>
    </testcase>
    <testcase time="0.581000000000017" classname="table_coxt01" name="2._Cox_Regression_with_Interaction_Term_"/>
    <testcase time="0.09699999999998" classname="table_coxt01" name="2._Cox_Regression_with_Interaction_Term_">
      <skipped message="Reason: On CRAN ('test-table_coxt01.R:50:3')"/>
    </testcase>
    <testcase time="0.56899999999996" classname="table_coxt01" name="3._Cox_Regression_specifying_covariates_"/>
    <testcase time="0.124000000000024" classname="table_coxt01" name="3._Cox_Regression_specifying_covariates_">
      <skipped message="Reason: On CRAN ('test-table_coxt01.R:71:3')"/>
    </testcase>
    <testcase time="0.571000000000026" classname="table_coxt01" name="4._Cox_Regression_setting_strata_ties_and_alpha_level_"/>
    <testcase time="0.105999999999995" classname="table_coxt01" name="4._Cox_Regression_setting_strata_ties_and_alpha_level_">
      <skipped message="Reason: On CRAN ('test-table_coxt01.R:97:3')"/>
    </testcase>
  </testsuite>
  <testsuite name="table_coxt02" timestamp="2024-03-01T04:33:43Z" hostname="2f870bb6d899" tests="4" skipped="2" failures="0" errors="0" time="0.949">
    <testcase time="0.432999999999993" classname="table_coxt02" name="COXT02_default_variant_1_is_produced_correctly"/>
    <testcase time="0.06899999999996" classname="table_coxt02" name="COXT02_default_variant_1_is_produced_correctly">
      <skipped message="Reason: On CRAN ('test-table_coxt02.R:30:3')"/>
    </testcase>
    <testcase time="0.384999999999991" classname="table_coxt02" name="COXT02_variant_5_is_produced_correctly"/>
    <testcase time="0.0620000000000118" classname="table_coxt02" name="COXT02_variant_5_is_produced_correctly">
      <skipped message="Reason: On CRAN ('test-table_coxt02.R:48:3')"/>
    </testcase>
  </testsuite>
  <testsuite name="table_disclosures" timestamp="2024-03-01T04:33:44Z" hostname="2f870bb6d899" tests="12" skipped="6" failures="0" errors="0" time="2.614">
    <testcase time="0.288000000000011" classname="table_disclosures" name="Patient_Disposition_table_is_produced_correctly"/>
    <testcase time="0.0900000000000318" classname="table_disclosures" name="Patient_Disposition_table_is_produced_correctly">
      <skipped message="Reason: On CRAN ('test-table_disclosures.R:110:3')"/>
    </testcase>
    <testcase time="0.322000000000003" classname="table_disclosures" name="Demographic_table_is_produced_correctly"/>
    <testcase time="0.169999999999959" classname="table_disclosures" name="Demographic_table_is_produced_correctly">
      <skipped message="Reason: On CRAN ('test-table_disclosures.R:131:3')"/>
    </testcase>
    <testcase time="0.151000000000067" classname="table_disclosures" name="Enrollment_by_Country_Table_is_produced_correctly"/>
    <testcase time="0.0910000000000082" classname="table_disclosures" name="Enrollment_by_Country_Table_is_produced_correctly">
      <skipped message="Reason: On CRAN ('test-table_disclosures.R:143:3')"/>
    </testcase>
    <testcase time="0.107999999999947" classname="table_disclosures" name="Death_table_is_produced_correctly"/>
    <testcase time="0.0399999999999636" classname="table_disclosures" name="Death_table_is_produced_correctly">
      <skipped message="Reason: On CRAN ('test-table_disclosures.R:161:3')"/>
    </testcase>
    <testcase time="0.508000000000038" classname="table_disclosures" name="Table_of_Serious_Adverse_Events_is_produced_correctly_for_one_specific_treatment_arm_"/>
    <testcase time="0.0810000000000173" classname="table_disclosures" name="Table_of_Serious_Adverse_Events_is_produced_correctly_for_one_specific_treatment_arm_">
      <skipped message="Reason: On CRAN ('test-table_disclosures.R:189:3')"/>
    </testcase>
    <testcase time="0.631999999999948" classname="table_disclosures" name="Table_of_Non_Serious_Adverse_Events_is_produced_correctly"/>
    <testcase time="0.133000000000038" classname="table_disclosures" name="Table_of_Non_Serious_Adverse_Events_is_produced_correctly">
      <skipped message="Reason: On CRAN ('test-table_disclosures.R:211:3')"/>
    </testcase>
  </testsuite>
  <testsuite name="table_dmt01" timestamp="2024-03-01T04:33:48Z" hostname="2f870bb6d899" tests="10" skipped="5" failures="0" errors="0" time="3.986">
    <testcase time="1.77300000000002" classname="table_dmt01" name="DMT01_variant_1_is_produced_correctly"/>
    <testcase time="0.201000000000022" classname="table_dmt01" name="DMT01_variant_1_is_produced_correctly">
      <skipped message="Reason: On CRAN ('test-table_dmt01.R:90:3')"/>
    </testcase>
    <testcase time="0.336999999999989" classname="table_dmt01" name="DMT01_variant_2_is_produced_correctly"/>
    <testcase time="0.20799999999997" classname="table_dmt01" name="DMT01_variant_2_is_produced_correctly">
      <skipped message="Reason: On CRAN ('test-table_dmt01.R:113:3')"/>
    </testcase>
    <testcase time="0.383000000000038" classname="table_dmt01" name="DMT01_variant_3_is_produced_correctly"/>
    <testcase time="0.195999999999913" classname="table_dmt01" name="DMT01_variant_3_is_produced_correctly">
      <skipped message="Reason: On CRAN ('test-table_dmt01.R:132:3')"/>
    </testcase>
    <testcase time="0.331000000000017" classname="table_dmt01" name="DMT01_variant_4_is_produced_correctly"/>
    <testcase time="0.157000000000039" classname="table_dmt01" name="DMT01_variant_4_is_produced_correctly">
      <skipped message="Reason: On CRAN ('test-table_dmt01.R:151:3')"/>
    </testcase>
    <testcase time="0.264999999999986" classname="table_dmt01" name="DMT01_variant_5_is_produced_correctly"/>
    <testcase time="0.134999999999991" classname="table_dmt01" name="DMT01_variant_5_is_produced_correctly">
      <skipped message="Reason: On CRAN ('test-table_dmt01.R:169:3')"/>
    </testcase>
  </testsuite>
  <testsuite name="table_dort01" timestamp="2024-03-01T04:33:50Z" hostname="2f870bb6d899" tests="8" skipped="4" failures="0" errors="0" time="2.12">
    <testcase time="0.437000000000012" classname="table_dort01" name="DORT01_variant_1_is_produced_correctly"/>
    <testcase time="0.133000000000038" classname="table_dort01" name="DORT01_variant_1_is_produced_correctly">
      <skipped message="Reason: On CRAN ('test-table_dort01.R:78:3')"/>
    </testcase>
    <testcase time="0.442000000000007" classname="table_dort01" name="DORT01_variant_2_selecting_sectons_is_produced_correctly"/>
    <testcase time="0.102999999999952" classname="table_dort01" name="DORT01_variant_2_selecting_sectons_is_produced_correctly">
      <skipped message="Reason: On CRAN ('test-table_dort01.R:134:3')"/>
    </testcase>
    <testcase time="0.399000000000001" classname="table_dort01" name="DORT01_variant_3_modifying_conftype_and_alpha_level_is_produced_correctly"/>
    <testcase time="0.103000000000065" classname="table_dort01" name="DORT01_variant_3_modifying_conftype_and_alpha_level_is_produced_correctly">
      <skipped message="Reason: On CRAN ('test-table_dort01.R:190:3')"/>
    </testcase>
    <testcase time="0.396999999999935" classname="table_dort01" name="DORT01_variant_4_modifying_time_point_for_the_xx_duration_is_produced_correctly"/>
    <testcase time="0.105999999999995" classname="table_dort01" name="DORT01_variant_4_modifying_time_point_for_the_xx_duration_is_produced_correctly">
      <skipped message="Reason: On CRAN ('test-table_dort01.R:244:3')"/>
    </testcase>
  </testsuite>
  <testsuite name="table_dst01" timestamp="2024-03-01T04:33:52Z" hostname="2f870bb6d899" tests="4" skipped="2" failures="0" errors="0" time="0.752">
    <testcase time="0.216000000000008" classname="table_dst01" name="DST01_default_variant_is_produced_correctly"/>
    <testcase time="0.0940000000000509" classname="table_dst01" name="DST01_default_variant_is_produced_correctly">
      <skipped message="Reason: On CRAN ('test-table_dst01.R:44:3')"/>
    </testcase>
    <testcase time="0.337999999999965" classname="table_dst01" name="DST01_variants_2_and_3_are_produced_correctly"/>
    <testcase time="0.104000000000042" classname="table_dst01" name="DST01_variants_2_and_3_are_produced_correctly">
      <skipped message="Reason: On CRAN ('test-table_dst01.R:69:3')"/>
    </testcase>
  </testsuite>
  <testsuite name="table_dtht01" timestamp="2024-03-01T04:33:53Z" hostname="2f870bb6d899" tests="8" skipped="4" failures="0" errors="0" time="1.584">
    <testcase time="0.197999999999979" classname="table_dtht01" name="DTHT01_variant_1_is_produced_correctly"/>
    <testcase time="0.0670000000000073" classname="table_dtht01" name="DTHT01_variant_1_is_produced_correctly">
      <skipped message="Reason: On CRAN ('test-table_dtht01.R:23:3')"/>
    </testcase>
    <testcase time="0.40300000000002" classname="table_dtht01" name="DTHT01_variant_2_is_produced_correctly"/>
    <testcase time="0.177999999999997" classname="table_dtht01" name="DTHT01_variant_2_is_produced_correctly">
      <skipped message="Reason: On CRAN ('test-table_dtht01.R:60:3')"/>
    </testcase>
    <testcase time="0.251999999999953" classname="table_dtht01" name="DTHT01_variant_3_is_produced_correctly"/>
    <testcase time="0.0800000000000409" classname="table_dtht01" name="DTHT01_variant_3_is_produced_correctly">
      <skipped message="Reason: On CRAN ('test-table_dtht01.R:104:3')"/>
    </testcase>
    <testcase time="0.300999999999931" classname="table_dtht01" name="DTHT01_variant_4_is_produced_correctly"/>
    <testcase time="0.105000000000018" classname="table_dtht01" name="DTHT01_variant_4_is_produced_correctly">
      <skipped message="Reason: On CRAN ('test-table_dtht01.R:158:3')"/>
    </testcase>
  </testsuite>
  <testsuite name="table_egt01" timestamp="2024-03-01T04:33:55Z" hostname="2f870bb6d899" tests="2" skipped="1" failures="0" errors="0" time="2.384">
    <testcase time="1.702" classname="table_egt01" name="EGT01_default_variant_is_produced_correctly"/>
    <testcase time="0.682000000000016" classname="table_egt01" name="EGT01_default_variant_is_produced_correctly">
      <skipped message="Reason: On CRAN ('test-table_egt01.R:54:3')"/>
    </testcase>
  </testsuite>
  <testsuite name="table_egt02" timestamp="2024-03-01T04:33:57Z" hostname="2f870bb6d899" tests="4" skipped="2" failures="0" errors="0" time="0.83">
    <testcase time="0.446000000000026" classname="table_egt02" name="_EGT02_1._Regardless_of_Abnormality_at_Baseline"/>
    <testcase time="0.0739999999999554" classname="table_egt02" name="_EGT02_1._Regardless_of_Abnormality_at_Baseline">
      <skipped message="Reason: On CRAN ('test-table_egt02.R:35:3')"/>
    </testcase>
    <testcase time="0.236999999999966" classname="table_egt02" name="_EGT02_2._Among_Subjects_Without_Abnormality_at_Baseline"/>
    <testcase time="0.0730000000000928" classname="table_egt02" name="_EGT02_2._Among_Subjects_Without_Abnormality_at_Baseline">
      <skipped message="Reason: On CRAN ('test-table_egt02.R:55:3')"/>
    </testcase>
  </testsuite>
  <testsuite name="table_egt03" timestamp="2024-03-01T04:33:58Z" hostname="2f870bb6d899" tests="8" skipped="4" failures="0" errors="0" time="1.886">
    <testcase time="0.370999999999981" classname="table_egt03" name="EGT03_variant_1_is_produced_correctly"/>
    <testcase time="0.130999999999972" classname="table_egt03" name="EGT03_variant_1_is_produced_correctly">
      <skipped message="Reason: On CRAN ('test-table_egt03.R:50:3')"/>
    </testcase>
    <testcase time="0.303999999999974" classname="table_egt03" name="EGT03_variant_2_is_produced_correctly"/>
    <testcase time="0.118000000000052" classname="table_egt03" name="EGT03_variant_2_is_produced_correctly">
      <skipped message="Reason: On CRAN ('test-table_egt03.R:91:3')"/>
    </testcase>
    <testcase time="0.331000000000017" classname="table_egt03" name="EGT03_variant_3_is_produced_correctly"/>
    <testcase time="0.134999999999991" classname="table_egt03" name="EGT03_variant_3_is_produced_correctly">
      <skipped message="Reason: On CRAN ('test-table_egt03.R:132:3')"/>
    </testcase>
    <testcase time="0.326999999999998" classname="table_egt03" name="EGT03_variant_4_is_produced_correctly"/>
    <testcase time="0.168999999999983" classname="table_egt03" name="EGT03_variant_4_is_produced_correctly">
      <skipped message="Reason: On CRAN ('test-table_egt03.R:179:3')"/>
    </testcase>
  </testsuite>
  <testsuite name="table_egt04" timestamp="2024-03-01T04:34:00Z" hostname="2f870bb6d899" tests="2" skipped="1" failures="0" errors="0" time="0.377">
    <testcase time="0.254000000000019" classname="table_egt04" name="EGT04_default_variant_is_produced_correctly"/>
    <testcase time="0.122999999999934" classname="table_egt04" name="EGT04_default_variant_is_produced_correctly">
      <skipped message="Reason: On CRAN ('test-table_egt04.R:51:3')"/>
    </testcase>
  </testsuite>
  <testsuite name="table_egt05_qtcat" timestamp="2024-03-01T04:34:00Z" hostname="2f870bb6d899" tests="2" skipped="1" failures="0" errors="0" time="1.266">
    <testcase time="0.865999999999985" classname="table_egt05_qtcat" name="EGT05_QTCAT_default_variant_is_produced_correctly"/>
    <testcase time="0.400000000000091" classname="table_egt05_qtcat" name="EGT05_QTCAT_default_variant_is_produced_correctly">
      <skipped message="Reason: On CRAN ('test-table_egt05_qtcat.R:83:3')"/>
    </testcase>
  </testsuite>
  <testsuite name="table_ent" timestamp="2024-03-01T04:34:01Z" hostname="2f870bb6d899" tests="8" skipped="4" failures="0" errors="0" time="21.47">
    <testcase time="5.98599999999999" classname="table_ent" name="ENT01_IT_is_produced_correctly"/>
    <testcase time="0.765999999999963" classname="table_ent" name="ENT01_IT_is_produced_correctly">
      <skipped message="Reason: On CRAN ('test-table_ent.R:24:3')"/>
    </testcase>
    <testcase time="3.45899999999995" classname="table_ent" name="ENT01a_IT_is_produced_correctly"/>
    <testcase time="0.720000000000027" classname="table_ent" name="ENT01a_IT_is_produced_correctly">
      <skipped message="Reason: On CRAN ('test-table_ent.R:40:3')"/>
    </testcase>
    <testcase time="5.40300000000002" classname="table_ent" name="ENT02_IT_is_produced_correctly"/>
    <testcase time="0.782000000000039" classname="table_ent" name="ENT02_IT_is_produced_correctly">
      <skipped message="Reason: On CRAN ('test-table_ent.R:61:3')"/>
    </testcase>
    <testcase time="3.61099999999999" classname="table_ent" name="ENT02a_IT_is_produced_correctly"/>
    <testcase time="0.742999999999938" classname="table_ent" name="ENT02a_IT_is_produced_correctly">
      <skipped message="Reason: On CRAN ('test-table_ent.R:79:3')"/>
    </testcase>
  </testsuite>
  <testsuite name="table_eudrat01" timestamp="2024-03-01T04:34:23Z" hostname="2f870bb6d899" tests="2" skipped="1" failures="0" errors="0" time="0.85">
    <testcase time="0.727000000000089" classname="table_eudrat01" name="EUDRAT01_is_produced_correctly"/>
    <testcase time="0.122999999999934" classname="table_eudrat01" name="EUDRAT01_is_produced_correctly">
      <skipped message="Reason: On CRAN ('test-table_eudrat01.R:77:3')"/>
    </testcase>
  </testsuite>
  <testsuite name="table_eudrat02" timestamp="2024-03-01T04:34:24Z" hostname="2f870bb6d899" tests="2" skipped="1" failures="0" errors="0" time="0.658">
    <testcase time="0.575000000000045" classname="table_eudrat02" name="EUDRAT02_is_produced_correctly"/>
    <testcase time="0.08299999999997" classname="table_eudrat02" name="EUDRAT02_is_produced_correctly">
      <skipped message="Reason: On CRAN ('test-table_eudrat02.R:44:3')"/>
    </testcase>
  </testsuite>
  <testsuite name="table_ext01" timestamp="2024-03-01T04:34:25Z" hostname="2f870bb6d899" tests="6" skipped="3" failures="0" errors="0" time="2.332">
    <testcase time="0.575000000000045" classname="table_ext01" name="EXT01_default_variant_with_numeric_parameters_is_produced_correctly"/>
    <testcase time="0.250999999999976" classname="table_ext01" name="EXT01_default_variant_with_numeric_parameters_is_produced_correctly">
      <skipped message="Reason: On CRAN ('test-table_ext01.R:71:3')"/>
    </testcase>
    <testcase time="0.419999999999959" classname="table_ext01" name="EXT01_variant_with_both_numeric_and_categorical_parameters"/>
    <testcase time="0.259999999999991" classname="table_ext01" name="EXT01_variant_with_both_numeric_and_categorical_parameters">
      <skipped message="Reason: On CRAN ('test-table_ext01.R:115:3')"/>
    </testcase>
    <testcase time="0.5150000000001" classname="table_ext01" name="EXT01_variant_with_user_specified_categories_for_missed_doses"/>
    <testcase time="0.310999999999922" classname="table_ext01" name="EXT01_variant_with_user_specified_categories_for_missed_doses">
      <skipped message="Reason: On CRAN ('test-table_ext01.R:164:3')"/>
    </testcase>
  </testsuite>
  <testsuite name="table_lbt01" timestamp="2024-03-01T04:34:29Z" hostname="2f870bb6d899" tests="2" skipped="1" failures="0" errors="0" time="4.091">
    <testcase time="3.43100000000004" classname="table_lbt01" name="LBT01_default_variant_is_produced_correctly"/>
    <testcase time="0.659999999999968" classname="table_lbt01" name="LBT01_default_variant_is_produced_correctly">
      <skipped message="Reason: On CRAN ('test-table_lbt01.R:55:3')"/>
    </testcase>
  </testsuite>
  <testsuite name="table_lbt02" timestamp="2024-03-01T04:34:31Z" hostname="2f870bb6d899" tests="2" skipped="1" failures="0" errors="0" time="2.06">
    <testcase time="1.35300000000007" classname="table_lbt02" name="LBT02_default_variant_is_produced_correctly"/>
    <testcase time="0.706999999999994" classname="table_lbt02" name="LBT02_default_variant_is_produced_correctly">
      <skipped message="Reason: On CRAN ('test-table_lbt02.R:18:3')"/>
    </testcase>
  </testsuite>
  <testsuite name="table_lbt03" timestamp="2024-03-01T04:34:33Z" hostname="2f870bb6d899" tests="2" skipped="1" failures="0" errors="0" time="0.4">
    <testcase time="0.288000000000011" classname="table_lbt03" name="LBT03_default_variant_is_produced_correctly"/>
    <testcase time="0.111999999999966" classname="table_lbt03" name="LBT03_default_variant_is_produced_correctly">
      <skipped message="Reason: On CRAN ('test-table_lbt03.R:29:3')"/>
    </testcase>
  </testsuite>
  <testsuite name="table_lbt04" timestamp="2024-03-01T04:34:35Z" hostname="2f870bb6d899" tests="2" skipped="1" failures="0" errors="0" time="4.692">
    <testcase time="4.06499999999994" classname="table_lbt04" name="LBT04_default_variant_is_produced_correctly"/>
    <testcase time="0.627000000000066" classname="table_lbt04" name="LBT04_default_variant_is_produced_correctly">
      <skipped message="Reason: On CRAN ('test-table_lbt04.R:34:3')"/>
    </testcase>
  </testsuite>
  <testsuite name="table_lbt05" timestamp="2024-03-01T04:34:40Z" hostname="2f870bb6d899" tests="6" skipped="3" failures="0" errors="0" time="28.983">
    <testcase time="9.73000000000002" classname="table_lbt05" name="LBT05_variant_1_is_produced_correctly"/>
    <testcase time="1.54099999999994" classname="table_lbt05" name="LBT05_variant_1_is_produced_correctly">
      <skipped message="Reason: On CRAN ('test-table_lbt05.R:85:3')"/>
    </testcase>
    <testcase time="6.98800000000006" classname="table_lbt05" name="LBT05_variant_2_is_produced_correctly"/>
    <testcase time="2.30799999999999" classname="table_lbt05" name="LBT05_variant_2_is_produced_correctly">
      <skipped message="Reason: On CRAN ('test-table_lbt05.R:107:3')"/>
    </testcase>
    <testcase time="7.33100000000002" classname="table_lbt05" name="LBT05_variant_4_is_produced_correctly"/>
    <testcase time="1.08499999999992" classname="table_lbt05" name="LBT05_variant_4_is_produced_correctly">
      <skipped message="Reason: On CRAN ('test-table_lbt05.R:131:3')"/>
    </testcase>
  </testsuite>
  <testsuite name="table_lbt06" timestamp="2024-03-01T04:35:07Z" hostname="2f870bb6d899" tests="2" skipped="1" failures="0" errors="0" time="0.741">
    <testcase time="0.524000000000001" classname="table_lbt06" name="LBT06_default_variant_is_produced_correctly"/>
    <testcase time="0.217000000000098" classname="table_lbt06" name="LBT06_default_variant_is_produced_correctly">
      <skipped message="Reason: On CRAN ('test-table_lbt06.R:32:3')"/>
    </testcase>
  </testsuite>
  <testsuite name="table_lbt07" timestamp="2024-03-01T04:35:09Z" hostname="2f870bb6d899" tests="2" skipped="1" failures="0" errors="0" time="5.679">
    <testcase time="5.05799999999999" classname="table_lbt07" name="LBT07_is_produced_correctly"/>
    <testcase time="0.620999999999981" classname="table_lbt07" name="LBT07_is_produced_correctly">
      <skipped message="Reason: On CRAN ('test-table_lbt07.R:87:3')"/>
    </testcase>
  </testsuite>
  <testsuite name="table_lbt08" timestamp="2024-03-01T04:35:13Z" hostname="2f870bb6d899" tests="2" skipped="1" failures="0" errors="0" time="0.726">
    <testcase time="0.545999999999935" classname="table_lbt08" name="LBT08_produce_correctly"/>
    <testcase time="0.180000000000064" classname="table_lbt08" name="LBT08_produce_correctly">
      <skipped message="Reason: On CRAN ('test-table_lbt08.R:43:3')"/>
    </testcase>
  </testsuite>
  <testsuite name="table_lbt09" timestamp="2024-03-01T04:35:14Z" hostname="2f870bb6d899" tests="4" skipped="2" failures="0" errors="0" time="2.573">
    <testcase time="1.18600000000004" classname="table_lbt09" name="LBT09_variant_1_works_as_expected"/>
    <testcase time="0.317000000000007" classname="table_lbt09" name="LBT09_variant_1_works_as_expected">
      <skipped message="Reason: On CRAN ('test-table_lbt09.R:107:3')"/>
    </testcase>
    <testcase time="0.812999999999988" classname="table_lbt09" name="LBT09_variant_2_works_as_expected"/>
    <testcase time="0.256999999999948" classname="table_lbt09" name="LBT09_variant_2_works_as_expected">
      <skipped message="Reason: On CRAN ('test-table_lbt09.R:138:3')"/>
    </testcase>
  </testsuite>
  <testsuite name="table_lbt10" timestamp="2024-03-01T04:35:17Z" hostname="2f870bb6d899" tests="4" skipped="2" failures="0" errors="0" time="0.679">
    <testcase time="0.379999999999995" classname="table_lbt10" name="LBT10_variant_1_works_as_expected"/>
    <testcase time="0.0629999999999882" classname="table_lbt10" name="LBT10_variant_1_works_as_expected">
      <skipped message="Reason: On CRAN ('test-table_lbt10.R:45:3')"/>
    </testcase>
    <testcase time="0.190000000000055" classname="table_lbt10" name="LBT10_variant_2_works_as_expected"/>
    <testcase time="0.0460000000000491" classname="table_lbt10" name="LBT10_variant_2_works_as_expected">
      <skipped message="Reason: On CRAN ('test-table_lbt10.R:69:3')"/>
    </testcase>
  </testsuite>
  <testsuite name="table_lbt10_bl" timestamp="2024-03-01T04:35:17Z" hostname="2f870bb6d899" tests="4" skipped="2" failures="0" errors="0" time="0.945">
    <testcase time="0.668999999999983" classname="table_lbt10_bl" name="LBT10_BL_variant_1_works_as_expected"/>
    <testcase time="0.0620000000000118" classname="table_lbt10_bl" name="LBT10_BL_variant_1_works_as_expected">
      <skipped message="Reason: On CRAN ('test-table_lbt10_bl.R:45:3')"/>
    </testcase>
    <testcase time="0.166999999999916" classname="table_lbt10_bl" name="LBT10_BL_variant_2_works_as_expected"/>
    <testcase time="0.0470000000000255" classname="table_lbt10_bl" name="LBT10_BL_variant_2_works_as_expected">
      <skipped message="Reason: On CRAN ('test-table_lbt10_bl.R:69:3')"/>
    </testcase>
  </testsuite>
  <testsuite name="table_lbt11" timestamp="2024-03-01T04:35:18Z" hostname="2f870bb6d899" tests="6" skipped="3" failures="0" errors="0" time="1.041">
    <testcase time="0.297000000000025" classname="table_lbt11" name="LBT11_variant_1_works_as_expected"/>
    <testcase time="0.0979999999999563" classname="table_lbt11" name="LBT11_variant_1_works_as_expected">
      <skipped message="Reason: On CRAN ('test-table_lbt11.R:60:3')"/>
    </testcase>
    <testcase time="0.157000000000039" classname="table_lbt11" name="LBT11_variant_2_works_as_expected"/>
    <testcase time="0.0760000000000218" classname="table_lbt11" name="LBT11_variant_2_works_as_expected">
      <skipped message="Reason: On CRAN ('test-table_lbt11.R:77:3')"/>
    </testcase>
    <testcase time="0.294999999999959" classname="table_lbt11" name="LBT11_variant_3_works_as_expected"/>
    <testcase time="0.118000000000052" classname="table_lbt11" name="LBT11_variant_3_works_as_expected">
      <skipped message="Reason: On CRAN ('test-table_lbt11.R:110:3')"/>
    </testcase>
  </testsuite>
  <testsuite name="table_lbt11_bl" timestamp="2024-03-01T04:35:19Z" hostname="2f870bb6d899" tests="6" skipped="3" failures="0" errors="0" time="1.047">
    <testcase time="0.293999999999983" classname="table_lbt11_bl" name="LBT11_BL_variant_1_works_as_expected"/>
    <testcase time="0.110000000000014" classname="table_lbt11_bl" name="LBT11_BL_variant_1_works_as_expected">
      <skipped message="Reason: On CRAN ('test-table_lbt11_bl.R:60:3')"/>
    </testcase>
    <testcase time="0.149000000000001" classname="table_lbt11_bl" name="LBT11_BL_variant_2_works_as_expected"/>
    <testcase time="0.0769999999999982" classname="table_lbt11_bl" name="LBT11_BL_variant_2_works_as_expected">
      <skipped message="Reason: On CRAN ('test-table_lbt11_bl.R:77:3')"/>
    </testcase>
    <testcase time="0.297000000000025" classname="table_lbt11_bl" name="LBT11_BL_variant_3_works_as_expected"/>
    <testcase time="0.120000000000005" classname="table_lbt11_bl" name="LBT11_BL_variant_3_works_as_expected">
      <skipped message="Reason: On CRAN ('test-table_lbt11_bl.R:110:3')"/>
    </testcase>
  </testsuite>
  <testsuite name="table_lbt12" timestamp="2024-03-01T04:35:20Z" hostname="2f870bb6d899" tests="2" skipped="1" failures="0" errors="0" time="0.595">
    <testcase time="0.509999999999991" classname="table_lbt12" name="LBT12_works_as_expected"/>
    <testcase time="0.0849999999999227" classname="table_lbt12" name="LBT12_works_as_expected">
      <skipped message="Reason: On CRAN ('test-table_lbt12.R:50:3')"/>
    </testcase>
  </testsuite>
  <testsuite name="table_lbt12_bl" timestamp="2024-03-01T04:35:21Z" hostname="2f870bb6d899" tests="2" skipped="1" failures="0" errors="0" time="0.601">
    <testcase time="0.512000000000057" classname="table_lbt12_bl" name="LBT12_BL_works_as_expected"/>
    <testcase time="0.0889999999999418" classname="table_lbt12_bl" name="LBT12_BL_works_as_expected">
      <skipped message="Reason: On CRAN ('test-table_lbt12_bl.R:50:3')"/>
    </testcase>
  </testsuite>
  <testsuite name="table_lbt13" timestamp="2024-03-01T04:35:24Z" hostname="2f870bb6d899" tests="10" skipped="5" failures="0" errors="0" time="4.309">
    <testcase time="2.36700000000008" classname="table_lbt13" name="LBT13_variant_1_LOW_works_as_expected"/>
    <testcase time="0.0979999999999563" classname="table_lbt13" name="LBT13_variant_1_LOW_works_as_expected">
      <skipped message="Reason: On CRAN ('test-table_lbt13.R:85:3')"/>
    </testcase>
    <testcase time="0.197000000000003" classname="table_lbt13" name="LBT13_variant_2_HIGH_works_as_expected"/>
    <testcase time="0.0520000000000209" classname="table_lbt13" name="LBT13_variant_2_HIGH_works_as_expected">
      <skipped message="Reason: On CRAN ('test-table_lbt13.R:157:3')"/>
    </testcase>
    <testcase time="0.341999999999985" classname="table_lbt13" name="LBT13_variant_3_LOW_without_baseline_missing_works_as_expected"/>
    <testcase time="0.0860000000000127" classname="table_lbt13" name="LBT13_variant_3_LOW_without_baseline_missing_works_as_expected">
      <skipped message="Reason: On CRAN ('test-table_lbt13.R:229:3')"/>
    </testcase>
    <testcase time="0.210000000000036" classname="table_lbt13" name="LBT13_variant_4_HIGH_with_missing_baseline_considered_as_grade_0_works_as_expected"/>
    <testcase time="0.0519999999999072" classname="table_lbt13" name="LBT13_variant_4_HIGH_with_missing_baseline_considered_as_grade_0_works_as_expected">
      <skipped message="Reason: On CRAN ('test-table_lbt13.R:300:3')"/>
    </testcase>
    <testcase time="0.636000000000081" classname="table_lbt13" name="LBT14_variant_5_HIGH_with_filled_in_grades_works_as_expected"/>
    <testcase time="0.269000000000005" classname="table_lbt13" name="LBT14_variant_5_HIGH_with_filled_in_grades_works_as_expected">
      <skipped message="Reason: On CRAN ('test-table_lbt13.R:374:3')"/>
    </testcase>
  </testsuite>
  <testsuite name="table_lbt14" timestamp="2024-03-01T04:35:28Z" hostname="2f870bb6d899" tests="10" skipped="5" failures="0" errors="0" time="129.212">
    <testcase time="27.394" classname="table_lbt14" name="LBT14_variant_1_HIGH_works_as_expected"/>
    <testcase time="1.39599999999996" classname="table_lbt14" name="LBT14_variant_1_HIGH_works_as_expected">
      <skipped message="Reason: On CRAN ('test-table_lbt14.R:64:3')"/>
    </testcase>
    <testcase time="25.362" classname="table_lbt14" name="LBT14_variant_2_LOW_works_as_expected"/>
    <testcase time="1.09900000000005" classname="table_lbt14" name="LBT14_variant_2_LOW_works_as_expected">
      <skipped message="Reason: On CRAN ('test-table_lbt14.R:117:3')"/>
    </testcase>
    <testcase time="8.18799999999999" classname="table_lbt14" name="LBT14_variant_3_LOW_without_baseline_missing_works_as_expected"/>
    <testcase time="0.731999999999971" classname="table_lbt14" name="LBT14_variant_3_LOW_without_baseline_missing_works_as_expected">
      <skipped message="Reason: On CRAN ('test-table_lbt14.R:170:3')"/>
    </testcase>
    <testcase time="23.818" classname="table_lbt14" name="LBT14_variant_4_LOW_and_force_1_missing_both_baseline_and_post_baseline_then_force_the_missing_baseline_as_0_as_expected"/>
    <testcase time="0.498000000000047" classname="table_lbt14" name="LBT14_variant_4_LOW_and_force_1_missing_both_baseline_and_post_baseline_then_force_the_missing_baseline_as_0_as_expected">
      <skipped message="Reason: On CRAN ('test-table_lbt14.R:222:3')"/>
    </testcase>
    <testcase time="25.314" classname="table_lbt14" name="LBT14_variant_5_HIGH_with_fillings_works_as_expected"/>
    <testcase time="15.4110000000001" classname="table_lbt14" name="LBT14_variant_5_HIGH_with_fillings_works_as_expected">
      <skipped message="Reason: On CRAN ('test-table_lbt14.R:274:3')"/>
    </testcase>
  </testsuite>
  <testsuite name="table_lbt15" timestamp="2024-03-01T04:37:35Z" hostname="2f870bb6d899" tests="4" skipped="2" failures="0" errors="0" time="3.681">
    <testcase time="1.798" classname="table_lbt15" name="LBT15_variant_1_works_as_expected"/>
    <testcase time="0.324999999999932" classname="table_lbt15" name="LBT15_variant_1_works_as_expected">
      <skipped message="Reason: On CRAN ('test-table_lbt15.R:82:3')"/>
    </testcase>
    <testcase time="1.23500000000001" classname="table_lbt15" name="LBT15_variant_2_works_as_expected"/>
    <testcase time="0.322999999999979" classname="table_lbt15" name="LBT15_variant_2_works_as_expected">
      <skipped message="Reason: On CRAN ('test-table_lbt15.R:89:3')"/>
    </testcase>
  </testsuite>
  <testsuite name="table_lgrt02" timestamp="2024-03-01T04:37:39Z" hostname="2f870bb6d899" tests="8" skipped="4" failures="0" errors="0" time="4.033">
    <testcase time="0.767000000000053" classname="table_lgrt02" name="LGRT02_without_interaction_term_is_produced_correctly"/>
    <testcase time="0.148000000000025" classname="table_lgrt02" name="LGRT02_without_interaction_term_is_produced_correctly">
      <skipped message="Reason: On CRAN ('test-table_lgrt02.R:52:3')"/>
    </testcase>
    <testcase time="0.932999999999993" classname="table_lgrt02" name="LGRT02_with_categorical_interaction_is_produced_correctly"/>
    <testcase time="0.192000000000007" classname="table_lgrt02" name="LGRT02_with_categorical_interaction_is_produced_correctly">
      <skipped message="Reason: On CRAN ('test-table_lgrt02.R:78:3')"/>
    </testcase>
    <testcase time="0.919999999999959" classname="table_lgrt02" name="LGRT02_with_continuous_interaction_is_produced_correctly"/>
    <testcase time="0.190000000000055" classname="table_lgrt02" name="LGRT02_with_continuous_interaction_is_produced_correctly">
      <skipped message="Reason: On CRAN ('test-table_lgrt02.R:104:3')"/>
    </testcase>
    <testcase time="0.736999999999966" classname="table_lgrt02" name="LGRT02_with_setting_values_indicating_an_event_and_custom_alpha_level_is_produced_correctly"/>
    <testcase time="0.145999999999958" classname="table_lgrt02" name="LGRT02_with_setting_values_indicating_an_event_and_custom_alpha_level_is_produced_correctly">
      <skipped message="Reason: On CRAN ('test-table_lgrt02.R:130:3')"/>
    </testcase>
  </testsuite>
  <testsuite name="table_mht01" timestamp="2024-03-01T04:37:43Z" hostname="2f870bb6d899" tests="8" skipped="4" failures="0" errors="0" time="2.07">
    <testcase time="0.494000000000028" classname="table_mht01" name="MHT01_variant_1_is_produced_accurately"/>
    <testcase time="0.147000000000048" classname="table_mht01" name="MHT01_variant_1_is_produced_accurately">
      <skipped message="Reason: On CRAN ('test-table_mht01.R:49:3')"/>
    </testcase>
    <testcase time="0.150999999999954" classname="table_mht01" name="MHT01_variant_2_is_produced_accurately"/>
    <testcase time="0.0710000000000264" classname="table_mht01" name="MHT01_variant_2_is_produced_accurately">
      <skipped message="Reason: On CRAN ('test-table_mht01.R:60:3')"/>
    </testcase>
    <testcase time="0.390999999999963" classname="table_mht01" name="MHT01_variant_3_is_produced_accurately"/>
    <testcase time="0.126999999999953" classname="table_mht01" name="MHT01_variant_3_is_produced_accurately">
      <skipped message="Reason: On CRAN ('test-table_mht01.R:92:3')"/>
    </testcase>
    <testcase time="0.508000000000038" classname="table_mht01" name="MHT01_variant_5_is_produced_accurately"/>
    <testcase time="0.18100000000004" classname="table_mht01" name="MHT01_variant_5_is_produced_accurately">
      <skipped message="Reason: On CRAN ('test-table_mht01.R:130:3')"/>
    </testcase>
  </testsuite>
  <testsuite name="table_onct05" timestamp="2024-03-01T04:37:45Z" hostname="2f870bb6d899" tests="8" skipped="4" failures="0" errors="0" time="2.572">
    <testcase time="0.602999999999952" classname="table_onct05" name="ONCT05_variant_1_Objective_Response_Rate_by_Subgroup_is_produced_correctly"/>
    <testcase time="0.11200000000008" classname="table_onct05" name="ONCT05_variant_1_Objective_Response_Rate_by_Subgroup_is_produced_correctly">
      <skipped message="Reason: On CRAN ('test-table_onct05.R:33:3')"/>
    </testcase>
    <testcase time="0.630999999999972" classname="table_onct05" name="ONCT05_variant_2_Specifying_class_variables_is_produced_correctly"/>
    <testcase time="0.106999999999971" classname="table_onct05" name="ONCT05_variant_2_Specifying_class_variables_is_produced_correctly">
      <skipped message="Reason: On CRAN ('test-table_onct05.R:57:3')"/>
    </testcase>
    <testcase time="0.308999999999969" classname="table_onct05" name="ONCT05_variant_3_selecting_columns_and_changing_the_alpha_level_is_produced_correctly"/>
    <testcase time="0.0729999999999791" classname="table_onct05" name="ONCT05_variant_3_selecting_columns_and_changing_the_alpha_level_is_produced_correctly">
      <skipped message="Reason: On CRAN ('test-table_onct05.R:75:3')"/>
    </testcase>
    <testcase time="0.638000000000034" classname="table_onct05" name="ONCT05_variant_4_setting_values_indicating_response_is_produced_correctly"/>
    <testcase time="0.0990000000000464" classname="table_onct05" name="ONCT05_variant_4_setting_values_indicating_response_is_produced_correctly">
      <skipped message="Reason: On CRAN ('test-table_onct05.R:96:3')"/>
    </testcase>
  </testsuite>
  <testsuite name="table_pdt01" timestamp="2024-03-01T04:37:48Z" hostname="2f870bb6d899" tests="2" skipped="1" failures="0" errors="0" time="0.585">
    <testcase time="0.399000000000001" classname="table_pdt01" name="PDT01_is_produced_correctly"/>
    <testcase time="0.185999999999922" classname="table_pdt01" name="PDT01_is_produced_correctly">
      <skipped message="Reason: On CRAN ('test-table_pdt01.R:40:3')"/>
    </testcase>
  </testsuite>
  <testsuite name="table_pdt02" timestamp="2024-03-01T04:37:48Z" hostname="2f870bb6d899" tests="2" skipped="1" failures="0" errors="0" time="0.296">
    <testcase time="0.227000000000089" classname="table_pdt02" name="PDT02_is_produced_correctly"/>
    <testcase time="0.06899999999996" classname="table_pdt02" name="PDT02_is_produced_correctly">
      <skipped message="Reason: On CRAN ('test-table_pdt02.R:43:3')"/>
    </testcase>
  </testsuite>
  <testsuite name="table_pkct01" timestamp="2024-03-01T04:37:48Z" hostname="2f870bb6d899" tests="4" skipped="2" failures="0" errors="0" time="1.793">
    <testcase time="0.389999999999986" classname="table_pkct01" name="PKCT01_is_produced_correctly"/>
    <testcase time="0.0720000000000027" classname="table_pkct01" name="PKCT01_is_produced_correctly">
      <skipped message="Reason: On CRAN ('test-table_pkct01.R:18:3')"/>
    </testcase>
    <testcase time="1.12099999999998" classname="table_pkct01" name="Specific_PKCT01_features_are_present"/>
    <testcase time="0.210000000000036" classname="table_pkct01" name="Specific_PKCT01_features_are_present">
      <skipped message="Reason: On CRAN ('test-table_pkct01.R:120:3')"/>
    </testcase>
  </testsuite>
  <testsuite name="table_pkpt02" timestamp="2024-03-01T04:37:50Z" hostname="2f870bb6d899" tests="2" skipped="1" failures="0" errors="0" time="0.784">
    <testcase time="0.487999999999943" classname="table_pkpt02" name="PKPT02_is_produced_correctly_for_Drug_X"/>
    <testcase time="0.296000000000049" classname="table_pkpt02" name="PKPT02_is_produced_correctly_for_Drug_X">
      <skipped message="Reason: On CRAN ('test-table_pkpt02.R:44:3')"/>
    </testcase>
  </testsuite>
  <testsuite name="table_pkpt03" timestamp="2024-03-01T04:37:51Z" hostname="2f870bb6d899" tests="2" skipped="1" failures="0" errors="0" time="1.61">
    <testcase time="1.39099999999996" classname="table_pkpt03" name="PKPT03_Drug_X_is_produced_correctly"/>
    <testcase time="0.219000000000051" classname="table_pkpt03" name="PKPT03_Drug_X_is_produced_correctly">
      <skipped message="Reason: On CRAN ('test-table_pkpt03.R:69:3')"/>
    </testcase>
  </testsuite>
  <testsuite name="table_pkpt04" timestamp="2024-03-01T04:37:53Z" hostname="2f870bb6d899" tests="4" skipped="2" failures="0" errors="0" time="0.789">
    <testcase time="0.285999999999945" classname="table_pkpt04" name="PKPT04_is_produced_correctly_for_Drug_X"/>
    <testcase time="0.149000000000001" classname="table_pkpt04" name="PKPT04_is_produced_correctly_for_Drug_X">
      <skipped message="Reason: On CRAN ('test-table_pkpt04.R:42:3')"/>
    </testcase>
    <testcase time="0.22300000000007" classname="table_pkpt04" name="PKPT04_is_produced_correctly_for_Drug_Y"/>
    <testcase time="0.130999999999972" classname="table_pkpt04" name="PKPT04_is_produced_correctly_for_Drug_Y">
      <skipped message="Reason: On CRAN ('test-table_pkpt04.R:55:3')"/>
    </testcase>
  </testsuite>
  <testsuite name="table_pkpt05" timestamp="2024-03-01T04:37:53Z" hostname="2f870bb6d899" tests="4" skipped="2" failures="0" errors="0" time="1.434">
    <testcase time="0.79200000000003" classname="table_pkpt05" name="PKPT05_Drug_X_is_produced_correctly"/>
    <testcase time="0.127999999999929" classname="table_pkpt05" name="PKPT05_Drug_X_is_produced_correctly">
      <skipped message="Reason: On CRAN ('test-table_pkpt05.R:66:3')"/>
    </testcase>
    <testcase time="0.427999999999997" classname="table_pkpt05" name="PKPT05_Drug_Y_is_produced_correctly"/>
    <testcase time="0.0860000000000127" classname="table_pkpt05" name="PKPT05_Drug_Y_is_produced_correctly">
      <skipped message="Reason: On CRAN ('test-table_pkpt05.R:81:3')"/>
    </testcase>
  </testsuite>
  <testsuite name="table_pkpt06" timestamp="2024-03-01T04:37:55Z" hostname="2f870bb6d899" tests="4" skipped="2" failures="0" errors="0" time="0.347">
    <testcase time="0.13900000000001" classname="table_pkpt06" name="PKPT06_is_produced_correctly_for_Drug_X"/>
    <testcase time="0.0550000000000637" classname="table_pkpt06" name="PKPT06_is_produced_correctly_for_Drug_X">
      <skipped message="Reason: On CRAN ('test-table_pkpt06.R:48:3')"/>
    </testcase>
    <testcase time="0.0879999999999654" classname="table_pkpt06" name="PKPT06_is_produced_correctly_for_Drug_Y"/>
    <testcase time="0.0649999999999409" classname="table_pkpt06" name="PKPT06_is_produced_correctly_for_Drug_Y">
      <skipped message="Reason: On CRAN ('test-table_pkpt06.R:61:3')"/>
    </testcase>
  </testsuite>
  <testsuite name="table_pkpt07" timestamp="2024-03-01T04:37:55Z" hostname="2f870bb6d899" tests="4" skipped="2" failures="0" errors="0" time="0.614">
    <testcase time="0.295000000000073" classname="table_pkpt07" name="PKPT07_Drug_X_is_produced_correctly"/>
    <testcase time="0.101999999999975" classname="table_pkpt07" name="PKPT07_Drug_X_is_produced_correctly">
      <skipped message="Reason: On CRAN ('test-table_pkpt07.R:73:3')"/>
    </testcase>
    <testcase time="0.158999999999992" classname="table_pkpt07" name="PKPT07_Drug_Y_is_produced_correctly"/>
    <testcase time="0.0579999999999927" classname="table_pkpt07" name="PKPT07_Drug_Y_is_produced_correctly">
      <skipped message="Reason: On CRAN ('test-table_pkpt07.R:88:3')"/>
    </testcase>
  </testsuite>
  <testsuite name="table_ratet01" timestamp="2024-03-01T04:37:56Z" hostname="2f870bb6d899" tests="2" skipped="1" failures="0" errors="0" time="1.105">
    <testcase time="0.944000000000074" classname="table_ratet01" name="RATET01_is_produced_correctly"/>
    <testcase time="0.160999999999945" classname="table_ratet01" name="RATET01_is_produced_correctly">
      <skipped message="Reason: On CRAN ('test-table_ratet01.R:66:3')"/>
    </testcase>
  </testsuite>
  <testsuite name="table_rmpt01" timestamp="2024-03-01T04:37:57Z" hostname="2f870bb6d899" tests="2" skipped="1" failures="0" errors="0" time="0.263">
    <testcase time="0.216000000000008" classname="table_rmpt01" name="RMPT01_is_produced_correctly"/>
    <testcase time="0.0470000000000255" classname="table_rmpt01" name="RMPT01_is_produced_correctly">
      <skipped message="Reason: On CRAN ('test-table_rmpt01.R:58:3')"/>
    </testcase>
  </testsuite>
  <testsuite name="table_rmpt03" timestamp="2024-03-01T04:37:57Z" hostname="2f870bb6d899" tests="4" skipped="2" failures="0" errors="0" time="0.692">
    <testcase time="0.31899999999996" classname="table_rmpt03" name="RMPT03_variant_1_is_produced_correctly"/>
    <testcase time="0.0639999999999645" classname="table_rmpt03" name="RMPT03_variant_1_is_produced_correctly">
      <skipped message="Reason: On CRAN ('test-table_rmpt03.R:67:3')"/>
    </testcase>
    <testcase time="0.241000000000099" classname="table_rmpt03" name="RMPT03_variant_2_is_produced_correctly"/>
    <testcase time="0.0679999999999836" classname="table_rmpt03" name="RMPT03_variant_2_is_produced_correctly">
      <skipped message="Reason: On CRAN ('test-table_rmpt03.R:91:3')"/>
    </testcase>
  </testsuite>
  <testsuite name="table_rmpt04" timestamp="2024-03-01T04:37:58Z" hostname="2f870bb6d899" tests="2" skipped="1" failures="0" errors="0" time="0.287">
    <testcase time="0.216000000000008" classname="table_rmpt04" name="RMPT04_variant_1_is_produced_correctly"/>
    <testcase time="0.0709999999999127" classname="table_rmpt04" name="RMPT04_variant_1_is_produced_correctly">
      <skipped message="Reason: On CRAN ('test-table_rmpt04.R:50:3')"/>
    </testcase>
  </testsuite>
  <testsuite name="table_rmpt05" timestamp="2024-03-01T04:37:58Z" hostname="2f870bb6d899" tests="2" skipped="1" failures="0" errors="0" time="0.302">
    <testcase time="0.238000000000056" classname="table_rmpt05" name="RMPT05_is_produced_correctly"/>
    <testcase time="0.0639999999999645" classname="table_rmpt05" name="RMPT05_is_produced_correctly">
      <skipped message="Reason: On CRAN ('test-table_rmpt05.R:49:3')"/>
    </testcase>
  </testsuite>
  <testsuite name="table_rmpt06" timestamp="2024-03-01T04:37:58Z" hostname="2f870bb6d899" tests="8" skipped="4" failures="0" errors="0" time="2.173">
    <testcase time="0.480999999999995" classname="table_rmpt06" name="RMPT06_variant_1_is_produced_correctly"/>
    <testcase time="0.136000000000081" classname="table_rmpt06" name="RMPT06_variant_1_is_produced_correctly">
      <skipped message="Reason: On CRAN ('test-table_rmpt06.R:99:3')"/>
    </testcase>
    <testcase time="0.311999999999898" classname="table_rmpt06" name="RMPT06_variant_2_is_produced_correctly"/>
    <testcase time="0.0850000000000364" classname="table_rmpt06" name="RMPT06_variant_2_is_produced_correctly">
      <skipped message="Reason: On CRAN ('test-table_rmpt06.R:148:3')"/>
    </testcase>
    <testcase time="0.442999999999984" classname="table_rmpt06" name="RMPT06_variant_3_is_produced_correctly"/>
    <testcase time="0.125" classname="table_rmpt06" name="RMPT06_variant_3_is_produced_correctly">
      <skipped message="Reason: On CRAN ('test-table_rmpt06.R:211:3')"/>
    </testcase>
    <testcase time="0.44500000000005" classname="table_rmpt06" name="RMPT06_variant_4_is_produced_correctly"/>
    <testcase time="0.145999999999958" classname="table_rmpt06" name="RMPT06_variant_4_is_produced_correctly">
      <skipped message="Reason: On CRAN ('test-table_rmpt06.R:277:3')"/>
    </testcase>
  </testsuite>
  <testsuite name="table_rspt01" timestamp="2024-03-01T04:38:01Z" hostname="2f870bb6d899" tests="12" skipped="6" failures="0" errors="0" time="3.356">
    <testcase time="0.438999999999965" classname="table_rspt01" name="RSPT01_1._Best_Overall_Response"/>
    <testcase time="0.119000000000028" classname="table_rspt01" name="RSPT01_1._Best_Overall_Response">
      <skipped message="Reason: On CRAN ('test-table_rspt01.R:46:3')"/>
    </testcase>
    <testcase time="0.388000000000034" classname="table_rspt01" name="RSPT01_2._Best_Overall_Response_selecting_sections_to_display_"/>
    <testcase time="0.115999999999985" classname="table_rspt01" name="RSPT01_2._Best_Overall_Response_selecting_sections_to_display_">
      <skipped message="Reason: On CRAN ('test-table_rspt01.R:73:3')"/>
    </testcase>
    <testcase time="0.505999999999972" classname="table_rspt01" name="RSPT01_3._Best_Overall_Response_modifying_settings_"/>
    <testcase time="0.115000000000009" classname="table_rspt01" name="RSPT01_3._Best_Overall_Response_modifying_settings_">
      <skipped message="Reason: On CRAN ('test-table_rspt01.R:116:3')"/>
    </testcase>
    <testcase time="0.537000000000035" classname="table_rspt01" name="RSPT01_4._Best_Overall_Response_with_stratified_analysis_"/>
    <testcase time="0.163000000000011" classname="table_rspt01" name="RSPT01_4._Best_Overall_Response_with_stratified_analysis_">
      <skipped message="Reason: On CRAN ('test-table_rspt01.R:166:3')"/>
    </testcase>
    <testcase time="0.418999999999983" classname="table_rspt01" name="RSPT01_5._Best_Overall_Response_modifying_the_definition_of_overall_response_"/>
    <testcase time="0.120999999999981" classname="table_rspt01" name="RSPT01_5._Best_Overall_Response_modifying_the_definition_of_overall_response_">
      <skipped message="Reason: On CRAN ('test-table_rspt01.R:198:3')"/>
    </testcase>
    <testcase time="0.335000000000036" classname="table_rspt01" name="RSPT01_6._Best_Overall_Response_define_new_sections_to_display_"/>
    <testcase time="0.0979999999999563" classname="table_rspt01" name="RSPT01_6._Best_Overall_Response_define_new_sections_to_display_">
      <skipped message="Reason: On CRAN ('test-table_rspt01.R:248:3')"/>
    </testcase>
  </testsuite>
  <testsuite name="table_ttet01" timestamp="2024-03-01T04:38:04Z" hostname="2f870bb6d899" tests="14" skipped="7" failures="0" errors="0" time="4.914">
    <testcase time="0.918999999999983" classname="table_ttet01" name="TTET01_default_variant_is_produced_correctly"/>
    <testcase time="0.197000000000003" classname="table_ttet01" name="TTET01_default_variant_is_produced_correctly">
      <skipped message="Reason: On CRAN ('test-table_ttet01.R:79:3')"/>
    </testcase>
    <testcase time="0.578999999999951" classname="table_ttet01" name="TTET01_default_variant_with_Placebo_arm"/>
    <testcase time="0.192999999999984" classname="table_ttet01" name="TTET01_default_variant_with_Placebo_arm">
      <skipped message="Reason: On CRAN ('test-table_ttet01.R:140:3')"/>
    </testcase>
    <testcase time="0.298000000000002" classname="table_ttet01" name="TTET01_variant_2_selecting_sections_to_display"/>
    <testcase time="0.123000000000047" classname="table_ttet01" name="TTET01_variant_2_selecting_sections_to_display">
      <skipped message="Reason: On CRAN ('test-table_ttet01.R:185:3')"/>
    </testcase>
    <testcase time="0.445999999999913" classname="table_ttet01" name="TTET01_variant_3_modifying_analysis_details_like_conftype_ties_alpha_level"/>
    <testcase time="0.151000000000067" classname="table_ttet01" name="TTET01_variant_3_modifying_analysis_details_like_conftype_ties_alpha_level">
      <skipped message="Reason: On CRAN ('test-table_ttet01.R:251:3')"/>
    </testcase>
    <testcase time="0.504999999999995" classname="table_ttet01" name="TTET01_variant_4_with_stratified_analysis"/>
    <testcase time="0.184999999999945" classname="table_ttet01" name="TTET01_variant_4_with_stratified_analysis">
      <skipped message="Reason: On CRAN ('test-table_ttet01.R:312:3')"/>
    </testcase>
    <testcase time="0.442000000000007" classname="table_ttet01" name="TTET01_variant_5_modifying_time_point"/>
    <testcase time="0.152000000000044" classname="table_ttet01" name="TTET01_variant_5_modifying_time_point">
      <skipped message="Reason: On CRAN ('test-table_ttet01.R:367:3')"/>
    </testcase>
    <testcase time="0.561000000000035" classname="table_ttet01" name="TTET01_variant_6_requesting_more_than_one_p_value"/>
    <testcase time="0.163000000000011" classname="table_ttet01" name="TTET01_variant_6_requesting_more_than_one_p_value">
      <skipped message="Reason: On CRAN ('test-table_ttet01.R:440:3')"/>
    </testcase>
  </testsuite>
  <testsuite name="table_vst01" timestamp="2024-03-01T04:38:09Z" hostname="2f870bb6d899" tests="2" skipped="1" failures="0" errors="0" time="1.466">
    <testcase time="1.09699999999998" classname="table_vst01" name="VST01_default_variant_is_produced_correctly"/>
    <testcase time="0.368999999999915" classname="table_vst01" name="VST01_default_variant_is_produced_correctly">
      <skipped message="Reason: On CRAN ('test-table_vst01.R:99:3')"/>
    </testcase>
  </testsuite>
  <testsuite name="table_vst02" timestamp="2024-03-01T04:38:10Z" hostname="2f870bb6d899" tests="4" skipped="2" failures="0" errors="0" time="1.275">
    <testcase time="0.581000000000017" classname="table_vst02" name="1._Vital_Sign_Abnormalities_Regardless_of_Abnormality_at_Baseline_VST02_1_"/>
    <testcase time="0.128000000000043" classname="table_vst02" name="1._Vital_Sign_Abnormalities_Regardless_of_Abnormality_at_Baseline_VST02_1_">
      <skipped message="Reason: On CRAN ('test-table_vst02.R:33:3')"/>
    </testcase>
    <testcase time="0.438999999999965" classname="table_vst02" name="2._Vital_Sign_Abnormalities_Among_Subject_Without_Abnormality_at_Baseline_VST02_2_"/>
    <testcase time="0.127000000000066" classname="table_vst02" name="2._Vital_Sign_Abnormalities_Among_Subject_Without_Abnormality_at_Baseline_VST02_2_">
      <skipped message="Reason: On CRAN ('test-table_vst02.R:51:3')"/>
    </testcase>
  </testsuite>
</testsuites>
